1735167478
0.1 0.24 9.23 106949

1735167479
0.99 0.39 9.2 4177

1735167480
0.99 0.39 9.2 9311

1735167481
0.99 0.41 9.14 30546

1735167482
0.99 0.41 9.14 3950

1735167484
1.17 0.47 9.09 49420

1735167485
1.17 0.47 9.09 77801

1735167486
2.05 0.65 9.07 60524

1735167487
2.05 0.65 9.07 47711

1735167488
2.22 0.72 9.03 31801

1735167489
2.22 0.72 9.03 54369

1735167490
2.54 0.83 8.99 111064

1735167491
3.35 1.03 8.98 68812

1735167492
3.35 1.03 8.98 53524

1735167493
4.37 1.29 8.98 141116

1735167494
4.37 1.29 8.98 88548

1735167495
4.67 1.45 8.96 38332

1735167496
4.67 1.45 8.96 15018

1735167497
4.18 1.47 8.91 39389

1735167498
4.18 1.47 8.91 28505

1735167499
4.87 1.68 8.91 196891

1735167500
4.87 1.68 8.91 405719

1735167501
8.16 2.38 9.0 18589

1735167502
8.16 2.38 9.0 33392

1735167503
7.04 2.36 8.95 27197

1735167504
7.04 2.36 8.95 21604

1735167505
5.94 2.32 8.9 11247

1735167506
5.94 2.32 8.9 12301

1735167507
4.87 2.24 8.84 12008

1735167508
4.87 2.24 8.84 13256

1735167509
4.16 2.2 8.78 16612

1735167510
4.16 2.2 8.78 13919

1735167512
3.59 2.16 8.73 9407

1735167513
2.94 2.09 8.67 19125

1735167514
2.94 2.09 8.67 13470

1735167515
2.59 2.06 8.62 6023

1735167516
2.59 2.06 8.62 4050

1735167517
2.12 1.99 8.56 5062

1735167518
1.73 1.92 8.5 16300

1735167520
1.73 1.92 8.5 121

1735167521
1.42 1.86 8.44 17960

1735167522
1.42 1.86 8.44 17127

1735167523
1.34 1.83 8.39 16327

1735167525
1.34 1.83 8.39 4826

1735167526
1.1 1.77 8.33 1739

1735167527
1.1 1.77 8.33 56182

1735167528
1.44 1.81 8.3 16556

1735167529
1.36 1.78 8.25 15685

1735167530
1.36 1.78 8.25 11800

1735167531
1.29 1.76 8.2 68558

1735167532
1.29 1.76 8.2 70879

1735167533
3.05 2.06 8.22 182318

1735167534
3.05 2.06 8.22 293349

1735167535
6.85 2.78 8.32 147294

1735167536
6.85 2.78 8.32 401093

1735167537
10.86 3.64 8.46 187069

1735167538
10.86 3.64 8.46 257116

1735167539
13.78 4.4 8.59 307868

1735167540
13.78 4.4 8.59 432404

1735167541
17.44 5.37 8.77 253841

1735167542
17.44 5.37 8.77 329452

1735167543
23.16 6.8 9.04 663966

1735167545
23.16 6.8 9.04 652654

1735167546
31.1 8.77 9.44 706888

1735167547
31.1 8.77 9.44 671030

1735167547
36.88 10.54 9.8 617576

1735167548
36.88 10.54 9.8 555594

1735167549
39.8 11.93 10.1 648183

1735167550
39.8 11.93 10.1 340639

1735167551
38.02 12.52 10.24 118445

1735167552
38.02 12.52 10.24 149646

1735167553
33.67 12.57 10.26 119788

1735167554
33.67 12.57 10.26 127193

1735167555
29.74 12.55 10.27 123873

1735167556
29.74 12.55 10.27 77101

1735167557
27.8 12.76 10.33 317113

1735167558
27.8 12.76 10.33 368207

1735167559
30.01 13.65 10.54 470127

1735167560
30.01 13.65 10.54 644139

1735167561
34.71 15.04 10.85 460027

1735167562
34.71 15.04 10.85 292917

1735167563
31.69 15.13 10.9 75217

1735167564
31.69 15.13 10.9 98613

1735167565
27.94 15.0 10.9 133199

1735167566
27.94 15.0 10.9 81537

1735167568
24.32 14.77 10.88 82639

1735167568
24.32 14.77 10.88 95959

1735167569
21.18 14.52 10.85 52854

1735167570
21.18 14.52 10.85 89714

1735167571
19.16 14.37 10.85 116955

1735167572
19.16 14.37 10.85 235764

1735167573
20.76 14.81 10.96 402158

1735167574
20.76 14.81 10.96 484491

1735167575
24.06 15.6 11.15 226401

1735167576
24.06 15.6 11.15 65248

1735167577
20.61 15.26 11.11 49006

1735167578
20.61 15.26 11.11 40665

1735167579
18.14 14.99 11.08 101617

1735167580
18.14 14.99 11.08 109016

1735167581
16.48 14.79 11.07 80003

1735167582
16.48 14.79 11.07 88175

1735167583
14.95 14.57 11.05 76925

1735167584
14.95 14.57 11.05 52221

1735167585
12.96 14.22 11.0 33417

1735167586
12.96 14.22 11.0 39205

1735167587
11.16 13.85 10.94 33766

1735167588
11.16 13.85 10.94 65008

1735167589
9.86 13.53 10.9 16226

1735167590
9.86 13.53 10.9 9528

1735167591
8.07 13.09 10.82 5205

1735167592
8.07 13.09 10.82 21740

1735167593
8.07 13.09 10.82 77114

1735167594
7.51 12.82 10.78 44668

1735167595
7.51 12.82 10.78 63469

1735167596
7.06 12.57 10.74 133676

1735167597
7.41 12.45 10.73 69936

1735167598
7.41 12.45 10.73 54758

1735167599
7.41 12.45 10.73 69463

1735167600
7.33 12.27 10.7 104125

1735167601
7.33 12.27 10.7 92175

1735167602
7.64 12.16 10.69 62656

1735167603
7.64 12.16 10.69 370874

1735167605
10.24 12.49 10.77 650774

1735167605
10.24 12.49 10.77 690042

1735167606
20.52 14.27 11.15 650665

1735167607
20.52 14.27 11.15 216262

1735167608
24.23 15.14 11.36 172255

1735167609
24.23 15.14 11.36 47777

1735167610
21.65 14.98 11.35 345722

1735167611
21.65 14.98 11.35 202719

1735167612
23.16 15.47 11.48 200327

1735167613
23.16 15.47 11.48 98386

1735167614
21.14 15.35 11.48 54779

1735167615
21.14 15.35 11.48 107436

1735167616
18.58 15.08 11.45 75762

1735167617
16.3 14.78 11.41 70394

1735167618
16.3 14.78 11.41 65963

1735167619
14.25 14.46 11.37 46147

1735167620
14.25 14.46 11.37 101701

1735167621
14.25 14.46 11.37 92121

1735167622
13.48 14.32 11.36 87391

1735167623
13.03 14.21 11.36 149164

1735167624
13.03 14.21 11.36 83818

1735167625
13.03 14.21 11.36 65955

1735167626
12.12 14.0 11.33 64743

1735167627
12.12 14.0 11.33 23041

1735167628
10.46 13.64 11.27 22332

1735167629
10.46 13.64 11.27 159263

1735167630
10.2 13.49 11.26 29370

1735167631
8.89 13.15 11.2 34046

1735167632
8.89 13.15 11.2 108149

1735167633
8.89 13.15 11.2 14223

1735167634
8.37 12.91 11.17 17743

1735167635
7.03 12.52 11.1 20782

1735167636
7.03 12.52 11.1 6806

1735167637
7.03 12.52 11.1 8589

1735167638
5.76 12.11 11.02 34431

1735167639
5.76 12.11 11.02 22493

1735167640
5.08 11.78 10.96 21974

1735167641
5.08 11.78 10.96 41571

1735167642
4.7 11.49 10.9 34423

1735167643
4.7 11.49 10.9 35005

1735167644
4.39 11.21 10.85 51880

1735167645
4.39 11.21 10.85 9700

1735167646
3.96 10.91 10.79 33246

1735167647
3.96 10.91 10.79 35192

1735167648
3.78 10.65 10.74 39079

1735167649
3.78 10.65 10.74 6899

1735167650
3.28 10.34 10.67 22136

1735167651
3.28 10.34 10.67 14624

1735167652
2.86 10.03 10.6 23404

1735167653
2.86 10.03 10.6 30800

1735167654
2.71 9.77 10.54 27197

1735167655
2.71 9.77 10.54 30523

1735167656
2.58 9.51 10.48 41905

1735167657
2.58 9.51 10.48 58560

1735167658
3.92 9.53 10.48 249962

1735167659
3.92 9.53 10.48 23289

1735167660
4.66 9.48 10.46 5931

1735167661
4.66 9.48 10.46 10913

1735167662
3.81 9.17 10.39 13990

1735167663
3.48 8.93 10.33 31559

1735167664
3.48 8.93 10.33 12290

1735167665
3.48 8.93 10.33 22431

1735167666
3.03 8.67 10.27 67927

1735167667
3.03 8.67 10.27 34997

1735167668
3.39 8.55 10.23 37300

1735167669
3.39 8.55 10.23 17213

1735167670
3.14 8.34 10.18 17226

1735167671
3.14 8.34 10.18 29230

1735167672
2.93 8.13 10.12 15324

1735167673
2.93 8.13 10.12 14555

1735167674
2.58 7.9 10.06 54711

1735167675
2.58 7.9 10.06 30959

1735167676
2.83 7.77 10.02 25401

1735167677
2.83 7.77 10.02 39716

1735167678
2.86 7.61 9.97 47328

1735167679
2.86 7.61 9.97 96315

1735167680
3.61 7.59 9.95 70714

1735167681
3.61 7.59 9.95 123559

1735167682
4.77 7.67 9.95 77560

1735167683
4.77 7.67 9.95 76899

1735167684
5.17 7.65 9.93 95769

1735167685
5.17 7.65 9.93 106055

1735167686
6.05 7.73 9.93 176508

1735167687
6.05 7.73 9.93 412638

1735167688
10.02 8.39 10.05 212554

1735167689
10.02 8.39 10.05 137470

1735167690
11.1 8.64 10.09 37764

1735167691
11.1 8.64 10.09 83686

1735167692
10.18 8.55 10.07 63578

1735167693
10.18 8.55 10.07 69978

1735167694
9.78 8.53 10.05 194028

1735167695
9.78 8.53 10.05 145896

1735167696
10.91 8.78 10.09 185348

1735167697
10.91 8.78 10.09 219218

1735167698
12.55 9.14 10.16 362839

1735167699
12.55 9.14 10.16 771030

1735167700
22.05 10.97 10.54 866459

1735167701
22.05 10.97 10.54 927738

1735167702
34.54 13.59 11.09 872328

1735167703
34.54 13.59 11.09 427815

1735167704
38.61 15.01 11.4 323544

1735167705
38.61 15.01 11.4 248415

1735167706
36.69 15.43 11.51 458234

1735167707
36.69 15.43 11.51 390605

1735167708
38.74 16.5 11.76 802118

1735167709
38.74 16.5 11.76 785316

1735167711
46.03 18.55 12.22 744976

1735167711
46.03 18.55 12.22 705452

1735167712
50.73 20.29 12.63 724876

1735167714
50.73 20.29 12.63 728305

1735167714
54.04 21.89 13.02 427736

1735167715
54.04 21.89 13.02 516588

1735167716
52.58 22.68 13.24 696266

1735167717
52.58 22.68 13.24 339183

1735167718
51.93 23.54 13.49 229883

1735167719
51.93 23.54 13.49 235168

1735167720
46.33 23.45 13.54 282939

1735167721
46.33 23.45 13.54 232053

1735167722
42.83 23.57 13.63 205920

1735167723
42.83 23.57 13.63 76785

1735167724
37.06 23.16 13.61 153741

1735167725
37.06 23.16 13.61 204781

1735167726
33.79 23.02 13.65 231536

1735167727
33.79 23.02 13.65 219660

1735167728
31.47 22.96 13.7 118210

1735167729
31.47 22.96 13.7 100279

1735167730
27.4 22.5 13.67 113451

1735167731
23.34 21.93 13.61 31466

1735167732
23.34 21.93 13.61 32913

1735167733
23.34 21.93 13.61 48954

1735167734
20.02 21.37 13.55 44069

1735167735
20.02 21.37 13.55 30694

1735167737
17.11 20.8 13.48 337763

1735167738
19.81 21.17 13.61 464475

1735167739
19.81 21.17 13.61 201101

1735167740
19.12 21.0 13.63 405194

1735167741
19.12 21.0 13.63 382154

1735167742
23.26 21.69 13.82 533460

1735167744
23.26 21.69 13.82 132269

1735167745
24.3 21.93 13.93 90045

1735167746
20.62 21.34 13.86 156025

1735167747
20.62 21.34 13.86 501626

1735167748
24.13 21.95 14.04 884667

1735167749
29.54 23.0 14.31 366152

1735167750
29.54 23.0 14.31 12404

1735167751
29.81 23.26 14.42 833985

1735167752
29.81 23.26 14.42 457535

1735167753
33.46 24.14 14.67 362441

1735167754
33.46 24.14 14.67 40711

1735167755
33.46 24.14 14.67 63686

1735167756
28.49 23.54 14.61 16827

1735167757
26.77 23.39 14.64 385563

1735167758
26.77 23.39 14.64 285765

1735167759
29.35 23.97 14.82 536674

1735167760
29.35 23.97 14.82 115590

1735167761
30.01 24.26 14.94 617804

1735167762
30.01 24.26 14.94 229556

1735167763
30.01 24.26 14.94 170157

1735167764
29.82 24.42 15.04 122324

1735167765
29.82 24.42 15.04 308968

1735167766
27.5 24.18 15.05 423159

1735167767
27.5 24.18 15.05 234193

1735167768
28.31 24.43 15.17 154432

1735167769
24.27 23.83 15.11 3911

1735167770
24.27 23.83 15.11 70245

1735167771
20.78 23.21 15.04 44569

1735167772
20.78 23.21 15.04 50493

1735167773
18.28 22.68 14.98 93390

1735167775
18.28 22.68 14.98 0

1735167776
15.33 22.0 14.89 42416

1735167777
15.33 22.0 14.89 27208

1735167778
13.1 21.38 14.81 56421

1735167780
10.9 20.72 14.72 23643

1735167781
9.29 20.1 14.63 61033

1735167782
9.29 20.1 14.63 18223

1735167783
9.29 20.1 14.63 11496

1735167784
7.79 19.48 14.54 7441

1735167785
7.79 19.48 14.54 572

1735167786
6.56 18.87 14.44 36318

1735167787
6.56 18.87 14.44 27101

1735167788
5.55 18.29 14.35 16469

1735167789
4.9 17.75 14.27 31044

1735167790
4.9 17.75 14.27 5716

1735167791
4.9 17.75 14.27 21144

1735167792
4.38 17.24 14.18 20018

1735167793
4.38 17.24 14.18 13861

1735167794
3.76 16.71 14.09 7576

1735167795
5.26 16.55 14.08 257623

1735167796
5.26 16.55 14.08 253870

1735167797
11.55 17.32 14.25 600277

1735167798
11.55 17.32 14.25 536754

1735167800
11.55 17.32 14.25 31

1735167801
14.71 17.7 14.36 496857

1735167802
16.93 18.01 14.44 75163

1735167803
16.93 18.01 14.44 5971

1735167804
14.05 17.45 14.35 22547

1735167805
14.05 17.45 14.35 20391

1735167806
11.86 16.94 14.27 46912

1735167807
11.86 16.94 14.27 15888

1735167808
9.89 16.42 14.17 14364

1735167809
9.89 16.42 14.17 17944

1735167810
8.28 15.92 14.08 20226

1735167811
8.28 15.92 14.08 22296

1735167812
7.14 15.46 14.0 259621

1735167813
9.83 15.68 14.06 209583

1735167814
9.83 15.68 14.06 28309

1735167815
9.83 15.68 14.06 87798

1735167816
9.14 15.36 14.0 24769

1735167817
9.14 15.36 14.0 26886

1735167818
7.84 14.92 13.92 27858

1735167819
7.84 14.92 13.92 18738

1735167820
6.78 14.5 13.84 67937

1735167821
6.78 14.5 13.84 18540

1735167822
6.28 14.15 13.77 38145

1735167823
6.28 14.15 13.77 35052

1735167824
5.68 13.79 13.7 26157

1735167826
5.68 13.79 13.7 20337

1735167827
4.14 12.96 13.52 40855

1735167828
4.14 12.96 13.52 4669

1735167829
4.14 12.96 13.52 11304

1735167830
3.57 12.57 13.44 13792

1735167831
3.1 12.19 13.35 26768

1735167832
3.1 12.19 13.35 15255

1735167833
3.1 12.19 13.35 24018

1735167834
2.9 11.86 13.27 17448

1735167835
2.9 11.86 13.27 52667

1735167836
2.92 11.57 13.2 34327

1735167837
2.92 11.57 13.2 17520

1735167838
2.75 11.26 13.13 17348

1735167839
3.34 11.08 13.08 123572

1735167840
3.34 11.08 13.08 45029

1735167841
3.34 11.08 13.08 119575

1735167842
4.73 11.08 13.06 135392

1735167843
4.73 11.08 13.06 162522

1735167844
6.22 11.14 13.06 74106

1735167845
6.22 11.14 13.06 129603

1735167846
7.45 11.2 13.06 132103

1735167847
7.45 11.2 13.06 40000

1735167848
9.54 11.46 13.1 620173

1735167850
9.54 11.46 13.1 963045

1735167851
22.49 13.73 13.57 785977

1735167852
22.49 13.73 13.57 891801

1735167853
34.72 16.23 14.09 872471

1735167854
34.72 16.23 14.09 1011597

1735167855
44.01 18.51 14.58 698877

1735167856
44.01 18.51 14.58 735412

1735167857
49.44 20.33 14.99 691270

1735167858
49.44 20.33 14.99 648672

1735167859
52.08 21.76 15.32 614989

1735167859
52.08 21.76 15.32 677658

1735167861
54.6 23.2 15.67 657457

1735167862
54.6 23.2 15.67 662447

1735167863
56.48 24.57 16.01 682722

1735167864
56.48 24.57 16.01 728065

1735167865
60.02 26.25 16.42 906868

1735167866
60.02 26.25 16.42 881805

1735167866
63.64 28.01 16.85 617633

1735167867
63.64 28.01 16.85 535569

1735167868
59.9 28.5 17.03 152045

1735167869
59.9 28.5 17.03 109516

1735167870
51.04 27.93 16.99 100158

1735167871
51.04 27.93 16.99 108817

1735167872
43.6 27.34 16.94 112402

1735167873
43.6 27.34 16.94 128438

1735167874
40.41 27.3 17.0 453274

1735167875
40.41 27.3 17.0 581453

1735167876
42.51 28.11 17.24 650660

1735167877
42.51 28.11 17.24 17157

1735167878
37.89 27.74 17.24 124988

1735167879
37.89 27.74 17.24 405533

1735167880
39.0 28.27 17.42 685285

1735167881
39.0 28.27 17.42 684117

1735167883
44.07 29.54 17.76 762843

1735167883
44.07 29.54 17.76 536291

1735167884
47.5 30.64 18.07 586805

1735167886
47.5 30.64 18.07 692838

1735167886
48.31 31.34 18.3 232979

1735167887
48.31 31.34 18.3 318472

1735167888
44.09 31.13 18.35 169818

1735167889
44.09 31.13 18.35 226291

1735167890
39.9 30.8 18.37 214553

1735167891
39.9 30.8 18.37 203357

1735167892
36.12 30.41 18.37 190165

1735167893
36.12 30.41 18.37 393465

1735167894
38.81 31.08 18.6 887390

1735167895
38.81 31.08 18.6 1268960

1735167896
48.45 33.08 19.1 574163

1735167898
48.45 33.08 19.1 883041

1735167899
55.79 34.91 19.58 889520

1735167900
55.79 34.91 19.58 926340

1735167901
62.35 36.77 20.07 925688

1735167902
62.35 36.77 20.07 838878

1735167903
65.73 38.22 20.49 745905

1735167904
65.73 38.22 20.49 692529

1735167904
66.14 39.2 20.81 673095

1735167905
66.14 39.2 20.81 733528

1735167906
67.56 40.33 21.18 759638

1735167908
67.56 40.33 21.18 730356

1735167908
67.82 41.27 21.5 626862

1735167909
67.82 41.27 21.5 659475

1735167911
67.67 42.11 21.82 693601

1735167912
67.67 42.11 21.82 633290

1735167912
67.55 42.93 22.12 753961

1735167913
67.55 42.93 22.12 847678

1735167915
70.53 44.27 22.55 885263

1735167916
70.53 44.27 22.55 846162

1735167917
73.15 45.6 22.97 847961

1735167918
73.15 45.6 22.97 820882

1735167919
74.39 46.73 23.37 794294

1735167920
74.39 46.73 23.37 793357

1735167921
75.41 47.82 23.75 820770

1735167922
75.41 47.82 23.75 815650

1735167923
76.24 48.87 24.14 794787

1735167924
76.24 48.87 24.14 784325

1735167925
76.74 49.86 24.51 803563

1735167926
76.74 49.86 24.51 832301

1735167927
77.69 50.91 24.91 815387

1735167928
77.69 50.91 24.91 802061

1735167929
77.93 51.83 25.28 769613

1735167930
77.93 51.83 25.28 785689

1735167931
78.12 52.72 25.64 807796

1735167932
78.12 52.72 25.64 783452

1735167933
78.46 53.61 26.02 836360

1735167934
78.46 53.61 26.02 815416

1735167935
78.01 54.34 26.36 710815

1735167936
78.01 54.34 26.36 807178

1735167937
78.55 55.21 26.73 837322

1735167938
78.55 55.21 26.73 839179

1735167939
79.54 56.16 27.12 841629

1735167940
79.54 56.16 27.12 781687

1735167940
78.17 56.67 27.43 601549

1735167942
78.17 56.67 27.43 730019

1735167943
77.78 57.31 27.76 864993

1735167944
77.78 57.31 27.76 859698

1735167945
79.27 58.25 28.16 867429

1735167946
79.27 58.25 28.16 878389

1735167946
80.67 59.19 28.56 870236

1735167948
80.67 59.19 28.56 875122

1735167949
80.73 59.9 28.92 702188

1735167949
80.73 59.9 28.92 696340

1735167951
79.14 60.3 29.22 805309

1735167951
79.14 60.3 29.22 764382

1735167952
79.48 60.97 29.57 806174

1735167953
79.48 60.97 29.57 797941

1735167955
78.31 61.37 29.87 719570

1735167956
78.31 61.37 29.87 717541

1735167957
77.52 61.78 30.17 674743

1735167957
77.52 61.78 30.17 389164

1735167958
71.27 61.17 30.26 552493

1735167959
71.27 61.17 30.26 798302

1735167961
72.67 61.75 30.59 769395

1735167962
72.67 61.75 30.59 688365

1735167963
71.82 61.95 30.85 671951

1735167963
71.82 61.95 30.85 692900

1735167964
71.85 62.28 31.13 771821

1735167965
71.85 62.28 31.13 438147

1735167966
66.63 61.65 31.21 431276

1735167968
66.63 61.65 31.21 606660

1735167969
65.97 61.7 31.43 649183

1735167971
61.26 60.99 31.49 1253878

1735167972
61.26 60.99 31.49 483620

1735167973
60.67 60.89 31.67 751032

1735167974
60.67 60.89 31.67 757628

1735167975
63.08 61.32 31.96 721642

1735167976
63.08 61.32 31.96 694553

1735167977
63.97 61.54 32.2 599799

1735167978
63.97 61.54 32.2 687416

1735167979
64.52 61.71 32.44 675644

1735167980
64.52 61.71 32.44 678779

1735167981
64.97 61.89 32.68 681227

1735167982
64.97 61.89 32.68 620007

1735167983
64.79 61.96 32.89 596319

1735167984
64.79 61.96 32.89 653230

1735167985
64.47 61.99 33.1 638652

1735167986
64.47 61.99 33.1 635788

1735167987
64.2 62.02 33.3 628804

1735167988
64.2 62.02 33.3 636765

1735167989
63.8 62.02 33.5 294984

1735167990
63.8 62.02 33.5 299689

1735167991
57.68 60.97 33.47 379338

1735167992
57.68 60.97 33.47 233071

1735167993
51.94 59.83 33.42 214947

1735167994
51.94 59.83 33.42 363387

1735167995
47.96 58.85 33.4 417909

1735167996
47.96 58.85 33.4 560490

1735167997
48.69 58.63 33.53 571660

1735167998
48.69 58.63 33.53 369255

1735167999
48.02 58.18 33.61 697942

1735168000
48.02 58.18 33.61 568137

1735168001
50.55 58.31 33.8 786263

1735168002
50.55 58.31 33.8 470209

1735168003
52.63 58.43 33.99 1000498

1735168004
52.63 58.43 33.99 353133

1735168005
55.05 58.68 34.21 278462

1735168006
55.05 58.68 34.21 285034

1735168007
49.6 57.57 34.15 198656

1735168008
49.6 57.57 34.15 338915

1735168009
45.51 56.57 34.1 268268

1735168010
45.51 56.57 34.1 272400

1735168011
41.97 55.57 34.04 557569

1735168012
41.97 55.57 34.04 917192

1735168013
49.22 56.44 34.37 991297

1735168014
49.22 56.44 34.37 950540

1735168015
57.7 57.73 34.79 987294

1735168016
57.7 57.73 34.79 985448

1735168017
65.0 59.05 35.23 900893

1735168018
65.0 59.05 35.23 860583

1735168019
68.8 59.93 35.57 854833

1735168020
68.8 59.93 35.57 712476

1735168021
69.92 60.43 35.84 559029

1735168022
69.92 60.43 35.84 529046

1735168023
67.4 60.28 35.98 760541

1735168024
67.4 60.28 35.98 806277

1735168025
69.14 60.83 36.26 733755

1735168026
69.14 60.83 36.26 727806

1735168027
69.84 61.23 36.51 704230

1735168028
69.84 61.23 36.51 747990

1735168029
70.59 61.64 36.77 910335

1735168030
70.59 61.64 36.77 917747

1735168031
74.29 62.6 37.14 924059

1735168032
74.29 62.6 37.14 913895

1735168033
77.5 63.57 37.52 1217355

1735168034
77.5 63.57 37.52 686873

1735168036
79.58 64.4 37.87 1725948

1735168037
81.65 65.27 38.23 925485

1735168038
81.65 65.27 38.23 927956

1735168039
83.52 66.14 38.6 923648

1735168040
83.52 66.14 38.6 954160

1735168041
85.24 67.02 38.97 927659

1735168042
85.24 67.02 38.97 925132

1735168043
86.46 67.84 39.33 928648

1735168044
86.46 67.84 39.33 881120

1735168045
86.92 68.53 39.67 791827

1735168046
86.92 68.53 39.67 705601

1735168047
84.22 68.65 39.89 636003

1735168048
84.22 68.65 39.89 609417

1735168049
80.19 68.43 40.05 756902

1735168050
80.19 68.43 40.05 777402

1735168051
79.79 68.74 40.31 911131

1735168052
79.79 68.74 40.31 940945

1735168053
82.37 69.57 40.67 962603

1735168054
82.37 69.57 40.67 909587

1735168055
84.11 70.3 41.02 906216

1735168056
84.11 70.3 41.02 890452

1735168057
85.0 70.91 41.35 875425

1735168058
85.0 70.91 41.35 932255

1735168059
85.9 71.54 41.68 879253

1735168060
85.9 71.54 41.68 934234

1735168061
86.64 72.14 42.02 924512

1735168062
86.64 72.14 42.02 766084

1735168063
85.08 72.33 42.26 678962

1735168064
85.08 72.33 42.26 875446

1735168065
84.7 72.68 42.54 828971

1735168066
84.7 72.68 42.54 699316

1735168067
81.67 72.53 42.71 437386

1735168069
70.14 70.75 42.54 122776

1735168070
70.14 70.75 42.54 569044

1735168071
68.3 70.39 42.66 1144190

1735168072
68.3 70.39 42.66 912546

1735168073
71.87 70.97 42.97 892106

1735168074
71.87 70.97 42.97 877891

1735168075
74.97 71.56 43.29 909453

1735168076
74.97 71.56 43.29 917476

1735168077
77.87 72.2 43.62 889696

1735168078
77.87 72.2 43.62 652544

1735168079
77.17 72.25 43.82 780066

1735168080
77.17 72.25 43.82 888472

1735168081
78.77 72.7 44.11 801746

1735168082
78.77 72.7 44.11 741779

1735168083
77.36 72.65 44.3 740586

1735168084
77.36 72.65 44.3 945279

1735168085
79.65 73.22 44.61 941813

1735168086
79.65 73.22 44.61 959331

1735168087
82.61 73.96 44.96 982776

1735168088
82.61 73.96 44.96 985424

1735168089
74.46 73.12 45.18 904796

1735168101
0.0 16.46 33.24 600271

1735170011
0.0 0.07 0.2 16553913

