1735167478
1.1 3.2 11.92 90139

1735167479
1.81 3.26 11.87 28403

1735167480
1.81 3.26 11.87 99284

1735167481
3.83 3.58 11.88 341784

1735167482
3.83 3.58 11.88 703993

1735167484
14.19 5.46 12.22 425844

1735167485
14.19 5.46 12.22 26580

1735167486
12.52 5.44 12.17 1118

1735167487
12.52 5.44 12.17 34856

1735167488
10.43 5.3 12.09 36

1735167489
10.43 5.3 12.09 33809

1735167490
8.72 5.15 12.01 117890

1735167491
11.85 5.84 12.11 563509

1735167492
11.85 5.84 12.11 446046

1735167493
15.68 6.72 12.25 96876

1735167494
15.68 6.72 12.25 75056

1735167495
16.65 7.19 12.31 510477

1735167496
16.65 7.19 12.31 476704

1735167497
21.24 8.33 12.52 262429

1735167498
21.24 8.33 12.52 133831

1735167499
19.02 8.35 12.49 22028

1735167500
19.02 8.35 12.49 27939

1735167501
16.12 8.18 12.43 34143

1735167502
16.12 8.18 12.43 139328

1735167503
16.28 8.47 12.46 330558

1735167504
16.28 8.47 12.46 851526

1735167505
23.65 10.05 12.76 382156

1735167506
23.65 10.05 12.76 463518

1735167507
30.96 11.82 13.11 1277327

1735167508
30.96 11.82 13.11 262365

1735167509
37.49 13.62 13.48 844582

1735167510
37.49 13.62 13.48 448152

1735167512
41.02 15.04 13.78 1082848

1735167513
46.27 16.84 14.16 925925

1735167514
46.27 16.84 14.16 393889

1735167515
47.67 18.06 14.44 528764

1735167516
47.67 18.06 14.44 1072194

1735167517
53.16 20.02 14.87 714397

1735167518
57.12 21.82 15.28 2024751

1735167520
57.12 21.82 15.28 5240

1735167521
59.63 23.43 15.66 855039

1735167522
59.63 23.43 15.66 653380

1735167523
57.71 24.26 15.89 538626

1735167525
57.71 24.26 15.89 656777

1735167526
60.11 25.79 16.27 523410

1735167527
60.11 25.79 16.27 904145

1735167528
59.55 26.81 16.55 338049

1735167529
60.35 28.03 16.87 1070203

1735167530
60.35 28.03 16.87 1048240

1735167531
63.19 29.6 17.28 801292

1735167532
63.19 29.6 17.28 335139

1735167533
61.16 30.33 17.51 575255

1735167534
61.16 30.33 17.51 439607

1735167535
57.14 30.62 17.66 131791

1735167536
57.14 30.62 17.66 394978

1735167537
51.86 30.53 17.73 156406

1735167538
51.86 30.53 17.73 191208

1735167539
46.09 30.18 17.75 218893

1735167540
46.09 30.18 17.75 372912

1735167541
42.45 30.05 17.8 150052

1735167542
42.45 30.05 17.8 10882

1735167543
35.48 29.2 17.71 59728

1735167545
35.48 29.2 17.71 39

1735167546
29.24 28.27 17.59 15817

1735167547
29.24 28.27 17.59 5855

1735167547
24.84 27.51 17.51 117528

1735167548
24.84 27.51 17.51 429117

1735167549
26.5 27.72 17.62 448640

1735167550
26.5 27.72 17.62 215035

1735167551
30.03 28.32 17.82 554912

1735167552
30.03 28.32 17.82 239557

1735167553
28.58 28.11 17.84 222523

1735167554
28.58 28.11 17.84 282665

1735167555
29.02 28.21 17.93 334810

1735167556
29.02 28.21 17.93 464583

1735167557
29.92 28.4 18.04 219455

1735167558
29.92 28.4 18.04 251360

1735167559
28.66 28.22 18.08 231564

1735167560
28.66 28.22 18.08 7399

1735167561
24.92 27.56 18.01 141361

1735167562
24.92 27.56 18.01 5921

1735167563
20.4 26.66 17.89 4773

1735167564
20.4 26.66 17.89 29599

1735167565
16.89 25.82 17.77 8000

1735167566
16.89 25.82 17.77 68714

1735167568
14.37 25.07 17.67 8200

1735167568
14.37 25.07 17.67 18821

1735167569
12.31 24.35 17.57 42005

1735167570
12.31 24.35 17.57 18998

1735167571
13.34 24.14 17.57 536725

1735167572
13.34 24.14 17.57 605670

1735167573
20.89 25.15 17.83 436105

1735167574
20.89 25.15 17.83 461855

1735167575
24.71 25.7 17.99 286024

1735167576
24.71 25.7 17.99 1110781

1735167577
31.83 26.95 18.31 406988

1735167578
31.83 26.95 18.31 516022

1735167579
34.58 27.61 18.5 253452

1735167580
34.58 27.61 18.5 258596

1735167581
33.75 27.69 18.58 402594

1735167582
33.75 27.69 18.58 206880

1735167583
33.61 27.86 18.68 390201

1735167584
33.61 27.86 18.68 512393

1735167585
37.66 28.78 18.94 649406

1735167586
37.66 28.78 18.94 206367

1735167587
35.37 28.66 18.98 281419

1735167588
35.37 28.66 18.98 207574

1735167589
35.66 28.93 19.1 535844

1735167590
35.66 28.93 19.1 661387

1735167591
38.8 29.72 19.33 504016

1735167592
38.8 29.72 19.33 169406

1735167593
38.8 29.72 19.33 9510

1735167594
34.31 29.2 19.3 5346

1735167595
34.31 29.2 19.3 7306

1735167596
28.09 28.25 19.16 89179

1735167597
26.63 27.98 19.17 349034

1735167598
26.63 27.98 19.17 303263

1735167599
26.63 27.98 19.17 349484

1735167600
27.96 28.18 19.27 104333

1735167601
27.96 28.18 19.27 40004

1735167602
23.98 27.45 19.18 386262

1735167603
23.98 27.45 19.18 244017

1735167605
25.43 27.6 19.27 205375

1735167605
25.43 27.6 19.27 214396

1735167606
24.45 27.35 19.27 26012

1735167607
24.45 27.35 19.27 27298

1735167608
20.38 26.52 19.16 8321

1735167609
20.38 26.52 19.16 51795

1735167610
17.05 25.72 19.04 17671

1735167611
17.05 25.72 19.04 25377

1735167612
14.32 24.94 18.92 11273

1735167613
14.32 24.94 18.92 14065

1735167614
11.91 24.16 18.8 328057

1735167615
11.91 24.16 18.8 57032

1735167616
13.19 23.99 18.8 19036

1735167617
13.52 23.69 18.77 368554

1735167618
13.52 23.69 18.77 159919

1735167619
20.31 24.59 19.0 830437

1735167620
20.31 24.59 19.0 412059

1735167621
20.31 24.59 19.0 298639

1735167622
23.51 25.03 19.12 178026

1735167623
23.06 24.89 19.14 284480

1735167624
23.06 24.89 19.14 240996

1735167625
23.06 24.89 19.14 8053

1735167626
21.05 24.47 19.09 50072

1735167627
21.05 24.47 19.09 72801

1735167628
18.32 23.87 19.0 41295

1735167629
18.32 23.87 19.0 38142

1735167630
16.09 23.28 18.91 80417

1735167631
17.7 23.34 18.95 513243

1735167632
17.7 23.34 18.95 190811

1735167633
17.7 23.34 18.95 352083

1735167634
19.93 23.56 19.03 349269

1735167635
22.3 23.87 19.12 339469

1735167636
22.3 23.87 19.12 557936

1735167637
22.3 23.87 19.12 347056

1735167638
26.77 24.62 19.31 117924

1735167639
26.77 24.62 19.31 3946

1735167640
22.28 23.88 19.2 4083

1735167641
22.28 23.88 19.2 10144

1735167642
18.25 23.1 19.06 6881

1735167643
18.25 23.1 19.06 51694

1735167644
15.48 22.44 18.95 33684

1735167645
15.48 22.44 18.95 278735

1735167646
15.39 22.2 18.93 142494

1735167647
15.39 22.2 18.93 6073

1735167648
13.87 21.7 18.84 309283

1735167649
13.87 21.7 18.84 195312

1735167650
16.25 21.87 18.9 366614

1735167651
16.25 21.87 18.9 452610

1735167652
20.73 22.5 19.05 419982

1735167653
20.73 22.5 19.05 87460

1735167654
20.96 22.48 19.07 5308

1735167655
20.96 22.48 19.07 2948

1735167656
17.16 21.75 18.94 51254

1735167657
17.16 21.75 18.94 2259

1735167658
14.41 21.1 18.83 34942

1735167659
14.41 21.1 18.83 888

1735167660
11.98 20.44 18.7 2627

1735167661
11.98 20.44 18.7 49622

1735167662
10.17 19.84 18.59 24021

1735167663
9.6 19.42 18.51 214725

1735167664
9.6 19.42 18.51 323502

1735167665
9.6 19.42 18.51 467357

1735167666
16.55 20.35 18.71 324682

1735167667
16.55 20.35 18.71 220784

1735167668
17.9 20.47 18.75 287349

1735167669
17.9 20.47 18.75 302452

1735167670
20.27 20.82 18.83 862273

1735167671
20.27 20.82 18.83 129576

1735167672
24.93 21.64 19.02 8843

1735167673
24.93 21.64 19.02 7603

1735167674
20.42 20.93 18.89 10093

1735167675
20.42 20.93 18.89 36614

1735167676
17.08 20.31 18.77 10460

1735167677
17.08 20.31 18.77 2049

1735167678
13.98 19.65 18.64 2506

1735167679
13.98 19.65 18.64 20453

1735167680
11.81 19.07 18.53 36058

1735167681
11.81 19.07 18.53 4708

1735167682
9.67 18.45 18.4 233810

1735167683
9.67 18.45 18.4 156140

1735167684
11.72 18.53 18.42 201607

1735167685
11.72 18.53 18.42 96601

1735167686
11.77 18.32 18.38 8536

1735167687
11.77 18.32 18.38 114807

1735167688
11.45 18.04 18.32 351821

1735167689
11.45 18.04 18.32 291093

1735167690
14.81 18.43 18.4 482103

1735167691
14.81 18.43 18.4 409910

1735167692
20.46 19.34 18.59 480807

1735167693
20.46 19.34 18.59 443449

1735167694
24.18 20.04 18.74 17590

1735167695
24.18 20.04 18.74 39668

1735167696
20.34 19.49 18.63 51356

1735167697
20.34 19.49 18.63 9032

1735167698
17.02 18.91 18.52 13329

1735167699
17.02 18.91 18.52 32218

1735167700
14.3 18.36 18.41 16221

1735167701
14.3 18.36 18.41 560

1735167702
11.71 17.76 18.28 8147

1735167703
11.71 17.76 18.28 10496

1735167704
9.77 17.21 18.16 17988

1735167705
9.77 17.21 18.16 17918

1735167706
8.18 16.68 18.04 299105

1735167707
8.18 16.68 18.04 7434

1735167708
9.41 16.62 18.02 18814

1735167709
9.41 16.62 18.02 13164

1735167711
7.89 16.11 17.91 32509

1735167711
7.89 16.11 17.91 1757

1735167712
6.46 15.59 17.78 869

1735167714
6.46 15.59 17.78 453

1735167714
5.29 15.08 17.66 897

1735167715
5.29 15.08 17.66 12144

1735167716
4.33 14.58 17.54 13457

1735167717
4.33 14.58 17.54 24733

1735167718
3.72 14.14 17.43 23587

1735167719
3.72 14.14 17.43 233804

1735167720
6.31 14.26 17.43 276600

1735167721
6.31 14.26 17.43 71945

1735167722
7.16 14.16 17.39 289985

1735167723
7.16 14.16 17.39 97913

1735167724
9.3 14.32 17.4 40712

1735167725
9.3 14.32 17.4 23238

1735167726
7.98 13.91 17.29 7072

1735167727
7.98 13.91 17.29 12101

1735167728
6.71 13.49 17.18 281369

1735167729
6.71 13.49 17.18 548261

1735167730
13.29 14.45 17.36 505883

1735167731
19.76 15.58 17.57 545718

1735167732
19.76 15.58 17.57 565573

1735167733
19.76 15.58 17.57 802785

1735167734
29.4 17.46 17.95 578934

1735167735
29.4 17.46 17.95 638529

1735167737
35.85 19.02 18.27 1054679

1735167738
40.95 20.49 18.59 715431

1735167739
40.95 20.49 18.59 1058683

1735167740
45.67 22.01 18.92 479575

1735167741
45.67 22.01 18.92 494839

1735167742
46.63 22.96 19.14 894079

1735167744
46.63 22.96 19.14 432096

1735167745
50.14 24.37 19.46 1573340

1735167746
55.19 26.12 19.86 720033

1735167747
55.19 26.12 19.86 331994

1735167748
55.15 27.07 20.1 646598

1735167749
56.57 28.24 20.39 814326

1735167750
56.57 28.24 20.39 683406

1735167751
57.74 29.38 20.68 684027

1735167752
57.74 29.38 20.68 558093

1735167753
56.52 30.09 20.89 335186

1735167754
56.52 30.09 20.89 538402

1735167755
56.52 30.09 20.89 964490

1735167756
60.04 31.59 21.27 420630

1735167757
59.31 32.39 21.51 863292

1735167758
59.31 32.39 21.51 341265

1735167759
58.89 33.19 21.75 681947

1735167760
58.89 33.19 21.75 591576

1735167761
58.73 34.01 22.0 707033

1735167762
58.73 34.01 22.0 280467

1735167763
58.73 34.01 22.0 406198

1735167764
57.15 34.53 22.19 639158

1735167765
57.15 34.53 22.19 840295

1735167766
58.57 35.53 22.48 474216

1735167767
58.57 35.53 22.48 503020

1735167768
57.74 36.13 22.7 951545

1735167769
59.42 37.14 23.0 611362

1735167770
59.42 37.14 23.0 423734

1735167771
60.25 38.02 23.28 1080504

1735167772
60.25 38.02 23.28 562995

1735167773
60.02 38.71 23.53 872954

1735167775
60.02 38.71 23.53 0

1735167776
62.73 39.89 23.88 1113598

1735167777
62.73 39.89 23.88 695197

1735167778
63.5 40.78 24.17 970895

1735167780
61.6 41.18 24.37 878480

1735167781
63.85 42.25 24.71 1511865

1735167782
63.85 42.25 24.71 497987

1735167783
63.85 42.25 24.71 632516

1735167784
65.5 43.26 25.04 790385

1735167785
65.5 43.26 25.04 710757

1735167786
68.67 44.56 25.44 682170

1735167787
68.67 44.56 25.44 642262

1735167788
68.73 45.36 25.73 677854

1735167789
68.78 46.13 26.03 1074434

1735167790
68.78 46.13 26.03 364614

1735167791
68.78 46.13 26.03 657865

1735167792
68.82 46.88 26.32 1043307

1735167793
68.82 46.88 26.32 467199

1735167794
68.85 47.6 26.62 1155029

1735167795
70.33 48.57 26.96 612712

1735167796
70.33 48.57 26.96 405801

1735167797
66.64 48.61 27.12 647537

1735167798
66.64 48.61 27.12 1019281

1735167800
66.64 48.61 27.12 19391

1735167801
65.26 48.95 27.34 1044372

1735167802
64.12 49.28 27.55 913142

1735167803
64.12 49.28 27.55 490017

1735167804
64.46 49.83 27.82 656126

1735167805
64.46 49.83 27.82 577791

1735167806
63.47 50.13 28.03 671720

1735167807
63.47 50.13 28.03 529417

1735167808
61.94 50.29 28.21 617812

1735167809
61.94 50.29 28.21 639121

1735167810
62.49 50.77 28.47 413018

1735167811
62.49 50.77 28.47 989544

1735167812
64.21 51.47 28.76 612771

1735167813
63.99 51.84 29.0 880417

1735167814
63.99 51.84 29.0 713418

1735167815
63.99 51.84 29.0 398707

1735167816
62.91 52.04 29.2 389564

1735167817
62.91 52.04 29.2 854313

1735167818
63.28 52.47 29.44 778481

1735167819
63.28 52.47 29.44 467563

1735167820
63.78 52.91 29.69 804456

1735167821
63.78 52.91 29.69 438690

1735167822
63.82 53.27 29.93 705299

1735167823
63.82 53.27 29.93 706789

1735167824
63.67 53.59 30.15 1642479

1735167826
63.67 53.59 30.15 178216

1735167827
67.76 55.09 30.79 1408984

1735167828
67.76 55.09 30.79 585537

1735167829
67.76 55.09 30.79 613342

1735167830
69.8 55.87 31.12 1066910

1735167831
71.28 56.6 31.44 862622

1735167832
71.28 56.6 31.44 460614

1735167833
71.28 56.6 31.44 925546

1735167834
71.23 57.07 31.71 787469

1735167835
71.23 57.07 31.71 633458

1735167836
72.09 57.69 32.01 896978

1735167837
72.09 57.69 32.01 511253

1735167838
73.53 58.42 32.34 771044

1735167839
70.89 58.43 32.52 788801

1735167840
70.89 58.43 32.52 264520

1735167841
70.89 58.43 32.52 431208

1735167842
66.56 58.06 32.62 396058

1735167843
66.56 58.06 32.62 365995

1735167844
60.3 57.21 32.62 345192

1735167845
60.3 57.21 32.62 422945

1735167846
56.62 56.64 32.67 582684

1735167847
56.62 56.64 32.67 282808

1735167848
54.33 56.23 32.75 286305

1735167850
54.33 56.23 32.75 384879

1735167851
50.11 55.4 32.74 260191

1735167852
50.11 55.4 32.74 217280

1735167853
44.47 54.21 32.64 150784

1735167854
44.47 54.21 32.64 434878

1735167855
41.67 53.39 32.62 126947

1735167856
41.67 53.39 32.62 21354

1735167857
34.66 51.74 32.41 10139

1735167858
34.66 51.74 32.41 9293

1735167859
28.38 50.05 32.19 8188

1735167859
28.38 50.05 32.19 16871

1735167861
23.42 48.44 31.98 11027

1735167862
23.42 48.44 31.98 18331

1735167863
19.36 46.89 31.77 14513

1735167864
19.36 46.89 31.77 24153

1735167865
16.03 45.39 31.56 14996

1735167866
16.03 45.39 31.56 571

1735167866
13.12 43.9 31.34 4098

1735167867
13.12 43.9 31.34 12414

1735167868
10.93 42.5 31.13 26904

1735167869
10.93 42.5 31.13 82204

1735167870
9.67 41.24 30.95 56299

1735167871
9.67 41.24 30.95 131997

1735167872
10.09 40.28 30.82 111655

1735167873
10.09 40.28 30.82 115470

1735167874
10.44 39.36 30.69 235546

1735167875
10.44 39.36 30.69 109428

1735167876
11.44 38.59 30.59 325058

1735167877
11.44 38.59 30.59 370593

1735167878
15.53 38.44 30.61 91689

1735167879
15.53 38.44 30.61 127792

1735167880
14.71 37.54 30.48 166484

1735167881
14.71 37.54 30.48 207958

1735167883
15.3 36.9 30.39 194670

1735167883
15.3 36.9 30.39 173779

1735167884
16.15 36.35 30.32 303321

1735167886
16.15 36.35 30.32 47732

1735167886
15.22 35.52 30.19 7363

1735167887
15.22 35.52 30.19 33484

1735167888
12.82 34.42 30.0 15441

1735167889
12.82 34.42 30.0 33059

1735167890
10.86 33.36 29.8 13320

1735167891
10.86 33.36 29.8 11195

1735167892
9.07 32.3 29.61 28173

1735167893
9.07 32.3 29.61 18143

1735167894
7.79 31.31 29.42 75542

1735167895
7.79 31.31 29.42 205121

1735167896
9.46 30.84 29.33 175612

1735167898
9.46 30.84 29.33 220232

1735167899
10.64 30.36 29.24 32686

1735167900
10.64 30.36 29.24 14264

1735167901
8.71 29.36 29.04 5829

1735167902
8.71 29.36 29.04 45178

1735167903
7.86 28.53 28.87 37572

1735167904
7.86 28.53 28.87 7211

1735167904
6.43 27.6 28.67 4179

1735167905
6.43 27.6 28.67 3270

1735167906
5.27 26.7 28.48 3570

1735167908
5.27 26.7 28.48 12640

1735167908
4.49 25.85 28.29 41487

1735167909
4.49 25.85 28.29 90408

1735167911
4.77 25.2 28.13 5122

1735167912
4.77 25.2 28.13 1914

1735167912
3.9 24.38 27.94 21501

1735167913
3.9 24.38 27.94 16205

1735167915
3.56 23.65 27.76 18885

1735167916
3.56 23.65 27.76 1045

1735167917
3.27 22.94 27.59 67521

1735167918
3.27 22.94 27.59 31230

1735167919
3.04 22.25 27.41 1040

1735167920
3.04 22.25 27.41 678

1735167921
2.67 21.56 27.23 22359

1735167922
2.67 21.56 27.23 390

1735167923
2.18 20.85 27.05 5233

1735167924
2.18 20.85 27.05 3617

1735167925
1.79 20.17 26.86 0

1735167926
1.79 20.17 26.86 2364

1735167927
1.46 19.51 26.68 668

1735167928
1.46 19.51 26.68 15112

1735167929
1.2 18.87 26.49 221

1735167930
1.2 18.87 26.49 405

1735167931
0.98 18.25 26.31 1

1735167932
0.98 18.25 26.31 725

1735167933
0.8 17.65 26.13 9923

1735167934
0.8 17.65 26.13 63500

1735167935
2.29 17.37 26.02 120795

1735167936
2.29 17.37 26.02 2106

1735167937
1.87 16.8 25.84 38

1735167938
1.87 16.8 25.84 10017

1735167939
1.53 16.25 25.66 274

1735167940
1.53 16.25 25.66 11933

1735167940
1.25 15.72 25.48 6293

1735167942
1.25 15.72 25.48 54849

1735167943
1.93 15.37 25.34 61070

1735167944
1.93 15.37 25.34 16434

1735167945
1.94 14.93 25.18 25475

1735167946
1.94 14.93 25.18 11980

1735167946
1.77 14.47 25.02 12101

1735167948
1.77 14.47 25.02 23214

1735167949
1.63 14.03 24.85 7734

1735167949
1.63 14.03 24.85 55671

1735167951
1.88 13.67 24.7 15543

1735167951
1.88 13.67 24.7 12374

1735167952
2.08 13.32 24.56 62333

1735167953
2.08 13.32 24.56 29950

1735167955
2.06 12.95 24.4 13938

1735167956
2.06 12.95 24.4 9278

1735167957
1.69 12.53 24.24 9887

1735167957
1.69 12.53 24.24 25937

1735167958
1.75 12.18 24.08 24593

1735167959
1.75 12.18 24.08 18601

1735167961
1.43 11.78 23.92 0

1735167962
1.43 11.78 23.92 1771

1735167963
1.17 11.4 23.75 14535

1735167963
1.17 11.4 23.75 8994

1735167964
1.14 11.06 23.6 14452

1735167965
1.14 11.06 23.6 14258

1735167966
1.29 10.76 23.45 31710

1735167968
1.29 10.76 23.45 104685

1735167969
1.96 10.57 23.32 3468

1735167971
4.5 10.75 23.27 377754

1735167972
4.5 10.75 23.27 106227

1735167973
5.14 10.66 23.17 50059

1735167974
5.14 10.66 23.17 41915

1735167975
4.93 10.44 23.04 11050

1735167976
4.93 10.44 23.04 92258

1735167977
4.94 10.26 22.91 68341

1735167978
4.94 10.26 22.91 22044

1735167979
4.77 10.06 22.79 18720

1735167980
4.77 10.06 22.79 17962

1735167981
4.09 9.76 22.64 46550

1735167982
4.09 9.76 22.64 54673

1735167983
4.25 9.6 22.52 7192

1735167984
4.25 9.6 22.52 4644

1735167985
3.48 9.29 22.36 7902

1735167986
3.48 9.29 22.36 42937

1735167987
3.21 9.05 22.22 29661

1735167988
3.21 9.05 22.22 21285

1735167989
2.99 8.82 22.08 17785

1735167990
2.99 8.82 22.08 23761

1735167991
2.99 8.63 21.95 63120

1735167992
2.99 8.63 21.95 167099

1735167993
4.44 8.71 21.88 33843

1735167994
4.44 8.71 21.88 41020

1735167995
4.18 8.52 21.75 50965

1735167996
4.18 8.52 21.75 244409

1735167997
5.96 8.7 21.69 346322

1735167998
5.96 8.7 21.69 412043

1735167999
12.3 9.76 21.83 261115

1735168000
12.3 9.76 21.83 162428

1735168001
13.52 10.06 21.81 224668

1735168002
13.52 10.06 21.81 330316

1735168003
15.96 10.61 21.84 353716

1735168004
15.96 10.61 21.84 12096

1735168005
15.97 10.79 21.8 10710

1735168006
15.97 10.79 21.8 24025

1735168007
13.43 10.5 21.67 163932

1735168008
13.43 10.5 21.67 19681

1735168009
12.45 10.42 21.57 23179

1735168010
12.45 10.42 21.57 12768

1735168011
10.37 10.11 21.43 47086

1735168012
10.37 10.11 21.43 25856

1735168013
9.04 9.88 21.31 3691

1735168014
9.04 9.88 21.31 19468

1735168015
7.58 9.59 21.17 7940

1735168016
7.58 9.59 21.17 11452

1735168017
6.21 9.27 21.02 9141

1735168018
6.21 9.27 21.02 460

1735168019
5.08 8.97 20.88 4227

1735168020
5.08 8.97 20.88 19297

1735168021
4.34 8.71 20.74 8041

1735168022
4.34 8.71 20.74 264322

1735168023
6.09 8.88 20.69 24080

1735168024
6.09 8.88 20.69 945

1735168025
4.99 8.59 20.55 2476

1735168026
4.99 8.59 20.55 4308

1735168027
4.08 8.31 20.41 13198

1735168028
4.08 8.31 20.41 13816

1735168029
3.52 8.07 20.28 41940

1735168030
3.52 8.07 20.28 3411

1735168031
3.06 7.84 20.15 6111

1735168032
3.06 7.84 20.15 14449

1735168033
2.51 7.58 20.01 237946

1735168034
2.51 7.58 20.01 188745

1735168036
6.04 8.05 20.02 401224

1735168037
8.39 8.41 20.02 26797

1735168038
8.39 8.41 20.02 18301

1735168039
7.23 8.2 19.89 16776

1735168040
7.23 8.2 19.89 2526

1735168041
5.92 7.93 19.76 19739

1735168042
5.92 7.93 19.76 11254

1735168043
5.03 7.7 19.63 18878

1735168044
5.03 7.7 19.63 8567

1735168045
4.29 7.49 19.5 7491

1735168046
4.29 7.49 19.5 12131

1735168047
3.7 7.27 19.37 8228

1735168048
3.7 7.27 19.37 29369

1735168049
3.57 7.13 19.26 105836

1735168050
3.57 7.13 19.26 23086

1735168051
3.83 7.06 19.16 29457

1735168052
3.83 7.06 19.16 55433

1735168053
3.68 6.93 19.05 17837

1735168054
3.68 6.93 19.05 22907

1735168055
3.37 6.77 18.94 27468

1735168056
3.37 6.77 18.94 6553

1735168057
2.76 6.55 18.81 12155

1735168058
2.76 6.55 18.81 2554

1735168059
2.26 6.33 18.68 36

1735168060
2.26 6.33 18.68 80

1735168061
2.39 6.22 18.57 183307

1735168062
2.39 6.22 18.57 21827

1735168063
3.41 6.28 18.5 79711

1735168064
3.41 6.28 18.5 10648

1735168065
3.15 6.14 18.38 1640

1735168066
3.15 6.14 18.38 214777

1735168067
5.12 6.4 18.35 634137

1735168069
13.79 7.92 18.59 674486

1735168070
13.79 7.92 18.59 384105

1735168071
16.54 8.61 18.66 184111

1735168072
16.54 8.61 18.66 42703

1735168073
15.0 8.59 18.59 19992

1735168074
15.0 8.59 18.59 8922

1735168075
12.46 8.34 18.47 1906

1735168076
12.46 8.34 18.47 43730

1735168077
10.56 8.13 18.35 14195

1735168078
10.56 8.13 18.35 131309

1735168079
10.82 8.26 18.31 243484

1735168080
10.82 8.26 18.31 72263

1735168081
11.04 8.38 18.27 71793

1735168082
11.04 8.38 18.27 79660

1735168083
10.3 8.34 18.19 31968

1735168084
10.3 8.34 18.19 51722

1735168085
9.34 8.23 18.1 92294

1735168086
9.34 8.23 18.1 28227

1735168087
8.19 8.06 18.0 32872

1735168088
8.19 8.06 18.0 19637

1735168089
33.88 12.99 18.84 5364475

1735168101
87.02 80.79 46.06 129344608

1735170011
88.97 89.32 88.88 2384638692

