1735167478
0.0 0.0 0.61 0

1735167479
0.0 0.0 0.6 0

1735167480
0.0 0.0 0.6 0

1735167481
0.0 0.0 0.6 0

1735167482
0.0 0.0 0.6 0

1735167484
0.0 0.0 0.59 0

1735167485
0.0 0.0 0.59 0

1735167486
0.0 0.0 0.59 0

1735167487
0.0 0.0 0.59 0

1735167488
0.0 0.0 0.58 0

1735167489
0.0 0.0 0.58 0

1735167490
0.0 0.0 0.58 1338

1735167491
0.0 0.0 0.58 3306

1735167492
0.0 0.0 0.58 0

1735167493
0.0 0.0 0.57 0

1735167494
0.0 0.0 0.57 0

1735167495
0.0 0.0 0.57 0

1735167496
0.0 0.0 0.57 959

1735167497
0.0 0.0 0.56 0

1735167498
0.0 0.0 0.56 1138

1735167499
0.0 0.0 0.56 3263

1735167500
0.0 0.0 0.56 2163

1735167501
0.0 0.0 0.56 0

1735167502
0.0 0.0 0.56 0

1735167503
0.0 0.0 0.55 3077

1735167504
0.0 0.0 0.55 3870

1735167505
0.0 0.0 0.55 0

1735167506
0.0 0.0 0.55 0

1735167507
0.0 0.0 0.54 0

1735167508
0.0 0.0 0.54 1245

1735167509
0.0 0.0 0.54 3807

1735167510
0.0 0.0 0.54 5398

1735167512
0.0 0.0 0.54 0

1735167513
0.0 0.0 0.53 0

1735167514
0.0 0.0 0.53 1857

1735167515
0.0 0.0 0.53 2148

1735167516
0.0 0.0 0.53 985

1735167517
0.0 0.0 0.52 2210

1735167518
0.0 0.0 0.52 2645

1735167520
0.0 0.0 0.52 0

1735167521
0.0 0.0 0.52 1311

1735167522
0.0 0.0 0.52 2

1735167523
0.0 0.0 0.51 5

1735167525
0.0 0.0 0.51 0

1735167526
0.0 0.0 0.51 0

1735167527
0.0 0.0 0.51 2699

1735167528
0.0 0.0 0.5 2038

1735167529
0.0 0.0 0.5 4283

1735167530
0.0 0.0 0.5 493

1735167531
0.0 0.0 0.5 6437

1735167532
0.0 0.0 0.5 4642

1735167533
0.0 0.0 0.49 5109

1735167534
0.0 0.0 0.49 2485

1735167535
0.0 0.0 0.49 0

1735167536
0.0 0.0 0.49 16

1735167537
0.0 0.0 0.49 1382

1735167538
0.0 0.0 0.49 4882

1735167539
0.0 0.0 0.48 5695

1735167540
0.0 0.0 0.48 3

1735167541
0.0 0.0 0.48 5392

1735167542
0.0 0.0 0.48 5926

1735167543
0.0 0.0 0.48 0

1735167545
0.0 0.0 0.48 0

1735167546
0.0 0.0 0.47 1112

1735167547
0.0 0.0 0.47 7

1735167547
0.0 0.0 0.47 21

1735167548
0.0 0.0 0.47 1288

1735167549
0.0 0.0 0.47 1280

1735167550
0.0 0.0 0.47 1

1735167551
0.0 0.0 0.46 0

1735167552
0.0 0.0 0.46 5

1735167553
0.0 0.0 0.46 154

1735167554
0.0 0.0 0.46 3

1735167555
0.0 0.0 0.45 7

1735167556
0.0 0.0 0.45 0

1735167557
0.0 0.0 0.45 4058

1735167558
0.0 0.0 0.45 6537

1735167559
0.0 0.0 0.45 4048

1735167560
0.0 0.0 0.45 4472

1735167561
0.0 0.0 0.44 4

1735167562
0.0 0.0 0.44 9

1735167563
0.0 0.0 0.44 10

1735167564
0.0 0.0 0.44 13210

1735167565
0.0 0.0 0.44 806

1735167566
0.0 0.0 0.44 15

1735167568
0.0 0.0 0.43 6

1735167568
0.0 0.0 0.43 2346

1735167569
0.0 0.0 0.43 1264

1735167570
0.0 0.0 0.43 17

1735167571
0.0 0.0 0.43 11

1735167572
0.0 0.0 0.43 6209

1735167573
0.0 0.0 0.42 10707

1735167574
0.0 0.0 0.42 4819

1735167575
0.0 0.0 0.42 7599

1735167576
0.0 0.0 0.42 8757

1735167577
0.0 0.0 0.42 0

1735167578
0.0 0.0 0.42 0

1735167579
0.0 0.0 0.41 13

1735167580
0.0 0.0 0.41 4

1735167581
0.0 0.0 0.41 6116

1735167582
0.0 0.0 0.41 0

1735167583
0.0 0.0 0.41 0

1735167584
0.0 0.0 0.41 0

1735167585
0.0 0.0 0.41 0

1735167586
0.0 0.0 0.41 9

1735167587
0.0 0.0 0.4 0

1735167588
0.0 0.0 0.4 0

1735167589
0.0 0.0 0.4 0

1735167590
0.0 0.0 0.4 32751

1735167591
0.18 0.03 0.4 0

1735167592
0.18 0.03 0.4 5

1735167593
0.18 0.03 0.4 0

1735167594
0.14 0.03 0.4 0

1735167595
0.14 0.03 0.4 0

1735167596
0.12 0.02 0.4 6

1735167597
0.09 0.02 0.4 4468

1735167598
0.09 0.02 0.4 0

1735167599
0.09 0.02 0.4 0

1735167600
0.08 0.02 0.39 4

1735167601
0.08 0.02 0.39 26

1735167602
0.06 0.02 0.39 3384

1735167603
0.06 0.02 0.39 0

1735167605
0.05 0.02 0.39 1403

1735167605
0.05 0.02 0.39 2952

1735167606
0.04 0.02 0.38 0

1735167607
0.04 0.02 0.38 4626

1735167608
0.03 0.02 0.38 3635

1735167609
0.03 0.02 0.38 12

1735167610
0.02 0.02 0.38 13

1735167611
0.02 0.02 0.38 12

1735167612
0.02 0.02 0.38 0

1735167613
0.02 0.02 0.38 0

1735167614
0.01 0.02 0.37 0

1735167615
0.01 0.02 0.37 2

1735167616
0.01 0.02 0.37 0

1735167617
0.01 0.01 0.37 22

1735167618
0.01 0.01 0.37 15

1735167619
0.0 0.01 0.36 1281

1735167620
0.0 0.01 0.36 3120

1735167621
0.0 0.01 0.36 1065

1735167622
0.0 0.01 0.36 4553

1735167623
0.0 0.01 0.36 0

1735167624
0.0 0.01 0.36 0

1735167625
0.0 0.01 0.36 3

1735167626
0.0 0.01 0.35 8

1735167627
0.0 0.01 0.35 0

1735167628
0.0 0.01 0.35 23

1735167629
0.0 0.01 0.35 0

1735167630
0.0 0.01 0.35 0

1735167631
0.0 0.01 0.35 255

1735167632
0.0 0.01 0.35 0

1735167633
0.0 0.01 0.35 3

1735167634
0.0 0.01 0.34 323

1735167635
0.0 0.01 0.34 669

1735167636
0.0 0.01 0.34 4750

1735167637
0.0 0.01 0.34 468

1735167638
0.0 0.01 0.34 465

1735167639
0.0 0.01 0.34 0

1735167640
0.0 0.01 0.34 1099

1735167641
0.0 0.01 0.34 3923

1735167642
0.0 0.01 0.33 2026

1735167643
0.0 0.01 0.33 0

1735167644
0.0 0.01 0.33 4891

1735167645
0.0 0.01 0.33 1813

1735167646
0.0 0.0 0.33 0

1735167647
0.0 0.0 0.33 0

1735167648
0.0 0.0 0.33 4854

1735167649
0.0 0.0 0.33 0

1735167650
0.0 0.0 0.33 1247

1735167651
0.0 0.0 0.33 77300

1735167652
0.54 0.1 0.34 3018

1735167653
0.54 0.1 0.34 1864

1735167654
0.44 0.1 0.34 937

1735167655
0.44 0.1 0.34 0

1735167656
0.36 0.09 0.34 3471

1735167657
0.36 0.09 0.34 2314

1735167658
0.29 0.09 0.34 14043

1735167659
0.29 0.09 0.34 0

1735167660
0.24 0.09 0.33 2169

1735167661
0.24 0.09 0.33 6232

1735167662
0.19 0.08 0.33 0

1735167663
0.16 0.08 0.33 987

1735167664
0.16 0.08 0.33 2421

1735167665
0.16 0.08 0.33 0

1735167666
0.13 0.08 0.33 0

1735167667
0.13 0.08 0.33 1012

1735167668
0.1 0.08 0.32 2643

1735167669
0.1 0.08 0.32 1

1735167670
0.08 0.07 0.32 0

1735167671
0.08 0.07 0.32 1607

1735167672
0.07 0.07 0.32 2037

1735167673
0.07 0.07 0.32 6849

1735167674
0.05 0.07 0.32 0

1735167675
0.05 0.07 0.32 0

1735167676
0.04 0.06 0.31 1017

1735167677
0.04 0.06 0.31 3924

1735167678
0.03 0.06 0.31 0

1735167679
0.03 0.06 0.31 2178

1735167680
0.03 0.06 0.31 0

1735167681
0.03 0.06 0.31 5284

1735167682
0.02 0.06 0.31 0

1735167683
0.02 0.06 0.31 0

1735167684
0.02 0.05 0.3 0

1735167685
0.02 0.05 0.3 0

1735167686
0.01 0.05 0.3 686

1735167687
0.01 0.05 0.3 1431

1735167688
0.01 0.05 0.3 18970

1735167689
0.01 0.05 0.3 12441

1735167690
0.19 0.08 0.3 880

1735167691
0.19 0.08 0.3 3437

1735167692
0.15 0.08 0.3 4999

1735167693
0.15 0.08 0.3 0

1735167694
0.12 0.08 0.3 17

1735167695
0.12 0.08 0.3 5522

1735167696
0.1 0.07 0.3 0

1735167697
0.1 0.07 0.3 3

1735167698
0.08 0.07 0.29 4688

1735167699
0.08 0.07 0.29 27503

1735167700
0.25 0.1 0.3 1770

1735167701
0.25 0.1 0.3 476

1735167702
0.2 0.1 0.3 16

1735167703
0.2 0.1 0.3 6

1735167704
0.16 0.09 0.29 1227

1735167705
0.16 0.09 0.29 1182

1735167706
0.13 0.09 0.29 2309

1735167707
0.13 0.09 0.29 0

1735167708
0.11 0.09 0.29 0

1735167709
0.11 0.09 0.29 0

1735167711
0.09 0.08 0.29 3465

1735167711
0.09 0.08 0.29 0

1735167712
0.07 0.08 0.29 0

1735167714
0.07 0.08 0.29 0

1735167714
0.06 0.08 0.28 0

1735167715
0.06 0.08 0.28 13

1735167716
0.04 0.07 0.28 37

1735167717
0.04 0.07 0.28 1194

1735167718
0.04 0.07 0.28 3788

1735167719
0.04 0.07 0.28 0

1735167720
0.03 0.07 0.28 13754

1735167721
0.03 0.07 0.28 22491

1735167722
0.2 0.1 0.28 450

1735167723
0.2 0.1 0.28 0

1735167724
0.16 0.1 0.28 2092

1735167725
0.16 0.1 0.28 1737

1735167726
0.13 0.09 0.28 6

1735167727
0.13 0.09 0.28 0

1735167728
0.11 0.09 0.28 17614

1735167729
0.11 0.09 0.28 6487

1735167730
0.09 0.09 0.27 7845

1735167731
0.07 0.08 0.27 3653

1735167732
0.07 0.08 0.27 3092

1735167733
0.07 0.08 0.27 5040

1735167734
0.06 0.08 0.27 0

1735167735
0.06 0.08 0.27 0

1735167737
0.05 0.08 0.27 0

1735167738
0.04 0.07 0.27 1815

1735167739
0.04 0.07 0.27 5610

1735167740
0.03 0.07 0.26 4302

1735167741
0.03 0.07 0.26 3457

1735167742
0.02 0.07 0.26 3317

1735167744
0.02 0.07 0.26 0

1735167745
0.02 0.06 0.26 6471

1735167746
0.19 0.1 0.27 24115

1735167747
0.19 0.1 0.27 5

1735167748
0.16 0.09 0.26 21183

1735167749
0.31 0.12 0.27 3

1735167750
0.31 0.12 0.27 0

1735167751
0.25 0.12 0.27 11752

1735167752
0.25 0.12 0.27 18

1735167753
0.21 0.11 0.26 2183

1735167754
0.21 0.11 0.26 0

1735167755
0.21 0.11 0.26 0

1735167756
0.17 0.11 0.26 0

1735167757
0.14 0.11 0.26 3688

1735167758
0.14 0.11 0.26 1066

1735167759
0.11 0.1 0.26 3247

1735167760
0.11 0.1 0.26 5748

1735167761
0.09 0.1 0.26 9275

1735167762
0.09 0.1 0.26 2120

1735167763
0.09 0.1 0.26 2739

1735167764
0.07 0.09 0.25 3975

1735167765
0.07 0.09 0.25 10680

1735167766
0.06 0.09 0.25 2541

1735167767
0.06 0.09 0.25 14703

1735167768
0.05 0.09 0.25 2851

1735167769
0.04 0.08 0.25 0

1735167770
0.04 0.08 0.25 5

1735167771
0.03 0.08 0.25 7

1735167772
0.03 0.08 0.25 0

1735167773
0.02 0.08 0.25 1047

1735167775
0.02 0.08 0.25 0

1735167776
0.02 0.08 0.24 2316

1735167777
0.02 0.08 0.24 0

1735167778
0.01 0.07 0.24 4085

1735167780
0.01 0.07 0.24 1116

1735167781
0.01 0.07 0.24 18566

1735167782
0.01 0.07 0.24 6339

1735167783
0.01 0.07 0.24 1701

1735167784
0.0 0.06 0.24 1175

1735167785
0.0 0.06 0.24 0

1735167786
0.0 0.06 0.23 19709

1735167787
0.0 0.06 0.23 5526

1735167788
0.0 0.06 0.23 0

1735167789
0.0 0.06 0.23 0

1735167790
0.0 0.06 0.23 0

1735167791
0.0 0.06 0.23 3154

1735167792
0.0 0.05 0.23 9

1735167793
0.0 0.05 0.23 996

1735167794
0.0 0.05 0.23 2385

1735167795
0.0 0.05 0.22 11316

1735167796
0.0 0.05 0.22 5805

1735167797
0.0 0.05 0.22 9034

1735167798
0.0 0.05 0.22 11268

1735167800
0.0 0.05 0.22 0

1735167801
0.0 0.05 0.22 5777

1735167802
0.0 0.04 0.22 9979

1735167803
0.0 0.04 0.22 2237

1735167804
0.0 0.04 0.22 1936

1735167805
0.0 0.04 0.22 1057

1735167806
0.0 0.04 0.21 0

1735167807
0.0 0.04 0.21 0

1735167808
0.0 0.04 0.21 14663

1735167809
0.0 0.04 0.21 2263

1735167810
0.0 0.04 0.21 2750

1735167811
0.0 0.04 0.21 4972

1735167812
0.0 0.04 0.21 6301

1735167813
0.0 0.03 0.21 572

1735167814
0.0 0.03 0.21 1850

1735167815
0.0 0.03 0.21 5212

1735167816
0.0 0.03 0.2 3

1735167817
0.0 0.03 0.2 5958

1735167818
0.0 0.03 0.2 7850

1735167819
0.0 0.03 0.2 965

1735167820
0.0 0.03 0.2 3066

1735167821
0.0 0.03 0.2 0

1735167822
0.0 0.03 0.2 2526

1735167823
0.0 0.03 0.2 5978

1735167824
0.0 0.03 0.2 1391

1735167826
0.0 0.03 0.2 4332

1735167827
0.0 0.02 0.2 5021

1735167828
0.0 0.02 0.2 585

1735167829
0.0 0.02 0.2 488

1735167830
0.0 0.02 0.19 7826

1735167831
0.0 0.02 0.19 5130

1735167832
0.0 0.02 0.19 2390

1735167833
0.0 0.02 0.19 3306

1735167834
0.0 0.02 0.19 2258

1735167835
0.0 0.02 0.19 5791

1735167836
0.0 0.02 0.19 2521

1735167837
0.0 0.02 0.19 4014

1735167838
0.36 0.09 0.2 45937

1735167839
0.47 0.12 0.21 20036

1735167840
0.47 0.12 0.21 3207

1735167841
0.47 0.12 0.21 12323

1735167842
0.57 0.14 0.21 21697

1735167843
0.57 0.14 0.21 8417

1735167844
0.65 0.17 0.22 9064

1735167845
0.65 0.17 0.22 103236

1735167846
1.43 0.33 0.25 6234

1735167847
1.43 0.33 0.25 7828

1735167848
1.17 0.32 0.25 15991

1735167850
1.17 0.32 0.25 37922

1735167851
1.32 0.37 0.26 6264

1735167852
1.32 0.37 0.26 0

1735167853
1.08 0.36 0.26 0

1735167854
1.08 0.36 0.26 3283

1735167855
0.88 0.35 0.26 0

1735167856
0.88 0.35 0.26 0

1735167857
0.72 0.34 0.26 0

1735167858
0.72 0.34 0.26 0

1735167859
0.59 0.33 0.26 0

1735167859
0.59 0.33 0.26 0

1735167861
0.48 0.32 0.25 0

1735167862
0.48 0.32 0.25 4

1735167863
0.39 0.3 0.25 518

1735167864
0.39 0.3 0.25 0

1735167865
0.32 0.29 0.25 0

1735167866
0.32 0.29 0.25 0

1735167866
0.26 0.28 0.25 0

1735167867
0.26 0.28 0.25 0

1735167868
0.21 0.27 0.25 2913

1735167869
0.21 0.27 0.25 6

1735167870
0.17 0.27 0.24 0

1735167871
0.17 0.27 0.24 879

1735167872
0.14 0.26 0.24 0

1735167873
0.14 0.26 0.24 1

1735167874
0.11 0.25 0.24 5642

1735167875
0.11 0.25 0.24 7458

1735167876
0.09 0.24 0.24 17540

1735167877
0.09 0.24 0.24 0

1735167878
0.07 0.23 0.24 0

1735167879
0.07 0.23 0.24 0

1735167880
0.06 0.22 0.23 0

1735167881
0.06 0.22 0.23 0

1735167883
0.05 0.21 0.23 0

1735167883
0.05 0.21 0.23 7567

1735167884
0.04 0.21 0.23 0

1735167886
0.04 0.21 0.23 0

1735167886
0.03 0.2 0.23 0

1735167887
0.03 0.2 0.23 0

1735167888
0.02 0.19 0.23 0

1735167889
0.02 0.19 0.23 0

1735167890
0.02 0.19 0.22 0

1735167891
0.02 0.19 0.22 0

1735167892
0.01 0.18 0.22 0

1735167893
0.01 0.18 0.22 2

1735167894
0.01 0.17 0.22 23580

1735167895
0.01 0.17 0.22 33305

1735167896
0.55 0.27 0.24 17365

1735167898
0.55 0.27 0.24 26161

1735167899
0.99 0.36 0.26 26695

1735167900
0.99 0.36 0.26 1180

1735167901
0.81 0.34 0.26 5012

1735167902
0.81 0.34 0.26 11548

1735167903
0.66 0.33 0.25 1111

1735167904
0.66 0.33 0.25 0

1735167904
0.54 0.32 0.25 0

1735167905
0.54 0.32 0.25 0

1735167906
0.44 0.31 0.25 0

1735167908
0.44 0.31 0.25 0

1735167908
0.36 0.3 0.25 0

1735167909
0.36 0.3 0.25 0

1735167911
0.29 0.29 0.25 0

1735167912
0.29 0.29 0.25 0

1735167912
0.24 0.28 0.24 11

1735167913
0.24 0.28 0.24 0

1735167915
0.2 0.27 0.24 12

1735167916
0.2 0.27 0.24 0

1735167917
0.16 0.26 0.24 10147

1735167918
0.16 0.26 0.24 436

1735167919
0.13 0.25 0.24 0

1735167920
0.13 0.25 0.24 2

1735167921
0.1 0.24 0.24 2

1735167922
0.1 0.24 0.24 548

1735167923
0.08 0.23 0.23 0

1735167924
0.08 0.23 0.23 4373

1735167925
0.07 0.23 0.23 0

1735167926
0.07 0.23 0.23 0

1735167927
0.05 0.22 0.23 0

1735167928
0.05 0.22 0.23 0

1735167929
0.04 0.21 0.23 0

1735167930
0.04 0.21 0.23 0

1735167931
0.03 0.2 0.23 0

1735167932
0.03 0.2 0.23 0

1735167933
0.03 0.2 0.22 0

1735167934
0.03 0.2 0.22 0

1735167935
0.02 0.19 0.22 0

1735167936
0.02 0.19 0.22 0

1735167937
0.02 0.18 0.22 0

1735167938
0.02 0.18 0.22 0

1735167939
0.01 0.18 0.22 0

1735167940
0.01 0.18 0.22 0

1735167940
0.01 0.17 0.22 0

1735167942
0.01 0.17 0.22 0

1735167943
0.01 0.16 0.22 0

1735167944
0.01 0.16 0.22 0

1735167945
0.0 0.16 0.21 0

1735167946
0.0 0.16 0.21 0

1735167946
0.0 0.15 0.21 0

1735167948
0.0 0.15 0.21 0

1735167949
0.0 0.15 0.21 0

1735167949
0.0 0.15 0.21 0

1735167951
0.0 0.14 0.21 0

1735167951
0.0 0.14 0.21 0

1735167952
0.0 0.14 0.21 0

1735167953
0.0 0.14 0.21 5

1735167955
0.0 0.13 0.2 0

1735167956
0.0 0.13 0.2 0

1735167957
0.0 0.13 0.2 0

1735167957
0.0 0.13 0.2 0

1735167958
0.0 0.12 0.2 0

1735167959
0.0 0.12 0.2 0

1735167961
0.0 0.12 0.2 0

1735167962
0.0 0.12 0.2 0

1735167963
0.0 0.11 0.2 0

1735167963
0.0 0.11 0.2 0

1735167964
0.0 0.11 0.2 0

1735167965
0.0 0.11 0.2 0

1735167966
0.0 0.11 0.2 0

1735167968
0.0 0.11 0.2 0

1735167969
0.0 0.1 0.19 0

1735167971
0.0 0.1 0.19 0

1735167972
0.0 0.1 0.19 0

1735167973
0.0 0.1 0.19 0

1735167974
0.0 0.1 0.19 0

1735167975
0.0 0.09 0.19 0

1735167976
0.0 0.09 0.19 0

1735167977
0.0 0.09 0.19 0

1735167978
0.0 0.09 0.19 0

1735167979
0.0 0.08 0.19 0

1735167980
0.0 0.08 0.19 0

1735167981
0.0 0.08 0.19 0

1735167982
0.0 0.08 0.19 0

1735167983
0.0 0.08 0.18 0

1735167984
0.0 0.08 0.18 0

1735167985
0.0 0.08 0.18 600

1735167986
0.0 0.08 0.18 0

1735167987
0.0 0.07 0.18 0

1735167988
0.0 0.07 0.18 0

1735167989
0.0 0.07 0.18 6

1735167990
0.0 0.07 0.18 0

1735167991
0.0 0.07 0.18 0

1735167992
0.0 0.07 0.18 0

1735167993
0.0 0.06 0.18 0

1735167994
0.0 0.06 0.18 0

1735167995
0.0 0.06 0.18 3

1735167996
0.0 0.06 0.18 5

1735167997
0.0 0.06 0.17 0

1735167998
0.0 0.06 0.17 0

1735167999
0.0 0.06 0.17 0

1735168000
0.0 0.06 0.17 0

1735168001
0.0 0.05 0.17 0

1735168002
0.0 0.05 0.17 0

1735168003
0.0 0.05 0.17 0

1735168004
0.0 0.05 0.17 0

1735168005
0.0 0.05 0.17 4

1735168006
0.0 0.05 0.17 0

1735168007
0.0 0.05 0.17 3

1735168008
0.0 0.05 0.17 0

1735168009
0.0 0.05 0.16 2

1735168010
0.0 0.05 0.16 0

1735168011
0.0 0.04 0.16 0

1735168012
0.0 0.04 0.16 0

1735168013
0.0 0.04 0.16 14287

1735168014
0.0 0.04 0.16 21736

1735168015
0.18 0.07 0.17 17143

1735168016
0.18 0.07 0.17 1639

1735168017
0.14 0.07 0.17 0

1735168018
0.14 0.07 0.17 0

1735168019
0.12 0.07 0.16 775

1735168020
0.12 0.07 0.16 0

1735168021
0.09 0.07 0.16 381

1735168022
0.09 0.07 0.16 0

1735168023
0.08 0.06 0.16 0

1735168024
0.08 0.06 0.16 1063

1735168025
0.06 0.06 0.16 0

1735168026
0.06 0.06 0.16 0

1735168027
0.05 0.06 0.16 0

1735168028
0.05 0.06 0.16 869

1735168029
0.04 0.06 0.16 0

1735168030
0.04 0.06 0.16 5648

1735168031
0.03 0.05 0.16 17992

1735168032
0.03 0.05 0.16 21961

1735168033
0.21 0.08 0.16 24383

1735168034
0.21 0.08 0.16 30231

1735168036
0.53 0.15 0.17 102460

1735168037
1.16 0.27 0.2 5004

1735168038
1.16 0.27 0.2 7788

1735168039
0.95 0.26 0.2 0

1735168040
0.95 0.26 0.2 560

1735168041
0.77 0.25 0.2 947

1735168042
0.77 0.25 0.2 701

1735168043
0.63 0.25 0.2 9783

1735168044
0.63 0.25 0.2 2691

1735168045
0.52 0.24 0.2 4

1735168046
0.52 0.24 0.2 0

1735168047
0.42 0.23 0.19 0

1735168048
0.42 0.23 0.19 903

1735168049
0.34 0.22 0.19 27093

1735168050
0.34 0.22 0.19 473

1735168051
0.46 0.25 0.2 7345

1735168052
0.46 0.25 0.2 0

1735168053
0.38 0.24 0.2 2155

1735168054
0.38 0.24 0.2 2059

1735168055
0.31 0.23 0.2 15

1735168056
0.31 0.23 0.2 0

1735168057
0.25 0.22 0.19 0

1735168058
0.25 0.22 0.19 0

1735168059
0.2 0.21 0.19 0

1735168060
0.2 0.21 0.19 0

1735168061
0.17 0.21 0.19 4974

1735168062
0.17 0.21 0.19 25474

1735168063
0.32 0.23 0.2 1201

1735168064
0.32 0.23 0.2 4920

1735168065
0.26 0.23 0.2 4396

1735168066
0.26 0.23 0.2 114101

1735168067
1.3 0.41 0.24 349130

1735168069
5.23 1.15 0.39 151588

1735168070
5.23 1.15 0.39 12637

1735168071
4.46 1.15 0.4 3598

1735168072
4.46 1.15 0.4 0

1735168073
3.65 1.11 0.39 1223

1735168074
3.65 1.11 0.39 0

1735168075
2.99 1.07 0.39 660

1735168076
2.99 1.07 0.39 839

1735168077
2.45 1.04 0.39 0

1735168078
2.45 1.04 0.39 752

1735168079
2.0 1.0 0.38 2

1735168080
2.0 1.0 0.38 0

1735168081
1.64 0.97 0.38 2

1735168082
1.64 0.97 0.38 1784

1735168083
1.34 0.94 0.38 0

1735168084
1.34 0.94 0.38 0

1735168085
1.1 0.91 0.37 0

1735168086
1.1 0.91 0.37 0

1735168087
0.9 0.88 0.37 0

1735168088
0.9 0.88 0.37 0

1735168089
48.14 12.13 2.86 8925211

1735168101
60.32 57.88 32.01 126000090

1735170011
57.95 59.64 60.78 1672556427

