1735173216
/dev/sda1: 25006866432
overlay: 25006866432

1735173217
/dev/sda1: 25008947200
overlay: 25008947200

1735173218
/dev/sda1: 25010008064
overlay: 25010008064

1735173219
/dev/sda1: 25023762432
overlay: 25023762432

1735173220
/dev/sda1: 25061818368
overlay: 25061818368

1735173222
/dev/sda1: 25100034048
overlay: 25100034048

1735173223
/dev/sda1: 25117519872
overlay: 25117519872

1735173224
/dev/sda1: 25131143168
overlay: 25131143168

1735173225
/dev/sda1: 25151049728
overlay: 25151049728

1735173226
/dev/sda1: 25158070272
overlay: 25158070272

1735173227
/dev/sda1: 25172631552
overlay: 25172631552

1735173228
/dev/sda1: 25186856960
overlay: 25186856960

1735173229
/dev/sda1: 25310793728
overlay: 25310793728

1735173231
/dev/sda1: 25380466688
overlay: 25380466688

1735173232
/dev/sda1: 25394946048
overlay: 25394946048

1735173233
/dev/sda1: 25418256384
overlay: 25418256384

1735173235
/dev/sda1: 25555005440
overlay: 25555005440

1735173237
/dev/sda1: 25621704704
overlay: 25621704704

1735173238
/dev/sda1: 25675395072
overlay: 25675395072

1735173240
/dev/sda1: 25736622080
overlay: 25736638464

1735173241
/dev/sda1: 25755160576
overlay: 25755160576

1735173242
/dev/sda1: 25821708288
overlay: 25821708288

1735173244
/dev/sda1: 25885429760
overlay: 25885429760

1735173246
/dev/sda1: 25937149952
overlay: 25937149952

1735173247
/dev/sda1: 25986011136
overlay: 25986011136

1735173249
/dev/sda1: 26033942528
overlay: 26033942528

1735173251
/dev/sda1: 26076590080
overlay: 26076594176

1735173252
/dev/sda1: 26147508224
overlay: 26147508224

1735173254
/dev/sda1: 26186440704
overlay: 26186440704

1735173255
/dev/sda1: 26225745920
overlay: 26225745920

1735173257
/dev/sda1: 26265391104
overlay: 26265391104

1735173259
/dev/sda1: 26307776512
overlay: 26307776512

1735173261
/dev/sda1: 26330402816
overlay: 26330402816

1735173263
/dev/sda1: 26388623360
overlay: 26388623360

1735173264
/dev/sda1: 26462015488
overlay: 26462023680

1735173266
/dev/sda1: 26574000128
overlay: 26574000128

1735173268
/dev/sda1: 26652286976
overlay: 26652286976

1735173270
/dev/sda1: 26704760832
overlay: 26704760832

1735173271
/dev/sda1: 26741989376
overlay: 26741989376

1735173273
/dev/sda1: 26745577472
overlay: 26745577472

1735173275
/dev/sda1: 26778271744
overlay: 26778271744

1735173276
/dev/sda1: 26780401664
overlay: 26780401664

1735173277
/dev/sda1: 26782044160
overlay: 26782044160

1735173278
/dev/sda1: 26788925440
overlay: 26788925440

1735173279
/dev/sda1: 26824278016
overlay: 26824278016

1735173281
/dev/sda1: 26865229824
overlay: 26865229824

1735173282
/dev/sda1: 26959126528
overlay: 26959126528

1735173284
/dev/sda1: 26970726400
overlay: 26970726400

1735173286
/dev/sda1: 27005173760
overlay: 27005173760

1735173288
/dev/sda1: 27085733888
overlay: 27085733888

1735173289
/dev/sda1: 27088437248
overlay: 27088437248

1735173291
/dev/sda1: 27089596416
overlay: 27089596416

1735173292
/dev/sda1: 27090571264
overlay: 27090571264

1735173293
/dev/sda1: 27091857408
overlay: 27091857408

1735173294
/dev/sda1: 27092602880
overlay: 27092602880

1735173295
/dev/sda1: 27095695360
overlay: 27095695360

1735173296
/dev/sda1: 27104403456
overlay: 27104403456

1735173297
/dev/sda1: 27114995712
overlay: 27114995712

1735173298
/dev/sda1: 27126755328
overlay: 27126755328

1735173299
/dev/sda1: 27129815040
overlay: 27129815040

1735173300
/dev/sda1: 27138023424
overlay: 27138023424

1735173301
/dev/sda1: 27154448384
overlay: 27154448384

1735173302
/dev/sda1: 27169730560
overlay: 27169730560

1735173303
/dev/sda1: 27174535168
overlay: 27174535168

1735173305
/dev/sda1: 27177897984
overlay: 27177897984

1735173306
/dev/sda1: 27179991040
overlay: 27179991040

1735173307
/dev/sda1: 27195371520
overlay: 27195371520

1735173309
/dev/sda1: 27199447040
overlay: 27199447040

1735173310
/dev/sda1: 27210190848
overlay: 27210190848

1735173311
/dev/sda1: 27212836864
overlay: 27212836864

1735173312
/dev/sda1: 27338280960
overlay: 27338280960

1735173313
/dev/sda1: 27508617216
overlay: 27508617216

1735173315
/dev/sda1: 27515293696
overlay: 27515293696

1735173317
/dev/sda1: 27519004672
overlay: 27519004672

1735173319
/dev/sda1: 27532058624
overlay: 27532058624

1735173320
/dev/sda1: 27545128960
overlay: 27545128960

1735173321
/dev/sda1: 27557879808
overlay: 27557879808

1735173323
/dev/sda1: 27583660032
overlay: 27583660032

1735173324
/dev/sda1: 27590803456
overlay: 27590803456

1735173326
/dev/sda1: 27603390464
overlay: 27603390464

1735173327
/dev/sda1: 27609300992
overlay: 27609300992

1735173329
/dev/sda1: 27623755776
overlay: 27623755776

1735173330
/dev/sda1: 27629981696
overlay: 27629981696

1735173331
/dev/sda1: 27640680448
overlay: 27640680448

1735173332
/dev/sda1: 27650912256
overlay: 27650912256

1735173333
/dev/sda1: 27660120064
overlay: 27660120064

1735173334
/dev/sda1: 27667685376
overlay: 27667685376

1735173335
/dev/sda1: 27692703744
overlay: 27692703744

1735173336
/dev/sda1: 27779563520
overlay: 27779563520

1735173338
/dev/sda1: 27852001280
overlay: 27852001280

1735173339
/dev/sda1: 27863748608
overlay: 27863748608

1735173341
/dev/sda1: 27874897920
overlay: 27874897920

1735173342
/dev/sda1: 27885039616
overlay: 27885039616

1735173344
/dev/sda1: 27910430720
overlay: 27910430720

1735173345
/dev/sda1: 27929157632
overlay: 27929157632

1735173347
/dev/sda1: 27937452032
overlay: 27937452032

1735173348
/dev/sda1: 27940102144
overlay: 27940102144

1735173349
/dev/sda1: 27973738496
overlay: 27973738496

1735173350
/dev/sda1: 28002684928
overlay: 28002684928

1735173352
/dev/sda1: 28019658752
overlay: 28019658752

1735173353
/dev/sda1: 28025905152
overlay: 28025905152

1735173355
/dev/sda1: 28040667136
overlay: 28040667136

1735173356
/dev/sda1: 28056199168
overlay: 28056199168

1735173357
/dev/sda1: 28071350272
overlay: 28071350272

1735173358
/dev/sda1: 28084277248
overlay: 28084277248

1735173359
/dev/sda1: 28098416640
overlay: 28098416640

1735173360
/dev/sda1: 28111560704
overlay: 28111560704

1735173361
/dev/sda1: 28125220864
overlay: 28125220864

1735173363
/dev/sda1: 28165169152
overlay: 28165169152

1735173364
/dev/sda1: 28177870848
overlay: 28177870848

1735173365
/dev/sda1: 28192608256
overlay: 28192608256

1735173367
/dev/sda1: 28217647104
overlay: 28217647104

1735173368
/dev/sda1: 28240355328
overlay: 28240359424

1735173369
/dev/sda1: 28254576640
overlay: 28254576640

1735173370
/dev/sda1: 28269092864
overlay: 28269092864

1735173372
/dev/sda1: 28293558272
overlay: 28293558272

1735173374
/dev/sda1: 28312317952
overlay: 28312317952

1735173376
/dev/sda1: 28334997504
overlay: 28334997504

1735173377
/dev/sda1: 28347486208
overlay: 28347486208

1735173378
/dev/sda1: 28364140544
overlay: 28364140544

1735173379
/dev/sda1: 28388057088
overlay: 28388057088

1735173380
/dev/sda1: 28418285568
overlay: 28418285568

1735173381
/dev/sda1: 28455927808
overlay: 28455927808

1735173382
/dev/sda1: 28468465664
overlay: 28468465664

1735173384
/dev/sda1: 28491231232
overlay: 28491231232

1735173385
/dev/sda1: 28494524416
overlay: 28494524416

1735173387
/dev/sda1: 28528685056
overlay: 28528685056

1735173388
/dev/sda1: 28576768000
overlay: 28576768000

1735173390
/dev/sda1: 28588544000
overlay: 28588544000

1735173391
/dev/sda1: 28600983552
overlay: 28600983552

1735173393
/dev/sda1: 28625244160
overlay: 28625244160

1735173394
/dev/sda1: 28637605888
overlay: 28637605888

1735173395
/dev/sda1: 28664291328
overlay: 28664291328

1735173396
/dev/sda1: 28677386240
overlay: 28677386240

1735173397
/dev/sda1: 28691042304
overlay: 28691042304

1735173398
/dev/sda1: 28703961088
overlay: 28703961088

1735173399
/dev/sda1: 28716376064
overlay: 28716376064

1735173400
/dev/sda1: 28729552896
overlay: 28729552896

1735173401
/dev/sda1: 28752986112
overlay: 28752986112

1735173403
/dev/sda1: 28779237376
overlay: 28779237376

1735173405
/dev/sda1: 28806688768
overlay: 28806688768

1735173406
/dev/sda1: 28819652608
overlay: 28819652608

1735173407
/dev/sda1: 28829253632
overlay: 28829253632

1735173409
/dev/sda1: 28849434624
overlay: 28849434624

1735173410
/dev/sda1: 28896768000
overlay: 28896768000

1735173411
/dev/sda1: 28909314048
overlay: 28909314048

1735173412
/dev/sda1: 28977811456
overlay: 28977811456

1735173413
/dev/sda1: 28984602624
overlay: 28984602624

1735173414
/dev/sda1: 29098975232
overlay: 29098975232

1735173416
/dev/sda1: 29206102016
overlay: 29206102016

1735173417
/dev/sda1: 29254123520
overlay: 29254123520

1735173419
/dev/sda1: 29288538112
overlay: 29288538112

1735173420
/dev/sda1: 29300912128
overlay: 29300912128

1735173421
/dev/sda1: 29308878848
overlay: 29308878848

1735173422
/dev/sda1: 29321375744
overlay: 29321375744

1735173424
/dev/sda1: 29342912512
overlay: 29342912512

1735173425
/dev/sda1: 29358084096
overlay: 29358084096

1735173427
/dev/sda1: 29385629696
overlay: 29385629696

1735173429
/dev/sda1: 29407232000
overlay: 29407232000

1735173430
/dev/sda1: 29421891584
overlay: 29421891584

1735173431
/dev/sda1: 29435609088
overlay: 29435609088

1735173432
/dev/sda1: 29450993664
overlay: 29450993664

1735173434
/dev/sda1: 29455548416
overlay: 29455548416

1735173436
/dev/sda1: 29464416256
overlay: 29464416256

1735173437
/dev/sda1: 29465845760
overlay: 29465845760

1735173438
/dev/sda1: 29465841664
overlay: 29465841664

1735173439
/dev/sda1: 29466968064
overlay: 29466968064

1735173440
/dev/sda1: 29467500544
overlay: 29467500544

1735173441
/dev/sda1: 29467684864
overlay: 29467684864

1735173442
/dev/sda1: 29467885568
overlay: 29467885568

1735173443
/dev/sda1: 29469728768
overlay: 29469728768

1735173444
/dev/sda1: 29470650368
overlay: 29470650368

1735173445
/dev/sda1: 29472796672
overlay: 29472796672

1735173446
/dev/sda1: 29472444416
overlay: 29472444416

1735173447
/dev/sda1: 29472710656
overlay: 29472710656

1735173448
/dev/sda1: 29473873920
overlay: 29473873920

1735173449
/dev/sda1: 29474283520
overlay: 29474283520

1735173450
/dev/sda1: 29475688448
overlay: 29475688448

1735173451
/dev/sda1: 29478092800
overlay: 29478092800

1735173452
/dev/sda1: 29479124992
overlay: 29479124992

1735173453
/dev/sda1: 29479817216
overlay: 29479817216

1735173454
/dev/sda1: 29480599552
overlay: 29480599552

1735173455
/dev/sda1: 29485232128
overlay: 29485232128

1735173457
/dev/sda1: 29488336896
overlay: 29488336896

1735173458
/dev/sda1: 29489315840
overlay: 29489315840

1735173459
/dev/sda1: 29506830336
overlay: 29506830336

1735173460
/dev/sda1: 29511135232
overlay: 29511135232

1735173461
/dev/sda1: 29511147520
overlay: 29511147520

1735173462
/dev/sda1: 29513875456
overlay: 29513875456

1735173463
/dev/sda1: 29514280960
overlay: 29514280960

1735173464
/dev/sda1: 29515513856
overlay: 29515513856

1735173465
/dev/sda1: 29516812288
overlay: 29516812288

1735173466
/dev/sda1: 29518802944
overlay: 29518802944

1735173467
/dev/sda1: 29521883136
overlay: 29521883136

1735173468
/dev/sda1: 29523505152
overlay: 29523505152

1735173469
/dev/sda1: 29559214080
overlay: 29559214080

1735173470
/dev/sda1: 29567770624
overlay: 29567770624

1735173471
/dev/sda1: 29580783616
overlay: 29580783616

1735173472
/dev/sda1: 29593976832
overlay: 29593976832

1735173473
/dev/sda1: 29594984448
overlay: 29594984448

1735173474
/dev/sda1: 29635178496
overlay: 29635178496

1735173475
/dev/sda1: 29676605440
overlay: 29676605440

1735173476
/dev/sda1: 29767811072
overlay: 29767811072

1735173478
/dev/sda1: 29887963136
overlay: 29887963136

1735173480
/dev/sda1: 29947498496
overlay: 29947498496

1735173482
/dev/sda1: 29976911872
overlay: 29976920064

1735173483
/dev/sda1: 30005071872
overlay: 30005071872

1735173485
/dev/sda1: 30044483584
overlay: 30044483584

1735173486
/dev/sda1: 30074359808
overlay: 30074359808

1735173488
/dev/sda1: 30130069504
overlay: 30130069504

1735173490
/dev/sda1: 30200180736
overlay: 30200180736

1735173491
/dev/sda1: 30274924544
overlay: 30274924544

1735173493
/dev/sda1: 30302478336
overlay: 30302478336

1735173494
/dev/sda1: 30332084224
overlay: 30332084224

1735173496
/dev/sda1: 30373093376
overlay: 30373093376

1735173497
/dev/sda1: 30399688704
overlay: 30399688704

1735173500
/dev/sda1: 30446497792
overlay: 30446497792

1735173502
/dev/sda1: 30493503488
overlay: 30493503488

1735173503
/dev/sda1: 30529089536
overlay: 30529089536

1735173505
/dev/sda1: 30573846528
overlay: 30573846528

1735173507
/dev/sda1: 30622949376
overlay: 30622949376

1735173509
/dev/sda1: 30667710464
overlay: 30667710464

1735173510
/dev/sda1: 30676709376
overlay: 30676709376

1735173512
/dev/sda1: 30734483456
overlay: 30734483456

1735173514
/dev/sda1: 30786904064
overlay: 30786904064

1735173515
/dev/sda1: 30797058048
overlay: 30797123584

1735173517
/dev/sda1: 30854881280
overlay: 30854881280

1735173519
/dev/sda1: 30922915840
overlay: 30922915840

1735173521
/dev/sda1: 30960295936
overlay: 30960295936

1735173522
/dev/sda1: 30996258816
overlay: 30996258816

1735173524
/dev/sda1: 31053955072
overlay: 31053955072

1735173526
/dev/sda1: 31104348160
overlay: 31104344064

1735173528
/dev/sda1: 31137951744
overlay: 31137951744

1735173529
/dev/sda1: 31170523136
overlay: 31170523136

1735173531
/dev/sda1: 31232081920
overlay: 31232086016

1735173533
/dev/sda1: 31265333248
overlay: 31265333248

1735173534
/dev/sda1: 31299624960
overlay: 31299624960

1735173536
/dev/sda1: 31331651584
overlay: 31331651584

1735173538
/dev/sda1: 31392731136
overlay: 31392731136

1735173540
/dev/sda1: 31465598976
overlay: 31465598976

1735173542
/dev/sda1: 31525457920
overlay: 31525457920

1735173544
/dev/sda1: 31587115008
overlay: 31587115008

1735173545
/dev/sda1: 31595937792
overlay: 31595937792

1735173547
/dev/sda1: 31643975680
overlay: 31643975680

1735173549
/dev/sda1: 31715532800
overlay: 31715532800

1735173551
/dev/sda1: 31789195264
overlay: 31790096384

1735173553
/dev/sda1: 31841370112
overlay: 31841370112

1735173555
/dev/sda1: 31893041152
overlay: 31893041152

1735173557
/dev/sda1: 31932780544
overlay: 31932768256

1735173559
/dev/sda1: 31984050176
overlay: 31984050176

1735173561
/dev/sda1: 32065826816
overlay: 32065826816

1735173563
/dev/sda1: 32103956480
overlay: 32103956480

1735173564
/dev/sda1: 32135516160
overlay: 32135512064

1735173565
/dev/sda1: 32167387136
overlay: 32167387136

1735173567
/dev/sda1: 32216293376
overlay: 32216293376

1735173569
/dev/sda1: 32274083840
overlay: 32274083840

1735173571
/dev/sda1: 32297512960
overlay: 32297512960

1735173572
/dev/sda1: 32345337856
overlay: 32345337856

1735173574
/dev/sda1: 32349487104
overlay: 32349487104

1735173575
/dev/sda1: 32352604160
overlay: 32352604160

1735173577
/dev/sda1: 32353206272
overlay: 32353206272

1735173578
/dev/sda1: 32353660928
overlay: 32353660928

1735173579
/dev/sda1: 32354177024
overlay: 32354177024

1735173580
/dev/sda1: 32354496512
overlay: 32354496512

1735173581
/dev/sda1: 32356315136
overlay: 32356315136

1735173583
/dev/sda1: 32358387712
overlay: 32358387712

1735173584
/dev/sda1: 32358281216
overlay: 32358281216

1735173586
/dev/sda1: 32359182336
overlay: 32359182336

1735173587
/dev/sda1: 32361160704
overlay: 32361160704

1735173589
/dev/sda1: 32363704320
overlay: 32363704320

1735173591
/dev/sda1: 32364322816
overlay: 32364322816

1735173592
/dev/sda1: 32365375488
overlay: 32365375488

1735173593
/dev/sda1: 32365805568
overlay: 32365805568

1735173594
/dev/sda1: 32366256128
overlay: 32366256128

1735173595
/dev/sda1: 32368017408
overlay: 32368017408

1735173596
/dev/sda1: 32368435200
overlay: 32368435200

1735173597
/dev/sda1: 32368721920
overlay: 32368721920

1735173598
/dev/sda1: 32369782784
overlay: 32369782784

1735173599
/dev/sda1: 32373043200
overlay: 32373043200

1735173600
/dev/sda1: 32374382592
overlay: 32374382592

1735173601
/dev/sda1: 32375283712
overlay: 32375283712

1735173602
/dev/sda1: 32375934976
overlay: 32375934976

1735173603
/dev/sda1: 32378372096
overlay: 32378372096

1735173604
/dev/sda1: 32378789888
overlay: 32378789888

1735173605
/dev/sda1: 32379076608
overlay: 32379076608

1735173606
/dev/sda1: 32381161472
overlay: 32381161472

1735173607
/dev/sda1: 32382836736
overlay: 32382836736

1735173608
/dev/sda1: 32423931904
overlay: 32423931904

1735173609
/dev/sda1: 32426983424
overlay: 32426983424

1735173610
/dev/sda1: 32474374144
overlay: 32474374144

1735173611
/dev/sda1: 32512823296
overlay: 32512823296

1735173613
/dev/sda1: 32582168576
overlay: 32582168576

1735173615
/dev/sda1: 32631914496
overlay: 32631914496

1735173616
/dev/sda1: 32633978880
overlay: 32633978880

1735173618
/dev/sda1: 32639016960
overlay: 32639016960

1735173620
/dev/sda1: 32657354752
overlay: 32657354752

1735173622
/dev/sda1: 32679854080
overlay: 32679854080

1735173623
/dev/sda1: 32690393088
overlay: 32690393088

1735173625
/dev/sda1: 32713523200
overlay: 32713523200

1735173626
/dev/sda1: 32723521536
overlay: 32723521536

1735173628
/dev/sda1: 32741691392
overlay: 32741691392

1735173630
/dev/sda1: 32767262720
overlay: 32767262720

1735173631
/dev/sda1: 32770965504
overlay: 32770965504

1735173632
/dev/sda1: 32772075520
overlay: 32772075520

1735173633
/dev/sda1: 32772710400
overlay: 32772710400

1735173635
/dev/sda1: 32777379840
overlay: 32777379840

1735173636
/dev/sda1: 32776491008
overlay: 32776491008

1735173637
/dev/sda1: 32781815808
overlay: 32781815808

1735173638
/dev/sda1: 32785600512
overlay: 32785600512

1735173639
/dev/sda1: 32786157568
overlay: 32786157568

1735173640
/dev/sda1: 32789344256
overlay: 32789344256

1735173641
/dev/sda1: 32790945792
overlay: 32790945792

1735173642
/dev/sda1: 32791130112
overlay: 32791130112

1735173643
/dev/sda1: 32791453696
overlay: 32791453696

1735173644
/dev/sda1: 32792485888
overlay: 32792485888

1735173645
/dev/sda1: 32793112576
overlay: 32793112576

1735173646
/dev/sda1: 32793341952
overlay: 32793341952

1735173647
/dev/sda1: 32794914816
overlay: 32794914816

1735173648
/dev/sda1: 32795369472
overlay: 32795369472

1735173649
/dev/sda1: 32795480064
overlay: 32795480064

1735173650
/dev/sda1: 32796717056
overlay: 32796717056

1735173651
/dev/sda1: 32797667328
overlay: 32797667328

1735173652
/dev/sda1: 32797995008
overlay: 32797995008

1735173653
/dev/sda1: 32798089216
overlay: 32798089216

1735173654
/dev/sda1: 32798339072
overlay: 32798339072

1735173655
/dev/sda1: 32799035392
overlay: 32799035392

1735173657
/dev/sda1: 32801210368
overlay: 32801210368

1735173658
/dev/sda1: 32803524608
overlay: 32803524608

1735173660
/dev/sda1: 32806703104
overlay: 32806703104

1735173661
/dev/sda1: 32807297024
overlay: 32807297024

1735173662
/dev/sda1: 32808677376
overlay: 32808677376

1735173663
/dev/sda1: 32809037824
overlay: 32809037824

1735173664
/dev/sda1: 32809369600
overlay: 32809369600

1735173666
/dev/sda1: 32809582592
overlay: 32809582592

1735173667
/dev/sda1: 32809783296
overlay: 32809783296

1735173668
/dev/sda1: 32809934848
overlay: 32809934848

1735173669
/dev/sda1: 32810217472
overlay: 32810217472

1735173670
/dev/sda1: 32810414080
overlay: 32810414080

1735173671
/dev/sda1: 32813936640
overlay: 32813936640

1735173672
/dev/sda1: 32814178304
overlay: 32814178304

1735173673
/dev/sda1: 32815087616
overlay: 32815087616

1735173674
/dev/sda1: 32815652864
overlay: 32815652864

1735173675
/dev/sda1: 32816480256
overlay: 32816480256

1735173676
/dev/sda1: 32816848896
overlay: 32816848896

1735173677
/dev/sda1: 32816955392
overlay: 32816955392

1735173678
/dev/sda1: 32817266688
overlay: 32817266688

1735173679
/dev/sda1: 32817680384
overlay: 32817680384

1735173680
/dev/sda1: 32818257920
overlay: 32818257920

1735173681
/dev/sda1: 32818438144
overlay: 32818438144

1735173682
/dev/sda1: 32818683904
overlay: 32818683904

1735173683
/dev/sda1: 32818962432
overlay: 32818962432

1735173684
/dev/sda1: 32821665792
overlay: 32821665792

1735173685
/dev/sda1: 32822644736
overlay: 32822644736

1735173686
/dev/sda1: 32822554624
overlay: 32822554624

1735173687
/dev/sda1: 32822890496
overlay: 32822890496

1735173688
/dev/sda1: 32823787520
overlay: 32823787520

1735173689
/dev/sda1: 32824094720
overlay: 32824094720

1735173690
/dev/sda1: 32824406016
overlay: 32824406016

1735173691
/dev/sda1: 32824610816
overlay: 32824610816

1735173692
/dev/sda1: 32825020416
overlay: 32825020416

1735173693
/dev/sda1: 32826052608
overlay: 32826052608

1735173694
/dev/sda1: 32827129856
overlay: 32827129856

1735173695
/dev/sda1: 32827936768
overlay: 32827936768

1735173696
/dev/sda1: 32828993536
overlay: 32828993536

1735173697
/dev/sda1: 32829927424
overlay: 32829927424

1735173698
/dev/sda1: 32830971904
overlay: 32830971904

1735173699
/dev/sda1: 32832077824
overlay: 32832077824

1735173700
/dev/sda1: 32832217088
overlay: 32832217088

1735173705
/dev/sda1: 32834158592
overlay: 32834158592

1735173706
/dev/sda1: 32835506176
overlay: 32835506176

1735173707
/dev/sda1: 32834785280
overlay: 32834785280

1735173708
/dev/sda1: 32835014656
overlay: 32835014656

1735173709
/dev/sda1: 32835690496
overlay: 32835690496

1735173710
/dev/sda1: 32835850240
overlay: 32835850240

1735173711
/dev/sda1: 32838483968
overlay: 32838483968

1735173712
/dev/sda1: 32842809344
overlay: 32842809344

1735173713
/dev/sda1: 32845578240
overlay: 32845578240

1735173714
/dev/sda1: 32847060992
overlay: 32847060992

1735173715
/dev/sda1: 32853397504
overlay: 32853397504

1735173716
/dev/sda1: 32857370624
overlay: 32857370624

1735173717
/dev/sda1: 32859684864
overlay: 32859688960

1735173718
/dev/sda1: 32861216768
overlay: 32861216768

1735173719
/dev/sda1: 32863072256
overlay: 32863072256

1735173720
/dev/sda1: 32864743424
overlay: 32864743424

1735173721
/dev/sda1: 32866955264
overlay: 32866955264

1735173722
/dev/sda1: 32868454400
overlay: 32868454400

1735173723
/dev/sda1: 32881463296
overlay: 32881463296

1735173724
/dev/sda1: 32890433536
overlay: 32890433536

1735173725
/dev/sda1: 32893751296
overlay: 32893751296

1735173726
/dev/sda1: 32896544768
overlay: 32896544768

1735173727
/dev/sda1: 32901382144
overlay: 32901382144

1735173728
/dev/sda1: 32902844416
overlay: 32902844416

1735173729
/dev/sda1: 32904908800
overlay: 32904908800

1735173730
/dev/sda1: 32906440704
overlay: 32906440704

1735173731
/dev/sda1: 32907096064
overlay: 32907096064

1735173732
/dev/sda1: 32907210752
overlay: 32907210752

1735173733
/dev/sda1: 32908468224
overlay: 32908468224

1735173734
/dev/sda1: 32908742656
overlay: 32908742656

1735173735
/dev/sda1: 32908931072
overlay: 32908931072

1735173736
/dev/sda1: 32910749696
overlay: 32910749696

1735173737
/dev/sda1: 32911663104
overlay: 32911663104

1735173739
/dev/sda1: 32917057536
overlay: 32917057536

1735173740
/dev/sda1: 32918794240
overlay: 32918794240

1735173741
/dev/sda1: 32911323136
overlay: 32911323136

1735173742
/dev/sda1: 32913788928
overlay: 32913788928

1735173743
/dev/sda1: 32918937600
overlay: 32918937600

1735173744
/dev/sda1: 32919363584
overlay: 32919363584

1735173745
/dev/sda1: 32921878528
overlay: 32921878528

1735173746
/dev/sda1: 32923369472
overlay: 32923369472

1735173747
/dev/sda1: 32926093312
overlay: 32926093312

1735173748
/dev/sda1: 32927956992
overlay: 32927956992

1735173749
/dev/sda1: 32966242304
overlay: 32966242304

1735173750
/dev/sda1: 32996962304
overlay: 32996962304

1735173751
/dev/sda1: 33000316928
overlay: 33000316928

1735173752
/dev/sda1: 33015152640
overlay: 33015152640

1735173753
/dev/sda1: 33016090624
overlay: 33016090624

1735173755
/dev/sda1: 33022148608
overlay: 33022148608

1735173756
/dev/sda1: 33023713280
overlay: 33023713280

1735173757
/dev/sda1: 33024868352
overlay: 33024868352

1735173759
/dev/sda1: 33026514944
overlay: 33026514944

1735173760
/dev/sda1: 33041813504
overlay: 33041813504

1735173762
/dev/sda1: 33054498816
overlay: 33054498816

1735173764
/dev/sda1: 33089363968
overlay: 33089363968

1735173765
/dev/sda1: 33096577024
overlay: 33096577024

1735173766
/dev/sda1: 33105903616
overlay: 33105903616

1735173767
/dev/sda1: 33112887296
overlay: 33112887296

1735173769
/dev/sda1: 33121193984
overlay: 33121193984

1735173770
/dev/sda1: 33129349120
overlay: 33129349120

1735173772
/dev/sda1: 33140248576
overlay: 33140248576

1735173773
/dev/sda1: 33144782848
overlay: 33144782848

