1735173216
eth0: 122068117 2780982 0 0
lo: 0 0 0 0

1735173217
eth0: 122068677 2782218 560 1236
lo: 0 0 0 0

1735173218
eth0: 122682233 2807576 613556 25358
lo: 0 0 0 0

1735173219
eth0: 132086734 3025646 9404501 218070
lo: 0 0 0 0

1735173220
eth0: 142601225 3237552 10514491 211906
lo: 0 0 0 0

1735173221
eth0: 145330183 3297612 2728958 60060
lo: 0 0 0 0

1735173222
eth0: 148729064 3378900 3398881 81288
lo: 0 0 0 0

1735173223
eth0: 155958340 3545079 7229276 166179
lo: 0 0 0 0

1735173224
eth0: 161930132 3679930 5971792 134851
lo: 0 0 0 0

1735173225
eth0: 171290959 3889569 9360827 209639
lo: 0 0 0 0

1735173226
eth0: 177446566 4021067 6155607 131498
lo: 0 0 0 0

1735173227
eth0: 189538945 4270245 12092379 249178
lo: 0 0 0 0

1735173228
eth0: 199102956 4455751 9564011 185506
lo: 0 0 0 0

1735173229
eth0: 211535049 4707607 12432093 251856
lo: 0 0 0 0

1735173230
eth0: 220644874 4891681 9109825 184074
lo: 0 0 0 0

1735173231
eth0: 232618169 5131622 11973295 239941
lo: 0 0 0 0

1735173232
eth0: 243286146 5337500 10667977 205878
lo: 0 0 0 0

1735173233
eth0: 255355715 5592062 12069569 254562
lo: 0 0 0 0

1735173234
eth0: 255969144 5605394 613429 13332
lo: 0 0 0 0

1735173235
eth0: 255984685 5608425 15541 3031
lo: 0 0 0 0

1735173236
eth0: 257800466 5650517 1815781 42092
lo: 0 0 0 0

1735173237
eth0: 258353626 5663913 553160 13396
lo: 0 0 0 0

1735173238
eth0: 258444305 5669689 90679 5776
lo: 0 0 0 0

1735173239
eth0: 265580636 5824880 7136331 155191
lo: 0 0 0 0

1735173240
eth0: 277644061 6074244 12063425 249364
lo: 0 0 0 0

1735173241
eth0: 286091943 6307000 8447882 232756
lo: 0 0 0 0

1735173242
eth0: 296511525 6518530 10419582 211530
lo: 0 0 0 0

1735173243
eth0: 308614809 6762274 12103284 243744
lo: 0 0 0 0

1735173244
eth0: 320726346 7013098 12111537 250824
lo: 0 0 0 0

1735173245
eth0: 332839203 7262058 12112857 248960
lo: 0 0 0 0

1735173246
eth0: 344943307 7516492 12104104 254434
lo: 0 0 0 0

1735173247
eth0: 357063410 7773046 12120103 256554
lo: 0 0 0 0

1735173248
eth0: 369165884 8027488 12102474 254442
lo: 0 0 0 0

1735173249
eth0: 381287067 8282504 12121183 255016
lo: 0 0 0 0

1735173250
eth0: 393408581 8538314 12121514 255810
lo: 0 0 0 0

1735173251
eth0: 404045607 8746907 10637026 208593
lo: 0 0 0 0

1735173252
eth0: 415877495 8987175 11831888 240268
lo: 0 0 0 0

1735173253
eth0: 427969188 9246255 12091693 259080
lo: 0 0 0 0

1735173254
eth0: 440066246 9503813 12097058 257558
lo: 0 0 0 0

1735173255
eth0: 452182576 9757317 12116330 253504
lo: 0 0 0 0

1735173256
eth0: 464282360 10007287 12099784 249970
lo: 0 0 0 0

1735173257
eth0: 476387581 10256767 12105221 249480
lo: 0 0 0 0

1735173258
eth0: 488519224 10513339 12131643 256572
lo: 0 0 0 0

1735173259
eth0: 500642770 10766965 12123546 253626
lo: 0 0 0 0

1735173260
eth0: 512747750 11020351 12104980 253386
lo: 0 0 0 0

1735173261
eth0: 524850976 11273665 12103226 253314
lo: 0 0 0 0

1735173262
eth0: 536950786 11523395 12099810 249730
lo: 0 0 0 0

1735173263
eth0: 546234642 11726013 9283856 202618
lo: 0 0 0 0

1735173264
eth0: 556277351 11950413 10042709 224400
lo: 0 0 0 0

1735173265
eth0: 560048472 12036873 3771121 86460
lo: 0 0 0 0

1735173266
eth0: 561938688 12087467 1890216 50594
lo: 0 0 0 0

1735173267
eth0: 571007059 12292287 9068371 204820
lo: 0 0 0 0

1735173268
eth0: 578490249 12457815 7483190 165528
lo: 0 0 0 0

1735173269
eth0: 586392236 12632743 7901987 174928
lo: 0 0 0 0

1735173270
eth0: 594637384 12818516 8245148 185773
lo: 0 0 0 0

1735173271
eth0: 601584086 12969194 6946702 150678
lo: 0 0 0 0

1735173272
eth0: 602556475 12994837 972389 25643
lo: 0 0 0 0

1735173273
eth0: 609409893 13133541 6853418 138704
lo: 0 0 0 0

1735173274
eth0: 619274442 13337559 9864549 204018
lo: 0 0 0 0

1735173275
eth0: 627142185 13500236 7867743 162677
lo: 0 0 0 0

1735173276
eth0: 629136704 13552497 1994519 52261
lo: 0 0 0 0

1735173278
eth0: 635917308 13709257 6780604 156760
lo: 0 0 0 0

1735173279
eth0: 647714012 13956153 11796704 246896
lo: 0 0 0 0

1735173280
eth0: 655077128 14114451 7363116 158298
lo: 0 0 0 0

1735173281
eth0: 656215484 14140455 1138356 26004
lo: 0 0 0 0

1735173282
eth0: 657677622 14174643 1462138 34188
lo: 0 0 0 0

1735173283
eth0: 659497770 14214604 1820148 39961
lo: 0 0 0 0

1735173284
eth0: 664593649 14328764 5095879 114160
lo: 0 0 0 0

1735173285
eth0: 667720253 14397734 3126604 68970
lo: 0 0 0 0

1735173286
eth0: 671252491 14473264 3532238 75530
lo: 0 0 0 0

1735173287
eth0: 671395230 14476498 142739 3234
lo: 0 0 0 0

1735173288
eth0: 671395230 14476498 0 0
lo: 0 0 0 0

1735173289
eth0: 671395230 14476498 0 0
lo: 0 0 0 0

1735173290
eth0: 671395230 14476498 0 0
lo: 0 0 0 0

1735173291
eth0: 671395230 14476498 0 0
lo: 0 0 0 0

1735173292
eth0: 671430470 14481071 35240 4573
lo: 0 0 0 0

1735173293
eth0: 672044113 14495921 613643 14850
lo: 0 0 0 0

1735173294
eth0: 672044113 14495921 0 0
lo: 0 0 0 0

1735173295
eth0: 672170075 14505724 125962 9803
lo: 0 0 0 0

1735173296
eth0: 676641445 14663320 4471370 157596
lo: 0 0 0 0

1735173297
eth0: 687060626 14885200 10419181 221880
lo: 0 0 0 0

1735173298
eth0: 698519171 15120934 11458545 235734
lo: 0 0 0 0

1735173299
eth0: 700187399 15161225 1668228 40291
lo: 0 0 0 0

1735173300
eth0: 707568165 15325180 7380766 163955
lo: 0 0 0 0

1735173301
eth0: 719638457 15580120 12070292 254940
lo: 0 0 0 0

1735173302
eth0: 723147693 15652126 3509236 72006
lo: 0 0 0 0

1735173303
eth0: 723918755 15668692 771062 16566
lo: 0 0 0 0

1735173304
eth0: 724809925 15687898 891170 19206
lo: 0 0 0 0

1735173305
eth0: 725558853 15703258 748928 15360
lo: 0 0 0 0

1735173306
eth0: 726329105 15719296 770252 16038
lo: 0 0 0 0

1735173307
eth0: 727193811 15737842 864706 18546
lo: 0 0 0 0

1735173308
eth0: 728180245 15759200 986434 21358
lo: 0 0 0 0

1735173309
eth0: 730323145 15810650 2142900 51450
lo: 0 0 0 0

1735173310
eth0: 731171197 15828932 848052 18282
lo: 0 0 0 0

1735173311
eth0: 731929978 15847234 758781 18302
lo: 0 0 0 0

1735173312
eth0: 731930289 15848080 311 846
lo: 0 0 0 0

1735173313
eth0: 731936795 15849109 6506 1029
lo: 0 0 0 0

1735173314
eth0: 732082161 15854414 145366 5305
lo: 0 0 0 0

1735173315
eth0: 732082161 15854414 0 0
lo: 0 0 0 0

1735173316
eth0: 732082472 15855248 311 834
lo: 0 0 0 0

1735173317
eth0: 732476031 15866937 393559 11689
lo: 0 0 0 0

1735173318
eth0: 736351723 15954761 3875692 87824
lo: 0 0 0 0

1735173319
eth0: 741694570 16060942 5342847 106181
lo: 0 0 0 0

1735173320
eth0: 744501860 16128512 2807290 67570
lo: 0 0 0 0

1735173321
eth0: 746542842 16222090 2040982 93578
lo: 0 0 0 0

1735173322
eth0: 754565249 16409458 8022407 187368
lo: 0 0 0 0

1735173323
eth0: 763684394 16593586 9119145 184128
lo: 0 0 0 0

1735173324
eth0: 770395286 16729546 6710892 135960
lo: 0 0 0 0

1735173325
eth0: 777633628 16880686 7238342 151140
lo: 0 0 0 0

1735173326
eth0: 784090424 17014158 6456796 133472
lo: 0 0 0 0

1735173327
eth0: 789428895 17130643 5338471 116485
lo: 0 0 0 0

1735173328
eth0: 794158387 17233543 4729492 102900
lo: 0 0 0 0

1735173329
eth0: 799326629 17344519 5168242 110976
lo: 0 0 0 0

1735173330
eth0: 805111244 17484157 5784615 139638
lo: 0 0 0 0

1735173331
eth0: 815678080 17712760 10566836 228603
lo: 0 0 0 0

1735173332
eth0: 825953382 17936460 10275302 223700
lo: 0 0 0 0

1735173333
eth0: 835045421 18132701 9092039 196241
lo: 0 0 0 0

1735173334
eth0: 839235401 18233005 4189980 100304
lo: 0 0 0 0

1735173335
eth0: 842269046 18299797 3033645 66792
lo: 0 0 0 0

1735173336
eth0: 845647394 18373585 3378348 73788
lo: 0 0 0 0

1735173337
eth0: 849442002 18456679 3794608 83094
lo: 0 0 0 0

1735173338
eth0: 853704510 18549673 4262508 92994
lo: 0 0 0 0

1735173339
eth0: 858534700 18651775 4830190 102102
lo: 0 0 0 0

1735173340
eth0: 863870378 18761599 5335678 109824
lo: 0 0 0 0

1735173341
eth0: 869610384 18886075 5740006 124476
lo: 0 0 0 0

1735173342
eth0: 875931774 19019669 6321390 133594
lo: 0 0 0 0

1735173343
eth0: 883342390 19174901 7410616 155232
lo: 0 0 0 0

1735173344
eth0: 889916149 19315232 6573759 140331
lo: 0 0 0 0

1735173345
eth0: 890962078 19334720 1045929 19488
lo: 0 0 0 0

1735173346
eth0: 890979800 19339963 17722 5243
lo: 0 0 0 0

1735173347
eth0: 893710088 19401960 2730288 61997
lo: 0 0 0 0

1735173348
eth0: 893874117 19407226 164029 5266
lo: 0 0 0 0

1735173349
eth0: 894192172 19416413 318055 9187
lo: 0 0 0 0

1735173350
eth0: 894771630 19432322 579458 15909
lo: 0 0 0 0

1735173351
eth0: 896164151 19463366 1392521 31044
lo: 0 0 0 0

1735173352
eth0: 896164151 19463366 0 0
lo: 0 0 0 0

1735173353
eth0: 896164151 19463366 0 0
lo: 0 0 0 0

1735173354
eth0: 898424494 19510188 2260343 46822
lo: 0 0 0 0

1735173355
eth0: 914331418 19810882 15906924 300694
lo: 0 0 0 0

1735173356
eth0: 927102090 20055604 12770672 244722
lo: 0 0 0 0

1735173357
eth0: 939168190 20251294 12066100 195690
lo: 0 0 0 0

1735173358
eth0: 952300320 20491734 13132130 240440
lo: 0 0 0 0

1735173359
eth0: 965653446 20745479 13353126 253745
lo: 0 0 0 0

1735173360
eth0: 978710882 20986115 13057436 240636
lo: 0 0 0 0

1735173361
eth0: 990826387 21233801 12115505 247686
lo: 0 0 0 0

1735173363
eth0: 1003595405 21502763 12769018 268962
lo: 0 0 0 0

1735173364
eth0: 1015852281 21755394 12256876 252631
lo: 0 0 0 0

1735173365
eth0: 1027953773 22012027 12101492 256633
lo: 0 0 0 0

1735173366
eth0: 1040046494 22268266 12092721 256239
lo: 0 0 0 0

1735173367
eth0: 1052141459 22514246 12094965 245980
lo: 0 0 0 0

1735173368
eth0: 1064236374 22765055 12094915 250809
lo: 0 0 0 0

1735173369
eth0: 1076154474 23019405 11918100 254350
lo: 0 0 0 0

1735173370
eth0: 1088221238 23286733 12066764 267328
lo: 0 0 0 0

1735173371
eth0: 1100310843 23535627 12089605 248894
lo: 0 0 0 0

1735173372
eth0: 1112418939 23783625 12108096 247998
lo: 0 0 0 0

1735173373
eth0: 1123429965 24005673 11011026 222048
lo: 0 0 0 0

1735173374
eth0: 1133888208 24220329 10458243 214656
lo: 0 0 0 0

1735173375
eth0: 1145952591 24454927 12064383 234598
lo: 0 0 0 0

1735173376
eth0: 1157342136 24693661 11389545 238734
lo: 0 0 0 0

1735173377
eth0: 1169421428 24948808 12079292 255147
lo: 0 0 0 0

1735173378
eth0: 1181495823 25186799 12074395 237991
lo: 0 0 0 0

1735173379
eth0: 1193574083 25441895 12078260 255096
lo: 0 0 0 0

1735173380
eth0: 1205635731 25674210 12061648 232315
lo: 0 0 0 0

1735173381
eth0: 1217708393 25904885 12072662 230675
lo: 0 0 0 0

1735173382
eth0: 1229787039 26162100 12078646 257215
lo: 0 0 0 0

1735173383
eth0: 1241264454 26386128 11477415 224028
lo: 0 0 0 0

1735173384
eth0: 1243032315 26422344 1767861 36216
lo: 0 0 0 0

1735173385
eth0: 1243043697 26426366 11382 4022
lo: 0 0 0 0

1735173386
eth0: 1245745770 26490969 2702073 64603
lo: 0 0 0 0

1735173387
eth0: 1247035276 26519717 1289506 28748
lo: 0 0 0 0

1735173388
eth0: 1247081219 26522525 45943 2808
lo: 0 0 0 0

1735173389
eth0: 1247970064 26544373 888845 21848
lo: 0 0 0 0

1735173390
eth0: 1257568357 26752364 9598293 207991
lo: 0 0 0 0

1735173391
eth0: 1269644496 27004266 12076139 251902
lo: 0 0 0 0

1735173392
eth0: 1280527410 27273227 10882914 268961
lo: 0 0 0 0

1735173393
eth0: 1284142802 27364159 3615392 90932
lo: 0 0 0 0

1735173394
eth0: 1296271926 27621053 12129124 256894
lo: 0 0 0 0

1735173395
eth0: 1308366025 27873745 12094099 252692
lo: 0 0 0 0

1735173396
eth0: 1320473138 28122421 12107113 248676
lo: 0 0 0 0

1735173397
eth0: 1332582727 28384070 12109589 261649
lo: 0 0 0 0

1735173398
eth0: 1344698329 28639176 12115602 255106
lo: 0 0 0 0

1735173399
eth0: 1356799571 28892796 12101242 253620
lo: 0 0 0 0

1735173400
eth0: 1368899989 29147106 12100418 254310
lo: 0 0 0 0

1735173401
eth0: 1381017130 29405090 12117141 257984
lo: 0 0 0 0

1735173402
eth0: 1392960544 29659034 11943414 253944
lo: 0 0 0 0

1735173403
eth0: 1404986752 29912864 12026208 253830
lo: 0 0 0 0

1735173404
eth0: 1417095711 30164620 12108959 251756
lo: 0 0 0 0

1735173405
eth0: 1429221220 30412576 12125509 247956
lo: 0 0 0 0

1735173406
eth0: 1441295840 30659675 12074620 247099
lo: 0 0 0 0

1735173407
eth0: 1452118227 30895128 10822387 235453
lo: 0 0 0 0

1735173408
eth0: 1457947905 31026132 5829678 131004
lo: 0 0 0 0

1735173409
eth0: 1469782897 31282013 11834992 255881
lo: 0 0 0 0

1735173410
eth0: 1481895536 31540657 12112639 258644
lo: 0 0 0 0

1735173411
eth0: 1493982039 31801755 12086503 261098
lo: 0 0 0 0

1735173412
eth0: 1504886097 32038851 10904058 237096
lo: 0 0 0 0

1735173413
eth0: 1508572223 32122721 3686126 83870
lo: 0 0 0 0

1735173414
eth0: 1512506945 32209560 3934722 86839
lo: 0 0 0 0

1735173415
eth0: 1517142332 32317003 4635387 107443
lo: 0 0 0 0

1735173416
eth0: 1522616018 32439398 5473686 122395
lo: 0 0 0 0

1735173417
eth0: 1529698310 32592538 7082292 153140
lo: 0 0 0 0

1735173418
eth0: 1536166647 32739858 6468337 147320
lo: 0 0 0 0

1735173419
eth0: 1542395775 32997791 6229128 257933
lo: 0 0 0 0

1735173420
eth0: 1549127143 33147191 6731368 149400
lo: 0 0 0 0

1735173421
eth0: 1556437107 33304487 7309964 157296
lo: 0 0 0 0

1735173422
eth0: 1565622413 33500999 9185306 196512
lo: 0 0 0 0

1735173423
eth0: 1577227381 33746783 11604968 245784
lo: 0 0 0 0

1735173424
eth0: 1587976403 33968279 10749022 221496
lo: 0 0 0 0

1735173425
eth0: 1599656059 34218551 11679656 250272
lo: 0 0 0 0

1735173426
eth0: 1611158374 34467635 11502315 249084
lo: 0 0 0 0

1735173427
eth0: 1620893086 34679429 9734712 211794
lo: 0 0 0 0

1735173428
eth0: 1631269178 34901285 10376092 221856
lo: 0 0 0 0

1735173429
eth0: 1642033206 35132413 10764028 231128
lo: 0 0 0 0

1735173430
eth0: 1652878904 35359393 10845698 226980
lo: 0 0 0 0

1735173431
eth0: 1664030729 35603419 11151825 244026
lo: 0 0 0 0

1735173432
eth0: 1673353715 35797111 9322986 193692
lo: 0 0 0 0

1735173433
eth0: 1677255973 35872063 3902258 74952
lo: 0 0 0 0

1735173434
eth0: 1680968613 35952913 3712640 80850
lo: 0 0 0 0

1735173435
eth0: 1684096851 36005515 3128238 52602
lo: 0 0 0 0

1735173436
eth0: 1687571844 36083527 3474993 78012
lo: 0 0 0 0

1735173437
eth0: 1689412553 36124447 1840709 40920
lo: 0 0 0 0

1735173438
eth0: 1689412553 36124447 0 0
lo: 0 0 0 0

1735173439
eth0: 1689412553 36124447 0 0
lo: 0 0 0 0

1735173440
eth0: 1689412553 36124447 0 0
lo: 0 0 0 0

1735173441
eth0: 1689412658 36124513 105 66
lo: 0 0 0 0

1735173442
eth0: 1689412658 36124513 0 0
lo: 0 0 0 0

1735173443
eth0: 1689412658 36124513 0 0
lo: 0 0 0 0

1735173444
eth0: 1689412658 36124513 0 0
lo: 0 0 0 0

1735173445
eth0: 1689412658 36124513 0 0
lo: 0 0 0 0

1735173446
eth0: 1689412763 36124579 105 66
lo: 0 0 0 0

1735173447
eth0: 1689412763 36124579 0 0
lo: 0 0 0 0

1735173448
eth0: 1689412763 36124579 0 0
lo: 0 0 0 0

1735173449
eth0: 1689412763 36124579 0 0
lo: 0 0 0 0

1735173450
eth0: 1689412763 36124579 0 0
lo: 0 0 0 0

1735173451
eth0: 1689412910 36124687 147 108
lo: 0 0 0 0

1735173452
eth0: 1689412910 36124687 0 0
lo: 0 0 0 0

1735173453
eth0: 1689412910 36124687 0 0
lo: 0 0 0 0

1735173454
eth0: 1689412910 36124687 0 0
lo: 0 0 0 0

1735173455
eth0: 1689412910 36124687 0 0
lo: 0 0 0 0

1735173456
eth0: 1689413015 36124753 105 66
lo: 0 0 0 0

1735173457
eth0: 1689413015 36124753 0 0
lo: 0 0 0 0

1735173458
eth0: 1689413015 36124753 0 0
lo: 0 0 0 0

1735173459
eth0: 1689413015 36124753 0 0
lo: 0 0 0 0

1735173460
eth0: 1689413147 36124975 132 222
lo: 0 0 0 0

1735173461
eth0: 1689413252 36125041 105 66
lo: 0 0 0 0

1735173462
eth0: 1689413252 36125041 0 0
lo: 0 0 0 0

1735173463
eth0: 1689413322 36125041 70 0
lo: 0 0 0 0

1735173464
eth0: 1689413322 36125041 0 0
lo: 0 0 0 0

1735173465
eth0: 1689413322 36125041 0 0
lo: 0 0 0 0

1735173466
eth0: 1689413427 36125107 105 66
lo: 0 0 0 0

1735173467
eth0: 1689413427 36125107 0 0
lo: 0 0 0 0

1735173468
eth0: 1689413427 36125107 0 0
lo: 0 0 0 0

1735173469
eth0: 1689413427 36125107 0 0
lo: 0 0 0 0

1735173470
eth0: 1689413427 36125107 0 0
lo: 0 0 0 0

1735173471
eth0: 1689413532 36125173 105 66
lo: 0 0 0 0

1735173472
eth0: 1689413532 36125173 0 0
lo: 0 0 0 0

1735173473
eth0: 1689413532 36125173 0 0
lo: 0 0 0 0

1735173474
eth0: 1689413532 36125173 0 0
lo: 0 0 0 0

1735173475
eth0: 1689413532 36125173 0 0
lo: 0 0 0 0

1735173476
eth0: 1689413637 36125239 105 66
lo: 0 0 0 0

1735173477
eth0: 1689413637 36125239 0 0
lo: 0 0 0 0

1735173478
eth0: 1689413637 36125239 0 0
lo: 0 0 0 0

1735173479
eth0: 1689413637 36125239 0 0
lo: 0 0 0 0

1735173480
eth0: 1689413637 36125239 0 0
lo: 0 0 0 0

1735173481
eth0: 1689413742 36125305 105 66
lo: 0 0 0 0

1735173482
eth0: 1689413742 36125305 0 0
lo: 0 0 0 0

1735173483
eth0: 1689413742 36125305 0 0
lo: 0 0 0 0

1735173484
eth0: 1689413742 36125305 0 0
lo: 0 0 0 0

1735173485
eth0: 1689413742 36125305 0 0
lo: 0 0 0 0

1735173486
eth0: 1689413889 36125413 147 108
lo: 0 0 0 0

1735173487
eth0: 1689413889 36125413 0 0
lo: 0 0 0 0

1735173488
eth0: 1689413889 36125413 0 0
lo: 0 0 0 0

1735173489
eth0: 1689413889 36125413 0 0
lo: 0 0 0 0

1735173491
eth0: 1689414036 36125521 147 108
lo: 0 0 0 0

1735173492
eth0: 1689414036 36125521 0 0
lo: 0 0 0 0

1735173493
eth0: 1689414036 36125521 0 0
lo: 0 0 0 0

1735173494
eth0: 1689414036 36125521 0 0
lo: 0 0 0 0

1735173496
eth0: 1689414141 36125587 105 66
lo: 0 0 0 0

1735173497
eth0: 1689414141 36125587 0 0
lo: 0 0 0 0

1735173498
eth0: 1689414141 36125587 0 0
lo: 0 0 0 0

1735173499
eth0: 1689414141 36125587 0 0
lo: 0 0 0 0

1735173500
eth0: 1689414246 36125653 105 66
lo: 0 0 0 0

1735173502
eth0: 1689414246 36125653 0 0
lo: 0 0 0 0

1735173503
eth0: 1689414246 36125653 0 0
lo: 0 0 0 0

1735173504
eth0: 1689414246 36125653 0 0
lo: 0 0 0 0

1735173505
eth0: 1689414246 36125653 0 0
lo: 0 0 0 0

1735173506
eth0: 1689414351 36125719 105 66
lo: 0 0 0 0

1735173507
eth0: 1689414351 36125719 0 0
lo: 0 0 0 0

1735173508
eth0: 1689414351 36125719 0 0
lo: 0 0 0 0

1735173509
eth0: 1689414351 36125719 0 0
lo: 0 0 0 0

1735173510
eth0: 1689414456 36125785 105 66
lo: 0 0 0 0

1735173511
eth0: 1689414456 36125785 0 0
lo: 0 0 0 0

1735173512
eth0: 1689414456 36125785 0 0
lo: 0 0 0 0

1735173513
eth0: 1689414456 36125785 0 0
lo: 0 0 0 0

1735173514
eth0: 1689414456 36125785 0 0
lo: 0 0 0 0

1735173515
eth0: 1689414561 36125851 105 66
lo: 0 0 0 0

1735173516
eth0: 1689414561 36125851 0 0
lo: 0 0 0 0

1735173517
eth0: 1689414561 36125851 0 0
lo: 0 0 0 0

1735173518
eth0: 1689414561 36125851 0 0
lo: 0 0 0 0

1735173519
eth0: 1689414561 36125851 0 0
lo: 0 0 0 0

1735173520
eth0: 1689414561 36125851 0 0
lo: 0 0 0 0

1735173521
eth0: 1689414708 36125959 147 108
lo: 0 0 0 0

1735173522
eth0: 1689414708 36125959 0 0
lo: 0 0 0 0

1735173523
eth0: 1689414708 36125959 0 0
lo: 0 0 0 0

1735173524
eth0: 1689414708 36125959 0 0
lo: 0 0 0 0

1735173525
eth0: 1689414708 36125959 0 0
lo: 0 0 0 0

1735173526
eth0: 1689414813 36126025 105 66
lo: 0 0 0 0

1735173527
eth0: 1689414813 36126025 0 0
lo: 0 0 0 0

1735173528
eth0: 1689414813 36126025 0 0
lo: 0 0 0 0

1735173529
eth0: 1689414813 36126025 0 0
lo: 0 0 0 0

1735173530
eth0: 1689414813 36126025 0 0
lo: 0 0 0 0

1735173531
eth0: 1689414918 36126091 105 66
lo: 0 0 0 0

1735173532
eth0: 1689414918 36126091 0 0
lo: 0 0 0 0

1735173533
eth0: 1689414918 36126091 0 0
lo: 0 0 0 0

1735173534
eth0: 1689414918 36126091 0 0
lo: 0 0 0 0

1735173535
eth0: 1689414918 36126091 0 0
lo: 0 0 0 0

1735173536
eth0: 1689415065 36126199 147 108
lo: 0 0 0 0

1735173537
eth0: 1689415065 36126199 0 0
lo: 0 0 0 0

1735173538
eth0: 1689415065 36126199 0 0
lo: 0 0 0 0

1735173539
eth0: 1689415065 36126199 0 0
lo: 0 0 0 0

1735173540
eth0: 1689415170 36126265 105 66
lo: 0 0 0 0

1735173541
eth0: 1689415170 36126265 0 0
lo: 0 0 0 0

1735173542
eth0: 1689415170 36126265 0 0
lo: 0 0 0 0

1735173543
eth0: 1689415170 36126265 0 0
lo: 0 0 0 0

1735173544
eth0: 1689415170 36126265 0 0
lo: 0 0 0 0

1735173545
eth0: 1689415275 36126331 105 66
lo: 0 0 0 0

1735173546
eth0: 1689415275 36126331 0 0
lo: 0 0 0 0

1735173547
eth0: 1689415275 36126331 0 0
lo: 0 0 0 0

1735173548
eth0: 1689415275 36126331 0 0
lo: 0 0 0 0

1735173549
eth0: 1689415275 36126331 0 0
lo: 0 0 0 0

1735173550
eth0: 1689415275 36126331 0 0
lo: 0 0 0 0

1735173551
eth0: 1689415422 36126439 147 108
lo: 0 0 0 0

1735173552
eth0: 1689415422 36126439 0 0
lo: 0 0 0 0

1735173553
eth0: 1689415422 36126439 0 0
lo: 0 0 0 0

1735173554
eth0: 1689415422 36126439 0 0
lo: 0 0 0 0

1735173555
eth0: 1689415527 36126505 105 66
lo: 0 0 0 0

1735173556
eth0: 1689415527 36126505 0 0
lo: 0 0 0 0

1735173557
eth0: 1689415527 36126505 0 0
lo: 0 0 0 0

1735173559
eth0: 1689415527 36126505 0 0
lo: 0 0 0 0

1735173560
eth0: 1689415527 36126505 0 0
lo: 0 0 0 0

1735173561
eth0: 1689415632 36126571 105 66
lo: 0 0 0 0

1735173562
eth0: 1689415632 36126571 0 0
lo: 0 0 0 0

1735173563
eth0: 1689415632 36126571 0 0
lo: 0 0 0 0

1735173564
eth0: 1689415632 36126571 0 0
lo: 0 0 0 0

1735173565
eth0: 1689415737 36126637 105 66
lo: 0 0 0 0

1735173566
eth0: 1689415737 36126637 0 0
lo: 0 0 0 0

1735173567
eth0: 1689415737 36126637 0 0
lo: 0 0 0 0

1735173568
eth0: 1689415737 36126637 0 0
lo: 0 0 0 0

1735173569
eth0: 1689415737 36126637 0 0
lo: 0 0 0 0

1735173570
eth0: 1689415737 36126637 0 0
lo: 0 0 0 0

1735173571
eth0: 1689415842 36126703 105 66
lo: 0 0 0 0

1735173572
eth0: 1689415842 36126703 0 0
lo: 0 0 0 0

1735173573
eth0: 1689415842 36126703 0 0
lo: 0 0 0 0

1735173574
eth0: 1689415842 36126703 0 0
lo: 0 0 0 0

1735173575
eth0: 1689415947 36126769 105 66
lo: 0 0 0 0

1735173576
eth0: 1689415947 36126769 0 0
lo: 0 0 0 0

1735173577
eth0: 1689415947 36126769 0 0
lo: 0 0 0 0

1735173578
eth0: 1689415947 36126769 0 0
lo: 0 0 0 0

1735173579
eth0: 1689415947 36126769 0 0
lo: 0 0 0 0

1735173580
eth0: 1689415947 36126769 0 0
lo: 0 0 0 0

1735173581
eth0: 1689416094 36126877 147 108
lo: 0 0 0 0

1735173582
eth0: 1689416094 36126877 0 0
lo: 0 0 0 0

1735173583
eth0: 1689416094 36126877 0 0
lo: 0 0 0 0

1735173584
eth0: 1689416094 36126877 0 0
lo: 0 0 0 0

1735173585
eth0: 1689416094 36126877 0 0
lo: 0 0 0 0

1735173586
eth0: 1689416199 36126943 105 66
lo: 0 0 0 0

1735173587
eth0: 1689416199 36126943 0 0
lo: 0 0 0 0

1735173588
eth0: 1689416199 36126943 0 0
lo: 0 0 0 0

1735173589
eth0: 1689416199 36126943 0 0
lo: 0 0 0 0

1735173590
eth0: 1689416199 36126943 0 0
lo: 0 0 0 0

1735173591
eth0: 1689416346 36127051 147 108
lo: 0 0 0 0

1735173592
eth0: 1689416346 36127051 0 0
lo: 0 0 0 0

1735173593
eth0: 1689416346 36127051 0 0
lo: 0 0 0 0

1735173594
eth0: 1689416346 36127051 0 0
lo: 0 0 0 0

1735173595
eth0: 1689416346 36127051 0 0
lo: 0 0 0 0

1735173596
eth0: 1689416451 36127117 105 66
lo: 0 0 0 0

1735173597
eth0: 1689416451 36127117 0 0
lo: 0 0 0 0

1735173598
eth0: 1689416451 36127117 0 0
lo: 0 0 0 0

1735173599
eth0: 1689416451 36127117 0 0
lo: 0 0 0 0

1735173600
eth0: 1689416451 36127117 0 0
lo: 0 0 0 0

1735173601
eth0: 1689416556 36127183 105 66
lo: 0 0 0 0

1735173602
eth0: 1689416556 36127183 0 0
lo: 0 0 0 0

1735173603
eth0: 1689416556 36127183 0 0
lo: 0 0 0 0

1735173604
eth0: 1689416556 36127183 0 0
lo: 0 0 0 0

1735173605
eth0: 1689416556 36127183 0 0
lo: 0 0 0 0

1735173606
eth0: 1689416661 36127249 105 66
lo: 0 0 0 0

1735173607
eth0: 1689416661 36127249 0 0
lo: 0 0 0 0

1735173608
eth0: 1689416661 36127249 0 0
lo: 0 0 0 0

1735173609
eth0: 1689416661 36127249 0 0
lo: 0 0 0 0

1735173610
eth0: 1689416661 36127249 0 0
lo: 0 0 0 0

1735173611
eth0: 1689416808 36127357 147 108
lo: 0 0 0 0

1735173612
eth0: 1689416808 36127357 0 0
lo: 0 0 0 0

1735173613
eth0: 1689416808 36127357 0 0
lo: 0 0 0 0

1735173614
eth0: 1689416808 36127357 0 0
lo: 0 0 0 0

1735173615
eth0: 1689416808 36127357 0 0
lo: 0 0 0 0

1735173616
eth0: 1689416913 36127423 105 66
lo: 0 0 0 0

1735173617
eth0: 1689416913 36127423 0 0
lo: 0 0 0 0

1735173618
eth0: 1689416913 36127423 0 0
lo: 0 0 0 0

1735173619
eth0: 1689416913 36127423 0 0
lo: 0 0 0 0

1735173620
eth0: 1689416913 36127423 0 0
lo: 0 0 0 0

1735173621
eth0: 1689417018 36127489 105 66
lo: 0 0 0 0

1735173622
eth0: 1689417018 36127489 0 0
lo: 0 0 0 0

1735173623
eth0: 1689417018 36127489 0 0
lo: 0 0 0 0

1735173624
eth0: 1689417018 36127489 0 0
lo: 0 0 0 0

1735173625
eth0: 1689417018 36127489 0 0
lo: 0 0 0 0

1735173626
eth0: 1689417123 36127555 105 66
lo: 0 0 0 0

1735173627
eth0: 1689417123 36127555 0 0
lo: 0 0 0 0

1735173628
eth0: 1689417123 36127555 0 0
lo: 0 0 0 0

1735173630
eth0: 1689417123 36127555 0 0
lo: 0 0 0 0

1735173631
eth0: 1689417228 36127621 105 66
lo: 0 0 0 0

1735173632
eth0: 1689417228 36127621 0 0
lo: 0 0 0 0

1735173633
eth0: 1689417228 36127621 0 0
lo: 0 0 0 0

1735173634
eth0: 1689417228 36127621 0 0
lo: 0 0 0 0

1735173635
eth0: 1689417228 36127621 0 0
lo: 0 0 0 0

1735173636
eth0: 1689417333 36127687 105 66
lo: 0 0 0 0

1735173637
eth0: 1689417333 36127687 0 0
lo: 0 0 0 0

1735173638
eth0: 1689417333 36127687 0 0
lo: 0 0 0 0

1735173639
eth0: 1689417333 36127687 0 0
lo: 0 0 0 0

1735173640
eth0: 1689417333 36127687 0 0
lo: 0 0 0 0

1735173641
eth0: 1689417480 36127795 147 108
lo: 0 0 0 0

1735173642
eth0: 1689417480 36127795 0 0
lo: 0 0 0 0

1735173643
eth0: 1689417480 36127795 0 0
lo: 0 0 0 0

1735173644
eth0: 1689417480 36127795 0 0
lo: 0 0 0 0

1735173645
eth0: 1689417480 36127795 0 0
lo: 0 0 0 0

1735173646
eth0: 1689417627 36127903 147 108
lo: 0 0 0 0

1735173647
eth0: 1689417627 36127903 0 0
lo: 0 0 0 0

1735173648
eth0: 1689417627 36127903 0 0
lo: 0 0 0 0

1735173649
eth0: 1689417627 36127903 0 0
lo: 0 0 0 0

1735173650
eth0: 1689417627 36127903 0 0
lo: 0 0 0 0

1735173651
eth0: 1689417732 36127969 105 66
lo: 0 0 0 0

1735173652
eth0: 1689417732 36127969 0 0
lo: 0 0 0 0

1735173653
eth0: 1689417732 36127969 0 0
lo: 0 0 0 0

1735173654
eth0: 1689417732 36127969 0 0
lo: 0 0 0 0

1735173655
eth0: 1689417732 36127969 0 0
lo: 0 0 0 0

1735173656
eth0: 1689417837 36128035 105 66
lo: 0 0 0 0

1735173657
eth0: 1689417837 36128035 0 0
lo: 0 0 0 0

1735173658
eth0: 1689417837 36128035 0 0
lo: 0 0 0 0

1735173659
eth0: 1689417837 36128035 0 0
lo: 0 0 0 0

1735173660
eth0: 1689417837 36128035 0 0
lo: 0 0 0 0

1735173661
eth0: 1689417942 36128101 105 66
lo: 0 0 0 0

1735173662
eth0: 1689417942 36128101 0 0
lo: 0 0 0 0

1735173663
eth0: 1689417942 36128101 0 0
lo: 0 0 0 0

1735173664
eth0: 1689417942 36128101 0 0
lo: 0 0 0 0

1735173665
eth0: 1689417942 36128101 0 0
lo: 0 0 0 0

1735173667
eth0: 1689418047 36128167 105 66
lo: 0 0 0 0

1735173668
eth0: 1689418047 36128167 0 0
lo: 0 0 0 0

1735173669
eth0: 1689418047 36128167 0 0
lo: 0 0 0 0

1735173670
eth0: 1689418047 36128167 0 0
lo: 0 0 0 0

1735173671
eth0: 1689418194 36128275 147 108
lo: 0 0 0 0

1735173672
eth0: 1689418194 36128275 0 0
lo: 0 0 0 0

1735173673
eth0: 1689418194 36128275 0 0
lo: 0 0 0 0

1735173674
eth0: 1689418194 36128275 0 0
lo: 0 0 0 0

1735173675
eth0: 1689418194 36128275 0 0
lo: 0 0 0 0

1735173676
eth0: 1689418299 36128341 105 66
lo: 0 0 0 0

1735173677
eth0: 1689418299 36128341 0 0
lo: 0 0 0 0

1735173678
eth0: 1689418299 36128341 0 0
lo: 0 0 0 0

1735173679
eth0: 1689418299 36128341 0 0
lo: 0 0 0 0

1735173680
eth0: 1689418299 36128341 0 0
lo: 0 0 0 0

1735173681
eth0: 1689418404 36128407 105 66
lo: 0 0 0 0

1735173682
eth0: 1689418404 36128407 0 0
lo: 0 0 0 0

1735173683
eth0: 1689418404 36128407 0 0
lo: 0 0 0 0

1735173684
eth0: 1689418404 36128407 0 0
lo: 0 0 0 0

1735173685
eth0: 1689418404 36128407 0 0
lo: 0 0 0 0

1735173686
eth0: 1689418509 36128473 105 66
lo: 0 0 0 0

1735173687
eth0: 1689418509 36128473 0 0
lo: 0 0 0 0

1735173688
eth0: 1689418509 36128473 0 0
lo: 0 0 0 0

1735173689
eth0: 1689418509 36128473 0 0
lo: 0 0 0 0

1735173690
eth0: 1689418509 36128473 0 0
lo: 0 0 0 0

1735173691
eth0: 1689418614 36128539 105 66
lo: 0 0 0 0

1735173692
eth0: 1689418614 36128539 0 0
lo: 0 0 0 0

1735173693
eth0: 1689418614 36128539 0 0
lo: 0 0 0 0

1735173694
eth0: 1689418614 36128539 0 0
lo: 0 0 0 0

1735173695
eth0: 1689418614 36128539 0 0
lo: 0 0 0 0

1735173696
eth0: 1689418719 36128605 105 66
lo: 0 0 0 0

1735173697
eth0: 1689418719 36128605 0 0
lo: 0 0 0 0

1735173698
eth0: 1689418719 36128605 0 0
lo: 0 0 0 0

1735173699
eth0: 1689418719 36128605 0 0
lo: 0 0 0 0

1735173700
eth0: 1689418719 36128605 0 0
lo: 0 0 0 0

1735173705
eth0: 1689419013 36128821 294 216
lo: 0 0 0 0

1735173706
eth0: 1689419013 36128821 0 0
lo: 0 0 0 0

1735173707
eth0: 1689419013 36128821 0 0
lo: 0 0 0 0

1735173708
eth0: 1689419013 36128821 0 0
lo: 0 0 0 0

1735173709
eth0: 1689419013 36128821 0 0
lo: 0 0 0 0

1735173710
eth0: 1689419118 36128887 105 66
lo: 0 0 0 0

1735173711
eth0: 1689419118 36128887 0 0
lo: 0 0 0 0

1735173712
eth0: 1689419118 36128887 0 0
lo: 0 0 0 0

1735173713
eth0: 1689419118 36128887 0 0
lo: 0 0 0 0

1735173714
eth0: 1689419118 36128887 0 0
lo: 0 0 0 0

1735173715
eth0: 1689419223 36128953 105 66
lo: 0 0 0 0

1735173716
eth0: 1689419223 36128953 0 0
lo: 0 0 0 0

1735173717
eth0: 1689419223 36128953 0 0
lo: 0 0 0 0

1735173718
eth0: 1689419223 36128953 0 0
lo: 0 0 0 0

1735173719
eth0: 1689419223 36128953 0 0
lo: 0 0 0 0

1735173720
eth0: 1689419328 36129019 105 66
lo: 0 0 0 0

1735173721
eth0: 1689419328 36129019 0 0
lo: 0 0 0 0

1735173722
eth0: 1689419328 36129019 0 0
lo: 0 0 0 0

1735173723
eth0: 1689419328 36129019 0 0
lo: 0 0 0 0

1735173724
eth0: 1689419328 36129019 0 0
lo: 0 0 0 0

1735173725
eth0: 1689419328 36129019 0 0
lo: 0 0 0 0

1735173726
eth0: 1689419433 36129085 105 66
lo: 0 0 0 0

1735173727
eth0: 1689419433 36129085 0 0
lo: 0 0 0 0

1735173728
eth0: 1689419433 36129085 0 0
lo: 0 0 0 0

1735173729
eth0: 1689419433 36129085 0 0
lo: 0 0 0 0

1735173730
eth0: 1689419538 36129151 105 66
lo: 0 0 0 0

1735173731
eth0: 1689419580 36129193 42 42
lo: 0 0 0 0

1735173732
eth0: 1689419580 36129193 0 0
lo: 0 0 0 0

1735173733
eth0: 1689419580 36129193 0 0
lo: 0 0 0 0

1735173734
eth0: 1689419580 36129193 0 0
lo: 0 0 0 0

1735173735
eth0: 1689419685 36129259 105 66
lo: 0 0 0 0

1735173736
eth0: 1689419685 36129259 0 0
lo: 0 0 0 0

1735173737
eth0: 1689419685 36129259 0 0
lo: 0 0 0 0

1735173738
eth0: 1689419685 36129259 0 0
lo: 0 0 0 0

1735173739
eth0: 1689419685 36129259 0 0
lo: 0 0 0 0

1735173740
eth0: 1689419790 36129325 105 66
lo: 0 0 0 0

1735173741
eth0: 1689419790 36129325 0 0
lo: 0 0 0 0

1735173742
eth0: 1689419790 36129325 0 0
lo: 0 0 0 0

1735173743
eth0: 1689419790 36129325 0 0
lo: 0 0 0 0

1735173744
eth0: 1689419790 36129325 0 0
lo: 0 0 0 0

1735173745
eth0: 1689424171 36129457 4381 132
lo: 0 0 0 0

1735173746
eth0: 1689425787 36129721 1616 264
lo: 0 0 0 0

1735173747
eth0: 1689427384 36130051 1597 330
lo: 0 0 0 0

1735173748
eth0: 1689428534 36130381 1150 330
lo: 0 0 0 0

1735173749
eth0: 1689429055 36130579 521 198
lo: 0 0 0 0

1735173750
eth0: 1689429434 36130753 379 174
lo: 0 0 0 0

1735173751
eth0: 1689429917 36130951 483 198
lo: 0 0 0 0

1735173752
eth0: 1689430501 36131215 584 264
lo: 0 0 0 0

1735173753
eth0: 1689430939 36131413 438 198
lo: 0 0 0 0

1735173754
eth0: 1689431377 36131611 438 198
lo: 0 0 0 0

1735173755
eth0: 1689431815 36131809 438 198
lo: 0 0 0 0

1735173756
eth0: 1689432253 36132007 438 198
lo: 0 0 0 0

1735173757
eth0: 1689432691 36132205 438 198
lo: 0 0 0 0

1735173758
eth0: 1689432691 36132205 0 0
lo: 0 0 0 0

1735173759
eth0: 1694004497 36230527 4571806 98322
lo: 0 0 0 0

1735173760
eth0: 1700387523 36339625 6383026 109098
lo: 0 0 0 0

1735173761
eth0: 1706474919 36438271 6087396 98646
lo: 0 0 0 0

1735173762
eth0: 1711867849 36517801 5392930 79530
lo: 0 0 0 0

1735173764
eth0: 1721250268 36683611 9382419 165810
lo: 0 0 0 0

1735173765
eth0: 1728637269 36799969 7387001 116358
lo: 0 0 0 0

1735173766
eth0: 1735640611 36909661 7003342 109692
lo: 0 0 0 0

1735173767
eth0: 1741183003 36956583 5542392 46922
lo: 0 0 0 0

1735173768
eth0: 1745452213 37036329 4269210 79746
lo: 0 0 0 0

1735173769
eth0: 1750219501 37113999 4767288 77670
lo: 0 0 0 0

1735173770
eth0: 1755487231 37192011 5267730 78012
lo: 0 0 0 0

1735173771
eth0: 1760192437 37259745 4705206 67734
lo: 0 0 0 0

1735173772
eth0: 1765099661 37347273 4907224 87528
lo: 0 0 0 0

1735173773
eth0: 1769702579 37415901 4602918 68628
lo: 0 0 0 0

1735173996
eth0: 1775584415 37477665 5881836 61764
lo: 0 0 0 0

