1735173216
0.0 0.0 0.0

1735173217
0.0 0.0 0.0

1735173218
0.0 0.0 0.0

1735173219
0.0 0.0 0.0

1735173220
0.0 0.0 0.0

1735173221
0.0 0.0 0.0

1735173222
0.0 0.0 0.0

1735173223
0.0 0.0 0.0

1735173224
0.0 0.0 0.0

1735173225
0.0 0.0 0.0

1735173226
0.0 0.0 0.0

1735173227
0.0 0.0 0.0

1735173228
0.0 0.0 0.0

1735173229
0.0 0.0 0.0

1735173230
0.0 0.0 0.0

1735173231
0.0 0.0 0.0

1735173232
0.0 0.0 0.0

1735173233
0.0 0.0 0.0

1735173234
0.0 0.0 0.0

1735173235
0.0 0.0 0.0

1735173236
0.0 0.0 0.0

1735173237
0.0 0.0 0.0

1735173238
0.0 0.0 0.0

1735173239
0.0 0.0 0.0

1735173240
0.0 0.0 0.0

1735173241
0.0 0.0 0.0

1735173242
0.0 0.0 0.0

1735173243
0.0 0.0 0.0

1735173244
0.0 0.0 0.0

1735173245
0.0 0.0 0.0

1735173246
0.0 0.0 0.0

1735173247
0.0 0.0 0.0

1735173248
0.0 0.0 0.0

1735173249
0.0 0.0 0.0

1735173250
0.0 0.0 0.0

1735173251
0.0 0.0 0.0

1735173252
0.0 0.0 0.0

1735173253
0.0 0.0 0.0

1735173254
0.0 0.0 0.0

1735173255
0.0 0.0 0.0

1735173256
0.0 0.0 0.0

1735173257
0.0 0.0 0.0

1735173258
0.0 0.0 0.0

1735173259
0.0 0.0 0.0

1735173260
0.0 0.0 0.0

1735173261
0.0 0.0 0.0

1735173262
0.0 0.0 0.0

1735173263
0.0 0.0 0.0

1735173264
0.0 0.0 0.0

1735173265
0.0 0.0 0.0

1735173266
0.0 0.0 0.0

1735173267
0.0 0.0 0.0

1735173268
0.0 0.0 0.0

1735173269
0.0 0.0 0.0

1735173270
0.0 0.0 0.0

1735173271
0.0 0.0 0.0

1735173272
0.0 0.0 0.0

1735173273
0.0 0.0 0.0

1735173274
0.0 0.0 0.0

1735173275
0.0 0.0 0.0

1735173276
0.0 0.0 0.0

1735173278
0.0 0.0 0.0

1735173279
0.0 0.0 0.0

1735173280
0.0 0.0 0.0

1735173281
0.0 0.0 0.0

1735173282
0.0 0.0 0.0

1735173283
0.0 0.0 0.0

1735173284
0.0 0.0 0.0

1735173285
0.0 0.0 0.0

1735173286
0.0 0.0 0.0

1735173287
0.0 0.0 0.0

1735173288
0.0 0.0 0.0

1735173289
0.0 0.0 0.0

1735173290
0.0 0.0 0.0

1735173291
0.0 0.0 0.0

1735173292
0.0 0.0 0.0

1735173293
0.0 0.0 0.0

1735173294
0.0 0.0 0.0

1735173295
0.0 0.0 0.0

1735173296
0.0 0.0 0.0

1735173297
0.0 0.0 0.0

1735173298
0.0 0.0 0.0

1735173299
0.0 0.0 0.0

1735173300
0.0 0.0 0.0

1735173301
0.0 0.0 0.0

1735173302
0.0 0.0 0.0

1735173303
0.0 0.0 0.0

1735173304
0.0 0.0 0.0

1735173305
0.0 0.0 0.0

1735173306
0.0 0.0 0.0

1735173307
0.0 0.0 0.0

1735173308
0.0 0.0 0.0

1735173309
0.0 0.0 0.0

1735173310
0.0 0.0 0.0

1735173311
0.0 0.0 0.0

1735173312
0.0 0.0 0.0

1735173313
0.0 0.0 0.0

1735173314
0.0 0.0 0.0

1735173315
0.0 0.0 0.0

1735173316
0.0 0.0 0.0

1735173317
0.0 0.0 0.0

1735173318
0.0 0.0 0.0

1735173319
0.0 0.0 0.0

1735173320
0.0 0.0 0.0

1735173321
0.0 0.0 0.0

1735173322
0.0 0.0 0.0

1735173323
0.0 0.0 0.0

1735173324
0.0 0.0 0.0

1735173325
0.0 0.0 0.0

1735173326
0.0 0.0 0.0

1735173327
0.0 0.0 0.0

1735173328
0.0 0.0 0.0

1735173329
0.0 0.0 0.0

1735173330
0.0 0.0 0.0

1735173331
0.0 0.0 0.0

1735173332
0.0 0.0 0.0

1735173333
0.0 0.0 0.0

1735173334
0.0 0.0 0.0

1735173335
0.0 0.0 0.0

1735173336
0.0 0.0 0.0

1735173337
0.0 0.0 0.0

1735173338
0.0 0.0 0.0

1735173339
0.0 0.0 0.0

1735173340
0.0 0.0 0.0

1735173341
0.0 0.0 0.0

1735173342
0.0 0.0 0.0

1735173343
0.0 0.0 0.0

1735173344
0.0 0.0 0.0

1735173345
0.0 0.0 0.0

1735173346
0.0 0.0 0.0

1735173347
0.0 0.0 0.0

1735173348
0.0 0.0 0.0

1735173349
0.0 0.0 0.0

1735173350
0.0 0.0 0.0

1735173351
0.0 0.0 0.0

1735173352
0.0 0.0 0.0

1735173353
0.0 0.0 0.0

1735173354
0.0 0.0 0.0

1735173355
0.0 0.0 0.0

1735173356
0.0 0.0 0.0

1735173357
0.0 0.0 0.0

1735173358
0.0 0.0 0.0

1735173359
0.0 0.0 0.0

1735173360
0.0 0.0 0.0

1735173361
0.0 0.0 0.0

1735173363
0.0 0.0 0.0

1735173364
0.0 0.0 0.0

1735173365
0.0 0.0 0.0

1735173366
0.0 0.0 0.0

1735173367
0.0 0.0 0.0

1735173368
0.0 0.0 0.0

1735173369
0.0 0.0 0.0

1735173370
0.0 0.0 0.0

1735173371
0.0 0.0 0.0

1735173372
0.0 0.0 0.0

1735173373
0.0 0.0 0.0

1735173374
0.0 0.0 0.0

1735173375
0.0 0.0 0.0

1735173376
0.0 0.0 0.0

1735173377
0.0 0.0 0.0

1735173378
0.0 0.0 0.0

1735173379
0.0 0.0 0.0

1735173380
0.0 0.0 0.0

1735173381
0.0 0.0 0.0

1735173382
0.0 0.0 0.0

1735173383
0.0 0.0 0.0

1735173384
0.0 0.0 0.0

1735173385
0.0 0.0 0.0

1735173386
0.0 0.0 0.0

1735173387
0.0 0.0 0.0

1735173388
0.0 0.0 0.0

1735173389
0.0 0.0 0.0

1735173390
0.0 0.0 0.0

1735173391
0.0 0.0 0.0

1735173392
0.0 0.0 0.0

1735173393
0.0 0.0 0.0

1735173394
0.0 0.0 0.0

1735173395
0.0 0.0 0.0

1735173396
0.0 0.0 0.0

1735173397
0.0 0.0 0.0

1735173398
0.0 0.0 0.0

1735173399
0.0 0.0 0.0

1735173400
0.0 0.0 0.0

1735173401
0.0 0.0 0.0

1735173402
0.0 0.0 0.0

1735173403
0.0 0.0 0.0

1735173404
0.0 0.0 0.0

1735173405
0.0 0.0 0.0

1735173406
0.0 0.0 0.0

1735173407
0.0 0.0 0.0

1735173408
0.0 0.0 0.0

1735173409
0.0 0.0 0.0

1735173410
0.0 0.0 0.0

1735173411
0.0 0.0 0.0

1735173412
0.0 0.0 0.0

1735173413
0.0 0.0 0.0

1735173414
0.0 0.0 0.0

1735173415
0.0 0.0 0.0

1735173416
0.0 0.0 0.0

1735173417
0.0 0.0 0.0

1735173418
0.0 0.0 0.0

1735173419
0.0 0.0 0.0

1735173420
0.0 0.0 0.0

1735173421
0.0 0.0 0.0

1735173422
0.0 0.0 0.0

1735173423
0.0 0.0 0.0

1735173424
0.0 0.0 0.0

1735173425
0.0 0.0 0.0

1735173426
0.0 0.0 0.0

1735173427
0.0 0.0 0.0

1735173428
0.0 0.0 0.0

1735173429
0.0 0.0 0.0

1735173430
0.0 0.0 0.0

1735173431
0.0 0.0 0.0

1735173432
0.0 0.0 0.0

1735173433
0.0 0.0 0.0

1735173434
0.0 0.0 0.0

1735173435
0.0 0.0 0.0

1735173436
0.0 0.0 0.0

1735173437
0.0 0.0 0.0

1735173438
0.0 0.0 0.0

1735173439
0.0 0.0 0.0

1735173440
0.0 0.0 0.0

1735173441
0.0 0.0 0.0

1735173442
0.0 0.0 0.0

1735173443
0.0 0.0 0.0

1735173444
0.0 0.0 0.0

1735173445
0.0 0.0 0.0

1735173446
0.0 0.0 0.0

1735173447
0.0 0.0 0.0

1735173448
0.0 0.0 0.0

1735173449
0.0 0.0 0.0

1735173450
0.0 0.0 0.0

1735173451
0.0 0.0 0.0

1735173452
0.0 0.0 0.0

1735173453
0.0 0.0 0.0

1735173454
0.0 0.0 0.0

1735173455
0.0 0.0 0.0

1735173456
0.0 0.0 0.0

1735173457
0.0 0.0 0.0

1735173458
0.0 0.0 0.0

1735173459
0.0 0.0 0.0

1735173460
0.0 0.0 0.0

1735173461
0.0 0.0 0.0

1735173462
0.0 0.0 0.0

1735173463
0.0 0.0 0.0

1735173464
0.0 0.0 0.0

1735173465
0.0 0.0 0.0

1735173466
0.0 0.0 0.0

1735173467
0.0 0.0 0.0

1735173468
0.0 0.0 0.0

1735173469
0.0 0.0 0.0

1735173470
0.0 0.0 0.0

1735173471
0.0 0.0 0.0

1735173472
0.0 0.0 0.0

1735173473
0.0 0.0 0.0

1735173474
0.0 0.0 0.0

1735173475
0.0 0.0 0.0

1735173476
0.0 0.0 0.0

1735173477
0.0 0.0 0.0

1735173478
0.0 0.0 0.0

1735173479
0.0 0.0 0.0

1735173480
0.0 0.0 0.0

1735173481
0.0 0.0 0.0

1735173482
0.0 0.0 0.0

1735173483
0.0 0.0 0.0

1735173484
0.0 0.0 0.0

1735173485
0.0 0.0 0.0

1735173486
0.0 0.0 0.0

1735173487
0.0 0.0 0.0

1735173488
0.0 0.0 0.0

1735173489
0.0 0.0 0.0

1735173491
0.0 0.0 0.0

1735173492
0.0 0.0 0.0

1735173493
0.0 0.0 0.0

1735173494
0.0 0.0 0.0

1735173496
0.0 0.0 0.0

1735173497
0.0 0.0 0.0

1735173498
0.0 0.0 0.0

1735173499
0.0 0.0 0.0

1735173500
0.0 0.0 0.0

1735173502
0.0 0.0 0.0

1735173503
0.0 0.0 0.0

1735173504
0.0 0.0 0.0

1735173505
0.0 0.0 0.0

1735173506
0.0 0.0 0.0

1735173507
0.0 0.0 0.0

1735173508
0.0 0.0 0.0

1735173509
0.0 0.0 0.0

1735173510
0.0 0.0 0.0

1735173511
0.0 0.0 0.0

1735173512
0.0 0.0 0.0

1735173513
0.0 0.0 0.0

1735173514
0.0 0.0 0.0

1735173515
0.0 0.0 0.0

1735173516
0.0 0.0 0.0

1735173517
0.0 0.0 0.0

1735173518
0.0 0.0 0.0

1735173519
0.0 0.0 0.0

1735173520
0.0 0.0 0.0

1735173521
0.0 0.0 0.0

1735173522
0.0 0.0 0.0

1735173523
0.0 0.0 0.0

1735173524
0.0 0.0 0.0

1735173525
0.0 0.0 0.0

1735173526
0.0 0.0 0.0

1735173527
0.0 0.0 0.0

1735173528
0.0 0.0 0.0

1735173529
0.0 0.0 0.0

1735173530
0.0 0.0 0.0

1735173531
0.0 0.0 0.0

1735173532
0.0 0.0 0.0

1735173533
0.0 0.0 0.0

1735173534
0.0 0.0 0.0

1735173535
0.0 0.0 0.0

1735173536
0.0 0.0 0.0

1735173537
0.0 0.0 0.0

1735173538
0.0 0.0 0.0

1735173539
0.0 0.0 0.0

1735173540
0.0 0.0 0.0

1735173541
0.0 0.0 0.0

1735173542
0.0 0.0 0.0

1735173543
0.0 0.0 0.0

1735173544
0.0 0.0 0.0

1735173545
0.0 0.0 0.0

1735173546
0.0 0.0 0.0

1735173547
0.0 0.0 0.0

1735173548
0.0 0.0 0.0

1735173549
0.0 0.0 0.0

1735173550
0.0 0.0 0.0

1735173551
0.0 0.0 0.0

1735173552
0.0 0.0 0.0

1735173553
0.0 0.0 0.0

1735173554
0.0 0.0 0.0

1735173555
0.0 0.0 0.0

1735173556
0.0 0.0 0.0

1735173557
0.0 0.0 0.0

1735173559
0.0 0.0 0.0

1735173560
0.0 0.0 0.0

1735173561
0.0 0.0 0.0

1735173562
0.0 0.0 0.0

1735173563
0.0 0.0 0.0

1735173564
0.0 0.0 0.0

1735173565
0.0 0.0 0.0

1735173566
0.0 0.0 0.0

1735173567
0.0 0.0 0.0

1735173568
0.0 0.0 0.0

1735173569
0.0 0.0 0.0

1735173570
0.0 0.0 0.0

1735173571
0.0 0.0 0.0

1735173572
0.0 0.0 0.0

1735173573
0.0 0.0 0.0

1735173574
0.0 0.0 0.0

1735173575
0.0 0.0 0.0

1735173576
0.0 0.0 0.0

1735173577
0.0 0.0 0.0

1735173578
0.0 0.0 0.0

1735173579
0.0 0.0 0.0

1735173580
0.0 0.0 0.0

1735173581
0.0 0.0 0.0

1735173582
0.0 0.0 0.0

1735173583
0.0 0.0 0.0

1735173584
0.0 0.0 0.0

1735173585
0.0 0.0 0.0

1735173586
0.0 0.0 0.0

1735173587
0.0 0.0 0.0

1735173588
0.0 0.0 0.0

1735173589
0.0 0.0 0.0

1735173590
0.0 0.0 0.0

1735173591
0.0 0.0 0.0

1735173592
0.0 0.0 0.0

1735173593
0.0 0.0 0.0

1735173594
0.0 0.0 0.0

1735173595
0.0 0.0 0.0

1735173596
0.0 0.0 0.0

1735173597
0.0 0.0 0.0

1735173598
0.0 0.0 0.0

1735173599
0.0 0.0 0.0

1735173600
0.0 0.0 0.0

1735173601
0.0 0.0 0.0

1735173602
0.0 0.0 0.0

1735173603
0.0 0.0 0.0

1735173604
0.0 0.0 0.0

1735173605
0.0 0.0 0.0

1735173606
0.0 0.0 0.0

1735173607
0.0 0.0 0.0

1735173608
0.0 0.0 0.0

1735173609
0.0 0.0 0.0

1735173610
0.0 0.0 0.0

1735173611
0.0 0.0 0.0

1735173612
0.0 0.0 0.0

1735173613
0.0 0.0 0.0

1735173614
0.0 0.0 0.0

1735173615
0.0 0.0 0.0

1735173616
0.0 0.0 0.0

1735173617
0.0 0.0 0.0

1735173618
0.0 0.0 0.0

1735173619
0.0 0.0 0.0

1735173620
0.0 0.0 0.0

1735173621
0.0 0.0 0.0

1735173622
0.0 0.0 0.0

1735173623
0.0 0.0 0.0

1735173624
0.0 0.0 0.0

1735173625
0.0 0.0 0.0

1735173626
0.0 0.0 0.0

1735173627
0.0 0.0 0.0

1735173628
0.0 0.0 0.0

1735173630
0.0 0.0 0.0

1735173631
0.0 0.0 0.0

1735173632
0.0 0.0 0.0

1735173633
0.0 0.0 0.0

1735173634
0.0 0.0 0.0

1735173635
0.0 0.0 0.0

1735173636
0.0 0.0 0.0

1735173637
0.0 0.0 0.0

1735173638
0.0 0.0 0.0

1735173639
0.0 0.0 0.0

1735173640
0.0 0.0 0.0

1735173641
0.0 0.0 0.0

1735173642
0.0 0.0 0.0

1735173643
0.0 0.0 0.0

1735173644
0.0 0.0 0.0

1735173645
0.0 0.0 0.0

1735173646
0.0 0.0 0.0

1735173647
0.0 0.0 0.0

1735173648
0.0 0.0 0.0

1735173649
0.0 0.0 0.0

1735173650
0.0 0.0 0.0

1735173651
0.0 0.0 0.0

1735173652
0.0 0.0 0.0

1735173653
0.0 0.0 0.0

1735173654
0.0 0.0 0.0

1735173655
0.0 0.0 0.0

1735173656
0.0 0.0 0.0

1735173657
0.0 0.0 0.0

1735173658
0.0 0.0 0.0

1735173659
0.0 0.0 0.0

1735173660
0.0 0.0 0.0

1735173661
0.0 0.0 0.0

1735173662
0.0 0.0 0.0

1735173663
0.0 0.0 0.0

1735173664
0.0 0.0 0.0

1735173665
0.0 0.0 0.0

1735173667
0.0 0.0 0.0

1735173668
0.0 0.0 0.0

1735173669
0.0 0.0 0.0

1735173670
0.0 0.0 0.0

1735173671
0.0 0.0 0.0

1735173672
0.0 0.0 0.0

1735173673
0.0 0.0 0.0

1735173674
0.0 0.0 0.0

1735173675
0.0 0.0 0.0

1735173676
0.0 0.0 0.0

1735173677
0.0 0.0 0.0

1735173678
0.0 0.0 0.0

1735173679
0.0 0.0 0.0

1735173680
0.0 0.0 0.0

1735173681
0.0 0.0 0.0

1735173682
0.0 0.0 0.0

1735173683
0.0 0.0 0.0

1735173684
0.0 0.0 0.0

1735173685
0.0 0.0 0.0

1735173686
0.0 0.0 0.0

1735173687
0.0 0.0 0.0

1735173688
0.0 0.0 0.0

1735173689
0.0 0.0 0.0

1735173690
0.0 0.0 0.0

1735173691
0.0 0.0 0.0

1735173692
0.0 0.0 0.0

1735173693
0.0 0.0 0.0

1735173694
0.0 0.0 0.0

1735173695
0.0 0.0 0.0

1735173696
0.0 0.0 0.0

1735173697
0.0 0.0 0.0

1735173698
0.0 0.0 0.0

1735173699
0.0 0.0 0.0

1735173700
0.0 0.0 0.0

1735173705
0.0 0.0 0.0

1735173706
0.0 0.0 0.0

1735173707
0.0 0.0 0.0

1735173708
0.0 0.0 0.0

1735173709
0.0 0.0 0.0

1735173710
0.0 0.0 0.0

1735173711
0.0 0.0 0.0

1735173712
0.0 0.0 0.0

1735173713
0.0 0.0 0.0

1735173714
0.0 0.0 0.0

1735173715
0.0 0.0 0.0

1735173716
0.0 0.0 0.0

1735173717
0.0 0.0 0.0

1735173718
0.0 0.0 0.0

1735173719
0.0 0.0 0.0

1735173720
0.0 0.0 0.0

1735173721
0.0 0.0 0.0

1735173722
0.0 0.0 0.0

1735173723
0.0 0.0 0.0

1735173724
0.0 0.0 0.0

1735173725
0.0 0.0 0.0

1735173726
0.0 0.0 0.0

1735173727
0.0 0.0 0.0

1735173728
0.0 0.0 0.0

1735173729
0.0 0.0 0.0

1735173730
0.0 0.0 0.0

1735173731
0.0 0.0 0.0

1735173732
0.0 0.0 0.0

1735173733
0.0 0.0 0.0

1735173734
0.0 0.0 0.0

1735173735
0.0 0.0 0.0

1735173736
0.0 0.0 0.0

1735173737
0.0 0.0 0.0

1735173738
0.0 0.0 0.0

1735173739
0.0 0.0 0.0

1735173740
0.0 0.0 0.0

1735173741
0.0 0.0 0.0

1735173742
0.0 0.0 0.0

1735173743
0.0 0.0 0.0

1735173744
0.0 0.0 0.0

1735173745
0.0 0.0 0.0

1735173746
0.0 0.0 0.0

1735173747
0.0 0.0 0.0

1735173748
0.0 0.0 0.0

1735173749
0.0 0.0 0.0

1735173750
0.0 0.0 0.0

1735173751
0.0 0.0 0.0

1735173752
0.0 0.0 0.0

1735173753
0.0 0.0 0.0

1735173754
0.0 0.0 0.0

1735173755
0.0 0.0 0.0

1735173756
0.0 0.0 0.0

1735173757
0.0 0.0 0.0

1735173758
0.0 0.0 0.0

1735173759
0.0 0.0 0.0

1735173760
0.0 0.0 0.0

1735173761
0.0 0.0 0.0

1735173762
0.0 0.0 0.0

1735173764
0.0 0.0 0.0

1735173765
0.0 0.0 0.0

1735173766
0.0 0.0 0.0

1735173767
0.0 0.0 0.0

1735173768
0.0 0.0 0.0

1735173769
0.0 0.0 0.0

1735173770
0.0 0.0 0.0

1735173771
0.0 0.0 0.0

1735173772
0.0 0.0 0.0

1735173773
0.0 0.0 0.0

