1735173216
4006768 496736 313668 1594260 0 0

1735173217
4006768 362292 313796 1598612 0 0

1735173218
4006768 340788 313796 1601256 0 0

1735173219
4006768 325472 313796 1610028 0 0

1735173220
4006768 285404 313816 1651796 0 0

1735173221
4006768 252040 313820 1684068 0 0

1735173222
4006768 219808 313848 1688784 0 0

1735173223
4006768 224352 313884 1708148 0 0

1735173224
4006768 196072 313924 1721448 0 0

1735173225
4006768 182136 313940 1740576 0 0

1735173226
4006768 191380 313952 1752308 0 0

1735173227
4006768 178372 313956 1766164 0 0

1735173228
4006768 147284 313976 1779772 0 0

1735173229
4006768 125016 314140 1783136 0 0

1735173230
4006768 177528 314176 1736600 0 0

1735173231
4006768 148124 314196 1752760 0 0

1735173232
4006768 166760 314224 1745776 0 0

1735173233
4006768 163904 314240 1765084 0 0

1735173234
4006768 119548 314240 1806092 0 0

1735173235
4006768 117124 314244 1750440 0 0

1735173236
4006768 129320 314508 1732292 0 0

1735173237
4006768 119640 314540 1711444 0 0

1735173238
4006768 238080 313480 1606532 0 0

1735173239
4006768 186912 313496 1651612 0 0

1735173240
4006768 141896 313520 1689888 0 0

1735173241
4006768 127044 313548 1700612 0 0

1735173242
4006768 107624 303600 1644128 0 0

1735173243
4006768 154684 293832 1591304 0 0

1735173244
4006768 200460 294156 1620672 0 0

1735173245
4006768 154612 294428 1654256 0 0

1735173246
4006768 120956 294828 1685200 0 0

1735173247
4006768 124308 288640 1659092 0 0

1735173248
4006768 149868 285576 1653488 0 0

1735173249
4006768 129740 285704 1681752 0 0

1735173250
4006768 106224 283492 1686044 0 0

1735173251
4006768 122464 281604 1688016 0 0

1735173252
4006768 115296 274896 1673528 0 0

1735173253
4006768 112612 274948 1701576 0 0

1735173254
4006768 117936 269356 1685812 0 0

1735173255
4006768 162596 268884 1630452 0 0

1735173256
4006768 127280 268896 1659220 0 0

1735173257
4006768 212156 267008 1653092 0 0

1735173258
4006768 175948 267024 1665948 0 0

1735173259
4006768 145528 267032 1688440 0 0

1735173260
4006768 110124 267036 1702120 0 0

1735173261
4006768 106236 266740 1711088 0 0

1735173262
4006768 124396 263152 1685900 0 0

1735173263
4006768 132272 258528 1693676 0 0

1735173264
4006768 167480 255484 1649040 0 0

1735173265
4006768 112792 255572 1696608 0 0

1735173266
4006768 114196 249340 1674040 0 0

1735173267
4006768 109564 245116 1676928 0 0

1735173268
4006768 119388 240932 1671656 0 0

1735173269
4006768 140648 239448 1679944 0 0

1735173270
4006768 126452 237768 1693636 0 0

1735173271
4006768 111484 233792 1688352 0 0

1735173272
4006768 168136 233824 1692980 0 0

1735173273
4006768 195380 233868 1699968 0 0

1735173274
4006768 187524 233892 1709376 0 0

1735173275
4006768 156056 234352 1727496 0 0

1735173276
4006768 157588 234396 1730312 0 0

1735173278
4006768 116344 231824 1694864 0 0

1735173279
4006768 123284 219296 1602700 0 0

1735173280
4006768 207688 215336 1563540 0 0

1735173281
4006768 172908 215380 1570132 0 0

1735173282
4006768 110660 203500 1535340 0 0

1735173283
4006768 136064 199936 1518396 0 0

1735173284
4006768 114508 196392 1495804 0 0

1735173285
4006768 121248 194732 1493016 0 0

1735173286
4006768 163568 191372 1474328 0 0

1735173287
4006768 166648 191404 1514852 0 0

1735173288
4006768 137716 190624 1533760 0 0

1735173289
4006768 133840 184288 1477084 0 0

1735173290
4006768 144076 174356 1395028 0 0

1735173291
4006768 195048 171372 1367392 0 0

1735173292
4006768 173212 171668 1368368 0 0

1735173293
4006768 142304 171764 1369592 0 0

1735173294
4006768 163528 170380 1356416 0 0

1735173295
4006768 268068 168896 1345484 0 0

1735173296
4006768 214032 169012 1353792 0 0

1735173297
4006768 148328 169104 1364140 0 0

1735173298
4006768 222320 169120 1375668 0 0

1735173299
4006768 238468 169236 1378652 0 0

1735173300
4006768 297300 169296 1387052 0 0

1735173301
4006768 409864 169440 1403560 0 0

1735173302
4006768 373056 170588 1418124 0 0

1735173303
4006768 509036 171744 1428328 0 0

1735173304
4006768 418136 171984 1438548 0 0

1735173305
4006768 383608 172228 1446968 0 0

1735173306
4006768 252148 172424 1451584 0 0

1735173307
4006768 199580 172636 1465140 0 0

1735173308
4006768 120204 169468 1443856 0 0

1735173309
4006768 119124 169512 1446996 0 0

1735173310
4006768 138644 164828 1415324 0 0

1735173311
4006768 266256 164888 1418928 0 0

1735173312
4006768 118548 168188 1544284 0 0

1735173313
4006768 109844 172476 1684496 0 0

1735173314
4006768 121016 168968 1668872 0 0

1735173315
4006768 138188 167708 1652652 0 0

1735173316
4006768 143292 166428 1639488 0 0

1735173317
4006768 130500 163928 1609664 0 0

1735173318
4006768 155056 164460 1614028 0 0

1735173319
4006768 307160 165064 1623352 0 0

1735173320
4006768 271024 165652 1638860 0 0

1735173321
4006768 204436 165896 1652084 0 0

1735173322
4006768 195676 166136 1667844 0 0

1735173323
4006768 108636 160852 1611620 0 0

1735173324
4006768 144924 157472 1579756 0 0

1735173325
4006768 113624 151052 1511584 0 0

1735173326
4006768 191824 147532 1477952 0 0

1735173327
4006768 161468 147980 1483300 0 0

1735173328
4006768 333444 148284 1488256 0 0

1735173329
4006768 321668 148432 1497420 0 0

1735173330
4006768 286564 148540 1504016 0 0

1735173331
4006768 274160 148752 1513980 0 0

1735173332
4006768 249920 148824 1524184 0 0

1735173333
4006768 233892 149020 1533420 0 0

1735173334
4006768 220304 149296 1540628 0 0

1735173335
4006768 362580 149644 1564692 0 0

1735173336
4006768 258960 152064 1644220 0 0

1735173337
4006768 210188 153384 1691104 0 0

1735173338
4006768 222168 153840 1721780 0 0

1735173339
4006768 216216 154584 1732852 0 0

1735173340
4006768 191988 154884 1739888 0 0

1735173341
4006768 198316 155024 1746576 0 0

1735173342
4006768 171580 155144 1753104 0 0

1735173343
4006768 116592 155332 1761760 0 0

1735173344
4006768 111796 153832 1748548 0 0

1735173345
4006768 132692 151608 1734924 0 0

1735173346
4006768 118572 151764 1739092 0 0

1735173347
4006768 190564 152104 1742928 0 0

1735173348
4006768 177112 153100 1747104 0 0

1735173349
4006768 157856 155908 1775856 0 0

1735173350
4006768 146836 150816 1725348 0 0

1735173351
4006768 160292 150936 1728452 0 0

1735173352
4006768 236268 151112 1742808 0 0

1735173353
4006768 199444 151192 1749704 0 0

1735173354
4006768 175092 151432 1754412 0 0

1735173355
4006768 128508 151680 1772908 0 0

1735173356
4006768 175188 152100 1789284 0 0

1735173357
4006768 188592 148020 1736340 0 0

1735173358
4006768 215520 148192 1751488 0 0

1735173359
4006768 183328 148348 1766100 0 0

1735173360
4006768 186844 148476 1780360 0 0

1735173361
4006768 177608 149368 1794388 0 0

1735173363
4006768 151780 149732 1821472 0 0

1735173364
4006768 129376 148788 1821264 0 0

1735173365
4006768 114264 149524 1835372 0 0

1735173366
4006768 121184 149092 1829148 0 0

1735173367
4006768 154632 146780 1790888 0 0

1735173368
4006768 161888 146996 1814784 0 0

1735173369
4006768 123556 147384 1826968 0 0

1735173370
4006768 113656 146440 1822816 0 0

1735173371
4006768 278064 146092 1690436 0 0

1735173372
4006768 229340 146148 1702872 0 0

1735173373
4006768 209688 146184 1713556 0 0

1735173374
4006768 198632 146228 1723764 0 0

1735173375
4006768 198564 146324 1735984 0 0

1735173376
4006768 204200 146652 1747488 0 0

1735173377
4006768 195692 146916 1760308 0 0

1735173378
4006768 167684 147292 1778252 0 0

1735173379
4006768 141332 147708 1800932 0 0

1735173380
4006768 135860 148008 1830216 0 0

1735173381
4006768 147396 144816 1804168 0 0

1735173382
4006768 119636 144972 1816388 0 0

1735173383
4006768 128684 144984 1798544 0 0

1735173384
4006768 160928 145432 1808700 0 0

1735173385
4006768 135712 145656 1811840 0 0

1735173386
4006768 161568 145996 1820836 0 0

1735173387
4006768 157984 144436 1805064 0 0

1735173388
4006768 115044 144308 1814080 0 0

1735173389
4006768 142052 142860 1806288 0 0

1735173390
4006768 134164 143060 1817188 0 0

1735173391
4006768 121772 143256 1829404 0 0

1735173392
4006768 111604 142140 1827524 0 0

1735173393
4006768 120908 140388 1807748 0 0

1735173394
4006768 145536 138044 1791716 0 0

1735173395
4006768 129712 138532 1809620 0 0

1735173396
4006768 166104 136340 1793456 0 0

1735173397
4006768 139672 136584 1807980 0 0

1735173398
4006768 108544 135332 1805844 0 0

1735173399
4006768 147828 134148 1802868 0 0

1735173400
4006768 135224 132788 1801340 0 0

1735173401
4006768 119976 133396 1823024 0 0

1735173402
4006768 109628 132336 1820752 0 0

1735173403
4006768 251756 124984 1678796 0 0

1735173404
4006768 264200 125152 1693360 0 0

1735173405
4006768 239768 125340 1705884 0 0

1735173406
4006768 226792 125432 1718584 0 0

1735173407
4006768 252984 125636 1728752 0 0

1735173408
4006768 212676 125848 1737376 0 0

1735173409
4006768 214944 125896 1749352 0 0

1735173410
4006768 170468 126812 1795188 0 0

1735173411
4006768 154556 126976 1807456 0 0

1735173412
4006768 128712 127248 1846132 0 0

1735173413
4006768 170160 124780 1826012 0 0

1735173414
4006768 110376 124636 1841812 0 0

1735173415
4006768 132356 123468 1814768 0 0

1735173416
4006768 112756 123624 1799596 0 0

1735173417
4006768 116588 124184 1816584 0 0

1735173418
4006768 153832 124440 1781696 0 0

1735173419
4006768 140268 125144 1793652 0 0

1735173420
4006768 117852 125420 1803880 0 0

1735173421
4006768 127756 125392 1781708 0 0

1735173422
4006768 112676 125680 1732204 0 0

1735173423
4006768 122168 124688 1670564 0 0

1735173424
4006768 156868 123652 1595028 0 0

1735173425
4006768 162688 123656 1609764 0 0

1735173426
4006768 152412 123664 1624656 0 0

1735173427
4006768 112680 123676 1636104 0 0

1735173428
4006768 131712 123696 1619600 0 0

1735173429
4006768 156116 123712 1577688 0 0

1735173430
4006768 136208 123720 1590892 0 0

1735173431
4006768 151892 123732 1603428 0 0

1735173432
4006768 114812 123752 1597248 0 0

1735173433
4006768 136512 123768 1600420 0 0

1735173434
4006768 177956 123772 1589616 0 0

1735173435
4006768 205712 123780 1594732 0 0

1735173436
4006768 213148 123808 1600024 0 0

1735173437
4006768 162560 123836 1601580 0 0

1735173438
4006768 174704 123864 1601656 0 0

1735173439
4006768 204752 123888 1603236 0 0

1735173440
4006768 182544 123916 1604136 0 0

1735173441
4006768 186612 123924 1604588 0 0

1735173442
4006768 153104 123992 1615036 0 0

1735173443
4006768 207560 124112 1617816 0 0

1735173444
4006768 212516 124392 1618560 0 0

1735173445
4006768 198732 124600 1620912 0 0

1735173446
4006768 197576 124748 1621412 0 0

1735173447
4006768 155424 125032 1621696 0 0

1735173448
4006768 196824 125280 1624084 0 0

1735173449
4006768 127492 123760 1579236 0 0

1735173450
4006768 158176 122920 1558348 0 0

1735173451
4006768 132204 123352 1560684 0 0

1735173452
4006768 210268 123420 1562136 0 0

1735173453
4006768 223128 123660 1563580 0 0

1735173454
4006768 206068 123660 1564564 0 0

1735173455
4006768 221824 123724 1568060 0 0

1735173456
4006768 225400 123884 1569900 0 0

1735173457
4006768 190452 123988 1573116 0 0

1735173458
4006768 155388 124064 1574696 0 0

1735173459
4006768 159496 124120 1592288 0 0

1735173460
4006768 180124 124440 1600240 0 0

1735173461
4006768 192304 124468 1601500 0 0

1735173462
4006768 308292 124724 1604640 0 0

1735173463
4006768 204712 124888 1606336 0 0

1735173464
4006768 264296 124924 1608204 0 0

1735173465
4006768 281640 125232 1609708 0 0

1735173466
4006768 265852 125292 1611828 0 0

1735173467
4006768 301112 125396 1616568 0 0

1735173468
4006768 257544 125620 1617820 0 0

1735173469
4006768 227188 126184 1654776 0 0

1735173470
4006768 257948 126536 1663892 0 0

1735173471
4006768 246588 127672 1678264 0 0

1735173472
4006768 235188 128176 1692900 0 0

1735173473
4006768 249448 128460 1694312 0 0

1735173474
4006768 184116 128592 1709952 0 0

1735173475
4006768 122080 129624 1721240 0 0

1735173476
4006768 108388 135340 1689592 0 0

1735173477
4006768 189436 138632 1615948 0 0

1735173478
4006768 137776 138192 1627324 0 0

1735173479
4006768 290528 136568 1474836 0 0

1735173480
4006768 221248 136596 1508028 0 0

1735173481
4006768 268564 136696 1524680 0 0

1735173482
4006768 271060 136876 1534308 0 0

1735173483
4006768 233856 137212 1560892 0 0

1735173484
4006768 184952 137544 1587568 0 0

1735173485
4006768 146896 137816 1616932 0 0

1735173486
4006768 129064 138760 1631816 0 0

1735173487
4006768 163708 137264 1630684 0 0

1735173488
4006768 125004 138360 1643336 0 0

1735173489
4006768 142652 142644 1687960 0 0

1735173491
4006768 161504 146100 1568800 0 0

1735173492
4006768 175696 149076 1607784 0 0

1735173493
4006768 141020 149480 1584080 0 0

1735173494
4006768 138944 150364 1580720 0 0

1735173496
4006768 184232 136308 1531184 0 0

1735173497
4006768 175252 131540 1524460 0 0

1735173498
4006768 151432 132396 1538276 0 0

1735173499
4006768 363628 122244 1287840 0 0

1735173500
4006768 425212 122752 1296260 0 0

1735173502
4006768 400760 124864 1339256 0 0

1735173503
4006768 392288 126920 1371368 0 0

1735173504
4006768 360584 128812 1401740 0 0

1735173505
4006768 352968 130408 1429660 0 0

1735173506
4006768 306272 130900 1441732 0 0

1735173507
4006768 278836 133280 1467736 0 0

1735173508
4006768 243852 134836 1494784 0 0

1735173509
4006768 206688 136584 1525212 0 0

1735173510
4006768 214940 136952 1531496 0 0

1735173511
4006768 182084 134620 1534788 0 0

1735173512
4006768 198944 134284 1563692 0 0

1735173513
4006768 136544 136488 1588348 0 0

1735173514
4006768 95200 137224 1568388 0 0

1735173515
4006768 176260 137084 1525380 0 0

1735173516
4006768 135672 137476 1537676 0 0

1735173517
4006768 181280 137476 1531996 0 0

1735173518
4006768 123520 138008 1562988 0 0

1735173519
4006768 115276 138168 1563072 0 0

1735173520
4006768 141572 138368 1576332 0 0

1735173521
4006768 116424 138384 1592132 0 0

1735173522
4006768 128444 137748 1576708 0 0

1735173523
4006768 121180 137476 1574404 0 0

1735173524
4006768 132572 138008 1583908 0 0

1735173525
4006768 125856 138312 1611228 0 0

1735173526
4006768 122572 138172 1604180 0 0

1735173527
4006768 108688 138172 1604364 0 0

1735173528
4006768 132996 138096 1551660 0 0

1735173529
4006768 113556 138172 1577740 0 0

1735173530
4006768 126956 136848 1563040 0 0

1735173531
4006768 92960 136772 1570980 0 0

1735173532
4006768 173912 136544 1434664 0 0

1735173533
4006768 233256 136716 1453436 0 0

1735173534
4006768 229912 136728 1470240 0 0

1735173535
4006768 242564 136760 1490656 0 0

1735173536
4006768 157872 136760 1518124 0 0

1735173537
4006768 158964 136936 1546788 0 0

1735173538
4006768 151216 136972 1581364 0 0

1735173539
4006768 161656 134972 1567804 0 0

1735173540
4006768 153944 135204 1621624 0 0

1735173541
4006768 157448 135104 1626892 0 0

1735173542
4006768 120152 136532 1650264 0 0

1735173543
4006768 121736 136120 1635884 0 0

1735173544
4006768 137880 136384 1623352 0 0

1735173545
4006768 186220 135216 1530488 0 0

1735173546
4006768 185748 135424 1544288 0 0

1735173547
4006768 197624 136844 1581760 0 0

1735173548
4006768 117368 138152 1612704 0 0

1735173549
4006768 219220 133444 1543760 0 0

1735173550
4006768 116412 133944 1562472 0 0

1735173551
4006768 126584 134628 1557608 0 0

1735173552
4006768 169016 135360 1525912 0 0

1735173553
4006768 178388 135760 1551416 0 0

1735173554
4006768 145744 136324 1541200 0 0

1735173555
4006768 154812 137640 1587380 0 0

1735173556
4006768 147692 137888 1590760 0 0

1735173557
4006768 116736 138496 1611496 0 0

1735173559
4006768 111900 140372 1591792 0 0

1735173560
4006768 131192 140752 1606140 0 0

1735173561
4006768 109648 141836 1594688 0 0

1735173562
4006768 168648 140572 1586028 0 0

1735173563
4006768 156512 142480 1617404 0 0

1735173564
4006768 141508 143032 1567100 0 0

1735173565
4006768 123052 139488 1572092 0 0

1735173566
4006768 130148 139760 1544772 0 0

1735173567
4006768 254528 140964 1513064 0 0

1735173568
4006768 225144 142000 1543224 0 0

1735173569
4006768 173648 143744 1577404 0 0

1735173570
4006768 166352 145196 1607336 0 0

1735173571
4006768 147460 145212 1607540 0 0

1735173572
4006768 137752 147408 1606500 0 0

1735173573
4006768 125864 148540 1619312 0 0

1735173574
4006768 113144 148792 1593352 0 0

1735173575
4006768 136748 146492 1576288 0 0

1735173576
4006768 132716 146504 1576084 0 0

1735173577
4006768 139192 146716 1566576 0 0

1735173578
4006768 127384 147116 1571404 0 0

1735173579
4006768 123644 147620 1506696 0 0

1735173580
4006768 130628 145116 1399888 0 0

1735173581
4006768 158728 145564 1347116 0 0

1735173582
4006768 184640 146228 1279476 0 0

1735173583
4006768 156608 147280 1281636 0 0

1735173584
4006768 154444 147956 1249232 0 0

1735173585
4006768 129092 147916 1187744 0 0

1735173586
4006768 199364 147088 1159060 0 0

1735173587
4006768 173912 147396 1146076 0 0

1735173588
4006768 305860 147648 1147428 0 0

1735173589
4006768 255324 147972 1149032 0 0

1735173590
4006768 257420 148084 1151628 0 0

1735173591
4006768 185304 150364 1160052 0 0

1735173592
4006768 239592 154296 1170308 0 0

1735173593
4006768 259924 154776 1184896 0 0

1735173594
4006768 253468 154804 1197036 0 0

1735173595
4006768 177068 155448 1209900 0 0

1735173596
4006768 218872 155468 1210564 0 0

1735173597
4006768 205068 155480 1211024 0 0

1735173598
4006768 220200 155488 1212556 0 0

1735173599
4006768 224848 155792 1216636 0 0

1735173600
4006768 128820 155864 1204016 0 0

1735173601
4006768 150632 155772 1175608 0 0

1735173602
4006768 158896 156480 1176296 0 0

1735173603
4006768 148884 156524 1179468 0 0

1735173604
4006768 272840 156488 1125756 0 0

1735173605
4006768 287364 156528 1126480 0 0

1735173606
4006768 307296 156900 1129360 0 0

1735173607
4006768 281816 157044 1131216 0 0

1735173608
4006768 253396 158596 1172400 0 0

1735173609
4006768 274540 159220 1175556 0 0

1735173610
4006768 117604 159688 1226788 0 0

1735173611
4006768 166268 160972 1236716 0 0

1735173612
4006768 174604 161296 1254388 0 0

1735173613
4006768 107740 162224 1217356 0 0

1735173614
4006768 163372 161892 1191212 0 0

1735173615
4006768 225936 162516 1218716 0 0

1735173616
4006768 274788 163064 1222048 0 0

1735173617
4006768 182620 163544 1225280 0 0

1735173618
4006768 158596 164956 1228896 0 0

1735173619
4006768 145504 165404 1231724 0 0

1735173620
4006768 118764 165220 1201392 0 0

1735173621
4006768 141292 165692 1152020 0 0

1735173622
4006768 134468 166880 1164284 0 0

1735173623
4006768 259992 168492 1171584 0 0

1735173624
4006768 227632 170800 1190560 0 0

1735173625
4006768 197256 172320 1212632 0 0

1735173626
4006768 179360 174016 1223456 0 0

1735173627
4006768 179720 175612 1222244 0 0

1735173628
4006768 175052 175748 1221280 0 0

1735173630
4006768 146528 175744 1193096 0 0

1735173631
4006768 187832 176488 1199244 0 0

1735173632
4006768 208264 177136 1200588 0 0

1735173633
4006768 189980 177172 1202064 0 0

1735173634
4006768 189768 177248 1202504 0 0

1735173635
4006768 552148 177548 1207576 0 0

1735173636
4006768 530324 178996 1209652 0 0

1735173637
4006768 588948 185932 1214636 0 0

1735173638
4006768 533112 186184 1220028 0 0

1735173639
4006768 501260 186576 1220916 0 0

1735173640
4006768 524220 186644 1225216 0 0

1735173641
4006768 576020 186672 1227288 0 0

1735173642
4006768 597084 186696 1229084 0 0

1735173643
4006768 582340 186716 1229580 0 0

1735173644
4006768 511864 186820 1231452 0 0

1735173645
4006768 522452 186860 1232380 0 0

1735173646
4006768 485092 186872 1233004 0 0

1735173647
4006768 533796 186888 1234964 0 0

1735173648
4006768 521172 186924 1235984 0 0

1735173649
4006768 512876 186948 1236428 0 0

1735173650
4006768 553848 186956 1238564 0 0

1735173651
4006768 522048 187076 1239872 0 0

1735173652
4006768 534732 187084 1240528 0 0

1735173653
4006768 512132 187112 1240928 0 0

1735173654
4006768 523704 187124 1241556 0 0

1735173655
4006768 550064 187124 1244116 0 0

1735173656
4006768 542440 187204 1245172 0 0

1735173657
4006768 292868 187296 1246480 0 0

1735173658
4006768 396700 187472 1248116 0 0

1735173659
4006768 379728 187504 1250652 0 0

1735173660
4006768 439240 187516 1253764 0 0

1735173661
4006768 438620 187524 1255016 0 0

1735173662
4006768 334376 187672 1256412 0 0

1735173663
4006768 184072 187736 1257208 0 0

1735173664
4006768 109300 186756 1210596 0 0

1735173665
4006768 115252 184020 1057068 0 0

1735173667
4006768 143968 163004 843860 0 0

1735173668
4006768 205920 163016 844172 0 0

1735173669
4006768 359652 163024 844664 0 0

1735173670
4006768 398788 163032 845032 0 0

1735173671
4006768 623940 163104 848696 0 0

1735173672
4006768 543036 163108 850220 0 0

1735173673
4006768 522256 163120 851724 0 0

1735173674
4006768 565148 163132 852600 0 0

1735173675
4006768 808068 163132 854116 0 0

1735173676
4006768 648568 163136 854584 0 0

1735173677
4006768 641472 163144 854748 0 0

1735173678
4006768 736600 163148 855016 0 0

1735173679
4006768 707764 163168 855556 0 0

1735173680
4006768 657320 163172 856164 0 0

1735173681
4006768 623552 163212 856556 0 0

1735173682
4006768 781448 163216 856956 0 0

1735173683
4006768 619572 163224 858152 0 0

1735173684
4006768 414156 163380 860856 0 0

1735173685
4006768 328968 163536 862620 0 0

1735173686
4006768 277268 163540 862068 0 0

1735173687
4006768 512164 163552 862748 0 0

1735173688
4006768 558624 163732 863224 0 0

1735173689
4006768 624256 163760 863812 0 0

1735173690
4006768 732132 163944 864048 0 0

1735173691
4006768 681380 163952 864456 0 0

1735173692
4006768 553144 164120 864720 0 0

1735173693
4006768 731860 164212 865848 0 0

1735173694
4006768 699192 164220 866824 0 0

1735173695
4006768 574952 164244 867656 0 0

1735173696
4006768 668172 164264 868788 0 0

1735173697
4006768 560456 164276 870148 0 0

1735173698
4006768 490852 164292 870852 0 0

1735173699
4006768 452336 164304 872292 0 0

1735173700
4006768 441308 164312 872820 0 0

1735173705
4006768 463672 168132 884748 0 0

1735173706
4006768 395460 168160 886504 0 0

1735173707
4006768 479196 168280 886324 0 0

1735173708
4006768 424568 168300 886592 0 0

1735173709
4006768 397620 168312 887500 0 0

1735173710
4006768 515820 168512 887920 0 0

1735173711
4006768 527944 168556 891252 0 0

1735173712
4006768 786152 168620 895792 0 0

1735173713
4006768 840484 168772 899244 0 0

1735173714
4006768 890484 168980 901500 0 0

1735173715
4006768 886072 169348 908248 0 0

1735173716
4006768 821172 169540 913472 0 0

1735173717
4006768 837516 169900 916256 0 0

1735173718
4006768 805172 169988 919324 0 0

1735173719
4006768 776276 170052 921876 0 0

1735173720
4006768 707488 170108 924232 0 0

1735173721
4006768 673116 170248 926896 0 0

1735173722
4006768 642364 170248 929456 0 0

1735173723
4006768 759804 171120 942900 0 0

1735173724
4006768 716536 171664 951844 0 0

1735173725
4006768 750780 171848 954696 0 0

1735173726
4006768 720596 172176 958868 0 0

1735173727
4006768 745628 172276 965752 0 0

1735173728
4006768 757792 172344 967904 0 0

1735173729
4006768 637440 172436 971600 0 0

1735173730
4006768 742120 172620 972992 0 0

1735173731
4006768 711708 172652 974992 0 0

1735173732
4006768 532092 172656 975424 0 0

1735173733
4006768 551920 172668 976896 0 0

1735173734
4006768 515012 172672 977664 0 0

1735173735
4006768 476300 172672 978048 0 0

1735173736
4006768 579244 172676 979596 0 0

1735173737
4006768 721396 172688 980632 0 0

1735173738
4006768 770136 173132 985272 0 0

1735173739
4006768 647444 173588 986520 0 0

1735173740
4006768 643852 173624 988356 0 0

1735173741
4006768 626892 178796 988956 0 0

1735173742
4006768 656788 178932 991596 0 0

1735173743
4006768 734496 179148 997380 0 0

1735173744
4006768 602292 179324 998500 0 0

1735173745
4006768 624824 179576 1002976 0 0

1735173746
4006768 510684 179692 1007820 0 0

1735173747
4006768 564728 180044 1012656 0 0

1735173748
4006768 524016 180436 1014716 0 0

1735173749
4006768 524708 182012 1056648 0 0

1735173750
4006768 426268 184792 1090988 0 0

1735173751
4006768 362164 185352 1094896 0 0

1735173752
4006768 418096 186212 1110464 0 0

1735173753
4006768 215476 186320 1111772 0 0

1735173754
4006768 407448 186328 1113676 0 0

1735173755
4006768 473416 186664 1118004 0 0

1735173756
4006768 303628 186844 1121012 0 0

1735173757
4006768 106624 182736 1071980 0 0

1735173758
4006768 145012 159996 793676 0 0

1735173759
4006768 231128 153468 550484 0 0

1735173760
4006768 585928 153496 558176 0 0

1735173761
4006768 361324 153732 565384 0 0

1735173762
4006768 697800 154244 577772 0 0

1735173764
4006768 803292 154448 612420 0 0

1735173765
4006768 349156 155048 621400 0 0

1735173766
4006768 129140 127336 560652 0 0

1735173767
4006768 109236 121352 326376 0 0

1735173768
4006768 204176 96132 252560 0 0

1735173769
4006768 345768 96960 258712 0 0

1735173770
4006768 127160 96944 241196 0 0

1735173771
4006768 134148 75980 211436 0 0

1735173772
4006768 204500 76148 219992 0 0

1735173773
4006768 152144 52788 210148 0 0

1735173996
4006768 109456 600 50268 0 0

