1735173217
0.5636822194199244 0.27112232030264816 0.05296343001261034

1735173218
0.12423124231242312 0.06150061500615006 0.020910209102091022

1735173219
0.0859277708592777 0.07347447073474471 0.0722291407222914

1735173220
0.31336898395721924 0.16684491978609625 0.2877005347593583

1735173221
0.38009049773755654 0.22322775263951736 0.21266968325791855

1735173222
0.4230287859824781 0.18523153942428036 0.04380475594493116

1735173223
0.29345088161209065 0.2141057934508816 0.02392947103274559

1735173224
0.3967254408060453 0.22040302267002518 0.027707808564231738

1735173225
0.27594627594627597 0.1684981684981685 0.013431013431013432

1735173226
0.34782608695652173 0.3440993788819876 0.011180124223602485

1735173227
0.2644526445264453 0.16728167281672818 0.0012300123001230013

1735173228
0.47506234413965087 0.19576059850374064 0.0

1735173229
0.3133265513733469 0.20956256358087488 0.16378433367243134

1735173230
0.2602965403624382 0.2273476112026359 0.2833607907742998

1735173231
0.2953105196451204 0.22813688212927757 0.22053231939163498

1735173232
0.4440251572327044 0.2968553459119497 0.08679245283018867

1735173233
0.4168765743073048 0.37279596977329976 0.031486146095717885

1735173234
0.5407124681933843 0.2926208651399491 0.054707379134860054

1735173235
0.46464646464646464 0.22095959595959597 0.13131313131313133

1735173236
0.05089058524173028 0.05216284987277354 0.6323155216284987

1735173237
0.1972187104930468 0.1213653603034134 0.44879898862199746

1735173238
0.15159235668789808 0.10063694267515924 0.47388535031847134

1735173239
0.09759188846641319 0.07731305449936629 0.41191381495564006

1735173240
0.17743979721166034 0.1432192648922687 0.3396704689480355

1735173241
0.055865921787709494 0.042458100558659215 0.4111731843575419

1735173242
0.2303206997084548 0.15306122448979592 0.35422740524781343

1735173243
0.7972465581977471 0.18648310387984982 0.011264080100125156

1735173244
0.27455919395465994 0.11460957178841309 0.3136020151133501

1735173245
0.16116751269035534 0.15101522842639595 0.2817258883248731

1735173246
0.17938931297709923 0.14631043256997456 0.30661577608142493

1735173247
0.12185929648241206 0.11055276381909548 0.435929648241206

1735173248
0.15736040609137056 0.09390862944162437 0.3883248730964467

1735173249
0.21019900497512436 0.13557213930348258 0.1865671641791045

1735173250
0.16308470290771176 0.13653603034134007 0.3059418457648546

1735173251
0.12883435582822086 0.08711656441717791 0.3116564417177914

1735173252
0.07051282051282051 0.08974358974358974 0.4025641025641026

1735173253
0.06480304955527319 0.06607369758576874 0.4332909783989835

1735173254
0.11586901763224182 0.09193954659949623 0.26448362720403024

1735173255
0.11349306431273644 0.1034047919293821 0.2572509457755359

1735173256
0.08014796547472257 0.12330456226880394 0.35018495684340323

1735173257
0.10837438423645321 0.0960591133004926 0.4051724137931034

1735173258
0.18271604938271604 0.1308641975308642 0.3

1735173259
0.14676616915422885 0.16417910447761194 0.15671641791044777

1735173260
0.3595505617977528 0.149812734082397 0.13358302122347065

1735173261
0.5061274509803921 0.1213235294117647 0.18872549019607843

1735173262
0.22846441947565543 0.08114856429463171 0.4069912609238452

1735173263
0.1734820322180917 0.11771995043370508 0.3469640644361834

1735173264
0.11209068010075567 0.09445843828715365 0.4068010075566751

1735173265
0.13164556962025317 0.07468354430379746 0.4506329113924051

1735173266
0.1670886075949367 0.039240506329113925 0.37088607594936707

1735173267
0.17997465145754118 0.046894803548795945 0.41951837769328265

1735173268
0.12531645569620253 0.05822784810126582 0.5164556962025316

1735173269
0.23551637279596976 0.10201511335012595 0.3589420654911839

1735173270
0.228643216080402 0.09547738693467336 0.28391959798994976

1735173271
0.27616645649432536 0.11601513240857503 0.2900378310214376

1735173272
0.4567901234567901 0.07407407407407407 0.291358024691358

1735173273
0.34514078110808355 0.05722070844686648 0.29427792915531337

1735173274
0.12269938650306748 0.08282208588957055 0.44631901840490795

1735173275
0.15457413249211358 0.08307045215562565 0.38065194532071506

1735173276
0.2572992700729927 0.12317518248175183 0.2518248175182482

1735173278
0.27236580516898606 0.21570576540755468 0.0636182902584493

1735173279
0.7974842767295598 0.18364779874213835 0.011320754716981131

1735173280
0.8748435544430538 0.1251564455569462 0.0

1735173281
0.87 0.12125 0.00625

1735173282
0.87625 0.12375 0.0

1735173283
0.86875 0.12875 0.00125

1735173284
0.8177278401997503 0.10861423220973783 0.06117353308364544

1735173285
0.8825 0.1175 0.0

1735173286
0.8319018404907975 0.10061349693251534 0.06257668711656442

1735173287
0.8702290076335878 0.1297709923664122 0.0

1735173288
0.86625 0.13375 0.0

1735173289
0.8946047678795483 0.1053952321204517 0.0

1735173290
0.912826899128269 0.08717310087173101 0.0

1735173291
0.8958594730238394 0.10414052697616061 0.0

1735173292
0.9014962593516209 0.09850374064837905 0.0

1735173293
0.8833124215809285 0.11668757841907151 0.0

1735173294
0.9039900249376559 0.09476309226932668 0.0

1735173295
0.8983688833124216 0.10037641154328733 0.0

1735173296
0.8778054862842892 0.12094763092269327 0.0012468827930174563

1735173297
0.9073842302878599 0.09261576971214018 0.0

1735173298
0.8525 0.1475 0.0

1735173299
0.8796992481203008 0.11027568922305764 0.005012531328320802

1735173300
0.74875 0.225 0.0025

1735173301
0.6446384039900249 0.23192019950124687 0.007481296758104738

1735173302
0.5879396984924623 0.21733668341708542 0.0678391959798995

1735173303
0.33917396745932415 0.2165206508135169 0.3541927409261577

1735173304
0.7023959646910467 0.19672131147540983 0.07944514501891552

1735173305
0.7992518703241895 0.19451371571072318 0.0024937655860349127

1735173306
0.8281053952321205 0.16938519447929737 0.0012547051442910915

1735173307
0.8451935081148564 0.15480649188514356 0.0

1735173308
0.872093023255814 0.11627906976744186 0.011627906976744186

1735173309
0.8770270270270271 0.11216216216216217 0.010810810810810811

1735173310
0.85375 0.14625 0.0

1735173311
0.8580323785803238 0.14196762141967623 0.0

1735173312
0.7487437185929648 0.22236180904522612 0.017587939698492462

1735173313
0.45685279187817257 0.29949238578680204 0.15355329949238578

1735173314
0.1858974358974359 0.09743589743589744 0.47692307692307695

1735173315
0.23645320197044334 0.10467980295566502 0.4039408866995074

1735173316
0.43439490445859874 0.2611464968152866 0.13630573248407643

1735173317
0.4239401496259352 0.20074812967581046 0.20324189526184538

1735173318
0.48280254777070064 0.18980891719745224 0.14777070063694267

1735173319
0.4257178526841448 0.20474406991260924 0.2484394506866417

1735173320
0.5132408575031526 0.24968474148802017 0.10466582597730138

1735173321
0.20973782771535582 0.09363295880149813 0.4731585518102372

1735173322
0.2518703241895262 0.19825436408977556 0.3167082294264339

1735173323
0.614321608040201 0.22989949748743718 0.06281407035175879

1735173324
0.8785982478097623 0.12015018773466833 0.0012515644555694619

1735173325
0.8735919899874843 0.12390488110137672 0.0012515644555694619

1735173326
0.8922305764411027 0.10526315789473684 0.0

1735173327
0.871859296482412 0.09673366834170855 0.01256281407035176

1735173328
0.6320400500625782 0.1414267834793492 0.06633291614518148

1735173329
0.6335012594458438 0.2052896725440806 0.02644836272040302

1735173330
0.5796019900497512 0.16169154228855723 0.0024875621890547263

1735173331
0.49619289340101524 0.16370558375634517 0.005076142131979695

1735173332
0.50625 0.1675 0.0025

1735173333
0.5265822784810127 0.1620253164556962 0.0037974683544303796

1735173334
0.6246851385390428 0.1964735516372796 0.010075566750629723

1735173335
0.5325814536340853 0.24436090225563908 0.07017543859649122

1735173336
0.5606060606060606 0.33207070707070707 0.016414141414141416

1735173337
0.4918238993710692 0.24779874213836478 0.1169811320754717

1735173338
0.4498094027954257 0.24015247776365947 0.0940279542566709

1735173339
0.44696969696969696 0.30934343434343436 0.0845959595959596

1735173340
0.4017632241813602 0.27581863979848864 0.17002518891687657

1735173341
0.2981132075471698 0.16855345911949685 0.18742138364779873

1735173342
0.5402010050251256 0.23366834170854273 0.09045226130653267

1735173343
0.5603015075376885 0.20603015075376885 0.10552763819095477

1735173344
0.6788413098236776 0.18765743073047858 0.030226700251889168

1735173345
0.7805800756620429 0.1677175283732661 0.03278688524590164

1735173346
0.8014981273408239 0.1772784019975031 0.0012484394506866417

1735173347
0.795483061480552 0.1794228356336261 0.0037641154328732747

1735173348
0.7746835443037975 0.18860759493670887 0.006329113924050633

1735173349
0.6977329974811083 0.23425692695214106 0.012594458438287154

1735173350
0.4619164619164619 0.2678132678132678 0.13022113022113022

1735173351
0.5334174022698613 0.23329129886506936 0.223203026481715

1735173352
0.7350746268656716 0.26492537313432835 0.0

1735173353
0.7064676616915423 0.2885572139303483 0.0

1735173354
0.6963123644251626 0.23101952277657267 0.005422993492407809

1735173355
0.5244565217391305 0.25271739130434784 0.10326086956521739

1735173356
0.4294117647058823 0.20941176470588235 0.2223529411764706

1735173357
0.5486284289276808 0.20074812967581046 0.16832917705735662

1735173358
0.5939675174013921 0.24361948955916474 0.06264501160092807

1735173359
0.5163841807909605 0.2542372881355932 0.06892655367231638

1735173360
0.24245939675174014 0.14501160092807425 0.3236658932714617

1735173361
0.5642317380352645 0.2770780856423174 0.041561712846347604

1735173363
0.507177033492823 0.20933014354066987 0.017942583732057416

1735173364
0.33737864077669905 0.19174757281553398 0.06432038834951456

1735173365
0.15744157441574416 0.15375153751537515 0.02952029520295203

1735173366
0.33902439024390246 0.20121951219512196 0.05853658536585366

1735173367
0.2943396226415094 0.16352201257861634 0.2578616352201258

1735173368
0.25710754017305315 0.15203955500618047 0.059332509270704575

1735173369
0.38166047087980176 0.23172242874845106 0.11152416356877323

1735173370
0.16978776529338327 0.07240948813982521 0.27340823970037453

1735173371
0.28501228501228504 0.11793611793611794 0.1547911547911548

1735173372
0.25849514563106796 0.11165048543689321 0.13228155339805825

1735173373
0.23875 0.05375 0.22

1735173374
0.24441687344913152 0.08933002481389578 0.26054590570719605

1735173375
0.2129514321295143 0.1295143212951432 0.2503113325031133

1735173376
0.16502463054187191 0.13793103448275862 0.10591133004926108

1735173377
0.22991347342398022 0.21508034610630408 0.02843016069221261

1735173378
0.3110285006195787 0.20322180916976457 0.022304832713754646

1735173379
0.327909887359199 0.20400500625782228 0.0012515644555694619

1735173380
0.36600496277915634 0.21836228287841192 0.0024813895781637717

1735173381
0.31319358816276205 0.1344019728729963 0.03945745992601726

1735173382
0.2042079207920792 0.1448019801980198 0.043316831683168314

1735173383
0.3214723926380368 0.1374233128834356 0.12269938650306748

1735173384
0.4585427135678392 0.15326633165829145 0.002512562814070352

1735173385
0.4455324357405141 0.1419828641370869 0.028151774785801713

1735173386
0.35006119951040393 0.11260709914320685 0.1003671970624235

1735173387
0.530940594059406 0.1806930693069307 0.04579207920792079

1735173388
0.39325842696629215 0.1585518102372035 0.16354556803995007

1735173389
0.3757725587144623 0.1273176761433869 0.21013597033374537

1735173390
0.298879202988792 0.18929016189290163 0.17559153175591533

1735173391
0.298879202988792 0.17683686176836863 0.16811955168119552

1735173392
0.2810945273631841 0.20024875621890548 0.10945273631840796

1735173393
0.3246592317224288 0.14250309789343246 0.057001239157372985

1735173394
0.29177057356608477 0.1633416458852868 0.02743142144638404

1735173395
0.3877038895859473 0.2396486825595985 0.03889585947302384

1735173396
0.4434673366834171 0.27638190954773867 0.010050251256281407

1735173397
0.2613065326633166 0.21733668341708542 0.05150753768844221

1735173398
0.18663303909205547 0.21311475409836064 0.01008827238335435

1735173399
0.23388116308470291 0.23261694058154236 0.0012642225031605564

1735173400
0.24155193992490614 0.23779724655819776 0.07884856070087609

1735173401
0.2469437652811736 0.17359413202933985 0.03300733496332518

1735173402
0.3642052565707134 0.2453066332916145 0.04755944931163955

1735173403
0.3625154130702836 0.18618988902589395 0.2441430332922318

1735173404
0.17843866171003717 0.1251548946716233 0.33705080545229243

1735173405
0.37965260545905705 0.14516129032258066 0.1513647642679901

1735173406
0.39103362391033625 0.13947696139476962 0.12702366127023662

1735173407
0.28211586901763225 0.1397984886649874 0.18765743073047858

1735173408
0.32747804265997493 0.14052697616060225 0.2710163111668758

1735173409
0.28967254408060455 0.21914357682619648 0.0012594458438287153

1735173410
0.34127979924717694 0.24717691342534504 0.0037641154328732747

1735173411
0.25879396984924624 0.19597989949748743 0.001256281407035176

1735173412
0.3203026481715006 0.22824716267339218 0.09836065573770492

1735173413
0.48314606741573035 0.22846441947565543 0.11610486891385768

1735173414
0.47661188369152974 0.2427307206068268 0.08091024020227561

1735173415
0.287515762925599 0.2080706179066835 0.18032786885245902

1735173416
0.25605095541401274 0.14140127388535031 0.2980891719745223

1735173417
0.33163913595933925 0.16772554002541296 0.2744599745870394

1735173418
0.12547051442910917 0.09535759096612297 0.5859473023839398

1735173419
0.3208489388264669 0.15106117353308365 0.2908863920099875

1735173420
0.18796068796068796 0.09950859950859951 0.3845208845208845

1735173421
0.2922885572139303 0.12686567164179105 0.29850746268656714

1735173422
0.36114570361145704 0.12079701120797011 0.16189290161892902

1735173423
0.2788104089219331 0.10532837670384139 0.29120198265179675

1735173424
0.5621156211562116 0.0996309963099631 0.11562115621156212

1735173425
0.5252152521525215 0.13161131611316113 0.12915129151291513

1735173426
0.43781094527363185 0.15422885572139303 0.15422885572139303

1735173427
0.5349428208386277 0.16772554002541296 0.13341804320203304

1735173428
0.5092478421701603 0.11960542540073983 0.22564734895191121

1735173429
0.5218476903870163 0.11235955056179775 0.14856429463171036

1735173430
0.6119402985074627 0.0945273631840796 0.12313432835820895

1735173431
0.43489254108723135 0.15170670037926676 0.19216182048040456

1735173432
0.5552731893265566 0.10165184243964422 0.1473951715374841

1735173433
0.34625 0.06125 0.325

1735173434
0.4019975031210986 0.16978776529338327 0.17852684144818975

1735173435
0.3919089759797724 0.18963337547408343 0.1934260429835651

1735173436
0.4424552429667519 0.31841432225063937 0.00639386189258312

1735173437
0.4967989756722151 0.3444302176696543 0.015364916773367477

1735173438
0.5296343001261034 0.19924337957124844 0.14627994955863807

1735173439
0.691046658259773 0.2648171500630517 0.0025220680958385876

1735173440
0.7412060301507538 0.24371859296482412 0.001256281407035176

1735173441
0.6859296482412061 0.3015075376884422 0.0

1735173442
0.7015113350125944 0.26700251889168763 0.0163727959697733

1735173443
0.7270440251572327 0.24528301886792453 0.0037735849056603774

1735173444
0.716624685138539 0.24811083123425692 0.0012594458438287153

1735173445
0.7559449311639549 0.22778473091364204 0.0012515644555694619

1735173446
0.7173637515842839 0.2509505703422053 0.0038022813688212928

1735173447
0.6721311475409836 0.30012610340479196 0.0012610340479192938

1735173448
0.6945500633713562 0.24461343472750316 0.016476552598225603

1735173449
0.766624843161857 0.21957340025094102 0.0

1735173450
0.8383084577114428 0.16044776119402984 0.0

1735173451
0.86625 0.13375 0.0

1735173452
0.8143939393939394 0.1717171717171717 0.0

1735173453
0.759235668789809 0.19490445859872613 0.003821656050955414

1735173454
0.6484076433121019 0.2356687898089172 0.0012738853503184713

1735173455
0.6784810126582278 0.23164556962025318 0.0037974683544303796

1735173456
0.5088832487309645 0.13578680203045684 0.17766497461928935

1735173457
0.7795969773299748 0.19395465994962216 0.007556675062972292

1735173458
0.7030075187969925 0.2869674185463659 0.0037593984962406013

1735173459
0.6620775969962454 0.33667083854818525 0.0

1735173460
0.74125 0.25375 0.0025

1735173461
0.8154613466334164 0.18453865336658354 0.0

1735173462
0.6174242424242424 0.3005050505050505 0.006313131313131313

1735173463
0.46867167919799496 0.38847117794486213 0.007518796992481203

1735173464
0.5409836065573771 0.2988650693568726 0.006305170239596469

1735173465
0.366751269035533 0.3565989847715736 0.0266497461928934

1735173466
0.49493670886075947 0.3531645569620253 0.0

1735173467
0.4287515762925599 0.403530895334174 0.013871374527112233

1735173468
0.36783042394014964 0.4625935162094763 0.0024937655860349127

1735173469
0.46573604060913704 0.39086294416243655 0.005076142131979695

1735173470
0.38161209068010077 0.28463476070528965 0.03400503778337532

1735173471
0.47770700636942676 0.3095541401273885 0.012738853503184714

1735173472
0.45235069885641677 0.397712833545108 0.005082592121982211

1735173473
0.48655569782330343 0.3700384122919334 0.0076824583866837385

1735173474
0.6838790931989924 0.2506297229219144 0.005037783375314861

1735173475
0.3935643564356436 0.41707920792079206 0.125

1735173476
0.5522388059701493 0.43532338308457713 0.006218905472636816

1735173477
0.6501901140684411 0.34220532319391633 0.0038022813688212928

1735173478
0.6382978723404256 0.3404255319148936 0.011264080100125156

1735173479
0.6586901763224181 0.3224181360201511 0.012594458438287154

1735173480
0.6189873417721519 0.3430379746835443 0.020253164556962026

1735173481
0.6157697121401752 0.3717146433041302 0.006257822277847309

1735173482
0.568922305764411 0.41854636591478694 0.006265664160401002

1735173483
0.3041825095057034 0.19011406844106463 0.27756653992395436

1735173484
0.37944162436548223 0.2233502538071066 0.1713197969543147

1735173485
0.5461624026696329 0.3982202447163515 0.03225806451612903

1735173486
0.5390173410404624 0.43352601156069365 0.01878612716763006

1735173487
0.6156763590391909 0.3577749683944374 0.01643489254108723

1735173488
0.5054413542926239 0.47158403869407495 0.015719467956469165

1735173489
0.29865125240847784 0.20809248554913296 0.2418111753371869

1735173491
0.13385826771653545 0.1062992125984252 0.4952755905511811

1735173492
0.4219948849104859 0.329923273657289 0.17263427109974425

1735173493
0.41581632653061223 0.25 0.2181122448979592

1735173494
0.6050632911392405 0.37468354430379747 0.010126582278481013

1735173496
0.34190231362467866 0.19473007712082263 0.29562982005141386

1735173497
0.43125 0.27125 0.17625

1735173498
0.4071246819338422 0.22646310432569974 0.23791348600508905

1735173499
0.681930693069307 0.2264851485148515 0.06806930693069307

1735173500
0.13873873873873874 0.03333333333333333 0.6360360360360361

1735173502
0.14181523500810372 0.06807131280388978 0.559967585089141

1735173503
0.34610472541507026 0.2771392081736909 0.2554278416347382

1735173504
0.20801033591731266 0.12919896640826872 0.4315245478036176

1735173505
0.11764705882352941 0.09607843137254903 0.5088235294117647

1735173506
0.1509090909090909 0.18545454545454546 0.42727272727272725

1735173507
0.17721518987341772 0.14936708860759493 0.3848101265822785

1735173508
0.1432225063938619 0.13938618925831203 0.4859335038363171

1735173509
0.18437900128040974 0.147247119078105 0.4148527528809219

1735173510
0.03337969401947149 0.03824756606397774 0.3184979137691238

1735173511
0.2357142857142857 0.2714285714285714 0.2785714285714286

1735173512
0.09715025906735751 0.10880829015544041 0.49352331606217614

1735173513
0.12210796915167095 0.07583547557840617 0.5359897172236504

1735173514
0.21621621621621623 0.16731016731016732 0.4453024453024453

1735173515
0.14672686230248308 0.1038374717832957 0.15575620767494355

1735173516
0.4827586206896552 0.4789272030651341 0.034482758620689655

1735173517
0.5038167938931297 0.3384223918575064 0.10305343511450382

1735173518
0.24585987261146497 0.17452229299363056 0.3732484076433121

1735173519
0.2926829268292683 0.1810012836970475 0.31322207958921694

1735173520
0.10611735330836454 0.052434456928838954 0.4107365792759051

1735173521
0.11237373737373738 0.13005050505050506 0.42297979797979796

1735173522
0.21373056994818654 0.09455958549222798 0.5064766839378239

1735173523
0.16129032258064516 0.04903225806451613 0.5896774193548387

1735173524
0.0979381443298969 0.07216494845360824 0.6224226804123711

1735173525
0.11096774193548387 0.05548387096774193 0.6645161290322581

1735173526
0.17746113989637305 0.24093264248704663 0.38471502590673573

1735173527
0.19872611464968154 0.10318471337579618 0.49936305732484076

1735173528
0.2538659793814433 0.10051546391752578 0.4213917525773196

1735173529
0.2308673469387755 0.16581632653061223 0.33163265306122447

1735173530
0.06570155902004454 0.06904231625835189 0.5757238307349666

1735173531
0.35276967930029157 0.16034985422740525 0.3294460641399417

1735173532
0.7534942820838628 0.1639135959339263 0.07750952986022872

1735173533
0.7738693467336684 0.20728643216080403 0.01256281407035176

1735173534
0.8020050125313283 0.18671679197994986 0.008771929824561403

1735173535
0.7324120603015075 0.2198492462311558 0.04020100502512563

1735173536
0.7340025094102886 0.2534504391468005 0.0075282308657465494

1735173537
0.6637390213299874 0.20326223337515684 0.07653701380175659

1735173538
0.22122762148337596 0.15601023017902813 0.32864450127877237

1735173539
0.3169811320754717 0.1270440251572327 0.2943396226415094

1735173540
0.11967871485943775 0.09156626506024096 0.5751004016064257

1735173541
0.12101910828025478 0.1337579617834395 0.5286624203821656

1735173542
0.20584498094027953 0.1397712833545108 0.46124523506988563

1735173543
0.17746113989637305 0.10362694300518134 0.45984455958549225

1735173544
0.1731266149870801 0.10723514211886305 0.4405684754521964

1735173545
0.23975720789074356 0.06752655538694992 0.21396054628224584

1735173546
0.30324909747292417 0.09025270758122744 0.4043321299638989

1735173547
0.44936708860759494 0.19873417721518988 0.2

1735173548
0.3047375160051216 0.16261203585147246 0.2330345710627401

1735173549
0.4283854166666667 0.24088541666666666 0.16536458333333334

1735173550
0.17506297229219145 0.12216624685138538 0.4357682619647355

1735173551
0.626733921815889 0.3530895334174023 0.01008827238335435

1735173552
0.5025380710659898 0.17766497461928935 0.24492385786802032

1735173553
0.29161290322580646 0.08903225806451613 0.43612903225806454

1735173554
0.3252551020408163 0.34311224489795916 0.22704081632653061

1735173555
0.09748172217709179 0.07392363931762795 0.644191714053615

1735173556
0.015822784810126583 0.0189873417721519 0.7911392405063291

1735173557
0.2204433497536946 0.13054187192118227 0.4544334975369458

1735173559
0.2168284789644013 0.12944983818770225 0.4071197411003236

1735173560
0.09045226130653267 0.0829145728643216 0.6193467336683417

1735173561
0.22422680412371135 0.1481958762886598 0.41881443298969073

1735173562
0.16005121638924455 0.11395646606914213 0.4852752880921895

1735173563
0.1645077720207254 0.08290155440414508 0.37694300518134716

1735173564
0.5031525851197982 0.27994955863808324 0.14627994955863807

1735173565
0.42018348623853213 0.163302752293578 0.24128440366972478

1735173566
0.4745417515274949 0.1384928716904277 0.26476578411405294

1735173567
0.32225063938618925 0.15217391304347827 0.27365728900255754

1735173568
0.1358974358974359 0.09615384615384616 0.4897435897435897

1735173569
0.19404915912031048 0.15135834411384216 0.46183699870633893

1735173570
0.0608187134502924 0.050292397660818715 0.5953216374269006

1735173571
0.14763231197771587 0.12395543175487465 0.5919220055710307

1735173572
0.11254851228978008 0.15135834411384216 0.5097024579560155

1735173573
0.10152284263959391 0.17639593908629442 0.3604060913705584

1735173574
0.11779448621553884 0.19799498746867167 0.39974937343358397

1735173575
0.0763430725730443 0.09802073515551367 0.4759660697455231

1735173576
0.2964352720450281 0.3151969981238274 0.2101313320825516

1735173577
0.2572509457755359 0.31904161412358134 0.2042875157629256

1735173578
0.4068441064638783 0.31685678073510776 0.12040557667934093

1735173579
0.4506329113924051 0.22025316455696203 0.1569620253164557

1735173580
0.438685208596713 0.2604298356510746 0.14791403286978508

1735173581
0.436183395291202 0.16728624535315986 0.21313506815365552

1735173582
0.5703517587939698 0.20351758793969849 0.12562814070351758

1735173583
0.7255639097744361 0.2744360902255639 0.0

1735173584
0.7409261576971214 0.2590738423028786 0.0

1735173585
0.713216957605985 0.2655860349127182 0.016209476309226933

1735173586
0.7521902377972466 0.24780976220275344 0.0

1735173587
0.72375 0.27375 0.00125

1735173588
0.7132075471698113 0.28176100628930817 0.0025157232704402514

1735173589
0.6867167919799498 0.30701754385964913 0.002506265664160401

1735173590
0.6080402010050251 0.24371859296482412 0.10175879396984924

1735173591
0.7259073842302879 0.27033792240300375 0.0012515644555694619

1735173592
0.7146433041301627 0.28410513141426785 0.0

1735173593
0.68875 0.31 0.00125

1735173594
0.6816479400749064 0.317103620474407 0.0

1735173595
0.6963613550815558 0.27352572145545795 0.015056461731493099

1735173596
0.6896120150187734 0.3078848560700876 0.0012515644555694619

1735173597
0.6398996235884568 0.3086574654956085 0.0

1735173598
0.4853503184713376 0.3095541401273885 0.011464968152866241

1735173599
0.5568181818181818 0.2916666666666667 0.017676767676767676

1735173600
0.7465495608531995 0.21455457967377667 0.0075282308657465494

1735173601
0.84 0.16 0.0

1735173602
0.8448060075093867 0.15519399249061328 0.0

1735173603
0.8225806451612904 0.1761786600496278 0.0

1735173604
0.7487373737373737 0.20075757575757575 0.005050505050505051

1735173605
0.5138888888888888 0.2727272727272727 0.008838383838383838

1735173606
0.5159642401021711 0.3167305236270754 0.007662835249042145

1735173607
0.5399239543726235 0.31305449936628643 0.010139416983523447

1735173608
0.4656679151061174 0.383270911360799 0.0149812734082397

1735173609
0.5294855708908407 0.30238393977415307 0.025094102885821833

1735173610
0.7949685534591195 0.189937106918239 0.0

1735173611
0.5430379746835443 0.1911392405063291 0.11012658227848102

1735173612
0.507537688442211 0.1884422110552764 0.17839195979899497

1735173613
0.7506024096385542 0.21204819277108433 0.016867469879518072

1735173614
0.8647594278283485 0.1352405721716515 0.0

1735173615
0.5671267252195734 0.27478042659974905 0.07653701380175659

1735173616
0.5202020202020202 0.2803030303030303 0.07449494949494949

1735173617
0.5389447236180904 0.3454773869346734 0.05527638190954774

1735173618
0.7291666666666666 0.26348039215686275 0.006127450980392157

1735173619
0.6602564102564102 0.2564102564102564 0.05384615384615385

1735173620
0.8245614035087719 0.17418546365914786 0.0012531328320802004

1735173621
0.835 0.165 0.0

1735173622
0.86 0.14 0.0

1735173623
0.70375 0.2075 0.02375

1735173624
0.39223057644110276 0.3032581453634085 0.11528822055137844

1735173625
0.4766708701134931 0.31904161412358134 0.08448928121059268

1735173626
0.46261089987325726 0.21799746514575413 0.155893536121673

1735173627
0.40763546798029554 0.19704433497536947 0.21798029556650247

1735173628
0.6730310262529833 0.2732696897374702 0.03699284009546539

1735173630
0.5754045307443366 0.2530744336569579 0.12103559870550162

1735173631
0.6491228070175439 0.33709273182957394 0.0

1735173632
0.489873417721519 0.3670886075949367 0.006329113924050633

1735173633
0.529338327091136 0.3383270911360799 0.011235955056179775

1735173634
0.5070603337612324 0.35173299101412064 0.028241335044929396

1735173635
0.5717884130982368 0.2972292191435768 0.012594458438287154

1735173636
0.5333333333333333 0.32452830188679244 0.02012578616352201

1735173637
0.3632911392405063 0.38354430379746834 0.04177215189873418

1735173638
0.5303030303030303 0.40025252525252525 0.005050505050505051

1735173639
0.5885286783042394 0.4114713216957606 0.0

1735173640
0.5900621118012422 0.40993788819875776 0.0

1735173641
0.59875 0.40125 0.0

1735173642
0.5314070351758794 0.46733668341708545 0.0

1735173643
0.4849246231155779 0.507537688442211 0.0

1735173644
0.5572139303482587 0.43283582089552236 0.007462686567164179

1735173645
0.64125 0.35875 0.0

1735173646
0.7083854818523154 0.29161451814768463 0.0

1735173647
0.72625 0.27375 0.0

1735173648
0.6604244694132334 0.33957553058676654 0.0

1735173649
0.5944931163954944 0.40550688360450565 0.0

1735173650
0.65375 0.34625 0.0

1735173651
0.4868255959849435 0.506900878293601 0.0

1735173652
0.6226650062266501 0.37608966376089664 0.0

1735173653
0.5809284818067754 0.4178168130489335 0.0

1735173654
0.55625 0.44375 0.0

1735173655
0.505 0.49125 0.0

1735173656
0.44416243654822335 0.4949238578680203 0.04314720812182741

1735173657
0.539622641509434 0.3949685534591195 0.05786163522012579

1735173658
0.71125 0.285 0.00375

1735173659
0.7630922693266833 0.23690773067331672 0.0

1735173660
0.7795765877957659 0.22042341220423411 0.0

1735173661
0.725094577553594 0.2723833543505675 0.0

1735173662
0.6525 0.34625 0.0

1735173663
0.7358024691358025 0.2641975308641975 0.0

1735173664
0.7808564231738035 0.21914357682619648 0.0

1735173665
0.8034610630407911 0.1965389369592089 0.0

1735173667
0.8452830188679246 0.15471698113207547 0.0

1735173668
0.7903225806451613 0.20967741935483872 0.0

1735173669
0.8060453400503779 0.19395465994962216 0.0

1735173670
0.8072139303482587 0.1927860696517413 0.0

1735173671
0.7653701380175659 0.23462986198243413 0.0

1735173672
0.7909887359198998 0.20901126408010012 0.0

1735173673
0.79182156133829 0.20817843866171004 0.0

1735173674
0.7821158690176322 0.21788413098236775 0.0

1735173675
0.82375 0.17625 0.0

1735173676
0.83 0.17 0.0

1735173677
0.805 0.195 0.0

1735173678
0.7783312577833126 0.22166874221668742 0.0

1735173679
0.7979924717691342 0.20200752823086573 0.0

1735173680
0.77125 0.22875 0.0

1735173681
0.8125 0.1875 0.0

1735173682
0.851063829787234 0.14893617021276595 0.0

1735173683
0.8789013732833958 0.12109862671660425 0.0

1735173684
0.8094645080946451 0.19053549190535493 0.0

1735173685
0.848180677540778 0.15181932245922208 0.0

1735173686
0.8975 0.1025 0.0

1735173687
0.8808030112923463 0.1191969887076537 0.0

1735173688
0.8548387096774194 0.14516129032258066 0.0

1735173689
0.8067754077791719 0.1932245922208281 0.0

1735173690
0.8255959849435383 0.17440401505646172 0.0

1735173691
0.8329177057356608 0.16708229426433915 0.0

1735173692
0.86125 0.13875 0.0

1735173693
0.8505603985056039 0.149439601494396 0.0

1735173694
0.8456712672521958 0.15432873274780426 0.0

1735173695
0.87125 0.12875 0.0

1735173696
0.8451935081148564 0.15480649188514356 0.0

1735173697
0.8725 0.1275 0.0

1735173698
0.8714462299134734 0.12855377008652658 0.0

1735173699
0.8453738910012675 0.15462610899873258 0.0

1735173700
0.9051186017478152 0.09488139825218476 0.0

1735173705
0.8497882772453755 0.14998885669712503 0.0

1735173706
0.8729763387297634 0.12702366127023662 0.0

1735173707
0.8222778473091364 0.17772215269086358 0.0

1735173708
0.8389513108614233 0.16104868913857678 0.0

1735173709
0.8825 0.1175 0.0

1735173710
0.8335419274092616 0.16645807259073842 0.0

1735173711
0.7790262172284644 0.2209737827715356 0.0

1735173712
0.5962264150943396 0.3849056603773585 0.0012578616352201257

1735173713
0.4389937106918239 0.5207547169811321 0.018867924528301886

1735173714
0.43429286608260326 0.5469336670838548 0.0

1735173715
0.4504391468005019 0.5219573400250941 0.002509410288582183

1735173716
0.4722222222222222 0.5088383838383839 0.0012626262626262627

1735173717
0.47540983606557374 0.49810844892812106 0.0012610340479192938

1735173718
0.46625 0.455 0.0375

1735173719
0.5075187969924813 0.46867167919799496 0.005012531328320802

1735173720
0.4523809523809524 0.5263157894736842 0.0

1735173721
0.44528301886792454 0.5383647798742138 0.0

1735173722
0.42336683417085424 0.5477386934673367 0.001256281407035176

1735173723
0.49619289340101524 0.3464467005076142 0.048223350253807105

1735173724
0.5606641123882503 0.3218390804597701 0.001277139208173691

1735173725
0.5443037974683544 0.37088607594936707 0.005063291139240506

1735173726
0.46017699115044247 0.4361567635903919 0.011378002528445006

1735173727
0.3851010101010101 0.5227272727272727 0.008838383838383838

1735173728
0.43198992443324935 0.4634760705289673 0.028967254408060455

1735173729
0.5723192019950125 0.40399002493765584 0.0012468827930174563

1735173730
0.7565872020075283 0.24215809284818068 0.0

1735173731
0.7347447073474471 0.2640099626400996 0.0

1735173732
0.8585732165206508 0.1414267834793492 0.0

1735173733
0.8475 0.1525 0.0

1735173734
0.8614232209737828 0.1373283395755306 0.0

1735173735
0.88625 0.11375 0.0

1735173736
0.8160200250312891 0.18397997496871088 0.0

1735173737
0.5732323232323232 0.27525252525252525 0.10227272727272728

1735173738
0.3324905183312263 0.3729456384323641 0.13527180783817952

1735173739
0.4875 0.445 0.0075

1735173740
0.6115288220551378 0.36466165413533835 0.002506265664160401

1735173741
0.5625790139064475 0.3388116308470291 0.012642225031605562

1735173742
0.5961783439490446 0.30318471337579617 0.0025477707006369425

1735173743
0.39015151515151514 0.3977272727272727 0.14393939393939395

1735173744
0.7375 0.26 0.00125

1735173745
0.7935723114956736 0.20642768850432633 0.0

1735173746
0.8616352201257862 0.1371069182389937 0.0012578616352201257

1735173747
0.6902654867256637 0.2667509481668774 0.0037926675094816687

1735173748
0.5506329113924051 0.25949367088607594 0.13670886075949368

1735173749
0.570528967254408 0.34005037783375314 0.020151133501259445

1735173750
0.6522292993630573 0.29426751592356687 0.01019108280254777

1735173751
0.6416040100250626 0.2957393483709273 0.010025062656641603

1735173752
0.5373891001267427 0.30798479087452474 0.010139416983523447

1735173753
0.7144638403990025 0.20698254364089774 0.06234413965087282

1735173754
0.8575 0.1425 0.0

1735173755
0.8352059925093633 0.1647940074906367 0.0

1735173756
0.7832080200501254 0.21428571428571427 0.0012531328320802004

1735173757
0.8739076154806492 0.12484394506866417 0.0012484394506866417

1735173758
0.8748435544430538 0.1251564455569462 0.0

1735173759
0.8325 0.1675 0.0

1735173760
0.8246268656716418 0.17412935323383086 0.0

1735173761
0.8768844221105527 0.12311557788944724 0.0

1735173762
0.8333333333333334 0.1654320987654321 0.0

1735173764
0.8349184782608695 0.15625 0.007472826086956522

1735173765
0.8829321663019694 0.11706783369803063 0.0

1735173766
0.8768656716417911 0.12313432835820895 0.0

1735173767
0.8726823238566132 0.1273176761433869 0.0

1735173768
0.900126422250316 0.09987357774968394 0.0

1735173769
0.899874843554443 0.10012515644555695 0.0

1735173770
0.9101123595505618 0.0898876404494382 0.0

1735173771
0.9292803970223326 0.0707196029776675 0.0

1735173772
0.8926767676767676 0.10732323232323232 0.0

1735173773
0.8906832298136645 0.1093167701863354 0.0

1735173996
0.0033067163763841746 0.1739385676923933 0.8184283011518557

