1735227512
0.63 0.23 5.87 90947

1735227513
0.63 0.23 5.87 6638

1735227514
0.7 0.25 5.84 16342

1735227515
0.7 0.25 5.84 39211

1735227516
1.3 0.37 5.82 72623

1735227517
1.3 0.37 5.82 39815

1735227518
1.97 0.53 5.82 58322

1735227519
1.97 0.53 5.82 32228

1735227520
2.15 0.61 5.8 37353

1735227521
2.15 0.61 5.8 69136

1735227522
3.21 0.85 5.81 107772

1735227523
3.21 0.85 5.81 144989

1735227524
4.62 1.18 5.85 76741

1735227525
4.62 1.18 5.85 57662

1735227526
4.51 1.27 5.84 18942

1735227527
4.51 1.27 5.84 20329

1735227528
3.87 1.26 5.8 5449

1735227529
3.87 1.26 5.8 10804

1735227530
4.8 1.52 5.83 206640

1735227531
4.8 1.52 5.83 18177

1735227532
4.29 1.53 5.8 9595

1735227533
4.29 1.53 5.8 18622

1735227534
3.69 1.52 5.77 3789

1735227535
3.69 1.52 5.77 14564

1735227536
3.2 1.5 5.73 15091

1735227537
3.2 1.5 5.73 16206

1735227538
2.8 1.48 5.7 13076

1735227539
2.8 1.48 5.7 7442

1735227540
2.48 1.47 5.67 9994

1735227541
2.48 1.47 5.67 21621

1735227542
2.21 1.45 5.64 9054

1735227543
2.21 1.45 5.64 11923

1735227544
1.99 1.43 5.6 17879

1735227545
1.99 1.43 5.6 12008

1735227546
1.81 1.42 5.57 16241

1735227547
1.81 1.42 5.57 5595

1735227548
1.48 1.37 5.53 5970

1735227549
1.48 1.37 5.53 1013

1735227550
1.21 1.33 5.5 714

1735227551
1.21 1.33 5.5 1085

1735227552
0.99 1.28 5.46 640

1735227553
0.99 1.28 5.46 1645

1735227554
0.81 1.24 5.42 4513

1735227555
0.81 1.24 5.42 8250

1735227556
0.66 1.2 5.38 9411

1735227557
0.66 1.2 5.38 15274

1735227558
0.72 1.19 5.35 10865

1735227559
0.72 1.19 5.35 7386

1735227560
0.77 1.19 5.32 12878

1735227561
0.77 1.19 5.32 7719

1735227562
0.63 1.15 5.29 7072

1735227563
0.63 1.15 5.29 11577

1735227564
0.52 1.11 5.25 6244

1735227565
0.52 1.11 5.25 7013

1735227566
0.42 1.07 5.21 10329

1735227567
0.42 1.07 5.21 12625

1735227568
0.53 1.07 5.18 12959

1735227569
0.53 1.07 5.18 5204

1735227570
0.43 1.03 5.15 14292

1735227571
0.43 1.03 5.15 5946

1735227572
0.35 1.0 5.11 5420

1735227573
0.35 1.0 5.11 14322

1735227574
0.47 1.0 5.08 18860

1735227575
0.47 1.0 5.08 12936

1735227576
0.56 1.0 5.06 11885

1735227577
0.56 1.0 5.06 2419

1735227578
0.46 0.97 5.02 4541

1735227579
0.46 0.97 5.02 22822

1735227580
0.56 0.97 4.99 10820

1735227581
0.56 0.97 4.99 118006

1735227582
3.17 1.43 5.06 247667

1735227583
3.17 1.43 5.06 544649

1735227584
12.2 3.11 5.39 516675

1735227585
12.2 3.11 5.39 836104

1735227586
21.58 5.11 5.79 513042

1735227587
21.58 5.11 5.79 366313

1735227588
25.64 6.38 6.05 464501

1735227589
25.64 6.38 6.05 488385

1735227590
29.87 7.77 6.35 658014

1735227591
29.87 7.77 6.35 331288

1735227592
31.71 8.83 6.58 320325

1735227593
31.71 8.83 6.58 243872

1735227594
33.03 9.81 6.8 590057

1735227595
33.03 9.81 6.8 741564

1735227596
40.63 11.95 7.27 775212

1735227597
40.63 11.95 7.27 808644

1735227598
47.76 14.17 7.76 748370

1735227599
47.76 14.17 7.76 758650

1735227600
49.98 15.67 8.12 455515

1735227601
49.98 15.67 8.12 392639

1735227602
44.55 15.81 8.2 2894

1735227603
44.55 15.81 8.2 108489

1735227604
38.47 15.66 8.22 124859

1735227605
38.47 15.66 8.22 9592

1735227606
31.68 15.18 8.17 10700

1735227607
31.68 15.18 8.17 64266

1735227608
28.66 15.17 8.22 257174

1735227609
28.66 15.17 8.22 434270

1735227610
32.16 16.24 8.49 549282

1735227611
32.16 16.24 8.49 501800

1735227612
35.21 17.32 8.77 481270

1735227613
35.21 17.32 8.77 208287

1735227614
31.55 17.24 8.81 113287

1735227615
31.55 17.24 8.81 41099

1735227616
26.38 16.77 8.77 18969

1735227617
26.38 16.77 8.77 21097

1735227618
21.78 16.26 8.72 6584

1735227619
21.78 16.26 8.72 12091

1735227620
18.19 15.79 8.67 30802

1735227621
18.19 15.79 8.67 169844

1735227622
17.07 15.67 8.69 260899

1735227623
17.07 15.67 8.69 501039

1735227624
21.59 16.53 8.92 149166

1735227625
21.59 16.53 8.92 337289

1735227626
25.28 17.36 9.15 644664

1735227627
25.28 17.36 9.15 144344

1735227628
23.6 17.32 9.2 60572

1735227629
23.6 17.32 9.2 14745

1735227630
23.6 17.32 9.2 11288

1735227631
19.51 16.78 9.14 27405

1735227632
19.51 16.78 9.14 41151

1735227633
16.51 16.33 9.1 60992

1735227634
14.25 15.93 9.06 28969

1735227635
14.25 15.93 9.06 17430

1735227636
11.85 15.44 9.01 12850

1735227637
11.85 15.44 9.01 15688

1735227638
9.7 14.93 8.94 1095

1735227639
9.7 14.93 8.94 11944

1735227640
9.7 14.93 8.94 54534

1735227641
8.48 14.54 8.9 61037

1735227642
8.48 14.54 8.9 30361

1735227643
7.67 14.2 8.87 58785

1735227644
7.67 14.2 8.87 88743

1735227645
7.55 13.96 8.86 37073

1735227646
6.54 13.57 8.81 23635

1735227647
6.54 13.57 8.81 18562

1735227648
6.54 13.57 8.81 12418

1735227649
5.54 13.16 8.76 6779

1735227650
4.71 12.76 8.7 21398

1735227651
4.71 12.76 8.7 128562

1735227652
5.13 12.57 8.69 23936

1735227653
5.13 12.57 8.69 14864

1735227654
5.13 12.57 8.69 4338

1735227655
4.2 12.16 8.63 10273

1735227656
3.62 11.79 8.58 23572

1735227657
3.62 11.79 8.58 46965

1735227658
3.5 11.51 8.54 27883

1735227660
3.5 11.51 8.54 23885

1735227661
3.05 11.16 8.49 15190

1735227662
3.05 11.16 8.49 10155

1735227663
2.68 10.83 8.44 7274

1735227664
2.68 10.83 8.44 3181

1735227665
2.19 10.47 8.38 1901

1735227666
2.19 10.47 8.38 6627

1735227667
1.79 10.13 8.32 6256

1735227668
1.79 10.13 8.32 3692

1735227669
1.47 9.8 8.26 7346

1735227670
1.47 9.8 8.26 4944

1735227671
1.2 9.48 8.21 7753

1735227672
1.2 9.48 8.21 11428

1735227673
0.98 9.17 8.15 7864

1735227674
0.98 9.17 8.15 12639

1735227675
0.98 8.9 8.1 14858

1735227676
0.98 8.9 8.1 152233

1735227677
2.25 8.87 8.1 40236

1735227678
2.25 8.87 8.1 23877

1735227679
2.39 8.68 8.07 15796

1735227680
2.39 8.68 8.07 10924

1735227681
2.14 8.43 8.02 7315

1735227682
2.14 8.43 8.02 9377

1735227683
1.75 8.15 7.96 15894

1735227684
1.75 8.15 7.96 17298

1735227685
1.61 7.92 7.91 28570

1735227686
5.12 8.34 8.0 471846

1735227687
5.12 8.34 8.0 175342

1735227688
5.12 8.34 8.0 468288

1735227689
11.26 9.35 8.22 599223

1735227690
11.26 9.35 8.22 148914

1735227691
15.38 10.15 8.39 342894

1735227692
15.38 10.15 8.39 55083

1735227693
16.03 10.44 8.47 44026

1735227694
13.85 10.23 8.43 48459

1735227695
13.85 10.23 8.43 10066

1735227696
13.85 10.23 8.43 15892

1735227697
11.52 9.93 8.38 19725

1735227698
11.52 9.93 8.38 20576

1735227699
9.62 9.64 8.33 47832

1735227700
9.62 9.64 8.33 40020

1735227701
8.6 9.45 8.3 53765

1735227702
8.6 9.45 8.3 442649

1735227703
12.11 10.06 8.44 477934

1735227704
12.11 10.06 8.44 105336

1735227705
14.26 10.52 8.54 30774

1735227706
11.86 10.2 8.49 17043

1735227707
11.86 10.2 8.49 17524

1735227708
11.86 10.2 8.49 3547

1735227709
9.89 9.9 8.44 702

1735227710
9.89 9.9 8.44 14412

1735227711
8.1 9.58 8.38 12292

1735227712
6.63 9.26 8.33 4669

1735227713
6.63 9.26 8.33 6002

1735227714
5.61 8.99 8.28 15287

1735227715
5.61 8.99 8.28 7149

1735227716
4.59 8.7 8.22 11383

1735227717
4.59 8.7 8.22 3178

1735227718
3.76 8.41 8.16 7644

1735227719
3.76 8.41 8.16 4676

1735227721
3.08 8.14 8.11 7680

1735227722
2.52 7.87 8.05 7866

1735227723
2.52 7.87 8.05 3264

1735227724
2.52 7.87 8.05 10476

1735227725
2.06 7.61 8.0 5516

1735227726
1.69 7.36 7.94 8085

1735227727
1.69 7.36 7.94 5971

1735227729
1.38 7.12 7.89 10548

1735227730
1.13 6.89 7.83 10270

1735227731
1.13 6.89 7.83 6488

1735227732
0.92 6.66 7.78 11831

1735227733
0.92 6.66 7.78 11132

1735227734
0.92 6.66 7.78 4868

1735227735
0.75 6.45 7.72 8599

1735227736
0.75 6.45 7.72 6997

1735227737
0.62 6.23 7.67 14402

1735227738
0.5 6.03 7.62 678

1735227739
0.5 6.03 7.62 4180

1735227740
0.41 5.83 7.57 7641

1735227741
0.41 5.83 7.57 5598

1735227742
0.52 5.67 7.52 17622

1735227743
0.52 5.67 7.52 3006

1735227744
0.52 5.67 7.52 19231

1735227745
0.6 5.52 7.48 48029

1735227746
0.6 5.52 7.48 9255

1735227747
0.86 5.4 7.44 25702

1735227748
0.86 5.4 7.44 334

1735227749
0.88 5.26 7.39 6639

1735227750
0.88 5.26 7.39 100251

1735227751
1.81 5.28 7.38 258507

1735227752
5.65 5.86 7.49 312933

1735227753
5.65 5.86 7.49 36615

1735227754
7.16 6.13 7.54 199268

1735227755
7.16 6.13 7.54 61701

1735227756
6.59 6.06 7.51 8728

1735227757
6.59 6.06 7.51 14797

1735227758
5.57 5.89 7.47 9483

1735227759
5.57 5.89 7.47 39206

1735227760
5.57 5.89 7.47 6891

1735227761
5.11 5.8 7.44 19683

1735227762
4.18 5.61 7.39 12231

1735227763
4.18 5.61 7.39 8623

1735227764
3.6 5.46 7.34 16206

1735227765
3.6 5.46 7.34 7238

1735227766
3.13 5.31 7.3 14597

1735227767
3.13 5.31 7.3 9691

1735227768
3.13 5.31 7.3 6220

1735227769
2.56 5.14 7.25 7799

1735227770
2.56 5.14 7.25 8968

1735227771
2.28 5.0 7.2 6738

1735227772
2.28 5.0 7.2 11882

1735227773
1.86 4.84 7.16 12666

1735227775
1.53 4.68 7.11 11740

1735227776
1.53 4.68 7.11 6239

1735227777
1.25 4.52 7.06 10594

1735227778
1.02 4.38 7.01 7863

1735227779
1.02 4.38 7.01 12042

1735227780
0.83 4.23 6.96 5255

1735227781
0.83 4.23 6.96 12972

1735227782
0.86 4.13 6.92 13066

1735227783
0.86 4.13 6.92 11737

1735227784
0.89 4.02 6.88 11429

1735227785
0.89 4.02 6.88 5476

1735227786
0.89 4.02 6.88 11239

1735227787
0.73 3.89 6.83 13735

1735227788
0.73 3.89 6.83 3596

1735227789
0.59 3.76 6.78 4480

1735227790
0.48 3.64 6.74 9565

1735227791
0.48 3.64 6.74 16441

1735227792
0.48 3.64 6.74 8401

1735227793
0.58 3.55 6.7 15603

1735227794
0.65 3.47 6.66 23746

1735227795
0.65 3.47 6.66 3836

1735227796
0.65 3.47 6.66 24784

1735227797
0.9 3.42 6.63 33816

1735227798
0.9 3.42 6.63 37373

1735227799
1.28 3.41 6.6 54843

1735227800
1.28 3.41 6.6 85726

1735227801
2.31 3.53 6.6 69729

1735227802
2.31 3.53 6.6 99575

1735227803
3.34 3.67 6.61 61378

1735227804
3.34 3.67 6.61 71619

1735227805
3.82 3.75 6.61 211694

1735227806
3.82 3.75 6.61 157705

1735227807
7.48 4.41 6.73 198311

1735227808
7.48 4.41 6.73 89925

1735227809
7.39 4.5 6.73 35231

1735227810
7.39 4.5 6.73 25496

1735227811
6.59 4.45 6.71 95620

1735227812
6.59 4.45 6.71 46150

1735227813
6.48 4.5 6.7 14567

1735227814
6.48 4.5 6.7 97736

1735227815
6.21 4.51 6.69 44694

1735227816
6.21 4.51 6.69 353099

1735227817
10.52 5.35 6.85 590952

1735227818
10.52 5.35 6.85 609983

1735227819
17.85 6.84 7.15 307955

1735227820
17.85 6.84 7.15 478218

1735227821
23.31 8.19 7.43 579522

1735227822
29.96 9.88 7.79 878521

1735227823
29.96 9.88 7.79 315424

1735227824
29.96 9.88 7.79 744866

1735227825
36.31 11.69 8.18 328249

1735227826
36.31 11.69 8.18 523665

1735227827
38.24 12.84 8.45 849203

1735227828
38.24 12.84 8.45 869603

1735227829
46.89 15.24 8.98 860832

1735227830
46.89 15.24 8.98 741772

1735227831
51.98 17.19 9.43 652723

1735227832
51.98 17.19 9.43 763874

1735227833
55.43 18.95 9.85 601203

1735227834
55.43 18.95 9.85 453600

1735227835
53.36 19.77 10.08 484407

1735227836
53.36 19.77 10.08 448853

1735227837
53.47 20.89 10.38 652484

1735227838
53.47 20.89 10.38 650066

1735227839
55.56 22.33 10.76 450520

1735227840
55.56 22.33 10.76 593738

1735227841
53.28 23.01 10.98 263078

1735227842
53.28 23.01 10.98 439124

1735227843
51.42 23.66 11.2 621983

1735227844
51.42 23.66 11.2 188486

1735227845
47.18 23.81 11.31 317131

1735227846
47.18 23.81 11.31 221441

1735227847
45.51 24.27 11.49 676258

1735227848
45.51 24.27 11.49 702747

1735227849
50.67 25.9 11.92 872747

1735227850
50.67 25.9 11.92 843425

1735227851
55.62 27.6 12.37 613041

1735227852
55.62 27.6 12.37 779502

1735227853
59.49 29.22 12.82 807357

1735227854
59.49 29.22 12.82 610186

1735227855
58.32 30.0 13.09 527554

1735227856
58.32 30.0 13.09 251346

1735227857
53.91 30.13 13.23 152412

1735227859
45.77 29.44 13.2 77531

1735227860
45.77 29.44 13.2 93142

1735227861
40.74 29.06 13.24 426197

1735227862
40.74 29.06 13.24 107100

1735227863
36.26 28.63 13.26 89661

1735227864
36.26 28.63 13.26 43581

1735227865
30.23 27.79 13.19 5854

1735227866
30.23 27.79 13.19 43889

1735227867
25.3 26.98 13.12 78303

1735227868
25.3 26.98 13.12 68609

1735227869
22.34 26.39 13.09 120308

1735227870
22.34 26.39 13.09 128624

1735227871
20.47 25.92 13.08 204766

1735227872
20.47 25.92 13.08 95373

1735227873
19.12 25.5 13.08 99578

1735227874
19.12 25.5 13.08 123197

1735227875
17.64 25.03 13.07 113435

1735227876
17.64 25.03 13.07 107802

1735227877
16.26 24.53 13.04 93551

1735227878
16.26 24.53 13.04 325154

1735227879
19.65 24.88 13.19 656943

1735227880
19.65 24.88 13.19 694814

1735227881
28.41 26.29 13.57 669577

1735227882
28.41 26.29 13.57 273653

1735227883
29.24 26.51 13.7 160129

1735227884
29.24 26.51 13.7 594953

1735227885
33.36 27.34 13.96 571639

1735227886
33.36 27.34 13.96 172064

1735227892
17.87 24.74 13.77 233015

1735227893
17.87 24.74 13.77 7994

1735227895
16.08 24.19 13.73 875151

1735227896
21.86 24.97 13.96 268596

1735227897
21.86 24.97 13.96 451385

1735227898
21.86 24.97 13.96 166259

1735227899
23.52 25.17 14.08 419132

1735227900
30.67 26.41 14.41 1020628

1735227901
30.67 26.41 14.41 720271

1735227902
30.67 26.41 14.41 540516

1735227903
38.34 27.93 14.81 176198

1735227904
38.34 27.93 14.81 850352

1735227905
40.45 28.65 15.05 623969

1735227906
46.89 30.2 15.47 1235377

1735227907
46.89 30.2 15.47 76591

1735227908
49.26 31.18 15.78 862581

1735227909
49.26 31.18 15.78 557481

1735227910
49.26 31.18 15.78 819273

1735227911
54.29 32.68 16.2 712307

1735227912
54.29 32.68 16.2 741427

1735227913
56.77 33.83 16.55 683859

1735227914
56.77 33.83 16.55 778600

1735227915
60.43 35.24 16.96 760702

1735227916
60.43 35.24 16.96 674929

1735227917
61.08 36.18 17.29 181136

1735227918
57.98 36.44 17.47 868384

1735227919
57.98 36.44 17.47 445612

1735227920
57.98 36.44 17.47 566670

1735227921
58.89 37.31 17.78 746762

1735227922
58.89 37.31 17.78 666650

1735227923
60.54 38.31 18.12 610331

1735227924
60.54 38.31 18.12 565341

1735227925
60.81 39.09 18.42 699121

1735227926
60.81 39.09 18.42 805808

1735227927
63.74 40.33 18.82 572616

1735227928
63.74 40.33 18.82 788020

1735227929
64.33 41.2 19.15 743359

1735227930
64.33 41.2 19.15 674538

1735227931
65.17 42.11 19.49 703079

1735227932
65.17 42.11 19.49 672173

1735227933
65.87 42.99 19.83 727011

1735227934
65.87 42.99 19.83 731258

1735227935
67.34 44.01 20.2 784378

1735227936
67.34 44.01 20.2 733618

1735227937
68.36 44.95 20.57 700956

1735227938
68.36 44.95 20.57 675249

1735227939
68.48 45.74 20.9 699982

1735227940
68.48 45.74 20.9 686680

1735227941
68.39 46.47 21.22 667073

1735227942
68.39 46.47 21.22 683229

1735227943
68.32 47.17 21.54 673857

1735227944
68.32 47.17 21.54 691676

1735227945
67.9 47.79 21.84 604066

1735227946
67.9 47.79 21.84 756803

1735227947
68.1 48.48 22.17 817039

1735227948
68.1 48.48 22.17 895649

1735227949
71.88 49.81 22.62 899432

1735227950
71.88 49.81 22.62 889998

1735227951
74.98 51.09 23.08 880466

1735227952
74.98 51.09 23.08 830909

1735227953
76.62 52.17 23.49 851634

1735227954
76.62 52.17 23.49 872426

1735227955
78.32 53.28 23.92 897286

1735227956
78.32 53.28 23.92 873625

1735227957
80.07 54.41 24.36 885404

1735227958
80.07 54.41 24.36 877325

1735227959
81.32 55.48 24.79 808854

1735227960
81.32 55.48 24.79 740425

1735227961
80.0 56.08 25.12 691184

1735227962
80.0 56.08 25.12 656763

1735227963
77.28 56.38 25.4 648927

1735227964
77.28 56.38 25.4 835501

1735227965
77.59 57.12 25.76 885167

1735227966
77.59 57.12 25.76 866442

1735227967
79.29 58.09 26.18 865265

1735227968
79.29 58.09 26.18 866592

1735227969
80.33 58.97 26.59 799457

1735227970
80.33 58.97 26.59 649612

1735227971
78.64 59.37 26.89 884321

1735227972
78.64 59.37 26.89 914148

1735227973
81.06 60.44 27.33 792617

1735227974
81.06 60.44 27.33 859532

1735227975
80.68 61.04 27.69 654903

1735227976
80.68 61.04 27.69 821285

1735227977
80.01 61.56 28.03 948090

1735227978
80.01 61.56 28.03 883349

1735227979
81.82 62.5 28.45 892779

1735227980
81.82 62.5 28.45 794017

1735227981
81.49 63.07 28.8 769350

1735227982
81.49 63.07 28.8 754218

1735227983
80.5 63.49 29.12 769340

1735227984
80.5 63.49 29.12 713953

1735227985
78.95 63.77 29.42 653112

1735227986
78.95 63.77 29.42 630578

1735227987
76.43 63.81 29.66 649724

1735227988
76.43 63.81 29.66 384155

1735227989
71.28 63.29 29.79 629339

1735227990
71.28 63.29 29.79 635031

1735227991
69.96 63.32 30.02 718511

1735227992
69.96 63.32 30.02 382981

1735227993
65.43 62.72 30.12 431248

1735227994
65.43 62.72 30.12 532544

1735227995
61.91 62.17 30.23 298682

1735227996
61.91 62.17 30.23 461838

1735227997
58.3 61.51 30.31 326105

1735227998
58.3 61.51 30.31 651760

1735227999
58.25 61.39 30.5 757652

1735228000
58.25 61.39 30.5 697789

1735228001
60.2 61.64 30.77 412842

1735228002
60.2 61.64 30.77 187838

1735228003
53.09 60.31 30.7 229231

1735228004
53.09 60.31 30.7 37923

1735228005
45.1 58.63 30.55 98554

1735228006
45.1 58.63 30.55 114146

1735228007
39.11 57.11 30.42 69140

1735228008
39.11 57.11 30.42 83563

1735228009
34.38 55.66 30.3 229476

1735228010
34.38 55.66 30.3 158231

1735228011
30.68 54.3 30.19 138314

1735228012
30.68 54.3 30.19 71940

1735228013
26.94 52.85 30.05 140562

1735228014
26.94 52.85 30.05 119718

1735228015
24.95 51.64 29.96 279168

1735228016
24.95 51.64 29.96 202490

1735228017
24.78 50.74 29.92 272224

1735228018
24.78 50.74 29.92 297210

1735228019
25.72 50.06 29.92 539192

1735228020
25.72 50.06 29.92 714556

1735228021
33.56 50.68 30.19 669513

1735228022
33.56 50.68 30.19 606993

1735228023
38.71 51.05 30.4 623797

1735228024
38.71 51.05 30.4 699336

1735228025
43.84 51.57 30.65 638169

1735228026
43.84 51.57 30.65 830984

1735228027
48.03 52.08 30.9 507620

1735228028
48.03 52.08 30.9 285783

1735228029
45.85 51.55 30.94 288864

1735228030
45.85 51.55 30.94 292831

1735228031
43.34 50.91 30.94 344166

1735228032
43.34 50.91 30.94 186727

1735228033
38.75 49.83 30.86 88666

1735228034
38.75 49.83 30.86 78983

1735228035
34.63 48.73 30.75 550443

1735228036
34.63 48.73 30.75 673200

1735228037
40.49 49.33 31.0 757309

1735228038
40.49 49.33 31.0 821243

1735228039
48.92 50.56 31.38 964551

1735228040
48.92 50.56 31.38 998012

1735228041
57.81 52.11 31.84 970973

1735228042
57.81 52.11 31.84 966775

1735228043
64.91 53.58 32.29 970540

1735228044
64.91 53.58 32.29 962809

1735228045
70.54 54.97 32.72 982271

1735228046
70.54 54.97 32.72 973970

1735228047
75.33 56.34 33.16 974157

1735228048
75.33 56.34 33.16 947512

1735228049
78.71 57.57 33.58 890818

1735228050
78.71 57.57 33.58 854681

1735228051
79.49 58.41 33.91 610625

1735228052
79.49 58.41 33.91 474020

1735228053
73.24 57.97 33.99 470745

1735228054
73.24 57.97 33.99 518354

1735228055
70.12 57.9 34.14 744822

1735228056
70.12 57.9 34.14 879757

1735228057
72.81 58.79 34.49 906588

1735228058
72.81 58.79 34.49 924090

1735228059
76.11 59.84 34.88 916354

1735228060
76.11 59.84 34.88 958215

1735228061
77.9 60.7 35.23 576011

1735228062
77.9 60.7 35.23 793346

1735228063
77.19 61.13 35.49 871253

1735228064
77.19 61.13 35.49 941419

1735228065
79.33 62.04 35.86 842373

1735228066
79.33 62.04 35.86 759231

1735228067
79.63 62.66 36.17 909110

1735228068
79.63 62.66 36.17 942639

1735228069
82.05 63.66 36.55 931091

1735228070
82.05 63.66 36.55 903193

1735228071
83.85 64.58 36.93 941299

1735228072
83.85 64.58 36.93 887130

1735228073
84.97 65.42 37.3 918560

1735228074
84.97 65.42 37.3 919048

1735228075
86.24 66.29 37.67 844954

1735228076
86.24 66.29 37.67 683939

1735228077
83.84 66.51 37.91 883957

1735228078
83.84 66.51 37.91 962065

1735228079
86.04 67.47 38.31 926191

1735228080
86.04 67.47 38.31 952839

1735228081
87.3 68.31 38.68 949846

1735228082
87.3 68.31 38.68 960895

1735228083
88.7 69.18 39.07 924678

1735228084
88.7 69.18 39.07 914668

1735228085
89.11 69.89 39.42 928264

1735228086
89.11 69.89 39.42 916308

1735228087
89.45 70.58 39.78 877724

1735228088
89.45 70.58 39.78 914749

1735228089
89.37 71.19 40.11 900174

1735228090
89.37 71.19 40.11 877876

1735228091
88.76 71.67 40.43 738023

1735228092
88.76 71.67 40.43 843905

1735228093
86.27 71.78 40.66 766070

1735228094
86.27 71.78 40.66 951827

1735228096
82.59 71.59 40.84 1077113

1735228097
81.94 71.83 41.1 945855

1735228098
81.94 71.83 41.1 972992

1735228104
54.83 67.49 40.81 624615

1735228105
50.51 66.29 40.74 1003773

1735228106
50.51 66.29 40.74 1009179

1735228995
0.0 0.0 0.0 9675440

1735230931
0.0 0.0 0.0 10089625

