1735227512
0.6 2.25 11.8 74412

1735227513
0.6 2.25 11.8 25269

1735227514
3.39 2.7 11.83 413681

1735227515
3.39 2.7 11.83 462535

1735227516
8.75 3.69 11.97 103314

1735227517
8.75 3.69 11.97 38831

1735227518
7.35 3.6 11.9 0

1735227519
7.35 3.6 11.9 75525

1735227520
6.56 3.58 11.84 798

1735227521
6.56 3.58 11.84 7194

1735227522
5.37 3.46 11.76 1654

1735227523
5.37 3.46 11.76 51

1735227524
4.76 3.41 11.69 128111

1735227525
4.76 3.41 11.69 598

1735227526
4.44 3.4 11.63 9162

1735227527
4.44 3.4 11.63 29444

1735227528
5.26 3.58 11.61 175524

1735227529
5.26 3.58 11.61 48359

1735227530
5.03 3.6 11.56 15285

1735227531
5.03 3.6 11.56 3193

1735227532
4.48 3.54 11.49 61087

1735227533
4.48 3.54 11.49 10

1735227534
3.67 3.43 11.41 79594

1735227535
3.67 3.43 11.41 1048

1735227536
5.18 3.71 11.42 318413

1735227537
5.18 3.71 11.42 633486

1735227538
12.03 4.99 11.64 606679

1735227539
12.03 4.99 11.64 184536

1735227540
17.82 6.27 11.86 247127

1735227541
17.82 6.27 11.86 296003

1735227542
21.66 7.34 12.04 553086

1735227543
21.66 7.34 12.04 195356

1735227544
21.35 7.76 12.1 144088

1735227545
21.35 7.76 12.1 33545

1735227546
18.39 7.67 12.05 34128

1735227547
18.39 7.67 12.05 59671

1735227548
15.6 7.51 11.99 17082

1735227549
15.6 7.51 11.99 386427

1735227550
19.12 8.41 12.14 408519

1735227551
19.12 8.41 12.14 384694

1735227552
24.71 9.77 12.4 740197

1735227553
24.71 9.77 12.4 497367

1735227554
30.92 11.38 12.72 537156

1735227555
30.92 11.38 12.72 112042

1735227556
26.59 11.24 12.68 5100

1735227557
26.59 11.24 12.68 474

1735227558
21.77 10.87 12.6 12568

1735227559
21.77 10.87 12.6 7699

1735227560
17.82 10.52 12.51 1292

1735227561
17.82 10.52 12.51 868

1735227562
14.59 10.17 12.42 6919

1735227563
14.59 10.17 12.42 84136

1735227564
12.67 9.97 12.37 2137

1735227565
12.67 9.97 12.37 4

1735227566
10.38 9.64 12.28 2604

1735227567
10.38 9.64 12.28 4210

1735227568
8.5 9.33 12.2 4890

1735227569
8.5 9.33 12.2 377

1735227570
6.96 9.02 12.11 3222

1735227571
6.96 9.02 12.11 436

1735227572
5.69 8.72 12.03 19

1735227573
5.69 8.72 12.03 5818

1735227574
4.66 8.44 11.95 41

1735227575
4.66 8.44 11.95 1061

1735227576
4.18 8.23 11.88 105178

1735227577
4.18 8.23 11.88 114552

1735227578
5.59 8.35 11.88 81030

1735227579
5.59 8.35 11.88 2330

1735227580
5.67 8.27 11.84 119765

1735227581
5.67 8.27 11.84 329486

1735227582
10.26 9.02 11.97 507518

1735227583
10.26 9.02 11.97 238069

1735227584
13.83 9.7 12.09 169288

1735227585
13.83 9.7 12.09 95660

1735227586
12.96 9.68 12.07 114145

1735227587
12.96 9.68 12.07 252934

1735227588
13.87 9.95 12.11 96639

1735227589
13.87 9.95 12.11 28640

1735227590
12.08 9.76 12.06 107699

1735227591
12.08 9.76 12.06 231069

1735227592
13.88 10.16 12.13 251649

1735227593
13.88 10.16 12.13 439617

1735227594
18.25 11.07 12.3 278507

1735227595
18.25 11.07 12.3 312256

1735227596
20.19 11.66 12.42 278317

1735227597
20.19 11.66 12.42 121162

1735227598
19.25 11.77 12.44 161653

1735227599
19.25 11.77 12.44 26875

1735227600
16.31 11.48 12.37 32057

1735227601
16.31 11.48 12.37 2995

1735227602
13.35 11.1 12.29 9793

1735227603
13.35 11.1 12.29 22667

1735227604
11.29 10.8 12.21 19856

1735227605
11.29 10.8 12.21 5869

1735227606
9.43 10.48 12.14 23767

1735227607
9.43 10.48 12.14 232336

1735227608
10.26 10.6 12.15 62471

1735227609
10.26 10.6 12.15 6893

1735227610
8.94 10.35 12.09 59877

1735227611
8.94 10.35 12.09 10544

1735227612
7.32 10.01 12.0 1509

1735227613
7.32 10.01 12.0 24350

1735227614
6.9 9.85 11.96 91865

1735227615
6.9 9.85 11.96 6794

1735227616
5.65 9.52 11.87 23

1735227617
5.65 9.52 11.87 14342

1735227618
4.8 9.24 11.8 16247

1735227619
4.8 9.24 11.8 6430

1735227620
3.93 8.94 11.72 12298

1735227621
3.93 8.94 11.72 205279

1735227622
7.2 9.37 11.79 331538

1735227623
7.2 9.37 11.79 329446

1735227624
12.6 10.27 11.96 323619

1735227625
12.6 10.27 11.96 445428

1735227626
15.21 10.82 12.06 131460

1735227627
15.21 10.82 12.06 102096

1735227628
13.9 10.73 12.04 46941

1735227629
13.9 10.73 12.04 91930

1735227630
13.9 10.73 12.04 176422

1735227631
13.74 10.8 12.04 14431

1735227632
13.74 10.8 12.04 58651

1735227633
11.79 10.55 11.98 160011

1735227634
14.0 10.99 12.06 379081

1735227635
14.0 10.99 12.06 462460

1735227636
19.62 12.1 12.29 441181

1735227637
19.62 12.1 12.29 1056702

1735227638
28.02 13.86 12.66 371534

1735227639
28.02 13.86 12.66 265120

1735227640
28.02 13.86 12.66 14094

1735227641
26.57 14.06 12.71 14090

1735227642
26.57 14.06 12.71 81981

1735227643
22.48 13.73 12.65 45326

1735227644
22.48 13.73 12.65 68072

1735227645
19.31 13.45 12.59 374

1735227646
15.81 13.01 12.51 35869

1735227647
15.81 13.01 12.51 5928

1735227648
15.81 13.01 12.51 36

1735227649
13.13 12.61 12.43 17711

1735227650
12.92 12.59 12.43 268374

1735227651
12.92 12.59 12.43 324884

1735227652
18.19 13.56 12.63 493721

1735227653
18.19 13.56 12.63 361406

1735227654
18.19 13.56 12.63 585523

1735227655
23.59 14.68 12.87 462173

1735227656
24.93 15.22 12.99 186248

1735227657
24.93 15.22 12.99 6858

1735227658
20.41 14.72 12.91 49390

1735227660
20.41 14.72 12.91 42001

1735227661
17.44 14.37 12.84 6997

1735227662
17.44 14.37 12.84 18268

1735227663
14.46 13.93 12.76 30062

1735227664
14.46 13.93 12.76 25126

1735227665
12.2 13.54 12.69 26389

1735227666
12.2 13.54 12.69 3330

1735227667
10.17 13.13 12.61 1617

1735227668
10.17 13.13 12.61 6397

1735227669
8.33 12.7 12.52 8059

1735227670
8.33 12.7 12.52 95

1735227671
6.82 12.28 12.44 5340

1735227672
6.82 12.28 12.44 1696

1735227673
5.58 11.88 12.35 7289

1735227674
5.58 11.88 12.35 12361

1735227675
4.57 11.49 12.27 1733

1735227676
4.57 11.49 12.27 35504

1735227677
3.92 11.15 12.19 3342

1735227678
3.92 11.15 12.19 32625

1735227679
3.39 10.81 12.11 21743

1735227680
3.39 10.81 12.11 2756

1735227681
2.96 10.49 12.04 1169

1735227682
2.96 10.49 12.04 8022

1735227683
2.42 10.15 11.95 1893

1735227684
2.42 10.15 11.95 19672

1735227685
2.16 9.85 11.88 3837

1735227686
2.86 9.72 11.84 254706

1735227687
2.86 9.72 11.84 118006

1735227688
2.86 9.72 11.84 197112

1735227689
6.51 10.16 11.92 53720

1735227690
6.51 10.16 11.92 12306

1735227691
5.69 9.89 11.85 12023

1735227692
5.69 9.89 11.85 3012

1735227693
4.66 9.57 11.77 31773

1735227694
6.53 9.74 11.79 338520

1735227695
6.53 9.74 11.79 180656

1735227696
6.53 9.74 11.79 53004

1735227697
8.06 9.92 11.81 5169

1735227698
8.06 9.92 11.81 60873

1735227699
7.14 9.69 11.75 11154

1735227700
7.14 9.69 11.75 6390

1735227701
5.85 9.37 11.67 13944

1735227702
5.85 9.37 11.67 9216

1735227703
4.97 9.1 11.6 59454

1735227704
4.97 9.1 11.6 49402

1735227705
5.34 9.03 11.56 518892

1735227706
11.8 10.08 11.77 381557

1735227707
11.8 10.08 11.77 697572

1735227708
11.8 10.08 11.77 266830

1735227709
20.35 11.68 12.09 999451

1735227710
20.35 11.68 12.09 495041

1735227711
28.62 13.45 12.46 625668

1735227712
33.21 14.78 12.74 478142

1735227713
33.21 14.78 12.74 700784

1735227714
37.34 16.13 13.04 455116

1735227715
37.34 16.13 13.04 707397

1735227716
41.45 17.56 13.36 691808

1735227717
41.45 17.56 13.36 410240

1735227718
46.25 19.21 13.73 886230

1735227719
46.25 19.21 13.73 840392

1735227721
51.64 21.07 14.16 1080552

1735227722
53.7 22.44 14.49 927739

1735227723
53.7 22.44 14.49 374774

1735227724
53.7 22.44 14.49 503273

1735227725
54.3 23.57 14.78 964996

1735227726
57.14 25.09 15.16 693686

1735227727
57.14 25.09 15.16 827762

1735227729
61.1 26.86 15.6 1387917

1735227730
63.26 28.37 15.99 820439

1735227731
63.26 28.37 15.99 608634

1735227732
62.12 29.3 16.27 608349

1735227733
62.12 29.3 16.27 563476

1735227734
62.12 29.3 16.27 442120

1735227735
63.19 30.57 16.63 590321

1735227736
63.19 30.57 16.63 698145

1735227737
62.97 31.6 16.94 1092749

1735227738
63.16 32.66 17.26 355173

1735227739
63.16 32.66 17.26 598077

1735227740
63.13 33.65 17.57 749975

1735227741
63.13 33.65 17.57 268391

1735227742
60.2 34.09 17.77 639848

1735227743
60.2 34.09 17.77 587336

1735227744
60.2 34.09 17.77 167700

1735227745
56.91 34.35 17.94 472183

1735227746
56.91 34.35 17.94 434642

1735227747
54.39 34.63 18.11 969659

1735227748
54.39 34.63 18.11 91146

1735227749
55.95 35.56 18.42 711030

1735227750
55.95 35.56 18.42 595946

1735227751
55.59 36.16 18.66 718616

1735227752
53.85 36.48 18.85 432175

1735227753
53.85 36.48 18.85 161539

1735227754
53.15 36.93 19.06 716164

1735227755
53.15 36.93 19.06 442818

1735227756
54.57 37.71 19.35 897215

1735227757
54.57 37.71 19.35 388589

1735227758
54.65 38.28 19.59 741275

1735227759
54.65 38.28 19.59 349426

1735227760
54.65 38.28 19.59 682344

1735227761
57.07 39.25 19.92 628762

1735227762
57.6 39.93 20.2 786428

1735227763
57.6 39.93 20.2 737453

1735227764
60.39 41.01 20.56 821906

1735227765
60.39 41.01 20.56 506389

1735227766
62.85 42.09 20.92 1022024

1735227767
62.85 42.09 20.92 554864

1735227768
62.85 42.09 20.92 687657

1735227769
64.87 43.13 21.29 819166

1735227770
64.87 43.13 21.29 644668

1735227771
67.79 44.37 21.7 867961

1735227772
67.79 44.37 21.7 759911

1735227773
69.28 45.41 22.07 1258385

1735227775
69.59 46.25 22.4 1175438

1735227776
69.59 46.25 22.4 658602

1735227777
71.66 47.38 22.8 872699

1735227778
71.9 48.22 23.15 868211

1735227779
71.9 48.22 23.15 407432

1735227780
72.46 49.1 23.5 988016

1735227781
72.46 49.1 23.5 428717

1735227782
69.3 49.29 23.72 662497

1735227783
69.3 49.29 23.72 625579

1735227784
67.25 49.58 23.95 638812

1735227785
67.25 49.58 23.95 269025

1735227786
67.25 49.58 23.95 546075

1735227787
64.85 49.72 24.16 802702

1735227788
64.85 49.72 24.16 427435

1735227789
65.24 50.29 24.45 1041046

1735227790
66.82 51.06 24.79 788741

1735227791
66.82 51.06 24.79 732444

1735227792
66.82 51.06 24.79 319187

1735227793
66.49 51.52 25.06 1192412

1735227794
68.03 52.29 25.4 690969

1735227795
68.03 52.29 25.4 337604

1735227796
68.03 52.29 25.4 425559

1735227797
64.76 52.21 25.57 403554

1735227798
64.76 52.21 25.57 376142

1735227799
60.28 51.81 25.67 410437

1735227800
60.28 51.81 25.67 243443

1735227801
54.43 51.03 25.69 179699

1735227802
54.43 51.03 25.69 181701

1735227803
48.19 50.02 25.65 396228

1735227804
48.19 50.02 25.65 286815

1735227805
45.44 49.46 25.7 258707

1735227806
45.44 49.46 25.7 177962

1735227807
40.65 48.46 25.65 192177

1735227808
40.65 48.46 25.65 480874

1735227809
38.9 47.89 25.69 222398

1735227810
38.9 47.89 25.69 352829

1735227811
37.83 47.4 25.74 344603

1735227812
37.83 47.4 25.74 171469

1735227813
36.41 46.83 25.77 569639

1735227814
36.41 46.83 25.77 494681

1735227815
40.5 47.23 26.0 713157

1735227816
40.5 47.23 26.0 418424

1735227817
41.13 47.12 26.12 292507

1735227818
41.13 47.12 26.12 413262

1735227819
39.84 46.7 26.17 384127

1735227820
39.84 46.7 26.17 326439

1735227821
38.96 46.31 26.23 184514

1735227822
35.71 45.48 26.2 305797

1735227823
35.71 45.48 26.2 259788

1735227824
35.71 45.48 26.2 205386

1735227825
33.77 44.81 26.19 410309

1735227826
33.77 44.81 26.19 21026

1735227827
31.09 43.97 26.14 15053

1735227828
31.09 43.97 26.14 33273

1735227829
25.82 42.6 25.97 6341

1735227830
25.82 42.6 25.97 2323

1735227831
21.14 41.2 25.8 5356

1735227832
21.14 41.2 25.8 5330

1735227833
17.31 39.85 25.62 10074

1735227834
17.31 39.85 25.62 13319

1735227835
14.35 38.58 25.45 9453

1735227836
14.35 38.58 25.45 14346

1735227837
11.93 37.35 25.28 26510

1735227838
11.93 37.35 25.28 57263

1735227839
10.31 36.23 25.13 21942

1735227840
10.31 36.23 25.13 13251

1735227841
8.63 35.07 24.97 13124

1735227842
8.63 35.07 24.97 11212

1735227843
7.24 33.96 24.8 106297

1735227844
7.24 33.96 24.8 349479

1735227845
10.46 33.67 24.8 185005

1735227846
10.46 33.67 24.8 221986

1735227847
12.19 33.22 24.77 98402

1735227848
12.19 33.22 24.77 92282

1735227849
11.06 32.33 24.64 24577

1735227850
11.06 32.33 24.64 12070

1735227851
9.24 31.3 24.48 4302

1735227852
9.24 31.3 24.48 17105

1735227853
7.75 30.31 24.32 22521

1735227854
7.75 30.31 24.32 15368

1735227855
6.7 29.38 24.17 12968

1735227856
6.7 29.38 24.17 63195

1735227857
6.03 28.52 24.02 168296

1735227859
6.75 27.91 23.93 58203

1735227860
6.75 27.91 23.93 58884

1735227861
6.25 27.13 23.79 20648

1735227862
6.25 27.13 23.79 7549

1735227863
5.12 26.24 23.63 93717

1735227864
5.12 26.24 23.63 182568

1735227865
8.18 26.1 23.61 439389

1735227866
8.18 26.1 23.61 261449

1735227867
12.49 26.3 23.67 303989

1735227868
12.49 26.3 23.67 305723

1735227869
16.75 26.61 23.76 462106

1735227870
16.75 26.61 23.76 577683

1735227871
20.96 27.05 23.87 54442

1735227872
20.96 27.05 23.87 17608

1735227873
17.52 26.23 23.72 44362

1735227874
17.52 26.23 23.72 4936

1735227875
14.71 25.44 23.57 4544

1735227876
14.71 25.44 23.57 14397

1735227877
12.23 24.64 23.41 16339

1735227878
12.23 24.64 23.41 57570

1735227879
10.55 23.93 23.27 12090

1735227880
10.55 23.93 23.27 961

1735227881
8.64 23.15 23.12 13288

1735227882
8.64 23.15 23.12 12564

1735227883
7.26 22.42 22.96 24202

1735227884
7.26 22.42 22.96 18136

1735227885
6.12 21.72 22.81 6562

1735227886
6.12 21.72 22.81 68608

1735227892
27.68 24.24 23.32 3323560

1735227893
27.68 24.24 23.32 1051853

1735227895
36.25 25.9 23.67 1109859

1735227896
38.92 26.72 23.86 325771

1735227897
38.92 26.72 23.86 234608

1735227898
38.92 26.72 23.86 498580

1735227899
40.2 27.35 24.01 821467

1735227900
43.25 28.32 24.23 655363

1735227901
43.25 28.32 24.23 405038

1735227902
43.25 28.32 24.23 329177

1735227903
43.2 28.8 24.36 667252

1735227904
43.2 28.8 24.36 735695

1735227905
47.87 30.12 24.67 273845

1735227906
47.17 30.57 24.8 902060

1735227907
47.17 30.57 24.8 381367

1735227908
50.76 31.77 25.09 704193

1735227909
50.76 31.77 25.09 275006

1735227910
50.76 31.77 25.09 318629

1735227911
47.54 31.81 25.14 333078

1735227912
47.54 31.81 25.14 647412

1735227913
47.44 32.3 25.29 208947

1735227914
47.44 32.3 25.29 216646

1735227915
42.83 31.97 25.27 291893

1735227916
42.83 31.97 25.27 224863

1735227917
39.42 31.7 25.26 354004

1735227918
37.89 31.68 25.3 393747

1735227919
37.89 31.68 25.3 116948

1735227920
37.89 31.68 25.3 207610

1735227921
34.83 31.33 25.27 155634

1735227922
34.83 31.33 25.27 257499

1735227923
32.33 30.99 25.24 176220

1735227924
32.33 30.99 25.24 149362

1735227925
29.37 30.5 25.18 286624

1735227926
29.37 30.5 25.18 172555

1735227927
28.03 30.22 25.16 290180

1735227928
28.03 30.22 25.16 18410

1735227929
25.31 29.66 25.07 7917

1735227930
25.31 29.66 25.07 3463

1735227931
20.72 28.69 24.9 4139

1735227932
20.72 28.69 24.9 171790

1735227933
18.6 28.04 24.79 9541

1735227934
18.6 28.04 24.79 3341

1735227935
15.23 27.13 24.62 1731

1735227936
15.23 27.13 24.62 3421

1735227937
12.47 26.24 24.45 5708

1735227938
12.47 26.24 24.45 46

1735227939
10.21 25.38 24.29 719

1735227940
10.21 25.38 24.29 10428

1735227941
8.36 24.55 24.12 9601

1735227942
8.36 24.55 24.12 5200

1735227943
6.84 23.75 23.95 2626

1735227944
6.84 23.75 23.95 40

1735227945
5.6 22.97 23.79 2770

1735227946
5.6 22.97 23.79 3100

1735227947
4.59 22.22 23.63 22862

1735227948
4.59 22.22 23.63 2571

1735227949
3.93 21.52 23.47 608

1735227950
3.93 21.52 23.47 89

1735227951
3.22 20.82 23.31 457

1735227952
3.22 20.82 23.31 5619

1735227953
2.64 20.14 23.15 1020

1735227954
2.64 20.14 23.15 2823

1735227955
2.16 19.48 22.99 458

1735227956
2.16 19.48 22.99 802

1735227957
1.77 18.84 22.84 12511

1735227958
1.77 18.84 22.84 42

1735227959
1.44 18.22 22.68 1220

1735227960
1.44 18.22 22.68 3722

1735227961
1.18 17.63 22.52 24553

1735227962
1.18 17.63 22.52 14720

1735227963
1.15 17.08 22.38 19530

1735227964
1.15 17.08 22.38 12709

1735227965
1.12 16.55 22.23 6375

1735227966
1.12 16.55 22.23 5650

1735227967
0.92 16.01 22.08 21775

1735227968
0.92 16.01 22.08 2613

1735227969
1.84 15.68 21.97 159185

1735227970
1.84 15.68 21.97 7155

1735227971
2.23 15.3 21.84 26557

1735227972
2.23 15.3 21.84 44871

1735227973
2.18 14.87 21.71 11920

1735227974
2.18 14.87 21.71 5779

1735227975
1.79 14.38 21.56 7152

1735227976
1.79 14.38 21.56 21556

1735227977
1.64 13.94 21.42 25180

1735227978
1.64 13.94 21.42 9985

1735227979
1.53 13.52 21.28 14685

1735227980
1.53 13.52 21.28 5191

1735227981
1.43 13.11 21.14 7385

1735227982
1.43 13.11 21.14 6674

1735227983
1.17 12.68 21.0 2650

1735227984
1.17 12.68 21.0 556

1735227985
0.96 12.26 20.85 1862

1735227986
0.96 12.26 20.85 2582

1735227987
0.78 11.86 20.71 25906

1735227988
0.78 11.86 20.71 34436

1735227989
1.18 11.57 20.59 10102

1735227990
1.18 11.57 20.59 14535

1735227991
1.15 11.22 20.45 15961

1735227992
1.15 11.22 20.45 47860

1735227993
1.66 10.99 20.34 55743

1735227994
1.66 10.99 20.34 6674

1735227995
2.27 10.79 20.24 171273

1735227996
2.27 10.79 20.24 54385

1735227997
3.12 10.67 20.14 81657

1735227998
3.12 10.67 20.14 7537

1735227999
3.1 10.42 20.03 19454

1735228000
3.1 10.42 20.03 2361

1735228001
2.72 10.11 19.9 38672

1735228002
2.72 10.11 19.9 190201

1735228003
4.22 10.14 19.84 32618

1735228004
4.22 10.14 19.84 560878

1735228005
11.06 11.18 19.99 383841

1735228006
11.06 11.18 19.99 332114

1735228007
14.31 11.76 20.05 593161

1735228008
14.31 11.76 20.05 423727

1735228009
21.14 13.08 20.27 321948

1735228010
21.14 13.08 20.27 240745

1735228011
21.47 13.4 20.29 183308

1735228012
21.47 13.4 20.29 366707

1735228013
22.11 13.78 20.32 72376

1735228014
22.11 13.78 20.32 11057

1735228015
18.29 13.36 20.19 7203

1735228016
18.29 13.36 20.19 18649

1735228017
15.15 12.96 20.06 123090

1735228018
15.15 12.96 20.06 18439

1735228019
14.04 12.83 19.98 54738

1735228020
14.04 12.83 19.98 8359

1735228021
11.49 12.41 19.84 6502

1735228022
11.49 12.41 19.84 18438

1735228023
9.59 12.04 19.71 2521

1735228024
9.59 12.04 19.71 3456

1735228025
7.85 11.64 19.58 1826

1735228026
7.85 11.64 19.58 68175

1735228027
7.33 11.42 19.48 88994

1735228028
7.33 11.42 19.48 3011

1735228029
6.37 11.12 19.36 6419

1735228030
6.37 11.12 19.36 4718

1735228031
5.21 10.75 19.23 2205

1735228032
5.21 10.75 19.23 242530

1735228033
7.71 11.02 19.22 362767

1735228034
7.71 11.02 19.22 482522

1735228035
14.64 12.17 19.41 292346

1735228036
14.64 12.17 19.41 211821

1735228037
15.25 12.36 19.4 323716

1735228038
15.25 12.36 19.4 266555

1735228039
17.02 12.77 19.44 19339

1735228040
17.02 12.77 19.44 15112

1735228041
14.11 12.39 19.31 4505

1735228042
14.11 12.39 19.31 23651

1735228043
11.74 12.01 19.18 5735

1735228044
11.74 12.01 19.18 2609

1735228045
9.61 11.62 19.05 4236

1735228046
9.61 11.62 19.05 4359

1735228047
7.87 11.24 18.92 17540

1735228048
7.87 11.24 18.92 870

1735228049
6.44 10.87 18.79 1189

1735228050
6.44 10.87 18.79 2006

1735228051
5.27 10.51 18.66 19670

1735228052
5.27 10.51 18.66 49526

1735228053
5.04 10.3 18.56 30023

1735228054
5.04 10.3 18.56 24461

1735228055
4.49 10.03 18.45 20489

1735228056
4.49 10.03 18.45 37097

1735228057
4.04 9.77 18.34 29114

1735228058
4.04 9.77 18.34 1835

1735228059
3.49 9.48 18.22 85

1735228060
3.49 9.48 18.22 55156

1735228061
4.3 9.43 18.15 272342

1735228062
4.3 9.43 18.15 245560

1735228063
8.05 9.94 18.2 188944

1735228064
8.05 9.94 18.2 18446

1735228065
7.32 9.74 18.1 15370

1735228066
7.32 9.74 18.1 7554

1735228067
6.35 9.49 17.99 43664

1735228068
6.35 9.49 17.99 4854

1735228069
5.38 9.21 17.87 13659

1735228070
5.38 9.21 17.87 4293

1735228071
4.41 8.91 17.75 1294

1735228072
4.41 8.91 17.75 6333

1735228073
3.61 8.62 17.63 7783

1735228074
3.61 8.62 17.63 5375

1735228075
2.95 8.34 17.51 6102

1735228076
2.95 8.34 17.51 12306

1735228077
2.6 8.1 17.39 17381

1735228078
2.6 8.1 17.39 2173

1735228079
2.13 7.83 17.28 3131

1735228080
2.13 7.83 17.28 2205

1735228081
1.74 7.57 17.16 1999

1735228082
1.74 7.57 17.16 9221

1735228083
1.42 7.33 17.04 9296

1735228084
1.42 7.33 17.04 360

1735228085
1.16 7.09 16.92 1295

1735228086
1.16 7.09 16.92 43836

1735228087
1.31 6.92 16.82 4661

1735228088
1.31 6.92 16.82 2950

1735228089
1.08 6.69 16.71 94

1735228090
1.08 6.69 16.71 1085

1735228091
0.88 6.47 16.59 45

1735228092
0.88 6.47 16.59 153452

1735228093
3.07 6.69 16.57 218737

1735228094
3.07 6.69 16.57 642755

1735228096
10.31 7.87 16.75 710749

1735228097
14.96 8.79 16.88 241433

1735228098
14.96 8.79 16.88 481621

1735228104
43.01 15.07 18.05 5464841

1735228105
51.7 17.55 18.55 567200

1735228106
51.7 17.55 18.55 312856

1735228995
87.03 87.08 87.01 2018302741

1735230931
88.05 87.32 86.5 1829266499

