1735227512
0.0 0.0 1.77 0

1735227513
0.0 0.0 1.77 0

1735227514
0.0 0.0 1.76 0

1735227515
0.0 0.0 1.76 0

1735227516
0.0 0.0 1.75 0

1735227517
0.0 0.0 1.75 0

1735227518
0.0 0.0 1.74 0

1735227519
0.0 0.0 1.74 0

1735227520
0.0 0.0 1.72 0

1735227521
0.0 0.0 1.72 1199

1735227522
0.0 0.0 1.71 0

1735227523
0.0 0.0 1.71 0

1735227524
0.0 0.0 1.7 1363

1735227525
0.0 0.0 1.7 0

1735227526
0.0 0.0 1.69 0

1735227527
0.0 0.0 1.69 1276

1735227528
0.0 0.0 1.68 0

1735227529
0.0 0.0 1.68 1209

1735227530
0.0 0.0 1.66 5028

1735227531
0.0 0.0 1.66 0

1735227532
0.0 0.0 1.65 0

1735227533
0.0 0.0 1.65 0

1735227534
0.0 0.0 1.64 0

1735227535
0.0 0.0 1.64 0

1735227536
0.0 0.0 1.63 1508

1735227537
0.0 0.0 1.63 1929

1735227538
0.0 0.0 1.62 101

1735227539
0.0 0.0 1.62 213

1735227540
0.0 0.0 1.61 0

1735227541
0.0 0.0 1.61 790

1735227542
0.0 0.0 1.6 0

1735227543
0.0 0.0 1.6 400

1735227544
0.0 0.0 1.58 852

1735227545
0.0 0.0 1.58 0

1735227546
0.0 0.0 1.57 0

1735227547
0.0 0.0 1.57 1212

1735227548
0.0 0.0 1.56 0

1735227549
0.0 0.0 1.56 0

1735227550
0.0 0.0 1.55 0

1735227551
0.0 0.0 1.55 0

1735227552
0.0 0.0 1.54 0

1735227553
0.0 0.0 1.54 36100

1735227554
0.18 0.03 1.54 1173

1735227555
0.18 0.03 1.54 0

1735227556
0.14 0.03 1.53 0

1735227557
0.14 0.03 1.53 0

1735227558
0.12 0.02 1.52 286

1735227559
0.12 0.02 1.52 0

1735227560
0.09 0.02 1.5 905

1735227561
0.09 0.02 1.5 0

1735227562
0.08 0.02 1.49 436

1735227563
0.08 0.02 1.49 0

1735227564
0.06 0.02 1.48 334

1735227565
0.06 0.02 1.48 0

1735227566
0.05 0.02 1.47 1579

1735227567
0.05 0.02 1.47 0

1735227568
0.04 0.02 1.46 0

1735227569
0.04 0.02 1.46 0

1735227570
0.03 0.02 1.45 1212

1735227571
0.03 0.02 1.45 0

1735227572
0.02 0.02 1.44 0

1735227573
0.02 0.02 1.44 0

1735227574
0.02 0.02 1.43 1276

1735227575
0.02 0.02 1.43 0

1735227576
0.01 0.02 1.42 0

1735227577
0.01 0.02 1.42 0

1735227578
0.01 0.02 1.41 0

1735227579
0.01 0.02 1.41 6

1735227580
0.01 0.01 1.4 22

1735227581
0.01 0.01 1.4 6496

1735227582
0.0 0.01 1.39 4269

1735227583
0.0 0.01 1.39 0

1735227584
0.0 0.01 1.38 3

1735227585
0.0 0.01 1.38 0

1735227586
0.0 0.01 1.37 0

1735227587
0.0 0.01 1.37 5202

1735227588
0.0 0.01 1.36 3591

1735227589
0.0 0.01 1.36 2811

1735227590
0.0 0.01 1.35 1508

1735227591
0.0 0.01 1.35 26399

1735227592
0.18 0.04 1.35 4930

1735227593
0.18 0.04 1.35 26

1735227594
0.15 0.04 1.34 4

1735227595
0.15 0.04 1.34 6449

1735227596
0.12 0.04 1.33 6095

1735227597
0.12 0.04 1.33 2427

1735227598
0.1 0.04 1.32 3489

1735227599
0.1 0.04 1.32 1

1735227600
0.08 0.04 1.31 22

1735227601
0.08 0.04 1.31 0

1735227602
0.06 0.03 1.3 0

1735227603
0.06 0.03 1.3 0

1735227604
0.05 0.03 1.3 8

1735227605
0.05 0.03 1.3 0

1735227606
0.04 0.03 1.29 23

1735227607
0.04 0.03 1.29 25

1735227608
0.03 0.03 1.28 6

1735227609
0.03 0.03 1.28 3

1735227610
0.02 0.03 1.27 7

1735227611
0.02 0.03 1.27 28

1735227612
0.02 0.03 1.26 0

1735227613
0.02 0.03 1.26 11

1735227614
0.01 0.02 1.25 8

1735227615
0.01 0.02 1.25 0

1735227616
0.01 0.02 1.24 0

1735227617
0.01 0.02 1.24 40

1735227618
0.01 0.02 1.23 4

1735227619
0.01 0.02 1.23 0

1735227620
0.01 0.02 1.22 27

1735227621
0.01 0.02 1.22 0

1735227622
0.0 0.02 1.22 2637

1735227623
0.0 0.02 1.22 0

1735227624
0.0 0.02 1.21 3459

1735227625
0.0 0.02 1.21 2743

1735227626
0.0 0.02 1.2 0

1735227627
0.0 0.02 1.2 0

1735227628
0.0 0.02 1.19 0

1735227629
0.0 0.02 1.19 0

1735227630
0.0 0.02 1.19 3

1735227631
0.0 0.02 1.18 0

1735227632
0.0 0.02 1.18 0

1735227633
0.0 0.02 1.17 3254

1735227634
0.0 0.02 1.16 2085

1735227635
0.0 0.02 1.16 0

1735227636
0.0 0.01 1.16 0

1735227637
0.0 0.01 1.16 8

1735227638
0.0 0.01 1.15 0

1735227639
0.0 0.01 1.15 0

1735227640
0.0 0.01 1.15 4

1735227641
0.0 0.01 1.14 0

1735227642
0.0 0.01 1.14 8

1735227643
0.0 0.01 1.13 0

1735227644
0.0 0.01 1.13 0

1735227645
0.0 0.01 1.12 0

1735227646
0.0 0.01 1.12 0

1735227647
0.0 0.01 1.12 3

1735227648
0.0 0.01 1.12 0

1735227649
0.0 0.01 1.11 0

1735227650
0.0 0.01 1.1 0

1735227651
0.0 0.01 1.1 0

1735227652
0.0 0.01 1.09 0

1735227653
0.0 0.01 1.09 0

1735227654
0.0 0.01 1.09 0

1735227655
0.0 0.01 1.08 0

1735227656
0.0 0.01 1.08 7

1735227657
0.0 0.01 1.08 0

1735227658
0.0 0.01 1.07 0

1735227660
0.0 0.01 1.07 3

1735227661
0.0 0.01 1.06 0

1735227662
0.0 0.01 1.06 1019

1735227663
0.0 0.01 1.05 1432

1735227664
0.0 0.01 1.05 377

1735227665
0.0 0.0 1.05 1198

1735227666
0.0 0.0 1.05 1570

1735227667
0.0 0.0 1.04 0

1735227668
0.0 0.0 1.04 0

1735227669
0.0 0.0 1.03 0

1735227670
0.0 0.0 1.03 0

1735227671
0.0 0.0 1.02 0

1735227672
0.0 0.0 1.02 0

1735227673
0.0 0.0 1.02 0

1735227674
0.0 0.0 1.02 0

1735227675
0.0 0.0 1.01 5

1735227676
0.0 0.0 1.01 6320

1735227677
0.0 0.0 1.0 0

1735227678
0.0 0.0 1.0 0

1735227679
0.0 0.0 1.0 1

1735227680
0.0 0.0 1.0 7

1735227681
0.0 0.0 0.99 0

1735227682
0.0 0.0 0.99 0

1735227683
0.0 0.0 0.98 0

1735227684
0.0 0.0 0.98 0

1735227685
0.0 0.0 0.97 7

1735227686
0.0 0.0 0.97 1873

1735227687
0.0 0.0 0.97 0

1735227688
0.0 0.0 0.97 6575

1735227689
0.0 0.0 0.96 1949

1735227690
0.0 0.0 0.96 0

1735227691
0.0 0.0 0.95 0

1735227692
0.0 0.0 0.95 0

1735227693
0.0 0.0 0.95 0

1735227694
0.0 0.0 0.94 43

1735227695
0.0 0.0 0.94 0

1735227696
0.0 0.0 0.94 838

1735227697
0.0 0.0 0.93 7

1735227698
0.0 0.0 0.93 3

1735227699
0.0 0.0 0.93 14

1735227700
0.0 0.0 0.93 10

1735227701
0.0 0.0 0.92 7

1735227702
0.0 0.0 0.92 4

1735227703
0.0 0.0 0.91 7664

1735227704
0.0 0.0 0.91 1445

1735227705
0.0 0.0 0.91 6066

1735227706
0.18 0.03 0.91 24263

1735227707
0.18 0.03 0.91 1773

1735227708
0.18 0.03 0.91 0

1735227709
0.14 0.03 0.9 0

1735227710
0.14 0.03 0.9 2450

1735227711
0.12 0.02 0.9 3479

1735227712
0.09 0.02 0.89 0

1735227713
0.09 0.02 0.89 0

1735227714
0.08 0.02 0.88 2698

1735227715
0.08 0.02 0.88 0

1735227716
0.06 0.02 0.88 415

1735227717
0.06 0.02 0.88 375

1735227718
0.05 0.02 0.87 5743

1735227719
0.05 0.02 0.87 6712

1735227721
0.04 0.02 0.86 3651

1735227722
0.03 0.02 0.86 3845

1735227723
0.03 0.02 0.86 613

1735227724
0.03 0.02 0.86 2226

1735227725
0.02 0.02 0.85 9735

1735227726
0.02 0.02 0.85 3479

1735227727
0.02 0.02 0.85 8212

1735227729
0.01 0.02 0.84 774

1735227730
0.01 0.02 0.83 4019

1735227731
0.01 0.02 0.83 5642

1735227732
0.01 0.01 0.83 2499

1735227733
0.01 0.01 0.83 7444

1735227734
0.01 0.01 0.83 0

1735227735
0.0 0.01 0.82 1348

1735227736
0.0 0.01 0.82 662

1735227737
0.0 0.01 0.82 8019

1735227738
0.0 0.01 0.81 0

1735227739
0.0 0.01 0.81 1395

1735227740
0.0 0.01 0.8 2109

1735227741
0.0 0.01 0.8 0

1735227742
0.0 0.01 0.8 1

1735227743
0.0 0.01 0.8 13

1735227744
0.0 0.01 0.8 0

1735227745
0.0 0.01 0.79 1942

1735227746
0.0 0.01 0.79 377

1735227747
0.0 0.01 0.79 11346

1735227748
0.0 0.01 0.79 0

1735227749
0.0 0.01 0.78 1443

1735227750
0.0 0.01 0.78 6086

1735227751
0.0 0.01 0.78 5105

1735227752
0.0 0.01 0.77 5090

1735227753
0.0 0.01 0.77 0

1735227754
0.0 0.01 0.76 0

1735227755
0.0 0.01 0.76 1084

1735227756
0.0 0.01 0.76 99

1735227757
0.0 0.01 0.76 60

1735227758
0.0 0.01 0.75 2298

1735227759
0.0 0.01 0.75 2064

1735227760
0.0 0.01 0.75 805

1735227761
0.0 0.0 0.75 2021

1735227762
0.0 0.0 0.74 4985

1735227763
0.0 0.0 0.74 2658

1735227764
0.0 0.0 0.74 2194

1735227765
0.0 0.0 0.74 0

1735227766
0.0 0.0 0.73 4835

1735227767
0.0 0.0 0.73 4294

1735227768
0.0 0.0 0.73 0

1735227769
0.0 0.0 0.73 1817

1735227770
0.0 0.0 0.73 1671

1735227771
0.0 0.0 0.72 294

1735227772
0.0 0.0 0.72 1434

1735227773
0.0 0.0 0.72 6937

1735227775
0.0 0.0 0.71 2100

1735227776
0.0 0.0 0.71 4569

1735227777
0.0 0.0 0.71 9082

1735227778
0.0 0.0 0.7 2834

1735227779
0.0 0.0 0.7 2856

1735227780
0.0 0.0 0.7 947

1735227781
0.0 0.0 0.7 1275

1735227782
0.0 0.0 0.69 4639

1735227783
0.0 0.0 0.69 0

1735227784
0.0 0.0 0.69 2678

1735227785
0.0 0.0 0.69 2304

1735227786
0.0 0.0 0.69 7635

1735227787
0.0 0.0 0.68 1209

1735227788
0.0 0.0 0.68 0

1735227789
0.0 0.0 0.68 1896

1735227790
0.0 0.0 0.67 2233

1735227791
0.0 0.0 0.67 9273

1735227792
0.0 0.0 0.67 0

1735227793
0.0 0.0 0.67 4532

1735227794
0.0 0.0 0.66 17988

1735227795
0.0 0.0 0.66 360

1735227796
0.0 0.0 0.66 2446

1735227797
0.0 0.0 0.66 17397

1735227798
0.0 0.0 0.66 2216

1735227799
0.0 0.0 0.65 1341

1735227800
0.0 0.0 0.65 3818

1735227801
0.0 0.0 0.65 1396

1735227802
0.0 0.0 0.65 6282

1735227803
0.0 0.0 0.64 3029

1735227804
0.0 0.0 0.64 1209

1735227805
0.0 0.0 0.64 0

1735227806
0.0 0.0 0.64 0

1735227807
0.0 0.0 0.63 10

1735227808
0.0 0.0 0.63 11

1735227809
0.0 0.0 0.63 0

1735227810
0.0 0.0 0.63 0

1735227811
0.0 0.0 0.62 3519

1735227812
0.0 0.0 0.62 36247

1735227813
0.54 0.09 0.64 36896

1735227814
0.54 0.09 0.64 16130

1735227815
0.44 0.09 0.64 0

1735227816
0.44 0.09 0.64 0

1735227817
0.36 0.09 0.63 0

1735227818
0.36 0.09 0.63 0

1735227819
0.29 0.08 0.63 0

1735227820
0.29 0.08 0.63 12

1735227821
0.24 0.08 0.62 32

1735227822
0.19 0.08 0.62 0

1735227823
0.19 0.08 0.62 0

1735227824
0.19 0.08 0.62 0

1735227825
0.16 0.07 0.61 6

1735227826
0.16 0.07 0.61 3854

1735227827
0.13 0.07 0.61 1474

1735227828
0.13 0.07 0.61 0

1735227829
0.1 0.07 0.6 0

1735227830
0.1 0.07 0.6 0

1735227831
0.08 0.07 0.6 504

1735227832
0.08 0.07 0.6 0

1735227833
0.07 0.06 0.6 0

1735227834
0.07 0.06 0.6 0

1735227835
0.05 0.06 0.59 7

1735227836
0.05 0.06 0.59 5

1735227837
0.04 0.06 0.59 12

1735227838
0.04 0.06 0.59 4

1735227839
0.03 0.06 0.58 6

1735227840
0.03 0.06 0.58 0

1735227841
0.03 0.05 0.58 5

1735227842
0.03 0.05 0.58 0

1735227843
0.02 0.05 0.57 41315

1735227844
0.02 0.05 0.57 47173

1735227845
0.56 0.15 0.59 16707

1735227846
0.56 0.15 0.59 22926

1735227847
0.82 0.21 0.6 2507

1735227848
0.82 0.21 0.6 0

1735227849
0.67 0.2 0.6 0

1735227850
0.67 0.2 0.6 0

1735227851
0.55 0.19 0.59 0

1735227852
0.55 0.19 0.59 0

1735227853
0.45 0.19 0.59 0

1735227854
0.45 0.19 0.59 7

1735227855
0.37 0.18 0.58 21

1735227856
0.37 0.18 0.58 45

1735227857
0.3 0.18 0.58 2061

1735227859
0.24 0.17 0.57 67

1735227860
0.24 0.17 0.57 469

1735227861
0.2 0.16 0.57 0

1735227862
0.2 0.16 0.57 526

1735227863
0.16 0.16 0.57 7

1735227864
0.16 0.16 0.57 14

1735227865
0.13 0.15 0.56 0

1735227866
0.13 0.15 0.56 0

1735227867
0.11 0.15 0.56 1319

1735227868
0.11 0.15 0.56 0

1735227869
0.09 0.14 0.55 0

1735227870
0.09 0.14 0.55 1890

1735227871
0.07 0.14 0.55 0

1735227872
0.07 0.14 0.55 20

1735227873
0.06 0.13 0.55 0

1735227874
0.06 0.13 0.55 0

1735227875
0.04 0.13 0.54 0

1735227876
0.04 0.13 0.54 33

1735227877
0.03 0.12 0.54 13

1735227878
0.03 0.12 0.54 0

1735227879
0.03 0.12 0.53 0

1735227880
0.03 0.12 0.53 0

1735227881
0.02 0.11 0.53 8

1735227882
0.02 0.11 0.53 0

1735227883
0.02 0.11 0.53 1

1735227884
0.02 0.11 0.53 0

1735227885
0.01 0.11 0.52 0

1735227886
0.01 0.11 0.52 0

1735227892
0.0 0.09 0.51 24023

1735227893
0.0 0.09 0.51 91

1735227895
0.0 0.09 0.5 24396

1735227896
0.0 0.08 0.5 0

1735227897
0.0 0.08 0.5 3241

1735227898
0.0 0.08 0.5 16

1735227899
0.0 0.08 0.5 7129

1735227900
0.0 0.08 0.49 2001

1735227901
0.0 0.08 0.49 16279

1735227902
0.0 0.08 0.49 0

1735227903
0.0 0.08 0.49 2886

1735227904
0.0 0.08 0.49 9094

1735227905
0.0 0.07 0.48 9000

1735227906
0.0 0.07 0.48 8855

1735227907
0.0 0.07 0.48 1

1735227908
0.0 0.07 0.48 5569

1735227909
0.0 0.07 0.48 666

1735227910
0.0 0.07 0.48 3284

1735227911
0.0 0.06 0.47 0

1735227912
0.0 0.06 0.47 4407

1735227913
0.0 0.06 0.47 2743

1735227914
0.0 0.06 0.47 4348

1735227915
0.0 0.06 0.47 2065

1735227916
0.0 0.06 0.47 3348

1735227917
0.0 0.06 0.46 16160

1735227918
0.72 0.19 0.49 93014

1735227919
0.72 0.19 0.49 9885

1735227920
0.72 0.19 0.49 0

1735227921
0.59 0.18 0.49 0

1735227922
0.59 0.18 0.49 0

1735227923
0.48 0.17 0.48 0

1735227924
0.48 0.17 0.48 0

1735227925
0.39 0.17 0.48 0

1735227926
0.39 0.17 0.48 0

1735227927
0.32 0.16 0.47 0

1735227928
0.32 0.16 0.47 0

1735227929
0.26 0.16 0.47 0

1735227930
0.26 0.16 0.47 0

1735227931
0.21 0.15 0.47 0

1735227932
0.21 0.15 0.47 8370

1735227933
0.17 0.14 0.46 0

1735227934
0.17 0.14 0.46 0

1735227935
0.14 0.14 0.46 0

1735227936
0.14 0.14 0.46 0

1735227937
0.11 0.13 0.46 0

1735227938
0.11 0.13 0.46 0

1735227939
0.09 0.13 0.45 0

1735227940
0.09 0.13 0.45 18542

1735227941
0.07 0.12 0.45 844

1735227942
0.07 0.12 0.45 2580

1735227943
0.06 0.12 0.45 1415

1735227944
0.06 0.12 0.45 0

1735227945
0.05 0.12 0.44 6179

1735227946
0.05 0.12 0.44 0

1735227947
0.04 0.11 0.44 12578

1735227948
0.04 0.11 0.44 196

1735227949
0.03 0.11 0.44 0

1735227950
0.03 0.11 0.44 0

1735227951
0.02 0.1 0.43 0

1735227952
0.02 0.1 0.43 0

1735227953
0.02 0.1 0.43 0

1735227954
0.02 0.1 0.43 0

1735227955
0.01 0.1 0.43 0

1735227956
0.01 0.1 0.43 0

1735227957
0.01 0.09 0.42 0

1735227958
0.01 0.09 0.42 0

1735227959
0.01 0.09 0.42 0

1735227960
0.01 0.09 0.42 0

1735227961
0.0 0.09 0.42 0

1735227962
0.0 0.09 0.42 0

1735227963
0.0 0.08 0.41 0

1735227964
0.0 0.08 0.41 0

1735227965
0.0 0.08 0.41 440

1735227966
0.0 0.08 0.41 0

1735227967
0.0 0.08 0.41 0

1735227968
0.0 0.08 0.41 0

1735227969
0.0 0.07 0.41 0

1735227970
0.0 0.07 0.41 0

1735227971
0.0 0.07 0.4 0

1735227972
0.0 0.07 0.4 402

1735227973
0.0 0.07 0.4 0

1735227974
0.0 0.07 0.4 0

1735227975
0.0 0.07 0.4 0

1735227976
0.0 0.07 0.4 0

1735227977
0.0 0.06 0.39 0

1735227978
0.0 0.06 0.39 0

1735227979
0.0 0.06 0.39 0

1735227980
0.0 0.06 0.39 0

1735227981
0.0 0.06 0.39 0

1735227982
0.0 0.06 0.39 0

1735227983
0.0 0.06 0.39 0

1735227984
0.0 0.06 0.39 0

1735227985
0.0 0.05 0.38 0

1735227986
0.0 0.05 0.38 0

1735227987
0.0 0.05 0.38 0

1735227988
0.0 0.05 0.38 9

1735227989
0.0 0.05 0.38 617

1735227990
0.0 0.05 0.38 0

1735227991
0.0 0.05 0.37 0

1735227992
0.0 0.05 0.37 0

1735227993
0.0 0.05 0.37 0

1735227994
0.0 0.05 0.37 2

1735227995
0.0 0.04 0.37 2

1735227996
0.0 0.04 0.37 0

1735227997
0.0 0.04 0.36 0

1735227998
0.0 0.04 0.36 0

1735227999
0.0 0.04 0.36 0

1735228000
0.0 0.04 0.36 0

1735228001
0.0 0.04 0.36 0

1735228002
0.0 0.04 0.36 0

1735228003
0.0 0.04 0.36 0

1735228004
0.0 0.04 0.36 6230

1735228005
0.0 0.04 0.35 0

1735228006
0.0 0.04 0.35 0

1735228007
0.0 0.03 0.35 0

1735228008
0.0 0.03 0.35 0

1735228009
0.0 0.03 0.35 0

1735228010
0.0 0.03 0.35 0

1735228011
0.0 0.03 0.35 0

1735228012
0.0 0.03 0.35 0

1735228013
0.0 0.03 0.34 0

1735228014
0.0 0.03 0.34 0

1735228015
0.0 0.03 0.34 0

1735228016
0.0 0.03 0.34 0

1735228017
0.0 0.03 0.34 0

1735228018
0.0 0.03 0.34 0

1735228019
0.0 0.02 0.34 1685

1735228020
0.0 0.02 0.34 6049

1735228021
0.0 0.02 0.33 0

1735228022
0.0 0.02 0.33 0

1735228023
0.0 0.02 0.33 0

1735228024
0.0 0.02 0.33 473

1735228025
0.0 0.02 0.33 4168

1735228026
0.0 0.02 0.33 815

1735228027
0.0 0.02 0.33 0

1735228028
0.0 0.02 0.33 0

1735228029
0.0 0.02 0.32 0

1735228030
0.0 0.02 0.32 0

1735228031
0.0 0.02 0.32 0

1735228032
0.0 0.02 0.32 0

1735228033
0.0 0.02 0.32 0

1735228034
0.0 0.02 0.32 0

1735228035
0.0 0.02 0.32 8068

1735228036
0.0 0.02 0.32 5691

1735228037
0.0 0.02 0.31 0

1735228038
0.0 0.02 0.31 26235

1735228039
0.36 0.08 0.33 26780

1735228040
0.36 0.08 0.33 16641

1735228041
0.29 0.08 0.32 684

1735228042
0.29 0.08 0.32 874

1735228043
0.24 0.08 0.32 3047

1735228044
0.24 0.08 0.32 279

1735228045
0.19 0.07 0.32 1591

1735228046
0.19 0.07 0.32 3115

1735228047
0.16 0.07 0.32 15069

1735228048
0.16 0.07 0.32 11579

1735228049
0.31 0.1 0.32 0

1735228050
0.31 0.1 0.32 0

1735228051
0.25 0.1 0.32 22

1735228052
0.25 0.1 0.32 4

1735228053
0.2 0.09 0.32 9

1735228054
0.2 0.09 0.32 438

1735228055
0.17 0.09 0.31 0

1735228056
0.17 0.09 0.31 495

1735228057
0.14 0.09 0.31 0

1735228058
0.14 0.09 0.31 0

1735228059
0.11 0.08 0.31 0

1735228060
0.11 0.08 0.31 657

1735228061
0.09 0.08 0.31 0

1735228062
0.09 0.08 0.31 0

1735228063
0.07 0.08 0.3 0

1735228064
0.07 0.08 0.3 0

1735228065
0.06 0.07 0.3 0

1735228066
0.06 0.07 0.3 0

1735228067
0.23 0.1 0.31 29955

1735228068
0.23 0.1 0.31 0

1735228069
0.18 0.1 0.3 0

1735228070
0.18 0.1 0.3 10903

1735228071
0.15 0.1 0.3 8989

1735228072
0.15 0.1 0.3 13725

1735228073
0.3 0.13 0.31 0

1735228074
0.3 0.13 0.31 0

1735228075
0.25 0.12 0.3 0

1735228076
0.25 0.12 0.3 652

1735228077
0.2 0.12 0.3 0

1735228078
0.2 0.12 0.3 0

1735228079
0.16 0.11 0.3 0

1735228080
0.16 0.11 0.3 0

1735228081
0.13 0.11 0.3 0

1735228082
0.13 0.11 0.3 527

1735228083
0.11 0.1 0.29 0

1735228084
0.11 0.1 0.29 0

1735228085
0.09 0.1 0.29 4311

1735228086
0.09 0.1 0.29 38006

1735228087
0.43 0.16 0.3 0

1735228088
0.43 0.16 0.3 2965

1735228089
0.35 0.16 0.3 0

1735228090
0.35 0.16 0.3 263

1735228091
0.29 0.15 0.3 0

1735228092
0.29 0.15 0.3 16413

1735228093
0.6 0.21 0.31 54869

1735228094
0.6 0.21 0.31 374309

1735228096
4.84 0.99 0.47 177205

1735228097
4.68 1.09 0.5 11418

1735228098
4.68 1.09 0.5 248008

1735228104
24.73 5.48 1.45 3233282

1735228105
25.87 6.32 1.65 6605

1735228106
25.87 6.32 1.65 56528

1735228995
60.98 58.59 60.38 1473818475

1735230931
58.26 57.73 57.87 1274523376

