DELETING POKY, BUILD, LOCAL.CONF
DELETING ORIG POKY
079477f555157d49ee2f14a14ff27620ea1dad2c7a8cc2291fe28cd5ac29782f
Untagged: yocto-image:latest
Deleted: sha256:21565404df72db4a5eaa1d0e0f8cbdb53e7e95691f0baf448273b1102aab590e
DISABLE PERF
BUILDING ENV
#1 [yocto-container internal] load .dockerignore
#1 transferring context: 2B done
#1 DONE 0.0s

#2 [yocto-container internal] load build definition from Dockerfile
#2 transferring dockerfile: 1.92kB done
#2 DONE 0.0s

#3 [yocto-container internal] load metadata for docker.io/library/ubuntu:20.04
#3 DONE 0.0s

#4 [yocto-container requirements 1/2] FROM docker.io/library/ubuntu:20.04
#4 DONE 0.0s

#5 [yocto-container base 1/3] RUN python3 -m pip install -U psutil numpy matplotlib
#5 CACHED

#6 [yocto-container base 2/3] RUN rm /bin/sh && ln -s bash /bin/sh && 	groupadd -g 1001 yocto_user && 	useradd -u 1001 -g 1001 -ms /bin/bash yocto_user && 	usermod -a -G sudo yocto_user && 	usermod -a -G users yocto_user && 	install -o 1001 -g 1001 -d /home/yocto_user/project && 	echo '%sudo ALL=(ALL) NOPASSWD:ALL' >> /etc/sudoers
#6 CACHED

#7 [yocto-container requirements 2/2] RUN apt-get update && 	DEBIAN_FRONTEND=noninteractive apt-get -y install 	gawk 	wget 	rsync 	git-core 	diffstat 	unzip 	texinfo 	gcc-multilib 	build-essential 	chrpath 	socat 	cpio 	python3 	python3-pip 	python3-pexpect 	xz-utils 	debianutils 	iputils-ping 	python3-git 	python3-jinja2 	libegl1-mesa 	libsdl1.2-dev 	python3-subunit 	mesa-common-dev 	zstd 	liblz4-tool 	file 	libacl1 	locales 	sudo 	apt-utils 	nano 	software-properties-common 		lsof 		sysstat 	strace && 	dpkg-reconfigure locales && locale-gen en_US.UTF-8 && update-locale LC_ALL=en_US.UTF-8 LANG=en_US.UTF-8
#7 CACHED

#8 [yocto-container base 3/3] WORKDIR /home/yocto_user/project
#8 CACHED

#9 [yocto-container] exporting to image
#9 exporting layers done
#9 writing image sha256:21565404df72db4a5eaa1d0e0f8cbdb53e7e95691f0baf448273b1102aab590e done
#9 naming to docker.io/library/yocto-image done
#9 DONE 0.0s
CLONING POKY REPO ONLY
 Container 1cd4110ac3bf_yocto-container  Recreate
 Container 1cd4110ac3bf_yocto-container  Recreated
Attaching to yocto-container
Set proxy settings for git
Yocto cloning finish successfully.
Switch the branch.
fatal: reference is not a tree: 4b07a5316ed4b858863dfdb7cab63859d46d1810
yocto-container exited with code 0
/bin/sh: assembly/poky/oe-init-build-env: No such file or directory
