1735194558
0.13 0.25 0.87 105848

1735194559
0.13 0.25 0.87 4036

1735194560
1.01 0.4 0.9 15254

1735194561
1.01 0.4 0.9 91065

1735194562
1.74 0.55 0.93 66455

1735194563
1.74 0.55 0.93 19668

1735194564
2.15 0.67 0.95 52410

1735194565
2.15 0.67 0.95 43564

1735194566
2.48 0.78 0.97 101768

1735194567
2.48 0.78 0.97 68407

1735194568
3.66 1.04 1.03 129982

1735194569
3.66 1.04 1.03 164648

1735194570
5.53 1.47 1.12 152914

1735194571
5.53 1.47 1.12 95585

1735194572
6.7 1.81 1.19 124288

1735194573
6.7 1.81 1.19 65119

1735194574
6.94 2.02 1.24 68327

1735194575
6.94 2.02 1.24 32170

1735194576
6.4 2.08 1.26 52840

1735194577
6.4 2.08 1.26 311854

1735194578
9.05 2.7 1.39 125466

1735194579
9.05 2.7 1.39 25146

1735194580
8.13 2.74 1.41 20076

1735194581
8.13 2.74 1.41 14851

1735194582
6.84 2.68 1.41 9197

1735194583
6.84 2.68 1.41 3512

1735194584
5.6 2.6 1.4 13600

1735194585
5.6 2.6 1.4 14873

1735194586
4.76 2.54 1.39 18630

1735194587
4.76 2.54 1.39 18634

1735194588
4.08 2.49 1.39 7376

1735194589
3.34 2.41 1.38 5410

1735194590
3.34 2.41 1.38 3641

1735194591
2.73 2.33 1.37 10256

1735194592
2.73 2.33 1.37 12768

1735194593
2.73 2.33 1.37 4077

1735194594
2.24 2.26 1.36 8926

1735194595
1.83 2.18 1.35 5892

1735194596
1.83 2.18 1.35 11962

1735194597
1.68 2.14 1.35 20711

1735194599
1.68 2.14 1.35 959

1735194600
1.56 2.1 1.35 17019

1735194601
1.56 2.1 1.35 6733

1735194602
1.27 2.04 1.34 6396

1735194603
1.04 1.97 1.33 13551

1735194604
1.04 1.97 1.33 10138

1735194605
1.04 1.97 1.33 7422

1735194606
1.03 1.94 1.33 20909

1735194607
0.84 1.87 1.32 7

1735194609
0.84 1.87 1.32 12388

1735194610
0.87 1.84 1.31 15151

1735194611
0.71 1.78 1.3 12842

1735194612
0.71 1.78 1.3 8075

1735194613
0.71 1.78 1.3 9291

1735194614
0.76 1.76 1.3 40122

1735194615
0.99 1.76 1.31 20766

1735194616
0.99 1.76 1.31 22565

1735194617
0.99 1.76 1.31 6505

1735194618
0.99 1.74 1.3 61378

1735194619
0.99 1.74 1.3 304358

1735194620
4.25 2.3 1.43 292014

1735194621
4.25 2.3 1.43 351646

1735194622
9.28 3.28 1.63 350265

1735194623
9.28 3.28 1.63 305356

1735194624
13.94 4.31 1.86 586193

1735194625
13.94 4.31 1.86 347049

1735194626
20.47 5.81 2.19 504262

1735194627
20.47 5.81 2.19 714189

1735194628
26.9 7.45 2.56 232349

1735194630
27.28 8.16 2.74 928287

1735194631
27.28 8.16 2.74 709261

1735194632
33.93 9.98 3.16 547487

1735194633
33.93 9.98 3.16 539413

1735194634
38.11 11.52 3.53 629058

1735194635
38.11 11.52 3.53 624347

1735194636
42.8 13.24 3.94 597642

1735194637
42.8 13.24 3.94 772933

1735194638
45.55 14.7 4.31 142421

1735194639
45.55 14.7 4.31 29626

1735194640
38.75 14.48 4.34 41426

1735194641
38.75 14.48 4.34 130140

1735194642
33.9 14.4 4.39 432734

1735194643
33.9 14.4 4.39 711773

1735194644
38.81 15.93 4.78 608616

1735194645
38.81 15.93 4.78 603022

1735194646
43.01 17.43 5.17 569176

1735194647
43.01 17.43 5.17 492895

1735194648
45.0 18.63 5.5 626178

1735194649
45.0 18.63 5.5 312111

1735194650
43.55 19.23 5.72 122293

1735194651
43.55 19.23 5.72 93131

1735194652
37.11 18.86 5.73 41141

1735194653
37.11 18.86 5.73 58941

1735194654
31.11 18.38 5.72 35007

1735194655
31.11 18.38 5.72 66304

1735194656
26.2 17.9 5.71 70483

1735194657
26.2 17.9 5.71 117127

1735194658
23.08 17.61 5.73 27266

1735194659
23.08 17.61 5.73 311097

1735194660
23.25 17.82 5.86 704829

1735194661
23.25 17.82 5.86 347817

1735194662
28.09 18.87 6.16 706461

1735194663
28.09 18.87 6.16 328952

1735194664
33.33 20.12 6.51 654596

1735194665
31.64 20.25 6.63 75795

1735194666
31.64 20.25 6.63 34248

1735194667
31.64 20.25 6.63 64273

1735194668
26.81 19.75 6.61 39321

1735194669
26.81 19.75 6.61 19523

1735194670
22.32 19.17 6.58 11300

1735194671
22.32 19.17 6.58 18109

1735194672
18.45 18.57 6.54 11829

1735194673
18.45 18.57 6.54 50377

1735194674
16.2 18.16 6.54 149453

1735194675
16.2 18.16 6.54 45551

1735194676
14.53 17.8 6.54 64463

1735194677
14.53 17.8 6.54 59167

1735194678
12.98 17.41 6.54 92124

1735194679
12.98 17.41 6.54 67551

1735194680
11.9 17.07 6.54 77437

1735194681
11.9 17.07 6.54 32896

1735194682
10.83 16.71 6.54 131864

1735194683
10.83 16.71 6.54 136576

1735194684
11.22 16.59 6.58 92057

1735194685
11.22 16.59 6.58 155922

1735194686
12.81 16.7 6.68 649085

1735194687
12.81 16.7 6.68 655697

1735194688
22.81 18.38 7.1 715369

1735194689
22.81 18.38 7.1 421458

1735194690
27.73 19.41 7.39 351103

1735194691
27.73 19.41 7.39 327113

1735194692
28.69 19.85 7.56 476429

1735194693
28.69 19.85 7.56 178305

1735194694
29.65 20.32 7.75 344865

1735194695
29.65 20.32 7.75 120663

1735194696
27.36 20.21 7.81 163350

1735194697
27.36 20.21 7.81 130504

1735194698
24.57 19.94 7.84 114479

1735194699
24.57 19.94 7.84 146103

1735194700
22.48 19.71 7.87 111499

1735194701
22.48 19.71 7.87 168356

1735194702
21.3 19.59 7.93 168348

1735194703
21.3 19.59 7.93 63715

1735194704
18.89 19.21 7.93 77628

1735194705
18.89 19.21 7.93 172680

1735194706
18.55 19.14 7.99 159700

1735194707
15.91 18.64 7.96 53685

1735194708
15.91 18.64 7.96 19373

1735194709
15.91 18.64 7.96 17173

1735194710
13.39 18.1 7.92 22332

1735194711
13.39 18.1 7.92 46568

1735194712
11.51 17.6 7.89 68002

1735194713
11.51 17.6 7.89 67211

1735194714
10.69 17.26 7.88 30010

1735194715
10.69 17.26 7.88 28055

1735194716
9.11 16.76 7.84 18124

1735194717
9.11 16.76 7.84 8547

1735194718
7.46 16.21 7.79 9287

1735194719
7.46 16.21 7.79 26716

1735194720
6.29 15.71 7.74 3706

1735194721
6.29 15.71 7.74 12175

1735194722
5.33 15.23 7.7 32556

1735194723
5.33 15.23 7.7 39943

1735194724
5.09 14.86 7.67 55484

1735194725
5.09 14.86 7.67 50265

1735194726
4.89 14.5 7.64 37575

1735194727
4.89 14.5 7.64 28009

1735194728
4.55 14.13 7.61 44336

1735194729
4.55 14.13 7.61 40261

1735194730
4.45 13.8 7.59 36224

1735194731
4.45 13.8 7.59 45359

1735194732
4.18 13.44 7.56 14673

1735194734
3.79 13.07 7.52 36197

1735194735
3.79 13.07 7.52 20463

1735194736
3.28 12.67 7.47 12236

1735194737
3.28 12.67 7.47 33682

1735194738
3.77 12.45 7.46 165013

1735194739
3.77 12.45 7.46 41588

1735194740
4.18 12.24 7.45 57030

1735194741
4.18 12.24 7.45 30063

1735194742
3.96 11.94 7.42 22805

1735194743
3.96 11.94 7.42 45059

1735194744
3.79 11.65 7.39 32635

1735194745
3.79 11.65 7.39 58867

1735194746
3.82 11.4 7.37 47567

1735194747
3.67 11.12 7.34 46514

1735194748
3.67 11.12 7.34 1168

1735194749
3.67 11.12 7.34 25247

1735194750
3.19 10.79 7.29 20973

1735194751
3.19 10.79 7.29 24352

1735194752
2.97 10.5 7.26 9214

1735194753
2.97 10.5 7.26 13281

1735194754
2.61 10.19 7.21 16852

1735194755
2.61 10.19 7.21 15570

1735194756
2.5 9.92 7.18 43659

1735194757
2.5 9.92 7.18 40751

1735194758
2.77 9.73 7.16 33522

1735194759
2.77 9.73 7.16 57100

1735194760
2.99 9.54 7.13 53862

1735194761
2.99 9.54 7.13 54412

1735194762
3.54 9.42 7.13 49069

1735194763
3.54 9.42 7.13 98170

1735194764
4.71 9.44 7.15 168503

1735194765
4.71 9.44 7.15 47454

1735194766
5.12 9.36 7.14 93727

1735194767
5.12 9.36 7.14 68915

1735194768
5.46 9.29 7.14 233794

1735194769
5.46 9.29 7.14 159401

1735194770
7.73 9.57 7.22 115039

1735194771
7.73 9.57 7.22 96624

1735194772
9.05 9.75 7.27 194909

1735194773
9.05 9.75 7.27 171763

1735194774
10.49 9.99 7.34 170430

1735194775
10.49 9.99 7.34 178005

1735194776
11.67 10.21 7.4 317594

1735194777
11.67 10.21 7.4 711052

1735194778
21.87 12.11 7.82 704157

1735194779
21.87 12.11 7.82 369566

1735194780
24.61 12.92 8.02 178768

1735194781
24.61 12.92 8.02 112536

1735194782
23.96 13.18 8.11 502736

1735194783
23.96 13.18 8.11 718655

1735194784
33.02 15.17 8.56 854721

1735194785
33.02 15.17 8.56 872507

1735194786
41.89 17.36 9.06 732124

1735194787
41.89 17.36 9.06 722892

1735194788
47.35 19.15 9.49 727511

1735194789
47.35 19.15 9.49 546246

1735194790
48.91 20.35 9.81 511507

1735194791
48.91 20.35 9.81 663396

1735194792
50.02 21.49 10.12 492128

1735194793
50.02 21.49 10.12 553379

1735194794
50.19 22.45 10.4 335172

1735194795
50.19 22.45 10.4 312769

1735194796
46.9 22.77 10.55 398756

1735194797
46.9 22.77 10.55 386920

1735194798
44.74 23.17 10.71 329739

1735194799
44.74 23.17 10.71 339583

1735194800
42.79 23.52 10.87 283447

1735194801
42.79 23.52 10.87 347054

1735194802
40.66 23.76 11.01 320136

1735194803
40.66 23.76 11.01 282385

1735194804
38.91 24.0 11.15 344825

1735194805
38.91 24.0 11.15 201738

1735194806
34.75 23.74 11.18 56137

1735194807
34.75 23.74 11.18 54447

1735194808
29.36 23.13 11.14 42707

1735194809
29.36 23.13 11.14 120561

1735194810
25.67 22.66 11.12 66649

1735194812
21.75 22.05 11.07 88733

1735194813
21.75 22.05 11.07 5744

1735194814
17.81 21.33 11.0 1262

1735194815
17.81 21.33 11.0 34270

1735194816
14.76 20.67 10.93 5194

1735194817
14.76 20.67 10.93 53507

1735194818
14.08 20.35 10.93 303750

1735194819
14.08 20.35 10.93 676692

1735194820
19.32 21.09 11.15 238614

1735194821
19.32 21.09 11.15 281103

1735194822
22.34 21.58 11.32 670452

1735194823
23.36 21.79 11.43 174390

1735194824
23.36 21.79 11.43 307642

1735194825
23.36 21.79 11.43 16891

1735194826
22.03 21.6 11.46 6445

1735194827
22.03 21.6 11.46 393671

1735194828
21.66 21.55 11.52 21046

1735194829
21.66 21.55 11.52 423644

1735194830
23.35 21.85 11.66 330856

1735194831
23.35 21.85 11.66 644562

1735194832
26.73 22.51 11.86 287457

1735194833
26.73 22.51 11.86 9534

1735194834
23.88 22.14 11.86 278312

1735194835
23.88 22.14 11.86 132681

1735194836
24.99 22.39 11.98 403564

1735194837
24.99 22.39 11.98 1200942

1735194838
33.5 24.02 12.39 66447

1735194839
33.5 24.02 12.39 554910

1735194840
32.69 24.18 12.51 84079

1735194841
32.69 24.18 12.51 375220

1735194842
31.11 24.17 12.58 172891

1735194843
31.11 24.17 12.58 18594

1735194844
26.56 23.58 12.54 164427

1735194846
24.47 23.3 12.56 164804

1735194847
24.47 23.3 12.56 382032

1735194848
23.66 23.19 12.61 31286

1735194849
23.66 23.19 12.61 565404

1735194850
26.98 23.8 12.81 360676

1735194851
26.98 23.8 12.81 16955

1735194852
23.18 23.22 12.76 26110

1735194853
20.79 22.79 12.74 205856

1735194854
20.79 22.79 12.74 16587

1735194856
17.93 22.21 12.69 105427

1735194857
17.93 22.21 12.69 75547

1735194858
15.77 21.68 12.64 34484

1735194859
15.77 21.68 12.64 692

1735194860
13.09 21.0 12.56 22055

1735194861
13.09 21.0 12.56 87754

1735194862
12.17 20.57 12.53 73161

1735194863
12.17 20.57 12.53 20777

1735194864
10.32 19.96 12.46 43842

1735194866
8.63 19.34 12.38 17926

1735194867
7.43 18.78 12.31 49383

1735194868
7.43 18.78 12.31 1015

1735194869
6.27 18.19 12.23 30773

1735194870
6.27 18.19 12.23 59311

1735194871
6.27 18.19 12.23 388083

1735194872
9.48 18.38 12.31 294201

1735194873
12.29 18.6 12.4 271468

1735194874
12.29 18.6 12.4 608389

1735194876
15.5 18.97 12.52 330229

1735194878
17.22 19.17 12.61 194793

1735194879
17.22 19.17 12.61 19112

1735194880
14.46 18.61 12.53 25770

1735194881
14.46 18.61 12.53 40985

1735194882
14.46 18.61 12.53 49281

1735194883
12.56 18.13 12.47 17387

1735194884
12.56 18.13 12.47 16438

1735194885
10.47 17.57 12.4 4979

1735194886
8.75 17.03 12.32 34613

1735194887
8.75 17.03 12.32 28099

1735194888
7.53 16.53 12.25 26242

1735194889
7.53 16.53 12.25 23608

1735194890
7.53 16.53 12.25 27319

1735194891
6.71 16.09 12.18 46170

1735194892
5.67 15.6 12.11 13672

1735194893
5.67 15.6 12.11 9623

1735194894
4.82 15.12 12.03 24346

1735194895
4.82 15.12 12.03 14960

1735194897
4.31 14.69 11.96 43906

1735194898
3.89 14.27 11.89 37070

1735194899
3.89 14.27 11.89 13109

1735194900
3.37 13.84 11.82 11457

1735194901
3.37 13.84 11.82 145610

1735194902
7.83 14.3 11.93 421684

1735194903
7.83 14.3 11.93 106140

1735194904
7.31 14.0 11.88 11980

1735194905
7.31 14.0 11.88 47665

1735194906
6.53 13.64 11.82 26727

1735194907
6.53 13.64 11.82 29828

1735194908
6.53 13.64 11.82 31544

1735194909
5.89 13.29 11.76 22033

1735194910
5.18 12.92 11.69 28711

1735194911
5.18 12.92 11.69 32294

1735194912
5.18 12.92 11.69 25149

1735194913
4.79 12.59 11.63 50830

1735194914
4.79 12.59 11.63 4559

1735194915
4.46 12.28 11.57 48346

1735194916
4.2 11.98 11.52 40557

1735194917
4.2 11.98 11.52 24945

1735194918
3.8 11.65 11.45 26890

1735194919
3.8 11.65 11.45 3938

1735194920
4.02 11.43 11.41 152741

1735194922
4.02 11.43 11.41 118342

1735194923
5.28 11.42 11.4 183524

1735194924
5.28 11.42 11.4 91694

1735194925
6.32 11.4 11.4 402043

1735194926
6.32 11.4 11.4 629882

1735194927
16.22 13.03 11.74 666683

1735194928
16.22 13.03 11.74 579072

1735194929
23.79 14.5 12.06 572812

1735194930
23.79 14.5 12.06 697229

1735194931
30.89 16.08 12.4 587094

1735194932
30.89 16.08 12.4 719454

1735194933
36.53 17.59 12.74 484429

1735194934
36.53 17.59 12.74 586947

1735194935
40.96 19.01 13.07 654172

1735194936
40.96 19.01 13.07 694055

1735194937
45.68 20.58 13.44 659592

1735194938
45.68 20.58 13.44 652992

1735194939
48.99 22.0 13.79 674374

1735194940
48.99 22.0 13.79 879453

1735194941
54.97 23.96 14.25 747431

1735194942
54.97 23.96 14.25 619100

1735194943
56.43 25.24 14.59 591569

1735194944
56.43 25.24 14.59 329000

1735194945
52.72 25.59 14.73 332290

1735194946
52.72 25.59 14.73 715527

1735194947
54.4 26.78 15.06 412675

1735194948
54.4 26.78 15.06 145803

1735194949
47.27 26.4 15.06 79495

1735194950
47.27 26.4 15.06 80019

1735194951
39.97 25.76 15.0 60111

1735194952
39.97 25.76 15.0 100955

1735194953
34.36 25.21 14.96 95247

1735194954
34.36 25.21 14.96 94987

1735194955
29.58 24.65 14.91 67378

1735194956
29.58 24.65 14.91 59614

1735194957
25.13 24.01 14.84 245843

1735194958
25.13 24.01 14.84 409793

1735194959
27.28 24.43 15.0 166395

1735194960
27.28 24.43 15.0 624126

1735194961
31.03 25.2 15.22 678079

1735194962
31.03 25.2 15.22 685234

1735194963
37.37 26.54 15.57 649771

1735194964
34.94 26.45 15.63 115186

1735194965
34.94 26.45 15.63 62711

1735194966
34.94 26.45 15.63 383657

1735194967
35.31 26.8 15.77 776453

1735194968
35.31 26.8 15.77 706620

1735194969
42.14 28.31 16.16 679146

1735194970
42.14 28.31 16.16 244346

1735194971
41.03 28.56 16.3 244778

1735194972
41.03 28.56 16.3 316484

1735194973
40.66 28.9 16.46 727018

1735194974
40.66 28.9 16.46 662258

1735194975
45.43 30.15 16.8 650981

1735194976
45.43 30.15 16.8 433521

1735194977
46.44 30.83 17.04 641581

1735194978
46.44 30.83 17.04 717720

1735194979
50.71 32.11 17.4 650040

1735194980
50.71 32.11 17.4 666320

1735194981
53.29 33.19 17.72 676170

1735194982
53.29 33.19 17.72 865825

1735194983
58.49 34.79 18.16 784477

1735194984
58.49 34.79 18.16 665044

1735194985
60.22 35.87 18.5 722735

1735194986
60.22 35.87 18.5 686437

1735194987
61.81 36.96 18.85 715530

1735194988
61.81 36.96 18.85 651624

1735194989
62.57 37.91 19.17 662327

1735194990
62.57 37.91 19.17 665020

1735194991
63.73 38.92 19.51 817572

1735194992
63.73 38.92 19.51 863312

1735194993
68.13 40.53 19.98 924317

1735194994
68.13 40.53 19.98 887295

1735194995
71.91 42.12 20.45 887693

1735194996
71.91 42.12 20.45 871161

1735194997
74.46 43.55 20.9 897915

1735194998
74.46 43.55 20.9 710098

1735194999
75.64 44.78 21.31 868133

1735195000
75.64 44.78 21.31 854221

1735195001
77.34 46.09 21.75 852511

1735195002
77.34 46.09 21.75 829918

1735195003
78.36 47.3 22.17 838197

1735195004
78.36 47.3 22.17 843644

1735195005
79.56 48.53 22.6 855339

1735195006
79.56 48.53 22.6 841480

1735195007
80.37 49.69 23.02 829291

1735195008
80.37 49.69 23.02 832527

1735195009
80.84 50.78 23.43 848560

1735195010
80.84 50.78 23.43 853269

1735195011
81.23 51.84 23.83 831161

1735195012
81.23 51.84 23.83 844385

1735195013
81.73 52.89 24.25 868876

1735195014
81.73 52.89 24.25 865030

1735195015
82.51 53.97 24.67 868215

1735195016
82.51 53.97 24.67 884333

1735195017
83.32 55.05 25.09 876602

1735195018
83.32 55.05 25.09 839396

1735195019
83.62 56.03 25.5 868404

1735195020
83.62 56.03 25.5 874937

1735195021
84.42 57.08 25.93 849193

1735195022
84.42 57.08 25.93 740140

1735195023
81.98 57.54 26.24 655064

1735195024
81.98 57.54 26.24 811489

1735195025
81.62 58.27 26.61 863508

1735195026
81.62 58.27 26.61 851633

1735195027
82.23 59.14 27.01 864577

1735195028
82.23 59.14 27.01 872100

1735195029
82.55 59.96 27.4 777906

1735195030
82.55 59.96 27.4 623809

1735195031
79.19 60.09 27.65 617060

1735195032
79.19 60.09 27.65 755004

1735195033
78.97 60.68 27.99 866058

1735195034
78.97 60.68 27.99 765536

1735195035
77.53 61.01 28.29 485686

1735195036
77.53 61.01 28.29 717471

1735195037
76.16 61.31 28.57 875779

1735195038
76.16 61.31 28.57 679080

1735195039
73.6 61.33 28.8 382580

1735195040
73.6 61.33 28.8 342502

1735195041
68.78 60.86 28.92 781577

1735195042
68.78 60.86 28.92 704064

1735195043
69.0 61.16 29.2 666753

1735195044
69.0 61.16 29.2 605557

1735195045
67.91 61.22 29.44 635455

1735195046
67.91 61.22 29.44 630999

1735195047
65.21 60.95 29.6 325660

1735195048
65.21 60.95 29.6 540383

1735195049
63.18 60.72 29.76 727478

1735195053
61.03 60.51 30.14 2888119

1735195054
61.03 60.51 30.14 889341

1735195055
66.09 61.44 30.54 490151

1735195056
66.09 61.44 30.54 576113

1735195057
63.72 61.16 30.7 663472

1735195058
63.72 61.16 30.7 655336

1735195059
64.13 61.32 30.94 691150

1735195060
64.13 61.32 30.94 672335

1735195061
64.65 61.51 31.19 674330

1735195062
64.65 61.51 31.19 677588

1735195063
65.08 61.69 31.43 606692

1735195064
64.34 61.66 31.63 752105

1735195065
64.34 61.66 31.63 333825

1735195066
64.34 61.66 31.63 667113

1735195067
62.83 61.48 31.8 605728

1735195068
62.83 61.48 31.8 498778

1735195069
61.23 61.23 31.95 264114

1735195070
61.23 61.23 31.95 165490

1735195071
53.94 59.92 31.88 175262

1735195072
53.94 59.92 31.88 214076

1735195073
47.61 58.58 31.79 206150

1735195074
47.61 58.58 31.79 474946

1735195075
45.5 57.84 31.82 657105

1735195076
45.5 57.84 31.82 713536

1735195077
49.58 58.17 32.07 661366

1735195078
52.55 58.43 32.3 762644

1735195079
52.55 58.43 32.3 610006

1735195080
55.17 58.71 32.54 770470

1735195081
55.17 58.71 32.54 453819

1735195082
55.17 58.71 32.54 701693

1735195083
56.22 58.78 32.73 381614

1735195084
56.22 58.78 32.73 536716

1735195085
54.19 58.33 32.81 290022

1735195086
54.19 58.33 32.81 317743

1735195087
49.81 57.4 32.79 267802

1735195088
49.81 57.4 32.79 342916

1735195089
46.22 56.51 32.77 292288

1735195090
46.22 56.51 32.77 283013

1735195091
42.92 55.57 32.74 443835

1735195092
42.92 55.57 32.74 893032

1735195093
48.0 56.08 33.0 944935

1735195094
48.0 56.08 33.0 957848

1735195095
56.52 57.35 33.43 964639

1735195096
56.52 57.35 33.43 994179

1735195097
64.03 58.68 33.87 963006

1735195098
64.03 58.68 33.87 891416

1735195099
68.91 59.74 34.26 848118

1735195100
68.91 59.74 34.26 812425

1735195101
71.28 60.47 34.59 549381

1735195102
71.28 60.47 34.59 403542

1735195103
66.16 59.9 34.64 667543

1735195104
66.16 59.9 34.64 804697

1735195105
68.3 60.49 34.94 815684

1735195106
68.3 60.49 34.94 759392

1735195107
70.06 61.06 35.23 743046

1735195108
70.06 61.06 35.23 762005

1735195109
70.95 61.52 35.51 912818

1735195110
70.95 61.52 35.51 763774

1735195111
73.14 62.22 35.83 828128

1735195112
73.14 62.22 35.83 808479

1735195113
74.74 62.87 36.15 773169

1735195114
74.74 62.87 36.15 694707

1735195115
74.42 63.2 36.4 862776

1735195116
74.42 63.2 36.4 628448

1735195117
74.53 63.58 36.66 925033

1735195118
74.53 63.58 36.66 953414

1735195119
78.05 64.58 37.06 990603

1735195120
78.05 64.58 37.06 972841

1735195121
81.67 65.67 37.47 968214

1735195122
81.67 65.67 37.47 991692

1735195123
84.44 66.7 37.88 985589

1735195124
84.44 66.7 37.88 986752

1735195125
86.9 67.72 38.29 960728

1735195126
86.9 67.72 38.29 982410

1735195127
88.73 68.68 38.69 1019099

1735195128
88.73 68.68 38.69 943317

1735195129
90.23 69.61 39.09 948138

1735195130
90.23 69.61 39.09 921073

1735195131
90.91 70.41 39.47 990887

1735195132
90.91 70.41 39.47 977859

1735195133
92.01 71.28 39.86 978922

1735195134
92.01 71.28 39.86 994391

1735195135
93.1 72.15 40.26 982523

1735195136
93.1 72.15 40.26 986442

1735195137
93.98 73.0 40.65 991773

1735195138
93.98 73.0 40.65 996904

1735195139
94.89 73.85 41.05 995818

1735195140
94.89 73.85 41.05 995980

1735195141
95.64 74.67 41.45 990808

1735195142
95.64 74.67 41.45 987397

1735195143
95.88 75.4 41.83 939102

1735195144
95.88 75.4 41.83 946042

1735195145
95.72 76.04 42.19 990746

1735195146
95.72 76.04 42.19 995554

1735195147
96.31 76.79 42.58 992659

1735195148
96.31 76.79 42.58 964353

1735195366
0.0 1.73 19.62 936463

1735195439
0.0 0.0 0.97 3588999

