1735194558
1.24 2.8 31.84 96713

1735194559
1.24 2.8 31.84 38821

1735194560
2.1 2.91 31.67 81057

1735194561
2.1 2.91 31.67 310508

1735194562
5.89 3.56 31.61 555779

1735194563
5.89 3.56 31.61 161621

1735194564
10.44 4.46 31.6 3096

1735194565
10.44 4.46 31.6 992

1735194566
8.54 4.31 31.39 64958

1735194567
8.54 4.31 31.39 15120

1735194568
7.9 4.34 31.2 262097

1735194569
7.9 4.34 31.2 206382

1735194570
10.45 4.92 31.14 208608

1735194571
10.45 4.92 31.14 244932

1735194572
12.36 5.44 31.07 13185

1735194573
12.36 5.44 31.07 426851

1735194574
14.29 6.02 31.02 239333

1735194575
14.29 6.02 31.02 278018

1735194576
16.41 6.67 30.98 74707

1735194577
16.41 6.67 30.98 20844

1735194578
14.16 6.58 30.8 93322

1735194579
14.16 6.58 30.8 11983

1735194580
12.14 6.46 30.61 282713

1735194581
12.14 6.46 30.61 357556

1735194582
16.64 7.46 30.65 370075

1735194583
16.64 7.46 30.65 538660

1735194584
21.96 8.72 30.76 543428

1735194585
21.96 8.72 30.76 513062

1735194586
26.86 10.04 30.88 232045

1735194587
26.86 10.04 30.88 137493

1735194588
25.61 10.37 30.81 1106430

1735194589
33.29 12.25 31.06 368999

1735194590
33.29 12.25 31.06 597820

1735194591
39.04 13.98 31.29 945923

1735194592
39.04 13.98 31.29 460002

1735194593
39.04 13.98 31.29 618593

1735194594
45.37 15.94 31.58 1207905

1735194595
50.19 17.78 31.86 619474

1735194596
50.19 17.78 31.86 624074

1735194597
51.79 19.13 32.05 1017936

1735194599
51.79 19.13 32.05 107759

1735194600
52.19 20.27 32.2 1254277

1735194601
52.19 20.27 32.2 568681

1735194602
57.04 22.19 32.52 917662

1735194603
59.93 23.85 32.79 737790

1735194604
59.93 23.85 32.79 485802

1735194605
59.93 23.85 32.79 633697

1735194606
60.49 25.13 33.0 1251644

1735194607
60.22 26.24 33.18 17563

1735194609
60.22 26.24 33.18 871744

1735194610
59.81 27.28 33.35 959366

1735194611
60.57 28.48 33.56 1024947

1735194612
60.57 28.48 33.56 387834

1735194613
60.57 28.48 33.56 564901

1735194614
62.1 29.81 33.8 605046

1735194615
60.09 30.5 33.92 468862

1735194616
60.09 30.5 33.92 396656

1735194617
60.09 30.5 33.92 684457

1735194618
59.89 31.43 34.09 519433

1735194619
59.89 31.43 34.09 338534

1735194620
55.92 31.65 34.12 133379

1735194621
55.92 31.65 34.12 310374

1735194622
50.14 31.4 34.05 328399

1735194623
50.14 31.4 34.05 435021

1735194624
47.76 31.58 34.07 240562

1735194625
47.76 31.58 34.07 415106

1735194626
45.44 31.69 34.07 336485

1735194627
45.44 31.69 34.07 242052

1735194628
41.56 31.44 34.01 411197

1735194630
42.0 31.85 34.07 600672

1735194631
42.0 31.85 34.07 205342

1735194632
37.47 31.36 33.96 103003

1735194633
37.47 31.36 33.96 82370

1735194634
31.95 30.57 33.77 7569

1735194635
31.95 30.57 33.77 37101

1735194636
26.52 29.63 33.55 9132

1735194637
26.52 29.63 33.55 76326

1735194638
22.62 28.83 33.36 251255

1735194639
22.62 28.83 33.36 111165

1735194640
21.42 28.41 33.24 28294

1735194641
21.42 28.41 33.24 205890

1735194642
20.26 27.97 33.12 93870

1735194643
20.26 27.97 33.12 15069

1735194644
17.13 27.15 32.91 38983

1735194645
17.13 27.15 32.91 723

1735194646
14.03 26.26 32.68 116684

1735194647
14.03 26.26 32.68 136293

1735194648
13.66 25.79 32.54 2035

1735194649
13.66 25.79 32.54 54115

1735194650
11.73 25.05 32.34 12963

1735194651
11.73 25.05 32.34 17803

1735194652
9.96 24.29 32.13 204258

1735194653
9.96 24.29 32.13 359493

1735194654
13.41 24.45 32.11 421801

1735194655
13.41 24.45 32.11 445755

1735194656
20.04 25.28 32.23 542119

1735194657
20.04 25.28 32.23 298129

1735194658
23.65 25.77 32.29 582990

1735194659
23.65 25.77 32.29 404529

1735194660
27.34 26.36 32.37 337461

1735194661
27.34 26.36 32.37 376911

1735194662
29.81 26.84 32.43 598378

1735194663
29.81 26.84 32.43 106361

1735194664
29.48 26.88 32.4 218875

1735194665
33.56 27.7 32.53 876383

1735194666
33.56 27.7 32.53 272921

1735194667
33.56 27.7 32.53 412223

1735194668
34.55 28.07 32.57 390841

1735194669
34.55 28.07 32.57 400622

1735194670
34.81 28.33 32.6 375536

1735194671
34.81 28.33 32.6 550976

1735194672
37.2 28.97 32.7 657882

1735194673
37.2 28.97 32.7 124626

1735194674
36.8 29.17 32.72 29931

1735194675
36.8 29.17 32.72 22893

1735194676
30.31 28.25 32.5 3371

1735194677
30.31 28.25 32.5 9384

1735194678
24.82 27.32 32.28 20170

1735194679
24.82 27.32 32.28 78006

1735194680
21.05 26.56 32.09 174148

1735194681
21.05 26.56 32.09 270005

1735194682
21.58 26.48 32.03 61717

1735194683
21.58 26.48 32.03 81411

1735194684
19.12 25.87 31.87 734735

1735194685
19.12 25.87 31.87 108175

1735194686
23.81 26.5 31.96 245004

1735194687
23.81 26.5 31.96 160748

1735194688
22.21 26.12 31.84 105827

1735194689
22.21 26.12 31.84 55360

1735194690
19.09 25.43 31.66 5042

1735194691
19.09 25.43 31.66 11452

1735194692
15.63 24.6 31.44 26848

1735194693
15.63 24.6 31.44 45729

1735194694
13.52 23.92 31.25 30204

1735194695
13.52 23.92 31.25 13815

1735194696
11.25 23.17 31.04 5019

1735194697
11.25 23.17 31.04 29672

1735194698
12.29 22.97 30.95 345682

1735194699
12.29 22.97 30.95 88602

1735194700
11.52 22.48 30.79 42195

1735194701
11.52 22.48 30.79 70944

1735194702
11.06 22.04 30.64 318948

1735194703
11.06 22.04 30.64 678828

1735194704
19.74 23.25 30.83 375177

1735194705
19.74 23.25 30.83 231995

1735194706
19.24 23.04 30.74 199080

1735194707
20.65 23.17 30.71 459644

1735194708
20.65 23.17 30.71 240026

1735194709
20.65 23.17 30.71 326108

1735194710
23.07 23.53 30.74 76656

1735194711
23.07 23.53 30.74 25495

1735194712
19.07 22.79 30.53 82291

1735194713
19.07 22.79 30.53 99094

1735194714
17.42 22.37 30.39 88266

1735194715
17.42 22.37 30.39 115321

1735194716
16.44 22.03 30.27 125853

1735194717
16.44 22.03 30.27 514639

1735194718
19.8 22.46 30.3 234398

1735194719
19.8 22.46 30.3 241878

1735194720
19.84 22.37 30.23 277312

1735194721
19.84 22.37 30.23 318025

1735194722
22.22 22.72 30.25 375534

1735194723
22.22 22.72 30.25 144984

1735194724
21.09 22.5 30.15 6729

1735194725
21.09 22.5 30.15 20865

1735194726
17.45 21.8 29.95 6477

1735194727
17.45 21.8 29.95 30911

1735194728
14.65 21.15 29.76 111451

1735194729
14.65 21.15 29.76 40264

1735194730
13.26 20.69 29.6 309451

1735194731
13.26 20.69 29.6 87285

1735194732
14.48 20.66 29.54 152578

1735194734
14.76 20.51 29.44 267403

1735194735
14.76 20.51 29.44 527157

1735194736
19.33 21.15 29.52 354319

1735194737
19.33 21.15 29.52 27198

1735194738
17.46 20.75 29.38 41999

1735194739
17.46 20.75 29.38 26429

1735194740
14.84 20.17 29.2 3729

1735194741
14.84 20.17 29.2 1773

1735194742
12.15 19.51 29.0 3389

1735194743
12.15 19.51 29.0 36665

1735194744
10.31 18.94 28.81 46508

1735194745
10.31 18.94 28.81 71136

1735194746
9.35 18.48 28.65 29401

1735194747
13.63 18.96 28.68 895535

1735194748
13.63 18.96 28.68 51636

1735194749
13.63 18.96 28.68 420499

1735194750
19.49 19.84 28.8 458871

1735194751
19.49 19.84 28.8 400897

1735194752
23.03 20.47 28.87 328331

1735194753
23.03 20.47 28.87 233152

1735194754
22.48 20.45 28.8 7030

1735194755
22.48 20.45 28.8 470

1735194756
18.4 19.78 28.61 6864

1735194757
18.4 19.78 28.61 0

1735194758
15.07 19.13 28.41 5616

1735194759
15.07 19.13 28.41 1636

1735194760
12.7 18.57 28.23 53166

1735194761
12.7 18.57 28.23 104202

1735194762
11.49 18.16 28.08 107212

1735194763
11.49 18.16 28.08 123674

1735194764
11.22 17.89 27.95 161296

1735194765
11.22 17.89 27.95 239359

1735194766
14.44 18.26 27.96 332012

1735194767
14.44 18.26 27.96 282098

1735194768
17.62 18.71 27.99 402014

1735194769
17.62 18.71 27.99 507009

1735194770
21.31 19.34 28.06 96625

1735194771
21.31 19.34 28.06 11501

1735194772
17.63 18.74 27.87 6938

1735194773
17.63 18.74 27.87 39312

1735194774
14.8 18.19 27.7 16305

1735194775
14.8 18.19 27.7 7214

1735194776
12.48 17.66 27.52 42857

1735194777
12.48 17.66 27.52 10417

1735194778
10.4 17.11 27.34 12454

1735194779
10.4 17.11 27.34 28876

1735194780
8.69 16.59 27.16 33433

1735194781
8.69 16.59 27.16 189527

1735194782
9.11 16.4 27.05 63790

1735194783
9.11 16.4 27.05 66174

1735194784
8.37 16.03 26.9 7362

1735194785
8.37 16.03 26.9 12017

1735194786
6.85 15.51 26.71 8482

1735194787
6.85 15.51 26.71 19710

1735194788
5.79 15.03 26.54 17991

1735194789
5.79 15.03 26.54 17825

1735194790
4.92 14.57 26.36 7328

1735194791
4.92 14.57 26.36 16432

1735194792
4.21 14.13 26.19 19838

1735194793
4.21 14.13 26.19 14160

1735194794
3.63 13.7 26.02 5844

1735194795
3.63 13.7 26.02 6332

1735194796
3.15 13.28 25.84 23668

1735194797
3.15 13.28 25.84 32906

1735194798
3.12 12.94 25.69 43771

1735194799
3.12 12.94 25.69 12938

1735194800
3.1 12.62 25.53 132431

1735194801
3.1 12.62 25.53 36040

1735194802
3.62 12.4 25.4 33456

1735194803
3.62 12.4 25.4 28249

1735194804
3.33 12.06 25.24 11241

1735194805
3.33 12.06 25.24 318537

1735194806
8.16 12.65 25.27 402350

1735194807
8.16 12.65 25.27 442685

1735194808
15.38 13.8 25.43 711590

1735194809
15.38 13.8 25.43 270476

1735194810
20.92 14.86 25.57 620678

1735194812
27.09 16.17 25.77 1291048

1735194813
27.09 16.17 25.77 748977

1735194814
36.68 18.26 26.14 660695

1735194815
36.68 18.26 26.14 1228250

1735194816
43.8 20.15 26.48 656992

1735194817
43.8 20.15 26.48 455983

1735194818
48.73 21.81 26.79 540349

1735194819
48.73 21.81 26.79 979164

1735194820
50.95 23.09 27.02 399248

1735194821
50.95 23.09 27.02 440244

1735194822
51.68 24.14 27.21 1011775

1735194823
55.91 25.8 27.54 845303

1735194824
55.91 25.8 27.54 537058

1735194825
55.91 25.8 27.54 610611

1735194826
57.73 27.12 27.8 517564

1735194827
57.73 27.12 27.8 762002

1735194828
58.69 28.29 28.04 465881

1735194829
58.69 28.29 28.04 968162

1735194830
60.92 29.69 28.34 356922

1735194831
60.92 29.69 28.34 773360

1735194832
58.76 30.32 28.48 342991

1735194833
58.76 30.32 28.48 800934

1735194834
60.79 31.62 28.76 678948

1735194835
60.79 31.62 28.76 480780

1735194836
60.47 32.51 28.97 557661

1735194837
60.47 32.51 28.97 662507

1735194838
58.57 33.09 29.11 729085

1735194839
58.57 33.09 29.11 905124

1735194840
61.73 34.49 29.43 325104

1735194841
61.73 34.49 29.43 825158

1735194842
60.87 35.23 29.62 265279

1735194843
60.87 35.23 29.62 942437

1735194844
62.88 36.43 29.91 932346

1735194846
63.63 37.43 30.17 741840

1735194847
63.63 37.43 30.17 829028

1735194848
62.43 38.07 30.35 766865

1735194849
62.43 38.07 30.35 481788

1735194850
61.99 38.79 30.55 810993

1735194851
61.99 38.79 30.55 486215

1735194852
62.89 39.71 30.8 679829

1735194853
60.01 39.95 30.91 1001884

1735194854
60.01 39.95 30.91 14202

1735194856
60.37 40.67 31.13 908176

1735194857
60.37 40.67 31.13 793333

1735194858
60.12 41.27 31.32 857864

1735194859
60.12 41.27 31.32 572220

1735194860
63.72 42.54 31.65 766924

1735194861
63.72 42.54 31.65 694397

1735194862
63.23 43.14 31.85 474196

1735194863
63.23 43.14 31.85 621561

1735194864
65.0 44.12 32.13 1816573

1735194866
64.63 44.74 32.34 546480

1735194867
65.06 45.46 32.58 1362241

1735194868
65.06 45.46 32.58 97635

1735194869
67.59 46.56 32.9 1035348

1735194870
67.59 46.56 32.9 523688

1735194871
67.59 46.56 32.9 449627

1735194872
64.58 46.71 33.02 488464

1735194873
63.03 47.01 33.18 820318

1735194874
63.03 47.01 33.18 875348

1735194876
60.48 47.08 33.29 325649

1735194878
58.58 47.17 33.4 828282

1735194879
58.58 47.17 33.4 582708

1735194880
61.01 47.98 33.67 781655

1735194881
61.01 47.98 33.67 405519

1735194882
61.01 47.98 33.67 670703

1735194883
60.1 48.25 33.82 666198

1735194884
60.1 48.25 33.82 414255

1735194885
60.45 48.7 34.01 1306453

1735194886
65.26 49.95 34.37 915399

1735194887
65.26 49.95 34.37 329445

1735194888
64.48 50.31 34.56 821759

1735194889
64.48 50.31 34.56 681387

1735194890
64.48 50.31 34.56 154803

1735194891
63.49 50.6 34.72 1036494

1735194892
64.49 51.2 34.96 629436

1735194893
64.49 51.2 34.96 413317

1735194894
64.94 51.72 35.18 1423855

1735194895
64.94 51.72 35.18 72532

1735194897
66.58 52.44 35.44 1451092

1735194898
67.2 53.02 35.68 892459

1735194899
67.2 53.02 35.68 560141

1735194900
70.06 54.0 36.0 1093871

1735194901
70.06 54.0 36.0 442440

1735194902
68.24 54.2 36.17 687506

1735194903
68.24 54.2 36.17 739447

1735194904
67.47 54.52 36.36 614149

1735194905
67.47 54.52 36.36 709453

1735194906
66.11 54.7 36.52 521580

1735194907
66.11 54.7 36.52 321693

1735194908
66.11 54.7 36.52 593602

1735194909
64.46 54.77 36.66 972566

1735194910
66.37 55.43 36.92 695286

1735194911
66.37 55.43 36.92 809436

1735194912
66.37 55.43 36.92 482502

1735194913
66.3 55.78 37.12 766558

1735194914
66.3 55.78 37.12 497441

1735194915
67.33 56.31 37.36 726855

1735194916
68.72 56.92 37.62 1158068

1735194917
68.72 56.92 37.62 462705

1735194918
68.59 57.28 37.82 911991

1735194919
68.59 57.28 37.82 483663

1735194920
67.21 57.41 37.98 870787

1735194922
67.21 57.41 37.98 386350

1735194923
61.92 56.77 37.98 247905

1735194924
61.92 56.77 37.98 463037

1735194925
57.77 56.19 37.99 367741

1735194926
57.77 56.19 37.99 255258

1735194927
51.83 55.17 37.9 226141

1735194928
51.83 55.17 37.9 256003

1735194929
46.97 54.18 37.81 209019

1735194930
46.97 54.18 37.81 216867

1735194931
41.9 53.03 37.68 150117

1735194932
41.9 53.03 37.68 391304

1735194933
38.84 52.11 37.6 155066

1735194934
38.84 52.11 37.6 149360

1735194935
34.7 50.93 37.45 99688

1735194936
34.7 50.93 37.45 41067

1735194937
29.32 49.43 37.23 9266

1735194938
29.32 49.43 37.23 38124

1735194939
24.73 47.94 37.0 78281

1735194940
24.73 47.94 37.0 22410

1735194941
20.61 46.44 36.76 4023

1735194942
20.61 46.44 36.76 18086

1735194943
17.06 44.95 36.52 23851

1735194944
17.06 44.95 36.52 29226

1735194945
14.51 43.58 36.29 39125

1735194946
14.51 43.58 36.29 10266

1735194947
12.06 42.18 36.04 10635

1735194948
12.06 42.18 36.04 31401

1735194949
10.6 40.93 35.83 53293

1735194950
10.6 40.93 35.83 37261

1735194951
9.04 39.66 35.59 72304

1735194952
9.04 39.66 35.59 111588

1735194953
9.4 38.72 35.43 121159

1735194954
9.4 38.72 35.43 119669

1735194955
9.87 37.85 35.27 114394

1735194956
9.87 37.85 35.27 123273

1735194957
10.43 37.03 35.11 527627

1735194958
10.43 37.03 35.11 358803

1735194959
17.78 37.49 35.22 653900

1735194960
17.78 37.49 35.22 294006

1735194961
21.99 37.61 35.26 238885

1735194962
21.99 37.61 35.26 140105

1735194963
20.9 36.9 35.13 341562

1735194964
25.08 37.13 35.19 602012

1735194965
25.08 37.13 35.19 260757

1735194966
25.08 37.13 35.19 334386

1735194967
25.79 36.87 35.15 27158

1735194968
25.79 36.87 35.15 20649

1735194969
21.66 35.76 34.93 29669

1735194970
21.66 35.76 34.93 14398

1735194971
17.92 34.62 34.7 23600

1735194972
17.92 34.62 34.7 28480

1735194973
15.03 33.55 34.47 43294

1735194974
15.03 33.55 34.47 34178

1735194975
12.67 32.52 34.25 5501

1735194976
12.67 32.52 34.25 2405

1735194977
10.37 31.45 34.02 22801

1735194978
10.37 31.45 34.02 5343

1735194979
8.49 30.43 33.78 2197

1735194980
8.49 30.43 33.78 9874

1735194981
6.95 29.43 33.55 5189

1735194982
6.95 29.43 33.55 12512

1735194983
5.69 28.47 33.32 11503

1735194984
5.69 28.47 33.32 3924

1735194985
4.66 27.53 33.09 1455

1735194986
4.66 27.53 33.09 3579

1735194987
3.82 26.63 32.87 8273

1735194988
3.82 26.63 32.87 96598

1735194989
4.57 26.02 32.7 74461

1735194990
4.57 26.02 32.7 7263

1735194991
3.74 25.17 32.47 24674

1735194992
3.74 25.17 32.47 103685

1735194993
4.33 24.58 32.3 30600

1735194994
4.33 24.58 32.3 12655

1735194995
3.55 23.77 32.08 610

1735194996
3.55 23.77 32.08 690

1735194997
2.9 22.99 31.86 112482

1735194998
2.9 22.99 31.86 134855

1735194999
4.55 22.63 31.72 3414

1735195000
4.55 22.63 31.72 33529

1735195001
3.91 21.93 31.51 858

1735195002
3.91 21.93 31.51 1

1735195003
3.2 21.21 31.29 24189

1735195004
3.2 21.21 31.29 3320

1735195005
2.8 20.55 31.09 1203

1735195006
2.8 20.55 31.09 2370

1735195007
2.29 19.87 30.87 2263

1735195008
2.29 19.87 30.87 3042

1735195009
1.87 19.22 30.66 12598

1735195010
1.87 19.22 30.66 3997

1735195011
1.53 18.59 30.45 1136

1735195012
1.53 18.59 30.45 2442

1735195013
1.25 17.99 30.24 22019

1735195014
1.25 17.99 30.24 10836

1735195015
1.21 17.43 30.04 54

1735195016
1.21 17.43 30.04 0

1735195017
0.99 16.86 29.84 40

1735195018
0.99 16.86 29.84 12667

1735195019
1.17 16.37 29.65 28749

1735195020
1.17 16.37 29.65 0

1735195021
0.96 15.84 29.45 3136

1735195022
0.96 15.84 29.45 2047

1735195023
0.96 15.35 29.25 33812

1735195024
0.96 15.35 29.25 53922

1735195025
1.33 14.95 29.07 10367

1735195026
1.33 14.95 29.07 12883

1735195027
1.27 14.49 28.88 12686

1735195028
1.27 14.49 28.88 8193

1735195029
1.76 14.15 28.71 127229

1735195030
1.76 14.15 28.71 7854

1735195031
1.81 13.75 28.53 35135

1735195032
1.81 13.75 28.53 38349

1735195033
2.02 13.4 28.35 18885

1735195034
2.02 13.4 28.35 38973

1735195035
2.02 13.02 28.17 8160

1735195036
2.02 13.02 28.17 26378

1735195037
1.83 12.63 27.98 6054

1735195038
1.83 12.63 27.98 29208

1735195039
1.86 12.28 27.81 37986

1735195040
1.86 12.28 27.81 17052

1735195041
1.89 11.94 27.63 12346

1735195042
1.89 11.94 27.63 4313

1735195043
1.54 11.55 27.44 12452

1735195044
1.54 11.55 27.44 13471

1735195045
1.44 11.21 27.26 3469

1735195046
1.44 11.21 27.26 3249

1735195047
1.36 10.87 27.08 43562

1735195048
1.36 10.87 27.08 59250

1735195049
2.02 10.68 26.93 49219

1735195053
3.43 10.38 26.64 274477

1735195054
3.43 10.38 26.64 7510

1735195055
2.99 10.07 26.47 41192

1735195056
2.99 10.07 26.47 26265

1735195057
2.99 9.84 26.31 31109

1735195058
2.99 9.84 26.31 56195

1735195059
3.17 9.65 26.15 1153

1735195060
3.17 9.65 26.15 327

1735195061
2.6 9.34 25.97 4056

1735195062
2.6 9.34 25.97 405

1735195063
2.12 9.03 25.8 19823

1735195064
2.83 8.93 25.66 222987

1735195065
2.83 8.93 25.66 261113

1735195066
2.83 8.93 25.66 44405

1735195067
6.12 9.33 25.63 7814

1735195068
6.12 9.33 25.63 157176

1735195069
6.46 9.28 25.51 19606

1735195070
6.46 9.28 25.51 19594

1735195071
5.65 9.04 25.35 145076

1735195072
5.65 9.04 25.35 50778

1735195073
6.44 9.07 25.24 152159

1735195074
6.44 9.07 25.24 133397

1735195075
7.81 9.23 25.16 27107

1735195076
7.81 9.23 25.16 5070

1735195077
6.57 8.96 25.0 6476

1735195078
6.65 8.9 24.88 162228

1735195079
6.65 8.9 24.88 213594

1735195080
9.07 9.26 24.84 194296

1735195081
9.07 9.26 24.84 258841

1735195082
9.07 9.26 24.84 178144

1735195083
11.59 9.71 24.83 500405

1735195084
11.59 9.71 24.83 96219

1735195085
14.74 10.34 24.86 12721

1735195086
14.74 10.34 24.86 1104

1735195087
12.25 10.04 24.69 51801

1735195088
12.25 10.04 24.69 56043

1735195089
10.94 9.87 24.56 17198

1735195090
10.94 9.87 24.56 21727

1735195091
9.14 9.58 24.4 83540

1735195092
9.14 9.58 24.4 5974

1735195093
8.2 9.4 24.26 26118

1735195094
8.2 9.4 24.26 23124

1735195095
7.08 9.16 24.11 10447

1735195096
7.08 9.16 24.11 6602

1735195097
5.8 8.86 23.94 10946

1735195098
5.8 8.86 23.94 5536

1735195099
4.93 8.6 23.78 13838

1735195100
4.93 8.6 23.78 11028

1735195101
4.03 8.32 23.62 11513

1735195102
4.03 8.32 23.62 40048

1735195103
3.84 8.14 23.48 53170

1735195104
3.84 8.14 23.48 12352

1735195105
3.69 7.97 23.34 13923

1735195106
3.69 7.97 23.34 29908

1735195107
3.2 7.75 23.19 52

1735195108
3.2 7.75 23.19 22245

1735195109
2.8 7.53 23.04 27082

1735195110
2.8 7.53 23.04 44106

1735195111
2.84 7.38 22.9 6108

1735195112
2.84 7.38 22.9 92

1735195113
2.32 7.14 22.74 13124

1735195114
2.32 7.14 22.74 8499

1735195115
2.08 6.93 22.59 192413

1735195116
2.08 6.93 22.59 198625

1735195117
5.15 7.33 22.57 21145

1735195118
5.15 7.33 22.57 62594

1735195119
4.76 7.19 22.43 22269

1735195120
4.76 7.19 22.43 4220

1735195121
4.07 6.98 22.29 10515

1735195122
4.07 6.98 22.29 42598

1735195123
3.7 6.82 22.15 94150

1735195124
3.7 6.82 22.15 14479

1735195125
3.93 6.76 22.03 22995

1735195126
3.93 6.76 22.03 9416

1735195127
3.4 6.57 21.89 94476

1735195128
3.4 6.57 21.89 239782

1735195129
6.04 6.95 21.86 79845

1735195130
6.04 6.95 21.86 4643

1735195131
5.31 6.78 21.72 7296

1735195132
5.31 6.78 21.72 78416

1735195133
5.07 6.69 21.6 19433

1735195134
5.07 6.69 21.6 5950

1735195135
4.33 6.51 21.46 5448

1735195136
4.33 6.51 21.46 76022

1735195137
4.45 6.46 21.35 60744

1735195138
4.45 6.46 21.35 24220

1735195139
4.19 6.34 21.22 1240

1735195140
4.19 6.34 21.22 11830

1735195141
3.43 6.13 21.08 2831

1735195142
3.43 6.13 21.08 76658

1735195143
3.53 6.06 20.96 14412

1735195144
3.53 6.06 20.96 9136

1735195145
3.07 5.9 20.82 10465

1735195146
3.07 5.9 20.82 5422

1735195147
2.51 5.7 20.68 7395

1735195148
2.51 5.7 20.68 344494

1735195366
98.66 91.29 58.83 210129795

1735195439
87.02 87.2 86.42 903634194

