1735194558
0.0 0.1 16.64 0

1735194559
0.0 0.1 16.64 0

1735194560
0.0 0.1 16.52 0

1735194561
0.0 0.1 16.52 0

1735194562
0.0 0.09 16.41 0

1735194563
0.0 0.09 16.41 0

1735194564
0.0 0.09 16.3 0

1735194565
0.0 0.09 16.3 0

1735194566
0.0 0.09 16.18 0

1735194567
0.0 0.09 16.18 0

1735194568
0.0 0.08 16.07 537

1735194569
0.0 0.08 16.07 3062

1735194570
0.0 0.08 15.96 3950

1735194571
0.0 0.08 15.96 0

1735194572
0.0 0.08 15.85 0

1735194573
0.0 0.08 15.85 0

1735194574
0.0 0.07 15.74 801

1735194575
0.0 0.07 15.74 0

1735194576
0.0 0.07 15.64 830

1735194577
0.0 0.07 15.64 5437

1735194578
0.0 0.07 15.53 0

1735194579
0.0 0.07 15.53 0

1735194580
0.0 0.07 15.42 0

1735194581
0.0 0.07 15.42 0

1735194582
0.0 0.06 15.32 0

1735194583
0.0 0.06 15.32 0

1735194584
0.0 0.06 15.21 0

1735194585
0.0 0.06 15.21 0

1735194586
0.0 0.06 15.11 3234

1735194587
0.0 0.06 15.11 3089

1735194588
0.0 0.06 15.0 596

1735194589
0.0 0.05 14.9 6

1735194590
0.0 0.05 14.9 664

1735194591
0.0 0.05 14.8 1878

1735194592
0.0 0.05 14.8 2513

1735194593
0.0 0.05 14.8 2049

1735194594
0.0 0.05 14.7 1661

1735194595
0.0 0.05 14.6 282

1735194596
0.0 0.05 14.6 6995

1735194597
0.0 0.05 14.5 2131

1735194599
0.0 0.05 14.5 0

1735194600
0.0 0.04 14.4 3234

1735194601
0.0 0.04 14.4 899

1735194602
0.0 0.04 14.3 1717

1735194603
0.0 0.04 14.2 9

1735194604
0.0 0.04 14.2 549

1735194605
0.0 0.04 14.2 1

1735194606
0.0 0.04 14.1 414

1735194607
0.0 0.04 14.01 0

1735194609
0.0 0.04 14.01 442

1735194610
0.0 0.04 13.91 2309

1735194611
0.0 0.03 13.82 5624

1735194612
0.0 0.03 13.82 1660

1735194613
0.0 0.03 13.82 2696

1735194614
0.0 0.03 13.72 1936

1735194615
0.0 0.03 13.63 9

1735194616
0.0 0.03 13.63 20

1735194617
0.0 0.03 13.63 0

1735194618
0.0 0.03 13.53 6228

1735194619
0.0 0.03 13.53 4805

1735194620
0.0 0.03 13.44 1066

1735194621
0.0 0.03 13.44 4979

1735194622
0.0 0.03 13.35 848

1735194623
0.0 0.03 13.35 5559

1735194624
0.0 0.02 13.26 4043

1735194625
0.0 0.02 13.26 6296

1735194626
0.0 0.02 13.17 1573

1735194627
0.0 0.02 13.17 1456

1735194628
0.0 0.02 13.08 1166

1735194630
0.0 0.02 12.99 7678

1735194631
0.0 0.02 12.99 6814

1735194632
0.0 0.02 12.9 2746

1735194633
0.0 0.02 12.9 0

1735194634
0.0 0.02 12.81 17

1735194635
0.0 0.02 12.81 0

1735194636
0.0 0.02 12.72 0

1735194637
0.0 0.02 12.72 0

1735194638
0.0 0.02 12.63 0

1735194639
0.0 0.02 12.63 1

1735194640
0.0 0.02 12.55 10882

1735194641
0.0 0.02 12.55 0

1735194642
0.0 0.02 12.46 0

1735194643
0.0 0.02 12.46 0

1735194644
0.0 0.02 12.38 0

1735194645
0.0 0.02 12.38 3

1735194646
0.0 0.01 12.29 2218

1735194647
0.0 0.01 12.29 2485

1735194648
0.0 0.01 12.21 0

1735194649
0.0 0.01 12.21 941

1735194650
0.0 0.01 12.12 2148

1735194651
0.0 0.01 12.12 9

1735194652
0.0 0.01 12.04 1009

1735194653
0.0 0.01 12.04 7

1735194654
0.0 0.01 11.96 4

1735194655
0.0 0.01 11.96 0

1735194656
0.0 0.01 11.88 12412

1735194657
0.0 0.01 11.88 4

1735194658
0.0 0.01 11.79 1

1735194659
0.0 0.01 11.79 3

1735194660
0.0 0.01 11.71 12557

1735194661
0.0 0.01 11.71 7725

1735194662
0.18 0.04 11.64 7361

1735194663
0.18 0.04 11.64 2780

1735194664
0.14 0.04 11.56 1369

1735194665
0.12 0.04 11.48 0

1735194666
0.12 0.04 11.48 0

1735194667
0.12 0.04 11.48 0

1735194668
0.09 0.04 11.4 5181

1735194669
0.09 0.04 11.4 0

1735194670
0.08 0.03 11.32 0

1735194671
0.08 0.03 11.32 0

1735194672
0.06 0.03 11.25 0

1735194673
0.06 0.03 11.25 0

1735194674
0.05 0.03 11.17 0

1735194675
0.05 0.03 11.17 424

1735194676
0.04 0.03 11.09 0

1735194677
0.04 0.03 11.09 0

1735194678
0.03 0.03 11.02 621

1735194679
0.03 0.03 11.02 0

1735194680
0.02 0.03 10.94 3

1735194681
0.02 0.03 10.94 2039

1735194682
0.02 0.03 10.86 0

1735194683
0.02 0.03 10.86 18

1735194684
0.01 0.02 10.79 3466

1735194685
0.01 0.02 10.79 0

1735194686
0.01 0.02 10.72 9872

1735194687
0.01 0.02 10.72 0

1735194688
0.01 0.02 10.64 0

1735194689
0.01 0.02 10.64 3711

1735194690
0.0 0.02 10.57 4

1735194691
0.0 0.02 10.57 6439

1735194692
0.0 0.02 10.5 3224

1735194693
0.0 0.02 10.5 4

1735194694
0.0 0.02 10.42 0

1735194695
0.0 0.02 10.42 216

1735194696
0.0 0.02 10.35 0

1735194697
0.0 0.02 10.35 899

1735194698
0.0 0.02 10.28 0

1735194699
0.0 0.02 10.28 3500

1735194700
0.0 0.02 10.21 29

1735194701
0.0 0.02 10.21 36

1735194702
0.0 0.02 10.14 1952

1735194703
0.0 0.02 10.14 3889

1735194704
0.0 0.01 10.07 8

1735194705
0.0 0.01 10.07 0

1735194706
0.0 0.01 10.0 44107

1735194707
0.54 0.11 9.95 25624

1735194708
0.54 0.11 9.95 4324

1735194709
0.54 0.11 9.95 0

1735194710
0.44 0.11 9.88 0

1735194711
0.44 0.11 9.88 843

1735194712
0.36 0.1 9.82 2613

1735194713
0.36 0.1 9.82 0

1735194714
0.29 0.1 9.75 1209

1735194715
0.29 0.1 9.75 14375

1735194716
0.24 0.1 9.68 1547

1735194717
0.24 0.1 9.68 0

1735194718
0.19 0.09 9.62 1

1735194719
0.19 0.09 9.62 2422

1735194720
0.16 0.09 9.55 0

1735194721
0.16 0.09 9.55 1

1735194722
0.13 0.09 9.48 0

1735194723
0.13 0.09 9.48 0

1735194724
0.1 0.08 9.42 0

1735194725
0.1 0.08 9.42 1017

1735194726
0.08 0.08 9.35 4693

1735194727
0.08 0.08 9.35 0

1735194728
0.07 0.08 9.29 8134

1735194729
0.07 0.08 9.29 3

1735194730
0.05 0.07 9.23 4187

1735194731
0.05 0.07 9.23 3009

1735194732
0.04 0.07 9.16 0

1735194734
0.03 0.07 9.1 2312

1735194735
0.03 0.07 9.1 0

1735194736
0.03 0.06 9.04 1914

1735194737
0.03 0.06 9.04 0

1735194738
0.02 0.06 8.98 12015

1735194739
0.02 0.06 8.98 0

1735194740
0.02 0.06 8.91 0

1735194741
0.02 0.06 8.91 0

1735194742
0.01 0.06 8.85 0

1735194743
0.01 0.06 8.85 11249

1735194744
0.01 0.06 8.79 13935

1735194745
0.01 0.06 8.79 4781

1735194746
0.01 0.05 8.73 0

1735194747
0.0 0.05 8.67 6913

1735194748
0.0 0.05 8.67 0

1735194749
0.0 0.05 8.67 1528

1735194750
0.0 0.05 8.61 0

1735194751
0.0 0.05 8.61 8824

1735194752
0.0 0.05 8.55 1481

1735194753
0.0 0.05 8.55 759

1735194754
0.0 0.04 8.49 2401

1735194755
0.0 0.04 8.49 0

1735194756
0.0 0.04 8.44 0

1735194757
0.0 0.04 8.44 0

1735194758
0.0 0.04 8.38 0

1735194759
0.0 0.04 8.38 0

1735194760
0.0 0.04 8.32 4237

1735194761
0.0 0.04 8.32 6267

1735194762
0.0 0.04 8.26 2787

1735194763
0.0 0.04 8.26 0

1735194764
0.0 0.04 8.21 0

1735194765
0.0 0.04 8.21 0

1735194766
0.0 0.03 8.15 1043

1735194767
0.0 0.03 8.15 0

1735194768
0.0 0.03 8.09 6653

1735194769
0.0 0.03 8.09 2

1735194770
0.0 0.03 8.04 0

1735194771
0.0 0.03 8.04 0

1735194772
0.0 0.03 7.98 0

1735194773
0.0 0.03 7.98 2

1735194774
0.0 0.03 7.93 9

1735194775
0.0 0.03 7.93 0

1735194776
0.0 0.03 7.87 7623

1735194777
0.0 0.03 7.87 7408

1735194778
0.0 0.03 7.82 4172

1735194779
0.0 0.03 7.82 500

1735194780
0.0 0.02 7.77 5

1735194781
0.0 0.02 7.77 5

1735194782
0.0 0.02 7.71 27087

1735194783
0.0 0.02 7.71 689

1735194784
0.0 0.02 7.66 3564

1735194785
0.0 0.02 7.66 1585

1735194786
0.0 0.02 7.61 0

1735194787
0.0 0.02 7.61 12030

1735194788
0.0 0.02 7.55 11294

1735194789
0.0 0.02 7.55 8136

1735194790
0.0 0.02 7.5 0

1735194791
0.0 0.02 7.5 0

1735194792
0.0 0.02 7.45 0

1735194793
0.0 0.02 7.45 0

1735194794
0.0 0.02 7.4 5

1735194795
0.0 0.02 7.4 0

1735194796
0.0 0.02 7.35 0

1735194797
0.0 0.02 7.35 0

1735194798
0.0 0.02 7.3 3252

1735194799
0.0 0.02 7.3 0

1735194800
0.0 0.01 7.25 0

1735194801
0.0 0.01 7.25 0

1735194802
0.0 0.01 7.2 0

1735194803
0.0 0.01 7.2 0

1735194804
0.0 0.01 7.15 0

1735194805
0.0 0.01 7.15 576

1735194806
0.0 0.01 7.1 0

1735194807
0.0 0.01 7.1 2475

1735194808
0.0 0.01 7.05 11127

1735194809
0.0 0.01 7.05 4598

1735194810
0.0 0.01 7.0 19830

1735194812
0.18 0.04 6.96 25407

1735194813
0.18 0.04 6.96 0

1735194814
0.14 0.04 6.91 4951

1735194815
0.14 0.04 6.91 8952

1735194816
0.12 0.04 6.87 0

1735194817
0.12 0.04 6.87 6599

1735194818
0.09 0.04 6.82 2

1735194819
0.09 0.04 6.82 11769

1735194820
0.08 0.04 6.77 0

1735194821
0.08 0.04 6.77 282

1735194822
0.06 0.03 6.73 13414

1735194823
0.05 0.03 6.68 0

1735194824
0.05 0.03 6.68 0

1735194825
0.05 0.03 6.68 6

1735194826
0.04 0.03 6.63 0

1735194827
0.04 0.03 6.63 12098

1735194828
0.03 0.03 6.59 0

1735194829
0.03 0.03 6.59 0

1735194830
0.02 0.03 6.54 3391

1735194831
0.02 0.03 6.54 3890

1735194832
0.02 0.03 6.5 7

1735194833
0.02 0.03 6.5 14

1735194834
0.01 0.03 6.45 5667

1735194835
0.01 0.03 6.45 4724

1735194836
0.19 0.06 6.41 18326

1735194837
0.19 0.06 6.41 16765

1735194838
0.34 0.09 6.38 3443

1735194839
0.34 0.09 6.38 17181

1735194840
0.28 0.08 6.33 4860

1735194841
0.28 0.08 6.33 12574

1735194842
0.22 0.08 6.29 2349

1735194843
0.22 0.08 6.29 3501

1735194844
0.18 0.08 6.25 13164

1735194846
0.15 0.08 6.2 3397

1735194847
0.15 0.08 6.2 12712

1735194848
0.12 0.07 6.16 2098

1735194849
0.12 0.07 6.16 5500

1735194850
0.1 0.07 6.12 9965

1735194851
0.1 0.07 6.12 3562

1735194852
0.08 0.07 6.08 4032

1735194853
0.06 0.06 6.04 8205

1735194854
0.06 0.06 6.04 0

1735194856
0.05 0.06 5.99 9020

1735194857
0.05 0.06 5.99 6865

1735194858
0.04 0.06 5.95 3695

1735194859
0.04 0.06 5.95 0

1735194860
0.03 0.06 5.91 9923

1735194861
0.03 0.06 5.91 1535

1735194862
0.03 0.05 5.87 3183

1735194863
0.03 0.05 5.87 2842

1735194864
0.02 0.05 5.83 10735

1735194866
0.01 0.05 5.79 2621

1735194867
0.01 0.05 5.75 3817

1735194868
0.01 0.05 5.75 0

1735194869
0.01 0.05 5.71 924

1735194870
0.01 0.05 5.71 1354

1735194871
0.01 0.05 5.71 6060

1735194872
0.01 0.04 5.67 16299

1735194873
0.0 0.04 5.63 0

1735194874
0.0 0.04 5.63 0

1735194876
0.0 0.04 5.59 2083

1735194878
0.0 0.04 5.56 3686

1735194879
0.0 0.04 5.56 0

1735194880
0.0 0.04 5.52 0

1735194881
0.0 0.04 5.52 0

1735194882
0.0 0.04 5.52 1928

1735194883
0.0 0.04 5.48 3076

1735194884
0.0 0.04 5.48 2212

1735194885
0.0 0.03 5.44 236

1735194886
0.0 0.03 5.4 6633

1735194887
0.0 0.03 5.4 5262

1735194888
0.0 0.03 5.37 7456

1735194889
0.0 0.03 5.37 7273

1735194890
0.0 0.03 5.37 0

1735194891
0.0 0.03 5.33 12867

1735194892
0.0 0.03 5.29 1740

1735194893
0.0 0.03 5.29 2275

1735194894
0.18 0.06 5.26 19173

1735194895
0.18 0.06 5.26 9260

1735194897
0.14 0.06 5.23 2524

1735194898
0.12 0.06 5.19 6558

1735194899
0.12 0.06 5.19 701

1735194900
0.09 0.05 5.16 1984

1735194901
0.09 0.05 5.16 3747

1735194902
0.08 0.05 5.12 4109

1735194903
0.08 0.05 5.12 8381

1735194904
0.06 0.05 5.08 471

1735194905
0.06 0.05 5.08 3011

1735194906
0.05 0.05 5.05 3466

1735194907
0.05 0.05 5.05 1766

1735194908
0.05 0.05 5.05 164

1735194909
0.04 0.05 5.01 4447

1735194910
0.03 0.04 4.98 5172

1735194911
0.03 0.04 4.98 3404

1735194912
0.03 0.04 4.98 279

1735194913
0.02 0.04 4.95 4022

1735194914
0.02 0.04 4.95 357

1735194915
0.02 0.04 4.91 0

1735194916
0.01 0.04 4.88 1845

1735194917
0.01 0.04 4.88 1124

1735194918
0.01 0.04 4.84 4290

1735194919
0.01 0.04 4.84 0

1735194920
0.19 0.07 4.82 25187

1735194922
0.19 0.07 4.82 4509

1735194923
0.15 0.07 4.78 1028

1735194924
0.15 0.07 4.78 7046

1735194925
0.12 0.06 4.75 5205

1735194926
0.12 0.06 4.75 3

1735194927
0.1 0.06 4.72 3

1735194928
0.1 0.06 4.72 0

1735194929
0.08 0.06 4.69 0

1735194930
0.08 0.06 4.69 0

1735194931
0.07 0.06 4.65 0

1735194932
0.07 0.06 4.65 19186

1735194933
0.05 0.05 4.62 0

1735194934
0.05 0.05 4.62 4

1735194935
0.04 0.05 4.59 0

1735194936
0.04 0.05 4.59 15

1735194937
0.03 0.05 4.56 29

1735194938
0.03 0.05 4.56 0

1735194939
0.03 0.05 4.53 0

1735194940
0.03 0.05 4.53 4043

1735194941
0.02 0.05 4.5 4

1735194942
0.02 0.05 4.5 0

1735194943
0.02 0.04 4.46 0

1735194944
0.02 0.04 4.46 28

1735194945
0.01 0.04 4.43 7

1735194946
0.01 0.04 4.43 0

1735194947
0.01 0.04 4.4 0

1735194948
0.01 0.04 4.4 0

1735194949
0.01 0.04 4.37 9

1735194950
0.01 0.04 4.37 11

1735194951
0.0 0.04 4.34 2434

1735194952
0.0 0.04 4.34 2431

1735194953
0.0 0.04 4.31 2523

1735194954
0.0 0.04 4.31 0

1735194955
0.0 0.03 4.28 2202

1735194956
0.0 0.03 4.28 2741

1735194957
0.0 0.03 4.25 6527

1735194958
0.0 0.03 4.25 6019

1735194959
0.0 0.03 4.22 3

1735194960
0.0 0.03 4.22 7984

1735194961
0.0 0.03 4.19 1439

1735194962
0.0 0.03 4.19 0

1735194963
0.0 0.03 4.17 1544

1735194964
0.0 0.03 4.14 0

1735194965
0.0 0.03 4.14 0

1735194966
0.0 0.03 4.14 0

1735194967
0.0 0.02 4.11 0

1735194968
0.0 0.02 4.11 0

1735194969
0.0 0.02 4.08 743

1735194970
0.0 0.02 4.08 0

1735194971
0.0 0.02 4.05 0

1735194972
0.0 0.02 4.05 0

1735194973
0.0 0.02 4.02 6

1735194974
0.0 0.02 4.02 0

1735194975
0.0 0.02 4.0 0

1735194976
0.0 0.02 4.0 0

1735194977
0.0 0.02 3.97 0

1735194978
0.0 0.02 3.97 0

1735194979
0.0 0.02 3.94 13332

1735194980
0.0 0.02 3.94 0

1735194981
0.0 0.02 3.91 0

1735194982
0.0 0.02 3.91 0

1735194983
0.0 0.02 3.89 0

1735194984
0.0 0.02 3.89 0

1735194985
0.0 0.02 3.86 0

1735194986
0.0 0.02 3.86 0

1735194987
0.0 0.02 3.83 0

1735194988
0.0 0.02 3.83 7

1735194989
0.0 0.01 3.81 7

1735194990
0.0 0.01 3.81 0

1735194991
0.0 0.01 3.78 0

1735194992
0.0 0.01 3.78 0

1735194993
0.0 0.01 3.75 8116

1735194994
0.0 0.01 3.75 6682

1735194995
0.0 0.01 3.73 0

1735194996
0.0 0.01 3.73 0

1735194997
0.0 0.01 3.7 0

1735194998
0.0 0.01 3.7 0

1735194999
0.0 0.01 3.68 0

1735195000
0.0 0.01 3.68 2

1735195001
0.0 0.01 3.65 0

1735195002
0.0 0.01 3.65 0

1735195003
0.0 0.01 3.63 0

1735195004
0.0 0.01 3.63 0

1735195005
0.0 0.01 3.6 0

1735195006
0.0 0.01 3.6 0

1735195007
0.0 0.01 3.58 0

1735195008
0.0 0.01 3.58 0

1735195009
0.0 0.01 3.55 0

1735195010
0.0 0.01 3.55 0

1735195011
0.0 0.01 3.53 0

1735195012
0.0 0.01 3.53 0

1735195013
0.0 0.01 3.5 0

1735195014
0.0 0.01 3.5 0

1735195015
0.0 0.01 3.48 0

1735195016
0.0 0.01 3.48 0

1735195017
0.0 0.0 3.45 0

1735195018
0.0 0.0 3.45 0

1735195019
0.0 0.0 3.43 0

1735195020
0.0 0.0 3.43 0

1735195021
0.0 0.0 3.41 0

1735195022
0.0 0.0 3.41 0

1735195023
0.0 0.0 3.38 0

1735195024
0.0 0.0 3.38 0

1735195025
0.0 0.0 3.36 686

1735195026
0.0 0.0 3.36 0

1735195027
0.0 0.0 3.34 0

1735195028
0.0 0.0 3.34 0

1735195029
0.0 0.0 3.31 4035

1735195030
0.0 0.0 3.31 0

1735195031
0.0 0.0 3.29 0

1735195032
0.0 0.0 3.29 0

1735195033
0.0 0.0 3.27 0

1735195034
0.0 0.0 3.27 0

1735195035
0.0 0.0 3.25 0

1735195036
0.0 0.0 3.25 0

1735195037
0.0 0.0 3.22 0

1735195038
0.0 0.0 3.22 0

1735195039
0.0 0.0 3.2 0

1735195040
0.0 0.0 3.2 0

1735195041
0.0 0.0 3.18 0

1735195042
0.0 0.0 3.18 0

1735195043
0.0 0.0 3.16 0

1735195044
0.0 0.0 3.16 0

1735195045
0.0 0.0 3.13 0

1735195046
0.0 0.0 3.13 0

1735195047
0.0 0.0 3.11 4

1735195048
0.0 0.0 3.11 12

1735195049
0.0 0.0 3.09 3

1735195053
0.0 0.0 3.05 4

1735195054
0.0 0.0 3.05 0

1735195055
0.0 0.0 3.03 0

1735195056
0.0 0.0 3.03 0

1735195057
0.0 0.0 3.01 0

1735195058
0.0 0.0 3.01 0

1735195059
0.0 0.0 2.99 0

1735195060
0.0 0.0 2.99 0

1735195061
0.0 0.0 2.96 0

1735195062
0.0 0.0 2.96 0

1735195063
0.0 0.0 2.94 0

1735195064
0.0 0.0 2.92 0

1735195065
0.0 0.0 2.92 0

1735195066
0.0 0.0 2.92 0

1735195067
0.0 0.0 2.9 0

1735195068
0.0 0.0 2.9 0

1735195069
0.0 0.0 2.88 0

1735195070
0.0 0.0 2.88 0

1735195071
0.0 0.0 2.86 0

1735195072
0.0 0.0 2.86 5

1735195073
0.0 0.0 2.84 0

1735195074
0.0 0.0 2.84 0

1735195075
0.0 0.0 2.82 0

1735195076
0.0 0.0 2.82 0

1735195077
0.0 0.0 2.8 0

1735195078
0.0 0.0 2.78 0

1735195079
0.0 0.0 2.78 4161

1735195080
0.0 0.0 2.77 2763

1735195081
0.0 0.0 2.77 3808

1735195082
0.0 0.0 2.77 0

1735195083
0.0 0.0 2.75 945

1735195084
0.0 0.0 2.75 0

1735195085
0.0 0.0 2.73 0

1735195086
0.0 0.0 2.73 0

1735195087
0.0 0.0 2.71 0

1735195088
0.0 0.0 2.71 0

1735195089
0.0 0.0 2.69 0

1735195090
0.0 0.0 2.69 0

1735195091
0.0 0.0 2.67 0

1735195092
0.0 0.0 2.67 15277

1735195093
0.0 0.0 2.65 19540

1735195094
0.0 0.0 2.65 56938

1735195095
0.54 0.09 2.65 2217

1735195096
0.54 0.09 2.65 14449

1735195097
0.44 0.09 2.64 3521

1735195098
0.44 0.09 2.64 1096

1735195099
0.36 0.09 2.62 565

1735195100
0.36 0.09 2.62 27724

1735195101
0.47 0.12 2.61 548

1735195102
0.47 0.12 2.61 2891

1735195103
0.39 0.11 2.59 1738

1735195104
0.39 0.11 2.59 0

1735195105
0.32 0.11 2.57 835

1735195106
0.32 0.11 2.57 21603

1735195107
0.44 0.14 2.56 0

1735195108
0.44 0.14 2.56 8

1735195109
0.36 0.13 2.54 0

1735195110
0.36 0.13 2.54 0

1735195111
0.29 0.13 2.52 0

1735195112
0.29 0.13 2.52 0

1735195113
0.24 0.12 2.51 3469

1735195114
0.24 0.12 2.51 0

1735195115
0.19 0.12 2.49 0

1735195116
0.19 0.12 2.49 0

1735195117
0.16 0.11 2.47 0

1735195118
0.16 0.11 2.47 0

1735195119
0.13 0.11 2.45 0

1735195120
0.13 0.11 2.45 0

1735195121
0.1 0.11 2.44 12094

1735195122
0.1 0.11 2.44 5357

1735195123
0.27 0.14 2.43 11995

1735195124
0.27 0.14 2.43 17988

1735195125
0.4 0.16 2.42 2483

1735195126
0.4 0.16 2.42 193

1735195127
0.32 0.16 2.4 8795

1735195128
0.32 0.16 2.4 16420

1735195129
0.45 0.19 2.39 9799

1735195130
0.45 0.19 2.39 0

1735195131
0.36 0.18 2.37 1657

1735195132
0.36 0.18 2.37 17749

1735195133
0.3 0.17 2.36 881

1735195134
0.3 0.17 2.36 0

1735195135
0.24 0.17 2.34 392

1735195136
0.24 0.17 2.34 34143

1735195137
0.56 0.23 2.34 21391

1735195138
0.56 0.23 2.34 8828

1735195139
0.46 0.22 2.32 0

1735195140
0.46 0.22 2.32 10916

1735195141
0.56 0.25 2.31 12365

1735195142
0.56 0.25 2.31 7826

1735195143
0.45 0.24 2.3 7

1735195144
0.45 0.24 2.3 504

1735195145
0.37 0.23 2.28 1178

1735195146
0.37 0.23 2.28 0

1735195147
0.3 0.22 2.27 6100

1735195148
0.3 0.22 2.27 199231

1735195366
66.54 62.89 35.57 148738680

1735195439
62.99 63.22 64.93 765682753

