1734618925
0.14 0.26 5.27 44172

1734618926
0.48 0.32 5.24 4531

1734618927
0.48 0.32 5.24 3767

1734618928
0.39 0.31 5.21 20722

1734618929
0.39 0.31 5.21 2855

1734618930
0.5 0.33 5.18 4719

1734618931
0.5 0.33 5.18 3162

1734618932
0.41 0.32 5.14 6950

1734618933
0.41 0.32 5.14 18220

1734618934
0.52 0.34 5.11 6998

1734618935
0.52 0.34 5.11 9650

1734618936
0.96 0.43 5.1 469639

1734618937
0.96 0.43 5.1 496787

1734618938
9.85 2.05 5.41 298089

1734618939
10.06 2.34 5.44 8364

1734618940
10.06 2.34 5.44 1935

1734618941
10.06 2.34 5.44 70448

1734618942
8.78 2.37 5.43 7001

1734618943
8.78 2.37 5.43 4262

1734618944
7.18 2.29 5.39 5154

1734618945
6.24 2.28 5.37 53276

1734618946
6.24 2.28 5.37 4285

1734618947
6.24 2.28 5.37 3334

1734618948
5.11 2.2 5.33 3593

1734618949
5.11 2.2 5.33 3571

1734618950
4.18 2.13 5.29 3346

1734618951
4.18 2.13 5.29 3804

1734618952
3.43 2.06 5.26 6202

1734618953
3.43 2.06 5.26 4849

1734618954
2.8 1.99 5.22 3207

1734618955
2.8 1.99 5.22 3537

1734618956
2.29 1.93 5.18 70500

1734618957
2.29 1.93 5.18 3377

1734618958
2.42 1.96 5.17 2214

1734618959
2.42 1.96 5.17 5520

1734618960
1.98 1.9 5.13 3104

1734618961
1.98 1.9 5.13 4169

1734618962
1.62 1.84 5.1 4154

1734618963
1.62 1.84 5.1 2242

1734618964
1.33 1.78 5.06 2079

1734618965
1.33 1.78 5.06 2629

1734618966
1.08 1.72 5.03 2831

1734618967
1.08 1.72 5.03 3361

1734618968
0.89 1.66 4.99 5368

1734618969
0.89 1.66 4.99 4819

1734618970
0.73 1.61 4.96 6171

1734618971
0.73 1.61 4.96 3336

1734618972
0.59 1.55 4.92 4309

1734618973
0.59 1.55 4.92 2137

1734618974
0.48 1.5 4.89 1408

1734618975
0.48 1.5 4.89 1754

1734618976
0.4 1.45 4.86 7672

1734618977
0.4 1.45 4.86 3157

1734618978
0.32 1.4 4.82 2774

1734618979
0.32 1.4 4.82 126818

1734618980
1.35 1.55 4.83 9513

1734618981
1.35 1.55 4.83 5520

1734618982
1.1 1.5 4.8 21273

1734618983
1.1 1.5 4.8 70138

1734618984
1.63 1.58 4.79 4549

1734618985
1.63 1.58 4.79 293379

1734618986
4.23 2.06 4.87 75906

1734618987
4.23 2.06 4.87 16417

1734618988
4.01 2.09 4.86 10839

1734618989
4.01 2.09 4.86 13307

1734618990
3.64 2.08 4.84 38835

1734618991
3.64 2.08 4.84 280583

1734618992
7.15 2.77 4.96 380175

1734618993
7.15 2.77 4.96 31478

1734618994
8.03 3.07 5.01 54962

1734618995
8.03 3.07 5.01 587364

1734618996
14.0 4.31 5.25 593266

1734618997
14.0 4.31 5.25 706222

1734618998
23.42 6.33 5.67 629151

1734618999
23.42 6.33 5.67 677583

1734619000
30.41 8.15 6.06 406196

1734619001
30.41 8.15 6.06 44378

1734619002
29.25 8.67 6.18 786315

1734619003
29.25 8.67 6.18 582962

1734619004
34.82 10.35 6.55 248848

1734619005
34.82 10.35 6.55 140673

1734619006
31.77 10.6 6.63 284266

1734619007
31.77 10.6 6.63 301658

1734619008
31.81 11.3 6.8 196320

1734619009
26.95 11.09 6.79 24243

1734619011
26.95 11.09 6.79 159

1734619012
26.95 11.09 6.79 395183

1734619013
26.23 11.48 6.9 753694

1734619014
30.18 12.68 7.18 506052

1734619015
30.18 12.68 7.18 361825

1734619016
30.51 13.31 7.35 320316

1734619017
30.51 13.31 7.35 297715

1734619018
29.69 13.72 7.48 22615

1734619020
24.31 13.28 7.43 122068

1734619021
24.31 13.28 7.43 438800

1734619022
27.15 14.15 7.65 276063

1734619023
27.15 14.15 7.65 935243

1734619024
32.2 15.49 7.97 302137

1734619028
22.92 14.77 7.92 58945

1734619029
22.92 14.77 7.92 29502

1734619030
19.13 14.36 7.88 21852

1734619031
19.13 14.36 7.88 2793

1734619032
15.66 13.89 7.83 16901

1734619033
15.66 13.89 7.83 29200

1734619034
10.8 13.05 7.74 12272

1734619036
10.8 13.05 7.74 0

1734619037
10.8 13.05 7.74 26989

1734619038
9.02 12.66 7.69 4433

1734619039
7.39 12.25 7.64 5012

1734619040
7.39 12.25 7.64 1156

1734619041
7.39 12.25 7.64 8623

1734619042
6.05 11.84 7.58 6952

1734619043
5.31 11.52 7.55 44414

1734619044
4.35 11.14 7.49 1788

1734619047
4.35 11.14 7.49 1511

1734619048
3.56 10.78 7.44 2326

1734619049
3.56 10.78 7.44 4840

1734619050
2.91 10.43 7.39 126745

1734619051
4.74 10.51 7.43 150237

1734619052
4.74 10.51 7.43 2725

1734619053
4.74 10.51 7.43 438412

1734619054
9.68 11.21 7.6 462295

1734619056
9.68 11.21 7.6 81626

1734619057
11.0 11.4 7.66 561670

1734619058
18.43 12.73 7.97 569928

1734619059
16.18 12.51 7.95 146402

1734619061
16.18 12.51 7.95 0

1734619062
16.18 12.51 7.95 616331

1734619063
19.22 13.18 8.12 508099

1734619064
24.44 14.32 8.4 620719

1734619065
24.44 14.32 8.4 52672

1734619066
24.44 14.32 8.4 331530

1734619067
25.08 14.77 8.53 323319

1734619068
25.08 14.77 8.53 22477

1734619069
23.07 14.74 8.57 8905

1734619070
18.89 14.26 8.51 9217

1734619071
15.47 13.79 8.45 956

1734619072
15.47 13.79 8.45 179

1734619073
10.37 12.9 8.33 5758

1734619076
10.37 12.9 8.33 49

1734619077
10.37 12.9 8.33 142920

1734619078
11.39 13.01 8.39 259697

1734619079
11.39 13.01 8.39 2910

1734619080
10.05 12.71 8.36 2356

1734619081
10.05 12.71 8.36 205260

1734619082
12.76 13.11 8.47 389113

1734619083
12.76 13.11 8.47 580405

1734619084
13.3 13.28 8.57 2562

1734619087
13.3 13.28 8.57 584

1734619088
11.07 12.88 8.52 67454

1734619089
9.61 12.56 8.48 51508

1734619091
7.87 12.14 8.42 13827

1734619092
7.87 12.14 8.42 0

1734619093
7.87 12.14 8.42 614094

1734619094
10.32 12.44 8.54 71416

1734619097
10.32 12.44 8.54 0

1734619098
6.91 11.64 8.42 12928

1734619100
6.91 11.64 8.42 0

1734619101
6.91 11.64 8.42 192363

1734619102
7.29 11.55 8.43 7840

1734619103
7.29 11.55 8.43 336513

1734619104
11.22 12.12 8.57 461034

1734619105
11.22 12.12 8.57 30456

1734619106
11.36 12.12 8.59 9160

1734619107
11.36 12.12 8.59 3711

1734619108
9.3 11.72 8.53 3722

1734619109
9.3 11.72 8.53 55740

1734619112
6.53 11.03 8.43 3173

1734619113
6.53 11.03 8.43 38559

1734619114
3.83 10.04 8.27 3354

1734619120
3.83 10.04 8.27 0

1734619121
6.3 10.08 8.3 436206

1734619122
5.16 9.75 8.24 19108

1734619124
4.22 9.43 8.19 4953

1734619126
4.22 9.43 8.19 2248

1734619127
4.22 9.43 8.19 4860

1734619128
3.46 9.12 8.13 5751

1734619129
3.46 9.12 8.13 13521

1734619131
3.01 8.85 8.08 3098

1734619132
3.01 8.85 8.08 17533

1734619133
2.02 8.28 7.97 4961

1734619136
2.02 8.28 7.97 1141

1734619137
1.65 8.01 7.92 84292

1734619138
1.89 7.85 7.88 3597

1734619139
1.89 7.85 7.88 11147

1734619140
1.55 7.59 7.83 5301

1734619141
1.55 7.59 7.83 7349

1734619143
1.27 7.34 7.78 12837

1734619144
1.58 7.2 7.74 58159

1734619146
3.83 7.42 7.79 402138

1734619147
3.83 7.42 7.79 1781

1734619148
3.83 7.42 7.79 6318

1734619149
4.22 7.37 7.77 8463

1734619150
3.46 7.13 7.72 527

1734619151
3.46 7.13 7.72 8296

1734619152
2.61 6.74 7.63 41454

1734619155
2.61 6.74 7.63 271

1734619156
2.14 6.52 7.58 11435

1734619157
2.14 6.52 7.58 14365

1734619159
1.75 6.3 7.52 9684

1734619160
1.17 5.9 7.42 8888

1734619163
1.17 5.9 7.42 1580

1734619164
1.14 5.74 7.38 23920

1734619165
1.14 5.74 7.38 33196

1734619166
1.48 5.65 7.35 29444

1734619167
1.48 5.65 7.35 58722

1734619169
2.29 5.66 7.34 150250

1734619170
2.6 5.6 7.31 15202

1734619171
2.6 5.6 7.31 6070

1734619172
2.6 5.6 7.31 207251

1734619173
5.03 5.94 7.37 620784

1734619174
11.36 7.06 7.6 322152

1734619176
11.48 7.22 7.63 242654

1734619177
11.48 7.22 7.63 7299

1734619178
9.58 7.02 7.58 20594

1734619179
9.58 7.02 7.58 89346

1734619180
8.65 7.04 7.58 221074

1734619182
8.65 7.04 7.58 0

1734619183
8.65 7.04 7.58 171515

1734619184
8.89 7.14 7.6 35867

1734619185
8.89 7.14 7.6 32084

1734619186
8.37 7.1 7.58 101017

1734619187
8.3 7.13 7.59 161301

1734619190
8.3 7.13 7.59 0

1734619191
6.97 6.93 7.54 165642

1734619193
7.16 6.96 7.55 40233

1734619194
7.16 6.96 7.55 40800

1734619195
6.22 6.8 7.51 18663

1734619196
6.22 6.8 7.51 3895

1734619197
5.1 6.58 7.46 115334

1734619198
5.1 6.58 7.46 60863

1734619199
5.62 6.62 7.46 278359

1734619200
12.03 7.75 7.69 564230

1734619201
11.84 7.85 7.71 232397

1734619203
11.14 7.86 7.71 173487

1734619205
11.14 7.86 7.71 298

1734619206
9.31 7.63 7.67 22512

1734619207
9.31 7.63 7.67 18805

1734619208
9.97 7.81 7.7 453981

1734619209
9.97 7.81 7.7 289144

1734619210
14.51 8.7 7.89 218577

1734619211
14.51 8.7 7.89 3562

1734619212
11.88 8.41 7.84 3855

1734619213
11.88 8.41 7.84 56460

1734619214
15.88 9.25 8.02 719712

1734619215
15.88 9.25 8.02 100178

1734619216
14.82 9.28 8.03 77361

1734619217
14.82 9.28 8.03 17929

1734619218
12.86 9.1 8.0 5973

1734619220
13.97 9.43 8.08 383233

1734619221
13.81 9.77 8.17 625649

1734619224
13.81 9.77 8.17 46774

1734619225
13.81 9.77 8.17 564739

1734619226
19.64 10.95 8.43 628406

1734619227
20.8 11.45 8.55 186407

1734619229
20.8 11.45 8.55 0

1734619230
20.11 11.63 8.61 381234

1734619231
11.28 10.58 8.45 32472

1734619236
11.28 10.58 8.45 0

1734619237
8.6 10.12 8.38 152914

1734619240
8.6 10.12 8.38 0

1734619242
8.6 10.12 8.38 27420

1734619243
7.22 9.83 8.33 164060

1734619244
8.63 9.99 8.37 170117

1734619245
8.63 9.99 8.37 4398

1734619246
7.07 9.67 8.31 526

1734619247
7.07 9.67 8.31 2179

1734619248
5.78 9.35 8.26 1106

1734619249
4.74 9.04 8.2 2554

1734619251
4.74 9.04 8.2 28

1734619252
3.88 8.75 8.14 4043

1734619253
3.17 8.46 8.09 5171

1734619254
3.17 8.46 8.09 1679

1734619256
3.17 8.46 8.09 1122

1734619257
2.6 8.18 8.03 1878

1734619259
2.13 7.92 7.98 3768

1734619260
2.13 7.92 7.98 3311

1734619261
1.74 7.66 7.92 2474

1734619263
1.42 7.41 7.87 2685

1734619264
1.42 7.41 7.87 1887

1734619265
1.16 7.16 7.81 3949

1734619266
1.16 7.16 7.81 1352

1734619267
0.95 6.93 7.76 1503

1734619268
0.95 6.93 7.76 2832

1734619269
0.78 6.7 7.71 1448

1734619270
0.64 6.48 7.65 3136

1734619271
0.64 6.48 7.65 0

1734619273
0.52 6.27 7.6 7030

1734619274
0.52 6.27 7.6 3245

1734619275
0.42 6.06 7.55 2373

1734619276
0.42 6.06 7.55 2731

1734619277
0.35 5.86 7.5 4043

1734619278
0.35 5.86 7.5 3728

1734619279
0.28 5.67 7.45 2921

1734619280
0.28 5.67 7.45 3350

1734619281
0.23 5.49 7.39 3280

1734619282
0.23 5.49 7.39 2876

1734619283
0.19 5.31 7.34 2647

1734619284
0.19 5.31 7.34 2872

1734619285
0.15 5.13 7.29 2657

1734619286
0.15 5.13 7.29 6424

1734619287
0.12 4.96 7.24 4277

1734619288
0.12 4.96 7.24 4652

1734619289
0.1 4.8 7.19 3165

1734619290
0.1 4.8 7.19 2650

1734619291
0.08 4.64 7.14 3389

1734619292
0.08 4.64 7.14 1808

1734619293
0.07 4.49 7.1 2077

1734619294
0.07 4.49 7.1 3734

1734619295
0.05 4.34 7.05 2518

1734619296
0.05 4.34 7.05 2953

1734619297
0.04 4.2 7.0 3301

1734619298
0.04 4.2 7.0 2220

1734619299
0.03 4.06 6.95 2147

1734619300
0.03 4.06 6.95 1861

1734619301
0.03 3.93 6.9 882

1734619302
0.03 3.93 6.9 1353

1734619303
0.02 3.8 6.85 3071

1734619304
0.02 3.8 6.85 839

1734619305
0.02 3.68 6.81 2124

1734619306
0.02 3.68 6.81 871

1734619307
0.01 3.56 6.76 1687

1734619308
0.01 3.56 6.76 1266

1734619309
0.01 3.44 6.71 1750

1734619310
0.01 3.44 6.71 1371

1734619311
0.01 3.33 6.67 1272

1734619312
0.01 3.33 6.67 1028

1734619313
0.0 3.22 6.62 2227

1734619314
0.0 3.22 6.62 1256

1734619315
0.0 3.11 6.58 2575

1734619316
0.0 3.11 6.58 882

1734619317
0.0 3.01 6.53 987

1734619318
0.0 3.01 6.53 1569

1734619319
0.0 2.91 6.49 7064

1734619320
0.0 2.91 6.49 8213

1734619321
0.0 2.82 6.44 848

1734619322
0.0 2.82 6.44 1308

1734619323
0.0 2.72 6.4 1231

1734619324
0.0 2.72 6.4 1042

1734619325
0.0 2.63 6.35 829

1734619326
0.0 2.63 6.35 786

1734619327
0.0 2.55 6.31 1402

1734619328
0.0 2.55 6.31 1306

1734619329
0.0 2.46 6.27 731

1734619330
0.0 2.46 6.27 970

1734619331
0.0 2.38 6.22 1433

1734619332
0.0 2.38 6.22 6121

1734619333
0.0 2.3 6.18 26

1734619334
0.0 2.3 6.18 925

1734619335
0.0 2.23 6.14 1285

1734619336
0.0 2.23 6.14 797

1734619337
0.0 2.16 6.1 771

1734619338
0.0 2.16 6.1 751

1734619339
0.0 2.08 6.05 1712

1734619340
0.0 2.08 6.05 478

1734619341
0.0 2.02 6.01 2003

1734619342
0.0 2.02 6.01 245

1734619343
0.0 1.95 5.97 418

1734619344
0.0 1.95 5.97 300

1734619345
0.0 1.89 5.93 278

1734619346
0.0 1.89 5.93 206

1734619347
0.0 1.82 5.89 185

1734619348
0.0 1.82 5.89 4326

1734619349
0.0 1.76 5.85 1477

1734619350
0.0 1.76 5.85 1769

1734619351
0.0 1.71 5.81 703

1734619352
0.0 1.71 5.81 2264

1734619353
0.0 1.6 5.73 2092

1734619355
0.0 1.6 5.73 295

1734619356
0.0 1.6 5.73 1740

1734619357
0.0 1.54 5.69 1584

1734619358
0.0 1.54 5.69 1005

1734619359
0.0 1.49 5.65 933

1734619360
0.0 1.49 5.65 979

1734619361
0.0 1.44 5.61 1358

1734619362
0.0 1.44 5.61 932

1734619363
0.0 1.39 5.57 741

1734619364
0.0 1.39 5.57 1966

1734619365
0.0 1.35 5.53 1742

1734619366
0.0 1.35 5.53 1022

1734619367
0.0 1.3 5.5 1117

1734619368
0.0 1.3 5.5 872

1734619369
0.0 1.26 5.46 1134

1734619370
0.0 1.26 5.46 1333

1734619371
0.0 1.22 5.42 1304

1734619372
0.0 1.22 5.42 971

1734619373
0.0 1.18 5.38 1193

1734619374
0.0 1.18 5.38 881

1734619375
0.0 1.14 5.35 908

1734619376
0.0 1.14 5.35 1117

1734619377
0.0 1.1 5.31 1007

1734619378
0.0 1.1 5.31 1167

1734619379
0.0 1.07 5.27 3412

1734619380
0.0 1.07 5.27 829

1734619381
0.0 1.03 5.24 1237

1734619382
0.0 1.03 5.24 1301

1734619383
0.0 1.0 5.2 1078

1734619384
0.0 1.0 5.2 1092

1734619385
0.0 0.96 5.16 1283

1734619386
0.0 0.96 5.16 1206

1734619387
0.0 0.93 5.13 1099

1734619388
0.0 0.93 5.13 1176

1734619389
0.0 0.9 5.09 1436

1734619390
0.0 0.9 5.09 1134

1734619391
0.0 0.87 5.06 859

1734619392
0.0 0.87 5.06 1108

1734619393
0.0 0.84 5.02 1345

1734619394
0.0 0.84 5.02 1350

1734619395
0.0 0.81 4.99 869

1734619396
0.0 0.81 4.99 1484

1734619397
0.0 0.79 4.95 1059

1734619398
0.0 0.79 4.95 934

1734619399
0.0 0.76 4.92 902

1734619400
0.0 0.76 4.92 828

1734619401
0.0 0.74 4.89 726

1734619402
0.0 0.74 4.89 985

1734619403
0.0 0.71 4.85 1354

1734619404
0.0 0.71 4.85 844

1734619405
0.0 0.69 4.82 1004

1734619406
0.0 0.69 4.82 1851

1734619407
0.0 0.66 4.79 886

1734619408
0.0 0.66 4.79 1004

1734619409
0.0 0.64 4.75 894

1734619410
0.0 0.64 4.75 1301

1734619411
0.0 0.62 4.72 1225

1734619412
0.0 0.62 4.72 782

1734619413
0.0 0.6 4.69 1526

1734619414
0.0 0.6 4.69 765

1734619415
0.0 0.58 4.66 1317

1734619416
0.0 0.58 4.66 1285

1734619417
0.0 0.56 4.62 1206

1734619418
0.0 0.56 4.62 898

1734619419
0.0 0.54 4.59 981

1734619420
0.0 0.54 4.59 1615

1734619421
0.0 0.52 4.56 538

1734619422
0.0 0.52 4.56 2241

1734619423
0.0 0.51 4.53 1503

1734619424
0.0 0.51 4.53 737

1734619425
0.0 0.49 4.5 2133

1734619426
0.0 0.49 4.5 998

1734619427
0.0 0.47 4.47 839

1734619428
0.0 0.47 4.47 856

1734619429
0.0 0.46 4.44 843

1734619430
0.0 0.46 4.44 849

1734619431
0.0 0.44 4.4 1189

1734619432
0.0 0.44 4.4 558

1734619433
0.0 0.43 4.37 1504

1734619434
0.0 0.43 4.37 1007

1734619435
0.0 0.41 4.34 1351

1734619436
0.0 0.41 4.34 1035

1734619437
0.0 0.4 4.31 1124

1734619438
0.0 0.4 4.31 1460

1734619439
0.0 0.39 4.28 1449

1734619440
0.0 0.39 4.28 1104

1734619441
0.0 0.37 4.25 1035

1734619442
0.0 0.37 4.25 2102

1734619443
0.0 0.36 4.23 1464

1734619444
0.0 0.36 4.23 1089

1734619445
0.0 0.35 4.2 1263

1734619446
0.0 0.35 4.2 1444

1734619447
0.0 0.34 4.17 1020

1734619448
0.0 0.34 4.17 1003

1734619449
0.0 0.32 4.14 1172

1734619450
0.0 0.32 4.14 964

1734619451
0.0 0.31 4.11 1230

1734619452
0.0 0.31 4.11 815

1734619453
0.0 0.3 4.08 1058

1734619454
0.0 0.3 4.08 1144

1734619455
0.0 0.29 4.05 921

1734619456
0.0 0.29 4.05 889

1734619457
0.0 0.28 4.03 1446

1734619458
0.0 0.28 4.03 1332

1734619459
0.0 0.27 4.0 1020

1734619460
0.0 0.27 4.0 814

1734619461
0.0 0.26 3.97 1137

1734619462
0.0 0.26 3.97 1057

1734619463
0.0 0.25 3.94 2802

1734619464
0.0 0.24 3.89 1480

1734619467
0.0 0.24 3.89 0

1734619468
0.0 0.24 3.89 934

1734619469
0.0 0.23 3.86 1226

1734619470
0.0 0.23 3.86 797

1734619471
0.0 0.22 3.83 1439

1734619472
0.0 0.22 3.83 1733

1734619473
0.0 0.21 3.81 1029

1734619474
0.0 0.21 3.81 831

1734619475
0.0 0.21 3.78 1157

1734619476
0.0 0.21 3.78 1346

1734619477
0.0 0.2 3.76 1220

1734619478
0.0 0.2 3.76 1316

1734619479
0.0 0.19 3.73 1318

1734619480
0.0 0.19 3.73 1078

1734619481
0.0 0.19 3.7 1226

1734619482
0.0 0.19 3.7 963

1734619483
0.0 0.18 3.68 1218

1734619484
0.0 0.18 3.68 1098

1734619485
0.0 0.17 3.65 1373

1734619486
0.0 0.17 3.65 1921

1734619487
0.0 0.17 3.63 1454

1734619488
0.0 0.17 3.63 1496

1734619489
0.0 0.16 3.6 1188

1734619490
0.0 0.16 3.6 1155

1734619491
0.0 0.16 3.58 1337

1734619492
0.0 0.16 3.58 1076

1734619493
0.0 0.15 3.55 811

1734619494
0.0 0.15 3.55 1285

1734619495
0.0 0.14 3.53 906

1734619496
0.0 0.14 3.53 1063

1734619497
0.0 0.14 3.5 960

1734619498
0.0 0.14 3.5 439

1734619499
0.0 0.13 3.48 941

1734619500
0.0 0.13 3.48 921

1734619501
0.0 0.13 3.46 735

1734619502
0.0 0.13 3.46 573

1734619503
0.0 0.12 3.43 1046

1734619504
0.0 0.12 3.43 1111

1734619505
0.0 0.12 3.41 1070

1734619506
0.0 0.12 3.41 1514

1734619507
0.0 0.12 3.38 1731

1734619508
0.0 0.12 3.38 904

1734619509
0.0 0.11 3.36 1401

1734619510
0.0 0.11 3.36 953

1734619511
0.0 0.11 3.34 1357

1734619512
0.0 0.11 3.34 1135

1734619513
0.0 0.1 3.31 1206

1734619514
0.0 0.1 3.31 578

1734619515
0.0 0.1 3.29 550

1734619516
0.0 0.1 3.29 795

1734619517
0.0 0.1 3.27 1991

1734619518
0.0 0.1 3.27 1146

1734619519
0.0 0.09 3.25 1272

1734619520
0.0 0.09 3.25 843

1734619521
0.0 0.09 3.22 887

1734619522
0.0 0.09 3.22 2226

1734619523
0.0 0.09 3.2 1274

1734619524
0.0 0.09 3.2 909

1734619525
0.0 0.08 3.18 912

1734619526
0.0 0.08 3.18 818

1734619527
0.0 0.08 3.16 940

1734619528
0.0 0.08 3.16 803

1734619529
0.0 0.08 3.14 940

1734619530
0.0 0.07 3.11 745

1734619532
0.0 0.07 3.11 0

1734619533
0.0 0.07 3.09 774

1734619534
0.0 0.07 3.09 931

1734619535
0.0 0.07 3.07 1102

1734619536
0.0 0.07 3.07 993

1734619537
0.0 0.07 3.05 880

1734619538
0.0 0.07 3.05 1002

1734619539
0.0 0.06 3.03 832

1734619540
0.0 0.06 3.03 939

1734619541
0.0 0.06 3.01 799

1734619542
0.0 0.06 3.01 1039

1734619543
0.0 0.06 2.99 825

1734619544
0.0 0.06 2.99 935

1734619545
0.0 0.06 2.97 1053

1734619546
0.0 0.06 2.97 784

1734619547
0.0 0.05 2.95 1608

1734619548
0.0 0.05 2.95 1241

1734619549
0.0 0.05 2.92 1196

1734619550
0.0 0.05 2.92 1258

1734619551
0.0 0.05 2.9 742

1734619552
0.0 0.05 2.9 796

1734619553
0.0 0.05 2.88 2394

1734619554
0.0 0.05 2.88 1319

1734619555
0.0 0.05 2.86 1034

1734619556
0.0 0.05 2.86 649

1734619557
0.0 0.04 2.84 1028

1734619558
0.0 0.04 2.84 756

1734619559
0.0 0.04 2.82 877

1734619560
0.0 0.04 2.82 952

1734619561
0.0 0.04 2.81 2045

1734619562
0.0 0.04 2.81 3169

1734619563
0.0 0.04 2.79 1268

1734619564
0.0 0.04 2.79 821

1734619565
0.0 0.04 2.77 788

1734619566
0.0 0.04 2.77 770

1734619567
0.0 0.04 2.75 981

1734619568
0.0 0.04 2.75 1148

1734619569
0.0 0.03 2.73 679

1734619570
0.0 0.03 2.73 989

1734619571
0.0 0.03 2.71 733

1734619572
0.0 0.03 2.71 809

1734619573
0.0 0.03 2.69 825

1734619574
0.0 0.03 2.69 860

1734619575
0.0 0.03 2.67 854

1734619576
0.0 0.03 2.67 3770

1734619577
0.0 0.03 2.65 981

1734619578
0.0 0.03 2.65 2335

1734619579
0.0 0.03 2.63 1005

1734619580
0.0 0.03 2.63 975

1734619581
0.0 0.02 2.62 1484

1734619582
0.0 0.02 2.62 1035

1734619583
0.0 0.02 2.6 1230

1734619584
0.0 0.02 2.6 1127

1734619585
0.0 0.02 2.58 1221

1734619586
0.0 0.02 2.58 960

1734619587
0.0 0.02 2.56 1063

1734619588
0.0 0.02 2.56 1060

1734619589
0.0 0.02 2.54 889

1734619590
0.0 0.02 2.54 1064

1734619591
0.0 0.02 2.53 1391

1734619592
0.0 0.02 2.53 1001

1734619593
0.0 0.02 2.51 996

1734619594
0.0 0.02 2.51 1118

1734619595
0.0 0.02 2.49 896

1734619596
0.0 0.02 2.49 1236

1734619597
0.0 0.02 2.47 1324

1734619598
0.0 0.02 2.47 1076

1734619599
0.0 0.02 2.46 1154

1734619600
0.0 0.02 2.46 827

1734619601
0.0 0.02 2.44 908

1734619602
0.0 0.02 2.44 898

1734619603
0.0 0.01 2.42 974

1734619604
0.0 0.01 2.42 1235

1734619605
0.0 0.01 2.41 1228

1734619606
0.0 0.01 2.41 1199

1734619607
0.0 0.01 2.39 1267

1734619608
0.0 0.01 2.39 1366

1734619609
0.0 0.01 2.37 1016

1734619610
0.0 0.01 2.37 1865

1734619611
0.0 0.01 2.36 888

1734619612
0.0 0.01 2.36 708

1734619613
0.0 0.01 2.34 616

1734619614
0.0 0.01 2.34 838

1734619615
0.0 0.01 2.32 991

1734619616
0.0 0.01 2.32 884

1734619617
0.0 0.01 2.31 994

1734619618
0.0 0.01 2.31 1066

1734619619
0.0 0.01 2.29 1071

1734619620
0.0 0.01 2.29 4315

1734619621
0.0 0.01 2.28 1539

1734619622
0.0 0.01 2.28 1044

1734619623
0.0 0.01 2.26 1108

1734619624
0.0 0.01 2.26 1134

1734619625
0.0 0.01 2.24 1600

1734619626
0.0 0.01 2.24 1409

1734619627
0.0 0.01 2.23 1627

1734619628
0.0 0.01 2.23 1523

1734619629
0.0 0.01 2.21 1788

1734619630
0.0 0.01 2.21 1258

1734619631
0.0 0.0 2.2 1031

1734619632
0.0 0.0 2.2 1610

1734619633
0.0 0.0 2.18 1216

1734619634
0.0 0.0 2.18 1311

1734619635
0.0 0.0 2.17 1185

1734619636
0.0 0.0 2.17 1247

1734619637
0.0 0.0 2.15 1462

1734619638
0.0 0.0 2.15 1751

1734619639
0.0 0.0 2.14 1136

1734619640
0.0 0.0 2.14 798

1734619641
0.0 0.0 2.12 871

1734619642
0.0 0.0 2.12 1299

1734619643
0.0 0.0 2.11 1981

1734619644
0.0 0.0 2.11 1413

1734619645
0.0 0.0 2.09 1453

1734619646
0.0 0.0 2.09 2994

1734619647
0.0 0.0 2.09 1129

1734619648
0.0 0.0 2.08 1029

1734619649
0.0 0.0 2.08 1168

1734619650
0.0 0.0 2.06 774

1734619651
0.0 0.0 2.06 883

1734619652
0.0 0.0 2.05 865

1734619653
0.0 0.0 2.05 1236

1734619654
0.0 0.0 2.04 1122

1734619655
0.0 0.0 2.04 1007

1734619656
0.0 0.0 2.02 1878

1734619657
0.0 0.0 2.02 1397

1734619658
0.0 0.0 2.01 1477

1734619659
0.0 0.0 2.01 1087

1734619660
0.0 0.0 1.99 1033

1734619661
0.0 0.0 1.99 1054

1734619662
0.0 0.0 1.98 1202

1734619663
0.0 0.0 1.98 1362

1734619664
0.0 0.0 1.97 1205

1734619665
0.0 0.0 1.97 1339

1734619666
0.0 0.0 1.95 1220

1734619667
0.0 0.0 1.95 1099

1734619668
0.0 0.0 1.94 3222

1734619669
0.0 0.0 1.94 1075

1734619670
0.0 0.0 1.92 1136

1734619671
0.0 0.0 1.92 924

1734619672
0.0 0.0 1.91 1070

1734619673
0.0 0.0 1.91 1185

1734619674
0.0 0.0 1.9 1478

1734619675
0.0 0.0 1.9 1335

1734619676
0.0 0.0 1.88 955

1734619677
0.0 0.0 1.88 1928

1734619678
0.0 0.0 1.87 953

1734619679
0.0 0.0 1.87 1658

1734619680
0.0 0.0 1.86 1453

1734619681
0.0 0.0 1.86 1163

1734619682
0.0 0.0 1.85 996

1734619683
0.0 0.0 1.85 1103

1734619684
0.0 0.0 1.83 1000

1734619685
0.0 0.0 1.83 1141

1734619686
0.0 0.0 1.82 994

1734619687
0.0 0.0 1.82 992

1734619688
0.0 0.0 1.81 750

1734619689
0.0 0.0 1.81 1287

1734619690
0.0 0.0 1.79 943

1734619691
0.0 0.0 1.79 1105

1734619692
0.0 0.0 1.78 2481

1734619693
0.0 0.0 1.78 1295

1734619694
0.0 0.0 1.77 1475

1734619695
0.0 0.0 1.77 1170

1734619696
0.0 0.0 1.76 5511

1734619697
0.0 0.0 1.76 1027

1734619698
0.0 0.0 1.74 1068

1734619699
0.0 0.0 1.74 796

1734619700
0.0 0.0 1.73 1275

1734619701
0.0 0.0 1.73 1197

1734619702
0.0 0.0 1.72 1047

1734619703
0.0 0.0 1.72 1743

1734619704
0.0 0.0 1.71 3371

1734619705
0.0 0.0 1.71 1345

1734619706
0.0 0.0 1.7 1018

1734619707
0.0 0.0 1.7 1729

1734619708
0.0 0.0 1.68 1032

1734619709
0.0 0.0 1.68 2479

1734619710
0.0 0.0 1.67 800

1734619711
0.0 0.0 1.67 626

1734619712
0.0 0.0 1.66 1289

1734619713
0.0 0.0 1.66 100

1734619714
0.0 0.0 1.65 1980

1734619715
0.0 0.0 1.65 3654

1734619716
0.0 0.0 1.64 145

1734619717
0.0 0.0 1.64 93

1734619718
0.0 0.0 1.63 556

1734619719
0.0 0.0 1.63 161

1734619720
0.0 0.0 1.62 572

1734619721
0.0 0.0 1.62 158

1734619722
0.0 0.0 1.6 238

1734619723
0.0 0.0 1.6 79

1734619724
0.0 0.0 1.59 189

1734619725
0.0 0.0 1.59 56

1734619726
0.0 0.0 1.58 182

1734619727
0.0 0.0 1.58 165

1734619728
0.0 0.0 1.57 135

1734619729
0.0 0.0 1.57 83

1734619730
0.0 0.0 1.56 115

1734619731
0.0 0.0 1.56 35

1734619732
0.0 0.0 1.55 65

1734619733
0.0 0.0 1.55 47

1734619734
0.0 0.0 1.54 82

1734619735
0.0 0.0 1.54 138

1734619736
0.0 0.0 1.53 61

1734619737
0.0 0.0 1.53 123

1734619738
0.0 0.0 1.52 121

1734619739
0.0 0.0 1.52 51

1734619740
0.0 0.0 1.51 165

1734619741
0.0 0.0 1.51 162

1734619742
0.0 0.0 1.49 99

1734619743
0.0 0.0 1.49 109

1734619744
0.0 0.0 1.48 114

1734619745
0.0 0.0 1.48 84

1734619746
0.0 0.0 1.47 144

1734619747
0.0 0.0 1.47 764

1734619748
0.0 0.0 1.46 279

1734619749
0.0 0.0 1.46 118

1734619750
0.0 0.0 1.45 111

1734619751
0.0 0.0 1.45 240

1734619752
0.0 0.0 1.44 809

1734619753
0.0 0.0 1.44 802

1734619754
0.0 0.0 1.43 149

1734619755
0.0 0.0 1.43 218

1734619756
0.0 0.0 1.42 162

1734619757
0.0 0.0 1.42 395

1734619758
0.0 0.0 1.41 9934

1734619759
0.0 0.0 1.41 5045

1734619760
0.0 0.0 1.4 1131

1734619761
0.0 0.0 1.4 468

1734619762
0.0 0.0 1.39 3190

1734619763
0.0 0.0 1.39 5804

1734619764
0.0 0.0 1.38 5360

1734619765
0.0 0.0 1.38 2856

1734619766
0.0 0.0 1.37 660

1734619767
0.0 0.0 1.37 411

1734619768
0.0 0.0 1.36 849

1734619769
0.0 0.0 1.36 4199

1734619770
0.0 0.0 1.35 15445

1734619771
0.0 0.0 1.35 10608

1734619772
0.18 0.03 1.35 13249

1734619773
0.18 0.03 1.35 2999

1734619774
0.14 0.03 1.34 317

1734619775
0.14 0.03 1.34 9391

1734619776
0.12 0.02 1.33 14693

1734619777
0.12 0.02 1.33 3879

1734619778
0.09 0.02 1.32 6617

1734619779
0.09 0.02 1.32 145

1734619780
0.08 0.02 1.31 171

1734619781
0.08 0.02 1.31 90

1734619782
0.06 0.02 1.31 105

1734619783
0.06 0.02 1.31 222

1734619784
0.05 0.02 1.3 79

1734619785
0.05 0.02 1.3 847

1734619786
0.04 0.02 1.29 4216

1734619787
0.04 0.02 1.29 141

1734619788
0.03 0.02 1.28 1724

1734619789
0.03 0.02 1.28 7395

1734619790
0.02 0.02 1.27 8667

1734619791
0.02 0.02 1.27 6447

1734619792
0.02 0.02 1.26 4091

1734619793
0.02 0.02 1.26 2664

1734619794
0.01 0.02 1.25 2239

1734619795
0.01 0.02 1.25 955

1734619796
0.01 0.02 1.24 5403

1734619797
0.01 0.02 1.24 5817

1734619798
0.01 0.01 1.23 6181

1734619799
0.01 0.01 1.23 8453

1734619800
0.0 0.01 1.22 162

1734619801
0.0 0.01 1.22 159

1734619802
0.0 0.01 1.22 130

1734619803
0.0 0.01 1.22 451

1734619804
0.0 0.01 1.21 7470

1734619805
0.0 0.01 1.21 10810

1734619806
0.0 0.01 1.2 3933

1734619807
0.0 0.01 1.2 3035

1734619808
0.0 0.01 1.19 10691

1734619809
0.0 0.01 1.19 7370

1734619810
0.0 0.01 1.18 3114

1734619811
0.0 0.01 1.18 11251

1734619812
0.0 0.01 1.17 13392

1734619813
0.0 0.01 1.17 14933

1734619814
0.18 0.04 1.17 507

1734619815
0.18 0.04 1.17 37

1734619816
0.14 0.04 1.16 63

1734619817
0.14 0.04 1.16 10

1734619818
0.12 0.04 1.16 56

1734619819
0.12 0.04 1.16 33

1734619820
0.1 0.04 1.15 831

1734619821
0.1 0.04 1.15 1775

1734619823
0.08 0.03 1.14 563

