1734618925
0.01 3.88 7.92 196

1734618926
0.0 3.76 7.86 389

1734618927
0.0 3.76 7.86 494

1734618928
0.0 3.63 7.81 309772

1734618929
0.0 3.63 7.81 321629

1734618930
5.62 4.53 7.97 41956

1734618931
5.62 4.53 7.97 23639

1734618932
5.14 4.48 7.93 11817

1734618933
5.14 4.48 7.93 17571

1734618934
4.57 4.4 7.89 136813

1734618935
4.57 4.4 7.89 4363

1734618936
4.83 4.45 7.88 292

1734618937
4.83 4.45 7.88 0

1734618938
3.95 4.3 7.83 166

1734618939
3.6 4.23 7.79 112039

1734618940
3.6 4.23 7.79 68579

1734618941
3.6 4.23 7.79 584

1734618942
4.03 4.29 7.77 0

1734618943
4.03 4.29 7.77 20878

1734618944
3.48 4.18 7.73 5498

1734618945
3.39 4.14 7.69 94001

1734618946
3.39 4.14 7.69 4474

1734618947
3.39 4.14 7.69 127345

1734618948
4.05 4.23 7.69 8545

1734618949
4.05 4.23 7.69 101

1734618950
3.31 4.09 7.64 9230

1734618951
3.31 4.09 7.64 189655

1734618952
4.7 4.32 7.66 65946

1734618953
4.7 4.32 7.66 25

1734618954
4.03 4.21 7.61 14301

1734618955
4.03 4.21 7.61 84143

1734618956
4.02 4.2 7.59 46

1734618957
4.02 4.2 7.59 348

1734618958
3.29 4.07 7.54 195

1734618959
3.29 4.07 7.54 13

1734618960
2.7 3.93 7.49 26161

1734618961
2.7 3.93 7.49 37

1734618962
2.39 3.84 7.44 468

1734618963
2.39 3.84 7.44 0

1734618964
1.95 3.71 7.39 0

1734618965
1.95 3.71 7.39 115619

1734618966
2.51 3.75 7.37 32006

1734618967
2.51 3.75 7.37 74359

1734618968
2.96 3.79 7.36 0

1734618969
2.96 3.79 7.36 127

1734618970
2.42 3.67 7.31 102

1734618971
2.42 3.67 7.31 5

1734618972
2.16 3.58 7.26 30058

1734618973
2.16 3.58 7.26 0

1734618974
1.77 3.46 7.21 8304

1734618975
1.77 3.46 7.21 0

1734618976
1.45 3.35 7.16 10689

1734618977
1.45 3.35 7.16 27679

1734618978
3.18 3.6 7.19 316641

1734618979
3.18 3.6 7.19 1188

1734618980
3.51 3.65 7.17 2526

1734618981
3.51 3.65 7.17 13649

1734618982
2.87 3.53 7.12 167

1734618983
2.87 3.53 7.12 275706

1734618984
5.25 3.93 7.19 713726

1734618985
5.25 3.93 7.19 35080

1734618986
11.0 5.02 7.39 58854

1734618987
11.0 5.02 7.39 23606

1734618988
9.37 4.92 7.35 28011

1734618989
9.37 4.92 7.35 17178

1734618990
8.03 4.82 7.32 776

1734618991
8.03 4.82 7.32 42

1734618992
6.58 4.66 7.27 114

1734618993
6.58 4.66 7.27 67183

1734618994
6.29 4.68 7.25 102438

1734618995
6.29 4.68 7.25 6673

1734618996
5.69 4.62 7.22 0

1734618997
5.69 4.62 7.22 16

1734618998
4.66 4.47 7.17 12

1734618999
4.66 4.47 7.17 0

1734619000
3.81 4.32 7.12 2534

1734619001
3.81 4.32 7.12 118

1734619002
3.12 4.18 7.07 146

1734619003
3.12 4.18 7.07 5084

1734619004
2.56 4.04 7.02 5157

1734619005
2.56 4.04 7.02 7308

1734619006
2.27 3.94 6.98 170701

1734619007
2.27 3.94 6.98 149453

1734619008
4.76 4.34 7.04 117493

1734619009
9.87 5.28 7.22 1341684

1734619011
9.87 5.28 7.22 1265

1734619012
9.87 5.28 7.22 110940

1734619013
16.06 6.54 7.47 170197

1734619014
16.23 6.89 7.54 362893

1734619015
16.23 6.89 7.54 817462

1734619016
22.34 8.3 7.83 113529

1734619017
22.34 8.3 7.83 526337

1734619018
23.91 9.04 7.99 581117

1734619020
30.99 10.8 8.36 808199

1734619021
30.99 10.8 8.36 51988

1734619022
27.37 10.81 8.38 195131

1734619023
27.37 10.81 8.38 231951

1734619024
25.49 11.01 8.44 88496

1734619028
29.36 12.61 8.81 1568727

1734619029
29.36 12.61 8.81 345175

1734619030
31.11 13.47 9.02 668643

1734619031
31.11 13.47 9.02 916596

1734619032
39.24 15.52 9.48 349887

1734619033
39.24 15.52 9.48 232211

1734619034
44.15 17.92 10.06 2299811

1734619036
44.15 17.92 10.06 0

1734619037
44.15 17.92 10.06 357810

1734619038
45.75 19.06 10.36 601250

1734619039
50.69 20.83 10.79 1073131

1734619040
50.69 20.83 10.79 634611

1734619041
50.69 20.83 10.79 392029

1734619042
53.1 22.24 11.15 875527

1734619043
54.89 23.57 11.5 1195573

1734619044
58.89 25.32 11.95 1748751

1734619047
58.89 25.32 11.95 765058

1734619048
63.44 27.24 12.44 648428

1734619049
63.44 27.24 12.44 897433

1734619050
65.17 28.74 12.86 583061

1734619051
61.88 29.34 13.09 803367

1734619052
61.88 29.34 13.09 1228

1734619053
61.88 29.34 13.09 186317

1734619054
57.37 29.59 13.25 644628

1734619056
57.37 29.59 13.25 422722

1734619057
55.67 30.19 13.49 256923

1734619058
49.21 29.86 13.54 1336783

1734619059
52.43 31.07 13.9 877758

1734619061
52.43 31.07 13.9 0

1734619062
52.43 31.07 13.9 291221

1734619063
51.08 31.53 14.12 231394

1734619064
47.26 31.48 14.22 622926

1734619065
47.26 31.48 14.22 143504

1734619066
47.26 31.48 14.22 246824

1734619067
44.5 31.49 14.35 285386

1734619068
44.5 31.49 14.35 643090

1734619069
44.95 32.0 14.57 435315

1734619070
46.59 32.72 14.84 1742456

1734619071
52.46 34.24 15.28 791532

1734619072
52.46 34.24 15.28 192110

1734619073
63.41 37.51 16.23 3053987

1734619076
63.41 37.51 16.23 2391

1734619077
63.41 37.51 16.23 417687

1734619078
59.17 37.59 16.39 651432

1734619079
59.17 37.59 16.39 634637

1734619080
62.22 38.85 16.8 819792

1734619081
62.22 38.85 16.8 349180

1734619082
59.28 39.08 17.0 471777

1734619083
59.28 39.08 17.0 762581

1734619084
64.31 41.25 17.76 3548832

1734619087
64.31 41.25 17.76 1430

1734619088
67.69 42.62 18.2 803274

1734619089
66.3 43.19 18.49 1559753

1734619091
70.59 44.72 18.98 1028998

1734619092
70.59 44.72 18.98 0

1734619093
70.59 44.72 18.98 114908

1734619094
67.05 45.57 19.51 3478317

1734619097
67.05 45.57 19.51 0

1734619098
74.81 48.49 20.48 2478993

1734619100
74.81 48.49 20.48 0

1734619101
74.81 48.49 20.48 737847

1734619102
71.4 48.73 20.72 589718

1734619103
71.4 48.73 20.72 392471

1734619104
67.34 48.74 20.92 385663

1734619105
67.34 48.74 20.92 705635

1734619106
65.65 49.04 21.17 843407

1734619107
65.65 49.04 21.17 905969

1734619108
68.07 50.02 21.57 420299

1734619109
68.07 50.02 21.57 603185

1734619112
73.51 52.16 22.4 2763820

1734619113
73.51 52.16 22.4 606127

1734619114
79.01 55.14 23.64 5851126

1734619120
79.01 55.14 23.64 0

1734619121
74.4 55.88 24.23 1016848

1734619122
73.06 56.24 24.52 1469739

1734619124
73.77 56.92 24.88 1782403

1734619126
73.77 56.92 24.88 752878

1734619127
73.77 56.92 24.88 436929

1734619128
75.26 57.74 25.27 393935

1734619129
75.26 57.74 25.27 610756

1734619131
71.23 57.59 25.46 615411

1734619132
71.23 57.59 25.46 645179

1734619133
67.8 57.78 25.94 2253167

1734619136
67.8 57.78 25.94 688

1734619137
63.85 57.39 26.08 743156

1734619138
63.52 57.54 26.32 671428

1734619139
63.52 57.54 26.32 582256

1734619140
61.61 57.39 26.51 699572

1734619141
61.61 57.39 26.51 854677

1734619143
63.49 57.87 26.82 1098989

1734619144
61.95 57.78 27.01 757767

1734619146
58.52 57.29 27.12 568966

1734619147
58.52 57.29 27.12 576058

1734619148
58.52 57.29 27.12 213573

1734619149
57.34 57.12 27.29 1294498

1734619150
59.63 57.54 27.58 306747

1734619151
59.63 57.54 27.58 447264

1734619152
59.52 57.58 28.0 2735357

1734619155
59.52 57.58 28.0 3856

1734619156
61.23 57.96 28.28 484953

1734619157
61.23 57.96 28.28 480781

1734619159
57.57 57.4 28.36 890409

1734619160
59.82 57.94 28.88 2407860

1734619163
59.82 57.94 28.88 9205

1734619164
60.4 58.1 29.11 1157017

1734619165
60.4 58.1 29.11 163732

1734619166
60.87 58.26 29.34 941317

1734619167
60.87 58.26 29.34 561499

1734619169
59.98 58.19 29.52 1076406

1734619170
57.09 57.72 29.62 468429

1734619171
57.09 57.72 29.62 116584

1734619172
57.09 57.72 29.62 231532

1734619173
51.82 56.75 29.61 434278

1734619174
49.86 56.24 29.69 785380

1734619176
51.33 56.29 29.88 1142291

1734619177
51.33 56.29 29.88 777109

1734619178
55.26 56.84 30.18 758311

1734619179
55.26 56.84 30.18 40628

1734619180
64.97 58.57 30.91 3105962

1734619182
64.97 58.57 30.91 0

1734619183
64.97 58.57 30.91 486400

1734619184
60.99 58.06 30.99 359416

1734619185
60.99 58.06 30.99 287196

1734619186
54.11 56.91 30.94 160704

1734619187
54.27 56.85 31.1 2715364

1734619190
54.27 56.85 31.1 0

1734619191
59.11 57.64 31.44 180481

1734619193
53.11 56.6 31.4 874603

1734619194
53.11 56.6 31.4 482858

1734619195
52.91 56.45 31.54 786567

1734619196
52.91 56.45 31.54 203492

1734619197
52.02 56.18 31.66 527427

1734619198
52.02 56.18 31.66 475890

1734619199
51.29 55.91 31.77 137567

1734619200
47.07 54.99 31.74 1066754

1734619201
51.95 55.62 32.03 1555173

1734619203
53.95 55.86 32.24 1441681

1734619205
53.95 55.86 32.24 9191

1734619206
54.5 55.9 32.41 517574

1734619207
54.5 55.9 32.41 249804

1734619208
51.51 55.31 32.45 493260

1734619209
51.51 55.31 32.45 59030

1734619210
46.71 54.32 32.4 539969

1734619211
46.71 54.32 32.4 335145

1734619212
49.11 54.5 32.59 1158152

1734619213
49.11 54.5 32.59 92536

1734619214
48.55 54.22 32.68 375869

1734619215
48.55 54.22 32.68 1071393

1734619216
50.62 54.41 32.87 306021

1734619217
50.62 54.41 32.87 212759

1734619218
47.79 53.78 32.88 430162

1734619220
47.1 53.46 32.96 722230

1734619221
55.76 54.61 33.48 3019419

1734619224
55.76 54.61 33.48 12222

1734619225
55.76 54.61 33.48 243217

1734619226
50.73 53.74 33.44 389987

1734619227
50.42 53.59 33.55 1208495

1734619229
50.42 53.59 33.55 0

1734619230
49.62 53.34 33.63 995724

1734619231
59.48 54.86 34.36 3645307

1734619236
59.48 54.86 34.36 0

1734619237
61.06 55.4 34.75 2595330

1734619240
61.06 55.4 34.75 0

1734619242
61.06 55.4 34.75 1013315

1734619243
60.14 55.42 34.89 328720

1734619244
52.69 54.23 34.78 126411

1734619245
52.69 54.23 34.78 507411

1734619246
50.57 53.79 34.83 392280

1734619247
50.57 53.79 34.83 824700

1734619248
53.37 54.19 35.04 510520

1734619249
57.1 54.84 35.31 2393843

1734619251
57.1 54.84 35.31 3052

1734619252
57.45 54.98 35.47 252797

1734619253
59.0 55.34 35.68 1465750

1734619254
59.0 55.34 35.68 1057732

1734619256
59.0 55.34 35.68 325472

1734619257
62.62 56.11 35.97 1385283

1734619259
66.13 56.96 36.29 774623

1734619260
66.13 56.96 36.29 114971

1734619261
60.13 56.18 36.27 413948

1734619263
60.46 56.37 36.44 1509470

1734619264
60.46 56.37 36.44 106787

1734619265
57.12 55.9 36.48 419167

1734619266
57.12 55.9 36.48 332994

1734619267
52.93 55.18 36.46 486329

1734619268
52.93 55.18 36.46 329321

1734619269
50.59 54.68 36.49 373922

1734619270
52.47 54.89 36.66 1908361

1734619271
52.47 54.89 36.66 0

1734619273
52.2 54.76 36.75 71272

1734619274
52.2 54.76 36.75 128

1734619275
42.75 52.97 36.5 25

1734619276
42.75 52.97 36.5 68

1734619277
35.0 51.24 36.25 139

1734619278
35.0 51.24 36.25 0

1734619279
28.66 49.56 36.0 0

1734619280
28.66 49.56 36.0 0

1734619281
23.47 47.94 35.76 0

1734619282
23.47 47.94 35.76 7

1734619283
19.21 46.37 35.51 21

1734619284
19.21 46.37 35.51 51

1734619285
15.73 44.85 35.27 75

1734619286
15.73 44.85 35.27 29

1734619287
12.88 43.38 35.03 291

1734619288
12.88 43.38 35.03 895

1734619289
10.55 41.96 34.79 169

1734619290
10.55 41.96 34.79 614

1734619291
8.64 40.59 34.55 0

1734619292
8.64 40.59 34.55 1360

1734619293
7.07 39.26 34.31 0

1734619294
7.07 39.26 34.31 0

1734619295
5.79 37.98 34.08 1

1734619296
5.79 37.98 34.08 0

1734619297
4.74 36.73 33.85 176

1734619298
4.74 36.73 33.85 0

1734619299
3.88 35.53 33.62 82773

1734619300
3.88 35.53 33.62 50

1734619301
3.72 34.47 33.41 0

1734619302
3.72 34.47 33.41 29342

1734619303
3.22 33.37 33.18 344280

1734619304
3.22 33.37 33.18 368554

1734619305
10.43 33.69 33.25 343175

1734619306
10.43 33.69 33.25 486588

1734619307
15.42 33.83 33.28 108555

1734619308
15.42 33.83 33.28 0

1734619309
12.63 32.72 33.06 0

1734619310
12.63 32.72 33.06 90956

1734619311
13.96 32.31 32.97 610913

1734619312
13.96 32.31 32.97 301676

1734619313
16.69 32.2 32.94 19

1734619314
16.69 32.2 32.94 0

1734619315
13.66 31.14 32.71 0

1734619316
13.66 31.14 32.71 0

1734619317
11.19 30.12 32.49 274

1734619318
11.19 30.12 32.49 0

1734619319
9.16 29.14 32.27 0

1734619320
9.16 29.14 32.27 0

1734619321
7.5 28.18 32.05 30

1734619322
7.5 28.18 32.05 399

1734619323
6.14 27.26 31.83 0

1734619324
6.14 27.26 31.83 0

1734619325
5.03 26.37 31.61 0

1734619326
5.03 26.37 31.61 0

1734619327
4.11 25.51 31.39 6587

1734619328
4.11 25.51 31.39 1

1734619329
3.37 24.67 31.18 0

1734619330
3.37 24.67 31.18 171079

1734619331
7.83 24.78 31.16 413733

1734619332
7.83 24.78 31.16 117

1734619333
6.41 23.97 30.94 0

1734619334
6.41 23.97 30.94 0

1734619335
5.25 23.18 30.73 0

1734619336
5.25 23.18 30.73 338

1734619337
4.3 22.43 30.52 0

1734619338
4.3 22.43 30.52 12489

1734619339
3.52 21.69 30.31 457787

1734619340
3.52 21.69 30.31 0

1734619341
6.86 21.7 30.25 136

1734619342
6.86 21.7 30.25 25

1734619343
5.62 20.99 30.05 756

1734619344
5.62 20.99 30.05 0

1734619345
4.6 20.31 29.84 0

1734619346
4.6 20.31 29.84 0

1734619347
3.77 19.64 29.64 0

1734619348
3.77 19.64 29.64 51

1734619349
3.08 19.0 29.43 243802

1734619350
3.08 19.0 29.43 724379

1734619351
11.04 19.91 29.56 11750

1734619352
11.04 19.91 29.56 2

1734619353
20.26 20.95 29.64 1732679

1734619355
20.26 20.95 29.64 490885

1734619356
20.26 20.95 29.64 0

1734619357
23.84 21.58 29.71 515

1734619358
23.84 21.58 29.71 0

1734619359
19.52 20.87 29.51 0

1734619360
19.52 20.87 29.51 0

1734619361
15.98 20.19 29.3 0

1734619362
15.98 20.19 29.3 167

1734619363
13.08 19.53 29.1 0

1734619364
13.08 19.53 29.1 0

1734619365
10.71 18.89 28.9 0

1734619366
10.71 18.89 28.9 0

1734619367
8.77 18.27 28.71 77

1734619368
8.77 18.27 28.71 0

1734619369
7.18 17.67 28.51 0

1734619370
7.18 17.67 28.51 0

1734619371
5.88 17.09 28.31 320749

1734619372
5.88 17.09 28.31 2763

1734619373
7.71 17.06 28.23 0

1734619374
7.71 17.06 28.23 0

1734619375
6.31 16.5 28.04 0

1734619376
6.31 16.5 28.04 0

1734619377
5.17 15.96 27.84 199

1734619378
5.17 15.96 27.84 0

1734619379
4.23 15.44 27.65 0

1734619380
4.23 15.44 27.65 11

1734619381
3.46 14.93 27.46 0

1734619382
3.46 14.93 27.46 52

1734619383
2.84 14.44 27.28 0

1734619384
2.84 14.44 27.28 0

1734619385
2.32 13.97 27.09 0

1734619386
2.32 13.97 27.09 0

1734619387
1.9 13.51 26.9 104055

1734619388
1.9 13.51 26.9 0

1734619389
2.46 13.23 26.75 0

1734619390
2.46 13.23 26.75 0

1734619391
2.01 12.8 26.57 0

1734619392
2.01 12.8 26.57 187

1734619393
1.65 12.38 26.39 0

1734619394
1.65 12.38 26.39 0

1734619395
1.35 11.98 26.21 0

1734619396
1.35 11.98 26.21 0

1734619397
1.1 11.58 26.03 171

1734619398
1.1 11.58 26.03 0

1734619399
0.9 11.2 25.85 0

1734619400
0.9 11.2 25.85 0

1734619401
0.74 10.84 25.67 0

1734619402
0.74 10.84 25.67 25029

1734619403
0.78 10.51 25.51 0

1734619404
0.78 10.51 25.51 0

1734619405
0.64 10.17 25.33 0

1734619406
0.64 10.17 25.33 0

1734619407
0.52 9.84 25.16 7

1734619408
0.52 9.84 25.16 0

1734619409
0.43 9.52 24.99 0

1734619410
0.43 9.52 24.99 0

1734619411
0.35 9.2 24.81 0

1734619412
0.35 9.2 24.81 279

1734619413
0.28 8.9 24.64 0

1734619414
0.28 8.9 24.64 0

1734619415
0.23 8.61 24.48 0

1734619416
0.23 8.61 24.48 0

1734619417
0.19 8.33 24.31 0

1734619418
0.19 8.33 24.31 0

1734619419
0.15 8.06 24.14 0

1734619420
0.15 8.06 24.14 0

1734619421
0.12 7.79 23.98 0

1734619422
0.12 7.79 23.98 458

1734619423
0.1 7.54 23.81 7914

1734619424
0.1 7.54 23.81 18

1734619425
0.08 7.29 23.65 0

1734619426
0.08 7.29 23.65 0

1734619427
0.07 7.05 23.49 28

1734619428
0.07 7.05 23.49 0

1734619429
0.05 6.82 23.33 0

1734619430
0.05 6.82 23.33 0

1734619431
0.04 6.6 23.17 0

1734619432
0.04 6.6 23.17 514

1734619433
0.03 6.38 23.01 55275

1734619434
0.03 6.38 23.01 0

1734619435
0.39 6.24 22.86 0

1734619436
0.39 6.24 22.86 0

1734619437
0.32 6.03 22.71 207

1734619438
0.32 6.03 22.71 0

1734619439
0.26 5.83 22.55 0

1734619440
0.26 5.83 22.55 0

1734619441
0.21 5.64 22.4 0

1734619442
0.21 5.64 22.4 202

1734619443
0.17 5.46 22.24 0

1734619444
0.17 5.46 22.24 0

1734619445
0.14 5.28 22.09 0

1734619446
0.14 5.28 22.09 0

1734619447
0.11 5.11 21.94 29

1734619448
0.11 5.11 21.94 0

1734619449
0.09 4.94 21.79 0

1734619450
0.09 4.94 21.79 0

1734619451
0.07 4.78 21.64 0

1734619452
0.07 4.78 21.64 362

1734619453
0.06 4.62 21.49 70

1734619454
0.06 4.62 21.49 0

1734619455
0.05 4.47 21.35 0

1734619456
0.05 4.47 21.35 0

1734619457
0.04 4.32 21.2 474

1734619458
0.04 4.32 21.2 0

1734619459
0.03 4.18 21.05 25017

1734619460
0.03 4.18 21.05 25

1734619461
0.2 4.08 20.92 0

1734619462
0.2 4.08 20.92 496

1734619463
0.17 3.94 20.77 0

1734619464
16.94 6.81 21.15 2207572

1734619467
16.94 6.81 21.15 0

1734619468
16.94 6.81 21.15 1588

1734619469
16.41 7.05 21.1 0

1734619470
16.41 7.05 21.1 0

1734619471
13.44 6.81 20.95 0

1734619472
13.44 6.81 20.95 0

1734619473
11.0 6.59 20.81 18

1734619474
11.0 6.59 20.81 0

1734619475
9.01 6.38 20.67 0

1734619476
9.01 6.38 20.67 0

1734619477
7.37 6.17 20.52 321

1734619478
7.37 6.17 20.52 0

1734619479
6.04 5.96 20.38 0

1734619480
6.04 5.96 20.38 0

1734619481
4.94 5.77 20.24 0

1734619482
4.94 5.77 20.24 0

1734619483
4.05 5.58 20.11 0

1734619484
4.05 5.58 20.11 0

1734619485
3.31 5.4 19.97 0

1734619486
3.31 5.4 19.97 0

1734619487
2.71 5.22 19.83 0

1734619488
2.71 5.22 19.83 0

1734619489
2.22 5.05 19.7 0

1734619490
2.22 5.05 19.7 0

1734619491
1.82 4.88 19.56 0

1734619492
1.82 4.88 19.56 0

1734619493
1.49 4.72 19.43 12867

1734619494
1.49 4.72 19.43 0

1734619495
1.22 4.57 19.29 0

1734619496
1.22 4.57 19.29 0

1734619497
0.99 4.42 19.16 0

1734619498
0.99 4.42 19.16 197709

1734619499
2.99 4.67 19.11 487993

1734619500
2.99 4.67 19.11 291043

1734619501
8.97 5.69 19.23 0

1734619502
8.97 5.69 19.23 0

1734619503
7.34 5.51 19.1 0

1734619504
7.34 5.51 19.1 0

1734619505
6.01 5.32 18.97 0

1734619506
6.01 5.32 18.97 0

1734619507
4.92 5.15 18.84 32

1734619508
4.92 5.15 18.84 0

1734619509
4.03 4.98 18.71 0

1734619510
4.03 4.98 18.71 0

1734619511
3.3 4.82 18.58 0

1734619512
3.3 4.82 18.58 313

1734619513
2.7 4.66 18.45 0

1734619514
2.7 4.66 18.45 0

1734619515
2.21 4.51 18.32 0

1734619516
2.21 4.51 18.32 0

1734619517
1.81 4.36 18.2 54

1734619518
1.81 4.36 18.2 0

1734619519
1.48 4.22 18.07 0

1734619520
1.48 4.22 18.07 0

1734619521
1.21 4.08 17.95 0

1734619522
1.21 4.08 17.95 140

1734619523
0.99 3.94 17.83 0

1734619524
0.99 3.94 17.83 0

1734619525
0.81 3.81 17.71 11842

1734619526
0.81 3.81 17.71 0

1734619527
0.66 3.69 17.58 443

1734619528
0.66 3.69 17.58 0

1734619529
0.54 3.57 17.46 0

1734619530
11.13 5.38 17.75 2321902

1734619532
11.13 5.38 17.75 0

1734619533
19.62 7.1 18.02 34876

1734619534
19.62 7.1 18.02 0

1734619535
16.06 6.87 17.9 0

1734619536
16.06 6.87 17.9 0

1734619537
13.15 6.64 17.78 0

1734619538
13.15 6.64 17.78 0

1734619539
10.77 6.43 17.66 0

1734619540
10.77 6.43 17.66 0

1734619541
8.82 6.22 17.53 0

1734619542
8.82 6.22 17.53 16

1734619543
7.22 6.01 17.41 0

1734619544
7.22 6.01 17.41 0

1734619545
5.91 5.82 17.3 0

1734619546
5.91 5.82 17.3 0

1734619547
4.84 5.63 17.18 491

1734619548
4.84 5.63 17.18 0

1734619549
3.96 5.44 17.06 11

1734619550
3.96 5.44 17.06 0

1734619551
3.24 5.26 16.94 0

1734619552
3.24 5.26 16.94 30

1734619553
2.65 5.09 16.83 10

1734619554
2.65 5.09 16.83 0

1734619555
2.17 4.92 16.71 0

1734619556
2.17 4.92 16.71 0

1734619557
1.78 4.76 16.6 79

1734619558
1.78 4.76 16.6 134

1734619559
1.45 4.61 16.48 0

1734619560
1.45 4.61 16.48 0

1734619561
1.19 4.45 16.37 0

1734619562
1.19 4.45 16.37 139

1734619563
0.97 4.31 16.26 47779

1734619564
0.97 4.31 16.26 0

1734619565
1.16 4.23 16.16 17

1734619566
1.16 4.23 16.16 0

1734619567
0.95 4.09 16.05 0

1734619568
0.95 4.09 16.05 12

1734619569
0.77 3.96 15.94 0

1734619570
0.77 3.96 15.94 0

1734619571
0.63 3.83 15.83 0

1734619572
0.63 3.83 15.83 129

1734619573
0.52 3.7 15.72 0

1734619574
0.52 3.7 15.72 0

1734619575
0.42 3.58 15.61 0

1734619576
0.42 3.58 15.61 0

1734619577
0.34 3.46 15.51 156

1734619578
0.34 3.46 15.51 0

1734619579
0.28 3.35 15.4 0

1734619580
0.28 3.35 15.4 0

1734619581
0.23 3.24 15.29 0

1734619582
0.23 3.24 15.29 26

1734619583
0.19 3.13 15.19 74

1734619584
0.19 3.13 15.19 0

1734619585
0.15 3.03 15.09 0

1734619586
0.15 3.03 15.09 0

1734619587
0.12 2.93 14.98 237

1734619588
0.12 2.93 14.98 0

1734619589
0.1 2.84 14.88 483

1734619590
0.1 2.84 14.88 0

1734619591
0.08 2.74 14.78 0

1734619592
0.08 2.74 14.78 82

1734619593
0.06 2.65 14.68 712

1734619594
0.06 2.65 14.68 50796

1734619595
0.41 2.63 14.59 0

1734619596
0.41 2.63 14.59 0

1734619597
0.34 2.54 14.49 83

1734619598
0.34 2.54 14.49 0

1734619599
0.28 2.46 14.39 0

1734619600
0.28 2.46 14.39 0

1734619601
0.22 2.38 14.29 0

1734619602
0.22 2.38 14.29 86

1734619603
0.18 2.3 14.19 8

1734619604
0.18 2.3 14.19 0

1734619605
0.15 2.23 14.1 0

1734619606
0.15 2.23 14.1 0

1734619607
0.12 2.15 14.0 165

1734619608
0.12 2.15 14.0 9683

1734619609
0.1 2.08 13.9 855

1734619610
0.1 2.08 13.9 0

1734619611
0.08 2.01 13.81 0

1734619612
0.08 2.01 13.81 0

1734619613
0.06 1.95 13.71 0

1734619614
0.06 1.95 13.71 286

1734619615
0.05 1.88 13.62 0

1734619616
0.05 1.88 13.62 0

1734619617
0.04 1.82 13.53 0

1734619618
0.04 1.82 13.53 0

1734619619
0.03 1.76 13.43 252

1734619620
0.03 1.76 13.43 0

1734619621
0.03 1.7 13.34 0

1734619622
0.03 1.7 13.34 0

1734619623
0.02 1.65 13.25 60

1734619624
0.02 1.65 13.25 296

1734619625
0.2 1.62 13.17 36147

1734619626
0.2 1.62 13.17 0

1734619627
0.16 1.57 13.08 0

1734619628
0.16 1.57 13.08 0

1734619629
0.13 1.52 12.99 341

1734619630
0.13 1.52 12.99 0

1734619631
0.47 1.54 12.91 48358

1734619632
0.47 1.54 12.91 0

1734619633
0.38 1.48 12.82 0

1734619634
0.38 1.48 12.82 10

1734619635
0.31 1.44 12.73 0

1734619636
0.31 1.44 12.73 8

1734619637
0.25 1.39 12.65 0

1734619638
0.25 1.39 12.65 0

1734619639
0.21 1.34 12.56 0

1734619640
0.21 1.34 12.56 0

1734619641
0.17 1.3 12.47 138

1734619642
0.17 1.3 12.47 579

1734619643
0.14 1.25 12.39 28

1734619644
0.14 1.25 12.39 0

1734619645
0.11 1.21 12.3 0

1734619646
0.11 1.21 12.3 0

1734619647
0.11 1.21 12.3 0

1734619648
0.09 1.17 12.22 140

1734619649
0.09 1.17 12.22 0

1734619650
0.07 1.13 12.13 0

1734619651
0.07 1.13 12.13 0

1734619652
0.06 1.1 12.05 0

1734619653
0.06 1.1 12.05 61

1734619654
0.05 1.06 11.97 0

1734619655
0.05 1.06 11.97 0

1734619656
0.04 1.03 11.89 122594

1734619657
0.04 1.03 11.89 22849

1734619658
1.3 1.22 11.85 441

1734619659
1.3 1.22 11.85 0

1734619660
1.06 1.18 11.77 0

1734619661
1.06 1.18 11.77 0

1734619662
0.87 1.14 11.69 0

1734619663
0.87 1.14 11.69 97

1734619664
0.71 1.1 11.61 0

1734619665
0.71 1.1 11.61 0

1734619666
0.58 1.07 11.53 0

1734619667
0.58 1.07 11.53 0

1734619668
0.47 1.03 11.45 152

1734619669
0.47 1.03 11.45 0

1734619670
0.39 1.0 11.37 0

1734619671
0.39 1.0 11.37 0

1734619672
0.32 0.96 11.3 0

1734619673
0.32 0.96 11.3 871

1734619674
0.26 0.93 11.22 0

1734619675
0.26 0.93 11.22 0

1734619676
0.21 0.9 11.14 0

1734619677
0.21 0.9 11.14 0

1734619678
0.17 0.87 11.06 219

1734619679
0.17 0.87 11.06 0

1734619680
0.14 0.84 10.99 38681

1734619681
0.14 0.84 10.99 0

1734619682
0.29 0.85 10.92 1

1734619683
0.29 0.85 10.92 0

1734619684
0.24 0.82 10.85 0

1734619685
0.24 0.82 10.85 208

1734619686
0.19 0.79 10.77 0

1734619687
0.19 0.79 10.77 19196

1734619688
0.52 0.83 10.71 261776

1734619689
0.52 0.83 10.71 657

1734619690
2.42 1.17 10.71 834

1734619691
2.42 1.17 10.71 0

1734619692
1.98 1.13 10.64 0

1734619693
1.98 1.13 10.64 0

1734619694
1.62 1.09 10.57 0

1734619695
1.62 1.09 10.57 242

1734619696
1.32 1.05 10.49 117747

1734619697
1.32 1.05 10.49 28559

1734619698
2.35 1.25 10.47 0

1734619699
2.35 1.25 10.47 0

1734619700
1.92 1.21 10.4 0

1734619701
1.92 1.21 10.4 188

1734619702
1.58 1.17 10.33 0

1734619703
1.58 1.17 10.33 123

1734619704
1.29 1.13 10.26 0

1734619705
1.29 1.13 10.26 0

1734619706
1.05 1.09 10.19 371

1734619707
1.05 1.09 10.19 0

1734619708
0.86 1.06 10.12 3

1734619709
0.86 1.06 10.12 0

1734619710
0.7 1.02 10.05 0

1734619711
0.7 1.02 10.05 916

1734619712
0.58 0.99 9.98 0

1734619713
0.58 0.99 9.98 0

1734619714
0.47 0.95 9.91 291218

1734619715
0.47 0.95 9.91 156253

1734619716
4.37 1.64 9.99 2

1734619717
4.37 1.64 9.99 0

1734619718
3.58 1.59 9.92 0

1734619719
3.58 1.59 9.92 103223

1734619720
4.02 1.73 9.9 84302

1734619721
4.02 1.73 9.9 3

1734619722
3.65 1.74 9.84 0

1734619723
3.65 1.74 9.84 1

1734619724
2.99 1.68 9.78 0

1734619725
2.99 1.68 9.78 0

1734619726
2.44 1.63 9.71 4

1734619727
2.44 1.63 9.71 3699

1734619728
2.0 1.57 9.64 0

1734619729
2.0 1.57 9.64 0

1734619730
1.64 1.52 9.58 0

1734619731
1.64 1.52 9.58 0

1734619732
1.34 1.47 9.51 0

1734619733
1.34 1.47 9.51 0

1734619734
1.1 1.42 9.44 0

1734619735
1.1 1.42 9.44 0

1734619736
0.9 1.38 9.38 0

1734619737
0.9 1.38 9.38 0

1734619738
0.73 1.33 9.31 0

1734619739
0.73 1.33 9.31 0

1734619740
0.6 1.29 9.25 0

1734619741
0.6 1.29 9.25 0

1734619742
0.49 1.25 9.19 0

1734619743
0.49 1.25 9.19 0

1734619744
0.4 1.2 9.12 0

1734619745
0.4 1.2 9.12 0

1734619746
0.33 1.16 9.06 0

1734619747
0.33 1.16 9.06 1

1734619748
0.27 1.13 9.0 0

1734619749
0.27 1.13 9.0 0

1734619750
0.22 1.09 8.94 0

1734619751
0.22 1.09 8.94 1

1734619752
0.18 1.05 8.88 0

1734619753
0.18 1.05 8.88 0

1734619754
0.14 1.02 8.82 0

1734619755
0.14 1.02 8.82 0

1734619756
0.12 0.98 8.75 0

1734619757
0.12 0.98 8.75 1

1734619758
0.09 0.95 8.69 0

1734619759
0.09 0.95 8.69 0

1734619760
0.08 0.92 8.64 0

1734619761
0.08 0.92 8.64 0

1734619762
0.06 0.89 8.58 0

1734619763
0.06 0.89 8.58 0

1734619764
0.05 0.86 8.52 0

1734619765
0.05 0.86 8.52 0

1734619766
0.04 0.83 8.46 0

1734619767
0.04 0.83 8.46 22

1734619768
0.03 0.8 8.4 0

1734619769
0.03 0.8 8.4 0

1734619770
0.02 0.78 8.34 0

1734619771
0.02 0.78 8.34 0

1734619772
0.02 0.75 8.29 0

1734619773
0.02 0.75 8.29 0

1734619774
0.01 0.73 8.23 0

1734619775
0.01 0.73 8.23 0

1734619776
0.01 0.7 8.17 0

1734619777
0.01 0.7 8.17 27

1734619778
0.01 0.68 8.12 0

1734619779
0.01 0.68 8.12 0

1734619780
0.0 0.66 8.06 0

1734619781
0.0 0.66 8.06 0

1734619782
0.0 0.63 8.0 0

1734619783
0.0 0.63 8.0 0

1734619784
0.0 0.61 7.95 0

1734619785
0.0 0.61 7.95 0

1734619786
0.0 0.59 7.89 0

1734619787
0.0 0.59 7.89 0

1734619788
0.0 0.57 7.84 0

1734619789
0.0 0.57 7.84 0

1734619790
0.0 0.55 7.79 0

1734619791
0.0 0.55 7.79 0

1734619792
0.0 0.54 7.73 1

1734619793
0.0 0.54 7.73 0

1734619794
0.0 0.52 7.68 15

1734619795
0.0 0.52 7.68 0

1734619796
0.0 0.5 7.63 0

1734619797
0.0 0.5 7.63 0

1734619798
0.0 0.48 7.58 0

1734619799
0.0 0.48 7.58 0

1734619800
0.0 0.47 7.52 0

1734619801
0.0 0.47 7.52 0

1734619802
0.0 0.45 7.47 0

1734619803
0.0 0.45 7.47 0

1734619804
0.0 0.44 7.42 0

1734619805
0.0 0.44 7.42 0

1734619806
0.0 0.42 7.37 0

1734619807
0.0 0.42 7.37 0

1734619808
0.0 0.41 7.32 0

1734619809
0.0 0.41 7.32 0

1734619810
0.0 0.39 7.27 0

1734619811
0.0 0.39 7.27 0

1734619812
0.0 0.38 7.22 0

1734619813
0.0 0.38 7.22 0

1734619814
0.0 0.37 7.17 0

1734619815
0.0 0.37 7.17 0

1734619816
0.0 0.36 7.12 0

1734619817
0.0 0.36 7.12 0

1734619818
0.0 0.34 7.07 333

1734619819
0.0 0.34 7.07 386

1734619820
2.89 0.86 7.13 1006991

1734619821
2.89 0.86 7.13 645992

1734619823
14.14 2.95 7.53 19247

