1734618925
0.0 0.0 0.36 0

1734618926
0.0 0.0 0.36 0

1734618927
0.0 0.0 0.36 0

1734618928
0.0 0.0 0.36 0

1734618929
0.0 0.0 0.36 0

1734618930
0.0 0.0 0.35 0

1734618931
0.0 0.0 0.35 0

1734618932
0.0 0.0 0.35 0

1734618933
0.0 0.0 0.35 0

1734618934
0.0 0.0 0.35 0

1734618935
0.0 0.0 0.35 0

1734618936
0.0 0.0 0.35 0

1734618937
0.0 0.0 0.35 0

1734618938
0.0 0.0 0.34 0

1734618939
0.0 0.0 0.34 0

1734618940
0.0 0.0 0.34 0

1734618941
0.0 0.0 0.34 0

1734618942
0.0 0.0 0.34 0

1734618943
0.0 0.0 0.34 82

1734618944
0.0 0.0 0.34 7

1734618945
0.0 0.0 0.33 0

1734618946
0.0 0.0 0.33 0

1734618947
0.0 0.0 0.33 0

1734618948
0.0 0.0 0.33 0

1734618949
0.0 0.0 0.33 0

1734618950
0.0 0.0 0.33 14

1734618951
0.0 0.0 0.33 0

1734618952
0.0 0.0 0.33 0

1734618953
0.0 0.0 0.33 0

1734618954
0.0 0.0 0.32 0

1734618955
0.0 0.0 0.32 0

1734618956
0.0 0.0 0.32 0

1734618957
0.0 0.0 0.32 0

1734618958
0.0 0.0 0.32 0

1734618959
0.0 0.0 0.32 0

1734618960
0.0 0.0 0.32 2

1734618961
0.0 0.0 0.32 0

1734618962
0.0 0.0 0.31 0

1734618963
0.0 0.0 0.31 0

1734618964
0.0 0.0 0.31 0

1734618965
0.0 0.0 0.31 0

1734618966
0.0 0.0 0.31 0

1734618967
0.0 0.0 0.31 0

1734618968
0.0 0.0 0.31 0

1734618969
0.0 0.0 0.31 0

1734618970
0.0 0.0 0.31 90

1734618971
0.0 0.0 0.31 0

1734618972
0.0 0.0 0.3 0

1734618973
0.0 0.0 0.3 0

1734618974
0.0 0.0 0.3 0

1734618975
0.0 0.0 0.3 0

1734618976
0.0 0.0 0.3 0

1734618977
0.0 0.0 0.3 0

1734618978
0.0 0.0 0.3 0

1734618979
0.0 0.0 0.3 0

1734618980
0.0 0.0 0.29 0

1734618981
0.0 0.0 0.29 0

1734618982
0.0 0.0 0.29 0

1734618983
0.0 0.0 0.29 0

1734618984
0.0 0.0 0.29 0

1734618985
0.0 0.0 0.29 0

1734618986
0.0 0.0 0.29 0

1734618987
0.0 0.0 0.29 0

1734618988
0.0 0.0 0.28 0

1734618989
0.0 0.0 0.28 0

1734618990
0.0 0.0 0.28 0

1734618991
0.0 0.0 0.28 0

1734618992
0.0 0.0 0.28 0

1734618993
0.0 0.0 0.28 0

1734618994
0.0 0.0 0.28 0

1734618995
0.0 0.0 0.28 0

1734618996
0.0 0.0 0.27 0

1734618997
0.0 0.0 0.27 0

1734618998
0.0 0.0 0.27 0

1734618999
0.0 0.0 0.27 0

1734619000
0.0 0.0 0.27 0

1734619001
0.0 0.0 0.27 0

1734619002
0.0 0.0 0.27 0

1734619003
0.0 0.0 0.27 0

1734619004
0.0 0.0 0.27 0

1734619005
0.0 0.0 0.27 0

1734619006
0.0 0.0 0.27 0

1734619007
0.0 0.0 0.27 0

1734619008
0.0 0.0 0.26 0

1734619009
0.0 0.0 0.26 0

1734619011
0.0 0.0 0.26 0

1734619012
0.0 0.0 0.26 0

1734619013
0.0 0.0 0.26 0

1734619014
0.0 0.0 0.26 0

1734619015
0.0 0.0 0.26 0

1734619016
0.0 0.0 0.26 0

1734619017
0.0 0.0 0.26 0

1734619018
0.0 0.0 0.25 0

1734619020
0.0 0.0 0.25 116

1734619021
0.0 0.0 0.25 231

1734619022
0.0 0.0 0.25 0

1734619023
0.0 0.0 0.25 0

1734619024
0.0 0.0 0.25 0

1734619028
0.0 0.0 0.24 0

1734619029
0.0 0.0 0.24 0

1734619030
0.0 0.0 0.24 0

1734619031
0.0 0.0 0.24 66

1734619032
0.0 0.0 0.24 0

1734619033
0.0 0.0 0.24 0

1734619034
0.0 0.0 0.24 0

1734619036
0.0 0.0 0.24 0

1734619037
0.0 0.0 0.24 0

1734619038
0.0 0.0 0.23 0

1734619039
0.0 0.0 0.23 0

1734619040
0.0 0.0 0.23 0

1734619041
0.0 0.0 0.23 0

1734619042
0.0 0.0 0.23 783

1734619043
0.0 0.0 0.23 0

1734619044
0.0 0.0 0.23 0

1734619047
0.0 0.0 0.23 0

1734619048
0.0 0.0 0.22 0

1734619049
0.0 0.0 0.22 0

1734619050
0.0 0.0 0.22 0

1734619051
0.0 0.0 0.22 8008

1734619052
0.0 0.0 0.22 0

1734619053
0.0 0.0 0.22 649

1734619054
0.0 0.0 0.22 18273

1734619056
0.0 0.0 0.22 0

1734619057
0.0 0.0 0.22 271517

1734619058
6.34 1.14 0.45 1238672

1734619059
13.16 2.54 0.75 525030

1734619061
13.16 2.54 0.75 0

1734619062
13.16 2.54 0.75 5611

1734619063
14.58 3.15 0.89 21525

1734619064
12.3 3.11 0.9 23628

1734619065
12.3 3.11 0.9 322

1734619066
12.3 3.11 0.9 3853

1734619067
10.07 3.01 0.89 6954

1734619068
10.07 3.01 0.89 1111

1734619069
8.24 2.91 0.89 2739

1734619070
6.75 2.81 0.88 5304

1734619071
5.53 2.72 0.87 0

1734619072
5.53 2.72 0.87 0

1734619073
3.7 2.54 0.86 1198

1734619076
3.7 2.54 0.86 181

1734619077
3.7 2.54 0.86 4359

1734619078
3.57 2.56 0.87 86346

1734619079
3.57 2.56 0.87 4293

1734619080
3.11 2.51 0.88 2

1734619081
3.11 2.51 0.88 22491

1734619082
2.72 2.46 0.88 24569

1734619083
2.72 2.46 0.88 14677

1734619084
2.12 2.36 0.88 22938

1734619087
2.12 2.36 0.88 0

1734619088
1.74 2.28 0.87 98528

1734619089
2.33 2.37 0.9 34802

1734619091
2.45 2.39 0.91 63691

1734619092
2.45 2.39 0.91 0

1734619093
2.45 2.39 0.91 111990

1734619094
2.53 2.43 0.94 11000

1734619097
2.53 2.43 0.94 0

1734619098
1.88 2.31 0.94 21731

1734619100
1.88 2.31 0.94 0

1734619101
1.88 2.31 0.94 22245

1734619102
1.72 2.26 0.94 1342

1734619103
1.72 2.26 0.94 70834

1734619104
1.95 2.29 0.95 9790

1734619105
1.95 2.29 0.95 2792

1734619106
1.77 2.24 0.95 18317

1734619107
1.77 2.24 0.95 36

1734619108
1.45 2.17 0.95 415

1734619109
1.45 2.17 0.95 6168

1734619112
0.97 2.03 0.93 0

1734619113
0.97 2.03 0.93 75175

1734619114
0.9 1.93 0.93 1977

1734619120
0.9 1.93 0.93 0

1734619121
1.32 1.93 0.95 108574

1734619122
5.43 2.66 1.1 512461

1734619124
5.35 2.73 1.13 95208

1734619126
5.35 2.73 1.13 3324

1734619127
5.35 2.73 1.13 8255

1734619128
4.38 2.64 1.12 6488

1734619129
4.38 2.64 1.12 9794

1734619131
3.59 2.56 1.12 758

1734619132
3.59 2.56 1.12 29623

1734619133
3.46 2.59 1.14 110849

1734619136
3.46 2.59 1.14 0

1734619137
2.83 2.5 1.13 21133

1734619138
2.32 2.42 1.12 434

1734619139
2.32 2.42 1.12 10640

1734619140
1.89 2.34 1.12 4707

1734619141
1.89 2.34 1.12 6458

1734619143
1.55 2.26 1.11 14444

1734619144
1.45 2.22 1.11 28379

1734619146
1.55 2.21 1.11 40331

1734619147
1.55 2.21 1.11 3213

1734619148
1.55 2.21 1.11 2533

1734619149
1.27 2.14 1.11 17698

1734619150
1.22 2.1 1.11 5119

1734619151
1.22 2.1 1.11 4466

1734619152
0.81 1.97 1.09 5962

1734619155
0.81 1.97 1.09 0

1734619156
0.67 1.9 1.08 1519

1734619157
0.67 1.9 1.08 4528

1734619159
0.54 1.84 1.07 9902

1734619160
0.36 1.72 1.06 12300

1734619163
0.36 1.72 1.06 1688

1734619164
0.3 1.66 1.05 8877

1734619165
0.3 1.66 1.05 7723

1734619166
0.42 1.64 1.05 15192

1734619167
0.42 1.64 1.05 15762

1734619169
0.35 1.59 1.04 18288

1734619170
0.46 1.57 1.04 5914

1734619171
0.46 1.57 1.04 2728

1734619172
0.46 1.57 1.04 17469

1734619173
0.56 1.55 1.04 63349

1734619174
1.0 1.6 1.06 7085

1734619176
0.82 1.54 1.05 3292

1734619177
0.82 1.54 1.05 1747

1734619178
0.67 1.49 1.04 333

1734619179
0.67 1.49 1.04 0

1734619180
0.78 1.46 1.04 62134

1734619182
0.78 1.46 1.04 0

1734619183
0.78 1.46 1.04 3633

1734619184
0.63 1.41 1.03 523

1734619185
0.63 1.41 1.03 754

1734619186
0.52 1.37 1.03 5347

1734619187
0.6 1.35 1.03 35765

1734619190
0.6 1.35 1.03 0

1734619191
0.49 1.31 1.02 2365

1734619193
0.4 1.27 1.01 12715

1734619194
0.4 1.27 1.01 27932

1734619195
0.51 1.26 1.01 19127

1734619196
0.51 1.26 1.01 1

1734619197
0.42 1.21 1.0 6668

1734619198
0.42 1.21 1.0 8340

1734619199
0.34 1.17 1.0 14107

1734619200
0.82 1.23 1.01 62103

1734619201
0.67 1.19 1.0 4715

1734619203
0.55 1.15 1.0 2820

1734619205
0.55 1.15 1.0 0

1734619206
0.45 1.12 0.99 5358

1734619207
0.45 1.12 0.99 165

1734619208
0.91 1.18 1.0 143104

1734619209
0.91 1.18 1.0 10409

1734619210
1.47 1.27 1.02 9750

1734619211
1.47 1.27 1.02 0

1734619212
1.56 1.29 1.03 128372

1734619213
1.56 1.29 1.03 648

1734619214
1.82 1.35 1.04 946

1734619215
1.82 1.35 1.04 450

1734619216
1.49 1.31 1.04 1

1734619217
1.49 1.31 1.04 73

1734619218
1.22 1.26 1.03 0

1734619220
2.45 1.48 1.08 178212

1734619221
14.97 3.89 1.59 1642494

1734619224
14.97 3.89 1.59 1675

1734619225
14.97 3.89 1.59 542

1734619226
12.8 3.86 1.6 3280

1734619227
10.48 3.73 1.59 4667

1734619229
10.48 3.73 1.59 0

1734619230
8.94 3.67 1.59 191063

1734619231
5.64 3.51 1.6 0

1734619236
5.64 3.51 1.6 0

1734619237
3.78 3.28 1.57 413

1734619240
3.78 3.28 1.57 0

1734619242
3.78 3.28 1.57 348

1734619243
3.09 3.17 1.56 342

1734619244
2.53 3.07 1.55 1448

1734619245
2.53 3.07 1.55 0

1734619246
2.07 2.97 1.54 0

1734619247
2.07 2.97 1.54 0

1734619248
1.69 2.87 1.53 0

1734619249
1.39 2.78 1.52 0

1734619251
1.39 2.78 1.52 0

1734619252
1.13 2.68 1.51 1

1734619253
0.93 2.6 1.5 0

1734619254
0.93 2.6 1.5 0

1734619256
0.93 2.6 1.5 0

1734619257
0.76 2.51 1.49 0

1734619259
0.62 2.43 1.48 0

1734619260
0.62 2.43 1.48 0

1734619261
0.51 2.35 1.47 1

1734619263
0.41 2.27 1.46 0

1734619264
0.41 2.27 1.46 0

1734619265
0.34 2.2 1.45 0

1734619266
0.34 2.2 1.45 0

1734619267
0.28 2.12 1.44 0

1734619268
0.28 2.12 1.44 2884

1734619269
0.22 2.05 1.43 0

1734619270
0.18 1.99 1.42 0

1734619271
0.18 1.99 1.42 0

1734619273
0.15 1.92 1.41 0

1734619274
0.15 1.92 1.41 0

1734619275
0.12 1.86 1.4 0

1734619276
0.12 1.86 1.4 0

1734619277
0.1 1.8 1.39 0

1734619278
0.1 1.8 1.39 0

1734619279
0.08 1.74 1.38 0

1734619280
0.08 1.74 1.38 0

1734619281
0.06 1.68 1.37 0

1734619282
0.06 1.68 1.37 0

1734619283
0.05 1.63 1.36 0

1734619284
0.05 1.63 1.36 0

1734619285
0.04 1.57 1.35 0

1734619286
0.04 1.57 1.35 0

1734619287
0.03 1.52 1.34 0

1734619288
0.03 1.52 1.34 2

1734619289
0.03 1.47 1.33 0

1734619290
0.03 1.47 1.33 0

1734619291
0.02 1.42 1.32 0

1734619292
0.02 1.42 1.32 0

1734619293
0.01 1.37 1.31 0

1734619294
0.01 1.37 1.31 0

1734619295
0.01 1.33 1.3 0

1734619296
0.01 1.33 1.3 0

1734619297
0.01 1.29 1.29 0

1734619298
0.01 1.29 1.29 0

1734619299
0.01 1.24 1.28 0

1734619300
0.01 1.24 1.28 0

1734619301
0.0 1.2 1.27 0

1734619302
0.0 1.2 1.27 0

1734619303
0.0 1.16 1.27 0

1734619304
0.0 1.16 1.27 0

1734619305
0.0 1.12 1.26 0

1734619306
0.0 1.12 1.26 0

1734619307
0.0 1.09 1.25 0

1734619308
0.0 1.09 1.25 0

1734619309
0.0 1.05 1.24 0

1734619310
0.0 1.05 1.24 0

1734619311
0.0 1.02 1.23 0

1734619312
0.0 1.02 1.23 0

1734619313
0.0 0.98 1.22 0

1734619314
0.0 0.98 1.22 0

1734619315
0.0 0.95 1.21 0

1734619316
0.0 0.95 1.21 0

1734619317
0.0 0.92 1.2 0

1734619318
0.0 0.92 1.2 0

1734619319
0.0 0.89 1.2 0

1734619320
0.0 0.89 1.2 0

1734619321
0.0 0.86 1.19 0

1734619322
0.0 0.86 1.19 0

1734619323
0.0 0.83 1.18 0

1734619324
0.0 0.83 1.18 0

1734619325
0.0 0.8 1.17 0

1734619326
0.0 0.8 1.17 0

1734619327
0.0 0.78 1.16 0

1734619328
0.0 0.78 1.16 0

1734619329
0.0 0.75 1.15 0

1734619330
0.0 0.75 1.15 0

1734619331
0.0 0.73 1.15 0

1734619332
0.0 0.73 1.15 0

1734619333
0.0 0.7 1.14 0

1734619334
0.0 0.7 1.14 0

1734619335
0.0 0.68 1.13 0

1734619336
0.0 0.68 1.13 0

1734619337
0.0 0.66 1.12 0

1734619338
0.0 0.66 1.12 0

1734619339
0.0 0.63 1.11 0

1734619340
0.0 0.63 1.11 0

1734619341
0.0 0.61 1.11 0

1734619342
0.0 0.61 1.11 0

1734619343
0.0 0.59 1.1 0

1734619344
0.0 0.59 1.1 0

1734619345
0.0 0.57 1.09 0

1734619346
0.0 0.57 1.09 0

1734619347
0.0 0.55 1.08 0

1734619348
0.0 0.55 1.08 0

1734619349
0.0 0.53 1.07 0

1734619350
0.0 0.53 1.07 0

1734619351
0.0 0.52 1.07 0

1734619352
0.0 0.52 1.07 0

1734619353
0.0 0.48 1.05 0

1734619355
0.0 0.48 1.05 0

1734619356
0.0 0.48 1.05 0

1734619357
0.0 0.47 1.04 0

1734619358
0.0 0.47 1.04 0

1734619359
0.0 0.45 1.04 0

1734619360
0.0 0.45 1.04 0

1734619361
0.0 0.44 1.03 0

1734619362
0.0 0.44 1.03 0

1734619363
0.0 0.42 1.02 0

1734619364
0.0 0.42 1.02 0

1734619365
0.0 0.41 1.02 0

1734619366
0.0 0.41 1.02 0

1734619367
0.0 0.39 1.01 0

1734619368
0.0 0.39 1.01 0

1734619369
0.0 0.38 1.0 0

1734619370
0.0 0.38 1.0 0

1734619371
0.0 0.37 0.99 0

1734619372
0.0 0.37 0.99 0

1734619373
0.0 0.36 0.99 0

1734619374
0.0 0.36 0.99 0

1734619375
0.0 0.34 0.98 0

1734619376
0.0 0.34 0.98 0

1734619377
0.0 0.33 0.97 0

1734619378
0.0 0.33 0.97 0

1734619379
0.0 0.32 0.97 0

1734619380
0.0 0.32 0.97 7

1734619381
0.0 0.31 0.96 0

1734619382
0.0 0.31 0.96 0

1734619383
0.0 0.3 0.95 0

1734619384
0.0 0.3 0.95 0

1734619385
0.0 0.29 0.95 0

1734619386
0.0 0.29 0.95 0

1734619387
0.0 0.28 0.94 0

1734619388
0.0 0.28 0.94 0

1734619389
0.0 0.27 0.93 0

1734619390
0.0 0.27 0.93 0

1734619391
0.0 0.26 0.92 0

1734619392
0.0 0.26 0.92 0

1734619393
0.0 0.25 0.92 0

1734619394
0.0 0.25 0.92 0

1734619395
0.0 0.24 0.91 0

1734619396
0.0 0.24 0.91 0

1734619397
0.0 0.23 0.91 0

1734619398
0.0 0.23 0.91 0

1734619399
0.0 0.23 0.9 0

1734619400
0.0 0.23 0.9 0

1734619401
0.0 0.22 0.89 0

1734619402
0.0 0.22 0.89 0

1734619403
0.0 0.21 0.89 0

1734619404
0.0 0.21 0.89 0

1734619405
0.0 0.2 0.88 0

1734619406
0.0 0.2 0.88 0

1734619407
0.0 0.2 0.87 0

1734619408
0.0 0.2 0.87 0

1734619409
0.0 0.19 0.87 0

1734619410
0.0 0.19 0.87 0

1734619411
0.0 0.18 0.86 0

1734619412
0.0 0.18 0.86 0

1734619413
0.0 0.18 0.85 0

1734619414
0.0 0.18 0.85 0

1734619415
0.0 0.17 0.85 0

1734619416
0.0 0.17 0.85 0

1734619417
0.0 0.16 0.84 0

1734619418
0.0 0.16 0.84 0

1734619419
0.0 0.16 0.84 0

1734619420
0.0 0.16 0.84 0

1734619421
0.0 0.15 0.83 0

1734619422
0.0 0.15 0.83 0

1734619423
0.0 0.15 0.82 0

1734619424
0.0 0.15 0.82 0

1734619425
0.0 0.14 0.82 0

1734619426
0.0 0.14 0.82 0

1734619427
0.0 0.14 0.81 0

1734619428
0.0 0.14 0.81 0

1734619429
0.0 0.13 0.81 0

1734619430
0.0 0.13 0.81 0

1734619431
0.0 0.13 0.8 0

1734619432
0.0 0.13 0.8 0

1734619433
0.0 0.12 0.8 0

1734619434
0.0 0.12 0.8 0

1734619435
0.0 0.12 0.79 0

1734619436
0.0 0.12 0.79 0

1734619437
0.0 0.11 0.78 0

1734619438
0.0 0.11 0.78 0

1734619439
0.0 0.11 0.78 0

1734619440
0.0 0.11 0.78 0

1734619441
0.0 0.11 0.77 0

1734619442
0.0 0.11 0.77 0

1734619443
0.0 0.1 0.77 0

1734619444
0.0 0.1 0.77 0

1734619445
0.0 0.1 0.76 0

1734619446
0.0 0.1 0.76 0

1734619447
0.0 0.1 0.76 0

1734619448
0.0 0.1 0.76 0

1734619449
0.0 0.09 0.75 0

1734619450
0.0 0.09 0.75 0

1734619451
0.0 0.09 0.75 0

1734619452
0.0 0.09 0.75 0

1734619453
0.0 0.08 0.74 0

1734619454
0.0 0.08 0.74 0

1734619455
0.0 0.08 0.73 0

1734619456
0.0 0.08 0.73 0

1734619457
0.0 0.08 0.73 185

1734619458
0.0 0.08 0.73 0

1734619459
0.0 0.08 0.72 0

1734619460
0.0 0.08 0.72 0

1734619461
0.0 0.07 0.72 0

1734619462
0.0 0.07 0.72 0

1734619463
0.0 0.07 0.71 0

1734619464
0.0 0.06 0.7 0

1734619467
0.0 0.06 0.7 0

1734619468
0.0 0.06 0.7 0

1734619469
0.0 0.06 0.7 0

1734619470
0.0 0.06 0.7 0

1734619471
0.0 0.06 0.69 0

1734619472
0.0 0.06 0.69 0

1734619473
0.0 0.06 0.69 0

1734619474
0.0 0.06 0.69 0

1734619475
0.0 0.05 0.68 0

1734619476
0.0 0.05 0.68 0

1734619477
0.0 0.05 0.68 0

1734619478
0.0 0.05 0.68 0

1734619479
0.0 0.05 0.67 0

1734619480
0.0 0.05 0.67 0

1734619481
0.0 0.05 0.67 0

1734619482
0.0 0.05 0.67 0

1734619483
0.0 0.05 0.66 0

1734619484
0.0 0.05 0.66 0

1734619485
0.0 0.04 0.66 0

1734619486
0.0 0.04 0.66 0

1734619487
0.0 0.04 0.65 0

1734619488
0.0 0.04 0.65 0

1734619489
0.0 0.04 0.65 0

1734619490
0.0 0.04 0.65 0

1734619491
0.0 0.04 0.64 0

1734619492
0.0 0.04 0.64 0

1734619493
0.0 0.04 0.64 0

1734619494
0.0 0.04 0.64 0

1734619495
0.0 0.04 0.63 0

1734619496
0.0 0.04 0.63 0

1734619497
0.0 0.03 0.63 0

1734619498
0.0 0.03 0.63 0

1734619499
0.0 0.03 0.63 0

1734619500
0.0 0.03 0.63 0

1734619501
0.0 0.03 0.62 0

1734619502
0.0 0.03 0.62 0

1734619503
0.0 0.03 0.62 0

1734619504
0.0 0.03 0.62 0

1734619505
0.0 0.03 0.61 0

1734619506
0.0 0.03 0.61 0

1734619507
0.0 0.03 0.61 0

1734619508
0.0 0.03 0.61 0

1734619509
0.0 0.03 0.6 0

1734619510
0.0 0.03 0.6 0

1734619511
0.0 0.02 0.6 0

1734619512
0.0 0.02 0.6 0

1734619513
0.0 0.02 0.6 0

1734619514
0.0 0.02 0.6 0

1734619515
0.0 0.02 0.59 0

1734619516
0.0 0.02 0.59 0

1734619517
0.0 0.02 0.59 0

1734619518
0.0 0.02 0.59 0

1734619519
0.0 0.02 0.58 0

1734619520
0.0 0.02 0.58 0

1734619521
0.0 0.02 0.58 0

1734619522
0.0 0.02 0.58 0

1734619523
0.0 0.02 0.57 0

1734619524
0.0 0.02 0.57 0

1734619525
0.0 0.02 0.57 0

1734619526
0.0 0.02 0.57 0

1734619527
0.0 0.02 0.56 0

1734619528
0.0 0.02 0.56 0

1734619529
0.0 0.02 0.56 0

1734619530
0.0 0.01 0.56 0

1734619532
0.0 0.01 0.56 0

1734619533
0.0 0.01 0.55 0

1734619534
0.0 0.01 0.55 0

1734619535
0.0 0.01 0.55 0

1734619536
0.0 0.01 0.55 0

1734619537
0.0 0.01 0.54 0

1734619538
0.0 0.01 0.54 0

1734619539
0.0 0.01 0.54 0

1734619540
0.0 0.01 0.54 0

1734619541
0.0 0.01 0.54 0

1734619542
0.0 0.01 0.54 0

1734619543
0.0 0.01 0.53 248

1734619544
0.0 0.01 0.53 0

1734619545
0.0 0.01 0.53 71

1734619546
0.0 0.01 0.53 64

1734619547
0.0 0.01 0.53 317

1734619548
0.0 0.01 0.53 0

1734619549
0.0 0.01 0.52 56

1734619550
0.0 0.01 0.52 0

1734619551
0.0 0.01 0.52 42

1734619552
0.0 0.01 0.52 0

1734619553
0.0 0.01 0.51 13

1734619554
0.0 0.01 0.51 117

1734619555
0.0 0.01 0.51 0

1734619556
0.0 0.01 0.51 0

1734619557
0.0 0.01 0.51 704

1734619558
0.0 0.01 0.51 0

1734619559
0.0 0.01 0.5 0

1734619560
0.0 0.01 0.5 0

1734619561
0.0 0.0 0.5 44

1734619562
0.0 0.0 0.5 0

1734619563
0.0 0.0 0.49 318

1734619564
0.0 0.0 0.49 0

1734619565
0.0 0.0 0.49 39

1734619566
0.0 0.0 0.49 108

1734619567
0.0 0.0 0.49 0

1734619568
0.0 0.0 0.49 0

1734619569
0.0 0.0 0.48 85

1734619570
0.0 0.0 0.48 0

1734619571
0.0 0.0 0.48 0

1734619572
0.0 0.0 0.48 187

1734619573
0.0 0.0 0.48 0

1734619574
0.0 0.0 0.48 0

1734619575
0.0 0.0 0.47 468

1734619576
0.0 0.0 0.47 0

1734619577
0.0 0.0 0.47 163

1734619578
0.0 0.0 0.47 0

1734619579
0.0 0.0 0.47 0

1734619580
0.0 0.0 0.47 41

1734619581
0.0 0.0 0.46 0

1734619582
0.0 0.0 0.46 49

1734619583
0.0 0.0 0.46 158

1734619584
0.0 0.0 0.46 0

1734619585
0.0 0.0 0.46 130

1734619586
0.0 0.0 0.46 0

1734619587
0.0 0.0 0.45 136

1734619588
0.0 0.0 0.45 0

1734619589
0.0 0.0 0.45 326

1734619590
0.0 0.0 0.45 0

1734619591
0.0 0.0 0.45 2

1734619592
0.0 0.0 0.45 0

1734619593
0.0 0.0 0.44 134

1734619594
0.0 0.0 0.44 10419

1734619595
0.0 0.0 0.44 0

1734619596
0.0 0.0 0.44 0

1734619597
0.0 0.0 0.44 0

1734619598
0.0 0.0 0.44 0

1734619599
0.0 0.0 0.43 0

1734619600
0.0 0.0 0.43 0

1734619601
0.0 0.0 0.43 0

1734619602
0.0 0.0 0.43 0

1734619603
0.0 0.0 0.43 0

1734619604
0.0 0.0 0.43 0

1734619605
0.0 0.0 0.42 0

1734619606
0.0 0.0 0.42 0

1734619607
0.0 0.0 0.42 0

1734619608
0.0 0.0 0.42 0

1734619609
0.0 0.0 0.42 2

1734619610
0.0 0.0 0.42 0

1734619611
0.0 0.0 0.41 0

1734619612
0.0 0.0 0.41 0

1734619613
0.0 0.0 0.41 0

1734619614
0.0 0.0 0.41 0

1734619615
0.0 0.0 0.41 0

1734619616
0.0 0.0 0.41 0

1734619617
0.0 0.0 0.4 0

1734619618
0.0 0.0 0.4 0

1734619619
0.0 0.0 0.4 0

1734619620
0.0 0.0 0.4 0

1734619621
0.0 0.0 0.4 0

1734619622
0.0 0.0 0.4 0

1734619623
0.0 0.0 0.4 0

1734619624
0.0 0.0 0.4 210

1734619625
0.0 0.0 0.39 55

1734619626
0.0 0.0 0.39 53

1734619627
0.0 0.0 0.39 96

1734619628
0.0 0.0 0.39 537

1734619629
0.0 0.0 0.39 0

1734619630
0.0 0.0 0.39 0

1734619631
0.0 0.0 0.38 9

1734619632
0.0 0.0 0.38 0

1734619633
0.0 0.0 0.38 0

1734619634
0.0 0.0 0.38 12

1734619635
0.0 0.0 0.38 0

1734619636
0.0 0.0 0.38 0

1734619637
0.0 0.0 0.38 0

1734619638
0.0 0.0 0.38 0

1734619639
0.0 0.0 0.37 0

1734619640
0.0 0.0 0.37 125

1734619641
0.0 0.0 0.37 74

1734619642
0.0 0.0 0.37 8

1734619643
0.0 0.0 0.37 6863

1734619644
0.0 0.0 0.37 0

1734619645
0.0 0.0 0.36 0

1734619646
0.0 0.0 0.36 0

1734619647
0.0 0.0 0.36 0

1734619648
0.0 0.0 0.36 0

1734619649
0.0 0.0 0.36 0

1734619650
0.0 0.0 0.36 0

1734619651
0.0 0.0 0.36 0

1734619652
0.0 0.0 0.35 0

1734619653
0.0 0.0 0.35 0

1734619654
0.0 0.0 0.35 0

1734619655
0.0 0.0 0.35 0

1734619656
0.0 0.0 0.35 0

1734619657
0.0 0.0 0.35 0

1734619658
0.0 0.0 0.35 0

1734619659
0.0 0.0 0.35 55

1734619660
0.0 0.0 0.34 130

1734619661
0.0 0.0 0.34 939

1734619662
0.0 0.0 0.34 0

1734619663
0.0 0.0 0.34 0

1734619664
0.0 0.0 0.34 0

1734619665
0.0 0.0 0.34 0

1734619666
0.0 0.0 0.34 0

1734619667
0.0 0.0 0.34 0

1734619668
0.0 0.0 0.33 0

1734619669
0.0 0.0 0.33 0

1734619670
0.0 0.0 0.33 0

1734619671
0.0 0.0 0.33 0

1734619672
0.0 0.0 0.33 0

1734619673
0.0 0.0 0.33 641

1734619674
0.0 0.0 0.33 76

1734619675
0.0 0.0 0.33 24

1734619676
0.0 0.0 0.33 120

1734619677
0.0 0.0 0.33 2477

1734619678
0.0 0.0 0.32 0

1734619679
0.0 0.0 0.32 0

1734619680
0.0 0.0 0.32 4116

1734619681
0.0 0.0 0.32 0

1734619682
0.0 0.0 0.32 0

1734619683
0.0 0.0 0.32 0

1734619684
0.0 0.0 0.32 0

1734619685
0.0 0.0 0.32 0

1734619686
0.0 0.0 0.31 0

1734619687
0.0 0.0 0.31 0

1734619688
0.0 0.0 0.31 0

1734619689
0.0 0.0 0.31 620

1734619690
0.0 0.0 0.31 573

1734619691
0.0 0.0 0.31 185

1734619692
0.0 0.0 0.31 1070

1734619693
0.0 0.0 0.31 49

1734619694
0.0 0.0 0.3 189

1734619695
0.0 0.0 0.3 391

1734619696
0.0 0.0 0.3 92556

1734619697
0.0 0.0 0.3 17

1734619698
0.72 0.13 0.33 0

1734619699
0.72 0.13 0.33 0

1734619700
0.59 0.12 0.32 0

1734619701
0.59 0.12 0.32 0

1734619702
0.48 0.12 0.32 0

1734619703
0.48 0.12 0.32 0

1734619704
0.39 0.11 0.32 129

1734619705
0.39 0.11 0.32 92

1734619706
0.32 0.11 0.32 163

1734619707
0.32 0.11 0.32 49

1734619708
0.26 0.1 0.31 62

1734619709
0.26 0.1 0.31 30

1734619710
0.21 0.1 0.31 1423

1734619711
0.21 0.1 0.31 0

1734619712
0.17 0.1 0.31 0

1734619713
0.17 0.1 0.31 0

1734619714
0.14 0.09 0.31 0

1734619715
0.14 0.09 0.31 36

1734619716
0.11 0.09 0.3 0

1734619717
0.11 0.09 0.3 0

1734619718
0.09 0.09 0.3 0

1734619719
0.09 0.09 0.3 0

1734619720
0.07 0.08 0.3 237

1734619721
0.07 0.08 0.3 0

1734619722
0.06 0.08 0.3 0

1734619723
0.06 0.08 0.3 7

1734619724
0.05 0.08 0.29 0

1734619725
0.05 0.08 0.29 0

1734619726
0.04 0.07 0.29 1149

1734619727
0.04 0.07 0.29 35

1734619728
0.03 0.07 0.29 0

1734619729
0.03 0.07 0.29 0

1734619730
0.02 0.07 0.29 0

1734619731
0.02 0.07 0.29 0

1734619732
0.02 0.07 0.28 0

1734619733
0.02 0.07 0.28 0

1734619734
0.01 0.06 0.28 0

1734619735
0.01 0.06 0.28 0

1734619736
0.01 0.06 0.28 0

1734619737
0.01 0.06 0.28 0

1734619738
0.01 0.06 0.28 0

1734619739
0.01 0.06 0.28 0

1734619740
0.0 0.06 0.28 0

1734619741
0.0 0.06 0.28 0

1734619742
0.0 0.05 0.27 0

1734619743
0.0 0.05 0.27 1

1734619744
0.0 0.05 0.27 0

1734619745
0.0 0.05 0.27 0

1734619746
0.0 0.05 0.27 0

1734619747
0.0 0.05 0.27 0

1734619748
0.0 0.05 0.27 0

1734619749
0.0 0.05 0.27 0

1734619750
0.0 0.05 0.27 0

1734619751
0.0 0.05 0.27 0

1734619752
0.0 0.04 0.26 0

1734619753
0.0 0.04 0.26 0

1734619754
0.0 0.04 0.26 0

1734619755
0.0 0.04 0.26 0

1734619756
0.0 0.04 0.26 0

1734619757
0.0 0.04 0.26 0

1734619758
0.0 0.04 0.26 0

1734619759
0.0 0.04 0.26 0

1734619760
0.0 0.04 0.26 0

1734619761
0.0 0.04 0.26 0

1734619762
0.0 0.04 0.25 0

1734619763
0.0 0.04 0.25 0

1734619764
0.0 0.03 0.25 1053

1734619765
0.0 0.03 0.25 0

1734619766
0.0 0.03 0.25 0

1734619767
0.0 0.03 0.25 0

1734619768
0.0 0.03 0.25 0

1734619769
0.0 0.03 0.25 0

1734619770
0.0 0.03 0.25 0

1734619771
0.0 0.03 0.25 0

1734619772
0.0 0.03 0.24 0

1734619773
0.0 0.03 0.24 0

1734619774
0.0 0.03 0.24 0

1734619775
0.0 0.03 0.24 0

1734619776
0.0 0.03 0.24 0

1734619777
0.0 0.03 0.24 0

1734619778
0.0 0.02 0.24 0

1734619779
0.0 0.02 0.24 0

1734619780
0.0 0.02 0.24 0

1734619781
0.0 0.02 0.24 0

1734619782
0.0 0.02 0.23 0

1734619783
0.0 0.02 0.23 0

1734619784
0.0 0.02 0.23 0

1734619785
0.0 0.02 0.23 0

1734619786
0.0 0.02 0.23 0

1734619787
0.0 0.02 0.23 0

1734619788
0.0 0.02 0.23 0

1734619789
0.0 0.02 0.23 0

1734619790
0.0 0.02 0.23 0

1734619791
0.0 0.02 0.23 0

1734619792
0.0 0.02 0.22 0

1734619793
0.0 0.02 0.22 0

1734619794
0.0 0.02 0.22 15

1734619795
0.0 0.02 0.22 0

1734619796
0.0 0.02 0.22 0

1734619797
0.0 0.02 0.22 0

1734619798
0.0 0.01 0.22 0

1734619799
0.0 0.01 0.22 0

1734619800
0.0 0.01 0.22 0

1734619801
0.0 0.01 0.22 0

1734619802
0.0 0.01 0.22 0

1734619803
0.0 0.01 0.22 0

1734619804
0.0 0.01 0.21 0

1734619805
0.0 0.01 0.21 0

1734619806
0.0 0.01 0.21 224

1734619807
0.0 0.01 0.21 2

1734619808
0.0 0.01 0.21 0

1734619809
0.0 0.01 0.21 0

1734619810
0.0 0.01 0.21 0

1734619811
0.0 0.01 0.21 1

1734619812
0.0 0.01 0.21 0

1734619813
0.0 0.01 0.21 0

1734619814
0.0 0.01 0.2 0

1734619815
0.0 0.01 0.2 0

1734619816
0.0 0.01 0.2 0

1734619817
0.0 0.01 0.2 0

1734619818
0.0 0.01 0.2 964

1734619819
0.0 0.01 0.2 340

1734619820
0.0 0.01 0.2 0

1734619821
0.0 0.01 0.2 0

1734619823
0.0 0.01 0.2 35

