1735192419
0.64 0.26 0.67 112999

1735192420
0.64 0.26 0.67 6556

1735192421
0.89 0.31 0.68 15969

1735192422
0.89 0.31 0.68 76232

1735192423
1.63 0.47 0.71 48117

1735192424
1.63 0.47 0.71 34695

1735192425
2.06 0.58 0.73 59946

1735192426
2.06 0.58 0.73 68121

1735192427
3.14 0.83 0.78 93917

1735192428
3.14 0.83 0.78 78802

1735192429
4.02 1.06 0.83 130797

1735192430
4.02 1.06 0.83 149127

1735192431
6.01 1.52 0.93 148244

1735192432
6.01 1.52 0.93 105859

1735192433
6.73 1.79 0.99 98323

1735192434
6.73 1.79 0.99 37018

1735192435
6.23 1.87 1.01 41583

1735192436
6.23 1.87 1.01 28223

1735192437
5.46 1.87 1.02 25284

1735192438
5.46 1.87 1.02 102186

1735192439
7.19 2.3 1.11 351973

1735192440
7.19 2.3 1.11 76805

1735192441
8.06 2.62 1.19 33501

1735192442
8.06 2.62 1.19 16546

1735192443
6.78 2.57 1.19 17513

1735192444
6.78 2.57 1.19 13174

1735192445
5.73 2.51 1.19 19803

1735192446
5.73 2.51 1.19 14341

1735192447
4.87 2.46 1.18 6795

1735192448
4.87 2.46 1.18 16944

1735192449
4.17 2.42 1.18 3633

1735192450
4.17 2.42 1.18 16277

1735192451
3.41 2.34 1.17 5381

1735192452
3.41 2.34 1.17 8898

1735192453
2.8 2.26 1.17 4879

1735192454
2.8 2.26 1.17 5436

1735192455
2.29 2.18 1.16 7889

1735192456
2.29 2.18 1.16 4967

1735192457
2.05 2.15 1.16 11128

1735192458
2.05 2.15 1.16 6771

1735192459
1.68 2.08 1.15 1247

1735192460
1.37 2.01 1.14 9846

1735192461
1.37 2.01 1.14 10368

1735192462
1.37 2.01 1.14 13405

1735192463
1.31 1.97 1.14 10037

1735192464
1.31 1.97 1.14 15359

1735192465
1.25 1.94 1.14 10171

1735192466
1.25 1.94 1.14 12788

1735192467
1.02 1.88 1.13 5796

1735192468
1.02 1.88 1.13 7323

1735192469
0.84 1.82 1.12 1606

1735192470
0.84 1.82 1.12 16998

1735192471
0.87 1.79 1.12 6443

1735192472
0.87 1.79 1.12 5501

1735192473
0.71 1.73 1.11 4502

1735192474
0.71 1.73 1.11 16429

1735192475
0.76 1.7 1.11 7830

1735192476
0.76 1.7 1.11 3126

1735192477
0.62 1.65 1.1 21641

1735192478
0.62 1.65 1.1 29790

1735192479
1.05 1.69 1.12 45284

1735192480
1.05 1.69 1.12 14129

1735192481
1.22 1.7 1.12 140885

1735192482
1.22 1.7 1.12 309116

1735192483
7.7 2.86 1.37 475459

1735192484
7.7 2.86 1.37 341708

1735192485
14.1 4.17 1.65 536944

1735192486
14.1 4.17 1.65 227539

1735192487
15.17 4.69 1.78 161027

1735192488
15.17 4.69 1.78 330101

1735192489
17.13 5.39 1.94 53294

1735192490
17.13 5.39 1.94 675757

1735192491
23.81 6.98 2.3 645004

1735192492
23.81 6.98 2.3 532843

1735192493
30.91 8.81 2.72 845313

1735192494
30.91 8.81 2.72 444517

1735192495
35.81 10.42 3.09 509085

1735192496
35.81 10.42 3.09 653803

1735192497
40.92 12.17 3.51 637762

1735192498
40.92 12.17 3.51 591176

1735192499
43.83 13.64 3.88 468500

1735192500
43.83 13.64 3.88 631169

1735192501
44.04 14.67 4.16 229578

1735192502
44.04 14.67 4.16 97007

1735192503
37.33 14.41 4.18 55571

1735192504
37.33 14.41 4.18 60907

1735192505
32.2 14.24 4.21 202083

1735192506
32.2 14.24 4.21 625083

1735192507
37.23 15.73 4.59 642794

1735192508
37.23 15.73 4.59 634881

1735192509
41.9 17.28 4.99 594072

1735192510
41.9 17.28 4.99 628753

1735192511
45.18 18.68 5.37 654849

1735192512
45.18 18.68 5.37 579947

1735192513
44.42 19.41 5.61 142300

1735192514
44.42 19.41 5.61 60175

1735192515
37.46 18.97 5.61 70540

1735192516
37.46 18.97 5.61 88058

1735192517
32.12 18.61 5.63 58633

1735192518
32.12 18.61 5.63 186405

1735192519
28.11 18.33 5.66 44148

1735192520
28.11 18.33 5.66 59510

1735192521
24.11 17.92 5.66 60357

1735192522
24.11 17.92 5.66 96909

1735192523
21.01 17.57 5.67 37694

1735192524
21.01 17.57 5.67 37618

1735192525
20.46 17.58 5.76 431369

1735192526
20.46 17.58 5.76 557316

1735192527
26.17 18.71 6.07 452829

1735192528
26.17 18.71 6.07 551434

1735192529
31.58 19.93 6.41 592825

1735192530
31.58 19.93 6.41 416859

1735192531
30.93 20.19 6.56 97132

1735192532
30.93 20.19 6.56 59018

1735192533
26.95 19.82 6.58 125536

1735192534
26.95 19.82 6.58 56669

1735192535
22.98 19.34 6.57 43990

1735192536
22.98 19.34 6.57 29984

1735192537
19.54 18.84 6.55 51728

1735192538
19.54 18.84 6.55 216274

1735192539
18.71 18.71 6.61 98540

1735192540
18.71 18.71 6.61 154716

1735192541
17.32 18.46 6.64 75656

1735192542
17.32 18.46 6.64 107073

1735192543
15.81 18.15 6.65 89476

1735192544
15.81 18.15 6.65 62525

1735192545
14.94 17.91 6.68 177385

1735192546
14.94 17.91 6.68 307689

1735192547
16.58 18.11 6.8 198096

1735192548
16.58 18.11 6.8 374084

1735192549
19.19 18.53 6.97 241203

1735192550
19.19 18.53 6.97 319376

1735192551
19.34 18.58 7.06 61297

1735192552
19.34 18.58 7.06 52324

1735192553
17.1 18.2 7.06 121553

1735192554
17.1 18.2 7.06 167444

1735192555
16.54 18.07 7.11 127198

1735192556
16.54 18.07 7.11 104835

1735192557
16.62 18.03 7.17 245831

1735192558
16.62 18.03 7.17 624897

1735192559
24.48 19.4 7.53 613340

1735192560
24.48 19.4 7.53 649043

1735192561
27.11 20.04 7.75 92473

1735192562
27.11 20.04 7.75 79203

1735192563
23.28 19.58 7.74 53584

1735192564
23.28 19.58 7.74 366120

1735192565
23.59 19.76 7.86 170579

1735192566
23.59 19.76 7.86 228024

1735192567
21.85 19.57 7.9 40285

1735192568
21.85 19.57 7.9 19383

1735192569
18.26 19.0 7.86 38476

1735192570
18.26 19.0 7.86 17496

1735192571
15.13 18.41 7.81 11145

1735192572
15.13 18.41 7.81 105780

1735192573
13.47 18.0 7.8 25515

1735192574
13.47 18.0 7.8 51929

1735192575
11.58 17.51 7.76 21091

1735192576
11.58 17.51 7.76 15611

1735192577
9.66 16.97 7.72 4280

1735192578
9.66 16.97 7.72 6670

1735192579
7.91 16.41 7.66 6002

1735192580
7.91 16.41 7.66 13414

1735192581
6.47 15.88 7.61 6775

1735192582
6.47 15.88 7.61 11022

1735192583
6.39 15.55 7.6 127258

1735192584
6.39 15.55 7.6 54471

1735192585
6.32 15.24 7.59 64523

1735192586
6.32 15.24 7.59 84244

1735192587
6.26 14.94 7.58 39021

1735192588
6.26 14.94 7.58 4966

1735192589
5.3 14.48 7.53 23490

1735192590
5.3 14.48 7.53 27740

1735192591
4.89 14.1 7.5 35268

1735192592
4.89 14.1 7.5 27987

1735192593
4.54 13.74 7.47 43217

1735192594
4.54 13.74 7.47 52598

1735192595
4.44 13.42 7.45 32897

1735192596
4.44 13.42 7.45 29173

1735192597
4.0 13.05 7.41 30755

1735192598
4.0 13.05 7.41 14367

1735192599
3.82 12.72 7.38 45706

1735192600
3.82 12.72 7.38 83631

1735192601
4.03 12.47 7.36 29872

1735192602
4.03 12.47 7.36 32083

1735192603
3.84 12.16 7.33 35033

1735192604
3.84 12.16 7.33 58128

1735192605
3.87 11.89 7.31 40718

1735192606
3.87 11.89 7.31 31723

1735192607
3.53 11.57 7.27 23343

1735192608
3.53 11.57 7.27 31096

1735192609
4.16 11.42 7.27 124569

1735192610
4.16 11.42 7.27 34632

1735192611
3.95 11.14 7.24 30314

1735192612
3.95 11.14 7.24 25248

1735192613
3.59 10.84 7.2 28722

1735192614
3.59 10.84 7.2 77832

1735192616
4.03 10.68 7.2 71357

1735192617
4.03 10.68 7.2 125834

1735192618
5.29 10.69 7.22 80066

1735192619
4.87 10.44 7.19 63429

1735192620
4.87 10.44 7.19 16085

1735192621
4.87 10.44 7.19 75241

1735192623
4.22 9.96 7.14 63071

1735192624
4.22 9.96 7.14 22759

1735192625
4.18 9.76 7.11 71373

1735192626
4.18 9.76 7.11 38633

1735192627
4.33 9.61 7.1 65630

1735192628
4.33 9.61 7.1 7205

1735192629
3.91 9.36 7.06 39345

1735192630
3.91 9.36 7.06 6227

1735192631
3.38 9.08 7.02 12341

1735192632
3.38 9.08 7.02 24970

1735192633
2.95 8.82 6.98 13899

1735192634
2.95 8.82 6.98 39851

1735192635
2.95 8.82 6.98 74168

1735192636
3.5 8.73 6.97 67055

1735192637
3.5 8.73 6.97 23124

1735192638
3.59 8.57 6.95 60987

1735192639
3.59 8.57 6.95 40915

1735192640
3.84 8.45 6.94 38563

1735192641
3.84 8.45 6.94 43748

1735192642
3.87 8.31 6.92 100268

1735192643
3.87 8.31 6.92 121436

1735192644
5.16 8.4 6.95 138592

1735192645
5.16 8.4 6.95 261249

1735192646
7.85 8.78 7.04 257609

1735192647
7.85 8.78 7.04 276037

1735192648
11.32 9.37 7.17 569560

1735192649
11.32 9.37 7.17 377454

1735192650
17.78 10.6 7.45 312648

1735192651
17.78 10.6 7.45 366284

1735192652
20.72 11.37 7.63 363404

1735192653
20.72 11.37 7.63 545991

1735192654
24.94 12.44 7.88 245948

1735192655
24.94 12.44 7.88 205163

1735192656
24.4 12.75 7.97 505408

1735192657
24.4 12.75 7.97 758102

1735192658
31.76 14.46 8.36 772778

1735192659
31.76 14.46 8.36 516163

1735192660
37.05 15.98 8.72 249935

1735192661
37.05 15.98 8.72 168179

1735192662
33.96 16.11 8.8 228320

1735192663
33.96 16.11 8.8 406859

1735192664
34.15 16.73 8.98 754049

1735192665
34.15 16.73 8.98 778812

1735192666
41.73 18.67 9.44 674172

1735192667
41.73 18.67 9.44 557286

1735192668
44.86 19.99 9.78 359125

1735192669
44.86 19.99 9.78 96895

1735192670
40.72 20.06 9.86 236790

1735192671
40.72 20.06 9.86 101265

1735192672
36.06 19.89 9.9 134184

1735192673
36.06 19.89 9.9 100269

1735192674
31.52 19.6 9.9 165309

1735192675
31.52 19.6 9.9 119529

1735192676
28.34 19.41 9.93 131981

1735192677
28.34 19.41 9.93 133269

1735192678
25.38 19.17 9.95 63578

1735192679
25.38 19.17 9.95 101431

1735192680
22.23 18.81 9.93 330822

1735192681
22.23 18.81 9.93 619351

1735192682
27.44 19.86 10.21 640275

1735192683
27.44 19.86 10.21 705502

1735192684
33.7 21.24 10.57 509170

1735192685
33.7 21.24 10.57 592372

1735192686
38.28 22.47 10.9 642082

1735192687
40.59 23.41 11.17 556728

1735192688
40.59 23.41 11.17 323923

1735192689
40.59 23.41 11.17 156174

1735192690
38.12 23.52 11.28 7346

1735192691
38.12 23.52 11.28 205434

1735192692
33.75 23.21 11.3 707223

1735192693
34.88 23.76 11.5 326421

1735192694
34.88 23.76 11.5 285617

1735192695
35.09 24.16 11.66 292394

1735192696
35.09 24.16 11.66 2735

1735192697
28.91 23.4 11.59 37213

1735192698
28.91 23.4 11.59 11525

1735192699
28.91 23.4 11.59 400542

1735192700
27.48 23.32 11.66 16741

1735192701
27.48 23.32 11.66 9306

1735192702
22.68 22.59 11.58 479764

1735192703
27.45 23.46 11.84 601379

1735192704
27.45 23.46 11.84 24782

1735192705
27.45 23.46 11.84 200802

1735192706
25.37 23.21 11.87 8113

1735192707
21.86 22.65 11.83 136187

1735192709
21.86 22.65 11.83 11315

1735192710
18.99 22.1 11.79 403154

1735192711
18.99 22.1 11.79 2337

1735192712
18.26 21.87 11.81 136608

1735192713
18.26 21.87 11.81 152812

1735192714
17.31 21.58 11.82 21039

1735192715
14.35 20.91 11.74 6795

1735192716
14.35 20.91 11.74 5076

1735192717
12.11 20.29 11.68 38368

1735192718
12.11 20.29 11.68 19243

1735192719
10.28 19.69 11.61 29551

1735192720
10.28 19.69 11.61 21406

1735192721
10.28 19.69 11.61 11283

1735192722
8.78 19.11 11.54 55225

1735192723
7.91 18.62 11.49 85870

1735192724
7.91 18.62 11.49 374044

1735192726
11.19 18.86 11.59 120152

1735192727
11.7 18.7 11.61 316650

1735192728
11.7 18.7 11.61 9908

1735192729
15.01 19.07 11.73 646260

1735192730
15.01 19.07 11.73 296519

1735192731
20.08 19.85 11.95 610417

1735192732
20.08 19.85 11.95 318630

1735192733
20.08 19.85 11.95 155936

1735192734
21.7 20.15 12.06 215462

1735192735
19.76 19.85 12.06 31412

1735192736
19.76 19.85 12.06 1614

1735192737
19.76 19.85 12.06 15979

1735192738
16.36 19.23 11.98 55528

1735192739
14.12 18.73 11.93 49434

1735192740
14.12 18.73 11.93 0

1735192742
11.74 18.15 11.85 34957

1735192743
10.16 17.66 11.79 46244

1735192744
10.16 17.66 11.79 27107

1735192745
8.5 17.11 11.72 7972

1735192746
8.5 17.11 11.72 18221

1735192747
7.32 16.62 11.65 18973

1735192748
7.32 16.62 11.65 6212

1735192749
6.17 16.11 11.58 22517

1735192751
6.17 16.11 11.58 13927

1735192752
5.6 15.68 11.52 82287

1735192753
5.6 15.68 11.52 22279

1735192754
5.13 15.26 11.46 38480

1735192755
4.38 14.8 11.39 3175

1735192756
4.38 14.8 11.39 17706

1735192757
4.38 14.8 11.39 35080

1735192758
4.13 14.41 11.33 24352

1735192759
4.13 14.41 11.33 31800

1735192760
3.74 14.0 11.27 20651

1735192761
3.97 13.71 11.22 88286

1735192762
3.97 13.71 11.22 16806

1735192763
3.97 13.71 11.22 46021

1735192764
3.79 13.36 11.17 61238

1735192765
3.79 13.36 11.17 238589

1735192766
6.0 13.44 11.2 453131

1735192767
6.0 13.44 11.2 109624

1735192768
9.44 13.82 11.29 19253

1735192769
11.9 14.12 11.37 550307

1735192770
11.9 14.12 11.37 446443

1735192771
16.44 14.87 11.55 209602

1735192772
16.44 14.87 11.55 111141

1735192773
16.44 14.87 11.55 43229

1735192774
14.91 14.65 11.52 68588

1735192775
12.94 14.3 11.47 34381

1735192776
12.94 14.3 11.47 34845

1735192777
12.94 14.3 11.47 38365

1735192778
11.13 13.93 11.41 5203

1735192779
11.13 13.93 11.41 5951

1735192780
9.12 13.47 11.34 27861

1735192781
9.12 13.47 11.34 30829

1735192782
8.01 13.13 11.28 54953

1735192783
8.01 13.13 11.28 29177

1735192784
7.1 12.8 11.22 14785

1735192785
5.99 12.41 11.15 20893

1735192786
5.99 12.41 11.15 15331

1735192787
5.27 12.07 11.09 26644

1735192788
5.27 12.07 11.09 7110

1735192790
4.68 11.74 11.03 44796

1735192791
4.19 11.42 10.97 42490

1735192792
4.19 11.42 10.97 18441

1735192793
4.19 11.42 10.97 12542

1735192794
3.61 11.08 10.9 26285

1735192795
3.61 11.08 10.9 33200

1735192796
3.5 10.81 10.84 23827

1735192797
3.5 10.81 10.84 20877

1735192798
3.04 10.49 10.78 16244

1735192799
3.04 10.49 10.78 15947

1735192800
2.67 10.18 10.71 35479

1735192801
2.67 10.18 10.71 20022

1735192802
2.55 9.91 10.65 21416

1735192803
2.55 9.91 10.65 10117

1735192804
2.27 9.62 10.58 17892

1735192805
2.04 9.34 10.52 28301

1735192806
2.04 9.34 10.52 11592

1735192807
2.04 9.34 10.52 9400

1735192808
1.85 9.07 10.45 5948

1735192810
2.06 8.87 10.4 100305

1735192811
2.06 8.87 10.4 103344

1735192812
2.77 8.77 10.37 11544

1735192813
2.77 8.77 10.37 23482

1735192814
2.45 8.52 10.31 42501

1735192815
2.45 8.52 10.31 99171

1735192816
4.9 8.76 10.34 588492

1735192817
4.9 8.76 10.34 562149

1735192818
15.06 10.47 10.69 641067

1735192819
15.06 10.47 10.69 672583

1735192820
24.47 12.32 11.08 701451

1735192821
24.47 12.32 11.08 702137

1735192822
32.54 14.18 11.47 691242

1735192823
32.54 14.18 11.47 691929

1735192824
39.14 15.97 11.87 707832

1735192825
39.14 15.97 11.87 697267

1735192826
44.55 17.7 12.26 708281

1735192827
44.55 17.7 12.26 704568

1735192828
49.16 19.42 12.65 761041

1735192829
49.16 19.42 12.65 587893

1735192830
50.94 20.71 12.97 574607

1735192831
50.94 20.71 12.97 903104

1735192832
57.47 22.88 13.47 910044

1735192833
57.47 22.88 13.47 889630

1735192834
62.46 24.91 13.96 691692

1735192835
62.46 24.91 13.96 517942

1735192836
58.93 25.5 14.16 80959

1735192837
58.93 25.5 14.16 112388

1735192838
50.43 25.06 14.15 376677

1735192839
50.43 25.06 14.15 389340

1735192840
48.0 25.45 14.3 131229

1735192841
48.0 25.45 14.3 219259

1735192842
42.74 25.24 14.34 211451

1735192843
42.74 25.24 14.34 431414

1735192844
42.97 25.85 14.54 657719

1735192845
42.97 25.85 14.54 191847

1735192846
40.44 25.96 14.64 187879

1735192847
40.44 25.96 14.64 120816

1735192848
35.1 25.47 14.61 1868

1735192849
35.1 25.47 14.61 9750

1735192850
29.65 24.8 14.55 265035

1735192851
29.65 24.8 14.55 585968

1735192852
33.33 25.62 14.79 516813

1735192853
33.33 25.62 14.79 307385

1735192854
34.54 26.09 14.96 536252

1735192855
34.54 26.09 14.96 726069

1735192856
41.51 27.63 15.36 838991

1735192857
41.51 27.63 15.36 302307

1735192858
40.51 27.9 15.5 42534

1735192859
40.51 27.9 15.5 145588

1735192860
34.98 27.31 15.46 114574

1735192861
34.98 27.31 15.46 48484

1735192862
29.73 26.62 15.4 64537

1735192863
29.73 26.62 15.4 21502

1735192864
24.71 25.81 15.31 12206

1735192865
24.71 25.81 15.31 175116

1735192866
24.94 25.82 15.38 651174

1735192867
24.94 25.82 15.38 637654

1735192868
31.47 26.97 15.69 317121

1735192869
31.47 26.97 15.69 447230

1735192875
22.5 25.64 15.64 411435

1735192876
20.41 25.16 15.61 477657

1735192877
20.41 25.16 15.61 914321

1735192878
32.84 27.25 16.11 888732

1735192879
32.84 27.25 16.11 932942

1735192880
43.55 29.37 16.63 933125

1735192881
43.55 29.37 16.63 907259

1735192882
51.79 31.32 17.12 853053

1735192883
51.79 31.32 17.12 809380

1735192884
57.26 32.98 17.57 857799

1735192885
57.26 32.98 17.57 845245

1735192886
62.28 34.68 18.03 854860

1735192887
62.28 34.68 18.03 861308

1735192888
66.22 36.3 18.48 832401

1735192889
66.22 36.3 18.48 842635

1735192890
69.44 37.86 18.93 894671

1735192891
69.44 37.86 18.93 461843

1735192892
68.99 38.81 19.26 852580

1735192893
68.99 38.81 19.26 750168

1735192894
70.81 40.12 19.67 832778

1735192895
70.81 40.12 19.67 845786

1735192896
71.93 41.33 20.06 673258

1735192897
71.93 41.33 20.06 534454

1735192898
68.32 41.68 20.28 409762

1735192899
68.32 41.68 20.28 948541

1735192900
70.98 43.03 20.71 898083

1735192901
70.98 43.03 20.71 974574

1735192902
75.51 44.77 21.22 940477

1735192903
75.51 44.77 21.22 976982

1735192904
79.4 46.47 21.74 984205

1735192905
79.4 46.47 21.74 964099

1735192906
82.41 48.09 22.25 958795

1735192907
82.41 48.09 22.25 950435

1735192908
84.69 49.63 22.74 954805

1735192909
84.69 49.63 22.74 937816

1735192910
86.01 51.02 23.22 869323

1735192911
86.01 51.02 23.22 788223

1735192912
85.46 52.06 23.63 853496

1735192913
85.46 52.06 23.63 815315

1735192914
85.38 53.14 24.05 914939

1735192915
85.38 53.14 24.05 852056

1735192916
85.85 54.28 24.48 967635

1735192917
85.85 54.28 24.48 1001353

1735192918
83.89 54.96 24.83 463931

1735192919
83.89 54.96 24.83 771201

1735192920
82.64 55.68 25.19 819795

1735192921
82.64 55.68 25.19 1219417

1735192922
84.33 56.87 25.64 550952

1735192923
84.33 56.87 25.64 835618

1735192924
84.45 57.79 26.05 919021

1735192925
84.45 57.79 26.05 745279

1735192926
82.92 58.38 26.39 760238

1735192927
82.92 58.38 26.39 777763

1735192928
82.75 59.16 26.77 915204

1735192929
82.75 59.16 26.77 922941

1735192930
84.61 60.26 27.22 936966

1735192931
84.61 60.26 27.22 926661

1735192932
85.77 61.27 27.66 920627

1735192933
85.77 61.27 27.66 897204

1735192934
86.53 62.21 28.09 925312

1735192935
86.53 62.21 28.09 1014306

1735192936
87.52 63.18 28.52 840553

1735192937
87.52 63.18 28.52 859523

1735192938
87.61 64.0 28.93 885161

1735192939
87.61 64.0 28.93 713537

1735192940
84.24 64.16 29.2 617647

1735192941
84.24 64.16 29.2 871348

1735192942
83.83 64.74 29.57 782897

1735192943
83.83 64.74 29.57 909514

1735192944
84.22 65.44 29.95 808876

1735192945
84.22 65.44 29.95 730151

1735192946
82.91 65.82 30.27 876654

1735192947
82.91 65.82 30.27 760755

1735192948
81.66 66.15 30.59 782284

1735192949
81.66 66.15 30.59 1064511

1735192950
83.53 67.0 31.01 1000093

1735192951
83.53 67.0 31.01 790735

1735192952
86.15 68.01 31.47 976737

1735192953
86.15 68.01 31.47 892800

1735192954
85.22 68.43 31.8 646393

1735192955
85.22 68.43 31.8 689907

1735192956
82.28 68.45 32.06 744361

1735192957
82.28 68.45 32.06 705101

1735192958
77.34 68.01 32.22 297555

1735192959
77.34 68.01 32.22 294230

1735192960
68.03 66.64 32.17 243051

1735192961
68.03 66.64 32.17 487951

1735192962
62.05 65.6 32.19 209727

1735192963
62.05 65.6 32.19 142327

1735192964
53.52 63.95 32.07 174149

1735192965
53.52 63.95 32.07 133805

1735192966
46.18 62.28 31.94 125897

1735192967
46.18 62.28 31.94 129003

1735192968
39.81 60.6 31.8 116291

1735192969
39.81 60.6 31.8 84539

1735192970
35.13 59.08 31.68 198440

1735192971
35.13 59.08 31.68 264131

1735192972
34.02 58.09 31.66 374411

1735192973
34.02 58.09 31.66 711391

1735192974
40.54 58.48 31.92 708900

1735192975
40.54 58.48 31.92 690837

1735192976
45.51 58.79 32.17 678195

1735192977
45.51 58.79 32.17 678294

1735192978
48.86 58.96 32.39 616274

1735192979
48.86 58.96 32.39 803850

1735192980
53.23 59.42 32.66 714514

1735192981
53.23 59.42 32.66 478469

1735192982
50.47 58.72 32.7 182460

1735192983
50.47 58.72 32.7 114606

1735192984
44.41 57.36 32.59 238339

1735192985
44.41 57.36 32.59 222231

1735192986
40.35 56.2 32.52 222324

1735192987
40.35 56.2 32.52 259801

1735192988
37.57 55.18 32.47 228713

1735192989
37.57 55.18 32.47 288681

1735192990
38.55 54.78 32.54 666275

1735192991
38.55 54.78 32.54 683027

1735192992
42.07 54.89 32.72 424851

1735192993
42.07 54.89 32.72 137854

1735192994
37.35 53.61 32.6 175204

1735192995
37.35 53.61 32.6 209666

1735192996
35.47 52.74 32.56 378103

1735192997
35.47 52.74 32.56 301184

1735192998
33.94 51.9 32.52 204988

1735192999
33.94 51.9 32.52 395204

1735193000
35.58 51.61 32.6 518252

1735193001
35.58 51.61 32.6 592433

1735193002
39.82 51.85 32.78 619606

1735193003
39.82 51.85 32.78 523381

1735193009
24.01 47.04 32.26 545392

1735193011
16.75 44.14 31.85 128301

1735193111
14.14 15.81 24.86 6750456

1735193113
11.94 15.36 24.71 63720

1735193114
11.94 15.36 24.71 449444

1735193115
17.02 16.17 24.81 641817

1735193116
17.02 16.17 24.81 660535

1735193117
25.9 17.8 25.09 612617

1735193118
25.9 17.8 25.09 577562

1735193119
31.53 19.08 25.31 621814

1735193120
31.53 19.08 25.31 716747

1735193121
37.95 20.65 25.6 622674

1735193122
37.95 20.65 25.6 562077

1735193123
41.04 21.77 25.8 472084

1735193124
41.04 21.77 25.8 542131

1735193125
43.39 22.83 25.99 664934

1735193126
43.39 22.83 25.99 831704

1735193127
50.74 24.83 26.39 928337

1735193128
50.74 24.83 26.39 967168

1735193129
58.58 27.09 26.85 932434

1735193130
58.58 27.09 26.85 836710

1735193137
29.39 25.52 26.54 600280

1735193139
29.39 25.52 26.54 173417

1735193141
30.4 25.83 26.6 821292

1735193142
30.4 25.83 26.6 784221

1735193143
40.29 27.76 27.0 992601

1735193144
40.29 27.76 27.0 833877

1735193146
7.96 21.58 25.64 852346

1735193176
4.01 16.27 24.12 662264

