1735192419
1.36 2.66 32.05 85761

1735192420
1.36 2.66 32.05 112795

1735192421
4.01 3.09 31.94 397832

1735192422
4.01 3.09 31.94 470766

1735192423
11.08 4.4 32.01 409246

1735192424
11.08 4.4 32.01 253921

1735192425
13.05 4.97 31.95 8721

1735192426
13.05 4.97 31.95 2422

1735192427
11.05 4.88 31.74 46524

1735192428
11.05 4.88 31.74 95460

1735192429
10.86 5.04 31.59 250683

1735192430
10.86 5.04 31.59 168817

1735192431
12.7 5.57 31.52 252863

1735192432
12.7 5.57 31.52 104924

1735192433
12.57 5.78 31.39 150566

1735192434
12.57 5.78 31.39 490507

1735192435
16.99 6.8 31.42 274647

1735192436
16.99 6.8 31.42 187229

1735192437
18.08 7.33 31.37 157334

1735192438
18.08 7.33 31.37 132496

1735192439
17.52 7.58 31.25 153507

1735192440
17.52 7.58 31.25 20740

1735192441
15.61 7.56 31.09 317688

1735192442
15.61 7.56 31.09 578282

1735192443
21.84 8.95 31.22 434659

1735192444
21.84 8.95 31.22 776710

1735192445
28.94 10.65 31.42 1021592

1735192446
28.94 10.65 31.42 268477

1735192447
35.47 12.43 31.65 605292

1735192448
35.47 12.43 31.65 807706

1735192449
40.45 14.08 31.86 413783

1735192450
40.45 14.08 31.86 943712

1735192451
44.18 15.62 32.06 494544

1735192452
44.18 15.62 32.06 582816

1735192453
47.77 17.2 32.28 773837

1735192454
47.77 17.2 32.28 854993

1735192455
55.42 19.58 32.68 1052941

1735192456
55.42 19.58 32.68 175620

1735192457
56.43 20.94 32.87 627623

1735192458
56.43 20.94 32.87 874066

1735192459
57.62 22.31 33.08 476679

1735192460
60.04 23.91 33.34 1188987

1735192461
60.04 23.91 33.34 492357

1735192462
60.04 23.91 33.34 195319

1735192463
58.22 24.76 33.45 428781

1735192464
58.22 24.76 33.45 893227

1735192465
59.27 26.04 33.66 690947

1735192466
59.27 26.04 33.66 559229

1735192467
60.49 27.35 33.88 940417

1735192468
60.49 27.35 33.88 550556

1735192469
62.21 28.75 34.13 727718

1735192470
62.21 28.75 34.13 511183

1735192471
65.43 30.42 34.44 1312706

1735192472
65.43 30.42 34.44 405849

1735192473
64.45 31.39 34.62 250032

1735192474
64.45 31.39 34.62 918597

1735192475
62.91 32.2 34.76 369882

1735192476
62.91 32.2 34.76 1064250

1735192477
64.38 33.47 35.01 474485

1735192478
64.38 33.47 35.01 412013

1735192479
61.05 33.88 35.09 215276

1735192480
61.05 33.88 35.09 777005

1735192481
59.23 34.44 35.2 343688

1735192482
59.23 34.44 35.2 267862

1735192483
54.11 34.32 35.17 300672

1735192484
54.11 34.32 35.17 185146

1735192485
47.93 33.85 35.06 198961

1735192486
47.93 33.85 35.06 682869

1735192487
50.12 34.71 35.23 564291

1735192488
50.12 34.71 35.23 512437

1735192489
50.28 35.24 35.34 543917

1735192490
50.28 35.24 35.34 213537

1735192491
45.33 34.84 35.26 185885

1735192492
45.33 34.84 35.26 129716

1735192493
40.02 34.23 35.12 316604

1735192494
40.02 34.23 35.12 160306

1735192495
37.66 33.99 35.07 257995

1735192496
37.66 33.99 35.07 14836

1735192497
31.2 32.94 34.84 4781

1735192498
31.2 32.94 34.84 130529

1735192499
28.26 32.35 34.71 294378

1735192500
28.26 32.35 34.71 88495

1735192501
24.95 31.62 34.54 28694

1735192502
24.95 31.62 34.54 79807

1735192503
21.34 30.75 34.34 4935

1735192504
21.34 30.75 34.34 29847

1735192505
18.74 29.97 34.15 160882

1735192506
18.74 29.97 34.15 76821

1735192507
16.97 29.29 33.98 93806

1735192508
16.97 29.29 33.98 5450

1735192509
14.08 28.36 33.75 20547

1735192510
14.08 28.36 33.75 119519

1735192511
13.7 27.83 33.6 154719

1735192512
13.7 27.83 33.6 193406

1735192513
15.75 27.73 33.54 469309

1735192514
15.75 27.73 33.54 287394

1735192515
18.69 27.87 33.53 213048

1735192516
18.69 27.87 33.53 234085

1735192517
20.74 27.94 33.51 466984

1735192518
20.74 27.94 33.51 557528

1735192519
23.87 28.27 33.54 454864

1735192520
23.87 28.27 33.54 339001

1735192521
28.96 29.05 33.66 420575

1735192522
28.96 29.05 33.66 266658

1735192523
31.68 29.54 33.74 710521

1735192524
31.68 29.54 33.74 502112

1735192525
32.83 29.81 33.77 99227

1735192526
32.83 29.81 33.77 173796

1735192527
29.96 29.39 33.65 205833

1735192528
29.96 29.39 33.65 29605

1735192529
25.44 28.6 33.45 66255

1735192530
25.44 28.6 33.45 7942

1735192531
20.83 27.66 33.22 4529

1735192532
20.83 27.66 33.22 136915

1735192533
18.32 26.98 33.05 10075

1735192534
18.32 26.98 33.05 117505

1735192535
17.9 26.62 32.93 304972

1735192536
17.9 26.62 32.93 217234

1735192537
18.64 26.47 32.85 210435

1735192538
18.64 26.47 32.85 166159

1735192539
18.16 26.13 32.74 110090

1735192540
18.16 26.13 32.74 121316

1735192541
19.04 26.03 32.67 421167

1735192542
19.04 26.03 32.67 471358

1735192543
23.92 26.68 32.76 471949

1735192544
23.92 26.68 32.76 522841

1735192545
27.56 27.25 32.84 304593

1735192546
27.56 27.25 32.84 171547

1735192547
25.28 26.85 32.72 166595

1735192548
25.28 26.85 32.72 76759

1735192549
21.97 26.2 32.54 53845

1735192550
21.97 26.2 32.54 6910

1735192551
18.53 25.44 32.34 68915

1735192552
18.53 25.44 32.34 15941

1735192553
15.35 24.64 32.12 6715

1735192554
15.35 24.64 32.12 45827

1735192555
14.75 24.22 31.99 207367

1735192556
14.75 24.22 31.99 326534

1735192557
15.33 24.02 31.89 51553

1735192558
15.33 24.02 31.89 123653

1735192559
14.91 23.66 31.76 163893

1735192560
14.91 23.66 31.76 230476

1735192561
16.56 23.67 31.71 252995

1735192562
16.56 23.67 31.71 230076

1735192563
17.0 23.52 31.62 282336

1735192564
17.0 23.52 31.62 58289

1735192565
15.91 23.11 31.48 38635

1735192566
15.91 23.11 31.48 88015

1735192567
13.93 22.51 31.3 7725

1735192568
13.93 22.51 31.3 28446

1735192569
11.95 21.87 31.11 46312

1735192570
11.95 21.87 31.11 74840

1735192571
11.23 21.42 30.95 90486

1735192572
11.23 21.42 30.95 181327

1735192573
16.45 22.03 31.01 677448

1735192574
16.45 22.03 31.01 230079

1735192575
19.08 22.32 31.01 391002

1735192576
19.08 22.32 31.01 499474

1735192577
25.41 23.36 31.17 616071

1735192578
25.41 23.36 31.17 507024

1735192579
30.04 24.26 31.3 469828

1735192580
30.04 24.26 31.3 590742

1735192581
34.38 25.24 31.46 533299

1735192582
34.38 25.24 31.46 215470

1735192583
30.69 24.87 31.34 26213

1735192584
30.69 24.87 31.34 22845

1735192585
25.85 24.18 31.15 59742

1735192586
25.85 24.18 31.15 24777

1735192587
21.35 23.43 30.94 10390

1735192588
21.35 23.43 30.94 13829

1735192589
17.66 22.69 30.74 13863

1735192590
17.66 22.69 30.74 79978

1735192591
15.37 22.11 30.56 19726

1735192592
15.37 22.11 30.56 227913

1735192593
16.57 22.11 30.5 272874

1735192594
16.57 22.11 30.5 223488

1735192595
18.64 22.3 30.49 442760

1735192596
18.64 22.3 30.49 296097

1735192597
21.96 22.78 30.53 391951

1735192598
21.96 22.78 30.53 495018

1735192599
25.05 23.31 30.59 185057

1735192600
25.05 23.31 30.59 31117

1735192601
20.87 22.62 30.39 16583

1735192602
20.87 22.62 30.39 48137

1735192603
17.45 21.94 30.2 7686

1735192604
17.45 21.94 30.2 19692

1735192605
14.83 21.32 30.01 58320

1735192606
14.83 21.32 30.01 0

1735192607
12.87 20.75 29.83 83619

1735192608
12.87 20.75 29.83 284979

1735192609
14.34 20.76 29.77 163496

1735192610
14.34 20.76 29.77 251509

1735192611
16.27 20.9 29.74 260186

1735192612
16.27 20.9 29.74 470016

1735192613
21.66 21.72 29.85 465050

1735192614
21.66 21.72 29.85 165299

1735192616
21.36 21.67 29.79 255346

1735192617
21.36 21.67 29.79 6167

1735192618
18.21 21.09 29.61 312150

1735192619
22.88 21.84 29.71 1062007

1735192620
22.88 21.84 29.71 121947

1735192621
22.88 21.84 29.71 393304

1735192623
32.31 23.72 30.0 1190499

1735192624
32.31 23.72 30.0 424463

1735192625
35.88 24.64 30.15 986562

1735192626
35.88 24.64 30.15 216782

1735192627
36.98 25.21 30.23 210169

1735192628
36.98 25.21 30.23 718469

1735192629
41.33 26.38 30.44 744989

1735192630
41.33 26.38 30.44 145275

1735192631
39.1 26.47 30.43 237822

1735192632
39.1 26.47 30.43 313927

1735192633
39.26 26.91 30.5 536148

1735192634
39.26 26.91 30.5 268097

1735192635
39.26 26.91 30.5 76088

1735192636
35.59 26.65 30.42 0

1735192637
35.59 26.65 30.42 432464

1735192638
33.13 26.5 30.36 349027

1735192639
33.13 26.5 30.36 233173

1735192640
32.38 26.58 30.35 376446

1735192641
32.38 26.58 30.35 235574

1735192642
31.58 26.63 30.33 12198

1735192643
31.58 26.63 30.33 32195

1735192644
26.22 25.82 30.14 144010

1735192645
26.22 25.82 30.14 12688

1735192646
22.74 25.21 29.98 5078

1735192647
22.74 25.21 29.98 19467

1735192648
18.8 24.41 29.78 60116

1735192649
18.8 24.41 29.78 37051

1735192650
16.12 23.75 29.61 26184

1735192651
16.12 23.75 29.61 32085

1735192652
13.56 23.03 29.42 5131

1735192653
13.56 23.03 29.42 45343

1735192654
11.46 22.34 29.23 20817

1735192655
11.46 22.34 29.23 12741

1735192656
9.57 21.65 29.04 39026

1735192657
9.57 21.65 29.04 2972

1735192658
8.2 21.0 28.85 14260

1735192659
8.2 21.0 28.85 2021

1735192660
6.71 20.32 28.65 3097

1735192661
6.71 20.32 28.65 7584

1735192662
5.49 19.65 28.46 12764

1735192663
5.49 19.65 28.46 33207

1735192664
4.86 19.07 28.28 25406

1735192665
4.86 19.07 28.28 7408

1735192666
4.16 18.48 28.09 8547

1735192667
4.16 18.48 28.09 186048

1735192668
5.58 18.27 27.98 443163

1735192669
5.58 18.27 27.98 337542

1735192670
11.63 18.95 28.05 368591

1735192671
11.63 18.95 28.05 18748

1735192672
12.42 18.85 27.97 13937

1735192673
12.42 18.85 27.97 26216

1735192674
10.35 18.27 27.79 10207

1735192675
10.35 18.27 27.79 28094

1735192676
8.66 17.7 27.6 4605

1735192677
8.66 17.7 27.6 14694

1735192678
7.27 17.15 27.42 6229

1735192679
7.27 17.15 27.42 14430

1735192680
5.95 16.59 27.23 64975

1735192681
5.95 16.59 27.23 7580

1735192682
5.42 16.15 27.07 8738

1735192683
5.42 16.15 27.07 195859

1735192684
6.43 15.98 26.96 243863

1735192685
6.43 15.98 26.96 233702

1735192686
9.43 16.21 26.93 231187

1735192687
14.6 16.92 27.01 753440

1735192688
14.6 16.92 27.01 398741

1735192689
14.6 16.92 27.01 313881

1735192690
20.83 17.97 27.16 772711

1735192691
20.83 17.97 27.16 439068

1735192692
27.57 19.28 27.37 1025480

1735192693
32.17 20.38 27.54 355704

1735192694
32.17 20.38 27.54 246083

1735192695
35.58 21.38 27.7 698986

1735192696
35.58 21.38 27.7 513945

1735192697
41.64 22.94 27.99 901561

1735192698
41.64 22.94 27.99 418287

1735192699
41.64 22.94 27.99 591123

1735192700
45.32 24.22 28.22 1256096

1735192701
45.32 24.22 28.22 356520

1735192702
51.6 26.04 28.57 494339

1735192703
50.59 26.7 28.69 678892

1735192704
50.59 26.7 28.69 425716

1735192705
50.59 26.7 28.69 450320

1735192706
52.11 27.75 28.9 811738

1735192707
55.71 29.2 29.19 801626

1735192709
55.71 29.2 29.19 1071421

1735192710
58.12 30.5 29.47 1515578

1735192711
58.12 30.5 29.47 15174

1735192712
59.73 31.7 29.72 587134

1735192713
59.73 31.7 29.72 476944

1735192714
58.87 32.46 29.9 1028187

1735192715
62.7 34.02 30.24 1352351

1735192716
62.7 34.02 30.24 171246

1735192717
64.74 35.32 30.54 1081729

1735192718
64.74 35.32 30.54 487480

1735192719
65.15 36.36 30.79 528079

1735192720
65.15 36.36 30.79 735424

1735192721
65.15 36.36 30.79 664644

1735192722
67.66 37.75 31.12 1045578

1735192723
67.72 38.74 31.37 573347

1735192724
67.72 38.74 31.37 365930

1735192726
64.33 39.08 31.49 1061948

1735192727
63.91 39.83 31.7 942335

1735192728
63.91 39.83 31.7 229970

1735192729
61.75 40.23 31.84 667054

1735192730
61.75 40.23 31.84 365326

1735192731
61.43 40.88 32.03 1093155

1735192732
61.43 40.88 32.03 519004

1735192733
61.43 40.88 32.03 372302

1735192734
60.99 41.47 32.22 315689

1735192735
59.9 41.91 32.37 1356011

1735192736
59.9 41.91 32.37 502279

1735192737
59.9 41.91 32.37 431472

1735192738
63.91 43.22 32.71 836316

1735192739
62.83 43.71 32.88 1185765

1735192740
62.83 43.71 32.88 0

1735192742
63.41 44.44 33.11 1089176

1735192743
61.52 44.72 33.25 646786

1735192744
61.52 44.72 33.25 811379

1735192745
61.97 45.35 33.46 639422

1735192746
61.97 45.35 33.46 423774

1735192747
61.61 45.83 33.64 831125

1735192748
61.61 45.83 33.64 405958

1735192749
61.86 46.39 33.84 746324

1735192751
61.86 46.39 33.84 742104

1735192752
63.15 47.13 34.08 1097819

1735192753
63.15 47.13 34.08 373632

1735192754
61.68 47.39 34.22 1118990

1735192755
63.91 48.26 34.5 1047241

1735192756
63.91 48.26 34.5 298258

1735192757
63.91 48.26 34.5 485232

1735192758
65.37 49.03 34.75 923154

1735192759
65.37 49.03 34.75 455086

1735192760
64.4 49.39 34.93 551513

1735192761
66.14 50.2 35.19 963307

1735192762
66.14 50.2 35.19 505666

1735192763
66.14 50.2 35.19 622901

1735192764
65.93 50.68 35.4 944927

1735192765
65.93 50.68 35.4 451447

1735192766
65.4 51.08 35.59 699167

1735192767
65.4 51.08 35.59 226532

1735192768
61.7 50.89 35.65 618367

1735192769
61.94 51.28 35.84 769472

1735192770
61.94 51.28 35.84 435485

1735192771
60.68 51.4 35.97 605301

1735192772
60.68 51.4 35.97 263718

1735192773
60.68 51.4 35.97 512222

1735192774
58.38 51.29 36.05 793015

1735192775
58.85 51.61 36.22 668217

1735192776
58.85 51.61 36.22 469423

1735192777
58.85 51.61 36.22 726077

1735192778
59.42 51.95 36.4 648241

1735192779
59.42 51.95 36.4 697555

1735192780
63.15 52.87 36.7 821002

1735192781
63.15 52.87 36.7 539087

1735192782
63.67 53.3 36.9 985243

1735192783
63.67 53.3 36.9 609484

1735192784
64.63 53.81 37.12 674424

1735192785
67.6 54.7 37.42 1092199

1735192786
67.6 54.7 37.42 470954

1735192787
66.4 54.91 37.58 851974

1735192788
66.4 54.91 37.58 440780

1735192790
65.6 55.14 37.75 751872

1735192791
63.14 55.04 37.84 962763

1735192792
63.14 55.04 37.84 384137

1735192793
63.14 55.04 37.84 627693

1735192794
62.2 55.13 37.98 534086

1735192795
62.2 55.13 37.98 595298

1735192796
61.99 55.32 38.14 1220161

1735192797
61.99 55.32 38.14 395118

1735192798
63.07 55.74 38.34 639621

1735192799
63.07 55.74 38.34 454588

1735192800
61.43 55.68 38.45 669283

1735192801
61.43 55.68 38.45 472671

1735192802
60.81 55.76 38.58 807197

1735192803
60.81 55.76 38.58 498677

1735192804
61.2 55.99 38.75 540356

1735192805
61.35 56.19 38.91 853024

1735192806
61.35 56.19 38.91 581401

1735192807
61.35 56.19 38.91 472201

1735192808
62.55 56.58 39.11 969061

1735192810
62.63 56.79 39.27 787471

1735192811
62.63 56.79 39.27 572089

1735192812
59.44 56.4 39.31 396208

1735192813
59.44 56.4 39.31 359502

1735192814
57.0 56.06 39.36 429152

1735192815
57.0 56.06 39.36 285079

1735192816
51.75 55.14 39.28 370333

1735192817
51.75 55.14 39.28 49534

1735192818
45.45 53.89 39.13 31661

1735192819
45.45 53.89 39.13 2663

1735192820
37.22 52.13 38.86 3615

1735192821
37.22 52.13 38.86 3597

1735192822
30.47 50.42 38.59 4011

1735192823
30.47 50.42 38.59 11646

1735192824
24.95 48.77 38.33 3781

1735192825
24.95 48.77 38.33 5957

1735192826
20.43 47.18 38.07 1955

1735192827
20.43 47.18 38.07 5748

1735192828
17.09 45.7 37.82 230487

1735192829
17.09 45.7 37.82 316763

1735192830
19.07 45.12 37.75 170632

1735192831
19.07 45.12 37.75 32331

1735192832
16.88 43.87 37.54 3351

1735192833
16.88 43.87 37.54 9520

1735192834
13.82 42.44 37.29 160127

1735192835
13.82 42.44 37.29 290264

1735192836
16.39 41.96 37.22 204959

1735192837
16.39 41.96 37.22 56743

1735192838
14.87 40.85 37.02 40452

1735192839
14.87 40.85 37.02 22488

1735192840
12.54 39.58 36.78 50331

1735192841
12.54 39.58 36.78 58496

1735192842
11.17 38.45 36.56 72771

1735192843
11.17 38.45 36.56 298614

1735192844
12.77 37.85 36.45 147726

1735192845
12.77 37.85 36.45 171059

1735192846
13.53 37.16 36.32 203168

1735192847
13.53 37.16 36.32 528865

1735192848
17.24 37.06 36.3 529750

1735192849
17.24 37.06 36.3 951415

1735192850
28.07 38.37 36.58 273940

1735192851
28.07 38.37 36.58 308177

1735192852
28.23 38.06 36.53 283158

1735192853
28.23 38.06 36.53 401623

1735192854
29.64 37.99 36.52 338491

1735192855
29.64 37.99 36.52 307124

1735192856
29.52 37.7 36.47 310871

1735192857
29.52 37.7 36.47 266182

1735192858
30.15 37.54 36.45 603274

1735192859
30.15 37.54 36.45 395008

1735192860
32.48 37.72 36.49 227383

1735192861
32.48 37.72 36.49 301378

1735192862
31.67 37.4 36.44 275544

1735192863
31.67 37.4 36.44 624437

1735192864
35.35 37.88 36.54 873882

1735192865
35.35 37.88 36.54 233208

1735192866
37.28 38.15 36.61 260757

1735192867
37.28 38.15 36.61 167010

1735192868
34.33 37.58 36.5 462813

1735192869
34.33 37.58 36.5 431907

1735192875
35.56 37.53 36.51 1698641

1735192876
30.75 36.6 36.32 45180

1735192877
30.75 36.6 36.32 15819

1735192878
25.72 35.5 36.09 20139

1735192879
25.72 35.5 36.09 21580

1735192880
21.24 34.37 35.85 8370

1735192881
21.24 34.37 35.85 12819

1735192882
17.57 33.28 35.61 22619

1735192883
17.57 33.28 35.61 46091

1735192884
14.75 32.25 35.38 8373

1735192885
14.75 32.25 35.38 6512

1735192886
12.08 31.2 35.14 4199

1735192887
12.08 31.2 35.14 4093

1735192888
10.07 30.21 34.91 23314

1735192889
10.07 30.21 34.91 9200

1735192890
8.24 29.22 34.67 493539

1735192891
8.24 29.22 34.67 100246

1735192892
12.18 29.24 34.64 35443

1735192893
12.18 29.24 34.64 214923

1735192894
12.51 28.75 34.5 85740

1735192895
12.51 28.75 34.5 35024

1735192896
13.14 28.33 34.37 367730

1735192897
13.14 28.33 34.37 391049

1735192898
18.37 28.78 34.42 620117

1735192899
18.37 28.78 34.42 346517

1735192900
21.74 29.04 34.44 218824

1735192901
21.74 29.04 34.44 211166

1735192902
20.7 28.62 34.31 48720

1735192903
20.7 28.62 34.31 17264

1735192904
17.13 27.71 34.09 7001

1735192905
17.13 27.71 34.09 20726

1735192906
14.21 26.84 33.86 14065

1735192907
14.21 26.84 33.86 4338

1735192908
11.81 25.99 33.63 14924

1735192909
11.81 25.99 33.63 6371

1735192910
9.67 25.14 33.4 4873

1735192911
9.67 25.14 33.4 28639

1735192912
10.46 24.78 33.27 342165

1735192913
10.46 24.78 33.27 88747

1735192914
10.19 24.26 33.1 11141

1735192915
10.19 24.26 33.1 63286

1735192916
9.07 23.6 32.91 60868

1735192917
9.07 23.6 32.91 293557

1735192918
11.41 23.55 32.83 151726

1735192919
11.41 23.55 32.83 53268

1735192920
10.25 22.94 32.64 7898

1735192921
10.25 22.94 32.64 165934

1735192922
10.2 22.51 32.49 39053

1735192923
10.2 22.51 32.49 31845

1735192924
8.53 21.81 32.27 802

1735192925
8.53 21.81 32.27 12

1735192926
6.99 21.1 32.05 9228

1735192927
6.99 21.1 32.05 10044

1735192928
5.9 20.44 31.84 7734

1735192929
5.9 20.44 31.84 52628

1735192930
5.19 19.84 31.63 619

1735192931
5.19 19.84 31.63 24467

1735192932
4.43 19.22 31.42 41

1735192933
4.43 19.22 31.42 6403

1735192934
3.63 18.59 31.21 39

1735192935
3.63 18.59 31.21 34134

1735192936
4.24 18.21 31.04 154098

1735192937
4.24 18.21 31.04 198650

1735192938
5.64 18.01 30.91 7997

1735192939
5.64 18.01 30.91 2805

1735192940
4.62 17.42 30.7 4738

1735192941
4.62 17.42 30.7 18089

1735192942
3.96 16.88 30.5 20864

1735192943
3.96 16.88 30.5 12776

1735192944
3.43 16.36 30.3 4113

1735192945
3.43 16.36 30.3 2545

1735192946
2.8 15.82 30.09 6149

1735192947
2.8 15.82 30.09 34342

1735192948
2.66 15.37 29.9 25179

1735192949
2.66 15.37 29.9 97513

1735192950
3.81 15.16 29.75 159997

1735192951
3.81 15.16 29.75 24773

1735192952
3.84 14.8 29.58 10418

1735192953
3.84 14.8 29.58 22051

1735192954
3.32 14.35 29.38 19109

1735192955
3.32 14.35 29.38 45580

1735192956
3.81 14.07 29.22 90981

1735192957
3.81 14.07 29.22 27515

1735192958
4.2 13.81 29.06 83861

1735192959
4.2 13.81 29.06 104567

1735192960
4.89 13.62 28.92 90983

1735192961
4.89 13.62 28.92 132281

1735192962
6.9 13.69 28.83 181690

1735192963
6.9 13.69 28.83 218417

1735192964
8.55 13.77 28.74 118074

1735192965
8.55 13.77 28.74 159539

1735192966
9.36 13.75 28.63 133096

1735192967
9.36 13.75 28.63 217193

1735192968
12.37 14.15 28.62 393908

1735192969
12.37 14.15 28.62 265408

1735192970
15.2 14.6 28.61 219950

1735192971
15.2 14.6 28.61 40145

1735192972
12.99 14.22 28.44 38552

1735192973
12.99 14.22 28.44 66605

1735192974
11.36 13.88 28.27 15523

1735192975
11.36 13.88 28.27 10684

1735192976
9.3 13.43 28.07 8764

1735192977
9.3 13.43 28.07 11429

1735192978
7.8 13.02 27.89 13808

1735192979
7.8 13.02 27.89 345070

1735192980
9.82 13.22 27.83 47853

1735192981
9.82 13.22 27.83 181592

1735192982
12.39 13.57 27.8 355768

1735192983
12.39 13.57 27.8 436645

1735192984
15.4 14.08 27.81 91349

1735192985
15.4 14.08 27.81 26588

1735192986
13.15 13.71 27.64 42297

1735192987
13.15 13.71 27.64 44333

1735192988
14.57 13.95 27.59 497876

1735192989
14.57 13.95 27.59 588279

1735192990
18.82 14.74 27.67 62387

1735192991
18.82 14.74 27.67 60777

1735192992
17.04 14.55 27.54 131718

1735192993
17.04 14.55 27.54 298076

1735192994
18.84 14.96 27.53 268682

1735192995
18.84 14.96 27.53 47245

1735192996
16.33 14.63 27.38 49860

1735192997
16.33 14.63 27.38 31530

1735192998
15.37 14.51 27.27 259512

1735192999
15.37 14.51 27.27 485563

1735193000
17.65 14.95 27.27 31395

1735193001
17.65 14.95 27.27 37634

1735193002
15.54 14.66 27.13 94574

1735193003
15.54 14.66 27.13 224223

1735193009
54.55 23.15 28.62 7262047

1735193011
74.59 30.35 30.05 5577615

1735193111
86.41 75.47 45.98 83606461

1735193113
84.34 75.45 46.18 1045429

1735193114
84.34 75.45 46.18 284367

1735193115
74.68 74.0 46.08 97711

1735193116
74.68 74.0 46.08 70768

1735193117
62.6 71.84 45.82 78597

1735193118
62.6 71.84 45.82 120179

1735193119
53.25 69.85 45.58 88745

1735193120
53.25 69.85 45.58 7282

1735193121
44.33 67.69 45.29 85005

1735193122
44.33 67.69 45.29 252157

1735193123
39.74 66.1 45.11 279811

1735193124
39.74 66.1 45.11 233471

1735193125
37.25 64.79 44.98 254613

1735193126
37.25 64.79 44.98 93331

1735193127
32.49 63.03 44.75 41224

1735193128
32.49 63.03 44.75 2417

1735193129
26.79 61.0 44.45 57484

1735193130
26.79 61.0 44.45 332189

1735193137
66.5 64.86 45.84 8958078

1735193139
66.5 64.86 45.84 268519

1735193141
66.59 64.93 45.98 536604

1735193142
66.59 64.93 45.98 514626

1735193143
61.41 64.04 45.93 191751

1735193144
61.41 64.04 45.93 202756

1735193146
93.9 74.03 49.7 23101358

1735193176
98.4 81.12 52.98 20005452

