1735192419
0.0 0.05 14.62 8953

1735192420
0.0 0.05 14.62 0

1735192421
0.0 0.05 14.52 0

1735192422
0.0 0.05 14.52 2190

1735192423
0.0 0.04 14.42 4993

1735192424
0.0 0.04 14.42 3958

1735192425
0.0 0.04 14.32 414

1735192426
0.0 0.04 14.32 1260

1735192427
0.0 0.04 14.22 1431

1735192428
0.0 0.04 14.22 3690

1735192429
0.0 0.04 14.12 6050

1735192430
0.0 0.04 14.12 0

1735192431
0.0 0.04 14.03 2683

1735192432
0.0 0.04 14.03 0

1735192433
0.0 0.04 13.93 0

1735192434
0.0 0.04 13.93 0

1735192435
0.0 0.03 13.84 4928

1735192436
0.0 0.03 13.84 0

1735192437
0.0 0.03 13.74 7

1735192438
0.0 0.03 13.74 1529

1735192439
0.0 0.03 13.65 3603

1735192440
0.0 0.03 13.65 0

1735192441
0.0 0.03 13.55 0

1735192442
0.0 0.03 13.55 6311

1735192443
0.0 0.03 13.46 1306

1735192444
0.0 0.03 13.46 2155

1735192445
0.0 0.03 13.37 3569

1735192446
0.0 0.03 13.37 6327

1735192447
0.0 0.02 13.28 1702

1735192448
0.0 0.02 13.28 1753

1735192449
0.0 0.02 13.18 47

1735192450
0.0 0.02 13.18 6276

1735192451
0.0 0.02 13.09 0

1735192452
0.0 0.02 13.09 165

1735192453
0.0 0.02 13.0 2082

1735192454
0.0 0.02 13.0 1475

1735192455
0.0 0.02 12.92 4777

1735192456
0.0 0.02 12.92 670

1735192457
0.0 0.02 12.83 811

1735192458
0.0 0.02 12.83 1034

1735192459
0.0 0.02 12.74 0

1735192460
0.0 0.02 12.65 4716

1735192461
0.0 0.02 12.65 2365

1735192462
0.0 0.02 12.65 215

1735192463
0.0 0.02 12.56 620

1735192464
0.0 0.02 12.56 0

1735192465
0.0 0.02 12.48 1509

1735192466
0.0 0.02 12.48 3867

1735192467
0.0 0.02 12.39 452

1735192468
0.0 0.02 12.39 2826

1735192469
0.0 0.01 12.31 2

1735192470
0.0 0.01 12.31 2127

1735192471
0.0 0.01 12.22 2567

1735192472
0.0 0.01 12.22 140

1735192473
0.0 0.01 12.14 398

1735192474
0.0 0.01 12.14 2549

1735192475
0.0 0.01 12.06 1320

1735192476
0.0 0.01 12.06 3

1735192477
0.0 0.01 11.97 1808

1735192478
0.0 0.01 11.97 4

1735192479
0.0 0.01 11.89 0

1735192480
0.0 0.01 11.89 20677

1735192481
0.18 0.04 11.82 5042

1735192482
0.18 0.04 11.82 4910

1735192483
0.14 0.04 11.74 4570

1735192484
0.14 0.04 11.74 972

1735192485
0.12 0.04 11.66 5782

1735192486
0.12 0.04 11.66 6016

1735192487
0.09 0.04 11.58 1462

1735192488
0.09 0.04 11.58 0

1735192489
0.08 0.04 11.5 0

1735192490
0.08 0.04 11.5 2856

1735192491
0.06 0.03 11.42 15352

1735192492
0.06 0.03 11.42 0

1735192493
0.05 0.03 11.34 6723

1735192494
0.05 0.03 11.34 8881

1735192495
0.04 0.03 11.26 6

1735192496
0.04 0.03 11.26 0

1735192497
0.03 0.03 11.18 0

1735192498
0.03 0.03 11.18 4

1735192499
0.02 0.03 11.11 0

1735192500
0.02 0.03 11.11 0

1735192501
0.02 0.03 11.03 1

1735192502
0.02 0.03 11.03 2282

1735192503
0.01 0.02 10.96 0

1735192504
0.01 0.02 10.96 4

1735192505
0.01 0.02 10.88 4

1735192506
0.01 0.02 10.88 0

1735192507
0.01 0.02 10.81 633

1735192508
0.01 0.02 10.81 554

1735192509
0.0 0.02 10.73 4890

1735192510
0.0 0.02 10.73 15547

1735192511
0.18 0.05 10.66 3026

1735192512
0.18 0.05 10.66 0

1735192513
0.15 0.05 10.59 1959

1735192514
0.15 0.05 10.59 2

1735192515
0.12 0.05 10.52 7

1735192516
0.12 0.05 10.52 1

1735192517
0.1 0.05 10.45 26

1735192518
0.1 0.05 10.45 5996

1735192519
0.08 0.05 10.37 3520

1735192520
0.08 0.05 10.37 945

1735192521
0.06 0.04 10.3 0

1735192522
0.06 0.04 10.3 49

1735192523
0.05 0.04 10.23 6825

1735192524
0.05 0.04 10.23 4

1735192525
0.04 0.04 10.16 1994

1735192526
0.04 0.04 10.16 8661

1735192527
0.03 0.04 10.09 7374

1735192528
0.03 0.04 10.09 0

1735192529
0.03 0.04 10.02 4845

1735192530
0.03 0.04 10.02 10

1735192531
0.02 0.04 9.95 562

1735192532
0.02 0.04 9.95 38387

1735192533
0.2 0.07 9.89 21

1735192534
0.2 0.07 9.89 19

1735192535
0.16 0.06 9.82 12

1735192536
0.16 0.06 9.82 6

1735192537
0.13 0.06 9.76 4

1735192538
0.13 0.06 9.76 31896

1735192539
0.29 0.09 9.7 0

1735192540
0.29 0.09 9.7 5326

1735192541
0.41 0.12 9.64 29355

1735192542
0.41 0.12 9.64 4871

1735192543
0.34 0.12 9.57 1249

1735192544
0.34 0.12 9.57 0

1735192545
0.28 0.11 9.51 1065

1735192546
0.28 0.11 9.51 8136

1735192547
0.22 0.11 9.44 7323

1735192548
0.22 0.11 9.44 10

1735192549
0.18 0.11 9.38 4

1735192550
0.18 0.11 9.38 8

1735192551
0.15 0.1 9.31 1184

1735192552
0.15 0.1 9.31 15

1735192553
0.12 0.1 9.25 4

1735192554
0.12 0.1 9.25 15

1735192555
0.1 0.1 9.18 7

1735192556
0.1 0.1 9.18 3541

1735192557
0.08 0.09 9.12 46

1735192558
0.08 0.09 9.12 5050

1735192559
0.06 0.09 9.06 6

1735192560
0.06 0.09 9.06 1353

1735192561
0.05 0.08 9.0 15

1735192562
0.05 0.08 9.0 1756

1735192563
0.04 0.08 8.93 0

1735192564
0.04 0.08 8.93 7286

1735192565
0.21 0.11 8.88 14373

1735192566
0.21 0.11 8.88 14

1735192567
0.17 0.11 8.82 0

1735192568
0.17 0.11 8.82 0

1735192569
0.14 0.1 8.76 20

1735192570
0.14 0.1 8.76 4376

1735192571
0.11 0.1 8.7 15

1735192572
0.11 0.1 8.7 32805

1735192573
0.45 0.16 8.65 23238

1735192574
0.45 0.16 8.65 0

1735192575
0.37 0.16 8.59 0

1735192576
0.37 0.16 8.59 0

1735192577
0.3 0.15 8.53 0

1735192578
0.3 0.15 8.53 2241

1735192579
0.25 0.15 8.47 5

1735192580
0.25 0.15 8.47 17

1735192581
0.2 0.14 8.42 918

1735192582
0.2 0.14 8.42 36

1735192583
0.16 0.14 8.36 5

1735192584
0.16 0.14 8.36 0

1735192585
0.13 0.13 8.3 14801

1735192586
0.13 0.13 8.3 4265

1735192587
0.11 0.13 8.24 581

1735192588
0.11 0.13 8.24 0

1735192589
0.09 0.12 8.19 2881

1735192590
0.09 0.12 8.19 524

1735192591
0.07 0.12 8.13 4144

1735192592
0.07 0.12 8.13 13376

1735192593
0.06 0.11 8.08 3435

1735192594
0.06 0.11 8.08 0

1735192595
0.04 0.11 8.02 0

1735192596
0.04 0.11 8.02 4310

1735192597
0.04 0.1 7.96 1220

1735192598
0.04 0.1 7.96 1156

1735192599
0.03 0.1 7.91 2908

1735192600
0.03 0.1 7.91 6740

1735192601
0.02 0.1 7.86 5997

1735192602
0.02 0.1 7.86 3508

1735192603
0.02 0.09 7.8 0

1735192604
0.02 0.09 7.8 0

1735192605
0.01 0.09 7.75 4495

1735192606
0.01 0.09 7.75 0

1735192607
0.01 0.09 7.69 2468

1735192608
0.01 0.09 7.69 429

1735192609
0.01 0.08 7.64 5578

1735192610
0.01 0.08 7.64 0

1735192611
0.0 0.08 7.59 0

1735192612
0.0 0.08 7.59 0

1735192613
0.0 0.08 7.54 0

1735192614
0.0 0.08 7.54 88560

1735192616
2.72 0.57 7.59 226416

1735192617
2.72 0.57 7.59 2542

1735192618
2.22 0.55 7.54 9852

1735192619
1.82 0.53 7.48 16589

1735192620
1.82 0.53 7.48 767

1735192621
1.82 0.53 7.48 17811

1735192623
1.22 0.49 7.38 6807

1735192624
1.22 0.49 7.38 1757

1735192625
1.0 0.48 7.33 7123

1735192626
1.0 0.48 7.33 0

1735192627
0.81 0.46 7.28 9

1735192628
0.81 0.46 7.28 4164

1735192629
0.67 0.45 7.23 4540

1735192630
0.67 0.45 7.23 50241

1735192631
1.09 0.53 7.2 19994

1735192632
1.09 0.53 7.2 2117

1735192633
0.89 0.51 7.15 0

1735192634
0.89 0.51 7.15 0

1735192635
0.89 0.51 7.15 0

1735192636
0.73 0.49 7.1 0

1735192637
0.73 0.49 7.1 1964

1735192638
0.59 0.48 7.05 1729

1735192639
0.59 0.48 7.05 1584

1735192640
0.49 0.46 7.01 6817

1735192641
0.49 0.46 7.01 13850

1735192642
0.58 0.48 6.96 0

1735192643
0.58 0.48 6.96 0

1735192644
0.47 0.46 6.92 0

1735192645
0.47 0.46 6.92 1244

1735192646
0.39 0.45 6.87 0

1735192647
0.39 0.45 6.87 729

1735192648
0.31 0.43 6.82 0

1735192649
0.31 0.43 6.82 5963

1735192650
0.26 0.42 6.77 0

1735192651
0.26 0.42 6.77 0

1735192652
0.21 0.4 6.73 8

1735192653
0.21 0.4 6.73 6392

1735192654
0.17 0.39 6.68 0

1735192655
0.17 0.39 6.68 626

1735192656
0.14 0.38 6.64 3669

1735192657
0.14 0.38 6.64 0

1735192658
0.11 0.36 6.59 3964

1735192659
0.11 0.36 6.59 919

1735192660
0.09 0.35 6.55 1201

1735192661
0.09 0.35 6.55 2127

1735192662
0.07 0.34 6.5 6

1735192663
0.07 0.34 6.5 0

1735192664
0.06 0.33 6.46 5

1735192665
0.06 0.33 6.46 0

1735192666
0.05 0.32 6.41 0

1735192667
0.05 0.32 6.41 21786

1735192668
0.22 0.34 6.37 0

1735192669
0.22 0.34 6.37 0

1735192670
0.18 0.33 6.33 0

1735192671
0.18 0.33 6.33 8

1735192672
0.14 0.32 6.29 0

1735192673
0.14 0.32 6.29 12

1735192674
0.12 0.31 6.24 0

1735192675
0.12 0.31 6.24 0

1735192676
0.1 0.3 6.2 0

1735192677
0.1 0.3 6.2 0

1735192678
0.08 0.29 6.16 445

1735192679
0.08 0.29 6.16 34

1735192680
0.06 0.28 6.12 0

1735192681
0.06 0.28 6.12 12

1735192682
0.05 0.27 6.07 0

1735192683
0.05 0.27 6.07 0

1735192684
0.04 0.26 6.03 8421

1735192685
0.04 0.26 6.03 4971

1735192686
0.03 0.25 5.99 1689

1735192687
0.02 0.24 5.95 3951

1735192688
0.02 0.24 5.95 0

1735192689
0.02 0.24 5.95 0

1735192690
0.02 0.23 5.91 0

1735192691
0.02 0.23 5.91 12427

1735192692
0.01 0.22 5.87 0

1735192693
0.01 0.22 5.83 0

1735192694
0.01 0.22 5.83 0

1735192695
0.01 0.21 5.79 0

1735192696
0.01 0.21 5.79 0

1735192697
0.0 0.2 5.75 0

1735192698
0.0 0.2 5.75 379

1735192699
0.0 0.2 5.75 26111

1735192700
0.18 0.23 5.71 2557

1735192701
0.18 0.23 5.71 5

1735192702
0.15 0.22 5.67 12876

1735192703
0.12 0.21 5.64 6678

1735192704
0.12 0.21 5.64 24

1735192705
0.12 0.21 5.64 4138

1735192706
0.1 0.2 5.6 1792

1735192707
0.08 0.2 5.56 13430

1735192709
0.08 0.2 5.56 5283

1735192710
0.06 0.19 5.52 58922

1735192711
0.06 0.19 5.52 0

1735192712
0.41 0.25 5.5 0

1735192713
0.41 0.25 5.5 4485

1735192714
0.34 0.24 5.46 1147

1735192715
0.28 0.23 5.42 0

1735192716
0.28 0.23 5.42 0

1735192717
0.22 0.22 5.38 10

1735192718
0.22 0.22 5.38 854

1735192719
0.18 0.22 5.35 2520

1735192720
0.18 0.22 5.35 4885

1735192721
0.18 0.22 5.35 19334

1735192722
0.33 0.24 5.32 5952

1735192723
0.27 0.23 5.28 9138

1735192724
0.27 0.23 5.28 1097

1735192726
0.22 0.23 5.24 0

1735192727
0.18 0.22 5.21 0

1735192728
0.18 0.22 5.21 0

1735192729
0.14 0.21 5.17 13939

1735192730
0.14 0.21 5.17 2029

1735192731
0.12 0.2 5.14 15896

1735192732
0.12 0.2 5.14 12902

1735192733
0.12 0.2 5.14 9838

1735192734
0.28 0.23 5.11 0

1735192735
0.23 0.22 5.07 3818

1735192736
0.23 0.22 5.07 0

1735192737
0.23 0.22 5.07 10762

1735192738
0.18 0.21 5.04 2590

1735192739
0.15 0.21 5.0 8402

1735192740
0.15 0.21 5.0 0

1735192742
0.12 0.2 4.97 13341

1735192743
0.1 0.19 4.93 2834

1735192744
0.1 0.19 4.93 3229

1735192745
0.08 0.19 4.9 7325

1735192746
0.08 0.19 4.9 0

1735192747
0.06 0.18 4.87 0

1735192748
0.06 0.18 4.87 0

1735192749
0.05 0.17 4.83 0

1735192751
0.05 0.17 4.83 15844

1735192752
0.22 0.2 4.81 22909

1735192753
0.22 0.2 4.81 12

1735192754
0.18 0.19 4.77 953

1735192755
0.15 0.19 4.74 382

1735192756
0.15 0.19 4.74 0

1735192757
0.15 0.19 4.74 1933

1735192758
0.12 0.18 4.71 1879

1735192759
0.12 0.18 4.71 3089

1735192760
0.1 0.17 4.67 15140

1735192761
0.08 0.17 4.64 4976

1735192762
0.08 0.17 4.64 0

1735192763
0.08 0.17 4.64 19050

1735192764
0.24 0.2 4.62 42078

1735192765
0.24 0.2 4.62 126642

1735192766
1.65 0.45 4.64 39946

1735192767
1.65 0.45 4.64 1549

1735192768
1.53 0.47 4.62 2453

1735192769
1.25 0.45 4.58 6814

1735192770
1.25 0.45 4.58 973

1735192771
1.02 0.44 4.55 0

1735192772
1.02 0.44 4.55 2543

1735192773
1.02 0.44 4.55 0

1735192774
0.84 0.42 4.52 0

1735192775
0.68 0.41 4.49 0

1735192776
0.68 0.41 4.49 1124

1735192777
0.68 0.41 4.49 57789

1735192778
0.92 0.46 4.47 0

1735192779
0.92 0.46 4.47 4293

1735192780
0.75 0.45 4.44 9691

1735192781
0.75 0.45 4.44 12018

1735192782
0.8 0.46 4.42 2456

1735192783
0.8 0.46 4.42 2791

1735192784
0.65 0.45 4.39 3464

1735192785
0.53 0.43 4.36 2668

1735192786
0.53 0.43 4.36 2467

1735192787
0.44 0.42 4.33 7155

1735192788
0.44 0.42 4.33 1735

1735192790
0.36 0.4 4.3 12231

1735192791
0.29 0.39 4.27 5581

1735192792
0.29 0.39 4.27 9453

1735192793
0.29 0.39 4.27 41023

1735192794
0.6 0.44 4.25 31210

1735192795
0.6 0.44 4.25 1682

1735192796
0.67 0.46 4.23 3280

1735192797
0.67 0.46 4.23 4808

1735192798
0.55 0.45 4.2 0

1735192799
0.55 0.45 4.2 2304

1735192800
0.45 0.43 4.17 1119

1735192801
0.45 0.43 4.17 2661

1735192802
0.37 0.42 4.14 1019

1735192803
0.37 0.42 4.14 2169

1735192804
0.3 0.4 4.11 3907

1735192805
0.24 0.39 4.08 3370

1735192806
0.24 0.39 4.08 852

1735192807
0.24 0.39 4.08 2170

1735192808
0.2 0.37 4.06 7759

1735192810
0.16 0.36 4.03 31521

1735192811
0.16 0.36 4.03 36914

1735192812
0.67 0.45 4.02 1742

1735192813
0.67 0.45 4.02 0

1735192814
0.55 0.43 3.99 1786

1735192815
0.55 0.43 3.99 691

1735192816
0.45 0.42 3.97 3662

1735192817
0.45 0.42 3.97 4272

1735192818
0.37 0.4 3.94 0

1735192819
0.37 0.4 3.94 4111

1735192820
0.3 0.39 3.91 0

1735192821
0.3 0.39 3.91 0

1735192822
0.24 0.38 3.88 0

1735192823
0.24 0.38 3.88 5

1735192824
0.2 0.37 3.86 2051

1735192825
0.2 0.37 3.86 4478

1735192826
0.16 0.35 3.83 605

1735192827
0.16 0.35 3.83 11

1735192828
0.13 0.34 3.8 75

1735192829
0.13 0.34 3.8 2675

1735192830
0.11 0.33 3.78 9086

1735192831
0.11 0.33 3.78 4607

1735192832
0.09 0.32 3.75 3030

1735192833
0.09 0.32 3.75 0

1735192834
0.07 0.31 3.73 0

1735192835
0.07 0.31 3.73 4600

1735192836
0.06 0.3 3.7 0

1735192837
0.06 0.3 3.7 0

1735192838
0.04 0.29 3.68 1368

1735192839
0.04 0.29 3.68 36

1735192840
0.04 0.28 3.65 1899

1735192841
0.04 0.28 3.65 25221

1735192842
0.21 0.3 3.63 0

1735192843
0.21 0.3 3.63 0

1735192844
0.17 0.29 3.61 1

1735192845
0.17 0.29 3.61 0

1735192846
0.14 0.28 3.58 3

1735192847
0.14 0.28 3.58 0

1735192848
0.11 0.27 3.56 0

1735192849
0.11 0.27 3.56 14

1735192850
0.09 0.26 3.53 0

1735192851
0.09 0.26 3.53 0

1735192852
0.07 0.25 3.51 287

1735192853
0.07 0.25 3.51 3813

1735192854
0.06 0.24 3.48 7368

1735192855
0.06 0.24 3.48 6346

1735192856
0.05 0.24 3.46 3973

1735192857
0.05 0.24 3.46 0

1735192858
0.04 0.23 3.44 0

1735192859
0.04 0.23 3.44 0

1735192860
0.03 0.22 3.41 5241

1735192861
0.03 0.22 3.41 3140

1735192862
0.02 0.21 3.39 1845

1735192863
0.02 0.21 3.39 714

1735192864
0.02 0.2 3.36 13

1735192865
0.02 0.2 3.36 2456

1735192866
0.01 0.2 3.34 0

1735192867
0.01 0.2 3.34 2

1735192868
0.01 0.19 3.32 4

1735192869
0.01 0.19 3.32 7022

1735192875
0.0 0.17 3.25 286

1735192876
0.0 0.17 3.23 11353

1735192877
0.0 0.17 3.23 1520

1735192878
0.0 0.16 3.2 1930

1735192879
0.0 0.16 3.2 0

1735192880
0.0 0.15 3.18 1101

1735192881
0.0 0.15 3.18 0

1735192882
0.0 0.15 3.16 0

1735192883
0.0 0.15 3.16 0

1735192884
0.0 0.14 3.14 550

1735192885
0.0 0.14 3.14 0

1735192886
0.0 0.14 3.12 0

1735192887
0.0 0.14 3.12 0

1735192888
0.0 0.13 3.1 0

1735192889
0.0 0.13 3.1 1054

1735192890
0.0 0.13 3.07 3100

1735192891
0.0 0.13 3.07 0

1735192892
0.0 0.12 3.05 3442

1735192893
0.0 0.12 3.05 30086

1735192894
0.18 0.15 3.04 0

1735192895
0.18 0.15 3.04 0

1735192896
0.14 0.15 3.02 0

1735192897
0.14 0.15 3.02 3806

1735192898
0.12 0.14 3.0 9850

1735192899
0.12 0.14 3.0 58882

1735192900
0.64 0.24 3.0 14010

1735192901
0.64 0.24 3.0 71429

1735192902
1.25 0.36 3.0 30265

1735192903
1.25 0.36 3.0 10494

1735192904
1.2 0.38 2.99 2224

1735192905
1.2 0.38 2.99 0

1735192906
0.98 0.37 2.97 1594

1735192907
0.98 0.37 2.97 1060

1735192908
0.8 0.35 2.95 0

1735192909
0.8 0.35 2.95 1348

1735192910
0.66 0.34 2.93 1081

1735192911
0.66 0.34 2.93 9

1735192912
0.72 0.36 2.91 27346

1735192913
0.72 0.36 2.91 0

1735192914
0.59 0.35 2.89 6

1735192915
0.59 0.35 2.89 0

1735192916
0.48 0.34 2.87 0

1735192917
0.48 0.34 2.87 0

1735192918
0.39 0.33 2.85 12

1735192919
0.39 0.33 2.85 31

1735192920
0.32 0.32 2.83 0

1735192921
0.32 0.32 2.83 27454

1735192922
0.44 0.34 2.82 6025

1735192923
0.44 0.34 2.82 1532

1735192924
0.36 0.33 2.8 0

1735192925
0.36 0.33 2.8 0

1735192926
0.29 0.32 2.78 5518

1735192927
0.29 0.32 2.78 4

1735192928
0.24 0.31 2.76 733

1735192929
0.24 0.31 2.76 1037

1735192930
0.2 0.3 2.74 380

1735192931
0.2 0.3 2.74 0

1735192932
0.16 0.29 2.72 0

1735192933
0.16 0.29 2.72 0

1735192934
0.13 0.28 2.7 0

1735192935
0.13 0.28 2.7 0

1735192936
0.1 0.27 2.69 0

1735192937
0.1 0.27 2.69 627

1735192938
0.08 0.26 2.67 0

1735192939
0.08 0.26 2.67 0

1735192940
0.07 0.25 2.65 1224

1735192941
0.07 0.25 2.65 22021

1735192942
0.24 0.27 2.64 4230

1735192943
0.24 0.27 2.64 1157

1735192944
0.19 0.26 2.62 0

1735192945
0.19 0.26 2.62 0

1735192946
0.16 0.25 2.6 829

1735192947
0.16 0.25 2.6 0

1735192948
0.13 0.25 2.58 1977

1735192949
0.13 0.25 2.58 0

1735192950
0.1 0.24 2.57 7933

1735192951
0.1 0.24 2.57 3129

1735192952
0.08 0.23 2.55 5353

1735192953
0.08 0.23 2.55 6

1735192954
0.07 0.22 2.53 7

1735192955
0.07 0.22 2.53 9

1735192956
0.05 0.21 2.51 1

1735192957
0.05 0.21 2.51 0

1735192958
0.04 0.21 2.5 0

1735192959
0.04 0.21 2.5 0

1735192960
0.03 0.2 2.48 17666

1735192961
0.03 0.2 2.48 64304

1735192962
0.57 0.29 2.48 1734

1735192963
0.57 0.29 2.48 0

1735192964
0.47 0.28 2.46 6

1735192965
0.47 0.28 2.46 2

1735192966
0.38 0.27 2.45 7

1735192967
0.38 0.27 2.45 0

1735192968
0.31 0.26 2.43 0

1735192969
0.31 0.26 2.43 0

1735192970
0.25 0.25 2.41 0

1735192971
0.25 0.25 2.41 0

1735192972
0.21 0.24 2.4 0

1735192973
0.21 0.24 2.4 0

1735192974
0.17 0.24 2.38 0

1735192975
0.17 0.24 2.38 0

1735192976
0.14 0.23 2.36 0

1735192977
0.14 0.23 2.36 0

1735192978
0.11 0.22 2.35 0

1735192979
0.11 0.22 2.35 1

1735192980
0.09 0.21 2.33 0

1735192981
0.09 0.21 2.33 0

1735192982
0.07 0.2 2.31 0

1735192983
0.07 0.2 2.31 4

1735192984
0.06 0.2 2.3 0

1735192985
0.06 0.2 2.3 0

1735192986
0.05 0.19 2.28 0

1735192987
0.05 0.19 2.28 0

1735192988
0.04 0.18 2.27 15919

1735192989
0.04 0.18 2.27 4599

1735192990
0.03 0.18 2.25 4315

1735192991
0.03 0.18 2.25 10

1735192992
0.02 0.17 2.24 39

1735192993
0.02 0.17 2.24 72

1735192994
0.02 0.17 2.22 102

1735192995
0.02 0.17 2.22 5070

1735192996
0.01 0.16 2.2 3588

1735192997
0.01 0.16 2.2 0

1735192998
0.01 0.15 2.19 5936

1735192999
0.01 0.15 2.19 8779

1735193000
0.01 0.15 2.17 0

1735193001
0.01 0.15 2.17 7

1735193002
0.0 0.14 2.16 0

1735193003
0.0 0.14 2.16 89792

1735193009
34.56 7.54 3.69 5368561

1735193011
51.73 13.77 5.11 4456256

1735193111
79.28 58.94 22.72 64258338

1735193113
64.92 57.01 22.56 0

1735193114
64.92 57.01 22.56 0

1735193115
53.16 55.15 22.41 0

1735193116
53.16 55.15 22.41 0

1735193117
43.53 53.34 22.26 0

1735193118
43.53 53.34 22.26 0

1735193119
35.64 51.6 22.1 0

1735193120
35.64 51.6 22.1 0

1735193121
29.18 49.91 21.95 0

1735193122
29.18 49.91 21.95 0

1735193123
23.9 48.28 21.8 0

1735193124
23.9 48.28 21.8 0

1735193125
19.57 46.7 21.65 0

1735193126
19.57 46.7 21.65 0

1735193127
16.02 45.17 21.51 0

1735193128
16.02 45.17 21.51 0

1735193129
13.12 43.69 21.36 17796

1735193130
13.12 43.69 21.36 155042

1735193137
47.58 47.04 22.83 6767967

1735193139
47.58 47.04 22.83 37920

1735193141
42.59 46.15 22.81 36063

1735193142
42.59 46.15 22.81 7614

1735193143
35.05 44.67 22.66 23771

1735193144
35.05 44.67 22.66 17914

1735193146
81.56 59.39 28.42 25359570

1735193176
85.81 66.29 31.87 14832154

