1735237246
0.1 0.18 1.88 96734

1735237247
0.1 0.18 1.88 7380

1735237248
0.99 0.34 1.9 38732

1735237249
0.99 0.34 1.9 138444

1735237250
2.26 0.59 1.94 45376

1735237251
2.26 0.59 1.94 17052

1735237252
2.39 0.67 1.95 53715

1735237253
2.39 0.67 1.95 32916

1735237254
2.68 0.78 1.96 88267

1735237255
2.68 0.78 1.96 179903

1735237256
4.55 1.18 2.04 74977

1735237257
5.72 1.5 2.1 158514

1735237258
5.72 1.5 2.1 116811

1735237259
7.04 1.87 2.17 157414

1735237260
7.04 1.87 2.17 39649

1735237261
7.57 2.14 2.23 174104

1735237262
7.57 2.14 2.23 47961

1735237263
7.57 2.14 2.23 31136

1735237264
6.92 2.2 2.24 17722

1735237265
6.92 2.2 2.24 4321

1735237266
5.85 2.16 2.23 15394

1735237267
4.97 2.12 2.22 12057

1735237268
4.97 2.12 2.22 6109

1735237269
4.07 2.05 2.21 27955

1735237270
4.07 2.05 2.21 293244

1735237271
6.05 2.48 2.29 6062

1735237272
6.05 2.48 2.29 13487

1735237273
5.13 2.43 2.29 29811

1735237274
5.13 2.43 2.29 4822

1735237275
5.13 2.43 2.29 4247

1735237276
4.2 2.35 2.27 5618

1735237277
3.44 2.27 2.25 8411

1735237278
3.44 2.27 2.25 8655

1735237279
3.44 2.27 2.25 7055

1735237281
3.0 2.23 2.25 9246

1735237282
2.45 2.16 2.23 10148

1735237283
2.19 2.12 2.22 16188

1735237284
2.19 2.12 2.22 8362

1735237285
2.19 2.12 2.22 2009

1735237286
1.79 2.05 2.2 7946

1735237287
1.79 2.05 2.2 17920

1735237288
1.65 2.01 2.2 21657

1735237289
1.65 2.01 2.2 19536

1735237290
1.53 1.98 2.19 8311

1735237291
1.53 1.98 2.19 10963

1735237292
1.25 1.91 2.17 21055

1735237293
1.25 1.91 2.17 46923

1735237294
1.57 1.95 2.18 63031

1735237295
1.57 1.95 2.18 31378

1735237296
2.01 2.02 2.19 38400

1735237297
2.01 2.02 2.19 25900

1735237298
2.19 2.05 2.2 21204

1735237299
1.97 2.02 2.19 16380

1735237300
1.97 2.02 2.19 6660

1735237301
1.97 2.02 2.19 180862

1735237302
3.42 2.28 2.24 394269

1735237303
7.69 3.09 2.41 192991

1735237304
7.69 3.09 2.41 222446

1735237305
7.69 3.09 2.41 179617

1735237306
10.29 3.7 2.55 242583

1735237307
16.21 4.99 2.82 678487

1735237308
16.21 4.99 2.82 497608

1735237309
16.21 4.99 2.82 558934

1735237310
23.6 6.69 3.19 516622

1735237311
23.6 6.69 3.19 176036

1735237312
24.94 7.49 3.38 258082

1735237313
24.94 7.49 3.38 429059

1735237314
27.12 8.45 3.61 567505

1735237315
27.12 8.45 3.61 581320

1735237316
32.53 10.04 3.98 584536

1735237317
32.53 10.04 3.98 526426

1735237318
36.6 11.51 4.33 528021

1735237319
36.6 11.51 4.33 376542

1735237320
37.4 12.48 4.58 110531

1735237321
37.4 12.48 4.58 85409

1735237322
32.07 12.33 4.6 56173

1735237323
32.07 12.33 4.6 50960

1735237324
27.35 12.12 4.61 121099

1735237325
27.35 12.12 4.61 324056

1735237326
27.28 12.61 4.77 607335

1735237327
27.28 12.61 4.77 269995

1735237328
29.22 13.44 4.99 212512

1735237329
29.22 13.44 4.99 199219

1735237330
27.55 13.65 5.1 48344

1735237331
27.55 13.65 5.1 31868

1735237332
23.1 13.31 5.08 25175

1735237333
23.1 13.31 5.08 34171

1735237334
19.46 12.97 5.07 44946

1735237335
19.46 12.97 5.07 42467

1735237336
16.66 12.67 5.06 38064

1735237337
16.66 12.67 5.06 36197

1735237338
14.18 12.36 5.05 151234

1735237339
14.18 12.36 5.05 527648

1735237340
18.68 13.23 5.28 479598

1735237341
18.68 13.23 5.28 429396

1735237342
23.26 14.24 5.54 477198

1735237343
23.26 14.24 5.54 306141

1735237344
25.03 14.85 5.73 27928

1735237345
25.03 14.85 5.73 11569

1735237346
20.67 14.4 5.7 32524

1735237348
17.11 13.96 5.67 10411

1735237349
17.11 13.96 5.67 3621

1735237350
14.01 13.5 5.63 23264

1735237351
14.01 13.5 5.63 32229

1735237352
11.83 13.12 5.6 5747

1735237353
9.69 12.69 5.56 7925

1735237354
9.69 12.69 5.56 5052

1735237355
9.69 12.69 5.56 36202

1735237356
8.29 12.34 5.54 28746

1735237357
8.29 12.34 5.54 51920

1735237358
7.33 12.04 5.52 27684

1735237359
7.33 12.04 5.52 137902

1735237360
8.36 12.07 5.57 449517

1735237361
8.36 12.07 5.57 470329

1735237362
14.82 13.11 5.84 114030

1735237363
14.82 13.11 5.84 37331

1735237364
12.67 12.78 5.82 20450

1735237365
12.67 12.78 5.82 145637

1735237366
12.01 12.66 5.84 256257

1735237367
12.01 12.66 5.84 18830

1735237368
12.0 12.64 5.88 17367

1735237369
12.0 12.64 5.88 13588

1735237370
10.01 12.26 5.85 9249

1735237371
10.01 12.26 5.85 15611

1735237372
8.38 11.89 5.81 27183

1735237373
8.38 11.89 5.81 46424

1735237374
7.4 11.6 5.79 50256

1735237375
7.4 11.6 5.79 12922

1735237376
6.6 11.31 5.77 42136

1735237377
6.6 11.31 5.77 26729

1735237378
5.77 11.01 5.75 22698

1735237379
5.77 11.01 5.75 22454

1735237380
5.08 10.71 5.72 26225

1735237381
5.08 10.71 5.72 180532

1735237382
5.97 10.69 5.75 38712

1735237383
5.97 10.69 5.75 43690

1735237384
5.43 10.44 5.73 44199

1735237385
5.43 10.44 5.73 40763

1735237386
5.17 10.23 5.72 55451

1735237387
5.17 10.23 5.72 57926

1735237388
5.32 10.09 5.72 41777

1735237389
5.32 10.09 5.72 55298

1735237390
5.08 9.89 5.71 70633

1735237391
5.08 9.89 5.71 47854

1735237392
5.25 9.76 5.71 98028

1735237393
5.25 9.76 5.71 47708

1735237394
5.38 9.64 5.71 56714

1735237395
5.38 9.64 5.71 37959

1735237396
5.13 9.45 5.7 58189

1735237397
5.13 9.45 5.7 78259

1735237398
5.47 9.37 5.71 77869

1735237399
5.47 9.37 5.71 49566

1735237400
5.56 9.26 5.71 70769

1735237401
5.56 9.26 5.71 55578

1735237402
5.46 9.12 5.71 20524

1735237403
5.46 9.12 5.71 46468

1735237404
5.01 8.92 5.69 56001

1735237405
5.01 8.92 5.69 29959

1735237406
4.83 8.76 5.68 65958

1735237407
4.83 8.76 5.68 95871

1735237408
5.22 8.7 5.69 226847

1735237409
5.22 8.7 5.69 101014

1735237410
7.17 8.94 5.76 41290

1735237411
7.17 8.94 5.76 28259

1735237412
6.23 8.71 5.73 3914

1735237413
6.23 8.71 5.73 7248

1735237414
5.1 8.43 5.69 14518

1735237415
5.1 8.43 5.69 16846

1735237416
4.36 8.18 5.66 18625

1735237417
4.36 8.18 5.66 12838

1735237418
3.75 7.95 5.63 52871

1735237419
3.75 7.95 5.63 12993

1735237420
3.61 7.79 5.61 11581

1735237421
3.61 7.79 5.61 4738

1735237422
2.96 7.53 5.57 2169

1735237423
2.96 7.53 5.57 2598

1735237424
2.42 7.28 5.53 1283

1735237425
2.42 7.28 5.53 14433

1735237426
1.98 7.05 5.5 7060

1735237427
1.98 7.05 5.5 2680

1735237428
1.8 6.85 5.46 18057

1735237429
1.8 6.85 5.46 4150

1735237430
1.47 6.62 5.43 4747

1735237431
1.47 6.62 5.43 15418

1735237432
1.39 6.44 5.4 7664

1735237433
1.39 6.44 5.4 11811

1735237434
1.32 6.26 5.37 11134

1735237435
1.32 6.26 5.37 60033

1735237436
2.53 6.32 5.38 119505

1735237437
2.53 6.32 5.38 26862

1735237438
2.25 6.14 5.35 11195

1735237439
2.25 6.14 5.35 5767

1735237440
1.84 5.94 5.32 7058

1735237441
1.84 5.94 5.32 6765

1735237442
1.51 5.75 5.28 4107

1735237443
1.51 5.75 5.28 5769

1735237444
1.96 5.69 5.27 289454

1735237445
1.96 5.69 5.27 425255

1735237446
8.12 6.68 5.48 186069

1735237447
8.12 6.68 5.48 290333

1735237448
10.27 7.12 5.58 105795

1735237449
10.27 7.12 5.58 116616

1735237450
10.22 7.21 5.61 11493

1735237451
10.22 7.21 5.61 33220

1735237452
8.73 7.04 5.59 31890

1735237453
8.73 7.04 5.59 34368

1735237454
7.87 6.94 5.58 57820

1735237455
7.87 6.94 5.58 43187

1735237456
7.17 6.84 5.56 45589

1735237457
7.17 6.84 5.56 41132

1735237458
6.6 6.75 5.55 42030

1735237459
6.6 6.75 5.55 35165

1735237460
5.94 6.63 5.54 54813

1735237461
5.94 6.63 5.54 43227

1735237462
5.59 6.54 5.52 56085

1735237463
5.59 6.54 5.52 422928

1735237464
9.11 7.14 5.66 230285

1735237465
9.45 7.27 5.69 17297

1735237466
9.45 7.27 5.69 4375

1735237467
9.45 7.27 5.69 4088

1735237468
7.74 7.03 5.66 174

1735237469
7.74 7.03 5.66 11580

1735237470
6.33 6.8 5.62 22025

1735237471
6.33 6.8 5.62 11987

1735237472
5.37 6.61 5.58 9129

1735237473
5.37 6.61 5.58 17456

1735237474
4.57 6.43 5.55 12580

1735237475
3.74 6.22 5.52 11453

1735237476
3.74 6.22 5.52 1039

1735237477
3.06 6.01 5.48 813

1735237478
3.06 6.01 5.48 4249

1735237479
3.06 6.01 5.48 15870

1735237480
2.69 5.85 5.45 11188

1735237481
2.69 5.85 5.45 26091

1735237482
2.56 5.72 5.42 12416

1735237483
2.1 5.54 5.39 8356

1735237484
2.1 5.54 5.39 13389

1735237485
1.9 5.39 5.35 17312

1735237486
1.9 5.39 5.35 9092

1735237487
1.55 5.21 5.32 7576

1735237488
1.55 5.21 5.32 3676

1735237489
1.55 5.21 5.32 14940

1735237490
1.45 5.07 5.29 12027

1735237491
1.45 5.07 5.29 4619

1735237492
1.37 4.94 5.26 15649

1735237493
1.37 4.94 5.26 10424

1735237494
1.3 4.81 5.23 11583

1735237495
1.06 4.65 5.19 15473

1735237496
1.06 4.65 5.19 20494

1735237497
1.06 4.65 5.19 8526

1735237498
1.05 4.53 5.16 17336

1735237499
1.05 4.53 5.16 48016

1735237500
1.4 4.48 5.15 32048

1735237501
1.4 4.48 5.15 40743

1735237502
1.69 4.43 5.13 16507

1735237503
1.38 4.29 5.1 6547

1735237504
1.38 4.29 5.1 22472

1735237505
1.38 4.29 5.1 7943

1735237506
1.31 4.18 5.07 12146

1735237507
1.31 4.18 5.07 4915

1735237508
1.26 4.07 5.04 18567

1735237509
1.26 4.07 5.04 6084

1735237510
1.21 3.97 5.01 29685

1735237511
1.21 3.97 5.01 40742

1735237512
1.35 3.91 4.99 22215

1735237513
1.35 3.91 4.99 1018

1735237514
1.29 3.81 4.97 39559

1735237515
1.29 3.81 4.97 12455

1735237516
1.23 3.72 4.94 17240

1735237517
1.23 3.72 4.94 35139

1735237518
1.37 3.66 4.92 3798

1735237519
1.37 3.66 4.92 11169

1735237520
1.12 3.54 4.88 10889

1735237521
1.12 3.54 4.88 28112

1735237522
1.28 3.49 4.86 10658

1735237523
1.28 3.49 4.86 8242

1735237524
1.23 3.41 4.84 33936

1735237525
1.23 3.41 4.84 24492

1735237526
1.37 3.36 4.82 29256

1735237527
1.37 3.36 4.82 12008

1735237528
1.3 3.29 4.79 5649

1735237529
1.3 3.29 4.79 18613

1735237530
1.24 3.21 4.77 21634

1735237531
1.24 3.21 4.77 5903

1735237532
1.2 3.14 4.74 6657

1735237533
1.2 3.14 4.74 6860

1735237534
0.98 3.04 4.71 12417

1735237535
0.98 3.04 4.71 7499

1735237536
0.8 2.94 4.67 15366

1735237537
0.8 2.94 4.67 9839

1735237538
0.66 2.84 4.64 5264

1735237539
0.66 2.84 4.64 7852

1735237540
0.54 2.75 4.61 10108

1735237541
0.54 2.75 4.61 21589

1735237542
0.62 2.69 4.58 14489

1735237543
0.62 2.69 4.58 21987

1735237544
0.69 2.63 4.56 34561

1735237545
0.69 2.63 4.56 60711

1735237546
1.47 2.71 4.56 10010

1735237547
1.47 2.71 4.56 28466

1735237548
1.56 2.69 4.55 16999

1735237549
1.28 2.6 4.51 12942

1735237550
1.28 2.6 4.51 32357

1735237551
1.28 2.6 4.51 63719

1735237552
2.5 2.77 4.54 111189

1735237553
2.5 2.77 4.54 28983

1735237554
2.59 2.78 4.53 15498

1735237556
2.48 2.76 4.51 36529

1735237557
2.48 2.76 4.51 224769

1735237558
6.2 3.42 4.64 498205

1735237559
6.2 3.42 4.64 2106

1735237560
7.43 3.73 4.69 65529

1735237561
7.43 3.73 4.69 157277

1735237562
8.26 4.0 4.74 68955

1735237563
8.26 4.0 4.74 159384

1735237564
8.75 4.23 4.79 66751

1735237565
8.75 4.23 4.79 36594

1735237566
7.71 4.19 4.77 42889

1735237567
7.71 4.19 4.77 83302

1735237568
10.84 4.87 4.91 446028

1735237569
10.84 4.87 4.91 576877

1735237570
17.57 6.28 5.21 635558

1735237571
17.57 6.28 5.21 835580

1735237572
29.42 8.79 5.74 870509

1735237573
29.42 8.79 5.74 912592

1735237574
35.32 10.53 6.13 27380

1735237575
35.32 10.53 6.13 95726

1735237576
35.45 11.37 6.33 899326

1735237577
35.45 11.37 6.33 913746

1735237578
45.51 13.97 6.91 899420

1735237579
45.51 13.97 6.91 883263

1735237580
53.21 16.39 7.46 901413

1735237581
53.21 16.39 7.46 908530

1735237582
59.15 18.67 8.0 765708

1735237583
59.15 18.67 8.0 689448

1735237584
60.93 20.32 8.42 711259

1735237585
60.93 20.32 8.42 345381

1735237586
59.31 21.35 8.72 706283

1735237587
59.31 21.35 8.72 687221

1735237588
60.52 22.81 9.11 606870

1735237589
60.52 22.81 9.11 726881

1735237590
63.14 24.52 9.56 867101

1735237591
63.14 24.52 9.56 632596

1735237592
63.84 25.91 9.95 677276

1735237593
63.84 25.91 9.95 665084

1735237594
62.42 26.9 10.27 446479

1735237595
62.42 26.9 10.27 678536

1735237596
62.71 28.11 10.63 503881

1735237597
62.71 28.11 10.63 713590

1735237598
64.03 29.48 11.04 854262

1735237599
64.03 29.48 11.04 495865

1735237600
64.56 30.71 11.42 849876

1735237601
64.56 30.71 11.42 480653

1735237602
64.46 31.8 11.78 707103

1735237603
64.46 31.8 11.78 740345

1735237604
63.47 32.69 12.11 449208

1735237605
63.47 32.69 12.11 576979

1735237606
61.57 33.35 12.39 484318

1735237607
61.57 33.35 12.39 494990

1735237608
58.03 33.64 12.59 319753

1735237609
58.03 33.64 12.59 216186

1735237610
50.77 33.12 12.63 154899

1735237611
50.77 33.12 12.63 104767

1735237612
43.57 32.4 12.61 127783

1735237613
43.57 32.4 12.61 229312

1735237614
42.01 32.48 12.77 580853

1735237615
42.01 32.48 12.77 674235

1735237616
46.36 33.58 13.13 725382

1735237617
46.36 33.58 13.13 765651

1735237618
50.82 34.81 13.53 507140

1735237619
50.82 34.81 13.53 236494

1735237620
46.69 34.58 13.63 331665

1735237621
46.69 34.58 13.63 243618

1735237622
42.03 34.14 13.68 189301

1735237623
42.03 34.14 13.68 206614

1735237624
37.68 33.61 13.71 214585

1735237625
37.68 33.61 13.71 692441

1735237626
42.63 34.64 14.06 780162

1735237627
42.63 34.64 14.06 592898

1735237628
48.49 35.96 14.48 789159

1735237629
48.49 35.96 14.48 516019

1735237630
50.76 36.78 14.79 683946

1735237631
50.76 36.78 14.79 712547

1735237632
53.88 37.8 15.16 598244

1735237633
53.88 37.8 15.16 134910

1735237634
47.2 37.12 15.17 183776

1735237635
47.2 37.12 15.17 99708

1735237636
40.64 36.26 15.14 114707

1735237637
40.64 36.26 15.14 63705

1735237638
34.73 35.34 15.09 126356

1735237639
34.73 35.34 15.09 93127

1735237640
30.61 34.57 15.07 149477

1735237641
30.61 34.57 15.07 131534

1735237642
27.24 33.83 15.05 134480

1735237643
27.24 33.83 15.05 251260

1735237644
26.29 33.45 15.1 188661

1735237645
26.29 33.45 15.1 162432

1735237646
28.41 33.6 15.25 684645

1735237647
28.41 33.6 15.25 872201

1735237648
38.66 35.28 15.73 878577

1735237649
38.66 35.28 15.73 796700

1735237650
43.25 36.22 16.06 501152

1735237651
43.25 36.22 16.06 335920

1735237652
45.56 36.86 16.33 743052

1735237653
45.56 36.86 16.33 742965

1735237654
50.35 38.01 16.72 705164

1735237655
50.35 38.01 16.72 638669

1735237656
52.82 38.86 17.04 642374

1735237657
52.82 38.86 17.04 654369

1735237658
54.84 39.69 17.36 649872

1735237659
54.84 39.69 17.36 780021

1735237660
60.31 41.17 17.82 971505

1735237662
66.95 43.0 18.36 1927974

1735237663
66.95 43.0 18.36 988407

1735237664
72.4 44.76 18.9 963229

1735237665
72.4 44.76 18.9 968221

1735237666
76.67 46.44 19.43 969201

1735237667
76.67 46.44 19.43 981779

1735237668
80.35 48.09 19.96 974986

1735237669
80.35 48.09 19.96 977295

1735237670
83.37 49.69 20.49 969021

1735237671
83.37 49.69 20.49 992800

1735237672
85.84 51.24 21.01 956330

1735237673
85.84 51.24 21.01 975209

1735237674
87.86 52.74 21.53 982831

1735237675
87.86 52.74 21.53 988306

1735237676
89.51 54.19 22.04 965603

1735237677
89.51 54.19 22.04 948123

1735237678
90.51 55.52 22.54 961466

1735237679
90.51 55.52 22.54 974558

1735237680
91.32 56.81 23.04 945902

1735237681
91.32 56.81 23.04 951604

1735237682
91.99 58.06 23.53 961041

1735237683
91.99 58.06 23.53 958482

1735237684
92.53 59.27 24.02 943926

1735237685
92.53 59.27 24.02 956250

1735237686
93.16 60.47 24.51 968874

1735237687
93.16 60.47 24.51 938725

1735237688
93.31 61.57 24.99 943649

1735237689
93.31 61.57 24.99 959702

1735237690
93.62 62.66 25.47 947963

1735237691
93.62 62.66 25.47 945380

1735237692
93.68 63.69 25.94 946574

1735237693
93.68 63.69 25.94 880881

1735237694
91.2 64.22 26.31 719319

1735237695
91.2 64.22 26.31 722494

1735237696
87.72 64.48 26.62 727166

1735237697
87.72 64.48 26.62 820226

1735237698
87.59 65.21 27.03 936525

1735237699
87.59 65.21 27.03 744866

1735237700
84.22 65.34 27.32 649781

1735237701
84.22 65.34 27.32 696051

1735237702
82.01 65.56 27.62 747914

1735237703
82.01 65.56 27.62 730614

1735237704
80.19 65.77 27.93 718984

1735237705
80.19 65.77 27.93 598712

1735237706
76.72 65.61 28.15 638102

1735237707
76.72 65.61 28.15 618568

1735237708
75.5 65.75 28.44 790935

1735237709
75.5 65.75 28.44 623348

1735237710
73.6 65.73 28.69 682638

1735237711
73.6 65.73 28.69 702504

1735237712
73.12 65.9 28.98 733486

1735237713
73.12 65.9 28.98 925892

1735237714
75.27 66.53 29.36 782405

1735237715
75.27 66.53 29.36 707784

1735237716
74.86 66.74 29.66 754028

1735237717
74.86 66.74 29.66 550677

1735237718
74.86 66.74 29.66 844158

1735237719
73.98 66.85 29.94 949364

1735237720
73.98 66.85 29.94 916944

1735237721
77.42 67.7 30.37 923338

1735237722
77.42 67.7 30.37 921153

1735237723
80.06 68.5 30.79 656187

1735237724
80.06 68.5 30.79 682888

1735237725
77.52 68.41 31.03 395049

1735237726
77.52 68.41 31.03 472461

1735237727
71.08 67.55 31.1 596533

1735237731
63.28 66.34 31.35 1832997

1735237732
63.28 66.34 31.35 283655

1735237733
58.52 65.38 31.39 498953

1735237734
58.52 65.38 31.39 855348

1735237735
60.23 65.46 31.64 862810

1735237736
60.23 65.46 31.64 881429

1735237737
65.08 66.17 32.02 907116

1735237738
65.08 66.17 32.02 869085

1735237739
69.23 66.88 32.4 888168

1735237740
69.23 66.88 32.4 884074

1735237741
72.63 67.57 32.78 803230

1735237742
72.63 67.57 32.78 719437

1735237743
73.06 67.82 33.07 786462

1735237744
74.5 68.25 33.4 1120452

1735237745
74.5 68.25 33.4 540234

1735237746
74.5 68.25 33.4 732197

1735237747
74.95 68.53 33.69 720904

1735237748
74.95 68.53 33.69 855323

1735237749
75.5 68.84 34.0 609523

1735237750
75.5 68.84 34.0 784555

1735237751
74.5 68.88 34.24 893759

1735237752
74.5 68.88 34.24 871121

1735237753
76.95 69.51 34.61 886629

1735237754
76.95 69.51 34.61 755234

1735237755
77.68 69.88 34.93 614521

1735237756
77.68 69.88 34.93 809950

1735237757
76.47 69.92 35.18 890223

1735237758
76.47 69.92 35.18 698694

1735237759
76.75 70.18 35.47 731569

1735237760
76.75 70.18 35.47 756804

1735237761
76.25 70.31 35.73 672669

1735237762
76.25 70.31 35.73 608475

1735237763
74.03 70.1 35.93 756026

1735237764
74.03 70.1 35.93 676620

1735237765
73.3 70.1 36.16 372886

1735237766
73.3 70.1 36.16 266118

1735237767
65.45 68.79 36.12 273822

1735237768
65.45 68.79 36.12 321040

1735237769
58.85 67.48 36.07 223654

1735237770
58.85 67.48 36.07 278131

1735237771
52.72 66.09 35.99 468191

1735237772
52.72 66.09 35.99 737447

1735237773
54.4 65.96 36.17 690374

1735237774
54.4 65.96 36.17 546897

1735237775
55.23 65.73 36.33 219839

1735237776
55.23 65.73 36.33 315560

1735237777
50.11 64.46 36.26 223554

1735237778
50.11 64.46 36.26 203206

1735237779
44.84 63.04 36.16 275080

1735237780
44.84 63.04 36.16 380861

1735237781
42.51 62.03 36.13 272827

1735237782
42.51 62.03 36.13 398874

1735237783
40.97 61.11 36.11 620821

1735237784
43.69 60.94 36.25 627026

1735237785
43.69 60.94 36.25 542008

1735237786
47.01 60.98 36.43 728981

1735237788
47.01 60.98 36.43 1163929

1735237789
50.63 61.17 36.64 686345

1735237790
50.63 61.17 36.64 932644

1735237791
56.31 61.85 36.95 972968

1735237792
56.31 61.85 36.95 979522

1735237793
63.68 63.0 37.36 966269

1735237794
63.68 63.0 37.36 975951

1735237795
69.72 64.12 37.76 976228

1735237796
69.72 64.12 37.76 973087

1735237797
74.66 65.19 38.17 1261324

1735237798
78.7 66.23 38.57 919835

1735237801
47.21 60.9 37.99 607891

1735237805
47.21 60.9 37.99 4844

