1735237246
2.38 3.31 25.74 70661

1735237247
2.38 3.31 25.74 1178

1735237248
2.49 3.3 25.58 10138

1735237249
2.49 3.3 25.58 150047

1735237250
3.49 3.45 25.46 446881

1735237251
3.49 3.45 25.46 308992

1735237252
9.56 4.55 25.54 45831

1735237253
9.56 4.55 25.54 26446

1735237254
8.37 4.5 25.39 82982

1735237255
8.37 4.5 25.39 279409

1735237256
10.11 4.94 25.34 249625

1735237257
12.09 5.47 25.31 188525

1735237258
12.09 5.47 25.31 152183

1735237259
14.42 6.11 25.31 763151

1735237260
14.42 6.11 25.31 152030

1735237261
17.97 7.02 25.37 237592

1735237262
17.97 7.02 25.37 227478

1735237263
17.97 7.02 25.37 260206

1735237264
20.33 7.8 25.4 895148

1735237265
20.33 7.8 25.4 328077

1735237266
28.06 9.61 25.66 825900

1735237267
33.3 11.16 25.88 465263

1735237268
33.3 11.16 25.88 1077708

1735237269
41.22 13.31 26.23 437470

1735237270
41.22 13.31 26.23 739306

1735237271
42.99 14.55 26.39 470326

1735237272
42.99 14.55 26.39 447414

1735237273
45.34 15.9 26.6 913994

1735237274
45.34 15.9 26.6 598161

1735237275
45.34 15.9 26.6 364577

1735237276
50.72 17.84 26.93 1326151

1735237277
54.57 19.61 27.24 540555

1735237278
54.57 19.61 27.24 428622

1735237279
54.57 19.61 27.24 499318

1735237281
56.46 21.09 27.5 1654987

1735237282
61.09 23.09 27.87 507208

1735237283
58.9 23.93 28.01 1056135

1735237284
58.9 23.93 28.01 404144

1735237285
58.9 23.93 28.01 351483

1735237286
60.36 25.34 28.28 761990

1735237287
60.36 25.34 28.28 349258

1735237288
58.85 26.21 28.44 274992

1735237289
58.85 26.21 28.44 346395

1735237290
54.16 26.44 28.47 861513

1735237291
54.16 26.44 28.47 305372

1735237292
54.31 27.37 28.65 351680

1735237293
54.31 27.37 28.65 257041

1735237294
49.73 27.42 28.66 162658

1735237295
49.73 27.42 28.66 299192

1735237296
44.7 27.25 28.61 11873

1735237297
44.7 27.25 28.61 97241

1735237298
37.87 26.58 28.46 518833

1735237299
40.97 27.51 28.64 1140459

1735237300
40.97 27.51 28.64 301959

1735237301
40.97 27.51 28.64 449761

1735237302
44.96 28.68 28.88 259094

1735237303
40.26 28.36 28.81 157409

1735237304
40.26 28.36 28.81 171266

1735237305
40.26 28.36 28.81 240157

1735237306
36.77 28.12 28.76 117189

1735237307
32.28 27.59 28.64 152694

1735237308
32.28 27.59 28.64 148124

1735237309
32.28 27.59 28.64 137597

1735237310
29.15 27.18 28.55 171609

1735237311
29.15 27.18 28.55 298208

1735237312
28.03 27.04 28.51 113178

1735237313
28.03 27.04 28.51 5526

1735237314
23.68 26.29 28.34 23405

1735237315
23.68 26.29 28.34 9998

1735237316
19.57 25.46 28.16 12608

1735237317
19.57 25.46 28.16 5230

1735237318
16.02 24.62 27.96 42

1735237319
16.02 24.62 27.96 36703

1735237320
13.3 23.85 27.78 3397

1735237321
13.3 23.85 27.78 57525

1735237322
11.98 23.27 27.63 153457

1735237323
11.98 23.27 27.63 102529

1735237324
11.8 22.86 27.52 288353

1735237325
11.8 22.86 27.52 200371

1735237326
14.01 22.9 27.49 128647

1735237327
14.01 22.9 27.49 206732

1735237328
14.73 22.74 27.43 324354

1735237329
14.73 22.74 27.43 161952

1735237330
16.23 22.75 27.4 163346

1735237331
16.23 22.75 27.4 11321

1735237332
14.37 22.2 27.25 14499

1735237333
14.37 22.2 27.25 6496

1735237334
11.95 21.51 27.07 4830

1735237335
11.95 21.51 27.07 473

1735237336
9.78 20.8 26.88 15500

1735237337
9.78 20.8 26.88 78474

1735237338
8.74 20.25 26.73 3337

1735237339
8.74 20.25 26.73 6216

1735237340
7.15 19.59 26.54 4328

1735237341
7.15 19.59 26.54 3249

1735237342
5.86 18.95 26.36 30703

1735237343
5.86 18.95 26.36 106029

1735237344
6.06 18.56 26.23 248324

1735237345
6.06 18.56 26.23 437764

1735237346
11.3 19.1 26.29 186595

1735237348
15.23 19.55 26.34 796422

1735237349
15.23 19.55 26.34 763200

1735237350
23.89 20.97 26.59 456693

1735237351
23.89 20.97 26.59 459930

1735237352
26.26 21.5 26.66 415457

1735237353
30.02 22.33 26.8 744037

1735237354
30.02 22.33 26.8 357912

1735237355
30.02 22.33 26.8 364033

1735237356
32.37 23.01 26.91 392205

1735237357
32.37 23.01 26.91 233974

1735237358
33.75 23.56 27.0 559594

1735237359
33.75 23.56 27.0 186652

1735237360
32.53 23.68 27.0 42744

1735237361
32.53 23.68 27.0 13599

1735237362
26.81 22.93 26.82 43600

1735237363
26.81 22.93 26.82 49437

1735237364
22.86 22.35 26.67 357253

1735237365
22.86 22.35 26.67 76254

1735237366
22.34 22.27 26.62 25556

1735237367
22.34 22.27 26.62 10303

1735237368
18.47 21.57 26.45 313

1735237369
18.47 21.57 26.45 386813

1735237370
20.02 21.75 26.45 737326

1735237371
20.02 21.75 26.45 292810

1735237372
25.27 22.64 26.61 562897

1735237373
25.27 22.64 26.61 639738

1735237374
31.74 23.9 26.84 348952

1735237375
31.74 23.9 26.84 334232

1735237376
30.7 23.97 26.84 21626

1735237377
30.7 23.97 26.84 3418

1735237378
25.14 23.18 26.65 99084

1735237379
25.14 23.18 26.65 7864

1735237380
21.85 22.65 26.52 57019

1735237381
21.85 22.65 26.52 74116

1735237382
18.62 22.04 26.36 55628

1735237383
18.62 22.04 26.36 183664

1735237384
18.5 21.91 26.31 150803

1735237385
18.5 21.91 26.31 354961

1735237386
18.77 21.85 26.26 223490

1735237387
18.77 21.85 26.26 181505

1735237388
19.18 21.82 26.23 352588

1735237389
19.18 21.82 26.23 380173

1735237390
21.86 22.22 26.28 257725

1735237391
21.86 22.22 26.28 66809

1735237392
20.43 21.95 26.2 11851

1735237393
20.43 21.95 26.2 113959

1735237394
18.18 21.49 26.07 53839

1735237395
18.18 21.49 26.07 203511

1735237396
16.88 21.15 25.97 45129

1735237397
16.88 21.15 25.97 33191

1735237398
14.54 20.59 25.82 13044

1735237399
14.54 20.59 25.82 53993

1735237400
12.27 19.98 25.65 7929

1735237401
12.27 19.98 25.65 31573

1735237402
12.4 19.75 25.57 554381

1735237403
12.4 19.75 25.57 102109

1735237404
14.32 19.85 25.55 103775

1735237405
14.32 19.85 25.55 46652

1735237406
12.63 19.37 25.41 112414

1735237407
12.63 19.37 25.41 340192

1735237408
14.51 19.49 25.39 341169

1735237409
14.51 19.49 25.39 419825

1735237410
19.85 20.29 25.52 364809

1735237411
19.85 20.29 25.52 398809

1735237412
24.22 21.07 25.65 679424

1735237413
24.22 21.07 25.65 435880

1735237414
28.35 21.91 25.79 149031

1735237415
28.35 21.91 25.79 7003

1735237416
23.39 21.23 25.62 2891

1735237417
23.39 21.23 25.62 5323

1735237418
19.16 20.53 25.45 11026

1735237419
19.16 20.53 25.45 34319

1735237420
15.87 19.89 25.28 13

1735237421
15.87 19.89 25.28 32476

1735237422
13.17 19.28 25.11 2273

1735237423
13.17 19.28 25.11 15510

1735237424
10.78 18.65 24.94 13117

1735237425
10.78 18.65 24.94 7102

1735237426
8.83 18.04 24.77 4638

1735237427
8.83 18.04 24.77 72

1735237428
7.23 17.44 24.6 651

1735237429
7.23 17.44 24.6 11

1735237430
5.92 16.87 24.43 2564

1735237431
5.92 16.87 24.43 28048

1735237432
5.03 16.35 24.27 19926

1735237433
5.03 16.35 24.27 1462

1735237434
4.11 15.82 24.11 40026

1735237435
4.11 15.82 24.11 4820

1735237436
3.73 15.37 23.95 48825

1735237437
3.73 15.37 23.95 14308

1735237438
3.42 14.93 23.8 1047

1735237439
3.42 14.93 23.8 205223

1735237440
5.15 14.86 23.73 78210

1735237441
5.15 14.86 23.73 14717

1735237442
4.58 14.44 23.58 8678

1735237443
4.58 14.44 23.58 5201

1735237444
3.75 13.97 23.42 17259

1735237445
3.75 13.97 23.42 139162

1735237446
4.7 13.81 23.32 235015

1735237447
4.7 13.81 23.32 221423

1735237448
8.56 14.21 23.34 470524

1735237449
8.56 14.21 23.34 171297

1735237450
12.44 14.72 23.39 119399

1735237451
12.44 14.72 23.39 61116

1735237452
11.09 14.4 23.26 23954

1735237453
11.09 14.4 23.26 8867

1735237454
9.08 13.93 23.1 4013

1735237455
9.08 13.93 23.1 16505

1735237456
7.62 13.51 22.95 52967

1735237457
7.62 13.51 22.95 6369

1735237458
6.78 13.16 22.81 14687

1735237459
6.78 13.16 22.81 7980

1735237460
5.55 12.73 22.66 5319

1735237461
5.55 12.73 22.66 141111

1735237462
7.99 12.94 22.63 594367

1735237463
7.99 12.94 22.63 403446

1735237464
13.42 13.76 22.74 186511

1735237465
19.32 14.81 22.89 820136

1735237466
19.32 14.81 22.89 544808

1735237467
19.32 14.81 22.89 628464

1735237468
29.23 16.75 23.24 711444

1735237469
29.23 16.75 23.24 764232

1735237470
37.52 18.66 23.6 791042

1735237471
37.52 18.66 23.6 547456

1735237472
42.13 20.11 23.87 661630

1735237473
42.13 20.11 23.87 830756

1735237474
47.36 21.77 24.19 698851

1735237475
48.02 22.73 24.37 565480

1735237476
48.02 22.73 24.37 566713

1735237477
50.01 23.91 24.61 620858

1735237478
50.01 23.91 24.61 541294

1735237479
50.01 23.91 24.61 438041

1735237480
51.46 25.03 24.84 426593

1735237481
51.46 25.03 24.84 920904

1735237482
53.73 26.3 25.11 1073045

1735237483
57.76 27.93 25.46 606641

1735237484
57.76 27.93 25.46 648970

1735237485
58.71 29.08 25.71 867926

1735237486
58.71 29.08 25.71 806150

1735237487
63.29 30.87 26.11 978824

1735237488
63.29 30.87 26.11 397626

1735237489
63.29 30.87 26.11 633744

1735237490
65.41 32.32 26.45 740802

1735237491
65.41 32.32 26.45 425883

1735237492
66.24 33.55 26.74 1194077

1735237493
66.24 33.55 26.74 267640

1735237494
67.65 34.87 27.07 717681

1735237495
68.07 36.02 27.36 1108906

1735237496
68.07 36.02 27.36 608392

1735237497
68.07 36.02 27.36 588003

1735237498
68.96 37.23 27.67 540514

1735237499
68.96 37.23 27.67 767204

1735237500
68.97 38.27 27.95 659529

1735237501
68.97 38.27 27.95 952248

1735237502
68.79 39.25 28.23 533507

1735237503
71.37 40.68 28.6 1237204

1735237504
71.37 40.68 28.6 578544

1735237505
71.37 40.68 28.6 543838

1735237506
70.76 41.57 28.87 801791

1735237507
70.76 41.57 28.87 479766

1735237508
71.52 42.67 29.19 887077

1735237509
71.52 42.67 29.19 852634

1735237510
72.15 43.72 29.5 602617

1735237511
72.15 43.72 29.5 779736

1735237512
71.4 44.52 29.77 828159

1735237513
71.4 44.52 29.77 395670

1735237514
71.87 45.48 30.07 1146460

1735237515
71.87 45.48 30.07 518113

1735237516
72.8 46.51 30.39 834372

1735237517
72.8 46.51 30.39 804746

1735237518
71.75 47.18 30.64 341302

1735237519
71.75 47.18 30.64 954636

1735237520
70.89 47.83 30.89 393900

1735237521
70.89 47.83 30.89 940607

1735237522
70.36 48.49 31.14 447978

1735237523
70.36 48.49 31.14 804895

1735237524
67.94 48.77 31.32 581670

1735237525
67.94 48.77 31.32 525248

1735237526
67.59 49.33 31.56 843219

1735237527
67.59 49.33 31.56 468646

1735237528
68.39 50.08 31.83 657325

1735237529
68.39 50.08 31.83 910723

1735237530
70.67 51.09 32.17 1488879

1735237531
70.67 51.09 32.17 638778

1735237532
72.9 52.13 32.52 430551

1735237533
72.9 52.13 32.52 664816

1735237534
73.46 52.91 32.81 990642

1735237535
73.46 52.91 32.81 733787

1735237536
74.65 53.8 33.14 1202977

1735237537
74.65 53.8 33.14 646661

1735237538
74.89 54.53 33.43 551343

1735237539
74.89 54.53 33.43 843143

1735237540
74.19 55.06 33.69 565724

1735237541
74.19 55.06 33.69 630091

1735237542
75.24 55.88 34.0 1095039

1735237543
75.24 55.88 34.0 739513

1735237544
75.56 56.57 34.3 394307

1735237545
75.56 56.57 34.3 1027528

1735237546
73.64 56.85 34.51 619854

1735237547
73.64 56.85 34.51 736173

1735237548
72.44 57.18 34.73 437722

1735237549
72.54 57.7 34.99 1132488

1735237550
72.54 57.7 34.99 417746

1735237551
72.54 57.7 34.99 737694

1735237552
70.63 57.84 35.18 514758

1735237553
70.63 57.84 35.18 858644

1735237554
72.33 58.56 35.48 1114443

1735237556
73.35 59.2 35.77 1052576

1735237557
73.35 59.2 35.77 654950

1735237558
70.39 59.13 35.92 553456

1735237559
70.39 59.13 35.92 607129

1735237560
69.77 59.38 36.13 540811

1735237561
69.77 59.38 36.13 343014

1735237562
63.66 58.62 36.13 361415

1735237563
63.66 58.62 36.13 305673

1735237564
59.19 57.98 36.15 814908

1735237565
59.19 57.98 36.15 609846

1735237566
58.79 57.94 36.29 379152

1735237567
58.79 57.94 36.29 89597

1735237568
51.76 56.7 36.18 306492

1735237569
51.76 56.7 36.18 385212

1735237570
48.91 56.02 36.18 199466

1735237571
48.91 56.02 36.18 256204

1735237572
44.21 54.94 36.09 175214

1735237573
44.21 54.94 36.09 244355

1735237574
43.45 54.45 36.12 944002

1735237575
43.45 54.45 36.12 699858

1735237576
45.9 54.54 36.26 19215

1735237577
45.9 54.54 36.26 16109

1735237578
37.77 52.79 36.02 5868

1735237579
37.77 52.79 36.02 35333

1735237580
31.29 51.12 35.79 9073

1735237581
31.29 51.12 35.79 227

1735237582
25.62 49.45 35.54 2523

1735237583
25.62 49.45 35.54 1677

1735237584
20.98 47.83 35.3 12022

1735237585
20.98 47.83 35.3 13296

1735237586
17.36 46.3 35.06 23607

1735237587
17.36 46.3 35.06 20546

1735237588
14.39 44.82 34.83 9205

1735237589
14.39 44.82 34.83 62738

1735237590
12.87 43.55 34.63 116596

1735237591
12.87 43.55 34.63 201490

1735237592
13.8 42.71 34.52 180532

1735237593
13.8 42.71 34.52 248215

1735237594
16.91 42.33 34.5 392893

1735237595
16.91 42.33 34.5 235008

1735237596
16.93 41.5 34.38 43999

1735237597
16.93 41.5 34.38 41775

1735237598
15.67 40.47 34.21 189087

1735237599
15.67 40.47 34.21 464468

1735237600
17.72 40.03 34.16 36931

1735237601
17.72 40.03 34.16 9581

1735237602
14.51 38.72 33.93 10698

1735237603
14.51 38.72 33.93 26584

1735237604
12.43 37.55 33.71 55375

1735237605
12.43 37.55 33.71 26586

1735237606
10.72 36.42 33.5 25127

1735237607
10.72 36.42 33.5 20772

1735237608
9.14 35.29 33.29 35577

1735237609
9.14 35.29 33.29 62332

1735237610
8.75 34.37 33.11 81694

1735237611
8.75 34.37 33.11 129530

1735237612
9.34 33.63 32.96 125028

1735237613
9.34 33.63 32.96 68837

1735237614
9.46 32.86 32.81 123430

1735237615
9.46 32.86 32.81 3600

1735237616
7.74 31.78 32.58 30694

1735237617
7.74 31.78 32.58 14568

1735237618
6.7 30.81 32.37 9883

1735237619
6.7 30.81 32.37 12742

1735237620
5.67 29.83 32.16 9641

1735237621
5.67 29.83 32.16 17733

1735237622
7.0 29.28 32.02 339644

1735237623
7.0 29.28 32.02 187961

1735237624
11.52 29.37 32.02 422262

1735237625
11.52 29.37 32.02 197091

1735237626
13.6 29.16 31.96 378613

1735237627
13.6 29.16 31.96 263869

1735237628
16.03 29.09 31.93 160986

1735237629
16.03 29.09 31.93 387905

1735237630
16.93 28.83 31.85 13618

1735237631
16.93 28.83 31.85 9160

1735237632
14.04 27.92 31.64 12697

1735237633
14.04 27.92 31.64 16798

1735237634
12.58 27.2 31.47 120511

1735237635
12.58 27.2 31.47 111940

1735237636
12.11 26.64 31.32 121187

1735237637
12.11 26.64 31.32 123150

1735237638
12.27 26.19 31.19 125991

1735237639
12.27 26.19 31.19 278553

1735237640
13.49 25.95 31.11 155238

1735237641
13.49 25.95 31.11 467671

1735237642
15.94 25.99 31.08 49646

1735237643
15.94 25.99 31.08 4454

1735237644
13.96 25.3 30.9 119284

1735237645
13.96 25.3 30.9 98411

1735237646
12.69 24.7 30.74 40578

1735237647
12.69 24.7 30.74 127990

1735237648
12.93 24.35 30.62 246688

1735237649
12.93 24.35 30.62 441814

1735237650
18.2 24.93 30.7 469511

1735237651
18.2 24.93 30.7 350995

1735237652
19.43 24.93 30.66 5449

1735237653
19.43 24.93 30.66 1507

1735237654
15.91 24.12 30.45 18325

1735237655
15.91 24.12 30.45 1294

1735237656
13.02 23.33 30.25 1306

1735237657
13.02 23.33 30.25 7330

1735237658
10.66 22.56 30.04 1141

1735237659
10.66 22.56 30.04 25905

1735237660
9.09 21.89 29.85 32822

1735237662
7.63 21.21 29.65 21441

1735237663
7.63 21.21 29.65 9382

1735237664
6.42 20.54 29.45 25789

1735237665
6.42 20.54 29.45 11736

1735237666
5.26 19.87 29.25 6279

1735237667
5.26 19.87 29.25 4257

1735237668
4.31 19.22 29.05 15300

1735237669
4.31 19.22 29.05 8130

1735237670
3.52 18.59 28.85 2407

1735237671
3.52 18.59 28.85 21039

1735237672
3.25 18.05 28.67 20105

1735237673
3.25 18.05 28.67 6010

1735237674
2.84 17.49 28.48 17945

1735237675
2.84 17.49 28.48 4036

1735237676
2.32 16.92 28.28 6017

1735237677
2.32 16.92 28.28 271281

1735237678
4.26 16.79 28.18 6280

1735237679
4.26 16.79 28.18 9587

1735237680
3.48 16.24 27.99 9645

1735237681
3.48 16.24 27.99 1592

1735237682
2.85 15.71 27.79 9679

1735237683
2.85 15.71 27.79 1875

1735237684
2.33 15.19 27.6 7995

1735237685
2.33 15.19 27.6 4566

1735237686
1.91 14.7 27.42 3263

1735237687
1.91 14.7 27.42 1541

1735237688
1.56 14.22 27.23 2940

1735237689
1.56 14.22 27.23 3399

1735237690
1.46 13.78 27.05 25292

1735237691
1.46 13.78 27.05 2401

1735237692
1.19 13.33 26.86 253

1735237693
1.19 13.33 26.86 1008

1735237694
0.98 12.89 26.68 7057

1735237695
0.98 12.89 26.68 11536

1735237696
0.8 12.47 26.5 5044

1735237697
0.8 12.47 26.5 8198

1735237698
0.65 12.06 26.31 7625

1735237699
0.65 12.06 26.31 13139

1735237700
0.53 11.67 26.13 28

1735237701
0.53 11.67 26.13 287

1735237702
0.44 11.29 25.96 11239

1735237703
0.44 11.29 25.96 13346

1735237704
0.36 10.92 25.78 6246

1735237705
0.36 10.92 25.78 2689

1735237706
0.29 10.56 25.6 16653

1735237707
0.29 10.56 25.6 27743

1735237708
0.42 10.25 25.43 5900

1735237709
0.42 10.25 25.43 15401

1735237710
0.34 9.91 25.26 1332

1735237711
0.34 9.91 25.26 21201

1735237712
0.46 9.62 25.09 13254

1735237713
0.46 9.62 25.09 78817

1735237714
1.83 9.57 24.98 94331

1735237715
1.83 9.57 24.98 2438

1735237716
1.67 9.29 24.81 22481

1735237717
1.67 9.29 24.81 22720

1735237718
1.67 9.29 24.81 19594

1735237719
1.73 9.05 24.66 24446

1735237720
1.73 9.05 24.66 13064

1735237721
1.6 8.78 24.49 8578

1735237722
1.6 8.78 24.49 5624

1735237723
1.31 8.5 24.33 11021

1735237724
1.31 8.5 24.33 30865

1735237725
1.43 8.28 24.17 7116

1735237726
1.43 8.28 24.17 28908

1735237727
1.35 8.04 24.01 33013

1735237731
3.79 8.08 23.8 371491

1735237732
3.79 8.08 23.8 24821

1735237733
3.64 7.91 23.66 21708

1735237734
3.64 7.91 23.66 38703

1735237735
3.35 7.72 23.51 3244

1735237736
3.35 7.72 23.51 9672

1735237737
2.74 7.46 23.35 15420

1735237738
2.74 7.46 23.35 10569

1735237739
2.42 7.25 23.2 25619

1735237740
2.42 7.25 23.2 10510

1735237741
2.16 7.05 23.05 7982

1735237742
2.16 7.05 23.05 9257

1735237743
1.77 6.81 22.89 4181

1735237744
1.81 6.66 22.75 210309

1735237745
1.81 6.66 22.75 29470

1735237746
1.81 6.66 22.75 7675

1735237747
3.11 6.73 22.65 3774

1735237748
3.11 6.73 22.65 1946

1735237749
2.55 6.51 22.5 32097

1735237750
2.55 6.51 22.5 32432

1735237751
2.63 6.4 22.36 19806

1735237752
2.63 6.4 22.36 16942

1735237753
2.33 6.22 22.22 12613

1735237754
2.33 6.22 22.22 34051

1735237755
2.27 6.08 22.08 72158

1735237756
2.27 6.08 22.08 17176

1735237757
2.58 6.01 21.95 7141

1735237758
2.58 6.01 21.95 12885

1735237759
2.11 5.82 21.8 29937

1735237760
2.11 5.82 21.8 4862

1735237761
1.91 5.66 21.66 41568

1735237762
1.91 5.66 21.66 3459

1735237763
1.93 5.54 21.52 12054

1735237764
1.93 5.54 21.52 27044

1735237765
1.76 5.39 21.38 32777

1735237766
1.76 5.39 21.38 131278

1735237767
2.89 5.47 21.29 91120

1735237768
2.89 5.47 21.29 39093

1735237769
3.45 5.49 21.19 115226

1735237770
3.45 5.49 21.19 45349

1735237771
4.09 5.54 21.09 122213

1735237772
4.09 5.54 21.09 30595

1735237773
4.62 5.59 20.99 20552

1735237774
4.62 5.59 20.99 140933

1735237775
5.23 5.67 20.9 91760

1735237776
5.23 5.67 20.9 17675

1735237777
5.01 5.61 20.79 187636

1735237778
5.01 5.61 20.79 165497

1735237779
7.18 5.99 20.76 169136

1735237780
7.18 5.99 20.76 24904

1735237781
7.51 6.08 20.68 5294

1735237782
7.51 6.08 20.68 43464

1735237783
6.87 6.02 20.57 279551

1735237784
10.52 6.7 20.61 342106

1735237785
10.52 6.7 20.61 184875

1735237786
12.96 7.27 20.64 319362

1735237788
12.96 7.27 20.64 98269

1735237789
11.7 7.23 20.54 56113

1735237790
11.7 7.23 20.54 8778

1735237791
10.12 7.09 20.41 1178

1735237792
10.12 7.09 20.41 8861

1735237793
8.29 6.85 20.28 3308

1735237794
8.29 6.85 20.28 29180

1735237795
6.97 6.66 20.14 1702

1735237796
6.97 6.66 20.14 875

1735237797
5.7 6.44 20.01 208160

1735237798
7.75 6.79 19.98 159463

1735237801
45.74 14.83 21.44 5865371

1735237805
45.74 14.83 21.44 299152

