1735237246
0.0 0.02 14.39 0

1735237247
0.0 0.02 14.39 0

1735237248
0.0 0.02 14.29 0

1735237249
0.0 0.02 14.29 0

1735237250
0.0 0.02 14.19 0

1735237251
0.0 0.02 14.19 0

1735237252
0.0 0.02 14.1 2013

1735237253
0.0 0.02 14.1 0

1735237254
0.0 0.02 14.0 1605

1735237255
0.0 0.02 14.0 8740

1735237256
0.0 0.02 13.9 936

1735237257
0.0 0.02 13.81 2347

1735237258
0.0 0.02 13.81 0

1735237259
0.0 0.02 13.71 963

1735237260
0.0 0.02 13.71 0

1735237261
0.0 0.02 13.62 2134

1735237262
0.0 0.02 13.62 0

1735237263
0.0 0.02 13.62 5232

1735237264
0.0 0.02 13.52 4795

1735237265
0.0 0.02 13.52 1200

1735237266
0.0 0.02 13.43 0

1735237267
0.0 0.01 13.34 2087

1735237268
0.0 0.01 13.34 1435

1735237269
0.0 0.01 13.25 6886

1735237270
0.0 0.01 13.25 2217

1735237271
0.0 0.01 13.16 0

1735237272
0.0 0.01 13.16 0

1735237273
0.0 0.01 13.07 1727

1735237274
0.0 0.01 13.07 829

1735237275
0.0 0.01 13.07 0

1735237276
0.0 0.01 12.98 0

1735237277
0.0 0.01 12.89 0

1735237278
0.0 0.01 12.89 755

1735237279
0.0 0.01 12.89 1031

1735237281
0.0 0.01 12.8 2847

1735237282
0.0 0.01 12.71 1316

1735237283
0.0 0.01 12.62 2016

1735237284
0.0 0.01 12.62 8

1735237285
0.0 0.01 12.62 0

1735237286
0.0 0.01 12.54 0

1735237287
0.0 0.01 12.54 2

1735237288
0.0 0.01 12.45 0

1735237289
0.0 0.01 12.45 465

1735237290
0.0 0.01 12.37 3

1735237291
0.0 0.01 12.37 16

1735237292
0.0 0.01 12.28 1

1735237293
0.0 0.01 12.28 0

1735237294
0.0 0.01 12.2 4646

1735237295
0.0 0.01 12.2 1830

1735237296
0.0 0.0 12.11 20

1735237297
0.0 0.0 12.11 5435

1735237298
0.0 0.0 12.03 4312

1735237299
0.0 0.0 11.95 1680

1735237300
0.0 0.0 11.95 7

1735237301
0.0 0.0 11.95 5206

1735237302
0.0 0.0 11.87 1571

1735237303
0.0 0.0 11.79 3065

1735237304
0.0 0.0 11.79 1491

1735237305
0.0 0.0 11.79 2165

1735237306
0.0 0.0 11.7 1081

1735237307
0.0 0.0 11.62 4620

1735237308
0.0 0.0 11.62 3341

1735237309
0.0 0.0 11.62 0

1735237310
0.0 0.0 11.54 25794

1735237311
0.0 0.0 11.54 0

1735237312
0.18 0.03 11.47 2444

1735237313
0.18 0.03 11.47 0

1735237314
0.14 0.03 11.39 6867

1735237315
0.14 0.03 11.39 4

1735237316
0.12 0.03 11.32 0

1735237317
0.12 0.03 11.32 0

1735237318
0.09 0.03 11.24 0

1735237319
0.09 0.03 11.24 0

1735237320
0.08 0.03 11.16 0

1735237321
0.08 0.03 11.16 734

1735237322
0.06 0.03 11.08 11

1735237323
0.06 0.03 11.08 11

1735237324
0.05 0.03 11.01 0

1735237325
0.05 0.03 11.01 0

1735237326
0.04 0.02 10.93 1433

1735237327
0.04 0.02 10.93 3177

1735237328
0.03 0.02 10.86 7849

1735237329
0.03 0.02 10.86 0

1735237330
0.02 0.02 10.78 2839

1735237331
0.02 0.02 10.78 3

1735237332
0.02 0.02 10.71 4274

1735237333
0.02 0.02 10.71 10

1735237334
0.01 0.02 10.63 5

1735237335
0.01 0.02 10.63 0

1735237336
0.01 0.02 10.56 4

1735237337
0.01 0.02 10.56 12

1735237338
0.01 0.02 10.49 0

1735237339
0.01 0.02 10.49 7

1735237340
0.0 0.02 10.42 10

1735237341
0.0 0.02 10.42 0

1735237342
0.0 0.02 10.35 0

1735237343
0.0 0.02 10.35 6

1735237344
0.0 0.02 10.28 0

1735237345
0.0 0.02 10.28 0

1735237346
0.0 0.01 10.21 0

1735237348
0.0 0.01 10.14 1937

1735237349
0.0 0.01 10.14 498

1735237350
0.0 0.01 10.07 345

1735237351
0.0 0.01 10.07 0

1735237352
0.0 0.01 10.0 10210

1735237353
0.0 0.01 9.93 0

1735237354
0.0 0.01 9.93 0

1735237355
0.0 0.01 9.93 1536

1735237356
0.0 0.01 9.86 0

1735237357
0.0 0.01 9.86 0

1735237358
0.0 0.01 9.79 0

1735237359
0.0 0.01 9.79 0

1735237360
0.0 0.01 9.72 0

1735237361
0.0 0.01 9.72 0

1735237362
0.0 0.01 9.66 8235

1735237363
0.0 0.01 9.66 1477

1735237364
0.0 0.01 9.59 0

1735237365
0.0 0.01 9.59 2356

1735237366
0.0 0.01 9.53 0

1735237367
0.0 0.01 9.53 0

1735237368
0.0 0.01 9.46 0

1735237369
0.0 0.01 9.46 2

1735237370
0.0 0.01 9.4 0

1735237371
0.0 0.01 9.4 5

1735237372
0.0 0.01 9.33 0

1735237373
0.0 0.01 9.33 8974

1735237374
0.0 0.0 9.27 0

1735237375
0.0 0.0 9.27 0

1735237376
0.0 0.0 9.2 1365

1735237377
0.0 0.0 9.2 0

1735237378
0.0 0.0 9.14 249

1735237379
0.0 0.0 9.14 2971

1735237380
0.0 0.0 9.08 22

1735237381
0.0 0.0 9.08 1125

1735237382
0.0 0.0 9.02 4862

1735237383
0.0 0.0 9.02 2197

1735237384
0.0 0.0 8.95 4

1735237385
0.0 0.0 8.95 8

1735237386
0.0 0.0 8.89 1850

1735237387
0.0 0.0 8.89 0

1735237388
0.0 0.0 8.83 14

1735237389
0.0 0.0 8.83 9603

1735237390
0.0 0.0 8.77 5050

1735237391
0.0 0.0 8.77 10

1735237392
0.0 0.0 8.71 6123

1735237393
0.0 0.0 8.71 4857

1735237394
0.0 0.0 8.65 1696

1735237395
0.0 0.0 8.65 12

1735237396
0.0 0.0 8.59 0

1735237397
0.0 0.0 8.59 0

1735237398
0.0 0.0 8.53 2027

1735237399
0.0 0.0 8.53 0

1735237400
0.0 0.0 8.47 20

1735237401
0.0 0.0 8.47 1765

1735237402
0.0 0.0 8.41 22

1735237403
0.0 0.0 8.41 1259

1735237404
0.0 0.0 8.36 13

1735237405
0.0 0.0 8.36 1383

1735237406
0.0 0.0 8.3 10

1735237407
0.0 0.0 8.3 8

1735237408
0.0 0.0 8.24 13396

1735237409
0.0 0.0 8.24 4

1735237410
0.36 0.06 8.2 59401

1735237411
0.36 0.06 8.2 0

1735237412
0.47 0.09 8.15 0

1735237413
0.47 0.09 8.15 0

1735237414
0.39 0.09 8.09 0

1735237415
0.39 0.09 8.09 3

1735237416
0.31 0.09 8.04 0

1735237417
0.31 0.09 8.04 0

1735237418
0.26 0.08 7.98 0

1735237419
0.26 0.08 7.98 0

1735237420
0.21 0.08 7.93 0

1735237421
0.21 0.08 7.93 10

1735237422
0.17 0.08 7.87 0

1735237423
0.17 0.08 7.87 6

1735237424
0.14 0.07 7.82 0

1735237425
0.14 0.07 7.82 6404

1735237426
0.11 0.07 7.77 0

1735237427
0.11 0.07 7.77 0

1735237428
0.09 0.07 7.71 0

1735237429
0.09 0.07 7.71 0

1735237430
0.07 0.07 7.66 0

1735237431
0.07 0.07 7.66 0

1735237432
0.06 0.06 7.61 5

1735237433
0.06 0.06 7.61 0

1735237434
0.05 0.06 7.55 0

1735237435
0.05 0.06 7.55 1352

1735237436
0.04 0.06 7.5 3415

1735237437
0.04 0.06 7.5 0

1735237438
0.03 0.06 7.45 0

1735237439
0.03 0.06 7.45 0

1735237440
0.02 0.05 7.4 1314

1735237441
0.02 0.05 7.4 0

1735237442
0.02 0.05 7.35 0

1735237443
0.02 0.05 7.35 3

1735237444
0.01 0.05 7.3 4658

1735237445
0.01 0.05 7.3 0

1735237446
0.01 0.05 7.25 11633

1735237447
0.01 0.05 7.25 0

1735237448
0.01 0.05 7.2 10

1735237449
0.01 0.05 7.2 0

1735237450
0.0 0.04 7.15 0

1735237451
0.0 0.04 7.15 0

1735237452
0.0 0.04 7.1 0

1735237453
0.0 0.04 7.1 885

1735237454
0.0 0.04 7.05 0

1735237455
0.0 0.04 7.05 1

1735237456
0.0 0.04 7.0 0

1735237457
0.0 0.04 7.0 4

1735237458
0.0 0.04 6.95 5

1735237459
0.0 0.04 6.95 0

1735237460
0.0 0.04 6.91 11

1735237461
0.0 0.04 6.91 3095

1735237462
0.0 0.03 6.86 34358

1735237463
0.0 0.03 6.86 14484

1735237464
0.36 0.1 6.83 5262

1735237465
0.29 0.09 6.78 7618

1735237466
0.29 0.09 6.78 0

1735237467
0.29 0.09 6.78 0

1735237468
0.24 0.09 6.73 0

1735237469
0.24 0.09 6.73 0

1735237470
0.19 0.09 6.69 13588

1735237471
0.19 0.09 6.69 1844

1735237472
0.16 0.08 6.64 13196

1735237473
0.16 0.08 6.64 16833

1735237474
0.31 0.11 6.6 1505

1735237475
0.25 0.11 6.56 1846

1735237476
0.25 0.11 6.56 408

1735237477
0.21 0.11 6.51 0

1735237478
0.21 0.11 6.51 29458

1735237479
0.21 0.11 6.51 43471

1735237480
1.07 0.27 6.5 34708

1735237481
1.07 0.27 6.5 5706

1735237482
0.88 0.26 6.45 722

1735237483
0.72 0.25 6.41 4935

1735237484
0.72 0.25 6.41 3705

1735237485
0.59 0.24 6.37 5601

1735237486
0.59 0.24 6.37 1527

1735237487
0.48 0.23 6.32 0

1735237488
0.48 0.23 6.32 6

1735237489
0.48 0.23 6.32 665

1735237490
0.39 0.22 6.28 4351

1735237491
0.39 0.22 6.28 0

1735237492
0.32 0.22 6.24 9421

1735237493
0.32 0.22 6.24 1588

1735237494
0.26 0.21 6.19 2798

1735237495
0.21 0.2 6.15 10958

1735237496
0.21 0.2 6.15 9445

1735237497
0.21 0.2 6.15 0

1735237498
0.17 0.19 6.11 8

1735237499
0.17 0.19 6.11 10

1735237500
0.14 0.19 6.07 13815

1735237501
0.14 0.19 6.07 15076

1735237502
0.11 0.18 6.02 2174

1735237503
0.09 0.18 5.98 5031

1735237504
0.09 0.18 5.98 2

1735237505
0.09 0.18 5.98 841

1735237506
0.07 0.17 5.94 9

1735237507
0.07 0.17 5.94 9

1735237508
0.06 0.16 5.9 1127

1735237509
0.06 0.16 5.9 3824

1735237510
0.05 0.16 5.86 5403

1735237511
0.05 0.16 5.86 6604

1735237512
0.22 0.18 5.83 49807

1735237513
0.22 0.18 5.83 1

1735237514
0.36 0.21 5.79 7046

1735237515
0.36 0.21 5.79 1726

1735237516
0.29 0.2 5.75 10367

1735237517
0.29 0.2 5.75 1805

1735237518
0.24 0.2 5.71 13

1735237519
0.24 0.2 5.71 1148

1735237520
0.2 0.19 5.67 14262

1735237521
0.2 0.19 5.67 812

1735237522
0.16 0.18 5.64 5098

1735237523
0.16 0.18 5.64 0

1735237524
0.13 0.18 5.6 2570

1735237525
0.13 0.18 5.6 13475

1735237526
0.29 0.2 5.56 14987

1735237527
0.29 0.2 5.56 27909

1735237528
0.41 0.23 5.53 0

1735237529
0.41 0.23 5.53 8879

1735237530
0.34 0.22 5.5 5030

1735237531
0.34 0.22 5.5 21055

1735237532
0.46 0.25 5.46 3555

1735237533
0.46 0.25 5.46 1856

1735237534
0.37 0.24 5.43 5535

1735237535
0.37 0.24 5.43 1484

1735237536
0.31 0.23 5.39 5546

1735237537
0.31 0.23 5.39 0

1735237538
0.25 0.22 5.35 8

1735237539
0.25 0.22 5.35 22911

1735237540
0.38 0.25 5.32 1068

1735237541
0.38 0.25 5.32 9029

1735237542
0.31 0.24 5.29 2465

1735237543
0.31 0.24 5.29 4058

1735237544
0.26 0.23 5.25 0

1735237545
0.26 0.23 5.25 6659

1735237546
0.21 0.22 5.21 1323

1735237547
0.21 0.22 5.21 839

1735237548
0.17 0.22 5.18 2511

1735237549
0.14 0.21 5.14 13575

1735237550
0.14 0.21 5.14 3838

1735237551
0.14 0.21 5.14 1439

1735237552
0.11 0.2 5.11 2704

1735237553
0.11 0.2 5.11 1307

1735237554
0.09 0.19 5.07 0

1735237556
0.07 0.19 5.04 1738

1735237557
0.07 0.19 5.04 9408

1735237558
0.06 0.18 5.0 0

1735237559
0.06 0.18 5.0 0

1735237560
0.05 0.18 4.97 16

1735237561
0.05 0.18 4.97 5057

1735237562
0.04 0.17 4.93 7071

1735237563
0.04 0.17 4.93 2755

1735237564
0.03 0.16 4.9 5560

1735237565
0.03 0.16 4.9 56

1735237566
0.02 0.16 4.86 2398

1735237567
0.02 0.16 4.86 16

1735237568
0.02 0.15 4.83 25

1735237569
0.02 0.15 4.83 0

1735237570
0.01 0.15 4.8 6480

1735237571
0.01 0.15 4.8 7387

1735237572
0.01 0.14 4.76 7442

1735237573
0.01 0.14 4.76 6408

1735237574
0.01 0.14 4.73 0

1735237575
0.01 0.14 4.73 0

1735237576
0.0 0.13 4.7 0

1735237577
0.0 0.13 4.7 655

1735237578
0.0 0.13 4.67 0

1735237579
0.0 0.13 4.67 0

1735237580
0.0 0.12 4.63 0

1735237581
0.0 0.12 4.63 0

1735237582
0.0 0.12 4.6 0

1735237583
0.0 0.12 4.6 0

1735237584
0.0 0.11 4.57 8

1735237585
0.0 0.11 4.57 2

1735237586
0.0 0.11 4.54 874

1735237587
0.0 0.11 4.54 0

1735237588
0.0 0.11 4.51 0

1735237589
0.0 0.11 4.51 0

1735237590
0.0 0.1 4.48 6975

1735237591
0.0 0.1 4.48 0

1735237592
0.0 0.1 4.45 3926

1735237593
0.0 0.1 4.45 8076

1735237594
0.0 0.09 4.41 31

1735237595
0.0 0.09 4.41 11225

1735237596
0.0 0.09 4.38 6

1735237597
0.0 0.09 4.38 10862

1735237598
0.0 0.09 4.35 1697

1735237599
0.0 0.09 4.35 4715

1735237600
0.0 0.08 4.32 4770

1735237601
0.0 0.08 4.32 0

1735237602
0.0 0.08 4.29 0

1735237603
0.0 0.08 4.29 0

1735237604
0.0 0.08 4.26 0

1735237605
0.0 0.08 4.26 15807

1735237606
0.18 0.11 4.24 14507

1735237607
0.18 0.11 4.24 4387

1735237608
0.14 0.1 4.21 40

1735237609
0.14 0.1 4.21 40

1735237610
0.12 0.1 4.18 15

1735237611
0.12 0.1 4.18 186

1735237612
0.09 0.1 4.15 97

1735237613
0.09 0.1 4.15 0

1735237614
0.08 0.09 4.13 0

1735237615
0.08 0.09 4.13 4293

1735237616
0.06 0.09 4.1 4993

1735237617
0.06 0.09 4.1 10290

1735237618
0.05 0.09 4.07 2998

1735237619
0.05 0.09 4.07 0

1735237620
0.04 0.08 4.04 0

1735237621
0.04 0.08 4.04 1742

1735237622
0.03 0.08 4.01 38

1735237623
0.03 0.08 4.01 0

1735237624
0.02 0.08 3.98 0

1735237625
0.02 0.08 3.98 0

1735237626
0.02 0.07 3.96 0

1735237627
0.02 0.07 3.96 197

1735237628
0.01 0.07 3.93 10611

1735237629
0.01 0.07 3.93 12352

1735237630
0.01 0.07 3.9 3917

1735237631
0.01 0.07 3.9 0

1735237632
0.01 0.07 3.88 3412

1735237633
0.01 0.07 3.88 0

1735237634
0.0 0.06 3.85 3

1735237635
0.0 0.06 3.85 56

1735237636
0.0 0.06 3.82 14

1735237637
0.0 0.06 3.82 101

1735237638
0.0 0.06 3.8 845

1735237639
0.0 0.06 3.8 30185

1735237640
0.18 0.09 3.78 4576

1735237641
0.18 0.09 3.78 797

1735237642
0.15 0.09 3.75 482

1735237643
0.15 0.09 3.75 4036

1735237644
0.12 0.08 3.72 0

1735237645
0.12 0.08 3.72 0

1735237646
0.1 0.08 3.7 1355

1735237647
0.1 0.08 3.7 0

1735237648
0.08 0.08 3.67 2066

1735237649
0.08 0.08 3.67 0

1735237650
0.06 0.07 3.65 0

1735237651
0.06 0.07 3.65 0

1735237652
0.05 0.07 3.62 0

1735237653
0.05 0.07 3.62 0

1735237654
0.04 0.07 3.6 8

1735237655
0.04 0.07 3.6 0

1735237656
0.03 0.07 3.57 0

1735237657
0.03 0.07 3.57 0

1735237658
0.02 0.06 3.55 0

1735237659
0.02 0.06 3.55 2062

1735237660
0.74 0.19 3.55 96930

1735237662
1.15 0.28 3.55 74069

1735237663
1.15 0.28 3.55 22968

1735237664
1.31 0.34 3.54 20228

1735237665
1.31 0.34 3.54 2351

1735237666
1.07 0.33 3.51 0

1735237667
1.07 0.33 3.51 0

1735237668
0.87 0.32 3.49 0

1735237669
0.87 0.32 3.49 0

1735237670
0.71 0.31 3.46 0

1735237671
0.71 0.31 3.46 4

1735237672
0.58 0.3 3.44 0

1735237673
0.58 0.3 3.44 0

1735237674
0.48 0.29 3.42 0

1735237675
0.48 0.29 3.42 0

1735237676
0.39 0.28 3.39 0

1735237677
0.39 0.28 3.39 3

1735237678
0.32 0.27 3.37 0

1735237679
0.32 0.27 3.37 0

1735237680
0.26 0.26 3.35 0

1735237681
0.26 0.26 3.35 0

1735237682
0.21 0.25 3.32 0

1735237683
0.21 0.25 3.32 0

1735237684
0.17 0.24 3.3 0

1735237685
0.17 0.24 3.3 0

1735237686
0.14 0.23 3.28 0

1735237687
0.14 0.23 3.28 0

1735237688
0.11 0.22 3.25 0

1735237689
0.11 0.22 3.25 0

1735237690
0.27 0.25 3.24 22232

1735237691
0.27 0.25 3.24 0

1735237692
0.22 0.24 3.22 0

1735237693
0.22 0.24 3.22 0

1735237694
0.18 0.23 3.19 0

1735237695
0.18 0.23 3.19 0

1735237696
0.15 0.22 3.17 0

1735237697
0.15 0.22 3.17 0

1735237698
0.12 0.22 3.15 0

1735237699
0.12 0.22 3.15 1

1735237700
0.1 0.21 3.13 0

1735237701
0.1 0.21 3.13 0

1735237702
0.08 0.2 3.11 0

1735237703
0.08 0.2 3.11 2

1735237704
0.06 0.2 3.09 0

1735237705
0.06 0.2 3.09 0

1735237706
0.05 0.19 3.06 0

1735237707
0.05 0.19 3.06 0

1735237708
0.04 0.18 3.04 0

1735237709
0.04 0.18 3.04 0

1735237710
0.03 0.18 3.02 0

1735237711
0.03 0.18 3.02 0

1735237712
0.02 0.17 3.0 12

1735237713
0.02 0.17 3.0 0

1735237714
0.02 0.16 2.98 0

1735237715
0.02 0.16 2.98 0

1735237716
0.01 0.16 2.96 0

1735237717
0.01 0.16 2.96 0

1735237718
0.01 0.16 2.96 0

1735237719
0.01 0.15 2.94 0

1735237720
0.01 0.15 2.94 437

1735237721
0.01 0.15 2.92 0

1735237722
0.01 0.15 2.92 0

1735237723
0.01 0.14 2.9 0

1735237724
0.01 0.14 2.9 0

1735237725
0.0 0.14 2.88 0

1735237726
0.0 0.14 2.88 0

1735237727
0.0 0.13 2.86 0

1735237731
0.0 0.12 2.82 0

1735237732
0.0 0.12 2.82 0

1735237733
0.0 0.12 2.8 0

1735237734
0.0 0.12 2.8 0

1735237735
0.0 0.11 2.78 0

1735237736
0.0 0.11 2.78 0

1735237737
0.0 0.11 2.76 0

1735237738
0.0 0.11 2.76 0

1735237739
0.0 0.11 2.74 0

1735237740
0.0 0.11 2.74 0

1735237741
0.0 0.1 2.72 0

1735237742
0.0 0.1 2.72 0

1735237743
0.0 0.1 2.7 0

1735237744
0.0 0.09 2.68 0

1735237745
0.0 0.09 2.68 0

1735237746
0.0 0.09 2.68 0

1735237747
0.0 0.09 2.67 0

1735237748
0.0 0.09 2.67 0

1735237749
0.0 0.09 2.65 0

1735237750
0.0 0.09 2.65 0

1735237751
0.0 0.08 2.63 0

1735237752
0.0 0.08 2.63 0

1735237753
0.0 0.08 2.61 0

1735237754
0.0 0.08 2.61 0

1735237755
0.0 0.08 2.59 0

1735237756
0.0 0.08 2.59 0

1735237757
0.0 0.08 2.58 0

1735237758
0.0 0.08 2.58 0

1735237759
0.0 0.07 2.56 0

1735237760
0.0 0.07 2.56 0

1735237761
0.0 0.07 2.54 0

1735237762
0.0 0.07 2.54 0

1735237763
0.0 0.07 2.52 0

1735237764
0.0 0.07 2.52 0

1735237765
0.0 0.06 2.5 0

1735237766
0.0 0.06 2.5 0

1735237767
0.0 0.06 2.49 10

1735237768
0.0 0.06 2.49 0

1735237769
0.0 0.06 2.47 7

1735237770
0.0 0.06 2.47 0

1735237771
0.0 0.06 2.45 0

1735237772
0.0 0.06 2.45 7

1735237773
0.0 0.05 2.44 5

1735237774
0.0 0.05 2.44 0

1735237775
0.0 0.05 2.42 0

1735237776
0.0 0.05 2.42 0

1735237777
0.0 0.05 2.4 0

1735237778
0.0 0.05 2.4 0

1735237779
0.0 0.05 2.39 0

1735237780
0.0 0.05 2.39 0

1735237781
0.0 0.05 2.37 0

1735237782
0.0 0.05 2.37 0

1735237783
0.0 0.04 2.35 0

1735237784
0.0 0.04 2.34 0

1735237785
0.0 0.04 2.34 18734

1735237786
0.36 0.11 2.33 49704

1735237788
0.36 0.11 2.33 34167

1735237789
0.65 0.17 2.33 0

1735237790
0.65 0.17 2.33 1579

1735237791
0.53 0.16 2.31 0

1735237792
0.53 0.16 2.31 533

1735237793
0.44 0.16 2.3 461

1735237794
0.44 0.16 2.3 7297

1735237795
0.36 0.15 2.28 3327

1735237796
0.36 0.15 2.28 0

1735237797
0.29 0.15 2.27 9170

1735237798
0.6 0.21 2.26 36588

1735237801
36.82 7.8 3.85 5191721

1735237805
36.82 7.8 3.85 252909

