1735166434
/dev/sda1: 24994312192
overlay: 24994312192

1735166435
/dev/sda1: 24995872768
overlay: 24995872768

1735166437
/dev/sda1: 25004019712
overlay: 25004019712

1735166438
/dev/sda1: 25017380864
overlay: 25017380864

1735166439
/dev/sda1: 25045000192
overlay: 25045000192

1735166440
/dev/sda1: 25064931328
overlay: 25064931328

1735166441
/dev/sda1: 25071116288
overlay: 25071116288

1735166442
/dev/sda1: 25105010688
overlay: 25105010688

1735166443
/dev/sda1: 25113870336
overlay: 25113870336

1735166444
/dev/sda1: 25120239616
overlay: 25120239616

1735166445
/dev/sda1: 25127956480
overlay: 25127956480

1735166446
/dev/sda1: 25135349760
overlay: 25135349760

1735166447
/dev/sda1: 25164980224
overlay: 25164984320

1735166448
/dev/sda1: 25285218304
overlay: 25285218304

1735166449
/dev/sda1: 25325961216
overlay: 25325961216

1735166451
/dev/sda1: 25361473536
overlay: 25361473536

1735166452
/dev/sda1: 25377288192
overlay: 25377288192

1735166454
/dev/sda1: 25398296576
overlay: 25398296576

1735166455
/dev/sda1: 25410699264
overlay: 25410699264

1735166456
/dev/sda1: 25422622720
overlay: 25422622720

1735166457
/dev/sda1: 25506848768
overlay: 25506848768

1735166458
/dev/sda1: 25563062272
overlay: 25563070464

1735166460
/dev/sda1: 25655492608
overlay: 25655492608

1735166461
/dev/sda1: 25700261888
overlay: 25700261888

1735166463
/dev/sda1: 25768714240
overlay: 25768714240

1735166465
/dev/sda1: 25900236800
overlay: 25900236800

1735166467
/dev/sda1: 25951293440
overlay: 25951293440

1735166468
/dev/sda1: 25992826880
overlay: 25992826880

1735166470
/dev/sda1: 26059583488
overlay: 26059587584

1735166473
/dev/sda1: 26141614080
overlay: 26141614080

1735166474
/dev/sda1: 26187812864
overlay: 26187812864

1735166476
/dev/sda1: 26241069056
overlay: 26241069056

1735166477
/dev/sda1: 26261901312
overlay: 26261905408

1735166478
/dev/sda1: 26269458432
overlay: 26269458432

1735166480
/dev/sda1: 26302918656
overlay: 26302918656

1735166481
/dev/sda1: 26317692928
overlay: 26317692928

1735166483
/dev/sda1: 26343575552
overlay: 26343575552

1735166484
/dev/sda1: 26356523008
overlay: 26356523008

1735166486
/dev/sda1: 26407452672
overlay: 26407452672

1735166488
/dev/sda1: 26583539712
overlay: 26583539712

1735166490
/dev/sda1: 26671591424
overlay: 26671591424

1735166492
/dev/sda1: 26718273536
overlay: 26718273536

1735166493
/dev/sda1: 26726948864
overlay: 26726948864

1735166495
/dev/sda1: 26743242752
overlay: 26743242752

1735166496
/dev/sda1: 26752978944
overlay: 26752978944

1735166498
/dev/sda1: 26776137728
overlay: 26776137728

1735166499
/dev/sda1: 26785480704
overlay: 26785476608

1735166500
/dev/sda1: 26791251968
overlay: 26791251968

1735166501
/dev/sda1: 26805497856
overlay: 26805497856

1735166503
/dev/sda1: 26814402560
overlay: 26814402560

1735166505
/dev/sda1: 26904162304
overlay: 26904162304

1735166506
/dev/sda1: 27006619648
overlay: 27006619648

1735166507
/dev/sda1: 27078537216
overlay: 27078537216

1735166509
/dev/sda1: 27087654912
overlay: 27087654912

1735166511
/dev/sda1: 27089309696
overlay: 27089309696

1735166512
/dev/sda1: 27091054592
overlay: 27091054592

1735166513
/dev/sda1: 27101716480
overlay: 27101716480

1735166515
/dev/sda1: 27120607232
overlay: 27120607232

1735166516
/dev/sda1: 27123466240
overlay: 27123466240

1735166517
/dev/sda1: 27125231616
overlay: 27125231616

1735166518
/dev/sda1: 27134664704
overlay: 27134664704

1735166519
/dev/sda1: 27149561856
overlay: 27149565952

1735166520
/dev/sda1: 27162382336
overlay: 27162382336

1735166521
/dev/sda1: 27164725248
overlay: 27164725248

1735166522
/dev/sda1: 27166490624
overlay: 27166490624

1735166523
/dev/sda1: 27182522368
overlay: 27182522368

1735166525
/dev/sda1: 27235012608
overlay: 27235012608

1735166526
/dev/sda1: 27328450560
overlay: 27328450560

1735166528
/dev/sda1: 27368525824
overlay: 27368525824

1735166530
/dev/sda1: 27397488640
overlay: 27397488640

1735166531
/dev/sda1: 27474579456
overlay: 27474579456

1735166533
/dev/sda1: 27516682240
overlay: 27516678144

1735166535
/dev/sda1: 27523219456
overlay: 27523219456

1735166536
/dev/sda1: 27528101888
overlay: 27528101888

1735166537
/dev/sda1: 27552329728
overlay: 27552329728

1735166538
/dev/sda1: 27556347904
overlay: 27556343808

1735166540
/dev/sda1: 27575521280
overlay: 27575521280

1735166542
/dev/sda1: 27595821056
overlay: 27595821056

1735166544
/dev/sda1: 27617402880
overlay: 27617402880

1735166545
/dev/sda1: 27621580800
overlay: 27621580800

1735166546
/dev/sda1: 27626721280
overlay: 27626721280

1735166547
/dev/sda1: 27635064832
overlay: 27635064832

1735166548
/dev/sda1: 27644272640
overlay: 27644272640

1735166549
/dev/sda1: 27654238208
overlay: 27654238208

1735166550
/dev/sda1: 27664330752
overlay: 27664330752

1735166551
/dev/sda1: 27688259584
overlay: 27688259584

1735166552
/dev/sda1: 27781173248
overlay: 27781173248

1735166554
/dev/sda1: 27824513024
overlay: 27824513024

1735166555
/dev/sda1: 27832492032
overlay: 27832492032

1735166557
/dev/sda1: 27843739648
overlay: 27843739648

1735166558
/dev/sda1: 27847675904
overlay: 27847675904

1735166560
/dev/sda1: 27857244160
overlay: 27857244160

1735166561
/dev/sda1: 27878678528
overlay: 27878678528

1735166562
/dev/sda1: 27882651648
overlay: 27882651648

1735166563
/dev/sda1: 27904847872
overlay: 27904847872

1735166564
/dev/sda1: 27924541440
overlay: 27924541440

1735166565
/dev/sda1: 27925528576
overlay: 27925528576

1735166566
/dev/sda1: 27927805952
overlay: 27927805952

1735166567
/dev/sda1: 27936333824
overlay: 27936333824

1735166568
/dev/sda1: 27938656256
overlay: 27938656256

1735166569
/dev/sda1: 27998883840
overlay: 27998887936

1735166570
/dev/sda1: 28002185216
overlay: 28002185216

1735166572
/dev/sda1: 28025278464
overlay: 28025278464

1735166573
/dev/sda1: 28038119424
overlay: 28038119424

1735166575
/dev/sda1: 28068921344
overlay: 28068921344

1735166576
/dev/sda1: 28084264960
overlay: 28084264960

1735166578
/dev/sda1: 28111785984
overlay: 28111785984

1735166579
/dev/sda1: 28138172416
overlay: 28138176512

1735166580
/dev/sda1: 28151005184
overlay: 28151005184

1735166581
/dev/sda1: 28163354624
overlay: 28163354624

1735166582
/dev/sda1: 28177637376
overlay: 28177637376

1735166583
/dev/sda1: 28190523392
overlay: 28190523392

1735166584
/dev/sda1: 28205477888
overlay: 28205477888

1735166585
/dev/sda1: 28226355200
overlay: 28226355200

1735166587
/dev/sda1: 28250574848
overlay: 28250574848

1735166589
/dev/sda1: 28273070080
overlay: 28273070080

1735166591
/dev/sda1: 28297564160
overlay: 28297564160

1735166592
/dev/sda1: 28311175168
overlay: 28311175168

1735166593
/dev/sda1: 28324724736
overlay: 28324724736

1735166594
/dev/sda1: 28337569792
overlay: 28337569792

1735166595
/dev/sda1: 28350566400
overlay: 28350566400

1735166596
/dev/sda1: 28376637440
overlay: 28376637440

1735166597
/dev/sda1: 28415229952
overlay: 28415229952

1735166599
/dev/sda1: 28443566080
overlay: 28443566080

1735166600
/dev/sda1: 28448276480
overlay: 28448276480

1735166601
/dev/sda1: 28454125568
overlay: 28454125568

1735166602
/dev/sda1: 28465324032
overlay: 28465324032

1735166603
/dev/sda1: 28473303040
overlay: 28473303040

1735166605
/dev/sda1: 28538048512
overlay: 28538048512

1735166607
/dev/sda1: 28566274048
overlay: 28566274048

1735166608
/dev/sda1: 28567425024
overlay: 28567425024

1735166609
/dev/sda1: 28568522752
overlay: 28568522752

1735166610
/dev/sda1: 28569677824
overlay: 28569677824

1735166611
/dev/sda1: 28586795008
overlay: 28586795008

1735166612
/dev/sda1: 28597227520
overlay: 28597227520

1735166613
/dev/sda1: 28620238848
overlay: 28620238848

1735166614
/dev/sda1: 28634345472
overlay: 28634345472

1735166616
/dev/sda1: 28657426432
overlay: 28657426432

1735166617
/dev/sda1: 28669726720
overlay: 28669726720

1735166618
/dev/sda1: 28683173888
overlay: 28683173888

1735166620
/dev/sda1: 28707602432
overlay: 28707602432

1735166621
/dev/sda1: 28720259072
overlay: 28720259072

1735166623
/dev/sda1: 28756910080
overlay: 28756910080

1735166625
/dev/sda1: 28783812608
overlay: 28783812608

1735166626
/dev/sda1: 28796334080
overlay: 28796334080

1735166627
/dev/sda1: 28808028160
overlay: 28808028160

1735166628
/dev/sda1: 28822200320
overlay: 28822200320

1735166629
/dev/sda1: 28837052416
overlay: 28837052416

1735166630
/dev/sda1: 28849549312
overlay: 28849549312

1735166631
/dev/sda1: 28853723136
overlay: 28853723136

1735166632
/dev/sda1: 28860014592
overlay: 28860014592

1735166633
/dev/sda1: 28875390976
overlay: 28875390976

1735166634
/dev/sda1: 28888264704
overlay: 28888264704

1735166635
/dev/sda1: 28899852288
overlay: 28899852288

1735166637
/dev/sda1: 28907311104
overlay: 28907311104

1735166638
/dev/sda1: 28910297088
overlay: 28910297088

1735166639
/dev/sda1: 28918919168
overlay: 28918919168

1735166641
/dev/sda1: 28926873600
overlay: 28926873600

1735166642
/dev/sda1: 28932227072
overlay: 28932227072

1735166643
/dev/sda1: 28939096064
overlay: 28939096064

1735166644
/dev/sda1: 28944822272
overlay: 28944822272

1735166645
/dev/sda1: 28951646208
overlay: 28951646208

1735166646
/dev/sda1: 28957597696
overlay: 28957597696

1735166647
/dev/sda1: 28963287040
overlay: 28963287040

1735166648
/dev/sda1: 28969603072
overlay: 28969603072

1735166649
/dev/sda1: 28973293568
overlay: 28973293568

1735166650
/dev/sda1: 28978503680
overlay: 28978503680

1735166651
/dev/sda1: 28982448128
overlay: 28982448128

1735166652
/dev/sda1: 28987801600
overlay: 28987801600

1735166653
/dev/sda1: 28993454080
overlay: 28993454080

1735166654
/dev/sda1: 29000241152
overlay: 29000241152

1735166655
/dev/sda1: 29006434304
overlay: 29006434304

1735166656
/dev/sda1: 29013975040
overlay: 29013975040

1735166657
/dev/sda1: 29021364224
overlay: 29021364224

1735166658
/dev/sda1: 29028831232
overlay: 29028831232

1735166659
/dev/sda1: 29037752320
overlay: 29037752320

1735166660
/dev/sda1: 29046898688
overlay: 29046898688

1735166661
/dev/sda1: 29056139264
overlay: 29056139264

1735166662
/dev/sda1: 29065420800
overlay: 29065420800

1735166663
/dev/sda1: 29073952768
overlay: 29073952768

1735166664
/dev/sda1: 29082378240
overlay: 29082378240

1735166665
/dev/sda1: 29095276544
overlay: 29095276544

1735166666
/dev/sda1: 29095280640
overlay: 29095280640

1735166667
/dev/sda1: 29095759872
overlay: 29095759872

1735166668
/dev/sda1: 29098471424
overlay: 29098471424

1735166669
/dev/sda1: 29141000192
overlay: 29141000192

1735166671
/dev/sda1: 29146791936
overlay: 29146791936

1735166672
/dev/sda1: 29156757504
overlay: 29156757504

1735166673
/dev/sda1: 29169528832
overlay: 29169528832

1735166674
/dev/sda1: 29170282496
overlay: 29170282496

1735166676
/dev/sda1: 29238099968
overlay: 29238099968

1735166677
/dev/sda1: 29320327168
overlay: 29320327168

1735166678
/dev/sda1: 29392224256
overlay: 29392224256

1735166679
/dev/sda1: 29458931712
overlay: 29458931712

1735166682
/dev/sda1: 29543161856
overlay: 29543149568

1735166683
/dev/sda1: 29576228864
overlay: 29576228864

1735166685
/dev/sda1: 29610627072
overlay: 29610627072

1735166686
/dev/sda1: 29665628160
overlay: 29665636352

1735166688
/dev/sda1: 29711114240
overlay: 29711114240

1735166690
/dev/sda1: 29773594624
overlay: 29773594624

1735166692
/dev/sda1: 29839601664
overlay: 29839601664

1735166693
/dev/sda1: 29854412800
overlay: 29854412800

1735166695
/dev/sda1: 29928460288
overlay: 29928460288

1735166696
/dev/sda1: 29972893696
overlay: 29972897792

1735166698
/dev/sda1: 30016131072
overlay: 30016131072

1735166700
/dev/sda1: 30080376832
overlay: 30080380928

1735166701
/dev/sda1: 30100070400
overlay: 30100070400

1735166703
/dev/sda1: 30126702592
overlay: 30126702592

1735166706
/dev/sda1: 30166962176
overlay: 30166958080

1735166707
/dev/sda1: 30196998144
overlay: 30196998144

1735166709
/dev/sda1: 30229630976
overlay: 30229630976

1735166710
/dev/sda1: 30256672768
overlay: 30256672768

1735166712
/dev/sda1: 30297100288
overlay: 30297100288

1735166714
/dev/sda1: 30322270208
overlay: 30322270208

1735166715
/dev/sda1: 30366130176
overlay: 30366126080

1735166716
/dev/sda1: 30392336384
overlay: 30392344576

1735166718
/dev/sda1: 30445281280
overlay: 30445281280

1735166719
/dev/sda1: 30483161088
overlay: 30483161088

1735166721
/dev/sda1: 30521167872
overlay: 30521167872

1735166724
/dev/sda1: 30557868032
overlay: 30557868032

1735166725
/dev/sda1: 30609776640
overlay: 30609784832

1735166727
/dev/sda1: 30664282112
overlay: 30664282112

1735166729
/dev/sda1: 30694809600
overlay: 30694809600

1735166731
/dev/sda1: 30739759104
overlay: 30739763200

1735166732
/dev/sda1: 30801989632
overlay: 30801989632

1735166734
/dev/sda1: 30844317696
overlay: 30844317696

1735166735
/dev/sda1: 30872514560
overlay: 30872514560

1735166737
/dev/sda1: 30922584064
overlay: 30922584064

1735166739
/dev/sda1: 30939148288
overlay: 30939148288

1735166740
/dev/sda1: 30993563648
overlay: 30993563648

1735166743
/dev/sda1: 31067365376
overlay: 31067365376

1735166744
/dev/sda1: 31121100800
overlay: 31121100800

1735166746
/dev/sda1: 31176896512
overlay: 31176896512

1735166747
/dev/sda1: 31236222976
overlay: 31236222976

1735166750
/dev/sda1: 31319785472
overlay: 31319785472

1735166751
/dev/sda1: 31374663680
overlay: 31374663680

1735166754
/dev/sda1: 31411970048
overlay: 31411970048

1735166757
/dev/sda1: 31486562304
overlay: 31486562304

1735166759
/dev/sda1: 31554449408
overlay: 31554449408

1735166761
/dev/sda1: 31600361472
overlay: 31600361472

1735166762
/dev/sda1: 31638065152
overlay: 31638065152

1735166763
/dev/sda1: 31667724288
overlay: 31667724288

1735166765
/dev/sda1: 31723438080
overlay: 31723438080

1735166767
/dev/sda1: 31767355392
overlay: 31767355392

1735166768
/dev/sda1: 31820324864
overlay: 31820324864

1735166770
/dev/sda1: 31867273216
overlay: 31867273216

1735166771
/dev/sda1: 31904346112
overlay: 31904346112

1735166773
/dev/sda1: 31934861312
overlay: 31934861312

1735166774
/dev/sda1: 31937404928
overlay: 31937404928

1735166776
/dev/sda1: 31937732608
overlay: 31937732608

1735166777
/dev/sda1: 31944761344
overlay: 31944761344

1735166779
/dev/sda1: 31952392192
overlay: 31952392192

1735166780
/dev/sda1: 31955136512
overlay: 31955136512

1735166781
/dev/sda1: 31959801856
overlay: 31959801856

1735166782
/dev/sda1: 31959773184
overlay: 31959773184

1735166784
/dev/sda1: 31961636864
overlay: 31961636864

1735166785
/dev/sda1: 31962464256
overlay: 31962464256

1735166786
/dev/sda1: 31963152384
overlay: 31963152384

1735166787
/dev/sda1: 31963971584
overlay: 31963971584

1735166789
/dev/sda1: 31964962816
overlay: 31964962816

1735166790
/dev/sda1: 31967956992
overlay: 31967956992

1735166792
/dev/sda1: 31968362496
overlay: 31968362496

1735166794
/dev/sda1: 31969943552
overlay: 31969943552

1735166796
/dev/sda1: 32013885440
overlay: 32013885440

1735166797
/dev/sda1: 32015286272
overlay: 32015286272

1735166798
/dev/sda1: 32016715776
overlay: 32016715776

1735166799
/dev/sda1: 32063860736
overlay: 32063860736

1735166801
/dev/sda1: 32170352640
overlay: 32170352640

1735166802
/dev/sda1: 32187785216
overlay: 32187785216

1735166803
/dev/sda1: 32204087296
overlay: 32204087296

1735166805
/dev/sda1: 32218714112
overlay: 32218714112

1735166806
/dev/sda1: 32219201536
overlay: 32219201536

1735166807
/dev/sda1: 32219553792
overlay: 32219557888

1735166809
/dev/sda1: 32221114368
overlay: 32221114368

1735166810
/dev/sda1: 32225169408
overlay: 32225169408

1735166812
/dev/sda1: 32228954112
overlay: 32228954112

1735166813
/dev/sda1: 32231301120
overlay: 32231301120

1735166814
/dev/sda1: 32235487232
overlay: 32235487232

1735166815
/dev/sda1: 32235077632
overlay: 32235077632

1735166816
/dev/sda1: 32235909120
overlay: 32235909120

1735166817
/dev/sda1: 32237539328
overlay: 32237539328

1735166818
/dev/sda1: 32242180096
overlay: 32242180096

1735166819
/dev/sda1: 32243089408
overlay: 32243089408

1735166820
/dev/sda1: 32244383744
overlay: 32244383744

1735166821
/dev/sda1: 32244756480
overlay: 32244756480

1735166822
/dev/sda1: 32248774656
overlay: 32248774656

1735166823
/dev/sda1: 32249901056
overlay: 32249901056

1735166824
/dev/sda1: 32252567552
overlay: 32252567552

1735166825
/dev/sda1: 32255586304
overlay: 32255586304

1735166826
/dev/sda1: 32256552960
overlay: 32256552960

1735166827
/dev/sda1: 32257032192
overlay: 32257032192

1735166828
/dev/sda1: 32258277376
overlay: 32258277376

1735166829
/dev/sda1: 32258592768
overlay: 32258592768

1735166830
/dev/sda1: 32258961408
overlay: 32258961408

1735166831
/dev/sda1: 32259432448
overlay: 32259432448

1735166832
/dev/sda1: 32265433088
overlay: 32265433088

1735166833
/dev/sda1: 32285515776
overlay: 32285515776

1735166834
/dev/sda1: 32307036160
overlay: 32307036160

1735166835
/dev/sda1: 32326004736
overlay: 32326004736

1735166836
/dev/sda1: 32342863872
overlay: 32342863872

1735166837
/dev/sda1: 32361086976
overlay: 32361086976

1735166838
/dev/sda1: 32382472192
overlay: 32382472192

1735166839
/dev/sda1: 32385490944
overlay: 32385490944

1735166841
/dev/sda1: 32388464640
overlay: 32388464640

1735166842
/dev/sda1: 32388767744
overlay: 32388767744

1735166844
/dev/sda1: 32389079040
overlay: 32389054464

1735166845
/dev/sda1: 32389394432
overlay: 32389394432

1735166847
/dev/sda1: 32390828032
overlay: 32390828032

1735166848
/dev/sda1: 32391368704
overlay: 32391368704

1735166849
/dev/sda1: 32391675904
overlay: 32391675904

1735166850
/dev/sda1: 32391901184
overlay: 32391901184

1735166851
/dev/sda1: 32392040448
overlay: 32392040448

1735166852
/dev/sda1: 32392417280
overlay: 32392417280

1735166853
/dev/sda1: 32392830976
overlay: 32392830976

1735166854
/dev/sda1: 32393089024
overlay: 32393089024

1735166855
/dev/sda1: 32393252864
overlay: 32393252864

1735166856
/dev/sda1: 32393363456
overlay: 32393363456

1735166857
/dev/sda1: 32395546624
overlay: 32395546624

1735166858
/dev/sda1: 32395894784
overlay: 32395894784

1735166859
/dev/sda1: 32398811136
overlay: 32398811136

1735166860
/dev/sda1: 32395730944
overlay: 32395730944

1735166861
/dev/sda1: 32395776000
overlay: 32395776000

1735166862
/dev/sda1: 32397099008
overlay: 32397099008

1735166863
/dev/sda1: 32396976128
overlay: 32396976128

1735166864
/dev/sda1: 32397873152
overlay: 32397873152

1735166865
/dev/sda1: 32400834560
overlay: 32400834560

1735166866
/dev/sda1: 32404238336
overlay: 32404238336

1735166867
/dev/sda1: 32404652032
overlay: 32404652032

1735166868
/dev/sda1: 32405475328
overlay: 32405475328

1735166869
/dev/sda1: 32405991424
overlay: 32405991424

1735166870
/dev/sda1: 32406134784
overlay: 32406134784

1735166871
/dev/sda1: 32408338432
overlay: 32408338432

1735166872
/dev/sda1: 32409583616
overlay: 32409583616

1735166873
/dev/sda1: 32409112576
overlay: 32409112576

1735166874
/dev/sda1: 32410112000
overlay: 32410112000

1735166875
/dev/sda1: 32410521600
overlay: 32410521600

1735166876
/dev/sda1: 32410787840
overlay: 32410787840

1735166877
/dev/sda1: 32410980352
overlay: 32410980352

1735166878
/dev/sda1: 32411533312
overlay: 32411533312

1735166879
/dev/sda1: 32412557312
overlay: 32412557312

1735166880
/dev/sda1: 32412315648
overlay: 32412315648

1735166881
/dev/sda1: 32411779072
overlay: 32411779072

1735166882
/dev/sda1: 32412397568
overlay: 32412397568

1735166883
/dev/sda1: 32412151808
overlay: 32412151808

1735166884
/dev/sda1: 32413163520
overlay: 32413163520

1735166885
/dev/sda1: 32414609408
overlay: 32414609408

1735166886
/dev/sda1: 32415887360
overlay: 32415887360

1735166887
/dev/sda1: 32416878592
overlay: 32416878592

1735166888
/dev/sda1: 32417280000
overlay: 32417280000

1735166889
/dev/sda1: 32421679104
overlay: 32421679104

1735166890
/dev/sda1: 32423182336
overlay: 32423182336

1735166891
/dev/sda1: 32429539328
overlay: 32429539328

1735166892
/dev/sda1: 32430919680
overlay: 32430919680

1735166893
/dev/sda1: 32431374336
overlay: 32431374336

1735166894
/dev/sda1: 32431992832
overlay: 32431992832

1735166895
/dev/sda1: 32432295936
overlay: 32432295936

1735166896
/dev/sda1: 32432513024
overlay: 32432513024

1735166897
/dev/sda1: 32433176576
overlay: 32433176576

1735166898
/dev/sda1: 32434761728
overlay: 32434761728

1735166899
/dev/sda1: 32435265536
overlay: 32435265536

1735166900
/dev/sda1: 32438755328
overlay: 32438755328

1735166901
/dev/sda1: 32441110528
overlay: 32441110528

1735166902
/dev/sda1: 32442728448
overlay: 32442728448

1735166903
/dev/sda1: 32444850176
overlay: 32444850176

1735166904
/dev/sda1: 32446369792
overlay: 32446369792

1735166905
/dev/sda1: 32447893504
overlay: 32447893504

1735166906
/dev/sda1: 32450301952
overlay: 32450301952

1735166907
/dev/sda1: 32452198400
overlay: 32452198400

1735166908
/dev/sda1: 32453066752
overlay: 32453066752

1735166909
/dev/sda1: 32454017024
overlay: 32454017024

1735166911
/dev/sda1: 32456560640
overlay: 32456560640

1735166912
/dev/sda1: 32457629696
overlay: 32457629696

1735166913
/dev/sda1: 32461156352
overlay: 32461156352

1735166914
/dev/sda1: 32462729216
overlay: 32462729216

1735166915
/dev/sda1: 32467234816
overlay: 32467234816

1735166916
/dev/sda1: 32470077440
overlay: 32470077440

1735166917
/dev/sda1: 32470753280
overlay: 32470753280

1735166918
/dev/sda1: 32464261120
overlay: 32464261120

1735166920
/dev/sda1: 32466022400
overlay: 32466022400

1735166921
/dev/sda1: 32467685376
overlay: 32467685376

1735166922
/dev/sda1: 32472215552
overlay: 32472215552

1735166923
/dev/sda1: 32472768512
overlay: 32472768512

1735166924
/dev/sda1: 32477102080
overlay: 32477102080

1735166925
/dev/sda1: 32539648000
overlay: 32539648000

1735166926
/dev/sda1: 32542679040
overlay: 32542679040

1735166927
/dev/sda1: 32546627584
overlay: 32546627584

1735166928
/dev/sda1: 32549646336
overlay: 32549646336

1735166929
/dev/sda1: 32551325696
overlay: 32551325696

1735166930
/dev/sda1: 32552742912
overlay: 32552742912

1735166931
/dev/sda1: 32556249088
overlay: 32556249088

1735166932
/dev/sda1: 32558002176
overlay: 32558002176

1735166933
/dev/sda1: 32573337600
overlay: 32573337600

1735166934
/dev/sda1: 32574603264
overlay: 32574603264

1735166935
/dev/sda1: 32576299008
overlay: 32576299008

1735166936
/dev/sda1: 32580530176
overlay: 32580530176

1735166937
/dev/sda1: 32580927488
overlay: 32580927488

1735166938
/dev/sda1: 32586887168
overlay: 32586887168

1735166939
/dev/sda1: 32596676608
overlay: 32596676608

1735166940
/dev/sda1: 32601083904
overlay: 32601083904

1735166941
/dev/sda1: 32604430336
overlay: 32604430336

1735166942
/dev/sda1: 32616251392
overlay: 32616251392

1735166943
/dev/sda1: 32617500672
overlay: 32617500672

1735166944
/dev/sda1: 32623284224
overlay: 32623284224

1735166946
/dev/sda1: 32626102272
overlay: 32626102272

1735166947
/dev/sda1: 32626806784
overlay: 32626806784

1735166948
/dev/sda1: 32628928512
overlay: 32628928512

1735166950
/dev/sda1: 32632754176
overlay: 32632754176

1735166951
/dev/sda1: 32633720832
overlay: 32633724928

1735166953
/dev/sda1: 32655773696
overlay: 32655773696

1735166955
/dev/sda1: 32660746240
overlay: 32660746240

1735166956
/dev/sda1: 32660938752
overlay: 32660938752

1735166957
/dev/sda1: 32663912448
overlay: 32663912448

1735166958
/dev/sda1: 32669769728
overlay: 32669769728

1735166959
/dev/sda1: 32669589504
overlay: 32669589504

1735166960
/dev/sda1: 32667820032
overlay: 32667820032

1735166961
/dev/sda1: 32668704768
overlay: 32668704768

1735166962
/dev/sda1: 32669642752
overlay: 32669642752

1735166963
/dev/sda1: 32669507584
overlay: 32669507584

1735166964
/dev/sda1: 32668569600
overlay: 32668569600

1735166965
/dev/sda1: 32674172928
overlay: 32674172928

1735166967
/dev/sda1: 32661770240
overlay: 32661770240

1735166968
/dev/sda1: 32681762816
overlay: 32681762816

1735166969
/dev/sda1: 32685006848
overlay: 32685006848

1735166970
/dev/sda1: 32697810944
overlay: 32697810944

1735166971
/dev/sda1: 32698331136
overlay: 32698331136

1735166972
/dev/sda1: 32700563456
overlay: 32700563456

1735166973
/dev/sda1: 32701149184
overlay: 32701149184

1735166974
/dev/sda1: 32701403136
overlay: 32701403136

1735166975
/dev/sda1: 32701624320
overlay: 32701624320

1735166976
/dev/sda1: 32702431232
overlay: 32702431232

1735166977
/dev/sda1: 32704663552
overlay: 32704663552

1735166978
/dev/sda1: 32707751936
overlay: 32707751936

1735166979
/dev/sda1: 32709537792
overlay: 32709537792

1735166980
/dev/sda1: 32711151616
overlay: 32711151616

1735166981
/dev/sda1: 32712683520
overlay: 32712683520

1735166982
/dev/sda1: 32714117120
overlay: 32714117120

1735166983
/dev/sda1: 32713543680
overlay: 32713543680

1735166985
/dev/sda1: 32716877824
overlay: 32716877824

1735166986
/dev/sda1: 32719126528
overlay: 32719126528

1735166987
/dev/sda1: 32719872000
overlay: 32719872000

1735166988
/dev/sda1: 32720900096
overlay: 32720900096

1735166990
/dev/sda1: 32721981440
overlay: 32721981440

1735166991
/dev/sda1: 32723775488
overlay: 32723775488

1735166992
/dev/sda1: 32724553728
overlay: 32724553728

1735166993
/dev/sda1: 32724774912
overlay: 32724774912

1735166994
/dev/sda1: 32725245952
overlay: 32725245952

1735166996
/dev/sda1: 32726859776
overlay: 32726859776

1735166997
/dev/sda1: 32727216128
overlay: 32727216128

1735166998
/dev/sda1: 32727482368
overlay: 32727482368

1735166999
/dev/sda1: 32729391104
overlay: 32729391104

1735167000
/dev/sda1: 32729587712
overlay: 32729587712

1735167001
/dev/sda1: 32729849856
overlay: 32729849856

1735167002
/dev/sda1: 32729993216
overlay: 32729993216

1735167003
/dev/sda1: 32730230784
overlay: 32730230784

1735167004
/dev/sda1: 32730419200
overlay: 32730419200

1735167005
/dev/sda1: 32730918912
overlay: 32730918912

1735167006
/dev/sda1: 32731541504
overlay: 32731541504

1735167007
/dev/sda1: 32732839936
overlay: 32732839936

1735167008
/dev/sda1: 32733200384
overlay: 32733200384

1735167009
/dev/sda1: 32733388800
overlay: 32733388800

1735167010
/dev/sda1: 32734081024
overlay: 32734081024

1735167011
/dev/sda1: 32734351360
overlay: 32734355456

1735167012
/dev/sda1: 32734994432
overlay: 32734994432

1735167013
/dev/sda1: 32735690752
overlay: 32735690752

1735167014
/dev/sda1: 32736055296
overlay: 32736055296

1735167015
/dev/sda1: 32736956416
overlay: 32736956416

1735167016
/dev/sda1: 32737546240
overlay: 32737546240

1735167017
/dev/sda1: 32738430976
overlay: 32738430976

1735167018
/dev/sda1: 32738545664
overlay: 32738545664

1735167019
/dev/sda1: 32738340864
overlay: 32738340864

1735167020
/dev/sda1: 32738877440
overlay: 32738877440

1735167021
/dev/sda1: 32741122048
overlay: 32741122048

1735167022
/dev/sda1: 32742297600
overlay: 32742297600

1735167023
/dev/sda1: 32742326272
overlay: 32742326272

