1735166434
eth0: 122410419 2825408 0 0
lo: 0 0 0 0

1735166435
eth0: 122410419 2825408 0 0
lo: 0 0 0 0

1735166436
eth0: 122980058 2850684 569639 25276
lo: 0 0 0 0

1735166437
eth0: 127676837 2959082 4696779 108398
lo: 0 0 0 0

1735166438
eth0: 132839228 3077782 5162391 118700
lo: 0 0 0 0

1735166439
eth0: 138795573 3211667 5956345 133885
lo: 0 0 0 0

1735166440
eth0: 142022613 3283281 3227040 71614
lo: 0 0 0 0

1735166441
eth0: 146016473 3376757 3993860 93476
lo: 0 0 0 0

1735166442
eth0: 154735845 3557306 8719372 180549
lo: 0 0 0 0

1735166443
eth0: 160551453 3684972 5815608 127666
lo: 0 0 0 0

1735166444
eth0: 165936082 3809118 5384629 124146
lo: 0 0 0 0

1735166445
eth0: 171766221 3938086 5830139 128968
lo: 0 0 0 0

1735166446
eth0: 174026364 3988790 2260143 50704
lo: 0 0 0 0

1735166447
eth0: 174042531 3990558 16167 1768
lo: 0 0 0 0

1735166448
eth0: 178013146 4082407 3970615 91849
lo: 0 0 0 0

1735166449
eth0: 178907808 4102346 894662 19939
lo: 0 0 0 0

1735166450
eth0: 188723160 4290329 9815352 187983
lo: 0 0 0 0

1735166451
eth0: 200648125 4541190 11924965 250861
lo: 0 0 0 0

1735166452
eth0: 212435112 4781566 11786987 240376
lo: 0 0 0 0

1735166453
eth0: 224406722 5038011 11971610 256445
lo: 0 0 0 0

1735166454
eth0: 236230307 5296628 11823585 258617
lo: 0 0 0 0

1735166455
eth0: 248325971 5553326 12095664 256698
lo: 0 0 0 0

1735166456
eth0: 260425704 5855917 12099733 302591
lo: 0 0 0 0

1735166457
eth0: 269697682 6071436 9271978 215519
lo: 0 0 0 0

1735166458
eth0: 279659265 6280392 9961583 208956
lo: 0 0 0 0

1735166460
eth0: 296821495 6683520 17162230 403128
lo: 0 0 0 0

1735166461
eth0: 311165007 7007634 14343512 324114
lo: 0 0 0 0

1735166462
eth0: 323247054 7272855 12082047 265221
lo: 0 0 0 0

1735166463
eth0: 338291784 7595463 15044730 322608
lo: 0 0 0 0

1735166464
eth0: 347288348 7782061 8996564 186598
lo: 0 0 0 0

1735166465
eth0: 357394753 8005723 10106405 223662
lo: 0 0 0 0

1735166466
eth0: 366814231 8213629 9419478 207906
lo: 0 0 0 0

1735166467
eth0: 377649315 8449159 10835084 235530
lo: 0 0 0 0

1735166468
eth0: 393680079 8795899 16030764 346740
lo: 0 0 0 0

1735166469
eth0: 399413613 8911363 5733534 115464
lo: 0 0 0 0

1735166470
eth0: 411509439 9168691 12095826 257328
lo: 0 0 0 0

1735166471
eth0: 423612411 9425855 12102972 257164
lo: 0 0 0 0

1735166472
eth0: 436494446 9701699 12882035 275844
lo: 0 0 0 0

1735166473
eth0: 447598755 9936305 11104309 234606
lo: 0 0 0 0

1735166474
eth0: 459704334 10198067 12105579 261762
lo: 0 0 0 0

1735166475
eth0: 471799810 10458223 12095476 260156
lo: 0 0 0 0

1735166476
eth0: 483892036 10711865 12092226 253642
lo: 0 0 0 0

1735166477
eth0: 493556187 10911431 9664151 199566
lo: 0 0 0 0

1735166478
eth0: 497385539 10997645 3829352 86214
lo: 0 0 0 0

1735166479
eth0: 501631307 11090877 4245768 93232
lo: 0 0 0 0

1735166480
eth0: 510054543 11279630 8423236 188753
lo: 0 0 0 0

1735166481
eth0: 522153363 11534012 12098820 254382
lo: 0 0 0 0

1735166482
eth0: 535934748 11821844 13781385 287832
lo: 0 0 0 0

1735166483
eth0: 545934897 12032714 10000149 210870
lo: 0 0 0 0

1735166484
eth0: 556979303 12259292 11044406 226578
lo: 0 0 0 0

1735166485
eth0: 565647012 12444752 8667709 185460
lo: 0 0 0 0

1735166486
eth0: 567215193 12481842 1568181 37090
lo: 0 0 0 0

1735166487
eth0: 569483605 12532992 2268412 51150
lo: 0 0 0 0

1735166488
eth0: 571745268 12582888 2261663 49896
lo: 0 0 0 0

1735166489
eth0: 573494802 12623892 1749534 41004
lo: 0 0 0 0

1735166490
eth0: 574934564 12657318 1439762 33426
lo: 0 0 0 0

1735166491
eth0: 576471257 12695853 1536693 38535
lo: 0 0 0 0

1735166492
eth0: 580569646 12794893 4098389 99040
lo: 0 0 0 0

1735166493
eth0: 589104498 12979363 8534852 184470
lo: 0 0 0 0

1735166494
eth0: 596093612 13134205 6989114 154842
lo: 0 0 0 0

1735166495
eth0: 602340107 13275985 6246495 141780
lo: 0 0 0 0

1735166496
eth0: 610695138 13460254 8355031 184269
lo: 0 0 0 0

1735166497
eth0: 622806115 13717423 12110977 257169
lo: 0 0 0 0

1735166498
eth0: 634896390 13968795 12090275 251372
lo: 0 0 0 0

1735166499
eth0: 644790549 14182310 9894159 213515
lo: 0 0 0 0

1735166500
eth0: 650048240 14302525 5257691 120215
lo: 0 0 0 0

1735166501
eth0: 662203502 14565047 12155262 262522
lo: 0 0 0 0

1735166503
eth0: 671420149 14765599 9216647 200552
lo: 0 0 0 0

1735166504
eth0: 671423003 14766979 2854 1380
lo: 0 0 0 0

1735166505
eth0: 671429658 14769709 6655 2730
lo: 0 0 0 0

1735166506
eth0: 672009363 14784913 579705 15204
lo: 0 0 0 0

1735166507
eth0: 672009363 14784913 0 0
lo: 0 0 0 0

1735166508
eth0: 672023339 14788538 13976 3625
lo: 0 0 0 0

1735166509
eth0: 672675601 14804530 652262 15992
lo: 0 0 0 0

1735166510
eth0: 673052703 14813506 377102 8976
lo: 0 0 0 0

1735166511
eth0: 673779545 14829742 726842 16236
lo: 0 0 0 0

1735166512
eth0: 674700877 14853369 921332 23627
lo: 0 0 0 0

1735166513
eth0: 678973987 15005293 4273110 151924
lo: 0 0 0 0

1735166514
eth0: 688397467 15203805 9423480 198512
lo: 0 0 0 0

1735166515
eth0: 699950940 15450669 11553473 246864
lo: 0 0 0 0

1735166516
eth0: 701584393 15491008 1633453 40339
lo: 0 0 0 0

1735166517
eth0: 702605894 15516018 1021501 25010
lo: 0 0 0 0

1735166518
eth0: 711168630 15698923 8562736 182905
lo: 0 0 0 0

1735166519
eth0: 723217214 15947549 12048584 248626
lo: 0 0 0 0

1735166520
eth0: 725117527 15986093 1900313 38544
lo: 0 0 0 0

1735166521
eth0: 725333427 15990779 215900 4686
lo: 0 0 0 0

1735166522
eth0: 725931997 16002329 598570 11550
lo: 0 0 0 0

1735166523
eth0: 726595201 16018061 663204 15732
lo: 0 0 0 0

1735166524
eth0: 728911045 16069315 2315844 51254
lo: 0 0 0 0

1735166525
eth0: 730097486 16096593 1186441 27278
lo: 0 0 0 0

1735166526
eth0: 730798911 16114597 701425 18004
lo: 0 0 0 0

1735166527
eth0: 731742776 16135453 943865 20856
lo: 0 0 0 0

1735166528
eth0: 732700698 16151953 957922 16500
lo: 0 0 0 0

1735166529
eth0: 732700764 16152085 66 132
lo: 0 0 0 0

1735166530
eth0: 732700764 16152085 0 0
lo: 0 0 0 0

1735166531
eth0: 732704995 16154507 4231 2422
lo: 0 0 0 0

1735166532
eth0: 733586243 16175005 881248 20498
lo: 0 0 0 0

1735166533
eth0: 735897909 16222657 2311666 47652
lo: 0 0 0 0

1735166534
eth0: 739135267 16294595 3237358 71938
lo: 0 0 0 0

1735166535
eth0: 742103817 16356996 2968550 62401
lo: 0 0 0 0

1735166536
eth0: 742335160 16364425 231343 7429
lo: 0 0 0 0

1735166537
eth0: 746663924 16524519 4328764 160094
lo: 0 0 0 0

1735166538
eth0: 749617921 16586691 2953997 62172
lo: 0 0 0 0

1735166539
eth0: 753527815 16671281 3909894 84590
lo: 0 0 0 0

1735166540
eth0: 761664721 16844390 8136906 173109
lo: 0 0 0 0

1735166541
eth0: 771227870 17048258 9563149 203868
lo: 0 0 0 0

1735166542
eth0: 781820220 17276122 10592350 227864
lo: 0 0 0 0

1735166543
eth0: 793470173 17534869 11649953 258747
lo: 0 0 0 0

1735166544
eth0: 801113418 17692527 7643245 157658
lo: 0 0 0 0

1735166545
eth0: 804525252 17765123 3411834 72596
lo: 0 0 0 0

1735166546
eth0: 809128410 17884937 4603158 119814
lo: 0 0 0 0

1735166547
eth0: 817186657 18063893 8058247 178956
lo: 0 0 0 0

1735166548
eth0: 826461888 18273961 9275231 210068
lo: 0 0 0 0

1735166549
eth0: 836202319 18491473 9740431 217512
lo: 0 0 0 0

1735166550
eth0: 842296969 18631971 6094650 140498
lo: 0 0 0 0

1735166551
eth0: 847511205 18753723 5214236 121752
lo: 0 0 0 0

1735166552
eth0: 853023877 18878397 5512672 124674
lo: 0 0 0 0

1735166553
eth0: 859023487 19012971 5999610 134574
lo: 0 0 0 0

1735166554
eth0: 863749775 19120287 4726288 107316
lo: 0 0 0 0

1735166555
eth0: 867461045 19206549 3711270 86262
lo: 0 0 0 0

1735166556
eth0: 871071639 19288917 3610594 82368
lo: 0 0 0 0

1735166557
eth0: 873657827 19347261 2586188 58344
lo: 0 0 0 0

1735166558
eth0: 876786864 19418089 3129037 70828
lo: 0 0 0 0

1735166559
eth0: 880443379 19494517 3656515 76428
lo: 0 0 0 0

1735166560
eth0: 884474168 19580911 4030789 86394
lo: 0 0 0 0

1735166561
eth0: 888618880 19668955 4144712 88044
lo: 0 0 0 0

1735166562
eth0: 891648303 19729216 3029423 60261
lo: 0 0 0 0

1735166563
eth0: 891695202 19730602 46899 1386
lo: 0 0 0 0

1735166564
eth0: 891695202 19730602 0 0
lo: 0 0 0 0

1735166565
eth0: 891708445 19734182 13243 3580
lo: 0 0 0 0

1735166566
eth0: 892146132 19748739 437687 14557
lo: 0 0 0 0

1735166567
eth0: 894448576 19802500 2302444 53761
lo: 0 0 0 0

1735166568
eth0: 894916925 19814404 468349 11904
lo: 0 0 0 0

1735166569
eth0: 894934298 19818356 17373 3952
lo: 0 0 0 0

1735166570
eth0: 896193339 19850126 1259041 31770
lo: 0 0 0 0

1735166571
eth0: 896912768 19867286 719429 17160
lo: 0 0 0 0

1735166572
eth0: 900892892 19940822 3980124 73536
lo: 0 0 0 0

1735166573
eth0: 911439819 20136902 10546927 196080
lo: 0 0 0 0

1735166574
eth0: 923510983 20362688 12071164 225786
lo: 0 0 0 0

1735166575
eth0: 935573247 20573492 12062264 210804
lo: 0 0 0 0

1735166576
eth0: 947636840 20795217 12063593 221725
lo: 0 0 0 0

1735166577
eth0: 959713339 21036607 12076499 241390
lo: 0 0 0 0

1735166578
eth0: 971780498 21293641 12067159 257034
lo: 0 0 0 0

1735166579
eth0: 983844608 21548391 12064110 254750
lo: 0 0 0 0

1735166580
eth0: 995927342 21806971 12082734 258580
lo: 0 0 0 0

1735166581
eth0: 1007674427 22055124 11747085 248153
lo: 0 0 0 0

1735166582
eth0: 1019754478 22310287 12080051 255163
lo: 0 0 0 0

1735166583
eth0: 1031844535 22557954 12090057 247667
lo: 0 0 0 0

1735166584
eth0: 1043930046 22801764 12085511 243810
lo: 0 0 0 0

1735166585
eth0: 1056030420 23054643 12100374 252879
lo: 0 0 0 0

1735166586
eth0: 1066907395 23277987 10876975 223344
lo: 0 0 0 0

1735166587
eth0: 1078997279 23541630 12089884 263643
lo: 0 0 0 0

1735166588
eth0: 1091111577 23808932 12114298 267302
lo: 0 0 0 0

1735166589
eth0: 1103217604 24063788 12106027 254856
lo: 0 0 0 0

1735166590
eth0: 1115313320 24316222 12095716 252434
lo: 0 0 0 0

1735166591
eth0: 1127408382 24557866 12095062 241644
lo: 0 0 0 0

1735166592
eth0: 1139473519 24801979 12065137 244113
lo: 0 0 0 0

1735166593
eth0: 1151389364 25048063 11915845 246084
lo: 0 0 0 0

1735166594
eth0: 1161315925 25261589 9926561 213526
lo: 0 0 0 0

1735166595
eth0: 1171473726 25479054 10157801 217465
lo: 0 0 0 0

1735166596
eth0: 1181534080 25690939 10060354 211885
lo: 0 0 0 0

1735166597
eth0: 1191002341 25884267 9468261 193328
lo: 0 0 0 0

1735166598
eth0: 1199505575 26064840 8503234 180573
lo: 0 0 0 0

1735166599
eth0: 1209556504 26285219 10050929 220379
lo: 0 0 0 0

1735166600
eth0: 1213813188 26388734 4256684 103515
lo: 0 0 0 0

1735166601
eth0: 1218774981 26510082 4961793 121348
lo: 0 0 0 0

1735166602
eth0: 1225406934 26660989 6631953 150907
lo: 0 0 0 0

1735166603
eth0: 1231915456 26805133 6508522 144144
lo: 0 0 0 0

1735166604
eth0: 1239158446 26963065 7242990 157932
lo: 0 0 0 0

1735166605
eth0: 1245570403 27104387 6411957 141322
lo: 0 0 0 0

1735166606
eth0: 1249092075 27179561 3521672 75174
lo: 0 0 0 0

1735166607
eth0: 1249444471 27191997 352396 12436
lo: 0 0 0 0

1735166608
eth0: 1250052680 27209468 608209 17471
lo: 0 0 0 0

1735166609
eth0: 1250401815 27222552 349135 13084
lo: 0 0 0 0

1735166610
eth0: 1250719099 27270652 317284 48100
lo: 0 0 0 0

1735166611
eth0: 1258120867 27431349 7401768 160697
lo: 0 0 0 0

1735166612
eth0: 1268318577 27656893 10197710 225544
lo: 0 0 0 0

1735166613
eth0: 1280422191 27915631 12103614 258738
lo: 0 0 0 0

1735166614
eth0: 1292530129 28156305 12107938 240674
lo: 0 0 0 0

1735166615
eth0: 1304625139 28408487 12095010 252182
lo: 0 0 0 0

1735166616
eth0: 1315915197 28648664 11290058 240177
lo: 0 0 0 0

1735166617
eth0: 1328027789 28911989 12112592 263325
lo: 0 0 0 0

1735166618
eth0: 1338815650 29152036 10787861 240047
lo: 0 0 0 0

1735166619
eth0: 1350920731 29407216 12105081 255180
lo: 0 0 0 0

1735166620
eth0: 1363030591 29660572 12109860 253356
lo: 0 0 0 0

1735166621
eth0: 1375139304 29919958 12108713 259386
lo: 0 0 0 0

1735166622
eth0: 1387264877 30179801 12125573 259843
lo: 0 0 0 0

1735166623
eth0: 1399370902 30429161 12106025 249360
lo: 0 0 0 0

1735166624
eth0: 1411461133 30682484 12090231 253323
lo: 0 0 0 0

1735166625
eth0: 1423570890 30941500 12109757 259016
lo: 0 0 0 0

1735166626
eth0: 1435680269 31189348 12109379 247848
lo: 0 0 0 0

1735166627
eth0: 1447793179 31444454 12112910 255106
lo: 0 0 0 0

1735166628
eth0: 1459919725 31698218 12126546 253764
lo: 0 0 0 0

1735166629
eth0: 1472032503 31951530 12112778 253312
lo: 0 0 0 0

1735166630
eth0: 1483718164 32201832 11685661 250302
lo: 0 0 0 0

1735166631
eth0: 1486938986 32275194 3220822 73362
lo: 0 0 0 0

1735166632
eth0: 1492608672 32408739 5669686 133545
lo: 0 0 0 0

1735166633
eth0: 1504720020 32664063 12111348 255324
lo: 0 0 0 0

1735166634
eth0: 1516817826 32918187 12097806 254124
lo: 0 0 0 0

1735166635
eth0: 1525914650 33096759 9096824 178572
lo: 0 0 0 0

1735166636
eth0: 1529101148 33167643 3186498 70884
lo: 0 0 0 0

1735166638
eth0: 1532606520 33248079 3505372 80436
lo: 0 0 0 0

1735166639
eth0: 1536322810 33332625 3716290 84546
lo: 0 0 0 0

1735166640
eth0: 1538832028 33383115 2509218 50490
lo: 0 0 0 0

1735166641
eth0: 1542624210 33464097 3792182 80982
lo: 0 0 0 0

1735166642
eth0: 1546365106 33546729 3740896 82632
lo: 0 0 0 0

1735166643
eth0: 1550321790 33634311 3956684 87582
lo: 0 0 0 0

1735166644
eth0: 1553829940 33713013 3508150 78702
lo: 0 0 0 0

1735166645
eth0: 1557785148 33804291 3955208 91278
lo: 0 0 0 0

1735166646
eth0: 1561990260 33898779 4205112 94488
lo: 0 0 0 0

1735166647
eth0: 1566743240 34002729 4752980 103950
lo: 0 0 0 0

1735166648
eth0: 1571888240 34116645 5145000 113916
lo: 0 0 0 0

1735166649
eth0: 1575663048 34201653 3774808 85008
lo: 0 0 0 0

1735166650
eth0: 1579087924 34281381 3424876 79728
lo: 0 0 0 0

1735166651
eth0: 1582989314 34371147 3901390 89766
lo: 0 0 0 0

1735166652
eth0: 1587286138 34470345 4296824 99198
lo: 0 0 0 0

1735166653
eth0: 1592164996 34578211 4878858 107866
lo: 0 0 0 0

1735166654
eth0: 1597512822 34691005 5347826 112794
lo: 0 0 0 0

1735166655
eth0: 1603357810 34815679 5844988 124674
lo: 0 0 0 0

1735166656
eth0: 1609661764 34949257 6303954 133578
lo: 0 0 0 0

1735166657
eth0: 1616410936 35087989 6749172 138732
lo: 0 0 0 0

1735166658
eth0: 1623680996 35243389 7270060 155400
lo: 0 0 0 0

1735166659
eth0: 1631626590 35410851 7945594 167462
lo: 0 0 0 0

1735166660
eth0: 1640500022 35597169 8873432 186318
lo: 0 0 0 0

1735166661
eth0: 1648798404 35774841 8298382 177672
lo: 0 0 0 0

1735166662
eth0: 1658066002 35970795 9267598 195954
lo: 0 0 0 0

1735166663
eth0: 1665506806 36125235 7440804 154440
lo: 0 0 0 0

1735166664
eth0: 1673112636 36288495 7605830 163260
lo: 0 0 0 0

1735166665
eth0: 1681004718 36454821 7892082 166326
lo: 0 0 0 0

1735166666
eth0: 1681021491 36455217 16773 396
lo: 0 0 0 0

1735166667
eth0: 1681021491 36455217 0 0
lo: 0 0 0 0

1735166668
eth0: 1681021491 36455217 0 0
lo: 0 0 0 0

1735166669
eth0: 1681021491 36455217 0 0
lo: 0 0 0 0

1735166670
eth0: 1681021491 36455217 0 0
lo: 0 0 0 0

1735166671
eth0: 1681021491 36455217 0 0
lo: 0 0 0 0

1735166672
eth0: 1681021491 36455217 0 0
lo: 0 0 0 0

1735166673
eth0: 1681021491 36455217 0 0
lo: 0 0 0 0

1735166674
eth0: 1681021491 36455217 0 0
lo: 0 0 0 0

1735166675
eth0: 1681021491 36455217 0 0
lo: 0 0 0 0

1735166676
eth0: 1681021491 36455217 0 0
lo: 0 0 0 0

1735166677
eth0: 1681021491 36455217 0 0
lo: 0 0 0 0

1735166678
eth0: 1681021491 36455217 0 0
lo: 0 0 0 0

1735166679
eth0: 1681021491 36455217 0 0
lo: 0 0 0 0

1735166681
eth0: 1681021491 36455217 0 0
lo: 0 0 0 0

1735166682
eth0: 1681021491 36455217 0 0
lo: 0 0 0 0

1735166683
eth0: 1681021491 36455217 0 0
lo: 0 0 0 0

1735166684
eth0: 1681021491 36455217 0 0
lo: 0 0 0 0

1735166685
eth0: 1681021491 36455217 0 0
lo: 0 0 0 0

1735166686
eth0: 1681021491 36455217 0 0
lo: 0 0 0 0

1735166687
eth0: 1681021491 36455217 0 0
lo: 0 0 0 0

1735166688
eth0: 1681021491 36455217 0 0
lo: 0 0 0 0

1735166689
eth0: 1681021491 36455217 0 0
lo: 0 0 0 0

1735166690
eth0: 1681021491 36455217 0 0
lo: 0 0 0 0

1735166691
eth0: 1681021623 36455439 132 222
lo: 0 0 0 0

1735166692
eth0: 1681021623 36455439 0 0
lo: 0 0 0 0

1735166693
eth0: 1681021623 36455439 0 0
lo: 0 0 0 0

1735166694
eth0: 1681021623 36455439 0 0
lo: 0 0 0 0

1735166695
eth0: 1681021623 36455439 0 0
lo: 0 0 0 0

1735166696
eth0: 1681021777 36455523 154 84
lo: 0 0 0 0

1735166697
eth0: 1681021777 36455523 0 0
lo: 0 0 0 0

1735166698
eth0: 1681021777 36455523 0 0
lo: 0 0 0 0

1735166699
eth0: 1681021777 36455523 0 0
lo: 0 0 0 0

1735166700
eth0: 1681021777 36455523 0 0
lo: 0 0 0 0

1735166701
eth0: 1681021777 36455523 0 0
lo: 0 0 0 0

1735166702
eth0: 1681021777 36455523 0 0
lo: 0 0 0 0

1735166703
eth0: 1681021777 36455523 0 0
lo: 0 0 0 0

1735166705
eth0: 1681021777 36455523 0 0
lo: 0 0 0 0

1735166706
eth0: 1681021777 36455523 0 0
lo: 0 0 0 0

1735166707
eth0: 1681021777 36455523 0 0
lo: 0 0 0 0

1735166708
eth0: 1681021777 36455523 0 0
lo: 0 0 0 0

1735166709
eth0: 1681021777 36455523 0 0
lo: 0 0 0 0

1735166710
eth0: 1681021777 36455523 0 0
lo: 0 0 0 0

1735166711
eth0: 1681021777 36455523 0 0
lo: 0 0 0 0

1735166712
eth0: 1681021777 36455523 0 0
lo: 0 0 0 0

1735166713
eth0: 1681021777 36455523 0 0
lo: 0 0 0 0

1735166714
eth0: 1681021777 36455523 0 0
lo: 0 0 0 0

1735166715
eth0: 1681021777 36455523 0 0
lo: 0 0 0 0

1735166716
eth0: 1681021777 36455523 0 0
lo: 0 0 0 0

1735166717
eth0: 1681021777 36455523 0 0
lo: 0 0 0 0

1735166718
eth0: 1681021777 36455523 0 0
lo: 0 0 0 0

1735166719
eth0: 1681021777 36455523 0 0
lo: 0 0 0 0

1735166720
eth0: 1681021777 36455523 0 0
lo: 0 0 0 0

1735166721
eth0: 1681021777 36455523 0 0
lo: 0 0 0 0

1735166722
eth0: 1681021777 36455523 0 0
lo: 0 0 0 0

1735166724
eth0: 1681021777 36455523 0 0
lo: 0 0 0 0

1735166725
eth0: 1681021777 36455523 0 0
lo: 0 0 0 0

1735166726
eth0: 1681021777 36455523 0 0
lo: 0 0 0 0

1735166727
eth0: 1681021777 36455523 0 0
lo: 0 0 0 0

1735166728
eth0: 1681021777 36455523 0 0
lo: 0 0 0 0

1735166729
eth0: 1681021777 36455523 0 0
lo: 0 0 0 0

1735166730
eth0: 1681021777 36455523 0 0
lo: 0 0 0 0

1735166731
eth0: 1681021777 36455523 0 0
lo: 0 0 0 0

1735166732
eth0: 1681021777 36455523 0 0
lo: 0 0 0 0

1735166733
eth0: 1681021777 36455523 0 0
lo: 0 0 0 0

1735166734
eth0: 1681021777 36455523 0 0
lo: 0 0 0 0

1735166735
eth0: 1681021777 36455523 0 0
lo: 0 0 0 0

1735166736
eth0: 1681021777 36455523 0 0
lo: 0 0 0 0

1735166737
eth0: 1681021777 36455523 0 0
lo: 0 0 0 0

1735166738
eth0: 1681021777 36455523 0 0
lo: 0 0 0 0

1735166739
eth0: 1681021777 36455523 0 0
lo: 0 0 0 0

1735166740
eth0: 1681021777 36455523 0 0
lo: 0 0 0 0

1735166741
eth0: 1681021777 36455523 0 0
lo: 0 0 0 0

1735166742
eth0: 1681021777 36455523 0 0
lo: 0 0 0 0

1735166743
eth0: 1681021777 36455523 0 0
lo: 0 0 0 0

1735166744
eth0: 1681021777 36455523 0 0
lo: 0 0 0 0

1735166745
eth0: 1681021777 36455523 0 0
lo: 0 0 0 0

1735166746
eth0: 1681021777 36455523 0 0
lo: 0 0 0 0

1735166747
eth0: 1681021777 36455523 0 0
lo: 0 0 0 0

1735166748
eth0: 1681021777 36455523 0 0
lo: 0 0 0 0

1735166749
eth0: 1681021777 36455523 0 0
lo: 0 0 0 0

1735166750
eth0: 1681021777 36455523 0 0
lo: 0 0 0 0

1735166751
eth0: 1681021777 36455523 0 0
lo: 0 0 0 0

1735166752
eth0: 1681021777 36455523 0 0
lo: 0 0 0 0

1735166753
eth0: 1681021777 36455523 0 0
lo: 0 0 0 0

1735166754
eth0: 1681021777 36455523 0 0
lo: 0 0 0 0

1735166756
eth0: 1681021777 36455523 0 0
lo: 0 0 0 0

1735166757
eth0: 1681021777 36455523 0 0
lo: 0 0 0 0

1735166758
eth0: 1681021777 36455523 0 0
lo: 0 0 0 0

1735166759
eth0: 1681021777 36455523 0 0
lo: 0 0 0 0

1735166760
eth0: 1681021777 36455523 0 0
lo: 0 0 0 0

1735166761
eth0: 1681021777 36455523 0 0
lo: 0 0 0 0

1735166762
eth0: 1681021777 36455523 0 0
lo: 0 0 0 0

1735166763
eth0: 1681021777 36455523 0 0
lo: 0 0 0 0

1735166764
eth0: 1681021777 36455523 0 0
lo: 0 0 0 0

1735166765
eth0: 1681021777 36455523 0 0
lo: 0 0 0 0

1735166766
eth0: 1681021777 36455523 0 0
lo: 0 0 0 0

1735166767
eth0: 1681021777 36455523 0 0
lo: 0 0 0 0

1735166768
eth0: 1681021777 36455523 0 0
lo: 0 0 0 0

1735166769
eth0: 1681021777 36455523 0 0
lo: 0 0 0 0

1735166770
eth0: 1681021777 36455523 0 0
lo: 0 0 0 0

1735166771
eth0: 1681021777 36455523 0 0
lo: 0 0 0 0

1735166772
eth0: 1681021777 36455523 0 0
lo: 0 0 0 0

1735166773
eth0: 1681021777 36455523 0 0
lo: 0 0 0 0

1735166774
eth0: 1681021777 36455523 0 0
lo: 0 0 0 0

1735166775
eth0: 1681021777 36455523 0 0
lo: 0 0 0 0

1735166776
eth0: 1681021777 36455523 0 0
lo: 0 0 0 0

1735166777
eth0: 1681021777 36455523 0 0
lo: 0 0 0 0

1735166778
eth0: 1681021777 36455523 0 0
lo: 0 0 0 0

1735166779
eth0: 1681021777 36455523 0 0
lo: 0 0 0 0

1735166780
eth0: 1681021777 36455523 0 0
lo: 0 0 0 0

1735166781
eth0: 1681021777 36455523 0 0
lo: 0 0 0 0

1735166782
eth0: 1681021777 36455523 0 0
lo: 0 0 0 0

1735166783
eth0: 1681021777 36455523 0 0
lo: 0 0 0 0

1735166784
eth0: 1681021777 36455523 0 0
lo: 0 0 0 0

1735166785
eth0: 1681021777 36455523 0 0
lo: 0 0 0 0

1735166786
eth0: 1681021777 36455523 0 0
lo: 0 0 0 0

1735166787
eth0: 1681021777 36455523 0 0
lo: 0 0 0 0

1735166788
eth0: 1681021777 36455523 0 0
lo: 0 0 0 0

1735166789
eth0: 1681021777 36455523 0 0
lo: 0 0 0 0

1735166790
eth0: 1681021777 36455523 0 0
lo: 0 0 0 0

1735166791
eth0: 1681021777 36455523 0 0
lo: 0 0 0 0

1735166792
eth0: 1681021777 36455523 0 0
lo: 0 0 0 0

1735166793
eth0: 1681021777 36455523 0 0
lo: 0 0 0 0

1735166794
eth0: 1681021777 36455523 0 0
lo: 0 0 0 0

1735166795
eth0: 1681021777 36455523 0 0
lo: 0 0 0 0

1735166797
eth0: 1681021777 36455523 0 0
lo: 0 0 0 0

1735166798
eth0: 1681021777 36455523 0 0
lo: 0 0 0 0

1735166799
eth0: 1681021777 36455523 0 0
lo: 0 0 0 0

1735166801
eth0: 1681021777 36455523 0 0
lo: 0 0 0 0

1735166802
eth0: 1681021777 36455523 0 0
lo: 0 0 0 0

1735166803
eth0: 1681021777 36455523 0 0
lo: 0 0 0 0

1735166804
eth0: 1681021777 36455523 0 0
lo: 0 0 0 0

1735166805
eth0: 1681021777 36455523 0 0
lo: 0 0 0 0

1735166806
eth0: 1681021777 36455523 0 0
lo: 0 0 0 0

1735166807
eth0: 1681021777 36455523 0 0
lo: 0 0 0 0

1735166808
eth0: 1681021777 36455523 0 0
lo: 0 0 0 0

1735166809
eth0: 1681021777 36455523 0 0
lo: 0 0 0 0

1735166810
eth0: 1681021777 36455523 0 0
lo: 0 0 0 0

1735166811
eth0: 1681021777 36455523 0 0
lo: 0 0 0 0

1735166812
eth0: 1681021777 36455523 0 0
lo: 0 0 0 0

1735166813
eth0: 1681021777 36455523 0 0
lo: 0 0 0 0

1735166814
eth0: 1681021777 36455523 0 0
lo: 0 0 0 0

1735166815
eth0: 1681021777 36455523 0 0
lo: 0 0 0 0

1735166816
eth0: 1681021777 36455523 0 0
lo: 0 0 0 0

1735166817
eth0: 1681021777 36455523 0 0
lo: 0 0 0 0

1735166818
eth0: 1681021777 36455523 0 0
lo: 0 0 0 0

1735166819
eth0: 1681021777 36455523 0 0
lo: 0 0 0 0

1735166820
eth0: 1681021777 36455523 0 0
lo: 0 0 0 0

1735166821
eth0: 1681021777 36455523 0 0
lo: 0 0 0 0

1735166822
eth0: 1681021777 36455523 0 0
lo: 0 0 0 0

1735166823
eth0: 1681021777 36455523 0 0
lo: 0 0 0 0

1735166824
eth0: 1681021777 36455523 0 0
lo: 0 0 0 0

1735166825
eth0: 1681021777 36455523 0 0
lo: 0 0 0 0

1735166826
eth0: 1681021777 36455523 0 0
lo: 0 0 0 0

1735166827
eth0: 1681021777 36455523 0 0
lo: 0 0 0 0

1735166828
eth0: 1681021777 36455523 0 0
lo: 0 0 0 0

1735166829
eth0: 1681021777 36455523 0 0
lo: 0 0 0 0

1735166830
eth0: 1681021777 36455523 0 0
lo: 0 0 0 0

1735166831
eth0: 1681021777 36455523 0 0
lo: 0 0 0 0

1735166832
eth0: 1681021777 36455523 0 0
lo: 0 0 0 0

1735166833
eth0: 1681021777 36455523 0 0
lo: 0 0 0 0

1735166834
eth0: 1681021777 36455523 0 0
lo: 0 0 0 0

1735166835
eth0: 1681021777 36455523 0 0
lo: 0 0 0 0

1735166836
eth0: 1681021777 36455523 0 0
lo: 0 0 0 0

1735166837
eth0: 1681021777 36455523 0 0
lo: 0 0 0 0

1735166838
eth0: 1681021777 36455523 0 0
lo: 0 0 0 0

1735166839
eth0: 1681021777 36455523 0 0
lo: 0 0 0 0

1735166840
eth0: 1681021777 36455523 0 0
lo: 0 0 0 0

1735166841
eth0: 1681021777 36455523 0 0
lo: 0 0 0 0

1735166842
eth0: 1681021777 36455523 0 0
lo: 0 0 0 0

1735166843
eth0: 1681021777 36455523 0 0
lo: 0 0 0 0

1735166844
eth0: 1681021777 36455523 0 0
lo: 0 0 0 0

1735166845
eth0: 1681021777 36455523 0 0
lo: 0 0 0 0

1735166846
eth0: 1681021777 36455523 0 0
lo: 0 0 0 0

1735166847
eth0: 1681021777 36455523 0 0
lo: 0 0 0 0

1735166848
eth0: 1681021777 36455523 0 0
lo: 0 0 0 0

1735166849
eth0: 1681021777 36455523 0 0
lo: 0 0 0 0

1735166850
eth0: 1681021777 36455523 0 0
lo: 0 0 0 0

1735166851
eth0: 1681021777 36455523 0 0
lo: 0 0 0 0

1735166852
eth0: 1681021777 36455523 0 0
lo: 0 0 0 0

1735166853
eth0: 1681021777 36455523 0 0
lo: 0 0 0 0

1735166854
eth0: 1681021777 36455523 0 0
lo: 0 0 0 0

1735166855
eth0: 1681021777 36455523 0 0
lo: 0 0 0 0

1735166856
eth0: 1681021777 36455523 0 0
lo: 0 0 0 0

1735166857
eth0: 1681021777 36455523 0 0
lo: 0 0 0 0

1735166858
eth0: 1681021777 36455523 0 0
lo: 0 0 0 0

1735166859
eth0: 1681021777 36455523 0 0
lo: 0 0 0 0

1735166860
eth0: 1681021777 36455523 0 0
lo: 0 0 0 0

1735166861
eth0: 1681021777 36455523 0 0
lo: 0 0 0 0

1735166862
eth0: 1681021777 36455523 0 0
lo: 0 0 0 0

1735166863
eth0: 1681021777 36455523 0 0
lo: 0 0 0 0

1735166864
eth0: 1681021777 36455523 0 0
lo: 0 0 0 0

1735166865
eth0: 1681021777 36455523 0 0
lo: 0 0 0 0

1735166866
eth0: 1681021777 36455523 0 0
lo: 0 0 0 0

1735166867
eth0: 1681021777 36455523 0 0
lo: 0 0 0 0

1735166868
eth0: 1681021777 36455523 0 0
lo: 0 0 0 0

1735166869
eth0: 1681021777 36455523 0 0
lo: 0 0 0 0

1735166870
eth0: 1681021777 36455523 0 0
lo: 0 0 0 0

1735166871
eth0: 1681021777 36455523 0 0
lo: 0 0 0 0

1735166872
eth0: 1681021777 36455523 0 0
lo: 0 0 0 0

1735166873
eth0: 1681021777 36455523 0 0
lo: 0 0 0 0

1735166874
eth0: 1681021777 36455523 0 0
lo: 0 0 0 0

1735166875
eth0: 1681021777 36455523 0 0
lo: 0 0 0 0

1735166876
eth0: 1681021777 36455523 0 0
lo: 0 0 0 0

1735166877
eth0: 1681021777 36455523 0 0
lo: 0 0 0 0

1735166878
eth0: 1681021777 36455523 0 0
lo: 0 0 0 0

1735166879
eth0: 1681021777 36455523 0 0
lo: 0 0 0 0

1735166880
eth0: 1681021777 36455523 0 0
lo: 0 0 0 0

1735166881
eth0: 1681021777 36455523 0 0
lo: 0 0 0 0

1735166882
eth0: 1681021777 36455523 0 0
lo: 0 0 0 0

1735166883
eth0: 1681021777 36455523 0 0
lo: 0 0 0 0

1735166884
eth0: 1681021777 36455523 0 0
lo: 0 0 0 0

1735166885
eth0: 1681021777 36455523 0 0
lo: 0 0 0 0

1735166886
eth0: 1681021777 36455523 0 0
lo: 0 0 0 0

1735166887
eth0: 1681021777 36455523 0 0
lo: 0 0 0 0

1735166888
eth0: 1681021777 36455523 0 0
lo: 0 0 0 0

1735166889
eth0: 1681021777 36455523 0 0
lo: 0 0 0 0

1735166890
eth0: 1681021777 36455523 0 0
lo: 0 0 0 0

1735166891
eth0: 1681021777 36455523 0 0
lo: 0 0 0 0

1735166892
eth0: 1681021777 36455523 0 0
lo: 0 0 0 0

1735166893
eth0: 1681021777 36455523 0 0
lo: 0 0 0 0

1735166894
eth0: 1681021777 36455523 0 0
lo: 0 0 0 0

1735166895
eth0: 1681021777 36455523 0 0
lo: 0 0 0 0

1735166896
eth0: 1681021777 36455523 0 0
lo: 0 0 0 0

1735166897
eth0: 1681021777 36455523 0 0
lo: 0 0 0 0

1735166898
eth0: 1681021777 36455523 0 0
lo: 0 0 0 0

1735166899
eth0: 1681021777 36455523 0 0
lo: 0 0 0 0

1735166900
eth0: 1681021777 36455523 0 0
lo: 0 0 0 0

1735166901
eth0: 1681021777 36455523 0 0
lo: 0 0 0 0

1735166902
eth0: 1681021777 36455523 0 0
lo: 0 0 0 0

1735166903
eth0: 1681021777 36455523 0 0
lo: 0 0 0 0

1735166904
eth0: 1681021777 36455523 0 0
lo: 0 0 0 0

1735166905
eth0: 1681021777 36455523 0 0
lo: 0 0 0 0

1735166906
eth0: 1681021777 36455523 0 0
lo: 0 0 0 0

1735166907
eth0: 1681021777 36455523 0 0
lo: 0 0 0 0

1735166908
eth0: 1681021777 36455523 0 0
lo: 0 0 0 0

1735166909
eth0: 1681021777 36455523 0 0
lo: 0 0 0 0

1735166910
eth0: 1681021777 36455523 0 0
lo: 0 0 0 0

1735166911
eth0: 1681021777 36455523 0 0
lo: 0 0 0 0

1735166912
eth0: 1681021777 36455523 0 0
lo: 0 0 0 0

1735166913
eth0: 1681021777 36455523 0 0
lo: 0 0 0 0

1735166914
eth0: 1681021777 36455523 0 0
lo: 0 0 0 0

1735166915
eth0: 1681021777 36455523 0 0
lo: 0 0 0 0

1735166916
eth0: 1681021777 36455523 0 0
lo: 0 0 0 0

1735166917
eth0: 1681021777 36455523 0 0
lo: 0 0 0 0

1735166918
eth0: 1681021777 36455523 0 0
lo: 0 0 0 0

1735166920
eth0: 1681021777 36455523 0 0
lo: 0 0 0 0

1735166921
eth0: 1681021777 36455523 0 0
lo: 0 0 0 0

1735166922
eth0: 1681021777 36455523 0 0
lo: 0 0 0 0

1735166923
eth0: 1681021777 36455523 0 0
lo: 0 0 0 0

1735166924
eth0: 1681021777 36455523 0 0
lo: 0 0 0 0

1735166925
eth0: 1681021777 36455523 0 0
lo: 0 0 0 0

1735166926
eth0: 1681021777 36455523 0 0
lo: 0 0 0 0

1735166927
eth0: 1681021777 36455523 0 0
lo: 0 0 0 0

1735166928
eth0: 1681021777 36455523 0 0
lo: 0 0 0 0

1735166929
eth0: 1681021777 36455523 0 0
lo: 0 0 0 0

1735166930
eth0: 1681021777 36455523 0 0
lo: 0 0 0 0

1735166931
eth0: 1681021777 36455523 0 0
lo: 0 0 0 0

1735166932
eth0: 1681021777 36455523 0 0
lo: 0 0 0 0

1735166933
eth0: 1681021777 36455523 0 0
lo: 0 0 0 0

1735166934
eth0: 1681021777 36455523 0 0
lo: 0 0 0 0

1735166935
eth0: 1681021777 36455523 0 0
lo: 0 0 0 0

1735166936
eth0: 1681021777 36455523 0 0
lo: 0 0 0 0

1735166937
eth0: 1681021777 36455523 0 0
lo: 0 0 0 0

1735166938
eth0: 1681021777 36455523 0 0
lo: 0 0 0 0

1735166939
eth0: 1681021777 36455523 0 0
lo: 0 0 0 0

1735166940
eth0: 1681021777 36455523 0 0
lo: 0 0 0 0

1735166941
eth0: 1681021777 36455523 0 0
lo: 0 0 0 0

1735166942
eth0: 1681021777 36455523 0 0
lo: 0 0 0 0

1735166943
eth0: 1681021777 36455523 0 0
lo: 0 0 0 0

1735166944
eth0: 1681021777 36455523 0 0
lo: 0 0 0 0

1735166945
eth0: 1681021777 36455523 0 0
lo: 0 0 0 0

1735166946
eth0: 1681021777 36455523 0 0
lo: 0 0 0 0

1735166947
eth0: 1681021777 36455523 0 0
lo: 0 0 0 0

1735166948
eth0: 1681021777 36455523 0 0
lo: 0 0 0 0

1735166949
eth0: 1681021777 36455523 0 0
lo: 0 0 0 0

1735166950
eth0: 1681021777 36455523 0 0
lo: 0 0 0 0

1735166951
eth0: 1681021777 36455523 0 0
lo: 0 0 0 0

1735166952
eth0: 1681021777 36455523 0 0
lo: 0 0 0 0

1735166953
eth0: 1681021777 36455523 0 0
lo: 0 0 0 0

1735166954
eth0: 1681021777 36455523 0 0
lo: 0 0 0 0

1735166955
eth0: 1681021777 36455523 0 0
lo: 0 0 0 0

1735166956
eth0: 1681021777 36455523 0 0
lo: 0 0 0 0

1735166957
eth0: 1681021777 36455523 0 0
lo: 0 0 0 0

1735166958
eth0: 1681021777 36455523 0 0
lo: 0 0 0 0

1735166959
eth0: 1681021777 36455523 0 0
lo: 0 0 0 0

1735166960
eth0: 1681021777 36455523 0 0
lo: 0 0 0 0

1735166961
eth0: 1681021777 36455523 0 0
lo: 0 0 0 0

1735166962
eth0: 1681021777 36455523 0 0
lo: 0 0 0 0

1735166963
eth0: 1681021777 36455523 0 0
lo: 0 0 0 0

1735166964
eth0: 1681021777 36455523 0 0
lo: 0 0 0 0

1735166965
eth0: 1681021777 36455523 0 0
lo: 0 0 0 0

1735166966
eth0: 1681021777 36455523 0 0
lo: 0 0 0 0

1735166967
eth0: 1681021777 36455523 0 0
lo: 0 0 0 0

1735166968
eth0: 1681021777 36455523 0 0
lo: 0 0 0 0

1735166969
eth0: 1681021777 36455523 0 0
lo: 0 0 0 0

1735166970
eth0: 1681021777 36455523 0 0
lo: 0 0 0 0

1735166971
eth0: 1681021777 36455523 0 0
lo: 0 0 0 0

1735166972
eth0: 1681021777 36455523 0 0
lo: 0 0 0 0

1735166973
eth0: 1681021777 36455523 0 0
lo: 0 0 0 0

1735166974
eth0: 1681021777 36455523 0 0
lo: 0 0 0 0

1735166975
eth0: 1681021777 36455523 0 0
lo: 0 0 0 0

1735166976
eth0: 1681021777 36455523 0 0
lo: 0 0 0 0

1735166977
eth0: 1681021777 36455523 0 0
lo: 0 0 0 0

1735166978
eth0: 1681021777 36455523 0 0
lo: 0 0 0 0

1735166979
eth0: 1681021777 36455523 0 0
lo: 0 0 0 0

1735166980
eth0: 1681021777 36455523 0 0
lo: 0 0 0 0

1735166981
eth0: 1681021777 36455523 0 0
lo: 0 0 0 0

1735166982
eth0: 1681021777 36455523 0 0
lo: 0 0 0 0

1735166983
eth0: 1681021777 36455523 0 0
lo: 0 0 0 0

1735166984
eth0: 1681021777 36455523 0 0
lo: 0 0 0 0

1735166985
eth0: 1681021777 36455523 0 0
lo: 0 0 0 0

1735166986
eth0: 1681021777 36455523 0 0
lo: 0 0 0 0

1735166987
eth0: 1681021777 36455523 0 0
lo: 0 0 0 0

1735166988
eth0: 1681021777 36455523 0 0
lo: 0 0 0 0

1735166989
eth0: 1681021777 36455523 0 0
lo: 0 0 0 0

1735166990
eth0: 1681021777 36455523 0 0
lo: 0 0 0 0

1735166991
eth0: 1681021777 36455523 0 0
lo: 0 0 0 0

1735166992
eth0: 1681021777 36455523 0 0
lo: 0 0 0 0

1735166993
eth0: 1681021777 36455523 0 0
lo: 0 0 0 0

1735166994
eth0: 1681021777 36455523 0 0
lo: 0 0 0 0

1735166995
eth0: 1681021777 36455523 0 0
lo: 0 0 0 0

1735166996
eth0: 1681021777 36455523 0 0
lo: 0 0 0 0

1735166997
eth0: 1681021777 36455523 0 0
lo: 0 0 0 0

1735166998
eth0: 1681021777 36455523 0 0
lo: 0 0 0 0

1735166999
eth0: 1681021777 36455523 0 0
lo: 0 0 0 0

1735167000
eth0: 1681021777 36455523 0 0
lo: 0 0 0 0

1735167001
eth0: 1681021777 36455523 0 0
lo: 0 0 0 0

1735167002
eth0: 1681021777 36455523 0 0
lo: 0 0 0 0

1735167003
eth0: 1681021777 36455523 0 0
lo: 0 0 0 0

1735167004
eth0: 1681021777 36455523 0 0
lo: 0 0 0 0

1735167005
eth0: 1681021777 36455523 0 0
lo: 0 0 0 0

1735167006
eth0: 1681021777 36455523 0 0
lo: 0 0 0 0

1735167007
eth0: 1681021777 36455523 0 0
lo: 0 0 0 0

1735167008
eth0: 1681021777 36455523 0 0
lo: 0 0 0 0

1735167009
eth0: 1681021777 36455523 0 0
lo: 0 0 0 0

1735167010
eth0: 1681021777 36455523 0 0
lo: 0 0 0 0

1735167011
eth0: 1681021777 36455523 0 0
lo: 0 0 0 0

1735167012
eth0: 1681021777 36455523 0 0
lo: 0 0 0 0

1735167013
eth0: 1681021777 36455523 0 0
lo: 0 0 0 0

1735167014
eth0: 1681021777 36455523 0 0
lo: 0 0 0 0

1735167015
eth0: 1681021777 36455523 0 0
lo: 0 0 0 0

1735167016
eth0: 1681021777 36455523 0 0
lo: 0 0 0 0

1735167017
eth0: 1681021777 36455523 0 0
lo: 0 0 0 0

1735167018
eth0: 1681021777 36455523 0 0
lo: 0 0 0 0

1735167019
eth0: 1681021777 36455523 0 0
lo: 0 0 0 0

1735167020
eth0: 1681021777 36455523 0 0
lo: 0 0 0 0

1735167021
eth0: 1681021777 36455523 0 0
lo: 0 0 0 0

1735167022
eth0: 1681021777 36455523 0 0
lo: 0 0 0 0

1735167023
eth0: 1681021777 36455523 0 0
lo: 0 0 0 0

