1735166435
0.33748443337484435 0.19551681195516812 0.3300124533001245

1735166436
0.3092269326683292 0.11346633416458853 0.14588528678304238

1735166437
0.14786967418546365 0.11027568922305764 0.13032581453634084

1735166438
0.2 0.12345679012345678 0.03827160493827161

1735166439
0.29125 0.17875 0.0475

1735166440
0.4879594423320659 0.2737642585551331 0.025348542458808618

1735166441
0.3613550815558344 0.1944792973651192 0.0037641154328732747

1735166442
0.2920245398773006 0.3325153374233129 0.01717791411042945

1735166443
0.28050314465408804 0.1660377358490566 0.0012578616352201257

1735166444
0.35687732342007433 0.18463444857496902 0.0

1735166445
0.3181242078580482 0.28517110266159695 0.059569074778200254

1735166446
0.5418781725888325 0.28045685279187815 0.0

1735166447
0.46378653113087676 0.3468869123252859 0.0025412960609911056

1735166448
0.41116751269035534 0.27411167512690354 0.08756345177664974

1735166449
0.384418901660281 0.2835249042145594 0.13026819923371646

1735166450
0.315 0.145 0.20125

1735166451
0.14196762141967623 0.1095890410958904 0.38854296388542964

1735166452
0.3415841584158416 0.16831683168316833 0.09653465346534654

1735166453
0.23985239852398524 0.13407134071340712 0.30996309963099633

1735166454
0.17870257037943696 0.1481028151774786 0.25091799265605874

1735166455
0.24205378973105135 0.15892420537897312 0.22982885085574573

1735166456
0.16009852216748768 0.13054187192118227 0.16379310344827586

1735166457
0.42065491183879095 0.22670025188916876 0.05415617128463476

1735166458
0.7715311004784688 0.1519138755980861 0.06937799043062201

1735166460
0.17346182357301704 0.1156412157153447 0.30985915492957744

1735166461
0.16347124117053483 0.08980827447023208 0.35721493440968716

1735166462
0.13607990012484394 0.09987515605493133 0.3295880149812734

1735166463
0.10474308300395258 0.1007905138339921 0.36363636363636365

1735166464
0.1291390728476821 0.1390728476821192 0.31456953642384106

1735166465
0.3173198482932996 0.11504424778761062 0.23514538558786346

1735166466
0.4282115869017632 0.0818639798488665 0.3413098236775819

1735166467
0.27064803049555275 0.10292249047013977 0.25285895806861497

1735166468
0.03984819734345351 0.051233396584440226 0.5180265654648957

1735166469
0.017241379310344827 0.03065134099616858 0.578544061302682

1735166470
0.07721518987341772 0.10506329113924051 0.41012658227848103

1735166471
0.04358974358974359 0.09102564102564102 0.4166666666666667

1735166472
0.08732057416267942 0.07177033492822966 0.4772727272727273

1735166473
0.03830911492734478 0.07529722589167767 0.6142668428005285

1735166474
0.09475032010243278 0.07298335467349552 0.39564660691421255

1735166475
0.07575757575757576 0.06944444444444445 0.4027777777777778

1735166476
0.21614906832298136 0.12173913043478261 0.2670807453416149

1735166477
0.18711276332094176 0.13630731102850063 0.38166047087980176

1735166478
0.16728624535315986 0.11524163568773234 0.4634448574969021

1735166479
0.29181929181929184 0.09401709401709402 0.3614163614163614

1735166480
0.22625 0.15375 0.24875

1735166481
0.2882205513784461 0.20300751879699247 0.16541353383458646

1735166482
0.29193899782135074 0.1187363834422658 0.2668845315904139

1735166483
0.28488372093023256 0.19767441860465115 0.3226744186046512

1735166484
0.7160804020100503 0.20979899497487436 0.031407035175879394

1735166485
0.83875 0.1575 0.0025

1735166486
0.8601747815230961 0.13982521847690388 0.0

1735166487
0.8905109489051095 0.10948905109489052 0.0

1735166488
0.8582474226804123 0.14175257731958762 0.0

1735166489
0.9175 0.0825 0.0

1735166490
0.8760951188986232 0.12265331664580725 0.0012515644555694619

1735166491
0.8826466916354557 0.11610486891385768 0.0012484394506866417

1735166492
0.9225967540574282 0.07615480649188515 0.0

1735166493
0.8042394014962594 0.06733167082294264 0.07107231920199501

1735166494
0.8127340823970037 0.14107365792759052 0.033707865168539325

1735166495
0.8836045056320401 0.11639549436795996 0.0

1735166496
0.8825 0.1175 0.0

1735166497
0.91875 0.08 0.0

1735166498
0.885143570536829 0.1136079900124844 0.0012484394506866417

1735166499
0.905 0.095 0.0

1735166500
0.91625 0.08375 0.0

1735166501
0.8993865030674847 0.10061349693251534 0.0

1735166503
0.9261363636363636 0.07386363636363637 0.0

1735166504
0.867334167709637 0.09762202753441802 0.03128911138923655

1735166505
0.5911392405063292 0.25949367088607594 0.030379746835443037

1735166506
0.39344262295081966 0.2257250945775536 0.2080706179066835

1735166507
0.5694444444444444 0.2878787878787879 0.07196969696969698

1735166508
0.5367088607594936 0.3810126582278481 0.043037974683544304

1735166509
0.7619047619047619 0.22807017543859648 0.006265664160401002

1735166510
0.3683559950556242 0.103831891223733 0.4561186650185414

1735166511
0.09012345679012346 0.06790123456790123 0.7333333333333333

1735166512
0.7390761548064919 0.16853932584269662 0.08739076154806492

1735166513
0.8894409937888199 0.1093167701863354 0.0

1735166514
0.885678391959799 0.114321608040201 0.0

1735166515
0.8675 0.12875 0.00375

1735166516
0.91375 0.08625 0.0

1735166517
0.8973717146433041 0.10137672090112641 0.0

1735166518
0.6381909547738693 0.18090452261306533 0.005025125628140704

1735166519
0.5095541401273885 0.2140127388535032 0.02038216560509554

1735166520
0.6132665832290363 0.2828535669586984 0.0025031289111389237

1735166521
0.6035353535353535 0.2702020202020202 0.010101010101010102

1735166522
0.6128625472887768 0.201765447667087 0.05422446406052964

1735166523
0.6060991105463787 0.24650571791613723 0.022871664548919948

1735166524
0.5593434343434344 0.21338383838383837 0.045454545454545456

1735166525
0.49936628643852976 0.29404309252217997 0.045627376425855515

1735166526
0.39646464646464646 0.3244949494949495 0.0845959595959596

1735166527
0.2139240506329114 0.18227848101265823 0.3468354430379747

1735166528
0.643141153081511 0.13817097415506957 0.1073558648111332

1735166529
0.8918918918918919 0.10810810810810811 0.0

1735166530
0.8714107365792759 0.1285892634207241 0.0

1735166531
0.8646616541353384 0.13533834586466165 0.0

1735166532
0.8834586466165414 0.11528822055137844 0.0012531328320802004

1735166533
0.5766793409378961 0.21292775665399238 0.1229404309252218

1735166534
0.33374844333748444 0.13325031133250312 0.41469489414694893

1735166535
0.48564294631710364 0.20724094881398253 0.12983770287141075

1735166536
0.41409147095179233 0.12855377008652658 0.3535228677379481

1735166537
0.35714285714285715 0.1330049261083744 0.3091133004926108

1735166538
0.34869240348692404 0.1843088418430884 0.2851805728518057

1735166539
0.30671736375158426 0.16603295310519645 0.26869455006337134

1735166540
0.3266832917705736 0.17830423940149626 0.256857855361596

1735166541
0.1822721598002497 0.12109862671660425 0.352059925093633

1735166542
0.30174563591022446 0.20698254364089774 0.26683291770573564

1735166543
0.31722428748451054 0.18711276332094176 0.16728624535315986

1735166544
0.37578814627994955 0.2005044136191677 0.12988650693568726

1735166545
0.5359394703656999 0.23203026481715006 0.021437578814627996

1735166546
0.43781094527363185 0.17786069651741293 0.0037313432835820895

1735166547
0.38854296388542964 0.1718555417185554 0.0012453300124533001

1735166548
0.3091364205256571 0.14518147684605756 0.0037546933667083854

1735166549
0.3575909661229611 0.14052697616060225 0.0075282308657465494

1735166550
0.5562579013906448 0.18584070796460178 0.007585335018963337

1735166551
0.3072139303482587 0.17039800995024876 0.03109452736318408

1735166552
0.3505535055350554 0.2115621156211562 0.08856088560885608

1735166553
0.40852130325814534 0.24436090225563908 0.10526315789473684

1735166554
0.3083645443196005 0.21348314606741572 0.1972534332084894

1735166555
0.35759897828863346 0.2962962962962963 0.09323116219667944

1735166556
0.18546365914786966 0.09774436090225563 0.41228070175438597

1735166557
0.5703611457036114 0.298879202988792 0.038605230386052306

1735166558
0.7018867924528301 0.28553459119496855 0.010062893081761006

1735166559
0.7277289836888331 0.2710163111668758 0.0

1735166560
0.5939849624060151 0.19172932330827067 0.002506265664160401

1735166561
0.7085927770859277 0.149439601494396 0.0186799501867995

1735166562
0.8164556962025317 0.13291139240506328 0.0012658227848101266

1735166563
0.8175 0.17625 0.00125

1735166564
0.8320802005012531 0.16165413533834586 0.0012531328320802004

1735166565
0.7562814070351759 0.22236180904522612 0.001256281407035176

1735166566
0.7566204287515763 0.18032786885245902 0.034047919293820936

1735166567
0.663727959697733 0.22544080604534006 0.022670025188916875

1735166568
0.5854591836734694 0.2538265306122449 0.029336734693877552

1735166569
0.5456852791878173 0.30456852791878175 0.06218274111675127

1735166570
0.44125 0.2725 0.14875

1735166571
0.5151515151515151 0.3371212121212121 0.05176767676767677

1735166572
0.6275252525252525 0.27525252525252525 0.04040404040404041

1735166573
0.4393939393939394 0.1856060606060606 0.2803030303030303

1735166574
0.42696629213483145 0.23470661672908863 0.22347066167290885

1735166575
0.5845959595959596 0.2803030303030303 0.07196969696969698

1735166576
0.4968474148802018 0.2610340479192938 0.06431273644388398

1735166577
0.4775561097256858 0.300498753117207 0.016209476309226933

1735166578
0.49936948297604034 0.2509457755359395 0.09709962168978563

1735166579
0.57 0.25875 0.0375

1735166580
0.40526976160602257 0.22835633626097868 0.027603513174404015

1735166581
0.2397003745318352 0.15980024968789014 0.16354556803995007

1735166582
0.16377171215880892 0.16253101736972705 0.060794044665012405

1735166583
0.38625 0.265 0.03625

1735166584
0.28308823529411764 0.16789215686274508 0.03431372549019608

1735166585
0.2004920049200492 0.16605166051660517 0.06642066420664207

1735166586
0.31835205992509363 0.18726591760299627 0.21098626716604243

1735166587
0.13125 0.1 0.31

1735166588
0.15586034912718205 0.08603491271820449 0.2543640897755611

1735166589
0.19413919413919414 0.10012210012210013 0.2588522588522589

1735166590
0.18490566037735848 0.042767295597484274 0.33962264150943394

1735166591
0.3818849449204406 0.14687882496940025 0.033047735618115054

1735166592
0.42665036674816625 0.12102689486552567 0.0024449877750611247

1735166593
0.3806609547123623 0.10771113831089352 0.0

1735166594
0.35432098765432096 0.12345679012345678 0.0024691358024691358

1735166595
0.34681372549019607 0.17401960784313725 0.007352941176470588

1735166596
0.28875 0.16375 0.03125

1735166597
0.3552795031055901 0.17515527950310558 0.0782608695652174

1735166598
0.27 0.18625 0.095

1735166599
0.22686945500633712 0.12040557667934093 0.1229404309252218

1735166600
0.2518518518518518 0.16913580246913582 0.030864197530864196

1735166601
0.22042341220423411 0.15317559153175592 0.048567870485678705

1735166602
0.14178168130489335 0.07277289836888332 0.27352572145545795

1735166603
0.1514041514041514 0.11843711843711843 0.2258852258852259

1735166604
0.23144654088050315 0.1559748427672956 0.17861635220125785

1735166605
0.241635687732342 0.161090458488228 0.19578686493184635

1735166606
0.19154228855721392 0.13805970149253732 0.2736318407960199

1735166607
0.44962216624685136 0.23173803526448364 0.006297229219143577

1735166608
0.38083228247162676 0.244640605296343 0.0037831021437578815

1735166609
0.3630653266331658 0.2185929648241206 0.002512562814070352

1735166610
0.2738537794299876 0.16480793060718713 0.004956629491945477

1735166611
0.36737235367372356 0.15442092154420922 0.0410958904109589

1735166612
0.37625 0.26 0.0025

1735166613
0.4857142857142857 0.18509316770186335 0.02236024844720497

1735166614
0.4530663329161452 0.19899874843554444 0.02252816020025031

1735166615
0.27743526510480887 0.17016029593094945 0.009864364981504316

1735166616
0.14465408805031446 0.1421383647798742 0.1471698113207547

1735166617
0.20175438596491227 0.12531328320802004 0.09649122807017543

1735166618
0.17228464419475656 0.15480649188514356 0.132334581772784

1735166619
0.21722846441947566 0.15106117353308365 0.24968789013732834

1735166620
0.22069825436408977 0.18703241895261846 0.25311720698254364

1735166621
0.2184769038701623 0.17228464419475656 0.22846441947565543

1735166622
0.2184769038701623 0.19350811485642946 0.16604244694132334

1735166623
0.34394124847001223 0.25703794369645044 0.10771113831089352

1735166624
0.2078720787207872 0.13407134071340712 0.04551045510455105

1735166625
0.2641277641277641 0.12285012285012285 0.04791154791154791

1735166626
0.2088998763906057 0.10630407911001236 0.014833127317676144

1735166627
0.18696186961869618 0.06150061500615006 0.007380073800738007

1735166628
0.3568818514007308 0.09744214372716199 0.001218026796589525

1735166629
0.3362175525339926 0.1273176761433869 0.002472187886279357

1735166630
0.29514321295143214 0.13947696139476962 0.0062266500622665

1735166631
0.5724725943970768 0.07429963459196103 0.013398294762484775

1735166632
0.41857659831121835 0.08805790108564536 0.0

1735166633
0.3609112709832134 0.11151079136690648 0.027577937649880094

1735166634
0.32496863237139273 0.21329987452948557 0.0012547051442910915

1735166635
0.24769585253456222 0.08064516129032258 0.5264976958525346

1735166636
0.4641638225255973 0.13822525597269625 0.19112627986348124

1735166638
0.21743205248359887 0.13776944704779756 0.2492970946579194

1735166639
0.4983089064261556 0.161217587373168 0.12063134160090191

1735166640
0.2506265664160401 0.10275689223057644 0.2982456140350877

1735166641
0.5534591194968553 0.17358490566037735 0.1710691823899371

1735166642
0.5468354430379747 0.3594936708860759 0.0037974683544303796

1735166643
0.55 0.25625 0.0025

1735166644
0.5831234256926953 0.1977329974811083 0.018891687657430732

1735166645
0.5889724310776943 0.17042606516290726 0.022556390977443608

1735166646
0.6261089987325729 0.14195183776932827 0.008871989860583017

1735166647
0.53375 0.11875 0.01125

1735166648
0.45743329097839897 0.2681067344345616 0.025412960609911054

1735166649
0.4327044025157233 0.3383647798742138 0.0

1735166650
0.38697318007662834 0.367816091954023 0.017879948914431672

1735166651
0.36607142857142855 0.41581632653061223 0.002551020408163265

1735166652
0.3954659949622166 0.371536523929471 0.005037783375314861

1735166653
0.5075566750629723 0.37279596977329976 0.0025188916876574307

1735166654
0.62125 0.375 0.0

1735166655
0.6359102244389028 0.3566084788029925 0.0024937655860349127

1735166656
0.6979949874686717 0.2982456140350877 0.0

1735166657
0.7246558197747184 0.27284105131414266 0.0

1735166658
0.5258511979823455 0.37578814627994955 0.0012610340479192938

1735166659
0.5644555694618273 0.38172715894868586 0.0012515644555694619

1735166660
0.5925 0.32625 0.00625

1735166661
0.3589420654911839 0.5075566750629723 0.0025188916876574307

1735166662
0.6361355081555834 0.29109159347553326 0.0012547051442910915

1735166663
0.7606516290726817 0.23809523809523808 0.0

1735166664
0.7892768079800498 0.20947630922693267 0.0012468827930174563

1735166665
0.5316455696202531 0.38734177215189874 0.002531645569620253

1735166666
0.8042659974905897 0.17314930991217065 0.002509410288582183

1735166667
0.6935687263556116 0.2042875157629256 0.044136191677175286

1735166668
0.7288776796973518 0.23203026481715006 0.0037831021437578815

1735166669
0.66 0.155 0.13

1735166670
0.7283018867924528 0.22264150943396227 0.027672955974842768

1735166671
0.7175283732660782 0.23329129886506936 0.0201765447667087

1735166672
0.7089084065244667 0.2396486825595985 0.02132998745294856

1735166673
0.7189873417721518 0.17088607594936708 0.053164556962025315

1735166674
0.6115288220551378 0.10275689223057644 0.20927318295739347

1735166675
0.7490589711417817 0.20075282308657466 0.030112923462986198

1735166676
0.6805555555555556 0.2222222222222222 0.03535353535353535

1735166677
0.7635903919089759 0.1959544879898862 0.010113780025284451

1735166678
0.6865482233502538 0.2398477157360406 0.030456852791878174

1735166679
0.5409035409035409 0.17704517704517705 0.2258852258852259

1735166681
0.5690680766688698 0.1625908790482485 0.21348314606741572

1735166682
0.4120667522464698 0.07958921694480103 0.4197689345314506

1735166683
0.38642297650130547 0.1279373368146214 0.35900783289817234

1735166684
0.5309734513274337 0.08470290771175727 0.27686472819216185

1735166685
0.41881443298969073 0.18943298969072164 0.2809278350515464

1735166686
0.21018276762402088 0.19973890339425587 0.4112271540469974

1735166687
0.08819714656290532 0.16731517509727625 0.4773022049286641

1735166688
0.1537645811240721 0.1728525980911983 0.40084835630965004

1735166689
0.15220949263502456 0.28477905073649756 0.36006546644844517

1735166690
0.14987080103359174 0.14082687338501293 0.42764857881136953

1735166691
0.3854033290653009 0.07554417413572344 0.47503201024327785

1735166692
0.21839080459770116 0.0842911877394636 0.6053639846743295

1735166693
0.476409666283084 0.40736478711162255 0.09090909090909091

1735166694
0.5383542538354253 0.4309623430962343 0.022315202231520222

1735166695
0.6369346733668342 0.3454773869346734 0.013819095477386936

1735166696
0.6333754740834386 0.3463969658659924 0.011378002528445006

1735166697
0.6544766708701135 0.32786885245901637 0.015132408575031526

1735166698
0.6210392902408112 0.3523447401774398 0.021546261089987327

1735166699
0.29426751592356687 0.20764331210191084 0.37452229299363055

1735166700
0.31928480204342274 0.30268199233716475 0.280970625798212

1735166701
0.2436548223350254 0.14593908629441624 0.4251269035532995

1735166702
0.24492385786802032 0.14593908629441624 0.46446700507614214

1735166703
0.6137667304015296 0.3575525812619503 0.02390057361376673

1735166705
0.4580690627202255 0.34954193093727975 0.1649048625792812

1735166706
0.5909661229611042 0.37766624843161856 0.02132998745294856

1735166707
0.445859872611465 0.2980891719745223 0.20636942675159237

1735166708
0.3024390243902439 0.20836236933797908 0.31149825783972124

1735166709
0.047619047619047616 0.031746031746031744 0.42857142857142855

1735166710
0.5413533834586466 0.43358395989974935 0.012531328320802004

1735166711
0.44823232323232326 0.37752525252525254 0.0946969696969697

1735166712
0.3207792207792208 0.2883116883116883 0.2519480519480519

1735166713
0.1815519765739385 0.16325036603221083 0.1910688140556369

1735166714
0.5 0.3391304347826087 0.1565217391304348

1735166715
0.5530586766541823 0.4332084893882647 0.00749063670411985

1735166716
0.37755102040816324 0.3354591836734694 0.2002551020408163

1735166717
0.47081218274111675 0.35786802030456855 0.10786802030456853

1735166718
0.32731648616125153 0.21299638989169675 0.3369434416365824

1735166719
0.23945578231292516 0.21904761904761905 0.3795918367346939

1735166720
0.3495518565941101 0.20486555697823303 0.3444302176696543

1735166721
0.18831168831168832 0.15714285714285714 0.5272727272727272

1735166722
0.6717363751584284 0.21292775665399238 0.10012674271229405

1735166724
0.12861491628614916 0.0410958904109589 0.21841704718417046

1735166725
0.1726133076181292 0.08486017357762778 0.5891996142719382

1735166726
0.35038363171355497 0.2020460358056266 0.31841432225063937

1735166727
0.32101910828025476 0.20382165605095542 0.3146496815286624

1735166728
0.3482905982905983 0.07905982905982906 0.37927350427350426

1735166729
0.11755485893416928 0.07993730407523511 0.5736677115987461

1735166730
0.19047619047619047 0.11840411840411841 0.4015444015444015

1735166731
0.18030690537084398 0.11892583120204604 0.4936061381074169

1735166732
0.09505703422053231 0.10012674271229405 0.6261089987325729

1735166733
0.12895069532237674 0.12010113780025285 0.5221238938053098

1735166734
0.2668360864040661 0.2312579415501906 0.3545108005082592

1735166735
0.18467336683417085 0.15829145728643215 0.5653266331658291

1735166736
0.1731984829329962 0.17446270543615677 0.3729456384323641

1735166737
0.19444444444444445 0.16792929292929293 0.4292929292929293

1735166738
0.05858310626702997 0.02861035422343324 0.3460490463215259

1735166739
0.23140495867768596 0.23140495867768596 0.39669421487603307

1735166740
0.21997471554993678 0.10240202275600506 0.46776232616940583

1735166741
0.16899618805590852 0.06861499364675985 0.554002541296061

1735166742
0.17541613316261204 0.08706786171574904 0.47247119078104993

1735166743
0.2420785804816223 0.051964512040557666 0.4892268694550063

1735166744
0.2715736040609137 0.1484771573604061 0.4289340101522843

1735166745
0.13700384122919335 0.16517285531370038 0.4686299615877081

1735166746
0.30612244897959184 0.20408163265306123 0.25637755102040816

1735166747
0.227330779054917 0.05747126436781609 0.5555555555555556

1735166748
0.10682110682110682 0.04504504504504504 0.7503217503217503

1735166749
0.10970996216897856 0.03909205548549811 0.5409836065573771

1735166750
0.14631043256997456 0.044529262086514 0.544529262086514

1735166751
0.19897304236200256 0.0693196405648267 0.5353016688061617

1735166752
0.16923076923076924 0.08076923076923077 0.4653846153846154

1735166753
0.2872093023255814 0.16104651162790698 0.3784883720930233

1735166754
0.125 0.4375 0.3125

1735166756
0.2180028129395218 0.17932489451476794 0.40717299578059074

1735166757
0.28535031847133757 0.1286624203821656 0.3681528662420382

1735166758
0.2550251256281407 0.12437185929648241 0.40954773869346733

1735166759
0.1211734693877551 0.11607142857142858 0.5561224489795918

1735166760
0.4820051413881748 0.23136246786632392 0.2095115681233933

1735166761
0.8221941992433796 0.16519546027742749 0.011349306431273645

1735166762
0.7717528373266078 0.201765447667087 0.0201765447667087

1735166763
0.587515299877601 0.1762545899632803 0.19706242350061198

1735166764
0.6756756756756757 0.22265122265122264 0.07464607464607464

1735166765
0.79 0.1975 0.01

1735166766
0.3761348897535668 0.22568093385214008 0.23865110246433205

1735166767
0.3578811369509044 0.25064599483204136 0.28294573643410853

1735166768
0.2691924227318046 0.1535393818544367 0.36889332003988035

1735166769
0.7429078014184397 0.17553191489361702 0.0673758865248227

1735166770
0.7273869346733668 0.2638190954773869 0.007537688442211055

1735166771
0.680503144654088 0.23270440251572327 0.055345911949685536

1735166772
0.5882352941176471 0.19309462915601022 0.14194373401534527

1735166773
0.40357598978288634 0.1685823754789272 0.3103448275862069

1735166774
0.1547029702970297 0.13985148514851486 0.5433168316831684

1735166775
0.2615769712140175 0.16645807259073842 0.409261576971214

1735166776
0.3467843631778058 0.2244640605296343 0.22950819672131148

1735166777
0.4224464060529634 0.2698612862547289 0.13366960907944514

1735166778
0.24685138539042822 0.18513853904282115 0.44836272040302266

1735166779
0.20025188916876574 0.24307304785894207 0.40554156171284633

1735166780
0.2920353982300885 0.4020227560050569 0.18710493046776233

1735166781
0.35159235668789807 0.3796178343949045 0.12356687898089172

1735166782
0.42857142857142855 0.34962406015037595 0.13408521303258145

1735166783
0.48936170212765956 0.28660826032540676 0.19524405506883605

1735166784
0.4585427135678392 0.36055276381909546 0.114321608040201

1735166785
0.5680100755667506 0.29345088161209065 0.08060453400503778

1735166786
0.4310998735777497 0.5145385587863464 0.02402022756005057

1735166787
0.3739021329987453 0.45294855708908405 0.08281053952321205

1735166788
0.31094527363184077 0.24129353233830847 0.2599502487562189

1735166789
0.45294855708908405 0.2534504391468005 0.18193224592220827

1735166790
0.6474278544542033 0.3475533249686324 0.002509410288582183

1735166791
0.600997506234414 0.39276807980049877 0.003740648379052369

1735166792
0.6863979848866498 0.3123425692695214 0.0012594458438287153

1735166793
0.5546448087431693 0.2978142076502732 0.12932604735883424

1735166794
0.11494252873563218 0.10344827586206896 0.6992337164750958

1735166795
0.5123789020452099 0.3078579117330463 0.16146393972012918

1735166797
0.6986869384934347 0.299239806496199 0.000691085003455425

1735166798
0.7841907151819323 0.21455457967377667 0.0

1735166799
0.7491082045184304 0.25089179548156954 0.0

1735166801
0.8170731707317073 0.18292682926829268 0.0

1735166802
0.8244084682440846 0.17559153175591533 0.0

1735166803
0.8258145363408521 0.17167919799498746 0.002506265664160401

1735166804
0.6475 0.205 0.13875

1735166805
0.77875 0.22125 0.0

1735166806
0.7755610972568578 0.22443890274314215 0.0

1735166807
0.7947761194029851 0.20522388059701493 0.0

1735166808
0.7377049180327869 0.2030264817150063 0.05548549810844893

1735166809
0.7080200501253133 0.2656641604010025 0.020050125313283207

1735166810
0.6353383458646616 0.3057644110275689 0.021303258145363407

1735166811
0.5170670037926675 0.33375474083438683 0.03666245259165613

1735166812
0.48091603053435117 0.3638676844783715 0.010178117048346057

1735166813
0.6434892541087232 0.25410872313527183 0.03034134007585335

1735166814
0.7198986058301647 0.21926489226869456 0.010139416983523447

1735166815
0.5848101265822785 0.2645569620253165 0.005063291139240506

1735166816
0.5461441213653603 0.24146649810366624 0.011378002528445006

1735166817
0.7130102040816326 0.19387755102040816 0.007653061224489796

1735166818
0.7055837563451777 0.20939086294416243 0.015228426395939087

1735166819
0.5741444866920152 0.3523447401774398 0.0012674271229404308

1735166820
0.6645489199491741 0.2604828462515883 0.0025412960609911056

1735166821
0.6763590391908976 0.25410872313527183 0.006321112515802781

1735166822
0.7723270440251573 0.20125786163522014 0.0025157232704402514

1735166823
0.8826466916354557 0.11610486891385768 0.0012484394506866417

1735166824
0.7531645569620253 0.2 0.0037974683544303796

1735166825
0.6670870113493065 0.2812105926860025 0.01008827238335435

1735166826
0.6229712858926342 0.352059925093633 0.0

1735166827
0.7010050251256281 0.2989949748743719 0.0

1735166828
0.821917808219178 0.17683686176836863 0.0012453300124533001

1735166829
0.846441947565543 0.1523096129837703 0.0012484394506866417

1735166830
0.8377028714107366 0.16104868913857678 0.0

1735166831
0.731829573934837 0.2669172932330827 0.0

1735166832
0.506953223767383 0.3754740834386852 0.011378002528445006

1735166833
0.501269035532995 0.41116751269035534 0.02030456852791878

1735166834
0.6325 0.3625 0.00375

1735166835
0.6295369211514393 0.3704630788485607 0.0

1735166836
0.5952677459526775 0.40348692403486924 0.0

1735166837
0.4540880503144654 0.44654088050314467 0.025157232704402517

1735166838
0.3434343434343434 0.28535353535353536 0.1994949494949495

1735166839
0.53 0.37375 0.055

1735166840
0.6346633416458853 0.35910224438902744 0.0024937655860349127

1735166841
0.6069651741293532 0.39054726368159204 0.0

1735166842
0.7967377666248432 0.20326223337515684 0.0

1735166843
0.8228782287822878 0.17712177121771217 0.0

1735166844
0.8576874205844981 0.1423125794155019 0.0

1735166845
0.8975 0.1025 0.0

1735166846
0.8555276381909548 0.1444723618090452 0.0

1735166847
0.867080745341615 0.13291925465838508 0.0

1735166848
0.8408521303258145 0.15914786967418545 0.0

1735166849
0.8551810237203495 0.14481897627965043 0.0

1735166850
0.86375 0.13625 0.0

1735166851
0.89625 0.10375 0.0

1735166852
0.86 0.14 0.0

1735166853
0.8560794044665012 0.14392059553349876 0.0

1735166854
0.8666666666666667 0.13333333333333333 0.0

1735166855
0.8748435544430538 0.1251564455569462 0.0

1735166856
0.8944723618090452 0.10552763819095477 0.0

1735166857
0.8639200998751561 0.13607990012484394 0.0

1735166858
0.885286783042394 0.11471321695760599 0.0

1735166859
0.8926342072409488 0.10237203495630462 0.003745318352059925

1735166860
0.8875 0.1125 0.0

1735166861
0.9 0.1 0.0

1735166862
0.85875 0.14125 0.0

1735166863
0.8795483061480552 0.12045169385194479 0.0

1735166864
0.8387096774193549 0.16129032258064516 0.0

1735166865
0.8431618569636136 0.15683814303638646 0.0

1735166866
0.8002496878901373 0.19975031210986266 0.0

1735166867
0.7897371714643304 0.21026282853566958 0.0

1735166868
0.7875 0.2125 0.0

1735166869
0.81875 0.18125 0.0

1735166870
0.84375 0.15625 0.0

1735166871
0.835 0.165 0.0

1735166872
0.79375 0.20625 0.0

1735166873
0.795 0.205 0.0

1735166874
0.8125 0.1875 0.0

1735166875
0.78 0.22 0.0

1735166876
0.8034825870646766 0.19651741293532338 0.0

1735166877
0.8040201005025126 0.19597989949748743 0.0

1735166878
0.835 0.165 0.0

1735166879
0.775 0.225 0.0

1735166880
0.79 0.21 0.0

1735166881
0.80875 0.19125 0.0

1735166882
0.75875 0.24125 0.0

1735166883
0.785 0.215 0.0

1735166884
0.8 0.2 0.0

1735166885
0.805 0.195 0.0

1735166886
0.8264669163545568 0.1735330836454432 0.0

1735166887
0.7521902377972466 0.24780976220275344 0.0

1735166888
0.6265664160401002 0.3684210526315789 0.0

1735166889
0.4975062344139651 0.5 0.0

1735166890
0.5962025316455696 0.3987341772151899 0.0

1735166891
0.5794743429286608 0.42052565707133915 0.0

1735166892
0.6450809464508095 0.3549190535491905 0.0

1735166893
0.7272727272727273 0.2727272727272727 0.0

1735166894
0.766624843161857 0.23337515683814303 0.0

1735166895
0.71625 0.28375 0.0

1735166896
0.6775 0.3225 0.0

1735166897
0.6716604244694132 0.32709113607990015 0.0

1735166898
0.5475 0.44875 0.0

1735166899
0.61489898989899 0.37247474747474746 0.003787878787878788

1735166900
0.5559701492537313 0.44402985074626866 0.0

1735166901
0.6301369863013698 0.3698630136986301 0.0

1735166902
0.5919395465994962 0.3967254408060453 0.0025188916876574307

1735166903
0.5543071161048689 0.43570536828963796 0.0012484394506866417

1735166904
0.7614906832298136 0.23354037267080746 0.0

1735166905
0.7443609022556391 0.2543859649122807 0.0

1735166906
0.8090452261306532 0.18969849246231155 0.0

1735166907
0.6155778894472361 0.36055276381909546 0.001256281407035176

1735166908
0.7078651685393258 0.28963795255930086 0.0

1735166909
0.766541822721598 0.23345817727840198 0.0

1735166910
0.825 0.175 0.0

1735166911
0.755 0.245 0.0

1735166912
0.74 0.26 0.0

1735166913
0.6971214017521903 0.30287859824780977 0.0

1735166914
0.6963613550815558 0.29234629861982436 0.0012547051442910915

1735166915
0.6055276381909548 0.3630653266331658 0.00628140703517588

1735166916
0.6591760299625468 0.33707865168539325 0.0012484394506866417

1735166917
0.6305170239596469 0.35687263556116017 0.0025220680958385876

1735166918
0.6854636591478697 0.2894736842105263 0.008771929824561403

1735166920
0.7494880546075086 0.225938566552901 0.008873720136518772

1735166921
0.6935286935286935 0.22832722832722832 0.02442002442002442

1735166922
0.834983498349835 0.16501650165016502 0.0

1735166923
0.7854454203262233 0.21455457967377667 0.0

1735166924
0.76 0.2375 0.00125

1735166925
0.5987421383647799 0.35974842767295595 0.018867924528301886

1735166926
0.4799498746867168 0.49874686716791977 0.006265664160401002

1735166927
0.48753117206982544 0.4975062344139651 0.0

1735166928
0.47368421052631576 0.5100250626566416 0.0037593984962406013

1735166929
0.4568210262828536 0.42803504380475593 0.09011264080100125

1735166930
0.486284289276808 0.49501246882793015 0.0024937655860349127

1735166931
0.45580808080808083 0.5252525252525253 0.0012626262626262627

1735166932
0.4154040404040404 0.5593434343434344 0.0

1735166933
0.4724310776942356 0.5037593984962406 0.0037593984962406013

1735166934
0.4886934673366834 0.4937185929648241 0.00628140703517588

1735166935
0.48557089084065247 0.4968632371392723 0.0

1735166936
0.5188916876574308 0.473551637279597 0.0012594458438287153

1735166937
0.4824120603015075 0.5012562814070352 0.0

1735166938
0.5100755667506297 0.45843828715365237 0.008816120906801008

1735166939
0.3870558375634518 0.3946700507614213 0.04187817258883249

1735166940
0.5568326947637292 0.3231162196679438 0.021711366538952746

1735166941
0.5843828715365239 0.3236775818639798 0.021410579345088162

1735166942
0.6140127388535032 0.2878980891719745 0.007643312101910828

1735166943
0.6194029850746269 0.3308457711442786 0.009950248756218905

1735166944
0.44814340588988477 0.2740076824583867 0.2112676056338028

1735166945
0.6082603254067585 0.246558197747184 0.12015018773466833

1735166946
0.797011207970112 0.20298879202988793 0.0

1735166947
0.7265917602996255 0.2721598002496879 0.0

1735166948
0.855 0.145 0.0

1735166949
0.8419071518193224 0.15558343789209536 0.002509410288582183

1735166950
0.88 0.12 0.0

1735166951
0.8635794743429287 0.13642052565707133 0.0

1735166952
0.8614232209737828 0.13857677902621723 0.0

1735166953
0.7731829573934837 0.21929824561403508 0.0037593984962406013

1735166954
0.6933667083854819 0.2903629536921151 0.010012515644555695

1735166955
0.6171284634760705 0.33753148614609574 0.005037783375314861

1735166956
0.6055625790139064 0.36283185840707965 0.0

1735166957
0.5467171717171717 0.4065656565656566 0.0012626262626262627

1735166958
0.6904761904761905 0.2894736842105263 0.0

1735166959
0.8531994981179423 0.1468005018820577 0.0

1735166960
0.84625 0.15375 0.0

1735166961
0.8846153846153846 0.11538461538461539 0.0

1735166962
0.871859296482412 0.12814070351758794 0.0

1735166963
0.8564294631710362 0.14357053682896379 0.0

1735166964
0.84375 0.15625 0.0

1735166965
0.8485607008760951 0.15143929912390489 0.0

1735166966
0.8818407960199005 0.1181592039800995 0.0

1735166967
0.8015075376884422 0.1984924623115578 0.0

1735166968
0.8605230386052304 0.13947696139476962 0.0

1735166969
0.6994949494949495 0.27146464646464646 0.0012626262626262627

1735166970
0.5942211055276382 0.3693467336683417 0.001256281407035176

1735166971
0.5520702634880803 0.40526976160602257 0.0037641154328732747

1735166972
0.6175 0.37375 0.0

1735166973
0.6902985074626866 0.30845771144278605 0.0012437810945273632

1735166974
0.6670838548185232 0.3304130162703379 0.0025031289111389237

1735166975
0.6846057571964956 0.31539424280350437 0.0

1735166976
0.73625 0.26375 0.0

1735166977
0.7562814070351759 0.24371859296482412 0.0

1735166978
0.6368159203980099 0.35696517412935325 0.0

1735166979
0.8203517587939698 0.1708542713567839 0.007537688442211055

1735166980
0.865 0.135 0.0

1735166981
0.77375 0.22625 0.0

1735166982
0.865 0.135 0.0

1735166983
0.8423645320197044 0.15763546798029557 0.0

1735166984
0.806861499364676 0.193138500635324 0.0

1735166985
0.82625 0.17375 0.0

1735166986
0.7902621722846442 0.20973782771535582 0.0

1735166987
0.8025 0.1975 0.0

1735166988
0.8068880688806888 0.1931119311193112 0.0

1735166989
0.8078880407124682 0.1921119592875318 0.0

1735166990
0.8239700374531835 0.1760299625468165 0.0

1735166991
0.7684605757196495 0.23153942428035043 0.0

1735166992
0.8164794007490637 0.18352059925093633 0.0

1735166993
0.8285356695869838 0.17146433041301626 0.0

1735166994
0.784019975031211 0.21598002496878901 0.0

1735166995
0.8423028785982478 0.15769712140175218 0.0

1735166996
0.8228643216080402 0.17587939698492464 0.001256281407035176

1735166997
0.815230961298377 0.18476903870162298 0.0

1735166998
0.8208955223880597 0.1791044776119403 0.0

1735166999
0.7959949937421777 0.20400500625782228 0.0

1735167000
0.825 0.175 0.0

1735167001
0.81 0.19 0.0

1735167002
0.79 0.21 0.0

1735167003
0.83125 0.16875 0.0

1735167004
0.8 0.2 0.0

1735167005
0.85625 0.14375 0.0

1735167006
0.863237139272271 0.13676286072772897 0.0

1735167007
0.813200498132005 0.18679950186799502 0.0

1735167008
0.8225 0.1775 0.0

1735167009
0.7925 0.2075 0.0

1735167010
0.80625 0.19375 0.0

1735167011
0.8475 0.1525 0.0

1735167012
0.81625 0.18375 0.0

1735167013
0.8325 0.1675 0.0

1735167014
0.82625 0.17375 0.0

1735167015
0.835 0.165 0.0

1735167016
0.818523153942428 0.18147684605757197 0.0

1735167017
0.8177278401997503 0.1822721598002497 0.0

1735167018
0.855 0.145 0.0

1735167019
0.845 0.155 0.0

1735167020
0.8473091364205256 0.15269086357947434 0.0

1735167021
0.8682559598494354 0.13174404015056462 0.0

1735167022
0.8689138576779026 0.13108614232209737 0.0

1735167023
0.765 0.235 0.0

