1735166434
0.0 0.0 0.0

1735166435
0.0 0.0 0.0

1735166436
0.0 0.0 0.0

1735166437
0.0 0.0 0.0

1735166438
0.0 0.0 0.0

1735166439
0.0 0.0 0.0

1735166440
0.0 0.0 0.0

1735166441
0.0 0.0 0.0

1735166442
0.0 0.0 0.0

1735166443
0.0 0.0 0.0

1735166444
0.0 0.0 0.0

1735166445
0.0 0.0 0.0

1735166446
0.0 0.0 0.0

1735166447
0.0 0.0 0.0

1735166448
0.0 0.0 0.0

1735166449
0.0 0.0 0.0

1735166450
0.0 0.0 0.0

1735166451
0.0 0.0 0.0

1735166452
0.0 0.0 0.0

1735166453
0.0 0.0 0.0

1735166454
0.0 0.0 0.0

1735166455
0.0 0.0 0.0

1735166456
0.0 0.0 0.0

1735166457
0.0 0.0 0.0

1735166458
0.0 0.0 0.0

1735166460
0.0 0.0 0.0

1735166461
0.0 0.0 0.0

1735166462
0.0 0.0 0.0

1735166463
0.0 0.0 0.0

1735166464
0.0 0.0 0.0

1735166465
0.0 0.0 0.0

1735166466
0.0 0.0 0.0

1735166467
0.0 0.0 0.0

1735166468
0.0 0.0 0.0

1735166469
0.0 0.0 0.0

1735166470
0.0 0.0 0.0

1735166471
0.0 0.0 0.0

1735166472
0.0 0.0 0.0

1735166473
0.0 0.0 0.0

1735166474
0.0 0.0 0.0

1735166475
0.0 0.0 0.0

1735166476
0.0 0.0 0.0

1735166477
0.0 0.0 0.0

1735166478
0.0 0.0 0.0

1735166479
0.0 0.0 0.0

1735166480
0.0 0.0 0.0

1735166481
0.0 0.0 0.0

1735166482
0.0 0.0 0.0

1735166483
0.0 0.0 0.0

1735166484
0.0 0.0 0.0

1735166485
0.0 0.0 0.0

1735166486
0.0 0.0 0.0

1735166487
0.0 0.0 0.0

1735166488
0.0 0.0 0.0

1735166489
0.0 0.0 0.0

1735166490
0.0 0.0 0.0

1735166491
0.0 0.0 0.0

1735166492
0.0 0.0 0.0

1735166493
0.0 0.0 0.0

1735166494
0.0 0.0 0.0

1735166495
0.0 0.0 0.0

1735166496
0.0 0.0 0.0

1735166497
0.0 0.0 0.0

1735166498
0.0 0.0 0.0

1735166499
0.0 0.0 0.0

1735166500
0.0 0.0 0.0

1735166501
0.0 0.0 0.0

1735166503
0.0 0.0 0.0

1735166504
0.0 0.0 0.0

1735166505
0.0 0.0 0.0

1735166506
0.0 0.0 0.0

1735166507
0.0 0.0 0.0

1735166508
0.0 0.0 0.0

1735166509
0.0 0.0 0.0

1735166510
0.0 0.0 0.0

1735166511
0.0 0.0 0.0

1735166512
0.0 0.0 0.0

1735166513
0.0 0.0 0.0

1735166514
0.0 0.0 0.0

1735166515
0.0 0.0 0.0

1735166516
0.0 0.0 0.0

1735166517
0.0 0.0 0.0

1735166518
0.0 0.0 0.0

1735166519
0.0 0.0 0.0

1735166520
0.0 0.0 0.0

1735166521
0.0 0.0 0.0

1735166522
0.0 0.0 0.0

1735166523
0.0 0.0 0.0

1735166524
0.0 0.0 0.0

1735166525
0.0 0.0 0.0

1735166526
0.0 0.0 0.0

1735166527
0.0 0.0 0.0

1735166528
0.0 0.0 0.0

1735166529
0.0 0.0 0.0

1735166530
0.0 0.0 0.0

1735166531
0.0 0.0 0.0

1735166532
0.0 0.0 0.0

1735166533
0.0 0.0 0.0

1735166534
0.0 0.0 0.0

1735166535
0.0 0.0 0.0

1735166536
0.0 0.0 0.0

1735166537
0.0 0.0 0.0

1735166538
0.0 0.0 0.0

1735166539
0.0 0.0 0.0

1735166540
0.0 0.0 0.0

1735166541
0.0 0.0 0.0

1735166542
0.0 0.0 0.0

1735166543
0.0 0.0 0.0

1735166544
0.0 0.0 0.0

1735166545
0.0 0.0 0.0

1735166546
0.0 0.0 0.0

1735166547
0.0 0.0 0.0

1735166548
0.0 0.0 0.0

1735166549
0.0 0.0 0.0

1735166550
0.0 0.0 0.0

1735166551
0.0 0.0 0.0

1735166552
0.0 0.0 0.0

1735166553
0.0 0.0 0.0

1735166554
0.0 0.0 0.0

1735166555
0.0 0.0 0.0

1735166556
0.0 0.0 0.0

1735166557
0.0 0.0 0.0

1735166558
0.0 0.0 0.0

1735166559
0.0 0.0 0.0

1735166560
0.0 0.0 0.0

1735166561
0.0 0.0 0.0

1735166562
0.0 0.0 0.0

1735166563
0.0 0.0 0.0

1735166564
0.0 0.0 0.0

1735166565
0.0 0.0 0.0

1735166566
0.0 0.0 0.0

1735166567
0.0 0.0 0.0

1735166568
0.0 0.0 0.0

1735166569
0.0 0.0 0.0

1735166570
0.0 0.0 0.0

1735166571
0.0 0.0 0.0

1735166572
0.0 0.0 0.0

1735166573
0.0 0.0 0.0

1735166574
0.0 0.0 0.0

1735166575
0.0 0.0 0.0

1735166576
0.0 0.0 0.0

1735166577
0.0 0.0 0.0

1735166578
0.0 0.0 0.0

1735166579
0.0 0.0 0.0

1735166580
0.0 0.0 0.0

1735166581
0.0 0.0 0.0

1735166582
0.0 0.0 0.0

1735166583
0.0 0.0 0.0

1735166584
0.0 0.0 0.0

1735166585
0.0 0.0 0.0

1735166586
0.0 0.0 0.0

1735166587
0.0 0.0 0.0

1735166588
0.0 0.0 0.0

1735166589
0.0 0.0 0.0

1735166590
0.0 0.0 0.0

1735166591
0.0 0.0 0.0

1735166592
0.0 0.0 0.0

1735166593
0.0 0.0 0.0

1735166594
0.0 0.0 0.0

1735166595
0.0 0.0 0.0

1735166596
0.0 0.0 0.0

1735166597
0.0 0.0 0.0

1735166598
0.0 0.0 0.0

1735166599
0.0 0.0 0.0

1735166600
0.0 0.0 0.0

1735166601
0.0 0.0 0.0

1735166602
0.0 0.0 0.0

1735166603
0.0 0.0 0.0

1735166604
0.0 0.0 0.0

1735166605
0.0 0.0 0.0

1735166606
0.0 0.0 0.0

1735166607
0.0 0.0 0.0

1735166608
0.0 0.0 0.0

1735166609
0.0 0.0 0.0

1735166610
0.0 0.0 0.0

1735166611
0.0 0.0 0.0

1735166612
0.0 0.0 0.0

1735166613
0.0 0.0 0.0

1735166614
0.0 0.0 0.0

1735166615
0.0 0.0 0.0

1735166616
0.0 0.0 0.0

1735166617
0.0 0.0 0.0

1735166618
0.0 0.0 0.0

1735166619
0.0 0.0 0.0

1735166620
0.0 0.0 0.0

1735166621
0.0 0.0 0.0

1735166622
0.0 0.0 0.0

1735166623
0.0 0.0 0.0

1735166624
0.0 0.0 0.0

1735166625
0.0 0.0 0.0

1735166626
0.0 0.0 0.0

1735166627
0.0 0.0 0.0

1735166628
0.0 0.0 0.0

1735166629
0.0 0.0 0.0

1735166630
0.0 0.0 0.0

1735166631
0.0 0.0 0.0

1735166632
0.0 0.0 0.0

1735166633
0.0 0.0 0.0

1735166634
0.0 0.0 0.0

1735166635
0.0 0.0 0.0

1735166636
0.0 0.0 0.0

1735166638
0.0 0.0 0.0

1735166639
0.0 0.0 0.0

1735166640
0.0 0.0 0.0

1735166641
0.0 0.0 0.0

1735166642
0.0 0.0 0.0

1735166643
0.0 0.0 0.0

1735166644
0.0 0.0 0.0

1735166645
0.0 0.0 0.0

1735166646
0.0 0.0 0.0

1735166647
0.0 0.0 0.0

1735166648
0.0 0.0 0.0

1735166649
0.0 0.0 0.0

1735166650
0.0 0.0 0.0

1735166651
0.0 0.0 0.0

1735166652
0.0 0.0 0.0

1735166653
0.0 0.0 0.0

1735166654
0.0 0.0 0.0

1735166655
0.0 0.0 0.0

1735166656
0.0 0.0 0.0

1735166657
0.0 0.0 0.0

1735166658
0.0 0.0 0.0

1735166659
0.0 0.0 0.0

1735166660
0.0 0.0 0.0

1735166661
0.0 0.0 0.0

1735166662
0.0 0.0 0.0

1735166663
0.0 0.0 0.0

1735166664
0.0 0.0 0.0

1735166665
0.0 0.0 0.0

1735166666
0.0 0.0 0.0

1735166667
0.0 0.0 0.0

1735166668
0.0 0.0 0.0

1735166669
0.0 0.0 0.0

1735166670
0.0 0.0 0.0

1735166671
0.0 0.0 0.0

1735166672
0.0 0.0 0.0

1735166673
0.0 0.0 0.0

1735166674
0.0 0.0 0.0

1735166675
0.0 0.0 0.0

1735166676
0.0 0.0 0.0

1735166677
0.0 0.0 0.0

1735166678
0.0 0.0 0.0

1735166679
0.0 0.0 0.0

1735166681
0.0 0.0 0.0

1735166682
0.0 0.0 0.0

1735166683
0.0 0.0 0.0

1735166684
0.0 0.0 0.0

1735166685
0.0 0.0 0.0

1735166686
0.0 0.0 0.0

1735166687
0.0 0.0 0.0

1735166688
0.0 0.0 0.0

1735166689
0.0 0.0 0.0

1735166690
0.0 0.0 0.0

1735166691
0.0 0.0 0.0

1735166692
0.0 0.0 0.0

1735166693
0.0 0.0 0.0

1735166694
0.0 0.0 0.0

1735166695
0.0 0.0 0.0

1735166696
0.0 0.0 0.0

1735166697
0.0 0.0 0.0

1735166698
0.0 0.0 0.0

1735166699
0.0 0.0 0.0

1735166700
0.0 0.0 0.0

1735166701
0.0 0.0 0.0

1735166702
0.0 0.0 0.0

1735166703
0.0 0.0 0.0

1735166705
0.0 0.0 0.0

1735166706
0.0 0.0 0.0

1735166707
0.0 0.0 0.0

1735166708
0.0 0.0 0.0

1735166709
0.0 0.0 0.0

1735166710
0.0 0.0 0.0

1735166711
0.0 0.0 0.0

1735166712
0.0 0.0 0.0

1735166713
0.0 0.0 0.0

1735166714
0.0 0.0 0.0

1735166715
0.0 0.0 0.0

1735166716
0.0 0.0 0.0

1735166717
0.0 0.0 0.0

1735166718
0.0 0.0 0.0

1735166719
0.0 0.0 0.0

1735166720
0.0 0.0 0.0

1735166721
0.0 0.0 0.0

1735166722
0.0 0.0 0.0

1735166724
0.0 0.0 0.0

1735166725
0.0 0.0 0.0

1735166726
0.0 0.0 0.0

1735166727
0.0 0.0 0.0

1735166728
0.0 0.0 0.0

1735166729
0.0 0.0 0.0

1735166730
0.0 0.0 0.0

1735166731
0.0 0.0 0.0

1735166732
0.0 0.0 0.0

1735166733
0.0 0.0 0.0

1735166734
0.0 0.0 0.0

1735166735
0.0 0.0 0.0

1735166736
0.0 0.0 0.0

1735166737
0.0 0.0 0.0

1735166738
0.0 0.0 0.0

1735166739
0.0 0.0 0.0

1735166740
0.0 0.0 0.0

1735166741
0.0 0.0 0.0

1735166742
0.0 0.0 0.0

1735166743
0.0 0.0 0.0

1735166744
0.0 0.0 0.0

1735166745
0.0 0.0 0.0

1735166746
0.0 0.0 0.0

1735166747
0.0 0.0 0.0

1735166748
0.0 0.0 0.0

1735166749
0.0 0.0 0.0

1735166750
0.0 0.0 0.0

1735166751
0.0 0.0 0.0

1735166752
0.0 0.0 0.0

1735166753
0.0 0.0 0.0

1735166754
0.0 0.0 0.0

1735166756
0.0 0.0 0.0

1735166757
0.0 0.0 0.0

1735166758
0.0 0.0 0.0

1735166759
0.0 0.0 0.0

1735166760
0.0 0.0 0.0

1735166761
0.0 0.0 0.0

1735166762
0.0 0.0 0.0

1735166763
0.0 0.0 0.0

1735166764
0.0 0.0 0.0

1735166765
0.0 0.0 0.0

1735166766
0.0 0.0 0.0

1735166767
0.0 0.0 0.0

1735166768
0.0 0.0 0.0

1735166769
0.0 0.0 0.0

1735166770
0.0 0.0 0.0

1735166771
0.0 0.0 0.0

1735166772
0.0 0.0 0.0

1735166773
0.0 0.0 0.0

1735166774
0.0 0.0 0.0

1735166775
0.0 0.0 0.0

1735166776
0.0 0.0 0.0

1735166777
0.0 0.0 0.0

1735166778
0.0 0.0 0.0

1735166779
0.0 0.0 0.0

1735166780
0.0 0.0 0.0

1735166781
0.0 0.0 0.0

1735166782
0.0 0.0 0.0

1735166783
0.0 0.0 0.0

1735166784
0.0 0.0 0.0

1735166785
0.0 0.0 0.0

1735166786
0.0 0.0 0.0

1735166787
0.0 0.0 0.0

1735166788
0.0 0.0 0.0

1735166789
0.0 0.0 0.0

1735166790
0.0 0.0 0.0

1735166791
0.0 0.0 0.0

1735166792
0.0 0.0 0.0

1735166793
0.0 0.0 0.0

1735166794
0.0 0.0 0.0

1735166795
0.0 0.0 0.0

1735166797
0.0 0.0 0.0

1735166798
0.0 0.0 0.0

1735166799
0.0 0.0 0.0

1735166801
0.0 0.0 0.0

1735166802
0.0 0.0 0.0

1735166803
0.0 0.0 0.0

1735166804
0.0 0.0 0.0

1735166805
0.0 0.0 0.0

1735166806
0.0 0.0 0.0

1735166807
0.0 0.0 0.0

1735166808
0.0 0.0 0.0

1735166809
0.0 0.0 0.0

1735166810
0.0 0.0 0.0

1735166811
0.0 0.0 0.0

1735166812
0.0 0.0 0.0

1735166813
0.0 0.0 0.0

1735166814
0.0 0.0 0.0

1735166815
0.0 0.0 0.0

1735166816
0.0 0.0 0.0

1735166817
0.0 0.0 0.0

1735166818
0.0 0.0 0.0

1735166819
0.0 0.0 0.0

1735166820
0.0 0.0 0.0

1735166821
0.0 0.0 0.0

1735166822
0.0 0.0 0.0

1735166823
0.0 0.0 0.0

1735166824
0.0 0.0 0.0

1735166825
0.0 0.0 0.0

1735166826
0.0 0.0 0.0

1735166827
0.0 0.0 0.0

1735166828
0.0 0.0 0.0

1735166829
0.0 0.0 0.0

1735166830
0.0 0.0 0.0

1735166831
0.0 0.0 0.0

1735166832
0.0 0.0 0.0

1735166833
0.0 0.0 0.0

1735166834
0.0 0.0 0.0

1735166835
0.0 0.0 0.0

1735166836
0.0 0.0 0.0

1735166837
0.0 0.0 0.0

1735166838
0.0 0.0 0.0

1735166839
0.0 0.0 0.0

1735166840
0.0 0.0 0.0

1735166841
0.0 0.0 0.0

1735166842
0.0 0.0 0.0

1735166843
0.0 0.0 0.0

1735166844
0.0 0.0 0.0

1735166845
0.0 0.0 0.0

1735166846
0.0 0.0 0.0

1735166847
0.0 0.0 0.0

1735166848
0.0 0.0 0.0

1735166849
0.0 0.0 0.0

1735166850
0.0 0.0 0.0

1735166851
0.0 0.0 0.0

1735166852
0.0 0.0 0.0

1735166853
0.0 0.0 0.0

1735166854
0.0 0.0 0.0

1735166855
0.0 0.0 0.0

1735166856
0.0 0.0 0.0

1735166857
0.0 0.0 0.0

1735166858
0.0 0.0 0.0

1735166859
0.0 0.0 0.0

1735166860
0.0 0.0 0.0

1735166861
0.0 0.0 0.0

1735166862
0.0 0.0 0.0

1735166863
0.0 0.0 0.0

1735166864
0.0 0.0 0.0

1735166865
0.0 0.0 0.0

1735166866
0.0 0.0 0.0

1735166867
0.0 0.0 0.0

1735166868
0.0 0.0 0.0

1735166869
0.0 0.0 0.0

1735166870
0.0 0.0 0.0

1735166871
0.0 0.0 0.0

1735166872
0.0 0.0 0.0

1735166873
0.0 0.0 0.0

1735166874
0.0 0.0 0.0

1735166875
0.0 0.0 0.0

1735166876
0.0 0.0 0.0

1735166877
0.0 0.0 0.0

1735166878
0.0 0.0 0.0

1735166879
0.0 0.0 0.0

1735166880
0.0 0.0 0.0

1735166881
0.0 0.0 0.0

1735166882
0.0 0.0 0.0

1735166883
0.0 0.0 0.0

1735166884
0.0 0.0 0.0

1735166885
0.0 0.0 0.0

1735166886
0.0 0.0 0.0

1735166887
0.0 0.0 0.0

1735166888
0.0 0.0 0.0

1735166889
0.0 0.0 0.0

1735166890
0.0 0.0 0.0

1735166891
0.0 0.0 0.0

1735166892
0.0 0.0 0.0

1735166893
0.0 0.0 0.0

1735166894
0.0 0.0 0.0

1735166895
0.0 0.0 0.0

1735166896
0.0 0.0 0.0

1735166897
0.0 0.0 0.0

1735166898
0.0 0.0 0.0

1735166899
0.0 0.0 0.0

1735166900
0.0 0.0 0.0

1735166901
0.0 0.0 0.0

1735166902
0.0 0.0 0.0

1735166903
0.0 0.0 0.0

1735166904
0.0 0.0 0.0

1735166905
0.0 0.0 0.0

1735166906
0.0 0.0 0.0

1735166907
0.0 0.0 0.0

1735166908
0.0 0.0 0.0

1735166909
0.0 0.0 0.0

1735166910
0.0 0.0 0.0

1735166911
0.0 0.0 0.0

1735166912
0.0 0.0 0.0

1735166913
0.0 0.0 0.0

1735166914
0.0 0.0 0.0

1735166915
0.0 0.0 0.0

1735166916
0.0 0.0 0.0

1735166917
0.0 0.0 0.0

1735166918
0.0 0.0 0.0

1735166920
0.0 0.0 0.0

1735166921
0.0 0.0 0.0

1735166922
0.0 0.0 0.0

1735166923
0.0 0.0 0.0

1735166924
0.0 0.0 0.0

1735166925
0.0 0.0 0.0

1735166926
0.0 0.0 0.0

1735166927
0.0 0.0 0.0

1735166928
0.0 0.0 0.0

1735166929
0.0 0.0 0.0

1735166930
0.0 0.0 0.0

1735166931
0.0 0.0 0.0

1735166932
0.0 0.0 0.0

1735166933
0.0 0.0 0.0

1735166934
0.0 0.0 0.0

1735166935
0.0 0.0 0.0

1735166936
0.0 0.0 0.0

1735166937
0.0 0.0 0.0

1735166938
0.0 0.0 0.0

1735166939
0.0 0.0 0.0

1735166940
0.0 0.0 0.0

1735166941
0.0 0.0 0.0

1735166942
0.0 0.0 0.0

1735166943
0.0 0.0 0.0

1735166944
0.0 0.0 0.0

1735166945
0.0 0.0 0.0

1735166946
0.0 0.0 0.0

1735166947
0.0 0.0 0.0

1735166948
0.0 0.0 0.0

1735166949
0.0 0.0 0.0

1735166950
0.0 0.0 0.0

1735166951
0.0 0.0 0.0

1735166952
0.0 0.0 0.0

1735166953
0.0 0.0 0.0

1735166954
0.0 0.0 0.0

1735166955
0.0 0.0 0.0

1735166956
0.0 0.0 0.0

1735166957
0.0 0.0 0.0

1735166958
0.0 0.0 0.0

1735166959
0.0 0.0 0.0

1735166960
0.0 0.0 0.0

1735166961
0.0 0.0 0.0

1735166962
0.0 0.0 0.0

1735166963
0.0 0.0 0.0

1735166964
0.0 0.0 0.0

1735166965
0.0 0.0 0.0

1735166966
0.0 0.0 0.0

1735166967
0.0 0.0 0.0

1735166968
0.0 0.0 0.0

1735166969
0.0 0.0 0.0

1735166970
0.0 0.0 0.0

1735166971
0.0 0.0 0.0

1735166972
0.0 0.0 0.0

1735166973
0.0 0.0 0.0

1735166974
0.0 0.0 0.0

1735166975
0.0 0.0 0.0

1735166976
0.0 0.0 0.0

1735166977
0.0 0.0 0.0

1735166978
0.0 0.0 0.0

1735166979
0.0 0.0 0.0

1735166980
0.0 0.0 0.0

1735166981
0.0 0.0 0.0

1735166982
0.0 0.0 0.0

1735166983
0.0 0.0 0.0

1735166984
0.0 0.0 0.0

1735166985
0.0 0.0 0.0

1735166986
0.0 0.0 0.0

1735166987
0.0 0.0 0.0

1735166988
0.0 0.0 0.0

1735166989
0.0 0.0 0.0

1735166990
0.0 0.0 0.0

1735166991
0.0 0.0 0.0

1735166992
0.0 0.0 0.0

1735166993
0.0 0.0 0.0

1735166994
0.0 0.0 0.0

1735166995
0.0 0.0 0.0

1735166996
0.0 0.0 0.0

1735166997
0.0 0.0 0.0

1735166998
0.0 0.0 0.0

1735166999
0.0 0.0 0.0

1735167000
0.0 0.0 0.0

1735167001
0.0 0.0 0.0

1735167002
0.0 0.0 0.0

1735167003
0.0 0.0 0.0

1735167004
0.0 0.0 0.0

1735167005
0.0 0.0 0.0

1735167006
0.0 0.0 0.0

1735167007
0.0 0.0 0.0

1735167008
0.0 0.0 0.0

1735167009
0.0 0.0 0.0

1735167010
0.0 0.0 0.0

1735167011
0.0 0.0 0.0

1735167012
0.0 0.0 0.0

1735167013
0.0 0.0 0.0

1735167014
0.0 0.0 0.0

1735167015
0.0 0.0 0.0

1735167016
0.0 0.0 0.0

1735167017
0.0 0.0 0.0

1735167018
0.0 0.0 0.0

1735167019
0.0 0.0 0.0

1735167020
0.0 0.0 0.0

1735167021
0.0 0.0 0.0

1735167022
0.0 0.0 0.0

