1735166434
4006768 526236 286552 1581920 0 0

1735166435
4006768 362608 286800 1585824 0 0

1735166436
4006768 375960 287044 1588476 0 0

1735166437
4006768 361472 287228 1598564 0 0

1735166438
4006768 338504 287420 1614768 0 0

1735166439
4006768 294628 287708 1644468 0 0

1735166440
4006768 306612 288032 1664068 0 0

1735166441
4006768 298188 288184 1669780 0 0

1735166442
4006768 220488 288840 1707760 0 0

1735166443
4006768 208036 288904 1716060 0 0

1735166444
4006768 219460 288976 1722752 0 0

1735166445
4006768 213280 289096 1729452 0 0

1735166446
4006768 193820 289252 1736296 0 0

1735166447
4006768 192712 289776 1764572 0 0

1735166448
4006768 114724 281796 1809584 0 0

1735166449
4006768 131840 276632 1810824 0 0

1735166450
4006768 168056 269456 1783836 0 0

1735166451
4006768 149488 269460 1795116 0 0

1735166452
4006768 151500 269460 1807452 0 0

1735166453
4006768 155988 265744 1794480 0 0

1735166454
4006768 109956 265888 1814072 0 0

1735166455
4006768 143356 260724 1805472 0 0

1735166456
4006768 114688 258724 1803560 0 0

1735166457
4006768 120156 240016 1738140 0 0

1735166458
4006768 151320 230768 1717428 0 0

1735166460
4006768 147444 226912 1765816 0 0

1735166461
4006768 119084 225380 1793096 0 0

1735166462
4006768 113616 221916 1794656 0 0

1735166463
4006768 117420 216508 1777528 0 0

1735166464
4006768 226260 216928 1673692 0 0

1735166465
4006768 143504 217424 1730444 0 0

1735166466
4006768 123124 216684 1750280 0 0

1735166467
4006768 113256 214364 1748196 0 0

1735166468
4006768 116844 210804 1738116 0 0

1735166469
4006768 120060 209008 1737576 0 0

1735166470
4006768 123152 205940 1721284 0 0

1735166471
4006768 127504 204196 1723284 0 0

1735166472
4006768 122788 201144 1717800 0 0

1735166473
4006768 115060 199464 1728140 0 0

1735166474
4006768 127744 195748 1712032 0 0

1735166475
4006768 153804 194312 1719328 0 0

1735166476
4006768 133412 195088 1752012 0 0

1735166477
4006768 165388 195420 1773396 0 0

1735166478
4006768 194520 195500 1778272 0 0

1735166479
4006768 174896 195552 1783560 0 0

1735166480
4006768 127176 196004 1809776 0 0

1735166481
4006768 125700 194456 1806048 0 0

1735166482
4006768 129012 194524 1819524 0 0

1735166483
4006768 124936 192960 1803968 0 0

1735166484
4006768 112888 186596 1718512 0 0

1735166485
4006768 180532 179680 1627960 0 0

1735166486
4006768 136072 180796 1669592 0 0

1735166487
4006768 122484 172648 1612896 0 0

1735166488
4006768 140176 165168 1605516 0 0

1735166489
4006768 142576 157776 1543968 0 0

1735166490
4006768 150104 157464 1554500 0 0

1735166491
4006768 124328 153500 1499664 0 0

1735166492
4006768 136780 151348 1473276 0 0

1735166493
4006768 273612 150792 1447716 0 0

1735166494
4006768 197328 150988 1454692 0 0

1735166495
4006768 122824 150536 1450536 0 0

1735166496
4006768 212404 146476 1405960 0 0

1735166497
4006768 132004 146536 1417756 0 0

1735166498
4006768 192964 138184 1327144 0 0

1735166499
4006768 129856 135908 1319744 0 0

1735166500
4006768 108904 135912 1321952 0 0

1735166501
4006768 297196 135968 1335728 0 0

1735166503
4006768 337328 136036 1345420 0 0

1735166504
4006768 272276 136796 1360628 0 0

1735166505
4006768 443512 142128 1430636 0 0

1735166506
4006768 286236 145776 1526440 0 0

1735166507
4006768 216328 148340 1599276 0 0

1735166508
4006768 306424 148908 1611172 0 0

1735166509
4006768 225024 149128 1621172 0 0

1735166510
4006768 153900 149368 1627252 0 0

1735166511
4006768 116308 149376 1634844 0 0

1735166512
4006768 121788 147276 1600664 0 0

1735166513
4006768 142544 138720 1487644 0 0

1735166514
4006768 128844 137884 1485784 0 0

1735166515
4006768 219924 129620 1438076 0 0

1735166516
4006768 155956 129720 1441408 0 0

1735166517
4006768 268348 129828 1443092 0 0

1735166518
4006768 463744 129944 1452216 0 0

1735166519
4006768 457044 130540 1467692 0 0

1735166520
4006768 421836 131588 1480800 0 0

1735166521
4006768 451320 132732 1482740 0 0

1735166522
4006768 397900 132996 1484552 0 0

1735166523
4006768 387536 133488 1503636 0 0

1735166524
4006768 382496 134160 1507780 0 0

1735166525
4006768 470224 135880 1557292 0 0

1735166526
4006768 339612 137612 1664580 0 0

1735166527
4006768 269320 138292 1708404 0 0

1735166528
4006768 129620 133696 1680524 0 0

1735166529
4006768 133064 131912 1650260 0 0

1735166530
4006768 126344 120404 1633008 0 0

1735166531
4006768 118424 119012 1563132 0 0

1735166532
4006768 189112 118328 1573604 0 0

1735166533
4006768 313344 118376 1577800 0 0

1735166534
4006768 318220 118484 1581740 0 0

1735166535
4006768 300056 118952 1585584 0 0

1735166536
4006768 278752 119488 1590472 0 0

1735166537
4006768 220684 119924 1614844 0 0

1735166538
4006768 175400 120164 1618040 0 0

1735166539
4006768 181108 120260 1622248 0 0

1735166540
4006768 317628 120320 1632028 0 0

1735166541
4006768 295812 120392 1641792 0 0

1735166542
4006768 282824 120668 1656632 0 0

1735166543
4006768 297860 121172 1666004 0 0

1735166544
4006768 265548 121340 1681068 0 0

1735166545
4006768 256244 121756 1685280 0 0

1735166546
4006768 262016 121928 1690440 0 0

1735166547
4006768 236152 121992 1698464 0 0

1735166548
4006768 232280 122168 1707300 0 0

1735166549
4006768 228152 122212 1717920 0 0

1735166550
4006768 211712 122348 1727748 0 0

1735166551
4006768 202288 122612 1750996 0 0

1735166552
4006768 145416 122152 1806584 0 0

1735166553
4006768 117956 121444 1824384 0 0

1735166554
4006768 130576 120276 1819812 0 0

1735166555
4006768 139240 120384 1827676 0 0

1735166556
4006768 153984 120428 1832048 0 0

1735166557
4006768 150136 117096 1774552 0 0

1735166558
4006768 194176 113276 1749280 0 0

1735166559
4006768 138264 113348 1754148 0 0

1735166560
4006768 182540 113552 1759380 0 0

1735166561
4006768 132896 114036 1780728 0 0

1735166562
4006768 138192 112648 1725224 0 0

1735166563
4006768 321356 110328 1547760 0 0

1735166564
4006768 363892 111344 1566684 0 0

1735166565
4006768 408268 111560 1567932 0 0

1735166566
4006768 391560 112652 1571532 0 0

1735166567
4006768 406720 113168 1579388 0 0

1735166568
4006768 476404 113668 1581104 0 0

1735166569
4006768 362396 122216 1636260 0 0

1735166570
4006768 337792 123268 1642044 0 0

1735166571
4006768 350892 123756 1646100 0 0

1735166572
4006768 321936 124336 1662496 0 0

1735166573
4006768 246996 125152 1674992 0 0

1735166574
4006768 301168 125712 1691620 0 0

1735166575
4006768 251340 126364 1708444 0 0

1735166576
4006768 246368 126668 1724916 0 0

1735166577
4006768 259348 127164 1738884 0 0

1735166578
4006768 249608 127852 1751732 0 0

1735166579
4006768 197500 128328 1779132 0 0

1735166580
4006768 170836 128568 1791904 0 0

1735166581
4006768 159748 128696 1804556 0 0

1735166582
4006768 173448 129132 1818676 0 0

1735166583
4006768 112064 129436 1831728 0 0

1735166584
4006768 106548 129712 1847716 0 0

1735166585
4006768 140124 129348 1843144 0 0

1735166586
4006768 137732 127988 1815096 0 0

1735166587
4006768 135688 128240 1828072 0 0

1735166588
4006768 114868 127904 1821836 0 0

1735166589
4006768 116056 127200 1815196 0 0

1735166590
4006768 106756 126356 1805528 0 0

1735166591
4006768 149912 125700 1800448 0 0

1735166592
4006768 144508 125724 1813740 0 0

1735166593
4006768 123188 125776 1826904 0 0

1735166594
4006768 147832 125252 1819216 0 0

1735166595
4006768 123752 124868 1816944 0 0

1735166596
4006768 147564 124340 1827944 0 0

1735166597
4006768 112764 124824 1838724 0 0

1735166598
4006768 149692 125664 1841660 0 0

1735166599
4006768 124152 125768 1838060 0 0

1735166600
4006768 123284 126164 1842428 0 0

1735166601
4006768 129444 126252 1831528 0 0

1735166602
4006768 122420 126524 1841088 0 0

1735166603
4006768 116916 126832 1849248 0 0

1735166604
4006768 137908 127204 1842952 0 0

1735166605
4006768 114760 129052 1844832 0 0

1735166606
4006768 128692 129156 1843504 0 0

1735166607
4006768 133704 130036 1835116 0 0

1735166608
4006768 144836 130120 1821256 0 0

1735166609
4006768 117272 130336 1822392 0 0

1735166610
4006768 120052 130668 1824012 0 0

1735166611
4006768 127592 131176 1825732 0 0

1735166612
4006768 173876 131276 1745720 0 0

1735166613
4006768 154504 132040 1775032 0 0

1735166614
4006768 141484 132140 1774196 0 0

1735166615
4006768 150500 132260 1785876 0 0

1735166616
4006768 130052 132316 1796580 0 0

1735166617
4006768 106612 132324 1808392 0 0

1735166618
4006768 129528 131908 1777752 0 0

1735166619
4006768 129044 132064 1789264 0 0

1735166620
4006768 143132 132156 1772552 0 0

1735166621
4006768 139896 132284 1784584 0 0

1735166622
4006768 110068 132988 1808344 0 0

1735166623
4006768 143096 133272 1791100 0 0

1735166624
4006768 130232 133556 1804420 0 0

1735166625
4006768 118176 133808 1773964 0 0

1735166626
4006768 122064 133248 1745164 0 0

1735166627
4006768 105436 133224 1743372 0 0

1735166628
4006768 110284 133140 1713120 0 0

1735166629
4006768 153144 133160 1704456 0 0

1735166630
4006768 131292 133172 1716556 0 0

1735166631
4006768 128100 133016 1699924 0 0

1735166632
4006768 131376 133016 1706156 0 0

1735166633
4006768 124904 133056 1721052 0 0

1735166634
4006768 149660 133092 1733616 0 0

1735166635
4006768 114544 133280 1723712 0 0

1735166636
4006768 143136 133508 1693212 0 0

1735166638
4006768 163544 133548 1685976 0 0

1735166639
4006768 141980 129500 1652748 0 0

1735166640
4006768 133960 129576 1656608 0 0

1735166641
4006768 161528 127320 1611892 0 0

1735166642
4006768 171356 127324 1617492 0 0

1735166643
4006768 181088 127416 1623992 0 0

1735166644
4006768 178648 127528 1632196 0 0

1735166645
4006768 183124 127680 1638436 0 0

1735166646
4006768 130308 127776 1645928 0 0

1735166647
4006768 158748 122348 1604052 0 0

1735166648
4006768 228172 122532 1612352 0 0

1735166649
4006768 220804 122532 1615068 0 0

1735166650
4006768 207020 122572 1621016 0 0

1735166651
4006768 217924 122572 1624856 0 0

1735166652
4006768 234536 122604 1630276 0 0

1735166653
4006768 200904 122628 1636336 0 0

1735166654
4006768 161596 122740 1644420 0 0

1735166655
4006768 154124 122760 1650580 0 0

1735166656
4006768 172904 121884 1527860 0 0

1735166657
4006768 186100 121560 1524768 0 0

1735166658
4006768 292852 121744 1531880 0 0

1735166659
4006768 215100 121748 1541204 0 0

1735166660
4006768 294232 122040 1550892 0 0

1735166661
4006768 332024 122180 1559960 0 0

1735166662
4006768 193244 122216 1569340 0 0

1735166663
4006768 179032 122384 1577848 0 0

1735166664
4006768 175768 122424 1586552 0 0

1735166665
4006768 281616 122848 1599308 0 0

1735166666
4006768 166676 124136 1601920 0 0

1735166667
4006768 160652 124236 1602596 0 0

1735166668
4006768 204096 124440 1606248 0 0

1735166669
4006768 157560 125092 1650468 0 0

1735166670
4006768 171712 125184 1651884 0 0

1735166671
4006768 168268 125684 1656712 0 0

1735166672
4006768 155304 126248 1667208 0 0

1735166673
4006768 153088 126716 1681288 0 0

1735166674
4006768 109328 119636 1664612 0 0

1735166675
4006768 118052 115808 1673468 0 0

1735166676
4006768 113028 117728 1637476 0 0

1735166677
4006768 116720 126316 1597252 0 0

1735166678
4006768 111764 135056 1624096 0 0

1735166679
4006768 117420 135660 1619368 0 0

1735166681
4006768 174172 133544 1528696 0 0

1735166682
4006768 148612 133636 1550332 0 0

1735166683
4006768 139796 133840 1574488 0 0

1735166684
4006768 122052 130268 1574568 0 0

1735166685
4006768 138712 112788 1580776 0 0

1735166686
4006768 122560 104192 1596808 0 0

1735166687
4006768 128196 99884 1611532 0 0

1735166688
4006768 110932 100708 1633668 0 0

1735166689
4006768 130948 99124 1610544 0 0

1735166690
4006768 263160 102440 1651336 0 0

1735166691
4006768 120892 104800 1670320 0 0

1735166692
4006768 165320 107308 1706104 0 0

1735166693
4006768 116144 108512 1713432 0 0

1735166694
4006768 282364 108152 1535356 0 0

1735166695
4006768 164208 112504 1599260 0 0

1735166696
4006768 139276 115088 1622444 0 0

1735166697
4006768 130228 116352 1612484 0 0

1735166698
4006768 318556 114532 1434168 0 0

1735166699
4006768 314388 116340 1461252 0 0

1735166700
4006768 248148 117764 1479168 0 0

1735166701
4006768 213288 119088 1504348 0 0

1735166702
4006768 195444 120016 1520324 0 0

1735166703
4006768 181012 121136 1546408 0 0

1735166705
4006768 147076 122600 1535208 0 0

1735166706
4006768 172096 123844 1557076 0 0

1735166707
4006768 162992 125324 1578420 0 0

1735166708
4006768 210212 126600 1522856 0 0

1735166709
4006768 216272 126716 1525020 0 0

1735166710
4006768 146428 128320 1551372 0 0

1735166711
4006768 159636 129968 1575352 0 0

1735166712
4006768 160528 131324 1581364 0 0

1735166713
4006768 262596 132864 1492000 0 0

1735166714
4006768 188180 133144 1502232 0 0

1735166715
4006768 195936 134160 1534232 0 0

1735166716
4006768 141332 134984 1531664 0 0

1735166717
4006768 170548 135660 1559684 0 0

1735166718
4006768 195468 136080 1552888 0 0

1735166719
4006768 156644 137192 1581848 0 0

1735166720
4006768 121340 137476 1578688 0 0

1735166721
4006768 111728 136720 1497536 0 0

1735166722
4006768 437256 119536 1284128 0 0

1735166724
4006768 486932 120192 1300620 0 0

1735166725
4006768 405512 120760 1345884 0 0

1735166726
4006768 319064 121224 1374252 0 0

1735166727
4006768 253380 121388 1401740 0 0

1735166728
4006768 314968 121444 1417012 0 0

1735166729
4006768 355772 121488 1436144 0 0

1735166730
4006768 295852 121824 1474048 0 0

1735166731
4006768 282812 122392 1508300 0 0

1735166732
4006768 234036 122988 1541384 0 0

1735166733
4006768 291604 123800 1568644 0 0

1735166734
4006768 249164 124228 1592520 0 0

1735166735
4006768 178684 124832 1616924 0 0

1735166736
4006768 127204 125568 1644180 0 0

1735166737
4006768 114808 124564 1646500 0 0

1735166738
4006768 131516 124628 1634188 0 0

1735166739
4006768 148020 124772 1642040 0 0

1735166740
4006768 110036 124780 1631176 0 0

1735166741
4006768 119704 124764 1610044 0 0

1735166742
4006768 114444 124740 1592436 0 0

1735166743
4006768 113556 124884 1586076 0 0

1735166744
4006768 114376 122864 1588676 0 0

1735166745
4006768 121040 119616 1591764 0 0

1735166746
4006768 116756 120588 1571804 0 0

1735166747
4006768 112624 121112 1572332 0 0

1735166748
4006768 109612 122092 1571360 0 0

1735166749
4006768 125972 122688 1577504 0 0

1735166750
4006768 110288 121620 1592096 0 0

1735166751
4006768 116996 121148 1590648 0 0

1735166752
4006768 118452 121616 1591660 0 0

1735166753
4006768 183672 119372 1532268 0 0

1735166754
4006768 190024 119372 1531876 0 0

1735166756
4006768 129476 121176 1593236 0 0

1735166757
4006768 116156 123512 1629256 0 0

1735166758
4006768 127468 123500 1627780 0 0

1735166759
4006768 121508 124656 1616792 0 0

1735166760
4006768 213372 124568 1474400 0 0

1735166761
4006768 161936 125256 1501724 0 0

1735166762
4006768 137200 126032 1512056 0 0

1735166763
4006768 172224 124804 1519872 0 0

1735166764
4006768 146524 125764 1514892 0 0

1735166765
4006768 162312 126236 1501156 0 0

1735166766
4006768 231476 127428 1539412 0 0

1735166767
4006768 123632 128768 1573324 0 0

1735166768
4006768 164848 131964 1620612 0 0

1735166769
4006768 164140 131688 1499792 0 0

1735166770
4006768 129768 133016 1526408 0 0

1735166771
4006768 233584 133696 1527916 0 0

1735166772
4006768 110548 134644 1504772 0 0

1735166773
4006768 299716 137072 1523264 0 0

1735166774
4006768 273248 137612 1525796 0 0

1735166775
4006768 224028 137848 1527000 0 0

1735166776
4006768 220140 138092 1528252 0 0

1735166777
4006768 151992 137612 1537376 0 0

1735166778
4006768 165760 136588 1544132 0 0

1735166779
4006768 190000 136940 1547544 0 0

1735166780
4006768 169964 137292 1549964 0 0

1735166781
4006768 152704 138936 1556692 0 0

1735166782
4006768 161860 139236 1517524 0 0

1735166783
4006768 212240 139440 1517184 0 0

1735166784
4006768 166464 139840 1518852 0 0

1735166785
4006768 232412 141288 1519628 0 0

1735166786
4006768 208200 143672 1521792 0 0

1735166787
4006768 225108 146700 1522596 0 0

1735166788
4006768 227188 147540 1524400 0 0

1735166789
4006768 166416 147752 1524912 0 0

1735166790
4006768 161412 148140 1527776 0 0

1735166791
4006768 196152 148416 1518792 0 0

1735166792
4006768 209280 148180 1500312 0 0

1735166793
4006768 176760 148524 1502332 0 0

1735166794
4006768 167344 148524 1502552 0 0

1735166795
4006768 197092 149976 1500476 0 0

1735166797
4006768 139440 150364 1513672 0 0

1735166798
4006768 129792 148884 1411876 0 0

1735166799
4006768 115200 146400 1244392 0 0

1735166801
4006768 118768 148984 1212708 0 0

1735166802
4006768 203924 149376 1210100 0 0

1735166803
4006768 186116 149564 1232028 0 0

1735166804
4006768 98636 150088 1245728 0 0

1735166805
4006768 118572 150060 1172164 0 0

1735166806
4006768 165248 150048 1134984 0 0

1735166807
4006768 255816 150068 1135264 0 0

1735166808
4006768 231676 150100 1135928 0 0

1735166809
4006768 266724 150480 1137220 0 0

1735166810
4006768 403836 150880 1141180 0 0

1735166811
4006768 387800 151416 1144068 0 0

1735166812
4006768 337364 151700 1147364 0 0

1735166813
4006768 346352 152396 1149676 0 0

1735166814
4006768 340080 153396 1154288 0 0

1735166815
4006768 309164 153752 1155168 0 0

1735166816
4006768 260848 153820 1156108 0 0

1735166817
4006768 247728 153864 1158348 0 0

1735166818
4006768 258068 153936 1164104 0 0

1735166819
4006768 260612 153944 1166660 0 0

1735166820
4006768 245088 153996 1168272 0 0

1735166821
4006768 275352 154264 1169200 0 0

1735166822
4006768 164824 154320 1174732 0 0

1735166823
4006768 199808 154344 1161556 0 0

1735166824
4006768 255556 154424 1164416 0 0

1735166825
4006768 314084 154772 1170572 0 0

1735166826
4006768 264580 154900 1171668 0 0

1735166827
4006768 237512 155008 1173172 0 0

1735166828
4006768 256804 156208 1174532 0 0

1735166829
4006768 183720 156212 1175332 0 0

1735166830
4006768 205028 156216 1176176 0 0

1735166831
4006768 259040 156228 1176852 0 0

1735166832
4006768 268936 156520 1187888 0 0

1735166833
4006768 141984 158532 1225248 0 0

1735166834
4006768 207104 161200 1264608 0 0

1735166835
4006768 124684 164164 1291872 0 0

1735166836
4006768 181216 166404 1273296 0 0

1735166837
4006768 179968 167448 1306508 0 0

1735166838
4006768 109324 168352 1347608 0 0

1735166839
4006768 187708 168604 1250020 0 0

1735166840
4006768 240908 170260 1252288 0 0

1735166841
4006768 99952 170436 1253504 0 0

1735166842
4006768 119080 170340 1041392 0 0

1735166843
4006768 113884 170316 935596 0 0

1735166844
4006768 183508 166248 754184 0 0

1735166845
4006768 238016 166256 755172 0 0

1735166846
4006768 314792 166348 755720 0 0

1735166847
4006768 283752 166388 756944 0 0

1735166848
4006768 407032 166552 758836 0 0

1735166849
4006768 473740 166644 759344 0 0

1735166850
4006768 404352 166664 760176 0 0

1735166851
4006768 411528 166676 760124 0 0

1735166852
4006768 426968 166856 760324 0 0

1735166853
4006768 437364 166896 760960 0 0

1735166854
4006768 390684 166984 761632 0 0

1735166855
4006768 402880 166992 761888 0 0

1735166856
4006768 269892 167032 762060 0 0

1735166857
4006768 359452 167328 763808 0 0

1735166858
4006768 215160 167516 764556 0 0

1735166859
4006768 225668 163028 723364 0 0

1735166860
4006768 372476 163052 720648 0 0

1735166861
4006768 267176 168292 720884 0 0

1735166862
4006768 367232 173100 721992 0 0

1735166863
4006768 625884 173128 721932 0 0

1735166864
4006768 735972 173180 723076 0 0

1735166865
4006768 659972 173236 726300 0 0

1735166866
4006768 684804 173248 730348 0 0

1735166867
4006768 700372 173328 731512 0 0

1735166868
4006768 870476 173364 732116 0 0

1735166869
4006768 734236 173368 734176 0 0

1735166870
4006768 780828 173372 734380 0 0

1735166871
4006768 787964 173372 737156 0 0

1735166872
4006768 794448 173372 738784 0 0

1735166873
4006768 610912 173384 738592 0 0

1735166874
4006768 510472 173384 739804 0 0

1735166875
4006768 683956 173384 740300 0 0

1735166876
4006768 781496 173384 740944 0 0

1735166877
4006768 623868 173388 741056 0 0

1735166878
4006768 714628 173396 741624 0 0

1735166879
4006768 833396 173400 742516 0 0

1735166880
4006768 824000 173400 742880 0 0

1735166881
4006768 662764 173876 743300 0 0

1735166882
4006768 821980 173896 744028 0 0

1735166883
4006768 851540 173912 743680 0 0

1735166884
4006768 798796 173928 744696 0 0

1735166885
4006768 747948 174188 745908 0 0

1735166886
4006768 804824 174188 747368 0 0

1735166887
4006768 938032 174188 748400 0 0

1735166888
4006768 1061892 174196 749432 0 0

1735166889
4006768 1152660 174228 753820 0 0

1735166890
4006768 1105292 174304 756620 0 0

1735166891
4006768 1025768 174668 762956 0 0

1735166892
4006768 1036904 174840 765432 0 0

1735166893
4006768 1003340 174888 765736 0 0

1735166894
4006768 1001292 174896 767540 0 0

1735166895
4006768 1067172 174904 768028 0 0

1735166896
4006768 1094304 174924 768676 0 0

1735166897
4006768 1100600 174936 770020 0 0

1735166898
4006768 1118276 175012 772156 0 0

1735166899
4006768 1072300 175468 772484 0 0

1735166900
4006768 1010472 175712 776428 0 0

1735166901
4006768 995548 175772 780672 0 0

1735166902
4006768 1108372 175864 783480 0 0

1735166903
4006768 945572 176272 785252 0 0

1735166904
4006768 1124380 176352 788000 0 0

1735166905
4006768 899864 176404 790700 0 0

1735166906
4006768 922848 176420 793804 0 0

1735166907
4006768 878512 176728 795340 0 0

1735166908
4006768 808176 176944 796488 0 0

1735166909
4006768 770052 176960 798152 0 0

1735166910
4006768 908640 176964 800248 0 0

1735166911
4006768 837020 176972 800428 0 0

1735166912
4006768 1017152 176980 801480 0 0

1735166913
4006768 1015724 177008 805316 0 0

1735166914
4006768 939716 177400 806252 0 0

1735166915
4006768 964000 178392 810860 0 0

1735166916
4006768 980904 178580 814188 0 0

1735166917
4006768 994036 181628 814896 0 0

1735166918
4006768 970484 181828 815876 0 0

1735166920
4006768 756084 182744 823464 0 0

1735166921
4006768 854704 186024 830188 0 0

1735166922
4006768 793728 186884 835616 0 0

1735166923
4006768 719872 186940 837456 0 0

1735166924
4006768 847132 187092 844404 0 0

1735166925
4006768 783784 190868 911836 0 0

1735166926
4006768 713056 191172 917856 0 0

1735166927
4006768 778540 191240 922364 0 0

1735166928
4006768 710120 191452 925988 0 0

1735166929
4006768 693656 192052 928228 0 0

1735166930
4006768 675780 192164 930320 0 0

1735166931
4006768 742568 192236 934392 0 0

1735166932
4006768 842124 192308 937820 0 0

1735166933
4006768 727888 193252 954016 0 0

1735166934
4006768 780884 193392 955392 0 0

1735166935
4006768 705204 193392 958168 0 0

1735166936
4006768 645228 193484 963204 0 0

1735166937
4006768 658604 193576 963984 0 0

1735166938
4006768 767416 193984 970196 0 0

1735166939
4006768 689452 194680 980496 0 0

1735166940
4006768 614804 195848 985652 0 0

1735166941
4006768 698988 196732 989656 0 0

1735166942
4006768 634708 197548 1002836 0 0

1735166943
4006768 574148 197744 1004356 0 0

1735166944
4006768 562048 197764 1010124 0 0

1735166945
4006768 548528 197796 1013504 0 0

1735166946
4006768 610968 197828 1016020 0 0

1735166947
4006768 607112 197852 1017748 0 0

1735166948
4006768 448872 197868 1020484 0 0

1735166949
4006768 370648 198120 1022124 0 0

1735166950
4006768 409844 198152 1024756 0 0

1735166951
4006768 406700 198360 1025884 0 0

1735166952
4006768 421400 198376 1027224 0 0

1735166953
4006768 515908 198408 1048128 0 0

1735166954
4006768 505476 198480 1048832 0 0

1735166955
4006768 484352 198516 1053296 0 0

1735166956
4006768 514500 198640 1053632 0 0

1735166957
4006768 432428 198804 1056560 0 0

1735166958
4006768 426884 198848 1063600 0 0

1735166959
4006768 107936 194504 1038240 0 0

1735166960
4006768 151516 189692 890432 0 0

1735166961
4006768 212088 175356 821280 0 0

1735166962
4006768 271260 175356 821980 0 0

1735166963
4006768 206848 175364 821820 0 0

1735166964
4006768 89664 175428 753004 0 0

1735166965
4006768 544204 173764 620088 0 0

1735166966
4006768 485916 173772 622020 0 0

1735166967
4006768 950764 173776 609520 0 0

1735166968
4006768 839848 173784 633036 0 0

1735166969
4006768 898988 173840 636972 0 0

1735166970
4006768 1035144 173916 649436 0 0

1735166971
4006768 1052540 174448 650472 0 0

1735166972
4006768 953020 174752 653636 0 0

1735166973
4006768 943580 174964 654444 0 0

1735166974
4006768 965572 174976 654764 0 0

1735166975
4006768 910428 174992 655212 0 0

1735166976
4006768 854436 175008 655756 0 0

1735166977
4006768 1064084 175020 657772 0 0

1735166978
4006768 1078068 175044 661284 0 0

1735166979
4006768 756668 175060 664684 0 0

1735166980
4006768 598688 175176 666496 0 0

1735166981
4006768 405836 175192 668268 0 0

1735166982
4006768 152892 175204 669644 0 0

1735166983
4006768 438984 175148 646044 0 0

1735166984
4006768 490340 175276 648352 0 0

1735166985
4006768 540200 175312 649344 0 0

1735166986
4006768 514472 175328 653080 0 0

1735166987
4006768 443972 175612 653920 0 0

1735166988
4006768 489856 175636 655112 0 0

1735166989
4006768 427752 175652 655864 0 0

1735166990
4006768 376688 175660 656220 0 0

1735166991
4006768 341104 175668 658472 0 0

1735166992
4006768 131424 175672 659152 0 0

1735166993
4006768 111476 156220 579012 0 0

1735166994
4006768 465680 156060 503424 0 0

1735166995
4006768 332052 156072 504340 0 0

1735166996
4006768 499744 156080 505592 0 0

1735166997
4006768 457772 156104 506448 0 0

1735166998
4006768 263452 156160 507060 0 0

1735166999
4006768 641624 156360 509000 0 0

1735167000
4006768 511368 156368 509544 0 0

1735167001
4006768 556460 156380 510884 0 0

1735167002
4006768 359144 156384 511328 0 0

1735167003
4006768 184488 156516 511808 0 0

1735167004
4006768 203916 156500 500348 0 0

1735167005
4006768 229376 156400 392140 0 0

1735167006
4006768 147776 156548 392596 0 0

1735167007
4006768 133092 120264 309148 0 0

1735167008
4006768 366768 114060 274252 0 0

1735167009
4006768 243000 114088 274688 0 0

1735167010
4006768 113280 114108 276088 0 0

1735167011
4006768 452004 78836 242696 0 0

1735167012
4006768 435624 78988 243648 0 0

1735167013
4006768 333992 79004 245004 0 0

1735167014
4006768 267136 79380 245864 0 0

1735167015
4006768 513012 79404 246956 0 0

1735167016
4006768 331000 79412 249820 0 0

1735167017
4006768 178056 79464 264920 0 0

1735167018
4006768 126256 57628 216340 0 0

1735167019
4006768 226172 45632 205316 0 0

1735167020
4006768 347192 45636 205816 0 0

1735167021
4006768 197472 45708 209748 0 0

1735167022
4006768 174472 46828 212212 0 0

1735167023
4006768 108112 9068 163024 0 0

