1735225909
/dev/sda1: 25015123968
overlay: 25015123968

1735225910
/dev/sda1: 25017290752
overlay: 25017290752

1735225911
/dev/sda1: 25019813888
overlay: 25019813888

1735225912
/dev/sda1: 25030119424
overlay: 25030119424

1735225913
/dev/sda1: 25052487680
overlay: 25052487680

1735225914
/dev/sda1: 25075138560
overlay: 25075138560

1735225915
/dev/sda1: 25092382720
overlay: 25092382720

1735225916
/dev/sda1: 25096720384
overlay: 25096720384

1735225917
/dev/sda1: 25099931648
overlay: 25099931648

1735225918
/dev/sda1: 25104883712
overlay: 25104883712

1735225919
/dev/sda1: 25107865600
overlay: 25107865600

1735225920
/dev/sda1: 25111818240
overlay: 25111818240

1735225921
/dev/sda1: 25114996736
overlay: 25114996736

1735225922
/dev/sda1: 25121808384
overlay: 25121808384

1735225923
/dev/sda1: 25132732416
overlay: 25132732416

1735225924
/dev/sda1: 25141747712
overlay: 25141747712

1735225925
/dev/sda1: 25147555840
overlay: 25147555840

1735225926
/dev/sda1: 25168515072
overlay: 25168515072

1735225927
/dev/sda1: 25183862784
overlay: 25183862784

1735225928
/dev/sda1: 25195642880
overlay: 25195642880

1735225929
/dev/sda1: 25198133248
overlay: 25198133248

1735225930
/dev/sda1: 25201582080
overlay: 25201582080

1735225931
/dev/sda1: 25203609600
overlay: 25203609600

1735225932
/dev/sda1: 25206403072
overlay: 25206403072

1735225934
/dev/sda1: 25219129344
overlay: 25219129344

1735225935
/dev/sda1: 25227157504
overlay: 25227157504

1735225936
/dev/sda1: 25238724608
overlay: 25238724608

1735225937
/dev/sda1: 25244942336
overlay: 25244942336

1735225938
/dev/sda1: 25254588416
overlay: 25254588416

1735225939
/dev/sda1: 25259851776
overlay: 25259851776

1735225940
/dev/sda1: 25264214016
overlay: 25264214016

1735225941
/dev/sda1: 25268973568
overlay: 25268973568

1735225943
/dev/sda1: 25436913664
overlay: 25436913664

1735225945
/dev/sda1: 25446014976
overlay: 25446014976

1735225946
/dev/sda1: 25453006848
overlay: 25453006848

1735225947
/dev/sda1: 25455894528
overlay: 25455894528

1735225949
/dev/sda1: 25460670464
overlay: 25460670464

1735225950
/dev/sda1: 25469984768
overlay: 25469984768

1735225951
/dev/sda1: 25473929216
overlay: 25473929216

1735225952
/dev/sda1: 25475543040
overlay: 25475543040

1735225953
/dev/sda1: 25476968448
overlay: 25476968448

1735225954
/dev/sda1: 25478422528
overlay: 25478422528

1735225956
/dev/sda1: 25481633792
overlay: 25481633792

1735225957
/dev/sda1: 25483575296
overlay: 25483575296

1735225958
/dev/sda1: 25485312000
overlay: 25485312000

1735225959
/dev/sda1: 25487249408
overlay: 25487249408

1735225961
/dev/sda1: 25489350656
overlay: 25489350656

1735225963
/dev/sda1: 25491410944
overlay: 25491410944

1735225964
/dev/sda1: 25492447232
overlay: 25492447232

1735225966
/dev/sda1: 25494859776
overlay: 25494859776

1735225967
/dev/sda1: 25496227840
overlay: 25496227840

1735225968
/dev/sda1: 25501212672
overlay: 25501212672

1735225969
/dev/sda1: 25502617600
overlay: 25502617600

1735225970
/dev/sda1: 25503518720
overlay: 25503518720

1735225971
/dev/sda1: 25504477184
overlay: 25504477184

1735225972
/dev/sda1: 25505538048
overlay: 25505538048

1735225973
/dev/sda1: 25509195776
overlay: 25509195776

1735225974
/dev/sda1: 25510612992
overlay: 25510612992

1735225975
/dev/sda1: 25512738816
overlay: 25512738816

1735225976
/dev/sda1: 25514790912
overlay: 25514790912

1735225977
/dev/sda1: 25519665152
overlay: 25519665152

1735225978
/dev/sda1: 25536372736
overlay: 25536372736

1735225979
/dev/sda1: 25546428416
overlay: 25546428416

1735225980
/dev/sda1: 25548140544
overlay: 25548140544

1735225981
/dev/sda1: 25553457152
overlay: 25553457152

1735225982
/dev/sda1: 25555148800
overlay: 25555148800

1735225983
/dev/sda1: 25556676608
overlay: 25556676608

1735225984
/dev/sda1: 25558085632
overlay: 25558085632

1735225985
/dev/sda1: 25560739840
overlay: 25560739840

1735225986
/dev/sda1: 25566322688
overlay: 25566322688

1735225987
/dev/sda1: 25568702464
overlay: 25568702464

1735225988
/dev/sda1: 25570476032
overlay: 25570476032

1735225989
/dev/sda1: 25572139008
overlay: 25572139008

1735225990
/dev/sda1: 25576873984
overlay: 25576873984

1735225991
/dev/sda1: 25581690880
overlay: 25581690880

1735225992
/dev/sda1: 25584742400
overlay: 25584742400

1735225993
/dev/sda1: 25587437568
overlay: 25587437568

1735225995
/dev/sda1: 25591476224
overlay: 25591476224

1735225996
/dev/sda1: 25593356288
overlay: 25593356288

1735225997
/dev/sda1: 25595678720
overlay: 25595678720

1735225998
/dev/sda1: 25603489792
overlay: 25603489792

1735225999
/dev/sda1: 25606270976
overlay: 25606270976

1735226000
/dev/sda1: 25610637312
overlay: 25610637312

1735226001
/dev/sda1: 25615142912
overlay: 25615142912

1735226002
/dev/sda1: 25623277568
overlay: 25623277568

1735226003
/dev/sda1: 25626861568
overlay: 25626861568

1735226004
/dev/sda1: 25629974528
overlay: 25629974528

1735226006
/dev/sda1: 25638756352
overlay: 25638756352

1735226007
/dev/sda1: 25644146688
overlay: 25644146688

1735226008
/dev/sda1: 25650106368
overlay: 25650106368

1735226009
/dev/sda1: 25653071872
overlay: 25653071872

1735226010
/dev/sda1: 25655713792
overlay: 25655713792

1735226011
/dev/sda1: 25659486208
overlay: 25659486208

1735226012
/dev/sda1: 25663737856
overlay: 25663737856

1735226013
/dev/sda1: 25669718016
overlay: 25669718016

1735226014
/dev/sda1: 25673089024
overlay: 25673093120

1735226015
/dev/sda1: 25676185600
overlay: 25676185600

1735226016
/dev/sda1: 25678573568
overlay: 25678573568

1735226017
/dev/sda1: 25680928768
overlay: 25680928768

1735226018
/dev/sda1: 25683202048
overlay: 25683202048

1735226019
/dev/sda1: 25688014848
overlay: 25688014848

1735226020
/dev/sda1: 25690275840
overlay: 25690275840

1735226021
/dev/sda1: 25694613504
overlay: 25694613504

1735226022
/dev/sda1: 25695072256
overlay: 25695072256

1735226023
/dev/sda1: 25697181696
overlay: 25697181696

1735226024
/dev/sda1: 25700818944
overlay: 25700818944

1735226025
/dev/sda1: 25702678528
overlay: 25702678528

1735226027
/dev/sda1: 25710170112
overlay: 25710170112

1735226028
/dev/sda1: 25732825088
overlay: 25732825088

1735226029
/dev/sda1: 25739329536
overlay: 25739329536

1735226030
/dev/sda1: 25741135872
overlay: 25741135872

1735226031
/dev/sda1: 25752977408
overlay: 25752977408

1735226032
/dev/sda1: 25866944512
overlay: 25866948608

1735226033
/dev/sda1: 25869746176
overlay: 25869746176

1735226034
/dev/sda1: 25880383488
overlay: 25880383488

1735226035
/dev/sda1: 25885859840
overlay: 25885859840

1735226036
/dev/sda1: 25887412224
overlay: 25887412224

1735226037
/dev/sda1: 25888940032
overlay: 25888940032

1735226038
/dev/sda1: 25890930688
overlay: 25890930688

1735226039
/dev/sda1: 25892974592
overlay: 25892974592

1735226041
/dev/sda1: 25896787968
overlay: 25896787968

1735226043
/dev/sda1: 25901031424
overlay: 25901031424

1735226044
/dev/sda1: 25902706688
overlay: 25902706688

1735226045
/dev/sda1: 25904590848
overlay: 25904590848

1735226046
/dev/sda1: 25906311168
overlay: 25906311168

1735226047
/dev/sda1: 25907666944
overlay: 25907666944

1735226048
/dev/sda1: 25911427072
overlay: 25911427072

1735226049
/dev/sda1: 25914617856
overlay: 25914617856

1735226050
/dev/sda1: 25919504384
overlay: 25919504384

1735226051
/dev/sda1: 25920888832
overlay: 25920888832

1735226052
/dev/sda1: 25923043328
overlay: 25923043328

1735226053
/dev/sda1: 25926180864
overlay: 25926180864

1735226054
/dev/sda1: 25928577024
overlay: 25928577024

1735226055
/dev/sda1: 25931362304
overlay: 25931362304

1735226056
/dev/sda1: 25933770752
overlay: 25933770752

1735226057
/dev/sda1: 25936494592
overlay: 25936494592

1735226058
/dev/sda1: 25939603456
overlay: 25939603456

1735226059
/dev/sda1: 25942114304
overlay: 25942114304

1735226060
/dev/sda1: 25945559040
overlay: 25945559040

1735226061
/dev/sda1: 25947897856
overlay: 25947897856

1735226062
/dev/sda1: 25951051776
overlay: 25951051776

1735226063
/dev/sda1: 25952542720
overlay: 25952542720

1735226064
/dev/sda1: 25955246080
overlay: 25955246080

1735226065
/dev/sda1: 25958465536
overlay: 25958465536

1735226066
/dev/sda1: 25960251392
overlay: 25960251392

1735226067
/dev/sda1: 25960939520
overlay: 25960939520

1735226068
/dev/sda1: 25962618880
overlay: 25962618880

1735226069
/dev/sda1: 25964142592
overlay: 25964142592

1735226071
/dev/sda1: 25969266688
overlay: 25969266688

1735226072
/dev/sda1: 25970749440
overlay: 25970749440

1735226073
/dev/sda1: 25972916224
overlay: 25972916224

1735226074
/dev/sda1: 25976594432
overlay: 25976594432

1735226075
/dev/sda1: 25978531840
overlay: 25978531840

1735226077
/dev/sda1: 25981386752
overlay: 25981386752

1735226078
/dev/sda1: 25982480384
overlay: 25982480384

1735226079
/dev/sda1: 25984823296
overlay: 25984823296

1735226080
/dev/sda1: 25987862528
overlay: 25987862528

1735226081
/dev/sda1: 25991913472
overlay: 25991913472

1735226082
/dev/sda1: 25994563584
overlay: 25994563584

1735226083
/dev/sda1: 26038317056
overlay: 26038317056

1735226084
/dev/sda1: 26041569280
overlay: 26041569280

1735226085
/dev/sda1: 26045681664
overlay: 26045681664

1735226086
/dev/sda1: 26055618560
overlay: 26055618560

1735226087
/dev/sda1: 26069069824
overlay: 26069069824

1735226088
/dev/sda1: 26070413312
overlay: 26070413312

1735226089
/dev/sda1: 26070581248
overlay: 26070581248

1735226090
/dev/sda1: 26072133632
overlay: 26072133632

1735226091
/dev/sda1: 26074902528
overlay: 26074902528

1735226092
/dev/sda1: 26077597696
overlay: 26077597696

1735226093
/dev/sda1: 26079117312
overlay: 26079117312

1735226094
/dev/sda1: 26080444416
overlay: 26080444416

1735226095
/dev/sda1: 26083291136
overlay: 26083291136

1735226096
/dev/sda1: 26084753408
overlay: 26084753408

1735226097
/dev/sda1: 26086195200
overlay: 26086195200

1735226098
/dev/sda1: 26087714816
overlay: 26087714816

1735226099
/dev/sda1: 26089791488
overlay: 26089791488

1735226100
/dev/sda1: 26090725376
overlay: 26090725376

1735226101
/dev/sda1: 26089750528
overlay: 26089750528

1735226102
/dev/sda1: 26090360832
overlay: 26090360832

1735226103
/dev/sda1: 26090815488
overlay: 26090815488

1735226104
/dev/sda1: 26091278336
overlay: 26091278336

1735226105
/dev/sda1: 26093797376
overlay: 26093797376

1735226106
/dev/sda1: 26097815552
overlay: 26097815552

1735226107
/dev/sda1: 26096238592
overlay: 26096238592

1735226108
/dev/sda1: 26096967680
overlay: 26096967680

1735226109
/dev/sda1: 26099048448
overlay: 26099048448

1735226110
/dev/sda1: 26099642368
overlay: 26099642368

1735226111
/dev/sda1: 26102661120
overlay: 26102661120

1735226113
/dev/sda1: 26106081280
overlay: 26106081280

1735226114
/dev/sda1: 26108051456
overlay: 26108051456

1735226115
/dev/sda1: 26110050304
overlay: 26110050304

1735226116
/dev/sda1: 26110214144
overlay: 26110214144

1735226117
/dev/sda1: 26112311296
overlay: 26112311296

1735226119
/dev/sda1: 26116546560
overlay: 26116546560

1735226120
/dev/sda1: 26118696960
overlay: 26118696960

1735226121
/dev/sda1: 26120699904
overlay: 26120699904

1735226122
/dev/sda1: 26124054528
overlay: 26124054528

1735226123
/dev/sda1: 26123558912
overlay: 26123558912

1735226124
/dev/sda1: 26124455936
overlay: 26124455936

1735226125
/dev/sda1: 26127228928
overlay: 26127228928

1735226126
/dev/sda1: 26129907712
overlay: 26129907712

1735226127
/dev/sda1: 26130022400
overlay: 26130022400

1735226128
/dev/sda1: 26130952192
overlay: 26130952192

1735226129
/dev/sda1: 26133229568
overlay: 26133229568

1735226130
/dev/sda1: 26134237184
overlay: 26134237184

1735226131
/dev/sda1: 26135506944
overlay: 26135506944

1735226132
/dev/sda1: 26136883200
overlay: 26136883200

1735226133
/dev/sda1: 26190422016
overlay: 26190426112

1735226134
/dev/sda1: 26263777280
overlay: 26263777280

1735226135
/dev/sda1: 26360193024
overlay: 26360193024

1735226137
/dev/sda1: 26495332352
overlay: 26495328256

1735226138
/dev/sda1: 26502627328
overlay: 26502627328

1735226140
/dev/sda1: 26538336256
overlay: 26538340352

1735226142
/dev/sda1: 26598301696
overlay: 26598301696

1735226143
/dev/sda1: 26661965824
overlay: 26661965824

1735226145
/dev/sda1: 26729291776
overlay: 26729291776

1735226147
/dev/sda1: 26797236224
overlay: 26797236224

1735226149
/dev/sda1: 26847461376
overlay: 26847461376

1735226150
/dev/sda1: 26877120512
overlay: 26877120512

1735226152
/dev/sda1: 26915012608
overlay: 26915016704

1735226154
/dev/sda1: 26957488128
overlay: 26957484032

1735226155
/dev/sda1: 26985951232
overlay: 26985947136

1735226157
/dev/sda1: 27034324992
overlay: 27034324992

1735226159
/dev/sda1: 27089661952
overlay: 27089666048

1735226161
/dev/sda1: 27133296640
overlay: 27133296640

1735226163
/dev/sda1: 27156385792
overlay: 27156381696

1735226164
/dev/sda1: 27197276160
overlay: 27197276160

1735226166
/dev/sda1: 27268259840
overlay: 27268255744

1735226168
/dev/sda1: 27269206016
overlay: 27269206016

1735226169
/dev/sda1: 27269808128
overlay: 27269808128

1735226171
/dev/sda1: 27280945152
overlay: 27280945152

1735226172
/dev/sda1: 27283640320
overlay: 27283640320

1735226174
/dev/sda1: 27288064000
overlay: 27288064000

1735226175
/dev/sda1: 27288801280
overlay: 27288801280

1735226177
/dev/sda1: 27290038272
overlay: 27290038272

1735226179
/dev/sda1: 27295191040
overlay: 27295191040

1735226180
/dev/sda1: 27297738752
overlay: 27297738752

1735226181
/dev/sda1: 27297480704
overlay: 27297480704

1735226182
/dev/sda1: 27298123776
overlay: 27298123776

1735226184
/dev/sda1: 27301224448
overlay: 27301224448

1735226185
/dev/sda1: 27302146048
overlay: 27302146048

1735226186
/dev/sda1: 27302817792
overlay: 27302817792

1735226187
/dev/sda1: 27304427520
overlay: 27304427520

1735226188
/dev/sda1: 27305558016
overlay: 27305558016

1735226189
/dev/sda1: 27308359680
overlay: 27308359680

1735226190
/dev/sda1: 27310202880
overlay: 27310202880

1735226191
/dev/sda1: 27311120384
overlay: 27311120384

1735226192
/dev/sda1: 27311853568
overlay: 27311853568

1735226193
/dev/sda1: 27313180672
overlay: 27313180672

1735226194
/dev/sda1: 27314900992
overlay: 27314900992

1735226195
/dev/sda1: 27316400128
overlay: 27316400128

1735226196
/dev/sda1: 27318272000
overlay: 27318272000

1735226197
/dev/sda1: 27320401920
overlay: 27320401920

1735226199
/dev/sda1: 27328794624
overlay: 27328794624

1735226200
/dev/sda1: 27335024640
overlay: 27335024640

1735226201
/dev/sda1: 27336916992
overlay: 27336916992

1735226202
/dev/sda1: 27338317824
overlay: 27338317824

1735226204
/dev/sda1: 27342397440
overlay: 27342397440

1735226205
/dev/sda1: 27375247360
overlay: 27375251456

1735226206
/dev/sda1: 27544436736
overlay: 27544436736

1735226208
/dev/sda1: 27638902784
overlay: 27638898688

1735226210
/dev/sda1: 27685814272
overlay: 27685814272

1735226211
/dev/sda1: 27743313920
overlay: 27743313920

1735226213
/dev/sda1: 27775143936
overlay: 27775143936

1735226215
/dev/sda1: 27777757184
overlay: 27777757184

1735226217
/dev/sda1: 27780300800
overlay: 27780300800

1735226219
/dev/sda1: 27783135232
overlay: 27783135232

1735226220
/dev/sda1: 27785101312
overlay: 27785101312

1735226221
/dev/sda1: 27787046912
overlay: 27787046912

1735226223
/dev/sda1: 27794014208
overlay: 27794014208

1735226225
/dev/sda1: 27801673728
overlay: 27801673728

1735226226
/dev/sda1: 27804708864
overlay: 27804708864

1735226227
/dev/sda1: 27806404608
overlay: 27806404608

1735226228
/dev/sda1: 27808399360
overlay: 27808399360

1735226229
/dev/sda1: 27810926592
overlay: 27810926592

1735226230
/dev/sda1: 27812610048
overlay: 27812610048

1735226231
/dev/sda1: 27816165376
overlay: 27816165376

1735226232
/dev/sda1: 27817287680
overlay: 27817287680

1735226234
/dev/sda1: 27822944256
overlay: 27822944256

1735226235
/dev/sda1: 27824500736
overlay: 27824500736

1735226236
/dev/sda1: 27826626560
overlay: 27826626560

1735226237
/dev/sda1: 27830939648
overlay: 27830939648

1735226238
/dev/sda1: 27833716736
overlay: 27833716736

1735226239
/dev/sda1: 27835723776
overlay: 27835723776

1735226240
/dev/sda1: 27837038592
overlay: 27837038592

1735226241
/dev/sda1: 27843182592
overlay: 27843182592

1735226242
/dev/sda1: 27844866048
overlay: 27844866048

1735226243
/dev/sda1: 27845795840
overlay: 27845795840

1735226244
/dev/sda1: 27847061504
overlay: 27847061504

1735226245
/dev/sda1: 27848265728
overlay: 27848265728

1735226247
/dev/sda1: 27850629120
overlay: 27850629120

1735226248
/dev/sda1: 27855020032
overlay: 27855020032

1735226249
/dev/sda1: 27859013632
overlay: 27859013632

1735226250
/dev/sda1: 27862564864
overlay: 27862564864

1735226251
/dev/sda1: 27866157056
overlay: 27866157056

1735226252
/dev/sda1: 27885875200
overlay: 27885879296

1735226253
/dev/sda1: 28012785664
overlay: 28012785664

1735226255
/dev/sda1: 28017233920
overlay: 28017233920

1735226256
/dev/sda1: 28020121600
overlay: 28020121600

1735226257
/dev/sda1: 28023734272
overlay: 28023734272

1735226259
/dev/sda1: 28069339136
overlay: 28069339136

1735226261
/dev/sda1: 28079464448
overlay: 28079464448

1735226263
/dev/sda1: 28168802304
overlay: 28168802304

1735226265
/dev/sda1: 28254715904
overlay: 28254715904

1735226267
/dev/sda1: 28291100672
overlay: 28291100672

1735226269
/dev/sda1: 28294266880
overlay: 28294266880

1735226270
/dev/sda1: 28295032832
overlay: 28295032832

1735226271
/dev/sda1: 28296900608
overlay: 28296900608

1735226272
/dev/sda1: 28298846208
overlay: 28298846208

1735226273
/dev/sda1: 28301582336
overlay: 28301582336

1735226274
/dev/sda1: 28302737408
overlay: 28302737408

1735226275
/dev/sda1: 28304547840
overlay: 28304547840

1735226276
/dev/sda1: 28306857984
overlay: 28306857984

1735226277
/dev/sda1: 28306710528
overlay: 28306710528

1735226278
/dev/sda1: 28308520960
overlay: 28308520960

1735226279
/dev/sda1: 28309643264
overlay: 28309643264

1735226280
/dev/sda1: 28311011328
overlay: 28311011328

1735226281
/dev/sda1: 28314304512
overlay: 28314304512

1735226282
/dev/sda1: 28317581312
overlay: 28317581312

1735226283
/dev/sda1: 28318531584
overlay: 28318531584

1735226284
/dev/sda1: 28324425728
overlay: 28324425728

1735226285
/dev/sda1: 28354621440
overlay: 28354621440

1735226286
/dev/sda1: 28366884864
overlay: 28366884864

1735226287
/dev/sda1: 28375216128
overlay: 28375216128

1735226288
/dev/sda1: 28386054144
overlay: 28386054144

1735226289
/dev/sda1: 28394225664
overlay: 28394225664

1735226290
/dev/sda1: 28406882304
overlay: 28406882304

1735226291
/dev/sda1: 28424257536
overlay: 28424257536

1735226292
/dev/sda1: 28448751616
overlay: 28448751616

1735226294
/dev/sda1: 28449759232
overlay: 28449759232

1735226295
/dev/sda1: 28451737600
overlay: 28451737600

1735226296
/dev/sda1: 28454563840
overlay: 28454563840

1735226297
/dev/sda1: 28455043072
overlay: 28455043072

1735226298
/dev/sda1: 28455800832
overlay: 28455800832

1735226299
/dev/sda1: 28456648704
overlay: 28456648704

1735226300
/dev/sda1: 28457848832
overlay: 28457848832

1735226301
/dev/sda1: 28458885120
overlay: 28458885120

1735226302
/dev/sda1: 28461985792
overlay: 28461985792

1735226303
/dev/sda1: 28463763456
overlay: 28463763456

1735226304
/dev/sda1: 28466376704
overlay: 28466376704

1735226305
/dev/sda1: 28466921472
overlay: 28466921472

1735226306
/dev/sda1: 28467359744
overlay: 28467359744

1735226307
/dev/sda1: 28468150272
overlay: 28468150272

1735226308
/dev/sda1: 28468948992
overlay: 28468948992

1735226309
/dev/sda1: 28469493760
overlay: 28469493760

1735226310
/dev/sda1: 28470005760
overlay: 28470005760

1735226311
/dev/sda1: 28470734848
overlay: 28470734848

1735226312
/dev/sda1: 28471828480
overlay: 28471828480

1735226313
/dev/sda1: 28472881152
overlay: 28472881152

1735226314
/dev/sda1: 28473917440
overlay: 28473917440

1735226315
/dev/sda1: 28475052032
overlay: 28475052032

1735226316
/dev/sda1: 28475555840
overlay: 28475555840

1735226317
/dev/sda1: 28476813312
overlay: 28476813312

1735226318
/dev/sda1: 28477227008
overlay: 28477227008

1735226319
/dev/sda1: 28477501440
overlay: 28477501440

1735226320
/dev/sda1: 28479107072
overlay: 28479107072

1735226321
/dev/sda1: 28480389120
overlay: 28480389120

1735226322
/dev/sda1: 28480847872
overlay: 28480847872

1735226323
/dev/sda1: 28482523136
overlay: 28482523136

1735226324
/dev/sda1: 28487991296
overlay: 28487991296

1735226325
/dev/sda1: 28489224192
overlay: 28489224192

1735226326
/dev/sda1: 28490055680
overlay: 28490055680

1735226328
/dev/sda1: 28491587584
overlay: 28491587584

1735226329
/dev/sda1: 28499091456
overlay: 28499091456

1735226330
/dev/sda1: 28501192704
overlay: 28501192704

1735226331
/dev/sda1: 28502704128
overlay: 28502704128

1735226332
/dev/sda1: 28503617536
overlay: 28503617536

1735226333
/dev/sda1: 28505939968
overlay: 28505939968

1735226334
/dev/sda1: 28506705920
overlay: 28506705920

1735226335
/dev/sda1: 28507492352
overlay: 28507492352

1735226336
/dev/sda1: 28508311552
overlay: 28508315648

1735226337
/dev/sda1: 28509347840
overlay: 28509347840

1735226338
/dev/sda1: 28509642752
overlay: 28509642752

1735226339
/dev/sda1: 28510646272
overlay: 28510646272

1735226340
/dev/sda1: 28514181120
overlay: 28514181120

1735226341
/dev/sda1: 28529668096
overlay: 28529668096

1735226342
/dev/sda1: 28540825600
overlay: 28540825600

1735226343
/dev/sda1: 28541886464
overlay: 28541886464

1735226344
/dev/sda1: 28544720896
overlay: 28544720896

1735226345
/dev/sda1: 28546940928
overlay: 28546940928

1735226346
/dev/sda1: 28548112384
overlay: 28548112384

1735226347
/dev/sda1: 28548956160
overlay: 28548956160

1735226348
/dev/sda1: 28550254592
overlay: 28550254592

1735226349
/dev/sda1: 28560220160
overlay: 28560220160

1735226350
/dev/sda1: 28660924416
overlay: 28660924416

1735226351
/dev/sda1: 28714786816
overlay: 28714786816

1735226353
/dev/sda1: 28720971776
overlay: 28720971776

1735226354
/dev/sda1: 28722618368
overlay: 28722618368

1735226355
/dev/sda1: 28723683328
overlay: 28723683328

1735226356
/dev/sda1: 28724961280
overlay: 28724961280

1735226357
/dev/sda1: 28726452224
overlay: 28726452224

1735226358
/dev/sda1: 28728836096
overlay: 28728836096

1735226360
/dev/sda1: 28733403136
overlay: 28733403136

1735226361
/dev/sda1: 28739506176
overlay: 28739506176

1735226362
/dev/sda1: 28738215936
overlay: 28738215936

1735226363
/dev/sda1: 28739317760
overlay: 28739317760

1735226364
/dev/sda1: 28741332992
overlay: 28741332992

1735226365
/dev/sda1: 28746678272
overlay: 28746678272

1735226366
/dev/sda1: 28748017664
overlay: 28748017664

1735226367
/dev/sda1: 28755042304
overlay: 28755042304

1735226368
/dev/sda1: 28758978560
overlay: 28758978560

1735226369
/dev/sda1: 28764176384
overlay: 28764176384

1735226370
/dev/sda1: 28785876992
overlay: 28785876992

1735226371
/dev/sda1: 28790112256
overlay: 28790112256

1735226372
/dev/sda1: 28792516608
overlay: 28792516608

1735226373
/dev/sda1: 28798398464
overlay: 28798398464

1735226374
/dev/sda1: 28802662400
overlay: 28802662400

1735226375
/dev/sda1: 28805742592
overlay: 28805742592

1735226376
/dev/sda1: 28813029376
overlay: 28813029376

1735226377
/dev/sda1: 28821823488
overlay: 28821823488

1735226378
/dev/sda1: 28825022464
overlay: 28825022464

1735226379
/dev/sda1: 28827541504
overlay: 28827541504

1735226380
/dev/sda1: 28836601856
overlay: 28836601856

1735226381
/dev/sda1: 28842201088
overlay: 28842201088

1735226382
/dev/sda1: 28849688576
overlay: 28849688576

1735226383
/dev/sda1: 28854292480
overlay: 28854292480

1735226384
/dev/sda1: 28878823424
overlay: 28878823424

1735226385
/dev/sda1: 28882010112
overlay: 28882010112

1735226386
/dev/sda1: 28888809472
overlay: 28888809472

1735226387
/dev/sda1: 28892110848
overlay: 28892110848

1735226389
/dev/sda1: 28900839424
overlay: 28900839424

1735226391
/dev/sda1: 28903698432
overlay: 28903698432

1735226392
/dev/sda1: 28901122048
overlay: 28901122048

1735226393
/dev/sda1: 28902584320
overlay: 28902584320

1735226394
/dev/sda1: 28905144320
overlay: 28905144320

1735226395
/dev/sda1: 28907261952
overlay: 28907261952

1735226396
/dev/sda1: 28909543424
overlay: 28909543424

1735226397
/dev/sda1: 28912066560
overlay: 28912066560

1735226398
/dev/sda1: 28910129152
overlay: 28910129152

1735226399
/dev/sda1: 28914638848
overlay: 28914638848

1735226400
/dev/sda1: 28922900480
overlay: 28922900480

1735226401
/dev/sda1: 28925308928
overlay: 28925308928

1735226402
/dev/sda1: 28929245184
overlay: 28929245184

1735226404
/dev/sda1: 28935880704
overlay: 28935880704

1735226405
/dev/sda1: 28943343616
overlay: 28943343616

1735226406
/dev/sda1: 28946644992
overlay: 28946644992

1735226407
/dev/sda1: 28966887424
overlay: 28966887424

1735226408
/dev/sda1: 28969189376
overlay: 28969189376

1735226409
/dev/sda1: 28978851840
overlay: 28978851840

1735226410
/dev/sda1: 28981911552
overlay: 28981911552

1735226411
/dev/sda1: 28984532992
overlay: 28984532992

1735226412
/dev/sda1: 28987367424
overlay: 28987367424

1735226413
/dev/sda1: 28990853120
overlay: 28990853120

1735226414
/dev/sda1: 28994580480
overlay: 28994580480

1735226415
/dev/sda1: 28998856704
overlay: 28998856704

1735226416
/dev/sda1: 29008039936
overlay: 29008039936

1735226417
/dev/sda1: 29014745088
overlay: 29014745088

1735226418
/dev/sda1: 29023358976
overlay: 29023358976

1735226419
/dev/sda1: 29086031872
overlay: 29086031872

1735226420
/dev/sda1: 29088153600
overlay: 29088153600

1735226421
/dev/sda1: 29108719616
overlay: 29108719616

1735226422
/dev/sda1: 29112274944
overlay: 29112274944

1735226423
/dev/sda1: 29116813312
overlay: 29116813312

1735226424
/dev/sda1: 29134557184
overlay: 29134557184

1735226425
/dev/sda1: 29139652608
overlay: 29139652608

1735226426
/dev/sda1: 29196390400
overlay: 29196390400

1735226427
/dev/sda1: 29225009152
overlay: 29225009152

1735226429
/dev/sda1: 29242122240
overlay: 29242122240

1735226430
/dev/sda1: 29257220096
overlay: 29257220096

1735226432
/dev/sda1: 29274406912
overlay: 29274406912

1735226433
/dev/sda1: 29281112064
overlay: 29281112064

1735226434
/dev/sda1: 29282328576
overlay: 29282328576

1735226435
/dev/sda1: 29283364864
overlay: 29283364864

1735226436
/dev/sda1: 29284708352
overlay: 29284708352

1735226437
/dev/sda1: 29287395328
overlay: 29287395328

1735226438
/dev/sda1: 29288361984
overlay: 29288361984

1735226439
/dev/sda1: 29291491328
overlay: 29291491328

1735226440
/dev/sda1: 29300506624
overlay: 29300506624

1735226441
/dev/sda1: 29311332352
overlay: 29311332352

1735226442
/dev/sda1: 29324021760
overlay: 29324021760

1735226443
/dev/sda1: 29327532032
overlay: 29327532032

1735226445
/dev/sda1: 29341220864
overlay: 29341220864

1735226446
/dev/sda1: 29344120832
overlay: 29344120832

1735226448
/dev/sda1: 29349142528
overlay: 29349142528

1735226450
/dev/sda1: 29355577344
overlay: 29355577344

1735226451
/dev/sda1: 29360877568
overlay: 29360877568

1735226452
/dev/sda1: 29362921472
overlay: 29362921472

1735226453
/dev/sda1: 29365604352
overlay: 29365604352

1735226454
/dev/sda1: 29368922112
overlay: 29368922112

1735226455
/dev/sda1: 29372719104
overlay: 29372719104

1735226456
/dev/sda1: 29374246912
overlay: 29374246912

1735226457
/dev/sda1: 29378285568
overlay: 29378285568

1735226458
/dev/sda1: 29380235264
overlay: 29380235264

1735226459
/dev/sda1: 29382688768
overlay: 29382688768

1735226460
/dev/sda1: 29385580544
overlay: 29385580544

1735226461
/dev/sda1: 29427896320
overlay: 29427900416

1735226462
/dev/sda1: 29470859264
overlay: 29470859264

1735226464
/dev/sda1: 29613318144
overlay: 29613318144

1735226465
/dev/sda1: 29682073600
overlay: 29682073600

1735226467
/dev/sda1: 29756047360
overlay: 29756047360

1735226469
/dev/sda1: 29802168320
overlay: 29802168320

1735226470
/dev/sda1: 29836713984
overlay: 29836713984

1735226472
/dev/sda1: 29896417280
overlay: 29896417280

1735226474
/dev/sda1: 29946966016
overlay: 29946966016

1735226476
/dev/sda1: 30022545408
overlay: 30022545408

1735226478
/dev/sda1: 30041116672
overlay: 30041116672

1735226479
/dev/sda1: 30043910144
overlay: 30043910144

1735226481
/dev/sda1: 30059560960
overlay: 30059560960

1735226482
/dev/sda1: 30062788608
overlay: 30062788608

1735226484
/dev/sda1: 30065889280
overlay: 30065889280

1735226485
/dev/sda1: 30067126272
overlay: 30067126272

1735226486
/dev/sda1: 30068813824
overlay: 30068813824

1735226487
/dev/sda1: 30090895360
overlay: 30090903552

1735226488
/dev/sda1: 30135697408
overlay: 30135697408

1735226490
/dev/sda1: 30140993536
overlay: 30140993536

1735226492
/dev/sda1: 30144720896
overlay: 30144720896

1735226493
/dev/sda1: 30149578752
overlay: 30149578752

1735226495
/dev/sda1: 30152151040
overlay: 30152151040

1735226496
/dev/sda1: 30158794752
overlay: 30158794752

1735226497
/dev/sda1: 30159638528
overlay: 30159638528

1735226498
/dev/sda1: 30164226048
overlay: 30164226048

1735226499
/dev/sda1: 30164639744
overlay: 30164639744

1735226500
/dev/sda1: 30166720512
overlay: 30166720512

1735226501
/dev/sda1: 30168702976
overlay: 30168702976

1735226502
/dev/sda1: 30170259456
overlay: 30170259456

1735226503
/dev/sda1: 30172028928
overlay: 30172028928

1735226504
/dev/sda1: 30173413376
overlay: 30173413376

1735226505
/dev/sda1: 30177820672
overlay: 30177820672

1735226506
/dev/sda1: 30179807232
overlay: 30179807232

1735226507
/dev/sda1: 30181769216
overlay: 30181769216

1735226508
/dev/sda1: 30183006208
overlay: 30183006208

1735226509
/dev/sda1: 30184394752
overlay: 30184394752

1735226510
/dev/sda1: 30186946560
overlay: 30186946560

1735226511
/dev/sda1: 30190325760
overlay: 30190329856

1735226512
/dev/sda1: 30190886912
overlay: 30190886912

1735226513
/dev/sda1: 30192091136
overlay: 30192091136

1735226514
/dev/sda1: 30193618944
overlay: 30193618944

1735226515
/dev/sda1: 30195056640
overlay: 30195056640

1735226516
/dev/sda1: 30197702656
overlay: 30197702656

1735226517
/dev/sda1: 30200688640
overlay: 30200688640

1735226518
/dev/sda1: 30203916288
overlay: 30203916288

1735226519
/dev/sda1: 30212317184
overlay: 30212321280

1735226521
/dev/sda1: 30223052800
overlay: 30223052800

1735226523
/dev/sda1: 30223450112
overlay: 30223450112

1735226525
/dev/sda1: 30229532672
overlay: 30229532672

1735226526
/dev/sda1: 30233018368
overlay: 30233018368

1735226527
/dev/sda1: 30234238976
overlay: 30234238976

1735226528
/dev/sda1: 30236643328
overlay: 30236643328

1735226529
/dev/sda1: 30239940608
overlay: 30239940608

1735226530
/dev/sda1: 30244405248
overlay: 30244405248

1735226531
/dev/sda1: 30249156608
overlay: 30249156608

1735226532
/dev/sda1: 30252720128
overlay: 30252720128

1735226533
/dev/sda1: 30254546944
overlay: 30254546944

1735226534
/dev/sda1: 30257950720
overlay: 30257950720

1735226535
/dev/sda1: 30259380224
overlay: 30259380224

1735226536
/dev/sda1: 30285930496
overlay: 30285930496

1735226537
/dev/sda1: 30284935168
overlay: 30284935168

1735226538
/dev/sda1: 30284853248
overlay: 30284853248

1735226539
/dev/sda1: 30287892480
overlay: 30287892480

1735226540
/dev/sda1: 30292058112
overlay: 30292058112

1735226541
/dev/sda1: 30294638592
overlay: 30294638592

1735226542
/dev/sda1: 30311854080
overlay: 30311854080

1735226543
/dev/sda1: 30317416448
overlay: 30317416448

1735226544
/dev/sda1: 30318710784
overlay: 30318710784

1735226545
/dev/sda1: 30321123328
overlay: 30321123328

1735226546
/dev/sda1: 30321082368
overlay: 30321082368

1735226547
/dev/sda1: 30320652288
overlay: 30320652288

1735226548
/dev/sda1: 30324609024
overlay: 30324609024

1735226549
/dev/sda1: 30327152640
overlay: 30327152640

1735226550
/dev/sda1: 30327230464
overlay: 30327230464

1735226551
/dev/sda1: 30330703872
overlay: 30330703872

1735226552
/dev/sda1: 30332198912
overlay: 30332198912

1735226553
/dev/sda1: 30333399040
overlay: 30333399040

1735226554
/dev/sda1: 30334853120
overlay: 30334853120

1735226555
/dev/sda1: 30336528384
overlay: 30336528384

1735226556
/dev/sda1: 30348144640
overlay: 30348144640

1735226557
/dev/sda1: 30356221952
overlay: 30356221952

1735226558
/dev/sda1: 30365188096
overlay: 30365188096

1735226559
/dev/sda1: 30365532160
overlay: 30365532160

1735226560
/dev/sda1: 30365736960
overlay: 30365736960

1735226561
/dev/sda1: 30366056448
overlay: 30366056448

1735226563
/dev/sda1: 30366949376
overlay: 30366949376

1735226564
/dev/sda1: 30382673920
overlay: 30382673920

1735226565
/dev/sda1: 30446374912
overlay: 30446374912

1735226566
/dev/sda1: 30553919488
overlay: 30553923584

1735226567
/dev/sda1: 30672605184
overlay: 30672584704

1735226569
/dev/sda1: 30709063680
overlay: 30709063680

1735226570
/dev/sda1: 30743085056
overlay: 30743085056

1735226572
/dev/sda1: 30809608192
overlay: 30809608192

1735226574
/dev/sda1: 30861258752
overlay: 30861258752

1735226576
/dev/sda1: 30888869888
overlay: 30888869888

1735226577
/dev/sda1: 30917357568
overlay: 30917357568

1735226579
/dev/sda1: 30952894464
overlay: 30952894464

1735226581
/dev/sda1: 30986522624
overlay: 30986522624

1735226582
/dev/sda1: 31016120320
overlay: 31016120320

1735226584
/dev/sda1: 31046328320
overlay: 31046328320

1735226585
/dev/sda1: 31100641280
overlay: 31100641280

1735226587
/dev/sda1: 31132119040
overlay: 31132119040

1735226590
/dev/sda1: 31229710336
overlay: 31229710336

1735226591
/dev/sda1: 31258378240
overlay: 31258378240

1735226593
/dev/sda1: 31303925760
overlay: 31303925760

1735226594
/dev/sda1: 31347007488
overlay: 31347011584

1735226596
/dev/sda1: 31411830784
overlay: 31411830784

1735226598
/dev/sda1: 31457419264
overlay: 31457419264

1735226599
/dev/sda1: 31468867584
overlay: 31468867584

1735226600
/dev/sda1: 31506878464
overlay: 31506882560

1735226602
/dev/sda1: 31574200320
overlay: 31574200320

1735226603
/dev/sda1: 31595347968
overlay: 31595347968

1735226605
/dev/sda1: 31654748160
overlay: 31654748160

1735226606
/dev/sda1: 31691124736
overlay: 31691124736

1735226608
/dev/sda1: 31732281344
overlay: 31732281344

1735226609
/dev/sda1: 31763390464
overlay: 31763390464

1735226611
/dev/sda1: 31802568704
overlay: 31802568704

1735226612
/dev/sda1: 31840866304
overlay: 31840866304

1735226615
/dev/sda1: 31898906624
overlay: 31898906624

1735226617
/dev/sda1: 31937990656
overlay: 31937990656

1735226618
/dev/sda1: 31977570304
overlay: 31977570304

1735226620
/dev/sda1: 32014811136
overlay: 32014811136

1735226621
/dev/sda1: 32040640512
overlay: 32040640512

1735226625
/dev/sda1: 32122626048
overlay: 32122626048

1735226626
/dev/sda1: 32123019264
overlay: 32123019264

1735226627
/dev/sda1: 32123928576
overlay: 32123928576

1735226628
/dev/sda1: 32124563456
overlay: 32124563456

1735226630
/dev/sda1: 32125734912
overlay: 32125734912

1735226631
/dev/sda1: 32126287872
overlay: 32126287872

1735226632
/dev/sda1: 32126615552
overlay: 32126615552

1735226633
/dev/sda1: 32128581632
overlay: 32128581632

1735226635
/dev/sda1: 32129323008
overlay: 32129323008

1735226637
/dev/sda1: 32130834432
overlay: 32130834432

1735226638
/dev/sda1: 32131059712
overlay: 32131059712

1735226639
/dev/sda1: 32131280896
overlay: 32131280896

1735226640
/dev/sda1: 32131624960
overlay: 32131624960

1735226641
/dev/sda1: 32131825664
overlay: 32131825664

1735226642
/dev/sda1: 32132538368
overlay: 32132538368

1735226643
/dev/sda1: 32132751360
overlay: 32132751360

1735226644
/dev/sda1: 32132911104
overlay: 32132911104

1735226645
/dev/sda1: 32133201920
overlay: 32133201920

1735226646
/dev/sda1: 32133365760
overlay: 32133365760

1735226647
/dev/sda1: 32135364608
overlay: 32135364608

1735226648
/dev/sda1: 32136019968
overlay: 32136019968

1735226649
/dev/sda1: 32136441856
overlay: 32136441856

1735226650
/dev/sda1: 32136855552
overlay: 32136855552

1735226651
/dev/sda1: 32137666560
overlay: 32137666560

1735226652
/dev/sda1: 32139538432
overlay: 32139538432

1735226653
/dev/sda1: 32147279872
overlay: 32147279872

1735226654
/dev/sda1: 32147730432
overlay: 32147730432

1735226655
/dev/sda1: 32157413376
overlay: 32157413376

1735226656
/dev/sda1: 32157720576
overlay: 32157720576

1735226657
/dev/sda1: 32160727040
overlay: 32160727040

1735226658
/dev/sda1: 32168779776
overlay: 32168779776

1735226659
/dev/sda1: 32175296512
overlay: 32175296512

1735226660
/dev/sda1: 32176140288
overlay: 32176140288

1735226661
/dev/sda1: 32177418240
overlay: 32177418240

1735226662
/dev/sda1: 32177758208
overlay: 32177758208

1735226663
/dev/sda1: 32185974784
overlay: 32185974784

1735226665
/dev/sda1: 32222056448
overlay: 32222056448

1735226666
/dev/sda1: 32229613568
overlay: 32229613568

1735226667
/dev/sda1: 32231124992
overlay: 32231124992

1735226668
/dev/sda1: 32234065920
overlay: 32234065920

1735226669
/dev/sda1: 32237981696
overlay: 32237981696

1735226670
/dev/sda1: 32285544448
overlay: 32285544448

1735226671
/dev/sda1: 32325304320
overlay: 32325304320

1735226673
/dev/sda1: 32327434240
overlay: 32327434240

1735226674
/dev/sda1: 32328646656
overlay: 32328646656

1735226675
/dev/sda1: 32329678848
overlay: 32329678848

1735226677
/dev/sda1: 32332189696
overlay: 32332189696

1735226678
/dev/sda1: 32333410304
overlay: 32333410304

1735226680
/dev/sda1: 32335847424
overlay: 32335847424

1735226681
/dev/sda1: 32337883136
overlay: 32337883136

1735226682
/dev/sda1: 32339075072
overlay: 32339075072

1735226683
/dev/sda1: 32340971520
overlay: 32340971520

1735226684
/dev/sda1: 32341946368
overlay: 32341946368

1735226685
/dev/sda1: 32343023616
overlay: 32343023616

1735226686
/dev/sda1: 32344952832
overlay: 32344952832

1735226687
/dev/sda1: 32346148864
overlay: 32346148864

1735226688
/dev/sda1: 32347955200
overlay: 32347955200

1735226689
/dev/sda1: 32349736960
overlay: 32349736960

1735226690
/dev/sda1: 32351219712
overlay: 32351219712

1735226691
/dev/sda1: 32353116160
overlay: 32353116160

1735226692
/dev/sda1: 32357191680
overlay: 32357191680

1735226693
/dev/sda1: 32358076416
overlay: 32358076416

1735226694
/dev/sda1: 32359010304
overlay: 32359010304

1735226695
/dev/sda1: 32359940096
overlay: 32359940096

1735226696
/dev/sda1: 32367534080
overlay: 32367534080

1735226697
/dev/sda1: 32371544064
overlay: 32371544064

1735226698
/dev/sda1: 32382091264
overlay: 32382095360

1735226699
/dev/sda1: 32382906368
overlay: 32382906368

1735226700
/dev/sda1: 32399228928
overlay: 32399228928

1735226701
/dev/sda1: 32406642688
overlay: 32406642688

1735226702
/dev/sda1: 32422952960
overlay: 32422952960

1735226703
/dev/sda1: 32464109568
overlay: 32464109568

1735226705
/dev/sda1: 32453812224
overlay: 32453812224

1735226706
/dev/sda1: 32486174720
overlay: 32486178816

1735226707
/dev/sda1: 32532000768
overlay: 32532000768

1735226708
/dev/sda1: 32558657536
overlay: 32558657536

1735226710
/dev/sda1: 32591319040
overlay: 32591319040

1735226712
/dev/sda1: 32593489920
overlay: 32593489920

1735226713
/dev/sda1: 32596189184
overlay: 32596189184

1735226714
/dev/sda1: 32598167552
overlay: 32598167552

1735226715
/dev/sda1: 32600317952
overlay: 32600317952

1735226716
/dev/sda1: 32601882624
overlay: 32601882624

1735226718
/dev/sda1: 32603791360
overlay: 32603791360

1735226719
/dev/sda1: 32607989760
overlay: 32607989760

1735226720
/dev/sda1: 32610672640
overlay: 32610672640

1735226721
/dev/sda1: 32611299328
overlay: 32611299328

1735226722
/dev/sda1: 32612421632
overlay: 32612421632

1735226723
/dev/sda1: 32613306368
overlay: 32613306368

1735226724
/dev/sda1: 32614047744
overlay: 32614047744

1735226725
/dev/sda1: 32614875136
overlay: 32614875136

1735226726
/dev/sda1: 32627572736
overlay: 32627572736

1735226727
/dev/sda1: 32640843776
overlay: 32640843776

1735226728
/dev/sda1: 32653479936
overlay: 32653479936

1735226729
/dev/sda1: 32666255360
overlay: 32666255360

1735226730
/dev/sda1: 32679419904
overlay: 32679419904

1735226731
/dev/sda1: 32691527680
overlay: 32691527680

1735226732
/dev/sda1: 32704000000
overlay: 32704000000

1735226733
/dev/sda1: 32716283904
overlay: 32716283904

1735226734
/dev/sda1: 32728588288
overlay: 32728588288

1735226735
/dev/sda1: 32741462016
overlay: 32741462016

1735226736
/dev/sda1: 32754917376
overlay: 32754917376

1735226738
/dev/sda1: 32760238080
overlay: 32760238080

1735226739
/dev/sda1: 32758939648
overlay: 32758939648

1735226740
/dev/sda1: 32762871808
overlay: 32762871808

1735226742
/dev/sda1: 32765595648
overlay: 32765595648

1735226744
/dev/sda1: 32912269312
overlay: 32912269312

1735226746
/dev/sda1: 32920797184
overlay: 32920797184

1735226747
/dev/sda1: 32926953472
overlay: 32926953472

1735226748
/dev/sda1: 32928366592
overlay: 32928366592

1735226749
/dev/sda1: 32929005568
overlay: 32929005568

1735226750
/dev/sda1: 32929951744
overlay: 32929951744

1735226751
/dev/sda1: 32953155584
overlay: 32953155584

1735226753
/dev/sda1: 33028964352
overlay: 33028964352

1735226755
/dev/sda1: 33133359104
overlay: 33133359104

1735226757
/dev/sda1: 33249144832
overlay: 33249144832

1735226759
/dev/sda1: 33306460160
overlay: 33306460160

1735226760
/dev/sda1: 33346482176
overlay: 33346482176

1735226762
/dev/sda1: 33403944960
overlay: 33403944960

1735226763
/dev/sda1: 33420226560
overlay: 33420226560

1735226765
/dev/sda1: 33487310848
overlay: 33487310848

1735226766
/dev/sda1: 33528754176
overlay: 33528754176

1735226769
/dev/sda1: 33563779072
overlay: 33563779072

1735226770
/dev/sda1: 33626509312
overlay: 33626509312

1735226772
/dev/sda1: 33692749824
overlay: 33692749824

1735226774
/dev/sda1: 33730060288
overlay: 33730060288

1735226775
/dev/sda1: 33739620352
overlay: 33739620352

1735226776
/dev/sda1: 33789538304
overlay: 33789538304

1735226777
/dev/sda1: 33834012672
overlay: 33834016768

1735226779
/dev/sda1: 33873653760
overlay: 33873649664

1735226780
/dev/sda1: 33914617856
overlay: 33914617856

1735226782
/dev/sda1: 33952522240
overlay: 33952522240

1735226783
/dev/sda1: 33999257600
overlay: 33999257600

1735226784
/dev/sda1: 34045943808
overlay: 34045943808

1735226786
/dev/sda1: 34086113280
overlay: 34086096896

1735226788
/dev/sda1: 34120462336
overlay: 34120466432

1735226790
/dev/sda1: 34148106240
overlay: 34148106240

1735226792
/dev/sda1: 34187407360
overlay: 34187407360

1735226793
/dev/sda1: 34222276608
overlay: 34222276608

1735226794
/dev/sda1: 34241421312
overlay: 34241421312

1735226795
/dev/sda1: 34258497536
overlay: 34258497536

1735226797
/dev/sda1: 34296193024
overlay: 34296193024

1735226799
/dev/sda1: 34399125504
overlay: 34399125504

1735226801
/dev/sda1: 34458460160
overlay: 34458460160

1735226803
/dev/sda1: 34451058688
overlay: 34451058688

1735226804
/dev/sda1: 34454089728
overlay: 34454085632

1735226806
/dev/sda1: 34465390592
overlay: 34465390592

1735226808
/dev/sda1: 34460364800
overlay: 34460364800

1735226809
/dev/sda1: 34470551552
overlay: 34470551552

1735226811
/dev/sda1: 34474299392
overlay: 34474299392

1735226812
/dev/sda1: 34475384832
overlay: 34475384832

1735226813
/dev/sda1: 34476404736
overlay: 34476404736

1735226814
/dev/sda1: 34476843008
overlay: 34476843008

1735226815
/dev/sda1: 34480971776
overlay: 34480971776

1735226817
/dev/sda1: 34492997632
overlay: 34492997632

1735226819
/dev/sda1: 34550730752
overlay: 34550730752

1735226820
/dev/sda1: 34561519616
overlay: 34561519616

1735226823
/dev/sda1: 34581606400
overlay: 34581606400

1735226825
/dev/sda1: 34589089792
overlay: 34589089792

1735226826
/dev/sda1: 34595753984
overlay: 34595753984

1735226827
/dev/sda1: 34598723584
overlay: 34598723584

1735226828
/dev/sda1: 34601422848
overlay: 34601422848

1735226829
/dev/sda1: 34604670976
overlay: 34604670976

1735226830
/dev/sda1: 34609463296
overlay: 34609463296

1735226831
/dev/sda1: 34617937920
overlay: 34617937920

1735226832
/dev/sda1: 34623066112
overlay: 34623066112

1735226833
/dev/sda1: 34629013504
overlay: 34629013504

1735226834
/dev/sda1: 34633080832
overlay: 34633080832

1735226835
/dev/sda1: 34634858496
overlay: 34634858496

1735226836
/dev/sda1: 34636873728
overlay: 34636873728

1735226838
/dev/sda1: 34699911168
overlay: 34699911168

1735226839
/dev/sda1: 34701012992
overlay: 34701012992

1735226840
/dev/sda1: 34702913536
overlay: 34702913536

1735226841
/dev/sda1: 34704261120
overlay: 34704261120

1735226842
/dev/sda1: 34707775488
overlay: 34707775488

1735226843
/dev/sda1: 34710159360
overlay: 34710159360

1735226844
/dev/sda1: 34711552000
overlay: 34711552000

1735226845
/dev/sda1: 34713071616
overlay: 34713071616

1735226846
/dev/sda1: 34715340800
overlay: 34715340800

1735226848
/dev/sda1: 34718662656
overlay: 34718662656

1735226849
/dev/sda1: 34719973376
overlay: 34719973376

1735226850
/dev/sda1: 34721234944
overlay: 34721234944

1735226851
/dev/sda1: 34765856768
overlay: 34765856768

1735226852
/dev/sda1: 34767224832
overlay: 34767224832

1735226853
/dev/sda1: 34769129472
overlay: 34769129472

1735226854
/dev/sda1: 34770845696
overlay: 34770845696

1735226855
/dev/sda1: 34772209664
overlay: 34772209664

1735226856
/dev/sda1: 34774253568
overlay: 34774253568

1735226857
/dev/sda1: 34776326144
overlay: 34776326144

1735226859
/dev/sda1: 34780258304
overlay: 34780258304

1735226860
/dev/sda1: 34782212096
overlay: 34782212096

1735226861
/dev/sda1: 34784014336
overlay: 34784014336

1735226862
/dev/sda1: 34829254656
overlay: 34829254656

1735226863
/dev/sda1: 34831577088
overlay: 34831577088

1735226864
/dev/sda1: 34835222528
overlay: 34835222528

1735226865
/dev/sda1: 34838241280
overlay: 34838241280

1735226866
/dev/sda1: 34840772608
overlay: 34840772608

1735226867
/dev/sda1: 34843484160
overlay: 34843484160

1735226868
/dev/sda1: 34846998528
overlay: 34846998528

1735226869
/dev/sda1: 34848960512
overlay: 34848960512

1735226870
/dev/sda1: 34851246080
overlay: 34851246080

1735226871
/dev/sda1: 34852974592
overlay: 34852974592

1735226872
/dev/sda1: 34856652800
overlay: 34856652800

1735226873
/dev/sda1: 34858872832
overlay: 34858872832

1735226874
/dev/sda1: 34861969408
overlay: 34861969408

1735226875
/dev/sda1: 34869030912
overlay: 34869030912

1735226876
/dev/sda1: 34873573376
overlay: 34873573376

1735226877
/dev/sda1: 34881298432
overlay: 34881298432

1735226878
/dev/sda1: 34885038080
overlay: 34885038080

1735226880
/dev/sda1: 34891710464
overlay: 34891710464

1735226882
/dev/sda1: 34899251200
overlay: 34899251200

1735226883
/dev/sda1: 34901045248
overlay: 34901045248

1735226884
/dev/sda1: 34929889280
overlay: 34929889280

1735226885
/dev/sda1: 34933837824
overlay: 34933837824

1735226886
/dev/sda1: 34938011648
overlay: 34938011648

1735226887
/dev/sda1: 34939555840
overlay: 34939555840

1735226888
/dev/sda1: 34941562880
overlay: 34941562880

1735226889
/dev/sda1: 34943709184
overlay: 34943709184

1735226890
/dev/sda1: 34945490944
overlay: 34945490944

1735226891
/dev/sda1: 34947833856
overlay: 34947833856

1735226893
/dev/sda1: 34950623232
overlay: 34950623232

1735226894
/dev/sda1: 34952073216
overlay: 34952073216

