1735225910
0.5623441396508728 0.2718204488778055 0.03366583541147132

1735225911
0.1256218905472637 0.06965174129353234 0.0

1735225912
0.12269938650306748 0.12147239263803682 0.0049079754601227

1735225913
0.36363636363636365 0.14570361145703611 0.0224159402241594

1735225914
0.41804320203303685 0.25667090216010163 0.022871664548919948

1735225915
0.3770491803278688 0.2244640605296343 0.0012610340479192938

1735225916
0.19106699751861042 0.11042183622828784 0.0024813895781637717

1735225917
0.1797752808988764 0.26841448189762795 0.024968789013732832

1735225918
0.08281053952321205 0.07026348808030113 0.03638644918444166

1735225919
0.11014851485148515 0.0655940594059406 0.0024752475247524753

1735225920
0.16997518610421836 0.09181141439205956 0.0024813895781637717

1735225921
0.3104738154613466 0.14089775561097256 0.0012468827930174563

1735225922
0.23604060913705585 0.37055837563451777 0.0

1735225923
0.31352718078381797 0.23008849557522124 0.011378002528445006

1735225924
0.32616940581542353 0.23767383059418457 0.0

1735225925
0.2530562347188264 0.19315403422982885 0.03178484107579462

1735225926
0.3176761433868974 0.16563658838071693 0.0407911001236094

1735225927
0.35396039603960394 0.15222772277227722 0.01608910891089109

1735225928
0.3271144278606965 0.14925373134328357 0.0012437810945273632

1735225929
0.26583850931677017 0.13043478260869565 0.06086956521739131

1735225930
0.2599009900990099 0.1311881188118812 0.04084158415841584

1735225931
0.5792079207920792 0.1448019801980198 0.0012376237623762376

1735225932
0.3990086741016109 0.09169764560099132 0.0161090458488228

1735225933
0.17632552404438964 0.10110974106041924 0.04808877928483354

1735225934
0.1432129514321295 0.07721046077210461 0.0049813200498132005

1735225935
0.13725490196078433 0.1090686274509804 0.0

1735225936
0.13209876543209875 0.06419753086419754 0.0

1735225937
0.09011264080100125 0.08135168961201501 0.07133917396745933

1735225938
0.11872705018359853 0.0966952264381885 0.0

1735225939
0.12054120541205413 0.07257072570725707 0.0

1735225940
0.13947696139476962 0.058530510585305104 0.0

1735225941
0.22954822954822954 0.09157509157509157 0.031746031746031744

1735225942
0.17224287484510534 0.12019826517967781 0.19206939281288724

1735225943
0.16482164821648215 0.12177121771217712 0.2140221402214022

1735225944
0.11428571428571428 0.08074534161490683 0.2422360248447205

1735225945
0.15601965601965603 0.08108108108108109 0.12776412776412777

1735225946
0.10493827160493827 0.08641975308641975 0.13209876543209875

1735225947
0.2647412755716005 0.07460890493381468 0.27075812274368233

1735225949
0.3845671267252196 0.08594730238393977 0.08030112923462986

1735225950
0.1548780487804878 0.12073170731707317 0.023170731707317073

1735225951
0.16727716727716727 0.1343101343101343 0.006105006105006105

1735225952
0.17888198757763976 0.115527950310559 0.0037267080745341614

1735225953
0.39950372208436724 0.21464019851116625 0.00620347394540943

1735225954
0.90375 0.095 0.0

1735225955
0.93125 0.06875 0.0

1735225956
0.94 0.06 0.0

1735225957
0.9236545682102628 0.06382978723404255 0.0050062578222778474

1735225958
0.9375 0.0575 0.0

1735225959
0.942578548212351 0.0552546045503792 0.0021668472372697724

1735225960
0.8764705882352941 0.057352941176470586 0.051470588235294115

1735225961
0.9612015018773467 0.03879849812265332 0.0

1735225962
0.9325 0.0675 0.0

1735225963
0.945 0.055 0.0

1735225964
0.9429280397022333 0.05583126550868486 0.0

1735225965
0.9521410579345088 0.04785894206549118 0.0

1735225966
0.93875 0.06125 0.0

1735225967
0.92875 0.07 0.0

1735225968
0.6173913043478261 0.09316770186335403 0.0037267080745341614

1735225969
0.24324324324324326 0.09213759213759214 0.004914004914004914

1735225970
0.1997533908754624 0.08508014796547472 0.0036991368680641184

1735225971
0.19441069258809235 0.09842041312272175 0.006075334143377886

1735225972
0.200734394124847 0.0966952264381885 0.0024479804161566705

1735225973
0.32589838909541513 0.14374225526641884 0.11895910780669144

1735225974
0.8010012515644556 0.11389236545682102 0.057571964956195244

1735225975
0.9133165829145728 0.08668341708542714 0.0

1735225976
0.9415422885572139 0.05721393034825871 0.0

1735225977
0.9347553324968633 0.06524466750313676 0.0

1735225978
0.9088639200998752 0.07615480649188515 0.0

1735225979
0.5446540880503145 0.1320754716981132 0.0037735849056603774

1735225980
0.3064516129032258 0.11538461538461539 0.018610421836228287

1735225981
0.292326431181486 0.1315468940316687 0.00243605359317905

1735225982
0.2816020025031289 0.1414267834793492 0.0

1735225983
0.2995110024449878 0.1332518337408313 0.0

1735225984
0.28867235079171744 0.13885505481120586 0.00243605359317905

1735225985
0.29310344827586204 0.1206896551724138 0.012315270935960592

1735225986
0.21668742216687423 0.1519302615193026 0.0012453300124533001

1735225987
0.651685393258427 0.13108614232209737 0.0012484394506866417

1735225988
0.934918648310388 0.06508135168961202 0.0

1735225989
0.9288389513108615 0.06991260923845194 0.0

1735225990
0.9158291457286433 0.07663316582914573 0.0

1735225991
0.6393034825870647 0.09328358208955224 0.0

1735225992
0.21601941747572814 0.10194174757281553 0.0024271844660194173

1735225993
0.17980295566502463 0.08251231527093596 0.07758620689655173

1735225994
0.19036144578313252 0.10361445783132531 0.021686746987951807

1735225995
0.20216606498194944 0.11191335740072202 0.0048134777376654635

1735225996
0.1929611650485437 0.08616504854368932 0.0

1735225997
0.13358302122347065 0.0149812734082397 0.0

1735225998
0.19423558897243107 0.12531328320802004 0.007518796992481203

1735225999
0.1734820322180917 0.13630731102850063 0.022304832713754646

1735226000
0.1554467564259486 0.11383108935128519 0.0073439412484700125

1735226001
0.6248447204968944 0.26211180124223604 0.0

1735226002
0.6981132075471698 0.2930817610062893 0.0

1735226003
0.2567237163814181 0.10513447432762836 0.0

1735226004
0.17288557213930347 0.02736318407960199 0.0037313432835820895

1735226005
0.3541927409261577 0.08886107634543179 0.0037546933667083854

1735226006
0.2848258706467662 0.12313432835820895 0.0037313432835820895

1735226007
0.11860174781523096 0.06117353308364544 0.0012484394506866417

1735226008
0.15299877600979192 0.11015911872705018 0.017135862913096694

1735226009
0.17100371747211895 0.08178438661710037 0.009913258983890954

1735226010
0.03132832080200501 0.05263157894736842 0.007518796992481203

1735226011
0.06109725685785536 0.06608478802992519 0.006234413965087282

1735226012
0.15683814303638646 0.12421580928481807 0.1053952321204517

1735226013
0.09351620947630923 0.0798004987531172 0.017456359102244388

1735226014
0.10434782608695652 0.09565217391304348 0.002484472049689441

1735226015
0.0951188986232791 0.060075093867334166 0.0012515644555694619

1735226016
0.09582309582309582 0.07248157248157248 0.0012285012285012285

1735226017
0.07019704433497537 0.10344827586206896 0.0024630541871921183

1735226018
0.12610340479192939 0.12484237074401008 0.01008827238335435

1735226019
0.11794228356336262 0.05897114178168131 0.0037641154328732747

1735226020
0.10893512851897184 0.13341493268053856 0.0

1735226021
0.10061349693251534 0.07239263803680981 0.00245398773006135

1735226022
0.08114856429463171 0.026217228464419477 0.016229712858926344

1735226023
0.04625 0.01125 0.00625

1735226024
0.1259351620947631 0.02119700748129676 0.016209476309226933

1735226025
0.30673316708229426 0.034912718204488775 0.12468827930174564

1735226026
0.47980416156670747 0.046511627906976744 0.0416156670746634

1735226027
0.40869565217391307 0.034782608695652174 0.004968944099378882

1735226028
0.1935881627620222 0.08384710234278668 0.0036991368680641184

1735226029
0.1761786600496278 0.11786600496277916 0.0012406947890818859

1735226030
0.23515151515151514 0.15757575757575756 0.0012121212121212121

1735226031
0.14993804213135067 0.13135068153655513 0.026022304832713755

1735226032
0.15036674816625917 0.15036674816625917 0.044009779951100246

1735226033
0.1944792973651192 0.18695106649937265 0.025094102885821833

1735226034
0.19672131147540983 0.22824716267339218 0.0025220680958385876

1735226035
0.24717691342534504 0.18695106649937265 0.002509410288582183

1735226036
0.15569620253164557 0.1759493670886076 0.0

1735226037
0.10401002506265664 0.17042606516290726 0.017543859649122806

1735226038
0.06973848069738481 0.0896637608966376 0.08717310087173101

1735226039
0.04271356783919598 0.09296482412060302 0.12814070351758794

1735226040
0.2876712328767123 0.1432129514321295 0.11706102117061021

1735226041
0.12313432835820895 0.046019900497512436 0.23880597014925373

1735226042
0.1619283065512979 0.06798516687268233 0.20642768850432633

1735226043
0.04625 0.07375 0.14125

1735226044
0.031055900621118012 0.06583850931677018 0.05714285714285714

1735226045
0.058823529411764705 0.09887359198998748 0.0

1735226046
0.06030150753768844 0.0942211055276382 0.0

1735226047
0.05381727158948686 0.10387984981226533 0.0037546933667083854

1735226048
0.085 0.105 0.00125

1735226049
0.08582089552238806 0.12437810945273632 0.0

1735226050
0.10246913580246914 0.05925925925925926 0.0024691358024691358

1735226051
0.10099750623441396 0.034912718204488775 0.0012468827930174563

1735226052
0.017654476670870115 0.006305170239596469 0.006305170239596469

1735226053
0.12344139650872818 0.0199501246882793 0.0

1735226054
0.12125 0.02125 0.0

1735226055
0.09813664596273292 0.06086956521739131 0.0

1735226056
0.13011152416356878 0.05204460966542751 0.0012391573729863693

1735226057
0.23370233702337023 0.04920049200492005 0.0036900369003690036

1735226058
0.1485148514851485 0.038366336633663366 0.0

1735226059
0.2042079207920792 0.03094059405940594 0.0

1735226060
0.23464373464373464 0.04668304668304668 0.0

1735226061
0.2247191011235955 0.08614232209737828 0.0

1735226062
0.28484107579462103 0.13814180929095354 0.008557457212713936

1735226063
0.2342007434944238 0.12143742255266418 0.0

1735226064
0.2263681592039801 0.12935323383084577 0.0

1735226065
0.28268991282689915 0.0921544209215442 0.0273972602739726

1735226066
0.19306930693069307 0.15222772277227722 0.0012376237623762376

1735226067
0.28376703841387857 0.17100371747211895 0.0037174721189591076

1735226068
0.4082914572864322 0.12814070351758794 0.0

1735226069
0.29277566539923955 0.20405576679340937 0.08238276299112801

1735226070
0.47820672478206727 0.18057285180572852 0.12577833125778332

1735226071
0.3462986198243413 0.328732747804266 0.005018820577164366

1735226072
0.2970922882427307 0.19089759797724398 0.01390644753476612

1735226073
0.3857677902621723 0.1822721598002497 0.0

1735226074
0.7377666248431619 0.2534504391468005 0.0012547051442910915

1735226075
0.7142857142857143 0.2756892230576441 0.0

1735226076
0.8017565872020075 0.18820577164366373 0.002509410288582183

1735226077
0.6871859296482412 0.21231155778894473 0.007537688442211055

1735226078
0.5286069651741293 0.1853233830845771 0.0024875621890547263

1735226079
0.5037406483790524 0.14962593516209477 0.0012468827930174563

1735226080
0.43088418430884184 0.10087173100871731 0.0012453300124533001

1735226081
0.415 0.1375 0.01875

1735226082
0.40853658536585363 0.15853658536585366 0.01707317073170732

1735226083
0.32955974842767294 0.2188679245283019 0.005031446540880503

1735226084
0.33207070707070707 0.2222222222222222 0.0025252525252525255

1735226085
0.2830188679245283 0.2641509433962264 0.005031446540880503

1735226086
0.29464285714285715 0.2602040816326531 0.0

1735226087
0.32578616352201256 0.18238993710691823 0.03270440251572327

1735226088
0.3333333333333333 0.21052631578947367 0.002506265664160401

1735226089
0.19672131147540983 0.27112232030264816 0.0012610340479192938

1735226090
0.2689393939393939 0.2537878787878788 0.0012626262626262627

1735226091
0.5586380832282472 0.21185372005044137 0.0012610340479192938

1735226092
0.813200498132005 0.1855541718555417 0.0

1735226093
0.5663716814159292 0.24905183312262957 0.0

1735226094
0.37092731829573933 0.17293233082706766 0.002506265664160401

1735226095
0.3757802746566791 0.16604244694132334 0.0012484394506866417

1735226096
0.30510585305105853 0.13449564134495642 0.0062266500622665

1735226097
0.3068181818181818 0.1893939393939394 0.01893939393939394

1735226098
0.3253467843631778 0.244640605296343 0.0

1735226099
0.3175 0.23 0.0

1735226100
0.3161856963613551 0.23212045169385195 0.0012547051442910915

1735226101
0.2681704260651629 0.20050125313283207 0.02631578947368421

1735226102
0.24874371859296482 0.18467336683417085 0.03391959798994975

1735226103
0.32156368221941994 0.21311475409836064 0.005044136191677175

1735226104
0.3598014888337469 0.18858560794044665 0.0012406947890818859

1735226105
0.320659062103929 0.22306717363751585 0.0025348542458808617

1735226106
0.3240857503152585 0.21311475409836064 0.015132408575031526

1735226107
0.32540675844806005 0.2127659574468085 0.011264080100125156

1735226108
0.3174404015056462 0.23086574654956085 0.002509410288582183

1735226109
0.2777777777777778 0.28535353535353536 0.0

1735226110
0.3059418457648546 0.2503160556257901 0.0

1735226111
0.30701754385964913 0.23433583959899748 0.008771929824561403

1735226112
0.383270911360799 0.23845193508114856 0.09113607990012484

1735226113
0.800251256281407 0.1922110552763819 0.0

1735226114
0.799749687108886 0.1939924906132666 0.0

1735226115
0.7756892230576441 0.21553884711779447 0.0

1735226116
0.8030112923462986 0.18946047678795483 0.0012547051442910915

1735226117
0.70125 0.21 0.0275

1735226118
0.4136191677175284 0.19924337957124844 0.11727616645649433

1735226119
0.3032581453634085 0.14912280701754385 0.10776942355889724

1735226120
0.2922885572139303 0.28233830845771146 0.0012437810945273632

1735226121
0.27064803049555275 0.29860228716645487 0.0025412960609911056

1735226122
0.2638190954773869 0.2701005025125628 0.04020100502512563

1735226123
0.24968314321926488 0.26996197718631176 0.005069708491761723

1735226124
0.1961783439490446 0.2573248407643312 0.0

1735226125
0.40726817042606517 0.2631578947368421 0.005012531328320802

1735226126
0.78 0.21875 0.0

1735226127
0.6322418136020151 0.30100755667506296 0.0

1735226128
0.686641697877653 0.30586766541822724 0.0

1735226129
0.6486825595984943 0.33751568381430364 0.0

1735226130
0.6695869837296621 0.3216520650813517 0.0

1735226131
0.6561712846347607 0.3337531486146096 0.0

1735226132
0.6691542288557214 0.32213930348258707 0.0

1735226133
0.6420525657071339 0.33917396745932415 0.0025031289111389237

1735226134
0.592964824120603 0.38567839195979897 0.0

1735226135
0.37858032378580325 0.33872976338729766 0.07970112079701121

1735226136
0.46365914786967416 0.30200501253132833 0.08270676691729323

1735226137
0.5561160151324086 0.37831021437578816 0.03656998738965952

1735226138
0.5063451776649747 0.3819796954314721 0.07360406091370558

1735226139
0.4968314321926489 0.34347275031685676 0.13307984790874525

1735226140
0.3693467336683417 0.228643216080402 0.22613065326633167

1735226141
0.3244613434727503 0.2522179974651457 0.19898605830164764

1735226142
0.17898022892819979 0.13423517169614985 0.34963579604578565

1735226143
0.3263327948303716 0.2972536348949919 0.2084006462035541

1735226144
0.5188916876574308 0.41435768261964734 0.041561712846347604

1735226145
0.14505776636713735 0.1386392811296534 0.42618741976893454

1735226146
0.3103896103896104 0.24285714285714285 0.21818181818181817

1735226147
0.07087628865979381 0.16237113402061856 0.33118556701030927

1735226148
0.08585858585858586 0.07575757575757576 0.5126262626262627

1735226149
0.3574144486692015 0.16730038022813687 0.28517110266159695

1735226150
0.44640605296343 0.17023959646910466 0.1664564943253468

1735226151
0.7619047619047619 0.21052631578947367 0.020050125313283207

1735226152
0.48045397225725095 0.1223203026481715 0.23329129886506936

1735226153
0.2623376623376623 0.01948051948051948 0.42337662337662335

1735226154
0.4817150063051702 0.2042875157629256 0.2068095838587642

1735226155
0.34561626429479037 0.08386277001270648 0.2935196950444727

1735226156
0.3273885350318471 0.09426751592356689 0.25095541401273885

1735226157
0.20848938826466917 0.11485642946317104 0.23345817727840198

1735226158
0.1717948717948718 0.052564102564102565 0.5282051282051282

1735226159
0.23833543505674654 0.07313997477931904 0.3682219419924338

1735226160
0.25220680958385877 0.06305170239596469 0.37831021437578816

1735226161
0.2096569250317662 0.06734434561626429 0.28716645489199494

1735226162
0.17009916094584288 0.034324942791762014 0.40503432494279173

1735226163
0.13261648745519714 0.035842293906810034 0.46236559139784944

1735226164
0.2430025445292621 0.08396946564885496 0.3104325699745547

1735226165
0.22433460076045628 0.06717363751584284 0.34600760456273766

1735226166
0.1984732824427481 0.09287531806615776 0.2862595419847328

1735226167
0.23011015911872704 0.11138310893512852 0.2521419828641371

1735226168
0.24108241082410825 0.10209102091020911 0.36900369003690037

1735226169
0.2506203473945409 0.10918114143920596 0.29156327543424315

1735226170
0.22469135802469137 0.09259259259259259 0.2839506172839506

1735226171
0.23299748110831234 0.16624685138539042 0.11209068010075567

1735226172
0.232 0.14057142857142857 0.08

1735226174
0.244140625 0.10872395833333333 0.22135416666666666

1735226175
0.23190184049079754 0.09079754601226994 0.24785276073619633

1735226176
0.25584255842558423 0.10824108241082411 0.21279212792127922

1735226177
0.21251475796930341 0.0885478158205431 0.22786304604486424

1735226178
0.3303471444568869 0.167973124300112 0.06270996640537514

1735226179
0.3828207847295864 0.15588547189819724 0.006362672322375398

1735226181
0.3545521835677276 0.12953367875647667 0.013323464100666173

1735226182
0.2623941958887545 0.09552599758162031 0.014510278113663845

1735226183
0.42111801242236024 0.10683229813664596 0.01987577639751553

1735226184
0.42962962962962964 0.09012345679012346 0.0

1735226185
0.398505603985056 0.13449564134495642 0.0012453300124533001

1735226186
0.4375 0.09191176470588236 0.003676470588235294

1735226187
0.3916256157635468 0.14039408866995073 0.003694581280788177

1735226188
0.42428035043804757 0.1113892365456821 0.0012515644555694619

1735226189
0.40324594257178525 0.11735330836454431 0.0149812734082397

1735226190
0.4488778054862843 0.1571072319201995 0.007481296758104738

1735226191
0.6320400500625782 0.26282853566958697 0.0012515644555694619

1735226192
0.8825 0.11625 0.00125

1735226193
0.8773466833541927 0.12015018773466833 0.0012515644555694619

1735226194
0.869837296620776 0.12891113892365458 0.0

1735226195
0.8104738154613467 0.185785536159601 0.0012468827930174563

1735226196
0.5543071161048689 0.1972534332084894 0.003745318352059925

1735226197
0.34615384615384615 0.2518610421836228 0.007444168734491315

1735226198
0.30268199233716475 0.25798212005108556 0.01532567049808429

1735226199
0.3228643216080402 0.23869346733668342 0.01256281407035176

1735226200
0.465 0.215 0.0075

1735226201
0.41708542713567837 0.3015075376884422 0.016331658291457288

1735226202
0.42462311557788945 0.17336683417085427 0.026381909547738693

1735226203
0.3320754716981132 0.1421383647798742 0.24150943396226415

1735226204
0.8202247191011236 0.1585518102372035 0.0024968789013732834

1735226205
0.549936788874842 0.26801517067003794 0.025284450063211124

1735226206
0.523989898989899 0.1994949494949495 0.04924242424242424

1735226207
0.3316770186335404 0.16149068322981366 0.31925465838509315

1735226208
0.6468354430379747 0.22025316455696203 0.10253164556962026

1735226209
0.40425531914893614 0.13016270337922403 0.3829787234042553

1735226210
0.7332490518331226 0.23514538558786346 0.020227560050568902

1735226211
0.6687578419071518 0.3136762860727729 0.00878293601003764

1735226212
0.6779448621553885 0.30952380952380953 0.006265664160401002

1735226213
0.7094339622641509 0.27169811320754716 0.011320754716981131

1735226214
0.6838143036386449 0.2936010037641154 0.013801756587202008

1735226215
0.7057356608478803 0.29177057356608477 0.0012468827930174563

1735226216
0.6805555555555556 0.30176767676767674 0.007575757575757576

1735226217
0.6354430379746835 0.3392405063291139 0.008860759493670886

1735226218
0.33208489388264667 0.14357053682896379 0.4232209737827715

1735226219
0.6971214017521903 0.295369211514393 0.0025031289111389237

1735226220
0.6007556675062973 0.2972292191435768 0.04659949622166247

1735226221
0.2165206508135169 0.13892365456821026 0.2615769712140175

1735226222
0.32503113325031135 0.16936488169364883 0.19551681195516812

1735226223
0.25875 0.2475 0.21875

1735226224
0.3556962025316456 0.2379746835443038 0.0670886075949367

1735226225
0.6017478152309613 0.2209737827715356 0.006242197253433208

1735226226
0.6320400500625782 0.3566958698372966 0.0012515644555694619

1735226227
0.42712294043092525 0.37515842839036756 0.0038022813688212928

1735226228
0.34591194968553457 0.3471698113207547 0.06666666666666667

1735226229
0.36755386565272496 0.3105196451204056 0.0076045627376425855

1735226230
0.5369211514392991 0.31789737171464333 0.0025031289111389237

1735226231
0.47540983606557374 0.23329129886506936 0.007566204287515763

1735226232
0.3299874529485571 0.205771643663739 0.005018820577164366

1735226233
0.29455445544554454 0.13985148514851486 0.023514851485148515

1735226234
0.6947890818858561 0.2655086848635236 0.00620347394540943

1735226235
0.6316455696202532 0.23291139240506328 0.008860759493670886

1735226236
0.5566750629722922 0.21158690176322417 0.0012594458438287153

1735226237
0.3895939086294416 0.44289340101522845 0.0012690355329949238

1735226238
0.28860759493670884 0.2949367088607595 0.0012658227848101266

1735226239
0.2810539523212045 0.2835633626097867 0.0037641154328732747

1735226240
0.2515802781289507 0.34007585335018964 0.008849557522123894

1735226241
0.30253164556962026 0.2481012658227848 0.007594936708860759

1735226242
0.5869837296620776 0.3879849812265332 0.0012515644555694619

1735226243
0.6528822055137845 0.3358395989974937 0.0

1735226244
0.6279650436953808 0.3470661672908864 0.004993757802746567

1735226245
0.21625 0.1525 0.24

1735226246
0.16064757160647572 0.1432129514321295 0.2602739726027397

1735226247
0.3682219419924338 0.2862547288776797 0.034047919293820936

1735226248
0.33163913595933925 0.241423125794155 0.01397712833545108

1735226249
0.3103015075376884 0.228643216080402 0.001256281407035176

1735226250
0.24502487562189054 0.20149253731343283 0.01990049751243781

1735226251
0.34005037783375314 0.2455919395465995 0.006297229219143577

1735226252
0.30112923462986196 0.20200752823086573 0.05144291091593475

1735226253
0.275 0.27625 0.04625

1735226254
0.12034739454094293 0.11538461538461539 0.31265508684863524

1735226255
0.2178702570379437 0.11138310893512852 0.13708690330477355

1735226256
0.26875 0.175 0.0175

1735226257
0.14603960396039603 0.14727722772277227 0.2660891089108911

1735226258
0.322180916976456 0.161090458488228 0.2552664188351921

1735226259
0.7425373134328358 0.20149253731343283 0.03980099502487562

1735226260
0.8002496878901373 0.19850187265917604 0.0012484394506866417

1735226261
0.7809762202753442 0.2165206508135169 0.0012515644555694619

1735226262
0.7238335435056746 0.223203026481715 0.0201765447667087

1735226263
0.47793190416141235 0.22068095838587642 0.08575031525851198

1735226264
0.39646464646464646 0.22348484848484848 0.06313131313131314

1735226265
0.39722572509457754 0.2572509457755359 0.15006305170239598

1735226266
0.2718078381795196 0.2806573957016435 0.18963337547408343

1735226267
0.2981132075471698 0.24779874213836478 0.23270440251572327

1735226268
0.28714107365792757 0.33083645443196 0.10362047440699126

1735226269
0.40897435897435896 0.3294871794871795 0.016666666666666666

1735226270
0.6947236180904522 0.24371859296482412 0.02135678391959799

1735226271
0.5248756218905473 0.16666666666666666 0.09328358208955224

1735226272
0.4405506883604506 0.27784730913642053 0.0851063829787234

1735226273
0.4525916561314791 0.35145385587863465 0.0025284450063211127

1735226274
0.45743329097839897 0.2846251588310038 0.0012706480304955528

1735226275
0.4578616352201258 0.20125786163522014 0.011320754716981131

1735226276
0.6929824561403509 0.23809523809523808 0.0037593984962406013

1735226277
0.7658779576587795 0.23412204234122042 0.0

1735226278
0.86375 0.13625 0.0

1735226279
0.82625 0.17375 0.0

1735226280
0.7766624843161857 0.2233375156838143 0.0

1735226281
0.7036114570361146 0.29389788293897884 0.0

1735226282
0.6171284634760705 0.19899244332493704 0.013853904282115869

1735226283
0.7094339622641509 0.24654088050314465 0.005031446540880503

1735226284
0.7192982456140351 0.2593984962406015 0.0012531328320802004

1735226285
0.6354430379746835 0.2139240506329114 0.03670886075949367

1735226286
0.6260869565217392 0.21614906832298136 0.03229813664596273

1735226287
0.7139272271016311 0.14052697616060225 0.06398996235884567

1735226288
0.5992414664981036 0.17699115044247787 0.07079646017699115

1735226289
0.344180225281602 0.31289111389236546 0.13391739674593242

1735226290
0.7028714107365793 0.2958801498127341 0.0012484394506866417

1735226291
0.7882205513784462 0.21177944862155387 0.0

1735226292
0.6813048933500627 0.2685069008782936 0.04015056461731493

1735226293
0.73375 0.26625 0.0

1735226294
0.6933667083854819 0.30663329161451813 0.0

1735226295
0.686641697877653 0.3121098626716604 0.0012484394506866417

1735226296
0.7075 0.29125 0.0

1735226297
0.6047678795483061 0.3312421580928482 0.028858218318695106

1735226298
0.6461731493099122 0.3224592220828105 0.0

1735226299
0.7069825436408977 0.2892768079800499 0.0

1735226300
0.38149556400506973 0.4131812420785805 0.0063371356147021544

1735226301
0.713216957605985 0.27057356608478805 0.0012468827930174563

1735226302
0.3805309734513274 0.4424778761061947 0.011378002528445006

1735226303
0.4664131812420786 0.4448669201520912 0.0025348542458808617

1735226304
0.7211055276381909 0.2701005025125628 0.001256281407035176

1735226305
0.8567870485678705 0.1432129514321295 0.0

1735226306
0.87375 0.12625 0.0

1735226307
0.8225 0.1775 0.0

1735226308
0.8601747815230961 0.13982521847690388 0.0

1735226309
0.8408521303258145 0.15914786967418545 0.0

1735226310
0.8202247191011236 0.1797752808988764 0.0

1735226311
0.85875 0.14125 0.0

1735226312
0.86375 0.13625 0.0

1735226313
0.8448060075093867 0.15519399249061328 0.0

1735226314
0.8252184769038702 0.1735330836454432 0.0

1735226315
0.8598247809762203 0.14017521902377972 0.0

1735226316
0.8664169787765293 0.13358302122347065 0.0

1735226317
0.84375 0.15625 0.0

1735226318
0.8748435544430538 0.1251564455569462 0.0

1735226319
0.8976279650436954 0.10237203495630462 0.0

1735226320
0.8710888610763454 0.1276595744680851 0.0

1735226321
0.87 0.13 0.0

1735226322
0.8155583437892095 0.18444165621079048 0.0

1735226323
0.88 0.12 0.0

1735226324
0.8480697384806973 0.1519302615193026 0.0

1735226325
0.8685857321652065 0.13141426783479349 0.0

1735226326
0.85625 0.14375 0.0

1735226327
0.86375 0.125 0.01

1735226328
0.88 0.12 0.0

1735226329
0.86375 0.13625 0.0

1735226330
0.85625 0.14375 0.0

1735226331
0.83729662077597 0.16270337922403003 0.0

1735226332
0.8621553884711779 0.13784461152882205 0.0

1735226333
0.8628428927680798 0.1371571072319202 0.0

1735226334
0.825 0.175 0.0

1735226335
0.83 0.17 0.0

1735226336
0.8227215980024969 0.1772784019975031 0.0

1735226337
0.8222778473091364 0.17772215269086358 0.0

1735226338
0.846441947565543 0.15355805243445692 0.0

1735226339
0.7857142857142857 0.20676691729323307 0.0

1735226340
0.42312579415501905 0.4142312579415502 0.0012706480304955528

1735226341
0.4005069708491762 0.3688212927756654 0.008871989860583017

1735226342
0.5344180225281602 0.34918648310387984 0.02252816020025031

1735226343
0.39146800501882056 0.4755332496863237 0.0012547051442910915

1735226344
0.3944374209860936 0.450063211125158 0.0050568900126422255

1735226345
0.40482233502538073 0.43147208121827413 0.0038071065989847717

1735226346
0.41273885350318473 0.33885350318471336 0.011464968152866241

1735226347
0.44387755102040816 0.2844387755102041 0.05994897959183673

1735226348
0.44642857142857145 0.288265306122449 0.007653061224489796

1735226349
0.39641943734015345 0.29539641943734013 0.021739130434782608

1735226350
0.45949367088607596 0.320253164556962 0.010126582278481013

1735226351
0.35069885641677256 0.30241423125794153 0.12579415501905972

1735226352
0.41016109045848825 0.3469640644361834 0.055762081784386616

1735226353
0.46378653113087676 0.3418043202033037 0.03176620076238882

1735226354
0.475 0.31125 0.09375

1735226355
0.46025641025641023 0.22564102564102564 0.17307692307692307

1735226356
0.3504380475594493 0.22778473091364204 0.17521902377972465

1735226357
0.3341614906832298 0.16521739130434782 0.2795031055900621

1735226358
0.26328800988875156 0.13473423980222496 0.33127317676143386

1735226359
0.42125 0.1525 0.1425

1735226360
0.5063131313131313 0.14015151515151514 0.0012626262626262627

1735226361
0.43017456359102246 0.1483790523690773 0.0012468827930174563

1735226362
0.5018633540372671 0.14037267080745341 0.03229813664596273

1735226363
0.5332512315270936 0.13177339901477833 0.0012315270935960591

1735226364
0.5456821026282853 0.1939924906132666 0.02753441802252816

1735226365
0.6335012594458438 0.13602015113350127 0.006297229219143577

1735226366
0.5872020075282308 0.12923462986198245 0.0012547051442910915

1735226367
0.5518102372034956 0.1348314606741573 0.0

1735226368
0.5987421383647799 0.13459119496855346 0.01509433962264151

1735226369
0.5605095541401274 0.24076433121019108 0.0

1735226370
0.5475285171102662 0.2332065906210393 0.008871989860583017

1735226371
0.49044585987261147 0.2700636942675159 0.003821656050955414

1735226372
0.4092071611253197 0.2506393861892583 0.0

1735226373
0.40425531914893614 0.2202753441802253 0.030037546933667083

1735226374
0.48860759493670886 0.19873417721518988 0.006329113924050633

1735226375
0.4518987341772152 0.22025316455696203 0.0

1735226376
0.4002509410288582 0.20075282308657466 0.0012547051442910915

1735226377
0.5836431226765799 0.24039653035935563 0.022304832713754646

1735226378
0.7894736842105263 0.20676691729323307 0.0012531328320802004

1735226379
0.49875311720698257 0.16957605985037408 0.0024937655860349127

1735226380
0.40581542351453853 0.29582806573957016 0.0037926675094816687

1735226381
0.3982521847690387 0.23220973782771537 0.00749063670411985

1735226382
0.36237373737373735 0.2159090909090909 0.016414141414141416

1735226383
0.3630653266331658 0.1708542713567839 0.0364321608040201

1735226384
0.3688212927756654 0.24968314321926488 0.017743979721166033

1735226385
0.3559748427672956 0.21635220125786164 0.005031446540880503

1735226386
0.6733416770963705 0.2265331664580726 0.0012515644555694619

1735226387
0.9075 0.0925 0.0

1735226388
0.885 0.11375 0.0

1735226389
0.78375 0.18375 0.02875

1735226390
0.8904109589041096 0.1095890410958904 0.0

1735226391
0.9 0.1 0.0

1735226392
0.9032663316582915 0.09673366834170855 0.0

1735226393
0.9176029962546817 0.08239700374531835 0.0

1735226394
0.9 0.1 0.0

1735226395
0.9414694894146949 0.058530510585305104 0.0

1735226396
0.9146800501882058 0.08531994981179424 0.0

1735226397
0.9114713216957606 0.0885286783042394 0.0

1735226398
0.9197994987468672 0.08020050125313283 0.0

1735226399
0.9352428393524284 0.0647571606475716 0.0

1735226400
0.9284818067754078 0.07151819322459223 0.0

1735226401
0.8886107634543179 0.1113892365456821 0.0

1735226402
0.90125 0.09875 0.0

1735226403
0.93 0.07 0.0

1735226404
0.9297365119196989 0.07026348808030113 0.0

1735226405
0.8841843088418431 0.11581569115815692 0.0

1735226406
0.87125 0.12625 0.0

1735226407
0.7728983688833124 0.08657465495608532 0.01756587202007528

1735226408
0.6554726368159204 0.1256218905472637 0.017412935323383085

1735226409
0.5018315018315018 0.09523809523809523 0.0

1735226410
0.5006305170239597 0.12484237074401008 0.03278688524590164

1735226411
0.4032059186189889 0.07891491985203453 0.004932182490752158

1735226412
0.2698019801980198 0.04207920792079208 0.0024752475247524753

1735226413
0.3413751507840772 0.0856453558504222 0.006031363088057901

1735226414
0.3141104294478528 0.06503067484662577 0.001226993865030675

1735226415
0.315018315018315 0.08058608058608059 0.006105006105006105

1735226416
0.27743526510480887 0.1319358816276202 0.036991368680641186

1735226417
0.1915945611866502 0.19283065512978986 0.03955500618046971

1735226418
0.23220973782771537 0.1735330836454432 0.006242197253433208

1735226419
0.21712158808933002 0.20843672456575682 0.0037220843672456576

1735226420
0.21144278606965175 0.16293532338308458 0.07213930348258707

1735226421
0.3014888337468983 0.08064516129032258 0.04962779156327544

1735226422
0.6879699248120301 0.21428571428571427 0.006265664160401002

1735226423
0.8190954773869347 0.157035175879397 0.0037688442211055275

1735226424
0.7052096569250318 0.22236340533672172 0.04701397712833545

1735226425
0.7659574468085106 0.16020025031289112 0.058823529411764705

1735226426
0.8108448928121059 0.16519546027742749 0.012610340479192938

1735226427
0.8045397225725095 0.17402269861286254 0.012610340479192938

1735226428
0.7647058823529411 0.2065081351689612 0.012515644555694618

1735226429
0.7811320754716982 0.2050314465408805 0.005031446540880503

1735226430
0.698547215496368 0.18886198547215496 0.029055690072639227

1735226431
0.5857284440039643 0.18929633300297324 0.14767096134786917

1735226433
0.8 0.18892988929889298 0.0051660516605166054

1735226434
0.904228855721393 0.09577114427860696 0.0

1735226435
0.9196988707653702 0.08030112923462986 0.0

1735226436
0.9111389236545682 0.0851063829787234 0.0025031289111389237

1735226437
0.8841843088418431 0.11457036114570361 0.0

1735226438
0.905 0.095 0.0

1735226439
0.9197994987468672 0.08020050125313283 0.0

1735226440
0.903387703889586 0.09410288582183186 0.0012547051442910915

1735226441
0.9051186017478152 0.09238451935081149 0.0

1735226442
0.821831869510665 0.17440401505646172 0.0012547051442910915

1735226443
0.8430884184308842 0.15317559153175592 0.0012453300124533001

1735226444
0.7695214105793451 0.20906801007556675 0.011335012594458438

1735226445
0.77375 0.215 0.00625

1735226446
0.8431618569636136 0.15558343789209536 0.0

1735226447
0.8678304239401496 0.128428927680798 0.003740648379052369

1735226448
0.87625 0.12 0.00125

1735226449
0.8925 0.1075 0.0

1735226450
0.8220551378446115 0.17543859649122806 0.0012531328320802004

1735226451
0.83375 0.16375 0.0

1735226452
0.8306148055207027 0.164366373902133 0.002509410288582183

1735226453
0.8308270676691729 0.16290726817042606 0.0

1735226454
0.7872340425531915 0.20901126408010012 0.0012515644555694619

1735226455
0.7997481108312342 0.1964735516372796 0.0

1735226456
0.8104738154613467 0.18703241895261846 0.0

1735226457
0.8157894736842105 0.17418546365914786 0.006265664160401002

1735226458
0.8473091364205256 0.15018773466833543 0.0

1735226459
0.8911138923654568 0.10888610763454318 0.0

1735226460
0.89125 0.10875 0.0

1735226461
0.8190954773869347 0.1771356783919598 0.002512562814070352

1735226462
0.7077114427860697 0.18034825870646767 0.09950248756218906

1735226463
0.8050314465408805 0.18238993710691823 0.00880503144654088

1735226464
0.7568922305764411 0.20551378446115287 0.03007518796992481

1735226465
0.7515683814303639 0.2245922208281054 0.020075282308657464

1735226466
0.8220551378446115 0.16791979949874686 0.008771929824561403

1735226467
0.826271186440678 0.15847457627118644 0.011016949152542373

1735226468
0.7389162561576355 0.22413793103448276 0.034482758620689655

1735226469
0.7919799498746867 0.17418546365914786 0.022556390977443608

1735226470
0.7609511889862328 0.2165206508135169 0.017521902377972465

1735226471
0.8742138364779874 0.11823899371069183 0.006289308176100629

1735226472
0.5789473684210527 0.10776942355889724 0.23558897243107768

1735226473
0.45603015075376885 0.11306532663316583 0.34045226130653267

1735226474
0.6103404791929382 0.23203026481715006 0.13745271122320302

1735226475
0.78125 0.21875 0.0

1735226476
0.7013801756587202 0.29234629861982436 0.0037641154328732747

1735226477
0.28858350951374206 0.1553911205073996 0.5507399577167019

1735226478
0.6641104294478528 0.3174846625766871 0.015337423312883436

1735226479
0.7101631116687579 0.28732747804265996 0.0012547051442910915

1735226480
0.5894868585732165 0.23654568210262827 0.08010012515644556

1735226481
0.5977157360406091 0.20812182741116753 0.09771573604060914

1735226482
0.5238693467336684 0.135678391959799 0.22236180904522612

1735226483
0.5664160401002506 0.2844611528822055 0.07644110275689223

1735226484
0.656641604010025 0.33458646616541354 0.006265664160401002

1735226485
0.6903870162297129 0.30711610486891383 0.0012484394506866417

1735226486
0.7108886107634543 0.2878598247809762 0.0

1735226487
0.5927318295739349 0.32456140350877194 0.045112781954887216

1735226488
0.6165413533834586 0.38345864661654133 0.0

1735226489
0.5917085427135679 0.24748743718592964 0.09547738693467336

1735226490
0.6448362720403022 0.23929471032745592 0.06926952141057935

1735226491
0.7596513075965131 0.2403486924034869 0.0

1735226492
0.5869837296620776 0.23028785982478098 0.15143929912390489

1735226493
0.772215269086358 0.22778473091364204 0.0

1735226494
0.7525 0.2475 0.0

1735226495
0.7325 0.20625 0.00125

1735226496
0.706766917293233 0.19924812030075187 0.0012531328320802004

1735226497
0.7431077694235589 0.24937343358395989 0.005012531328320802

1735226498
0.7743142144638404 0.2256857855361596 0.0

1735226499
0.7063989962358845 0.2936010037641154 0.0

1735226500
0.6741573033707865 0.3258426966292135 0.0

1735226501
0.6983729662077597 0.3016270337922403 0.0

1735226502
0.6899128268991283 0.31008717310087175 0.0

1735226503
0.7303370786516854 0.2696629213483146 0.0

1735226504
0.71 0.29 0.0

1735226505
0.6072772898368883 0.3889585947302384 0.0

1735226506
0.6234413965087282 0.37531172069825436 0.0

1735226507
0.59375 0.405 0.0

1735226508
0.745 0.25 0.00125

1735226509
0.795483061480552 0.20451693851944794 0.0

1735226510
0.7982565379825654 0.20174346201743462 0.0

1735226511
0.7421777221526908 0.2553191489361702 0.0

1735226512
0.6057934508816121 0.3891687657430731 0.0

1735226513
0.7754077791718946 0.2245922208281054 0.0

1735226514
0.8049689440993789 0.19503105590062111 0.0

1735226515
0.7765293383270911 0.2222222222222222 0.0

1735226516
0.6968553459119496 0.2993710691823899 0.0

1735226517
0.58125 0.415 0.0

1735226518
0.6270337922403004 0.3704630788485607 0.0

1735226519
0.5538847117794486 0.41228070175438597 0.03132832080200501

1735226520
0.5759096612296111 0.31493099121706397 0.09535759096612297

1735226521
0.5075566750629723 0.36272040302267 0.1070528967254408

1735226522
0.5265822784810127 0.3594936708860759 0.08987341772151898

1735226523
0.5012755102040817 0.34311224489795916 0.11224489795918367

1735226524
0.6853233830845771 0.3072139303482587 0.0037313432835820895

1735226525
0.685785536159601 0.3117206982543641 0.0

1735226526
0.6180904522613065 0.3630653266331658 0.001256281407035176

1735226527
0.5820707070707071 0.3686868686868687 0.01893939393939394

1735226528
0.5178117048346056 0.36005089058524176 0.0

1735226529
0.5012531328320802 0.37218045112781956 0.007518796992481203

1735226530
0.6057934508816121 0.33753148614609574 0.0012594458438287153

1735226531
0.5944584382871536 0.2795969773299748 0.0012594458438287153

1735226532
0.6849489795918368 0.21045918367346939 0.026785714285714284

1735226533
0.782608695652174 0.17267080745341615 0.0

1735226534
0.8548185231539425 0.14518147684605756 0.0

1735226535
0.682896379525593 0.317103620474407 0.0

1735226536
0.6516290726817042 0.2819548872180451 0.05513784461152882

1735226537
0.550125313283208 0.21052631578947367 0.07769423558897243

1735226538
0.5919899874843555 0.2828535669586984 0.0

1735226539
0.784019975031211 0.21473158551810237 0.0

1735226540
0.8060075093867334 0.1927409261576971 0.0

1735226541
0.8432835820895522 0.15671641791044777 0.0

1735226542
0.47903430749682335 0.23252858958068615 0.08640406607369759

1735226543
0.48166877370417194 0.2920353982300885 0.008849557522123894

1735226544
0.49051833122629585 0.2604298356510746 0.021491782553729456

1735226545
0.5095057034220533 0.2458808618504436 0.015209125475285171

1735226546
0.5158428390367554 0.2522179974651457 0.005069708491761723

1735226547
0.46984924623115576 0.20728643216080403 0.0992462311557789

1735226548
0.5279187817258884 0.24238578680203046 0.0

1735226549
0.535031847133758 0.24203821656050956 0.005095541401273885

1735226550
0.41488020176544765 0.31021437578814626 0.007566204287515763

1735226551
0.450063211125158 0.30973451327433627 0.02402022756005057

1735226552
0.6131840796019901 0.2947761194029851 0.03980099502487562

1735226553
0.8124223602484472 0.18757763975155278 0.0

1735226554
0.8060453400503779 0.19395465994962216 0.0

1735226555
0.7962264150943397 0.19874213836477989 0.0025157232704402514

1735226556
0.8420398009950248 0.15796019900497513 0.0

1735226557
0.8181818181818182 0.18057285180572852 0.0

1735226558
0.8408521303258145 0.15789473684210525 0.0012531328320802004

1735226559
0.8811013767209012 0.11889862327909888 0.0

1735226560
0.9203980099502488 0.07960199004975124 0.0

1735226561
0.9299123904881101 0.07008760951188986 0.0

1735226562
0.8897243107769424 0.11027568922305764 0.0

1735226563
0.8836045056320401 0.11514392991239049 0.0

1735226564
0.7406015037593985 0.23558897243107768 0.007518796992481203

1735226565
0.5872020075282308 0.3475533249686324 0.01631116687578419

1735226566
0.49039692701664533 0.4238156209987196 0.03585147247119078

1735226567
0.3464467005076142 0.2296954314720812 0.3248730964467005

1735226568
0.16191709844559585 0.17875647668393782 0.4727979274611399

1735226569
0.4088541666666667 0.2265625 0.21875

1735226570
0.4683053040103493 0.26002587322121606 0.19404915912031048

1735226571
0.42337662337662335 0.19090909090909092 0.287012987012987

1735226572
0.4965217391304348 0.22086956521739132 0.20347826086956522

1735226573
0.5755395683453237 0.2733812949640288 0.13908872901678657

1735226574
0.75 0.23618090452261306 0.011306532663316583

1735226575
0.7900621118012422 0.20993788819875778 0.0

1735226576
0.8253768844221105 0.17462311557788945 0.0

1735226577
0.8845360824742268 0.1154639175257732 0.0

1735226578
0.7623456790123457 0.2361111111111111 0.0015432098765432098

1735226579
0.7576923076923077 0.23846153846153847 0.002564102564102564

1735226580
0.737171464330413 0.2565707133917397 0.0050062578222778474

1735226581
0.7314930991217063 0.2659974905897114 0.002509410288582183

1735226582
0.7440699126092385 0.25593008739076156 0.0

1735226583
0.767879548306148 0.2258469259723965 0.005018820577164366

1735226584
0.7809633027522935 0.21674311926605505 0.0022935779816513763

1735226585
0.805464480874317 0.1901639344262295 0.003278688524590164

1735226586
0.6187050359712231 0.23101518784972022 0.06794564348521183

1735226587
0.7034990791896869 0.289134438305709 0.007366482504604052

1735226588
0.8042659974905897 0.19573400250941028 0.0

1735226590
0.8403846153846154 0.1596153846153846 0.0

1735226591
0.826945412311266 0.17305458768873402 0.0

1735226592
0.7121010638297872 0.1363031914893617 0.09973404255319149

1735226593
0.8390243902439024 0.16097560975609757 0.0

1735226594
0.8410513141426783 0.15894868585732166 0.0

1735226596
0.8415384615384616 0.15846153846153846 0.0

1735226598
0.7115246957766643 0.13385826771653545 0.05583392984967788

1735226599
0.7890137328339576 0.20599250936329588 0.004993757802746567

1735226600
0.82375 0.17625 0.0

1735226601
0.8689138576779026 0.13108614232209737 0.0

1735226602
0.8623279098873592 0.1376720901126408 0.0

1735226603
0.854066985645933 0.145933014354067 0.0

1735226604
0.856020942408377 0.14397905759162305 0.0

1735226605
0.8159203980099502 0.1828358208955224 0.0

1735226606
0.8571428571428571 0.14285714285714285 0.0

1735226607
0.8192019950124688 0.18079800498753118 0.0

1735226608
0.8596491228070176 0.14035087719298245 0.0

1735226609
0.8811013767209012 0.11889862327909888 0.0

1735226610
0.84375 0.15625 0.0

1735226611
0.8401997503121099 0.15980024968789014 0.0

1735226612
0.86125 0.13875 0.0

1735226613
0.8516295025728988 0.12006861063464837 0.02830188679245283

1735226615
0.8621340887629839 0.1274787535410765 0.010387157695939566

1735226616
0.8810020876826722 0.11899791231732777 0.0

1735226618
0.8780487804878049 0.12130937098844673 0.0006418485237483953

1735226619
0.8754669987546699 0.12453300124533001 0.0

1735226620
0.875784190715182 0.12421580928481807 0.0

1735226621
0.88625 0.11375 0.0

1735226622
0.865 0.135 0.0

1735226625
0.8891806722689075 0.10819327731092437 0.0026260504201680674

1735226626
0.8509454949944383 0.14905450500556172 0.0

1735226627
0.8525 0.1475 0.0

1735226628
0.8756423432682425 0.10174717368961973 0.02158273381294964

1735226629
0.8892455858747994 0.10754414125200643 0.0032102728731942215

1735226630
0.8725 0.1275 0.0

1735226631
0.8617683686176837 0.1382316313823163 0.0

1735226632
0.84 0.16 0.0

1735226633
0.83625 0.16375 0.0

1735226634
0.86125 0.13875 0.0

1735226635
0.885143570536829 0.11485642946317104 0.0

1735226636
0.88875 0.11125 0.0

1735226637
0.8625 0.1375 0.0

1735226638
0.85375 0.14625 0.0

1735226639
0.87125 0.12875 0.0

1735226640
0.8811013767209012 0.11889862327909888 0.0

1735226641
0.88125 0.11875 0.0

1735226642
0.8725 0.1275 0.0

1735226643
0.8776529338327091 0.12234706616729088 0.0

1735226644
0.8897243107769424 0.11027568922305764 0.0

1735226645
0.8576779026217228 0.14232209737827714 0.0

1735226646
0.88375 0.11625 0.0

1735226647
0.8451935081148564 0.15480649188514356 0.0

1735226648
0.8709273182957393 0.12907268170426064 0.0

1735226649
0.85785536159601 0.14214463840399003 0.0

1735226650
0.8848560700876095 0.11514392991239049 0.0

1735226651
0.86375 0.13625 0.0

1735226652
0.8275 0.1725 0.0

1735226653
0.84125 0.15875 0.0

1735226654
0.8425 0.1575 0.0

1735226655
0.7990012484394506 0.2009987515605493 0.0

1735226656
0.8423028785982478 0.15769712140175218 0.0

1735226657
0.87375 0.12625 0.0

1735226658
0.81125 0.18875 0.0

1735226659
0.863237139272271 0.13676286072772897 0.0

1735226660
0.865 0.135 0.0

1735226661
0.8333333333333334 0.16666666666666666 0.0

1735226662
0.83 0.17 0.0

1735226663
0.8285714285714286 0.17142857142857143 0.0

1735226665
0.8166134185303514 0.18146964856230033 0.0006389776357827476

1735226666
0.7490952955367913 0.2448733413751508 0.0036188178528347406

1735226667
0.7325 0.26375 0.0025

1735226668
0.7202007528230866 0.27728983688833125 0.0012547051442910915

1735226669
0.600997506234414 0.27057356608478805 0.1259351620947631

1735226670
0.7347447073474471 0.26525529265255293 0.0

1735226671
0.6955974842767295 0.2981132075471698 0.0037735849056603774

1735226672
0.681592039800995 0.31840796019900497 0.0

1735226673
0.64375 0.355 0.00125

1735226674
0.5664160401002506 0.4323308270676692 0.0012531328320802004

1735226675
0.7310087173100872 0.26899128268991285 0.0

1735226676
0.7603513174404015 0.2396486825595985 0.0

1735226677
0.7447073474470735 0.25529265255292655 0.0

1735226678
0.7703889585947302 0.22961104140526975 0.0

1735226679
0.76625 0.23375 0.0

1735226680
0.7503121098626716 0.24968789013732834 0.0

1735226681
0.6382978723404256 0.360450563204005 0.0

1735226682
0.6379525593008739 0.3620474406991261 0.0

1735226683
0.5875 0.41125 0.00125

1735226684
0.61625 0.38375 0.0

1735226685
0.71125 0.28875 0.0

1735226686
0.67625 0.32375 0.0

1735226687
0.6375 0.3625 0.0

1735226688
0.6508135168961201 0.34918648310387984 0.0

1735226689
0.65625 0.34375 0.0

1735226690
0.7375 0.2625 0.0

1735226691
0.635 0.36375 0.0

1735226692
0.6867167919799498 0.3132832080200501 0.0

1735226693
0.6067415730337079 0.3920099875156055 0.0

1735226694
0.6933667083854819 0.30663329161451813 0.0

1735226695
0.5892634207240949 0.4107365792759051 0.0

1735226696
0.6675126903553299 0.3197969543147208 0.0012690355329949238

1735226697
0.7069825436408977 0.2880299251870324 0.0024937655860349127

1735226698
0.7146433041301627 0.2853566958698373 0.0

1735226699
0.7075 0.29125 0.0

1735226700
0.695 0.3025 0.0

1735226701
0.7325 0.26375 0.00125

1735226702
0.7546933667083855 0.2453066332916145 0.0

1735226703
0.6245306633291614 0.3742177722152691 0.0

1735226704
0.7522012578616353 0.24654088050314465 0.0

1735226705
0.7191011235955056 0.2784019975031211 0.0

1735226706
0.7471980074719801 0.25280199252801994 0.0

1735226707
0.7474874371859297 0.25125628140703515 0.0

1735226708
0.7919799498746867 0.20426065162907267 0.002506265664160401

1735226709
0.76125 0.2375 0.00125

1735226710
0.775 0.225 0.0

1735226711
0.8177278401997503 0.1822721598002497 0.0

1735226712
0.83375 0.165 0.0

1735226713
0.714107365792759 0.1797752808988764 0.10237203495630462

1735226714
0.7518703241895262 0.24688279301745636 0.0

1735226715
0.8042659974905897 0.1944792973651192 0.0012547051442910915

1735226716
0.815230961298377 0.18476903870162298 0.0

1735226717
0.8458646616541353 0.15413533834586465 0.0

1735226718
0.7694235588972431 0.20050125313283207 0.023809523809523808

1735226719
0.6745635910224439 0.32418952618453867 0.0

1735226720
0.7096774193548387 0.2890818858560794 0.0

1735226721
0.7613636363636364 0.2361111111111111 0.0

1735226722
0.66125 0.335 0.00125

1735226723
0.7393483709273183 0.2531328320802005 0.006265664160401002

1735226724
0.7895392278953923 0.21046077210460773 0.0

1735226725
0.7761006289308177 0.2238993710691824 0.0

1735226726
0.7690387016229713 0.2247191011235955 0.0012484394506866417

1735226727
0.8017456359102244 0.1970074812967581 0.0

1735226728
0.818295739348371 0.18170426065162906 0.0

1735226729
0.7769423558897243 0.22305764411027568 0.0

1735226730
0.7192546583850932 0.2782608695652174 0.0012422360248447205

1735226731
0.7396745932415519 0.26032540675844806 0.0

1735226732
0.6575 0.3425 0.0

1735226733
0.6666666666666666 0.3333333333333333 0.0

1735226734
0.76010101010101 0.22095959595959597 0.007575757575757576

1735226735
0.7979924717691342 0.20075282308657466 0.0012547051442910915

1735226736
0.76375 0.23375 0.0

1735226737
0.7905236907730673 0.2082294264339152 0.0

1735226738
0.8222778473091364 0.17772215269086358 0.0

1735226739
0.8451935081148564 0.15480649188514356 0.0

1735226740
0.8451935081148564 0.15355805243445692 0.0012484394506866417

1735226741
0.7872340425531915 0.2127659574468085 0.0

1735226742
0.7613065326633166 0.23618090452261306 0.001256281407035176

1735226743
0.6595477386934674 0.3015075376884422 0.032663316582914576

1735226744
0.6265508684863523 0.3411910669975186 0.01488833746898263

1735226746
0.6765261170547514 0.3196979232221523 0.0

1735226747
0.7752808988764045 0.2247191011235955 0.0

1735226748
0.6938519447929736 0.2396486825595985 0.06148055207026349

1735226749
0.7830423940149626 0.2169576059850374 0.0

1735226750
0.8017565872020075 0.19824341279799249 0.0

1735226751
0.8208955223880597 0.1791044776119403 0.0

1735226752
0.7693266832917706 0.23067331670822944 0.0

1735226753
0.7030075187969925 0.29448621553884713 0.0012531328320802004

1735226754
0.6861768368617683 0.3138231631382316 0.0

1735226755
0.6605839416058394 0.33941605839416056 0.0

1735226757
0.6246290801186943 0.37388724035608306 0.001483679525222552

1735226758
0.5572033898305084 0.2934322033898305 0.13877118644067796

1735226759
0.5178351783517835 0.2177121771217712 0.24354243542435425

1735226760
0.29117259552042163 0.2779973649538867 0.3939393939393939

1735226761
0.4489003880983182 0.2147477360931436 0.3117723156532988

1735226762
0.20603674540682415 0.09711286089238845 0.6469816272965879

1735226763
0.11924882629107982 0.07887323943661972 0.40938967136150234

1735226764
0.5399610136452242 0.25146198830409355 0.20272904483430798

1735226765
0.41580310880829013 0.1878238341968912 0.38082901554404147

1735226766
0.3862433862433862 0.14285714285714285 0.4576719576719577

1735226767
0.15404040404040403 0.0845959595959596 0.5164141414141414

1735226768
0.35 0.1325 0.395

1735226769
0.23779724655819776 0.0951188986232791 0.425531914893617

1735226770
0.6025 0.2025 0.12

1735226771
0.8020050125313283 0.19674185463659147 0.0012531328320802004

1735226772
0.785982478097622 0.20525657071339173 0.0050062578222778474

1735226773
0.75375 0.24625 0.0

1735226774
0.49280575539568344 0.13788968824940048 0.09352517985611511

1735226775
0.12269938650306748 0.07116564417177915 0.8012269938650307

1735226776
0.7576499388004896 0.2423500611995104 0.0

1735226777
0.6799568965517241 0.3146551724137931 0.003232758620689655

1735226778
0.6711003627569528 0.31559854897218864 0.012091898428053204

1735226779
0.7291196388261851 0.18848758465011287 0.05191873589164785

1735226780
0.14823529411764705 0.06235294117647059 0.6811764705882353

1735226781
0.2972292191435768 0.1952141057934509 0.29974811083123426

1735226782
0.24646983311938384 0.11810012836970475 0.5198973042362003

1735226783
0.33121827411167515 0.14974619289340102 0.3477157360406091

1735226784
0.2754182754182754 0.11068211068211069 0.37966537966537967

1735226785
0.19387755102040816 0.09056122448979592 0.5905612244897959

1735226786
0.16881443298969073 0.07345360824742268 0.5541237113402062

1735226787
0.3047375160051216 0.10371318822023047 0.4263764404609475

1735226788
0.18112244897959184 0.09311224489795919 0.5663265306122449

1735226789
0.08008658008658008 0.031024531024531024 0.7034632034632035

1735226790
0.3473684210526316 0.2631578947368421 0.3263157894736842

1735226791
0.31241997439180536 0.25224071702944945 0.3354673495518566

1735226792
0.24430379746835443 0.07468354430379746 0.4962025316455696

1735226793
0.11681643132220795 0.07060333761232349 0.6238767650834403

1735226794
0.18043087971274685 0.05385996409335727 0.5745062836624776

1735226795
0.01284796573875803 0.006423982869379015 0.7366167023554604

1735226796
0.21338383838383837 0.16540404040404041 0.45707070707070707

1735226797
0.37707006369426754 0.10573248407643313 0.40764331210191085

1735226798
0.2597402597402597 0.24285714285714285 0.34805194805194806

1735226799
0.25798212005108556 0.24648786717752236 0.2886334610472541

1735226800
0.1534526854219949 0.08567774936061381 0.5728900255754475

1735226801
0.7027707808564232 0.26574307304785894 0.02644836272040302

1735226802
0.7167919799498746 0.2769423558897243 0.0037593984962406013

1735226803
0.7418546365914787 0.24937343358395989 0.0037593984962406013

1735226804
0.8122653316645807 0.18397997496871088 0.0025031289111389237

1735226806
0.8066420664206642 0.15129151291512916 0.04206642066420664

1735226807
0.7579864472410455 0.24104549854791868 0.0

1735226808
0.7882205513784462 0.21052631578947367 0.0

1735226809
0.7725 0.21 0.01625

1735226810
0.8 0.19875 0.00125

1735226811
0.8289637952559301 0.17103620474406991 0.0

1735226812
0.7295597484276729 0.26666666666666666 0.0

1735226813
0.6578947368421053 0.3107769423558897 0.013784461152882205

1735226814
0.7185929648241206 0.2638190954773869 0.0037688442211055275

1735226815
0.6423173803526449 0.3123425692695214 0.02518891687657431

1735226816
0.6963613550815558 0.29109159347553326 0.0075282308657465494

1735226817
0.6376262626262627 0.3106060606060606 0.02904040404040404

1735226818
0.6675094816687737 0.28445006321112515 0.029077117572692796

1735226819
0.6128625472887768 0.3240857503152585 0.015132408575031526

1735226820
0.6118836915297092 0.32616940581542353 0.021491782553729456

1735226821
0.49125 0.44875 0.015

1735226822
0.6185696361355082 0.3588456712672522 0.0075282308657465494

1735226823
0.5959849435382685 0.3713927227101631 0.012547051442910916

1735226824
0.7475 0.2525 0.0

1735226825
0.7575 0.2425 0.0

1735226826
0.77375 0.22625 0.0

1735226827
0.8480697384806973 0.1519302615193026 0.0

1735226828
0.8293601003764115 0.17063989962358847 0.0

1735226829
0.84375 0.15625 0.0

1735226830
0.8204488778054863 0.1770573566084788 0.0012468827930174563

1735226831
0.7280701754385965 0.2719298245614035 0.0

1735226832
0.7322540473225405 0.26525529265255293 0.0

1735226833
0.6451204055766794 0.27756653992395436 0.0012674271229404308

1735226834
0.5757196495619524 0.34918648310387984 0.023779724655819776

1735226835
0.8811013767209012 0.11889862327909888 0.0

1735226836
0.7915106117353309 0.20724094881398253 0.0

1735226837
0.7910447761194029 0.208955223880597 0.0

1735226838
0.8410513141426783 0.15894868585732166 0.0

1735226839
0.8368883312421581 0.16311166875784192 0.0

1735226840
0.8397997496871089 0.15894868585732166 0.0012515644555694619

1735226841
0.8339575530586767 0.16604244694132334 0.0

1735226842
0.8460575719649562 0.1539424280350438 0.0

1735226843
0.8560700876095119 0.1439299123904881 0.0

1735226844
0.846441947565543 0.15355805243445692 0.0

1735226845
0.8679950186799502 0.1320049813200498 0.0

1735226846
0.85375 0.14625 0.0

1735226847
0.89875 0.10125 0.0

1735226848
0.8825 0.1175 0.0

1735226849
0.8526841448189763 0.14731585518102372 0.0

1735226850
0.8423028785982478 0.15769712140175218 0.0

1735226851
0.83625 0.16375 0.0

1735226852
0.80125 0.19875 0.0

1735226853
0.8080301129234629 0.191969887076537 0.0

1735226854
0.8107098381070984 0.18929016189290163 0.0

1735226855
0.8025 0.1975 0.0

1735226856
0.8042659974905897 0.19573400250941028 0.0

1735226857
0.7982565379825654 0.20174346201743462 0.0

1735226858
0.79125 0.20875 0.0

1735226859
0.8082706766917294 0.19172932330827067 0.0

1735226860
0.8653366583541147 0.13466334164588528 0.0

1735226861
0.8521303258145363 0.14285714285714285 0.005012531328320802

1735226862
0.855 0.145 0.0

1735226863
0.8925 0.1075 0.0

1735226864
0.853566958698373 0.14643304130162704 0.0

1735226865
0.86125 0.13875 0.0

1735226866
0.86375 0.13625 0.0

1735226867
0.8664169787765293 0.132334581772784 0.0012484394506866417

1735226868
0.8268991282689913 0.17310087173100872 0.0

1735226869
0.8544542032622334 0.14554579673776663 0.0

1735226870
0.84625 0.15375 0.0

1735226871
0.87875 0.12125 0.0

1735226872
0.9098873591989988 0.09011264080100125 0.0

1735226873
0.8631840796019901 0.13681592039800994 0.0

1735226874
0.8241206030150754 0.17587939698492464 0.0

1735226875
0.8526841448189763 0.14731585518102372 0.0

1735226876
0.8391959798994975 0.16080402010050251 0.0

1735226877
0.8655043586550436 0.13449564134495642 0.0

1735226878
0.85375 0.14625 0.0

1735226879
0.8723404255319149 0.1276595744680851 0.0

1735226880
0.87125 0.105 0.0225

1735226881
0.850187265917603 0.14481897627965043 0.004993757802746567

1735226882
0.8671679197994987 0.13283208020050125 0.0

1735226883
0.8739076154806492 0.12484394506866417 0.0012484394506866417

1735226884
0.8725 0.1275 0.0

1735226885
0.8789013732833958 0.12109862671660425 0.0

1735226886
0.86125 0.13125 0.00375

1735226887
0.8836045056320401 0.11639549436795996 0.0

1735226888
0.8625 0.1375 0.0

1735226889
0.86125 0.13875 0.0

1735226890
0.88875 0.11125 0.0

1735226891
0.8751560549313359 0.12484394506866417 0.0

1735226892
0.8961201501877347 0.10387984981226533 0.0

1735226893
0.91 0.09 0.0

1735226894
0.886107634543179 0.10763454317897372 0.006257822277847309

