1735225909
lo: 0 0 0 0
eth0: 122476244 2869138 0 0

1735225910
lo: 0 0 0 0
eth0: 122476804 2870374 560 1236

1735225911
lo: 0 0 0 0
eth0: 124671180 2933899 2194376 63525

1735225912
lo: 0 0 0 0
eth0: 133200749 3122802 8529569 188903

1735225913
lo: 0 0 0 0
eth0: 138288512 3237281 5087763 114479

1735225914
lo: 0 0 0 0
eth0: 140166055 3279728 1877543 42447

1735225915
lo: 0 0 0 0
eth0: 142155775 3330990 1989720 51262

1735225916
lo: 0 0 0 0
eth0: 145234003 3405096 3078228 74106

1735225917
lo: 0 0 0 0
eth0: 147827021 3466166 2593018 61070

1735225918
lo: 0 0 0 0
eth0: 150566654 3527466 2739633 61300

1735225919
lo: 0 0 0 0
eth0: 153342630 3592278 2775976 64812

1735225920
lo: 0 0 0 0
eth0: 156756531 3670620 3413901 78342

1735225921
lo: 0 0 0 0
eth0: 158786039 3719064 2029508 48444

1735225922
lo: 0 0 0 0
eth0: 159851561 3746190 1065522 27126

1735225923
lo: 0 0 0 0
eth0: 160902723 3772986 1051162 26796

1735225924
lo: 0 0 0 0
eth0: 162039651 3799518 1136928 26532

1735225925
lo: 0 0 0 0
eth0: 166650898 3910706 4611247 111188

1735225926
lo: 0 0 0 0
eth0: 168995688 3966402 2344790 55696

1735225927
lo: 0 0 0 0
eth0: 170515610 4004442 1519922 38040

1735225928
lo: 0 0 0 0
eth0: 172025568 4039312 1509958 34870

1735225929
lo: 0 0 0 0
eth0: 173612276 4077572 1586708 38260

1735225930
lo: 0 0 0 0
eth0: 176362843 4141745 2750567 64173

1735225931
lo: 0 0 0 0
eth0: 177908882 4181422 1546039 39677

1735225932
lo: 0 0 0 0
eth0: 180363061 4313939 2454179 132517

1735225933
lo: 0 0 0 0
eth0: 186360647 4445279 5997586 131340

1735225934
lo: 0 0 0 0
eth0: 192153262 4571732 5792615 126453

1735225935
lo: 0 0 0 0
eth0: 197351085 4684229 5197823 112497

1735225936
lo: 0 0 0 0
eth0: 202416995 4796207 5065910 111978

1735225937
lo: 0 0 0 0
eth0: 207066795 4897715 4649800 101508

1735225938
lo: 0 0 0 0
eth0: 211866123 5002037 4799328 104322

1735225939
lo: 0 0 0 0
eth0: 216917315 5112587 5051192 110550

1735225940
lo: 0 0 0 0
eth0: 221111858 5203535 4194543 90948

1735225941
lo: 0 0 0 0
eth0: 225605884 5300687 4494026 97152

1735225942
lo: 0 0 0 0
eth0: 229933460 5394539 4327576 93852

1735225943
lo: 0 0 0 0
eth0: 234016994 5481197 4083534 86658

1735225944
lo: 0 0 0 0
eth0: 238679746 5582639 4662752 101442

1735225945
lo: 0 0 0 0
eth0: 243745831 5692792 5066085 110153

1735225946
lo: 0 0 0 0
eth0: 250086257 5829052 6340426 136260

1735225947
lo: 0 0 0 0
eth0: 252842724 5890204 2756467 61152

1735225949
lo: 0 0 0 0
eth0: 255490820 5952500 2648096 62296

1735225950
lo: 0 0 0 0
eth0: 256673228 5981102 1182408 28602

1735225951
lo: 0 0 0 0
eth0: 257952060 6012122 1278832 31020

1735225952
lo: 0 0 0 0
eth0: 259312266 6044462 1360206 32340

1735225953
lo: 0 0 0 0
eth0: 260499326 6073436 1187060 28974

1735225954
lo: 0 0 0 0
eth0: 261758690 6102938 1259364 29502

1735225955
lo: 0 0 0 0
eth0: 263071660 6134354 1312970 31416

1735225956
lo: 0 0 0 0
eth0: 264641792 6170720 1570132 36366

1735225957
lo: 0 0 0 0
eth0: 266274608 6208868 1632816 38148

1735225958
lo: 0 0 0 0
eth0: 267890450 6245762 1615842 36894

1735225959
lo: 0 0 0 0
eth0: 269381760 6277310 1491310 31548

1735225960
lo: 0 0 0 0
eth0: 270377344 6299684 995584 22374

1735225961
lo: 0 0 0 0
eth0: 271409090 6324170 1031746 24486

1735225962
lo: 0 0 0 0
eth0: 272273580 6345224 864490 21054

1735225963
lo: 0 0 0 0
eth0: 273138298 6367070 864718 21846

1735225964
lo: 0 0 0 0
eth0: 273979004 6387200 840706 20130

1735225965
lo: 0 0 0 0
eth0: 274899016 6410498 920012 23298

1735225966
lo: 0 0 0 0
eth0: 276005980 6437426 1106964 26928

1735225967
lo: 0 0 0 0
eth0: 276746208 6456368 740228 18942

1735225968
lo: 0 0 0 0
eth0: 277482556 6474518 736348 18150

1735225969
lo: 0 0 0 0
eth0: 278766800 6505208 1284244 30690

1735225970
lo: 0 0 0 0
eth0: 279687556 6527846 920756 22638

1735225971
lo: 0 0 0 0
eth0: 280621370 6550550 933814 22704

1735225972
lo: 0 0 0 0
eth0: 281680552 6576026 1059182 25476

1735225973
lo: 0 0 0 0
eth0: 282923308 6606122 1242756 30096

1735225974
lo: 0 0 0 0
eth0: 284293390 6638132 1370082 32010

1735225975
lo: 0 0 0 0
eth0: 286184076 6680174 1890686 42042

1735225976
lo: 0 0 0 0
eth0: 288197094 6724592 2013018 44418

1735225977
lo: 0 0 0 0
eth0: 292894673 6833802 4697579 109210

1735225978
lo: 0 0 0 0
eth0: 294963581 6881322 2068908 47520

1735225979
lo: 0 0 0 0
eth0: 296414377 6914850 1450796 33528

1735225980
lo: 0 0 0 0
eth0: 297717611 6944550 1303234 29700

1735225981
lo: 0 0 0 0
eth0: 298962599 6974118 1244988 29568

1735225982
lo: 0 0 0 0
eth0: 299960809 6998076 998210 23958

1735225983
lo: 0 0 0 0
eth0: 301216901 7027644 1256092 29568

1735225984
lo: 0 0 0 0
eth0: 302194415 7052064 977514 24420

1735225985
lo: 0 0 0 0
eth0: 303340005 7079652 1145590 27588

1735225986
lo: 0 0 0 0
eth0: 304421952 7106644 1081947 26992

1735225987
lo: 0 0 0 0
eth0: 306694264 7159486 2272312 52842

1735225988
lo: 0 0 0 0
eth0: 308143319 7193410 1449055 33924

1735225989
lo: 0 0 0 0
eth0: 309507132 7227260 1363813 33850

1735225990
lo: 0 0 0 0
eth0: 314217003 7333347 4709871 106087

1735225991
lo: 0 0 0 0
eth0: 318816365 7434141 4599362 100794

1735225992
lo: 0 0 0 0
eth0: 321923453 7505025 3107088 70884

1735225993
lo: 0 0 0 0
eth0: 324495673 7564755 2572220 59730

1735225994
lo: 0 0 0 0
eth0: 326659355 7615905 2163682 51150

1735225995
lo: 0 0 0 0
eth0: 328709867 7663755 2050512 47850

1735225996
lo: 0 0 0 0
eth0: 330588741 7708239 1878874 44484

1735225997
lo: 0 0 0 0
eth0: 332708389 7757937 2119648 49698

1735225998
lo: 0 0 0 0
eth0: 334898901 7809483 2190512 51546

1735225999
lo: 0 0 0 0
eth0: 337328246 7867826 2429345 58343

1735226000
lo: 0 0 0 0
eth0: 340335800 7939105 3007554 71279

1735226001
lo: 0 0 0 0
eth0: 343292737 8004601 2956937 65496

1735226002
lo: 0 0 0 0
eth0: 345833568 8062985 2540831 58384

1735226003
lo: 0 0 0 0
eth0: 349027980 8142396 3194412 79411

1735226004
lo: 0 0 0 0
eth0: 352087328 8215821 3059348 73425

1735226005
lo: 0 0 0 0
eth0: 356081101 8307231 3993773 91410

1735226006
lo: 0 0 0 0
eth0: 359480216 8387829 3399115 80598

1735226007
lo: 0 0 0 0
eth0: 364137026 8494815 4656810 106986

1735226008
lo: 0 0 0 0
eth0: 369372272 8618892 5235246 124077

1735226009
lo: 0 0 0 0
eth0: 371865410 8678719 2493138 59827

1735226010
lo: 0 0 0 0
eth0: 374578727 8747860 2713317 69141

1735226011
lo: 0 0 0 0
eth0: 378267183 8836522 3688456 88662

1735226012
lo: 0 0 0 0
eth0: 381423415 8911498 3156232 74976

1735226013
lo: 0 0 0 0
eth0: 383667201 8964958 2243786 53460

1735226014
lo: 0 0 0 0
eth0: 386178765 9024688 2511564 59730

1735226015
lo: 0 0 0 0
eth0: 388892803 9088906 2714038 64218

1735226016
lo: 0 0 0 0
eth0: 391378897 9148834 2486094 59928

1735226017
lo: 0 0 0 0
eth0: 393554565 9200776 2175668 51942

1735226018
lo: 0 0 0 0
eth0: 395446909 9246052 1892344 45276

1735226019
lo: 0 0 0 0
eth0: 397651559 9298456 2204650 52404

1735226020
lo: 0 0 0 0
eth0: 399784855 9348286 2133296 49830

1735226021
lo: 0 0 0 0
eth0: 401898985 9398512 2114130 50226

1735226022
lo: 0 0 0 0
eth0: 403977391 9448078 2078406 49566

1735226023
lo: 0 0 0 0
eth0: 406198181 9501538 2220790 53460

1735226024
lo: 0 0 0 0
eth0: 408414625 9554470 2216444 52932

1735226025
lo: 0 0 0 0
eth0: 409782769 9587338 1368144 32868

1735226026
lo: 0 0 0 0
eth0: 411255991 9623902 1473222 36564

1735226027
lo: 0 0 0 0
eth0: 412822865 9662140 1566874 38238

1735226028
lo: 0 0 0 0
eth0: 414424487 9700816 1601622 38676

1735226029
lo: 0 0 0 0
eth0: 416258397 9744508 1833910 43692

1735226030
lo: 0 0 0 0
eth0: 417455647 9774010 1197250 29502

1735226031
lo: 0 0 0 0
eth0: 418444582 9800037 988935 26027

1735226032
lo: 0 0 0 0
eth0: 419228269 9821955 783687 21918

1735226033
lo: 0 0 0 0
eth0: 421037672 9867915 1809403 45960

1735226034
lo: 0 0 0 0
eth0: 421922124 9890025 884452 22110

1735226035
lo: 0 0 0 0
eth0: 423282352 9922365 1360228 32340

1735226036
lo: 0 0 0 0
eth0: 424441153 9953620 1158801 31255

1735226037
lo: 0 0 0 0
eth0: 425617919 9983114 1176766 29494

1735226038
lo: 0 0 0 0
eth0: 426805480 10013502 1187561 30388

1735226039
lo: 0 0 0 0
eth0: 428643824 10058052 1838344 44550

1735226040
lo: 0 0 0 0
eth0: 430292448 10097226 1648624 39174

1735226041
lo: 0 0 0 0
eth0: 431370874 10124550 1078426 27324

1735226042
lo: 0 0 0 0
eth0: 432608803 10157660 1237929 33110

1735226043
lo: 0 0 0 0
eth0: 434377419 10199990 1768616 42330

1735226044
lo: 0 0 0 0
eth0: 436166105 10243814 1788686 43824

1735226045
lo: 0 0 0 0
eth0: 438093833 10291004 1927728 47190

1735226046
lo: 0 0 0 0
eth0: 439850221 10333838 1756388 42834

1735226047
lo: 0 0 0 0
eth0: 441238419 10367762 1388198 33924

1735226048
lo: 0 0 0 0
eth0: 442993597 10410794 1755178 43032

1735226049
lo: 0 0 0 0
eth0: 445155257 10461218 2161660 50424

1735226050
lo: 0 0 0 0
eth0: 447386311 10514084 2231054 52866

1735226051
lo: 0 0 0 0
eth0: 449584345 10566158 2198034 52074

1735226052
lo: 0 0 0 0
eth0: 451827305 10618364 2242960 52206

1735226053
lo: 0 0 0 0
eth0: 454064223 10670438 2236918 52074

1735226054
lo: 0 0 0 0
eth0: 455798135 10711094 1733912 40656

1735226055
lo: 0 0 0 0
eth0: 457791423 10759652 1993288 48558

1735226056
lo: 0 0 0 0
eth0: 459873624 10810406 2082201 50754

1735226057
lo: 0 0 0 0
eth0: 461852596 10857068 1978972 46662

1735226058
lo: 0 0 0 0
eth0: 463971684 10907492 2119088 50424

1735226059
lo: 0 0 0 0
eth0: 465598550 10945544 1626866 38052

1735226060
lo: 0 0 0 0
eth0: 467211904 10983944 1613354 38400

1735226061
lo: 0 0 0 0
eth0: 468906096 11025220 1694192 41276

1735226062
lo: 0 0 0 0
eth0: 470382800 11060266 1476704 35046

1735226063
lo: 0 0 0 0
eth0: 471798112 11094466 1415312 34200

1735226064
lo: 0 0 0 0
eth0: 473344338 11131672 1546226 37206

1735226065
lo: 0 0 0 0
eth0: 474681372 11164246 1337034 32574

1735226066
lo: 0 0 0 0
eth0: 475868076 11192494 1186704 28248

1735226067
lo: 0 0 0 0
eth0: 476512547 11208922 644471 16428

1735226068
lo: 0 0 0 0
eth0: 476897263 11219812 384716 10890

1735226069
lo: 0 0 0 0
eth0: 477307013 11231362 409750 11550

1735226070
lo: 0 0 0 0
eth0: 477930621 11247796 623608 16434

1735226071
lo: 0 0 0 0
eth0: 478367903 11258752 437282 10956

1735226072
lo: 0 0 0 0
eth0: 478647611 11267002 279708 8250

1735226073
lo: 0 0 0 0
eth0: 479145377 11280532 497766 13530

1735226074
lo: 0 0 0 0
eth0: 479515023 11291290 369646 10758

1735226075
lo: 0 0 0 0
eth0: 480099565 11306338 584542 15048

1735226076
lo: 0 0 0 0
eth0: 480783449 11323894 683884 17556

1735226077
lo: 0 0 0 0
eth0: 481278863 11337160 495414 13266

1735226078
lo: 0 0 0 0
eth0: 481752575 11350822 473712 13662

1735226079
lo: 0 0 0 0
eth0: 482254063 11363626 501488 12804

1735226080
lo: 0 0 0 0
eth0: 482609831 11374186 355768 10560

1735226081
lo: 0 0 0 0
eth0: 483079799 11386330 469968 12144

1735226082
lo: 0 0 0 0
eth0: 483607181 11400520 527382 14190

1735226083
lo: 0 0 0 0
eth0: 484128499 11414116 521318 13596

1735226084
lo: 0 0 0 0
eth0: 484734743 11429956 606244 15840

1735226085
lo: 0 0 0 0
eth0: 485240133 11443594 505390 13638

1735226086
lo: 0 0 0 0
eth0: 485917299 11461348 677166 17754

1735226087
lo: 0 0 0 0
eth0: 486411535 11474614 494236 13266

1735226088
lo: 0 0 0 0
eth0: 486871655 11487748 460120 13134

1735226089
lo: 0 0 0 0
eth0: 487349125 11501278 477470 13530

1735226090
lo: 0 0 0 0
eth0: 487904959 11515732 555834 14454

1735226091
lo: 0 0 0 0
eth0: 488602583 11533552 697624 17820

1735226092
lo: 0 0 0 0
eth0: 489378801 11552494 776218 18942

1735226093
lo: 0 0 0 0
eth0: 489901185 11566222 522384 13728

1735226094
lo: 0 0 0 0
eth0: 490361257 11578762 460072 12540

1735226095
lo: 0 0 0 0
eth0: 490959987 11594602 598730 15840

1735226096
lo: 0 0 0 0
eth0: 491388693 11606416 428706 11814

1735226097
lo: 0 0 0 0
eth0: 491833015 11618362 444322 11946

1735226098
lo: 0 0 0 0
eth0: 492325633 11631562 492618 13200

1735226099
lo: 0 0 0 0
eth0: 493003301 11648062 677668 16500

1735226100
lo: 0 0 0 0
eth0: 493644613 11664694 641312 16632

1735226101
lo: 0 0 0 0
eth0: 494231603 11679610 586990 14916

1735226102
lo: 0 0 0 0
eth0: 494812921 11694856 581318 15246

1735226103
lo: 0 0 0 0
eth0: 495231863 11706274 418942 11418

1735226104
lo: 0 0 0 0
eth0: 495635959 11718064 404096 11790

1735226105
lo: 0 0 0 0
eth0: 496229231 11733706 593272 15642

1735226106
lo: 0 0 0 0
eth0: 496708815 11746312 479584 12606

1735226107
lo: 0 0 0 0
eth0: 497327173 11762218 618358 15906

1735226108
lo: 0 0 0 0
eth0: 498042293 11780368 715120 18150

1735226109
lo: 0 0 0 0
eth0: 498718935 11797396 676642 17028

1735226110
lo: 0 0 0 0
eth0: 499204901 11810860 485966 13464

1735226111
lo: 0 0 0 0
eth0: 499764013 11825116 559112 14256

1735226112
lo: 0 0 0 0
eth0: 500163217 11836402 399204 11286

1735226113
lo: 0 0 0 0
eth0: 500788761 11851714 625544 15312

1735226114
lo: 0 0 0 0
eth0: 501255417 11863924 466656 12210

1735226115
lo: 0 0 0 0
eth0: 501878973 11880226 623556 16302

1735226116
lo: 0 0 0 0
eth0: 502447041 11895208 568068 14982

1735226117
lo: 0 0 0 0
eth0: 502969827 11907352 522786 12144

1735226118
lo: 0 0 0 0
eth0: 503341037 11918506 371210 11154

1735226119
lo: 0 0 0 0
eth0: 503809379 11931046 468342 12540

1735226120
lo: 0 0 0 0
eth0: 504158317 11941078 348938 10032

1735226121
lo: 0 0 0 0
eth0: 504554973 11952232 396656 11154

1735226122
lo: 0 0 0 0
eth0: 505129671 11967148 574698 14916

1735226123
lo: 0 0 0 0
eth0: 505639521 11980414 509850 13266

1735226124
lo: 0 0 0 0
eth0: 505998971 11990908 359450 10494

1735226125
lo: 0 0 0 0
eth0: 506376489 12001600 377518 10692

1735226126
lo: 0 0 0 0
eth0: 506718851 12011434 342362 9834

1735226127
lo: 0 0 0 0
eth0: 507083069 12022060 364218 10626

1735226128
lo: 0 0 0 0
eth0: 507546479 12034864 463410 12804

1735226129
lo: 0 0 0 0
eth0: 507857493 12043576 311014 8712

1735226130
lo: 0 0 0 0
eth0: 508242185 12054532 384692 10956

1735226131
lo: 0 0 0 0
eth0: 508673161 12066610 430976 12078

1735226132
lo: 0 0 0 0
eth0: 508883263 12073144 210102 6534

1735226133
lo: 0 0 0 0
eth0: 509200589 12082318 317326 9174

1735226134
lo: 0 0 0 0
eth0: 509743135 12095956 542546 13638

1735226135
lo: 0 0 0 0
eth0: 510089139 12106054 346004 10098

1735226136
lo: 0 0 0 0
eth0: 510599441 12119584 510302 13530

1735226137
lo: 0 0 0 0
eth0: 511020965 12130540 421524 10956

1735226138
lo: 0 0 0 0
eth0: 511323761 12139978 302796 9438

1735226139
lo: 0 0 0 0
eth0: 511711447 12150538 387686 10560

1735226140
lo: 0 0 0 0
eth0: 512112027 12161428 400580 10890

1735226141
lo: 0 0 0 0
eth0: 512477685 12172294 365658 10866

1735226142
lo: 0 0 0 0
eth0: 512900159 12183382 422474 11088

1735226143
lo: 0 0 0 0
eth0: 513183017 12191500 282858 8118

1735226144
lo: 0 0 0 0
eth0: 513476479 12200146 293462 8646

1735226145
lo: 0 0 0 0
eth0: 513815941 12209848 339462 9702

1735226146
lo: 0 0 0 0
eth0: 514177059 12219748 361118 9900

1735226147
lo: 0 0 0 0
eth0: 514513461 12229846 336402 10098

1735226148
lo: 0 0 0 0
eth0: 514941521 12241726 428060 11880

1735226149
lo: 0 0 0 0
eth0: 515248251 12250240 306730 8514

1735226150
lo: 0 0 0 0
eth0: 515751105 12262318 502854 12078

1735226151
lo: 0 0 0 0
eth0: 516304985 12276640 553880 14322

1735226152
lo: 0 0 0 0
eth0: 516752815 12288652 447830 12012

1735226153
lo: 0 0 0 0
eth0: 517267081 12302908 514266 14256

1735226154
lo: 0 0 0 0
eth0: 517690953 12314590 423872 11682

1735226155
lo: 0 0 0 0
eth0: 518275793 12329902 584840 15312

1735226156
lo: 0 0 0 0
eth0: 518601567 12338548 325774 8646

1735226157
lo: 0 0 0 0
eth0: 518885201 12346006 283634 7458

1735226158
lo: 0 0 0 0
eth0: 519094853 12351088 209652 5082

1735226159
lo: 0 0 0 0
eth0: 519508071 12362374 413218 11286

1735226160
lo: 0 0 0 0
eth0: 519943423 12373198 435352 10824

1735226161
lo: 0 0 0 0
eth0: 520248871 12382966 305448 9768

1735226162
lo: 0 0 0 0
eth0: 520796303 12396364 547432 13398

1735226163
lo: 0 0 0 0
eth0: 520874409 12399136 78106 2772

1735226164
lo: 0 0 0 0
eth0: 521155137 12408640 280728 9504

1735226165
lo: 0 0 0 0
eth0: 521570095 12421774 414958 13134

1735226166
lo: 0 0 0 0
eth0: 522059355 12436096 489260 14322

1735226167
lo: 0 0 0 0
eth0: 522597507 12450682 538152 14586

1735226168
lo: 0 0 0 0
eth0: 523086553 12464146 489046 13464

1735226169
lo: 0 0 0 0
eth0: 523495501 12474970 408948 10824

1735226170
lo: 0 0 0 0
eth0: 523918355 12486520 422854 11550

1735226171
lo: 0 0 0 0
eth0: 524258291 12496750 339936 10230

1735226172
lo: 0 0 0 0
eth0: 524724073 12507970 465782 11220

1735226174
lo: 0 0 0 0
eth0: 525629151 12532918 905078 24948

1735226175
lo: 0 0 0 0
eth0: 526090419 12546118 461268 13200

1735226176
lo: 0 0 0 0
eth0: 526519197 12557602 428778 11484

1735226177
lo: 0 0 0 0
eth0: 526876167 12567676 356970 10074

1735226178
lo: 0 0 0 0
eth0: 527430547 12581932 554380 14256

1735226179
lo: 0 0 0 0
eth0: 528064355 12598762 633808 16830

1735226181
lo: 0 0 0 0
eth0: 528618025 12614404 553670 15642

1735226182
lo: 0 0 0 0
eth0: 529263199 12630970 645174 16566

1735226183
lo: 0 0 0 0
eth0: 529616777 12640804 353578 9834

1735226184
lo: 0 0 0 0
eth0: 530022503 12652660 405726 11856

1735226185
lo: 0 0 0 0
eth0: 530311775 12661108 289272 8448

1735226186
lo: 0 0 0 0
eth0: 530708587 12672526 396812 11418

1735226187
lo: 0 0 0 0
eth0: 531006703 12681106 298116 8580

1735226188
lo: 0 0 0 0
eth0: 531287897 12689158 281194 8052

1735226189
lo: 0 0 0 0
eth0: 531825873 12702952 537976 13794

1735226190
lo: 0 0 0 0
eth0: 532185397 12713446 359524 10494

1735226191
lo: 0 0 0 0
eth0: 532792961 12728824 607564 15378

1735226192
lo: 0 0 0 0
eth0: 533236155 12741760 443194 12936

1735226193
lo: 0 0 0 0
eth0: 533727639 12754762 491484 13002

1735226194
lo: 0 0 0 0
eth0: 534202769 12767632 475130 12870

1735226195
lo: 0 0 0 0
eth0: 534619163 12779776 416394 12144

1735226196
lo: 0 0 0 0
eth0: 534949549 12789478 330386 9702

1735226197
lo: 0 0 0 0
eth0: 535511053 12803866 561504 14388

1735226198
lo: 0 0 0 0
eth0: 536098481 12818056 587428 14190

1735226199
lo: 0 0 0 0
eth0: 536566595 12830530 468114 12474

1735226200
lo: 0 0 0 0
eth0: 537082161 12843994 515566 13464

1735226201
lo: 0 0 0 0
eth0: 537739630 12860164 657469 16170

1735226202
lo: 0 0 0 0
eth0: 538235620 12872110 495990 11946

1735226203
lo: 0 0 0 0
eth0: 538518073 12879898 282453 7788

1735226204
lo: 0 0 0 0
eth0: 538753359 12886168 235286 6270

1735226205
lo: 0 0 0 0
eth0: 538881039 12890062 127680 3894

1735226206
lo: 0 0 0 0
eth0: 539132259 12897454 251220 7392

1735226207
lo: 0 0 0 0
eth0: 539366075 12903328 233816 5874

1735226208
lo: 0 0 0 0
eth0: 539768989 12912436 402914 9108

1735226209
lo: 0 0 0 0
eth0: 539968769 12918640 199780 6204

1735226210
lo: 0 0 0 0
eth0: 540155809 12924250 187040 5610

1735226211
lo: 0 0 0 0
eth0: 540467617 12931444 311808 7194

1735226212
lo: 0 0 0 0
eth0: 540917257 12941740 449640 10296

1735226213
lo: 0 0 0 0
eth0: 541202947 12948934 285690 7194

1735226214
lo: 0 0 0 0
eth0: 541411237 12955204 208290 6270

1735226215
lo: 0 0 0 0
eth0: 541631463 12961012 220226 5808

1735226216
lo: 0 0 0 0
eth0: 541850359 12966952 218896 5940

1735226217
lo: 0 0 0 0
eth0: 542142141 12974740 291782 7788

1735226218
lo: 0 0 0 0
eth0: 542461277 12981406 319136 6666

1735226219
lo: 0 0 0 0
eth0: 542779216 12989511 317939 8105

1735226220
lo: 0 0 0 0
eth0: 542999343 12997175 220127 7664

1735226221
lo: 0 0 0 0
eth0: 543851042 13073115 851699 75940

1735226222
lo: 0 0 0 0
eth0: 545764746 13117335 1913704 44220

1735226223
lo: 0 0 0 0
eth0: 547493066 13154559 1728320 37224

1735226224
lo: 0 0 0 0
eth0: 548695724 13183269 1202658 28710

1735226225
lo: 0 0 0 0
eth0: 549805552 13207887 1109828 24618

1735226226
lo: 0 0 0 0
eth0: 550969430 13233957 1163878 26070

1735226227
lo: 0 0 0 0
eth0: 552212770 13261611 1243340 27654

1735226228
lo: 0 0 0 0
eth0: 553234406 13286493 1021636 24882

1735226229
lo: 0 0 0 0
eth0: 554370996 13312959 1136590 26466

1735226230
lo: 0 0 0 0
eth0: 555198712 13331769 827716 18810

1735226231
lo: 0 0 0 0
eth0: 556173214 13354341 974502 22572

1735226232
lo: 0 0 0 0
eth0: 557308288 13381203 1135074 26862

1735226233
lo: 0 0 0 0
eth0: 558482032 13408767 1173744 27564

1735226234
lo: 0 0 0 0
eth0: 558957519 13422198 475487 13431

1735226235
lo: 0 0 0 0
eth0: 559297589 13433949 340070 11751

1735226236
lo: 0 0 0 0
eth0: 559688667 13446271 391078 12322

1735226237
lo: 0 0 0 0
eth0: 563537021 13522765 3848354 76494

1735226238
lo: 0 0 0 0
eth0: 566045481 13581307 2508460 58542

1735226239
lo: 0 0 0 0
eth0: 567379889 13614967 1334408 33660

1735226240
lo: 0 0 0 0
eth0: 568051692 13632325 671803 17358

1735226241
lo: 0 0 0 0
eth0: 569189312 13661233 1137620 28908

1735226242
lo: 0 0 0 0
eth0: 570417504 13690973 1228192 29740

1735226243
lo: 0 0 0 0
eth0: 570946868 13705716 529364 14743

1735226244
lo: 0 0 0 0
eth0: 571552986 13720962 606118 15246

1735226245
lo: 0 0 0 0
eth0: 572334142 13743500 781156 22538

1735226246
lo: 0 0 0 0
eth0: 572630180 13751486 296038 7986

1735226247
lo: 0 0 0 0
eth0: 573024134 13762730 393954 11244

1735226248
lo: 0 0 0 0
eth0: 575327270 13817161 2303136 54431

1735226249
lo: 0 0 0 0
eth0: 579716412 13917877 4389142 100716

1735226250
lo: 0 0 0 0
eth0: 581935574 13970149 2219162 52272

1735226251
lo: 0 0 0 0
eth0: 583683440 14011531 1747866 41382

1735226252
lo: 0 0 0 0
eth0: 585503672 14053243 1820232 41712

1735226253
lo: 0 0 0 0
eth0: 587643256 14103865 2139584 50622

1735226254
lo: 0 0 0 0
eth0: 589284802 14142937 1641546 39072

1735226255
lo: 0 0 0 0
eth0: 590974046 14183527 1689244 40590

1735226256
lo: 0 0 0 0
eth0: 593329780 14240089 2355734 56562

1735226257
lo: 0 0 0 0
eth0: 596186528 14306551 2856748 66462

1735226258
lo: 0 0 0 0
eth0: 597366800 14335063 1180272 28512

1735226259
lo: 0 0 0 0
eth0: 597581020 14340805 214220 5742

1735226260
lo: 0 0 0 0
eth0: 597683262 14344369 102242 3564

1735226261
lo: 0 0 0 0
eth0: 597942852 14350969 259590 6600

1735226262
lo: 0 0 0 0
eth0: 598197130 14358031 254278 7062

1735226263
lo: 0 0 0 0
eth0: 598446980 14364961 249850 6930

1735226264
lo: 0 0 0 0
eth0: 598693292 14371165 246312 6204

1735226265
lo: 0 0 0 0
eth0: 598962336 14378425 269044 7260

1735226266
lo: 0 0 0 0
eth0: 599597108 14393341 634772 14916

1735226267
lo: 0 0 0 0
eth0: 599957222 14401327 360114 7986

1735226268
lo: 0 0 0 0
eth0: 600286056 14409907 328834 8580

1735226269
lo: 0 0 0 0
eth0: 600463814 14414923 177758 5016

1735226270
lo: 0 0 0 0
eth0: 600735970 14421589 272156 6666

1735226271
lo: 0 0 0 0
eth0: 601020464 14428783 284494 7194

1735226272
lo: 0 0 0 0
eth0: 601321110 14436175 300646 7392

1735226273
lo: 0 0 0 0
eth0: 601675126 14444821 354016 8646

1735226274
lo: 0 0 0 0
eth0: 602164082 14456107 488956 11286

1735226275
lo: 0 0 0 0
eth0: 602395996 14462179 231914 6072

1735226276
lo: 0 0 0 0
eth0: 602572736 14467459 176740 5280

1735226277
lo: 0 0 0 0
eth0: 602810604 14474125 237868 6666

1735226278
lo: 0 0 0 0
eth0: 603012554 14479933 201950 5808

1735226279
lo: 0 0 0 0
eth0: 603233650 14486203 221096 6270

1735226280
lo: 0 0 0 0
eth0: 603567016 14494651 333366 8448

1735226281
lo: 0 0 0 0
eth0: 603719804 14499337 152788 4686

1735226282
lo: 0 0 0 0
eth0: 603942284 14505517 222480 6180

1735226283
lo: 0 0 0 0
eth0: 604345748 14515879 403464 10362

1735226284
lo: 0 0 0 0
eth0: 604689266 14524393 343518 8514

1735226285
lo: 0 0 0 0
eth0: 605021364 14533369 332098 8976

1735226286
lo: 0 0 0 0
eth0: 605521906 14545975 500542 12606

1735226287
lo: 0 0 0 0
eth0: 605833324 14553895 311418 7920

1735226288
lo: 0 0 0 0
eth0: 606117246 14561593 283922 7698

1735226289
lo: 0 0 0 0
eth0: 606367362 14568325 250116 6732

1735226290
lo: 0 0 0 0
eth0: 606597602 14574397 230240 6072

1735226291
lo: 0 0 0 0
eth0: 606742686 14578489 145084 4092

1735226292
lo: 0 0 0 0
eth0: 607012562 14584429 269876 5940

1735226293
lo: 0 0 0 0
eth0: 607278470 14591623 265908 7194

1735226294
lo: 0 0 0 0
eth0: 607521270 14598487 242800 6864

1735226295
lo: 0 0 0 0
eth0: 607854314 14606803 333044 8316

1735226296
lo: 0 0 0 0
eth0: 608103808 14613139 249494 6336

1735226297
lo: 0 0 0 0
eth0: 608264204 14618155 160396 5016

1735226298
lo: 0 0 0 0
eth0: 608478072 14624359 213868 6204

1735226299
lo: 0 0 0 0
eth0: 608804390 14632543 326318 8184

1735226300
lo: 0 0 0 0
eth0: 609023618 14638021 219228 5478

1735226301
lo: 0 0 0 0
eth0: 609411788 14647855 388170 9834

1735226302
lo: 0 0 0 0
eth0: 609810900 14657755 399112 9900

1735226303
lo: 0 0 0 0
eth0: 610208136 14667523 397236 9768

1735226304
lo: 0 0 0 0
eth0: 610392164 14672803 184028 5280

1735226305
lo: 0 0 0 0
eth0: 610660382 14680657 268218 7854

1735226306
lo: 0 0 0 0
eth0: 610849468 14686861 189086 6204

1735226307
lo: 0 0 0 0
eth0: 611104098 14693725 254630 6864

1735226308
lo: 0 0 0 0
eth0: 611386604 14701315 282506 7590

1735226309
lo: 0 0 0 0
eth0: 611614246 14707057 227642 5742

1735226310
lo: 0 0 0 0
eth0: 611874886 14714383 260640 7326

1735226311
lo: 0 0 0 0
eth0: 612239590 14723293 364704 8910

1735226312
lo: 0 0 0 0
eth0: 612723698 14734909 484108 11616

1735226313
lo: 0 0 0 0
eth0: 612872850 14740189 149152 5280

1735226314
lo: 0 0 0 0
eth0: 613228968 14749627 356118 9438

1735226315
lo: 0 0 0 0
eth0: 613429264 14755303 200296 5676

1735226316
lo: 0 0 0 0
eth0: 613684926 14762101 255662 6798

1735226317
lo: 0 0 0 0
eth0: 613915180 14768809 230254 6708

1735226318
lo: 0 0 0 0
eth0: 614161472 14777749 246292 8940

1735226319
lo: 0 0 0 0
eth0: 614274511 14782780 113039 5031

1735226320
lo: 0 0 0 0
eth0: 614554041 14790634 279530 7854

1735226321
lo: 0 0 0 0
eth0: 615971207 14814682 1417166 24048

1735226322
lo: 0 0 0 0
eth0: 616206591 14820028 235384 5346

1735226323
lo: 0 0 0 0
eth0: 616564011 14831097 357420 11069

1735226324
lo: 0 0 0 0
eth0: 616730377 14836179 166366 5082

1735226325
lo: 0 0 0 0
eth0: 616956801 14842977 226424 6798

1735226326
lo: 0 0 0 0
eth0: 617241025 14850501 284224 7524

1735226327
lo: 0 0 0 0
eth0: 617529489 14858025 288464 7524

1735226328
lo: 0 0 0 0
eth0: 617755613 14864427 226124 6402

1735226329
lo: 0 0 0 0
eth0: 617908319 14868915 152706 4488

1735226330
lo: 0 0 0 0
eth0: 618063877 14873403 155558 4488

1735226331
lo: 0 0 0 0
eth0: 618427587 14882643 363710 9240

1735226332
lo: 0 0 0 0
eth0: 618643087 14888583 215500 5940

1735226333
lo: 0 0 0 0
eth0: 618800263 14892939 157176 4356

1735226334
lo: 0 0 0 0
eth0: 619111715 14900793 311452 7854

1735226335
lo: 0 0 0 0
eth0: 619409743 14908779 298028 7986

1735226336
lo: 0 0 0 0
eth0: 619994427 14923167 584684 14388

1735226337
lo: 0 0 0 0
eth0: 620291997 14931153 297570 7986

1735226338
lo: 0 0 0 0
eth0: 620426929 14935311 134932 4158

1735226339
lo: 0 0 0 0
eth0: 620690223 14942307 263294 6996

1735226340
lo: 0 0 0 0
eth0: 620994723 14950359 304500 8052

1735226341
lo: 0 0 0 0
eth0: 621180531 14955507 185808 5148

1735226342
lo: 0 0 0 0
eth0: 621285549 14958675 105018 3168

1735226343
lo: 0 0 0 0
eth0: 621524989 14965077 239440 6402

1735226344
lo: 0 0 0 0
eth0: 621808035 14972865 283046 7788

1735226345
lo: 0 0 0 0
eth0: 621930753 14976759 122718 3894

1735226346
lo: 0 0 0 0
eth0: 622214733 14983623 283980 6864

1735226347
lo: 0 0 0 0
eth0: 622484073 14990751 269340 7128

1735226348
lo: 0 0 0 0
eth0: 623248022 15009911 763949 19160

1735226349
lo: 0 0 0 0
eth0: 623575464 15021610 327442 11699

1735226350
lo: 0 0 0 0
eth0: 623802416 15027814 226952 6204

1735226351
lo: 0 0 0 0
eth0: 624078920 15034612 276504 6798

1735226352
lo: 0 0 0 0
eth0: 624306176 15040684 227256 6072

1735226353
lo: 0 0 0 0
eth0: 624693962 15050452 387786 9768

1735226354
lo: 0 0 0 0
eth0: 625126102 15060550 432140 10098

1735226355
lo: 0 0 0 0
eth0: 625300594 15065104 174492 4554

1735226356
lo: 0 0 0 0
eth0: 625433994 15069262 133400 4158

1735226357
lo: 0 0 0 0
eth0: 625645090 15075268 211096 6006

1735226358
lo: 0 0 0 0
eth0: 625877114 15081406 232024 6138

1735226359
lo: 0 0 0 0
eth0: 626068282 15088184 191168 6778

1735226360
lo: 0 0 0 0
eth0: 627253255 15118054 1184973 29870

1735226361
lo: 0 0 0 0
eth0: 631559953 15211624 4306698 93570

1735226362
lo: 0 0 0 0
eth0: 636567260 15321046 5007307 109422

1735226363
lo: 0 0 0 0
eth0: 636899266 15329560 332006 8514

1735226364
lo: 0 0 0 0
eth0: 637469964 15343330 570698 13770

1735226365
lo: 0 0 0 0
eth0: 637834646 15353098 364682 9768

1735226366
lo: 0 0 0 0
eth0: 638182496 15368846 347850 15748

1735226367
lo: 0 0 0 0
eth0: 642025123 15453986 3842627 85140

1735226368
lo: 0 0 0 0
eth0: 643080127 15478958 1055004 24972

1735226369
lo: 0 0 0 0
eth0: 643407703 15487670 327576 8712

1735226370
lo: 0 0 0 0
eth0: 643831811 15498098 424108 10428

1735226371
lo: 0 0 0 0
eth0: 644100122 15507403 268311 9305

1735226372
lo: 0 0 0 0
eth0: 645896061 15607339 1795939 99936

1735226373
lo: 0 0 0 0
eth0: 651338159 15722321 5442098 114982

1735226374
lo: 0 0 0 0
eth0: 654059435 15784163 2721276 61842

1735226375
lo: 0 0 0 0
eth0: 655918000 15827899 1858565 43736

1735226376
lo: 0 0 0 0
eth0: 660544472 15931270 4626472 103371

1735226377
lo: 0 0 0 0
eth0: 668121632 16092286 7577160 161016

1735226378
lo: 0 0 0 0
eth0: 669192558 16117696 1070926 25410

1735226379
lo: 0 0 0 0
eth0: 670514821 16154074 1322263 36378

1735226380
lo: 0 0 0 0
eth0: 679181649 16347030 8666828 192956

1735226381
lo: 0 0 0 0
eth0: 684454423 16464708 5272774 117678

1735226382
lo: 0 0 0 0
eth0: 687998217 16545228 3543794 80520

1735226383
lo: 0 0 0 0
eth0: 691293410 16620930 3295193 75702

1735226384
lo: 0 0 0 0
eth0: 693694348 16675668 2400938 54738

1735226385
lo: 0 0 0 0
eth0: 696518004 16744795 2823656 69127

1735226386
lo: 0 0 0 0
eth0: 698920740 16800895 2402736 56100

1735226387
lo: 0 0 0 0
eth0: 701074758 16853431 2154018 52536

1735226388
lo: 0 0 0 0
eth0: 703549272 16909201 2474514 55770

1735226389
lo: 0 0 0 0
eth0: 705699424 16956193 2150152 46992

1735226390
lo: 0 0 0 0
eth0: 707110414 16990117 1410990 33924

1735226391
lo: 0 0 0 0
eth0: 708589952 17023909 1479538 33792

1735226392
lo: 0 0 0 0
eth0: 710023478 17056711 1433526 32802

1735226393
lo: 0 0 0 0
eth0: 711563132 17090041 1539654 33330

1735226394
lo: 0 0 0 0
eth0: 713407450 17130367 1844318 40326

1735226395
lo: 0 0 0 0
eth0: 715209242 17168515 1801792 38148

1735226396
lo: 0 0 0 0
eth0: 716991318 17209369 1782076 40854

1735226397
lo: 0 0 0 0
eth0: 718356744 17240125 1365426 30756

1735226398
lo: 0 0 0 0
eth0: 719712816 17270551 1356072 30426

1735226399
lo: 0 0 0 0
eth0: 721223618 17303089 1510802 32538

1735226400
lo: 0 0 0 0
eth0: 722535116 17332459 1311498 29370

1735226401
lo: 0 0 0 0
eth0: 724166004 17368891 1630888 36432

1735226402
lo: 0 0 0 0
eth0: 725820012 17407831 1654008 38940

1735226403
lo: 0 0 0 0
eth0: 727706657 17454203 1886645 46372

1735226404
lo: 0 0 0 0
eth0: 731141213 17531133 3434556 76930

1735226405
lo: 0 0 0 0
eth0: 734521674 17606415 3380461 75282

1735226406
lo: 0 0 0 0
eth0: 737036680 17661987 2515006 55572

1735226407
lo: 0 0 0 0
eth0: 739703789 17730790 2667109 68803

1735226408
lo: 0 0 0 0
eth0: 748382668 17923190 8678879 192400

1735226409
lo: 0 0 0 0
eth0: 756878622 18114838 8495954 191648

1735226410
lo: 0 0 0 0
eth0: 759332123 18171932 2453501 57094

1735226411
lo: 0 0 0 0
eth0: 761515775 18224220 2183652 52288

1735226412
lo: 0 0 0 0
eth0: 763673926 18277673 2158151 53453

1735226413
lo: 0 0 0 0
eth0: 765849990 18329153 2176064 51480

1735226414
lo: 0 0 0 0
eth0: 768202490 18385525 2352500 56372

1735226415
lo: 0 0 0 0
eth0: 770453489 18439597 2250999 54072

1735226416
lo: 0 0 0 0
eth0: 772618961 18489823 2165472 50226

1735226417
lo: 0 0 0 0
eth0: 774825169 18542359 2206208 52536

1735226418
lo: 0 0 0 0
eth0: 776585469 18584269 1760300 41910

1735226419
lo: 0 0 0 0
eth0: 778291783 18624727 1706314 40458

1735226420
lo: 0 0 0 0
eth0: 779637817 18657199 1346034 32472

1735226421
lo: 0 0 0 0
eth0: 780562081 18680563 924264 23364

1735226422
lo: 0 0 0 0
eth0: 781698379 18707623 1136298 27060

1735226423
lo: 0 0 0 0
eth0: 783192041 18741745 1493662 34122

1735226424
lo: 0 0 0 0
eth0: 784439063 18769927 1247022 28182

1735226425
lo: 0 0 0 0
eth0: 785780355 18801145 1341292 31218

1735226426
lo: 0 0 0 0
eth0: 787343023 18836851 1562668 35706

1735226427
lo: 0 0 0 0
eth0: 789033377 18875923 1690354 39072

1735226428
lo: 0 0 0 0
eth0: 791167929 18925753 2134552 49830

1735226429
lo: 0 0 0 0
eth0: 793732708 18981985 2564779 56232

1735226430
lo: 0 0 0 0
eth0: 796295600 19033267 2562892 51282

1735226431
lo: 0 0 0 0
eth0: 800109088 19108375 3813488 75108

1735226433
lo: 0 0 0 0
eth0: 803434218 19176619 3325130 68244

1735226434
lo: 0 0 0 0
eth0: 803800682 19186387 366464 9768

1735226435
lo: 0 0 0 0
eth0: 804064684 19193647 264002 7260

1735226436
lo: 0 0 0 0
eth0: 804354890 19201567 290206 7920

1735226437
lo: 0 0 0 0
eth0: 804519478 19206451 164588 4884

1735226438
lo: 0 0 0 0
eth0: 804712716 19212193 193238 5742

1735226439
lo: 0 0 0 0
eth0: 805140344 19222951 427628 10758

1735226440
lo: 0 0 0 0
eth0: 805429280 19231267 288936 8316

1735226441
lo: 0 0 0 0
eth0: 805725242 19239517 295962 8250

1735226442
lo: 0 0 0 0
eth0: 806144046 19250101 418804 10584

1735226443
lo: 0 0 0 0
eth0: 806437366 19257955 293320 7854

1735226444
lo: 0 0 0 0
eth0: 806930490 19269967 493124 12012

1735226445
lo: 0 0 0 0
eth0: 807273326 19278811 342836 8844

1735226446
lo: 0 0 0 0
eth0: 807441340 19284463 168014 5652

1735226447
lo: 0 0 0 0
eth0: 807739684 19293043 298344 8580

1735226448
lo: 0 0 0 0
eth0: 808107210 19302613 367526 9570

1735226449
lo: 0 0 0 0
eth0: 808624436 19315219 517226 12606

1735226450
lo: 0 0 0 0
eth0: 809017944 19325911 393508 10692

1735226451
lo: 0 0 0 0
eth0: 809281378 19333105 263434 7194

1735226452
lo: 0 0 0 0
eth0: 809536316 19340365 254938 7260

1735226453
lo: 0 0 0 0
eth0: 809824311 19350143 287995 9778

1735226454
lo: 0 0 0 0
eth0: 810050903 19357007 226592 6864

1735226455
lo: 0 0 0 0
eth0: 810487187 19368029 436284 11022

1735226456
lo: 0 0 0 0
eth0: 811372673 19389611 885486 21582

1735226457
lo: 0 0 0 0
eth0: 812601715 19419971 1229042 30360

1735226458
lo: 0 0 0 0
eth0: 813520479 19442807 918764 22836

1735226459
lo: 0 0 0 0
eth0: 814238883 19460759 718404 17952

1735226460
lo: 0 0 0 0
eth0: 814982204 19478843 743321 18084

1735226461
lo: 0 0 0 0
eth0: 815556632 19493165 574428 14322

1735226462
lo: 0 0 0 0
eth0: 815990682 19503593 434050 10428

1735226463
lo: 0 0 0 0
eth0: 816710408 19522469 719726 18876

1735226464
lo: 0 0 0 0
eth0: 817568966 19543787 858558 21318

1735226465
lo: 0 0 0 0
eth0: 818475100 19566557 906134 22770

1735226466
lo: 0 0 0 0
eth0: 819227968 19579031 752868 12474

1735226467
lo: 0 0 0 0
eth0: 820018196 19605431 790228 26400

1735226468
lo: 0 0 0 0
eth0: 820325040 19612823 306844 7392

1735226469
lo: 0 0 0 0
eth0: 821015862 19629059 690822 16236

1735226470
lo: 0 0 0 0
eth0: 821982156 19652753 966294 23694

1735226471
lo: 0 0 0 0
eth0: 822447344 19664831 465188 12078

1735226472
lo: 0 0 0 0
eth0: 822919430 19675457 472086 10626

1735226473
lo: 0 0 0 0
eth0: 823601522 19692419 682092 16962

1735226474
lo: 0 0 0 0
eth0: 824138208 19705817 536686 13398

1735226475
lo: 0 0 0 0
eth0: 824833568 19723307 695360 17490

1735226476
lo: 0 0 0 0
eth0: 825470434 19738817 636866 15510

1735226477
lo: 0 0 0 0
eth0: 826402262 19746407 931828 7590

1735226478
lo: 0 0 0 0
eth0: 827281372 19768517 879110 22110

1735226479
lo: 0 0 0 0
eth0: 828283444 19793399 1002072 24882

1735226480
lo: 0 0 0 0
eth0: 829209356 19816763 925912 23364

1735226481
lo: 0 0 0 0
eth0: 830305436 19844813 1096080 28050

1735226482
lo: 0 0 0 0
eth0: 831157432 19861907 851996 17094

1735226483
lo: 0 0 0 0
eth0: 831843590 19879661 686158 17754

1735226484
lo: 0 0 0 0
eth0: 832478116 19895699 634526 16038

1735226485
lo: 0 0 0 0
eth0: 833228932 19915873 750816 20174

1735226486
lo: 0 0 0 0
eth0: 833895600 19932769 666668 16896

1735226487
lo: 0 0 0 0
eth0: 834448996 19946275 553396 13506

1735226488
lo: 0 0 0 0
eth0: 835346708 19968781 897712 22506

1735226489
lo: 0 0 0 0
eth0: 836106728 19988317 760020 19536

1735226490
lo: 0 0 0 0
eth0: 836998606 20010493 891878 22176

1735226491
lo: 0 0 0 0
eth0: 837952928 20034781 954322 24288

1735226492
lo: 0 0 0 0
eth0: 838522520 20049169 569592 14388

1735226493
lo: 0 0 0 0
eth0: 839224894 20067781 702374 18612

1735226494
lo: 0 0 0 0
eth0: 840320418 20096227 1095524 28446

1735226495
lo: 0 0 0 0
eth0: 841179944 20117017 859526 20790

1735226496
lo: 0 0 0 0
eth0: 842076042 20139127 896098 22110

1735226497
lo: 0 0 0 0
eth0: 843195210 20166979 1119168 27852

1735226498
lo: 0 0 0 0
eth0: 844103640 20190211 908430 23232

1735226499
lo: 0 0 0 0
eth0: 845406548 20222485 1302908 32274

1735226500
lo: 0 0 0 0
eth0: 846877272 20259577 1470724 37092

1735226501
lo: 0 0 0 0
eth0: 847558684 20275945 681412 16368

1735226502
lo: 0 0 0 0
eth0: 848053486 20287957 494802 12012

1735226503
lo: 0 0 0 0
eth0: 848830216 20306503 776730 18546

1735226504
lo: 0 0 0 0
eth0: 849553156 20323663 722940 17160

1735226505
lo: 0 0 0 0
eth0: 850380606 20343793 827450 20130

1735226506
lo: 0 0 0 0
eth0: 851486168 20371249 1105562 27456

1735226507
lo: 0 0 0 0
eth0: 852555540 20398375 1069372 27126

1735226508
lo: 0 0 0 0
eth0: 853050440 20410651 494900 12276

1735226509
lo: 0 0 0 0
eth0: 853686466 20426227 636026 15576

1735226510
lo: 0 0 0 0
eth0: 854182740 20438305 496274 12078

1735226511
lo: 0 0 0 0
eth0: 854514698 20447083 331958 8778

1735226512
lo: 0 0 0 0
eth0: 855105674 20462065 590976 14982

1735226513
lo: 0 0 0 0
eth0: 855793186 20479399 687512 17334

1735226514
lo: 0 0 0 0
eth0: 856647560 20501179 854374 21780

1735226515
lo: 0 0 0 0
eth0: 857292374 20517349 644814 16170

1735226516
lo: 0 0 0 0
eth0: 857826952 20531143 534578 13794

1735226517
lo: 0 0 0 0
eth0: 858452766 20547313 625814 16170

1735226518
lo: 0 0 0 0
eth0: 859505948 20574373 1053182 27060

1735226519
lo: 0 0 0 0
eth0: 860569572 20600839 1063624 26466

1735226520
lo: 0 0 0 0
eth0: 861058856 20612719 489284 11880

1735226521
lo: 0 0 0 0
eth0: 861756704 20630143 697848 17424

1735226522
lo: 0 0 0 0
eth0: 862539914 20649811 783210 19668

1735226523
lo: 0 0 0 0
eth0: 863291070 20667829 751156 18018

1735226524
lo: 0 0 0 0
eth0: 864122028 20688025 830958 20196

1735226525
lo: 0 0 0 0
eth0: 865201432 20714689 1079404 26664

1735226526
lo: 0 0 0 0
eth0: 865883268 20732245 681836 17556

1735226527
lo: 0 0 0 0
eth0: 866520024 20747359 636756 15114

1735226528
lo: 0 0 0 0
eth0: 867580704 20773801 1060680 26442

1735226529
lo: 0 0 0 0
eth0: 868797374 20805085 1216670 31284

1735226530
lo: 0 0 0 0
eth0: 870105330 20837293 1307956 32208

1735226531
lo: 0 0 0 0
eth0: 871711782 20877817 1606452 40524

1735226532
lo: 0 0 0 0
eth0: 872532418 20899069 820636 21252

1735226533
lo: 0 0 0 0
eth0: 873260804 20917219 728386 18150

1735226534
lo: 0 0 0 0
eth0: 874142552 20939659 881748 22440

1735226535
lo: 0 0 0 0
eth0: 874958548 20959261 815996 19602

1735226536
lo: 0 0 0 0
eth0: 875375394 20969689 416846 10428

1735226537
lo: 0 0 0 0
eth0: 876019084 20985859 643690 16170

1735226538
lo: 0 0 0 0
eth0: 876683336 21002755 664252 16896

1735226539
lo: 0 0 0 0
eth0: 877396948 21019915 713612 17160

1735226540
lo: 0 0 0 0
eth0: 878238970 21040705 842022 20790

1735226541
lo: 0 0 0 0
eth0: 878986228 21058723 747258 18018

1735226542
lo: 0 0 0 0
eth0: 879619054 21073681 632826 14958

1735226543
lo: 0 0 0 0
eth0: 880169034 21087541 549980 13860

1735226544
lo: 0 0 0 0
eth0: 880872604 21106021 703570 18480

1735226545
lo: 0 0 0 0
eth0: 881353044 21118429 480440 12408

1735226546
lo: 0 0 0 0
eth0: 882095512 21136975 742468 18546

1735226547
lo: 0 0 0 0
eth0: 882942744 21156907 847232 19932

1735226548
lo: 0 0 0 0
eth0: 883806972 21178357 864228 21450

1735226549
lo: 0 0 0 0
eth0: 884490556 21195055 683584 16698

1735226550
lo: 0 0 0 0
eth0: 887927597 21273422 3437041 78367

1735226551
lo: 0 0 0 0
eth0: 888637507 21291308 709910 17886

1735226552
lo: 0 0 0 0
eth0: 889315309 21308534 677802 17226

1735226553
lo: 0 0 0 0
eth0: 890238958 21331238 923649 22704

1735226554
lo: 0 0 0 0
eth0: 890955252 21348926 716294 17688

1735226555
lo: 0 0 0 0
eth0: 891695772 21366746 740520 17820

1735226556
lo: 0 0 0 0
eth0: 893195020 21403552 1499248 36806

1735226557
lo: 0 0 0 0
eth0: 893769395 21418138 574375 14586

1735226558
lo: 0 0 0 0
eth0: 893769395 21418138 0 0

1735226559
lo: 0 0 0 0
eth0: 893769395 21418138 0 0

1735226560
lo: 0 0 0 0
eth0: 893769395 21418138 0 0

1735226561
lo: 0 0 0 0
eth0: 893769395 21418138 0 0

1735226562
lo: 0 0 0 0
eth0: 893769395 21418138 0 0

1735226563
lo: 0 0 0 0
eth0: 893769465 21418138 70 0

1735226564
lo: 0 0 0 0
eth0: 893769465 21418138 0 0

1735226565
lo: 0 0 0 0
eth0: 893769465 21418138 0 0

1735226566
lo: 0 0 0 0
eth0: 893769465 21418138 0 0

1735226567
lo: 0 0 0 0
eth0: 893769465 21418138 0 0

1735226568
lo: 0 0 0 0
eth0: 893769465 21418138 0 0

1735226569
lo: 0 0 0 0
eth0: 893769465 21418138 0 0

1735226570
lo: 0 0 0 0
eth0: 893769465 21418138 0 0

1735226571
lo: 0 0 0 0
eth0: 893769465 21418138 0 0

1735226572
lo: 0 0 0 0
eth0: 893769465 21418138 0 0

1735226573
lo: 0 0 0 0
eth0: 893769465 21418138 0 0

1735226574
lo: 0 0 0 0
eth0: 893769465 21418138 0 0

1735226575
lo: 0 0 0 0
eth0: 893769465 21418138 0 0

1735226576
lo: 0 0 0 0
eth0: 893769465 21418138 0 0

1735226577
lo: 0 0 0 0
eth0: 893769465 21418138 0 0

1735226578
lo: 0 0 0 0
eth0: 893769465 21418138 0 0

1735226579
lo: 0 0 0 0
eth0: 893769465 21418138 0 0

1735226580
lo: 0 0 0 0
eth0: 893796423 21425074 26958 6936

1735226581
lo: 0 0 0 0
eth0: 895810990 21471256 2014567 46182

1735226582
lo: 0 0 0 0
eth0: 896530932 21487756 719942 16500

1735226583
lo: 0 0 0 0
eth0: 896530932 21487756 0 0

1735226584
lo: 0 0 0 0
eth0: 896530932 21487756 0 0

1735226585
lo: 0 0 0 0
eth0: 896530974 21487798 42 42

1735226586
lo: 0 0 0 0
eth0: 896530974 21487798 0 0

1735226587
lo: 0 0 0 0
eth0: 896530974 21487798 0 0

1735226588
lo: 0 0 0 0
eth0: 896625459 21491662 94485 3864

1735226590
lo: 0 0 0 0
eth0: 897004446 21500704 378987 9042

1735226591
lo: 0 0 0 0
eth0: 897004446 21500704 0 0

1735226592
lo: 0 0 0 0
eth0: 897004446 21500704 0 0

1735226593
lo: 0 0 0 0
eth0: 897004446 21500704 0 0

1735226594
lo: 0 0 0 0
eth0: 897004446 21500704 0 0

1735226596
lo: 0 0 0 0
eth0: 897004446 21500704 0 0

1735226598
lo: 0 0 0 0
eth0: 897004446 21500704 0 0

1735226599
lo: 0 0 0 0
eth0: 897004446 21500704 0 0

1735226600
lo: 0 0 0 0
eth0: 897004446 21500704 0 0

1735226601
lo: 0 0 0 0
eth0: 897004446 21500704 0 0

1735226602
lo: 0 0 0 0
eth0: 897004446 21500704 0 0

1735226603
lo: 0 0 0 0
eth0: 897004446 21500704 0 0

1735226604
lo: 0 0 0 0
eth0: 897004446 21500704 0 0

1735226605
lo: 0 0 0 0
eth0: 897004446 21500704 0 0

1735226606
lo: 0 0 0 0
eth0: 897004446 21500704 0 0

1735226607
lo: 0 0 0 0
eth0: 897004446 21500704 0 0

1735226608
lo: 0 0 0 0
eth0: 897004446 21500704 0 0

1735226609
lo: 0 0 0 0
eth0: 897004446 21500704 0 0

1735226610
lo: 0 0 0 0
eth0: 897004446 21500704 0 0

1735226611
lo: 0 0 0 0
eth0: 897004446 21500704 0 0

1735226612
lo: 0 0 0 0
eth0: 897004446 21500704 0 0

1735226613
lo: 0 0 0 0
eth0: 897004446 21500704 0 0

1735226615
lo: 0 0 0 0
eth0: 897004446 21500704 0 0

1735226616
lo: 0 0 0 0
eth0: 897004446 21500704 0 0

1735226618
lo: 0 0 0 0
eth0: 897004446 21500704 0 0

1735226619
lo: 0 0 0 0
eth0: 897004446 21500704 0 0

1735226620
lo: 0 0 0 0
eth0: 897004446 21500704 0 0

1735226621
lo: 0 0 0 0
eth0: 897004446 21500704 0 0

1735226622
lo: 0 0 0 0
eth0: 897004446 21500704 0 0

1735226625
lo: 0 0 0 0
eth0: 897004446 21500704 0 0

1735226626
lo: 0 0 0 0
eth0: 897004446 21500704 0 0

1735226627
lo: 0 0 0 0
eth0: 897004446 21500704 0 0

1735226628
lo: 0 0 0 0
eth0: 897004446 21500704 0 0

1735226629
lo: 0 0 0 0
eth0: 897004446 21500704 0 0

1735226630
lo: 0 0 0 0
eth0: 897004446 21500704 0 0

1735226631
lo: 0 0 0 0
eth0: 897004446 21500704 0 0

1735226632
lo: 0 0 0 0
eth0: 897004446 21500704 0 0

1735226633
lo: 0 0 0 0
eth0: 897004446 21500704 0 0

1735226634
lo: 0 0 0 0
eth0: 897004446 21500704 0 0

1735226635
lo: 0 0 0 0
eth0: 897004446 21500704 0 0

1735226636
lo: 0 0 0 0
eth0: 897004446 21500704 0 0

1735226637
lo: 0 0 0 0
eth0: 897004446 21500704 0 0

1735226638
lo: 0 0 0 0
eth0: 897004446 21500704 0 0

1735226639
lo: 0 0 0 0
eth0: 897004446 21500704 0 0

1735226640
lo: 0 0 0 0
eth0: 897004446 21500704 0 0

1735226641
lo: 0 0 0 0
eth0: 897004446 21500704 0 0

1735226642
lo: 0 0 0 0
eth0: 897004446 21500704 0 0

1735226643
lo: 0 0 0 0
eth0: 897004446 21500704 0 0

1735226644
lo: 0 0 0 0
eth0: 897004446 21500704 0 0

1735226645
lo: 0 0 0 0
eth0: 897004446 21500704 0 0

1735226646
lo: 0 0 0 0
eth0: 897004446 21500704 0 0

1735226647
lo: 0 0 0 0
eth0: 897004446 21500704 0 0

1735226648
lo: 0 0 0 0
eth0: 897004446 21500704 0 0

1735226649
lo: 0 0 0 0
eth0: 897004446 21500704 0 0

1735226650
lo: 0 0 0 0
eth0: 897004446 21500704 0 0

1735226651
lo: 0 0 0 0
eth0: 897004446 21500704 0 0

1735226652
lo: 0 0 0 0
eth0: 897004446 21500704 0 0

1735226653
lo: 0 0 0 0
eth0: 897004446 21500704 0 0

1735226654
lo: 0 0 0 0
eth0: 897004446 21500704 0 0

1735226655
lo: 0 0 0 0
eth0: 897004446 21500704 0 0

1735226656
lo: 0 0 0 0
eth0: 897004446 21500704 0 0

1735226657
lo: 0 0 0 0
eth0: 897004446 21500704 0 0

1735226658
lo: 0 0 0 0
eth0: 897004446 21500704 0 0

1735226659
lo: 0 0 0 0
eth0: 897004446 21500704 0 0

1735226660
lo: 0 0 0 0
eth0: 897004446 21500704 0 0

1735226661
lo: 0 0 0 0
eth0: 897004446 21500704 0 0

1735226662
lo: 0 0 0 0
eth0: 897004446 21500704 0 0

1735226663
lo: 0 0 0 0
eth0: 897008503 21502110 4057 1406

1735226665
lo: 0 0 0 0
eth0: 898993163 21551672 1984660 49562

1735226666
lo: 0 0 0 0
eth0: 898993163 21551672 0 0

1735226667
lo: 0 0 0 0
eth0: 898993163 21551672 0 0

1735226668
lo: 0 0 0 0
eth0: 898993163 21551672 0 0

1735226669
lo: 0 0 0 0
eth0: 898993205 21551714 42 42

1735226670
lo: 0 0 0 0
eth0: 898993205 21551714 0 0

1735226671
lo: 0 0 0 0
eth0: 898993205 21551714 0 0

1735226672
lo: 0 0 0 0
eth0: 898993205 21551714 0 0

1735226673
lo: 0 0 0 0
eth0: 898993205 21551714 0 0

1735226674
lo: 0 0 0 0
eth0: 898993205 21551714 0 0

1735226675
lo: 0 0 0 0
eth0: 898993205 21551714 0 0

1735226676
lo: 0 0 0 0
eth0: 898993205 21551714 0 0

1735226677
lo: 0 0 0 0
eth0: 898993205 21551714 0 0

1735226678
lo: 0 0 0 0
eth0: 898993205 21551714 0 0

1735226679
lo: 0 0 0 0
eth0: 898993205 21551714 0 0

1735226680
lo: 0 0 0 0
eth0: 898993205 21551714 0 0

1735226681
lo: 0 0 0 0
eth0: 898993205 21551714 0 0

1735226682
lo: 0 0 0 0
eth0: 898993205 21551714 0 0

1735226683
lo: 0 0 0 0
eth0: 898993205 21551714 0 0

1735226684
lo: 0 0 0 0
eth0: 898993205 21551714 0 0

1735226685
lo: 0 0 0 0
eth0: 898993205 21551714 0 0

1735226686
lo: 0 0 0 0
eth0: 898993205 21551714 0 0

1735226687
lo: 0 0 0 0
eth0: 898993205 21551714 0 0

1735226688
lo: 0 0 0 0
eth0: 898993205 21551714 0 0

1735226689
lo: 0 0 0 0
eth0: 898993205 21551714 0 0

1735226690
lo: 0 0 0 0
eth0: 898993205 21551714 0 0

1735226691
lo: 0 0 0 0
eth0: 898993205 21551714 0 0

1735226692
lo: 0 0 0 0
eth0: 898993205 21551714 0 0

1735226693
lo: 0 0 0 0
eth0: 898993205 21551714 0 0

1735226694
lo: 0 0 0 0
eth0: 898993205 21551714 0 0

1735226695
lo: 0 0 0 0
eth0: 898993205 21551714 0 0

1735226696
lo: 0 0 0 0
eth0: 898993205 21551714 0 0

1735226697
lo: 0 0 0 0
eth0: 898993205 21551714 0 0

1735226698
lo: 0 0 0 0
eth0: 898993205 21551714 0 0

1735226699
lo: 0 0 0 0
eth0: 898993205 21551714 0 0

1735226700
lo: 0 0 0 0
eth0: 898993205 21551714 0 0

1735226701
lo: 0 0 0 0
eth0: 898993205 21551714 0 0

1735226702
lo: 0 0 0 0
eth0: 898993205 21551714 0 0

1735226703
lo: 0 0 0 0
eth0: 898993205 21551714 0 0

1735226704
lo: 0 0 0 0
eth0: 898993205 21551714 0 0

1735226705
lo: 0 0 0 0
eth0: 898993205 21551714 0 0

1735226706
lo: 0 0 0 0
eth0: 898993205 21551714 0 0

1735226707
lo: 0 0 0 0
eth0: 898993205 21551714 0 0

1735226708
lo: 0 0 0 0
eth0: 898993205 21551714 0 0

1735226709
lo: 0 0 0 0
eth0: 898993205 21551714 0 0

1735226710
lo: 0 0 0 0
eth0: 898993205 21551714 0 0

1735226711
lo: 0 0 0 0
eth0: 898993205 21551714 0 0

1735226712
lo: 0 0 0 0
eth0: 898993205 21551714 0 0

1735226713
lo: 0 0 0 0
eth0: 898993205 21551714 0 0

1735226714
lo: 0 0 0 0
eth0: 898993205 21551714 0 0

1735226715
lo: 0 0 0 0
eth0: 898993205 21551714 0 0

1735226716
lo: 0 0 0 0
eth0: 898993205 21551714 0 0

1735226717
lo: 0 0 0 0
eth0: 898993205 21551714 0 0

1735226718
lo: 0 0 0 0
eth0: 898993205 21551714 0 0

1735226719
lo: 0 0 0 0
eth0: 902501052 21626068 3507847 74354

1735226720
lo: 0 0 0 0
eth0: 904476171 21666744 1975119 40676

1735226721
lo: 0 0 0 0
eth0: 904476171 21666744 0 0

1735226722
lo: 0 0 0 0
eth0: 904476171 21666744 0 0

1735226723
lo: 0 0 0 0
eth0: 904476171 21666744 0 0

1735226724
lo: 0 0 0 0
eth0: 904476213 21666786 42 42

1735226725
lo: 0 0 0 0
eth0: 904518379 21668912 42166 2126

1735226726
lo: 0 0 0 0
eth0: 916294108 21897320 11775729 228408

1735226727
lo: 0 0 0 0
eth0: 928386961 22149038 12092853 251718

1735226728
lo: 0 0 0 0
eth0: 940410997 22402610 12024036 253572

1735226729
lo: 0 0 0 0
eth0: 952472711 22652888 12061714 250278

1735226730
lo: 0 0 0 0
eth0: 964598023 22894118 12125312 241230

1735226731
lo: 0 0 0 0
eth0: 976653126 23142344 12055103 248226

1735226732
lo: 0 0 0 0
eth0: 988722903 23397614 12069777 255270

1735226733
lo: 0 0 0 0
eth0: 1000801037 23655248 12078134 257634

1735226734
lo: 0 0 0 0
eth0: 1012852838 23900900 12051801 245652

1735226735
lo: 0 0 0 0
eth0: 1024867174 24161204 12014336 260304

1735226736
lo: 0 0 0 0
eth0: 1035382188 24388382 10515014 227178

1735226737
lo: 0 0 0 0
eth0: 1037812886 24441446 2430698 53064

1735226738
lo: 0 0 0 0
eth0: 1037812886 24441446 0 0

1735226739
lo: 0 0 0 0
eth0: 1037812886 24441446 0 0

1735226740
lo: 0 0 0 0
eth0: 1037812886 24441446 0 0

1735226741
lo: 0 0 0 0
eth0: 1037812886 24441446 0 0

1735226742
lo: 0 0 0 0
eth0: 1037812886 24441446 0 0

1735226743
lo: 0 0 0 0
eth0: 1037812886 24441446 0 0

1735226744
lo: 0 0 0 0
eth0: 1037812886 24441446 0 0

1735226746
lo: 0 0 0 0
eth0: 1037812886 24441446 0 0

1735226747
lo: 0 0 0 0
eth0: 1037812886 24441446 0 0

1735226748
lo: 0 0 0 0
eth0: 1037812886 24441446 0 0

1735226749
lo: 0 0 0 0
eth0: 1037812886 24441446 0 0

1735226750
lo: 0 0 0 0
eth0: 1037812886 24441446 0 0

1735226751
lo: 0 0 0 0
eth0: 1037812886 24441446 0 0

1735226752
lo: 0 0 0 0
eth0: 1037812886 24441446 0 0

1735226753
lo: 0 0 0 0
eth0: 1037812886 24441446 0 0

1735226754
lo: 0 0 0 0
eth0: 1037812886 24441446 0 0

1735226755
lo: 0 0 0 0
eth0: 1037812886 24441446 0 0

1735226757
lo: 0 0 0 0
eth0: 1037812886 24441446 0 0

1735226758
lo: 0 0 0 0
eth0: 1037812886 24441446 0 0

1735226759
lo: 0 0 0 0
eth0: 1037812886 24441446 0 0

1735226760
lo: 0 0 0 0
eth0: 1037812886 24441446 0 0

1735226761
lo: 0 0 0 0
eth0: 1037812886 24441446 0 0

1735226762
lo: 0 0 0 0
eth0: 1037812886 24441446 0 0

1735226763
lo: 0 0 0 0
eth0: 1037812886 24441446 0 0

1735226764
lo: 0 0 0 0
eth0: 1037812886 24441446 0 0

1735226765
lo: 0 0 0 0
eth0: 1037858091 24443970 45205 2524

1735226766
lo: 0 0 0 0
eth0: 1037925325 24445818 67234 1848

1735226767
lo: 0 0 0 0
eth0: 1037929048 24447153 3723 1335

1735226768
lo: 0 0 0 0
eth0: 1038405304 24458835 476256 11682

1735226769
lo: 0 0 0 0
eth0: 1038711077 24463191 305773 4356

1735226770
lo: 0 0 0 0
eth0: 1038711119 24463233 42 42

1735226771
lo: 0 0 0 0
eth0: 1038711119 24463233 0 0

1735226772
lo: 0 0 0 0
eth0: 1038711119 24463233 0 0

1735226773
lo: 0 0 0 0
eth0: 1038711119 24463233 0 0

1735226774
lo: 0 0 0 0
eth0: 1038711119 24463233 0 0

1735226775
lo: 0 0 0 0
eth0: 1038711119 24463233 0 0

1735226776
lo: 0 0 0 0
eth0: 1038711119 24463233 0 0

1735226777
lo: 0 0 0 0
eth0: 1038711119 24463233 0 0

1735226778
lo: 0 0 0 0
eth0: 1038711119 24463233 0 0

1735226779
lo: 0 0 0 0
eth0: 1038711119 24463233 0 0

1735226780
lo: 0 0 0 0
eth0: 1038711119 24463233 0 0

1735226781
lo: 0 0 0 0
eth0: 1038711119 24463233 0 0

1735226782
lo: 0 0 0 0
eth0: 1038711119 24463233 0 0

1735226783
lo: 0 0 0 0
eth0: 1038711119 24463233 0 0

1735226784
lo: 0 0 0 0
eth0: 1038711119 24463233 0 0

1735226785
lo: 0 0 0 0
eth0: 1038711119 24463233 0 0

1735226786
lo: 0 0 0 0
eth0: 1038711119 24463233 0 0

1735226787
lo: 0 0 0 0
eth0: 1038711119 24463233 0 0

1735226788
lo: 0 0 0 0
eth0: 1038711119 24463233 0 0

1735226789
lo: 0 0 0 0
eth0: 1038711119 24463233 0 0

1735226790
lo: 0 0 0 0
eth0: 1038711119 24463233 0 0

1735226791
lo: 0 0 0 0
eth0: 1038711119 24463233 0 0

1735226792
lo: 0 0 0 0
eth0: 1038711119 24463233 0 0

1735226793
lo: 0 0 0 0
eth0: 1038711119 24463233 0 0

1735226794
lo: 0 0 0 0
eth0: 1038711119 24463233 0 0

1735226795
lo: 0 0 0 0
eth0: 1038711119 24463233 0 0

1735226796
lo: 0 0 0 0
eth0: 1038711119 24463233 0 0

1735226797
lo: 0 0 0 0
eth0: 1038711119 24463233 0 0

1735226798
lo: 0 0 0 0
eth0: 1038711119 24463233 0 0

1735226799
lo: 0 0 0 0
eth0: 1038711119 24463233 0 0

1735226800
lo: 0 0 0 0
eth0: 1038711119 24463233 0 0

1735226801
lo: 0 0 0 0
eth0: 1038711119 24463233 0 0

1735226802
lo: 0 0 0 0
eth0: 1038711119 24463233 0 0

1735226803
lo: 0 0 0 0
eth0: 1038711119 24463233 0 0

1735226804
lo: 0 0 0 0
eth0: 1038711119 24463233 0 0

1735226806
lo: 0 0 0 0
eth0: 1038711364 24463616 245 383

1735226807
lo: 0 0 0 0
eth0: 1038738317 24465801 26953 2185

1735226808
lo: 0 0 0 0
eth0: 1040363099 24499408 1624782 33607

1735226809
lo: 0 0 0 0
eth0: 1041372683 24520264 1009584 20856

1735226810
lo: 0 0 0 0
eth0: 1041372815 24520486 132 222

1735226811
lo: 0 0 0 0
eth0: 1041372857 24520528 42 42

1735226812
lo: 0 0 0 0
eth0: 1041372857 24520528 0 0

1735226813
lo: 0 0 0 0
eth0: 1041372857 24520528 0 0

1735226814
lo: 0 0 0 0
eth0: 1041372857 24520528 0 0

1735226815
lo: 0 0 0 0
eth0: 1041372857 24520528 0 0

1735226816
lo: 0 0 0 0
eth0: 1041372857 24520528 0 0

1735226817
lo: 0 0 0 0
eth0: 1041372857 24520528 0 0

1735226818
lo: 0 0 0 0
eth0: 1041372857 24520528 0 0

1735226819
lo: 0 0 0 0
eth0: 1041401263 24522859 28406 2331

1735226820
lo: 0 0 0 0
eth0: 1050341823 24710345 8940560 187486

1735226821
lo: 0 0 0 0
eth0: 1062404809 24944777 12062986 234432

1735226822
lo: 0 0 0 0
eth0: 1068695862 25070771 6291053 125994

1735226823
lo: 0 0 0 0
eth0: 1072874000 25161191 4178138 90420

1735226824
lo: 0 0 0 0
eth0: 1075189304 25216367 2315304 55176

1735226825
lo: 0 0 0 0
eth0: 1077607618 25273193 2418314 56826

1735226826
lo: 0 0 0 0
eth0: 1079923772 25327841 2316154 54648

1735226827
lo: 0 0 0 0
eth0: 1081582010 25367111 1658238 39270

1735226828
lo: 0 0 0 0
eth0: 1082981774 25400045 1399764 32934

1735226829
lo: 0 0 0 0
eth0: 1084496950 25436081 1515176 36036

1735226830
lo: 0 0 0 0
eth0: 1085948124 25469741 1451174 33660

1735226831
lo: 0 0 0 0
eth0: 1087345392 25503731 1397268 33990

1735226832
lo: 0 0 0 0
eth0: 1089050234 25542737 1704842 39006

1735226833
lo: 0 0 0 0
eth0: 1090390778 25573823 1340544 31086

1735226834
lo: 0 0 0 0
eth0: 1091282026 25594679 891248 20856

1735226835
lo: 0 0 0 0
eth0: 1092300510 25619957 1018484 25278

1735226836
lo: 0 0 0 0
eth0: 1093303886 25644245 1003376 24288

1735226837
lo: 0 0 0 0
eth0: 1094217784 25666817 913898 22572

1735226838
lo: 0 0 0 0
eth0: 1094982926 25685825 765142 19008

1735226839
lo: 0 0 0 0
eth0: 1095753118 25704833 770192 19008

1735226840
lo: 0 0 0 0
eth0: 1096427330 25720739 674212 15906

1735226841
lo: 0 0 0 0
eth0: 1097329586 25743287 902256 22548

1735226842
lo: 0 0 0 0
eth0: 1098523874 25772393 1194288 29106

1735226843
lo: 0 0 0 0
eth0: 1099775402 25802951 1251528 30558

1735226844
lo: 0 0 0 0
eth0: 1100803202 25827305 1027800 24354

1735226845
lo: 0 0 0 0
eth0: 1102017105 25857676 1213903 30371

1735226846
lo: 0 0 0 0
eth0: 1103802634 25899190 1785529 41514

1735226847
lo: 0 0 0 0
eth0: 1105071696 25921828 1269062 22638

1735226848
lo: 0 0 0 0
eth0: 1106249250 25949746 1177554 27918

1735226849
lo: 0 0 0 0
eth0: 1107441558 25977070 1192308 27324

1735226850
lo: 0 0 0 0
eth0: 1108545444 26002876 1103886 25806

1735226851
lo: 0 0 0 0
eth0: 1109665792 26029912 1120348 27036

1735226852
lo: 0 0 0 0
eth0: 1110861194 26057830 1195402 27918

1735226853
lo: 0 0 0 0
eth0: 1112333504 26091028 1472310 33198

1735226854
lo: 0 0 0 0
eth0: 1113612278 26120266 1278774 29238

1735226855
lo: 0 0 0 0
eth0: 1114918496 26151418 1306218 31152

1735226856
lo: 0 0 0 0
eth0: 1116257018 26181712 1338522 30294

1735226857
lo: 0 0 0 0
eth0: 1118249668 26225800 1992650 44088

1735226858
lo: 0 0 0 0
eth0: 1120379778 26273782 2130110 47982

1735226859
lo: 0 0 0 0
eth0: 1121939594 26310214 1559816 36432

1735226860
lo: 0 0 0 0
eth0: 1123648306 26351134 1708712 40920

1735226861
lo: 0 0 0 0
eth0: 1125275230 26389150 1626924 38016

1735226862
lo: 0 0 0 0
eth0: 1126979412 26430532 1704182 41382

1735226863
lo: 0 0 0 0
eth0: 1129059642 26481154 2080230 50622

1735226864
lo: 0 0 0 0
eth0: 1131114612 26534681 2054970 53527

1735226865
lo: 0 0 0 0
eth0: 1133631758 26596501 2517146 61820

1735226866
lo: 0 0 0 0
eth0: 1135748446 26649602 2116688 53101

1735226867
lo: 0 0 0 0
eth0: 1138138161 26706098 2389715 56496

1735226868
lo: 0 0 0 0
eth0: 1140103301 26750978 1965140 44880

1735226869
lo: 0 0 0 0
eth0: 1141718525 26789786 1615224 38808

1735226870
lo: 0 0 0 0
eth0: 1143141995 26824312 1423470 34526

1735226871
lo: 0 0 0 0
eth0: 1144612679 26863217 1470684 38905

1735226872
lo: 0 0 0 0
eth0: 1148250963 26946518 3638284 83301

1735226873
lo: 0 0 0 0
eth0: 1149860084 26985854 1609121 39336

1735226874
lo: 0 0 0 0
eth0: 1151484529 27027851 1624445 41997

1735226875
lo: 0 0 0 0
eth0: 1153266331 27070775 1781802 42924

1735226876
lo: 0 0 0 0
eth0: 1155257265 27118295 1990934 47520

1735226877
lo: 0 0 0 0
eth0: 1157051783 27161525 1794518 43230

1735226878
lo: 0 0 0 0
eth0: 1158829559 27204623 1777776 43098

1735226879
lo: 0 0 0 0
eth0: 1163222132 27303854 4392573 99231

1735226880
lo: 0 0 0 0
eth0: 1165068642 27342464 1846510 38610

1735226881
lo: 0 0 0 0
eth0: 1166649928 27379292 1581286 36828

1735226882
lo: 0 0 0 0
eth0: 1168136865 27416449 1486937 37157

1735226883
lo: 0 0 0 0
eth0: 1169754826 27459446 1617961 42997

1735226884
lo: 0 0 0 0
eth0: 1172192036 27521255 2437210 61809

1735226885
lo: 0 0 0 0
eth0: 1175992777 27614608 3800741 93353

1735226886
lo: 0 0 0 0
eth0: 1178101078 27665758 2108301 51150

1735226887
lo: 0 0 0 0
eth0: 1179454732 27698728 1353654 32970

1735226888
lo: 0 0 0 0
eth0: 1180947980 27734962 1493248 36234

1735226889
lo: 0 0 0 0
eth0: 1182760953 27777007 1812973 42045

1735226890
lo: 0 0 0 0
eth0: 1184459875 27821577 1698922 44570

1735226891
lo: 0 0 0 0
eth0: 1186581508 27877413 2121633 55836

1735226892
lo: 0 0 0 0
eth0: 1188282222 27923673 1700714 46260

1735226893
lo: 0 0 0 0
eth0: 1189586015 27955089 1303793 31416

1735226894
lo: 0 0 0 0
eth0: 1191012544 27988287 1426529 33198

