1735225909
4006768 391752 383272 1616736 0 0

1735225910
4006768 257112 383400 1621016 0 0

1735225911
4006768 235932 383404 1623568 0 0

1735225912
4006768 227708 383412 1633668 0 0

1735225913
4006768 206648 383436 1655844 0 0

1735225914
4006768 151696 383444 1680136 0 0

1735225915
4006768 147968 383448 1696708 0 0

1735225916
4006768 130980 383460 1701228 0 0

1735225917
4006768 133180 383476 1709088 0 0

1735225918
4006768 122756 383496 1713540 0 0

1735225919
4006768 138852 383372 1697804 0 0

1735225920
4006768 120588 383376 1701572 0 0

1735225921
4006768 138156 383420 1704152 0 0

1735225922
4006768 132616 383488 1710632 0 0

1735225923
4006768 135204 383260 1702268 0 0

1735225924
4006768 145204 383308 1710388 0 0

1735225925
4006768 145776 383368 1719048 0 0

1735225926
4006768 147568 383424 1701356 0 0

1735225927
4006768 129652 383448 1715936 0 0

1735225928
4006768 140048 383448 1727348 0 0

1735225929
4006768 125836 383576 1699988 0 0

1735225930
4006768 133332 383612 1707904 0 0

1735225931
4006768 124788 383608 1601468 0 0

1735225932
4006768 232460 383632 1595492 0 0

1735225933
4006768 223112 383632 1601660 0 0

1735225934
4006768 212936 383632 1608260 0 0

1735225935
4006768 217700 383632 1616336 0 0

1735225936
4006768 200176 383640 1627036 0 0

1735225937
4006768 186980 383656 1633320 0 0

1735225938
4006768 185260 383656 1642616 0 0

1735225939
4006768 180200 383660 1647460 0 0

1735225940
4006768 156996 383680 1651684 0 0

1735225941
4006768 147284 383680 1656276 0 0

1735225942
4006768 121992 383744 1684116 0 0

1735225943
4006768 133020 383748 1674900 0 0

1735225944
4006768 126752 383712 1660604 0 0

1735225945
4006768 131856 383712 1665716 0 0

1735225946
4006768 114348 383712 1672132 0 0

1735225947
4006768 115560 383728 1675212 0 0

1735225949
4006768 189900 383724 1606016 0 0

1735225950
4006768 182660 383820 1614796 0 0

1735225951
4006768 191340 383832 1618880 0 0

1735225952
4006768 189180 383832 1620696 0 0

1735225953
4006768 125944 383184 1586228 0 0

1735225954
4006768 166128 379380 1453124 0 0

1735225955
4006768 156524 379384 1454320 0 0

1735225956
4006768 116300 375296 1426640 0 0

1735225957
4006768 121832 369652 1389728 0 0

1735225958
4006768 157884 366988 1356228 0 0

1735225959
4006768 134208 362684 1330256 0 0

1735225960
4006768 157132 358272 1304928 0 0

1735225961
4006768 113524 355852 1287988 0 0

1735225962
4006768 198248 352988 1232072 0 0

1735225963
4006768 178788 352988 1232948 0 0

1735225964
4006768 158608 352992 1233916 0 0

1735225965
4006768 209228 351672 1123344 0 0

1735225966
4006768 219176 351672 1124680 0 0

1735225967
4006768 412836 351672 1126236 0 0

1735225968
4006768 504400 351760 1131420 0 0

1735225969
4006768 589080 351772 1132920 0 0

1735225970
4006768 574184 351772 1134764 0 0

1735225971
4006768 563436 351896 1136164 0 0

1735225972
4006768 543976 351896 1137932 0 0

1735225973
4006768 606520 352036 1156200 0 0

1735225974
4006768 411624 352200 1167312 0 0

1735225975
4006768 406076 352200 1169904 0 0

1735225976
4006768 295136 352200 1172400 0 0

1735225977
4006768 229956 352200 1177384 0 0

1735225978
4006768 470976 352228 1192844 0 0

1735225979
4006768 488508 352436 1202368 0 0

1735225980
4006768 524292 352452 1204300 0 0

1735225981
4006768 502744 352520 1209380 0 0

1735225982
4006768 484716 352540 1211136 0 0

1735225983
4006768 491996 352548 1212536 0 0

1735225984
4006768 459224 352580 1213768 0 0

1735225985
4006768 606760 352600 1216456 0 0

1735225986
4006768 608912 352632 1221852 0 0

1735225987
4006768 441196 352648 1224348 0 0

1735225988
4006768 370216 352668 1225984 0 0

1735225989
4006768 284592 352688 1227552 0 0

1735225990
4006768 344596 352696 1232184 0 0

1735225991
4006768 463864 352696 1237068 0 0

1735225992
4006768 485020 352696 1240160 0 0

1735225993
4006768 469184 352696 1242724 0 0

1735225994
4006768 455552 352704 1244760 0 0

1735225995
4006768 437116 352836 1247148 0 0

1735225996
4006768 427240 352836 1249356 0 0

1735225997
4006768 571636 352836 1251660 0 0

1735225998
4006768 565988 352860 1259068 0 0

1735225999
4006768 567412 352880 1263848 0 0

1735226000
4006768 572744 352912 1268752 0 0

1735226001
4006768 495740 352940 1272840 0 0

1735226002
4006768 492032 353072 1280948 0 0

1735226003
4006768 507884 353092 1284024 0 0

1735226004
4006768 494864 353104 1287392 0 0

1735226005
4006768 479636 353112 1291232 0 0

1735226006
4006768 493748 353128 1295800 0 0

1735226007
4006768 521988 353152 1300948 0 0

1735226008
4006768 520816 353188 1306692 0 0

1735226009
4006768 511060 353220 1309844 0 0

1735226010
4006768 513132 353224 1312784 0 0

1735226011
4006768 524504 353268 1316492 0 0

1735226012
4006768 513488 353444 1322208 0 0

1735226013
4006768 504364 353484 1329412 0 0

1735226014
4006768 504496 353496 1332504 0 0

1735226015
4006768 488580 353500 1335572 0 0

1735226016
4006768 483708 353516 1337704 0 0

1735226017
4006768 483880 353524 1340328 0 0

1735226018
4006768 482748 353552 1342708 0 0

1735226019
4006768 474104 353580 1347032 0 0

1735226020
4006768 477204 353580 1350000 0 0

1735226021
4006768 482460 353608 1353776 0 0

1735226022
4006768 461492 353628 1356860 0 0

1735226023
4006768 449492 353640 1358900 0 0

1735226024
4006768 443408 353640 1362252 0 0

1735226025
4006768 438168 353644 1364032 0 0

1735226026
4006768 429416 353644 1367052 0 0

1735226027
4006768 435376 353656 1371524 0 0

1735226028
4006768 409044 354020 1393316 0 0

1735226029
4006768 430264 354040 1399784 0 0

1735226030
4006768 429136 354060 1401600 0 0

1735226031
4006768 415376 354204 1417036 0 0

1735226032
4006768 286552 354776 1524500 0 0

1735226033
4006768 283640 354812 1527000 0 0

1735226034
4006768 289392 354856 1537280 0 0

1735226035
4006768 276616 354856 1543300 0 0

1735226036
4006768 261944 354856 1545076 0 0

1735226037
4006768 266264 354876 1546184 0 0

1735226038
4006768 271780 354876 1548144 0 0

1735226039
4006768 267952 354876 1550336 0 0

1735226040
4006768 238404 354876 1552684 0 0

1735226041
4006768 245256 354880 1554164 0 0

1735226042
4006768 238640 354920 1556724 0 0

1735226043
4006768 261540 354924 1558424 0 0

1735226044
4006768 259352 354924 1560084 0 0

1735226045
4006768 258032 354924 1561744 0 0

1735226046
4006768 254916 354924 1563564 0 0

1735226047
4006768 254472 354936 1564992 0 0

1735226048
4006768 250744 354940 1568320 0 0

1735226049
4006768 243780 354940 1571760 0 0

1735226050
4006768 253868 354972 1576304 0 0

1735226051
4006768 225644 354984 1577736 0 0

1735226052
4006768 217728 354996 1579924 0 0

1735226053
4006768 197924 354996 1582856 0 0

1735226054
4006768 212060 354996 1585324 0 0

1735226055
4006768 211452 354996 1587840 0 0

1735226056
4006768 197792 355008 1590096 0 0

1735226057
4006768 182884 355092 1592936 0 0

1735226058
4006768 180012 355092 1595700 0 0

1735226059
4006768 146064 355096 1598412 0 0

1735226060
4006768 165740 355096 1601776 0 0

1735226061
4006768 179888 355100 1603932 0 0

1735226062
4006768 152480 355232 1607108 0 0

1735226063
4006768 141504 355232 1608372 0 0

1735226064
4006768 122096 355240 1610964 0 0

1735226065
4006768 181024 349916 1578996 0 0

1735226066
4006768 186712 349924 1580948 0 0

1735226067
4006768 167788 349936 1581660 0 0

1735226068
4006768 149536 349936 1583412 0 0

1735226069
4006768 172784 349948 1584768 0 0

1735226070
4006768 171956 349996 1587408 0 0

1735226071
4006768 184732 350000 1589664 0 0

1735226072
4006768 156908 350144 1590588 0 0

1735226073
4006768 134740 350308 1592940 0 0

1735226074
4006768 149132 344560 1568944 0 0

1735226075
4006768 140764 341588 1553364 0 0

1735226076
4006768 177796 330704 1405664 0 0

1735226077
4006768 334748 330716 1407820 0 0

1735226078
4006768 268532 330724 1409252 0 0

1735226079
4006768 309300 330724 1411056 0 0

1735226080
4006768 310080 330788 1414424 0 0

1735226081
4006768 310348 330788 1419936 0 0

1735226082
4006768 333168 330808 1423420 0 0

1735226083
4006768 318656 331044 1466404 0 0

1735226084
4006768 313296 331056 1469232 0 0

1735226085
4006768 300840 331064 1473452 0 0

1735226086
4006768 285148 331160 1482880 0 0

1735226087
4006768 273376 331412 1495768 0 0

1735226088
4006768 275820 331436 1497924 0 0

1735226089
4006768 268224 331436 1497952 0 0

1735226090
4006768 258088 331460 1499624 0 0

1735226091
4006768 179292 331600 1502600 0 0

1735226092
4006768 159040 331620 1506136 0 0

1735226093
4006768 216100 331624 1507016 0 0

1735226094
4006768 244012 331624 1508356 0 0

1735226095
4006768 212148 331628 1511304 0 0

1735226096
4006768 259236 331632 1513208 0 0

1735226097
4006768 253796 331656 1514672 0 0

1735226098
4006768 267136 331708 1516284 0 0

1735226099
4006768 276208 331724 1517840 0 0

1735226100
4006768 256104 331736 1518696 0 0

1735226101
4006768 238772 331740 1518012 0 0

1735226102
4006768 236584 331752 1519048 0 0

1735226103
4006768 232860 331808 1519348 0 0

1735226104
4006768 222452 331808 1519932 0 0

1735226105
4006768 211948 331808 1522584 0 0

1735226106
4006768 195508 331808 1526592 0 0

1735226107
4006768 225872 331820 1525124 0 0

1735226108
4006768 221064 331820 1526248 0 0

1735226109
4006768 211096 331820 1527964 0 0

1735226110
4006768 221696 331820 1528704 0 0

1735226111
4006768 218940 331820 1531084 0 0

1735226112
4006768 193052 331832 1532156 0 0

1735226113
4006768 207780 326744 1509112 0 0

1735226114
4006768 152504 326744 1511748 0 0

1735226115
4006768 170912 326744 1514228 0 0

1735226116
4006768 146976 326744 1518412 0 0

1735226117
4006768 189008 326752 1520444 0 0

1735226118
4006768 219220 326752 1525720 0 0

1735226119
4006768 221372 326760 1525452 0 0

1735226120
4006768 251816 326764 1527328 0 0

1735226121
4006768 242148 326772 1529008 0 0

1735226122
4006768 255092 326804 1532352 0 0

1735226123
4006768 236028 326808 1533040 0 0

1735226124
4006768 232804 326808 1533964 0 0

1735226125
4006768 237892 326808 1536968 0 0

1735226126
4006768 153396 321924 1512564 0 0

1735226127
4006768 192940 321936 1513720 0 0

1735226128
4006768 236224 321936 1515200 0 0

1735226129
4006768 237260 321936 1517240 0 0

1735226130
4006768 182316 321940 1518500 0 0

1735226131
4006768 215460 321956 1519704 0 0

1735226132
4006768 255260 322004 1520892 0 0

1735226133
4006768 165096 314864 1529136 0 0

1735226134
4006768 184104 305224 1538196 0 0

1735226135
4006768 118668 298292 1564872 0 0

1735226136
4006768 142128 288144 1569508 0 0

1735226137
4006768 131120 280896 1582336 0 0

1735226138
4006768 131152 274540 1557344 0 0

1735226139
4006768 139232 274560 1558144 0 0

1735226140
4006768 152440 274828 1579776 0 0

1735226141
4006768 211188 262636 1524376 0 0

1735226142
4006768 197676 262924 1555964 0 0

1735226143
4006768 139712 263712 1584352 0 0

1735226144
4006768 135104 259768 1587888 0 0

1735226145
4006768 125576 257588 1603256 0 0

1735226146
4006768 186088 247280 1544716 0 0

1735226147
4006768 148648 248776 1585056 0 0

1735226148
4006768 109244 247784 1608052 0 0

1735226149
4006768 187872 232156 1455672 0 0

1735226150
4006768 125488 227972 1435288 0 0

1735226151
4006768 318624 196664 1106488 0 0

1735226152
4006768 390032 196876 1131084 0 0

1735226153
4006768 338424 197548 1154304 0 0

1735226154
4006768 276064 198772 1174836 0 0

1735226155
4006768 182528 199852 1193140 0 0

1735226156
4006768 151496 200860 1212704 0 0

1735226157
4006768 227628 202868 1242896 0 0

1735226158
4006768 201688 204464 1272764 0 0

1735226159
4006768 161488 204720 1294080 0 0

1735226160
4006768 129432 204872 1320924 0 0

1735226161
4006768 131852 201716 1321140 0 0

1735226162
4006768 142204 200024 1329784 0 0

1735226163
4006768 125412 200024 1330132 0 0

1735226164
4006768 111716 198948 1352832 0 0

1735226165
4006768 121860 194196 1353620 0 0

1735226166
4006768 190088 191780 1354860 0 0

1735226167
4006768 192552 191816 1355876 0 0

1735226168
4006768 204736 191856 1356472 0 0

1735226169
4006768 154464 192068 1357176 0 0

1735226170
4006768 141864 192416 1361860 0 0

1735226171
4006768 114020 192736 1371264 0 0

1735226172
4006768 114160 192192 1368060 0 0

1735226174
4006768 165404 190928 1314660 0 0

1735226175
4006768 171372 190948 1315732 0 0

1735226176
4006768 188872 191024 1317056 0 0

1735226177
4006768 183136 191084 1317548 0 0

1735226178
4006768 194360 191484 1321720 0 0

1735226179
4006768 179100 191712 1325040 0 0

1735226181
4006768 128772 191908 1328148 0 0

1735226182
4006768 136588 188932 1300632 0 0

1735226183
4006768 123516 185924 1274092 0 0

1735226184
4006768 133892 185924 1276304 0 0

1735226185
4006768 128420 185924 1277512 0 0

1735226186
4006768 129620 184324 1264728 0 0

1735226187
4006768 150040 184340 1266832 0 0

1735226188
4006768 137200 184344 1268084 0 0

1735226189
4006768 147328 184372 1272296 0 0

1735226190
4006768 135096 184428 1274796 0 0

1735226191
4006768 146220 181460 1248660 0 0

1735226192
4006768 155096 176708 1180644 0 0

1735226193
4006768 139660 176720 1182472 0 0

1735226194
4006768 164520 172336 1143732 0 0

1735226195
4006768 219408 172344 1146112 0 0

1735226196
4006768 312016 172448 1149212 0 0

1735226197
4006768 639088 172620 1151752 0 0

1735226198
4006768 694480 172848 1156936 0 0

1735226199
4006768 701460 173112 1161432 0 0

1735226200
4006768 667672 173632 1167900 0 0

1735226201
4006768 679836 173704 1183484 0 0

1735226202
4006768 655728 174348 1186200 0 0

1735226203
4006768 661596 175080 1188508 0 0

1735226204
4006768 541064 175380 1191688 0 0

1735226205
4006768 540876 176304 1249220 0 0

1735226206
4006768 367536 177932 1351596 0 0

1735226207
4006768 131216 180612 1482152 0 0

1735226208
4006768 123444 177752 1468608 0 0

1735226209
4006768 133228 174900 1446584 0 0

1735226210
4006768 211172 175528 1475388 0 0

1735226211
4006768 216092 177796 1511908 0 0

1735226212
4006768 138916 181112 1545712 0 0

1735226213
4006768 138092 178996 1520100 0 0

1735226214
4006768 269224 177500 1505580 0 0

1735226215
4006768 182268 177608 1508212 0 0

1735226216
4006768 215020 177840 1509940 0 0

1735226217
4006768 214912 178144 1511732 0 0

1735226218
4006768 201320 178512 1515808 0 0

1735226219
4006768 205900 178816 1525596 0 0

1735226220
4006768 221508 179028 1529072 0 0

1735226221
4006768 229392 179072 1530620 0 0

1735226222
4006768 218060 179420 1536116 0 0

1735226223
4006768 225056 179652 1539916 0 0

1735226224
4006768 238596 179812 1544564 0 0

1735226225
4006768 180244 180080 1548876 0 0

1735226226
4006768 173176 180160 1553348 0 0

1735226227
4006768 190600 180224 1556092 0 0

1735226228
4006768 207276 180516 1557896 0 0

1735226229
4006768 221612 180736 1560644 0 0

1735226230
4006768 131584 180904 1563144 0 0

1735226231
4006768 193756 181296 1566040 0 0

1735226232
4006768 175644 181520 1567952 0 0

1735226233
4006768 184344 181660 1571760 0 0

1735226234
4006768 150292 179140 1539684 0 0

1735226235
4006768 167528 179180 1542920 0 0

1735226236
4006768 216580 179200 1545336 0 0

1735226237
4006768 235404 179224 1549868 0 0

1735226238
4006768 245804 179292 1552284 0 0

1735226239
4006768 226964 179324 1554680 0 0

1735226240
4006768 233316 179384 1556104 0 0

1735226241
4006768 264304 179612 1562652 0 0

1735226242
4006768 155804 179668 1564400 0 0

1735226243
4006768 145648 179836 1565660 0 0

1735226244
4006768 202812 179880 1567000 0 0

1735226245
4006768 229888 179980 1568764 0 0

1735226246
4006768 241180 180304 1569524 0 0

1735226247
4006768 265092 180532 1570852 0 0

1735226248
4006768 245816 180760 1575388 0 0

1735226249
4006768 219752 180804 1580384 0 0

1735226250
4006768 191480 181484 1583940 0 0

1735226251
4006768 198156 181692 1588116 0 0

1735226252
4006768 160244 182664 1608956 0 0

1735226253
4006768 136428 187800 1593560 0 0

1735226254
4006768 137724 188088 1608652 0 0

1735226255
4006768 129892 186780 1594692 0 0

1735226256
4006768 139952 186820 1598108 0 0

1735226257
4006768 139384 187076 1602116 0 0

1735226258
4006768 132328 183756 1591524 0 0

1735226259
4006768 151088 175492 1484864 0 0

1735226260
4006768 161928 174768 1479168 0 0

1735226261
4006768 166100 173568 1469976 0 0

1735226262
4006768 246652 173812 1494240 0 0

1735226263
4006768 170068 174924 1558880 0 0

1735226264
4006768 191052 175576 1582736 0 0

1735226265
4006768 110144 176880 1638024 0 0

1735226266
4006768 134660 174488 1637712 0 0

1735226267
4006768 143140 174804 1639676 0 0

1735226268
4006768 125140 175484 1642228 0 0

1735226269
4006768 139768 174764 1635212 0 0

1735226270
4006768 129428 168456 1555240 0 0

1735226271
4006768 162708 168716 1557516 0 0

1735226272
4006768 205128 168772 1559556 0 0

1735226273
4006768 203096 168884 1562212 0 0

1735226274
4006768 187980 168996 1563496 0 0

1735226275
4006768 214768 169352 1564724 0 0

1735226276
4006768 138532 167936 1550484 0 0

1735226277
4006768 138080 158020 1451260 0 0

1735226278
4006768 110544 153900 1406276 0 0

1735226279
4006768 164940 152968 1392000 0 0

1735226280
4006768 351376 152976 1393800 0 0

1735226281
4006768 315720 153036 1397508 0 0

1735226282
4006768 355180 153160 1401556 0 0

1735226283
4006768 342100 153188 1402260 0 0

1735226284
4006768 302964 153932 1410264 0 0

1735226285
4006768 305496 155856 1463460 0 0

1735226286
4006768 105872 153752 1412904 0 0

1735226287
4006768 322904 151792 1377236 0 0

1735226288
4006768 388708 153136 1397432 0 0

1735226289
4006768 362344 154628 1411368 0 0

1735226290
4006768 336372 156188 1431836 0 0

1735226291
4006768 293692 156744 1465344 0 0

1735226292
4006768 224288 157088 1476184 0 0

1735226293
4006768 182292 157488 1511408 0 0

1735226294
4006768 212964 157608 1512744 0 0

1735226295
4006768 170552 157980 1514920 0 0

1735226296
4006768 227516 158076 1518952 0 0

1735226297
4006768 270908 158104 1519436 0 0

1735226298
4006768 229364 158192 1520460 0 0

1735226299
4006768 247888 158256 1521920 0 0

1735226300
4006768 310964 158396 1522884 0 0

1735226301
4006768 351204 151688 1405548 0 0

1735226302
4006768 444612 151852 1408784 0 0

1735226303
4006768 422748 152032 1410588 0 0

1735226304
4006768 139968 152556 1414560 0 0

1735226305
4006768 121896 139984 1205428 0 0

1735226306
4006768 278668 139400 1153400 0 0

1735226307
4006768 274172 139492 1154172 0 0

1735226308
4006768 287816 139528 1155120 0 0

1735226309
4006768 279800 139540 1155924 0 0

1735226310
4006768 311552 139624 1156312 0 0

1735226311
4006768 317744 139660 1157292 0 0

1735226312
4006768 375712 139708 1158188 0 0

1735226313
4006768 304016 139744 1159524 0 0

1735226314
4006768 311808 139772 1160476 0 0

1735226315
4006768 337368 139828 1161856 0 0

1735226316
4006768 263824 139884 1162360 0 0

1735226317
4006768 255984 139940 1163696 0 0

1735226318
4006768 147104 139900 1088980 0 0

1735226319
4006768 176728 139904 1066232 0 0

1735226320
4006768 321216 139932 1068088 0 0

1735226321
4006768 340952 139956 1069208 0 0

1735226322
4006768 632204 139992 1069652 0 0

1735226323
4006768 472672 140024 1071336 0 0

1735226324
4006768 411444 140288 1078172 0 0

1735226325
4006768 434808 140448 1079116 0 0

1735226326
4006768 462480 140484 1080912 0 0

1735226327
4006768 446880 140556 1081512 0 0

1735226328
4006768 445824 140772 1082604 0 0

1735226329
4006768 252700 140844 1091884 0 0

1735226330
4006768 153804 140900 1094040 0 0

1735226331
4006768 527996 140984 1008128 0 0

1735226332
4006768 354340 141036 1008828 0 0

1735226333
4006768 525888 141044 1011204 0 0

1735226334
4006768 497972 141056 1011960 0 0

1735226335
4006768 491824 141076 1012600 0 0

1735226336
4006768 680832 141084 1013548 0 0

1735226337
4006768 532524 141120 1014520 0 0

1735226338
4006768 491376 141128 1014812 0 0

1735226339
4006768 549456 141152 1015764 0 0

1735226340
4006768 899712 141216 1019220 0 0

1735226341
4006768 918864 142076 1035304 0 0

1735226342
4006768 845048 143136 1045648 0 0

1735226343
4006768 881600 143248 1046912 0 0

1735226344
4006768 848636 143724 1049620 0 0

1735226345
4006768 817312 143888 1051844 0 0

1735226346
4006768 743324 144064 1053100 0 0

1735226347
4006768 699508 144300 1054100 0 0

1735226348
4006768 694584 144400 1056224 0 0

1735226349
4006768 802716 144580 1068940 0 0

1735226350
4006768 637300 146684 1182944 0 0

1735226351
4006768 634412 147532 1243544 0 0

1735226352
4006768 552048 147812 1245664 0 0

1735226353
4006768 639896 147964 1249572 0 0

1735226354
4006768 580868 148296 1252052 0 0

1735226355
4006768 634328 148556 1253324 0 0

1735226356
4006768 632988 148716 1254664 0 0

1735226357
4006768 591692 148856 1256292 0 0

1735226358
4006768 633840 149204 1258224 0 0

1735226359
4006768 588276 149492 1260520 0 0

1735226360
4006768 610200 149516 1263024 0 0

1735226361
4006768 581944 149624 1268716 0 0

1735226362
4006768 599292 149644 1266992 0 0

1735226363
4006768 491472 149688 1268464 0 0

1735226364
4006768 482428 149860 1270428 0 0

1735226365
4006768 575404 150128 1275708 0 0

1735226366
4006768 469312 150224 1277120 0 0

1735226367
4006768 494984 150252 1283844 0 0

1735226368
4006768 523712 150284 1287852 0 0

1735226369
4006768 490948 150492 1292608 0 0

1735226370
4006768 467348 151160 1313508 0 0

1735226371
4006768 536240 151388 1317296 0 0

1735226372
4006768 522200 151476 1319812 0 0

1735226373
4006768 432956 151632 1325524 0 0

1735226374
4006768 529268 151676 1330224 0 0

1735226375
4006768 485628 151708 1332760 0 0

1735226376
4006768 447136 151744 1339952 0 0

1735226377
4006768 470152 151764 1348192 0 0

1735226378
4006768 396608 151960 1359788 0 0

1735226379
4006768 470932 152016 1361956 0 0

1735226380
4006768 453508 152032 1370796 0 0

1735226381
4006768 396928 152144 1376384 0 0

1735226382
4006768 418268 152312 1383596 0 0

1735226383
4006768 431500 152376 1388448 0 0

1735226384
4006768 442100 152592 1412032 0 0

1735226385
4006768 350484 152688 1415536 0 0

1735226386
4006768 140296 152796 1219968 0 0

1735226387
4006768 113152 152872 1140528 0 0

1735226388
4006768 364924 152856 1109616 0 0

1735226389
4006768 120884 152912 1113504 0 0

1735226390
4006768 110264 144328 901068 0 0

1735226391
4006768 209844 118488 732864 0 0

1735226392
4006768 125036 108648 573956 0 0

1735226393
4006768 193948 103800 511620 0 0

1735226394
4006768 362532 103812 514100 0 0

1735226395
4006768 238040 103812 516048 0 0

1735226396
4006768 255356 103812 519092 0 0

1735226397
4006768 244904 103824 521560 0 0

1735226398
4006768 125280 95636 392872 0 0

1735226399
4006768 374176 87604 332548 0 0

1735226400
4006768 861464 87676 341644 0 0

1735226401
4006768 888268 87956 345684 0 0

1735226402
4006768 825292 88328 364692 0 0

1735226403
4006768 773800 88352 368012 0 0

1735226404
4006768 868532 88424 380944 0 0

1735226405
4006768 1129576 88464 389708 0 0

1735226406
4006768 1281600 88552 393940 0 0

1735226407
4006768 1269376 89012 410884 0 0

1735226408
4006768 1413232 89260 416456 0 0

1735226409
4006768 1374804 89332 426096 0 0

1735226410
4006768 1359504 89352 429424 0 0

1735226411
4006768 1471636 89388 432356 0 0

1735226412
4006768 1457676 89416 434992 0 0

1735226413
4006768 1452008 89624 438636 0 0

1735226414
4006768 1432400 89664 442260 0 0

1735226415
4006768 1634816 89836 446224 0 0

1735226416
4006768 1594676 90180 459192 0 0

1735226417
4006768 1627404 91028 468632 0 0

1735226418
4006768 1610376 91564 479756 0 0

1735226419
4006768 1540040 95428 539480 0 0

1735226420
4006768 1546480 95632 542908 0 0

1735226421
4006768 1460184 95936 571580 0 0

1735226422
4006768 1336340 96352 575148 0 0

1735226423
4006768 1304740 96572 580200 0 0

1735226424
4006768 1365528 97396 600076 0 0

1735226425
4006768 1230276 97476 607588 0 0

1735226426
4006768 1182700 99256 662796 0 0

1735226427
4006768 1255056 100112 693396 0 0

1735226428
4006768 1237568 100252 702156 0 0

1735226429
4006768 1271388 100628 713980 0 0

1735226430
4006768 1197400 101500 733368 0 0

1735226431
4006768 1199516 101852 740496 0 0

1735226433
4006768 1115132 102688 768956 0 0

1735226434
4006768 994976 102812 774304 0 0

1735226435
4006768 1092936 102876 784288 0 0

1735226436
4006768 1178336 103024 787844 0 0

1735226437
4006768 1072036 103448 791868 0 0

1735226438
4006768 892476 103472 793100 0 0

1735226439
4006768 1031364 103540 797072 0 0

1735226440
4006768 1085544 103620 808924 0 0

1735226441
4006768 1025344 103720 821104 0 0

1735226442
4006768 1048128 104232 834088 0 0

1735226443
4006768 911060 104360 837696 0 0

1735226444
4006768 1095376 104652 843000 0 0

1735226445
4006768 1058724 105096 853832 0 0

1735226446
4006768 895004 105172 857588 0 0

1735226447
4006768 770980 105372 861244 0 0

1735226448
4006768 684740 105460 862520 0 0

1735226449
4006768 718720 105852 868872 0 0

1735226450
4006768 821792 106064 871504 0 0

1735226451
4006768 798464 106348 878884 0 0

1735226452
4006768 727464 106616 882444 0 0

1735226453
4006768 681736 106780 886524 0 0

1735226454
4006768 616788 106972 890772 0 0

1735226455
4006768 597672 107260 896652 0 0

1735226456
4006768 499796 107472 898980 0 0

1735226457
4006768 491328 107700 903892 0 0

1735226458
4006768 449540 107848 905972 0 0

1735226459
4006768 382624 107920 909344 0 0

1735226460
4006768 329900 108104 912228 0 0

1735226461
4006768 504736 108624 986872 0 0

1735226462
4006768 571128 108764 1053876 0 0

1735226463
4006768 542776 109352 1108952 0 0

1735226464
4006768 402548 111388 1192648 0 0

1735226465
4006768 505724 112600 1239572 0 0

1735226466
4006768 387808 114428 1282268 0 0

1735226467
4006768 378804 115820 1333292 0 0

1735226468
4006768 307212 116288 1352320 0 0

1735226469
4006768 310864 118712 1377668 0 0

1735226470
4006768 192320 119592 1401148 0 0

1735226471
4006768 152428 93816 1382948 0 0

1735226472
4006768 212328 94788 1420492 0 0

1735226473
4006768 197776 98040 1448364 0 0

1735226474
4006768 198476 69956 1481828 0 0

1735226475
4006768 188128 70040 1510944 0 0

1735226476
4006768 318576 70540 1549892 0 0

1735226477
4006768 311204 71244 1566488 0 0

1735226478
4006768 273060 71788 1583216 0 0

1735226479
4006768 275848 71808 1587120 0 0

1735226480
4006768 386400 71864 1591220 0 0

1735226481
4006768 329868 72104 1606312 0 0

1735226482
4006768 352108 72184 1612176 0 0

1735226483
4006768 344868 72324 1615872 0 0

1735226484
4006768 333632 72644 1618564 0 0

1735226485
4006768 303828 73812 1619824 0 0

1735226486
4006768 319840 74540 1621980 0 0

1735226487
4006768 267352 75244 1643624 0 0

1735226488
4006768 231872 76492 1686828 0 0

1735226489
4006768 221792 76548 1689908 0 0

1735226490
4006768 202360 76584 1692960 0 0

1735226491
4006768 174276 76600 1695556 0 0

1735226492
4006768 151104 76644 1697836 0 0

1735226493
4006768 158980 76652 1700112 0 0

1735226494
4006768 166132 76668 1705020 0 0

1735226495
4006768 279620 77028 1705180 0 0

1735226496
4006768 175784 77116 1711700 0 0

1735226497
4006768 155208 77160 1712696 0 0

1735226498
4006768 228768 77176 1717156 0 0

1735226499
4006768 190368 77320 1717996 0 0

1735226500
4006768 130964 77356 1724132 0 0

1735226501
4006768 163684 77448 1726272 0 0

1735226502
4006768 201692 77492 1728208 0 0

1735226503
4006768 228224 77504 1731944 0 0

1735226504
4006768 176288 77520 1733464 0 0

1735226505
4006768 283044 77528 1737800 0 0

1735226506
4006768 237536 77540 1740492 0 0

1735226507
4006768 279752 77560 1742716 0 0

1735226508
4006768 122552 77292 1725948 0 0

1735226509
4006768 112800 76992 1707384 0 0

1735226510
4006768 143148 76596 1672920 0 0

1735226511
4006768 200416 76340 1656012 0 0

1735226512
4006768 240064 76388 1656500 0 0

1735226513
4006768 113388 76536 1635676 0 0

1735226514
4006768 172848 76280 1619608 0 0

1735226515
4006768 234676 76408 1621172 0 0

1735226516
4006768 314200 76636 1623540 0 0

1735226517
4006768 310164 76792 1626792 0 0

1735226518
4006768 308176 76836 1629700 0 0

1735226519
4006768 267724 76976 1637256 0 0

1735226520
4006768 275476 77404 1640800 0 0

1735226521
4006768 310076 77452 1647676 0 0

1735226522
4006768 313944 78108 1649084 0 0

1735226523
4006768 299904 78300 1650684 0 0

1735226524
4006768 270020 78380 1653004 0 0

1735226525
4006768 328408 78544 1656360 0 0

1735226526
4006768 303188 79140 1660888 0 0

1735226527
4006768 291480 79192 1662376 0 0

1735226528
4006768 291460 79208 1664588 0 0

1735226529
4006768 240180 79332 1667884 0 0

1735226530
4006768 260684 79472 1672220 0 0

1735226531
4006768 256452 79676 1676744 0 0

1735226532
4006768 208344 79884 1679844 0 0

1735226533
4006768 183544 79908 1682336 0 0

1735226534
4006768 140032 81144 1665932 0 0

1735226535
4006768 162352 81148 1667548 0 0

1735226536
4006768 155052 81176 1693696 0 0

1735226537
4006768 219688 81224 1695420 0 0

1735226538
4006768 156704 81388 1695396 0 0

1735226539
4006768 190960 80552 1627700 0 0

1735226540
4006768 212540 80768 1631252 0 0

1735226541
4006768 208580 80912 1633900 0 0

1735226542
4006768 309108 82500 1649292 0 0

1735226543
4006768 309732 84264 1653792 0 0

1735226544
4006768 269076 85648 1655252 0 0

1735226545
4006768 279548 86028 1658128 0 0

1735226546
4006768 287508 86292 1658296 0 0

1735226547
4006768 263936 86348 1657952 0 0

1735226548
4006768 273376 86460 1661508 0 0

1735226549
4006768 270008 86908 1663924 0 0

1735226550
4006768 264224 86924 1668440 0 0

1735226551
4006768 279004 88000 1673512 0 0

1735226552
4006768 173020 88092 1676604 0 0

1735226553
4006768 168132 88084 1628076 0 0

1735226554
4006768 174700 88112 1629684 0 0

1735226555
4006768 230408 88144 1631948 0 0

1735226556
4006768 186072 88376 1643604 0 0

1735226557
4006768 198352 88568 1677932 0 0

1735226558
4006768 114964 88948 1678724 0 0

1735226559
4006768 192564 88960 1629844 0 0

1735226560
4006768 150528 89124 1599224 0 0

1735226561
4006768 168140 89204 1586128 0 0

1735226562
4006768 188088 89148 1528516 0 0

1735226563
4006768 286780 89252 1529600 0 0

1735226564
4006768 297112 91060 1544140 0 0

1735226565
4006768 316900 96324 1607468 0 0

1735226566
4006768 178216 101400 1715112 0 0

1735226567
4006768 126124 105796 1706552 0 0

1735226568
4006768 113580 107112 1713372 0 0

1735226569
4006768 128132 107728 1670808 0 0

1735226570
4006768 114664 108976 1633972 0 0

1735226571
4006768 215824 109808 1649136 0 0

1735226572
4006768 150272 110868 1635468 0 0

1735226573
4006768 195172 110828 1609380 0 0

1735226574
4006768 140952 110956 1556316 0 0

1735226575
4006768 160796 110324 1500608 0 0

1735226576
4006768 253132 110104 1499052 0 0

1735226577
4006768 286912 111108 1531868 0 0

1735226578
4006768 220888 111476 1547660 0 0

1735226579
4006768 165252 111548 1562248 0 0

1735226580
4006768 173372 111984 1580576 0 0

1735226581
4006768 215868 111876 1513860 0 0

1735226582
4006768 136464 112064 1532476 0 0

1735226583
4006768 188940 112188 1551076 0 0

1735226584
4006768 197116 109228 1459248 0 0

1735226585
4006768 270016 109248 1489208 0 0

1735226586
4006768 281036 109504 1543836 0 0

1735226587
4006768 122192 109696 1581020 0 0

1735226588
4006768 148596 99784 1372848 0 0

1735226590
4006768 130292 97728 1191504 0 0

1735226591
4006768 122212 79188 844876 0 0

1735226592
4006768 843716 78880 704488 0 0

1735226593
4006768 899852 79500 742468 0 0

1735226594
4006768 798216 80924 779736 0 0

1735226596
4006768 532816 82524 838820 0 0

1735226598
4006768 487028 83620 875824 0 0

1735226599
4006768 352672 84436 894984 0 0

1735226600
4006768 358392 85588 931404 0 0

1735226601
4006768 222256 86304 967660 0 0

1735226602
4006768 132296 86968 997884 0 0

1735226603
4006768 244016 87412 940460 0 0

1735226604
4006768 524384 87116 897096 0 0

1735226605
4006768 465676 87936 932916 0 0

1735226606
4006768 172688 88788 961144 0 0

1735226607
4006768 212372 89396 988112 0 0

1735226608
4006768 117764 80292 899716 0 0

1735226609
4006768 220892 61820 859872 0 0

1735226610
4006768 237416 57620 838796 0 0

1735226611
4006768 195148 56936 810248 0 0

1735226612
4006768 132092 57528 792764 0 0

1735226613
4006768 329980 57760 627288 0 0

1735226615
4006768 117524 56548 612880 0 0

1735226616
4006768 114444 48828 356376 0 0

1735226618
4006768 166896 51252 378376 0 0

1735226619
4006768 121128 51940 303684 0 0

1735226620
4006768 242436 52824 335036 0 0

1735226621
4006768 390568 53664 363420 0 0

1735226622
4006768 462344 56096 396024 0 0

1735226625
4006768 200032 60160 451208 0 0

1735226626
4006768 146312 62700 373516 0 0

1735226627
4006768 622348 39416 330924 0 0

1735226628
4006768 726908 41656 338032 0 0

1735226629
4006768 532888 45732 338724 0 0

1735226630
4006768 345132 51668 342224 0 0

1735226631
4006768 509856 54704 348072 0 0

1735226632
4006768 460032 58208 348788 0 0

1735226633
4006768 871732 58736 351520 0 0

1735226634
4006768 691268 59056 352504 0 0

1735226635
4006768 588944 59056 353192 0 0

1735226636
4006768 452316 59064 354312 0 0

1735226637
4006768 656972 59068 356272 0 0

1735226638
4006768 443192 59160 356588 0 0

1735226639
4006768 274476 59160 357072 0 0

1735226640
4006768 191476 59172 357456 0 0

1735226641
4006768 283848 59172 358312 0 0

1735226642
4006768 550052 60280 360580 0 0

1735226643
4006768 372008 60696 363076 0 0

1735226644
4006768 116116 60976 368664 0 0

1735226645
4006768 124192 60620 304108 0 0

1735226646
4006768 176880 60572 184008 0 0

1735226647
4006768 452216 61040 187332 0 0

1735226648
4006768 857332 61568 188528 0 0

1735226649
4006768 807812 62044 191000 0 0

1735226650
4006768 730488 62092 195112 0 0

1735226651
4006768 1004600 62116 197340 0 0

1735226652
4006768 1537440 62152 202500 0 0

1735226653
4006768 1696768 62372 213028 0 0

1735226654
4006768 1672672 62384 214576 0 0

1735226655
4006768 1753308 62520 225292 0 0

1735226656
4006768 1658928 62680 230760 0 0

1735226657
4006768 1566692 62816 236628 0 0

1735226658
4006768 1635176 62836 245172 0 0

1735226659
4006768 1567224 63588 251424 0 0

1735226660
4006768 1520064 66524 253996 0 0

1735226661
4006768 1646384 67024 255844 0 0

1735226662
4006768 1631576 67056 256780 0 0

1735226663
4006768 1553868 68480 270248 0 0

1735226665
4006768 1634876 79056 305792 0 0

1735226666
4006768 1525944 80932 317708 0 0

1735226667
4006768 1510188 82080 322792 0 0

1735226668
4006768 1562716 82768 328700 0 0

1735226669
4006768 1553184 83460 333376 0 0

1735226670
4006768 1545748 84004 384744 0 0

1735226671
4006768 1520956 85316 426772 0 0

1735226672
4006768 1485212 86100 429672 0 0

1735226673
4006768 1422896 86836 432164 0 0

1735226674
4006768 1530576 86944 435756 0 0

1735226675
4006768 1286468 86980 438180 0 0

1735226676
4006768 1274972 87148 440304 0 0

1735226677
4006768 1274744 87472 443076 0 0

1735226678
4006768 1270216 87516 445592 0 0

1735226679
4006768 1272084 87564 447128 0 0

1735226680
4006768 1249440 87612 448236 0 0

1735226681
4006768 1449216 87648 451360 0 0

1735226682
4006768 1435712 87700 453328 0 0

1735226683
4006768 1480436 87760 456124 0 0

1735226684
4006768 1377108 87828 458512 0 0

1735226685
4006768 1378280 87852 459776 0 0

1735226686
4006768 1388324 87988 463368 0 0

1735226687
4006768 1422488 88168 465332 0 0

1735226688
4006768 1410544 88240 467676 0 0

1735226689
4006768 1404064 88284 469936 0 0

1735226690
4006768 1383560 88464 472632 0 0

1735226691
4006768 1403984 88512 475672 0 0

1735226692
4006768 1494212 88568 480116 0 0

1735226693
4006768 1453056 88624 481432 0 0

1735226694
4006768 1473520 88720 483808 0 0

1735226695
4006768 1478596 88764 484836 0 0

1735226696
4006768 1461464 89596 493532 0 0

1735226697
4006768 1381160 90088 502072 0 0

1735226698
4006768 1384576 90580 517388 0 0

1735226699
4006768 1333780 90612 522900 0 0

1735226700
4006768 1401780 91280 541680 0 0

1735226701
4006768 1390568 91484 549496 0 0

1735226702
4006768 1327900 92488 574028 0 0

1735226703
4006768 1280600 93456 624156 0 0

1735226704
4006768 1236532 93748 618320 0 0

1735226705
4006768 1265716 93812 615100 0 0

1735226706
4006768 1215872 94604 650580 0 0

1735226707
4006768 1127504 95888 709968 0 0

1735226708
4006768 1066796 96584 731696 0 0

1735226709
4006768 1058176 97856 775848 0 0

1735226710
4006768 976076 98200 778416 0 0

1735226711
4006768 1014548 98312 779444 0 0

1735226712
4006768 946916 99452 780820 0 0

1735226713
4006768 972792 99752 783288 0 0

1735226714
4006768 1044916 100612 784700 0 0

1735226715
4006768 945936 100972 789728 0 0

1735226716
4006768 974116 101068 792700 0 0

1735226717
4006768 1020324 102536 794160 0 0

1735226718
4006768 1042480 102864 795592 0 0

1735226719
4006768 1071956 103096 801588 0 0

1735226720
4006768 1055052 103160 804192 0 0

1735226721
4006768 1038428 105060 805652 0 0

1735226722
4006768 1003300 105376 810704 0 0

1735226723
4006768 987528 105436 811964 0 0

1735226724
4006768 1002816 105908 813712 0 0

1735226725
4006768 990320 105964 814944 0 0

1735226726
4006768 976104 106888 828888 0 0

1735226727
4006768 910760 106944 842580 0 0

1735226728
4006768 894984 107596 855556 0 0

1735226729
4006768 899804 107680 872712 0 0

1735226730
4006768 988380 108000 886448 0 0

1735226731
4006768 915316 108016 898484 0 0

1735226732
4006768 955320 108032 910776 0 0

1735226733
4006768 967048 108056 922920 0 0

1735226734
4006768 917356 108392 935400 0 0

1735226735
4006768 864120 109000 948572 0 0

1735226736
4006768 842516 109520 960284 0 0

1735226737
4006768 885916 109660 968940 0 0

1735226738
4006768 842612 109900 969992 0 0

1735226739
4006768 753656 110256 969156 0 0

1735226740
4006768 865940 110404 974112 0 0

1735226741
4006768 873644 110524 977984 0 0

1735226742
4006768 896592 110684 979256 0 0

1735226743
4006768 900720 111364 1001908 0 0

1735226744
4006768 761736 113864 1124588 0 0

1735226746
4006768 526816 114364 1140528 0 0

1735226747
4006768 615568 114408 1148140 0 0

1735226748
4006768 566400 114472 1150724 0 0

1735226749
4006768 584852 114540 1151656 0 0

1735226750
4006768 551080 114584 1152460 0 0

1735226751
4006768 453160 114620 1163856 0 0

1735226752
4006768 310248 114640 1200064 0 0

1735226753
4006768 337328 114692 1244656 0 0

1735226754
4006768 199300 114720 1286356 0 0

1735226755
4006768 245836 114756 1351956 0 0

1735226757
4006768 226732 99872 1374384 0 0

1735226758
4006768 192504 100256 1293384 0 0

1735226759
4006768 122524 100624 1253904 0 0

1735226760
4006768 118528 101176 1242924 0 0

1735226761
4006768 150724 101612 1271328 0 0

1735226762
4006768 157280 101840 1267836 0 0

1735226763
4006768 373608 101960 1290356 0 0

1735226764
4006768 116124 102076 1311632 0 0

1735226765
4006768 169624 102308 1297932 0 0

1735226766
4006768 340776 103068 1321848 0 0

1735226767
4006768 396916 103988 1337984 0 0

1735226768
4006768 363368 104920 1357644 0 0

1735226769
4006768 420224 105436 1372716 0 0

1735226770
4006768 308620 108112 1405312 0 0

1735226771
4006768 240604 110312 1433348 0 0

1735226772
4006768 283132 112028 1471916 0 0

1735226773
4006768 207788 114652 1507500 0 0

1735226774
4006768 141464 115532 1524308 0 0

1735226775
4006768 206024 115612 1525388 0 0

1735226776
4006768 135976 121080 1564300 0 0

1735226777
4006768 169492 123172 1583072 0 0

1735226778
4006768 185096 125224 1522100 0 0

1735226779
4006768 241712 125508 1545732 0 0

1735226780
4006768 200664 126408 1565176 0 0

1735226781
4006768 155148 128968 1542236 0 0

1735226782
4006768 141200 130916 1545612 0 0

1735226783
4006768 116700 131188 1554192 0 0

1735226784
4006768 108176 133280 1546732 0 0

1735226785
4006768 106432 134944 1525624 0 0

1735226786
4006768 110684 136252 1529148 0 0

1735226787
4006768 128540 137448 1492504 0 0

1735226788
4006768 111920 139076 1513920 0 0

1735226789
4006768 132940 120500 1517080 0 0

1735226790
4006768 137212 120504 1517352 0 0

1735226791
4006768 127380 120160 1518948 0 0

1735226792
4006768 121760 110216 1512316 0 0

1735226793
4006768 151008 110820 1516648 0 0

1735226794
4006768 110068 111380 1543932 0 0

1735226795
4006768 116540 111404 1537652 0 0

1735226796
4006768 124732 105444 1517400 0 0

1735226797
4006768 210116 106560 1545136 0 0

1735226798
4006768 107364 109356 1596200 0 0

1735226799
4006768 113272 91640 1601552 0 0

1735226800
4006768 105596 92808 1640712 0 0

1735226801
4006768 182540 91644 1558284 0 0

1735226802
4006768 123024 91968 1528404 0 0

1735226803
4006768 169860 92364 1489116 0 0

1735226804
4006768 173820 92624 1467340 0 0

1735226806
4006768 116744 93928 1407144 0 0

1735226807
4006768 148204 94180 1403024 0 0

1735226808
4006768 127532 94192 1414236 0 0

1735226809
4006768 149956 94540 1418920 0 0

1735226810
4006768 138900 98552 1392452 0 0

1735226811
4006768 152752 100100 1351884 0 0

1735226812
4006768 253928 101416 1353260 0 0

1735226813
4006768 141244 102156 1356664 0 0

1735226814
4006768 167552 100776 1350188 0 0

1735226815
4006768 122324 98844 1327408 0 0

1735226816
4006768 112280 93832 1243908 0 0

1735226817
4006768 116788 90912 1094292 0 0

1735226818
4006768 318392 82364 1072084 0 0

1735226819
4006768 273524 83004 1076296 0 0

1735226820
4006768 236828 83476 1085856 0 0

1735226821
4006768 396256 83740 1098448 0 0

1735226822
4006768 737232 83876 1105724 0 0

1735226823
4006768 703436 84360 1111564 0 0

1735226824
4006768 670688 84408 1115756 0 0

1735226825
4006768 658676 84440 1119844 0 0

1735226826
4006768 729732 84460 1124552 0 0

1735226827
4006768 669988 84468 1127520 0 0

1735226828
4006768 594204 84476 1130708 0 0

1735226829
4006768 665172 84480 1134016 0 0

1735226830
4006768 584352 84996 1139700 0 0

1735226831
4006768 581880 85456 1151484 0 0

1735226832
4006768 592568 86096 1156840 0 0

1735226833
4006768 713716 86496 1163508 0 0

1735226834
4006768 435780 87884 1171332 0 0

1735226835
4006768 103288 88108 1168512 0 0

1735226836
4006768 174508 87492 744688 0 0

1735226837
4006768 344212 88660 768716 0 0

1735226838
4006768 130308 91216 802532 0 0

1735226839
4006768 346664 91200 615792 0 0

1735226840
4006768 558464 91392 617828 0 0

1735226841
4006768 825948 91636 620216 0 0

1735226842
4006768 902712 92364 623540 0 0

1735226843
4006768 628376 92520 629320 0 0

1735226844
4006768 473568 92856 631044 0 0

1735226845
4006768 264644 92900 633376 0 0

1735226846
4006768 485004 92908 637228 0 0

1735226847
4006768 253592 93200 639588 0 0

1735226848
4006768 134796 89148 539040 0 0

1735226849
4006768 117052 88336 452120 0 0

1735226850
4006768 289108 88352 453260 0 0

1735226851
4006768 252372 88352 496964 0 0

1735226852
4006768 484464 88352 498520 0 0

1735226853
4006768 474536 88356 500804 0 0

1735226854
4006768 656008 88364 504620 0 0

1735226855
4006768 306748 88372 506028 0 0

1735226856
4006768 203220 88144 452540 0 0

1735226857
4006768 114744 88952 406868 0 0

1735226858
4006768 400980 88116 259356 0 0

1735226859
4006768 177292 88116 261152 0 0

1735226860
4006768 146852 88124 263192 0 0

1735226861
4006768 578464 77036 201712 0 0

1735226862
4006768 438704 77664 274768 0 0

1735226863
4006768 203588 77776 277236 0 0

1735226864
4006768 921144 77992 283404 0 0

1735226865
4006768 909564 78084 287360 0 0

1735226866
4006768 805268 78328 302672 0 0

1735226867
4006768 754636 78756 305584 0 0

1735226868
4006768 928148 78972 314336 0 0

1735226869
4006768 766920 79164 316336 0 0

1735226870
4006768 650572 79404 321708 0 0

1735226871
4006768 481908 79588 323488 0 0

1735226872
4006768 219992 79628 326872 0 0

1735226873
4006768 952576 79700 329296 0 0

1735226874
4006768 1026152 80484 332588 0 0

1735226875
4006768 777968 80816 339140 0 0

1735226876
4006768 476680 81808 344504 0 0

1735226877
4006768 501136 82048 353196 0 0

1735226878
4006768 164852 82172 356688 0 0

1735226879
4006768 191676 17252 297340 0 0

1735226880
4006768 769404 17868 214080 0 0

1735226881
4006768 710712 18900 220076 0 0

1735226882
4006768 854128 20740 234948 0 0

1735226883
4006768 697728 21276 240924 0 0

1735226884
4006768 684908 22576 274864 0 0

1735226885
4006768 337960 22632 279512 0 0

1735226886
4006768 1055084 23032 283696 0 0

1735226887
4006768 690140 23216 285808 0 0

1735226888
4006768 723336 23744 288028 0 0

1735226889
4006768 488456 24120 290540 0 0

1735226890
4006768 516652 24268 293204 0 0

1735226891
4006768 719416 24696 295708 0 0

1735226892
4006768 492636 24708 297476 0 0

1735226893
4006768 210252 24708 298840 0 0

1735226894
4006768 203960 15968 210072 0 0

