1735225909
0.0 0.0 0.0

1735225910
0.0 0.0 0.0

1735225911
0.0 0.0 0.0

1735225912
0.0 0.0 0.0

1735225913
0.0 0.0 0.0

1735225914
0.0 0.0 0.0

1735225915
0.0 0.0 0.0

1735225916
0.0 0.0 0.0

1735225917
0.0 0.0 0.0

1735225918
0.0 0.0 0.0

1735225919
0.0 0.0 0.0

1735225920
0.0 0.0 0.0

1735225921
0.0 0.0 0.0

1735225922
0.0 0.0 0.0

1735225923
0.0 0.0 0.0

1735225924
0.0 0.0 0.0

1735225925
0.0 0.0 0.0

1735225926
0.0 0.0 0.0

1735225927
0.0 0.0 0.0

1735225928
0.0 0.0 0.0

1735225929
0.0 0.0 0.0

1735225930
0.0 0.0 0.0

1735225931
0.0 0.0 0.0

1735225932
0.0 0.0 0.0

1735225933
0.0 0.0 0.0

1735225934
0.0 0.0 0.0

1735225935
0.0 0.0 0.0

1735225936
0.0 0.0 0.0

1735225937
0.0 0.0 0.0

1735225938
0.0 0.0 0.0

1735225939
0.0 0.0 0.0

1735225940
0.0 0.0 0.0

1735225941
0.0 0.0 0.0

1735225942
0.0 0.0 0.0

1735225943
0.0 0.0 0.0

1735225944
0.0 0.0 0.0

1735225945
0.0 0.0 0.0

1735225946
0.0 0.0 0.0

1735225947
0.0 0.0 0.0

1735225949
0.0 0.0 0.0

1735225950
0.0 0.0 0.0

1735225951
0.0 0.0 0.0

1735225952
0.0 0.0 0.0

1735225953
0.0 0.0 0.0

1735225954
0.0 0.0 0.0

1735225955
0.0 0.0 0.0

1735225956
0.0 0.0 0.0

1735225957
0.0 0.0 0.0

1735225958
0.0 0.0 0.0

1735225959
0.0 0.0 0.0

1735225960
0.0 0.0 0.0

1735225961
0.0 0.0 0.0

1735225962
0.0 0.0 0.0

1735225963
0.0 0.0 0.0

1735225964
0.0 0.0 0.0

1735225965
0.0 0.0 0.0

1735225966
0.0 0.0 0.0

1735225967
0.0 0.0 0.0

1735225968
0.0 0.0 0.0

1735225969
0.0 0.0 0.0

1735225970
0.0 0.0 0.0

1735225971
0.0 0.0 0.0

1735225972
0.0 0.0 0.0

1735225973
0.0 0.0 0.0

1735225974
0.0 0.0 0.0

1735225975
0.0 0.0 0.0

1735225976
0.0 0.0 0.0

1735225977
0.0 0.0 0.0

1735225978
0.0 0.0 0.0

1735225979
0.0 0.0 0.0

1735225980
0.0 0.0 0.0

1735225981
0.0 0.0 0.0

1735225982
0.0 0.0 0.0

1735225983
0.0 0.0 0.0

1735225984
0.0 0.0 0.0

1735225985
0.0 0.0 0.0

1735225986
0.0 0.0 0.0

1735225987
0.0 0.0 0.0

1735225988
0.0 0.0 0.0

1735225989
0.0 0.0 0.0

1735225990
0.0 0.0 0.0

1735225991
0.0 0.0 0.0

1735225992
0.0 0.0 0.0

1735225993
0.0 0.0 0.0

1735225994
0.0 0.0 0.0

1735225995
0.0 0.0 0.0

1735225996
0.0 0.0 0.0

1735225997
0.0 0.0 0.0

1735225998
0.0 0.0 0.0

1735225999
0.0 0.0 0.0

1735226000
0.0 0.0 0.0

1735226001
0.0 0.0 0.0

1735226002
0.0 0.0 0.0

1735226003
0.0 0.0 0.0

1735226004
0.0 0.0 0.0

1735226005
0.0 0.0 0.0

1735226006
0.0 0.0 0.0

1735226007
0.0 0.0 0.0

1735226008
0.0 0.0 0.0

1735226009
0.0 0.0 0.0

1735226010
0.0 0.0 0.0

1735226011
0.0 0.0 0.0

1735226012
0.0 0.0 0.0

1735226013
0.0 0.0 0.0

1735226014
0.0 0.0 0.0

1735226015
0.0 0.0 0.0

1735226016
0.0 0.0 0.0

1735226017
0.0 0.0 0.0

1735226018
0.0 0.0 0.0

1735226019
0.0 0.0 0.0

1735226020
0.0 0.0 0.0

1735226021
0.0 0.0 0.0

1735226022
0.0 0.0 0.0

1735226023
0.0 0.0 0.0

1735226024
0.0 0.0 0.0

1735226025
0.0 0.0 0.0

1735226026
0.0 0.0 0.0

1735226027
0.0 0.0 0.0

1735226028
0.0 0.0 0.0

1735226029
0.0 0.0 0.0

1735226030
0.0 0.0 0.0

1735226031
0.0 0.0 0.0

1735226032
0.0 0.0 0.0

1735226033
0.0 0.0 0.0

1735226034
0.0 0.0 0.0

1735226035
0.0 0.0 0.0

1735226036
0.0 0.0 0.0

1735226037
0.0 0.0 0.0

1735226038
0.0 0.0 0.0

1735226039
0.0 0.0 0.0

1735226040
0.0 0.0 0.0

1735226041
0.0 0.0 0.0

1735226042
0.0 0.0 0.0

1735226043
0.0 0.0 0.0

1735226044
0.0 0.0 0.0

1735226045
0.0 0.0 0.0

1735226046
0.0 0.0 0.0

1735226047
0.0 0.0 0.0

1735226048
0.0 0.0 0.0

1735226049
0.0 0.0 0.0

1735226050
0.0 0.0 0.0

1735226051
0.0 0.0 0.0

1735226052
0.0 0.0 0.0

1735226053
0.0 0.0 0.0

1735226054
0.0 0.0 0.0

1735226055
0.0 0.0 0.0

1735226056
0.0 0.0 0.0

1735226057
0.0 0.0 0.0

1735226058
0.0 0.0 0.0

1735226059
0.0 0.0 0.0

1735226060
0.0 0.0 0.0

1735226061
0.0 0.0 0.0

1735226062
0.0 0.0 0.0

1735226063
0.0 0.0 0.0

1735226064
0.0 0.0 0.0

1735226065
0.0 0.0 0.0

1735226066
0.0 0.0 0.0

1735226067
0.0 0.0 0.0

1735226068
0.0 0.0 0.0

1735226069
0.0 0.0 0.0

1735226070
0.0 0.0 0.0

1735226071
0.0 0.0 0.0

1735226072
0.0 0.0 0.0

1735226073
0.0 0.0 0.0

1735226074
0.0 0.0 0.0

1735226075
0.0 0.0 0.0

1735226076
0.0 0.0 0.0

1735226077
0.0 0.0 0.0

1735226078
0.0 0.0 0.0

1735226079
0.0 0.0 0.0

1735226080
0.0 0.0 0.0

1735226081
0.0 0.0 0.0

1735226082
0.0 0.0 0.0

1735226083
0.0 0.0 0.0

1735226084
0.0 0.0 0.0

1735226085
0.0 0.0 0.0

1735226086
0.0 0.0 0.0

1735226087
0.0 0.0 0.0

1735226088
0.0 0.0 0.0

1735226089
0.0 0.0 0.0

1735226090
0.0 0.0 0.0

1735226091
0.0 0.0 0.0

1735226092
0.0 0.0 0.0

1735226093
0.0 0.0 0.0

1735226094
0.0 0.0 0.0

1735226095
0.0 0.0 0.0

1735226096
0.0 0.0 0.0

1735226097
0.0 0.0 0.0

1735226098
0.0 0.0 0.0

1735226099
0.0 0.0 0.0

1735226100
0.0 0.0 0.0

1735226101
0.0 0.0 0.0

1735226102
0.0 0.0 0.0

1735226103
0.0 0.0 0.0

1735226104
0.0 0.0 0.0

1735226105
0.0 0.0 0.0

1735226106
0.0 0.0 0.0

1735226107
0.0 0.0 0.0

1735226108
0.0 0.0 0.0

1735226109
0.0 0.0 0.0

1735226110
0.0 0.0 0.0

1735226111
0.0 0.0 0.0

1735226112
0.0 0.0 0.0

1735226113
0.0 0.0 0.0

1735226114
0.0 0.0 0.0

1735226115
0.0 0.0 0.0

1735226116
0.0 0.0 0.0

1735226117
0.0 0.0 0.0

1735226118
0.0 0.0 0.0

1735226119
0.0 0.0 0.0

1735226120
0.0 0.0 0.0

1735226121
0.0 0.0 0.0

1735226122
0.0 0.0 0.0

1735226123
0.0 0.0 0.0

1735226124
0.0 0.0 0.0

1735226125
0.0 0.0 0.0

1735226126
0.0 0.0 0.0

1735226127
0.0 0.0 0.0

1735226128
0.0 0.0 0.0

1735226129
0.0 0.0 0.0

1735226130
0.0 0.0 0.0

1735226131
0.0 0.0 0.0

1735226132
0.0 0.0 0.0

1735226133
0.0 0.0 0.0

1735226134
0.0 0.0 0.0

1735226135
0.0 0.0 0.0

1735226136
0.0 0.0 0.0

1735226137
0.0 0.0 0.0

1735226138
0.0 0.0 0.0

1735226139
0.0 0.0 0.0

1735226140
0.0 0.0 0.0

1735226141
0.0 0.0 0.0

1735226142
0.0 0.0 0.0

1735226143
0.0 0.0 0.0

1735226144
0.0 0.0 0.0

1735226145
0.0 0.0 0.0

1735226146
0.0 0.0 0.0

1735226147
0.0 0.0 0.0

1735226148
0.0 0.0 0.0

1735226149
0.0 0.0 0.0

1735226150
0.0 0.0 0.0

1735226151
0.0 0.0 0.0

1735226152
0.0 0.0 0.0

1735226153
0.0 0.0 0.0

1735226154
0.0 0.0 0.0

1735226155
0.0 0.0 0.0

1735226156
0.0 0.0 0.0

1735226157
0.0 0.0 0.0

1735226158
0.0 0.0 0.0

1735226159
0.0 0.0 0.0

1735226160
0.0 0.0 0.0

1735226161
0.0 0.0 0.0

1735226162
0.0 0.0 0.0

1735226163
0.0 0.0 0.0

1735226164
0.0 0.0 0.0

1735226165
0.0 0.0 0.0

1735226166
0.0 0.0 0.0

1735226167
0.0 0.0 0.0

1735226168
0.0 0.0 0.0

1735226169
0.0 0.0 0.0

1735226170
0.0 0.0 0.0

1735226171
0.0 0.0 0.0

1735226172
0.0 0.0 0.0

1735226174
0.0 0.0 0.0

1735226175
0.0 0.0 0.0

1735226176
0.0 0.0 0.0

1735226177
0.0 0.0 0.0

1735226178
0.0 0.0 0.0

1735226179
0.0 0.0 0.0

1735226181
0.0 0.0 0.0

1735226182
0.0 0.0 0.0

1735226183
0.0 0.0 0.0

1735226184
0.0 0.0 0.0

1735226185
0.0 0.0 0.0

1735226186
0.0 0.0 0.0

1735226187
0.0 0.0 0.0

1735226188
0.0 0.0 0.0

1735226189
0.0 0.0 0.0

1735226190
0.0 0.0 0.0

1735226191
0.0 0.0 0.0

1735226192
0.0 0.0 0.0

1735226193
0.0 0.0 0.0

1735226194
0.0 0.0 0.0

1735226195
0.0 0.0 0.0

1735226196
0.0 0.0 0.0

1735226197
0.0 0.0 0.0

1735226198
0.0 0.0 0.0

1735226199
0.0 0.0 0.0

1735226200
0.0 0.0 0.0

1735226201
0.0 0.0 0.0

1735226202
0.0 0.0 0.0

1735226203
0.0 0.0 0.0

1735226204
0.0 0.0 0.0

1735226205
0.0 0.0 0.0

1735226206
0.0 0.0 0.0

1735226207
0.0 0.0 0.0

1735226208
0.0 0.0 0.0

1735226209
0.0 0.0 0.0

1735226210
0.0 0.0 0.0

1735226211
0.0 0.0 0.0

1735226212
0.0 0.0 0.0

1735226213
0.0 0.0 0.0

1735226214
0.0 0.0 0.0

1735226215
0.0 0.0 0.0

1735226216
0.0 0.0 0.0

1735226217
0.0 0.0 0.0

1735226218
0.0 0.0 0.0

1735226219
0.0 0.0 0.0

1735226220
0.0 0.0 0.0

1735226221
0.0 0.0 0.0

1735226222
0.0 0.0 0.0

1735226223
0.0 0.0 0.0

1735226224
0.0 0.0 0.0

1735226225
0.0 0.0 0.0

1735226226
0.0 0.0 0.0

1735226227
0.0 0.0 0.0

1735226228
0.0 0.0 0.0

1735226229
0.0 0.0 0.0

1735226230
0.0 0.0 0.0

1735226231
0.0 0.0 0.0

1735226232
0.0 0.0 0.0

1735226233
0.0 0.0 0.0

1735226234
0.0 0.0 0.0

1735226235
0.0 0.0 0.0

1735226236
0.0 0.0 0.0

1735226237
0.0 0.0 0.0

1735226238
0.0 0.0 0.0

1735226239
0.0 0.0 0.0

1735226240
0.0 0.0 0.0

1735226241
0.0 0.0 0.0

1735226242
0.0 0.0 0.0

1735226243
0.0 0.0 0.0

1735226244
0.0 0.0 0.0

1735226245
0.0 0.0 0.0

1735226246
0.0 0.0 0.0

1735226247
0.0 0.0 0.0

1735226248
0.0 0.0 0.0

1735226249
0.0 0.0 0.0

1735226250
0.0 0.0 0.0

1735226251
0.0 0.0 0.0

1735226252
0.0 0.0 0.0

1735226253
0.0 0.0 0.0

1735226254
0.0 0.0 0.0

1735226255
0.0 0.0 0.0

1735226256
0.0 0.0 0.0

1735226257
0.0 0.0 0.0

1735226258
0.0 0.0 0.0

1735226259
0.0 0.0 0.0

1735226260
0.0 0.0 0.0

1735226261
0.0 0.0 0.0

1735226262
0.0 0.0 0.0

1735226263
0.0 0.0 0.0

1735226264
0.0 0.0 0.0

1735226265
0.0 0.0 0.0

1735226266
0.0 0.0 0.0

1735226267
0.0 0.0 0.0

1735226268
0.0 0.0 0.0

1735226269
0.0 0.0 0.0

1735226270
0.0 0.0 0.0

1735226271
0.0 0.0 0.0

1735226272
0.0 0.0 0.0

1735226273
0.0 0.0 0.0

1735226274
0.0 0.0 0.0

1735226275
0.0 0.0 0.0

1735226276
0.0 0.0 0.0

1735226277
0.0 0.0 0.0

1735226278
0.0 0.0 0.0

1735226279
0.0 0.0 0.0

1735226280
0.0 0.0 0.0

1735226281
0.0 0.0 0.0

1735226282
0.0 0.0 0.0

1735226283
0.0 0.0 0.0

1735226284
0.0 0.0 0.0

1735226285
0.0 0.0 0.0

1735226286
0.0 0.0 0.0

1735226287
0.0 0.0 0.0

1735226288
0.0 0.0 0.0

1735226289
0.0 0.0 0.0

1735226290
0.0 0.0 0.0

1735226291
0.0 0.0 0.0

1735226292
0.0 0.0 0.0

1735226293
0.0 0.0 0.0

1735226294
0.0 0.0 0.0

1735226295
0.0 0.0 0.0

1735226296
0.0 0.0 0.0

1735226297
0.0 0.0 0.0

1735226298
0.0 0.0 0.0

1735226299
0.0 0.0 0.0

1735226300
0.0 0.0 0.0

1735226301
0.0 0.0 0.0

1735226302
0.0 0.0 0.0

1735226303
0.0 0.0 0.0

1735226304
0.0 0.0 0.0

1735226305
0.0 0.0 0.0

1735226306
0.0 0.0 0.0

1735226307
0.0 0.0 0.0

1735226308
0.0 0.0 0.0

1735226309
0.0 0.0 0.0

1735226310
0.0 0.0 0.0

1735226311
0.0 0.0 0.0

1735226312
0.0 0.0 0.0

1735226313
0.0 0.0 0.0

1735226314
0.0 0.0 0.0

1735226315
0.0 0.0 0.0

1735226316
0.0 0.0 0.0

1735226317
0.0 0.0 0.0

1735226318
0.0 0.0 0.0

1735226319
0.0 0.0 0.0

1735226320
0.0 0.0 0.0

1735226321
0.0 0.0 0.0

1735226322
0.0 0.0 0.0

1735226323
0.0 0.0 0.0

1735226324
0.0 0.0 0.0

1735226325
0.0 0.0 0.0

1735226326
0.0 0.0 0.0

1735226327
0.0 0.0 0.0

1735226328
0.0 0.0 0.0

1735226329
0.0 0.0 0.0

1735226330
0.0 0.0 0.0

1735226331
0.0 0.0 0.0

1735226332
0.0 0.0 0.0

1735226333
0.0 0.0 0.0

1735226334
0.0 0.0 0.0

1735226335
0.0 0.0 0.0

1735226336
0.0 0.0 0.0

1735226337
0.0 0.0 0.0

1735226338
0.0 0.0 0.0

1735226339
0.0 0.0 0.0

1735226340
0.0 0.0 0.0

1735226341
0.0 0.0 0.0

1735226342
0.0 0.0 0.0

1735226343
0.0 0.0 0.0

1735226344
0.0 0.0 0.0

1735226345
0.0 0.0 0.0

1735226346
0.0 0.0 0.0

1735226347
0.0 0.0 0.0

1735226348
0.0 0.0 0.0

1735226349
0.0 0.0 0.0

1735226350
0.0 0.0 0.0

1735226351
0.0 0.0 0.0

1735226352
0.0 0.0 0.0

1735226353
0.0 0.0 0.0

1735226354
0.0 0.0 0.0

1735226355
0.0 0.0 0.0

1735226356
0.0 0.0 0.0

1735226357
0.0 0.0 0.0

1735226358
0.0 0.0 0.0

1735226359
0.0 0.0 0.0

1735226360
0.0 0.0 0.0

1735226361
0.0 0.0 0.0

1735226362
0.0 0.0 0.0

1735226363
0.0 0.0 0.0

1735226364
0.0 0.0 0.0

1735226365
0.0 0.0 0.0

1735226366
0.0 0.0 0.0

1735226367
0.0 0.0 0.0

1735226368
0.0 0.0 0.0

1735226369
0.0 0.0 0.0

1735226370
0.0 0.0 0.0

1735226371
0.0 0.0 0.0

1735226372
0.0 0.0 0.0

1735226373
0.0 0.0 0.0

1735226374
0.0 0.0 0.0

1735226375
0.0 0.0 0.0

1735226376
0.0 0.0 0.0

1735226377
0.0 0.0 0.0

1735226378
0.0 0.0 0.0

1735226379
0.0 0.0 0.0

1735226380
0.0 0.0 0.0

1735226381
0.0 0.0 0.0

1735226382
0.0 0.0 0.0

1735226383
0.0 0.0 0.0

1735226384
0.0 0.0 0.0

1735226385
0.0 0.0 0.0

1735226386
0.0 0.0 0.0

1735226387
0.0 0.0 0.0

1735226388
0.0 0.0 0.0

1735226389
0.0 0.0 0.0

1735226390
0.0 0.0 0.0

1735226391
0.0 0.0 0.0

1735226392
0.0 0.0 0.0

1735226393
0.0 0.0 0.0

1735226394
0.0 0.0 0.0

1735226395
0.0 0.0 0.0

1735226396
0.0 0.0 0.0

1735226397
0.0 0.0 0.0

1735226398
0.0 0.0 0.0

1735226399
0.0 0.0 0.0

1735226400
0.0 0.0 0.0

1735226401
0.0 0.0 0.0

1735226402
0.0 0.0 0.0

1735226403
0.0 0.0 0.0

1735226404
0.0 0.0 0.0

1735226405
0.0 0.0 0.0

1735226406
0.0 0.0 0.0

1735226407
0.0 0.0 0.0

1735226408
0.0 0.0 0.0

1735226409
0.0 0.0 0.0

1735226410
0.0 0.0 0.0

1735226411
0.0 0.0 0.0

1735226412
0.0 0.0 0.0

1735226413
0.0 0.0 0.0

1735226414
0.0 0.0 0.0

1735226415
0.0 0.0 0.0

1735226416
0.0 0.0 0.0

1735226417
0.0 0.0 0.0

1735226418
0.0 0.0 0.0

1735226419
0.0 0.0 0.0

1735226420
0.0 0.0 0.0

1735226421
0.0 0.0 0.0

1735226422
0.0 0.0 0.0

1735226423
0.0 0.0 0.0

1735226424
0.0 0.0 0.0

1735226425
0.0 0.0 0.0

1735226426
0.0 0.0 0.0

1735226427
0.0 0.0 0.0

1735226428
0.0 0.0 0.0

1735226429
0.0 0.0 0.0

1735226430
0.0 0.0 0.0

1735226431
0.0 0.0 0.0

1735226433
0.0 0.0 0.0

1735226434
0.0 0.0 0.0

1735226435
0.0 0.0 0.0

1735226436
0.0 0.0 0.0

1735226437
0.0 0.0 0.0

1735226438
0.0 0.0 0.0

1735226439
0.0 0.0 0.0

1735226440
0.0 0.0 0.0

1735226441
0.0 0.0 0.0

1735226442
0.0 0.0 0.0

1735226443
0.0 0.0 0.0

1735226444
0.0 0.0 0.0

1735226445
0.0 0.0 0.0

1735226446
0.0 0.0 0.0

1735226447
0.0 0.0 0.0

1735226448
0.0 0.0 0.0

1735226449
0.0 0.0 0.0

1735226450
0.0 0.0 0.0

1735226451
0.0 0.0 0.0

1735226452
0.0 0.0 0.0

1735226453
0.0 0.0 0.0

1735226454
0.0 0.0 0.0

1735226455
0.0 0.0 0.0

1735226456
0.0 0.0 0.0

1735226457
0.0 0.0 0.0

1735226458
0.0 0.0 0.0

1735226459
0.0 0.0 0.0

1735226460
0.0 0.0 0.0

1735226461
0.0 0.0 0.0

1735226462
0.0 0.0 0.0

1735226463
0.0 0.0 0.0

1735226464
0.0 0.0 0.0

1735226465
0.0 0.0 0.0

1735226466
0.0 0.0 0.0

1735226467
0.0 0.0 0.0

1735226468
0.0 0.0 0.0

1735226469
0.0 0.0 0.0

1735226470
0.0 0.0 0.0

1735226471
0.0 0.0 0.0

1735226472
0.0 0.0 0.0

1735226473
0.0 0.0 0.0

1735226474
0.0 0.0 0.0

1735226475
0.0 0.0 0.0

1735226476
0.0 0.0 0.0

1735226477
0.0 0.0 0.0

1735226478
0.0 0.0 0.0

1735226479
0.0 0.0 0.0

1735226480
0.0 0.0 0.0

1735226481
0.0 0.0 0.0

1735226482
0.0 0.0 0.0

1735226483
0.0 0.0 0.0

1735226484
0.0 0.0 0.0

1735226485
0.0 0.0 0.0

1735226486
0.0 0.0 0.0

1735226487
0.0 0.0 0.0

1735226488
0.0 0.0 0.0

1735226489
0.0 0.0 0.0

1735226490
0.0 0.0 0.0

1735226491
0.0 0.0 0.0

1735226492
0.0 0.0 0.0

1735226493
0.0 0.0 0.0

1735226494
0.0 0.0 0.0

1735226495
0.0 0.0 0.0

1735226496
0.0 0.0 0.0

1735226497
0.0 0.0 0.0

1735226498
0.0 0.0 0.0

1735226499
0.0 0.0 0.0

1735226500
0.0 0.0 0.0

1735226501
0.0 0.0 0.0

1735226502
0.0 0.0 0.0

1735226503
0.0 0.0 0.0

1735226504
0.0 0.0 0.0

1735226505
0.0 0.0 0.0

1735226506
0.0 0.0 0.0

1735226507
0.0 0.0 0.0

1735226508
0.0 0.0 0.0

1735226509
0.0 0.0 0.0

1735226510
0.0 0.0 0.0

1735226511
0.0 0.0 0.0

1735226512
0.0 0.0 0.0

1735226513
0.0 0.0 0.0

1735226514
0.0 0.0 0.0

1735226515
0.0 0.0 0.0

1735226516
0.0 0.0 0.0

1735226517
0.0 0.0 0.0

1735226518
0.0 0.0 0.0

1735226519
0.0 0.0 0.0

1735226520
0.0 0.0 0.0

1735226521
0.0 0.0 0.0

1735226522
0.0 0.0 0.0

1735226523
0.0 0.0 0.0

1735226524
0.0 0.0 0.0

1735226525
0.0 0.0 0.0

1735226526
0.0 0.0 0.0

1735226527
0.0 0.0 0.0

1735226528
0.0 0.0 0.0

1735226529
0.0 0.0 0.0

1735226530
0.0 0.0 0.0

1735226531
0.0 0.0 0.0

1735226532
0.0 0.0 0.0

1735226533
0.0 0.0 0.0

1735226534
0.0 0.0 0.0

1735226535
0.0 0.0 0.0

1735226536
0.0 0.0 0.0

1735226537
0.0 0.0 0.0

1735226538
0.0 0.0 0.0

1735226539
0.0 0.0 0.0

1735226540
0.0 0.0 0.0

1735226541
0.0 0.0 0.0

1735226542
0.0 0.0 0.0

1735226543
0.0 0.0 0.0

1735226544
0.0 0.0 0.0

1735226545
0.0 0.0 0.0

1735226546
0.0 0.0 0.0

1735226547
0.0 0.0 0.0

1735226548
0.0 0.0 0.0

1735226549
0.0 0.0 0.0

1735226550
0.0 0.0 0.0

1735226551
0.0 0.0 0.0

1735226552
0.0 0.0 0.0

1735226553
0.0 0.0 0.0

1735226554
0.0 0.0 0.0

1735226555
0.0 0.0 0.0

1735226556
0.0 0.0 0.0

1735226557
0.0 0.0 0.0

1735226558
0.0 0.0 0.0

1735226559
0.0 0.0 0.0

1735226560
0.0 0.0 0.0

1735226561
0.0 0.0 0.0

1735226562
0.0 0.0 0.0

1735226563
0.0 0.0 0.0

1735226564
0.0 0.0 0.0

1735226565
0.0 0.0 0.0

1735226566
0.0 0.0 0.0

1735226567
0.0 0.0 0.0

1735226568
0.0 0.0 0.0

1735226569
0.0 0.0 0.0

1735226570
0.0 0.0 0.0

1735226571
0.0 0.0 0.0

1735226572
0.0 0.0 0.0

1735226573
0.0 0.0 0.0

1735226574
0.0 0.0 0.0

1735226575
0.0 0.0 0.0

1735226576
0.0 0.0 0.0

1735226577
0.0 0.0 0.0

1735226578
0.0 0.0 0.0

1735226579
0.0 0.0 0.0

1735226580
0.0 0.0 0.0

1735226581
0.0 0.0 0.0

1735226582
0.0 0.0 0.0

1735226583
0.0 0.0 0.0

1735226584
0.0 0.0 0.0

1735226585
0.0 0.0 0.0

1735226586
0.0 0.0 0.0

1735226587
0.0 0.0 0.0

1735226588
0.0 0.0 0.0

1735226590
0.0 0.0 0.0

1735226591
0.0 0.0 0.0

1735226592
0.0 0.0 0.0

1735226593
0.0 0.0 0.0

1735226594
0.0 0.0 0.0

1735226596
0.0 0.0 0.0

1735226598
0.0 0.0 0.0

1735226599
0.0 0.0 0.0

1735226600
0.0 0.0 0.0

1735226601
0.0 0.0 0.0

1735226602
0.0 0.0 0.0

1735226603
0.0 0.0 0.0

1735226604
0.0 0.0 0.0

1735226605
0.0 0.0 0.0

1735226606
0.0 0.0 0.0

1735226607
0.0 0.0 0.0

1735226608
0.0 0.0 0.0

1735226609
0.0 0.0 0.0

1735226610
0.0 0.0 0.0

1735226611
0.0 0.0 0.0

1735226612
0.0 0.0 0.0

1735226613
0.0 0.0 0.0

1735226615
0.0 0.0 0.0

1735226616
0.0 0.0 0.0

1735226618
0.0 0.0 0.0

1735226619
0.0 0.0 0.0

1735226620
0.0 0.0 0.0

1735226621
0.0 0.0 0.0

1735226622
0.0 0.0 0.0

1735226625
0.0 0.0 0.0

1735226626
0.0 0.0 0.0

1735226627
0.0 0.0 0.0

1735226628
0.0 0.0 0.0

1735226629
0.0 0.0 0.0

1735226630
0.0 0.0 0.0

1735226631
0.0 0.0 0.0

1735226632
0.0 0.0 0.0

1735226633
0.0 0.0 0.0

1735226634
0.0 0.0 0.0

1735226635
0.0 0.0 0.0

1735226636
0.0 0.0 0.0

1735226637
0.0 0.0 0.0

1735226638
0.0 0.0 0.0

1735226639
0.0 0.0 0.0

1735226640
0.0 0.0 0.0

1735226641
0.0 0.0 0.0

1735226642
0.0 0.0 0.0

1735226643
0.0 0.0 0.0

1735226644
0.0 0.0 0.0

1735226645
0.0 0.0 0.0

1735226646
0.0 0.0 0.0

1735226647
0.0 0.0 0.0

1735226648
0.0 0.0 0.0

1735226649
0.0 0.0 0.0

1735226650
0.0 0.0 0.0

1735226651
0.0 0.0 0.0

1735226652
0.0 0.0 0.0

1735226653
0.0 0.0 0.0

1735226654
0.0 0.0 0.0

1735226655
0.0 0.0 0.0

1735226656
0.0 0.0 0.0

1735226657
0.0 0.0 0.0

1735226658
0.0 0.0 0.0

1735226659
0.0 0.0 0.0

1735226660
0.0 0.0 0.0

1735226661
0.0 0.0 0.0

1735226662
0.0 0.0 0.0

1735226663
0.0 0.0 0.0

1735226665
0.0 0.0 0.0

1735226666
0.0 0.0 0.0

1735226667
0.0 0.0 0.0

1735226668
0.0 0.0 0.0

1735226669
0.0 0.0 0.0

1735226670
0.0 0.0 0.0

1735226671
0.0 0.0 0.0

1735226672
0.0 0.0 0.0

1735226673
0.0 0.0 0.0

1735226674
0.0 0.0 0.0

1735226675
0.0 0.0 0.0

1735226676
0.0 0.0 0.0

1735226677
0.0 0.0 0.0

1735226678
0.0 0.0 0.0

1735226679
0.0 0.0 0.0

1735226680
0.0 0.0 0.0

1735226681
0.0 0.0 0.0

1735226682
0.0 0.0 0.0

1735226683
0.0 0.0 0.0

1735226684
0.0 0.0 0.0

1735226685
0.0 0.0 0.0

1735226686
0.0 0.0 0.0

1735226687
0.0 0.0 0.0

1735226688
0.0 0.0 0.0

1735226689
0.0 0.0 0.0

1735226690
0.0 0.0 0.0

1735226691
0.0 0.0 0.0

1735226692
0.0 0.0 0.0

1735226693
0.0 0.0 0.0

1735226694
0.0 0.0 0.0

1735226695
0.0 0.0 0.0

1735226696
0.0 0.0 0.0

1735226697
0.0 0.0 0.0

1735226698
0.0 0.0 0.0

1735226699
0.0 0.0 0.0

1735226700
0.0 0.0 0.0

1735226701
0.0 0.0 0.0

1735226702
0.0 0.0 0.0

1735226703
0.0 0.0 0.0

1735226704
0.0 0.0 0.0

1735226705
0.0 0.0 0.0

1735226706
0.0 0.0 0.0

1735226707
0.0 0.0 0.0

1735226708
0.0 0.0 0.0

1735226709
0.0 0.0 0.0

1735226710
0.0 0.0 0.0

1735226711
0.0 0.0 0.0

1735226712
0.0 0.0 0.0

1735226713
0.0 0.0 0.0

1735226714
0.0 0.0 0.0

1735226715
0.0 0.0 0.0

1735226716
0.0 0.0 0.0

1735226717
0.0 0.0 0.0

1735226718
0.0 0.0 0.0

1735226719
0.0 0.0 0.0

1735226720
0.0 0.0 0.0

1735226721
0.0 0.0 0.0

1735226722
0.0 0.0 0.0

1735226723
0.0 0.0 0.0

1735226724
0.0 0.0 0.0

1735226725
0.0 0.0 0.0

1735226726
0.0 0.0 0.0

1735226727
0.0 0.0 0.0

1735226728
0.0 0.0 0.0

1735226729
0.0 0.0 0.0

1735226730
0.0 0.0 0.0

1735226731
0.0 0.0 0.0

1735226732
0.0 0.0 0.0

1735226733
0.0 0.0 0.0

1735226734
0.0 0.0 0.0

1735226735
0.0 0.0 0.0

1735226736
0.0 0.0 0.0

1735226737
0.0 0.0 0.0

1735226738
0.0 0.0 0.0

1735226739
0.0 0.0 0.0

1735226740
0.0 0.0 0.0

1735226741
0.0 0.0 0.0

1735226742
0.0 0.0 0.0

1735226743
0.0 0.0 0.0

1735226744
0.0 0.0 0.0

1735226746
0.0 0.0 0.0

1735226747
0.0 0.0 0.0

1735226748
0.0 0.0 0.0

1735226749
0.0 0.0 0.0

1735226750
0.0 0.0 0.0

1735226751
0.0 0.0 0.0

1735226752
0.0 0.0 0.0

1735226753
0.0 0.0 0.0

1735226754
0.0 0.0 0.0

1735226755
0.0 0.0 0.0

1735226757
0.0 0.0 0.0

1735226758
0.0 0.0 0.0

1735226759
0.0 0.0 0.0

1735226760
0.0 0.0 0.0

1735226761
0.0 0.0 0.0

1735226762
0.0 0.0 0.0

1735226763
0.0 0.0 0.0

1735226764
0.0 0.0 0.0

1735226765
0.0 0.0 0.0

1735226766
0.0 0.0 0.0

1735226767
0.0 0.0 0.0

1735226768
0.0 0.0 0.0

1735226769
0.0 0.0 0.0

1735226770
0.0 0.0 0.0

1735226771
0.0 0.0 0.0

1735226772
0.0 0.0 0.0

1735226773
0.0 0.0 0.0

1735226774
0.0 0.0 0.0

1735226775
0.0 0.0 0.0

1735226776
0.0 0.0 0.0

1735226777
0.0 0.0 0.0

1735226778
0.0 0.0 0.0

1735226779
0.0 0.0 0.0

1735226780
0.0 0.0 0.0

1735226781
0.0 0.0 0.0

1735226782
0.0 0.0 0.0

1735226783
0.0 0.0 0.0

1735226784
0.0 0.0 0.0

1735226785
0.0 0.0 0.0

1735226786
0.0 0.0 0.0

1735226787
0.0 0.0 0.0

1735226788
0.0 0.0 0.0

1735226789
0.0 0.0 0.0

1735226790
0.0 0.0 0.0

1735226791
0.0 0.0 0.0

1735226792
0.0 0.0 0.0

1735226793
0.0 0.0 0.0

1735226794
0.0 0.0 0.0

1735226795
0.0 0.0 0.0

1735226796
0.0 0.0 0.0

1735226797
0.0 0.0 0.0

1735226798
0.0 0.0 0.0

1735226799
0.0 0.0 0.0

1735226800
0.0 0.0 0.0

1735226801
0.0 0.0 0.0

1735226802
0.0 0.0 0.0

1735226803
0.0 0.0 0.0

1735226804
0.0 0.0 0.0

1735226806
0.0 0.0 0.0

1735226807
0.0 0.0 0.0

1735226808
0.0 0.0 0.0

1735226809
0.0 0.0 0.0

1735226810
0.0 0.0 0.0

1735226811
0.0 0.0 0.0

1735226812
0.0 0.0 0.0

1735226813
0.0 0.0 0.0

1735226814
0.0 0.0 0.0

1735226815
0.0 0.0 0.0

1735226816
0.0 0.0 0.0

1735226817
0.0 0.0 0.0

1735226818
0.0 0.0 0.0

1735226819
0.0 0.0 0.0

1735226820
0.0 0.0 0.0

1735226821
0.0 0.0 0.0

1735226822
0.0 0.0 0.0

1735226823
0.0 0.0 0.0

1735226824
0.0 0.0 0.0

1735226825
0.0 0.0 0.0

1735226826
0.0 0.0 0.0

1735226827
0.0 0.0 0.0

1735226828
0.0 0.0 0.0

1735226829
0.0 0.0 0.0

1735226830
0.0 0.0 0.0

1735226831
0.0 0.0 0.0

1735226832
0.0 0.0 0.0

1735226833
0.0 0.0 0.0

1735226834
0.0 0.0 0.0

1735226835
0.0 0.0 0.0

1735226836
0.0 0.0 0.0

1735226837
0.0 0.0 0.0

1735226838
0.0 0.0 0.0

1735226839
0.0 0.0 0.0

1735226840
0.0 0.0 0.0

1735226841
0.0 0.0 0.0

1735226842
0.0 0.0 0.0

1735226843
0.0 0.0 0.0

1735226844
0.0 0.0 0.0

1735226845
0.0 0.0 0.0

1735226846
0.0 0.0 0.0

1735226847
0.0 0.0 0.0

1735226848
0.0 0.0 0.0

1735226849
0.0 0.0 0.0

1735226850
0.0 0.0 0.0

1735226851
0.0 0.0 0.0

1735226852
0.0 0.0 0.0

1735226853
0.0 0.0 0.0

1735226854
0.0 0.0 0.0

1735226855
0.0 0.0 0.0

1735226856
0.0 0.0 0.0

1735226857
0.0 0.0 0.0

1735226858
0.0 0.0 0.0

1735226859
0.0 0.0 0.0

1735226860
0.0 0.0 0.0

1735226861
0.0 0.0 0.0

1735226862
0.0 0.0 0.0

1735226863
0.0 0.0 0.0

1735226864
0.0 0.0 0.0

1735226865
0.0 0.0 0.0

1735226866
0.0 0.0 0.0

1735226867
0.0 0.0 0.0

1735226868
0.0 0.0 0.0

1735226869
0.0 0.0 0.0

1735226870
0.0 0.0 0.0

1735226871
0.0 0.0 0.0

1735226872
0.0 0.0 0.0

1735226873
0.0 0.0 0.0

1735226874
0.0 0.0 0.0

1735226875
0.0 0.0 0.0

1735226876
0.0 0.0 0.0

1735226877
0.0 0.0 0.0

1735226878
0.0 0.0 0.0

1735226879
0.0 0.0 0.0

1735226880
0.0 0.0 0.0

1735226881
0.0 0.0 0.0

1735226882
0.0 0.0 0.0

1735226883
0.0 0.0 0.0

1735226884
0.0 0.0 0.0

1735226885
0.0 0.0 0.0

1735226886
0.0 0.0 0.0

1735226887
0.0 0.0 0.0

1735226888
0.0 0.0 0.0

1735226889
0.0 0.0 0.0

1735226890
0.0 0.0 0.0

1735226891
0.0 0.0 0.0

1735226892
0.0 0.0 0.0

1735226893
0.0 0.0 0.0

