1735223258
/dev/sda1: 25005240320
overlay: 25005240320

1735223259
/dev/sda1: 25006817280
overlay: 25006817280

1735223260
/dev/sda1: 25008189440
overlay: 25008189440

1735223262
/dev/sda1: 25067061248
overlay: 25067061248

1735223263
/dev/sda1: 25088634880
overlay: 25088634880

1735223264
/dev/sda1: 25100324864
overlay: 25100324864

1735223265
/dev/sda1: 25116774400
overlay: 25116774400

1735223266
/dev/sda1: 25128587264
overlay: 25128587264

1735223267
/dev/sda1: 25135931392
overlay: 25135931392

1735223268
/dev/sda1: 25146101760
overlay: 25146101760

1735223269
/dev/sda1: 25151496192
overlay: 25151496192

1735223270
/dev/sda1: 25157824512
overlay: 25157824512

1735223271
/dev/sda1: 25247780864
overlay: 25247780864

1735223272
/dev/sda1: 25321218048
overlay: 25321218048

1735223274
/dev/sda1: 25343229952
overlay: 25343229952

1735223275
/dev/sda1: 25345126400
overlay: 25345126400

1735223276
/dev/sda1: 25356197888
overlay: 25356197888

1735223277
/dev/sda1: 25357836288
overlay: 25357836288

1735223278
/dev/sda1: 25359474688
overlay: 25359474688

1735223280
/dev/sda1: 25373556736
overlay: 25373556736

1735223281
/dev/sda1: 25385922560
overlay: 25385922560

1735223282
/dev/sda1: 25395748864
overlay: 25395748864

1735223283
/dev/sda1: 25404473344
overlay: 25404473344

1735223284
/dev/sda1: 25414725632
overlay: 25414725632

1735223285
/dev/sda1: 25427795968
overlay: 25427795968

1735223286
/dev/sda1: 25440526336
overlay: 25440530432

1735223287
/dev/sda1: 25449570304
overlay: 25449570304

1735223288
/dev/sda1: 25456676864
overlay: 25456676864

1735223289
/dev/sda1: 25464709120
overlay: 25464709120

1735223290
/dev/sda1: 25472630784
overlay: 25472630784

1735223291
/dev/sda1: 25481277440
overlay: 25481277440

1735223293
/dev/sda1: 25493323776
overlay: 25493323776

1735223295
/dev/sda1: 25506959360
overlay: 25506959360

1735223297
/dev/sda1: 25522159616
overlay: 25522159616

1735223298
/dev/sda1: 25530212352
overlay: 25530212352

1735223299
/dev/sda1: 25537757184
overlay: 25537757184

1735223300
/dev/sda1: 25545617408
overlay: 25545617408

1735223301
/dev/sda1: 25552740352
overlay: 25552740352

1735223302
/dev/sda1: 25559879680
overlay: 25559879680

1735223303
/dev/sda1: 25565335552
overlay: 25565335552

1735223304
/dev/sda1: 25569918976
overlay: 25569918976

1735223305
/dev/sda1: 25576648704
overlay: 25576648704

1735223306
/dev/sda1: 25581854720
overlay: 25581854720

1735223307
/dev/sda1: 25597087744
overlay: 25597087744

1735223308
/dev/sda1: 25603592192
overlay: 25603596288

1735223309
/dev/sda1: 25609736192
overlay: 25609736192

1735223310
/dev/sda1: 25615892480
overlay: 25615892480

1735223311
/dev/sda1: 25622306816
overlay: 25622306816

1735223312
/dev/sda1: 25626947584
overlay: 25626947584

1735223313
/dev/sda1: 25632833536
overlay: 25632833536

1735223314
/dev/sda1: 25639153664
overlay: 25639153664

1735223315
/dev/sda1: 25644814336
overlay: 25644814336

1735223316
/dev/sda1: 25654812672
overlay: 25654812672

1735223317
/dev/sda1: 25661431808
overlay: 25661431808

1735223318
/dev/sda1: 25669144576
overlay: 25669144576

1735223319
/dev/sda1: 25673084928
overlay: 25673084928

1735223320
/dev/sda1: 25675378688
overlay: 25675378688

1735223321
/dev/sda1: 25677365248
overlay: 25677365248

1735223322
/dev/sda1: 25679974400
overlay: 25679974400

1735223323
/dev/sda1: 25682882560
overlay: 25682882560

1735223324
/dev/sda1: 25688121344
overlay: 25688121344

1735223325
/dev/sda1: 25691209728
overlay: 25691209728

1735223326
/dev/sda1: 25696681984
overlay: 25696681984

1735223327
/dev/sda1: 25717936128
overlay: 25717936128

1735223328
/dev/sda1: 25726824448
overlay: 25726824448

1735223329
/dev/sda1: 25736908800
overlay: 25736908800

1735223331
/dev/sda1: 25753530368
overlay: 25753530368

1735223332
/dev/sda1: 25758461952
overlay: 25758461952

1735223333
/dev/sda1: 25762881536
overlay: 25762881536

1735223334
/dev/sda1: 25767854080
overlay: 25767858176

1735223335
/dev/sda1: 25781993472
overlay: 25781993472

1735223337
/dev/sda1: 25806651392
overlay: 25806651392

1735223338
/dev/sda1: 25813508096
overlay: 25813508096

1735223339
/dev/sda1: 25817440256
overlay: 25817440256

1735223340
/dev/sda1: 25820377088
overlay: 25820377088

1735223341
/dev/sda1: 25831006208
overlay: 25831006208

1735223342
/dev/sda1: 25843191808
overlay: 25843191808

1735223343
/dev/sda1: 25871777792
overlay: 25871777792

1735223344
/dev/sda1: 25888198656
overlay: 25888198656

1735223345
/dev/sda1: 25987637248
overlay: 25987637248

1735223346
/dev/sda1: 26020847616
overlay: 26020847616

1735223347
/dev/sda1: 26102804480
overlay: 26102804480

1735223348
/dev/sda1: 26115317760
overlay: 26115317760

1735223349
/dev/sda1: 26116489216
overlay: 26116489216

1735223351
/dev/sda1: 26119081984
overlay: 26119081984

1735223353
/dev/sda1: 26123063296
overlay: 26123063296

1735223354
/dev/sda1: 26124582912
overlay: 26124582912

1735223355
/dev/sda1: 26129924096
overlay: 26129924096

1735223356
/dev/sda1: 26139779072
overlay: 26139779072

1735223357
/dev/sda1: 26152923136
overlay: 26152923136

1735223358
/dev/sda1: 26156142592
overlay: 26156142592

1735223359
/dev/sda1: 26162528256
overlay: 26162528256

1735223360
/dev/sda1: 26170585088
overlay: 26170585088

1735223361
/dev/sda1: 26173100032
overlay: 26173100032

1735223362
/dev/sda1: 26181984256
overlay: 26181984256

1735223363
/dev/sda1: 26190069760
overlay: 26190069760

1735223364
/dev/sda1: 26198224896
overlay: 26198224896

1735223365
/dev/sda1: 26210869248
overlay: 26210869248

1735223366
/dev/sda1: 26214760448
overlay: 26214760448

1735223367
/dev/sda1: 26219692032
overlay: 26219692032

1735223368
/dev/sda1: 26221891584
overlay: 26221891584

1735223369
/dev/sda1: 26224529408
overlay: 26224529408

1735223370
/dev/sda1: 26232209408
overlay: 26232209408

1735223371
/dev/sda1: 26244718592
overlay: 26244718592

1735223373
/dev/sda1: 26249482240
overlay: 26249482240

1735223375
/dev/sda1: 26360913920
overlay: 26360913920

1735223377
/dev/sda1: 26519642112
overlay: 26519642112

1735223379
/dev/sda1: 26558459904
overlay: 26558459904

1735223380
/dev/sda1: 26560364544
overlay: 26560364544

1735223381
/dev/sda1: 26561744896
overlay: 26561744896

1735223382
/dev/sda1: 26563985408
overlay: 26563985408

1735223383
/dev/sda1: 26567053312
overlay: 26567053312

1735223384
/dev/sda1: 26570063872
overlay: 26570063872

1735223386
/dev/sda1: 26574598144
overlay: 26574598144

1735223388
/dev/sda1: 26586632192
overlay: 26586632192

1735223389
/dev/sda1: 26593394688
overlay: 26593394688

1735223390
/dev/sda1: 26603307008
overlay: 26603307008

1735223391
/dev/sda1: 26632802304
overlay: 26632802304

1735223392
/dev/sda1: 26637021184
overlay: 26637021184

1735223393
/dev/sda1: 26682601472
overlay: 26682601472

1735223394
/dev/sda1: 26796560384
overlay: 26796580864

1735223395
/dev/sda1: 26902978560
overlay: 26902978560

1735223397
/dev/sda1: 26948390912
overlay: 26948390912

1735223399
/dev/sda1: 26996125696
overlay: 26996125696

1735223400
/dev/sda1: 26999631872
overlay: 26999635968

1735223402
/dev/sda1: 27025080320
overlay: 27025080320

1735223403
/dev/sda1: 27024068608
overlay: 27024068608

1735223404
/dev/sda1: 27025874944
overlay: 27025874944

1735223405
/dev/sda1: 27031699456
overlay: 27031699456

1735223407
/dev/sda1: 27045502976
overlay: 27045502976

1735223409
/dev/sda1: 27055448064
overlay: 27055448064

1735223411
/dev/sda1: 27067133952
overlay: 27067133952

1735223412
/dev/sda1: 27074052096
overlay: 27074052096

1735223413
/dev/sda1: 27080605696
overlay: 27080605696

1735223414
/dev/sda1: 27086086144
overlay: 27086086144

1735223415
/dev/sda1: 27092185088
overlay: 27092185088

1735223416
/dev/sda1: 27099082752
overlay: 27099082752

1735223417
/dev/sda1: 27105013760
overlay: 27105013760

1735223418
/dev/sda1: 27110883328
overlay: 27110883328

1735223419
/dev/sda1: 27115966464
overlay: 27115966464

1735223420
/dev/sda1: 27119849472
overlay: 27119849472

1735223421
/dev/sda1: 27122204672
overlay: 27122212864

1735223422
/dev/sda1: 27128389632
overlay: 27128389632

1735223423
/dev/sda1: 27127619584
overlay: 27127619584

1735223424
/dev/sda1: 27128926208
overlay: 27128926208

1735223425
/dev/sda1: 27129262080
overlay: 27129262080

1735223426
/dev/sda1: 27136016384
overlay: 27136016384

1735223428
/dev/sda1: 27141509120
overlay: 27141509120

1735223429
/dev/sda1: 27141910528
overlay: 27141910528

1735223430
/dev/sda1: 27143524352
overlay: 27143524352

1735223431
/dev/sda1: 27146485760
overlay: 27146485760

1735223433
/dev/sda1: 27150483456
overlay: 27150483456

1735223435
/dev/sda1: 27156045824
overlay: 27156045824

1735223436
/dev/sda1: 27158319104
overlay: 27158319104

1735223437
/dev/sda1: 27160100864
overlay: 27160100864

1735223438
/dev/sda1: 27161149440
overlay: 27161149440

1735223439
/dev/sda1: 27163332608
overlay: 27163332608

1735223440
/dev/sda1: 27164835840
overlay: 27164835840

1735223441
/dev/sda1: 27166420992
overlay: 27166420992

1735223442
/dev/sda1: 27168063488
overlay: 27168063488

1735223443
/dev/sda1: 27170725888
overlay: 27170725888

1735223444
/dev/sda1: 27213713408
overlay: 27213713408

1735223445
/dev/sda1: 27217702912
overlay: 27217702912

1735223446
/dev/sda1: 27227582464
overlay: 27227582464

1735223447
/dev/sda1: 27239968768
overlay: 27239968768

1735223448
/dev/sda1: 27308126208
overlay: 27308126208

1735223449
/dev/sda1: 27425222656
overlay: 27425222656

1735223450
/dev/sda1: 27518013440
overlay: 27518013440

1735223452
/dev/sda1: 27584126976
overlay: 27584126976

1735223453
/dev/sda1: 27585048576
overlay: 27585048576

1735223455
/dev/sda1: 27586146304
overlay: 27586146304

1735223456
/dev/sda1: 27655008256
overlay: 27655008256

1735223458
/dev/sda1: 27717595136
overlay: 27717595136

1735223460
/dev/sda1: 27752587264
overlay: 27752587264

1735223461
/dev/sda1: 27780902912
overlay: 27780902912

1735223463
/dev/sda1: 27815301120
overlay: 27815301120

1735223464
/dev/sda1: 27864186880
overlay: 27864186880

1735223466
/dev/sda1: 27910397952
overlay: 27910397952

1735223468
/dev/sda1: 27953373184
overlay: 27953373184

1735223469
/dev/sda1: 27984728064
overlay: 27984728064

1735223470
/dev/sda1: 28022509568
overlay: 28022509568

1735223472
/dev/sda1: 28082831360
overlay: 28082831360

1735223474
/dev/sda1: 28136230912
overlay: 28136230912

1735223476
/dev/sda1: 28188581888
overlay: 28188585984

1735223479
/dev/sda1: 28278558720
overlay: 28278558720

1735223480
/dev/sda1: 28313989120
overlay: 28313989120

1735223481
/dev/sda1: 28356743168
overlay: 28356743168

1735223483
/dev/sda1: 28420091904
overlay: 28420091904

1735223485
/dev/sda1: 28475244544
overlay: 28475248640

1735223486
/dev/sda1: 28512444416
overlay: 28512444416

1735223488
/dev/sda1: 28563185664
overlay: 28563185664

1735223489
/dev/sda1: 28569366528
overlay: 28569370624

1735223490
/dev/sda1: 28615008256
overlay: 28615008256

1735223492
/dev/sda1: 28703416320
overlay: 28703416320

1735223494
/dev/sda1: 28715786240
overlay: 28715786240

1735223496
/dev/sda1: 28782637056
overlay: 28782637056

1735223499
/dev/sda1: 28838432768
overlay: 28838432768

1735223501
/dev/sda1: 28924121088
overlay: 28924121088

1735223502
/dev/sda1: 28959318016
overlay: 28959318016

1735223504
/dev/sda1: 28993699840
overlay: 28993699840

1735223506
/dev/sda1: 29039874048
overlay: 29039874048

1735223507
/dev/sda1: 29089804288
overlay: 29089804288

1735223509
/dev/sda1: 29154762752
overlay: 29154762752

1735223511
/dev/sda1: 29211373568
overlay: 29211377664

1735223512
/dev/sda1: 29237235712
overlay: 29237235712

1735223513
/dev/sda1: 29274152960
overlay: 29274152960

1735223515
/dev/sda1: 29322223616
overlay: 29322223616

1735223516
/dev/sda1: 29353017344
overlay: 29353021440

1735223517
/dev/sda1: 29390811136
overlay: 29390815232

1735223518
/dev/sda1: 29430980608
overlay: 29430935552

1735223520
/dev/sda1: 29493538816
overlay: 29493538816

1735223522
/dev/sda1: 29526605824
overlay: 29526605824

1735223524
/dev/sda1: 29570658304
overlay: 29570715648

1735223526
/dev/sda1: 29613314048
overlay: 29613314048

1735223527
/dev/sda1: 29648867328
overlay: 29648867328

1735223529
/dev/sda1: 29698641920
overlay: 29698641920

1735223531
/dev/sda1: 29744164864
overlay: 29744164864

1735223532
/dev/sda1: 29782048768
overlay: 29782048768

1735223533
/dev/sda1: 29819785216
overlay: 29819785216

1735223534
/dev/sda1: 29845762048
overlay: 29845762048

1735223536
/dev/sda1: 29891948544
overlay: 29891948544

1735223538
/dev/sda1: 29934850048
overlay: 29934850048

1735223540
/dev/sda1: 29963096064
overlay: 29963096064

1735223541
/dev/sda1: 29984206848
overlay: 29984206848

1735223542
/dev/sda1: 29987459072
overlay: 29987459072

1735223543
/dev/sda1: 29989793792
overlay: 29989793792

1735223544
/dev/sda1: 29990965248
overlay: 29990965248

1735223546
/dev/sda1: 29994344448
overlay: 29994344448

1735223547
/dev/sda1: 30004727808
overlay: 30004727808

1735223548
/dev/sda1: 30007545856
overlay: 30007545856

1735223549
/dev/sda1: 30009569280
overlay: 30009569280

1735223551
/dev/sda1: 30011265024
overlay: 30011265024

1735223552
/dev/sda1: 30014259200
overlay: 30014259200

1735223554
/dev/sda1: 30016741376
overlay: 30016741376

1735223555
/dev/sda1: 30016483328
overlay: 30016483328

1735223556
/dev/sda1: 30017961984
overlay: 30017961984

1735223558
/dev/sda1: 30019653632
overlay: 30019653632

1735223559
/dev/sda1: 30020321280
overlay: 30020321280

1735223560
/dev/sda1: 30021775360
overlay: 30021775360

1735223561
/dev/sda1: 30022197248
overlay: 30022197248

1735223562
/dev/sda1: 30023151616
overlay: 30023151616

1735223563
/dev/sda1: 30023630848
overlay: 30023630848

1735223564
/dev/sda1: 30024876032
overlay: 30024876032

1735223565
/dev/sda1: 30027714560
overlay: 30027714560

1735223567
/dev/sda1: 30029393920
overlay: 30029393920

1735223569
/dev/sda1: 30033735680
overlay: 30033735680

1735223570
/dev/sda1: 30055849984
overlay: 30055854080

1735223571
/dev/sda1: 30098546688
overlay: 30098546688

1735223572
/dev/sda1: 30111019008
overlay: 30111019008

1735223573
/dev/sda1: 30163210240
overlay: 30163218432

1735223574
/dev/sda1: 30244720640
overlay: 30244720640

1735223576
/dev/sda1: 30346752000
overlay: 30346752000

1735223578
/dev/sda1: 30408622080
overlay: 30408622080

1735223580
/dev/sda1: 30450733056
overlay: 30450733056

1735223582
/dev/sda1: 30536982528
overlay: 30536982528

1735223584
/dev/sda1: 30605381632
overlay: 30605381632

1735223586
/dev/sda1: 30640713728
overlay: 30640713728

1735223587
/dev/sda1: 30643097600
overlay: 30643097600

1735223588
/dev/sda1: 30686466048
overlay: 30686466048

1735223590
/dev/sda1: 30703075328
overlay: 30703075328

1735223591
/dev/sda1: 30777192448
overlay: 30777192448

1735223593
/dev/sda1: 30812426240
overlay: 30812426240

1735223594
/dev/sda1: 30887452672
overlay: 30887452672

1735223596
/dev/sda1: 30903762944
overlay: 30903762944

1735223598
/dev/sda1: 30903443456
overlay: 30903443456

1735223599
/dev/sda1: 30905815040
overlay: 30905815040

1735223600
/dev/sda1: 30906441728
overlay: 30906441728

1735223602
/dev/sda1: 30909075456
overlay: 30909075456

1735223603
/dev/sda1: 30911492096
overlay: 30911492096

1735223604
/dev/sda1: 30913110016
overlay: 30913110016

1735223605
/dev/sda1: 30914400256
overlay: 30914400256

1735223606
/dev/sda1: 30914895872
overlay: 30914895872

1735223607
/dev/sda1: 30915244032
overlay: 30915244032

1735223609
/dev/sda1: 30916399104
overlay: 30916399104

1735223611
/dev/sda1: 30917378048
overlay: 30917378048

1735223612
/dev/sda1: 30917890048
overlay: 30917890048

1735223613
/dev/sda1: 30919323648
overlay: 30919323648

1735223614
/dev/sda1: 30919950336
overlay: 30919950336

1735223616
/dev/sda1: 30928470016
overlay: 30928470016

1735223617
/dev/sda1: 30930264064
overlay: 30930264064

1735223618
/dev/sda1: 30930096128
overlay: 30930096128

1735223619
/dev/sda1: 30930206720
overlay: 30930206720

1735223621
/dev/sda1: 30935683072
overlay: 30935683072

1735223622
/dev/sda1: 30941474816
overlay: 30941474816

1735223623
/dev/sda1: 30944055296
overlay: 30944055296

1735223624
/dev/sda1: 30945320960
overlay: 30945320960

1735223626
/dev/sda1: 30974390272
overlay: 30974390272

1735223627
/dev/sda1: 30999093248
overlay: 30999093248

1735223628
/dev/sda1: 31014445056
overlay: 31014445056

1735223629
/dev/sda1: 31030239232
overlay: 31030239232

1735223631
/dev/sda1: 31076446208
overlay: 31076446208

1735223632
/dev/sda1: 31080226816
overlay: 31080226816

1735223633
/dev/sda1: 31084937216
overlay: 31084937216

1735223635
/dev/sda1: 31084044288
overlay: 31084044288

1735223636
/dev/sda1: 31085764608
overlay: 31085764608

1735223637
/dev/sda1: 31087214592
overlay: 31087214592

1735223638
/dev/sda1: 31087357952
overlay: 31087357952

1735223639
/dev/sda1: 31088857088
overlay: 31088857088

1735223640
/dev/sda1: 31088726016
overlay: 31088726016

1735223642
/dev/sda1: 31096274944
overlay: 31096274944

1735223643
/dev/sda1: 31098601472
overlay: 31098601472

1735223644
/dev/sda1: 31099023360
overlay: 31099023360

1735223646
/dev/sda1: 31100289024
overlay: 31100289024

1735223647
/dev/sda1: 31100923904
overlay: 31100923904

1735223648
/dev/sda1: 31101399040
overlay: 31101399040

1735223649
/dev/sda1: 31102124032
overlay: 31102124032

1735223651
/dev/sda1: 31103741952
overlay: 31103741952

1735223652
/dev/sda1: 31104851968
overlay: 31104851968

1735223653
/dev/sda1: 31104188416
overlay: 31104188416

1735223654
/dev/sda1: 31104671744
overlay: 31104671744

1735223655
/dev/sda1: 31105257472
overlay: 31105257472

1735223656
/dev/sda1: 31105830912
overlay: 31105830912

1735223657
/dev/sda1: 31106506752
overlay: 31106506752

1735223658
/dev/sda1: 31107158016
overlay: 31107158016

1735223660
/dev/sda1: 31109255168
overlay: 31109255168

1735223662
/dev/sda1: 31109722112
overlay: 31109722112

1735223663
/dev/sda1: 31110021120
overlay: 31110021120

1735223664
/dev/sda1: 31110795264
overlay: 31110795264

1735223665
/dev/sda1: 31111475200
overlay: 31111475200

1735223666
/dev/sda1: 31111745536
overlay: 31111745536

1735223667
/dev/sda1: 31112454144
overlay: 31112454144

1735223668
/dev/sda1: 31112548352
overlay: 31112548352

1735223669
/dev/sda1: 31112781824
overlay: 31112781824

1735223670
/dev/sda1: 31113314304
overlay: 31113314304

1735223671
/dev/sda1: 31114567680
overlay: 31114567680

1735223672
/dev/sda1: 31115571200
overlay: 31115571200

1735223673
/dev/sda1: 31115988992
overlay: 31115988992

1735223674
/dev/sda1: 31116525568
overlay: 31116525568

1735223675
/dev/sda1: 31116910592
overlay: 31116910592

1735223676
/dev/sda1: 31117557760
overlay: 31117557760

1735223677
/dev/sda1: 31118057472
overlay: 31118057472

1735223678
/dev/sda1: 31118839808
overlay: 31118839808

1735223679
/dev/sda1: 31119224832
overlay: 31119224832

1735223680
/dev/sda1: 31119679488
overlay: 31119679488

1735223681
/dev/sda1: 31120519168
overlay: 31120519168

1735223682
/dev/sda1: 31120949248
overlay: 31120949248

1735223683
/dev/sda1: 31121891328
overlay: 31121891328

1735223684
/dev/sda1: 31122718720
overlay: 31122718720

1735223685
/dev/sda1: 31123697664
overlay: 31123697664

1735223686
/dev/sda1: 31124242432
overlay: 31124242432

1735223687
/dev/sda1: 31124979712
overlay: 31124979712

1735223688
/dev/sda1: 31125557248
overlay: 31125557248

1735223689
/dev/sda1: 31126171648
overlay: 31126171648

1735223690
/dev/sda1: 31126679552
overlay: 31126679552

1735223691
/dev/sda1: 31127126016
overlay: 31127126016

1735223692
/dev/sda1: 31127887872
overlay: 31127887872

1735223693
/dev/sda1: 31129128960
overlay: 31129128960

1735223694
/dev/sda1: 31129649152
overlay: 31129649152

1735223695
/dev/sda1: 31130259456
overlay: 31130259456

1735223696
/dev/sda1: 31130759168
overlay: 31130759168

1735223697
/dev/sda1: 31131226112
overlay: 31131226112

1735223698
/dev/sda1: 31131762688
overlay: 31131762688

1735223699
/dev/sda1: 31139192832
overlay: 31139192832

1735223700
/dev/sda1: 31141191680
overlay: 31141191680

1735223701
/dev/sda1: 31142498304
overlay: 31142498304

1735223703
/dev/sda1: 31144062976
overlay: 31144062976

1735223704
/dev/sda1: 31144321024
overlay: 31144321024

1735223705
/dev/sda1: 31144591360
overlay: 31144591360

1735223706
/dev/sda1: 31144857600
overlay: 31144857600

1735223707
/dev/sda1: 31146123264
overlay: 31146123264

1735223708
/dev/sda1: 31146582016
overlay: 31146582016

1735223709
/dev/sda1: 31148990464
overlay: 31148990464

1735223710
/dev/sda1: 31161962496
overlay: 31161962496

1735223711
/dev/sda1: 31166971904
overlay: 31166971904

1735223712
/dev/sda1: 31171735552
overlay: 31171735552

1735223713
/dev/sda1: 31175802880
overlay: 31175802880

1735223714
/dev/sda1: 31175294976
overlay: 31175294976

1735223715
/dev/sda1: 31172009984
overlay: 31172009984

1735223716
/dev/sda1: 31172706304
overlay: 31172706304

1735223717
/dev/sda1: 31174844416
overlay: 31174844416

1735223718
/dev/sda1: 31183540224
overlay: 31183540224

1735223719
/dev/sda1: 31193960448
overlay: 31193960448

1735223720
/dev/sda1: 31195787264
overlay: 31195787264

1735223721
/dev/sda1: 31199625216
overlay: 31199625216

1735223722
/dev/sda1: 31201345536
overlay: 31201345536

1735223723
/dev/sda1: 31203971072
overlay: 31203971072

1735223724
/dev/sda1: 31207665664
overlay: 31207665664

1735223725
/dev/sda1: 31206629376
overlay: 31206629376

1735223726
/dev/sda1: 31207182336
overlay: 31207182336

1735223727
/dev/sda1: 31207985152
overlay: 31207985152

1735223728
/dev/sda1: 31208701952
overlay: 31208701952

1735223729
/dev/sda1: 31208988672
overlay: 31208988672

1735223730
/dev/sda1: 31210766336
overlay: 31210766336

1735223731
/dev/sda1: 31213473792
overlay: 31213473792

1735223732
/dev/sda1: 31216750592
overlay: 31216750592

1735223733
/dev/sda1: 31223644160
overlay: 31223644160

1735223734
/dev/sda1: 31228129280
overlay: 31228129280

1735223736
/dev/sda1: 31237210112
overlay: 31237210112

1735223737
/dev/sda1: 31238500352
overlay: 31238500352

1735223738
/dev/sda1: 31242035200
overlay: 31242035200

1735223739
/dev/sda1: 31242391552
overlay: 31242391552

1735223740
/dev/sda1: 31245283328
overlay: 31245283328

1735223741
/dev/sda1: 31247179776
overlay: 31247179776

1735223742
/dev/sda1: 31250714624
overlay: 31250714624

1735223743
/dev/sda1: 31256403968
overlay: 31256403968

1735223744
/dev/sda1: 31257251840
overlay: 31257251840

1735223745
/dev/sda1: 31260033024
overlay: 31260033024

1735223746
/dev/sda1: 31260606464
overlay: 31260606464

1735223747
/dev/sda1: 31263522816
overlay: 31263522816

1735223748
/dev/sda1: 31267770368
overlay: 31267770368

1735223749
/dev/sda1: 31269679104
overlay: 31269679104

1735223750
/dev/sda1: 31272292352
overlay: 31272292352

1735223751
/dev/sda1: 31275622400
overlay: 31275622400

1735223752
/dev/sda1: 31284699136
overlay: 31284699136

1735223753
/dev/sda1: 31284555776
overlay: 31284555776

1735223755
/dev/sda1: 31310000128
overlay: 31310000128

1735223756
/dev/sda1: 31353425920
overlay: 31353425920

1735223758
/dev/sda1: 31356104704
overlay: 31356104704

1735223759
/dev/sda1: 31365648384
overlay: 31365648384

1735223760
/dev/sda1: 31377780736
overlay: 31377780736

1735223761
/dev/sda1: 31378141184
overlay: 31378141184

1735223762
/dev/sda1: 31392997376
overlay: 31392997376

1735223764
/dev/sda1: 31415730176
overlay: 31415730176

1735223765
/dev/sda1: 31475060736
overlay: 31475060736

1735223766
/dev/sda1: 31495024640
overlay: 31495024640

1735223768
/dev/sda1: 31496929280
overlay: 31496929280

1735223769
/dev/sda1: 31512678400
overlay: 31512678400

1735223770
/dev/sda1: 31522197504
overlay: 31522197504

1735223772
/dev/sda1: 31519965184
overlay: 31519965184

