1735223258
4006768 456996 324132 1593376 0 0

1735223259
4006768 444528 324264 1597004 0 0

1735223260
4006768 304068 324288 1598308 0 0

1735223261
4006768 296680 324296 1607192 0 0

1735223262
4006768 233016 324312 1658048 0 0

1735223263
4006768 231068 324324 1679200 0 0

1735223264
4006768 187324 324340 1693324 0 0

1735223265
4006768 206916 324480 1708752 0 0

1735223266
4006768 136488 324624 1722048 0 0

1735223267
4006768 145104 324624 1732756 0 0

1735223268
4006768 130796 324644 1742368 0 0

1735223269
4006768 128056 324644 1746772 0 0

1735223270
4006768 117912 324644 1737236 0 0

1735223271
4006768 127916 324140 1763088 0 0

1735223272
4006768 110200 318252 1742532 0 0

1735223273
4006768 119640 316968 1732496 0 0

1735223274
4006768 141564 315756 1731696 0 0

1735223275
4006768 130916 315816 1733912 0 0

1735223276
4006768 145368 315988 1746388 0 0

1735223277
4006768 128108 313672 1721516 0 0

1735223278
4006768 158556 307268 1652768 0 0

1735223279
4006768 175128 305756 1639824 0 0

1735223280
4006768 205756 305792 1652004 0 0

1735223281
4006768 182996 305844 1664104 0 0

1735223282
4006768 181540 305868 1674124 0 0

1735223283
4006768 173064 305924 1682636 0 0

1735223284
4006768 171268 306028 1692396 0 0

1735223285
4006768 168772 306124 1705296 0 0

1735223286
4006768 137936 306220 1717188 0 0

1735223287
4006768 112756 306264 1726056 0 0

1735223288
4006768 135144 304760 1716200 0 0

1735223289
4006768 128584 304788 1724488 0 0

1735223290
4006768 119268 304808 1732196 0 0

1735223291
4006768 111184 304824 1738836 0 0

1735223292
4006768 124236 302280 1729228 0 0

1735223293
4006768 119712 300292 1720644 0 0

1735223294
4006768 152912 298380 1710612 0 0

1735223295
4006768 142232 298388 1717124 0 0

1735223296
4006768 124796 298388 1724648 0 0

1735223297
4006768 116876 298400 1733240 0 0

1735223298
4006768 115620 298096 1739100 0 0

1735223299
4006768 109668 297100 1738888 0 0

1735223300
4006768 118936 295192 1733824 0 0

1735223301
4006768 129244 293252 1724408 0 0

1735223302
4006768 122172 293252 1731584 0 0

1735223303
4006768 126508 291280 1720780 0 0

1735223304
4006768 110988 291292 1725060 0 0

1735223305
4006768 126624 287364 1700844 0 0

1735223306
4006768 181172 287372 1705696 0 0

1735223307
4006768 168280 287644 1720300 0 0

1735223308
4006768 149268 287668 1726880 0 0

1735223309
4006768 137044 287692 1732992 0 0

1735223310
4006768 302556 278848 1459232 0 0

1735223311
4006768 277252 278864 1465696 0 0

1735223312
4006768 248492 278872 1470040 0 0

1735223313
4006768 173240 278888 1475688 0 0

1735223314
4006768 176932 274392 1444176 0 0

1735223315
4006768 222008 274412 1449540 0 0

1735223316
4006768 140324 274616 1459744 0 0

1735223317
4006768 142292 272824 1443212 0 0

1735223318
4006768 112300 271080 1434716 0 0

1735223319
4006768 192960 264788 1383764 0 0

1735223320
4006768 111236 261720 1369500 0 0

1735223321
4006768 121212 254976 1331660 0 0

1735223322
4006768 227500 250756 1311336 0 0

1735223323
4006768 132244 250772 1314604 0 0

1735223324
4006768 221676 250780 1319700 0 0

1735223325
4006768 255280 250784 1322804 0 0

1735223326
4006768 231256 250824 1328632 0 0

1735223327
4006768 228564 251112 1348204 0 0

1735223328
4006768 268956 251220 1360544 0 0

1735223329
4006768 377500 251232 1368964 0 0

1735223330
4006768 445112 251364 1382980 0 0

1735223331
4006768 428664 251412 1403148 0 0

1735223332
4006768 269980 251548 1412500 0 0

1735223333
4006768 146692 249212 1406704 0 0

1735223334
4006768 149112 249212 1411704 0 0

1735223335
4006768 153424 243068 1379204 0 0

1735223336
4006768 109948 229120 1307840 0 0

1735223337
4006768 374896 229120 1322240 0 0

1735223338
4006768 410248 229268 1329636 0 0

1735223339
4006768 519316 229368 1333388 0 0

1735223340
4006768 498804 229376 1337204 0 0

1735223341
4006768 477324 229412 1349848 0 0

1735223342
4006768 455580 229444 1361768 0 0

1735223343
4006768 421504 230192 1393332 0 0

1735223344
4006768 423976 230216 1409240 0 0

1735223345
4006768 445160 232884 1504536 0 0

1735223346
4006768 421864 232996 1537780 0 0

1735223347
4006768 324348 233688 1616032 0 0

1735223348
4006768 154344 233704 1627708 0 0

1735223349
4006768 113060 231384 1606680 0 0

1735223350
4006768 114904 225148 1550968 0 0

1735223351
4006768 172204 217680 1453744 0 0

1735223352
4006768 271452 217688 1456288 0 0

1735223353
4006768 361044 217712 1458352 0 0

1735223354
4006768 373680 217744 1460428 0 0

1735223355
4006768 347004 217748 1465448 0 0

1735223356
4006768 325912 217780 1475560 0 0

1735223357
4006768 304980 217780 1490208 0 0

1735223358
4006768 296720 217784 1494100 0 0

1735223359
4006768 435072 217828 1500304 0 0

1735223360
4006768 412768 217844 1509880 0 0

1735223361
4006768 428304 217864 1512460 0 0

1735223362
4006768 404576 217876 1521048 0 0

1735223363
4006768 402684 217888 1528656 0 0

1735223364
4006768 389224 217896 1536520 0 0

1735223365
4006768 383460 217904 1548396 0 0

1735223366
4006768 354008 217940 1551864 0 0

1735223367
4006768 398980 218116 1556900 0 0

1735223368
4006768 384756 218184 1559420 0 0

1735223369
4006768 379356 218264 1562576 0 0

1735223370
4006768 370172 218584 1573656 0 0

1735223371
4006768 357920 218612 1585360 0 0

1735223372
4006768 350272 218640 1587584 0 0

1735223373
4006768 356224 218668 1589608 0 0

1735223374
4006768 374268 218676 1591880 0 0

1735223375
4006768 242352 218680 1679736 0 0

1735223376
4006768 109940 217524 1782260 0 0

1735223377
4006768 116896 214020 1779592 0 0

1735223378
4006768 133432 211400 1771712 0 0

1735223379
4006768 158060 209464 1753552 0 0

1735223380
4006768 149184 209788 1756792 0 0

1735223381
4006768 162048 209924 1758124 0 0

1735223383
4006768 135920 210228 1761448 0 0

1735223384
4006768 127904 210428 1764104 0 0

1735223385
4006768 131304 208876 1752072 0 0

1735223386
4006768 129600 208900 1754128 0 0

1735223387
4006768 124752 205528 1728536 0 0

1735223388
4006768 139176 205568 1736140 0 0

1735223389
4006768 131096 205584 1742592 0 0

1735223390
4006768 129404 205708 1752396 0 0

1735223391
4006768 125204 204544 1764488 0 0

1735223392
4006768 111240 204668 1767800 0 0

1735223393
4006768 126736 200472 1763816 0 0

1735223394
4006768 111644 193828 1760236 0 0

1735223395
4006768 133832 185836 1719088 0 0

1735223396
4006768 124824 185168 1743732 0 0

1735223397
4006768 119092 183340 1726324 0 0

1735223398
4006768 118412 183344 1727972 0 0

1735223399
4006768 120264 182292 1703216 0 0

1735223400
4006768 126528 182340 1706780 0 0

1735223401
4006768 188356 183052 1721820 0 0

1735223402
4006768 199704 184240 1731200 0 0

1735223403
4006768 134168 181172 1684728 0 0

1735223404
4006768 120728 181172 1687188 0 0

1735223405
4006768 119896 172536 1585100 0 0

1735223406
4006768 168716 172560 1591716 0 0

1735223407
4006768 183476 172584 1598756 0 0

1735223408
4006768 143112 172600 1605548 0 0

1735223409
4006768 136280 170052 1577624 0 0

1735223410
4006768 160588 170092 1583044 0 0

1735223411
4006768 150320 170104 1590000 0 0

1735223412
4006768 156288 170112 1604088 0 0

1735223413
4006768 150528 170112 1614668 0 0

1735223414
4006768 164116 170128 1621128 0 0

1735223415
4006768 193712 170140 1627772 0 0

1735223416
4006768 168156 170140 1634588 0 0

1735223417
4006768 202152 170164 1640792 0 0

1735223418
4006768 151928 170200 1646244 0 0

1735223419
4006768 124800 170204 1653444 0 0

1735223420
4006768 191552 170216 1658192 0 0

1735223421
4006768 157764 170356 1660584 0 0

1735223422
4006768 174204 170588 1666508 0 0

1735223423
4006768 105716 169436 1651840 0 0

1735223424
4006768 185908 167136 1622856 0 0

1735223425
4006768 124112 161156 1546172 0 0

1735223426
4006768 143048 159988 1539184 0 0

1735223427
4006768 115556 160144 1539220 0 0

1735223428
4006768 252016 160468 1545476 0 0

1735223429
4006768 250072 160556 1546728 0 0

1735223430
4006768 219020 160584 1548564 0 0

1735223431
4006768 248764 160616 1551204 0 0

1735223432
4006768 254136 160652 1555280 0 0

1735223433
4006768 245140 160660 1556880 0 0

1735223434
4006768 212712 160704 1560020 0 0

1735223435
4006768 119816 159588 1547932 0 0

1735223436
4006768 175024 159612 1550048 0 0

1735223437
4006768 272744 159744 1552148 0 0

1735223438
4006768 225792 159772 1554728 0 0

1735223439
4006768 275608 159784 1557748 0 0

1735223440
4006768 260932 159868 1559420 0 0

1735223441
4006768 283532 159924 1561336 0 0

1735223442
4006768 266300 160092 1563844 0 0

1735223443
4006768 282172 160232 1566176 0 0

1735223444
4006768 256692 161020 1610776 0 0

1735223445
4006768 248196 161464 1616116 0 0

1735223446
4006768 267308 162020 1626188 0 0

1735223447
4006768 239160 162428 1637908 0 0

1735223448
4006768 157756 164396 1653188 0 0

1735223449
4006768 150052 164860 1609652 0 0

1735223450
4006768 186012 161220 1584796 0 0

1735223451
4006768 152608 164888 1591132 0 0

1735223452
4006768 156828 165444 1574328 0 0

1735223453
4006768 138028 164320 1555160 0 0

1735223454
4006768 206672 161936 1502344 0 0

1735223455
4006768 195732 161936 1502912 0 0

1735223456
4006768 117320 164720 1547580 0 0

1735223457
4006768 162512 164772 1538688 0 0

1735223458
4006768 163620 166500 1582548 0 0

1735223459
4006768 151916 167100 1591776 0 0

1735223460
4006768 106076 167268 1607908 0 0

1735223461
4006768 190652 161632 1522896 0 0

1735223462
4006768 142324 162240 1545908 0 0

1735223463
4006768 115936 162588 1567684 0 0

1735223464
4006768 135240 162172 1584680 0 0

1735223465
4006768 128384 160552 1579944 0 0

1735223466
4006768 148864 159964 1588568 0 0

1735223467
4006768 204400 155344 1554068 0 0

1735223468
4006768 185624 155648 1583620 0 0

1735223469
4006768 132124 155028 1593284 0 0

1735223470
4006768 124788 153548 1605044 0 0

1735223471
4006768 117916 153816 1636604 0 0

1735223472
4006768 249896 146216 1556484 0 0

1735223473
4006768 225136 146276 1571520 0 0

1735223474
4006768 165680 146608 1618316 0 0

1735223475
4006768 144664 145676 1596872 0 0

1735223476
4006768 313992 138584 1419576 0 0

1735223478
4006768 334876 140304 1485036 0 0

1735223479
4006768 301280 141124 1513988 0 0

1735223481
4006768 196784 143448 1581212 0 0

1735223482
4006768 192600 144692 1612848 0 0

1735223483
4006768 140144 145760 1646380 0 0

1735223484
4006768 120012 145960 1657480 0 0

1735223485
4006768 117980 146012 1664996 0 0

1735223486
4006768 139204 146464 1679964 0 0

1735223487
4006768 118660 144728 1658840 0 0

1735223488
4006768 140324 142056 1615824 0 0

1735223489
4006768 170736 142176 1621624 0 0

1735223490
4006768 148800 142616 1644916 0 0

1735223491
4006768 127544 143892 1678784 0 0

1735223492
4006768 125364 143884 1645108 0 0

1735223493
4006768 130356 144740 1638812 0 0

1735223494
4006768 153336 144860 1640824 0 0

1735223496
4006768 159084 146432 1581012 0 0

1735223497
4006768 157024 148056 1595448 0 0

1735223498
4006768 114708 149516 1631308 0 0

1735223499
4006768 133916 149716 1614788 0 0

1735223501
4006768 149544 153176 1621680 0 0

1735223502
4006768 106780 154936 1637384 0 0

1735223503
4006768 134972 156460 1600540 0 0

1735223504
4006768 139316 157700 1606424 0 0

1735223505
4006768 139392 159640 1606072 0 0

1735223507
4006768 152116 161576 1584448 0 0

1735223508
4006768 126224 162412 1597600 0 0

1735223509
4006768 122000 163228 1600576 0 0

1735223510
4006768 117604 163632 1564000 0 0

1735223511
4006768 113364 164328 1586132 0 0

1735223512
4006768 112924 164728 1589856 0 0

1735223513
4006768 115928 165240 1576000 0 0

1735223514
4006768 140508 165628 1586876 0 0

1735223515
4006768 119988 166440 1622428 0 0

1735223516
4006768 121468 166728 1606924 0 0

1735223517
4006768 142488 167112 1614828 0 0

1735223518
4006768 111164 167412 1645060 0 0

1735223519
4006768 121332 168096 1631876 0 0

1735223520
4006768 103544 168748 1583084 0 0

1735223521
4006768 146124 168836 1547268 0 0

1735223522
4006768 202616 168848 1548072 0 0

1735223523
4006768 189420 168860 1547856 0 0

1735223524
4006768 146956 169540 1585144 0 0

1735223525
4006768 203296 168768 1516568 0 0

1735223527
4006768 159592 169712 1558160 0 0

1735223528
4006768 165396 170740 1600688 0 0

1735223529
4006768 150392 170796 1607840 0 0

1735223530
4006768 222356 169624 1568908 0 0

1735223531
4006768 168400 171636 1609900 0 0

1735223532
4006768 148228 171420 1633220 0 0

1735223534
4006768 155160 168040 1599092 0 0

1735223535
4006768 114408 167296 1557856 0 0

1735223536
4006768 204736 168324 1580976 0 0

1735223537
4006768 197588 169004 1592660 0 0

1735223538
4006768 119488 171040 1608416 0 0

1735223539
4006768 207260 168824 1477788 0 0

1735223540
4006768 245824 171620 1511720 0 0

1735223542
4006768 163172 171616 1496760 0 0

1735223543
4006768 186108 171844 1479036 0 0

1735223544
4006768 191436 171780 1464736 0 0

1735223545
4006768 145188 171808 1455616 0 0

1735223547
4006768 199080 172180 1460528 0 0

1735223548
4006768 224404 172788 1460496 0 0

1735223549
4006768 216844 172924 1453624 0 0

1735223551
4006768 178896 172616 1432472 0 0

1735223552
4006768 219220 172632 1430120 0 0

1735223553
4006768 156600 172816 1431868 0 0

1735223554
4006768 194860 172820 1430084 0 0

1735223555
4006768 180164 172780 1424760 0 0

1735223556
4006768 205004 172836 1425936 0 0

1735223557
4006768 211340 172872 1427784 0 0

1735223558
4006768 244796 172936 1430300 0 0

1735223559
4006768 221376 173108 1430896 0 0

1735223560
4006768 146908 173140 1432868 0 0

1735223561
4006768 240232 173264 1433428 0 0

1735223562
4006768 192764 173312 1435916 0 0

1735223563
4006768 129856 173336 1445512 0 0

1735223564
4006768 119100 172380 1381080 0 0

1735223565
4006768 148664 168040 1306044 0 0

1735223566
4006768 122976 168164 1308176 0 0

1735223567
4006768 115388 167604 1279388 0 0

1735223568
4006768 141124 164344 1259348 0 0

1735223569
4006768 164224 162832 1223292 0 0

1735223570
4006768 112108 156664 1172428 0 0

1735223571
4006768 232464 152012 1112284 0 0

1735223572
4006768 215652 152704 1129156 0 0

1735223573
4006768 166332 152928 1179096 0 0

1735223574
4006768 182392 153108 1201564 0 0

1735223576
4006768 165420 154196 1190008 0 0

1735223577
4006768 168976 155348 1232256 0 0

1735223578
4006768 144132 156584 1271524 0 0

1735223579
4006768 140204 158680 1279664 0 0

1735223580
4006768 127020 158868 1285752 0 0

1735223581
4006768 121300 158940 1286560 0 0

1735223582
4006768 119144 160004 1262540 0 0

1735223583
4006768 144912 158644 1288148 0 0

1735223584
4006768 122956 159316 1298864 0 0

1735223585
4006768 106824 159792 1291552 0 0

1735223587
4006768 213968 158936 1253384 0 0

1735223588
4006768 134832 160236 1291900 0 0

1735223589
4006768 153176 160660 1306820 0 0

1735223590
4006768 126160 161032 1314668 0 0

1735223591
4006768 157584 148840 1318988 0 0

1735223592
4006768 156224 149776 1322652 0 0

1735223593
4006768 120056 150364 1350736 0 0

1735223594
4006768 142048 147956 1355220 0 0

1735223595
4006768 121260 148152 1360640 0 0

1735223596
4006768 131628 148364 1350964 0 0

1735223597
4006768 131036 148452 1351564 0 0

1735223598
4006768 123916 148496 1352128 0 0

1735223599
4006768 147196 148060 1320500 0 0

1735223600
4006768 131548 148512 1322472 0 0

1735223601
4006768 129340 148800 1326364 0 0

1735223602
4006768 128496 149460 1327548 0 0

1735223603
4006768 170732 147620 1315632 0 0

1735223604
4006768 115088 141544 1276196 0 0

1735223605
4006768 226612 139652 1158092 0 0

1735223606
4006768 232532 139692 1159208 0 0

1735223607
4006768 248596 139724 1160032 0 0

1735223608
4006768 229156 139748 1161820 0 0

1735223609
4006768 178076 139780 1162760 0 0

1735223610
4006768 233888 139796 1164192 0 0

1735223611
4006768 196620 139880 1164796 0 0

1735223612
4006768 260124 139888 1165516 0 0

1735223613
4006768 359376 139896 1167372 0 0

1735223614
4006768 325940 140088 1168016 0 0

1735223615
4006768 290860 140496 1173248 0 0

1735223616
4006768 326900 141312 1178052 0 0

1735223617
4006768 316808 142000 1179912 0 0

1735223618
4006768 182076 142032 1180708 0 0

1735223619
4006768 188624 142048 1182024 0 0

1735223620
4006768 588628 142076 1183792 0 0

1735223621
4006768 591160 142424 1188432 0 0

1735223622
4006768 599968 142528 1195404 0 0

1735223623
4006768 580956 142600 1198364 0 0

1735223624
4006768 587940 142632 1199840 0 0

1735223625
4006768 651072 143672 1204912 0 0

1735223626
4006768 588812 145092 1243372 0 0

1735223627
4006768 537444 148468 1288944 0 0

1735223628
4006768 552424 151252 1316376 0 0

1735223629
4006768 472172 154168 1345460 0 0

1735223631
4006768 342872 156476 1424304 0 0

1735223632
4006768 214916 157344 1438692 0 0

1735223633
4006768 220916 157372 1444032 0 0

1735223634
4006768 173772 157400 1442848 0 0

1735223635
4006768 129320 157408 1443800 0 0

1735223636
4006768 192024 157412 1445472 0 0

1735223637
4006768 171152 157420 1447268 0 0

1735223638
4006768 119000 157428 1447708 0 0

1735223639
4006768 151696 157460 1449440 0 0

1735223640
4006768 178472 157476 1449732 0 0

1735223641
4006768 244592 157504 1454712 0 0

1735223642
4006768 285964 157584 1457740 0 0

1735223643
4006768 273584 157660 1460076 0 0

1735223644
4006768 218860 157800 1461108 0 0

1735223645
4006768 330576 157824 1461604 0 0

1735223646
4006768 231832 157856 1462568 0 0

1735223647
4006768 365288 158128 1464740 0 0

1735223648
4006768 307592 158148 1465076 0 0

1735223649
4006768 378436 158172 1465776 0 0

1735223650
4006768 358036 158188 1467688 0 0

1735223651
4006768 281908 158196 1467736 0 0

1735223652
4006768 292736 158204 1468872 0 0

1735223653
4006768 278788 158224 1468228 0 0

1735223654
4006768 322672 158240 1468756 0 0

1735223655
4006768 298796 158252 1469704 0 0

1735223656
4006768 375332 158260 1469644 0 0

1735223657
4006768 349528 158268 1470748 0 0

1735223658
4006768 362396 158308 1471452 0 0

1735223660
4006768 115784 143856 1350744 0 0

1735223661
4006768 127812 133368 1208688 0 0

1735223662
4006768 234352 125632 1029028 0 0

1735223663
4006768 428644 126108 1029784 0 0

1735223664
4006768 176108 126172 1032744 0 0

1735223665
4006768 197012 126180 1033416 0 0

1735223666
4006768 198104 126204 1033804 0 0

1735223667
4006768 469260 126796 1034360 0 0

1735223668
4006768 427608 126932 1034792 0 0

1735223669
4006768 203900 126948 1035388 0 0

1735223670
4006768 312168 126992 992936 0 0

1735223671
4006768 466720 127020 994840 0 0

1735223672
4006768 476904 127044 996152 0 0

1735223673
4006768 640172 127064 996688 0 0

1735223674
4006768 612772 127096 997484 0 0

1735223675
4006768 467868 127112 998564 0 0

1735223676
4006768 467064 127136 999436 0 0

1735223677
4006768 393520 127164 1001180 0 0

1735223678
4006768 507324 127444 1016848 0 0

1735223679
4006768 301180 127472 1017848 0 0

1735223680
4006768 177192 127488 1018336 0 0

1735223681
4006768 516904 127512 1019244 0 0

1735223682
4006768 354780 127540 1020208 0 0

1735223683
4006768 412592 127556 1021916 0 0

1735223684
4006768 550188 127604 1023056 0 0

1735223685
4006768 520924 127624 1024532 0 0

1735223686
4006768 391860 127640 1025176 0 0

1735223687
4006768 430140 127664 1026516 0 0

1735223688
4006768 458468 127688 1027040 0 0

1735223689
4006768 574304 127720 1027844 0 0

1735223690
4006768 427412 127740 1028788 0 0

1735223691
4006768 319724 127764 1029604 0 0

1735223692
4006768 423128 127788 1030744 0 0

1735223693
4006768 535708 127816 1032844 0 0

1735223694
4006768 365872 127856 1033252 0 0

1735223695
4006768 186548 127880 1034380 0 0

1735223696
4006768 269880 127600 1004028 0 0

1735223697
4006768 191224 127620 1004696 0 0

1735223698
4006768 425044 127656 1005372 0 0

1735223699
4006768 218228 128060 1012548 0 0

1735223700
4006768 347224 128132 1014548 0 0

1735223701
4006768 533116 128140 1016040 0 0

1735223703
4006768 417428 128628 1025164 0 0

1735223704
4006768 414528 128652 1025264 0 0

1735223705
4006768 549592 128664 1025536 0 0

1735223706
4006768 557736 128700 1025900 0 0

1735223707
4006768 365160 129008 1026788 0 0

1735223708
4006768 435684 129100 1027560 0 0

1735223709
4006768 603988 129416 1029428 0 0

1735223710
4006768 810416 130252 1046068 0 0

1735223711
4006768 781772 130660 1051380 0 0

1735223712
4006768 782172 131016 1055860 0 0

1735223713
4006768 778320 131888 1059828 0 0

1735223714
4006768 717704 135188 1061992 0 0

1735223715
4006768 696608 135544 1064384 0 0

1735223716
4006768 629980 135796 1065824 0 0

1735223717
4006768 536040 136204 1072068 0 0

1735223718
4006768 508996 136592 1081992 0 0

1735223719
4006768 616824 137148 1093256 0 0

1735223720
4006768 568824 137472 1095944 0 0

1735223721
4006768 639036 137616 1102980 0 0

1735223722
4006768 468376 137720 1105480 0 0

1735223723
4006768 567384 137736 1107884 0 0

1735223724
4006768 591368 137748 1112528 0 0

1735223725
4006768 566216 137752 1112216 0 0

1735223726
4006768 454472 137764 1113356 0 0

1735223727
4006768 436556 137780 1114080 0 0

1735223728
4006768 455040 137784 1114752 0 0

1735223729
4006768 341960 137788 1115172 0 0

1735223730
4006768 430384 138132 1119680 0 0

1735223731
4006768 563784 138184 1130944 0 0

1735223732
4006768 660200 138268 1136272 0 0

1735223733
4006768 585952 138444 1142996 0 0

1735223734
4006768 534100 138496 1147452 0 0

1735223735
4006768 531720 138560 1150180 0 0

1735223736
4006768 459636 138576 1156912 0 0

1735223737
4006768 387860 138596 1158552 0 0

1735223738
4006768 479204 138608 1163628 0 0

1735223739
4006768 417524 138632 1165384 0 0

1735223740
4006768 538760 138692 1168820 0 0

1735223741
4006768 513768 138868 1170596 0 0

1735223742
4006768 449720 139288 1180396 0 0

1735223743
4006768 382536 139684 1188756 0 0

1735223744
4006768 337608 139788 1189476 0 0

1735223745
4006768 433592 139876 1192632 0 0

1735223746
4006768 192952 139952 1193104 0 0

1735223747
4006768 402292 140004 1195720 0 0

1735223748
4006768 394980 140328 1199968 0 0

1735223749
4006768 376520 140360 1203124 0 0

1735223750
4006768 129452 138344 1187000 0 0

1735223751
4006768 115484 131632 844676 0 0

1735223752
4006768 124376 123660 512224 0 0

1735223753
4006768 372408 115216 345892 0 0

1735223754
4006768 1049032 115636 348436 0 0

1735223755
4006768 740984 116520 373252 0 0

1735223756
4006768 1100320 119552 421364 0 0

1735223758
4006768 644864 120328 426404 0 0

1735223759
4006768 451684 120464 445380 0 0

1735223760
4006768 586636 120744 462396 0 0

1735223761
4006768 505420 120840 462716 0 0

1735223762
4006768 508072 121220 466032 0 0

1735223763
4006768 428208 121876 504180 0 0

1735223764
4006768 442040 122000 507540 0 0

1735223765
4006768 342120 123960 574328 0 0

1735223766
4006768 150576 124264 568676 0 0

1735223767
4006768 238596 34848 479616 0 0

1735223768
4006768 152476 35276 463384 0 0

1735223769
4006768 332776 35028 361264 0 0

1735223770
4006768 219636 36004 372352 0 0

1735223771
4006768 112200 36588 374572 0 0

1735223772
4006768 110084 7792 148176 0 0

1735223774
4006768 89324 2576 61520 0 0

