1735223258
lo: 0 0 0 0
eth0: 122154523 2765994 0 0

1735223259
lo: 0 0 0 0
eth0: 122154523 2765994 0 0

1735223260
lo: 0 0 0 0
eth0: 122357328 2780030 202805 14036

1735223261
lo: 0 0 0 0
eth0: 129945782 2956608 7588454 176578

1735223262
lo: 0 0 0 0
eth0: 139882434 3162216 9936652 205608

1735223263
lo: 0 0 0 0
eth0: 146227093 3297384 6344659 135168

1735223264
lo: 0 0 0 0
eth0: 150893225 3407311 4666132 109927

1735223265
lo: 0 0 0 0
eth0: 156228471 3526379 5335246 119068

1735223266
lo: 0 0 0 0
eth0: 160311695 3622551 4083224 96172

1735223267
lo: 0 0 0 0
eth0: 167026192 3768580 6714497 146029

1735223268
lo: 0 0 0 0
eth0: 174623066 3939774 7596874 171194

1735223269
lo: 0 0 0 0
eth0: 177964286 4014092 3341220 74318

1735223270
lo: 0 0 0 0
eth0: 178568429 4026698 604143 12606

1735223271
lo: 0 0 0 0
eth0: 179223869 4040624 655440 13926

1735223272
lo: 0 0 0 0
eth0: 179585438 4048610 361569 7986

1735223273
lo: 0 0 0 0
eth0: 179605991 4050458 20553 1848

1735223274
lo: 0 0 0 0
eth0: 181067032 4083267 1461041 32809

1735223275
lo: 0 0 0 0
eth0: 181950820 4106074 883788 22807

1735223276
lo: 0 0 0 0
eth0: 182411383 4117131 460563 11057

1735223277
lo: 0 0 0 0
eth0: 183371070 4140752 959687 23621

1735223278
lo: 0 0 0 0
eth0: 184188147 4159944 817077 19192

1735223279
lo: 0 0 0 0
eth0: 185435755 4190614 1247608 30670

1735223280
lo: 0 0 0 0
eth0: 197019844 4444853 11584089 254239

1735223281
lo: 0 0 0 0
eth0: 209092726 4780065 12072882 335212

1735223282
lo: 0 0 0 0
eth0: 218762544 4983172 9669818 203107

1735223283
lo: 0 0 0 0
eth0: 224838097 5115379 6075553 132207

1735223284
lo: 0 0 0 0
eth0: 231902844 5271847 7064747 156468

1735223285
lo: 0 0 0 0
eth0: 240076663 5446351 8173819 174504

1735223286
lo: 0 0 0 0
eth0: 248650643 5634511 8573980 188160

1735223287
lo: 0 0 0 0
eth0: 256990753 5812909 8340110 178398

1735223288
lo: 0 0 0 0
eth0: 264074649 5969593 7083896 156684

1735223289
lo: 0 0 0 0
eth0: 272042103 6140005 7967454 170412

1735223290
lo: 0 0 0 0
eth0: 279335569 6297679 7293466 157674

1735223291
lo: 0 0 0 0
eth0: 285979349 6445057 6643780 147378

1735223292
lo: 0 0 0 0
eth0: 292904770 6599760 6925421 154703

1735223293
lo: 0 0 0 0
eth0: 300694560 6773340 7789790 173580

1735223294
lo: 0 0 0 0
eth0: 307111772 6909564 6417212 136224

1735223295
lo: 0 0 0 0
eth0: 313795768 7059178 6683996 149614

1735223296
lo: 0 0 0 0
eth0: 321632352 7232572 7836584 173394

1735223297
lo: 0 0 0 0
eth0: 330346412 7430314 8714060 197742

1735223298
lo: 0 0 0 0
eth0: 338681838 7621846 8335426 191532

1735223299
lo: 0 0 0 0
eth0: 346505394 7800070 7823556 178224

1735223300
lo: 0 0 0 0
eth0: 354639282 7985596 8133888 185526

1735223301
lo: 0 0 0 0
eth0: 362012188 8153170 7372906 167574

1735223302
lo: 0 0 0 0
eth0: 369397258 8321404 7385070 168234

1735223303
lo: 0 0 0 0
eth0: 375016925 8449840 5619667 128436

1735223304
lo: 0 0 0 0
eth0: 379721645 8558410 4704720 108570

1735223305
lo: 0 0 0 0
eth0: 384311833 8665198 4590188 106788

1735223306
lo: 0 0 0 0
eth0: 389421675 8783032 5109842 117834

1735223307
lo: 0 0 0 0
eth0: 394555577 8901898 5133902 118866

1735223308
lo: 0 0 0 0
eth0: 400741975 9043864 6186398 141966

1735223309
lo: 0 0 0 0
eth0: 406833957 9181540 6091982 137676

1735223310
lo: 0 0 0 0
eth0: 412860511 9316708 6026554 135168

1735223311
lo: 0 0 0 0
eth0: 419287331 9461776 6426820 145068

1735223312
lo: 0 0 0 0
eth0: 423697783 9563482 4410452 101706

1735223313
lo: 0 0 0 0
eth0: 429511205 9694096 5813422 130614

1735223314
lo: 0 0 0 0
eth0: 435549051 9829528 6037846 135432

1735223315
lo: 0 0 0 0
eth0: 440862141 9951298 5313090 121770

1735223316
lo: 0 0 0 0
eth0: 446924887 10086994 6062746 135696

1735223317
lo: 0 0 0 0
eth0: 453530767 10237672 6605880 150678

1735223318
lo: 0 0 0 0
eth0: 460917427 10404256 7386660 166584

1735223319
lo: 0 0 0 0
eth0: 464669373 10488934 3751946 84678

1735223320
lo: 0 0 0 0
eth0: 466792965 10537444 2123592 48510

1735223321
lo: 0 0 0 0
eth0: 468562235 10577176 1769270 39732

1735223322
lo: 0 0 0 0
eth0: 470844207 10628986 2281972 51810

1735223323
lo: 0 0 0 0
eth0: 473508751 10689112 2664544 60126

1735223324
lo: 0 0 0 0
eth0: 476531771 10758346 3023020 69234

1735223325
lo: 0 0 0 0
eth0: 479445387 10824478 2913616 66132

1735223326
lo: 0 0 0 0
eth0: 484337989 10939114 4892602 114636

1735223327
lo: 0 0 0 0
eth0: 486916600 10998092 2578611 58978

1735223328
lo: 0 0 0 0
eth0: 489999254 11067775 3082654 69683

1735223329
lo: 0 0 0 0
eth0: 494786605 11178194 4787351 110419

1735223330
lo: 0 0 0 0
eth0: 502619534 11349830 7832929 171636

1735223331
lo: 0 0 0 0
eth0: 509751104 11494189 7131570 144359

1735223332
lo: 0 0 0 0
eth0: 514609159 11596429 4858055 102240

1735223333
lo: 0 0 0 0
eth0: 518869865 11692855 4260706 96426

1735223334
lo: 0 0 0 0
eth0: 523743942 11802930 4874077 110075

1735223335
lo: 0 0 0 0
eth0: 535414652 12054022 11670710 251092

1735223336
lo: 0 0 0 0
eth0: 547396419 12306624 11981767 252602

1735223337
lo: 0 0 0 0
eth0: 557122899 12522708 9726480 216084

1735223338
lo: 0 0 0 0
eth0: 562958644 12646392 5835745 123684

1735223339
lo: 0 0 0 0
eth0: 565832786 12709398 2874142 63006

1735223340
lo: 0 0 0 0
eth0: 567969723 12764371 2136937 54973

1735223341
lo: 0 0 0 0
eth0: 577313548 12966351 9343825 201980

1735223342
lo: 0 0 0 0
eth0: 589353816 13215927 12040268 249576

1735223343
lo: 0 0 0 0
eth0: 596993905 13381293 7640089 165366

1735223344
lo: 0 0 0 0
eth0: 599607972 13438480 2614067 57187

1735223345
lo: 0 0 0 0
eth0: 601290765 13480163 1682793 41683

1735223346
lo: 0 0 0 0
eth0: 604166864 13546979 2876099 66816

1735223347
lo: 0 0 0 0
eth0: 606666840 13603871 2499976 56892

1735223348
lo: 0 0 0 0
eth0: 608680221 13647959 2013381 44088

1735223349
lo: 0 0 0 0
eth0: 609234721 13660499 554500 12540

1735223350
lo: 0 0 0 0
eth0: 610032963 13677923 798242 17424

1735223351
lo: 0 0 0 0
eth0: 610906052 13700424 873089 22501

1735223352
lo: 0 0 0 0
eth0: 612501877 13737210 1595825 36786

1735223353
lo: 0 0 0 0
eth0: 613203410 13754397 701533 17187

1735223354
lo: 0 0 0 0
eth0: 614265767 13840839 1062357 86442

1735223355
lo: 0 0 0 0
eth0: 619247684 13955889 4981917 115050

1735223356
lo: 0 0 0 0
eth0: 624676672 14078191 5428988 122302

1735223357
lo: 0 0 0 0
eth0: 635123069 14300543 10446397 222352

1735223358
lo: 0 0 0 0
eth0: 637975200 14364411 2852131 63868

1735223359
lo: 0 0 0 0
eth0: 641797014 14455328 3821814 90917

1735223360
lo: 0 0 0 0
eth0: 644155451 14506610 2358437 51282

1735223361
lo: 0 0 0 0
eth0: 647397344 14579875 3241893 73265

1735223362
lo: 0 0 0 0
eth0: 654561512 14736955 7164168 157080

1735223363
lo: 0 0 0 0
eth0: 660749484 14873305 6187972 136350

1735223364
lo: 0 0 0 0
eth0: 664980104 14973031 4230620 99726

1735223365
lo: 0 0 0 0
eth0: 668108152 15046225 3128048 73194

1735223366
lo: 0 0 0 0
eth0: 670891038 15110839 2782886 64614

1735223367
lo: 0 0 0 0
eth0: 673611622 15174991 2720584 64152

1735223368
lo: 0 0 0 0
eth0: 675072068 15209113 1460446 34122

1735223369
lo: 0 0 0 0
eth0: 676867162 15249109 1795094 39996

1735223370
lo: 0 0 0 0
eth0: 678511471 15288271 1644309 39162

1735223371
lo: 0 0 0 0
eth0: 680076866 15324663 1565395 36392

1735223372
lo: 0 0 0 0
eth0: 681734004 15362217 1657138 37554

1735223373
lo: 0 0 0 0
eth0: 683343442 15399111 1609438 36894

1735223374
lo: 0 0 0 0
eth0: 685432585 15447905 2089143 48794

1735223375
lo: 0 0 0 0
eth0: 687279958 15491954 1847373 44049

1735223376
lo: 0 0 0 0
eth0: 688043831 15511053 763873 19099

1735223377
lo: 0 0 0 0
eth0: 688531781 15516663 487950 5610

1735223378
lo: 0 0 0 0
eth0: 689056727 15530655 524946 13992

1735223379
lo: 0 0 0 0
eth0: 690020779 15555075 964052 24420

1735223380
lo: 0 0 0 0
eth0: 690959008 15578776 938229 23701

1735223381
lo: 0 0 0 0
eth0: 692269376 15611422 1310368 32646

1735223383
lo: 0 0 0 0
eth0: 694709476 15665080 2440100 53658

1735223384
lo: 0 0 0 0
eth0: 696846730 15706594 2137254 41514

1735223385
lo: 0 0 0 0
eth0: 698692460 15754840 1845730 48246

1735223386
lo: 0 0 0 0
eth0: 700571948 15801562 1879488 46722

1735223387
lo: 0 0 0 0
eth0: 704754160 15900463 4182212 98901

1735223388
lo: 0 0 0 0
eth0: 711869846 16116053 7115686 215590

1735223389
lo: 0 0 0 0
eth0: 717013380 16230799 5143534 114746

1735223390
lo: 0 0 0 0
eth0: 725763937 16433165 8750557 202366

1735223391
lo: 0 0 0 0
eth0: 732878029 16588443 7114092 155278

1735223392
lo: 0 0 0 0
eth0: 736727199 16674441 3849170 85998

1735223393
lo: 0 0 0 0
eth0: 740784190 16764465 4056991 90024

1735223394
lo: 0 0 0 0
eth0: 745394368 16869538 4610178 105073

1735223395
lo: 0 0 0 0
eth0: 752171683 17021032 6777315 151494

1735223396
lo: 0 0 0 0
eth0: 757847629 17143738 5675946 122706

1735223397
lo: 0 0 0 0
eth0: 762415005 17238370 4567376 94632

1735223398
lo: 0 0 0 0
eth0: 764420109 17283184 2005104 44814

1735223399
lo: 0 0 0 0
eth0: 768223745 17367532 3803636 84348

1735223400
lo: 0 0 0 0
eth0: 771148523 17407594 2924778 40062

1735223401
lo: 0 0 0 0
eth0: 771988901 17424778 840378 17184

1735223402
lo: 0 0 0 0
eth0: 774111901 17470978 2123000 46200

1735223403
lo: 0 0 0 0
eth0: 776429771 17522920 2317870 51942

1735223404
lo: 0 0 0 0
eth0: 778249277 17564632 1819506 41712

1735223405
lo: 0 0 0 0
eth0: 780502345 17613538 2253068 48906

1735223406
lo: 0 0 0 0
eth0: 782970545 17668120 2468200 54582

1735223407
lo: 0 0 0 0
eth0: 785904001 17733922 2933456 65802

1735223408
lo: 0 0 0 0
eth0: 789270833 17809030 3366832 75108

1735223409
lo: 0 0 0 0
eth0: 792532397 17881762 3261564 72732

1735223410
lo: 0 0 0 0
eth0: 795910419 17957464 3378022 75702

1735223411
lo: 0 0 0 0
eth0: 799522101 18037324 3611682 79860

1735223412
lo: 0 0 0 0
eth0: 803805179 18133486 4283078 96162

1735223413
lo: 0 0 0 0
eth0: 808445707 18235456 4640528 101970

1735223414
lo: 0 0 0 0
eth0: 813277935 18341188 4832228 105732

1735223415
lo: 0 0 0 0
eth0: 818887635 18464344 5609700 123156

1735223416
lo: 0 0 0 0
eth0: 824754441 18593638 5866806 129294

1735223417
lo: 0 0 0 0
eth0: 830290881 18714418 5536440 120780

1735223418
lo: 0 0 0 0
eth0: 835567805 18824308 5276924 109890

1735223419
lo: 0 0 0 0
eth0: 840501887 18930742 4934082 106434

1735223420
lo: 0 0 0 0
eth0: 843680395 19005388 3178508 74646

1735223421
lo: 0 0 0 0
eth0: 845662204 19055440 1981809 50052

1735223422
lo: 0 0 0 0
eth0: 845802474 19058938 140270 3498

1735223423
lo: 0 0 0 0
eth0: 846137122 19066660 334648 7722

1735223424
lo: 0 0 0 0
eth0: 846190702 19068046 53580 1386

1735223425
lo: 0 0 0 0
eth0: 846395054 19073392 204352 5346

1735223426
lo: 0 0 0 0
eth0: 846790390 19082038 395336 8646

1735223427
lo: 0 0 0 0
eth0: 846847460 19083622 57070 1584

1735223428
lo: 0 0 0 0
eth0: 846958110 19086682 110650 3060

1735223429
lo: 0 0 0 0
eth0: 847191258 19091896 233148 5214

1735223430
lo: 0 0 0 0
eth0: 847438622 19097572 247364 5676

1735223431
lo: 0 0 0 0
eth0: 847678548 19103248 239926 5676

1735223432
lo: 0 0 0 0
eth0: 847769912 19105690 91364 2442

1735223433
lo: 0 0 0 0
eth0: 848020502 19110970 250590 5280

1735223434
lo: 0 0 0 0
eth0: 848113182 19113346 92680 2376

1735223435
lo: 0 0 0 0
eth0: 848237194 19116514 124012 3168

1735223436
lo: 0 0 0 0
eth0: 848464942 19121728 227748 5214

1735223437
lo: 0 0 0 0
eth0: 848597708 19124830 132766 3102

1735223438
lo: 0 0 0 0
eth0: 848784582 19129648 186874 4818

1735223439
lo: 0 0 0 0
eth0: 848835464 19130968 50882 1320

1735223440
lo: 0 0 0 0
eth0: 848911886 19132948 76422 1980

1735223441
lo: 0 0 0 0
eth0: 849065554 19136776 153668 3828

1735223442
lo: 0 0 0 0
eth0: 849181010 19139746 115456 2970

1735223443
lo: 0 0 0 0
eth0: 849290278 19142716 109268 2970

1735223444
lo: 0 0 0 0
eth0: 849339382 19144036 49104 1320

1735223445
lo: 0 0 0 0
eth0: 849381312 19145422 41930 1386

1735223446
lo: 0 0 0 0
eth0: 849705494 19152814 324182 7392

1735223447
lo: 0 0 0 0
eth0: 849872488 19156708 166994 3894

1735223448
lo: 0 0 0 0
eth0: 850011652 19160404 139164 3696

1735223449
lo: 0 0 0 0
eth0: 850134282 19163044 122630 2640

1735223450
lo: 0 0 0 0
eth0: 850269000 19166188 134718 3144

1735223451
lo: 0 0 0 0
eth0: 850379386 19168960 110386 2772

1735223452
lo: 0 0 0 0
eth0: 850597130 19172854 217744 3894

1735223453
lo: 0 0 0 0
eth0: 850610558 19173250 13428 396

1735223454
lo: 0 0 0 0
eth0: 850713440 19176088 102882 2838

1735223455
lo: 0 0 0 0
eth0: 850783542 19177804 70102 1716

1735223456
lo: 0 0 0 0
eth0: 850834490 19179454 50948 1650

1735223457
lo: 0 0 0 0
eth0: 850901828 19181170 67338 1716

1735223458
lo: 0 0 0 0
eth0: 850984570 19183744 82742 2574

1735223459
lo: 0 0 0 0
eth0: 851027882 19184734 43312 990

1735223460
lo: 0 0 0 0
eth0: 851118718 19187242 90836 2508

1735223461
lo: 0 0 0 0
eth0: 851214426 19189948 95708 2706

1735223462
lo: 0 0 0 0
eth0: 851255016 19191376 40590 1428

1735223463
lo: 0 0 0 0
eth0: 851408846 19193092 153830 1716

1735223464
lo: 0 0 0 0
eth0: 851526802 19195534 117956 2442

1735223465
lo: 0 0 0 0
eth0: 851625604 19197976 98802 2442

1735223466
lo: 0 0 0 0
eth0: 851737702 19200814 112098 2838

1735223467
lo: 0 0 0 0
eth0: 851891532 19204312 153830 3498

1735223468
lo: 0 0 0 0
eth0: 851988952 19206688 97420 2376

1735223469
lo: 0 0 0 0
eth0: 852132118 19210186 143166 3498

1735223470
lo: 0 0 0 0
eth0: 852232368 19212496 100250 2310

1735223471
lo: 0 0 0 0
eth0: 852361054 19215928 128686 3432

1735223472
lo: 0 0 0 0
eth0: 852583538 19220416 222484 4488

1735223473
lo: 0 0 0 0
eth0: 852625534 19221802 41996 1386

1735223474
lo: 0 0 0 0
eth0: 852730392 19224508 104858 2706

1735223475
lo: 0 0 0 0
eth0: 852799244 19226752 68852 2244

1735223476
lo: 0 0 0 0
eth0: 852869742 19228600 70498 1848

1735223478
lo: 0 0 0 0
eth0: 852946164 19231042 76422 2442

1735223479
lo: 0 0 0 0
eth0: 852979102 19232164 32938 1122

1735223481
lo: 0 0 0 0
eth0: 853246256 19238806 267154 6642

1735223482
lo: 0 0 0 0
eth0: 853473150 19244152 226894 5346

1735223483
lo: 0 0 0 0
eth0: 853904360 19253986 431210 9834

1735223484
lo: 0 0 0 0
eth0: 854063128 19257946 158768 3960

1735223485
lo: 0 0 0 0
eth0: 854121646 19259926 58518 1980

1735223486
lo: 0 0 0 0
eth0: 854211034 19262236 89388 2310

1735223487
lo: 0 0 0 0
eth0: 854503488 19269430 292454 7194

1735223488
lo: 0 0 0 0
eth0: 854602422 19271872 98934 2442

1735223489
lo: 0 0 0 0
eth0: 854705436 19273852 103014 1980

1735223490
lo: 0 0 0 0
eth0: 854836832 19277086 131396 3234

1735223491
lo: 0 0 0 0
eth0: 854935238 19279528 98406 2442

1735223492
lo: 0 0 0 0
eth0: 855057802 19282432 122564 2904

1735223493
lo: 0 0 0 0
eth0: 855102694 19283620 44892 1188

1735223494
lo: 0 0 0 0
eth0: 855219070 19285864 116376 2244

1735223496
lo: 0 0 0 0
eth0: 855550294 19293520 331224 7656

1735223497
lo: 0 0 0 0
eth0: 855718976 19297126 168682 3606

1735223498
lo: 0 0 0 0
eth0: 855932310 19302076 213334 4950

1735223499
lo: 0 0 0 0
eth0: 856196922 19305046 264612 2970

1735223501
lo: 0 0 0 0
eth0: 856294012 19306696 97090 1650

1735223502
lo: 0 0 0 0
eth0: 856394076 19309666 100064 2970

1735223503
lo: 0 0 0 0
eth0: 856485188 19311910 91112 2244

1735223504
lo: 0 0 0 0
eth0: 856576552 19314286 91364 2376

1735223505
lo: 0 0 0 0
eth0: 856730646 19318312 154094 4026

1735223507
lo: 0 0 0 0
eth0: 857084906 19326628 354260 8316

1735223508
lo: 0 0 0 0
eth0: 857158036 19328608 73130 1980

1735223509
lo: 0 0 0 0
eth0: 857362484 19333690 204448 5082

1735223510
lo: 0 0 0 0
eth0: 857437524 19335538 75040 1848

1735223511
lo: 0 0 0 0
eth0: 857534548 19336330 97024 792

1735223512
lo: 0 0 0 0
eth0: 857586848 19337782 52300 1452

1735223513
lo: 0 0 0 0
eth0: 857696116 19340686 109268 2904

1735223514
lo: 0 0 0 0
eth0: 857797682 19343128 101566 2442

1735223515
lo: 0 0 0 0
eth0: 857888782 19345636 91100 2508

1735223516
lo: 0 0 0 0
eth0: 858056484 19349794 167702 4158

1735223517
lo: 0 0 0 0
eth0: 858092358 19350916 35874 1122

1735223518
lo: 0 0 0 0
eth0: 858277256 19355206 184898 4290

1735223519
lo: 0 0 0 0
eth0: 858348896 19357186 71640 1980

1735223520
lo: 0 0 0 0
eth0: 858443156 19359628 94260 2442

1735223521
lo: 0 0 0 0
eth0: 858497198 19361080 54042 1452

1735223522
lo: 0 0 0 0
eth0: 858677224 19365106 180026 4026

1735223523
lo: 0 0 0 0
eth0: 858851722 19368934 174498 3828

1735223524
lo: 0 0 0 0
eth0: 859012966 19371880 161244 2946

1735223525
lo: 0 0 0 0
eth0: 859165546 19375642 152580 3762

1735223527
lo: 0 0 0 0
eth0: 859307132 19379008 141586 3366

1735223528
lo: 0 0 0 0
eth0: 859380526 19381120 73394 2112

1735223529
lo: 0 0 0 0
eth0: 859578324 19383430 197798 2310

1735223530
lo: 0 0 0 0
eth0: 860024080 19393462 445756 10032

1735223531
lo: 0 0 0 0
eth0: 860309530 19399972 285450 6510

1735223532
lo: 0 0 0 0
eth0: 860518784 19404922 209254 4950

1735223534
lo: 0 0 0 0
eth0: 860757604 19410070 238820 5148

1735223535
lo: 0 0 0 0
eth0: 860847586 19412050 89982 1980

1735223536
lo: 0 0 0 0
eth0: 860935592 19414360 88006 2310

1735223537
lo: 0 0 0 0
eth0: 861160510 19419442 224918 5082

1735223538
lo: 0 0 0 0
eth0: 861585202 19429078 424692 9636

1735223539
lo: 0 0 0 0
eth0: 861720996 19432246 135794 3168

1735223540
lo: 0 0 0 0
eth0: 862082830 19439968 361834 7722

1735223542
lo: 0 0 0 0
eth0: 862667276 19452244 584446 12276

1735223543
lo: 0 0 0 0
eth0: 862770158 19454752 102882 2508

1735223544
lo: 0 0 0 0
eth0: 862858626 19457260 88468 2508

1735223545
lo: 0 0 0 0
eth0: 862988178 19460230 129552 2970

1735223547
lo: 0 0 0 0
eth0: 863070656 19463002 82478 2772

1735223548
lo: 0 0 0 0
eth0: 863241008 19467094 170352 4092

1735223549
lo: 0 0 0 0
eth0: 863588490 19472176 347482 5082

1735223551
lo: 0 0 0 0
eth0: 863805904 19476862 217414 4686

1735223552
lo: 0 0 0 0
eth0: 863976388 19480822 170484 3960

1735223553
lo: 0 0 0 0
eth0: 864224016 19486102 247628 5280

1735223554
lo: 0 0 0 0
eth0: 864320908 19488808 96892 2706

1735223555
lo: 0 0 0 0
eth0: 864448212 19491976 127304 3168

1735223556
lo: 0 0 0 0
eth0: 864466116 19492504 17904 528

1735223557
lo: 0 0 0 0
eth0: 864713612 19498378 247496 5874

1735223558
lo: 0 0 0 0
eth0: 865127772 19507024 414160 8646

1735223559
lo: 0 0 0 0
eth0: 865286474 19510456 158702 3432

1735223560
lo: 0 0 0 0
eth0: 865534762 19515802 248288 5346

1735223561
lo: 0 0 0 0
eth0: 865886588 19523062 351826 7260

1735223562
lo: 0 0 0 0
eth0: 866364332 19532830 477744 9768

1735223563
lo: 0 0 0 0
eth0: 866550484 19537714 186152 4884

1735223564
lo: 0 0 0 0
eth0: 866789268 19543102 238784 5388

1735223565
lo: 0 0 0 0
eth0: 866963968 19547326 174700 4224

1735223566
lo: 0 0 0 0
eth0: 867054016 19549966 90048 2640

1735223567
lo: 0 0 0 0
eth0: 867148210 19552276 94194 2310

1735223568
lo: 0 0 0 0
eth0: 867333042 19556434 184832 4158

1735223569
lo: 0 0 0 0
eth0: 867627978 19562374 294936 5940

1735223570
lo: 0 0 0 0
eth0: 867627978 19562374 0 0

1735223571
lo: 0 0 0 0
eth0: 867628020 19562416 42 42

1735223572
lo: 0 0 0 0
eth0: 867628020 19562416 0 0

1735223573
lo: 0 0 0 0
eth0: 867628020 19562416 0 0

1735223574
lo: 0 0 0 0
eth0: 867628020 19562416 0 0

1735223576
lo: 0 0 0 0
eth0: 867628020 19562416 0 0

1735223577
lo: 0 0 0 0
eth0: 867628020 19562416 0 0

1735223578
lo: 0 0 0 0
eth0: 867628020 19562416 0 0

1735223579
lo: 0 0 0 0
eth0: 867628020 19562416 0 0

1735223580
lo: 0 0 0 0
eth0: 867628020 19562416 0 0

1735223581
lo: 0 0 0 0
eth0: 867628020 19562416 0 0

1735223582
lo: 0 0 0 0
eth0: 867628020 19562416 0 0

1735223583
lo: 0 0 0 0
eth0: 867628020 19562416 0 0

1735223584
lo: 0 0 0 0
eth0: 867628020 19562416 0 0

1735223585
lo: 0 0 0 0
eth0: 867628020 19562416 0 0

1735223587
lo: 0 0 0 0
eth0: 867628020 19562416 0 0

1735223588
lo: 0 0 0 0
eth0: 867628020 19562416 0 0

1735223589
lo: 0 0 0 0
eth0: 867628020 19562416 0 0

1735223590
lo: 0 0 0 0
eth0: 867628020 19562416 0 0

1735223591
lo: 0 0 0 0
eth0: 867628020 19562416 0 0

1735223592
lo: 0 0 0 0
eth0: 867628020 19562416 0 0

1735223593
lo: 0 0 0 0
eth0: 867628020 19562416 0 0

1735223594
lo: 0 0 0 0
eth0: 867628020 19562416 0 0

1735223595
lo: 0 0 0 0
eth0: 867628020 19562416 0 0

1735223596
lo: 0 0 0 0
eth0: 867628020 19562416 0 0

1735223597
lo: 0 0 0 0
eth0: 867628020 19562416 0 0

1735223598
lo: 0 0 0 0
eth0: 867628020 19562416 0 0

1735223599
lo: 0 0 0 0
eth0: 867628020 19562416 0 0

1735223600
lo: 0 0 0 0
eth0: 867628020 19562416 0 0

1735223601
lo: 0 0 0 0
eth0: 867628020 19562416 0 0

1735223602
lo: 0 0 0 0
eth0: 867628020 19562416 0 0

1735223603
lo: 0 0 0 0
eth0: 867628020 19562416 0 0

1735223604
lo: 0 0 0 0
eth0: 867628020 19562416 0 0

1735223605
lo: 0 0 0 0
eth0: 867628020 19562416 0 0

1735223606
lo: 0 0 0 0
eth0: 867628020 19562416 0 0

1735223607
lo: 0 0 0 0
eth0: 867628020 19562416 0 0

1735223608
lo: 0 0 0 0
eth0: 867628020 19562416 0 0

1735223609
lo: 0 0 0 0
eth0: 867628020 19562416 0 0

1735223610
lo: 0 0 0 0
eth0: 867628020 19562416 0 0

1735223611
lo: 0 0 0 0
eth0: 867628020 19562416 0 0

1735223612
lo: 0 0 0 0
eth0: 867628020 19562416 0 0

1735223613
lo: 0 0 0 0
eth0: 867628020 19562416 0 0

1735223614
lo: 0 0 0 0
eth0: 867628020 19562416 0 0

1735223615
lo: 0 0 0 0
eth0: 867628020 19562416 0 0

1735223616
lo: 0 0 0 0
eth0: 867628020 19562416 0 0

1735223617
lo: 0 0 0 0
eth0: 867628020 19562416 0 0

1735223618
lo: 0 0 0 0
eth0: 867628020 19562416 0 0

1735223619
lo: 0 0 0 0
eth0: 867628020 19562416 0 0

1735223620
lo: 0 0 0 0
eth0: 867628020 19562416 0 0

1735223621
lo: 0 0 0 0
eth0: 867628020 19562416 0 0

1735223622
lo: 0 0 0 0
eth0: 867628020 19562416 0 0

1735223623
lo: 0 0 0 0
eth0: 867628020 19562416 0 0

1735223624
lo: 0 0 0 0
eth0: 867628020 19562416 0 0

1735223625
lo: 0 0 0 0
eth0: 867628020 19562416 0 0

1735223626
lo: 0 0 0 0
eth0: 867628020 19562416 0 0

1735223627
lo: 0 0 0 0
eth0: 867628020 19562416 0 0

1735223628
lo: 0 0 0 0
eth0: 867628020 19562416 0 0

1735223629
lo: 0 0 0 0
eth0: 867628020 19562416 0 0

1735223631
lo: 0 0 0 0
eth0: 867628020 19562416 0 0

1735223632
lo: 0 0 0 0
eth0: 867628020 19562416 0 0

1735223633
lo: 0 0 0 0
eth0: 867628020 19562416 0 0

1735223634
lo: 0 0 0 0
eth0: 867628020 19562416 0 0

1735223635
lo: 0 0 0 0
eth0: 867628020 19562416 0 0

1735223636
lo: 0 0 0 0
eth0: 867628020 19562416 0 0

1735223637
lo: 0 0 0 0
eth0: 867628020 19562416 0 0

1735223638
lo: 0 0 0 0
eth0: 867628020 19562416 0 0

1735223639
lo: 0 0 0 0
eth0: 867628020 19562416 0 0

1735223640
lo: 0 0 0 0
eth0: 867628020 19562416 0 0

1735223641
lo: 0 0 0 0
eth0: 867628020 19562416 0 0

1735223642
lo: 0 0 0 0
eth0: 867628020 19562416 0 0

1735223643
lo: 0 0 0 0
eth0: 867628020 19562416 0 0

1735223644
lo: 0 0 0 0
eth0: 867628020 19562416 0 0

1735223645
lo: 0 0 0 0
eth0: 867628020 19562416 0 0

1735223646
lo: 0 0 0 0
eth0: 867628020 19562416 0 0

1735223647
lo: 0 0 0 0
eth0: 867628020 19562416 0 0

1735223648
lo: 0 0 0 0
eth0: 867628020 19562416 0 0

1735223649
lo: 0 0 0 0
eth0: 867628020 19562416 0 0

1735223650
lo: 0 0 0 0
eth0: 867628020 19562416 0 0

1735223651
lo: 0 0 0 0
eth0: 867628020 19562416 0 0

1735223652
lo: 0 0 0 0
eth0: 867628020 19562416 0 0

1735223653
lo: 0 0 0 0
eth0: 867628020 19562416 0 0

1735223654
lo: 0 0 0 0
eth0: 867628020 19562416 0 0

1735223655
lo: 0 0 0 0
eth0: 867628020 19562416 0 0

1735223656
lo: 0 0 0 0
eth0: 867628020 19562416 0 0

1735223657
lo: 0 0 0 0
eth0: 867628020 19562416 0 0

1735223658
lo: 0 0 0 0
eth0: 867628020 19562416 0 0

1735223660
lo: 0 0 0 0
eth0: 867628020 19562416 0 0

1735223661
lo: 0 0 0 0
eth0: 867628020 19562416 0 0

1735223662
lo: 0 0 0 0
eth0: 867628020 19562416 0 0

1735223663
lo: 0 0 0 0
eth0: 867628020 19562416 0 0

1735223664
lo: 0 0 0 0
eth0: 867628020 19562416 0 0

1735223665
lo: 0 0 0 0
eth0: 867628020 19562416 0 0

1735223666
lo: 0 0 0 0
eth0: 867628020 19562416 0 0

1735223667
lo: 0 0 0 0
eth0: 867628020 19562416 0 0

1735223668
lo: 0 0 0 0
eth0: 867628020 19562416 0 0

1735223669
lo: 0 0 0 0
eth0: 867628020 19562416 0 0

1735223670
lo: 0 0 0 0
eth0: 867628020 19562416 0 0

1735223671
lo: 0 0 0 0
eth0: 867628020 19562416 0 0

1735223672
lo: 0 0 0 0
eth0: 867628020 19562416 0 0

1735223673
lo: 0 0 0 0
eth0: 867628020 19562416 0 0

1735223674
lo: 0 0 0 0
eth0: 867628020 19562416 0 0

1735223675
lo: 0 0 0 0
eth0: 867628020 19562416 0 0

1735223676
lo: 0 0 0 0
eth0: 867628020 19562416 0 0

1735223677
lo: 0 0 0 0
eth0: 867628020 19562416 0 0

1735223678
lo: 0 0 0 0
eth0: 867628020 19562416 0 0

1735223679
lo: 0 0 0 0
eth0: 867628020 19562416 0 0

1735223680
lo: 0 0 0 0
eth0: 867628020 19562416 0 0

1735223681
lo: 0 0 0 0
eth0: 867628020 19562416 0 0

1735223682
lo: 0 0 0 0
eth0: 867628020 19562416 0 0

1735223683
lo: 0 0 0 0
eth0: 867628020 19562416 0 0

1735223684
lo: 0 0 0 0
eth0: 867628020 19562416 0 0

1735223685
lo: 0 0 0 0
eth0: 867628020 19562416 0 0

1735223686
lo: 0 0 0 0
eth0: 867628020 19562416 0 0

1735223687
lo: 0 0 0 0
eth0: 867628020 19562416 0 0

1735223688
lo: 0 0 0 0
eth0: 867628020 19562416 0 0

1735223689
lo: 0 0 0 0
eth0: 867628020 19562416 0 0

1735223690
lo: 0 0 0 0
eth0: 867628020 19562416 0 0

1735223691
lo: 0 0 0 0
eth0: 867628020 19562416 0 0

1735223692
lo: 0 0 0 0
eth0: 867628020 19562416 0 0

1735223693
lo: 0 0 0 0
eth0: 867628020 19562416 0 0

1735223694
lo: 0 0 0 0
eth0: 867628020 19562416 0 0

1735223695
lo: 0 0 0 0
eth0: 867628020 19562416 0 0

1735223696
lo: 0 0 0 0
eth0: 867628020 19562416 0 0

1735223697
lo: 0 0 0 0
eth0: 867628020 19562416 0 0

1735223698
lo: 0 0 0 0
eth0: 867628020 19562416 0 0

1735223699
lo: 0 0 0 0
eth0: 867628020 19562416 0 0

1735223700
lo: 0 0 0 0
eth0: 867628020 19562416 0 0

1735223701
lo: 0 0 0 0
eth0: 867628020 19562416 0 0

1735223703
lo: 0 0 0 0
eth0: 867628020 19562416 0 0

1735223704
lo: 0 0 0 0
eth0: 867628020 19562416 0 0

1735223705
lo: 0 0 0 0
eth0: 867628020 19562416 0 0

1735223706
lo: 0 0 0 0
eth0: 867628020 19562416 0 0

1735223707
lo: 0 0 0 0
eth0: 867628020 19562416 0 0

1735223708
lo: 0 0 0 0
eth0: 867628020 19562416 0 0

1735223709
lo: 0 0 0 0
eth0: 867628020 19562416 0 0

1735223710
lo: 0 0 0 0
eth0: 867628020 19562416 0 0

1735223711
lo: 0 0 0 0
eth0: 867628020 19562416 0 0

1735223712
lo: 0 0 0 0
eth0: 867628020 19562416 0 0

1735223713
lo: 0 0 0 0
eth0: 867628020 19562416 0 0

1735223714
lo: 0 0 0 0
eth0: 867628020 19562416 0 0

1735223715
lo: 0 0 0 0
eth0: 867628020 19562416 0 0

1735223716
lo: 0 0 0 0
eth0: 867628020 19562416 0 0

1735223717
lo: 0 0 0 0
eth0: 867631721 19563807 3701 1391

1735223718
lo: 0 0 0 0
eth0: 868622205 19586445 990484 22638

1735223719
lo: 0 0 0 0
eth0: 870761306 19630599 2139101 44154

1735223720
lo: 0 0 0 0
eth0: 870761306 19630599 0 0

1735223721
lo: 0 0 0 0
eth0: 870766481 19632578 5175 1979

1735223722
lo: 0 0 0 0
eth0: 870908745 19636920 142264 4342

1735223723
lo: 0 0 0 0
eth0: 870908745 19636920 0 0

1735223724
lo: 0 0 0 0
eth0: 870908745 19636920 0 0

1735223725
lo: 0 0 0 0
eth0: 870908745 19636920 0 0

1735223726
lo: 0 0 0 0
eth0: 870908745 19636920 0 0

1735223727
lo: 0 0 0 0
eth0: 870908745 19636920 0 0

1735223728
lo: 0 0 0 0
eth0: 870908745 19636920 0 0

1735223729
lo: 0 0 0 0
eth0: 870908745 19636920 0 0

1735223730
lo: 0 0 0 0
eth0: 870908745 19636920 0 0

1735223731
lo: 0 0 0 0
eth0: 870949441 19641052 40696 4132

1735223732
lo: 0 0 0 0
eth0: 872472949 19680973 1523508 39921

1735223733
lo: 0 0 0 0
eth0: 875699438 19746990 3226489 66017

1735223734
lo: 0 0 0 0
eth0: 878064822 19799460 2365384 52470

1735223735
lo: 0 0 0 0
eth0: 880213735 19849435 2148913 49975

1735223736
lo: 0 0 0 0
eth0: 882517711 19901707 2303976 52272

1735223737
lo: 0 0 0 0
eth0: 883614659 19925665 1096948 23958

1735223738
lo: 0 0 0 0
eth0: 883710235 19928239 95576 2574

1735223739
lo: 0 0 0 0
eth0: 883828587 19931827 118352 3588

1735223740
lo: 0 0 0 0
eth0: 883901791 19934219 73204 2392

1735223741
lo: 0 0 0 0
eth0: 884363330 19947280 461539 13061

1735223742
lo: 0 0 0 0
eth0: 884418490 19948864 55160 1584

1735223743
lo: 0 0 0 0
eth0: 884537960 19951900 119470 3036

1735223744
lo: 0 0 0 0
eth0: 884573834 19952890 35874 990

1735223745
lo: 0 0 0 0
eth0: 884678494 19955794 104660 2904

1735223746
lo: 0 0 0 0
eth0: 884754718 19957774 76224 1980

1735223747
lo: 0 0 0 0
eth0: 884829494 19960084 74776 2310

1735223748
lo: 0 0 0 0
eth0: 884852499 19960810 23005 726

1735223749
lo: 0 0 0 0
eth0: 884875077 19961668 22578 858

1735223750
lo: 0 0 0 0
eth0: 885105277 19970472 230200 8804

1735223751
lo: 0 0 0 0
eth0: 885133647 19971330 28370 858

1735223752
lo: 0 0 0 0
eth0: 885158857 19971924 25210 594

1735223753
lo: 0 0 0 0
eth0: 885182619 19972518 23762 594

1735223754
lo: 0 0 0 0
eth0: 885211055 19973442 28436 924

1735223755
lo: 0 0 0 0
eth0: 885263451 19975092 52396 1650

1735223756
lo: 0 0 0 0
eth0: 885278393 19975554 14942 462

1735223758
lo: 0 0 0 0
eth0: 885306631 19976280 28238 726

1735223759
lo: 0 0 0 0
eth0: 885347047 19977534 40416 1254

1735223760
lo: 0 0 0 0
eth0: 885407079 19979316 60032 1782

1735223761
lo: 0 0 0 0
eth0: 885408593 19979382 1514 66

1735223762
lo: 0 0 0 0
eth0: 885411621 19979514 3028 132

1735223763
lo: 0 0 0 0
eth0: 885454933 19980834 43312 1320

1735223764
lo: 0 0 0 0
eth0: 885481723 19981560 26790 726

1735223765
lo: 0 0 0 0
eth0: 885496665 19982022 14942 462

1735223766
lo: 0 0 0 0
eth0: 885505617 19982286 8952 264

1735223767
lo: 0 0 0 0
eth0: 885523455 19982748 17838 462

1735223768
lo: 0 0 0 0
eth0: 885559371 19983912 35916 1164

1735223769
lo: 0 0 0 0
eth0: 885590637 19984770 31266 858

1735223770
lo: 0 0 0 0
eth0: 885607093 19985298 16456 528

1735223771
lo: 0 0 0 0
eth0: 885633883 19986024 26790 726

1735223772
lo: 0 0 0 0
eth0: 885650471 19986684 16588 660

1735223774
lo: 0 0 0 0
eth0: 886008857 19995174 358386 8490

