1735223259
0.36397984886649876 0.20654911838790932 0.2682619647355164

1735223260
0.3033292231812577 0.093711467324291 0.17139334155363747

1735223261
0.095 0.06875 0.1375

1735223262
0.2848258706467662 0.22512437810945274 0.05472636815920398

1735223263
0.47447073474470736 0.23412204234122042 0.033623910336239106

1735223264
0.4192740926157697 0.21151439299123906 0.03379224030037547

1735223265
0.37626262626262624 0.2196969696969697 0.003787878787878788

1735223266
0.31319358816276205 0.1812577065351418 0.014796547472256474

1735223267
0.1865671641791045 0.2462686567164179 0.01990049751243781

1735223268
0.2606516290726817 0.17042606516290726 0.03634085213032581

1735223269
0.4025157232704403 0.26540880503144654 0.0

1735223270
0.4659090909090909 0.3106060606060606 0.0

1735223271
0.4260204081632653 0.2971938775510204 0.05994897959183673

1735223272
0.33825338253382536 0.23001230012300122 0.16236162361623616

1735223273
0.3868520859671302 0.26422250316055623 0.12389380530973451

1735223274
0.3574097135740971 0.16936488169364883 0.16687422166874222

1735223275
0.2518703241895262 0.11845386533665836 0.18329177057356608

1735223276
0.36645962732919257 0.20248447204968945 0.04596273291925466

1735223277
0.2064676616915423 0.15298507462686567 0.08333333333333333

1735223278
0.449874686716792 0.18295739348370926 0.09147869674185463

1735223279
0.749691738594328 0.12453760789149199 0.032059186189889025

1735223280
0.2679900744416873 0.16997518610421836 0.08312655086848635

1735223281
0.22885572139303484 0.1890547263681592 0.013681592039800995

1735223282
0.2413793103448276 0.16502463054187191 0.0012315270935960591

1735223283
0.15632754342431762 0.14392059553349876 0.0

1735223284
0.18048780487804877 0.15121951219512195 0.012195121951219513

1735223285
0.14483627204030228 0.14105793450881612 0.05919395465994962

1735223286
0.17364532019704434 0.16995073891625614 0.0

1735223287
0.18641975308641975 0.13333333333333333 0.037037037037037035

1735223288
0.19362745098039216 0.1409313725490196 0.0012254901960784314

1735223289
0.18803418803418803 0.1452991452991453 0.01098901098901099

1735223290
0.16522811344019728 0.1504315659679408 0.06041923551171394

1735223291
0.10285006195786865 0.10285006195786865 0.21933085501858737

1735223292
0.05970149253731343 0.04477611940298507 0.27611940298507465

1735223293
0.06993865030674846 0.10552147239263804 0.1460122699386503

1735223294
0.13 0.08125 0.2275

1735223295
0.03482587064676617 0.046019900497512436 0.3781094527363184

1735223296
0.09079754601226994 0.10552147239263804 0.18282208588957055

1735223297
0.08946078431372549 0.12745098039215685 0.030637254901960783

1735223298
0.1016949152542373 0.13075060532687652 0.0

1735223299
0.09622411693057248 0.12423873325213154 0.0060901339829476245

1735223300
0.11015911872705018 0.11383108935128519 0.0024479804161566705

1735223301
0.10628019323671498 0.1111111111111111 0.004830917874396135

1735223302
0.09732360097323602 0.13260340632603407 0.0012165450121654502

1735223303
0.31970260223048325 0.10408921933085502 0.004956629491945477

1735223304
0.44512946979038226 0.0998766954377312 0.0012330456226880395

1735223305
0.2576312576312576 0.10622710622710622 0.04151404151404151

1735223306
0.11707317073170732 0.13902439024390245 0.045121951219512194

1735223307
0.1834975369458128 0.12561576354679804 0.0024630541871921183

1735223308
0.16909975669099755 0.15571776155717762 0.0036496350364963502

1735223309
0.18385093167701863 0.13788819875776398 0.002484472049689441

1735223310
0.6452020202020202 0.20959595959595959 0.008838383838383838

1735223311
0.9176029962546817 0.08114856429463171 0.0

1735223312
0.8984962406015038 0.10150375939849623 0.0

1735223313
0.91375 0.08625 0.0

1735223314
0.9113607990012484 0.08739076154806492 0.0

1735223315
0.8973717146433041 0.10262828535669587 0.0

1735223316
0.9173967459324155 0.08260325406758448 0.0

1735223317
0.915 0.08375 0.0

1735223318
0.8963795255930087 0.10237203495630462 0.0

1735223319
0.93 0.06875 0.00125

1735223320
0.9336670838548186 0.06633291614518148 0.0

1735223321
0.9413233458177278 0.05867665418227216 0.0

1735223322
0.9286608260325406 0.07133917396745933 0.0

1735223323
0.93125 0.06875 0.0

1735223324
0.9325 0.0675 0.0

1735223325
0.94375 0.05625 0.0

1735223326
0.88125 0.11875 0.0

1735223327
0.7723270440251573 0.11823899371069183 0.06415094339622641

1735223328
0.43190184049079755 0.1411042944785276 0.16441717791411042

1735223329
0.4830188679245283 0.1811320754716981 0.08930817610062892

1735223330
0.6833541927409261 0.27284105131414266 0.01376720901126408

1735223331
0.6025 0.2625 0.115

1735223332
0.82625 0.1725 0.00125

1735223333
0.915 0.085 0.0

1735223334
0.9175 0.0825 0.0

1735223335
0.915 0.085 0.0

1735223336
0.89875 0.10125 0.0

1735223337
0.8898623279098874 0.11013767209011265 0.0

1735223338
0.81875 0.13125 0.00375

1735223339
0.7346683354192741 0.13016270337922403 0.0037546933667083854

1735223340
0.6004962779156328 0.07320099255583126 0.007444168734491315

1735223341
0.5123152709359606 0.1022167487684729 0.03078817733990148

1735223342
0.30317848410757947 0.1356968215158924 0.044009779951100246

1735223343
0.3159806295399516 0.13559322033898305 0.03389830508474576

1735223344
0.40581542351453853 0.20101137800252844 0.02781289506953224

1735223345
0.42857142857142855 0.21679197994987467 0.08521303258145363

1735223346
0.35804020100502515 0.26256281407035176 0.02135678391959799

1735223347
0.24396442185514614 0.29224904701397714 0.16010165184243966

1735223348
0.7852684144818977 0.15730337078651685 0.019975031210986267

1735223349
0.91 0.09 0.0

1735223350
0.92 0.07875 0.00125

1735223351
0.9311639549436797 0.0688360450563204 0.0

1735223352
0.9025 0.09625 0.0

1735223353
0.7688442211055276 0.16834170854271358 0.001256281407035176

1735223354
0.335 0.11875 0.0425

1735223355
0.2723833543505675 0.10466582597730138 0.034047919293820936

1735223356
0.3652173913043478 0.2 0.014906832298136646

1735223357
0.3608374384236453 0.14532019704433496 0.022167487684729065

1735223358
0.33415233415233414 0.17076167076167076 0.0

1735223359
0.2545676004872107 0.1218026796589525 0.023142509135200974

1735223360
0.40370370370370373 0.14938271604938272 0.040740740740740744

1735223361
0.1735330836454432 0.10362047440699126 0.0686641697877653

1735223362
0.3173076923076923 0.14302884615384615 0.004807692307692308

1735223363
0.31840796019900497 0.12437810945273632 0.0

1735223364
0.28361858190709044 0.18337408312958436 0.0024449877750611247

1735223365
0.29914529914529914 0.1282051282051282 0.029304029304029304

1735223366
0.2642679900744417 0.1228287841191067 0.04838709677419355

1735223367
0.2853598014888337 0.1315136476426799 0.007444168734491315

1735223368
0.33877038895859474 0.17063989962358847 0.0012547051442910915

1735223369
0.35286783042394015 0.19451371571072318 0.011221945137157107

1735223370
0.30759651307596514 0.17683686176836863 0.0361145703611457

1735223371
0.11955168119551682 0.099626400996264 0.32004981320049813

1735223372
0.17990074441687345 0.1315136476426799 0.23945409429280398

1735223373
0.2 0.12049689440993788 0.17888198757763976

1735223374
0.1119496855345912 0.06540880503144654 0.23270440251572327

1735223375
0.22167487684729065 0.13054187192118227 0.20935960591133004

1735223376
0.23076923076923078 0.16377171215880892 0.26054590570719605

1735223377
0.05725971370143149 0.06032719836400818 0.6513292433537833

1735223378
0.15550978372811536 0.1513903192584964 0.2801235839340886

1735223379
0.11616766467065869 0.0718562874251497 0.518562874251497

1735223380
0.2764830508474576 0.18220338983050846 0.1843220338983051

1735223381
0.16780045351473924 0.10430839002267574 0.2256235827664399

1735223383
0.2711864406779661 0.24470338983050846 0.09639830508474577

1735223384
0.12829736211031176 0.20623501199040767 0.38609112709832133

1735223385
0.12891113892365458 0.1376720901126408 0.376720901126408

1735223386
0.15346534653465346 0.13613861386138615 0.20915841584158415

1735223387
0.29329962073324906 0.17825537294563842 0.18331226295828065

1735223388
0.23345817727840198 0.10486891385767791 0.14731585518102372

1735223389
0.2641975308641975 0.09382716049382717 0.011111111111111112

1735223390
0.21733668341708542 0.14195979899497488 0.0

1735223391
0.2639593908629442 0.1700507614213198 0.0

1735223392
0.15056461731493098 0.18695106649937265 0.0

1735223393
0.18030690537084398 0.2442455242966752 0.00639386189258312

1735223394
0.16875 0.15 0.12875

1735223395
0.14627994955863807 0.13493064312736444 0.2055485498108449

1735223396
0.12578616352201258 0.11949685534591195 0.2188679245283019

1735223397
0.10399257195914577 0.08170844939647168 0.4558960074280409

1735223398
0.11614173228346457 0.03937007874015748 0.4704724409448819

1735223399
0.14754098360655737 0.10592686002522068 0.31399747793190413

1735223400
0.02540220152413209 0.015241320914479255 0.41320914479254867

1735223401
0.24700239808153476 0.1606714628297362 0.2014388489208633

1735223402
0.34529702970297027 0.16336633663366337 0.17698019801980197

1735223403
0.45229244114002476 0.1288723667905824 0.1449814126394052

1735223404
0.02644836272040302 0.012594458438287154 0.12594458438287154

1735223405
0.4975609756097561 0.08536585365853659 0.11707317073170732

1735223406
0.49507389162561577 0.07266009852216748 0.1416256157635468

1735223407
0.3188585607940447 0.13027295285359802 0.19975186104218362

1735223408
0.4057788944723618 0.1306532663316583 0.1507537688442211

1735223409
0.5061124694376528 0.10024449877750612 0.1393643031784841

1735223410
0.49507389162561577 0.0603448275862069 0.1477832512315271

1735223411
0.5674019607843137 0.08946078431372549 0.013480392156862746

1735223412
0.4282147315855181 0.1523096129837703 0.06741573033707865

1735223413
0.5284653465346535 0.13242574257425743 0.02103960396039604

1735223414
0.4385297845373891 0.20912547528517111 0.011406844106463879

1735223415
0.38295165394402036 0.2684478371501272 0.017811704834605598

1735223416
0.351010101010101 0.3371212121212121 0.0012626262626262627

1735223417
0.34438775510204084 0.3201530612244898 0.006377551020408163

1735223418
0.5238693467336684 0.33542713567839194 0.001256281407035176

1735223419
0.43647798742138366 0.3471698113207547 0.013836477987421384

1735223420
0.39487179487179486 0.2846153846153846 0.015384615384615385

1735223421
0.589873417721519 0.26962025316455696 0.0

1735223422
0.7304785894206549 0.24055415617128464 0.003778337531486146

1735223423
0.7755359394703657 0.19167717528373265 0.005044136191677175

1735223424
0.6374045801526718 0.22646310432569974 0.008905852417302799

1735223425
0.7626262626262627 0.19444444444444445 0.007575757575757576

1735223426
0.8345864661654135 0.16416040100250626 0.0

1735223427
0.8448060075093867 0.15519399249061328 0.0

1735223428
0.6477987421383647 0.27672955974842767 0.006289308176100629

1735223429
0.5144291091593476 0.3575909661229611 0.005018820577164366

1735223430
0.5183776932826363 0.26489226869455007 0.016476552598225603

1735223431
0.4375 0.185 0.2

1735223432
0.6152882205513784 0.2681704260651629 0.09774436090225563

1735223433
0.49 0.2375 0.23125

1735223434
0.6865671641791045 0.31218905472636815 0.0

1735223435
0.7559153175591532 0.24159402241594022 0.0

1735223436
0.7647058823529411 0.23404255319148937 0.0

1735223437
0.5705209656925032 0.29733163913595934 0.03939008894536213

1735223438
0.6441102756892231 0.30952380952380953 0.002506265664160401

1735223439
0.4213197969543147 0.35279187817258884 0.008883248730964468

1735223440
0.4417721518987342 0.38734177215189874 0.0037974683544303796

1735223441
0.36788874841972186 0.4690265486725664 0.010113780025284451

1735223442
0.376720901126408 0.4518147684605757 0.017521902377972465

1735223443
0.41168996188055906 0.45616264294790343 0.005082592121982211

1735223444
0.35173299101412064 0.36970474967907574 0.06546854942233633

1735223445
0.4010152284263959 0.4200507614213198 0.02284263959390863

1735223446
0.3658227848101266 0.4177215189873418 0.007594936708860759

1735223447
0.44046094750320103 0.28425096030729835 0.07682458386683738

1735223448
0.4269521410579345 0.33879093198992444 0.015113350125944584

1735223449
0.37814070351758794 0.271356783919598 0.1507537688442211

1735223450
0.5390428211586902 0.1397984886649874 0.27329974811083124

1735223451
0.3417402269861286 0.2610340479192938 0.25851197982345525

1735223452
0.32169576059850374 0.2460515378221114 0.22527015793848712

1735223453
0.5131578947368421 0.24473684210526317 0.1736842105263158

1735223454
0.5941845764854614 0.32364096080910243 0.051833122629582805

1735223455
0.5962264150943396 0.3660377358490566 0.016352201257861635

1735223456
0.5979899497487438 0.36809045226130654 0.02135678391959799

1735223457
0.6151898734177215 0.34810126582278483 0.026582278481012658

1735223458
0.3547351524879615 0.22070626003210272 0.3146067415730337

1735223459
0.1414141414141414 0.010101010101010102 0.5824915824915825

1735223460
0.17458279845956354 0.08857509627727857 0.4634146341463415

1735223461
0.26436781609195403 0.16475095785440613 0.35887611749680715

1735223462
0.5537294563843237 0.3640960809102402 0.06573957016434892

1735223463
0.37420986093552466 0.2225031605562579 0.25410872313527183

1735223464
0.5746835443037974 0.39746835443037976 0.016455696202531647

1735223465
0.5823754789272031 0.37292464878671777 0.037037037037037035

1735223466
0.5038265306122449 0.2971938775510204 0.11607142857142858

1735223467
0.2759067357512953 0.16580310880829016 0.41580310880829013

1735223468
0.40153452685422 0.23017902813299232 0.2557544757033248

1735223469
0.5403022670025189 0.3954659949622166 0.04659949622166247

1735223470
0.5792141951837769 0.39036755386565275 0.024081115335868188

1735223471
0.18275418275418276 0.13127413127413126 0.48906048906048905

1735223472
0.4219948849104859 0.3145780051150895 0.16879795396419436

1735223473
0.06235294117647059 0.03176470588235294 0.31176470588235294

1735223474
0.39617486338797814 0.16666666666666666 0.31693989071038253

1735223475
0.32778489116517284 0.2573623559539053 0.2266325224071703

1735223476
0.6998754669987547 0.19427148194271482 0.08468244084682441

1735223478
0.3133848133848134 0.1640926640926641 0.2651222651222651

1735223479
0.12406015037593984 0.12907268170426064 0.5388471177944862

1735223481
0.19041533546325878 0.16166134185303516 0.40063897763578277

1735223482
0.1702944942381562 0.11523687580025609 0.4263764404609475

1735223483
0.12679738562091503 0.08758169934640522 0.538562091503268

1735223484
0.13178294573643412 0.07364341085271318 0.6472868217054264

1735223485
0.09395109395109395 0.10810810810810811 0.6241956241956242

1735223486
0.14138817480719795 0.10282776349614396 0.5269922879177378

1735223487
0.15186615186615188 0.10424710424710425 0.4980694980694981

1735223488
0.3286802030456853 0.1700507614213198 0.32614213197969544

1735223489
0.07268170426065163 0.02882205513784461 0.5877192982456141

1735223490
0.22879177377892032 0.25578406169665807 0.2917737789203085

1735223491
0.1815856777493606 0.11253196930946291 0.5153452685421995

1735223492
0.17095115681233933 0.12853470437017994 0.4203084832904884

1735223493
0.054404145077720206 0.042746113989637305 0.7344559585492227

1735223494
0.001639344262295082 0.002459016393442623 0.3737704918032787

1735223496
0.4418402777777778 0.2517361111111111 0.2144097222222222

1735223497
0.548306148055207 0.36511919698870765 0.04265997490589712

1735223498
0.22905759162303665 0.14397905759162305 0.39528795811518325

1735223499
0.13130563798219586 0.030415430267062313 0.2218100890207715

1735223501
0.16885743174924167 0.1769464105156724 0.5187057633973711

1735223502
0.15006305170239598 0.07061790668348046 0.4703656998738966

1735223503
0.18240620957309184 0.12677878395860284 0.49159120310478654

1735223504
0.27417640807651433 0.08501594048884166 0.5260361317747078

1735223505
0.18398474737845566 0.1334604385128694 0.45662535748331745

1735223507
0.15807860262008733 0.06375545851528384 0.6008733624454149

1735223508
0.2402022756005057 0.07838179519595449 0.4310998735777497

1735223509
0.09511568123393316 0.06426735218508997 0.5526992287917738

1735223510
0.22942643391521197 0.16957605985037408 0.3192019950124688

1735223511
0.21246819338422393 0.14376590330788805 0.46564885496183206

1735223512
0.16558861578266496 0.12419146183699871 0.47865459249676584

1735223513
0.19035202086049544 0.08604954367666232 0.4667535853976532

1735223514
0.14728682170542637 0.04909560723514212 0.46770025839793283

1735223515
0.16752577319587628 0.15463917525773196 0.4832474226804124

1735223516
0.24540682414698162 0.2677165354330709 0.2887139107611549

1735223517
0.14687100893997446 0.1698595146871009 0.3895274584929757

1735223518
0.15572715572715573 0.11840411840411841 0.4877734877734878

1735223519
0.11424903722721438 0.110397946084724 0.5545571245186136

1735223520
0.11651728553137004 0.117797695262484 0.4967989756722151

1735223521
0.7361111111111112 0.20075757575757575 0.05808080808080808

1735223522
0.7241813602015114 0.2707808564231738 0.003778337531486146

1735223523
0.7944862155388471 0.20300751879699247 0.0012531328320802004

1735223524
0.4835847382431233 0.15705412599822538 0.17834960070984915

1735223525
0.7124505928853755 0.2816205533596838 0.003952569169960474

1735223527
0.731614135625597 0.2349570200573066 0.021012416427889206

1735223528
0.32005141388174807 0.2043701799485861 0.2544987146529563

1735223529
0.1088929219600726 0.0426497277676951 0.6088929219600726

1735223530
0.4100642398286938 0.19914346895074947 0.1948608137044968

1735223531
0.25396825396825395 0.19658119658119658 0.36874236874236876

1735223532
0.2342233009708738 0.12378640776699029 0.4696601941747573

1735223534
0.15709342560553632 0.07197231833910035 0.5757785467128028

1735223535
0.5948717948717949 0.2076923076923077 0.09743589743589744

1735223536
0.39641943734015345 0.1969309462915601 0.24168797953964194

1735223537
0.12516129032258064 0.09290322580645162 0.567741935483871

1735223538
0.2363405336721728 0.096569250317662 0.3583227445997459

1735223539
0.4046511627906977 0.22209302325581395 0.30116279069767443

1735223540
0.5186335403726708 0.23524844720496896 0.18167701863354038

1735223542
0.6602687140115163 0.20633397312859886 0.09117082533589252

1735223543
0.38161209068010077 0.22670025188916876 0.20780856423173805

1735223544
0.21443736730360935 0.09766454352441614 0.4002123142250531

1735223545
0.46264744429882043 0.19397116644823068 0.20576671035386632

1735223547
0.3263371699390657 0.2958700067704807 0.21259309410968177

1735223548
0.3282442748091603 0.3931297709923664 0.11959287531806616

1735223549
0.16901408450704225 0.136443661971831 0.1936619718309859

1735223551
0.5691573926868044 0.37042925278219396 0.02066772655007949

1735223552
0.6242197253433208 0.36953807740324596 0.0012484394506866417

1735223553
0.6755050505050505 0.30808080808080807 0.010101010101010102

1735223554
0.6228070175438597 0.32456140350877194 0.047619047619047616

1735223555
0.62531328320802 0.36716791979949875 0.0037593984962406013

1735223556
0.6010037641154329 0.38017565872020076 0.011292346298619825

1735223557
0.6240601503759399 0.3659147869674185 0.0037593984962406013

1735223558
0.656641604010025 0.3408521303258145 0.0

1735223559
0.6140350877192983 0.37719298245614036 0.005012531328320802

1735223560
0.6132665832290363 0.3854818523153942 0.0

1735223561
0.6330845771144279 0.36318407960199006 0.0

1735223562
0.6679197994987469 0.3308270676691729 0.0

1735223563
0.6699875466998755 0.3287671232876712 0.0

1735223564
0.614702154626109 0.2813688212927757 0.04182509505703422

1735223565
0.48484848484848486 0.2828282828282828 0.11742424242424243

1735223566
0.39021329987452946 0.17565872020075282 0.3111668757841907

1735223567
0.4256926952141058 0.14987405541561713 0.2695214105793451

1735223568
0.4621212121212121 0.28914141414141414 0.15151515151515152

1735223569
0.5775535939470365 0.25851197982345525 0.08701134930643127

1735223570
0.6859296482412061 0.27889447236180903 0.016331658291457288

1735223571
0.775 0.225 0.0

1735223572
0.816708229426434 0.18329177057356608 0.0

1735223573
0.82125 0.17875 0.0

1735223574
0.7406989853438557 0.17474633596392333 0.033821871476888386

1735223576
0.772093023255814 0.18471760797342193 0.036544850498338874

1735223577
0.43631778058007564 0.058007566204287514 0.3203026481715006

1735223578
0.42346938775510207 0.1798469387755102 0.25

1735223579
0.5100755667506297 0.3123425692695214 0.1070528967254408

1735223580
0.28125 0.085 0.55

1735223581
0.39363057324840767 0.07388535031847134 0.378343949044586

1735223582
0.491183879093199 0.1574307304785894 0.21914357682619648

1735223583
0.3015267175572519 0.138676844783715 0.3880407124681934

1735223584
0.31512071156289706 0.08386277001270648 0.4409148665819568

1735223585
0.2577937649880096 0.07194244604316546 0.580335731414868

1735223587
0.32963446475195823 0.10704960835509138 0.3922976501305483

1735223588
0.4012269938650307 0.10061349693251534 0.3239263803680982

1735223589
0.3686868686868687 0.27525252525252525 0.24116161616161616

1735223590
0.2562814070351759 0.11306532663316583 0.44597989949748745

1735223591
0.45796737766624845 0.2572145545796738 0.1191969887076537

1735223592
0.3181818181818182 0.14155844155844155 0.38051948051948054

1735223593
0.2648171500630517 0.0807061790668348 0.4312736443883985

1735223594
0.40488431876606684 0.2326478149100257 0.19408740359897173

1735223595
0.27629911280101394 0.051964512040557666 0.5424588086185045

1735223596
0.22068095838587642 0.07692307692307693 0.5132408575031526

1735223597
0.3375 0.14625 0.3725

1735223598
0.26650062266500624 0.1656288916562889 0.33997509339975096

1735223599
0.46035805626598464 0.3554987212276215 0.07289002557544758

1735223600
0.4481012658227848 0.30253164556962026 0.15063291139240506

1735223601
0.4457070707070707 0.3787878787878788 0.08080808080808081

1735223602
0.4358322744599746 0.4040660736975858 0.07369758576874205

1735223603
0.5310519645120405 0.30544993662864384 0.07984790874524715

1735223604
0.7446540880503144 0.2440251572327044 0.0037735849056603774

1735223605
0.7783312577833126 0.22166874221668742 0.0

1735223606
0.7531017369727047 0.24689826302729528 0.0

1735223607
0.75875 0.24125 0.0

1735223608
0.7225725094577553 0.27742749054224464 0.0

1735223609
0.8137254901960784 0.18627450980392157 0.0

1735223610
0.7817258883248731 0.2182741116751269 0.0

1735223611
0.8147684605757196 0.18523153942428036 0.0

1735223612
0.8080301129234629 0.191969887076537 0.0

1735223613
0.7717528373266078 0.2080706179066835 0.0

1735223614
0.5894206549118388 0.3198992443324937 0.0025188916876574307

1735223615
0.516497461928934 0.399746192893401 0.005076142131979695

1735223616
0.6183206106870229 0.30407124681933845 0.008905852417302799

1735223617
0.662007623888183 0.2681067344345616 0.010165184243964422

1735223618
0.7085427135678392 0.25251256281407036 0.0

1735223619
0.87125 0.12875 0.0

1735223620
0.664572864321608 0.2537688442211055 0.007537688442211055

1735223621
0.7074401008827238 0.23455233291298866 0.006305170239596469

1735223622
0.6749688667496887 0.3175591531755915 0.0

1735223623
0.67125 0.3275 0.0

1735223624
0.7324290998766955 0.2638717632552404 0.0012330456226880395

1735223625
0.6846153846153846 0.27692307692307694 0.005128205128205128

1735223626
0.5919395465994962 0.30100755667506296 0.0327455919395466

1735223627
0.5756035578144854 0.29860228716645487 0.03303684879288437

1735223628
0.5093399750933998 0.45828144458281445 0.017434620174346202

1735223629
0.5061881188118812 0.4801980198019802 0.006188118811881188

1735223631
0.45958583834335337 0.4028056112224449 0.11823647294589178

1735223632
0.7696629213483146 0.2303370786516854 0.0

1735223633
0.7 0.3 0.0

1735223634
0.7118226600985221 0.2881773399014778 0.0

1735223635
0.7283163265306123 0.26785714285714285 0.002551020408163265

1735223636
0.7164179104477612 0.2835820895522388 0.0

1735223637
0.69375 0.30625 0.0

1735223638
0.657465495608532 0.342534504391468 0.0

1735223639
0.6737235367372354 0.32627646326276466 0.0

1735223640
0.64875 0.34625 0.00375

1735223641
0.5627376425855514 0.35361216730038025 0.0697084917617237

1735223642
0.5629722921914357 0.40302267002518893 0.027707808564231738

1735223643
0.5822942643391521 0.4177057356608479 0.0

1735223644
0.64875 0.35125 0.0

1735223645
0.60625 0.39 0.0025

1735223646
0.4396984924623116 0.5590452261306532 0.0

1735223647
0.7263681592039801 0.2736318407960199 0.0

1735223648
0.6367041198501873 0.3620474406991261 0.0

1735223649
0.5162907268170426 0.4824561403508772 0.0

1735223650
0.5106382978723404 0.4806007509386733 0.0050062578222778474

1735223651
0.6461731493099122 0.35382685069008785 0.0

1735223652
0.70875 0.29125 0.0

1735223653
0.765 0.235 0.0

1735223654
0.6505576208178439 0.34944237918215615 0.0

1735223655
0.699873896595208 0.30012610340479196 0.0

1735223656
0.6488169364881694 0.35118306351183065 0.0

1735223657
0.6386449184441656 0.3613550815558344 0.0

1735223658
0.5712484237074401 0.41488020176544765 0.0

1735223660
0.6725178277564454 0.3263850795392211 0.0

1735223661
0.793800539083558 0.20619946091644206 0.0

1735223662
0.77 0.23 0.0

1735223663
0.8146766169154229 0.1853233830845771 0.0

1735223664
0.7975 0.2025 0.0

1735223665
0.7672090112640801 0.2327909887359199 0.0

1735223666
0.8017456359102244 0.19825436408977556 0.0

1735223667
0.7897371714643304 0.21026282853566958 0.0

1735223668
0.805 0.195 0.0

1735223669
0.8275 0.1725 0.0

1735223670
0.8322903629536921 0.1677096370463079 0.0

1735223671
0.7428214731585518 0.2571785268414482 0.0

1735223672
0.7375 0.2625 0.0

1735223673
0.70375 0.29625 0.0

1735223674
0.7575 0.2425 0.0

1735223675
0.75375 0.24625 0.0

1735223676
0.77875 0.22125 0.0

1735223677
0.77 0.23 0.0

1735223678
0.7634543178973717 0.23654568210262827 0.0

1735223679
0.79375 0.20625 0.0

1735223680
0.7765293383270911 0.22347066167290885 0.0

1735223681
0.76875 0.23125 0.0

1735223682
0.7875 0.2125 0.0

1735223683
0.78875 0.21125 0.0

1735223684
0.74625 0.25375 0.0

1735223685
0.76 0.24 0.0

1735223686
0.75875 0.24125 0.0

1735223687
0.7521902377972466 0.24780976220275344 0.0

1735223688
0.76375 0.23625 0.0

1735223689
0.7515605493133583 0.2484394506866417 0.0

1735223690
0.76875 0.23125 0.0

1735223691
0.7872340425531915 0.2127659574468085 0.0

1735223692
0.7825 0.2175 0.0

1735223693
0.77 0.23 0.0

1735223694
0.7915106117353309 0.20848938826466917 0.0

1735223695
0.8010012515644556 0.19899874843554444 0.0

1735223696
0.81125 0.18875 0.0

1735223697
0.7925 0.2075 0.0

1735223698
0.7602996254681648 0.2397003745318352 0.0

1735223699
0.8110137672090113 0.18898623279098872 0.0

1735223700
0.84625 0.15375 0.0

1735223701
0.8242574257425742 0.1745049504950495 0.0

1735223703
0.8123038292529818 0.1876961707470182 0.0

1735223704
0.79625 0.20375 0.0

1735223705
0.83625 0.16375 0.0

1735223706
0.8341708542713567 0.1658291457286432 0.0

1735223707
0.84 0.16 0.0

1735223708
0.8370646766169154 0.16293532338308458 0.0

1735223709
0.7506297229219143 0.23929471032745592 0.0012594458438287153

1735223710
0.42278481012658226 0.5177215189873418 0.006329113924050633

1735223711
0.4484924623115578 0.49748743718592964 0.001256281407035176

1735223712
0.3613550815558344 0.4880803011292346 0.06649937264742785

1735223713
0.45075757575757575 0.45202020202020204 0.007575757575757576

1735223714
0.44106463878326996 0.4372623574144487 0.015209125475285171

1735223715
0.48553459119496856 0.4188679245283019 0.006289308176100629

1735223716
0.4910941475826972 0.3931297709923664 0.008905852417302799

1735223717
0.46307884856070086 0.35544430538172717 0.058823529411764705

1735223718
0.5590851334180432 0.29987293519695046 0.008894536213468869

1735223719
0.6620775969962454 0.31789737171464333 0.0

1735223720
0.664572864321608 0.3128140703517588 0.001256281407035176

1735223721
0.6347607052896725 0.32997481108312343 0.006297229219143577

1735223722
0.7755610972568578 0.22069825436408977 0.0

1735223723
0.8034825870646766 0.19651741293532338 0.0

1735223724
0.7972465581977471 0.20275344180225283 0.0

1735223725
0.86125 0.13875 0.0

1735223726
0.853566958698373 0.14643304130162704 0.0

1735223727
0.9 0.1 0.0

1735223728
0.8841843088418431 0.11581569115815692 0.0

1735223729
0.9079445145018915 0.09205548549810845 0.0

1735223730
0.86625 0.13375 0.0

1735223731
0.7185929648241206 0.2198492462311558 0.0037688442211055275

1735223732
0.571608040201005 0.3479899497487437 0.018844221105527637

1735223733
0.5472887767969735 0.35561160151324084 0.0012610340479192938

1735223734
0.5012468827930174 0.19077306733167082 0.17955112219451372

1735223735
0.4618272841051314 0.16145181476846057 0.1702127659574468

1735223736
0.517632241813602 0.29093198992443325 0.006297229219143577

1735223737
0.8435544430538173 0.1476846057571965 0.0050062578222778474

1735223738
0.8295739348370927 0.16917293233082706 0.0012531328320802004

1735223739
0.8826466916354557 0.11610486891385768 0.0

1735223740
0.6443883984867591 0.25851197982345525 0.01008827238335435

1735223741
0.5703422053231939 0.23954372623574144 0.0063371356147021544

1735223742
0.5044136191677175 0.3883984867591425 0.021437578814627996

1735223743
0.5056461731493099 0.36386449184441655 0.006273525721455458

1735223744
0.4886934673366834 0.34673366834170855 0.02386934673366834

1735223745
0.5556978233034571 0.323943661971831 0.002560819462227913

1735223746
0.7947434292866082 0.18523153942428036 0.007509386733416771

1735223747
0.855 0.145 0.0

1735223748
0.8343711083437111 0.1643835616438356 0.0

1735223749
0.7989949748743719 0.1922110552763819 0.0

1735223750
0.8726591760299626 0.12734082397003746 0.0

1735223751
0.8460575719649562 0.1539424280350438 0.0

1735223752
0.8639200998751561 0.13607990012484394 0.0

1735223753
0.8827930174563591 0.11596009975062344 0.0012468827930174563

1735223754
0.8471177944862155 0.15288220551378445 0.0

1735223755
0.8904109589041096 0.1095890410958904 0.0

1735223756
0.835920177383592 0.15853658536585366 0.005543237250554324

1735223758
0.856159669649002 0.14315209910529939 0.0006882312456985547

1735223759
0.8977407847800237 0.10225921521997622 0.0

1735223760
0.8526841448189763 0.14731585518102372 0.0

1735223761
0.886107634543179 0.11389236545682102 0.0

1735223762
0.875 0.125 0.0

1735223763
0.8576779026217228 0.14232209737827714 0.0

1735223764
0.86625 0.11625 0.00125

1735223765
0.8614232209737828 0.13857677902621723 0.0

1735223766
0.87625 0.12375 0.0

1735223767
0.8973717146433041 0.10262828535669587 0.0

1735223768
0.9001248439450686 0.09987515605493133 0.0

1735223769
0.8936170212765957 0.10638297872340426 0.0

1735223770
0.8955223880597015 0.1044776119402985 0.0

1735223771
0.842964824120603 0.157035175879397 0.0

1735223772
0.8819444444444444 0.11805555555555555 0.0

1735223774
0.03852673755586377 0.23593774079210972 0.7216828478964401

