1735224414
0.17 0.19 4.7 103558

1735224415
1.04 0.35 4.7 10907

1735224416
1.04 0.35 4.7 9849

1735224417
1.04 0.37 4.68 24063

1735224418
1.04 0.37 4.68 20229

1735224419
1.57 0.49 4.67 65182

1735224420
1.57 0.49 4.67 117026

1735224421
2.92 0.77 4.7 73908

1735224422
2.92 0.77 4.7 7993

1735224423
2.57 0.78 4.68 14166

1735224424
2.57 0.78 4.68 54098

1735224425
3.19 0.95 4.69 77017

1735224426
3.19 0.95 4.69 96180

1735224427
4.24 1.21 4.72 94058

1735224428
4.24 1.21 4.72 81916

1735224429
4.38 1.34 4.72 30712

1735224430
4.38 1.34 4.72 13213

1735224431
3.76 1.32 4.69 10032

1735224432
3.76 1.32 4.69 6366

1735224433
3.08 1.28 4.66 6802

1735224434
3.08 1.28 4.66 14760

1735224435
2.7 1.27 4.63 10197

1735224436
2.7 1.27 4.63 84287

1735224437
4.39 1.62 4.68 169443

1735224438
4.39 1.62 4.68 10179

1735224439
4.39 1.62 4.68 10682

1735224440
3.77 1.6 4.66 7258

1735224441
3.09 1.55 4.63 11328

1735224442
3.09 1.55 4.63 13035

1735224443
3.09 1.55 4.63 9840

1735224444
2.71 1.53 4.6 6578

1735224445
2.71 1.53 4.6 6514

1735224446
2.22 1.48 4.57 8862

1735224447
2.22 1.48 4.57 8761

1735224448
1.81 1.43 4.54 6302

1735224449
1.48 1.38 4.51 1675

1735224450
1.48 1.38 4.51 2030

1735224451
1.21 1.34 4.48 2934

1735224452
1.21 1.34 4.48 4157

1735224453
1.21 1.34 4.48 3601

1735224454
0.99 1.29 4.45 3752

1735224455
0.99 1.29 4.45 6150

1735224456
0.81 1.25 4.41 2751

1735224457
0.81 1.25 4.41 2352

1735224458
0.66 1.21 4.38 3819

1735224459
0.66 1.21 4.38 3833

1735224460
0.54 1.17 4.35 6141

1735224461
0.54 1.17 4.35 5969

1735224462
0.44 1.13 4.32 2564

1735224463
0.44 1.13 4.32 3478

1735224464
0.36 1.09 4.29 3341

1735224465
0.36 1.09 4.29 5543

1735224466
0.29 1.06 4.26 188403

1735224467
3.14 1.55 4.35 175698

1735224468
3.14 1.55 4.35 153034

1735224469
3.14 1.55 4.35 173427

1735224470
5.83 2.08 4.44 169371

1735224471
5.83 2.08 4.44 167045

1735224472
7.67 2.54 4.52 168979

1735224473
7.67 2.54 4.52 172805

1735224474
9.18 2.98 4.6 177688

1735224475
9.18 2.98 4.6 167543

1735224476
10.6 3.44 4.68 177788

1735224477
10.6 3.44 4.68 179428

1735224478
11.94 3.92 4.77 184192

1735224479
11.94 3.92 4.77 175600

1735224480
12.85 4.34 4.86 166731

1735224481
12.85 4.34 4.86 91693

1735224482
12.52 4.56 4.9 16898

1735224483
12.52 4.56 4.9 19671

1735224484
10.61 4.48 4.88 145585

1735224485
10.61 4.48 4.88 318720

1735224486
13.04 5.12 5.01 294920

1735224487
13.04 5.12 5.01 291219

1735224488
15.93 5.9 5.17 310760

1735224489
15.93 5.9 5.17 59397

1735224490
15.94 6.23 5.25 224619

1735224491
15.94 6.23 5.25 428264

1735224492
19.39 7.17 5.45 347088

1735224493
19.39 7.17 5.45 3555

1735224494
18.41 7.39 5.51 3251

1735224495
18.41 7.39 5.51 82085

1735224496
15.8 7.28 5.5 129221

1735224497
15.8 7.28 5.5 106394

1735224498
15.11 7.44 5.54 190247

1735224499
15.11 7.44 5.54 218215

1735224500
16.0 7.85 5.64 117713

1735224501
16.0 7.85 5.64 63960

1735224502
14.55 7.85 5.66 5295

1735224503
14.55 7.85 5.66 2040

1735224504
11.91 7.59 5.62 38694

1735224505
11.91 7.59 5.62 28694

1735224506
10.29 7.44 5.6 28112

1735224507
10.29 7.44 5.6 18207

1735224508
8.79 7.27 5.58 11616

1735224509
8.79 7.27 5.58 28055

1735224510
7.56 7.09 5.55 24088

1735224511
7.56 7.09 5.55 106369

1735224512
7.28 7.06 5.56 33178

1735224513
7.28 7.06 5.56 20776

1735224514
6.32 6.89 5.53 5722

1735224515
6.32 6.89 5.53 6927

1735224516
5.17 6.66 5.49 18756

1735224517
5.17 6.66 5.49 13117

1735224518
4.42 6.48 5.46 7462

1735224519
4.42 6.48 5.46 6063

1735224520
3.61 6.27 5.42 12379

1735224521
3.61 6.27 5.42 8812

1735224522
3.14 6.09 5.39 23821

1735224523
3.14 6.09 5.39 7536

1735224524
2.75 5.93 5.36 19219

1735224525
2.75 5.93 5.36 12094

1735224526
2.43 5.77 5.33 15989

1735224527
2.43 5.77 5.33 8383

1735224528
2.17 5.61 5.3 23145

1735224529
2.17 5.61 5.3 7965

1735224530
1.96 5.46 5.27 2187

1735224531
1.96 5.46 5.27 1459

1735224532
1.6 5.28 5.24 14978

1735224533
1.6 5.28 5.24 9691

1735224534
1.49 5.14 5.21 16736

1735224535
1.49 5.14 5.21 12621

1735224536
1.4 5.0 5.18 19221

1735224537
1.4 5.0 5.18 7853

1735224538
1.33 4.87 5.15 10487

1735224539
1.33 4.87 5.15 100686

1735224540
2.17 4.91 5.16 39544

1735224541
2.17 4.91 5.16 28118

1735224542
2.32 4.85 5.14 24435

1735224543
2.32 4.85 5.14 16466

1735224544
2.08 4.72 5.11 26448

1735224545
2.08 4.72 5.11 26616

1735224546
2.07 4.63 5.09 41843

1735224547
2.07 4.63 5.09 17744

1735224548
2.05 4.54 5.07 24652

1735224549
2.05 4.54 5.07 41737

1735224550
2.59 4.56 5.07 101757

1735224551
2.59 4.56 5.07 126064

1735224552
3.93 4.74 5.1 86976

1735224553
3.93 4.74 5.1 51385

1735224554
4.3 4.78 5.11 21563

1735224555
3.52 4.62 5.07 1344

1735224556
3.52 4.62 5.07 10245

1735224557
3.52 4.62 5.07 17445

1735224558
3.06 4.5 5.05 20786

1735224559
3.06 4.5 5.05 48642

1735224560
3.05 4.45 5.03 18613

1735224561
2.68 4.34 5.0 24307

1735224562
2.68 4.34 5.0 4098

1735224563
2.19 4.2 4.97 7839

1735224564
2.19 4.2 4.97 5009

1735224565
2.19 4.2 4.97 7858

1735224566
1.79 4.06 4.93 2698

1735224567
1.79 4.06 4.93 48667

1735224568
1.83 3.99 4.91 14806

1735224569
1.86 3.93 4.89 34197

1735224570
1.86 3.93 4.89 12749

1735224571
1.86 3.93 4.89 77876

1735224572
2.43 3.96 4.89 126095

1735224573
2.43 3.96 4.89 140104

1735224574
4.34 4.26 4.95 106786

1735224575
4.34 4.26 4.95 79634

1735224576
5.37 4.45 4.99 342094

1735224577
5.37 4.45 4.99 143473

1735224578
8.56 5.05 5.11 202975

1735224579
8.56 5.05 5.11 169824

1735224580
10.63 5.54 5.21 142334

1735224581
10.63 5.54 5.21 48437

1735224582
9.79 5.56 5.22 138766

1735224583
9.79 5.56 5.22 605017

1735224584
16.35 6.88 5.5 633944

1735224585
16.35 6.88 5.5 315210

1735224586
20.27 7.9 5.72 98582

1735224587
20.27 7.9 5.72 117143

1735224588
18.59 8.0 5.75 120070

1735224589
18.59 8.0 5.75 317625

1735224590
19.21 8.46 5.86 260610

1735224592
24.06 9.69 6.14 1136049

1735224593
24.06 9.69 6.14 596412

1735224594
30.93 11.4 6.52 629847

1735224595
30.93 11.4 6.52 672127

1735224596
36.38 13.02 6.89 244135

1735224597
36.38 13.02 6.89 391805

1735224598
34.14 13.38 7.01 143502

1735224599
34.14 13.38 7.01 152974

1735224600
30.85 13.47 7.07 215088

1735224601
30.85 13.47 7.07 143270

1735224602
28.7 13.65 7.15 499111

1735224603
28.7 13.65 7.15 526804

1735224604
33.83 15.07 7.49 562943

1735224605
33.83 15.07 7.49 200383

1735224606
33.13 15.55 7.65 198228

1735224607
33.13 15.55 7.65 126886

1735224608
29.48 15.47 7.69 110160

1735224609
29.48 15.47 7.69 374173

1735224610
29.76 15.98 7.85 547495

1735224611
29.76 15.98 7.85 199591

1735224612
30.89 16.63 8.04 475747

1735224613
30.89 16.63 8.04 509720

1735224614
32.9 17.46 8.27 309797

1735224615
32.56 17.91 8.43 432831

1735224616
32.56 17.91 8.43 100551

1735224617
29.01 17.75 8.46 109237

1735224618
29.01 17.75 8.46 4493

1735224619
29.01 17.75 8.46 236217

1735224620
26.83 17.72 8.52 271304

1735224621
25.41 17.76 8.59 294974

1735224622
25.41 17.76 8.59 236776

1735224623
25.41 17.76 8.59 295247

1735224624
26.43 18.2 8.74 51558

1735224625
26.43 18.2 8.74 196071

1735224626
23.63 17.96 8.76 58880

1735224627
23.63 17.96 8.76 19394

1735224628
19.71 17.44 8.71 210267

1735224629
19.71 17.44 8.71 359853

1735224630
23.02 18.11 8.91 241274

1735224631
23.02 18.11 8.91 674

1735224632
20.48 17.81 8.91 255204

1735224633
18.22 17.49 8.91 80231

1735224634
18.22 17.49 8.91 102375

1735224635
18.22 17.49 8.91 131543

1735224636
17.27 17.34 8.93 68943

1735224637
17.27 17.34 8.93 35725

1735224638
14.69 16.87 8.89 75799

1735224639
14.69 16.87 8.89 7604

1735224640
12.75 16.45 8.86 12716

1735224641
12.75 16.45 8.86 10001

1735224642
10.62 15.95 8.8 37597

1735224643
10.62 15.95 8.8 277

1735224644
8.88 15.46 8.75 11609

1735224645
8.88 15.46 8.75 18904

1735224646
7.45 14.98 8.7 19098

1735224647
6.28 14.53 8.64 29880

1735224648
6.28 14.53 8.64 4939

1735224649
5.32 14.08 8.59 24922

1735224650
5.32 14.08 8.59 11526

1735224651
5.32 14.08 8.59 8021

1735224652
4.54 13.65 8.54 15575

1735224653
4.54 13.65 8.54 7552

1735224654
3.71 13.21 8.48 18335

1735224655
3.04 12.77 8.42 6559

1735224656
3.04 12.77 8.42 23859

1735224657
2.67 12.39 8.37 7669

1735224658
2.67 12.39 8.37 3754

1735224659
2.67 12.39 8.37 2011

1735224660
2.37 12.02 8.32 21657

1735224661
2.37 12.02 8.32 8066

1735224662
2.12 11.66 8.27 13574

1735224663
2.12 11.66 8.27 3105

1735224664
1.73 11.27 8.21 46895

1735224665
1.78 10.97 8.17 15708

1735224666
1.78 10.97 8.17 17717

1735224667
1.78 10.97 8.17 8051

1735224668
1.64 10.64 8.12 10527

1735224669
1.64 10.64 8.12 33672

1735224670
1.7 10.36 8.08 14257

1735224671
1.7 10.36 8.08 22330

1735224672
1.76 10.09 8.04 36044

1735224673
1.76 10.09 8.04 8671

1735224674
1.62 9.79 7.99 6599

1735224675
1.62 9.79 7.99 221

1735224676
1.32 9.47 7.94 28943

1735224677
1.32 9.47 7.94 4637

1735224678
2.17 9.35 7.92 173852

1735224679
2.17 9.35 7.92 237598

1735224680
5.94 9.8 8.03 419848

1735224681
5.94 9.8 8.03 692009

1735224682
13.92 11.12 8.31 264886

1735224683
16.83 11.73 8.46 393536

1735224684
16.83 11.73 8.46 11655

1735224685
14.33 11.45 8.42 55637

1735224686
14.33 11.45 8.42 15788

1735224687
14.33 11.45 8.42 54497

1735224688
12.46 11.2 8.39 25628

1735224689
10.56 10.9 8.35 29926

1735224690
10.56 10.9 8.35 15879

1735224691
10.56 10.9 8.35 161547

1735224692
11.0 10.97 8.38 171381

1735224693
11.0 10.97 8.38 28318

1735224694
10.09 10.81 8.36 18053

1735224695
10.09 10.81 8.36 210099

1735224696
10.26 10.81 8.38 20967

1735224697
10.26 10.81 8.38 11496

1735224698
9.67 10.69 8.37 190291

1735224699
9.67 10.69 8.37 1462

1735224700
8.46 10.44 8.34 71261

1735224701
7.65 10.23 8.31 27051

1735224702
7.65 10.23 8.31 78511

1735224703
7.17 10.05 8.28 28373

1735224704
7.17 10.05 8.28 18561

1735224705
7.17 10.05 8.28 17976

1735224706
6.23 9.79 8.24 10115

1735224707
6.23 9.79 8.24 11738

1735224708
5.1 9.47 8.18 3569

1735224709
4.36 9.19 8.13 24506

1735224710
4.36 9.19 8.13 11114

1735224711
4.36 9.19 8.13 14183

1735224712
3.75 8.92 8.08 33683

1735224713
3.75 8.92 8.08 17259

1735224714
3.43 8.7 8.04 4227

1735224715
3.43 8.7 8.04 7842

1735224716
2.81 8.41 7.99 6558

1735224717
2.81 8.41 7.99 10751

1735224718
2.48 8.17 7.94 8430

1735224719
2.48 8.17 7.94 21898

1735224720
2.39 7.97 7.9 25287

1735224721
2.39 7.97 7.9 24956

1735224722
2.32 7.77 7.86 27767

1735224723
2.08 7.55 7.81 18570

1735224724
2.08 7.55 7.81 61367

1735224725
2.08 7.55 7.81 435622

1735224726
8.77 8.58 8.02 844613

1735224727
8.77 8.58 8.02 367392

1735224728
16.24 9.93 8.31 250969

1735224729
16.24 9.93 8.31 204615

1735224730
19.81 10.79 8.5 707027

1735224731
19.81 10.79 8.5 241912

1735224732
24.01 11.84 8.74 594814

1735224733
24.01 11.84 8.74 311725

1735224734
27.09 12.79 8.96 434174

1735224735
27.09 12.79 8.96 588978

1735224736
33.05 14.34 9.31 612920

1735224737
33.05 14.34 9.31 1058563

1735224738
40.47 16.29 9.75 326471

1735224739
40.47 16.29 9.75 166398

1735224740
37.85 16.61 9.86 471843

1735224741
37.85 16.61 9.86 320267

1735224742
36.61 17.08 10.0 103482

1735224743
30.88 16.68 9.97 78448

1735224744
30.88 16.68 9.97 11038

1735224745
30.88 16.68 9.97 210144

1735224746
28.18 16.66 10.01 179493

1735224747
28.18 16.66 10.01 151053

1735224748
25.79 16.61 10.05 123526

1735224749
25.79 16.61 10.05 317915

1735224750
25.65 16.88 10.15 377048

1735224751
25.65 16.88 10.15 726118

1735224752
33.32 18.55 10.54 650074

1735224753
33.32 18.55 10.54 385713

1735224754
33.99 19.16 10.72 224981

1735224755
33.99 19.16 10.72 190683

1735224756
30.73 19.05 10.76 106378

1735224757
30.73 19.05 10.76 156159

1735224758
27.88 18.92 10.79 139402

1735224759
27.88 18.92 10.79 132665

1735224760
24.82 18.66 10.79 108754

1735224761
24.82 18.66 10.79 148200

1735224762
23.22 18.57 10.83 182830

1735224763
23.22 18.57 10.83 189523

1735224764
22.27 18.55 10.88 178419

1735224765
22.27 18.55 10.88 321700

1735224766
25.66 19.29 11.08 660701

1735224767
25.66 19.29 11.08 955025

1735224768
37.68 21.67 11.64 1078517

1735224769
37.68 21.67 11.64 888014

1735224770
48.61 24.16 12.23 1125767

1735224771
48.61 24.16 12.23 748661

1735224772
55.02 26.12 12.72 756723

1735224773
55.02 26.12 12.72 928500

1735224774
61.72 28.28 13.26 931514

1735224775
61.72 28.28 13.26 769512

1735224776
61.22 29.28 13.57 218226

1735224777
61.22 29.28 13.57 297527

1735224778
54.66 29.14 13.65 177586

1735224779
54.66 29.14 13.65 214714

1735224780
50.92 29.3 13.79 618204

1735224781
50.92 29.3 13.79 645327

1735224782
53.47 30.47 14.14 656740

1735224783
53.47 30.47 14.14 279223

1735224784
49.21 30.45 14.25 225847

1735224785
49.21 30.45 14.25 247572

1735224786
45.73 30.44 14.36 464262

1735224787
45.73 30.44 14.36 847958

1735224788
50.13 31.73 14.74 581939

1735224789
50.13 31.73 14.74 488687

1735224790
51.19 32.53 15.02 633047

1735224791
51.19 32.53 15.02 622790

1735224792
53.69 33.59 15.36 712853

1735224793
53.69 33.59 15.36 671443

1735224794
56.83 34.81 15.74 868597

1735224795
56.83 34.81 15.74 892471

1735224796
61.39 36.36 16.19 700185

1735224797
61.39 36.36 16.19 652588

1735224798
62.77 37.43 16.56 734602

1735224799
62.77 37.43 16.56 833887

1735224800
66.97 39.02 17.03 922028

1735224801
66.97 39.02 17.03 917787

1735224802
71.33 40.72 17.54 905617

1735224803
71.33 40.72 17.54 869361

1735224804
73.98 42.2 18.0 827404

1735224805
73.98 42.2 18.0 864375

1735224806
75.98 43.6 18.46 831520

1735224807
75.98 43.6 18.46 871464

1735224808
77.61 44.95 18.92 858732

1735224809
77.61 44.95 18.92 834756

1735224810
78.77 46.23 19.36 858087

1735224811
78.77 46.23 19.36 890587

1735224812
80.08 47.53 19.82 837383

1735224813
80.08 47.53 19.82 781362

1735224814
80.06 48.59 20.23 823869

1735224815
80.06 48.59 20.23 866089

1735224816
80.96 49.78 20.67 848947

1735224817
80.96 49.78 20.67 839873

1735224818
81.33 50.87 21.1 820079

1735224819
81.33 50.87 21.1 860585

1735224820
80.72 51.76 21.49 704425

1735224821
80.72 51.76 21.49 820827

1735224822
80.95 52.75 21.9 843110

1735224823
80.95 52.75 21.9 860192

1735224824
81.87 53.84 22.34 868139

1735224825
81.87 53.84 22.34 843489

1735224826
82.43 54.86 22.77 856953

1735224827
82.43 54.86 22.77 902966

1735224828
83.44 55.94 23.22 859291

1735224829
83.44 55.94 23.22 848253

1735224830
83.9 56.92 23.65 885086

1735224831
83.9 56.92 23.65 859992

1735224832
83.74 57.78 24.05 786200

1735224833
83.74 57.78 24.05 603075

1735224834
80.52 58.05 24.34 717916

1735224835
80.52 58.05 24.34 867691

1735224836
81.7 58.99 24.77 900900

1735224837
81.7 58.99 24.77 824584

1735224838
81.39 59.68 25.14 774356

1735224839
81.39 59.68 25.14 764338

1735224840
79.32 60.02 25.45 611150

1735224841
79.32 60.02 25.45 740761

1735224842
79.08 60.61 25.81 815083

1735224843
79.08 60.61 25.81 668815

1735224844
77.44 60.91 26.11 782717

1735224846
70.29 60.16 26.19 682464

1735224847
70.29 60.16 26.19 543091

1735224848
65.71 59.67 26.32 390816

1735224849
65.71 59.67 26.32 309016

1735224850
63.04 59.38 26.49 787627

1735224851
63.04 59.38 26.49 811198

1735224852
65.93 60.02 26.85 781620

1735224853
65.93 60.02 26.85 894903

1735224854
69.93 60.94 27.27 890418

1735224855
69.93 60.94 27.27 882523

1735224856
72.48 61.69 27.66 792758

1735224857
72.48 61.69 27.66 715725

1735224858
72.39 62.03 27.96 720353

1735224859
72.39 62.03 27.96 789898

1735224860
73.41 62.55 28.3 790841

1735224861
73.41 62.55 28.3 891230

1735224862
76.41 63.45 28.73 918212

1735224863
76.41 63.45 28.73 802417

1735224864
77.24 64.03 29.08 837214

1735224865
77.24 64.03 29.08 945219

1735224866
79.37 64.84 29.49 789588

1735224867
79.37 64.84 29.49 659583

1735224868
76.95 64.88 29.74 700929

1735224869
76.95 64.88 29.74 691802

1735224870
75.33 64.98 30.0 685201

1735224871
75.33 64.98 30.0 652651

1735224872
70.56 64.46 30.13 306155

1735224873
70.56 64.46 30.13 240645

1735224874
61.03 62.94 30.05 109719

1735224875
61.03 62.94 30.05 136419

1735224876
52.33 61.31 29.93 127144

1735224877
52.33 61.31 29.93 95227

1735224878
44.66 59.63 29.8 110091

1735224879
44.66 59.63 29.8 118160

1735224880
41.1 58.49 29.77 423023

1735224881
41.1 58.49 29.77 502584

1735224882
43.07 58.28 29.92 541290

1735224883
43.07 58.28 29.92 804658

1735224884
49.04 58.86 30.23 713131

1735224885
49.04 58.86 30.23 643714

1735224886
52.83 59.22 30.5 773700

1735224887
52.83 59.22 30.5 671078

1735224888
55.22 59.45 30.75 655839

1735224889
55.22 59.45 30.75 644406

1735224890
57.17 59.66 30.99 681886

1735224891
57.17 59.66 30.99 436715

1735224892
52.25 58.69 30.98 153800

1735224893
52.25 58.69 30.98 52276

1735224894
45.68 57.29 30.88 293184

1735224895
45.68 57.29 30.88 232023

1735224896
41.57 56.17 30.83 226510

1735224897
41.57 56.17 30.83 383210

1735224898
42.55 55.87 30.94 572303

1735224899
42.55 55.87 30.94 587638

1735224900
44.81 55.84 31.1 545329

1735224901
44.81 55.84 31.1 35425

1735224902
37.41 54.15 30.91 31273

1735224903
37.41 54.15 30.91 422947

1735224904
39.15 53.91 31.03 579641

1735224905
39.15 53.91 31.03 303535

1735224906
42.38 54.01 31.2 799805

1735224907
42.38 54.01 31.2 812230

1735224908
49.2 54.86 31.54 794233

1735224909
49.2 54.86 31.54 703529

1735224910
50.79 54.97 31.72 461455

1735224911
50.79 54.97 31.72 614683

1735224912
52.64 55.16 31.92 627233

1735224913
52.64 55.16 31.92 634682

1735224914
56.15 55.71 32.19 815138

1735224915
56.15 55.71 32.19 560548

1735224916
56.84 55.85 32.38 646990

1735224917
56.84 55.85 32.38 592855

1735224918
57.6 56.02 32.58 630402

1735224919
57.6 56.02 32.58 644725

1735224920
57.85 56.12 32.76 537175

1735224921
57.85 56.12 32.76 515706

1735224922
57.51 56.12 32.92 606542

1735224923
57.51 56.12 32.92 625992

1735224924
57.51 56.12 32.92 631440

1735224925
58.33 56.31 33.12 472482

1735224926
58.33 56.31 33.12 448667

1735224927
55.91 55.94 33.2 432035

1735224928
55.91 55.94 33.2 659563

1735224929
55.56 55.87 33.34 562719

1735224930
55.56 55.87 33.34 150128

1735224931
51.66 55.16 33.35 385717

1735224932
51.66 55.16 33.35 359964

1735224933
49.0 54.56 33.37 491362

1735224934
49.0 54.56 33.37 424014

1735224935
48.27 54.25 33.45 509624

1735224936
48.27 54.25 33.45 505632

1735224937
48.59 54.11 33.57 499749

1735224938
48.59 54.11 33.57 501545

1735224939
48.84 53.98 33.68 499427

1735224940
48.84 53.98 33.68 445992

1735224941
48.33 53.71 33.76 480561

1735224942
48.33 53.71 33.76 585348

1735224943
49.35 53.72 33.9 704698

1735224944
49.35 53.72 33.9 644428

1735224945
52.55 54.16 34.13 711983

1735224946
52.55 54.16 34.13 585026

1735224947
54.8 54.51 34.34 654581

1735224948
54.8 54.51 34.34 733999

1735224949
57.19 54.95 34.57 546107

1735224950
57.19 54.95 34.57 253572

1735224951
53.72 54.4 34.59 252984

1735224952
53.72 54.4 34.59 202264

1735224953
48.15 53.37 34.51 532363

1735224954
48.15 53.37 34.51 485440

1735224955
48.3 53.23 34.61 483193

1735224956
48.3 53.23 34.61 879808

1735224957
52.23 53.78 34.85 813211

1735224958
52.23 53.78 34.85 905270

1735224959
58.53 54.86 35.21 936762

1735224960
58.53 54.86 35.21 916738

1735224961
64.59 56.08 35.6 908873

1735224962
64.59 56.08 35.6 875788

1735224963
69.01 57.16 35.96 901865

1735224964
69.01 57.16 35.96 894924

1735224965
72.81 58.23 36.33 862452

1735224966
72.81 58.23 36.33 878495

1735224967
75.38 59.17 36.68 897290

1735224968
75.38 59.17 36.68 823086

1735224969
76.94 59.98 37.0 607422

1735224970
76.94 59.98 37.0 671047

1735224971
74.42 60.08 37.18 598487

1735224972
74.42 60.08 37.18 601974

1735224973
71.8 60.08 37.34 630418

1735224974
71.8 60.08 37.34 606265

1735224975
69.85 60.11 37.5 595054

1735224976
69.85 60.11 37.5 428020

1735224977
66.25 59.78 37.59 322031

1735224978
66.25 59.78 37.59 237331

1735224979
58.78 58.64 37.5 73879

1735224980
58.78 58.64 37.5 43171

1735224981
49.03 56.89 37.28 225185

1735224982
49.03 56.89 37.28 872577

1735224983
51.38 57.05 37.45 932584

1735224984
51.38 57.05 37.45 717344

1735224985
56.75 57.84 37.74 692025

1735224986
56.75 57.84 37.74 624140

1735224987
58.06 58.04 37.92 582912

1735224988
58.06 58.04 37.92 332200

1735224989
55.33 57.55 37.96 310030

1735224990
55.33 57.55 37.96 140513

1735224991
48.75 56.29 37.83 131566

1735224992
48.75 56.29 37.83 267197

1735224993
43.72 55.13 37.71 102563

1735224994
43.72 55.13 37.71 179076

1735224995
37.97 53.72 37.54 53109

1735224996
37.97 53.72 37.54 359186

1735224997
35.44 52.75 37.44 574912

1735224998
35.44 52.75 37.44 554400

1735224999
39.35 52.89 37.58 625624

1735225000
39.35 52.89 37.58 605995

1735225001
43.27 53.15 37.74 613796

1735225002
43.27 53.15 37.74 588424

1735225003
46.3 53.37 37.89 563221

1735225004
46.3 53.37 37.89 591237

1735225005
48.42 53.53 38.03 643789

1735225006
48.42 53.53 38.03 599865

1735225007
50.7 53.77 38.19 587515

1735225008
50.7 53.77 38.19 639805

1735225009
52.56 54.01 38.34 522963

1735225010
52.56 54.01 38.34 636782

1735225011
53.55 54.14 38.48 672849

1735225012
53.55 54.14 38.48 431538

1735225013
53.45 54.1 38.58 575853

1735225014
53.45 54.1 38.58 486350

1735225015
53.73 54.13 38.69 898700

1735225016
53.73 54.13 38.69 916335

1735225017
60.84 55.4 39.06 930937

1735225018
60.84 55.4 39.06 928569

1735225019
66.3 56.57 39.42 895190

1735225020
66.3 56.57 39.42 919105

1735225021
70.6 57.66 39.76 899393

1735225022
70.6 57.66 39.76 937465

1735225023
74.47 58.78 40.12 902597

1735225024
74.47 58.78 40.12 876753

1735225025
76.38 59.64 40.43 729251

1735225026
76.38 59.64 40.43 748250

1735225027
75.95 60.11 40.66 717476

1735225028
75.95 60.11 40.66 684475

1735225029
75.05 60.47 40.86 884607

1735225030
75.05 60.47 40.86 925115

1735225031
77.76 61.43 41.2 880282

1735225032
77.76 61.43 41.2 886256

1735225033
79.43 62.27 41.51 889331

1735225034
79.43 62.27 41.51 828423

1735225035
80.44 63.01 41.81 831024

1735225036
80.44 63.01 41.81 666577

1735225037
79.45 63.41 42.04 908699

1735225038
79.45 63.41 42.04 996823

1735225039
82.63 64.51 42.41 998197

1735225040
82.63 64.51 42.41 987744

1735225041
85.41 65.6 42.79 983952

1735225042
85.41 65.6 42.79 931793

1735225043
87.15 66.56 43.15 907820

1735225044
87.15 66.56 43.15 891004

1735225045
87.48 67.3 43.46 909845

1735225046
87.48 67.3 43.46 928908

1735225047
88.3 68.1 43.8 919795

1735225048
88.3 68.1 43.8 944791

1735225049
88.61 68.82 44.11 383791

1735225050
88.61 68.82 44.11 902236

1735225051
84.51 68.73 44.26 902767

1735225052
84.51 68.73 44.26 793560

1735225053
84.06 69.16 44.52 811967

1735225054
84.06 69.16 44.52 893896

1735225055
84.23 69.68 44.8 841799

1735225056
84.23 69.68 44.8 882790

1735225057
84.73 70.25 45.09 890633

1735225058
84.73 70.25 45.09 893306

1735225059
85.5 70.86 45.39 889201

1735225060
85.5 70.86 45.39 858773

1735225061
85.77 71.39 45.67 897508

1735225062
85.77 71.39 45.67 908654

1735225063
86.54 72.0 45.97 899596

1735225064
86.54 72.0 45.97 934243

1735225065
87.35 72.62 46.28 916841

1735225066
87.35 72.62 46.28 916902

1735225067
87.64 73.16 46.57 706345

1735225068
87.64 73.16 46.57 947096

1735225069
87.16 73.54 46.84 940149

1735225070
87.16 73.54 46.84 901965

1735225071
86.77 73.92 47.1 736592

1735225072
86.77 73.92 47.1 903220

1735225073
86.81 74.35 47.37 921039

1735225074
86.81 74.35 47.37 920062

1735225075
87.57 74.89 47.67 709647

1735225076
87.57 74.89 47.67 249605

1735225077
78.59 73.68 47.6 380376

1735225078
78.59 73.68 47.6 492570

1735225079
73.59 72.94 47.63 671195

1735225080
73.59 72.94 47.63 688220

1735225081
70.76 72.45 47.7 473645

1735225082
70.76 72.45 47.7 375962

1735225083
66.46 71.62 47.69 399749

1735225084
66.46 71.62 47.69 227822

1735225085
60.03 70.29 47.58 349451

1735225086
60.03 70.29 47.58 173923

1735225087
52.78 68.64 47.39 146205

1735225088
52.78 68.64 47.39 166520

1735225089
45.94 66.89 47.17 120177

1735225090
45.94 66.89 47.17 661304

1735225091
46.31 66.27 47.17 620910

1735225092
46.31 66.27 47.17 617409

1735225093
49.15 66.13 47.28 599598

1735225094
49.15 66.13 47.28 482213

1735225095
50.03 65.73 47.32 466308

1735225096
50.03 65.73 47.32 170140

1735225097
44.59 64.24 47.13 94851

1735225098
44.59 64.24 47.13 50452

1735225099
37.78 62.36 46.86 46095

1735225100
37.78 62.36 46.86 62099

1735225101
31.84 60.49 46.57 84200

1735225102
31.84 60.49 46.57 63429

1735225103
27.34 58.74 46.3 116578

1735225104
27.34 58.74 46.3 120944

1735225105
24.38 57.17 46.06 100469

1735225106
24.38 57.17 46.06 39614

1735225107
21.05 55.5 45.79 62357

1735225108
21.05 55.5 45.79 125921

1735225109
18.86 53.98 45.54 64583

1735225110
18.86 53.98 45.54 62693

1735225111
16.53 52.41 45.26 370103

1735225112
16.53 52.41 45.26 346805

1735225113
20.24 51.9 45.21 262857

1735225115
19.29 50.7 45.0 161154

1735225116
19.29 50.7 45.0 109580

1735225117
17.42 49.33 44.75 87383

1735225118
17.42 49.33 44.75 106554

1735225119
15.72 47.98 44.5 53202

1735225120
15.72 47.98 44.5 98771

1735225121
14.5 46.7 44.26 127865

1735225122
14.5 46.7 44.26 124989

1735225123
14.04 45.57 44.04 121578

1735225124
14.04 45.57 44.04 120316

1735225125
13.67 44.47 43.82 144414

1735225126
13.67 44.47 43.82 195367

1735225127
13.91 43.51 43.62 133806

1735225128
13.91 43.51 43.62 292876

1735225129
15.92 42.9 43.5 146712

1735225130
15.92 42.9 43.5 132992

1735225131
15.03 41.86 43.27 131780

1735225132
15.03 41.86 43.27 91162

1735225133
14.48 40.88 43.06 142784

1735225134
14.48 40.88 43.06 133314

1735225135
13.85 39.9 42.84 84078

1735225136
13.85 39.9 42.84 279364

1735225137
15.5 39.35 42.7 250586

1735225138
15.5 39.35 42.7 84943

1735225139
14.69 38.42 42.49 51765

1735225141
12.21 37.19 42.2 15042

1735225142
12.21 37.19 42.2 122769

1735225143
11.26 36.21 41.96 286047

1735225144
15.56 36.17 41.91 462701

1735225145
15.56 36.17 41.91 23835

1735225146
15.82 35.54 41.74 354684

1735225147
15.82 35.54 41.74 594879

1735225148
15.82 35.54 41.74 358974

1735225149
23.1 36.21 41.84 245062

1735225151
24.17 35.97 41.75 574597

1735225152
22.69 35.32 41.58 281001

1735225153
22.69 35.32 41.58 51213

1735225155
19.48 34.33 41.33 80998

1735225156
21.39 34.18 41.25 545609

1735225157
21.39 34.18 41.25 75272

1735225158
21.39 34.18 41.25 86358

1735225159
19.14 33.36 41.03 59035

1735225160
19.14 33.36 41.03 276214

1735225161
20.02 33.05 40.91 362063

1735225162
19.47 32.53 40.75 183005

1735225163
19.47 32.53 40.75 90017

1735225164
17.94 31.82 40.55 133203

1735225165
17.94 31.82 40.55 62850

1735225166
17.94 31.82 40.55 340426

1735225167
20.48 31.83 40.49 467943

1735225168
20.48 31.83 40.49 398426

1735225169
23.84 32.06 40.48 327902

1735225170
23.84 32.06 40.48 100945

1735225171
22.6 31.57 40.32 469822

1735225172
22.6 31.57 40.32 902287

1735225173
33.9 33.32 40.62 1103452

1735225174
33.9 33.32 40.62 638043

1735225175
42.79 34.94 40.91 789939

1735225176
42.79 34.94 40.91 963651

1735225177
51.16 36.71 41.24 909822

1735225178
51.16 36.71 41.24 923230

1735225179
58.92 38.59 41.6 962449

1735225180
58.92 38.59 41.6 955361

1735225181
65.64 40.47 41.97 935873

1735225182
65.64 40.47 41.97 966603

1735225183
70.78 42.22 42.33 967736

1735225184
70.78 42.22 42.33 961525

1735225185
75.35 43.98 42.7 915808

1735225186
75.35 43.98 42.7 911699

1735225187
78.0 45.48 43.02 907113

1735225188
78.0 45.48 43.02 943583

1735225189
80.54 47.0 43.36 913843

1735225190
80.54 47.0 43.36 931607

1735225191
82.43 48.44 43.68 874524

1735225192
82.43 48.44 43.68 891254

1735225193
83.44 49.74 43.98 925107

1735225194
83.44 49.74 43.98 926562

1735225195
84.99 51.12 44.31 911332

1735225196
84.99 51.12 44.31 798818

1735225197
84.08 52.07 44.56 702791

1735225198
84.08 52.07 44.56 673869

1735225199
81.17 52.59 44.72 702762

1735225200
81.17 52.59 44.72 694281

1735225201
78.6 53.06 44.87 637358

1735225202
78.6 53.06 44.87 632808

1735225203
75.96 53.42 45.0 611332

1735225204
75.96 53.42 45.0 591274

1735225205
72.88 53.6 45.1 638485

1735225206
72.88 53.6 45.1 634019

1735225207
71.45 53.97 45.23 668443

1735225208
71.45 53.97 45.23 675869

1735225209
70.46 54.37 45.37 638755

1735225210
70.46 54.37 45.37 628337

1735225211
68.57 54.55 45.47 569201

1735225212
68.57 54.55 45.47 854324

1735225213
71.0 55.45 45.72 951592

1735225214
71.0 55.45 45.72 832453

1735225215
74.08 56.51 46.01 928188

1735225216
74.08 56.51 46.01 815325

1735225217
76.24 57.48 46.29 941364

1735225218
76.24 57.48 46.29 867719

1735225219
78.37 58.48 46.57 869880

1735225220
78.37 58.48 46.57 695641

1735225221
76.85 58.85 46.73 672422

1735225222
76.85 58.85 46.73 746598

1735225223
75.61 59.22 46.89 645848

1735225224
75.61 59.22 46.89 737278

1735225225
74.41 59.54 47.04 672274

1735225227
75.6 60.24 47.28 1678505

1735225228
75.6 60.24 47.28 881768

1735225229
77.31 61.05 47.53 792762

1735225230
77.31 61.05 47.53 840982

1735225231
77.97 61.7 47.76 801626

1735225232
77.97 61.7 47.76 723569

1735225233
76.71 62.01 47.92 643096

1735225234
76.71 62.01 47.92 625493

1735225235
74.41 62.07 48.03 685992

1735225236
74.41 62.07 48.03 729683

1735225237
75.24 62.63 48.24 1018619

1735225238
75.24 62.63 48.24 925453

1735225239
79.0 63.72 48.57 1052532

1735225240
79.0 63.72 48.57 869231

1735225241
81.71 64.71 48.88 896771

1735225242
81.71 64.71 48.88 914265

1735225244
82.85 65.47 49.15 2002913

1735225245
85.23 66.47 49.47 805083

1735225246
85.23 66.47 49.47 1324405

1735225247
87.36 67.47 49.79 669764

1735225248
87.36 67.47 49.79 891314

1735225249
88.93 68.4 50.11 983463

1735225250
88.93 68.4 50.11 969125

1735225251
90.21 69.31 50.42 957469

1735225252
90.21 69.31 50.42 970934

1735225253
91.44 70.21 50.74 970535

1735225254
91.44 70.21 50.74 907623

1735225255
91.36 70.89 51.02 910673

1735225256
91.36 70.89 51.02 874767

1735225257
90.2 71.35 51.25 732665

1735225258
90.2 71.35 51.25 664430

1735225259
87.09 71.41 51.4 912874

1735225260
87.09 71.41 51.4 847098

1735225261
86.89 71.89 51.64 870596

1735225262
86.89 71.89 51.64 846411

1735225263
87.27 72.45 51.89 960818

1735225264
87.27 72.45 51.89 964944

1735225265
88.49 73.15 52.18 874475

1735225266
88.49 73.15 52.18 730618

1735225267
86.22 73.24 52.34 814301

1735225268
86.22 73.24 52.34 858737

1735225269
84.91 73.43 52.53 762062

1735225270
84.91 73.43 52.53 863890

1735225271
85.11 73.84 52.76 887508

1735225272
85.11 73.84 52.76 968518

1735225273
87.08 74.57 53.05 963159

1735225274
87.08 74.57 53.05 989091

1735225275
88.88 75.3 53.35 971679

1735225276
88.88 75.3 53.35 954065

1735225277
89.99 75.95 53.64 935922

1735225278
89.99 75.95 53.64 981579

1735225279
91.26 76.64 53.93 981544

1735225280
91.26 76.64 53.93 994581

1735225281
92.12 77.27 54.22 938591

1735225282
92.12 77.27 54.22 971591

1735225283
92.82 77.88 54.51 960825

1735225284
92.82 77.88 54.51 969415

1735225285
93.58 78.51 54.8 969767

1735225286
93.58 78.51 54.8 971239

1735225287
94.01 79.08 55.08 965724

1735225288
94.01 79.08 55.08 961847

1735225289
94.55 79.67 55.37 984647

1735225290
94.55 79.67 55.37 944629

1735225291
94.09 80.07 55.62 868345

1735225292
94.09 80.07 55.62 864581

1735225293
92.44 80.23 55.82 845174

1735225294
92.44 80.23 55.82 856760

1735225295
90.91 80.35 56.01 817978

1735225296
90.91 80.35 56.01 752701

1735225297
89.12 80.38 56.18 911668

1735225298
89.12 80.38 56.18 798909

1735225299
87.64 80.4 56.35 816386

1735225300
87.64 80.4 56.35 774226

1735225301
85.9 80.32 56.5 759634

1735225302
85.9 80.32 56.5 779922

1735225303
84.46 80.24 56.65 803643

1735225304
84.46 80.24 56.65 786065

1735225305
83.47 80.2 56.8 784848

1735225306
83.47 80.2 56.8 741785

1735225307
82.48 80.13 56.94 847620

