1735224414
2.89 3.65 16.83 118629

1735224415
3.27 3.7 16.75 1898

1735224416
3.27 3.7 16.75 4794

1735224417
3.04 3.64 16.65 43120

1735224418
3.04 3.64 16.65 24456

1735224419
2.67 3.55 16.54 2047

1735224420
2.67 3.55 16.54 18668

1735224421
2.19 3.44 16.43 4

1735224422
2.19 3.44 16.43 69882

1735224423
2.33 3.42 16.34 7209

1735224424
2.33 3.42 16.34 21952

1735224425
2.09 3.34 16.23 6

1735224426
2.09 3.34 16.23 2045

1735224427
1.71 3.23 16.12 0

1735224428
1.71 3.23 16.12 1412

1735224429
1.58 3.16 16.02 34685

1735224430
1.58 3.16 16.02 16573

1735224431
4.55 3.65 16.03 363532

1735224432
4.55 3.65 16.03 660234

1735224433
12.97 5.19 16.27 440827

1735224434
12.97 5.19 16.27 464758

1735224435
18.41 6.43 16.45 405211

1735224436
18.41 6.43 16.45 207364

1735224437
18.88 6.91 16.49 140145

1735224438
18.88 6.91 16.49 117512

1735224439
18.88 6.91 16.49 65369

1735224440
17.09 6.98 16.43 19762

1735224441
14.53 6.85 16.34 60338

1735224442
14.53 6.85 16.34 8341

1735224443
14.53 6.85 16.34 43660

1735224444
12.26 6.69 16.24 149884

1735224445
12.26 6.69 16.24 14

1735224446
11.31 6.7 16.18 783

1735224447
11.31 6.7 16.18 94

1735224448
9.26 6.48 16.07 243357

1735224449
16.82 7.93 16.31 783229

1735224450
16.82 7.93 16.31 732145

1735224451
23.74 9.47 16.57 417156

1735224452
23.74 9.47 16.57 442235

1735224453
23.74 9.47 16.57 369297

1735224454
26.86 10.51 16.74 163000

1735224455
26.86 10.51 16.74 2864

1735224456
23.44 10.42 16.68 145

1735224457
23.44 10.42 16.68 0

1735224458
19.2 10.08 16.57 2203

1735224459
19.2 10.08 16.57 6016

1735224460
15.72 9.75 16.45 4631

1735224461
15.72 9.75 16.45 5721

1735224462
13.05 9.46 16.35 141234

1735224463
13.05 9.46 16.35 197

1735224464
11.59 9.32 16.27 43

1735224465
11.59 9.32 16.27 1343

1735224466
9.49 9.01 16.16 18577

1735224467
10.12 9.14 16.14 277701

1735224468
10.12 9.14 16.14 170971

1735224469
10.12 9.14 16.14 19630

1735224470
10.1 9.17 16.09 6639

1735224471
10.1 9.17 16.09 4077

1735224472
8.27 8.87 15.98 2249

1735224473
8.27 8.87 15.98 47

1735224474
6.77 8.58 15.87 1667

1735224475
6.77 8.58 15.87 3255

1735224476
5.54 8.3 15.77 1652

1735224477
5.54 8.3 15.77 1775

1735224478
4.54 8.03 15.66 744

1735224479
4.54 8.03 15.66 3421

1735224480
3.71 7.76 15.55 2699

1735224481
3.71 7.76 15.55 1889

1735224482
3.04 7.51 15.44 29585

1735224483
3.04 7.51 15.44 153677

1735224484
4.48 7.62 15.41 93786

1735224485
4.48 7.62 15.41 319

1735224486
4.03 7.44 15.32 2247

1735224487
4.03 7.44 15.32 11323

1735224488
3.3 7.2 15.22 938

1735224489
3.3 7.2 15.22 4085

1735224490
2.7 6.96 15.11 2657

1735224491
2.7 6.96 15.11 1415

1735224492
2.21 6.73 15.01 18554

1735224493
2.21 6.73 15.01 16294

1735224494
1.99 6.54 14.91 1

1735224495
1.99 6.54 14.91 36

1735224496
1.63 6.33 14.81 7154

1735224497
1.63 6.33 14.81 19315

1735224498
1.33 6.12 14.71 0

1735224499
1.33 6.12 14.71 83442

1735224500
1.81 6.05 14.64 216004

1735224501
1.81 6.05 14.64 13188

1735224502
3.3 6.18 14.6 5400

1735224503
3.3 6.18 14.6 418

1735224504
2.7 5.98 14.5 66965

1735224505
2.7 5.98 14.5 483

1735224506
2.75 5.88 14.42 794

1735224507
2.75 5.88 14.42 3248

1735224508
2.25 5.69 14.33 83507

1735224509
2.25 5.69 14.33 84669

1735224510
3.47 5.8 14.29 22692

1735224511
3.47 5.8 14.29 21051

1735224512
3.03 5.64 14.2 177

1735224513
3.03 5.64 14.2 1459

1735224514
2.48 5.45 14.1 26148

1735224515
2.48 5.45 14.1 23878

1735224516
2.39 5.34 14.02 90310

1735224517
2.39 5.34 14.02 330105

1735224518
6.12 5.92 14.08 461864

1735224519
6.12 5.92 14.08 398747

1735224520
12.26 7.03 14.26 484159

1735224521
12.26 7.03 14.26 434897

1735224522
18.73 8.37 14.49 329682

1735224523
18.73 8.37 14.49 189991

1735224524
19.14 8.79 14.53 116048

1735224525
19.14 8.79 14.53 500286

1735224526
21.65 9.58 14.66 545075

1735224527
21.65 9.58 14.66 309440

1735224528
25.88 10.74 14.87 401024

1735224529
25.88 10.74 14.87 605868

1735224530
30.25 12.02 15.11 701107

1735224531
30.25 12.02 15.11 703021

1735224532
37.63 13.95 15.49 211866

1735224533
37.63 13.95 15.49 2992

1735224534
31.54 13.63 15.41 7895

1735224535
31.54 13.63 15.41 1449

1735224536
25.82 13.18 15.3 1225

1735224537
25.82 13.18 15.3 47998

1735224538
21.51 12.81 15.21 5125

1735224539
21.51 12.81 15.21 16494

1735224540
17.61 12.39 15.11 17573

1735224541
17.61 12.39 15.11 138272

1735224542
15.69 12.22 15.05 178240

1735224543
15.69 12.22 15.05 555311

1735224544
19.55 13.03 15.2 247046

1735224545
19.55 13.03 15.2 212747

1735224546
19.99 13.32 15.25 274982

1735224547
19.99 13.32 15.25 316974

1735224548
21.98 13.9 15.36 388098

1735224549
21.98 13.9 15.36 104763

1735224550
22.35 14.23 15.42 119554

1735224551
22.35 14.23 15.42 184440

1735224552
20.83 14.22 15.41 94163

1735224553
20.83 14.22 15.41 45820

1735224554
17.97 13.92 15.34 32117

1735224555
19.78 14.38 15.42 539679

1735224556
19.78 14.38 15.42 65438

1735224557
19.78 14.38 15.42 447188

1735224558
21.09 14.8 15.5 363344

1735224559
21.09 14.8 15.5 210470

1735224560
22.52 15.26 15.59 375739

1735224561
28.77 16.63 15.88 989812

1735224562
28.77 16.63 15.88 252027

1735224563
34.97 18.14 16.2 1225595

1735224564
34.97 18.14 16.2 527224

1735224565
34.97 18.14 16.2 452749

1735224566
41.68 19.91 16.58 656803

1735224567
41.68 19.91 16.58 212361

1735224568
41.01 20.5 16.73 311581

1735224569
39.56 20.91 16.84 424502

1735224570
39.56 20.91 16.84 291647

1735224571
39.56 20.91 16.84 70831

1735224572
36.01 20.88 16.86 2886

1735224573
36.01 20.88 16.86 9687

1735224574
29.49 20.19 16.75 3820

1735224575
29.49 20.19 16.75 297228

1735224576
27.59 20.15 16.76 352507

1735224577
27.59 20.15 16.76 266477

1735224578
28.02 20.48 16.85 383843

1735224579
28.02 20.48 16.85 343652

1735224580
28.92 20.89 16.96 449490

1735224581
28.92 20.89 16.96 489300

1735224582
33.29 21.94 17.21 306816

1735224583
33.29 21.94 17.21 24501

1735224584
28.52 21.45 17.14 45716

1735224585
28.52 21.45 17.14 45008

1735224586
24.08 20.88 17.05 2151

1735224587
24.08 20.88 17.05 6098

1735224588
19.72 20.19 16.93 2694

1735224589
19.72 20.19 16.93 28774

1735224590
16.51 19.6 16.83 495538

1735224592
18.22 19.81 16.89 53070

1735224593
18.22 19.81 16.89 8136

1735224594
14.92 19.16 16.78 16354

1735224595
14.92 19.16 16.78 32602

1735224596
12.58 18.6 16.68 6555

1735224597
12.58 18.6 16.68 10911

1735224598
10.3 17.99 16.56 1926

1735224599
10.3 17.99 16.56 550

1735224600
8.43 17.4 16.45 21780

1735224601
8.43 17.4 16.45 36605

1735224602
7.45 16.93 16.36 127553

1735224603
7.45 16.93 16.36 173185

1735224604
8.63 16.83 16.34 8324

1735224605
8.63 16.83 16.34 38378

1735224606
7.43 16.35 16.24 11645

1735224607
7.43 16.35 16.24 5632

1735224608
6.08 15.81 16.13 84956

1735224609
6.08 15.81 16.13 39394

1735224610
6.79 15.62 16.09 370804

1735224611
6.79 15.62 16.09 595034

1735224612
15.16 16.84 16.34 566580

1735224613
15.16 16.84 16.34 643404

1735224614
21.65 17.96 16.58 360444

1735224615
26.79 19.01 16.81 885881

1735224616
26.79 19.01 16.81 188982

1735224617
34.25 20.61 17.16 1218070

1735224618
34.25 20.61 17.16 416627

1735224619
34.25 20.61 17.16 415987

1735224620
38.74 21.87 17.44 694325

1735224621
43.67 23.31 17.77 879508

1735224622
43.67 23.31 17.77 442623

1735224623
43.67 23.31 17.77 438541

1735224624
45.54 24.32 18.02 747798

1735224625
45.54 24.32 18.02 425551

1735224626
49.61 25.74 18.36 1327009

1735224627
49.61 25.74 18.36 387990

1735224628
54.21 27.36 18.75 370529

1735224629
54.21 27.36 18.75 456416

1735224630
52.36 27.9 18.92 1187989

1735224631
52.36 27.9 18.92 63944

1735224632
55.19 29.21 19.26 745374

1735224633
57.15 30.42 19.58 835918

1735224634
57.15 30.42 19.58 367302

1735224635
57.15 30.42 19.58 855195

1735224636
58.39 31.51 19.88 493079

1735224637
58.39 31.51 19.88 765008

1735224638
59.4 32.58 20.18 992689

1735224639
59.4 32.58 20.18 459794

1735224640
62.05 33.93 20.55 795446

1735224641
62.05 33.93 20.55 491815

1735224642
62.4 34.92 20.85 1030704

1735224643
62.4 34.92 20.85 479618

1735224644
65.05 36.29 21.23 827789

1735224645
65.05 36.29 21.23 561341

1735224646
65.94 37.4 21.57 603960

1735224647
66.13 38.37 21.88 1103176

1735224648
66.13 38.37 21.88 825527

1735224649
69.01 39.79 22.29 782444

1735224650
69.01 39.79 22.29 647923

1735224651
69.01 39.79 22.29 563404

1735224652
69.19 40.78 22.62 577472

1735224653
69.19 40.78 22.62 739321

1735224654
69.7 41.8 22.95 1219440

1735224655
71.02 42.95 23.32 599878

1735224656
71.02 42.95 23.32 543718

1735224657
70.11 43.71 23.62 885527

1735224658
70.11 43.71 23.62 469039

1735224659
70.11 43.71 23.62 851660

1735224660
71.9 44.9 24.0 573589

1735224661
71.9 44.9 24.0 652734

1735224662
70.65 45.55 24.28 1210279

1735224663
70.65 45.55 24.28 438876

1735224664
71.25 46.48 24.62 882107

1735224665
69.94 47.06 24.89 571445

1735224666
69.94 47.06 24.89 595836

1735224667
69.94 47.06 24.89 480196

1735224668
69.41 47.71 25.18 749198

1735224669
69.41 47.71 25.18 746690

1735224670
69.87 48.5 25.5 720736

1735224671
69.87 48.5 25.5 652154

1735224672
68.63 48.98 25.76 786722

1735224673
68.63 48.98 25.76 519935

1735224674
69.24 49.73 26.07 864480

1735224675
69.24 49.73 26.07 828143

1735224676
72.46 50.95 26.49 920390

1735224677
72.46 50.95 26.49 537114

1735224678
72.37 51.64 26.8 849273

1735224679
72.37 51.64 26.8 444405

1735224680
70.31 51.95 27.03 543898

1735224681
70.31 51.95 27.03 370048

1735224682
63.73 51.36 27.08 292392

1735224683
61.06 51.28 27.23 791436

1735224684
61.06 51.28 27.23 270102

1735224685
61.96 51.76 27.5 1056227

1735224686
61.96 51.76 27.5 421637

1735224687
61.96 51.76 27.5 551968

1735224688
61.24 51.97 27.71 882563

1735224689
61.92 52.39 27.96 674261

1735224690
61.92 52.39 27.96 458244

1735224691
61.92 52.39 27.96 568515

1735224692
62.84 52.87 28.23 700705

1735224693
62.84 52.87 28.23 662383

1735224694
63.05 53.23 28.47 484799

1735224695
63.05 53.23 28.47 734382

1735224696
62.5 53.46 28.69 771483

1735224697
62.5 53.46 28.69 425895

1735224698
62.77 53.8 28.93 1032764

1735224699
62.77 53.8 28.93 472221

1735224700
66.79 54.82 29.31 1128371

1735224701
68.46 55.51 29.63 872614

1735224702
68.46 55.51 29.63 416774

1735224703
68.56 55.96 29.9 970081

1735224704
68.56 55.96 29.9 684267

1735224705
68.56 55.96 29.9 486236

1735224706
68.09 56.28 30.15 642803

1735224707
68.09 56.28 30.15 1102156

1735224708
70.61 57.13 30.5 511507

1735224709
71.95 57.81 30.83 1142136

1735224710
71.95 57.81 30.83 537514

1735224711
71.95 57.81 30.83 490743

1735224712
72.14 58.31 31.12 975880

1735224713
72.14 58.31 31.12 619300

1735224714
73.02 58.92 31.43 690021

1735224715
73.02 58.92 31.43 800608

1735224716
73.38 59.44 31.73 896657

1735224717
73.38 59.44 31.73 608657

1735224718
72.76 59.79 31.99 662785

1735224719
72.76 59.79 31.99 670362

1735224720
72.62 60.19 32.26 745900

1735224721
72.62 60.19 32.26 924919

1735224722
72.15 60.51 32.52 760780

1735224723
70.31 60.56 32.72 733014

1735224724
70.31 60.56 32.72 283781

1735224725
70.31 60.56 32.72 376852

1735224726
65.54 60.02 32.8 697221

1735224727
65.54 60.02 32.8 302574

1735224728
61.46 59.46 32.87 297798

1735224729
61.46 59.46 32.87 677088

1735224730
60.47 59.35 33.03 583683

1735224731
60.47 59.35 33.03 352146

1735224732
58.21 58.97 33.13 495273

1735224733
58.21 58.97 33.13 440260

1735224734
56.18 58.58 33.23 355666

1735224735
56.18 58.58 33.23 234592

1735224736
50.17 57.42 33.16 215158

1735224737
50.17 57.42 33.16 367057

1735224738
46.15 56.45 33.12 941856

1735224739
46.15 56.45 33.12 225067

1735224740
47.93 56.44 33.28 181900

1735224741
47.93 56.44 33.28 293870

1735224742
43.78 55.41 33.22 325490

1735224743
45.08 55.27 33.34 822070

1735224744
45.08 55.27 33.34 207316

1735224745
45.08 55.27 33.34 75962

1735224746
39.63 53.95 33.22 39013

1735224747
39.63 53.95 33.22 198683

1735224748
36.62 52.94 33.15 464202

1735224749
36.62 52.94 33.15 840523

1735224750
39.95 53.0 33.3 139839

1735224751
39.95 53.0 33.3 194207

1735224752
35.25 51.73 33.16 98727

1735224753
35.25 51.73 33.16 106490

1735224754
30.49 50.33 33.0 18781

1735224755
30.49 50.33 33.0 47039

1735224756
26.6 48.98 32.83 158315

1735224757
26.6 48.98 32.83 10475

1735224758
21.96 47.41 32.62 73811

1735224759
21.96 47.41 32.62 5566

1735224760
18.52 45.95 32.41 8314

1735224761
18.52 45.95 32.41 69491

1735224762
15.71 44.55 32.21 2480

1735224763
15.71 44.55 32.21 35170

1735224764
13.22 43.15 32.01 13982

1735224765
13.22 43.15 32.01 26199

1735224766
11.19 41.81 31.8 44624

1735224767
11.19 41.81 31.8 211344

1735224768
12.42 41.03 31.71 333634

1735224769
12.42 41.03 31.71 173806

1735224770
14.7 40.5 31.66 279876

1735224771
14.7 40.5 31.66 475728

1735224772
18.2 40.29 31.68 62558

1735224773
18.2 40.29 31.68 58379

1735224774
15.44 39.07 31.48 13049

1735224775
15.44 39.07 31.48 12825

1735224776
12.83 37.82 31.27 5633

1735224777
12.83 37.82 31.27 46707

1735224778
11.23 36.72 31.08 101325

1735224779
11.23 36.72 31.08 102865

1735224780
11.55 35.94 30.96 133116

1735224781
11.55 35.94 30.96 98412

1735224782
11.27 35.09 30.82 117284

1735224783
11.27 35.09 30.82 198139

1735224784
11.4 34.34 30.69 24379

1735224785
11.4 34.34 30.69 10415

1735224786
9.51 33.25 30.48 14252

1735224787
9.51 33.25 30.48 64550

1735224788
9.24 32.42 30.33 356322

1735224789
9.24 32.42 30.33 247498

1735224790
12.27 32.21 30.3 15460

1735224791
12.27 32.21 30.3 4929

1735224792
10.05 31.15 30.09 3958

1735224793
10.05 31.15 30.09 59194

1735224794
8.77 30.23 29.91 53333

1735224795
8.77 30.23 29.91 172805

1735224796
9.9 29.73 29.81 151442

1735224797
9.9 29.73 29.81 195401

1735224798
11.18 29.32 29.72 184062

1735224799
11.18 29.32 29.72 77571

1735224800
10.43 28.59 29.56 3

1735224801
10.43 28.59 29.56 1539

1735224802
8.54 27.65 29.36 1565

1735224803
8.54 27.65 29.36 11938

1735224804
6.99 26.75 29.16 705

1735224805
6.99 26.75 29.16 49

1735224806
5.72 25.87 28.96 0

1735224807
5.72 25.87 28.96 1210

1735224808
4.68 25.02 28.76 12441

1735224809
4.68 25.02 28.76 28084

1735224810
4.02 24.24 28.57 0

1735224811
4.02 24.24 28.57 46

1735224812
3.29 23.44 28.38 478

1735224813
3.29 23.44 28.38 14459

1735224814
2.69 22.68 28.18 36

1735224815
2.69 22.68 28.18 122

1735224816
2.2 21.93 27.99 1800

1735224817
2.2 21.93 27.99 430

1735224818
1.8 21.22 27.8 6039

1735224819
1.8 21.22 27.8 210888

1735224820
3.83 20.95 27.7 68956

1735224821
3.83 20.95 27.7 46

1735224822
3.13 20.26 27.51 709

1735224823
3.13 20.26 27.51 6401

1735224824
2.57 19.6 27.32 1434

1735224825
2.57 19.6 27.32 1303

1735224826
2.1 18.96 27.13 0

1735224827
2.1 18.96 27.13 2878

1735224828
1.72 18.34 26.94 5562

1735224829
1.72 18.34 26.94 1360

1735224830
1.41 17.74 26.76 4136

1735224831
1.41 17.74 26.76 1706

1735224832
1.15 17.16 26.58 4843

1735224833
1.15 17.16 26.58 9639

1735224834
1.12 16.63 26.4 15613

1735224835
1.12 16.63 26.4 22807

1735224836
1.1 16.12 26.23 11360

1735224837
1.1 16.12 26.23 6060

1735224838
1.26 15.65 26.06 37991

1735224839
1.26 15.65 26.06 2119

1735224840
1.03 15.14 25.88 8638

1735224841
1.03 15.14 25.88 46318

1735224842
1.21 14.71 25.72 15737

1735224843
1.21 14.71 25.72 57240

1735224844
1.71 14.36 25.57 31001

1735224846
2.49 14.09 25.44 120752

1735224847
2.49 14.09 25.44 128560

1735224848
4.03 13.98 25.34 111219

1735224849
4.03 13.98 25.34 24488

1735224850
3.66 13.59 25.18 14088

1735224851
3.66 13.59 25.18 5901

1735224852
3.0 13.15 25.01 6642

1735224853
3.0 13.15 25.01 36995

1735224854
2.81 12.78 24.85 3282

1735224855
2.81 12.78 24.85 12177

1735224856
5.02 12.85 24.78 300340

1735224857
5.02 12.85 24.78 13765

1735224858
4.65 12.53 24.63 47327

1735224859
4.65 12.53 24.63 6966

1735224860
3.81 12.12 24.46 7195

1735224861
3.81 12.12 24.46 12212

1735224862
3.12 11.72 24.3 4473

1735224863
3.12 11.72 24.3 17510

1735224864
2.73 11.37 24.14 8547

1735224865
2.73 11.37 24.14 4918

1735224866
2.42 11.03 23.98 64102

1735224867
2.42 11.03 23.98 38926

1735224868
2.89 10.84 23.85 37758

1735224869
2.89 10.84 23.85 6756

1735224870
2.36 10.48 23.68 13342

1735224871
2.36 10.48 23.68 19550

1735224872
2.29 10.2 23.54 26168

1735224873
2.29 10.2 23.54 71894

1735224874
2.6 10.0 23.4 18313

1735224875
2.6 10.0 23.4 4028

1735224876
2.49 9.74 23.26 42138

1735224877
2.49 9.74 23.26 10013

1735224878
2.4 9.48 23.11 36910

1735224879
2.4 9.48 23.11 27734

1735224880
2.33 9.24 22.97 14353

1735224881
2.33 9.24 22.97 42943

1735224882
3.54 9.23 22.87 150375

1735224883
3.54 9.23 22.87 63376

1735224884
3.62 9.06 22.74 16704

1735224885
3.62 9.06 22.74 7494

1735224886
2.96 8.76 22.59 13021

1735224887
2.96 8.76 22.59 7102

1735224888
2.61 8.51 22.44 28966

1735224889
2.61 8.51 22.44 4058

1735224890
2.13 8.23 22.28 5780

1735224891
2.13 8.23 22.28 9622

1735224892
3.01 8.19 22.18 142032

1735224893
3.01 8.19 22.18 351427

1735224894
6.27 8.61 22.17 75309

1735224895
6.27 8.61 22.17 48181

1735224896
5.5 8.39 22.03 8171

1735224897
5.5 8.39 22.03 34710

1735224898
5.04 8.21 21.9 39765

1735224899
5.04 8.21 21.9 66940

1735224900
6.12 8.31 21.83 217669

1735224901
6.12 8.31 21.83 297596

1735224902
11.71 9.25 21.93 494026

1735224903
11.71 9.25 21.93 371397

1735224904
15.93 10.09 22.02 625071

1735224905
15.93 10.09 22.02 72530

1735224906
17.21 10.51 22.03 6430

1735224907
17.21 10.51 22.03 3426

1735224908
14.09 10.17 21.88 2252

1735224909
14.09 10.17 21.88 142

1735224910
11.72 9.87 21.73 28782

1735224911
11.72 9.87 21.73 37659

1735224912
10.14 9.64 21.6 32552

1735224913
10.14 9.64 21.6 1957

1735224914
8.3 9.32 21.46 3792

1735224915
8.3 9.32 21.46 26550

1735224916
7.16 9.08 21.32 17971

1735224917
7.16 9.08 21.32 9506

1735224918
5.86 8.79 21.18 4839

1735224919
5.86 8.79 21.18 30334

1735224920
5.16 8.56 21.05 24556

1735224921
5.16 8.56 21.05 205455

1735224922
6.22 8.64 20.98 29478

1735224923
6.22 8.64 20.98 10436

1735224924
6.22 8.64 20.98 6028

1735224925
5.09 8.36 20.83 100821

1735224926
5.09 8.36 20.83 26655

1735224927
5.25 8.28 20.73 22240

1735224928
5.25 8.28 20.73 4394

1735224929
4.48 8.04 20.6 204616

1735224930
4.48 8.04 20.6 193053

1735224931
7.29 8.44 20.59 147140

1735224932
7.29 8.44 20.59 68604

1735224933
7.78 8.49 20.52 4941

1735224934
7.78 8.49 20.52 1905

1735224935
6.37 8.21 20.38 18246

1735224936
6.37 8.21 20.38 14699

1735224937
5.4 7.97 20.25 2940

1735224938
5.4 7.97 20.25 2266

1735224939
4.42 7.71 20.11 824

1735224940
4.42 7.71 20.11 56774

1735224941
4.16 7.56 19.99 257598

1735224942
4.16 7.56 19.99 149595

1735224943
7.03 7.96 19.99 78773

1735224944
7.03 7.96 19.99 140313

1735224945
7.57 8.03 19.92 81698

1735224946
7.57 8.03 19.92 248786

1735224947
9.09 8.29 19.9 125908

1735224948
9.09 8.29 19.9 41255

1735224949
8.89 8.28 19.81 205043

1735224950
8.89 8.28 19.81 410094

1735224951
12.9 9.03 19.89 369867

1735224952
12.9 9.03 19.89 373662

1735224953
17.08 9.91 20.0 195458

1735224954
17.08 9.91 20.0 224439

1735224955
17.79 10.27 20.01 370253

1735224956
17.79 10.27 20.01 172633

1735224957
19.28 10.79 20.05 203328

1735224958
19.28 10.79 20.05 61117

1735224959
17.96 10.83 19.99 48413

1735224960
17.96 10.83 19.99 28941

1735224961
15.25 10.57 19.88 37030

1735224962
15.25 10.57 19.88 60621

1735224963
13.57 10.42 19.78 187949

1735224964
13.57 10.42 19.78 19570

1735224965
12.56 10.34 19.7 96359

1735224966
12.56 10.34 19.7 44359

1735224967
11.37 10.2 19.61 6954

1735224968
11.37 10.2 19.61 33500

1735224969
9.49 9.9 19.48 14054

1735224970
9.49 9.9 19.48 23190

1735224971
8.13 9.64 19.36 105707

1735224972
8.13 9.64 19.36 13082

1735224973
7.56 9.48 19.26 10241

1735224974
7.56 9.48 19.26 34771

1735224975
6.56 9.24 19.14 53478

1735224976
6.56 9.24 19.14 18642

1735224977
5.91 9.04 19.03 23660

1735224978
5.91 9.04 19.03 122226

1735224979
6.29 9.0 18.96 335552

1735224980
6.29 9.0 18.96 369880

1735224981
11.85 9.92 19.08 436114

1735224982
11.85 9.92 19.08 197251

1735224983
15.14 10.57 19.16 236954

1735224984
15.14 10.57 19.16 462805

1735224985
18.55 11.34 19.26 124148

1735224986
18.55 11.34 19.26 63199

1735224987
16.64 11.23 19.18 20702

1735224988
16.64 11.23 19.18 47803

1735224989
14.17 10.96 19.07 84219

1735224990
14.17 10.96 19.07 22818

1735224991
12.51 10.77 18.97 85134

1735224992
12.51 10.77 18.97 35594

1735224993
11.15 10.58 18.88 41683

1735224994
11.15 10.58 18.88 157887

1735224995
10.94 10.56 18.82 318201

1735224996
10.94 10.56 18.82 227006

1735224997
13.85 11.1 18.87 41279

1735224998
13.85 11.1 18.87 29256

1735224999
11.88 10.83 18.76 61777

1735225000
11.88 10.83 18.76 47810

1735225001
10.45 10.61 18.66 77607

1735225002
10.45 10.61 18.66 53969

1735225003
9.83 10.49 18.58 167527

1735225004
9.83 10.49 18.58 71810

1735225005
10.04 10.51 18.53 20666

1735225006
10.04 10.51 18.53 77143

1735225007
8.94 10.29 18.43 68422

1735225008
8.94 10.29 18.43 11123

1735225009
8.23 10.12 18.34 132600

1735225010
8.23 10.12 18.34 10400

1735225011
7.64 9.95 18.25 127669

1735225012
7.64 9.95 18.25 295437

1735225013
10.24 10.34 18.27 232944

1735225014
10.24 10.34 18.27 368779

1735225015
14.0 11.02 18.36 93232

1735225016
14.0 11.02 18.36 9500

1735225017
11.65 10.69 18.24 11798

1735225018
11.65 10.69 18.24 24850

1735225019
9.9 10.41 18.13 29531

1735225020
9.9 10.41 18.13 91863

1735225021
9.01 10.23 18.04 29637

1735225022
9.01 10.23 18.04 1702

1735225023
7.38 9.9 17.92 944

1735225024
7.38 9.9 17.92 7023

1735225025
6.04 9.57 17.79 13071

1735225026
6.04 9.57 17.79 194177

1735225027
6.94 9.62 17.75 94520

1735225028
6.94 9.62 17.75 14643

1735225029
6.4 9.43 17.65 49785

1735225030
6.4 9.43 17.65 25477

1735225031
5.6 9.19 17.54 19335

1735225032
5.6 9.19 17.54 42402

1735225033
4.95 8.95 17.44 46

1735225034
4.95 8.95 17.44 19059

1735225035
4.23 8.69 17.33 40633

1735225036
4.23 8.69 17.33 10206

1735225037
3.65 8.44 17.21 6220

1735225038
3.65 8.44 17.21 91349

1735225039
3.89 8.33 17.13 19893

1735225040
3.89 8.33 17.13 2333

1735225041
3.18 8.06 17.01 11294

1735225042
3.18 8.06 17.01 1023

1735225043
2.61 7.79 16.9 27180

1735225044
2.61 7.79 16.9 36446

1735225045
2.68 7.63 16.8 36864

1735225046
2.68 7.63 16.8 27040

1735225047
2.74 7.48 16.71 8766

1735225048
2.74 7.48 16.71 306

1735225049
2.6 7.3 16.61 274950

1735225050
2.6 7.3 16.61 67117

1735225051
4.85 7.56 16.59 6266

1735225052
4.85 7.56 16.59 3245

1735225053
3.97 7.31 16.48 4281

1735225054
3.97 7.31 16.48 52942

1735225055
3.79 7.17 16.39 8616

1735225056
3.79 7.17 16.39 1370

1735225057
3.1 6.93 16.28 6708

1735225058
3.1 6.93 16.28 3022

1735225059
2.54 6.7 16.16 25175

1735225060
2.54 6.7 16.16 94

1735225061
2.26 6.52 16.06 5444

1735225062
2.26 6.52 16.06 25922

1735225063
2.03 6.34 15.96 2488

1735225064
2.03 6.34 15.96 14192

1735225065
1.66 6.13 15.85 15770

1735225066
1.66 6.13 15.85 144

1735225067
1.36 5.93 15.74 10128

1735225068
1.36 5.93 15.74 1949

1735225069
1.11 5.73 15.63 26375

1735225070
1.11 5.73 15.63 66067

1735225071
2.72 5.87 15.59 193264

1735225072
2.72 5.87 15.59 24478

1735225073
3.13 5.84 15.52 15256

1735225074
3.13 5.84 15.52 58757

1735225075
3.11 5.75 15.43 4181

1735225076
3.11 5.75 15.43 57035

1735225077
3.27 5.69 15.36 59832

1735225078
3.27 5.69 15.36 4398

1735225079
2.86 5.54 15.26 16947

1735225080
2.86 5.54 15.26 1087

1735225081
2.34 5.36 15.15 872

1735225082
2.34 5.36 15.15 366836

1735225083
5.72 5.87 15.19 61142

1735225084
5.72 5.87 15.19 34385

1735225085
5.22 5.78 15.11 28330

1735225086
5.22 5.78 15.11 47509

1735225087
4.82 5.68 15.03 19499

1735225088
4.82 5.68 15.03 12512

1735225089
4.13 5.53 14.93 135567

1735225090
4.13 5.53 14.93 17076

1735225091
4.65 5.58 14.88 14395

1735225092
4.65 5.58 14.88 17037

1735225093
4.17 5.46 14.79 71141

1735225094
4.17 5.46 14.79 187876

1735225095
5.58 5.68 14.77 33841

1735225096
5.58 5.68 14.77 208784

1735225097
7.29 5.98 14.77 373822

1735225098
7.29 5.98 14.77 208127

1735225099
11.22 6.73 14.87 342853

1735225100
11.22 6.73 14.87 302319

1735225101
14.99 7.56 14.98 267970

1735225102
14.99 7.56 14.98 227918

1735225103
16.44 8.07 15.04 66919

1735225104
16.44 8.07 15.04 239472

1735225105
17.26 8.49 15.08 328365

1735225106
17.26 8.49 15.08 361043

1735225107
19.75 9.22 15.19 330601

1735225108
19.75 9.22 15.19 155825

1735225109
20.52 9.71 15.25 375003

1735225110
20.52 9.71 15.25 412152

1735225111
23.69 10.63 15.41 600275

1735225112
23.69 10.63 15.41 208042

1735225113
25.73 11.43 15.54 183598

1735225115
26.33 12.01 15.63 691495

1735225116
26.33 12.01 15.63 291164

1735225117
27.71 12.73 15.76 272033

1735225118
27.71 12.73 15.76 258811

1735225119
27.4 13.16 15.83 353808

1735225120
27.4 13.16 15.83 239677

1735225121
26.79 13.52 15.88 25167

1735225122
26.79 13.52 15.88 15584

1735225123
22.11 13.11 15.78 15221

1735225124
22.11 13.11 15.78 39597

1735225125
18.47 12.74 15.69 3027

1735225126
18.47 12.74 15.69 241317

1735225127
17.84 12.82 15.68 194650

1735225128
17.84 12.82 15.68 326342

1735225129
19.32 13.25 15.75 353106

1735225130
19.32 13.25 15.75 521078

1735225131
25.24 14.52 16.0 969936

1735225132
25.24 14.52 16.0 300792

1735225133
30.63 15.84 16.27 189028

1735225134
30.63 15.84 16.27 285446

1735225135
29.79 16.17 16.34 402865

1735225136
29.79 16.17 16.34 365432

1735225137
30.37 16.72 16.45 327991

1735225138
30.37 16.72 16.45 223423

1735225139
31.39 17.35 16.58 822343

1735225141
39.65 19.31 17.0 1390668

1735225142
39.65 19.31 17.0 350640

1735225143
41.34 20.28 17.22 406828

1735225144
41.82 21.05 17.4 887285

1735225145
41.82 21.05 17.4 241457

1735225146
47.65 22.79 17.79 1147977

1735225147
47.65 22.79 17.79 396553

1735225148
47.65 22.79 17.79 446521

1735225149
47.9 23.64 18.0 652820

1735225151
51.17 25.03 18.33 1090490

1735225152
54.4 26.47 18.67 1624188

1735225153
54.4 26.47 18.67 625767

1735225155
59.58 28.32 19.11 833045

1735225156
58.75 29.19 19.36 788173

1735225157
58.75 29.19 19.36 461970

1735225158
58.75 29.19 19.36 1001167

1735225159
61.88 30.72 19.75 474643

1735225160
61.88 30.72 19.75 515152

1735225161
61.17 31.61 20.01 962018

1735225162
60.78 32.51 20.27 558846

1735225163
60.78 32.51 20.27 596370

1735225164
61.36 33.54 20.57 800632

1735225165
61.36 33.54 20.57 182537

1735225166
61.36 33.54 20.57 527214

1735225167
59.66 34.14 20.79 348806

1735225168
59.66 34.14 20.79 321154

1735225169
55.19 34.17 20.89 286991

1735225170
55.19 34.17 20.89 353583

1735225171
50.09 33.94 20.93 157138

1735225172
50.09 33.94 20.93 112640

1735225173
43.55 33.28 20.88 222318

1735225174
43.55 33.28 20.88 206817

1735225175
39.46 32.88 20.88 386695

1735225176
39.46 32.88 20.88 208985

1735225177
37.38 32.72 20.93 119208

1735225178
37.38 32.72 20.93 9333

1735225179
31.15 31.75 20.81 26838

1735225180
31.15 31.75 20.81 37780

1735225181
26.05 30.81 20.68 3884

1735225182
26.05 30.81 20.68 14832

1735225183
21.51 29.83 20.55 7707

1735225184
21.51 29.83 20.55 1057

1735225185
17.61 28.86 20.41 10371

1735225186
17.61 28.86 20.41 2139

1735225187
14.42 27.91 20.27 2183

1735225188
14.42 27.91 20.27 5379

1735225189
11.81 27.0 20.13 3698

1735225190
11.81 27.0 20.13 4915

1735225191
10.03 26.18 20.01 160036

1735225192
10.03 26.18 20.01 81828

1735225193
10.02 25.65 19.94 6702

1735225194
10.02 25.65 19.94 1584

1735225195
8.21 24.81 19.8 6031

1735225196
8.21 24.81 19.8 4569

1735225197
6.72 24.0 19.67 2415

1735225198
6.72 24.0 19.67 3047

1735225199
5.5 23.21 19.53 1289

1735225200
5.5 23.21 19.53 7898

1735225201
4.5 22.45 19.4 4467

1735225202
4.5 22.45 19.4 16724

1735225203
4.23 21.82 19.29 201104

1735225204
4.23 21.82 19.29 345993

1735225205
8.17 21.95 19.33 39806

1735225206
8.17 21.95 19.33 10130

1735225207
6.69 21.23 19.2 20197

1735225208
6.69 21.23 19.2 6253

1735225209
5.66 20.57 19.07 4972

1735225210
5.66 20.57 19.07 136365

1735225211
6.63 20.26 19.02 151126

1735225212
6.63 20.26 19.02 70598

1735225213
6.51 19.79 18.93 10511

1735225214
6.51 19.79 18.93 9253

1735225215
5.33 19.14 18.8 13681

1735225216
5.33 19.14 18.8 1484

1735225217
4.36 18.52 18.67 16131

1735225218
4.36 18.52 18.67 5666

1735225219
3.75 17.94 18.55 319

1735225220
3.75 17.94 18.55 2063

1735225221
3.07 17.36 18.42 19362

1735225222
3.07 17.36 18.42 15771

1735225223
2.88 16.85 18.31 33552

1735225224
2.88 16.85 18.31 12343

1735225225
2.54 16.33 18.19 6998

1735225227
2.26 15.83 18.07 55897

1735225228
2.26 15.83 18.07 37985

1735225229
2.39 15.41 17.97 5875

1735225230
2.39 15.41 17.97 12763

1735225231
1.96 14.91 17.85 2806

1735225232
1.96 14.91 17.85 33305

1735225233
2.33 14.55 17.75 106427

1735225234
2.33 14.55 17.75 87330

1735225235
3.17 14.3 17.68 33837

1735225236
3.17 14.3 17.68 59099

1735225237
3.32 13.97 17.58 46174

1735225238
3.32 13.97 17.58 12048

1735225239
3.44 13.64 17.49 228309

1735225240
3.44 13.64 17.49 27827

1735225241
4.45 13.49 17.43 4565

1735225242
4.45 13.49 17.43 16577

1735225244
4.73 13.24 17.35 364537

1735225245
6.77 13.33 17.35 159070

1735225246
6.77 13.33 17.35 239646

1735225247
8.8 13.48 17.35 136499

1735225248
8.8 13.48 17.35 120889

1735225249
9.2 13.4 17.31 5550

1735225250
9.2 13.4 17.31 19838

1735225251
7.71 13.0 17.19 8448

1735225252
7.71 13.0 17.19 4542

1735225253
6.32 12.57 17.08 3356

1735225254
6.32 12.57 17.08 9397

1735225255
5.17 12.16 16.96 5060

1735225256
5.17 12.16 16.96 5507

1735225257
4.23 11.76 16.84 4908

1735225258
4.23 11.76 16.84 11067

1735225259
3.65 11.41 16.74 9977

1735225260
3.65 11.41 16.74 53898

1735225261
3.53 11.13 16.64 5860

1735225262
3.53 11.13 16.64 2253

1735225263
2.89 10.77 16.53 4187

1735225264
2.89 10.77 16.53 1149

1735225265
2.36 10.42 16.41 5175

1735225266
2.36 10.42 16.41 5108

1735225267
1.93 10.07 16.3 1349

1735225268
1.93 10.07 16.3 5040

1735225269
1.58 9.74 16.19 12477

1735225270
1.58 9.74 16.19 7259

1735225271
1.29 9.43 16.08 7256

1735225272
1.29 9.43 16.08 2443

1735225273
1.06 9.12 15.97 7607

1735225274
1.06 9.12 15.97 4864

1735225275
1.05 8.85 15.87 33256

1735225276
1.05 8.85 15.87 29689

1735225277
1.4 8.66 15.78 63881

1735225278
1.4 8.66 15.78 6072

1735225279
1.33 8.41 15.68 6667

1735225280
1.33 8.41 15.68 117012

1735225281
3.26 8.53 15.65 155444

1735225282
3.26 8.53 15.65 6040

1735225283
3.03 8.31 15.56 17464

1735225284
3.03 8.31 15.56 1246

1735225285
2.84 8.1 15.46 154673

1735225286
2.84 8.1 15.46 38919

1735225287
3.59 8.07 15.41 11838

1735225288
3.59 8.07 15.41 5144

1735225289
2.94 7.8 15.3 5717

1735225290
2.94 7.8 15.3 5170

1735225291
2.41 7.55 15.2 8344

1735225292
2.41 7.55 15.2 53829

1735225293
3.24 7.53 15.14 115841

1735225294
3.24 7.53 15.14 11791

1735225295
2.83 7.32 15.04 19722

1735225296
2.83 7.32 15.04 8123

1735225297
2.5 7.11 14.95 49919

1735225298
2.5 7.11 14.95 33817

1735225299
2.59 6.97 14.86 10104

1735225300
2.59 6.97 14.86 44584

1735225301
2.66 6.84 14.78 30305

1735225302
2.66 6.84 14.78 70547

1735225303
3.09 6.78 14.72 37636

1735225304
3.09 6.78 14.72 22679

1735225305
2.71 6.59 14.62 36992

1735225306
2.71 6.59 14.62 100328

1735225307
3.48 6.61 14.57 52148

