1735224414
0.0 0.02 6.93 0

1735224415
0.0 0.02 6.89 0

1735224416
0.0 0.02 6.89 0

1735224417
0.0 0.02 6.84 0

1735224418
0.0 0.02 6.84 0

1735224419
0.0 0.02 6.79 0

1735224420
0.0 0.02 6.79 0

1735224421
0.0 0.02 6.75 0

1735224422
0.0 0.02 6.75 0

1735224423
0.0 0.02 6.7 0

1735224424
0.0 0.02 6.7 0

1735224425
0.0 0.02 6.65 0

1735224426
0.0 0.02 6.65 0

1735224427
0.0 0.02 6.61 0

1735224428
0.0 0.02 6.61 0

1735224429
0.0 0.01 6.56 0

1735224430
0.0 0.01 6.56 0

1735224431
0.0 0.01 6.52 0

1735224432
0.0 0.01 6.52 0

1735224433
0.0 0.01 6.47 0

1735224434
0.0 0.01 6.47 0

1735224435
0.0 0.01 6.43 0

1735224436
0.0 0.01 6.43 6823

1735224437
0.0 0.01 6.38 1164

1735224438
0.0 0.01 6.38 0

1735224439
0.0 0.01 6.38 0

1735224440
0.0 0.01 6.34 0

1735224441
0.0 0.01 6.3 0

1735224442
0.0 0.01 6.3 0

1735224443
0.0 0.01 6.3 0

1735224444
0.0 0.01 6.25 0

1735224445
0.0 0.01 6.25 0

1735224446
0.0 0.01 6.21 0

1735224447
0.0 0.01 6.21 0

1735224448
0.0 0.01 6.17 0

1735224449
0.0 0.01 6.12 0

1735224450
0.0 0.01 6.12 0

1735224451
0.0 0.01 6.08 0

1735224452
0.0 0.01 6.08 0

1735224453
0.0 0.01 6.08 0

1735224454
0.0 0.01 6.04 0

1735224455
0.0 0.01 6.04 0

1735224456
0.0 0.01 6.0 0

1735224457
0.0 0.01 6.0 0

1735224458
0.0 0.01 5.96 635

1735224459
0.0 0.01 5.96 0

1735224460
0.0 0.0 5.92 475

1735224461
0.0 0.0 5.92 593

1735224462
0.0 0.0 5.88 0

1735224463
0.0 0.0 5.88 0

1735224464
0.0 0.0 5.83 0

1735224465
0.0 0.0 5.83 0

1735224466
0.0 0.0 5.79 5671

1735224467
0.0 0.0 5.75 2787

1735224468
0.0 0.0 5.75 0

1735224469
0.0 0.0 5.75 2795

1735224470
0.0 0.0 5.72 4124

1735224471
0.0 0.0 5.72 2362

1735224472
0.0 0.0 5.68 2488

1735224473
0.0 0.0 5.68 0

1735224474
0.0 0.0 5.64 2494

1735224475
0.0 0.0 5.64 2296

1735224476
0.0 0.0 5.6 0

1735224477
0.0 0.0 5.6 0

1735224478
0.0 0.0 5.56 2276

1735224479
0.0 0.0 5.56 3657

1735224480
0.0 0.0 5.52 0

1735224481
0.0 0.0 5.52 0

1735224482
0.0 0.0 5.48 14

1735224483
0.0 0.0 5.48 3

1735224484
0.0 0.0 5.45 0

1735224485
0.0 0.0 5.45 0

1735224486
0.0 0.0 5.41 10

1735224487
0.0 0.0 5.41 0

1735224488
0.0 0.0 5.37 0

1735224489
0.0 0.0 5.37 29

1735224490
0.0 0.0 5.33 0

1735224491
0.0 0.0 5.33 8

1735224492
0.0 0.0 5.3 0

1735224493
0.0 0.0 5.3 0

1735224494
0.0 0.0 5.26 0

1735224495
0.0 0.0 5.26 0

1735224496
0.0 0.0 5.22 0

1735224497
0.0 0.0 5.22 0

1735224498
0.0 0.0 5.19 0

1735224499
0.0 0.0 5.19 0

1735224500
0.0 0.0 5.15 4

1735224501
0.0 0.0 5.15 14

1735224502
0.0 0.0 5.12 7

1735224503
0.0 0.0 5.12 2

1735224504
0.0 0.0 5.08 0

1735224505
0.0 0.0 5.08 0

1735224506
0.0 0.0 5.05 0

1735224507
0.0 0.0 5.05 3

1735224508
0.0 0.0 5.01 0

1735224509
0.0 0.0 5.01 0

1735224510
0.0 0.0 4.98 3

1735224511
0.0 0.0 4.98 7

1735224512
0.0 0.0 4.94 0

1735224513
0.0 0.0 4.94 0

1735224514
0.0 0.0 4.91 6

1735224515
0.0 0.0 4.91 0

1735224516
0.0 0.0 4.88 0

1735224517
0.0 0.0 4.88 0

1735224518
0.0 0.0 4.84 0

1735224519
0.0 0.0 4.84 0

1735224520
0.0 0.0 4.81 0

1735224521
0.0 0.0 4.81 679

1735224522
0.0 0.0 4.78 1120

1735224523
0.0 0.0 4.78 0

1735224524
0.0 0.0 4.74 0

1735224525
0.0 0.0 4.74 0

1735224526
0.0 0.0 4.71 0

1735224527
0.0 0.0 4.71 924

1735224528
0.0 0.0 4.68 0

1735224529
0.0 0.0 4.68 1203

1735224530
0.0 0.0 4.64 0

1735224531
0.0 0.0 4.64 0

1735224532
0.0 0.0 4.61 815

1735224533
0.0 0.0 4.61 0

1735224534
0.0 0.0 4.58 0

1735224535
0.0 0.0 4.58 9

1735224536
0.0 0.0 4.55 886

1735224537
0.0 0.0 4.55 0

1735224538
0.0 0.0 4.52 0

1735224539
0.0 0.0 4.52 5264

1735224540
0.0 0.0 4.49 4953

1735224541
0.0 0.0 4.49 2411

1735224542
0.0 0.0 4.46 31

1735224543
0.0 0.0 4.46 22

1735224544
0.0 0.0 4.43 5

1735224545
0.0 0.0 4.43 3071

1735224546
0.0 0.0 4.39 54

1735224547
0.0 0.0 4.39 4

1735224548
0.0 0.0 4.36 6

1735224549
0.0 0.0 4.36 1592

1735224550
0.0 0.0 4.33 4798

1735224551
0.0 0.0 4.33 5805

1735224552
0.0 0.0 4.3 37

1735224553
0.0 0.0 4.3 59

1735224554
0.0 0.0 4.27 4120

1735224555
0.0 0.0 4.25 937

1735224556
0.0 0.0 4.25 4465

1735224557
0.0 0.0 4.25 24

1735224558
0.0 0.0 4.22 666

1735224559
0.0 0.0 4.22 5466

1735224560
0.0 0.0 4.19 2449

1735224561
0.0 0.0 4.16 3932

1735224562
0.0 0.0 4.16 2672

1735224563
0.0 0.0 4.13 4108

1735224564
0.0 0.0 4.13 0

1735224565
0.0 0.0 4.13 0

1735224566
0.0 0.0 4.1 0

1735224567
0.0 0.0 4.1 0

1735224568
0.0 0.0 4.07 0

1735224569
0.0 0.0 4.04 0

1735224570
0.0 0.0 4.04 0

1735224571
0.0 0.0 4.04 0

1735224572
0.0 0.0 4.02 0

1735224573
0.0 0.0 4.02 0

1735224574
0.0 0.0 3.99 0

1735224575
0.0 0.0 3.99 6

1735224576
0.0 0.0 3.96 10

1735224577
0.0 0.0 3.96 0

1735224578
0.0 0.0 3.93 0

1735224579
0.0 0.0 3.93 5

1735224580
0.0 0.0 3.91 0

1735224581
0.0 0.0 3.91 0

1735224582
0.0 0.0 3.88 0

1735224583
0.0 0.0 3.88 3163

1735224584
0.0 0.0 3.85 1655

1735224585
0.0 0.0 3.85 0

1735224586
0.0 0.0 3.83 0

1735224587
0.0 0.0 3.83 0

1735224588
0.0 0.0 3.8 0

1735224589
0.0 0.0 3.8 0

1735224590
0.0 0.0 3.77 0

1735224592
0.0 0.0 3.75 0

1735224593
0.0 0.0 3.75 0

1735224594
0.0 0.0 3.72 820

1735224595
0.0 0.0 3.72 6926

1735224596
0.0 0.0 3.7 0

1735224597
0.0 0.0 3.7 0

1735224598
0.0 0.0 3.67 0

1735224599
0.0 0.0 3.67 3

1735224600
0.0 0.0 3.64 0

1735224601
0.0 0.0 3.64 5

1735224602
0.0 0.0 3.62 0

1735224603
0.0 0.0 3.62 8

1735224604
0.0 0.0 3.59 0

1735224605
0.0 0.0 3.59 4

1735224606
0.0 0.0 3.57 13

1735224607
0.0 0.0 3.57 17

1735224608
0.0 0.0 3.54 3

1735224609
0.0 0.0 3.54 2320

1735224610
0.0 0.0 3.52 18353

1735224611
0.0 0.0 3.52 8185

1735224612
0.18 0.03 3.5 8781

1735224613
0.18 0.03 3.5 3406

1735224614
0.14 0.03 3.48 1696

1735224615
0.12 0.02 3.45 2057

1735224616
0.12 0.02 3.45 0

1735224617
0.09 0.02 3.43 2587

1735224618
0.09 0.02 3.43 0

1735224619
0.09 0.02 3.43 4747

1735224620
0.08 0.02 3.41 0

1735224621
0.06 0.02 3.38 14647

1735224622
0.06 0.02 3.38 1439

1735224623
0.06 0.02 3.38 602

1735224624
0.05 0.02 3.36 0

1735224625
0.05 0.02 3.36 3826

1735224626
0.04 0.02 3.34 9427

1735224627
0.04 0.02 3.34 0

1735224628
0.03 0.02 3.31 8322

1735224629
0.03 0.02 3.31 0

1735224630
0.02 0.02 3.29 6672

1735224631
0.02 0.02 3.29 0

1735224632
0.02 0.02 3.27 10713

1735224633
0.01 0.02 3.24 3563

1735224634
0.01 0.02 3.24 9568

1735224635
0.01 0.02 3.24 99426

1735224636
0.92 0.18 3.26 29943

1735224637
0.92 0.18 3.26 0

1735224638
0.93 0.21 3.24 1

1735224639
0.93 0.21 3.24 582

1735224640
0.76 0.2 3.22 1242

1735224641
0.76 0.2 3.22 1332

1735224642
0.62 0.19 3.2 0

1735224643
0.62 0.19 3.2 0

1735224644
0.51 0.18 3.17 0

1735224645
0.51 0.18 3.17 457

1735224646
0.41 0.18 3.15 19

1735224647
0.34 0.17 3.13 0

1735224648
0.34 0.17 3.13 3105

1735224649
0.28 0.17 3.11 5377

1735224650
0.28 0.17 3.11 8124

1735224651
0.28 0.17 3.11 3519

1735224652
0.22 0.16 3.09 6052

1735224653
0.22 0.16 3.09 665

1735224654
0.18 0.15 3.07 7239

1735224655
0.15 0.15 3.04 1405

1735224656
0.15 0.15 3.04 2095

1735224657
0.3 0.18 3.03 30560

1735224658
0.3 0.18 3.03 0

1735224659
0.3 0.18 3.03 4

1735224660
0.25 0.17 3.01 4278

1735224661
0.25 0.17 3.01 931

1735224662
0.2 0.16 2.99 38350

1735224663
0.2 0.16 2.99 0

1735224664
0.34 0.19 2.97 3195

1735224665
0.28 0.19 2.95 2632

1735224666
0.28 0.19 2.95 5446

1735224667
0.28 0.19 2.95 1484

1735224668
0.23 0.18 2.93 1345

1735224669
0.23 0.18 2.93 3001

1735224670
0.19 0.17 2.91 3701

1735224671
0.19 0.17 2.91 1869

1735224672
0.15 0.17 2.89 1327

1735224673
0.15 0.17 2.89 575

1735224674
0.12 0.16 2.87 6113

1735224675
0.12 0.16 2.87 2106

1735224676
0.1 0.16 2.85 3757

1735224677
0.1 0.16 2.85 319

1735224678
0.08 0.15 2.83 11349

1735224679
0.08 0.15 2.83 894

1735224680
0.06 0.14 2.81 4765

1735224681
0.06 0.14 2.81 6053

1735224682
0.05 0.14 2.79 7000

1735224683
0.04 0.13 2.77 5119

1735224684
0.04 0.13 2.77 3992

1735224685
0.03 0.13 2.76 12576

1735224686
0.03 0.13 2.76 5208

1735224687
0.03 0.13 2.76 758

1735224688
0.03 0.12 2.74 2661

1735224689
0.02 0.12 2.72 4792

1735224690
0.02 0.12 2.72 2856

1735224691
0.02 0.12 2.72 885

1735224692
0.02 0.12 2.7 4552

1735224693
0.02 0.12 2.7 0

1735224694
0.01 0.11 2.68 3850

1735224695
0.01 0.11 2.68 4314

1735224696
0.01 0.11 2.66 8

1735224697
0.01 0.11 2.66 2

1735224698
0.01 0.1 2.64 11182

1735224699
0.01 0.1 2.64 0

1735224700
0.0 0.1 2.62 21742

1735224701
0.0 0.1 2.61 0

1735224702
0.0 0.1 2.61 0

1735224703
0.0 0.09 2.59 2

1735224704
0.0 0.09 2.59 1832

1735224705
0.0 0.09 2.59 4573

1735224706
0.0 0.09 2.57 0

1735224707
0.0 0.09 2.57 1481

1735224708
0.0 0.09 2.55 0

1735224709
0.0 0.08 2.53 4345

1735224710
0.0 0.08 2.53 412

1735224711
0.0 0.08 2.53 3281

1735224712
0.0 0.08 2.52 3655

1735224713
0.0 0.08 2.52 4345

1735224714
0.0 0.08 2.5 0

1735224715
0.0 0.08 2.5 3899

1735224716
0.0 0.07 2.48 1628

1735224717
0.0 0.07 2.48 1271

1735224718
0.0 0.07 2.46 1752

1735224719
0.0 0.07 2.46 3158

1735224720
0.0 0.07 2.45 1566

1735224721
0.0 0.07 2.45 8155

1735224722
0.18 0.1 2.44 29407

1735224723
0.32 0.13 2.43 6670

1735224724
0.32 0.13 2.43 5297

1735224725
0.32 0.13 2.43 16421

1735224726
0.45 0.16 2.42 10839

1735224727
0.45 0.16 2.42 2624

1735224728
0.36 0.15 2.4 7783

1735224729
0.36 0.15 2.4 0

1735224730
0.3 0.15 2.38 4

1735224731
0.3 0.15 2.38 0

1735224732
0.24 0.14 2.37 7

1735224733
0.24 0.14 2.37 0

1735224734
0.2 0.14 2.35 0

1735224735
0.2 0.14 2.35 73718

1735224736
0.7 0.23 2.36 37

1735224737
0.7 0.23 2.36 13781

1735224738
0.58 0.22 2.34 3933

1735224739
0.58 0.22 2.34 0

1735224740
0.47 0.21 2.32 1

1735224741
0.47 0.21 2.32 2385

1735224742
0.38 0.21 2.31 12775

1735224743
0.86 0.3 2.31 66277

1735224744
0.86 0.3 2.31 0

1735224745
0.86 0.3 2.31 9

1735224746
0.7 0.29 2.3 7410

1735224747
0.7 0.29 2.3 7556

1735224748
0.75 0.31 2.29 14383

1735224749
0.75 0.31 2.29 8785

1735224750
0.62 0.3 2.27 9732

1735224751
0.62 0.3 2.27 9581

1735224752
0.5 0.29 2.25 0

1735224753
0.5 0.29 2.25 4

1735224754
0.41 0.28 2.24 2173

1735224755
0.41 0.28 2.24 1568

1735224756
0.34 0.27 2.22 11

1735224757
0.34 0.27 2.22 7

1735224758
0.27 0.26 2.21 5

1735224759
0.27 0.26 2.21 0

1735224760
0.22 0.25 2.19 0

1735224761
0.22 0.25 2.19 1642

1735224762
0.18 0.24 2.18 0

1735224763
0.18 0.24 2.18 9

1735224764
0.15 0.24 2.16 4

1735224765
0.15 0.24 2.16 525

1735224766
0.12 0.23 2.15 2993

1735224767
0.12 0.23 2.15 10998

1735224768
0.1 0.22 2.13 5871

1735224769
0.1 0.22 2.13 6722

1735224770
0.08 0.21 2.12 0

1735224771
0.08 0.21 2.12 0

1735224772
0.06 0.2 2.1 0

1735224773
0.06 0.2 2.1 0

1735224774
0.05 0.2 2.09 3

1735224775
0.05 0.2 2.09 659

1735224776
0.04 0.19 2.07 0

1735224777
0.04 0.19 2.07 7

1735224778
0.03 0.18 2.06 0

1735224779
0.03 0.18 2.06 0

1735224780
0.02 0.18 2.04 0

1735224781
0.02 0.18 2.04 0

1735224782
0.02 0.17 2.03 18450

1735224783
0.02 0.17 2.03 0

1735224784
0.01 0.16 2.02 4

1735224785
0.01 0.16 2.02 0

1735224786
0.01 0.16 2.0 0

1735224787
0.01 0.16 2.0 0

1735224788
0.01 0.15 1.99 45331

1735224789
0.01 0.15 1.99 16597

1735224790
0.37 0.21 1.99 644

1735224791
0.37 0.21 1.99 916

1735224792
0.3 0.21 1.97 2260

1735224793
0.3 0.21 1.97 2143

1735224794
0.24 0.2 1.96 2003

1735224795
0.24 0.2 1.96 1432

1735224796
0.2 0.19 1.95 0

1735224797
0.2 0.19 1.95 2

1735224798
0.16 0.19 1.93 0

1735224799
0.16 0.19 1.93 0

1735224800
0.13 0.18 1.92 0

1735224801
0.13 0.18 1.92 0

1735224802
0.11 0.17 1.91 459

1735224803
0.11 0.17 1.91 0

1735224804
0.09 0.17 1.89 2834

1735224805
0.09 0.17 1.89 1248

1735224806
0.07 0.16 1.88 0

1735224807
0.07 0.16 1.88 1184

1735224808
0.06 0.16 1.87 0

1735224809
0.06 0.16 1.87 1

1735224810
0.04 0.15 1.85 0

1735224811
0.04 0.15 1.85 0

1735224812
0.04 0.14 1.84 0

1735224813
0.04 0.14 1.84 0

1735224814
0.03 0.14 1.83 0

1735224815
0.03 0.14 1.83 0

1735224816
0.02 0.13 1.82 0

1735224817
0.02 0.13 1.82 0

1735224818
0.02 0.13 1.8 0

1735224819
0.02 0.13 1.8 11

1735224820
0.01 0.12 1.79 0

1735224821
0.01 0.12 1.79 0

1735224822
0.01 0.12 1.78 0

1735224823
0.01 0.12 1.78 0

1735224824
0.01 0.12 1.77 0

1735224825
0.01 0.12 1.77 565

1735224826
0.0 0.11 1.75 0

1735224827
0.0 0.11 1.75 0

1735224828
0.0 0.11 1.74 0

1735224829
0.0 0.11 1.74 0

1735224830
0.0 0.1 1.73 606

1735224831
0.0 0.1 1.73 0

1735224832
0.0 0.1 1.72 0

1735224833
0.0 0.1 1.72 0

1735224834
0.0 0.1 1.7 1

1735224835
0.0 0.1 1.7 0

1735224836
0.0 0.09 1.69 0

1735224837
0.0 0.09 1.69 2

1735224838
0.0 0.09 1.68 0

1735224839
0.0 0.09 1.68 0

1735224840
0.0 0.09 1.67 0

1735224841
0.0 0.09 1.67 9

1735224842
0.0 0.08 1.66 0

1735224843
0.0 0.08 1.66 4

1735224844
0.0 0.08 1.65 11

1735224846
0.0 0.08 1.63 0

1735224847
0.0 0.08 1.63 669

1735224848
0.0 0.07 1.62 4

1735224849
0.0 0.07 1.62 575

1735224850
0.0 0.07 1.61 0

1735224851
0.0 0.07 1.61 0

1735224852
0.0 0.07 1.6 0

1735224853
0.0 0.07 1.6 0

1735224854
0.0 0.07 1.59 0

1735224855
0.0 0.07 1.59 0

1735224856
0.0 0.06 1.58 0

1735224857
0.0 0.06 1.58 0

1735224858
0.0 0.06 1.57 1873

1735224859
0.0 0.06 1.57 0

1735224860
0.0 0.06 1.56 0

1735224861
0.0 0.06 1.56 0

1735224862
0.0 0.06 1.54 287

1735224863
0.0 0.06 1.54 0

1735224864
0.0 0.05 1.53 0

1735224865
0.0 0.05 1.53 0

1735224866
0.0 0.05 1.52 0

1735224867
0.0 0.05 1.52 0

1735224868
0.0 0.05 1.51 0

1735224869
0.0 0.05 1.51 0

1735224870
0.0 0.05 1.5 6

1735224871
0.0 0.05 1.5 1

1735224872
0.0 0.05 1.49 3126

1735224873
0.0 0.05 1.49 0

1735224874
0.0 0.04 1.48 0

1735224875
0.0 0.04 1.48 0

1735224876
0.0 0.04 1.47 27

1735224877
0.0 0.04 1.47 0

1735224878
0.0 0.04 1.46 0

1735224879
0.0 0.04 1.46 0

1735224880
0.0 0.04 1.45 0

1735224881
0.0 0.04 1.45 0

1735224882
0.0 0.04 1.44 10365

1735224883
0.0 0.04 1.44 8

1735224884
0.0 0.04 1.43 0

1735224885
0.0 0.04 1.43 0

1735224886
0.0 0.03 1.42 0

1735224887
0.0 0.03 1.42 0

1735224888
0.0 0.03 1.41 0

1735224889
0.0 0.03 1.41 0

1735224890
0.0 0.03 1.4 0

1735224891
0.0 0.03 1.4 0

1735224892
0.0 0.03 1.39 3

1735224893
0.0 0.03 1.39 0

1735224894
0.0 0.03 1.38 0

1735224895
0.0 0.03 1.38 0

1735224896
0.0 0.03 1.37 0

1735224897
0.0 0.03 1.37 0

1735224898
0.0 0.02 1.36 0

1735224899
0.0 0.02 1.36 0

1735224900
0.0 0.02 1.35 6832

1735224901
0.0 0.02 1.35 0

1735224902
0.0 0.02 1.34 8134

1735224903
0.0 0.02 1.34 16439

1735224904
0.36 0.09 1.35 47481

1735224905
0.36 0.09 1.35 20017

1735224906
0.65 0.15 1.35 4954

1735224907
0.65 0.15 1.35 4381

1735224908
0.53 0.14 1.34 13537

1735224909
0.53 0.14 1.34 0

1735224910
0.44 0.14 1.33 0

1735224911
0.44 0.14 1.33 749

1735224912
0.36 0.13 1.32 0

1735224913
0.36 0.13 1.32 0

1735224914
0.29 0.13 1.31 8

1735224915
0.29 0.13 1.31 27595

1735224916
0.42 0.16 1.31 31

1735224917
0.42 0.16 1.31 1191

1735224918
0.34 0.15 1.3 243

1735224919
0.34 0.15 1.3 860

1735224920
0.28 0.15 1.29 0

1735224921
0.28 0.15 1.29 0

1735224922
0.23 0.14 1.28 0

1735224923
0.23 0.14 1.28 0

1735224924
0.23 0.14 1.28 3

1735224925
0.18 0.14 1.27 12862

1735224926
0.18 0.14 1.27 0

1735224927
0.15 0.13 1.27 0

1735224928
0.15 0.13 1.27 0

1735224929
0.12 0.13 1.26 19926

1735224930
0.12 0.13 1.26 2439

1735224931
0.28 0.16 1.26 7423

1735224932
0.28 0.16 1.26 546

1735224933
0.23 0.15 1.25 1971

1735224934
0.23 0.15 1.25 2

1735224935
0.19 0.15 1.24 39048

1735224936
0.19 0.15 1.24 4864

1735224937
0.51 0.21 1.24 113

1735224938
0.51 0.21 1.24 8

1735224939
0.42 0.2 1.23 4

1735224940
0.42 0.2 1.23 36403

1735224941
0.52 0.22 1.23 53732

1735224942
0.52 0.22 1.23 2729

1735224943
0.79 0.28 1.24 46

1735224944
0.79 0.28 1.24 3618

1735224945
0.65 0.27 1.23 16989

1735224946
0.65 0.27 1.23 9805

1735224947
0.71 0.3 1.23 5176

1735224948
0.71 0.3 1.23 1212

1735224949
0.58 0.29 1.22 78624

1735224950
0.58 0.29 1.22 158094

1735224951
2.65 0.67 1.29 74475

1735224952
2.65 0.67 1.29 20868

1735224953
2.89 0.78 1.31 4

1735224954
2.89 0.78 1.31 3191

1735224955
2.37 0.75 1.3 0

1735224956
2.37 0.75 1.3 2789

1735224957
1.94 0.73 1.29 29744

1735224958
1.94 0.73 1.29 5020

1735224959
1.77 0.74 1.29 0

1735224960
1.77 0.74 1.29 680

1735224961
1.44 0.71 1.28 0

1735224962
1.44 0.71 1.28 1715

1735224963
1.18 0.69 1.27 8258

1735224964
1.18 0.69 1.27 0

1735224965
0.97 0.67 1.26 0

1735224966
0.97 0.67 1.26 0

1735224967
0.79 0.64 1.25 0

1735224968
0.79 0.64 1.25 2191

1735224969
0.65 0.62 1.25 2

1735224970
0.65 0.62 1.25 0

1735224971
0.53 0.6 1.24 19807

1735224972
0.53 0.6 1.24 0

1735224973
0.43 0.58 1.23 3204

1735224974
0.43 0.58 1.23 0

1735224975
0.35 0.56 1.22 7807

1735224976
0.35 0.56 1.22 406

1735224977
0.29 0.54 1.21 0

1735224978
0.29 0.54 1.21 0

1735224979
0.23 0.53 1.2 0

1735224980
0.23 0.53 1.2 0

1735224981
0.19 0.51 1.19 0

1735224982
0.19 0.51 1.19 0

1735224983
0.15 0.49 1.18 4670

1735224984
0.15 0.49 1.18 0

1735224985
0.13 0.47 1.18 0

1735224986
0.13 0.47 1.18 0

1735224987
0.1 0.46 1.17 0

1735224988
0.1 0.46 1.17 0

1735224989
0.08 0.44 1.16 0

1735224990
0.08 0.44 1.16 0

1735224991
0.07 0.43 1.15 0

1735224992
0.07 0.43 1.15 0

1735224993
0.05 0.41 1.14 0

1735224994
0.05 0.41 1.14 0

1735224995
0.04 0.4 1.13 10514

1735224996
0.04 0.4 1.13 0

1735224997
0.03 0.39 1.13 0

1735224998
0.03 0.39 1.13 0

1735224999
0.03 0.37 1.12 0

1735225000
0.03 0.37 1.12 0

1735225001
0.02 0.36 1.11 6324

1735225002
0.02 0.36 1.11 1310

1735225003
0.02 0.35 1.1 0

1735225004
0.02 0.35 1.1 0

1735225005
0.01 0.34 1.1 8

1735225006
0.01 0.34 1.1 0

1735225007
0.01 0.32 1.09 0

1735225008
0.01 0.32 1.09 0

1735225009
0.01 0.31 1.08 0

1735225010
0.01 0.31 1.08 0

1735225011
0.0 0.3 1.07 0

1735225012
0.0 0.3 1.07 1

1735225013
0.0 0.29 1.06 0

1735225014
0.0 0.29 1.06 0

1735225015
0.0 0.28 1.06 0

1735225016
0.0 0.28 1.06 0

1735225017
0.0 0.27 1.05 0

1735225018
0.0 0.27 1.05 0

1735225019
0.0 0.26 1.04 0

1735225020
0.0 0.26 1.04 0

1735225021
0.0 0.25 1.04 0

1735225022
0.0 0.25 1.04 0

1735225023
0.0 0.25 1.03 0

1735225024
0.0 0.25 1.03 0

1735225025
0.0 0.24 1.02 0

1735225026
0.0 0.24 1.02 0

1735225027
0.0 0.23 1.01 0

1735225028
0.0 0.23 1.01 0

1735225029
0.0 0.22 1.01 1971

1735225030
0.0 0.22 1.01 1613

1735225031
0.0 0.21 1.0 0

1735225032
0.0 0.21 1.0 0

1735225033
0.0 0.21 0.99 0

1735225034
0.0 0.21 0.99 0

1735225035
0.0 0.2 0.98 1900

1735225036
0.0 0.2 0.98 0

1735225037
0.0 0.19 0.98 0

1735225038
0.0 0.19 0.98 0

1735225039
0.0 0.19 0.97 0

1735225040
0.0 0.19 0.97 0

1735225041
0.0 0.18 0.96 0

1735225042
0.0 0.18 0.96 0

1735225043
0.0 0.17 0.96 0

1735225044
0.0 0.17 0.96 0

1735225045
0.0 0.17 0.95 0

1735225046
0.0 0.17 0.95 0

1735225047
0.0 0.16 0.94 0

1735225048
0.0 0.16 0.94 0

1735225049
0.0 0.16 0.94 0

1735225050
0.0 0.16 0.94 0

1735225051
0.0 0.15 0.93 0

1735225052
0.0 0.15 0.93 1637

1735225053
0.0 0.14 0.92 0

1735225054
0.0 0.14 0.92 0

1735225055
0.0 0.14 0.92 0

1735225056
0.0 0.14 0.92 0

1735225057
0.0 0.13 0.91 0

1735225058
0.0 0.13 0.91 0

1735225059
0.0 0.13 0.9 0

1735225060
0.0 0.13 0.9 0

1735225061
0.0 0.12 0.9 925

1735225062
0.0 0.12 0.9 22677

1735225063
0.18 0.15 0.9 0

1735225064
0.18 0.15 0.9 0

1735225065
0.14 0.15 0.89 0

1735225066
0.14 0.15 0.89 0

1735225067
0.12 0.14 0.89 0

1735225068
0.12 0.14 0.89 0

1735225069
0.09 0.14 0.88 0

1735225070
0.09 0.14 0.88 0

1735225071
0.08 0.13 0.87 0

1735225072
0.08 0.13 0.87 0

1735225073
0.06 0.13 0.87 0

1735225074
0.06 0.13 0.87 0

1735225075
0.05 0.12 0.86 0

1735225076
0.05 0.12 0.86 0

1735225077
0.04 0.12 0.85 0

1735225078
0.04 0.12 0.85 0

1735225079
0.03 0.12 0.85 0

1735225080
0.03 0.12 0.85 0

1735225081
0.02 0.11 0.84 0

1735225082
0.02 0.11 0.84 0

1735225083
0.02 0.11 0.84 0

1735225084
0.02 0.11 0.84 0

1735225085
0.01 0.1 0.83 0

1735225086
0.01 0.1 0.83 0

1735225087
0.01 0.1 0.82 0

1735225088
0.01 0.1 0.82 0

1735225089
0.01 0.1 0.82 0

1735225090
0.01 0.1 0.82 0

1735225091
0.0 0.09 0.81 0

1735225092
0.0 0.09 0.81 0

1735225093
0.0 0.09 0.81 0

1735225094
0.0 0.09 0.81 0

1735225095
0.0 0.09 0.8 0

1735225096
0.0 0.09 0.8 0

1735225097
0.0 0.08 0.79 0

1735225098
0.0 0.08 0.79 0

1735225099
0.0 0.08 0.79 0

1735225100
0.0 0.08 0.79 0

1735225101
0.0 0.08 0.78 0

1735225102
0.0 0.08 0.78 0

1735225103
0.0 0.07 0.78 0

1735225104
0.0 0.07 0.78 0

1735225105
0.0 0.07 0.77 0

1735225106
0.0 0.07 0.77 0

1735225107
0.0 0.07 0.77 0

1735225108
0.0 0.07 0.77 0

1735225109
0.0 0.06 0.76 12

1735225110
0.0 0.06 0.76 0

1735225111
0.0 0.06 0.76 0

1735225112
0.0 0.06 0.76 0

1735225113
0.0 0.06 0.75 0

1735225115
0.0 0.06 0.75 0

1735225116
0.0 0.06 0.75 0

1735225117
0.0 0.06 0.74 0

1735225118
0.0 0.06 0.74 0

1735225119
0.0 0.05 0.73 0

1735225120
0.0 0.05 0.73 0

1735225121
0.0 0.05 0.73 0

1735225122
0.0 0.05 0.73 0

1735225123
0.0 0.05 0.72 0

1735225124
0.0 0.05 0.72 0

1735225125
0.0 0.05 0.72 0

1735225126
0.0 0.05 0.72 8818

1735225127
0.0 0.04 0.71 2496

1735225128
0.0 0.04 0.71 2360

1735225129
0.0 0.04 0.71 46

1735225130
0.0 0.04 0.71 4840

1735225131
0.0 0.04 0.7 1005

1735225132
0.0 0.04 0.7 5

1735225133
0.0 0.04 0.7 18

1735225134
0.0 0.04 0.7 5

1735225135
0.0 0.04 0.69 20

1735225136
0.0 0.04 0.69 13039

1735225137
0.0 0.04 0.69 2687

1735225138
0.0 0.04 0.69 194

1735225139
0.0 0.03 0.68 2409

1735225141
0.0 0.03 0.68 0

1735225142
0.0 0.03 0.68 5392

1735225143
0.0 0.03 0.67 5929

1735225144
0.0 0.03 0.67 8769

1735225145
0.0 0.03 0.67 0

1735225146
0.0 0.03 0.66 4553

1735225147
0.0 0.03 0.66 0

1735225148
0.0 0.03 0.66 0

1735225149
0.0 0.03 0.66 0

1735225151
0.0 0.03 0.65 8606

1735225152
0.0 0.02 0.65 4491

1735225153
0.0 0.02 0.65 0

1735225155
0.0 0.02 0.64 1921

1735225156
0.0 0.02 0.64 6877

1735225157
0.0 0.02 0.64 0

1735225158
0.0 0.02 0.64 0

1735225159
0.0 0.02 0.63 0

1735225160
0.0 0.02 0.63 2228

1735225161
0.0 0.02 0.63 6569

1735225162
0.0 0.02 0.63 7194

1735225163
0.0 0.02 0.63 0

1735225164
0.0 0.02 0.62 0

1735225165
0.0 0.02 0.62 0

1735225166
0.0 0.02 0.62 0

1735225167
0.0 0.02 0.62 0

1735225168
0.0 0.02 0.62 0

1735225169
0.0 0.02 0.61 0

1735225170
0.0 0.02 0.61 0

1735225171
0.0 0.02 0.61 1569

1735225172
0.0 0.02 0.61 48260

1735225173
0.36 0.08 0.62 9493

1735225174
0.36 0.08 0.62 774

1735225175
0.29 0.08 0.61 16820

1735225176
0.29 0.08 0.61 25262

1735225177
0.6 0.14 0.62 6796

1735225178
0.6 0.14 0.62 1466

1735225179
0.49 0.14 0.62 0

1735225180
0.49 0.14 0.62 6188

1735225181
0.4 0.13 0.61 5387

1735225182
0.4 0.13 0.61 645

1735225183
0.33 0.13 0.61 1163

1735225184
0.33 0.13 0.61 0

1735225185
0.27 0.12 0.61 0

1735225186
0.27 0.12 0.61 0

1735225187
0.22 0.12 0.6 0

1735225188
0.22 0.12 0.6 1682

1735225189
0.18 0.11 0.6 0

1735225190
0.18 0.11 0.6 0

1735225191
0.14 0.11 0.59 0

1735225192
0.14 0.11 0.59 5114

1735225193
0.12 0.1 0.59 2249

1735225194
0.12 0.1 0.59 14325

1735225195
0.09 0.1 0.58 1303

1735225196
0.09 0.1 0.58 5

1735225197
0.08 0.1 0.58 0

1735225198
0.08 0.1 0.58 0

1735225199
0.06 0.09 0.57 5

1735225200
0.06 0.09 0.57 0

1735225201
0.05 0.09 0.57 0

1735225202
0.05 0.09 0.57 3

1735225203
0.04 0.09 0.57 1057

1735225204
0.04 0.09 0.57 28

1735225205
0.03 0.08 0.56 2

1735225206
0.03 0.08 0.56 0

1735225207
0.02 0.08 0.56 0

1735225208
0.02 0.08 0.56 5

1735225209
0.02 0.08 0.55 7

1735225210
0.02 0.08 0.55 23084

1735225211
0.2 0.11 0.56 847

1735225212
0.2 0.11 0.56 7332

1735225213
0.16 0.1 0.55 5386

1735225214
0.16 0.1 0.55 0

1735225215
0.13 0.1 0.55 0

1735225216
0.13 0.1 0.55 0

1735225217
0.1 0.1 0.55 0

1735225218
0.1 0.1 0.55 0

1735225219
0.08 0.09 0.54 0

1735225220
0.08 0.09 0.54 0

1735225221
0.07 0.09 0.54 309

1735225222
0.07 0.09 0.54 3

1735225223
0.05 0.09 0.53 3

1735225224
0.05 0.09 0.53 11

1735225225
0.04 0.08 0.53 0

1735225227
0.03 0.08 0.53 3932

1735225228
0.03 0.08 0.53 512

1735225229
0.03 0.08 0.52 0

1735225230
0.03 0.08 0.52 0

1735225231
0.02 0.07 0.52 0

1735225232
0.02 0.07 0.52 0

1735225233
0.02 0.07 0.51 5

1735225234
0.02 0.07 0.51 0

1735225235
0.01 0.07 0.51 21

1735225236
0.01 0.07 0.51 10

1735225237
0.01 0.07 0.51 3

1735225238
0.01 0.07 0.51 12154

1735225239
0.01 0.06 0.5 0

1735225240
0.01 0.06 0.5 0

1735225241
0.0 0.06 0.5 0

1735225242
0.0 0.06 0.5 5942

1735225244
0.0 0.06 0.5 6335

1735225245
0.0 0.06 0.49 6075

1735225246
0.0 0.06 0.49 3308

1735225247
0.0 0.05 0.49 0

1735225248
0.0 0.05 0.49 0

1735225249
0.0 0.05 0.48 0

1735225250
0.0 0.05 0.48 1854

1735225251
0.0 0.05 0.48 0

1735225252
0.0 0.05 0.48 0

1735225253
0.0 0.05 0.48 0

1735225254
0.0 0.05 0.48 0

1735225255
0.0 0.05 0.47 0

1735225256
0.0 0.05 0.47 0

1735225257
0.0 0.04 0.47 0

1735225258
0.0 0.04 0.47 11

1735225259
0.0 0.04 0.47 7

1735225260
0.0 0.04 0.47 8891

1735225261
0.0 0.04 0.46 0

1735225262
0.0 0.04 0.46 0

1735225263
0.0 0.04 0.46 0

1735225264
0.0 0.04 0.46 0

1735225265
0.0 0.04 0.46 0

1735225266
0.0 0.04 0.46 4

1735225267
0.0 0.04 0.45 0

1735225268
0.0 0.04 0.45 2926

1735225269
0.0 0.03 0.45 0

1735225270
0.0 0.03 0.45 14330

1735225271
0.18 0.07 0.45 12886

1735225272
0.18 0.07 0.45 14837

1735225273
0.14 0.06 0.45 0

1735225274
0.14 0.06 0.45 7979

1735225275
0.3 0.09 0.45 15224

1735225276
0.3 0.09 0.45 13138

1735225277
0.42 0.12 0.46 24223

1735225278
0.42 0.12 0.46 0

1735225279
0.35 0.12 0.46 0

1735225280
0.35 0.12 0.46 3989

1735225281
0.28 0.11 0.45 0

1735225282
0.28 0.11 0.45 1612

1735225283
0.23 0.11 0.45 912

1735225284
0.23 0.11 0.45 2148

1735225285
0.19 0.11 0.45 5244

1735225286
0.19 0.11 0.45 12617

1735225287
0.15 0.1 0.44 1952

1735225288
0.15 0.1 0.44 0

1735225289
0.12 0.1 0.44 6128

1735225290
0.12 0.1 0.44 0

1735225291
0.1 0.1 0.43 1320

1735225292
0.1 0.1 0.43 1473

1735225293
0.26 0.12 0.44 29111

1735225294
0.26 0.12 0.44 6141

1735225295
0.21 0.12 0.44 511

1735225296
0.21 0.12 0.44 4213

1735225297
0.17 0.12 0.43 608

1735225298
0.17 0.12 0.43 2290

1735225299
0.14 0.11 0.43 9

1735225300
0.14 0.11 0.43 45940

1735225301
0.66 0.21 0.45 15590

1735225302
0.66 0.21 0.45 14391

1735225303
0.54 0.2 0.44 5040

1735225304
0.54 0.2 0.44 9364

1735225305
0.44 0.19 0.44 6331

1735225306
0.44 0.19 0.44 27990

1735225307
0.72 0.25 0.45 14499

