1735234239
/dev/nvme0n1p2: 596810719232
overlay: 596810719232

1735234240
/dev/nvme0n1p2: 596846325760
overlay: 596846325760

1735234241
/dev/nvme0n1p2: 596997414912
overlay: 596997414912

1735234242
/dev/nvme0n1p2: 597074923520
overlay: 597074923520

1735234243
/dev/nvme0n1p2: 597120974848
overlay: 597120974848

1735234244
/dev/nvme0n1p2: 597481889792
overlay: 597481889792

1735234245
/dev/nvme0n1p2: 597978816512
overlay: 597978820608

1735234246
/dev/nvme0n1p2: 598114308096
overlay: 598114308096

1735234247
/dev/nvme0n1p2: 598343184384
overlay: 598343184384

1735234248
/dev/nvme0n1p2: 598503280640
overlay: 598503280640

1735234249
/dev/nvme0n1p2: 598616301568
overlay: 598616301568

1735234250
/dev/nvme0n1p2: 598666141696
overlay: 598666141696

1735234251
/dev/nvme0n1p2: 598802714624
overlay: 598802718720

1735234252
/dev/nvme0n1p2: 599003242496
overlay: 599003242496

1735234253
/dev/nvme0n1p2: 599337390080
overlay: 599337390080

1735234254
/dev/nvme0n1p2: 599520968704
overlay: 599520968704

1735234255
/dev/nvme0n1p2: 599673081856
overlay: 599673081856

1735234256
/dev/nvme0n1p2: 599805296640
overlay: 599805296640

1735234258
/dev/nvme0n1p2: 599940902912
overlay: 599940902912

1735234259
/dev/nvme0n1p2: 600043466752
overlay: 600043466752

1735234260
/dev/nvme0n1p2: 600126042112
overlay: 600126042112

1735234261
/dev/nvme0n1p2: 600239808512
overlay: 600239808512

1735234262
/dev/nvme0n1p2: 600465690624
overlay: 600465690624

1735234263
/dev/nvme0n1p2: 600747855872
overlay: 600747855872

1735234264
/dev/nvme0n1p2: 600837685248
overlay: 600837685248

1735234265
/dev/nvme0n1p2: 600882823168
overlay: 600882823168

1735234266
/dev/nvme0n1p2: 600957104128
overlay: 600957104128

1735234267
/dev/nvme0n1p2: 601318383616
overlay: 601318383616

1735234268
/dev/nvme0n1p2: 601689509888
overlay: 601689509888

1735234269
/dev/nvme0n1p2: 601752969216
overlay: 601752969216

1735234270
/dev/nvme0n1p2: 601918484480
overlay: 601918484480

1735234271
/dev/nvme0n1p2: 601986347008
overlay: 601986347008

1735234272
/dev/nvme0n1p2: 602051899392
overlay: 602051899392

1735234273
/dev/nvme0n1p2: 602240344064
overlay: 602240344064

1735234274
/dev/nvme0n1p2: 602281390080
overlay: 602281390080

1735234275
/dev/nvme0n1p2: 602317721600
overlay: 602317721600

1735234276
/dev/nvme0n1p2: 602368942080
overlay: 602368942080

1735234277
/dev/nvme0n1p2: 602437550080
overlay: 602437550080

1735234278
/dev/nvme0n1p2: 602474483712
overlay: 602474483712

1735234279
/dev/nvme0n1p2: 602510983168
overlay: 602510983168

1735234280
/dev/nvme0n1p2: 602558156800
overlay: 602558160896

1735234281
/dev/nvme0n1p2: 602636713984
overlay: 602636713984

1735234282
/dev/nvme0n1p2: 602666803200
overlay: 602666803200

1735234283
/dev/nvme0n1p2: 602677534720
overlay: 602677534720

1735234284
/dev/nvme0n1p2: 602698481664
overlay: 602698481664

1735234285
/dev/nvme0n1p2: 602721697792
overlay: 602721697792

1735234287
/dev/nvme0n1p2: 602749239296
overlay: 602749239296

1735234289
/dev/nvme0n1p2: 602780618752
overlay: 602780618752

1735234290
/dev/nvme0n1p2: 602796740608
overlay: 602796744704

1735234291
/dev/nvme0n1p2: 602809913344
overlay: 602809913344

1735234292
/dev/nvme0n1p2: 602830770176
overlay: 602830774272

1735234294
/dev/nvme0n1p2: 602859692032
overlay: 602859692032

1735234295
/dev/nvme0n1p2: 602875416576
overlay: 602875416576

1735234296
/dev/nvme0n1p2: 602893856768
overlay: 602893856768

1735234297
/dev/nvme0n1p2: 602917224448
overlay: 602917224448

1735234298
/dev/nvme0n1p2: 602996264960
overlay: 602996264960

1735234299
/dev/nvme0n1p2: 603302424576
overlay: 603302428672

1735234300
/dev/nvme0n1p2: 603654279168
overlay: 603654279168

1735234301
/dev/nvme0n1p2: 604571406336
overlay: 604571410432

1735234302
/dev/nvme0n1p2: 605204799488
overlay: 605204799488

1735234303
/dev/nvme0n1p2: 605610438656
overlay: 605610446848

1735234305
/dev/nvme0n1p2: 606214414336
overlay: 606214414336

1735234306
/dev/nvme0n1p2: 606771195904
overlay: 606771204096

1735234308
/dev/nvme0n1p2: 607676907520
overlay: 607676907520

1735234315
/dev/nvme0n1p2: 608419794944
overlay: 608419794944

1735234316
/dev/nvme0n1p2: 608575496192
overlay: 608575496192

1735234318
/dev/nvme0n1p2: 609045327872
overlay: 609045336064

1735234320
/dev/nvme0n1p2: 609235808256
overlay: 609235808256

1735234321
/dev/nvme0n1p2: 609340493824
overlay: 609340493824

1735234323
/dev/nvme0n1p2: 609590304768
overlay: 609590304768

1735234324
/dev/nvme0n1p2: 609823621120
overlay: 609823621120

1735234325
/dev/nvme0n1p2: 610006118400
overlay: 610006118400

1735234327
/dev/nvme0n1p2: 610069491712
overlay: 610069491712

1735234331
/dev/nvme0n1p2: 610259857408
overlay: 610259955712

1735234332
/dev/nvme0n1p2: 610468249600
overlay: 610468249600

1735234333
/dev/nvme0n1p2: 610661322752
overlay: 610661322752

1735234334
/dev/nvme0n1p2: 610719109120
overlay: 610719109120

1735234335
/dev/nvme0n1p2: 611063255040
overlay: 611063255040

1735234337
/dev/nvme0n1p2: 611224465408
overlay: 611224465408

1735234340
/dev/nvme0n1p2: 611285889024
overlay: 611285889024

1735234341
/dev/nvme0n1p2: 611368759296
overlay: 611368759296

1735234342
/dev/nvme0n1p2: 611429195776
overlay: 611429195776

1735234343
/dev/nvme0n1p2: 611453108224
overlay: 611453112320

1735234345
/dev/nvme0n1p2: 611598745600
overlay: 611598745600

1735234347
/dev/nvme0n1p2: 611628507136
overlay: 611628507136

1735234348
/dev/nvme0n1p2: 611820687360
overlay: 611820687360

1735234350
/dev/nvme0n1p2: 612001951744
overlay: 612001951744

1735234355
/dev/nvme0n1p2: 612316508160
overlay: 612316508160

1735234356
/dev/nvme0n1p2: 612506472448
overlay: 612506472448

1735234362
/dev/nvme0n1p2: 612587814912
overlay: 612587814912

1735234363
/dev/nvme0n1p2: 612648566784
overlay: 612648566784

1735234364
/dev/nvme0n1p2: 612739604480
overlay: 612739600384

1735234366
/dev/nvme0n1p2: 612888821760
overlay: 612888809472

1735234368
/dev/nvme0n1p2: 613017706496
overlay: 613017706496

1735234371
/dev/nvme0n1p2: 613107023872
overlay: 613107023872

1735234372
/dev/nvme0n1p2: 613230194688
overlay: 613230194688

1735234374
/dev/nvme0n1p2: 613529964544
overlay: 613529980928

1735234381
/dev/nvme0n1p2: 613941342208
overlay: 613941346304

1735234385
/dev/nvme0n1p2: 614092435456
overlay: 614092439552

1735234386
/dev/nvme0n1p2: 614148509696
overlay: 614148509696

1735234387
/dev/nvme0n1p2: 614197223424
overlay: 614197223424

1735234390
/dev/nvme0n1p2: 614252974080
overlay: 614252974080

1735234392
/dev/nvme0n1p2: 614300438528
overlay: 614300438528

1735234393
/dev/nvme0n1p2: 614329581568
overlay: 614329581568

1735234394
/dev/nvme0n1p2: 614378328064
overlay: 614378328064

1735234396
/dev/nvme0n1p2: 614502051840
overlay: 614502051840

1735234397
/dev/nvme0n1p2: 614618181632
overlay: 614618181632

1735234401
/dev/nvme0n1p2: 614716071936
overlay: 614716071936

1735234402
/dev/nvme0n1p2: 614804393984
overlay: 614804393984

1735234403
/dev/nvme0n1p2: 614906707968
overlay: 614906716160

1735234405
/dev/nvme0n1p2: 615015579648
overlay: 615015579648

1735234406
/dev/nvme0n1p2: 615158603776
overlay: 615158603776

1735234408
/dev/nvme0n1p2: 615326117888
overlay: 615326117888

1735234414
/dev/nvme0n1p2: 615387226112
overlay: 615387226112

1735234415
/dev/nvme0n1p2: 615552847872
overlay: 615552847872

1735234418
/dev/nvme0n1p2: 615690280960
overlay: 615690280960

1735234421
/dev/nvme0n1p2: 615928377344
overlay: 615928385536

1735234423
/dev/nvme0n1p2: 616098115584
overlay: 616098119680

1735234424
/dev/nvme0n1p2: 616196497408
overlay: 616196497408

1735234430
/dev/nvme0n1p2: 616379346944
overlay: 616379355136

1735234431
/dev/nvme0n1p2: 616465121280
overlay: 616465121280

1735234433
/dev/nvme0n1p2: 616600104960
overlay: 616600104960

1735234435
/dev/nvme0n1p2: 616702185472
overlay: 616702185472

1735234439
/dev/nvme0n1p2: 616810561536
overlay: 616810561536

1735234442
/dev/nvme0n1p2: 616932839424
overlay: 616932839424

1735234444
/dev/nvme0n1p2: 617091063808
overlay: 617091063808

1735234445
/dev/nvme0n1p2: 617192214528
overlay: 617192214528

1735234446
/dev/nvme0n1p2: 617293172736
overlay: 617293172736

1735234447
/dev/nvme0n1p2: 617392431104
overlay: 617392435200

1735234448
/dev/nvme0n1p2: 617471025152
overlay: 617471025152

1735234449
/dev/nvme0n1p2: 617538953216
overlay: 617538957312

1735234452
/dev/nvme0n1p2: 617554571264
overlay: 617554571264

1735234454
/dev/nvme0n1p2: 617710972928
overlay: 617710972928

1735234458
/dev/nvme0n1p2: 617855586304
overlay: 617855586304

1735234460
/dev/nvme0n1p2: 617927675904
overlay: 617927675904

1735234461
/dev/nvme0n1p2: 618016317440
overlay: 618016317440

1735234463
/dev/nvme0n1p2: 618155937792
overlay: 618155941888

1735234469
/dev/nvme0n1p2: 618382106624
overlay: 618382106624

1735234470
/dev/nvme0n1p2: 618450890752
overlay: 618450890752

1735234473
/dev/nvme0n1p2: 618512748544
overlay: 618512748544

1735234478
/dev/nvme0n1p2: 618626027520
overlay: 618626027520

1735234479
/dev/nvme0n1p2: 618697138176
overlay: 618697138176

1735234484
/dev/nvme0n1p2: 618896904192
overlay: 618896908288

1735234485
/dev/nvme0n1p2: 618988662784
overlay: 618988662784

1735234486
/dev/nvme0n1p2: 619103563776
overlay: 619103563776

1735234489
/dev/nvme0n1p2: 619323322368
overlay: 619323326464

1735234494
/dev/nvme0n1p2: 619434262528
overlay: 619434262528

1735234495
/dev/nvme0n1p2: 619523510272
overlay: 619523510272

1735234499
/dev/nvme0n1p2: 619584851968
overlay: 619584851968

1735234500
/dev/nvme0n1p2: 619684163584
overlay: 619684167680

1735234502
/dev/nvme0n1p2: 619691307008
overlay: 619691307008

1735234503
/dev/nvme0n1p2: 619793588224
overlay: 619793588224

1735234508
/dev/nvme0n1p2: 619915386880
overlay: 619915382784

1735234509
/dev/nvme0n1p2: 619989700608
overlay: 619989700608

1735234511
/dev/nvme0n1p2: 620154224640
overlay: 620154228736

1735234514
/dev/nvme0n1p2: 620475772928
overlay: 620475772928

1735234517
/dev/nvme0n1p2: 620726956032
overlay: 620726956032

1735234518
/dev/nvme0n1p2: 620805165056
overlay: 620805165056

1735234519
/dev/nvme0n1p2: 620871143424
overlay: 620871143424

1735234520
/dev/nvme0n1p2: 620897378304
overlay: 620897378304

1735234522
/dev/nvme0n1p2: 621023907840
overlay: 621023907840

1735234523
/dev/nvme0n1p2: 621061476352
overlay: 621061476352

1735234527
/dev/nvme0n1p2: 621092139008
overlay: 621092139008

1735234528
/dev/nvme0n1p2: 621116981248
overlay: 621116981248

1735234529
/dev/nvme0n1p2: 621163581440
overlay: 621163581440

1735234532
/dev/nvme0n1p2: 621186994176
overlay: 621186990080

1735234533
/dev/nvme0n1p2: 621246599168
overlay: 621246599168

1735234534
/dev/nvme0n1p2: 621296738304
overlay: 621296734208

1735234535
/dev/nvme0n1p2: 621363482624
overlay: 621363482624

1735234537
/dev/nvme0n1p2: 621522546688
overlay: 621522546688

1735234538
/dev/nvme0n1p2: 621596065792
overlay: 621596065792

1735234542
/dev/nvme0n1p2: 621721698304
overlay: 621721698304

1735234544
/dev/nvme0n1p2: 621853356032
overlay: 621853356032

1735234546
/dev/nvme0n1p2: 621909385216
overlay: 621909385216

1735234547
/dev/nvme0n1p2: 621994610688
overlay: 621994610688

1735234549
/dev/nvme0n1p2: 622147125248
overlay: 622147125248

1735234554
/dev/nvme0n1p2: 622136504320
overlay: 622136504320

1735234555
/dev/nvme0n1p2: 622238883840
overlay: 622238883840

1735234557
/dev/nvme0n1p2: 622266228736
overlay: 622266228736

1735234558
/dev/nvme0n1p2: 622351949824
overlay: 622351958016

1735234560
/dev/nvme0n1p2: 622506270720
overlay: 622506270720

1735234562
/dev/nvme0n1p2: 622682841088
overlay: 622682841088

1735234568
/dev/nvme0n1p2: 622768222208
overlay: 622768226304

1735234570
/dev/nvme0n1p2: 622851731456
overlay: 622851735552

1735234571
/dev/nvme0n1p2: 622881226752
overlay: 622881230848

1735234573
/dev/nvme0n1p2: 623146819584
overlay: 623146819584

1735234575
/dev/nvme0n1p2: 623344500736
overlay: 623344504832

1735234576
/dev/nvme0n1p2: 623436582912
overlay: 623436582912

1735234584
/dev/nvme0n1p2: 623627034624
overlay: 623627128832

1735234585
/dev/nvme0n1p2: 623700787200
overlay: 623700787200

1735234586
/dev/nvme0n1p2: 623816323072
overlay: 623816323072

1735234588
/dev/nvme0n1p2: 623967813632
overlay: 623967821824

1735234594
/dev/nvme0n1p2: 624285216768
overlay: 624285229056

1735234596
/dev/nvme0n1p2: 624321380352
overlay: 624321380352

1735234599
/dev/nvme0n1p2: 624545882112
overlay: 624545886208

1735234600
/dev/nvme0n1p2: 624612839424
overlay: 624612843520

1735234601
/dev/nvme0n1p2: 624642818048
overlay: 624642818048

1735234602
/dev/nvme0n1p2: 624670371840
overlay: 624670371840

1735234603
/dev/nvme0n1p2: 624692215808
overlay: 624692215808

1735234606
/dev/nvme0n1p2: 624714743808
overlay: 624714747904

1735234608
/dev/nvme0n1p2: 624751378432
overlay: 624751374336

1735234609
/dev/nvme0n1p2: 624773021696
overlay: 624773025792

1735234611
/dev/nvme0n1p2: 624851132416
overlay: 624851132416

1735234612
/dev/nvme0n1p2: 624966045696
overlay: 624966045696

1735234619
/dev/nvme0n1p2: 625156890624
overlay: 625156894720

1735234626
/dev/nvme0n1p2: 625093279744
overlay: 625093287936

1735234628
/dev/nvme0n1p2: 625184919552
overlay: 625184919552

1735234634
/dev/nvme0n1p2: 625650016256
overlay: 625650020352

1735234635
/dev/nvme0n1p2: 625816879104
overlay: 625816879104

1735234636
/dev/nvme0n1p2: 625961967616
overlay: 625961967616

1735234637
/dev/nvme0n1p2: 626146082816
overlay: 626146082816

1735234638
/dev/nvme0n1p2: 626276388864
overlay: 626276392960

1735234643
/dev/nvme0n1p2: 626388516864
overlay: 626388520960

1735234645
/dev/nvme0n1p2: 626508730368
overlay: 626508730368

1735234649
/dev/nvme0n1p2: 626576846848
overlay: 626576850944

1735234651
/dev/nvme0n1p2: 626813747200
overlay: 626813751296

1735234653
/dev/nvme0n1p2: 626962653184
overlay: 626962653184

1735234657
/dev/nvme0n1p2: 627090190336
overlay: 627090190336

1735234658
/dev/nvme0n1p2: 627213123584
overlay: 627213123584

1735234660
/dev/nvme0n1p2: 627268751360
overlay: 627268771840

1735234662
/dev/nvme0n1p2: 627421253632
overlay: 627421253632

1735234663
/dev/nvme0n1p2: 627491106816
overlay: 627491106816

1735234667
/dev/nvme0n1p2: 627505782784
overlay: 627505790976

1735234672
/dev/nvme0n1p2: 627440848896
overlay: 627440852992

1735234679
/dev/nvme0n1p2: 628045762560
overlay: 628045762560

1735234682
/dev/nvme0n1p2: 628330242048
overlay: 628330242048

1735234685
/dev/nvme0n1p2: 628374126592
overlay: 628374126592

1735234686
/dev/nvme0n1p2: 628467757056
overlay: 628467757056

1735234687
/dev/nvme0n1p2: 628569493504
overlay: 628569493504

1735234688
/dev/nvme0n1p2: 628661637120
overlay: 628661637120

1735234690
/dev/nvme0n1p2: 628812660736
overlay: 628812660736

1735234694
/dev/nvme0n1p2: 628812779520
overlay: 628812779520

1735234695
/dev/nvme0n1p2: 628898316288
overlay: 628898316288

1735234696
/dev/nvme0n1p2: 629004263424
overlay: 629004263424

1735234698
/dev/nvme0n1p2: 629077917696
overlay: 629077917696

1735234699
/dev/nvme0n1p2: 628959121408
overlay: 628959121408

1735234702
/dev/nvme0n1p2: 629163704320
overlay: 629163704320

1735234705
/dev/nvme0n1p2: 629182341120
overlay: 629182341120

1735234708
/dev/nvme0n1p2: 629234786304
overlay: 629234786304

1735234710
/dev/nvme0n1p2: 629439524864
overlay: 629439524864

1735234712
/dev/nvme0n1p2: 629697048576
overlay: 629697052672

1735234713
/dev/nvme0n1p2: 629958832128
overlay: 629958832128

1735234716
/dev/nvme0n1p2: 630197448704
overlay: 630197448704

1735234719
/dev/nvme0n1p2: 630355779584
overlay: 630355779584

1735234721
/dev/nvme0n1p2: 630415052800
overlay: 630415052800

1735234722
/dev/nvme0n1p2: 630483013632
overlay: 630483013632

1735234724
/dev/nvme0n1p2: 630276399104
overlay: 630276399104

1735234725
/dev/nvme0n1p2: 630316134400
overlay: 630316134400

1735234728
/dev/nvme0n1p2: 630241435648
overlay: 630241435648

1735234731
/dev/nvme0n1p2: 629967638528
overlay: 629967638528

1735234733
/dev/nvme0n1p2: 630080483328
overlay: 630080487424

1735234735
/dev/nvme0n1p2: 630258577408
overlay: 630258577408

1735234736
/dev/nvme0n1p2: 630331473920
overlay: 630331473920

1735234737
/dev/nvme0n1p2: 630386442240
overlay: 630386442240

1735234739
/dev/nvme0n1p2: 630401568768
overlay: 630401568768

1735234740
/dev/nvme0n1p2: 630447120384
overlay: 630447120384

1735234741
/dev/nvme0n1p2: 630494244864
overlay: 630494244864

1735234744
/dev/nvme0n1p2: 630502404096
overlay: 630502404096

1735234745
/dev/nvme0n1p2: 630564466688
overlay: 630564466688

1735234748
/dev/nvme0n1p2: 630698999808
overlay: 630699003904

1735234749
/dev/nvme0n1p2: 630758543360
overlay: 630758543360

1735234750
/dev/nvme0n1p2: 630840086528
overlay: 630840086528

1735234752
/dev/nvme0n1p2: 630926098432
overlay: 630926098432

1735234754
/dev/nvme0n1p2: 631079927808
overlay: 631079940096

1735234757
/dev/nvme0n1p2: 631128350720
overlay: 631128350720

1735234760
/dev/nvme0n1p2: 631228211200
overlay: 631226064896

1735234763
/dev/nvme0n1p2: 631354281984
overlay: 631354281984

1735234765
/dev/nvme0n1p2: 631404019712
overlay: 631404019712

1735234767
/dev/nvme0n1p2: 631526965248
overlay: 631526965248

1735234771
/dev/nvme0n1p2: 631612792832
overlay: 631612805120

1735234772
/dev/nvme0n1p2: 631733346304
overlay: 631733346304

1735234774
/dev/nvme0n1p2: 631848689664
overlay: 631848697856

1735234776
/dev/nvme0n1p2: 631939121152
overlay: 631939121152

1735234777
/dev/nvme0n1p2: 631992537088
overlay: 631992545280

1735234778
/dev/nvme0n1p2: 632155836416
overlay: 632155836416

1735234785
/dev/nvme0n1p2: 632298622976
overlay: 632298622976

1735234786
/dev/nvme0n1p2: 632457363456
overlay: 632457363456

1735234792
/dev/nvme0n1p2: 632549363712
overlay: 632549363712

1735234797
/dev/nvme0n1p2: 632563146752
overlay: 632563146752

1735234800
/dev/nvme0n1p2: 632634466304
overlay: 632634470400

1735234801
/dev/nvme0n1p2: 633183318016
overlay: 633183318016

1735234803
/dev/nvme0n1p2: 633291149312
overlay: 633291149312

1735234804
/dev/nvme0n1p2: 633435979776
overlay: 633435979776

1735234811
/dev/nvme0n1p2: 633823096832
overlay: 633823096832

1735234816
/dev/nvme0n1p2: 634070990848
overlay: 634071007232

1735234820
/dev/nvme0n1p2: 634186358784
overlay: 634186358784

1735234821
/dev/nvme0n1p2: 634292211712
overlay: 634292211712

1735234823
/dev/nvme0n1p2: 634355351552
overlay: 634355351552

1735234825
/dev/nvme0n1p2: 634429468672
overlay: 634429476864

1735234826
/dev/nvme0n1p2: 634510127104
overlay: 634510127104

1735234828
/dev/nvme0n1p2: 634775179264
overlay: 634775179264

1735234829
/dev/nvme0n1p2: 635151040512
overlay: 635151040512

1735234831
/dev/nvme0n1p2: 635230023680
overlay: 635230023680

1735234836
/dev/nvme0n1p2: 635257532416
overlay: 635257528320

1735234837
/dev/nvme0n1p2: 635281920000
overlay: 635281920000

1735234839
/dev/nvme0n1p2: 635317178368
overlay: 635317178368

1735234841
/dev/nvme0n1p2: 635345219584
overlay: 635345219584

1735234843
/dev/nvme0n1p2: 635361349632
overlay: 635361349632

1735234844
/dev/nvme0n1p2: 635377278976
overlay: 635377278976

1735234846
/dev/nvme0n1p2: 635400146944
overlay: 635400146944

1735234851
/dev/nvme0n1p2: 635522158592
overlay: 635522158592

1735234852
/dev/nvme0n1p2: 635567460352
overlay: 635567460352

1735234853
/dev/nvme0n1p2: 635614597120
overlay: 635614597120

1735234854
/dev/nvme0n1p2: 635687813120
overlay: 635687813120

1735234861
/dev/nvme0n1p2: 635890081792
overlay: 635890081792

1735234862
/dev/nvme0n1p2: 635985145856
overlay: 635985145856

1735234865
/dev/nvme0n1p2: 636044730368
overlay: 636044730368

1735234866
/dev/nvme0n1p2: 636063834112
overlay: 636063834112

1735234868
/dev/nvme0n1p2: 636160045056
overlay: 636160045056

1735234869
/dev/nvme0n1p2: 636234485760
overlay: 636234485760

1735234875
/dev/nvme0n1p2: 636278120448
overlay: 636278124544

1735234876
/dev/nvme0n1p2: 636387016704
overlay: 636387016704

1735234878
/dev/nvme0n1p2: 636530343936
overlay: 636530343936

1735234879
/dev/nvme0n1p2: 636656685056
overlay: 636656685056

1735234886
/dev/nvme0n1p2: 636674695168
overlay: 636674695168

1735234888
/dev/nvme0n1p2: 636707573760
overlay: 636707573760

1735234896
/dev/nvme0n1p2: 636824215552
overlay: 636824215552

1735234904
/dev/nvme0n1p2: 637169356800
overlay: 637169356800

1735234907
/dev/nvme0n1p2: 637526491136
overlay: 637526491136

1735234911
/dev/nvme0n1p2: 637626331136
overlay: 637626331136

1735234912
/dev/nvme0n1p2: 637675479040
overlay: 637675479040

1735234913
/dev/nvme0n1p2: 637743656960
overlay: 637743656960

1735234914
/dev/nvme0n1p2: 637824339968
overlay: 637824339968

1735234918
/dev/nvme0n1p2: 637924843520
overlay: 637924843520

1735234920
/dev/nvme0n1p2: 638194823168
overlay: 638194823168

1735234922
/dev/nvme0n1p2: 638242299904
overlay: 638242299904

1735234927
/dev/nvme0n1p2: 638702538752
overlay: 638702542848

1735234928
/dev/nvme0n1p2: 638859374592
overlay: 638859374592

1735234929
/dev/nvme0n1p2: 638940585984
overlay: 638940585984

1735234931
/dev/nvme0n1p2: 639276490752
overlay: 639276490752

1735234932
/dev/nvme0n1p2: 639357050880
overlay: 639357050880

1735234937
/dev/nvme0n1p2: 639378939904
overlay: 639378944000

1735234939
/dev/nvme0n1p2: 639402450944
overlay: 639402450944

1735234941
/dev/nvme0n1p2: 639716229120
overlay: 639716229120

1735234942
/dev/nvme0n1p2: 639879430144
overlay: 639879434240

1735234945
/dev/nvme0n1p2: 639966810112
overlay: 639966818304

1735234947
/dev/nvme0n1p2: 640280211456
overlay: 640280211456

1735234949
/dev/nvme0n1p2: 640524730368
overlay: 640524730368

1735234951
/dev/nvme0n1p2: 640530722816
overlay: 640530722816

1735234952
/dev/nvme0n1p2: 640642928640
overlay: 640642928640

1735234957
/dev/nvme0n1p2: 640677085184
overlay: 640677085184

1735234959
/dev/nvme0n1p2: 640737751040
overlay: 640737751040

1735234961
/dev/nvme0n1p2: 640794034176
overlay: 640794034176

1735234965
/dev/nvme0n1p2: 640895541248
overlay: 640895496192

1735234966
/dev/nvme0n1p2: 640943947776
overlay: 640943947776

1735234967
/dev/nvme0n1p2: 640996331520
overlay: 640996331520

1735234969
/dev/nvme0n1p2: 641227902976
overlay: 641227902976

1735234970
/dev/nvme0n1p2: 641317236736
overlay: 641317240832

1735234974
/dev/nvme0n1p2: 641440608256
overlay: 641440608256

1735234977
/dev/nvme0n1p2: 641602646016
overlay: 641602646016

1735234980
/dev/nvme0n1p2: 641743364096
overlay: 641743364096

1735234982
/dev/nvme0n1p2: 641831120896
overlay: 641831120896

1735234984
/dev/nvme0n1p2: 641916211200
overlay: 641916211200

1735234985
/dev/nvme0n1p2: 641977548800
overlay: 641977548800

1735234987
/dev/nvme0n1p2: 642052972544
overlay: 642052972544

1735234990
/dev/nvme0n1p2: 642105380864
overlay: 642105384960

1735234992
/dev/nvme0n1p2: 642171928576
overlay: 642171928576

1735234993
/dev/nvme0n1p2: 642205687808
overlay: 642205687808

1735234994
/dev/nvme0n1p2: 642301517824
overlay: 642301517824

1735234996
/dev/nvme0n1p2: 642471858176
overlay: 642471858176

1735234998
/dev/nvme0n1p2: 642622525440
overlay: 642622525440

1735235000
/dev/nvme0n1p2: 642660503552
overlay: 642660503552

1735235003
/dev/nvme0n1p2: 642919325696
overlay: 642919325696

1735235007
/dev/nvme0n1p2: 642982731776
overlay: 642982731776

1735235012
/dev/nvme0n1p2: 643102982144
overlay: 643102982144

1735235019
/dev/nvme0n1p2: 643265527808
overlay: 643265527808

1735235021
/dev/nvme0n1p2: 643331932160
overlay: 643331932160

1735235024
/dev/nvme0n1p2: 643415560192
overlay: 643415560192

1735235028
/dev/nvme0n1p2: 643580731392
overlay: 643580743680

1735235029
/dev/nvme0n1p2: 643676151808
overlay: 643671957504

1735235031
/dev/nvme0n1p2: 643850235904
overlay: 643850235904

1735235033
/dev/nvme0n1p2: 644014157824
overlay: 644014157824

1735235036
/dev/nvme0n1p2: 644247625728
overlay: 644247625728

1735235038
/dev/nvme0n1p2: 644287717376
overlay: 644287721472

1735235040
/dev/nvme0n1p2: 644393181184
overlay: 644393181184

1735235041
/dev/nvme0n1p2: 644546424832
overlay: 644546424832

1735235043
/dev/nvme0n1p2: 644543033344
overlay: 644543033344

1735235044
/dev/nvme0n1p2: 644616359936
overlay: 644616359936

1735235046
/dev/nvme0n1p2: 644875837440
overlay: 644875837440

1735235054
/dev/nvme0n1p2: 644929171456
overlay: 644929175552

1735235055
/dev/nvme0n1p2: 644984463360
overlay: 644984463360

1735235056
/dev/nvme0n1p2: 645044211712
overlay: 645044211712

1735235057
/dev/nvme0n1p2: 645118783488
overlay: 645118783488

1735235058
/dev/nvme0n1p2: 645211611136
overlay: 645211611136

1735235065
/dev/nvme0n1p2: 645597188096
overlay: 645597188096

1735235067
/dev/nvme0n1p2: 645767733248
overlay: 645767733248

1735235072
/dev/nvme0n1p2: 645950869504
overlay: 645950869504

1735235074
/dev/nvme0n1p2: 645997154304
overlay: 645997154304

1735235077
/dev/nvme0n1p2: 646081007616
overlay: 646081007616

1735235080
/dev/nvme0n1p2: 646127357952
overlay: 646127357952

1735235082
/dev/nvme0n1p2: 646185734144
overlay: 646185734144

1735235085
/dev/nvme0n1p2: 646276714496
overlay: 646276710400

1735235086
/dev/nvme0n1p2: 646305067008
overlay: 646305079296

1735235088
/dev/nvme0n1p2: 646349221888
overlay: 646349225984

1735235091
/dev/nvme0n1p2: 646483238912
overlay: 646483238912

1735235094
/dev/nvme0n1p2: 646568767488
overlay: 646568767488

1735235095
/dev/nvme0n1p2: 646610120704
overlay: 646610120704

1735235097
/dev/nvme0n1p2: 646699106304
overlay: 646699106304

1735235098
/dev/nvme0n1p2: 646787756032
overlay: 646787756032

1735235099
/dev/nvme0n1p2: 646946750464
overlay: 646946750464

1735235103
/dev/nvme0n1p2: 647165583360
overlay: 647165583360

1735235110
/dev/nvme0n1p2: 647468457984
overlay: 647468457984

1735235111
/dev/nvme0n1p2: 647522373632
overlay: 647522373632

1735235113
/dev/nvme0n1p2: 647544287232
overlay: 647544287232

1735235114
/dev/nvme0n1p2: 647664566272
overlay: 647664566272

1735235117
/dev/nvme0n1p2: 647745814528
overlay: 647745814528

1735235119
/dev/nvme0n1p2: 647790784512
overlay: 647790784512

1735235120
/dev/nvme0n1p2: 647830781952
overlay: 647830781952

1735235121
/dev/nvme0n1p2: 647890714624
overlay: 647890714624

1735235128
/dev/nvme0n1p2: 648121286656
overlay: 648121286656

1735235130
/dev/nvme0n1p2: 648533704704
overlay: 648533704704

1735235136
/dev/nvme0n1p2: 648807596032
overlay: 648807600128

1735235142
/dev/nvme0n1p2: 649009197056
overlay: 649009197056

1735235145
/dev/nvme0n1p2: 649153794048
overlay: 649153794048

1735235148
/dev/nvme0n1p2: 649318629376
overlay: 649318629376

1735235151
/dev/nvme0n1p2: 649492041728
overlay: 649492041728

1735235152
/dev/nvme0n1p2: 649569067008
overlay: 649569067008

1735235158
/dev/nvme0n1p2: 649626099712
overlay: 649626103808

1735235160
/dev/nvme0n1p2: 649756143616
overlay: 649756143616

1735235161
/dev/nvme0n1p2: 649840050176
overlay: 649840050176

1735235162
/dev/nvme0n1p2: 650115334144
overlay: 650115338240

1735235165
/dev/nvme0n1p2: 650436218880
overlay: 650436218880

1735235166
/dev/nvme0n1p2: 650671964160
overlay: 650671964160

1735235167
/dev/nvme0n1p2: 650840776704
overlay: 650840776704

1735235168
/dev/nvme0n1p2: 651098935296
overlay: 651098935296

1735235175
/dev/nvme0n1p2: 651187945472
overlay: 651187945472

1735235176
/dev/nvme0n1p2: 651399761920
overlay: 651399761920

1735235180
/dev/nvme0n1p2: 651528560640
overlay: 651528568832

1735235182
/dev/nvme0n1p2: 651653427200
overlay: 651653427200

1735235183
/dev/nvme0n1p2: 651698806784
overlay: 651698806784

1735235185
/dev/nvme0n1p2: 651920211968
overlay: 651920211968

1735235192
/dev/nvme0n1p2: 652107743232
overlay: 652107759616

1735235193
/dev/nvme0n1p2: 652260122624
overlay: 652260122624

1735235195
/dev/nvme0n1p2: 652401774592
overlay: 652401774592

1735235197
/dev/nvme0n1p2: 652448010240
overlay: 652448014336

1735235200
/dev/nvme0n1p2: 652479365120
overlay: 652479373312

1735235201
/dev/nvme0n1p2: 652503130112
overlay: 652503126016

1735235202
/dev/nvme0n1p2: 652529147904
overlay: 652529147904

1735235206
/dev/nvme0n1p2: 652616495104
overlay: 652616495104

1735235208
/dev/nvme0n1p2: 652630188032
overlay: 652630188032

1735235209
/dev/nvme0n1p2: 652672823296
overlay: 652672823296

1735235211
/dev/nvme0n1p2: 652810735616
overlay: 652810735616

1735235214
/dev/nvme0n1p2: 652866895872
overlay: 652866895872

1735235219
/dev/nvme0n1p2: 652997128192
overlay: 652997140480

1735235220
/dev/nvme0n1p2: 653162135552
overlay: 653162135552

1735235222
/dev/nvme0n1p2: 653330739200
overlay: 653330743296

1735235225
/dev/nvme0n1p2: 653406801920
overlay: 653406801920

1735235226
/dev/nvme0n1p2: 653530148864
overlay: 653530148864

1735235227
/dev/nvme0n1p2: 653621215232
overlay: 653621219328

1735235229
/dev/nvme0n1p2: 653683310592
overlay: 653683314688

1735235230
/dev/nvme0n1p2: 653787459584
overlay: 653787459584

1735235233
/dev/nvme0n1p2: 653837963264
overlay: 653837967360

1735235235
/dev/nvme0n1p2: 653905727488
overlay: 653905756160

1735235237
/dev/nvme0n1p2: 654065942528
overlay: 654065942528

1735235238
/dev/nvme0n1p2: 654151741440
overlay: 654151741440

1735235242
/dev/nvme0n1p2: 654361931776
overlay: 654361931776

1735235245
/dev/nvme0n1p2: 654420140032
overlay: 654420140032

1735235248
/dev/nvme0n1p2: 654516981760
overlay: 654516989952

1735235251
/dev/nvme0n1p2: 654571261952
overlay: 654571261952

1735235257
/dev/nvme0n1p2: 654592086016
overlay: 654592086016

1735235260
/dev/nvme0n1p2: 654613614592
overlay: 654613614592

1735235261
/dev/nvme0n1p2: 654679183360
overlay: 654679183360

1735235263
/dev/nvme0n1p2: 654766116864
overlay: 654766116864

1735235265
/dev/nvme0n1p2: 654832553984
overlay: 654832553984

1735235267
/dev/nvme0n1p2: 654884184064
overlay: 654884184064

1735235269
/dev/nvme0n1p2: 654930923520
overlay: 654930923520

1735235270
/dev/nvme0n1p2: 654953181184
overlay: 654953181184

1735235273
/dev/nvme0n1p2: 655000109056
overlay: 655000109056

1735235274
/dev/nvme0n1p2: 655027724288
overlay: 655027724288

1735235276
/dev/nvme0n1p2: 655049719808
overlay: 655049719808

1735235279
/dev/nvme0n1p2: 655082606592
overlay: 655082606592

1735235280
/dev/nvme0n1p2: 655102525440
overlay: 655102525440

1735235283
/dev/nvme0n1p2: 655148879872
overlay: 655148879872

1735235285
/dev/nvme0n1p2: 655183532032
overlay: 655183536128

1735235287
/dev/nvme0n1p2: 655257165824
overlay: 655257165824

1735235288
/dev/nvme0n1p2: 655326052352
overlay: 655326052352

1735235293
/dev/nvme0n1p2: 655572205568
overlay: 655572230144

1735235297
/dev/nvme0n1p2: 655895023616
overlay: 655895023616

1735235298
/dev/nvme0n1p2: 656032808960
overlay: 656032808960

1735235299
/dev/nvme0n1p2: 656201965568
overlay: 656201965568

1735235301
/dev/nvme0n1p2: 656432910336
overlay: 656432910336

1735235311
/dev/nvme0n1p2: 656967319552
overlay: 656967319552

1735235315
/dev/nvme0n1p2: 657122103296
overlay: 657122107392

1735235318
/dev/nvme0n1p2: 657298427904
overlay: 657298427904

1735235320
/dev/nvme0n1p2: 657531338752
overlay: 657531338752

1735235322
/dev/nvme0n1p2: 657704407040
overlay: 657704407040

1735235323
/dev/nvme0n1p2: 657735139328
overlay: 657735139328

1735235325
/dev/nvme0n1p2: 657872908288
overlay: 657872908288

1735235327
/dev/nvme0n1p2: 657908613120
overlay: 657908613120

1735235333
/dev/nvme0n1p2: 657997807616
overlay: 657997807616

1735235335
/dev/nvme0n1p2: 658046763008
overlay: 658046763008

1735235336
/dev/nvme0n1p2: 658107654144
overlay: 658107658240

1735235337
/dev/nvme0n1p2: 658183045120
overlay: 658183045120

1735235338
/dev/nvme0n1p2: 658248806400
overlay: 658248806400

1735235340
/dev/nvme0n1p2: 658286379008
overlay: 658286379008

1735235341
/dev/nvme0n1p2: 658352558080
overlay: 658352558080

1735235342
/dev/nvme0n1p2: 658427265024
overlay: 658427265024

1735235344
/dev/nvme0n1p2: 658448891904
overlay: 658448891904

1735235346
/dev/nvme0n1p2: 658556358656
overlay: 658556358656

1735235349
/dev/nvme0n1p2: 658747518976
overlay: 658747518976

1735235351
/dev/nvme0n1p2: 658935635968
overlay: 658935635968

1735235353
/dev/nvme0n1p2: 658985504768
overlay: 658985517056

1735235355
/dev/nvme0n1p2: 658992238592
overlay: 658992238592

1735235357
/dev/nvme0n1p2: 659025854464
overlay: 659025854464

1735235359
/dev/nvme0n1p2: 659040686080
overlay: 659040686080

1735235360
/dev/nvme0n1p2: 659057233920
overlay: 659057233920

1735235361
/dev/nvme0n1p2: 659071582208
overlay: 659071582208

1735235367
/dev/nvme0n1p2: 659275833344
overlay: 659275833344

1735235370
/dev/nvme0n1p2: 659312979968
overlay: 659312979968

1735235374
/dev/nvme0n1p2: 659444027392
overlay: 659444027392

1735235375
/dev/nvme0n1p2: 659413909504
overlay: 659413909504

1735235377
/dev/nvme0n1p2: 659567943680
overlay: 659567943680

1735235382
/dev/nvme0n1p2: 660087013376
overlay: 660087017472

1735235384
/dev/nvme0n1p2: 660284846080
overlay: 660284846080

1735235387
/dev/nvme0n1p2: 660599709696
overlay: 660599709696

1735235388
/dev/nvme0n1p2: 660713091072
overlay: 660713091072

1735235389
/dev/nvme0n1p2: 660735762432
overlay: 660735766528

1735235391
/dev/nvme0n1p2: 661017088000
overlay: 661017088000

1735235393
/dev/nvme0n1p2: 661397258240
overlay: 661397258240

1735235397
/dev/nvme0n1p2: 661438296064
overlay: 661438300160

1735235398
/dev/nvme0n1p2: 661450670080
overlay: 661450670080

1735235401
/dev/nvme0n1p2: 661468688384
overlay: 661468680192

1735235408
/dev/nvme0n1p2: 661603426304
overlay: 661603430400

1735235410
/dev/nvme0n1p2: 661639053312
overlay: 661639053312

1735235412
/dev/nvme0n1p2: 661658808320
overlay: 661658808320

1735235413
/dev/nvme0n1p2: 661726597120
overlay: 661726597120

1735235415
/dev/nvme0n1p2: 661803945984
overlay: 661803945984

1735235417
/dev/nvme0n1p2: 661816049664
overlay: 661816049664

1735235420
/dev/nvme0n1p2: 661845741568
overlay: 661845741568

1735235423
/dev/nvme0n1p2: 661868130304
overlay: 661868130304

1735235424
/dev/nvme0n1p2: 661882265600
overlay: 661882265600

1735235427
/dev/nvme0n1p2: 661897940992
overlay: 661897940992

1735235432
/dev/nvme0n1p2: 661946347520
overlay: 661946347520

1735235437
/dev/nvme0n1p2: 661981155328
overlay: 661981155328

1735235438
/dev/nvme0n1p2: 662000791552
overlay: 662000791552

1735235439
/dev/nvme0n1p2: 662066089984
overlay: 662066089984

1735235440
/dev/nvme0n1p2: 662109204480
overlay: 662109204480

1735235446
/dev/nvme0n1p2: 662331363328
overlay: 662331363328

1735235447
/dev/nvme0n1p2: 662362140672
overlay: 662362140672

1735235448
/dev/nvme0n1p2: 662417035264
overlay: 662417035264

1735235453
/dev/nvme0n1p2: 662524424192
overlay: 662524424192

1735235455
/dev/nvme0n1p2: 662665420800
overlay: 662665420800

1735235456
/dev/nvme0n1p2: 662789550080
overlay: 662789550080

1735235457
/dev/nvme0n1p2: 662666211328
overlay: 662666211328

1735235458
/dev/nvme0n1p2: 662676553728
overlay: 662676553728

1735235459
/dev/nvme0n1p2: 662684024832
overlay: 662684024832

1735235460
/dev/nvme0n1p2: 662748823552
overlay: 662748823552

1735235461
/dev/nvme0n1p2: 662772338688
overlay: 662772338688

1735235462
/dev/nvme0n1p2: 662829023232
overlay: 662829023232

1735235463
/dev/nvme0n1p2: 662846119936
overlay: 662846119936

1735235464
/dev/nvme0n1p2: 662857543680
overlay: 662857543680

1735235465
/dev/nvme0n1p2: 662861979648
overlay: 662861979648

1735235466
/dev/nvme0n1p2: 662876401664
overlay: 662876401664

1735235467
/dev/nvme0n1p2: 662930616320
overlay: 662930616320

1735235469
/dev/nvme0n1p2: 662955884544
overlay: 662955884544

1735235470
/dev/nvme0n1p2: 662975533056
overlay: 662975533056

1735235471
/dev/nvme0n1p2: 662993981440
overlay: 662993981440

1735235472
/dev/nvme0n1p2: 663023570944
overlay: 663023570944

1735235473
/dev/nvme0n1p2: 663037444096
overlay: 663037444096

1735235474
/dev/nvme0n1p2: 663053565952
overlay: 663053565952

1735235475
/dev/nvme0n1p2: 663068246016
overlay: 663068246016

1735235478
/dev/nvme0n1p2: 663111753728
overlay: 663111766016

1735235481
/dev/nvme0n1p2: 663135928320
overlay: 663135928320

1735235483
/dev/nvme0n1p2: 663145275392
overlay: 663145275392

1735235484
/dev/nvme0n1p2: 663156875264
overlay: 663156875264

1735235485
/dev/nvme0n1p2: 663172046848
overlay: 663172046848

1735235486
/dev/nvme0n1p2: 663182663680
overlay: 663182663680

1735235487
/dev/nvme0n1p2: 663202725888
overlay: 663202725888

1735235488
/dev/nvme0n1p2: 663216340992
overlay: 663216340992

1735235489
/dev/nvme0n1p2: 663228461056
overlay: 663228461056

1735235490
/dev/nvme0n1p2: 663243460608
overlay: 663243460608

1735235491
/dev/nvme0n1p2: 663261642752
overlay: 663261642752

1735235492
/dev/nvme0n1p2: 663279652864
overlay: 663279652864

1735235493
/dev/nvme0n1p2: 663293624320
overlay: 663293624320

1735235494
/dev/nvme0n1p2: 663308668928
overlay: 663308668928

1735235495
/dev/nvme0n1p2: 663322566656
overlay: 663322566656

1735235496
/dev/nvme0n1p2: 663340679168
overlay: 663340679168

1735235497
/dev/nvme0n1p2: 663354949632
overlay: 663354949632

1735235498
/dev/nvme0n1p2: 663367340032
overlay: 663367340032

1735235499
/dev/nvme0n1p2: 663380242432
overlay: 663380242432

1735235500
/dev/nvme0n1p2: 663394578432
overlay: 663394578432

1735235501
/dev/nvme0n1p2: 663407448064
overlay: 663407448064

1735235502
/dev/nvme0n1p2: 663424491520
overlay: 663424491520

1735235503
/dev/nvme0n1p2: 663439822848
overlay: 663439822848

1735235504
/dev/nvme0n1p2: 663455285248
overlay: 663455285248

1735235505
/dev/nvme0n1p2: 663472058368
overlay: 663472058368

1735235506
/dev/nvme0n1p2: 663488761856
overlay: 663488761856

1735235507
/dev/nvme0n1p2: 663507644416
overlay: 663507644416

1735235508
/dev/nvme0n1p2: 663526162432
overlay: 663526162432

1735235509
/dev/nvme0n1p2: 663548125184
overlay: 663548125184

1735235510
/dev/nvme0n1p2: 663566475264
overlay: 663566475264

1735235511
/dev/nvme0n1p2: 663587622912
overlay: 663587622912

1735235512
/dev/nvme0n1p2: 663609237504
overlay: 663609237504

1735235513
/dev/nvme0n1p2: 663624531968
overlay: 663624531968

1735235514
/dev/nvme0n1p2: 663639470080
overlay: 663639470080

1735235515
/dev/nvme0n1p2: 663652233216
overlay: 663652233216

1735235516
/dev/nvme0n1p2: 663662792704
overlay: 663662792704

1735235518
/dev/nvme0n1p2: 663674638336
overlay: 663674634240

1735235520
/dev/nvme0n1p2: 663681056768
overlay: 663681056768

1735235522
/dev/nvme0n1p2: 663692660736
overlay: 663692660736

1735235524
/dev/nvme0n1p2: 663719849984
overlay: 663719849984

1735235528
/dev/nvme0n1p2: 663737716736
overlay: 663737716736

1735235533
/dev/nvme0n1p2: 663766839296
overlay: 663766839296

1735235535
/dev/nvme0n1p2: 663855214592
overlay: 663855214592

1735235536
/dev/nvme0n1p2: 663864881152
overlay: 663864881152

1735235537
/dev/nvme0n1p2: 663872012288
overlay: 663872012288

1735235538
/dev/nvme0n1p2: 663877492736
overlay: 663877492736

1735235539
/dev/nvme0n1p2: 663880998912
overlay: 663880998912

1735235540
/dev/nvme0n1p2: 663923056640
overlay: 663923056640

1735235541
/dev/nvme0n1p2: 664007516160
overlay: 664007516160

1735235542
/dev/nvme0n1p2: 664100663296
overlay: 664100663296

1735235543
/dev/nvme0n1p2: 664198144000
overlay: 664198144000

1735235544
/dev/nvme0n1p2: 664281153536
overlay: 664281153536

1735235545
/dev/nvme0n1p2: 664376852480
overlay: 664376852480

1735235546
/dev/nvme0n1p2: 664457109504
overlay: 664457109504

1735235547
/dev/nvme0n1p2: 664579821568
overlay: 664579772416

1735235549
/dev/nvme0n1p2: 664695656448
overlay: 664695656448

1735235551
/dev/nvme0n1p2: 664833605632
overlay: 664833605632

1735235555
/dev/nvme0n1p2: 664852578304
overlay: 664852582400

1735235556
/dev/nvme0n1p2: 664854020096
overlay: 664854020096

1735235557
/dev/nvme0n1p2: 664866570240
overlay: 664866570240

1735235560
/dev/nvme0n1p2: 664895090688
overlay: 664895090688

1735235562
/dev/nvme0n1p2: 664908484608
overlay: 664908488704

1735235564
/dev/nvme0n1p2: 664925122560
overlay: 664925122560

1735235565
/dev/nvme0n1p2: 664937459712
overlay: 664937459712

1735235567
/dev/nvme0n1p2: 664958902272
overlay: 664958902272

1735235568
/dev/nvme0n1p2: 664974643200
overlay: 664974643200

1735235569
/dev/nvme0n1p2: 664988164096
overlay: 664988164096

1735235570
/dev/nvme0n1p2: 664998178816
overlay: 664998178816

1735235571
/dev/nvme0n1p2: 665006526464
overlay: 665006526464

1735235572
/dev/nvme0n1p2: 665016229888
overlay: 665016229888

1735235573
/dev/nvme0n1p2: 665023574016
overlay: 665023574016

1735235574
/dev/nvme0n1p2: 665034575872
overlay: 665034575872

1735235575
/dev/nvme0n1p2: 665047072768
overlay: 665047072768

1735235576
/dev/nvme0n1p2: 665058459648
overlay: 665058459648

1735235577
/dev/nvme0n1p2: 665089224704
overlay: 665089224704

1735235578
/dev/nvme0n1p2: 665109307392
overlay: 665109307392

1735235579
/dev/nvme0n1p2: 665122684928
overlay: 665122684928

1735235580
/dev/nvme0n1p2: 665162465280
overlay: 665162465280

1735235581
/dev/nvme0n1p2: 665201135616
overlay: 665201135616

1735235582
/dev/nvme0n1p2: 665242316800
overlay: 665242316800

1735235583
/dev/nvme0n1p2: 665286074368
overlay: 665286074368

1735235584
/dev/nvme0n1p2: 665291907072
overlay: 665291907072

1735235585
/dev/nvme0n1p2: 665299943424
overlay: 665299943424

1735235586
/dev/nvme0n1p2: 665308291072
overlay: 665308291072

1735235587
/dev/nvme0n1p2: 665312612352
overlay: 665312612352

1735235588
/dev/nvme0n1p2: 665326342144
overlay: 665326342144

1735235589
/dev/nvme0n1p2: 665454837760
overlay: 665454837760

1735235590
/dev/nvme0n1p2: 665478778880
overlay: 665478778880

1735235591
/dev/nvme0n1p2: 665484656640
overlay: 665484656640

1735235592
/dev/nvme0n1p2: 665492283392
overlay: 665492283392

1735235593
/dev/nvme0n1p2: 665520508928
overlay: 665520508928

1735235594
/dev/nvme0n1p2: 665553702912
overlay: 665553702912

1735235595
/dev/nvme0n1p2: 665559535616
overlay: 665559535616

1735235596
/dev/nvme0n1p2: 665566674944
overlay: 665566674944

1735235597
/dev/nvme0n1p2: 665649377280
overlay: 665649377280

1735235598
/dev/nvme0n1p2: 665666777088
overlay: 665666777088

1735235599
/dev/nvme0n1p2: 665683652608
overlay: 665683652608

1735235600
/dev/nvme0n1p2: 665689501696
overlay: 665689501696

1735235601
/dev/nvme0n1p2: 665696731136
overlay: 665696731136

1735235603
/dev/nvme0n1p2: 665709654016
overlay: 665709654016

1735235604
/dev/nvme0n1p2: 665720569856
overlay: 665720569856

1735235605
/dev/nvme0n1p2: 665726664704
overlay: 665726664704

1735235606
/dev/nvme0n1p2: 665736970240
overlay: 665736970240

1735235607
/dev/nvme0n1p2: 665743204352
overlay: 665743204352

1735235608
/dev/nvme0n1p2: 665751101440
overlay: 665751101440

1735235609
/dev/nvme0n1p2: 665762177024
overlay: 665762177024

1735235611
/dev/nvme0n1p2: 665770946560
overlay: 665770946560

1735235613
/dev/nvme0n1p2: 665789751296
overlay: 665789751296

1735235614
/dev/nvme0n1p2: 665801416704
overlay: 665801416704

1735235615
/dev/nvme0n1p2: 665809989632
overlay: 665809989632

1735235616
/dev/nvme0n1p2: 665818722304
overlay: 665818722304

1735235617
/dev/nvme0n1p2: 665826283520
overlay: 665826283520

1735235618
/dev/nvme0n1p2: 665831931904
overlay: 665831931904

1735235619
/dev/nvme0n1p2: 665838243840
overlay: 665838243840

1735235620
/dev/nvme0n1p2: 665845862400
overlay: 665845862400

1735235621
/dev/nvme0n1p2: 665853894656
overlay: 665853894656

1735235622
/dev/nvme0n1p2: 665860276224
overlay: 665860276224

1735235623
/dev/nvme0n1p2: 665867149312
overlay: 665867149312

1735235624
/dev/nvme0n1p2: 665874407424
overlay: 665874407424

1735235626
/dev/nvme0n1p2: 665892061184
overlay: 665892061184

1735235627
/dev/nvme0n1p2: 665896955904
overlay: 665896955904

1735235628
/dev/nvme0n1p2: 665901993984
overlay: 665901993984

1735235629
/dev/nvme0n1p2: 665996746752
overlay: 665996746752

1735235631
/dev/nvme0n1p2: 666000674816
overlay: 666000674816

1735235632
/dev/nvme0n1p2: 666005454848
overlay: 666005454848

1735235633
/dev/nvme0n1p2: 666009739264
overlay: 666009739264

1735235634
/dev/nvme0n1p2: 666012532736
overlay: 666012532736

1735235635
/dev/nvme0n1p2: 666018402304
overlay: 666018402304

1735235636
/dev/nvme0n1p2: 666026250240
overlay: 666026250240

1735235637
/dev/nvme0n1p2: 666035625984
overlay: 666035625984

1735235638
/dev/nvme0n1p2: 666043453440
overlay: 666043453440

1735235639
/dev/nvme0n1p2: 666052919296
overlay: 666052919296

1735235640
/dev/nvme0n1p2: 666082131968
overlay: 666082131968

1735235641
/dev/nvme0n1p2: 666095804416
overlay: 666095804416

1735235642
/dev/nvme0n1p2: 666164375552
overlay: 666164375552

1735235643
/dev/nvme0n1p2: 666197843968
overlay: 666197843968

1735235644
/dev/nvme0n1p2: 666218844160
overlay: 666218844160

1735235645
/dev/nvme0n1p2: 666238406656
overlay: 666238406656

1735235646
/dev/nvme0n1p2: 666256097280
overlay: 666256097280

1735235647
/dev/nvme0n1p2: 666273378304
overlay: 666273378304

1735235648
/dev/nvme0n1p2: 666288091136
overlay: 666288091136

1735235649
/dev/nvme0n1p2: 666304692224
overlay: 666304692224

1735235650
/dev/nvme0n1p2: 666319925248
overlay: 666319925248

1735235651
/dev/nvme0n1p2: 666335973376
overlay: 666335973376

1735235652
/dev/nvme0n1p2: 666350665728
overlay: 666350665728

1735235653
/dev/nvme0n1p2: 666365767680
overlay: 666365767680

1735235654
/dev/nvme0n1p2: 666378928128
overlay: 666378928128

1735235655
/dev/nvme0n1p2: 666395492352
overlay: 666395492352

1735235656
/dev/nvme0n1p2: 666411405312
overlay: 666411405312

1735235657
/dev/nvme0n1p2: 666428125184
overlay: 666428125184

1735235658
/dev/nvme0n1p2: 666444689408
overlay: 666444689408

1735235659
/dev/nvme0n1p2: 666456985600
overlay: 666456985600

1735235660
/dev/nvme0n1p2: 666470502400
overlay: 666470502400

1735235661
/dev/nvme0n1p2: 666488311808
overlay: 666488311808

1735235664
/dev/nvme0n1p2: 666538467328
overlay: 666538467328

1735235667
/dev/nvme0n1p2: 666544140288
overlay: 666544140288

1735235668
/dev/nvme0n1p2: 666556493824
overlay: 666556493824

1735235671
/dev/nvme0n1p2: 666586943488
overlay: 666586943488

1735235675
/dev/nvme0n1p2: 666612092928
overlay: 666612092928

1735235677
/dev/nvme0n1p2: 666624970752
overlay: 666624970752

1735235678
/dev/nvme0n1p2: 666628829184
overlay: 666628829184

1735235681
/dev/nvme0n1p2: 666644504576
overlay: 666644504576

1735235682
/dev/nvme0n1p2: 666660466688
overlay: 666660466688

1735235683
/dev/nvme0n1p2: 666667544576
overlay: 666667544576

1735235684
/dev/nvme0n1p2: 666529394688
overlay: 666529394688

1735235685
/dev/nvme0n1p2: 666538323968
overlay: 666538323968

1735235686
/dev/nvme0n1p2: 666558275584
overlay: 666558275584

1735235687
/dev/nvme0n1p2: 666565369856
overlay: 666565369856

1735235688
/dev/nvme0n1p2: 666572464128
overlay: 666572464128

1735235689
/dev/nvme0n1p2: 666579427328
overlay: 666579427328

1735235690
/dev/nvme0n1p2: 666586251264
overlay: 666586251264

1735235691
/dev/nvme0n1p2: 666614673408
overlay: 666614673408

1735235692
/dev/nvme0n1p2: 666645745664
overlay: 666645745664

1735235693
/dev/nvme0n1p2: 666664120320
overlay: 666664120320

1735235694
/dev/nvme0n1p2: 666671685632
overlay: 666671685632

1735235695
/dev/nvme0n1p2: 666693357568
overlay: 666693357568

1735235696
/dev/nvme0n1p2: 666711371776
overlay: 666711371776

1735235697
/dev/nvme0n1p2: 666723807232
overlay: 666723807232

1735235698
/dev/nvme0n1p2: 666732449792
overlay: 666732449792

1735235699
/dev/nvme0n1p2: 666742583296
overlay: 666742583296

1735235700
/dev/nvme0n1p2: 666748936192
overlay: 666748936192

1735235701
/dev/nvme0n1p2: 666754412544
overlay: 666754412544

1735235702
/dev/nvme0n1p2: 666765316096
overlay: 666765316096

1735235703
/dev/nvme0n1p2: 666772860928
overlay: 666772860928

1735235704
/dev/nvme0n1p2: 666783084544
overlay: 666783084544

1735235705
/dev/nvme0n1p2: 666792816640
overlay: 666792816640

1735235706
/dev/nvme0n1p2: 666804264960
overlay: 666804264960

1735235707
/dev/nvme0n1p2: 666811600896
overlay: 666811600896

1735235708
/dev/nvme0n1p2: 666828619776
overlay: 666828619776

1735235710
/dev/nvme0n1p2: 666853937152
overlay: 666853937152

1735235711
/dev/nvme0n1p2: 666864984064
overlay: 666864984064

1735235712
/dev/nvme0n1p2: 666873892864
overlay: 666873892864

1735235713
/dev/nvme0n1p2: 666880512000
overlay: 666880512000

1735235714
/dev/nvme0n1p2: 666887561216
overlay: 666887561216

1735235715
/dev/nvme0n1p2: 666900148224
overlay: 666900148224

1735235717
/dev/nvme0n1p2: 666912358400
overlay: 666912358400

1735235718
/dev/nvme0n1p2: 666922455040
overlay: 666922455040

1735235719
/dev/nvme0n1p2: 666926923776
overlay: 666926923776

1735235720
/dev/nvme0n1p2: 666929385472
overlay: 666929385472

1735235721
/dev/nvme0n1p2: 666935242752
overlay: 666935242752

1735235722
/dev/nvme0n1p2: 666940010496
overlay: 666940010496

1735235723
/dev/nvme0n1p2: 666971119616
overlay: 666971119616

1735235724
/dev/nvme0n1p2: 666980179968
overlay: 666980179968

1735235725
/dev/nvme0n1p2: 666997985280
overlay: 666997985280

1735235726
/dev/nvme0n1p2: 667008684032
overlay: 667008684032

1735235727
/dev/nvme0n1p2: 667014627328
overlay: 667014627328

1735235728
/dev/nvme0n1p2: 667027365888
overlay: 667027365888

1735235729
/dev/nvme0n1p2: 667035561984
overlay: 667035561984

1735235730
/dev/nvme0n1p2: 667043368960
overlay: 667043368960

1735235731
/dev/nvme0n1p2: 667049635840
overlay: 667049635840

1735235732
/dev/nvme0n1p2: 667056394240
overlay: 667056394240

1735235733
/dev/nvme0n1p2: 667062841344
overlay: 667062841344

1735235734
/dev/nvme0n1p2: 667068968960
overlay: 667068968960

1735235735
/dev/nvme0n1p2: 667075268608
overlay: 667075268608

1735235736
/dev/nvme0n1p2: 667115696128
overlay: 667115696128

1735235737
/dev/nvme0n1p2: 667172581376
overlay: 667172581376

1735235738
/dev/nvme0n1p2: 667185352704
overlay: 667185352704

1735235739
/dev/nvme0n1p2: 667214635008
overlay: 667214635008

1735235741
/dev/nvme0n1p2: 667239133184
overlay: 667239133184

1735235742
/dev/nvme0n1p2: 667253997568
overlay: 667253997568

1735235746
/dev/nvme0n1p2: 667279650816
overlay: 667279650816

1735235747
/dev/nvme0n1p2: 667317846016
overlay: 667317846016

1735235748
/dev/nvme0n1p2: 667337789440
overlay: 667337789440

1735235749
/dev/nvme0n1p2: 667345928192
overlay: 667345928192

1735235750
/dev/nvme0n1p2: 667354398720
overlay: 667354398720

1735235751
/dev/nvme0n1p2: 667379163136
overlay: 667379163136

1735235752
/dev/nvme0n1p2: 667385843712
overlay: 667385843712

1735235754
/dev/nvme0n1p2: 667396169728
overlay: 667396169728

1735235757
/dev/nvme0n1p2: 667418013696
overlay: 667418013696

1735235760
/dev/nvme0n1p2: 667442380800
overlay: 667442380800

1735235761
/dev/nvme0n1p2: 667457622016
overlay: 667457626112

1735235763
/dev/nvme0n1p2: 667480072192
overlay: 667480072192

1735235764
/dev/nvme0n1p2: 667499061248
overlay: 667499061248

1735235765
/dev/nvme0n1p2: 667510091776
overlay: 667510091776

1735235766
/dev/nvme0n1p2: 667533209600
overlay: 667533209600

1735235767
/dev/nvme0n1p2: 667564838912
overlay: 667564838912

1735235768
/dev/nvme0n1p2: 667594616832
overlay: 667594616832

1735235769
/dev/nvme0n1p2: 667612782592
overlay: 667612782592

1735235770
/dev/nvme0n1p2: 667630493696
overlay: 667630493696

1735235771
/dev/nvme0n1p2: 667649105920
overlay: 667649105920

1735235772
/dev/nvme0n1p2: 667666321408
overlay: 667666321408

1735235773
/dev/nvme0n1p2: 667681689600
overlay: 667681689600

1735235774
/dev/nvme0n1p2: 667698323456
overlay: 667698323456

1735235776
/dev/nvme0n1p2: 667718266880
overlay: 667718266880

1735235777
/dev/nvme0n1p2: 667734564864
overlay: 667734564864

1735235778
/dev/nvme0n1p2: 667741679616
overlay: 667741679616

1735235779
/dev/nvme0n1p2: 667748548608
overlay: 667748548608

1735235780
/dev/nvme0n1p2: 667756982272
overlay: 667756982272

1735235781
/dev/nvme0n1p2: 667765489664
overlay: 667765489664

1735235782
/dev/nvme0n1p2: 667776659456
overlay: 667776659456

1735235783
/dev/nvme0n1p2: 667789262848
overlay: 667789262848

1735235784
/dev/nvme0n1p2: 667798749184
overlay: 667798749184

1735235785
/dev/nvme0n1p2: 667807395840
overlay: 667807395840

1735235786
/dev/nvme0n1p2: 667818643456
overlay: 667818643456

1735235787
/dev/nvme0n1p2: 667829911552
overlay: 667829911552

1735235788
/dev/nvme0n1p2: 667842555904
overlay: 667842555904

1735235789
/dev/nvme0n1p2: 667854581760
overlay: 667854581760

1735235790
/dev/nvme0n1p2: 667866570752
overlay: 667866570752

1735235791
/dev/nvme0n1p2: 667885666304
overlay: 667885666304

1735235792
/dev/nvme0n1p2: 667904892928
overlay: 667904892928

1735235793
/dev/nvme0n1p2: 667922305024
overlay: 667922305024

1735235794
/dev/nvme0n1p2: 667944402944
overlay: 667944402944

1735235795
/dev/nvme0n1p2: 667960111104
overlay: 667960111104

1735235796
/dev/nvme0n1p2: 667963138048
overlay: 667963138048

1735235797
/dev/nvme0n1p2: 667796496384
overlay: 667796496384

