1735234240
0.30986509274873525 0.08052276559865093 0.00042158516020236085

1735234241
0.08824633871573413 0.04355989485542621 0.0

1735234242
0.09734167318217357 0.04222048475371384 0.0

1735234243
0.1469435736677116 0.03565830721003135 0.0

1735234244
0.14635063957863054 0.03762227238525207 0.0

1735234245
0.06567284448025786 0.024174053182917002 0.00040290088638195

1735234246
0.04344193817878028 0.034252297410192145 0.0004177109440267335

1735234247
0.15452631578947368 0.05515789473684211 0.0

1735234248
0.24789915966386555 0.1315126050420168 0.0

1735234249
0.32031905961376994 0.12048698572628044 0.0

1735234250
0.13504417332772403 0.05174589819099706 0.0

1735234251
0.2632687447346251 0.05812973883740522 0.0012636899747262005

1735234252
0.35791666666666666 0.16791666666666666 0.0

1735234253
0.43288590604026844 0.14597315436241612 0.00041946308724832214

1735234254
0.4467905405405405 0.17947635135135134 0.0016891891891891893

1735234255
0.39658759883478983 0.149812734082397 0.0

1735234256
0.2788542544229149 0.09688289806234204 0.003369839932603201

1735234257
0.20067170445004198 0.09319899244332494 0.04072208228379513

1735234258
0.17364016736401675 0.07112970711297072 0.01882845188284519

1735234259
0.20884210526315788 0.0863157894736842 0.0

1735234260
0.2038753159224937 0.06739679865206402 0.0

1735234261
0.18896321070234115 0.07483277591973245 0.0

1735234262
0.25449979070740897 0.09753034742570113 0.0

1735234263
0.15688722430295465 0.0628381190178943 0.0

1735234264
0.10934227063259322 0.03728529534981148 0.00041893590280687055

1735234265
0.09577582601422 0.028858218318695106 0.0

1735234266
0.07429048414023372 0.03589315525876461 0.0

1735234267
0.2820191906549854 0.07717980809345015 0.0

1735234268
0.16443514644351465 0.057322175732217574 0.0

1735234269
0.09121338912133892 0.032635983263598324 0.026359832635983262

1735234270
0.07717980809345015 0.041718815185648725 0.0

1735234271
0.12353433835845896 0.049413735343383586 0.0

1735234272
0.08739495798319327 0.040756302521008404 0.0

1735234273
0.1478079331941545 0.05260960334029228 0.02129436325678497

1735234274
0.14231896190874843 0.033486814566764334 0.0008371703641691084

1735234275
0.1129637348895373 0.03042934556065027 0.0

1735234276
0.07650501672240803 0.026337792642140468 0.0

1735234277
0.07244556113902847 0.039782244556113906 0.002931323283082077

1735234278
0.061011282908483074 0.048892603426661095 0.0

1735234279
0.14435146443514643 0.046443514644351466 0.0

1735234280
0.06560802340158796 0.045967404931048894 0.022983702465524447

1735234281
0.0546218487394958 0.03571428571428571 0.040336134453781515

1735234282
0.053727613494377345 0.025406080799666806 0.0058309037900874635

1735234283
0.052894627238650564 0.0049979175343606835 0.0

1735234284
0.07460184409052809 0.025984911986588432 0.004191114836546521

1735234285
0.11162207357859531 0.017558528428093644 0.00919732441471572

1735234286
0.0825 0.020833333333333332 0.13041666666666665

1735234287
0.07304785894206549 0.019731318219983206 0.16960537363560033

1735234288
0.07139874739039666 0.020041753653444676 0.16951983298538623

1735234289
0.1383067896060352 0.04274937133277452 0.09178541492036882

1735234290
0.11809045226130653 0.03685092127303183 0.12102177554438862

1735234291
0.09277058086084412 0.048892603426661095 0.13999164229001254

1735234292
0.16003351487222456 0.07373271889400922 0.10263929618768329

1735234293
0.12080536912751678 0.05662751677852349 0.1455536912751678

1735234294
0.21234876929495203 0.1214017521902378 0.07050479766374634

1735234295
0.48743718592964824 0.21147403685092128 0.0

1735234296
0.6000842815002108 0.15592077538980195 0.0

1735234297
0.4187396351575456 0.1762023217247098 0.0

1735234298
0.35638970898355127 0.15900463939266132 0.0

1735234299
0.35478478896782284 0.1257835353113247 0.0

1735234300
0.5035579740477187 0.18292172457095018 0.0004185851820845542

1735234301
0.46952501050861706 0.20765027322404372 0.0

1735234302
0.43610291016448754 0.23154787009700548 0.0

1735234303
0.7057844361215148 0.18601747815230962 0.0

1735234304
0.6651241060159865 0.1426167437946992 0.05006310475389146

1735234305
0.37484329293773505 0.12035102381947346 0.16046803175929794

1735234306
0.7406568516421291 0.13439033597583994 0.05473763684409211

1735234307
0.6779501645510108 0.17818523742360132 0.035731076633756464

1735234308
0.5202020202020202 0.14772727272727273 0.06060606060606061

1735234309
0.32744850777637663 0.11853720050441362 0.13829340058848255

1735234310
0.8028265329382266 0.040574424435833145 0.13767950763619785

1735234315
0.1740983606557377 0.004480874316939891 0.6763934426229509

1735234316
0.8730817088345085 0.09207797594359186 0.024471173786810452

1735234317
0.6272536687631027 0.15345911949685534 0.053249475890985325

1735234318
0.47048903878583476 0.1488195615514334 0.08052276559865093

1735234319
0.5739348370927319 0.14076858813700918 0.10401002506265664

1735234320
0.8926624737945492 0.09433962264150944 0.011320754716981131

1735234321
0.8948899044453676 0.10303282093892813 0.0016618196925633569

1735234322
0.9066666666666666 0.09208333333333334 0.0004166666666666667

1735234323
0.9279166666666666 0.07208333333333333 0.0

1735234324
0.9120100083402836 0.08632193494578816 0.0004170141784820684

1735234325
0.6185263157894737 0.10442105263157894 0.13515789473684212

1735234326
0.1979035639412998 0.031446540880503145 0.4528301886792453

1735234327
0.12457684495599188 0.00914014895057549 0.6181448882870684

1735234330
0.06486042692939245 0.007389162561576354 0.4107827038861522

1735234331
0.10970149253731343 0.024253731343283583 0.4291044776119403

1735234332
0.4005775577557756 0.1844059405940594 0.132013201320132

1735234334
0.5742263056092843 0.10348162475822051 0.22823984526112184

1735234335
0.3767872161480236 0.10260723296888141 0.29184188393608074

1735234336
0.5948457963667089 0.16603295310519645 0.13181242078580482

1735234337
0.13149204443110177 0.01981386970879616 0.3617532272590814

1735234340
0.06661764705882353 0.004411764705882353 0.5420588235294118

1735234341
0.28348397699260475 0.0571076417419885 0.3492193919474117

1735234342
0.12447434819175777 0.023549201009251473 0.5004205214465938

1735234343
0.32745504840940526 0.07330567081604426 0.17116182572614108

1735234345
0.37263078089461715 0.08377558756633814 0.2805155420773313

1735234346
0.17136736879685827 0.05426633345233845 0.3502320599785791

1735234347
0.13750616067028093 0.02957121734844751 0.5147856086742237

1735234348
0.7573839662447257 0.22046413502109705 0.008966244725738396

1735234349
0.6565400843881857 0.2042194092827004 0.05527426160337553

1735234350
0.7911445279866333 0.20258980785296574 0.002506265664160401

1735234351
0.69957805907173 0.09662447257383966 0.10548523206751055

1735234352
0.10419519482136189 0.024274866177019794 0.5493588945599402

1735234355
0.4444444444444444 0.5555555555555556 0.0

1735234356
0.15619694397283532 0.06154499151103565 0.3722410865874363

1735234357
0.047979797979797977 0.017676767676767676 0.46296296296296297

1735234361
0.07695001313140155 0.015495053838746388 0.4999562286614725

1735234362
0.04947589098532495 0.03018867924528302 0.4813417190775681

1735234363
0.23488562091503268 0.1474673202614379 0.2647058823529412

1735234364
0.2937581841990397 0.1732867743343518 0.2671322566564819

1735234365
0.4540084388185654 0.1881856540084388 0.16455696202531644

1735234366
0.2767932489451477 0.13924050632911392 0.27257383966244725

1735234367
0.1826309067688378 0.08258833546189868 0.3205619412515964

1735234371
0.04997753818508535 0.025606469002695417 0.3505166217430368

1735234372
0.29546417973717676 0.1767698177193726 0.16532428995337006

1735234373
0.6457983193277311 0.18571428571428572 0.05672268907563025

1735234374
0.4597602739726027 0.22345890410958905 0.13527397260273974

1735234375
0.5770212765957446 0.2582978723404255 0.09446808510638298

1735234378
0.17059178743961353 0.09193840579710146 0.5418176328502415

1735234381
0.02967359050445104 0.04291257703720612 0.6780415430267063

1735234383
0.850891861761427 0.1426978818283166 0.0016722408026755853

1735234385
0.34066232356134635 0.05510314875135722 0.511400651465798

1735234386
0.8754752851711026 0.12198986058301647 0.0012674271229404308

1735234387
0.6770642201834862 0.1291743119266055 0.09724770642201835

1735234388
0.3632895294616363 0.2632471386180585 0.20178041543026706

1735234390
0.27411167512690354 0.028029132641800927 0.6384903994703156

1735234391
0.5894836870446627 0.11054798859676908 0.25688945201140323

1735234393
0.8916452808668378 0.10322212717422298 0.00285143997718848

1735234394
0.8875838926174496 0.10318791946308725 0.007550335570469799

1735234395
0.8791890773686388 0.11460488208522962 0.003723624327678941

1735234396
0.8939014202172096 0.10192147034252297 0.0020885547201336674

1735234397
0.5576271186440678 0.1211864406779661 0.1694915254237288

1735234398
0.518955349620893 0.16891322662173547 0.15627632687447346

1735234401
0.10217076700434154 0.02243125904486252 0.45832127351664254

1735234402
0.35095137420718814 0.09260042283298098 0.253276955602537

1735234403
0.30214344600164883 0.053173948887056885 0.343363561417972

1735234404
0.07945928123969667 0.018793273986152326 0.5120342894823607

1735234405
0.2080309627479439 0.06579583938074504 0.33381712626995647

1735234406
0.15378115758343897 0.05027460920997043 0.2796789184621884

1735234407
0.15809443507588533 0.03752107925801012 0.31871838111298484

1735234408
0.11602209944751381 0.025499362515937103 0.34169145771355713

1735234414
0.010759676487579434 0.013648180242634315 0.636265164644714

1735234415
0.10921501706484642 0.06612627986348123 0.3839590443686007

1735234416
0.07446808510638298 0.05276595744680851 0.3625531914893617

1735234418
0.045356011339002834 0.005169251292312823 0.5054193763548441

1735234419
0.05753884922301554 0.013439731205375893 0.41747165056698865

1735234421
0.046228710462287104 0.00851581508515815 0.48394160583941603

1735234422
0.13672696676482962 0.0357593605384939 0.3521245267143458

1735234423
0.23734581029349214 0.0803913228413441 0.270948532539345

1735234424
0.19447983014861997 0.07558386411889596 0.2602972399150743

1735234425
0.2078531796841656 0.07554417413572344 0.26034997865983783

1735234426
0.05111956062526405 0.018588931136459652 0.32108153781157583

1735234430
0.002985965959988056 0.002786901562655519 0.593809097242958

1735234431
0.13194154488517745 0.037578288100208766 0.3348643006263048

1735234432
0.028404344193817876 0.009189640768588136 0.47326649958228906

1735234433
0.17440878378378377 0.04771959459459459 0.2592905405405405

1735234434
0.04657070279424217 0.013124470787468248 0.336155800169348

1735234435
0.046413502109704644 0.009282700421940928 0.3691983122362869

1735234439
0.10255633020107104 0.0314236637364858 0.45175305648176217

1735234441
0.04442373407890649 0.0130475302889096 0.4526250388319354

1735234442
0.056264066016504126 0.023630907726931733 0.38559639909977494

1735234443
0.140279823269514 0.06296023564064801 0.44329896907216493

1735234444
0.1951219512195122 0.10458240946045824 0.2930524759793052

1735234445
0.3762291577597264 0.13253527148353997 0.22274476271911073

1735234446
0.5196936542669585 0.1885485047410649 0.11487964989059081

1735234447
0.5353426623609616 0.10836024398995335 0.1880157875852171

1735234448
0.0858433734939759 0.02786144578313253 0.4265813253012048

1735234452
0.04438440756464686 0.005531969638492217 0.4042197349800592

1735234453
0.27195225916453536 0.09761295822676896 0.31798806479113384

1735234454
0.18912027199320017 0.07819804504887377 0.3098172545686358

1735234455
0.08266214497668503 0.019923696481559984 0.39677829588808816

1735234456
0.0510548523206751 0.007594936708860759 0.3

1735234458
0.035754732243973464 0.018767189775117293 0.36029768645850185

1735234459
0.3787878787878788 0.2878787878787879 0.145933014354067

1735234461
0.6502986065029861 0.3158593231585932 0.014930325149303252

1735234462
0.538592750533049 0.18763326226012794 0.1091684434968017

1735234463
0.1830148619957537 0.09851380042462846 0.36348195329087046

1735234464
0.19095901985635827 0.024503591043515 0.4212082805238699

1735234469
0.05735330629810478 0.01638665894231565 0.41744599851030373

1735234470
0.5447876447876447 0.14864864864864866 0.16061776061776062

1735234471
0.05287452790600084 0.013008812421317666 0.5501468736886278

1735234473
0.03126395712371594 0.006029477445288075 0.6277355962483252

1735234475
0.039723661485319514 0.013385146804835924 0.4073834196891192

1735234478
0.011088573360378634 0.009060175794455713 0.4473292765382015

1735234479
0.11729706757331067 0.034424139396515084 0.305142371440714

1735234480
0.05620805369127517 0.031879194630872486 0.32802013422818793

1735234484
0.006045720763272247 0.0024560740600793503 0.2930285282448517

1735234485
0.2061198470038249 0.1109222269443264 0.328516787080323

1735234486
0.25615972812234494 0.11852166525063722 0.37892948173322005

1735234487
0.47795044099118017 0.3221335573288534 0.11423771524569509

1735234489
0.8240115718418515 0.11258437801350048 0.03543876567020251

1735234490
0.0710594315245478 0.02118863049095607 0.4896640826873385

1735234494
0.0035147392290249433 0.004761904761904762 0.5997732426303855

1735234495
0.06915570640644887 0.026304624522698345 0.4773016546457361

1735234496
0.013156389429127103 0.014758036837890402 0.7501430042329253

1735234499
0.05373134328358209 0.008955223880597015 0.6358208955223881

1735234500
0.14195183776932827 0.11998310097169412 0.3565694972539079

1735234501
0.04430203399275564 0.006408470325996099 0.6280300919476177

1735234502
0.08523908523908524 0.04435204435204435 0.44005544005544006

1735234503
0.05141171512852929 0.0058997050147492625 0.4521702486304256

1735234504
0.09094754653130288 0.05203045685279188 0.4496615905245347

1735234505
0.03860840050912177 0.01230377598642342 0.6686465846414934

1735234508
0.004564125969876769 0.004259850905218318 0.7057660124752777

1735234509
0.08559322033898305 0.05805084745762712 0.3254237288135593

1735234510
0.24456753302087772 0.16190881976991905 0.2910097997443545

1735234511
0.04111986001749781 0.03062117235345582 0.30504520268299795

1735234512
0.09849624060150376 0.0924812030075188 0.29699248120300753

1735234513
0.06373997467285775 0.03503588011819333 0.3794850147741663

1735234514
0.03102409638554217 0.012349397590361445 0.5048192771084338

1735234517
0.04144620811287478 0.021340388007054675 0.47724867724867726

1735234518
0.05572096980008507 0.038706933219906425 0.4325818800510421

1735234519
0.04463554463554464 0.024979524979524978 0.5098280098280098

1735234520
0.02008506616257089 0.013232514177693762 0.5226843100189036

1735234522
0.10372960372960373 0.08275058275058275 0.36635586635586637

1735234523
0.04919678714859438 0.020080321285140562 0.34471218206157966

1735234524
0.38477366255144035 0.15946502057613168 0.20644718792866942

1735234527
0.022920759659463 0.004747871643745907 0.6057629338572365

1735234528
0.07352941176470588 0.03697478991596639 0.39285714285714285

1735234529
0.08660752006759612 0.05027460920997043 0.3193916349809886

1735234531
0.02159367396593674 0.011709245742092457 0.5112530413625304

1735234532
0.07033898305084746 0.03559322033898305 0.3783898305084746

1735234533
0.09260042283298098 0.04693446088794926 0.3496828752642706

1735234534
0.10119047619047619 0.06207482993197279 0.3401360544217687

1735234535
0.15984816533108392 0.11008013496415014 0.30366933783213834

1735234536
0.21340162185232608 0.17541613316261204 0.21425522833973537

1735234537
0.31774125579435314 0.18120522545301307 0.21028234302570586

1735234538
0.23962743437764605 0.12404741744284505 0.2718035563082134

1735234539
0.0633445945945946 0.025760135135135136 0.5130912162162162

1735234542
0.020534790958782686 0.006057024671295612 0.6424878120845029

1735234543
0.06542676851544338 0.04118233145134507 0.26104284290933244

1735234545
0.05175292153589316 0.025459098497495825 0.4503338898163606

1735234546
0.004369356248179435 0.00466064666472473 0.6070492280803962

1735234547
0.059048428207306713 0.03610875106202209 0.3827527612574342

1735234548
0.03949044585987261 0.0267515923566879 0.42165605095541403

1735234549
0.05086436170212766 0.01761968085106383 0.3796542553191489

1735234554
0.03955500618046971 0.0046591233241418655 0.6471427213083579

1735234555
0.2684615384615385 0.045 0.2169230769230769

1735234557
0.045186335403726706 0.008074534161490683 0.5608695652173913

1735234558
0.07495741056218058 0.03236797274275979 0.3164395229982964

1735234559
0.055134680134680134 0.04250841750841751 0.33964646464646464

1735234560
0.1013141161509114 0.11148791860958034 0.28486646884273

1735234561
0.2580101180438449 0.16104553119730186 0.16568296795952783

1735234562
0.6124523506988564 0.19483269800931807 0.08005082592121983

1735234568
0.18611533232024313 0.0311125329920819 0.17739742461809166

1735234570
0.14902031278087363 0.025705554556893762 0.5700161783210498

1735234571
0.04167982317650774 0.006630880959898958 0.6804546889801073

1735234572
0.1432129514321295 0.024076380240763803 0.3358239933582399

1735234574
0.17432605905006418 0.056225930680359436 0.31784338896020536

1735234575
0.05621301775147929 0.033389687235841084 0.2265426880811496

1735234576
0.034868421052631576 0.015460526315789473 0.30296052631578946

1735234578
0.034375 0.0130859375 0.390625

1735234580
0.1699402220324509 0.06433247936236834 0.26216908625106744

1735234584
0.01520051746442432 0.006144890038809832 0.37289780077619666

1735234585
0.09533809323813523 0.039059218815623686 0.2906341873162537

1735234586
0.09590198563582594 0.05027460920997043 0.30502746092099703

1735234587
0.2378723404255319 0.09617021276595744 0.24382978723404256

1735234588
0.05426599749058971 0.038268506900878296 0.5555207026348808

1735234589
0.07829408020369191 0.021005728835136857 0.27116486314449395

1735234594
0.06 0.016296296296296295 0.53

1735234596
0.05165086629617522 0.015037593984962405 0.7211507028440667

1735234597
0.2681536555142503 0.06270136307311029 0.3546468401486989

1735234599
0.12720097146326653 0.014571948998178506 0.3931390406800243

1735234600
0.15491768678767412 0.046010975094976786 0.30899113550021107

1735234601
0.23111612175873733 0.07666290868094701 0.36189402480270577

1735234602
0.04909365558912387 0.03209969788519638 0.37273413897280966

1735234603
0.06102583302134032 0.04342942718083115 0.2901535005615874

1735234606
0.020379869679744905 0.021211701095244697 0.2776930542076806

1735234607
0.0391989774179804 0.017043033659991477 0.35492117596932254

1735234608
0.027977956761339552 0.00847816871555744 0.3810936837643069

1735234609
0.021848739495798318 0.014285714285714285 0.42773109243697477

1735234610
0.05454545454545454 0.02875264270613108 0.358985200845666

1735234611
0.05437553101104503 0.02506372132540357 0.30671197960917584

1735234612
0.07539178314273613 0.035578144853875476 0.27784836933502755

1735234613
0.17702127659574468 0.02851063829787234 0.2676595744680851

1735234619
0.013589072121169226 0.004246585037865383 0.21416943874301084

1735234620
0.008248840006874033 0.003437016669530847 0.42395600618663

1735234626
0.5 0.5 0.0

1735234628
0.03971334726784115 0.01702000597193192 0.6148103911615408

1735234629
0.06647245762711865 0.04263771186440678 0.3053495762711864

1735234634
0.020220428707801788 0.01267031155081142 0.45439555671266163

1735234635
0.22165820642978004 0.11252115059221658 0.2529610829103215

1735234636
0.37223168654173766 0.14310051107325383 0.20272572402044292

1735234637
0.39242105263157895 0.15663157894736843 0.14652631578947367

1735234638
0.29933665008291876 0.0675787728026534 0.20356550580431176

1735234639
0.22391212505280947 0.02999577524292353 0.4761301225179552

1735234643
0.08309081786251882 0.002609131961866533 0.6992473657802308

1735234644
0.0855457227138643 0.025284450063211124 0.4631268436578171

1735234649
0.0134928716904277 0.007298031228784793 0.5350475220638153

1735234650
0.1879021879021879 0.04676104676104676 0.35135135135135137

1735234651
0.06544836379090523 0.026774330641733957 0.4283892902677433

1735234653
0.059894109861019194 0.02382528127068167 0.33620119126406356

1735234657
0.037218894235490525 0.011587940685456152 0.22144751055681036

1735234658
0.274234693877551 0.10459183673469388 0.2971938775510204

1735234659
0.23950826621449767 0.06019499788045782 0.33827893175074186

1735234660
0.09036860879904875 0.01823226317875545 0.42013476020610385

1735234661
0.2273890784982935 0.0878839590443686 0.2764505119453925

1735234662
0.17750734368443138 0.06714225765841376 0.21779269827947964

1735234663
0.1939443535188216 0.0630114566284779 0.1886252045826514

1735234667
0.06231697317558861 0.003982663699191754 0.6205927140681738

1735234668
0.07316035729476818 0.029349213100808166 0.4678860059549128

1735234672
0.07684075342465753 0.0035316780821917806 0.5293236301369864

1735234675
0.1072417886822319 0.03152618388075452 0.44571956206305235

1735234679
0.14613844694974187 0.021283321040986198 0.3364239806132125

1735234680
0.43469041560644617 0.08396946564885496 0.2154368108566582

1735234681
0.3126894759636206 0.08271979211779991 0.27674317886530964

1735234682
0.14879261363636365 0.033380681818181816 0.3739346590909091

1735234685
0.030116871441414443 0.008690440515433023 0.7773449205873539

1735234686
0.5948 0.1588 0.1164

1735234687
0.6892177589852009 0.15560253699788584 0.05750528541226216

1735234688
0.3686655405405405 0.12331081081081081 0.14949324324324326

1735234689
0.2189873417721519 0.13333333333333333 0.13628691983122362

1735234690
0.360794254330376 0.15716096324461343 0.14279678918462188

1735234694
0.05665477348902584 0.01708292788409558 0.24489133960428155

1735234695
0.16035353535353536 0.05808080808080808 0.5778619528619529

1735234696
0.8884711779448622 0.0785296574770259 0.022556390977443608

1735234697
0.6138448707256047 0.04420350291909925 0.24562135112593828

1735234698
0.5190033783783784 0.05954391891891892 0.24577702702702703

1735234699
0.1625 0.02 0.2925

1735234700
0.14633123689727465 0.05786163522012579 0.4025157232704403

1735234701
0.1375796178343949 0.07091295116772824 0.5002123142250531

1735234702
0.7168576104746317 0.13638843426077468 0.11238406983087834

1735234705
0.3470994697091435 0.03712035995500562 0.5338261288767475

1735234706
0.482773851590106 0.03136042402826855 0.36984687868080096

1735234708
0.28703703703703703 0.037037037037037035 0.4166666666666667

1735234709
0.13661417322834646 0.014173228346456693 0.34606299212598424

1735234710
0.04687891702180998 0.011782401604412133 0.4123840561544247

1735234712
0.2019845644983462 0.050716648291069456 0.6436604189636164

1735234713
0.6848969289019773 0.12747160286074885 0.08624316365166176

1735234714
0.4558392632900795 0.14357471745500208 0.10548346588530766

1735234716
0.735242135030046 0.15022976316719688 0.07564510427712973

1735234717
0.8409658617818485 0.1298917568692756 0.01498751040799334

1735234719
0.3818348904885894 0.04901209986215347 0.4922652779905039

1735234720
0.8492631578947368 0.1385263157894737 0.008

1735234721
0.7086614173228346 0.11065064235391629 0.12847078325735597

1735234722
0.2506656523392925 0.017116774438950173 0.5062761506276151

1735234724
0.2472367655613729 0.034904013961605584 0.3586387434554974

1735234725
0.13947909527073338 0.015078821110349555 0.3824537354352296

1735234726
0.21680027884280237 0.05437434646218194 0.289299407459045

1735234728
0.033602150537634407 0.004032258064516129 0.5922043010752688

1735234729
0.34470725087243115 0.0895696006203955 0.19930205506010082

1735234731
0.06171171171171171 0.006756756756756757 0.3493243243243243

1735234732
0.6205733558178752 0.0990725126475548 0.10033726812816189

1735234733
0.1948905109489051 0.026277372262773723 0.4047445255474453

1735234734
0.11700891127469973 0.02905850445563735 0.29872142580395195

1735234735
0.07964601769911504 0.043404972608512435 0.3556679308891698

1735234736
0.05484784147204529 0.017338995046001414 0.321656050955414

1735234738
0.01023391812865497 0.003837719298245614 0.49141081871345027

1735234739
0.046153846153846156 0.03076923076923077 0.36752136752136755

1735234740
0.04547386315342117 0.014449638759031025 0.30854228644283893

1735234741
0.03976311336717428 0.010575296108291032 0.3236040609137056

1735234744
0.02582801580066849 0.010331206320267397 0.7046490428441203

1735234745
0.25448334756618274 0.033304867634500426 0.4709649871904355

1735234746
0.07777305567360816 0.045898852528686786 0.4441138971525712

1735234748
0.04591604788604334 0.01606303985452341 0.3335353841491135

1735234749
0.19161184210526316 0.06949013157894737 0.3120888157894737

1735234750
0.19601328903654486 0.06270764119601328 0.27906976744186046

1735234751
0.21273885350318472 0.0653927813163482 0.31804670912951166

1735234752
0.30198019801980197 0.066006600660066 0.21658415841584158

1735234753
0.1111565181855333 0.014711892112791173 0.3163056804250102

1735234757
0.0569148240219809 0.007850320554755985 0.5609054036373152

1735234758
0.08721735117674204 0.029995385325334564 0.42362713428703275

1735234759
0.10751784964300715 0.03359932801343973 0.35321293574128515

1735234760
0.06010745466756212 0.005036937541974479 0.3992612491605104

1735234762
0.04695904013239553 0.00517170045510964 0.5275134464211833

1735234763
0.1559953434225844 0.02871556072953046 0.2339930151338766

1735234765
0.13790200370432734 0.0040410843576359655 0.41067519784475504

1735234766
0.19476130122517954 0.03379805661174482 0.3468525559780313

1735234767
0.1540066777963272 0.012103505843071787 0.3217863105175292

1735234771
0.10902896081771721 0.012318175861617087 0.4388677761761237

1735234772
0.08347529812606473 0.019165247018739354 0.36158432708688243

1735234773
0.049832651543324655 0.011156563778356266 0.43622164373373

1735234774
0.04593929450369155 0.016406890894175553 0.4665025977577249

1735234776
0.09072638530002872 0.034165948894631065 0.2997416020671835

1735234777
0.0701627486437613 0.03725135623869801 0.34213381555153705

1735234778
0.19090454772613694 0.07746126936531735 0.2108945527236382

1735234779
0.12505245488879563 0.015107007973143098 0.3344523709609736

1735234785
0.019713745611666215 0.0024979746151768834 0.5186335403726708

1735234786
0.09561586638830898 0.02755741127348643 0.3394572025052192

1735234787
0.021109192093648053 0.008635578583765112 0.16836179875903537

1735234792
0.5 0.375 0.0

1735234797
0.003917812989726624 0.0027860003482500437 0.581838760229845

1735234798
0.06697900399097692 0.038348082595870206 0.31303140725316675

1735234800
0.0 0.0 0.0

1735234801
0.3111492281303602 0.1248713550600343 0.4099485420240137

1735234802
0.5232131948686621 0.15760537568723273 0.20403176542455712

1735234803
0.2613768961493582 0.07701283547257877 0.4472967716841696

1735234804
0.7332228666114333 0.21292460646230324 0.03645401822700911

1735234806
0.44537996545768566 0.10276338514680483 0.28303108808290156

1735234811
0.10034330554193233 0.02491417361451692 0.44639529180971066

1735234812
0.5606557377049181 0.15901639344262294 0.2442622950819672

1735234816
0.22155068209290277 0.038853393196339146 0.5877223277499568

1735234817
0.7504173622704507 0.19657762938230383 0.028380634390651086

1735234820
0.5782735208535402 0.1385063045586809 0.18622696411251213

1735234821
0.19639573372563443 0.07686649503493932 0.45531445384332475

1735234822
0.8026868178001679 0.16414777497900923 0.0218303946263644

1735234823
0.7775377969762419 0.13113236655353286 0.07960506016661524

1735234825
0.6456731961319118 0.1011653855690553 0.1686089759484255

1735234826
0.5649047105357785 0.13915857605177995 0.22114347357065803

1735234827
0.671307037896365 0.22621809744779584 0.06264501160092807

1735234828
0.5 0.34891216760676874 0.1063658340048348

1735234829
0.3477209944751381 0.16781767955801105 0.3221685082872928

1735234830
0.161150512214342 0.08589440504334121 0.6997635933806147

1735234831
0.47870261821023835 0.06096131301289566 0.35990621336459555

1735234833
0.016599276441796127 0.012981485422430303 0.6320493722068525

1735234836
0.0036991368680641184 0.004469790382244143 0.4824290998766954

1735234837
0.14417435037720033 0.050293378038558254 0.5188600167644594

1735234838
0.027766091712242324 0.012620950778291964 0.5624737063525452

1735234839
0.026138279932546374 0.010961214165261383 0.5438448566610455

1735234841
0.024503130955622107 0.013340593520283148 0.6068608766675742

1735234842
0.02746268656716418 0.008955223880597015 0.6659701492537313

1735234843
0.016704631738800303 0.017843583902809414 0.5375854214123007

1735234844
0.04461279461279461 0.03282828282828283 0.5290404040404041

1735234845
0.0452049007182087 0.02999577524292353 0.5204900718208703

1735234846
0.024513947590870666 0.018596787827557058 0.6069315300084531

1735234851
0.02992831541218638 0.011200716845878136 0.48942652329749103

1735234852
0.26262626262626265 0.17255892255892255 0.2815656565656566

1735234853
0.32196969696969696 0.14436026936026936 0.24957912457912457

1735234854
0.1244141457179378 0.10012782275244994 0.2752449936088624

1735234855
0.05569620253164557 0.016455696202531647 0.3472573839662447

1735234856
0.052941176470588235 0.013865546218487394 0.3352941176470588

1735234861
0.015954368851781434 0.0048772422914772256 0.5314540795238489

1735234862
0.10718737017033651 0.03572912339011217 0.4407976734524304

1735234863
0.030224787363304983 0.012606318347509114 0.5473876063183475

1735234865
0.5 0.3333333333333333 0.0

1735234866
0.02564102564102564 0.010744810744810745 0.5816849816849817

1735234868
0.07235054347826086 0.02377717391304348 0.34408967391304346

1735234869
0.05226824457593689 0.008875739644970414 0.2892833662064431

1735234870
0.012545072115384616 0.0048828125 0.5982572115384616

1735234875
0.47058823529411764 0.47058823529411764 0.0

1735234876
0.05147347740667976 0.011394891944990177 0.4620825147347741

1735234877
0.056827820186598814 0.016963528413910092 0.39906700593723493

1735234878
0.12096774193548387 0.05305602716468591 0.31536502546689305

1735234879
0.12103258569614897 0.05162928480744816 0.19509098603470165

1735234880
0.09011866353147044 0.03663804888718762 0.776671952753322

1735234886
0.5714285714285714 0.42857142857142855 0.0

1735234887
0.03496042216358839 0.009894459102902375 0.08113456464379948

1735234888
0.8582766439909297 0.10941043083900227 0.01870748299319728

1735234896
0.18479700547077454 0.01468471062482004 0.644630002879355

1735234897
0.8650202976995941 0.09945872801082543 0.02469553450608931

1735234898
0.8897415185783522 0.10298869143780291 0.005654281098546042

1735234904
0.20057587854198022 0.01256462273411426 0.6837248871147176

1735234906
0.8975027144408252 0.08794788273615635 0.011509229098805645

1735234907
0.8976327575175944 0.09053103007037748 0.00799744081893794

1735234910
0.2372145159030405 0.034047919293820936 0.5177245341179767

1735234911
0.8831628638867034 0.07513768686073957 0.03973249409913454

1735234912
0.8993788819875776 0.07950310559006211 0.016563146997929608

1735234914
0.9068251533742331 0.08780674846625768 0.003450920245398773

1735234915
0.9241666666666667 0.075 0.0008333333333333334

1735234918
0.4179573269793133 0.02870139716235243 0.15682876638145782

1735234920
0.5994436717663422 0.12204450625869263 0.11926286509040333

1735234921
0.07034743722050224 0.008255933952528379 0.3438252493980048

1735234922
0.5 0.5 0.0

1735234924
0.037486687965921195 0.012992545260915868 0.47028753993610223

1735234927
0.004393816110659072 0.004393816110659072 0.5847030105777055

1735234928
0.17354675652906487 0.09098567818028644 0.18997472620050548

1735234929
0.037794299876084264 0.028500619578686492 0.5625774473358116

1735234930
0.11795075456711676 0.0659253375694996 0.2521842732327244

1735234931
0.05484848484848485 0.02090909090909091 0.3393939393939394

1735234937
0.007061810679996826 0.004602078870110291 0.5903356343727684

1735234939
0.019872379216043755 0.007657247037374658 0.5571558796718322

1735234940
0.11265237494745692 0.07566204287515763 0.41277847835224885

1735234941
0.16602972399150742 0.10912951167728238 0.21231422505307856

1735234942
0.44836272040302266 0.07808564231738035 0.15952980688497062

1735234943
0.06963087248322147 0.02726510067114094 0.3175335570469799

1735234945
0.004660797514241326 0.0036250647332988087 0.8425686172967375

1735234946
0.1140278917145201 0.03158326497128794 0.3355209187858901

1735234947
0.10417545339519191 0.027836355967946015 0.28215942640236186

1735234949
0.2849936948297604 0.04539722572509458 0.2682849936948298

1735234951
0.004522217852929611 0.011993708218639402 0.7092017302398742

1735234952
0.26024503591043513 0.13730460498521335 0.2010984368398817

1735234953
0.06115563053563897 0.021088148460565163 0.35217207929143823

1735234957
0.03996849773577476 0.0048237842094900575 0.5704863162039772

1735234959
0.31235632183908046 0.058333333333333334 0.2597701149425287

1735234960
0.017989767288331408 0.0059415745172470705 0.5281399570886285

1735234961
0.042704626334519574 0.021352313167259787 0.4092526690391459

1735234963
0.03617899079657252 0.012059663598857505 0.2830847350047604

1735234965
0.0414572864321608 0.0207286432160804 0.31909547738693467

1735234966
0.165 0.09791666666666667 0.2579166666666667

1735234967
0.10891089108910891 0.06364922206506365 0.36810466760961813

1735234968
0.3354140657511444 0.132334581772784 0.264669163545568

1735234969
0.1755962668510197 0.06913238852402351 0.36985827860352577

1735234970
0.13088177145116647 0.05219454329774614 0.48952155001977066

1735234974
0.009586852316822643 0.004793426158411321 0.3599634786578407

1735234975
0.1235144312393888 0.045415959252971136 0.27504244482173174

1735234976
0.09767441860465116 0.048625792811839326 0.36448202959830867

1735234977
0.05452240067624683 0.023668639053254437 0.3706677937447168

1735234978
0.1538135593220339 0.08135593220338982 0.20847457627118643

1735234980
0.02314885788747509 0.007665184730952016 0.30323470795646174

1735234981
0.11560934891485809 0.0505008347245409 0.3071786310517529

1735234982
0.13263157894736843 0.053052631578947365 0.2926315789473684

1735234983
0.15625 0.06461148648648649 0.26815878378378377

1735234984
0.17754237288135594 0.07033898305084746 0.30338983050847457

1735234985
0.1448247078464107 0.05383973288814691 0.2833889816360601

1735234986
0.09638047138047139 0.03745791245791246 0.2878787878787879

1735234987
0.5270894582108357 0.1730365392692146 0.1360772784544309

1735234990
0.043875685557586835 0.008015750246097596 0.4826325411334552

1735234991
0.3083087304934627 0.1720792914382117 0.1952762547448334

1735234992
0.24144710971293748 0.10342115611482501 0.21392056626032246

1735234993
0.45467998520162783 0.121716611172771 0.22345541990381057

1735234994
0.1841136244082062 0.05628616517622304 0.22619673855865335

1735234995
0.09764309764309764 0.027777777777777776 0.32954545454545453

1735234996
0.12031973075305007 0.009676062263357174 0.3971392511569205

1735234998
0.16992442011988532 0.014594735470419598 0.3223872817305186

1735235000
0.06158514816137094 0.009996429846483398 0.6253123884327026

1735235001
0.07673764564081961 0.03977501004419445 0.2631578947368421

1735235003
0.05049290694878576 0.012503005530175523 0.32459725895647995

1735235007
0.01349343897004209 0.005199306759098787 0.5669720227779154

1735235008
0.04974073362780872 0.006817745342807759 0.48127520645285193

1735235012
0.08055152394775036 0.01741654571843251 0.3251088534107402

1735235018
0.02448754986930802 0.009079653322327692 0.3049938093272802

1735235019
0.021015533220206238 0.014358438846103641 0.558282208588957

1735235021
0.0 0.0 0.0

1735235024
0.020550271739130436 0.012567934782608696 0.5441576086956522

1735235025
0.10461416070007955 0.0513126491646778 0.22195704057279236

1735235028
0.014705882352941176 0.003235294117647059 0.4711764705882353

1735235029
0.06224066390041494 0.025853814235556973 0.36035748483881264

1735235030
0.1426865671641791 0.09731343283582089 0.14507462686567163

1735235031
0.1179225202213708 0.08471690080885483 0.19923371647509577

1735235032
0.2746835443037975 0.14725738396624471 0.12278481012658228

1735235033
0.577020202020202 0.10816498316498316 0.2727272727272727

1735235034
0.6197829716193656 0.10141903171953255 0.17570951585976627

1735235036
0.787270087124879 0.07962245885769603 0.08857696030977735

1735235038
0.2080626671761559 0.021207489491784488 0.35250286587695834

1735235039
0.546234509056244 0.10176358436606292 0.224976167778837

1735235040
0.06239460370994941 0.016863406408094434 0.45193929173693087

1735235041
0.11078348778433024 0.060657118786857624 0.2603201347935973

1735235043
0.021116138763197588 0.011419952596423184 0.5423400129282482

1735235044
0.09242479159115621 0.02464661109097499 0.28017397607828926

1735235045
0.08344988344988345 0.035431235431235435 0.26433566433566436

1735235046
0.07449856733524356 0.01973893664438077 0.36262336835402736

1735235054
0.00700553926360378 0.003747148908439231 0.6018246985988921

1735235055
0.0720949957591179 0.04410517387616624 0.3702290076335878

1735235056
0.2619047619047619 0.15664160401002505 0.14202172096908938

1735235057
0.6867167919799498 0.3032581453634085 0.005430242272347535

1735235058
0.766750418760469 0.15536013400335008 0.045644891122278056

1735235059
0.533585222502099 0.12468513853904283 0.1309823677581864

1735235065
0.1003682576359304 0.02613907141309842 0.6576648133439238

1735235066
0.16426102866436268 0.0626143525106729 0.37019719455173816

1735235068
0.06386701662292213 0.023622047244094488 0.3079615048118985

1735235072
0.07364304111418488 0.03252885624344176 0.2813126013545741

1735235074
0.09449897283725177 0.03926044282127368 0.4245606026021456

1735235075
0.16428571428571428 0.09327731092436975 0.3899159663865546

1735235076
0.037743850720949955 0.01993214588634436 0.4448685326547922

1735235077
0.038636363636363635 0.02196969696969697 0.4318181818181818

1735235079
0.05035810205908684 0.03424350940017905 0.4071172784243509

1735235080
0.07822410147991543 0.035940803382663845 0.641860465116279

1735235082
0.043699927166788055 0.013838310269482883 0.6518572469045885

1735235084
0.1751531393568147 0.03426493108728943 0.3899310872894334

1735235086
0.045595685569537504 0.01781336819741788 0.4242523288118974

1735235087
0.09351432880844646 0.043740573152337855 0.4434389140271493

1735235088
0.024842417500926955 0.015943641082684465 0.5287356321839081

1735235089
0.08661417322834646 0.06299212598425197 0.3454724409448819

1735235090
0.3333333333333333 0.11729957805907174 0.31139240506329113

1735235091
0.12572298325722983 0.05114155251141553 0.5494672754946728

1735235094
0.2896632601775842 0.03585190149103702 0.5580499246104875

1735235095
0.2612193056731583 0.0558848433530906 0.45850973751058427

1735235096
0.08791208791208792 0.06382079459002536 0.47590870667793744

1735235097
0.1749788672865596 0.10016906170752325 0.33516483516483514

1735235098
0.16066129715981348 0.13437897414158542 0.34548537515896566

1735235099
0.08290816326530612 0.04421768707482993 0.4017857142857143

1735235100
0.09179770505737357 0.03909902252443689 0.3514662133446664

1735235103
0.0820012995451592 0.027160493827160494 0.34152046783625734

1735235104
0.11705801104972376 0.02520718232044199 0.5027624309392266

1735235106
0.21569097888675623 0.05950095969289827 0.5530230326295585

1735235110
0.10187813933173182 0.03363179733566281 0.5039309892989736

1735235111
0.3260416666666667 0.06875 0.3572916666666667

1735235113
0.20810439560439561 0.053800366300366304 0.5810439560439561

1735235114
0.07745961820851689 0.06901615271659324 0.6413362701908958

1735235115
0.04631217838765009 0.023156089193825044 0.516295025728988

1735235117
0.020494542214301626 0.015148139897527288 0.5860993539763867

1735235119
0.024834732892621048 0.020368054314811507 0.3850276934071824

1735235120
0.17573743248857499 0.11674283340257582 0.3572912339011217

1735235121
0.0571549534292972 0.0275190516511431 0.37002540220152413

1735235122
0.0861407249466951 0.06098081023454158 0.3394456289978678

1735235123
0.07614213197969544 0.03257191201353638 0.3396785109983079

1735235128
0.019519646948994315 0.007298650598319613 0.5901722821013324

1735235129
0.10172341319882304 0.0474989491382934 0.44724674232870953

1735235130
0.052100840336134456 0.030252100840336135 0.40672268907563025

1735235131
0.07894736842105263 0.06518218623481781 0.35303643724696354

1735235134
0.03352116746134952 0.016905071521456438 0.23854934258055194

1735235136
0.04967698819336155 0.03363778124303854 0.4248162174203609

1735235139
0.03443307880708832 0.020170004322143782 0.2547183402967872

1735235142
0.04111302172893544 0.022041581991558545 0.45959043301547603

1735235143
0.24328629949931724 0.12198452435138826 0.3040509786071916

1735235145
0.045586107091172216 0.006512301013024602 0.5865894838398457

1735235147
0.24243360098826436 0.3869672637430513 0.2452130945027795

1735235148
0.27049709489993545 0.5274370561652679 0.15203357004519044

1735235149
0.30347513481126426 0.45536249251048533 0.07908927501497903

1735235150
0.32898062342038753 0.5366470092670598 0.08593091828138164

1735235151
0.3974305843348529 0.5354330708661418 0.024450891007045172

1735235153
0.7549148099606815 0.22018348623853212 0.00655307994757536

1735235158
0.12783830990601347 0.025534392414538802 0.6413540713632205

1735235159
0.033116883116883114 0.0158008658008658 0.2025974025974026

1735235161
0.10238353196099675 0.00866738894907909 0.3561755146262188

1735235162
0.28553299492385786 0.12098138747884941 0.24830795262267344

1735235163
0.07750865051903114 0.05190311418685121 0.4269896193771626

1735235165
0.05418848167539267 0.04659685863874346 0.49136125654450263

1735235166
0.0872093023255814 0.071843853820598 0.47840531561461797

1735235167
0.17918590012589172 0.09819555182543013 0.35921107847251366

1735235168
0.3634861627426683 0.13795952085914912 0.18009087154068568

1735235169
0.16156325543916197 0.08138597904915391 0.24576954069298954

1735235171
0.13765102000396118 0.014458308575955635 0.3022380669439493

1735235175
0.12801320858558063 0.002201430930104568 0.3293340671436434

1735235176
0.37425658453695837 0.0751911639762107 0.30288870008496177

1735235177
0.09245122985581 0.031382527565733676 0.356234096692112

1735235180
0.018362860468123625 0.009310746152851416 0.5414457519720678

1735235181
0.05366269165247019 0.020868824531516183 0.4314310051107325

1735235182
0.035925612848689774 0.013947590870667794 0.37151310228233303

1735235183
0.07538330494037479 0.05238500851788756 0.4131175468483816

1735235184
0.11311053984575835 0.07969151670951156 0.31405312767780635

1735235185
0.18356047700170358 0.108603066439523 0.2717206132879046

1735235186
0.04091100801349642 0.01180936313791649 0.3901307465204555

1735235192
0.01533123537480836 0.006132494149923344 0.49850722181876866

1735235193
0.0907164052564646 0.046206019499788045 0.3916913946587537

1735235194
0.03642524354087251 0.024989411266412537 0.529436679373147

1735235195
0.05207451312447079 0.018204911092294666 0.451735817104149

1735235196
0.04747774480712166 0.01526070368800339 0.41373463331920307

1735235197
0.051184433164128594 0.038917089678511 0.32656514382402707

1735235198
0.0270042194092827 0.010548523206751054 0.35654008438818563

1735235200
0.002955082742316785 0.00256107171000788 0.2763987391646966

1735235201
0.061052631578947365 0.014736842105263158 0.5263157894736842

1735235202
0.012728044123886296 0.009333899024183284 0.5086974968179889

1735235203
0.019148936170212766 0.01446808510638298 0.46382978723404256

1735235204
0.024214103653355988 0.0118946474086661 0.4256584536958369

1735235206
0.018743343982960597 0.007880724174653887 0.3816826411075612

1735235208
0.007512152010605391 0.006407423773751657 0.5022094564737075

1735235209
0.07115466553046443 0.04772049424797614 0.39710268427780143

1735235210
0.07108591365023986 0.05233318796336677 0.38813781072830356

1735235211
0.2532936676583085 0.1181470463238419 0.292817679558011

1735235214
0.07744408945686901 0.022492012779552716 0.21022364217252396

1735235215
0.05799573560767591 0.013646055437100213 0.49637526652452024

1735235219
0.01307602128235188 0.006222382541257102 0.5726395527098926

1735235220
0.06601362862010221 0.018313458262350937 0.35008517887563884

1735235221
0.06447480785653288 0.034158838599487616 0.3928266438941076

1735235225
0.06096351008709073 0.02127659574468085 0.31495976187851393

1735235226
0.24063710718897977 0.1308652604390874 0.3301764959104606

1735235227
0.5983918747355057 0.13542107490478206 0.21836648328396108

1735235228
0.24127784783522488 0.04077343421605717 0.5468684321143338

1735235229
0.6324642556770396 0.13414634146341464 0.18587047939444912

1735235230
0.8198160535117057 0.16137123745819398 0.01588628762541806

1735235231
0.44247038917089676 0.10236886632825719 0.38451776649746194

1735235233
0.1604178324939377 0.01697444506621899 0.6274948703600075

1735235234
0.4942528735632184 0.09961685823754789 0.28054491272882076

1735235235
0.45407725321888415 0.0407725321888412 0.31673819742489273

1735235236
0.33219031290184314 0.04372053150450064 0.32404629232747534

1735235238
0.35286514433433863 0.028220594571305473 0.4153382162860836

1735235239
0.24796747967479674 0.036585365853658534 0.5040650406504065

1735235242
0.20747217806041335 0.040937996820349765 0.6671303656597775

1735235243
0.37681159420289856 0.05499119599078965 0.4765000677231478

1735235245
0.7777777777777778 0.2222222222222222 0.0

1735235246
0.8808219178082192 0.07534246575342465 0.04178082191780822

1735235248
0.7337278106508875 0.046440738748431055 0.14039806347498654

1735235249
0.8625103220478944 0.13088356729975226 0.0053674649050371595

1735235251
0.2475442043222004 0.05157170923379175 0.674852652259332

1735235252
0.7101683937823834 0.09326424870466321 0.18490932642487046

1735235257
0.4346161031197459 0.06043340183074911 0.4460115822903045

1735235258
0.7112908056304282 0.06558849955076371 0.1719077568134172

1735235260
0.0 0.0 0.0

1735235261
0.8629528366370471 0.1346548188653452 0.002050580997949419

1735235262
0.9341392246769488 0.06586077532305128 0.0

1735235263
0.9373183893731839 0.06268161062681611 0.0

1735235264
0.9472803347280335 0.052719665271966525 0.0

1735235265
0.9435918705931149 0.05640812940688511 0.0

1735235266
0.9395833333333333 0.06041666666666667 0.0

1735235267
0.9237182159233014 0.07628178407669862 0.0

1735235268
0.9189302131216047 0.08023401587964897 0.0004178854993731718

1735235269
0.9240240240240241 0.07597597597597598 0.0

1735235270
0.9378757515030061 0.06078824315297261 0.00033400133600534405

1735235271
0.9199170124481327 0.08008298755186723 0.0

1735235272
0.9445371142618849 0.05546288573811509 0.0

1735235273
0.9325281132861308 0.06747188671386922 0.0

1735235274
0.94375 0.05625 0.0

1735235275
0.9440337909186906 0.05455825413586765 0.0014079549454417458

1735235276
0.9198570699336396 0.08014293006636039 0.0

1735235279
0.9406193078324225 0.05919854280510018 0.00018214936247723133

1735235280
0.9365730514357842 0.06342694856421584 0.0

1735235281
0.9266360983743226 0.07336390162567737 0.0

1735235283
0.9362772498602572 0.06372275013974288 0.0

1735235285
0.9319931565440548 0.06779298545765612 0.0

1735235287
0.943694643610291 0.05630535638970898 0.0

1735235288
0.95 0.05 0.0

1735235289
0.9454166666666667 0.05458333333333333 0.0

1735235293
0.6992709599027946 0.06652490886998785 0.18296881328473066

1735235297
0.7660833127927039 0.07813655410401775 0.14185358639388712

1735235298
0.9306742640075973 0.06932573599240266 0.0

1735235299
0.9289000418235048 0.07068172312839816 0.0004182350480970305

1735235300
0.93125 0.06875 0.0

1735235301
0.9338842975206612 0.06611570247933884 0.0

1735235306
0.5165330278732341 0.02535318823978618 0.3771668575792287

1735235308
0.7363786461199779 0.08943313153549808 0.12795817281232802

1735235311
0.9152069446597427 0.08479305534025733 0.0

1735235315
0.7165645277577506 0.036409516943042536 0.10580389329488103

1735235316
0.8226251478123768 0.1604256996452503 0.0130074891604257

1735235318
0.6888400219901044 0.05689939527212754 0.19626168224299065

1735235319
0.8718162839248434 0.11440501043841336 0.005010438413361169

1735235320
0.9310930074677529 0.06754921928038017 0.0006788866259334691

1735235321
0.9192738509076863 0.0768636539204326 0.0027037466203167246

1735235323
0.7488744372186094 0.058529264632316155 0.17633816908454228

1735235324
0.7698709945900957 0.14357053682896379 0.0328755722014149

1735235325
0.8675143560295324 0.11977030352748154 0.003281378178835111

1735235326
0.9070446019174656 0.09253855773238849 0.0

1735235327
0.9049207673060884 0.09299416180150125 0.0004170141784820684

1735235332
0.5379199714820426 0.03012209250512432 0.40335085999465287

1735235333
0.8951486697965572 0.09733959311424101 0.0028169014084507044

1735235334
0.9089139743090697 0.07279096924873492 0.017516543402101986

1735235335
0.7975103734439835 0.0966804979253112 0.038174273858921165

1735235336
0.49452861952861954 0.09932659932659933 0.14983164983164984

1735235337
0.4408343361411953 0.11311672683513839 0.16686722823906938

1735235340
0.2464628023733455 0.047314772554389165 0.18363000152137532

1735235341
0.275531471446436 0.06919549812421842 0.31012922050854524

1735235342
0.6978991596638655 0.14915966386554622 0.052100840336134456

1735235343
0.9162848812994585 0.08288213244481465 0.00041649312786339027

1735235344
0.6520400307929176 0.03695150115473441 0.25327174749807546

1735235345
0.4231218372907746 0.07084468664850137 0.28065395095367845

1735235346
0.4120856063785145 0.08938313050776332 0.10574905581200168

1735235347
0.41705557912600766 0.10818837505303351 0.212982605006364

1735235348
0.7258196721311475 0.12540983606557377 0.1151639344262295

1735235350
0.7748136524127108 0.17614750882699098 0.02236171047469596

1735235351
0.5476979742173113 0.16685082872928178 0.11602209944751381

1735235352
0.6005855290673359 0.15516520284399832 0.10623170221664575

1735235353
0.43659773702692156 0.11002731174404994 0.2980881779165041

1735235355
0.21003453178955922 0.02640666260410319 0.6221815965874467

1735235356
0.39581589958158997 0.06276150627615062 0.36652719665271966

1735235357
0.13027295285359802 0.01240694789081886 0.6513647642679901

1735235358
0.13760949420740323 0.022887821418479795 0.5439389658095507

1735235359
0.2915451895043732 0.08621407746772178 0.3032069970845481

1735235360
0.1769591910436981 0.05453232213795594 0.4019501625135428

1735235362
0.16775599128540306 0.03672580143168378 0.25396825396825395

1735235366
0.026804860614724802 0.008130807719799857 0.17825232308791994

1735235367
0.1488120050020842 0.0425177157148812 0.3605669028761984

1735235370
0.03229527104959631 0.01532377656945131 0.3573900148294612

1735235372
0.010819165378670788 0.004121586810922205 0.36269963936115407

1735235374
0.0514783130721897 0.0060033018159988 0.3463905147831307

1735235375
0.6758104738154613 0.1658354114713217 0.06192851205320033

1735235376
0.3824148085822465 0.12705090450147244 0.16575515355490114

1735235377
0.30994152046783624 0.11194653299916457 0.15037593984962405

1735235378
0.18976279650436953 0.10611735330836454 0.23720349563046192

1735235382
0.03483309143686502 0.010401548137397194 0.7301644895984518

1735235383
0.12117452440033086 0.07899090157154673 0.35028949545078575

1735235384
0.036980556614563474 0.0434616850934045 0.42051086542127336

1735235387
0.02837216674591853 0.03471231573941987 0.34950071326676174

1735235388
0.2352195945945946 0.11275337837837837 0.2335304054054054

1735235389
0.5760703363914373 0.1425840978593272 0.12844036697247707

1735235390
0.8106995884773662 0.16213991769547326 0.008641975308641974

1735235391
0.7305785123966942 0.17520661157024794 0.02975206611570248

1735235393
0.1743100228263125 0.04689769661755551 0.2670678564017431

1735235394
0.0760475944128298 0.03181583031557165 0.44813760993274704

1735235397
0.10124434389140272 0.05260180995475113 0.4111990950226244

1735235398
0.06528046421663443 0.043520309477756286 0.3655705996131528

1735235399
0.14172185430463577 0.05880794701986755 0.21403973509933774

1735235401
0.13189448441247004 0.06474820143884892 0.3293365307753797

1735235402
0.01752092050209205 0.022228033472803346 0.38127615062761505

1735235407
0.03420682377769961 0.021104467112205417 0.32149138234259583

1735235408
0.07226890756302522 0.0273109243697479 0.23865546218487396

1735235410
0.05316595901790659 0.028244415728262875 0.3311796197157098

1735235412
0.02533197139938713 0.008375893769152196 0.3634320735444331

1735235413
0.3614864864864865 0.14358108108108109 0.16258445945945946

1735235414
0.1803074366431242 0.05899459908599917 0.25051931865392607

1735235415
0.22362337116435477 0.1092896174863388 0.2555695670449769

1735235416
0.12697547683923704 0.05013623978201635 0.44168937329700275

1735235417
0.16785079928952043 0.056838365896980464 0.3285968028419183

1735235418
0.08065190137902215 0.03301295445048057 0.4529878813205182

1735235420
0.018326693227091632 0.018061088977423638 0.5463479415670651

1735235422
0.03403665485907901 0.012628985060834746 0.3308178037886955

1735235423
0.11861544955677501 0.050232165470662726 0.3942591810890671

1735235425
0.10150223304912707 0.0341047503045067 0.3451075923670321

1735235427
0.013790306225917663 0.00547556276617319 0.4704928006489556

1735235428
0.04360345536816125 0.02097902097902098 0.4175236528177705

1735235430
0.02891648239496513 0.013777853376424561 0.3806769858819527

1735235432
0.023699538059851376 0.018879293030729064 0.3103032737497489

1735235433
0.02898005269100489 0.017689123071132858 0.3244260444109898

1735235435
0.029456687759109753 0.01636482653283875 0.3790093825005455

1735235437
0.02759276879162702 0.014272121788772598 0.27711703139866795

1735235438
0.2932711007390121 0.1411901983663944 0.22559315441462466

1735235439
0.627528901734104 0.1795520231213873 0.07261560693641618

1735235440
0.2600253271422541 0.15280709159983116 0.23258758970029547

1735235441
0.2577101816645543 0.14702154626108999 0.2420785804816223

1735235445
0.019421284943599803 0.0131436978911231 0.3842079450711133

1735235446
0.27466977466977466 0.1519036519036519 0.18492618492618493

1735235448
0.216677398583387 0.11783644558918223 0.330328396651642

1735235449
0.6893004115226338 0.144718792866941 0.061042524005486966

1735235450
0.8648648648648649 0.10928319623971798 0.010869565217391304

1735235453
0.6797385620915033 0.09651922784617722 0.09955920352637179

1735235454
0.33612273361227335 0.10111576011157601 0.2301255230125523

1735235455
0.8716329966329966 0.12289562289562289 0.003367003367003367

1735235456
0.8777546777546777 0.11850311850311851 0.002494802494802495

1735235457
0.8809332260659695 0.11826226870474658 0.00040225261464199515

1735235459
0.865520728008089 0.13422649140546006 0.0

1735235460
0.9036447423544198 0.09467951403435275 0.0

1735235461
0.8849520633597332 0.11421425593997499 0.0

1735235462
0.8745310546060858 0.12463526469362234 0.0

1735235463
0.8850478967097043 0.1116201582673886 0.0020824656393169513

1735235464
0.8927826449728827 0.10721735502711723 0.0

1735235465
0.86875 0.12833333333333333 0.0

1735235466
0.8465039304923458 0.1522548613984278 0.0

1735235467
0.8721709974853311 0.12615255658005028 0.00041911148365465214

1735235468
0.9158995815899582 0.08410041841004184 0.0

1735235469
0.8878699458107545 0.10879533138807837 0.00041684035014589413

1735235470
0.8502919099249374 0.14845704753961636 0.0

1735235471
0.8542797494780794 0.13110647181628393 0.0004175365344467641

1735235472
0.8708315745040102 0.1262135922330097 0.0

1735235473
0.8760806916426513 0.1214491560312886 0.0016467682173734047

1735235474
0.8795331388078366 0.1200500208420175 0.0

1735235475
0.9137140475197999 0.0850354314297624 0.0

1735235476
0.9015846538782318 0.09591326105087573 0.0004170141784820684

1735235478
0.9370002423067604 0.053549794039253695 0.007753816331475648

1735235480
0.5650388936905791 0.04624027657735523 0.22558340535868626

1735235481
0.9043927648578811 0.08320413436692506 0.009302325581395349

1735235482
0.9061461794019934 0.09136212624584718 0.0008305647840531562

1735235484
0.8780409731113956 0.0761843790012804 0.016325224071702945

1735235485
0.9096739711384286 0.08872260823089258 0.0013361838588989846

1735235486
0.8897446291041751 0.10660721524118362 0.002837454398054317

1735235487
0.8945976577257272 0.10464676992822063 0.0

1735235488
0.8957208142916494 0.10303282093892813 0.0004154549231408392

1735235489
0.9067725752508361 0.09197324414715718 0.0008361204013377926

1735235490
0.8924103419516264 0.10633861551292743 0.0

1735235491
0.8895833333333333 0.11 0.0

1735235492
0.8803986710963455 0.11794019933554817 0.0004152823920265781

1735235493
0.8946047678795483 0.10455876202425764 0.0

1735235494
0.8821087588210876 0.11706102117061021 0.0

1735235495
0.9153108051731331 0.08427200667501043 0.0

1735235496
0.8955098615190936 0.10155266470835082 0.0

1735235497
0.9092775041050903 0.08949096880131363 0.0

1735235498
0.8991172761664565 0.09836065573770492 0.0016813787305590584

1735235499
0.9017147636971978 0.09744876620660811 0.0

1735235500
0.9107961650687787 0.08920383493122135 0.0

1735235501
0.9258333333333333 0.07375 0.0

1735235502
0.9113817723645528 0.08819823603527929 0.0

1735235503
0.8953247827885809 0.10302027306578403 0.0

1735235504
0.8986655546288573 0.10008340283569642 0.0

1735235505
0.8929166666666667 0.105 0.00125

1735235506
0.9083333333333333 0.09125 0.0

1735235507
0.8892116182572614 0.10995850622406639 0.0

1735235508
0.8932160804020101 0.10678391959798995 0.0

1735235509
0.9028642590286425 0.09630552096305521 0.0

1735235510
0.8999165971643036 0.09883236030025021 0.0004170141784820684

1735235511
0.898326359832636 0.100418410041841 0.0

1735235512
0.8982980489829805 0.10170195101701951 0.0

1735235513
0.9224676948728637 0.07753230512713631 0.0

1735235514
0.909205020920502 0.09037656903765691 0.0

1735235515
0.9099211290992113 0.09007887090078871 0.0

1735235516
0.8854166666666666 0.11375 0.0

1735235517
0.8912046686119216 0.10796165068778658 0.0008336807002917883

1735235518
0.9232060428031893 0.06462442299622324 0.012169534200587495

1735235520
0.9377503852080123 0.06040061633281972 0.0015408320493066256

1735235521
0.9054969879518072 0.09073795180722892 0.0037650602409638554

1735235522
0.8865297598329273 0.05777932474765054 0.054994778976679426

1735235523
0.9094567404426559 0.089738430583501 0.0008048289738430583

1735235524
0.91424 0.07456 0.00672

1735235525
0.9115929941618015 0.0871559633027523 0.0012510425354462051

1735235528
0.9267723102585488 0.062385321100917435 0.004003336113427856

1735235530
0.9239353222500569 0.07333181507629241 0.002732862673650649

1735235531
0.9236417033773862 0.07048458149779736 0.005873715124816446

1735235533
0.9276180698151951 0.06656399726214922 0.005817932922655715

1735235535
0.9143937348096138 0.08425600864164191 0.0005401026194977045

1735235536
0.9153814089203834 0.08295122967903293 0.0012505210504376823

1735235537
0.9158683881715952 0.08329862557267805 0.00041649312786339027

1735235538
0.924968736973739 0.07419758232596915 0.00041684035014589413

1735235539
0.9265442404006677 0.07178631051752922 0.0008347245409015025

1735235540
0.9345560650270947 0.06461025427261359 0.0

1735235541
0.9132610508757297 0.08590492076730609 0.0

1735235542
0.9082951229679033 0.08962067528136723 0.0016673614005835765

1735235543
0.9020833333333333 0.09791666666666667 0.0

1735235544
0.9186822351959967 0.0804837364470392 0.0

1735235545
0.920767306088407 0.07839866555462886 0.0

1735235546
0.933305543976657 0.06669445602334306 0.0

1735235547
0.9187161317215506 0.08086702792830346 0.00041684035014589413

1735235548
0.9012911286963765 0.0982923781757601 0.0

1735235549
0.9291075896580484 0.07005838198498748 0.0004170141784820684

1735235550
0.9153461217681401 0.08381984987489574 0.0008340283569641367

1735235551
0.8870630415297281 0.11054675829100687 0.0023902001792650133

1735235553
0.9149987002859371 0.08266181440083181 0.002339485313231089

1735235555
0.9444078224566029 0.055372445616348055 0.00021973192704900023

1735235556
0.9610176446450553 0.03693065244152647 0.002051702913418137

1735235557
0.9109659676864902 0.08731522860089377 0.0017188037126160192

1735235559
0.8868529546495648 0.11314704535043518 0.0

1735235560
0.8666256914566687 0.13306699446834666 0.00030731407498463427

1735235562
0.919921395234586 0.070253009088676 0.009825595676737903

1735235563
0.9009986973512809 0.09900130264871906 0.0

1735235565
0.9062957540263543 0.09370424597364568 0.0

1735235566
0.8966527196652719 0.10334728033472804 0.0

1735235567
0.8979166666666667 0.10208333333333333 0.0

1735235568
0.8705931148900871 0.1294068851099129 0.0

1735235569
0.9029166666666667 0.09666666666666666 0.0

1735235570
0.9205020920502092 0.0794979079497908 0.0

1735235571
0.9402241594022416 0.05977584059775841 0.0

1735235572
0.94 0.06 0.0

1735235573
0.9510664993726474 0.04851526557925554 0.0

1735235574
0.9333333333333333 0.06666666666666667 0.0

1735235575
0.944560233430596 0.05543976656940392 0.0

1735235576
0.9237817576009996 0.07621824239900042 0.0

1735235577
0.90625 0.09375 0.0

1735235578
0.9258024176740308 0.07378074197582327 0.0

1735235579
0.9112869637650979 0.08829654310703873 0.00041649312786339027

1735235580
0.9119732999582811 0.0851063829787234 0.0008343763037129745

1735235581
0.9183333333333333 0.08083333333333333 0.0004166666666666667

1735235582
0.8975 0.1025 0.0

1735235583
0.905794080867028 0.09295539808253439 0.0008336807002917883

1735235584
0.9208003334722801 0.07878282617757398 0.0

1735235585
0.9207342511472674 0.07801418439716312 0.00041718815185648727

1735235586
0.8891666666666667 0.11041666666666666 0.0004166666666666667

1735235587
0.89745727386411 0.09920800333472281 0.00041684035014589413

1735235588
0.8966666666666666 0.09416666666666666 0.0

1735235589
0.9214137214137215 0.0760914760914761 0.002494802494802495

1735235590
0.9234309623430962 0.07656903765690376 0.0

1735235591
0.9270833333333334 0.0725 0.0

1735235592
0.8844870725604671 0.11551292743953294 0.0

1735235593
0.835 0.16416666666666666 0.0008333333333333334

1735235594
0.921217173822426 0.07878282617757398 0.0

1735235595
0.91125 0.08791666666666667 0.0004166666666666667

1735235596
0.9032930387661525 0.09670696123384744 0.0

1735235597
0.917465610671113 0.08253438932888704 0.0

1735235598
0.9367194004995837 0.06244796003330558 0.00041631973355537054

1735235599
0.9224353628023353 0.07714762301918265 0.0

1735235600
0.9381742738589212 0.06099585062240664 0.0008298755186721991

1735235601
0.9251046025104602 0.07405857740585774 0.0

1735235602
0.9237182159233014 0.07461442267611505 0.0008336807002917883

1735235603
0.9003751563151313 0.09879116298457691 0.00041684035014589413

1735235604
0.902418682235196 0.09716430358632193 0.0

1735235605
0.9274395329441201 0.07214345287739783 0.0004170141784820684

1735235606
0.9095079232693911 0.08798999165971642 0.0016680567139282735

1735235607
0.9000416493127863 0.09995835068721366 0.0

1735235608
0.886107634543179 0.11264080100125157 0.0

1735235609
0.932888703626511 0.0637765735723218 0.0029178824510212586

1735235610
0.9158683881715952 0.07621824239900042 0.006663890045814244

1735235611
0.9257405089695453 0.07133917396745933 0.0020859407592824365

1735235613
0.9217767295597484 0.07665094339622641 0.0011792452830188679

1735235614
0.9425350563651361 0.05609018421776189 0.0

1735235615
0.9145833333333333 0.08375 0.0008333333333333334

1735235616
0.9157982492705294 0.08378491037932471 0.0

1735235617
0.9416180150125104 0.05713094245204337 0.0008340283569641367

1735235618
0.9236864053377815 0.07547956630525438 0.0

1735235619
0.8978741142142559 0.10129220508545227 0.00041684035014589413

1735235620
0.9153814089203834 0.08420175072947061 0.0

1735235621
0.9120833333333334 0.08666666666666667 0.0004166666666666667

1735235622
0.9316666666666666 0.06833333333333333 0.0

1735235623
0.92375 0.07333333333333333 0.0

1735235624
0.9158435401027262 0.0825760568945081 0.0007902015013828526

1735235625
0.9204946996466431 0.07818021201413428 0.00044169611307420494

1735235626
0.9302325581395349 0.06852159468438539 0.0

1735235627
0.9242994562944374 0.07486407360936846 0.0

1735235628
0.933305543976657 0.06669445602334306 0.0

1735235629
0.9322482967448902 0.0582891748675246 0.007948523845571537

1735235631
0.9543559359227562 0.04476629361421988 0.0006583278472679394

1735235632
0.9625 0.0375 0.0

1735235633
0.9182311222361285 0.08176887776387151 0.0

1735235634
0.9283631820074969 0.07038733860891296 0.0008329862557267805

1735235635
0.9245518966235932 0.07503126302626094 0.0

1735235636
0.9190992493744787 0.08090075062552127 0.0

1735235637
0.9348547717842324 0.06514522821576764 0.0

1735235638
0.9384937238493724 0.06108786610878661 0.0

1735235639
0.9524603836530442 0.04670558798999166 0.0004170141784820684

1735235640
0.9521032902957102 0.04664723032069971 0.0008329862557267805

1735235641
0.9583333333333334 0.04125 0.0004166666666666667

1735235642
0.9366666666666666 0.060833333333333336 0.00125

1735235643
0.9479383590170762 0.05164514785506039 0.00041649312786339027

1735235644
0.9416423509795748 0.05794080867027928 0.0

1735235645
0.9203834931221342 0.07919966652771988 0.0

1735235646
0.9516465193830763 0.04835348061692372 0.0

1735235647
0.9516666666666667 0.04833333333333333 0.0

1735235648
0.9529362765514369 0.044148271553519365 0.0

1735235649
0.9620833333333333 0.0375 0.0004166666666666667

1735235650
0.9587155963302753 0.0408673894912427 0.0

1735235651
0.9408333333333333 0.056666666666666664 0.0008333333333333334

1735235652
0.9591496456857024 0.04043351396415173 0.0

1735235653
0.9630398671096345 0.03696013289036545 0.0

1735235654
0.9489966555183946 0.050585284280936456 0.0

1735235655
0.9353897457273864 0.06461025427261359 0.0

1735235656
0.9315068493150684 0.0684931506849315 0.0

1735235657
0.9325 0.0675 0.0

1735235658
0.9289000418235048 0.07109995817649518 0.0

1735235659
0.9516666666666667 0.04833333333333333 0.0

1735235660
0.9337223843268029 0.06627761567319716 0.0

1735235661
0.9391413088786995 0.05960817007086286 0.00041684035014589413

1735235662
0.9331117573743248 0.06398005816368924 0.0

1735235664
0.9392560877709393 0.057800374632057804 0.0002675943270002676

1735235667
0.7848508033664882 0.030145371078806427 0.05784238714613619

1735235668
0.8698915763135947 0.0896580483736447 0.03252710592160134

1735235669
0.9295833333333333 0.06875 0.0008333333333333334

1735235670
0.8966235931638182 0.10129220508545227 0.0008336807002917883

1735235671
0.9277177006260672 0.07029026750142288 0.0014228799089356858

1735235674
0.6847118590252421 0.03365613589458644 0.1474837275758057

1735235675
0.873589164785553 0.12390268372209681 0.0015048908954100827

1735235677
0.9235807860262009 0.07485963817841547 0.0009357454772301934

1735235678
0.9357798165137615 0.058798999165971644 0.0045871559633027525

1735235679
0.8946272386505623 0.044564764681382756 0.037067888379841735

1735235681
0.9402951191827469 0.055164585698070374 0.0004540295119182747

1735235682
0.9193954659949622 0.07884130982367758 0.0012594458438287153

1735235683
0.9161129568106312 0.05813953488372093 0.025332225913621262

1735235684
0.9153814089203834 0.08295122967903293 0.00041684035014589413

1735235685
0.9284219338635412 0.07074089577228966 0.0004185851820845542

1735235686
0.8640533778148457 0.13552960800667221 0.0

1735235687
0.9120833333333334 0.08666666666666667 0.0

1735235688
0.9241034195162635 0.07547956630525438 0.0

1735235689
0.908256880733945 0.09090909090909091 0.0

1735235690
0.9207139892071399 0.0784557907845579 0.0

1735235691
0.9292887029288703 0.07029288702928871 0.00041841004184100416

1735235692
0.915 0.08458333333333333 0.0

1735235693
0.921217173822426 0.07878282617757398 0.0

1735235694
0.9053377814845704 0.09424520433694746 0.0

1735235695
0.9203649937785151 0.0742430526752385 0.0

1735235696
0.9342546063651591 0.06365159128978225 0.0004187604690117253

1735235697
0.9291075896580484 0.06922435362802336 0.0

1735235698
0.9312213422259275 0.06669445602334306 0.00041684035014589413

1735235699
0.9278264497288277 0.07050479766374634 0.0

1735235700
0.9152754590984975 0.08347245409015025 0.0

1735235701
0.921634014172572 0.0779491454772822 0.0

1735235702
0.9115815691158157 0.08717310087173101 0.0

1735235703
0.9061190276613579 0.09178541492036882 0.0

1735235704
0.919449081803005 0.07971619365609349 0.0

1735235705
0.929137140475198 0.06877865777407254 0.00041684035014589413

1735235706
0.9253544620517098 0.0725604670558799 0.0

1735235707
0.93 0.06916666666666667 0.0

1735235708
0.927265170407315 0.07024106400665005 0.0012468827930174563

1735235709
0.9304857621440537 0.06700167504187604 0.0016750418760469012

1735235710
0.9395833333333333 0.06041666666666667 0.0

1735235711
0.9445139758030872 0.05465164789319983 0.0

1735235712
0.929612661391087 0.07038733860891296 0.0

1735235713
0.9310631229235881 0.06852159468438539 0.0

1735235714
0.9096234309623431 0.08912133891213389 0.0012552301255230125

1735235715
0.91324200913242 0.0859277708592777 0.0

1735235716
0.918648310387985 0.08010012515644556 0.0

1735235717
0.9280334728033472 0.07196652719665272 0.0

1735235718
0.8986655546288573 0.09841534612176814 0.0008340283569641367

1735235719
0.9266360983743226 0.07294706127553147 0.00041684035014589413

1735235720
0.9541666666666667 0.04541666666666667 0.0

1735235721
0.9395077179808093 0.05965790571547768 0.0

1735235722
0.9285417532197756 0.06979642708766098 0.0

1735235723
0.9088607594936708 0.09071729957805907 0.0

1735235724
0.9184940008274721 0.08109226313611916 0.0

1735235725
0.9236831190377437 0.07590211530485276 0.0

1735235726
0.9213389121338912 0.07782426778242678 0.0

1735235727
0.9056761268781303 0.09348914858096828 0.0

1735235728
0.8840519045625785 0.10841356215989954 0.0025115110925073253

1735235729
0.8978315262718932 0.10175145954962468 0.0

1735235730
0.8945833333333333 0.10333333333333333 0.0004166666666666667

1735235731
0.89375 0.10625 0.0

1735235732
0.89875 0.10125 0.0

1735235733
0.9242298084929226 0.0749375520399667 0.0

1735235734
0.9287203001250521 0.0712796998749479 0.0

1735235735
0.9286608260325406 0.06967042136003337 0.0

1735235736
0.8850478967097043 0.11286963765097877 0.0012494793835901709

1735235737
0.8847274240532668 0.10944652517686225 0.005409904286308781

1735235738
0.9003767266638761 0.09836751778987024 0.0008371703641691084

1735235739
0.8271553519366931 0.17284464806330696 0.0

1735235740
0.8833333333333333 0.11666666666666667 0.0

1735235741
0.9175 0.0825 0.0

1735235742
0.9244567092100724 0.07554329078992757 0.0

1735235744
0.9411903081627853 0.05128205128205128 0.007527640555163491

1735235746
0.9188506473002842 0.08114935269971582 0.0

1735235747
0.927634194831014 0.07236580516898608 0.0

1735235748
0.9139072847682119 0.08609271523178808 0.0

1735235749
0.9121706398996235 0.08782936010037641 0.0

1735235750
0.91625 0.08375 0.0

1735235751
0.9202988792029888 0.07970112079701121 0.0

1735235752
0.9326641572563781 0.06733584274362192 0.0

1735235753
0.9358065860775323 0.06419341392246769 0.0

1735235754
0.89375 0.10625 0.0

1735235755
0.9220833333333334 0.07791666666666666 0.0

1735235756
0.9283333333333333 0.07083333333333333 0.0008333333333333334

1735235757
0.9153627311522048 0.08428165007112376 0.0

1735235759
0.9197812215132178 0.08021877848678213 0.0

1735235760
0.9325 0.0675 0.0

1735235761
0.9145833333333333 0.08541666666666667 0.0

1735235762
0.9320550229262192 0.06794497707378074 0.0

1735235763
0.9258642232403166 0.07413577675968347 0.0

1735235764
0.9145477282200917 0.0854522717799083 0.0

1735235765
0.9191666666666667 0.08083333333333333 0.0

1735235766
0.9083333333333333 0.09166666666666666 0.0

1735235767
0.92125 0.07833333333333334 0.0

1735235768
0.9254166666666667 0.07458333333333333 0.0

1735235769
0.9254166666666667 0.07458333333333333 0.0

1735235770
0.9445833333333333 0.05541666666666667 0.0

1735235771
0.9452282157676348 0.054771784232365145 0.0

1735235772
0.9510255336961072 0.04897446630389284 0.0

1735235773
0.9304166666666667 0.06958333333333333 0.0

1735235774
0.9207139892071399 0.0792860107928601 0.0

1735235775
0.94375 0.05625 0.0

1735235776
0.9359832635983264 0.06401673640167364 0.0

1735235777
0.9414937759336099 0.05850622406639004 0.0

1735235778
0.9322175732217574 0.06778242677824267 0.0

1735235779
0.9183673469387755 0.08163265306122448 0.0

1735235780
0.9182992913714048 0.08170070862859524 0.0

1735235781
0.93125 0.06833333333333333 0.0

1735235782
0.9379425239483549 0.06205747605164515 0.0

1735235783
0.90875 0.09125 0.0

1735235784
0.9258333333333333 0.07375 0.0

1735235785
0.9278866194247604 0.06961233847436432 0.0

1735235786
0.9137859225322782 0.08621407746772178 0.0

1735235787
0.9333333333333333 0.06666666666666667 0.0

1735235788
0.9371095376926281 0.06247396917950854 0.0

1735235789
0.9395833333333333 0.06041666666666667 0.0

1735235790
0.9420591913297207 0.05794080867027928 0.0

1735235791
0.9398340248962656 0.06016597510373444 0.0

1735235792
0.9364016736401674 0.06359832635983263 0.0

1735235793
0.93375 0.06625 0.0

1735235794
0.932888703626511 0.06711129637348895 0.0

1735235795
0.9454166666666667 0.05458333333333333 0.0

1735235796
0.9333333333333333 0.06666666666666667 0.0

1735235797
0.9203834931221342 0.07919966652771988 0.00041684035014589413

1735235798
0.915 0.08375 0.00125

