1735234239
lo: 0 0 0 0
eth0: 120352481 1035882 0 0

1735234240
lo: 0 0 0 0
eth0: 135443993 1187465 15091512 151583

1735234241
lo: 0 0 0 0
eth0: 228780302 1776305 93336309 588840

1735234242
lo: 0 0 0 0
eth0: 327762158 2342070 98981856 565765

1735234243
lo: 0 0 0 0
eth0: 378804395 2862018 51042237 519948

1735234244
lo: 0 0 0 0
eth0: 401649661 3147311 22845266 285293

1735234245
lo: 0 0 0 0
eth0: 427587823 3324308 25938162 176997

1735234246
lo: 0 0 0 0
eth0: 433656293 3437351 6068470 113043

1735234247
lo: 0 0 0 0
eth0: 473651619 3791972 39995326 354621

1735234248
lo: 0 0 0 0
eth0: 522527955 4227184 48876336 435212

1735234249
lo: 0 0 0 0
eth0: 584572358 4704897 62044403 477713

1735234250
lo: 0 0 0 0
eth0: 624256955 5179296 39684597 474399

1735234251
lo: 0 0 0 0
eth0: 678680617 5630932 54423662 451636

1735234252
lo: 0 0 0 0
eth0: 706029010 5961916 27348393 330984

1735234253
lo: 0 0 0 0
eth0: 723635013 6210503 17606003 248587

1735234254
lo: 0 0 0 0
eth0: 796343624 6567625 72708611 357122

1735234255
lo: 0 0 0 0
eth0: 913155012 7117434 116811388 549809

1735234256
lo: 0 0 0 0
eth0: 1029599295 7644735 116444283 527301

1735234257
lo: 0 0 0 0
eth0: 1049032057 7810831 19432762 166096

1735234258
lo: 0 0 0 0
eth0: 1091484764 8101267 42452707 290436

1735234259
lo: 0 0 0 0
eth0: 1172162581 8567253 80677817 465986

1735234260
lo: 0 0 0 0
eth0: 1223008643 8917430 50846062 350177

1735234261
lo: 0 0 0 0
eth0: 1238245760 9133931 15237117 216501

1735234262
lo: 0 0 0 0
eth0: 1268205474 9498611 29959714 364680

1735234263
lo: 154 154 154 154
eth0: 1280561628 9709735 12356154 211124

1735234264
lo: 154 154 0 0
eth0: 1300872633 9959567 20311005 249832

1735234265
lo: 154 154 0 0
eth0: 1322838705 10222285 21966072 262718

1735234266
lo: 154 154 0 0
eth0: 1364548617 10597329 41709912 375044

1735234267
lo: 440 440 286 286
eth0: 1379074376 10878380 14525759 281051

1735234268
lo: 440 440 0 0
eth0: 1393594535 11110771 14520159 232391

1735234269
lo: 440 440 0 0
eth0: 1412519317 11396899 18924782 286128

1735234270
lo: 440 440 0 0
eth0: 1432624372 11677147 20105055 280248

1735234271
lo: 572 572 132 132
eth0: 1474344048 12065117 41719676 387970

1735234272
lo: 572 572 0 0
eth0: 1537583748 12643590 63239700 578473

1735234273
lo: 572 572 0 0
eth0: 1656777274 13286411 119193526 642821

1735234274
lo: 572 572 0 0
eth0: 1672742753 13571852 15965479 285441

1735234275
lo: 572 572 0 0
eth0: 1695419026 13892245 22676273 320393

1735234276
lo: 720 720 148 148
eth0: 1744887608 14346579 49468582 454334

1735234277
lo: 720 720 0 0
eth0: 1775052772 14669845 30165164 323266

1735234278
lo: 720 720 0 0
eth0: 1803319806 14988656 28267034 318811

1735234279
lo: 720 720 0 0
eth0: 1832573252 15309814 29253446 321158

1735234280
lo: 994 994 274 274
eth0: 1873481930 15674416 40908678 364602

1735234281
lo: 1057 1057 63 63
eth0: 1952729396 16195598 79247466 521182

1735234282
lo: 1057 1057 0 0
eth0: 1978218253 16493398 25488857 297800

1735234283
lo: 1057 1057 0 0
eth0: 1989298575 16708253 11080322 214855

1735234284
lo: 1120 1120 63 63
eth0: 2003065921 16941216 13767346 232963

1735234285
lo: 1120 1120 0 0
eth0: 2015143251 17153784 12077330 212568

1735234286
lo: 1120 1120 0 0
eth0: 2027371812 17379166 12228561 225382

1735234287
lo: 1120 1120 0 0
eth0: 2039415983 17593798 12044171 214632

1735234288
lo: 1120 1120 0 0
eth0: 2050393457 17807176 10977474 213378

1735234289
lo: 1120 1120 0 0
eth0: 2060983683 18029596 10590226 222420

1735234290
lo: 1120 1120 0 0
eth0: 2072075672 18246616 11091989 217020

1735234291
lo: 1120 1120 0 0
eth0: 2082961223 18453790 10885551 207174

1735234292
lo: 1120 1120 0 0
eth0: 2094153083 18674440 11191860 220650

1735234293
lo: 1120 1120 0 0
eth0: 2104267239 18859240 10114156 184800

1735234294
lo: 1120 1120 0 0
eth0: 2113445455 19032514 9178216 173274

1735234295
lo: 1120 1120 0 0
eth0: 2122740621 19199956 9295166 167442

1735234296
lo: 1120 1120 0 0
eth0: 2131026163 19348324 8285542 148368

1735234297
lo: 1120 1120 0 0
eth0: 2141079766 19528174 10053603 179850

1735234298
lo: 1120 1120 0 0
eth0: 2151790726 19718914 10710960 190740

1735234299
lo: 1120 1120 0 0
eth0: 2162418675 19918762 10627949 199848

1735234300
lo: 1120 1120 0 0
eth0: 2171514752 20072854 9096077 154092

1735234301
lo: 1120 1120 0 0
eth0: 2182799965 20245238 11285213 172384

1735234302
lo: 1120 1120 0 0
eth0: 2191876896 20395718 9076931 150480

1735234303
lo: 1120 1120 0 0
eth0: 2200241672 20518148 8364776 122430

1735234304
lo: 1120 1120 0 0
eth0: 2208819684 20656022 8578012 137874

1735234305
lo: 1120 1120 0 0
eth0: 2217659226 20800430 8839542 144408

1735234306
lo: 1120 1120 0 0
eth0: 2227781912 20959490 10122686 159060

1735234307
lo: 1120 1120 0 0
eth0: 2237208271 21091316 9426359 131826

1735234308
lo: 1120 1120 0 0
eth0: 2248370061 21231926 11161790 140610

1735234309
lo: 1120 1120 0 0
eth0: 2257212141 21374684 8842080 142758

1735234310
lo: 1120 1120 0 0
eth0: 2264297142 21490910 7085001 116226

1735234315
lo: 1120 1120 0 0
eth0: 2270043844 21625616 5746702 134706

1735234316
lo: 1120 1120 0 0
eth0: 2271386964 21652808 1343120 27192

1735234317
lo: 1120 1120 0 0
eth0: 2273883632 21693740 2496668 40932

1735234318
lo: 1120 1120 0 0
eth0: 2277561210 21743636 3677578 49896

1735234319
lo: 1120 1120 0 0
eth0: 2281340260 21797624 3779050 53988

1735234320
lo: 1120 1120 0 0
eth0: 2284983862 21844418 3643602 46794

1735234321
lo: 1120 1120 0 0
eth0: 2287683547 21888716 2699685 44298

1735234322
lo: 1120 1120 0 0
eth0: 2290538919 21936764 2855372 48048

1735234323
lo: 1120 1120 0 0
eth0: 2293353317 21980984 2814398 44220

1735234324
lo: 1120 1120 0 0
eth0: 2296369081 22028042 3015764 47058

1735234325
lo: 1120 1120 0 0
eth0: 2299528691 22074440 3159610 46398

1735234326
lo: 1120 1120 0 0
eth0: 2303327163 22134302 3798472 59862

1735234327
lo: 1120 1120 0 0
eth0: 2308019729 22208552 4692566 74250

1735234330
lo: 1120 1120 0 0
eth0: 2319444059 22397024 11424330 188472

1735234331
lo: 1120 1120 0 0
eth0: 2324517825 22478996 5073766 81972

1735234332
lo: 1120 1120 0 0
eth0: 2329197443 22546976 4679618 67980

1735234334
lo: 1120 1120 0 0
eth0: 2336567697 22623866 7370254 76890

1735234335
lo: 1120 1120 0 0
eth0: 2339879833 22673564 3312136 49698

1735234336
lo: 1120 1120 0 0
eth0: 2343524113 22728476 3644280 54912

1735234337
lo: 1120 1120 0 0
eth0: 2348916231 22803320 5392118 74844

1735234340
lo: 1120 1120 0 0
eth0: 2357105097 22874666 8188866 71346

1735234341
lo: 1120 1120 0 0
eth0: 2361104702 22924826 3999605 50160

1735234342
lo: 1120 1120 0 0
eth0: 2365217238 22971290 4112536 46464

1735234343
lo: 1120 1120 0 0
eth0: 2368880780 23001980 3663542 30690

1735234345
lo: 1120 1120 0 0
eth0: 2372973796 23040944 4093016 38964

1735234346
lo: 1120 1120 0 0
eth0: 2376944314 23085758 3970518 44814

1735234347
lo: 1120 1120 0 0
eth0: 2380855728 23110442 3911414 24684

1735234348
lo: 1120 1120 0 0
eth0: 2382735770 23129474 1880042 19032

1735234349
lo: 1120 1120 0 0
eth0: 2384995876 23158118 2260106 28644

1735234350
lo: 1120 1120 0 0
eth0: 2387492996 23185442 2497120 27324

1735234351
lo: 1120 1120 0 0
eth0: 2390312054 23217320 2819058 31878

1735234352
lo: 1120 1120 0 0
eth0: 2395458970 23259692 5146916 42372

1735234355
lo: 1120 1120 0 0
eth0: 2395458970 23259692 0 0

1735234356
lo: 1120 1120 0 0
eth0: 2399274388 23289590 3815418 29898

1735234357
lo: 1120 1120 0 0
eth0: 2401793686 23318366 2519298 28776

1735234361
lo: 1120 1120 0 0
eth0: 2417862956 23479538 16069270 161172

1735234362
lo: 1120 1120 0 0
eth0: 2420775804 23514254 2912848 34716

1735234363
lo: 1120 1120 0 0
eth0: 2424204300 23556362 3428496 42108

1735234364
lo: 1120 1120 0 0
eth0: 2427275962 23590220 3071662 33858

1735234365
lo: 1120 1120 0 0
eth0: 2430625734 23630018 3349772 39798

1735234366
lo: 1120 1120 0 0
eth0: 2433739058 23663414 3113324 33396

1735234367
lo: 1120 1120 0 0
eth0: 2436633788 23693576 2894730 30162

1735234371
lo: 1120 1120 0 0
eth0: 2442898522 23735618 6264734 42042

1735234372
lo: 1120 1120 0 0
eth0: 2448894008 23780300 5995486 44682

1735234373
lo: 1120 1120 0 0
eth0: 2452065210 23816204 3171202 35904

1735234374
lo: 1120 1120 0 0
eth0: 2455571052 23863394 3505842 47190

1735234375
lo: 1120 1120 0 0
eth0: 2458868358 23902532 3297306 39138

1735234378
lo: 1120 1120 0 0
eth0: 2464971440 23949368 6103082 46836

1735234381
lo: 1120 1120 0 0
eth0: 2473429872 24058664 8458432 109296

1735234383
lo: 1120 1120 0 0
eth0: 2478000558 24115136 4570686 56472

1735234385
lo: 1120 1120 0 0
eth0: 2483383068 24174140 5382510 59004

1735234386
lo: 1120 1120 0 0
eth0: 2487786578 24226742 4403510 52602

1735234387
lo: 1120 1120 0 0
eth0: 2491247590 24269180 3461012 42438

1735234388
lo: 1120 1120 0 0
eth0: 2494453210 24309770 3205620 40590

1735234390
lo: 1120 1120 0 0
eth0: 2498511735 24332150 4058525 22380

1735234391
lo: 1120 1120 0 0
eth0: 2502519674 24343502 4007939 11352

1735234393
lo: 1120 1120 0 0
eth0: 2505740352 24353534 3220678 10032

1735234394
lo: 1120 1120 0 0
eth0: 2507780742 24375776 2040390 22242

1735234395
lo: 1120 1120 0 0
eth0: 2509652648 24404024 1871906 28248

1735234396
lo: 1120 1120 0 0
eth0: 2511902102 24433196 2249454 29172

1735234397
lo: 1120 1120 0 0
eth0: 2514009970 24462698 2107868 29502

1735234398
lo: 1120 1120 0 0
eth0: 2516480250 24497546 2470280 34848

1735234401
lo: 1120 1120 0 0
eth0: 2522550082 24548762 6069832 51216

1735234402
lo: 1120 1120 0 0
eth0: 2525670465 24591314 3120383 42552

1735234403
lo: 1120 1120 0 0
eth0: 2529996922 24644954 4326457 53640

1735234404
lo: 1120 1120 0 0
eth0: 2538773556 24700142 8776634 55188

1735234405
lo: 1120 1120 0 0
eth0: 2540009032 24720536 1235476 20394

1735234406
lo: 1120 1120 0 0
eth0: 2543029845 24766116 3020813 45580

1735234407
lo: 1120 1120 0 0
eth0: 2545172894 24797267 2143049 31151

1735234408
lo: 1120 1120 0 0
eth0: 2548594405 24887027 3421511 89760

1735234414
lo: 1120 1120 0 0
eth0: 2562227241 24958305 13632836 71278

1735234415
lo: 1120 1120 0 0
eth0: 2588771046 25054715 26543805 96410

1735234416
lo: 1120 1120 0 0
eth0: 2595210788 25136259 6439742 81544

1735234418
lo: 1120 1120 0 0
eth0: 2607591912 25315317 12381124 179058

1735234419
lo: 1120 1120 0 0
eth0: 2612657567 25384023 5065655 68706

1735234421
lo: 1120 1120 0 0
eth0: 2620872917 25497213 8215350 113190

1735234422
lo: 1120 1120 0 0
eth0: 2625584424 25550136 4711507 52923

1735234423
lo: 1120 1120 0 0
eth0: 2630545894 25623373 4961470 73237

1735234424
lo: 1120 1120 0 0
eth0: 2637366309 25716538 6820415 93165

1735234425
lo: 1120 1120 0 0
eth0: 2643227329 25805924 5861020 89386

1735234426
lo: 1120 1120 0 0
eth0: 2648269074 25887383 5041745 81459

1735234430
lo: 1120 1120 0 0
eth0: 2653070653 25925291 4801579 37908

1735234431
lo: 1120 1120 0 0
eth0: 2664038963 26019092 10968310 93801

1735234432
lo: 1120 1120 0 0
eth0: 2669249526 26060570 5210563 41478

1735234433
lo: 1120 1120 0 0
eth0: 2674494632 26138856 5245106 78286

1735234434
lo: 1120 1120 0 0
eth0: 2679687477 26216114 5192845 77258

1735234435
lo: 1120 1120 0 0
eth0: 2684553154 26285333 4865677 69219

1735234439
lo: 1120 1120 0 0
eth0: 2699989717 26474723 15436563 189390

1735234441
lo: 1120 1120 0 0
eth0: 2705246788 26548879 5257071 74156

1735234442
lo: 1120 1120 0 0
eth0: 2711146292 26637552 5899504 88673

1735234443
lo: 1120 1120 0 0
eth0: 2718197941 26715872 7051649 78320

1735234444
lo: 1120 1120 0 0
eth0: 2724782602 26804786 6584661 88914

1735234445
lo: 1120 1120 0 0
eth0: 2729694524 26869832 4911922 65046

1735234446
lo: 1120 1120 0 0
eth0: 2735498812 26941163 5804288 71331

1735234447
lo: 1120 1120 0 0
eth0: 2741746260 27022621 6247448 81458

1735234448
lo: 1120 1120 0 0
eth0: 2748592095 27116054 6845835 93433

1735234452
lo: 1120 1120 0 0
eth0: 2753807529 27145946 5215434 29892

1735234453
lo: 1120 1120 0 0
eth0: 2763416672 27224956 9609143 79010

1735234454
lo: 1120 1120 0 0
eth0: 2774356724 27335242 10940052 110286

1735234455
lo: 1120 1120 0 0
eth0: 2784037670 27455362 9680946 120120

1735234456
lo: 1120 1120 0 0
eth0: 2787834532 27517930 3796862 62568

1735234458
lo: 1120 1120 0 0
eth0: 2797237480 27636226 9402948 118296

1735234459
lo: 1120 1120 0 0
eth0: 2801078465 27690802 3840985 54576

1735234461
lo: 1120 1120 0 0
eth0: 2806246265 27749566 5167800 58764

1735234462
lo: 1120 1120 0 0
eth0: 2810368383 27795436 4122118 45870

1735234463
lo: 1120 1120 0 0
eth0: 2814224633 27849556 3856250 54120

1735234464
lo: 1120 1120 0 0
eth0: 2817894265 27901828 3669632 52272

1735234469
lo: 1120 1120 0 0
eth0: 2837061565 28136302 19167300 234474

1735234470
lo: 1120 1120 0 0
eth0: 2843962541 28210212 6900976 73910

1735234471
lo: 1120 1120 0 0
eth0: 2848720975 28267302 4758434 57090

1735234473
lo: 1120 1120 0 0
eth0: 2857887441 28376598 9166466 109296

1735234475
lo: 1120 1120 0 0
eth0: 2866861163 28490844 8973722 114246

1735234478
lo: 1120 1120 0 0
eth0: 2873327751 28535988 6466588 45144

1735234479
lo: 1120 1120 0 0
eth0: 2881554270 28599788 8226519 63800

1735234480
lo: 1120 1120 0 0
eth0: 2885581417 28663751 4027147 63963

1735234484
lo: 1120 1120 0 0
eth0: 2892978624 28731401 7397207 67650

1735234485
lo: 1120 1120 0 0
eth0: 2900373824 28769021 7395200 37620

1735234486
lo: 1120 1120 0 0
eth0: 2903896866 28820039 3523042 51018

1735234487
lo: 1120 1120 0 0
eth0: 2908081330 28871783 4184464 51744

1735234489
lo: 1120 1120 0 0
eth0: 2915055830 28952699 6974500 80916

1735234490
lo: 1120 1120 0 0
eth0: 2921749291 29047594 6693461 94895

1735234494
lo: 1120 1120 0 0
eth0: 2925384977 29061524 3635686 13930

1735234495
lo: 1120 1120 0 0
eth0: 2933830397 29136339 8445420 74815

1735234496
lo: 1120 1120 0 0
eth0: 2940306667 29172111 6476270 35772

1735234499
lo: 1120 1120 0 0
eth0: 2943085947 29182407 2779280 10296

1735234500
lo: 1120 1120 0 0
eth0: 2947803553 29235867 4717606 53460

1735234501
lo: 1120 1120 0 0
eth0: 2952570389 29279031 4766836 43164

1735234502
lo: 1120 1120 0 0
eth0: 2954798031 29310249 2227642 31218

1735234503
lo: 1120 1120 0 0
eth0: 2959085809 29375061 4287778 64812

1735234504
lo: 1120 1120 0 0
eth0: 2964047027 29456109 4961218 81048

1735234505
lo: 1120 1120 0 0
eth0: 2969261598 29539048 5214571 82939

1735234508
lo: 1120 1120 0 0
eth0: 2976892549 29593114 7630951 54066

1735234509
lo: 1120 1120 0 0
eth0: 2983649606 29649580 6757057 56466

1735234510
lo: 1120 1120 0 0
eth0: 2988490157 29721497 4840551 71917

1735234511
lo: 1120 1120 0 0
eth0: 2994964574 29786807 6474417 65310

1735234512
lo: 1120 1120 0 0
eth0: 2998864517 29820405 3899943 33598

1735234513
lo: 1120 1120 0 0
eth0: 3007526882 29933872 8662365 113467

1735234514
lo: 1120 1120 0 0
eth0: 3015967447 30040000 8440565 106128

1735234517
lo: 1120 1120 0 0
eth0: 3025696543 30168222 9729096 128222

1735234518
lo: 1120 1120 0 0
eth0: 3030298041 30227517 4601498 59295

1735234519
lo: 1120 1120 0 0
eth0: 3038434202 30312098 8136161 84581

1735234520
lo: 1120 1120 0 0
eth0: 3049749412 30400396 11315210 88298

1735234522
lo: 1120 1120 0 0
eth0: 3058253027 30466177 8503615 65781

1735234523
lo: 1120 1120 0 0
eth0: 3066396058 30567663 8143031 101486

1735234524
lo: 1120 1120 0 0
eth0: 3076373616 30657963 9977558 90300

1735234527
lo: 1120 1120 0 0
eth0: 3082413568 30698553 6039952 40590

1735234528
lo: 1120 1120 0 0
eth0: 3086903631 30734171 4490063 35618

1735234529
lo: 1120 1120 0 0
eth0: 3092435797 30785210 5532166 51039

1735234531
lo: 1120 1120 0 0
eth0: 3100771976 30844008 8336179 58798

1735234532
lo: 1120 1120 0 0
eth0: 3105037000 30887035 4265024 43027

1735234533
lo: 1120 1120 0 0
eth0: 3110817940 30954223 5780940 67188

1735234534
lo: 1120 1120 0 0
eth0: 3115722895 31024629 4904955 70406

1735234535
lo: 1120 1120 0 0
eth0: 3127518837 31086339 11795942 61710

1735234536
lo: 1120 1120 0 0
eth0: 3143517743 31166023 15998906 79684

1735234537
lo: 1120 1120 0 0
eth0: 3160076051 31261542 16558308 95519

1735234538
lo: 1120 1120 0 0
eth0: 3180186844 31380902 20110793 119360

1735234539
lo: 1120 1120 0 0
eth0: 3189071431 31472774 8884587 91872

1735234542
lo: 1120 1120 0 0
eth0: 3198636157 31586756 9564726 113982

1735234543
lo: 1120 1120 0 0
eth0: 3206930744 31686418 8294587 99662

1735234545
lo: 1120 1120 0 0
eth0: 3214310247 31779921 7379503 93503

1735234546
lo: 1120 1120 0 0
eth0: 3219137007 31802229 4826760 22308

1735234547
lo: 1120 1120 0 0
eth0: 3223902009 31865702 4765002 63473

1735234548
lo: 1120 1120 0 0
eth0: 3227739967 31926290 3837958 60588

1735234549
lo: 1120 1120 0 0
eth0: 3233007878 32270274 5267911 343984

1735234554
lo: 1120 1120 0 0
eth0: 3249391033 32345778 16383155 75504

1735234555
lo: 1120 1120 0 0
eth0: 3266438290 32485647 17047257 139869

1735234557
lo: 1120 1120 0 0
eth0: 3282352283 32616710 15913993 131063

1735234558
lo: 1120 1120 0 0
eth0: 3295061370 32738684 12709087 121974

1735234559
lo: 1120 1120 0 0
eth0: 3305675429 32906258 10614059 167574

1735234560
lo: 1120 1120 0 0
eth0: 3316407060 33057265 10731631 151007

1735234561
lo: 1120 1120 0 0
eth0: 3326741835 33210723 10334775 153458

1735234562
lo: 1120 1120 0 0
eth0: 3336229070 33358333 9487235 147610

1735234568
lo: 1120 1120 0 0
eth0: 3351972917 33502749 15743847 144416

1735234570
lo: 1120 1120 0 0
eth0: 3368105064 33585579 16132147 82830

1735234571
lo: 1120 1120 0 0
eth0: 3375765157 33633099 7660093 47520

1735234572
lo: 1120 1120 0 0
eth0: 3385490111 33742287 9724954 109188

1735234574
lo: 1120 1120 0 0
eth0: 3398879769 33928761 13389658 186474

1735234575
lo: 1120 1120 0 0
eth0: 3406873365 34047495 7993596 118734

1735234576
lo: 1120 1120 0 0
eth0: 3417205900 34205225 10332535 157730

1735234578
lo: 1120 1120 0 0
eth0: 3436328605 34492551 19122705 287326

1735234580
lo: 1120 1120 0 0
eth0: 3451613980 34707051 15285375 214500

1735234584
lo: 1120 1120 0 0
eth0: 3470021550 34889541 18407570 182490

1735234585
lo: 1120 1120 0 0
eth0: 3481146280 34996162 11124730 106621

1735234586
lo: 1120 1120 0 0
eth0: 3487108250 35116098 5961970 119936

1735234587
lo: 1120 1120 0 0
eth0: 3496437081 35266906 9328831 150808

1735234588
lo: 1120 1120 0 0
eth0: 3507138250 35349199 10701169 82293

1735234589
lo: 1120 1120 0 0
eth0: 3511582316 35408731 4444066 59532

1735234594
lo: 1120 1120 0 0
eth0: 3537882410 35721835 26300094 313104

1735234596
lo: 1120 1120 0 0
eth0: 3543560464 35760997 5678054 39162

1735234597
lo: 1120 1120 0 0
eth0: 3558588949 35926293 15028485 165296

1735234599
lo: 1120 1120 0 0
eth0: 3569170819 36086343 10581870 160050

1735234600
lo: 1120 1120 0 0
eth0: 3578205794 36229528 9034975 143185

1735234601
lo: 1120 1120 0 0
eth0: 3589426298 36390670 11220504 161142

1735234602
lo: 1120 1120 0 0
eth0: 3606715370 36499320 17289072 108650

1735234603
lo: 1120 1120 0 0
eth0: 3616800887 36591823 10085517 92503

1735234606
lo: 1120 1120 0 0
eth0: 3637460972 36731931 20660085 140108

1735234607
lo: 1120 1120 0 0
eth0: 3649542018 36787525 12081046 55594

1735234608
lo: 1120 1120 0 0
eth0: 3660739932 36851623 11197914 64098

1735234609
lo: 1120 1120 0 0
eth0: 3668957222 36897373 8217290 45750

1735234610
lo: 1120 1120 0 0
eth0: 3682753403 36974230 13796181 76857

1735234611
lo: 1120 1120 0 0
eth0: 3694382412 37091993 11629009 117763

1735234612
lo: 1120 1120 0 0
eth0: 3707357933 37252881 12975521 160888

1735234613
lo: 1120 1120 0 0
eth0: 3723061158 37449557 15703225 196676

1735234619
lo: 1120 1120 0 0
eth0: 3750170150 37679039 27108992 229482

1735234620
lo: 1120 1120 0 0
eth0: 3772471361 37759493 22301211 80454

1735234626
lo: 1120 1120 0 0
eth0: 3772482631 37759559 11270 66

1735234628
lo: 1120 1120 0 0
eth0: 3792858481 37826177 20375850 66618

1735234629
lo: 1120 1120 0 0
eth0: 3807492539 38012099 14634058 185922

1735234634
lo: 1120 1120 0 0
eth0: 3839354454 38361173 31861915 349074

1735234635
lo: 1120 1120 0 0
eth0: 3858303031 38489381 18948577 128208

1735234636
lo: 1120 1120 0 0
eth0: 3876774489 38654091 18471458 164710

1735234637
lo: 1120 1120 0 0
eth0: 3899127026 38891688 22352537 237597

1735234638
lo: 1120 1120 0 0
eth0: 3918009510 39083880 18882484 192192

1735234639
lo: 1120 1120 0 0
eth0: 3926103766 39189414 8094256 105534

1735234643
lo: 1120 1120 0 0
eth0: 3935360026 39221622 9256260 32208

1735234644
lo: 1120 1120 0 0
eth0: 3948122278 39309798 12762252 88176

1735234649
lo: 1120 1120 0 0
eth0: 3961555152 39404352 13432874 94554

1735234650
lo: 1120 1120 0 0
eth0: 3972867342 39502696 11312190 98344

1735234651
lo: 1120 1120 0 0
eth0: 3979002140 39591730 6134798 89034

1735234653
lo: 1120 1120 0 0
eth0: 3988027694 39728944 9025554 137214

1735234657
lo: 1120 1120 0 0
eth0: 4008540522 39929254 20512828 200310

1735234658
lo: 1120 1120 0 0
eth0: 4016178642 39991516 7638120 62262

1735234659
lo: 1120 1120 0 0
eth0: 4022602892 40078900 6424250 87384

1735234660
lo: 1120 1120 0 0
eth0: 4027760660 40122460 5157768 43560

1735234661
lo: 1120 1120 0 0
eth0: 4034493338 40195981 6732678 73521

1735234662
lo: 1120 1120 0 0
eth0: 4043271884 40371808 8778546 175827

1735234663
lo: 1120 1120 0 0
eth0: 4058994375 40550294 15722491 178486

1735234667
lo: 1120 1120 0 0
eth0: 4073484600 40595636 14490225 45342

1735234668
lo: 1120 1120 0 0
eth0: 4087058638 40706383 13574038 110747

1735234672
lo: 1120 1120 0 0
eth0: 4110641801 40885993 23583163 179610

1735234675
lo: 1120 1120 0 0
eth0: 4133773698 41164579 23131897 278586

1735234679
lo: 1120 1120 0 0
eth0: 4166118182 41615251 32344484 450672

1735234680
lo: 1120 1120 0 0
eth0: 4176204414 41755699 10086232 140448

1735234681
lo: 1120 1120 0 0
eth0: 4187538465 41923541 11334051 167842

1735234682
lo: 1120 1120 0 0
eth0: 4194502405 41984718 6963940 61177

1735234685
lo: 1120 1120 0 0
eth0: 4216628503 42216048 22126098 231330

1735234686
lo: 1120 1120 0 0
eth0: 4224457755 42332400 7829252 116352

1735234687
lo: 1120 1120 0 0
eth0: 4232860600 42459206 8402845 126806

1735234688
lo: 1120 1120 0 0
eth0: 4245026562 42640515 12165962 181309

1735234689
lo: 1331 1331 211 211
eth0: 4265204808 42912752 20178246 272237

1735234690
lo: 1331 1331 0 0
eth0: 4295515266 43220462 30310458 307710

1735234694
lo: 1605 1605 274 274
eth0: 4306266054 43244223 10750788 23761

1735234695
lo: 1605 1605 0 0
eth0: 4329403949 43420259 23137895 176036

1735234696
lo: 1605 1605 0 0
eth0: 4342672916 43574147 13268967 153888

1735234697
lo: 1668 1668 63 63
eth0: 4353416432 43722581 10743516 148434

1735234698
lo: 1668 1668 0 0
eth0: 4365250028 43896163 11833596 173582

1735234699
lo: 1810 1810 142 142
eth0: 4379073749 44106833 13823721 210670

1735234700
lo: 1810 1810 0 0
eth0: 4393241948 44321137 14168199 214304

1735234701
lo: 1810 1810 0 0
eth0: 4407891282 44527839 14649334 206702

1735234702
lo: 2072 2072 262 262
eth0: 4432059398 44800826 24168116 272987

1735234705
lo: 2072 2072 0 0
eth0: 4446887471 44850430 14828073 49604

1735234706
lo: 2192 2192 120 120
eth0: 4469592248 45051952 22704777 201522

1735234708
lo: 2192 2192 0 0
eth0: 4472903844 45069838 3311596 17886

1735234709
lo: 2192 2192 0 0
eth0: 4510912165 45483255 38008321 413417

1735234710
lo: 2192 2192 0 0
eth0: 4559446661 45980829 48534496 497574

1735234712
lo: 2192 2192 0 0
eth0: 4577760296 46124156 18313635 143327

1735234713
lo: 2192 2192 0 0
eth0: 4588938681 46347360 11178385 223204

1735234714
lo: 2192 2192 0 0
eth0: 4601426960 46534840 12488279 187480

1735234716
lo: 2192 2192 0 0
eth0: 4617311624 46768695 15884664 233855

1735234717
lo: 2192 2192 0 0
eth0: 4635770634 46993360 18459010 224665

1735234719
lo: 2192 2192 0 0
eth0: 4667483765 47252452 31713131 259092

1735234720
lo: 2192 2192 0 0
eth0: 4680402693 47295674 12918928 43222

1735234721
lo: 2192 2192 0 0
eth0: 4689700759 47344706 9298066 49032

1735234722
lo: 2192 2192 0 0
eth0: 4700482472 47427217 10781713 82511

1735234724
lo: 2192 2192 0 0
eth0: 4715038390 47580004 14555918 152787

1735234725
lo: 2192 2192 0 0
eth0: 4724890459 47720702 9852069 140698

1735234726
lo: 2192 2192 0 0
eth0: 4735487866 47898336 10597407 177634

1735234728
lo: 2192 2192 0 0
eth0: 4741621492 47936137 6133626 37801

1735234729
lo: 2192 2192 0 0
eth0: 4747821742 48013901 6200250 77764

1735234731
lo: 2192 2192 0 0
eth0: 4758978273 48190066 11156531 176165

1735234732
lo: 2192 2192 0 0
eth0: 4763732718 48270770 4754445 80704

1735234733
lo: 2192 2192 0 0
eth0: 4770752074 48377210 7019356 106440

1735234734
lo: 2192 2192 0 0
eth0: 4779772684 48526003 9020610 148793

1735234735
lo: 2192 2192 0 0
eth0: 4788037306 48665037 8264622 139034

1735234736
lo: 2192 2192 0 0
eth0: 4798004875 48822957 9967569 157920

1735234738
lo: 2192 2192 0 0
eth0: 4807390137 48918789 9385262 95832

1735234739
lo: 2192 2192 0 0
eth0: 4811467259 48936912 4077122 18123

1735234740
lo: 2192 2192 0 0
eth0: 4818234461 48995249 6767202 58337

1735234741
lo: 2192 2192 0 0
eth0: 4825604179 49092243 7369718 96994

1735234744
lo: 2192 2192 0 0
eth0: 4841149278 49409835 15545099 317592

1735234745
lo: 2192 2192 0 0
eth0: 4852379222 49477509 11229944 67674

1735234746
lo: 2192 2192 0 0
eth0: 4862792063 49575915 10412841 98406

1735234748
lo: 2192 2192 0 0
eth0: 4897735891 49957644 34943828 381729

1735234749
lo: 2192 2192 0 0
eth0: 4913867811 50139624 16131920 181980

1735234750
lo: 2192 2192 0 0
eth0: 4936521566 50358333 22653755 218709

1735234751
lo: 2192 2192 0 0
eth0: 4957995202 50530784 21473636 172451

1735234752
lo: 2192 2192 0 0
eth0: 4977148008 50724043 19152806 193259

1735234753
lo: 2192 2192 0 0
eth0: 4990866423 50931042 13718415 206999

1735234757
lo: 2192 2192 0 0
eth0: 5008841573 51062897 17975150 131855

1735234758
lo: 2192 2192 0 0
eth0: 5015551539 51124121 6709966 61224

1735234759
lo: 2192 2192 0 0
eth0: 5021009133 51213731 5457594 89610

1735234760
lo: 2192 2192 0 0
eth0: 5026997121 51278633 5987988 64902

1735234762
lo: 2192 2192 0 0
eth0: 5038700254 51401553 11703133 122920

1735234763
lo: 2192 2192 0 0
eth0: 5042848222 51468053 4147968 66500

1735234765
lo: 2192 2192 0 0
eth0: 5047196988 51503306 4348766 35253

1735234766
lo: 2192 2192 0 0
eth0: 5051443692 51549421 4246704 46115

1735234767
lo: 2192 2192 0 0
eth0: 5055780855 51602074 4337163 52653

1735234771
lo: 2192 2192 0 0
eth0: 5073978173 51741018 18197318 138944

1735234772
lo: 2192 2192 0 0
eth0: 5081221332 51799217 7243159 58199

1735234773
lo: 2192 2192 0 0
eth0: 5086044202 51845747 4822870 46530

1735234774
lo: 2192 2192 0 0
eth0: 5092682384 52113796 6638182 268049

1735234776
lo: 2192 2192 0 0
eth0: 5100587674 52197241 7905290 83445

1735234777
lo: 2192 2192 0 0
eth0: 5125451306 52383930 24863632 186689

1735234778
lo: 2192 2192 0 0
eth0: 5160362010 52616647 34910704 232717

1735234779
lo: 2192 2192 0 0
eth0: 5180756372 52696812 20394362 80165

1735234785
lo: 2192 2192 0 0
eth0: 5196150618 52833156 15394246 136344

1735234786
lo: 2192 2192 0 0
eth0: 5206207648 52913897 10057030 80741

1735234787
lo: 2192 2192 0 0
eth0: 5213459247 52961502 7251599 47605

1735234792
lo: 2192 2192 0 0
eth0: 5213636966 52963416 177719 1914

1735234797
lo: 2192 2192 0 0
eth0: 5217412075 52985570 3775109 22154

1735234798
lo: 2192 2192 0 0
eth0: 5225559689 53019459 8147614 33889

1735234800
lo: 2192 2192 0 0
eth0: 5225772297 53021175 212608 1716

1735234801
lo: 2192 2192 0 0
eth0: 5231538945 53108019 5766648 86844

1735234802
lo: 2192 2192 0 0
eth0: 5240754790 53208851 9215845 100832

1735234803
lo: 2192 2192 0 0
eth0: 5244226756 53251404 3471966 42553

1735234804
lo: 2192 2192 0 0
eth0: 5249924673 53329521 5697917 78117

1735234806
lo: 2192 2192 0 0
eth0: 5258284611 53422827 8359938 93306

1735234811
lo: 2192 2192 0 0
eth0: 5272212633 53532783 13928022 109956

1735234812
lo: 2192 2192 0 0
eth0: 5285226226 53707606 13013593 174823

1735234816
lo: 2192 2192 0 0
eth0: 5367510324 54033187 82284098 325581

1735234817
lo: 2192 2192 0 0
eth0: 5391918540 54093707 24408216 60520

1735234820
lo: 2192 2192 0 0
eth0: 5396477450 54131400 4558910 37693

1735234821
lo: 2192 2192 0 0
eth0: 5398599760 54144735 2122310 13335

1735234822
lo: 2192 2192 0 0
eth0: 5402510904 54184846 3911144 40111

1735234823
lo: 2192 2192 0 0
eth0: 5406084432 54211972 3573528 27126

1735234825
lo: 2192 2192 0 0
eth0: 5410504952 54254806 4420520 42834

1735234826
lo: 2192 2192 0 0
eth0: 5416055454 54324248 5550502 69442

1735234827
lo: 2192 2192 0 0
eth0: 5422059327 56216582 6003873 1892334

1735234828
lo: 2192 2192 0 0
eth0: 5427075504 57085985 5016177 869403

1735234829
lo: 2192 2192 0 0
eth0: 5430141116 57138462 3065612 52477

1735234830
lo: 2192 2192 0 0
eth0: 5433352532 57183954 3211416 45492

1735234831
lo: 2192 2192 0 0
eth0: 5436482875 57198936 3130343 14982

1735234833
lo: 2192 2192 0 0
eth0: 5442203805 57211670 5720930 12734

1735234836
lo: 2192 2192 0 0
eth0: 5443469147 57225464 1265342 13794

1735234837
lo: 2192 2192 0 0
eth0: 5447983002 57277505 4513855 52041

1735234838
lo: 2192 2192 0 0
eth0: 5452382391 57314178 4399389 36673

1735234839
lo: 2192 2192 0 0
eth0: 5456968316 57359872 4585925 45694

1735234841
lo: 2192 2192 0 0
eth0: 5463716673 57400176 6748357 40304

1735234842
lo: 2192 2192 0 0
eth0: 5469205826 57432925 5489153 32749

1735234843
lo: 2192 2192 0 0
eth0: 5472389284 57447481 3183458 14556

1735234844
lo: 2192 2192 0 0
eth0: 5476923121 57468971 4533837 21490

1735234845
lo: 2192 2192 0 0
eth0: 5480598620 57490020 3675499 21049

1735234846
lo: 2192 2192 0 0
eth0: 5489428584 57519124 8829964 29104

1735234851
lo: 2192 2192 0 0
eth0: 5519098534 57729042 29669950 209918

1735234852
lo: 2192 2192 0 0
eth0: 5530900203 57834099 11801669 105057

1735234853
lo: 2192 2192 0 0
eth0: 5547114884 57974306 16214681 140207

1735234854
lo: 2192 2192 0 0
eth0: 5563048699 58108604 15933815 134298

1735234855
lo: 2192 2192 0 0
eth0: 5580835762 58306317 17787063 197713

1735234856
lo: 2192 2192 0 0
eth0: 5599109778 58446393 18274016 140076

1735234861
lo: 2192 2192 0 0
eth0: 5670181088 58755404 71071310 309011

1735234862
lo: 2192 2192 0 0
eth0: 5707542195 58979174 37361107 223770

1735234863
lo: 2192 2192 0 0
eth0: 5742042743 59211798 34500548 232624

1735234865
lo: 2192 2192 0 0
eth0: 5742066175 59211996 23432 198

1735234866
lo: 2192 2192 0 0
eth0: 5752471280 59265750 10405105 53754

1735234868
lo: 2192 2192 0 0
eth0: 5799156343 59515153 46685063 249403

1735234869
lo: 2192 2192 0 0
eth0: 5847589132 59716309 48432789 201156

1735234870
lo: 2192 2192 0 0
eth0: 5887146996 59913801 39557864 197492

1735234875
lo: 2192 2192 0 0
eth0: 5887169354 59914461 22358 660

1735234876
lo: 2192 2192 0 0
eth0: 5928720886 60137784 41551532 223323

1735234877
lo: 2192 2192 0 0
eth0: 5967998884 60466435 39277998 328651

1735234878
lo: 2192 2192 0 0
eth0: 6018046085 60748636 50047201 282201

1735234879
lo: 2192 2192 0 0
eth0: 6073722535 61122386 55676450 373750

1735234880
lo: 2192 2192 0 0
eth0: 6118409966 61310476 44687431 188090

1735234886
lo: 2192 2192 0 0
eth0: 6118409966 61310542 0 66

1735234887
lo: 2192 2192 0 0
eth0: 6130120979 61353574 11711013 43032

1735234888
lo: 2192 2192 0 0
eth0: 6184629929 61559476 54508950 205902

1735234896
lo: 2192 2192 0 0
eth0: 6234833112 61884592 50203183 325116

1735234897
lo: 2192 2192 0 0
eth0: 6287257303 62113556 52424191 228964

1735234898
lo: 2192 2192 0 0
eth0: 6309777502 62262973 22520199 149417

1735234904
lo: 2192 2192 0 0
eth0: 6317960883 62315881 8183381 52908

1735234906
lo: 2192 2192 0 0
eth0: 6339124693 62482613 21163810 166732

1735234907
lo: 2192 2192 0 0
eth0: 6347328151 62597720 8203458 115107

1735234910
lo: 2192 2192 0 0
eth0: 6361801699 62768392 14473548 170672

1735234911
lo: 2192 2192 0 0
eth0: 6368366156 62831087 6564457 62695

1735234912
lo: 2192 2192 0 0
eth0: 6373634346 62890701 5268190 59614

1735234914
lo: 2192 2192 0 0
eth0: 6385830207 62987210 12195861 96509

1735234915
lo: 2192 2192 0 0
eth0: 6389942422 63038299 4112215 51089

1735234918
lo: 2192 2192 0 0
eth0: 6397545157 63089956 7602735 51657

1735234920
lo: 2192 2192 0 0
eth0: 6453010722 63308971 55465565 219015

1735234921
lo: 2192 2192 0 0
eth0: 6458369841 63340064 5359119 31093

1735234922
lo: 2192 2192 0 0
eth0: 6458371421 63340196 1580 132

1735234924
lo: 2192 2192 0 0
eth0: 6468106589 63457912 9735168 117716

1735234927
lo: 2192 2192 0 0
eth0: 6474284981 63497520 6178392 39608

1735234928
lo: 2192 2192 0 0
eth0: 6483346401 63606928 9061420 109408

1735234929
lo: 2192 2192 0 0
eth0: 6487627800 63657583 4281399 50655

1735234930
lo: 2192 2192 0 0
eth0: 6491651375 63742455 4023575 84872

1735234931
lo: 2192 2192 0 0
eth0: 6502410955 63882560 10759580 140105

1735234937
lo: 2192 2192 0 0
eth0: 6509011012 63929728 6600057 47168

1735234939
lo: 2192 2192 0 0
eth0: 6524427525 64061978 15416513 132250

1735234940
lo: 2192 2192 0 0
eth0: 6532647056 64156749 8219531 94771

1735234941
lo: 2192 2192 0 0
eth0: 6539294852 64429506 6647796 272757

1735234942
lo: 2192 2192 0 0
eth0: 6557563074 64629926 18268222 200420

1735234943
lo: 2192 2192 0 0
eth0: 6565681318 64694586 8118244 64660

1735234945
lo: 2192 2192 0 0
eth0: 6574335684 64730251 8654366 35665

1735234946
lo: 2192 2192 0 0
eth0: 6586562465 64861491 12226781 131240

1735234947
lo: 2192 2192 0 0
eth0: 6595068952 64982365 8506487 120874

1735234949
lo: 2192 2192 0 0
eth0: 6606138769 65145865 11069817 163500

1735234951
lo: 2192 2192 0 0
eth0: 6614769849 65181344 8631080 35479

1735234952
lo: 2192 2192 0 0
eth0: 6635751342 65355107 20981493 173763

1735234953
lo: 2192 2192 0 0
eth0: 6653886431 65545547 18135089 190440

1735234957
lo: 2192 2192 0 0
eth0: 6671889156 65709816 18002725 164269

1735234959
lo: 2192 2192 0 0
eth0: 6694757006 65836494 22867850 126678

1735234960
lo: 2192 2192 0 0
eth0: 6729412427 66008466 34655421 171972

1735234961
lo: 2192 2192 0 0
eth0: 6729997869 66017014 585442 8548

1735234963
lo: 2192 2192 0 0
eth0: 6742031483 66151699 12033614 134685

1735234965
lo: 2192 2192 0 0
eth0: 6757363736 66367381 15332253 215682

1735234966
lo: 2192 2192 0 0
eth0: 6765060059 66499093 7696323 131712

1735234967
lo: 2192 2192 0 0
eth0: 6774281989 66647502 9221930 148409

1735234968
lo: 2192 2192 0 0
eth0: 6787683382 66795069 13401393 147567

1735234969
lo: 2192 2192 0 0
eth0: 6799685476 66952231 12002094 157162

1735234970
lo: 2192 2192 0 0
eth0: 6805991547 67044213 6306071 91982

1735234974
lo: 2192 2192 0 0
eth0: 6815100524 67119687 9108977 75474

1735234975
lo: 2192 2192 0 0
eth0: 6824771713 67205054 9671189 85367

1735234976
lo: 2192 2192 0 0
eth0: 6829976285 67286820 5204572 81766

1735234977
lo: 2192 2192 0 0
eth0: 6834890219 67357427 4913934 70607

1735234978
lo: 2192 2192 0 0
eth0: 6841646131 67455486 6755912 98059

1735234980
lo: 2192 2192 0 0
eth0: 6883963601 67625436 42317470 169950

1735234981
lo: 2192 2192 0 0
eth0: 6905582118 67737317 21618517 111881

1735234982
lo: 2192 2192 0 0
eth0: 6925309317 67847731 19727199 110414

1735234983
lo: 2192 2192 0 0
eth0: 6945236517 67969126 19927200 121395

1735234984
lo: 2192 2192 0 0
eth0: 6963053991 68063003 17817474 93877

1735234985
lo: 2192 2192 0 0
eth0: 6984117874 68175197 21063883 112194

1735234986
lo: 2192 2192 0 0
eth0: 7005855756 68373386 21737882 198189

1735234987
lo: 2192 2192 0 0
eth0: 7022777655 68551483 16921899 178097

1735234990
lo: 2192 2192 0 0
eth0: 7049199220 68920505 26421565 369022

1735234991
lo: 2192 2192 0 0
eth0: 7076281463 69528331 27082243 607826

1735234992
lo: 2192 2192 0 0
eth0: 7093454219 69642926 17172756 114595

1735234993
lo: 2192 2192 0 0
eth0: 7163376811 69892707 69922592 249781

1735234994
lo: 2192 2192 0 0
eth0: 7211589955 70092529 48213144 199822

1735234995
lo: 2192 2192 0 0
eth0: 7248502320 70217200 36912365 124671

1735234996
lo: 2192 2192 0 0
eth0: 7253434329 70292536 4932009 75336

1735234998
lo: 2192 2192 0 0
eth0: 7266605985 70493143 13171656 200607

1735235000
lo: 2192 2192 0 0
eth0: 7282439107 70625678 15833122 132535

1735235001
lo: 2192 2192 0 0
eth0: 7299416920 70838984 16977813 213306

1735235003
lo: 2192 2192 0 0
eth0: 7318378164 71112092 18961244 273108

1735235007
lo: 2192 2192 0 0
eth0: 7339183088 71285321 20804924 173229

1735235008
lo: 2192 2192 0 0
eth0: 7383167197 71669909 43984109 384588

1735235012
lo: 2192 2192 0 0
eth0: 7387838421 71748403 4671224 78494

1735235018
lo: 2192 2192 0 0
eth0: 7420520160 72161681 32681739 413278

1735235019
lo: 2192 2192 0 0
eth0: 7430362763 72266209 9842603 104528

1735235021
lo: 2192 2192 0 0
eth0: 7430362895 72266539 132 330

1735235024
lo: 2192 2192 0 0
eth0: 7439564169 72346554 9201274 80015

1735235025
lo: 2192 2192 0 0
eth0: 7449582965 72482105 10018796 135551

1735235028
lo: 2192 2192 0 0
eth0: 7464432523 73668352 14849558 1186247

1735235029
lo: 2192 2192 0 0
eth0: 7477366339 73788211 12933816 119859

1735235030
lo: 2192 2192 0 0
eth0: 7485090490 73916452 7724151 128241

1735235031
lo: 2192 2192 0 0
eth0: 7509188533 74160588 24098043 244136

1735235032
lo: 2192 2192 0 0
eth0: 7533040864 74428941 23852331 268353

1735235033
lo: 2192 2192 0 0
eth0: 7552990467 74581899 19949603 152958

1735235034
lo: 2192 2192 0 0
eth0: 7562543257 80432000 9552790 5850101

1735235036
lo: 2192 2192 0 0
eth0: 7581054616 80673661 18511359 241661

1735235038
lo: 2192 2192 0 0
eth0: 7601442442 80995378 20387826 321717

1735235039
lo: 2192 2192 0 0
eth0: 7619479406 81252016 18036964 256638

1735235040
lo: 2192 2192 0 0
eth0: 7622179406 81292540 2700000 40524

1735235041
lo: 2192 2192 0 0
eth0: 7638645588 81534019 16466182 241479

1735235043
lo: 2192 2192 0 0
eth0: 7652876479 81648353 14230891 114334

1735235044
lo: 2192 2192 0 0
eth0: 7680366896 81913139 27490417 264786

1735235045
lo: 2192 2192 0 0
eth0: 7697584633 82128530 17217737 215391

1735235046
lo: 2192 2192 0 0
eth0: 7712863661 82364018 15279028 235488

1735235054
lo: 2192 2192 0 0
eth0: 7737721137 82635397 24857476 271379

1735235055
lo: 2332 2332 140 140
eth0: 7761154081 82782742 23432944 147345

1735235056
lo: 2332 2332 0 0
eth0: 7776028945 82968297 14874864 185555

1735235057
lo: 2332 2332 0 0
eth0: 7791108445 83135982 15079500 167685

1735235058
lo: 2332 2332 0 0
eth0: 7803592450 83535799 12484005 399817

1735235059
lo: 2590 2590 258 258
eth0: 7816337302 83837719 12744852 301920

1735235065
lo: 2708 2708 118 118
eth0: 7890219138 84779035 73881836 941316

1735235066
lo: 2708 2708 0 0
eth0: 7935510647 85161080 45291509 382045

1735235068
lo: 2708 2708 0 0
eth0: 7949899449 85331294 14388802 170214

1735235072
lo: 2708 2708 0 0
eth0: 8016522360 86296922 66622911 965628

1735235074
lo: 2708 2708 0 0
eth0: 8040526698 86538044 24004338 241122

1735235075
lo: 2708 2708 0 0
eth0: 8051529875 86651132 11003177 113088

1735235076
lo: 2708 2708 0 0
eth0: 8065812741 86806640 14282866 155508

1735235077
lo: 2708 2708 0 0
eth0: 8083313701 86977826 17500960 171186

1735235079
lo: 2708 2708 0 0
eth0: 8110302639 87250627 26988938 272801

1735235080
lo: 2708 2708 0 0
eth0: 8123792327 88740536 13489688 1489909

1735235082
lo: 2708 2708 0 0
eth0: 8155931047 89070800 32138720 330264

1735235084
lo: 2708 2708 0 0
eth0: 8203485725 89498697 47554678 427897

1735235086
lo: 2708 2708 0 0
eth0: 8240051323 89800677 36565598 301980

1735235087
lo: 2708 2708 0 0
eth0: 8248420168 89855193 8368845 54516

1735235088
lo: 2708 2708 0 0
eth0: 8264951080 89951685 16530912 96492

1735235089
lo: 2708 2708 0 0
eth0: 8284829531 90100395 19878451 148710

1735235090
lo: 2708 2708 0 0
eth0: 8307972251 90297492 23142720 197097

1735235091
lo: 2708 2708 0 0
eth0: 8340276727 90553956 32304476 256464

1735235094
lo: 2708 2708 0 0
eth0: 8378946874 90758712 38670147 204756

1735235095
lo: 2708 2708 0 0
eth0: 8401216959 90948972 22270085 190260

1735235096
lo: 2708 2708 0 0
eth0: 8418719599 91127490 17502640 178518

1735235097
lo: 2708 2708 0 0
eth0: 8445732931 91397404 27013332 269914

1735235098
lo: 2708 2708 0 0
eth0: 8465086115 91661798 19353184 264394

1735235099
lo: 2708 2708 0 0
eth0: 8486848811 91927050 21762696 265252

1735235100
lo: 2708 2708 0 0
eth0: 8507596702 92222202 20747891 295152

1735235103
lo: 2708 2708 0 0
eth0: 8585887191 93364535 78290489 1142333

1735235104
lo: 2708 2708 0 0
eth0: 8615273447 93739679 29386256 375144

1735235106
lo: 2708 2708 0 0
eth0: 8652447852 94280813 37174405 541134

1735235110
lo: 2708 2708 0 0
eth0: 8734580377 95520322 82132525 1239509

1735235111
lo: 2708 2708 0 0
eth0: 8759904586 95845702 25324209 325380

1735235113
lo: 2708 2708 0 0
eth0: 8776417915 95972236 16513329 126534

1735235114
lo: 2708 2708 0 0
eth0: 8792711626 96075343 16293711 103107

1735235115
lo: 2708 2708 0 0
eth0: 8802981958 96187303 10270332 111960

1735235117
lo: 2708 2708 0 0
eth0: 8816743748 96258385 13761790 71082

1735235119
lo: 2708 2708 0 0
eth0: 8833518175 96343687 16774427 85302

1735235120
lo: 2708 2708 0 0
eth0: 8847519294 96442941 14001119 99254

1735235121
lo: 2708 2708 0 0
eth0: 8865393316 96579581 17874022 136640

1735235122
lo: 2856 2856 148 148
eth0: 8888288685 96825066 22895369 245485

1735235123
lo: 2856 2856 0 0
eth0: 8905769464 97052847 17480779 227781

1735235128
lo: 3130 3130 274 274
eth0: 8940276085 97426695 34506621 373848

1735235129
lo: 3130 3130 0 0
eth0: 8998682605 97700613 58406520 273918

1735235130
lo: 3256 3256 126 126
eth0: 9055379575 97965129 56696970 264516

1735235131
lo: 3256 3256 0 0
eth0: 9093807019 98203323 38427444 238194

1735235134
lo: 3256 3256 0 0
eth0: 9156924946 98616641 63117927 413318

1735235136
lo: 3256 3256 0 0
eth0: 9217112076 98967911 60187130 351270

1735235139
lo: 3256 3256 0 0
eth0: 9276136584 99309560 59024508 341649

1735235142
lo: 3256 3256 0 0
eth0: 9364791506 99841346 88654922 531786

1735235143
lo: 3256 3256 0 0
eth0: 9401212471 100012628 36420965 171282

1735235145
lo: 3256 3256 0 0
eth0: 9462948764 100294580 61736293 281952

1735235147
lo: 3256 3256 0 0
eth0: 9515219716 100690611 52270952 396031

1735235148
lo: 3256 3256 0 0
eth0: 9555275302 101052909 40055586 362298

1735235149
lo: 3256 3256 0 0
eth0: 9578344057 101385037 23068755 332128

1735235150
lo: 3256 3256 0 0
eth0: 9596023284 101669986 17679227 284949

1735235151
lo: 3256 3256 0 0
eth0: 9615236072 101954842 19212788 284856

1735235153
lo: 3256 3256 0 0
eth0: 9640530987 102304048 25294915 349206

1735235158
lo: 3256 3256 0 0
eth0: 9671025329 102591474 30494342 287426

1735235159
lo: 3256 3256 0 0
eth0: 9705778776 102746442 34753447 154968

1735235161
lo: 3256 3256 0 0
eth0: 9723828754 102952692 18049978 206250

1735235162
lo: 3256 3256 0 0
eth0: 9734755780 103101390 10927026 148698

1735235163
lo: 3256 3256 0 0
eth0: 9750106090 103316334 15350310 214944

1735235165
lo: 3256 3256 0 0
eth0: 9774473972 103656894 24367882 340560

1735235166
lo: 3256 3256 0 0
eth0: 9787611752 103801614 13137780 144720

1735235167
lo: 3256 3256 0 0
eth0: 9799721060 103918032 12109308 116418

1735235168
lo: 3256 3256 0 0
eth0: 9811746913 104084617 12025853 166585

1735235169
lo: 3256 3256 0 0
eth0: 9824963885 104275885 13216972 191268

1735235171
lo: 3256 3256 0 0
eth0: 9849554489 104622765 24590604 346880

1735235175
lo: 3256 3256 0 0
eth0: 9861842437 104684331 12287948 61566

1735235176
lo: 3256 3256 0 0
eth0: 9876193367 104808241 14350930 123910

1735235177
lo: 3256 3256 0 0
eth0: 9881998773 104894767 5805406 86526

1735235180
lo: 3256 3256 0 0
eth0: 9892872705 104991589 10873932 96822

1735235181
lo: 3256 3256 0 0
eth0: 9902691487 105066697 9818782 75108

1735235182
lo: 3256 3256 0 0
eth0: 9909613163 105163123 6921676 96426

1735235183
lo: 3256 3256 0 0
eth0: 9916553401 105243007 6940238 79884

1735235184
lo: 3256 3256 0 0
eth0: 9923785269 105341569 7231868 98562

1735235185
lo: 3256 3256 0 0
eth0: 9931880903 105454165 8095634 112596

1735235186
lo: 3256 3256 0 0
eth0: 9940374455 105583525 8493552 129360

1735235192
lo: 3256 3256 0 0
eth0: 9962053726 105800533 21679271 217008

1735235193
lo: 3256 3256 0 0
eth0: 9975927122 105873001 13873396 72468

1735235194
lo: 3256 3256 0 0
eth0: 9981525766 105905077 5598644 32076

1735235195
lo: 3256 3256 0 0
eth0: 9987574582 105980713 6048816 75636

1735235196
lo: 3256 3256 0 0
eth0: 9994167134 106064797 6592552 84084

1735235197
lo: 3256 3256 0 0
eth0: 10001784856 106161883 7617722 97086

1735235198
lo: 3256 3256 0 0
eth0: 10009960320 106243237 8175464 81354

1735235200
lo: 3256 3256 0 0
eth0: 10015634153 106260331 5673833 17094

1735235201
lo: 3256 3256 0 0
eth0: 10020542503 106276567 4908350 16236

1735235202
lo: 3256 3256 0 0
eth0: 10025347025 106291483 4804522 14916

1735235203
lo: 3256 3256 0 0
eth0: 10030046330 106308049 4699305 16566

1735235204
lo: 3256 3256 0 0
eth0: 10035155034 106323889 5108704 15840

1735235206
lo: 3256 3256 0 0
eth0: 10044161268 106351939 9006234 28050

1735235208
lo: 3256 3256 0 0
eth0: 10047029338 106363051 2868070 11112

1735235209
lo: 3256 3256 0 0
eth0: 10054310825 106386613 7281487 23562

1735235210
lo: 3256 3256 0 0
eth0: 10061981623 106414333 7670798 27720

1735235211
lo: 3256 3256 0 0
eth0: 10069889877 106486471 7908254 72138

1735235214
lo: 3256 3256 0 0
eth0: 10082862915 106553197 12973038 66726

1735235215
lo: 3256 3256 0 0
eth0: 10093908921 106595833 11046006 42636

1735235219
lo: 3256 3256 0 0
eth0: 10116824673 106809385 22915752 213552

1735235220
lo: 3256 3256 0 0
eth0: 10126992391 106882051 10167718 72666

1735235221
lo: 3256 3256 0 0
eth0: 10133752713 106969963 6760322 87912

1735235225
lo: 3256 3256 0 0
eth0: 10149548205 107089621 15795492 119658

1735235226
lo: 3256 3256 0 0
eth0: 10163992681 107156215 14444476 66594

1735235227
lo: 3256 3256 0 0
eth0: 10171707539 107253895 7714858 97680

1735235228
lo: 3256 3256 0 0
eth0: 10180768379 107381011 9060840 127116

1735235229
lo: 3256 3256 0 0
eth0: 10191140599 107506411 10372220 125400

1735235230
lo: 3256 3256 0 0
eth0: 10201169605 107557561 10029006 51150

1735235231
lo: 3256 3256 0 0
eth0: 10207865089 107580529 6695484 22968

1735235233
lo: 3256 3256 0 0
eth0: 10212501079 107590561 4635990 10032

1735235234
lo: 3256 3256 0 0
eth0: 10220249348 107613199 7748269 22638

1735235235
lo: 3256 3256 0 0
eth0: 10227451023 107633131 7201675 19932

1735235236
lo: 3256 3256 0 0
eth0: 10233499103 107694049 6048080 60918

1735235238
lo: 3256 3256 0 0
eth0: 10243978221 107780509 10479118 86460

1735235239
lo: 3256 3256 0 0
eth0: 10251819541 107833219 7841320 52710

1735235242
lo: 3256 3256 0 0
eth0: 10267014597 108000067 15195056 166848

1735235243
lo: 3256 3256 0 0
eth0: 10280247159 108046135 13232562 46068

1735235245
lo: 3256 3256 0 0
eth0: 10280247159 108046267 0 132

1735235246
lo: 3256 3256 0 0
eth0: 10289555662 108069013 9308503 22746

1735235248
lo: 3256 3256 0 0
eth0: 10300874365 108091123 11318703 22110

1735235249
lo: 3256 3256 0 0
eth0: 10310004603 108113167 9130238 22044

1735235251
lo: 3256 3256 0 0
eth0: 10316066981 108128017 6062378 14850

1735235252
lo: 3256 3256 0 0
eth0: 10319439033 108135475 3372052 7458

1735235257
lo: 3256 3256 0 0
eth0: 10320596163 108143725 1157130 8250

1735235258
lo: 3256 3256 0 0
eth0: 10325786087 108160489 5189924 16764

1735235260
lo: 3256 3256 0 0
eth0: 10325786087 108160489 0 0

1735235261
lo: 3256 3256 0 0
eth0: 10339785663 108188317 13999576 27828

1735235262
lo: 3256 3256 0 0
eth0: 10346324721 108209833 6539058 21516

1735235263
lo: 3256 3256 0 0
eth0: 10351911693 108263095 5586972 53262

1735235264
lo: 3256 3256 0 0
eth0: 10358285731 108348433 6374038 85338

1735235265
lo: 3256 3256 0 0
eth0: 10365966775 108451261 7681044 102828

1735235266
lo: 3256 3256 0 0
eth0: 10374595521 108563527 8628746 112266

1735235267
lo: 3256 3256 0 0
eth0: 10384291875 108694141 9696354 130614

1735235268
lo: 3256 3256 0 0
eth0: 10393528559 108772153 9236684 78012

1735235269
lo: 3256 3256 0 0
eth0: 10405746993 108826141 12218434 53988

1735235270
lo: 3256 3256 0 0
eth0: 10412580711 108864751 6833718 38610

1735235271
lo: 3256 3256 0 0
eth0: 10418706296 108901315 6125585 36564

1735235272
lo: 3256 3256 0 0
eth0: 10425293982 108945337 6587686 44022

1735235273
lo: 3256 3256 0 0
eth0: 10432100801 108988963 6806819 43626

1735235274
lo: 3256 3256 0 0
eth0: 10438433720 109052521 6332919 63558

1735235275
lo: 3256 3256 0 0
eth0: 10444049610 109081429 5615890 28908

1735235276
lo: 3256 3256 0 0
eth0: 10449234542 109093639 5184932 12210

1735235279
lo: 3256 3256 0 0
eth0: 10461194582 109116211 11960040 22572

1735235280
lo: 3256 3256 0 0
eth0: 10467380796 109129741 6186214 13530

1735235281
lo: 3256 3256 0 0
eth0: 10472926388 109141027 5545592 11286

1735235283
lo: 3256 3256 0 0
eth0: 10482905813 109162015 9979425 20988

1735235285
lo: 3256 3256 0 0
eth0: 10490243064 109179877 7337251 17862

1735235287
lo: 3256 3256 0 0
eth0: 10502603898 109258153 12360834 78276

1735235288
lo: 3256 3256 0 0
eth0: 10508608048 109303033 6004150 44880

1735235289
lo: 3256 3256 0 0
eth0: 10514067208 109350157 5459160 47124

1735235293
lo: 3256 3256 0 0
eth0: 10536881546 109574755 22814338 224598

1735235297
lo: 3256 3256 0 0
eth0: 10558688166 109803685 21806620 228930

1735235298
lo: 3256 3256 0 0
eth0: 10565993562 109860379 7305396 56694

1735235299
lo: 3256 3256 0 0
eth0: 10571379730 109911991 5386168 51612

1735235300
lo: 3256 3256 0 0
eth0: 10576383290 109983139 5003560 71148

1735235301
lo: 3256 3256 0 0
eth0: 10581689112 110040229 5305822 57090

1735235306
lo: 3256 3256 0 0
eth0: 10590442692 110088673 8753580 48444

1735235308
lo: 3256 3256 0 0
eth0: 10600017548 110121805 9574856 33132

1735235311
lo: 3256 3256 0 0
eth0: 10615995120 110292811 15977572 171006

1735235315
lo: 3256 3256 0 0
eth0: 10628357593 110382540 12362473 89729

1735235316
lo: 3256 3256 0 0
eth0: 10637541055 110439828 9183462 57288

1735235318
lo: 3256 3256 0 0
eth0: 10642785753 110461643 5244698 21815

1735235319
lo: 3256 3256 0 0
eth0: 10647175257 110510483 4389504 48840

1735235320
lo: 3256 3256 0 0
eth0: 10653805941 110583743 6630684 73260

1735235321
lo: 3256 3256 0 0
eth0: 10660774131 110664395 6968190 80652

1735235323
lo: 3256 3256 0 0
eth0: 10671430745 110730395 10656614 66000

1735235324
lo: 3256 3256 0 0
eth0: 10677130005 110781173 5699260 50778

1735235325
lo: 3256 3256 0 0
eth0: 10682514382 110841899 5384377 60726

1735235326
lo: 3256 3256 0 0
eth0: 10689237737 110923378 6723355 81479

1735235327
lo: 3256 3256 0 0
eth0: 10694890801 112621179 5653064 1697801

1735235332
lo: 3256 3256 0 0
eth0: 10705170112 113421218 10279311 800039

1735235333
lo: 3256 3256 0 0
eth0: 10717248036 113516654 12077924 95436

1735235334
lo: 3256 3256 0 0
eth0: 10731747099 113620142 14499063 103488

1735235335
lo: 3256 3256 0 0
eth0: 10766306125 113889356 34559026 269214

1735235336
lo: 3256 3256 0 0
eth0: 10816729476 114095930 50423351 206574

1735235337
lo: 3256 3256 0 0
eth0: 10876378653 114279476 59649177 183546

1735235340
lo: 3256 3256 0 0
eth0: 10922130757 114440054 45752104 160578

1735235341
lo: 3256 3256 0 0
eth0: 10968124115 114765094 45993358 325040

1735235342
lo: 3256 3256 0 0
eth0: 11007351797 115005544 39227682 240450

1735235343
lo: 3256 3256 0 0
eth0: 11045249457 115144864 37897660 139320

1735235344
lo: 3256 3256 0 0
eth0: 11056659030 115177600 11409573 32736

1735235345
lo: 3256 3256 0 0
eth0: 11098566009 115405102 41906979 227502

1735235346
lo: 3256 3256 0 0
eth0: 11140062563 115730284 41496554 325182

1735235347
lo: 3256 3256 0 0
eth0: 11197419172 115893040 57356609 162756

1735235348
lo: 3256 3256 0 0
eth0: 11230141687 115999936 32722515 106896

1735235350
lo: 3256 3256 0 0
eth0: 11270378721 116149822 40237034 149886

1735235351
lo: 3256 3256 0 0
eth0: 11321626827 116326438 51248106 176616

1735235352
lo: 3256 3256 0 0
eth0: 11326312215 116386498 4685388 60060

1735235353
lo: 3256 3256 0 0
eth0: 11331883739 116451970 5571524 65472

1735235355
lo: 3256 3256 0 0
eth0: 11338440159 116493484 6556420 41514

1735235356
lo: 3256 3256 0 0
eth0: 11344029315 116546878 5589156 53394

1735235357
lo: 3256 3256 0 0
eth0: 11349041045 116612548 5011730 65670

1735235358
lo: 3256 3256 0 0
eth0: 11358031275 116720128 8990230 107580

1735235359
lo: 3256 3256 0 0
eth0: 11365264699 116805004 7233424 84876

1735235360
lo: 3256 3256 0 0
eth0: 11374616125 116921890 9351426 116886

1735235362
lo: 3256 3256 0 0
eth0: 11387291985 117088516 12675860 166626

1735235366
lo: 3256 3256 0 0
eth0: 11410721985 117297712 23430000 209196

1735235367
lo: 3256 3256 0 0
eth0: 11416127567 117363718 5405582 66006

1735235370
lo: 3256 3256 0 0
eth0: 11427995573 117512284 11868006 148566

1735235372
lo: 3256 3256 0 0
eth0: 11432682303 117523174 4686730 10890

1735235374
lo: 3256 3256 0 0
eth0: 11450498815 117689824 17816512 166650

1735235375
lo: 3256 3256 0 0
eth0: 11456885747 117753406 6386932 63582

1735235376
lo: 3256 3256 0 0
eth0: 11463738649 118058569 6852902 305163

1735235377
lo: 3256 3256 0 0
eth0: 11470790135 118183919 7051486 125350

1735235378
lo: 3256 3256 0 0
eth0: 11480265206 118322624 9475071 138705

1735235382
lo: 3256 3256 0 0
eth0: 11499806671 118486700 19541465 164076

1735235383
lo: 3256 3256 0 0
eth0: 11511267231 118575140 11460560 88440

1735235384
lo: 3256 3256 0 0
eth0: 11517491669 118655923 6224438 80783

1735235387
lo: 3256 3256 0 0
eth0: 11531448240 118799162 13956571 143239

1735235388
lo: 3256 3256 0 0
eth0: 11536943314 118889376 5495074 90214

1735235389
lo: 3256 3256 0 0
eth0: 11544285109 118993128 7341795 103752

1735235390
lo: 3256 3256 0 0
eth0: 11550930911 119082714 6645802 89586

1735235391
lo: 3256 3256 0 0
eth0: 11558595589 119175510 7664678 92796

1735235393
lo: 3256 3256 0 0
eth0: 11576573167 119412450 17977578 236940

1735235394
lo: 3256 3256 0 0
eth0: 11597281076 119644308 20707909 231858

1735235397
lo: 3256 3256 0 0
eth0: 11604652215 119706612 7371139 62304

1735235398
lo: 3256 3256 0 0
eth0: 11615783131 119865738 11130916 159126

1735235399
lo: 3256 3256 0 0
eth0: 11624068085 119943264 8284954 77526

1735235401
lo: 3256 3256 0 0
eth0: 11627979217 119982930 3911132 39666

1735235402
lo: 3256 3256 0 0
eth0: 11634747221 120062790 6768004 79860

1735235407
lo: 3256 3256 0 0
eth0: 11668441947 120463278 33694726 400488

1735235408
lo: 3256 3256 0 0
eth0: 11677880765 120579306 9438818 116028

1735235410
lo: 3256 3256 0 0
eth0: 11701791769 120836376 23911004 257070

1735235412
lo: 3256 3256 0 0
eth0: 11717904603 120983094 16112834 146718

1735235413
lo: 3256 3256 0 0
eth0: 11725705149 121079520 7800546 96426

1735235414
lo: 3256 3256 0 0
eth0: 11734541121 121189542 8835972 110022

1735235415
lo: 3256 3256 0 0
eth0: 11744075445 121309332 9534324 119790

1735235416
lo: 3256 3256 0 0
eth0: 11753896249 121392492 9820804 83160

1735235417
lo: 3256 3256 0 0
eth0: 11758724605 121426878 4828356 34386

1735235418
lo: 3256 3256 0 0
eth0: 11765388651 121500600 6664046 73722

1735235420
lo: 3256 3256 0 0
eth0: 11774500153 121620192 9111502 119592

1735235422
lo: 3256 3256 0 0
eth0: 11791608389 121847562 17108236 227370

1735235423
lo: 3256 3256 0 0
eth0: 11797736537 121929972 6128148 82410

1735235425
lo: 3256 3256 0 0
eth0: 11804777289 122019006 7040752 89034

1735235427
lo: 3256 3256 0 0
eth0: 11817124015 122147904 12346726 128898

1735235428
lo: 3256 3256 0 0
eth0: 11823222295 122210604 6098280 62700

1735235430
lo: 3256 3256 0 0
eth0: 11838129197 122406624 14906902 196020

1735235432
lo: 3256 3256 0 0
eth0: 11850422749 122558820 12293552 152196

1735235433
lo: 3256 3256 0 0
eth0: 11857079785 122633136 6657036 74316

1735235435
lo: 3256 3256 0 0
eth0: 11870181651 122785242 13101866 152106

1735235437
lo: 3256 3256 0 0
eth0: 11882616971 122920476 12435320 135234

1735235438
lo: 3256 3256 0 0
eth0: 11889327543 123010962 6710572 90486

1735235439
lo: 3256 3256 0 0
eth0: 11897591129 123114186 8263586 103224

1735235440
lo: 3256 3256 0 0
eth0: 11904310101 123208698 6718972 94512

1735235441
lo: 3256 3256 0 0
eth0: 11911255135 123301692 6945034 92994

1735235445
lo: 3256 3256 0 0
eth0: 11935265965 123501210 24010830 199518

1735235446
lo: 3256 3256 0 0
eth0: 11941778533 123580674 6512568 79464

1735235448
lo: 3256 3256 0 0
eth0: 11950838259 123688914 9059726 108240

1735235449
lo: 3256 3256 0 0
eth0: 11959802707 123786660 8964448 97746

1735235450
lo: 3256 3256 0 0
eth0: 11970641817 123876684 10839110 90024

1735235453
lo: 3256 3256 0 0
eth0: 11994017177 124065840 23375360 189156

1735235454
lo: 3256 3256 0 0
eth0: 12002617077 124170384 8599900 104544

1735235455
lo: 3256 3256 0 0
eth0: 12009680423 124242984 7063346 72600

1735235456
lo: 3256 3256 0 0
eth0: 12015756617 124318158 6076194 75174

1735235457
lo: 3256 3256 0 0
eth0: 12021723699 124399602 5967082 81444

1735235459
lo: 3256 3256 0 0
eth0: 12031283303 124524186 9559604 124584

1735235460
lo: 3256 3256 0 0
eth0: 12037742039 124604838 6458736 80652

1735235461
lo: 3256 3256 0 0
eth0: 12044986797 124695390 7244758 90552

1735235462
lo: 3256 3256 0 0
eth0: 12052491255 124790166 7504458 94776

1735235463
lo: 3256 3256 0 0
eth0: 12060597105 124890750 8105850 100584

1735235464
lo: 3256 3256 0 0
eth0: 12068910037 124980444 8312932 89694

1735235465
lo: 3256 3256 0 0
eth0: 12077969739 125080104 9059702 99660

1735235466
lo: 3256 3256 0 0
eth0: 12087926191 125185704 9956452 105600

1735235467
lo: 3256 3256 0 0
eth0: 12098088929 125305692 10162738 119988

1735235468
lo: 3256 3256 0 0
eth0: 12108730461 125429970 10641532 124278

1735235469
lo: 3256 3256 0 0
eth0: 12119668321 125544060 10937860 114090

1735235470
lo: 3256 3256 0 0
eth0: 12131121515 125677544 11453194 133484

1735235471
lo: 3256 3256 0 0
eth0: 12143619423 125816840 12497908 139296

1735235472
lo: 3256 3256 0 0
eth0: 12155329765 125934188 11710342 117348

1735235473
lo: 3256 3256 0 0
eth0: 12166954711 126043286 11624946 109098

1735235474
lo: 3256 3256 0 0
eth0: 12178476493 126153542 11521782 110256

1735235475
lo: 3256 3256 0 0
eth0: 12190125117 126264950 11648624 111408

1735235476
lo: 3256 3256 0 0
eth0: 12202593397 126379658 12468280 114708

1735235478
lo: 3256 3256 0 0
eth0: 12224580357 126588416 21986960 208758

1735235480
lo: 3256 3256 0 0
eth0: 12235808887 126641150 11228530 52734

1735235481
lo: 3256 3256 0 0
eth0: 12243660409 126754538 7851522 113388

1735235482
lo: 3256 3256 0 0
eth0: 12248562547 126819482 4902138 64944

1735235484
lo: 3256 3256 0 0
eth0: 12254986713 126885020 6424166 65538

1735235485
lo: 3256 3256 0 0
eth0: 12263567663 126979208 8580950 94188

1735235486
lo: 3256 3256 0 0
eth0: 12270166369 127055306 6598706 76098

1735235487
lo: 3256 3256 0 0
eth0: 12278411265 127151732 8244896 96426

1735235488
lo: 3256 3256 0 0
eth0: 12286721551 127248026 8310286 96294

1735235489
lo: 3256 3256 0 0
eth0: 12295532761 127343066 8811210 95040

1735235490
lo: 3256 3256 0 0
eth0: 12305444729 127459226 9911968 116160

1735235491
lo: 3256 3256 0 0
eth0: 12315868253 127579148 10423524 119922

1735235492
lo: 3256 3256 0 0
eth0: 12325355831 127688048 9487578 108900

1735235493
lo: 3256 3256 0 0
eth0: 12336269643 127812516 10913812 124468

1735235494
lo: 3256 3256 0 0
eth0: 12347735467 127944780 11465824 132264

1735235495
lo: 3256 3256 0 0
eth0: 12359321327 128077968 11585860 133188

1735235496
lo: 3256 3256 0 0
eth0: 12370588859 128213400 11267532 135432

1735235497
lo: 3256 3256 0 0
eth0: 12381742741 128339856 11153882 126456

1735235498
lo: 3256 3256 0 0
eth0: 12392007983 128453184 10265242 113328

1735235499
lo: 3256 3256 0 0
eth0: 12402528455 128578254 10520472 125070

1735235500
lo: 3256 3256 0 0
eth0: 12413153361 128702400 10624906 124146

1735235501
lo: 3256 3256 0 0
eth0: 12423614429 128815722 10461068 113322

1735235502
lo: 3256 3256 0 0
eth0: 12434279385 128926404 10664956 110682

1735235503
lo: 3256 3256 0 0
eth0: 12445511947 129052308 11232562 125904

1735235504
lo: 3256 3256 0 0
eth0: 12457305227 129189588 11793280 137280

1735235505
lo: 3256 3256 0 0
eth0: 12468824671 129311094 11519444 121506

1735235506
lo: 3256 3256 0 0
eth0: 12480717507 129432336 11892836 121242

1735235507
lo: 3256 3256 0 0
eth0: 12493200917 129547770 12483410 115434

1735235508
lo: 3256 3256 0 0
eth0: 12506684337 129682938 13483420 135168

1735235509
lo: 3256 3256 0 0
eth0: 12521668277 129843252 14983940 160314

1735235510
lo: 3256 3256 0 0
eth0: 12535783579 129986736 14115302 143484

1735235511
lo: 3256 3256 0 0
eth0: 12551780729 130151802 15997150 165066

1735235512
lo: 3256 3256 0 0
eth0: 12569479783 130319046 17699054 167244

1735235513
lo: 3256 3256 0 0
eth0: 12580404072 130446426 10924289 127380

1735235514
lo: 3256 3256 0 0
eth0: 12590930704 130558494 10526632 112068

1735235515
lo: 3256 3256 0 0
eth0: 12600851050 130657956 9920346 99462

1735235516
lo: 3256 3256 0 0
eth0: 12608534626 130743030 7683576 85074

1735235517
lo: 3256 3256 0 0
eth0: 12613596462 130806588 5061836 63558

1735235518
lo: 3256 3256 0 0
eth0: 12617028104 130862028 3431642 55440

1735235520
lo: 3256 3256 0 0
eth0: 12621110606 130933374 4082502 71346

1735235521
lo: 3256 3256 0 0
eth0: 12624378566 130988946 3267960 55572

1735235522
lo: 3256 3256 0 0
eth0: 12627872714 131048676 3494148 59730

1735235523
lo: 3256 3256 0 0
eth0: 12630606532 131098176 2733818 49500

1735235524
lo: 3256 3256 0 0
eth0: 12633900138 131158566 3293606 60390

1735235525
lo: 3256 3256 0 0
eth0: 12636612484 131207274 2712346 48708

1735235528
lo: 3256 3256 0 0
eth0: 12642388708 131300268 5776224 92994

1735235530
lo: 3256 3256 0 0
eth0: 12647403440 131372778 5014732 72510

1735235531
lo: 3256 3256 0 0
eth0: 12650318864 131427162 2915424 54384

1735235533
lo: 3256 3256 0 0
eth0: 12656421238 131532432 6102374 105270

1735235535
lo: 3256 3256 0 0
eth0: 12661426986 131618694 5005748 86262

1735235536
lo: 3256 3256 0 0
eth0: 12665624844 131689703 4197858 71009

1735235537
lo: 3256 3256 0 0
eth0: 12669109011 131741537 3484167 51834

1735235538
lo: 3256 3256 0 0
eth0: 12671874005 131796251 2764994 54714

1735235539
lo: 3256 3256 0 0
eth0: 12674361499 131840579 2487494 44328

1735235540
lo: 3256 3256 0 0
eth0: 12677446237 131892257 3084738 51678

1735235541
lo: 3256 3256 0 0
eth0: 12679527249 131928821 2081012 36564

1735235542
lo: 3256 3256 0 0
eth0: 12681384143 131960699 1856894 31878

1735235543
lo: 3256 3256 0 0
eth0: 12683551461 132000299 2167318 39600

1735235544
lo: 3256 3256 0 0
eth0: 12686031847 132040559 2480386 40260

1735235545
lo: 3256 3256 0 0
eth0: 12688652423 132084515 2620576 43956

1735235546
lo: 3256 3256 0 0
eth0: 12691417019 132134147 2764596 49632

1735235547
lo: 3256 3256 0 0
eth0: 12693989861 132174275 2572842 40128

1735235548
lo: 3256 3256 0 0
eth0: 12696529917 132220277 2540056 46002

1735235549
lo: 3256 3256 0 0
eth0: 12699205153 132268193 2675236 47916

1735235550
lo: 3256 3256 0 0
eth0: 12702047319 132317627 2842166 49434

1735235551
lo: 3256 3256 0 0
eth0: 12705730427 132378281 3683108 60654

1735235553
lo: 3256 3256 0 0
eth0: 12709394997 132440519 3664570 62238

1735235555
lo: 3256 3256 0 0
eth0: 12713922111 132524273 4527114 83754

1735235556
lo: 3256 3256 0 0
eth0: 12716848107 132573971 2925996 49698

1735235557
lo: 3256 3256 0 0
eth0: 12719614637 132597863 2766530 23892

1735235559
lo: 3256 3256 0 0
eth0: 12726976499 132695147 7361862 97284

1735235560
lo: 3256 3256 0 0
eth0: 12731040927 132761873 4064428 66726

1735235562
lo: 3256 3256 0 0
eth0: 12734812583 132808337 3771656 46464

1735235563
lo: 3256 3256 0 0
eth0: 12736828133 132837148 2015550 28811

1735235565
lo: 3256 3256 0 0
eth0: 12741020103 132907372 4191970 70224

1735235566
lo: 3256 3256 0 0
eth0: 12743950833 132956278 2930730 48906

1735235567
lo: 3256 3256 0 0
eth0: 12747302439 133015713 3351606 59435

1735235568
lo: 3256 3256 0 0
eth0: 12751211135 133072869 3908696 57156

1735235569
lo: 3256 3256 0 0
eth0: 12753698787 133110753 2487652 37884

1735235570
lo: 3256 3256 0 0
eth0: 12756431053 133157811 2732266 47058

1735235571
lo: 3256 3256 0 0
eth0: 12758754181 133195761 2323128 37950

1735235572
lo: 3256 3256 0 0
eth0: 12761638069 133243281 2883888 47520

1735235573
lo: 3256 3256 0 0
eth0: 12764750473 133296015 3112404 52734

1735235574
lo: 3256 3256 0 0
eth0: 12768624397 133358955 3873924 62940

1735235575
lo: 3256 3256 0 0
eth0: 12773111231 133423965 4486834 65010

1735235576
lo: 3256 3256 0 0
eth0: 12777748241 133488645 4637010 64680

1735235577
lo: 3256 3256 0 0
eth0: 12782014354 133552929 4266113 64284

1735235578
lo: 3256 3256 0 0
eth0: 12785817238 133619259 3802884 66330

1735235579
lo: 3256 3256 0 0
eth0: 12789595934 133680111 3778696 60852

1735235580
lo: 3256 3256 0 0
eth0: 12792331492 133728909 2735558 48798

1735235581
lo: 3256 3256 0 0
eth0: 12794359702 133766397 2028210 37488

1735235582
lo: 3256 3256 0 0
eth0: 12796563356 133805139 2203654 38742

1735235583
lo: 3256 3256 0 0
eth0: 12798683220 133845531 2119864 40392

1735235584
lo: 3256 3256 0 0
eth0: 12800608940 133882755 1925720 37224

1735235585
lo: 3256 3256 0 0
eth0: 12802497882 133915293 1888942 32538

1735235586
lo: 3256 3256 0 0
eth0: 12804434628 133944531 1936746 29238

1735235587
lo: 3256 3256 0 0
eth0: 12806621930 133980567 2187302 36036

1735235588
lo: 3256 3256 0 0
eth0: 12808762250 134013369 2140320 32802

1735235589
lo: 3256 3256 0 0
eth0: 12811394904 134055477 2632654 42108

1735235590
lo: 3256 3256 0 0
eth0: 12814810830 134109267 3415926 53790

1735235591
lo: 3256 3256 0 0
eth0: 12818177018 134172665 3366188 63398

1735235592
lo: 3256 3256 0 0
eth0: 12821583418 134235365 3406400 62700

1735235593
lo: 3256 3256 0 0
eth0: 12824734282 134290607 3150864 55242

1735235594
lo: 3256 3256 0 0
eth0: 12827630554 134338985 2896272 48378

1735235595
lo: 3256 3256 0 0
eth0: 12830716830 134389607 3086276 50622

1735235596
lo: 3256 3256 0 0
eth0: 12833953200 134447291 3236370 57684

1735235597
lo: 3256 3256 0 0
eth0: 12837678114 134510057 3724914 62766

1735235598
lo: 3256 3256 0 0
eth0: 12841912270 134583383 4234156 73326

1735235599
lo: 3256 3256 0 0
eth0: 12845874178 134655191 3961908 71808

1735235600
lo: 3256 3256 0 0
eth0: 12849060150 134715677 3185972 60486

1735235601
lo: 3256 3256 0 0
eth0: 12852939280 134778665 3879130 62988

1735235602
lo: 3256 3256 0 0
eth0: 12856060674 134834219 3121394 55554

1735235603
lo: 3256 3256 0 0
eth0: 12859613830 134898993 3553156 64774

1735235604
lo: 3256 3256 0 0
eth0: 12863278510 134966001 3664680 67008

1735235605
lo: 3256 3256 0 0
eth0: 12866629432 135019923 3350922 53922

1735235606
lo: 3256 3256 0 0
eth0: 12870402356 135086451 3772924 66528

1735235607
lo: 3256 3256 0 0
eth0: 12873781012 135143409 3378656 56958

1735235608
lo: 3256 3256 0 0
eth0: 12877159526 135206307 3378514 62898

1735235609
lo: 3256 3256 0 0
eth0: 12880975292 135270789 3815766 64482

1735235610
lo: 3256 3256 0 0
eth0: 12885186446 135347679 4211154 76890

1735235611
lo: 3256 3256 0 0
eth0: 12889644550 135427713 4458104 80034

1735235613
lo: 3256 3256 0 0
eth0: 12898342644 135574563 8698094 146850

1735235614
lo: 3256 3256 0 0
eth0: 12904944634 135681813 6601990 107250

1735235615
lo: 3256 3256 0 0
eth0: 12908217976 135737913 3273342 56100

1735235616
lo: 3256 3256 0 0
eth0: 12911275290 135794607 3057314 56694

1735235617
lo: 3256 3256 0 0
eth0: 12913790732 135840279 2515442 45672

1735235618
lo: 3256 3256 0 0
eth0: 12915856268 135875655 2065536 35376

1735235619
lo: 3256 3256 0 0
eth0: 12917626744 135907467 1770476 31812

1735235620
lo: 3256 3256 0 0
eth0: 12919860320 135949377 2233576 41910

1735235621
lo: 3256 3256 0 0
eth0: 12922563738 135996105 2703418 46728

1735235622
lo: 3256 3256 0 0
eth0: 12925449414 136044327 2885676 48222

1735235623
lo: 3256 3256 0 0
eth0: 12927976692 136085511 2527278 41184

1735235624
lo: 3256 3256 0 0
eth0: 12929966322 136121679 1989630 36168

1735235625
lo: 3256 3256 0 0
eth0: 12931605386 136150719 1639064 29040

1735235626
lo: 3256 3256 0 0
eth0: 12932576474 136168935 971088 18216

1735235627
lo: 3256 3256 0 0
eth0: 12933313150 136183719 736676 14784

1735235628
lo: 3256 3256 0 0
eth0: 12934145130 136199757 831980 16038

1735235629
lo: 3256 3256 0 0
eth0: 12935555044 136225233 1409914 25476

1735235631
lo: 3256 3256 0 0
eth0: 12937816676 136266087 2261632 40854

1735235632
lo: 3256 3256 0 0
eth0: 12939128504 136290639 1311828 24552

1735235633
lo: 3256 3256 0 0
eth0: 12940905158 136320537 1776654 29898

1735235634
lo: 3256 3256 0 0
eth0: 12942725192 136351425 1820034 30888

1735235635
lo: 3256 3256 0 0
eth0: 12944730138 136383765 2004946 32340

1735235636
lo: 3256 3256 0 0
eth0: 12946852640 136419471 2122502 35706

1735235637
lo: 3256 3256 0 0
eth0: 12949761958 136466793 2909318 47322

1735235638
lo: 3256 3256 0 0
eth0: 12953231062 136523487 3469104 56694

1735235639
lo: 3256 3256 0 0
eth0: 12957255308 136583811 4024246 60324

1735235640
lo: 3256 3256 0 0
eth0: 12962658294 136654761 5402986 70950

1735235641
lo: 3256 3256 0 0
eth0: 12970097168 136753695 7438874 98934

1735235642
lo: 3256 3256 0 0
eth0: 12980564656 136881933 10467488 128238

1735235643
lo: 3256 3256 0 0
eth0: 12994695900 137039277 14131244 157344

1735235644
lo: 3256 3256 0 0
eth0: 13010166024 137188701 15470124 149424

1735235645
lo: 3256 3256 0 0
eth0: 13024829242 137329215 14663218 140514

1735235646
lo: 3256 3256 0 0
eth0: 13037784540 137454549 12955298 125334

1735235647
lo: 3256 3256 0 0
eth0: 13048647744 137576955 10863204 122406

1735235648
lo: 3256 3256 0 0
eth0: 13057522224 137686515 8874480 109560

1735235649
lo: 3256 3256 0 0
eth0: 13065598094 137800497 8075870 113982

1735235650
lo: 3256 3256 0 0
eth0: 13074586472 137921541 8988378 121044

1735235651
lo: 3256 3256 0 0
eth0: 13083559968 138047865 8973496 126324

1735235652
lo: 3256 3256 0 0
eth0: 13092551526 138160593 8991558 112728

1735235653
lo: 3256 3256 0 0
eth0: 13102037908 138286323 9486382 125730

1735235654
lo: 3256 3256 0 0
eth0: 13112063396 138426573 10025488 140250

1735235655
lo: 3256 3256 0 0
eth0: 13122809098 138566163 10745702 139590

1735235656
lo: 3256 3256 0 0
eth0: 13133581330 138694995 10772232 128832

1735235657
lo: 3256 3256 0 0
eth0: 13145058996 138838413 11477666 143418

1735235658
lo: 3256 3256 0 0
eth0: 13155620078 138982095 10561082 143682

1735235659
lo: 3256 3256 0 0
eth0: 13163522970 139095483 7902892 113388

1735235660
lo: 3256 3256 0 0
eth0: 13171342890 139218507 7819920 123024

1735235661
lo: 3256 3256 0 0
eth0: 13178530580 139332753 7187690 114246

1735235662
lo: 3256 3256 0 0
eth0: 13186295724 139447923 7765144 115170

1735235664
lo: 3256 3256 0 0
eth0: 13199284336 139630875 12988612 182952

1735235667
lo: 3256 3256 0 0
eth0: 13209264717 139680747 9980381 49872

1735235668
lo: 3256 3256 0 0
eth0: 13215476800 139739289 6212083 58542

1735235669
lo: 3256 3256 0 0
eth0: 13219990948 139803639 4514148 64350

1735235670
lo: 3256 3256 0 0
eth0: 13225181540 139881783 5190592 78144

1735235671
lo: 3256 3256 0 0
eth0: 13234076468 140018271 8894928 136488

1735235674
lo: 3256 3256 0 0
eth0: 13241982579 140096811 7906111 78540

1735235675
lo: 3256 3256 0 0
eth0: 13250957078 140208417 8974499 111606

1735235677
lo: 3256 3256 0 0
eth0: 13256498754 140296593 5541676 88176

1735235678
lo: 3256 3256 0 0
eth0: 13260578912 140359755 4080158 63162

1735235679
lo: 3256 3256 0 0
eth0: 13264202618 140416773 3623706 57018

1735235681
lo: 3256 3256 0 0
eth0: 13273439244 140580783 9236626 164010

1735235682
lo: 3256 3256 0 0
eth0: 13281748344 140716413 8309100 135630

1735235683
lo: 3256 3256 0 0
eth0: 13286720314 140773899 4971970 57486

1735235684
lo: 3256 3256 0 0
eth0: 13291051666 140840403 4331352 66504

1735235685
lo: 3256 3256 0 0
eth0: 13296574934 140927985 5523268 87582

1735235686
lo: 3256 3256 0 0
eth0: 13301588148 141006393 5013214 78408

1735235687
lo: 3256 3256 0 0
eth0: 13305958706 141079125 4370558 72732

1735235688
lo: 3256 3256 0 0
eth0: 13310652396 141164595 4693690 85470

1735235689
lo: 3256 3256 0 0
eth0: 13314905790 141237525 4253394 72930

1735235690
lo: 3256 3256 0 0
eth0: 13318978582 141308211 4072792 70686

1735235691
lo: 3256 3256 0 0
eth0: 13322620696 141371703 3642114 63492

1735235692
lo: 3256 3256 0 0
eth0: 13326627446 141443907 4006750 72204

1735235693
lo: 3256 3256 0 0
eth0: 13330828360 141516837 4200914 72930

1735235694
lo: 3256 3256 0 0
eth0: 13335015410 141593529 4187050 76692

1735235695
lo: 3256 3256 0 0
eth0: 13339623314 141665997 4607904 72468

1735235696
lo: 3256 3256 0 0
eth0: 13344874920 141752193 5251606 86196

1735235697
lo: 3256 3256 0 0
eth0: 13350003724 141831261 5128804 79068

1735235698
lo: 3256 3256 0 0
eth0: 13355259046 141911649 5255322 80388

1735235699
lo: 3256 3256 0 0
eth0: 13359338178 141970059 4079132 58410

1735235700
lo: 3256 3256 0 0
eth0: 13362902408 142024377 3564230 54318

1735235701
lo: 3256 3256 0 0
eth0: 13366687894 142085757 3785486 61380

1735235702
lo: 3256 3256 0 0
eth0: 13370660800 142150305 3972906 64548

1735235703
lo: 3256 3256 0 0
eth0: 13375363064 142228119 4702264 77814

1735235704
lo: 3256 3256 0 0
eth0: 13380211670 142305075 4848606 76956

1735235705
lo: 3256 3256 0 0
eth0: 13385520368 142384737 5308698 79662

1735235706
lo: 3256 3256 0 0
eth0: 13391161790 142473111 5641422 88374

1735235707
lo: 3256 3256 0 0
eth0: 13396294718 142556733 5132928 83622

1735235708
lo: 3256 3256 0 0
eth0: 13402243034 142645017 5948316 88284

1735235709
lo: 3256 3256 0 0
eth0: 13408183796 142735899 5940762 90882

1735235710
lo: 3256 3256 0 0
eth0: 13414980022 142835955 6796226 100056

1735235711
lo: 3256 3256 0 0
eth0: 13421820552 142937067 6840530 101112

1735235712
lo: 3256 3256 0 0
eth0: 13427506496 143021811 5685944 84744

1735235713
lo: 3256 3256 0 0
eth0: 13431766482 143094675 4259986 72864

1735235714
lo: 3256 3256 0 0
eth0: 13435326052 143153547 3559570 58872

1735235715
lo: 3256 3256 0 0
eth0: 13439002570 143210241 3676518 56694

1735235716
lo: 3256 3256 0 0
eth0: 13442474976 143259248 3472406 49007

1735235717
lo: 3256 3256 0 0
eth0: 13445841552 143313962 3366576 54714

1735235718
lo: 3256 3256 0 0
eth0: 13449599030 143367919 3757478 53957

1735235719
lo: 3256 3256 0 0
eth0: 13452819426 143416099 3220396 48180

1735235720
lo: 3256 3256 0 0
eth0: 13455243988 143453521 2424562 37422

1735235721
lo: 3256 3256 0 0
eth0: 13457381662 143487157 2137674 33636

1735235722
lo: 3256 3256 0 0
eth0: 13460018880 143528275 2637218 41118

1735235723
lo: 3256 3256 0 0
eth0: 13463130618 143577313 3111738 49038

1735235724
lo: 3256 3256 0 0
eth0: 13466746100 143637703 3615482 60390

1735235725
lo: 3256 3256 0 0
eth0: 13469464042 143686345 2717942 48642

1735235726
lo: 3256 3256 0 0
eth0: 13472399110 143737825 2935068 51480

1735235727
lo: 3256 3256 0 0
eth0: 13474889204 143779075 2490094 41250

1735235728
lo: 3256 3256 0 0
eth0: 13476949562 143817421 2060358 38346

1735235729
lo: 3256 3256 0 0
eth0: 13479212834 143863489 2263272 46068

1735235730
lo: 3256 3256 0 0
eth0: 13481648598 143911603 2435764 48114

1735235731
lo: 3256 3256 0 0
eth0: 13484190700 143957407 2542102 45804

1735235732
lo: 3256 3256 0 0
eth0: 13486705198 144008821 2514498 51414

1735235733
lo: 3256 3256 0 0
eth0: 13489788784 144070465 3083586 61644

1735235734
lo: 3256 3256 0 0
eth0: 13492729934 144124057 2941150 53592

1735235735
lo: 3256 3256 0 0
eth0: 13496074564 144186427 3344630 62370

1735235736
lo: 3256 3256 0 0
eth0: 13499725438 144252691 3650874 66264

1735235737
lo: 3256 3256 0 0
eth0: 13503589384 144318625 3863946 65934

1735235738
lo: 3256 3256 0 0
eth0: 13507926154 144383371 4336770 64746

1735235739
lo: 3256 3256 0 0
eth0: 13513300704 144471217 5374550 87846

1735235740
lo: 3256 3256 0 0
eth0: 13518364338 144521707 5063634 50490

1735235741
lo: 3256 3256 0 0
eth0: 13523600602 144597343 5236264 75636

1735235742
lo: 3256 3256 0 0
eth0: 13530222986 144698719 6622384 101376

1735235744
lo: 3256 3256 0 0
eth0: 13540113694 144796663 9890708 97944

1735235746
lo: 3256 3256 0 0
eth0: 13548434906 144910249 8321212 113586

1735235747
lo: 3256 3256 0 0
eth0: 13555537706 145011757 7102800 101508

1735235748
lo: 3256 3256 0 0
eth0: 13566268782 145168243 10731076 156486

1735235749
lo: 3256 3256 0 0
eth0: 13572981618 145270081 6712836 101838

1735235750
lo: 3256 3256 0 0
eth0: 13579717214 145371457 6735596 101376

1735235751
lo: 3256 3256 0 0
eth0: 13584344036 145441087 4626822 69630

1735235752
lo: 3256 3256 0 0
eth0: 13588007906 145504645 3663870 63558

1735235753
lo: 3256 3256 0 0
eth0: 13591972360 145581007 3964454 76362

1735235754
lo: 3256 3256 0 0
eth0: 13595903790 145649119 3931430 68112

1735235755
lo: 3256 3256 0 0
eth0: 13600098368 145713667 4194578 64548

1735235756
lo: 3256 3256 0 0
eth0: 13604430620 145779073 4332252 65406

1735235757
lo: 3256 3256 0 0
eth0: 13609813010 145861285 5382390 82212

1735235759
lo: 3256 3256 0 0
eth0: 13620079684 146037307 10266674 176022

1735235760
lo: 3256 3256 0 0
eth0: 13626329944 146132611 6250260 95304

1735235761
lo: 3256 3256 0 0
eth0: 13632876420 146224987 6546476 92376

1735235762
lo: 3256 3256 0 0
eth0: 13639794846 146322865 6918426 97878

1735235763
lo: 3256 3256 0 0
eth0: 13647253606 146434339 7458760 111474

1735235764
lo: 3256 3256 0 0
eth0: 13655527476 146557627 8273870 123288

1735235765
lo: 3256 3256 0 0
eth0: 13664959168 146692465 9431692 134838

1735235766
lo: 3256 3256 0 0
eth0: 13676480450 146831461 11521282 138996

1735235767
lo: 3256 3256 0 0
eth0: 13690628890 146908945 14148440 77484

1735235768
lo: 3256 3256 0 0
eth0: 13708257060 147045829 17628170 136884

1735235769
lo: 3256 3256 0 0
eth0: 13724072162 147135655 15815102 89826

1735235770
lo: 3256 3256 0 0
eth0: 13741114670 147275707 17042508 140052

1735235771
lo: 3256 3256 0 0
eth0: 13759048430 147438199 17933760 162492

1735235772
lo: 3256 3256 0 0
eth0: 13773191670 147566635 14143240 128436

1735235773
lo: 3256 3256 0 0
eth0: 13788290064 147675601 15098394 108966

1735235774
lo: 3256 3256 0 0
eth0: 13804208548 147818821 15918484 143220

1735235775
lo: 3256 3256 0 0
eth0: 13817222002 147957487 13013454 138666

1735235776
lo: 3256 3256 0 0
eth0: 13829543828 148077211 12321826 119724

1735235777
lo: 3256 3256 0 0
eth0: 13835342368 148141825 5798540 64614

1735235778
lo: 3256 3256 0 0
eth0: 13840751652 148219969 5409284 78144

1735235779
lo: 3256 3256 0 0
eth0: 13846602578 148318903 5850926 98934

1735235780
lo: 3256 3256 0 0
eth0: 13853040416 148428991 6437838 110088

1735235781
lo: 3256 3256 0 0
eth0: 13859773126 148536571 6732710 107580

1735235782
lo: 3256 3256 0 0
eth0: 13867287760 148655239 7514634 118668

1735235783
lo: 3256 3256 0 0
eth0: 13875448756 148778659 8160996 123420

1735235784
lo: 3256 3256 0 0
eth0: 13883201170 148893895 7752414 115236

1735235785
lo: 3256 3256 0 0
eth0: 13891627982 149019823 8426812 125928

1735235786
lo: 3256 3256 0 0
eth0: 13900866310 149158753 9238328 138930

1735235787
lo: 3256 3256 0 0
eth0: 13910508904 149296825 9642594 138072

1735235788
lo: 3256 3256 0 0
eth0: 13921748056 149435557 11239152 138732

1735235789
lo: 3256 3256 0 0
eth0: 13933237586 149577985 11489530 142428

1735235790
lo: 3256 3256 0 0
eth0: 13944756246 149719621 11518660 141636

1735235791
lo: 3256 3256 0 0
eth0: 13957413548 149866405 12657302 146784

1735235792
lo: 3256 3256 0 0
eth0: 13970739212 150028699 13325664 162294

1735235793
lo: 3256 3256 0 0
eth0: 13984243792 150158653 13504580 129954

1735235794
lo: 3256 3256 0 0
eth0: 13997877498 150316237 13633706 157584

1735235795
lo: 3256 3256 0 0
eth0: 14011780590 150466057 13903092 149820

1735235796
lo: 3256 3256 0 0
eth0: 14026405786 150640429 14625196 174372

1735235797
lo: 3256 3256 0 0
eth0: 14041574440 150815197 15168654 174768

1735235798
lo: 3256 3256 0 0
eth0: 14057276820 150983959 15702380 168762

