1735234239
32665984 24414640 4457392 1660404 2097148 1782952

1735234240
32665984 23938128 4457412 1680072 2097148 1782952

1735234241
32665984 23792248 4457420 1794892 2097148 1782952

1735234242
32665984 23670188 4457424 1903392 2097148 1782952

1735234243
32665984 23457912 4457424 1953852 2097148 1782952

1735234244
32665984 23233484 4457496 2287184 2097148 1782952

1735234245
32665984 22646824 4458308 2789856 2097148 1782952

1735234246
32665984 22535628 4458364 2921048 2097148 1782952

1735234247
32665984 22314936 4458364 3136500 2097148 1782952

1735234248
32665984 22155780 4458448 3290516 2097148 1782952

1735234249
32665984 22005016 4458504 3397560 2097148 1782952

1735234250
32665984 21945384 4458540 3446960 2097148 1782952

1735234251
32665984 21851784 4458580 3573140 2097148 1783208

1735234252
32665984 21579060 4458712 3767876 2097148 1783208

1735234253
32665984 21233036 4458828 4092572 2097148 1783208

1735234254
32665984 21063424 4458904 4262800 2097148 1783208

1735234255
32665984 20878904 4459004 4410856 2097148 1783208

1735234256
32665984 20722752 4459116 4537608 2097148 1783208

1735234257
32665984 20706676 4459156 4572804 2097148 1783208

1735234258
32665984 20597040 4459460 4669260 2097148 1783208

1735234259
32665984 20472480 4459472 4767688 2097148 1783208

1735234260
32665984 20433240 4459532 4847892 2097148 1783208

1735234261
32665984 20283992 4459580 4956588 2097148 1783208

1735234262
32665984 20001932 4459608 5174988 2097148 1783208

1735234263
32665984 19719432 4459608 5448824 2097148 1783208

1735234264
32665984 19613484 4459696 5536696 2097148 1783208

1735234265
32665984 19560860 4459696 5580136 2097148 1783208

1735234266
32665984 19464380 4459696 5651104 2097148 1783208

1735234267
32665984 18992100 4459696 6003460 2097148 1783208

1735234268
32665984 18664520 4459696 6358776 2097148 1783208

1735234269
32665984 18621360 4459824 6420104 2097148 1783208

1735234270
32665984 18413236 4461708 6570760 2097148 1783208

1735234271
32665984 18331352 4461712 6637036 2097148 1783208

1735234272
32665984 18289292 4461712 6698952 2097148 1783208

1735234273
32665984 18070856 4461852 6881348 2097148 1783208

1735234274
32665984 18021552 4461956 6920028 2097148 1783208

1735234275
32665984 17959040 4464880 6952172 2097148 1783208

1735234276
32665984 17903356 4465096 7001892 2097148 1783208

1735234277
32665984 17861912 4465336 7068900 2097148 1783208

1735234278
32665984 17818852 4465336 7104904 2097148 1783208

1735234279
32665984 17787712 4465360 7139484 2097148 1783208

1735234280
32665984 17734220 4465364 7185252 2097148 1783208

1735234281
32665984 17652472 4465364 7262156 2097148 1783208

1735234282
32665984 17604684 4465364 7292388 2097148 1783208

1735234283
32665984 17588596 4465364 7302636 2097148 1783208

1735234284
32665984 17521512 4465404 7321816 2097148 1783208

1735234285
32665984 17413420 4465408 7341932 2097148 1783208

1735234286
32665984 17354744 4465412 7358532 2097148 1783208

1735234287
32665984 17330900 4465412 7370396 2097148 1783208

1735234288
32665984 17361152 4465432 7384472 2097148 1783208

1735234289
32665984 17323620 4465652 7400872 2097148 1783208

1735234290
32665984 17328912 4465660 7417144 2097148 1783208

1735234291
32665984 17282152 4465668 7430344 2097148 1783208

1735234292
32665984 17260312 4465696 7446540 2097148 1783208

1735234293
32665984 17227892 4465748 7462804 2097148 1783208

1735234294
32665984 17236748 4465960 7478304 2097148 1783208

1735234295
32665984 16836684 4465960 7493584 2097148 1783208

1735234296
32665984 17210112 4465960 7510364 2097148 1783208

1735234297
32665984 17175432 4465960 7531604 2097148 1783208

1735234298
32665984 17112456 4465960 7607724 2097148 1783208

1735234299
32665984 16649628 4466044 7897168 2097148 1783208

1735234300
32665984 16325824 4466232 8224416 2097148 1783208

1735234301
32665984 15344944 4466336 9112644 2097148 1783208

1735234302
32665984 14576896 4466588 9719796 2097148 1783208

1735234303
32665984 13943248 4467100 10113540 2097148 1783208

1735234304
32665984 13635904 4467416 10555324 2097148 1783208

1735234305
32665984 13050872 4467532 10886240 2097148 1783208

1735234306
32665984 12418244 4470472 11226652 2097148 1783208

1735234307
32665984 12183868 4474752 11521072 2097148 1783208

1735234308
32665984 11624736 4508216 11854536 2097148 1783208

1735234309
32665984 10533056 4508608 12536012 2097148 1783208

1735234310
32665984 9782460 4509424 12715012 2097148 1783208

1735234315
32665984 9685944 4509440 12722580 2097148 1783208

1735234316
32665984 10307424 4509596 12861300 2097148 1783208

1735234317
32665984 10309340 4510012 13086320 2097148 1783208

1735234318
32665984 10068440 4510424 13325404 2097148 1783208

1735234319
32665984 8786584 4511116 13429668 2097148 1783208

1735234320
32665984 8877836 4511956 13509624 2097148 1783208

1735234321
32665984 8306968 4515880 13612160 2097148 1783208

1735234322
32665984 8221908 4517628 13689072 2097148 1783208

1735234323
32665984 7781120 4518060 13859616 2097148 1783208

1735234324
32665984 7888944 4518088 14031376 2097148 1783208

1735234325
32665984 9007496 4519032 14207664 2097148 1783208

1735234326
32665984 8789064 4519620 14292464 2097148 1783208

1735234327
32665984 9013316 4519624 14331468 2097148 1783208

1735234330
32665984 8944872 4519792 14366200 2097148 1783208

1735234331
32665984 8718532 4521724 14519480 2097148 1783208

1735234332
32665984 8210812 4525308 14734036 2097148 1783208

1735234334
32665984 7574356 4553864 14869876 2097148 1783208

1735234335
32665984 7686652 4553944 15135460 2097148 1783208

1735234336
32665984 7598892 4553948 15261064 2097148 1783208

1735234337
32665984 7666824 4553956 15362024 2097148 1783208

1735234340
32665984 7582988 4554040 15421020 2097148 1783208

1735234341
32665984 7772832 4554072 15500580 2097148 1783208

1735234342
32665984 7655032 4554084 15553204 2097148 1783208

1735234343
32665984 7681772 4554208 15581860 2097148 1783208

1735234345
32665984 7510116 4554228 15681580 2097148 1783208

1735234346
32665984 7395776 4554260 15746108 2097148 1783208

1735234347
32665984 7242088 4554436 15827388 2097148 1783208

1735234348
32665984 7017408 4554484 15932032 2097148 1783208

1735234349
32665984 6694524 4554660 16035536 2097148 1783208

1735234350
32665984 6371136 4554744 16111616 2097148 1783208

1735234351
32665984 6534008 4555848 16244140 2097148 1783208

1735234352
32665984 6647268 4558936 16414440 2097148 1783208

1735234355
32665984 6648348 4558936 16414440 2097148 1783208

1735234356
32665984 6327216 4559040 16557160 2097148 1783208

1735234357
32665984 6463500 4559128 16610548 2097148 1783208

1735234361
32665984 6475620 4559308 16675896 2097148 1783208

1735234362
32665984 6493136 4559408 16681864 2097148 1783208

1735234363
32665984 6382884 4559488 16736184 2097148 1783208

1735234364
32665984 6200880 4559500 16822292 2097148 1783208

1735234365
32665984 6275572 4559556 16888920 2097148 1783208

1735234366
32665984 6084472 4559612 16964292 2097148 1783208

1735234367
32665984 6112904 4559676 17062576 2097148 1783208

1735234371
32665984 6037152 4560260 17173876 2097148 1783208

1735234372
32665984 5749904 4560824 17270652 2097148 1783208

1735234373
32665984 5364572 4561224 17355576 2097148 1783208

1735234374
32665984 5354456 4561748 17572112 2097148 1783208

1735234375
32665984 5034036 4561816 17789316 2097148 1783208

1735234378
32665984 4920928 4562132 17951808 2097148 1783208

1735234381
32665984 4931172 4562132 17974492 2097148 1783208

1735234383
32665984 3819432 4562208 18089900 2097148 1783208

1735234385
32665984 4611568 4562264 18119088 2097148 1783208

1735234386
32665984 3746416 4562300 18165664 2097148 1783208

1735234387
32665984 4631012 4562308 18217016 2097148 1783208

1735234388
32665984 4242392 4562308 18261116 2097148 1783208

1735234390
32665984 4366476 4562388 18275120 2097148 1783208

1735234391
32665984 3394652 4562400 18306412 2097148 1783208

1735234393
32665984 3031416 4562408 18346264 2097148 1783208

1735234394
32665984 3239720 4562472 18389368 2097148 1783208

1735234395
32665984 3133792 4562484 18448556 2097148 1783208

1735234396
32665984 3168068 4562508 18507948 2097148 1783208

1735234397
32665984 4139400 4562516 18592828 2097148 1783208

1735234398
32665984 3363256 4562520 18665404 2097148 1783208

1735234401
32665984 4259580 4562632 18721404 2097148 1783208

1735234402
32665984 3574896 4562660 18789632 2097148 1783208

1735234403
32665984 3968716 4562712 18859524 2097148 1783208

1735234404
32665984 3883036 4562780 18917816 2097148 1783208

1735234405
32665984 3877988 4562812 19006832 2097148 1783208

1735234406
32665984 3543456 4562840 19107008 2097148 1783208

1735234407
32665984 3540696 4562844 19195168 2097148 1783208

1735234408
32665984 3351136 4562844 19306500 2097148 1783208

1735234414
32665984 3320988 4562992 19368012 2097148 1783208

1735234415
32665984 3162744 4563020 19490572 2097148 1783208

1735234416
32665984 3065324 4563032 19576488 2097148 1783208

1735234418
32665984 2975196 4563136 19650864 2097148 1783208

1735234419
32665984 2874360 4563148 19712332 2097148 1783208

1735234421
32665984 2777380 4563664 19868628 2097148 1783208

1735234422
32665984 2667136 4564260 19939040 2097148 1783208

1735234423
32665984 2514080 4564804 20039656 2097148 1783208

1735234424
32665984 2102564 4565212 20131956 2097148 1783208

1735234425
32665984 2255668 4566596 20222016 2097148 1783208

1735234426
32665984 2130852 4567172 20289660 2097148 1783208

1735234430
32665984 2175280 4567380 20309104 2097148 1783208

1735234431
32665984 2038968 4567460 20388712 2097148 1783208

1735234432
32665984 2028664 4567536 20426584 2097148 1783208

1735234433
32665984 1995772 4567600 20522300 2097148 1783208

1735234434
32665984 1932144 4567640 20576336 2097148 1783208

1735234435
32665984 1874272 4567740 20625436 2097148 1783208

1735234439
32665984 1756208 4568112 20726336 2097148 1783208

1735234441
32665984 1585248 4568640 20783736 2097148 1783208

1735234442
32665984 1590032 4569040 20841452 2097148 1783208

1735234443
32665984 1530388 4569440 20919508 2097148 1783208

1735234444
32665984 1206288 4571936 21028164 2097148 1783208

1735234445
32665984 1459276 4567256 20962820 2097148 1783208

1735234446
32665984 1331016 4570144 21079584 2097148 1783208

1735234447
32665984 1252664 4570488 21111356 2097148 1783208

1735234448
32665984 1200024 4571824 21187064 2097148 1783208

1735234452
32665984 1124372 4572120 21197308 2097148 1783208

1735234453
32665984 1120716 4569532 21208584 2097148 1783208

1735234454
32665984 1079232 4567004 21216292 2097148 1783208

1735234455
32665984 1011248 4567264 21272972 2097148 1783208

1735234456
32665984 935972 4567640 21314344 2097148 1783208

1735234458
32665984 902920 4567900 21362536 2097148 1783208

1735234459
32665984 887944 4557100 21153728 2097148 1783208

1735234461
32665984 806288 4555096 21169932 2097148 1783208

1735234462
32665984 923992 4556608 21250596 2097148 1783208

1735234463
32665984 897736 4558828 21267936 2097148 1783208

1735234464
32665984 810428 4560388 21323792 2097148 1783208

1735234469
32665984 984728 4554680 21328028 2097148 1783208

1735234470
32665984 879100 4545456 21206200 2097148 1783208

1735234471
32665984 952896 4545520 21239596 2097148 1783208

1735234473
32665984 915452 4545540 21279788 2097148 1783208

1735234475
32665984 918256 4546012 21363032 2097148 1783208

1735234478
32665984 896508 4546228 21389028 2097148 1783208

1735234479
32665984 740724 4546720 21450884 2097148 1783208

1735234480
32665984 670032 4546780 21498536 2097148 1783208

1735234484
32665984 584012 4547240 21540624 2097148 1783208

1735234485
32665984 534664 4542864 21512892 2097148 1783208

1735234486
32665984 394808 4536120 21470340 2097148 1783208

1735234487
32665984 412836 4532648 21474196 2097148 1783208

1735234489
32665984 802784 4508044 21068896 2097148 1783208

1735234490
32665984 949520 4508096 21176288 2097148 1783208

1735234494
32665984 947456 4508248 21179388 2097148 1783208

1735234495
32665984 708652 4508308 21261324 2097148 1783208

1735234496
32665984 626648 4508356 21319432 2097148 1783208

1735234499
32665984 672028 4508356 21327468 2097148 1783208

1735234500
32665984 588604 4508504 21420292 2097148 1783208

1735234501
32665984 553468 4508548 21434884 2097148 1783208

1735234502
32665984 531828 4508592 21470468 2097148 1783208

1735234503
32665984 580640 4508644 21522252 2097148 1783208

1735234504
32665984 471248 4508672 21575624 2097148 1783208

1735234505
32665984 436784 4508672 21632144 2097148 1783208

1735234508
32665984 419684 4508736 21654196 2097148 1783208

1735234509
32665984 233100 4508440 21717876 2097148 1783208

1735234510
32665984 283212 4503056 21706368 2097148 1782952

1735234511
32665984 280492 4501340 21742436 2097148 1782952

1735234512
32665984 279752 4494284 21709020 2097148 1782952

1735234513
32665984 244300 4490876 21733396 2097148 1782952

1735234514
32665984 350968 4481040 21648708 2097148 1782952

1735234517
32665984 270616 4476168 21737928 2097148 1782696

1735234518
32665984 336900 4468388 21660500 2097148 1782696

1735234519
32665984 296588 4466876 21702600 2097148 1782696

1735234520
32665984 253628 4463724 21703804 2097148 1782696

1735234522
32665984 270696 4459992 21737960 2097148 1782696

1735234523
32665984 270684 4458716 21762736 2097148 1782696

1735234524
32665984 480164 4435556 21373192 2097148 1782440

1735234527
32665984 710372 4435640 21374440 2097148 1782440

1735234528
32665984 628264 4435648 21399068 2097148 1782440

1735234529
32665984 581988 4435664 21423444 2097148 1782440

1735234531
32665984 545272 4435748 21458624 2097148 1782440

1735234532
32665984 457356 4435844 21480576 2097148 1782440

1735234533
32665984 478304 4435884 21525932 2097148 1782440

1735234534
32665984 457424 4436040 21571748 2097148 1782440

1735234535
32665984 355608 4436844 21620336 2097148 1782440

1735234536
32665984 380192 4424788 21494584 2097148 1782440

1735234537
32665984 410072 4424984 21564008 2097148 1782440

1735234538
32665984 329548 4419052 21540148 2097148 1782440

1735234539
32665984 260120 4418364 21588940 2097148 1782440

1735234542
32665984 272860 4418480 21654988 2097148 1782440

1735234543
32665984 338192 4413444 21680112 2097148 1782440

1735234545
32665984 274652 4411628 21721892 2097148 1782440

1735234546
32665984 319184 4411676 21727996 2097148 1782440

1735234547
32665984 259160 4407828 21733276 2097148 1782440

1735234548
32665984 258636 4398884 21672356 2097148 1782440

1735234549
32665984 288096 4397660 21702124 2097148 1782440

1735234554
32665984 312468 4396964 21684604 2097148 1782440

1735234555
32665984 302356 4379280 21417480 2097148 1782440

1735234557
32665984 261844 4378876 21456328 2097148 1782440

1735234558
32665984 294632 4372460 21425336 2097148 1782440

1735234559
32665984 240120 4370004 21449640 2097148 1782440

1735234560
32665984 288060 4363476 21433664 2097148 1782440

1735234561
32665984 239344 4350136 21266628 2097148 1782440

1735234562
32665984 479004 4341240 21182364 2097148 1782440

1735234568
32665984 820208 4328656 21062352 2097148 1782440

1735234570
32665984 566412 4328832 21145720 2097148 1782440

1735234571
32665984 531048 4328848 21173736 2097148 1782440

1735234572
32665984 658916 4326440 21295512 2097148 1782440

1735234574
32665984 335904 4325840 21506980 2097148 1782440

1735234575
32665984 332552 4325888 21584668 2097148 1782440

1735234576
32665984 270076 4324516 21628868 2097148 1782440

1735234578
32665984 278212 4322396 21628108 2097148 1782440

1735234580
32665984 508064 4309924 21508444 2097148 1782440

1735234584
32665984 438396 4309748 21575244 2097148 1782440

1735234585
32665984 261228 4308588 21627876 2097148 1782440

1735234586
32665984 278152 4297308 21530408 2097148 1782440

1735234587
32665984 261752 4284820 21433356 2097148 1782440

1735234588
32665984 287248 4276172 21347240 2097148 1782440

1735234589
32665984 358608 4274192 21428368 2097148 1782440

1735234594
32665984 315832 4241800 21146080 2097148 1782440

1735234596
32665984 625808 4241828 21181552 2097148 1782440

1735234597
32665984 474096 4224984 21141552 2097148 1782440

1735234599
32665984 279400 4222068 21163132 2097148 1782440

1735234600
32665984 474220 4222164 21207952 2097148 1782440

1735234601
32665984 550396 4195472 20877392 2097148 1782440

1735234602
32665984 600460 4195516 20911948 2097148 1782440

1735234603
32665984 588600 4195548 20932928 2097148 1782440

1735234606
32665984 537136 4195632 20960368 2097148 1782440

1735234607
32665984 503896 4195636 20993900 2097148 1782440

1735234608
32665984 472940 4195680 21018968 2097148 1782440

1735234609
32665984 848724 4195740 21039236 2097148 1782440

1735234610
32665984 810944 4195764 21091024 2097148 1782440

1735234611
32665984 707448 4195776 21152668 2097148 1782440

1735234612
32665984 620468 4195788 21221724 2097148 1782440

1735234613
32665984 425824 4195284 21294484 2097148 1782440

1735234619
32665984 472932 4195500 21400160 2097148 1782440

1735234620
32665984 470296 4195556 21342436 2097148 1782440

1735234626
32665984 476568 4195556 21343164 2097148 1782440

1735234628
32665984 307416 4195848 21420016 2097148 1782440

1735234629
32665984 241328 4184324 21520404 2097148 1782440

1735234634
32665984 354108 4175244 21552284 2097148 1782440

1735234635
32665984 445064 4150712 21357516 2097148 1782440

1735234636
32665984 322424 4142440 21407416 2097148 1782440

1735234637
32665984 350096 4127740 21389080 2097148 1782440

1735234638
32665984 436524 4117060 21322608 2097148 1782440

1735234639
32665984 254900 4117228 21452984 2097148 1782440

1735234643
32665984 318084 4114356 21379720 2097148 1782440

1735234644
32665984 271920 4114412 21480256 2097148 1782440

1735234649
32665984 258084 4112472 21507092 2097148 1782440

1735234650
32665984 263328 4101252 21326296 2097148 1782440

1735234651
32665984 361480 4100172 21371632 2097148 1782440

1735234653
32665984 312140 4098772 21478048 2097148 1782440

1735234657
32665984 439724 4094552 21481516 2097148 1782440

1735234658
32665984 733312 4067420 21063552 2097148 1782440

1735234659
32665984 826056 4054116 20908096 2097148 1782440

1735234660
32665984 734180 4054200 20924892 2097148 1782440

1735234661
32665984 712664 4054320 21012316 2097148 1782440

1735234662
32665984 332184 4054624 21078288 2097148 1782440

1735234663
32665984 267668 4046964 21017668 2097148 1782440

1735234667
32665984 291856 4038988 20895540 2097148 1782440

1735234668
32665984 445236 4035972 20723940 2097148 1782440

1735234672
32665984 852428 4036040 20797256 2097148 1782440

1735234675
32665984 645760 4036808 21051120 2097148 1782440

1735234679
32665984 687916 4033796 21187048 2097148 1782440

1735234680
32665984 282996 4015772 21018876 2097148 1782440

1735234681
32665984 382608 4005400 21017616 2097148 1782440

1735234682
32665984 311560 3989692 20753024 2097148 1782440

1735234685
32665984 685080 3989780 20784264 2097148 1782440

1735234686
32665984 305176 3990104 20885996 2097148 1782440

1735234687
32665984 669744 3990188 20984480 2097148 1782440

1735234688
32665984 445472 3990336 21076920 2097148 1782440

1735234689
32665984 363052 3990520 21137536 2097148 1782440

1735234690
32665984 275656 3952420 20423400 2097148 1782440

1735234694
32665984 326040 3927108 19998108 2097148 1782440

1735234695
32665984 310632 3896664 19629968 2097148 1782440

1735234696
32665984 858508 3894324 19649152 2097148 1782440

1735234697
32665984 1518364 3894356 19703960 2097148 1782440

1735234698
32665984 1889980 3894412 19763212 2097148 1782440

1735234699
32665984 1823600 3894480 19641780 2097148 1782440

1735234700
32665984 1957812 3894712 19716448 2097148 1782440

1735234701
32665984 1713228 3894928 19787788 2097148 1782440

1735234702
32665984 1641100 3765164 18070892 2097148 1782440

1735234705
32665984 3183532 3765328 18081324 2097148 1782440

1735234706
32665984 2263864 3766336 18134444 2097148 1782440

1735234708
32665984 2644436 3766336 18147576 2097148 1782440

1735234709
32665984 3433736 3766748 18226912 2097148 1782440

1735234710
32665984 3633920 3767336 18352200 2097148 1782440

1735234712
32665984 2755100 3800516 18512364 2097148 1782440

1735234713
32665984 2845960 3801412 18753040 2097148 1782440

1735234714
32665984 2722924 3803144 18890320 2097148 1782440

1735234716
32665984 2142224 3805256 18990404 2097148 1782440

1735234717
32665984 1922992 3805988 19087044 2097148 1782440

1735234719
32665984 1797768 3807004 19156456 2097148 1782440

1735234720
32665984 1741732 3807180 19197492 2097148 1782440

1735234721
32665984 2206464 3807404 19234936 2097148 1782440

1735234722
32665984 2436652 3807444 19274588 2097148 1782440

1735234724
32665984 2590948 3807832 19064600 2097148 1782440

1735234725
32665984 2507800 3807976 19111384 2097148 1782440

1735234726
32665984 2517780 3808480 19020544 2097148 1782440

1735234728
32665984 2527892 3808584 19046852 2097148 1782440

1735234729
32665984 2934212 3808760 18704500 2097148 1782440

1735234731
32665984 3081708 3808960 18762164 2097148 1782440

1735234732
32665984 2726580 3809132 18818944 2097148 1782440

1735234733
32665984 2876208 3809460 18895156 2097148 1782440

1735234734
32665984 2888460 3809768 19011928 2097148 1782440

1735234735
32665984 2804076 3809880 19086056 2097148 1782440

1735234736
32665984 2726540 3810100 19167224 2097148 1782440

1735234738
32665984 2663328 3810160 19204500 2097148 1782440

1735234739
32665984 2646380 3810168 19211152 2097148 1782440

1735234740
32665984 2575552 3810228 19251572 2097148 1782440

1735234741
32665984 2546040 3810248 19280588 2097148 1782440

1735234744
32665984 2247216 3810372 19305844 2097148 1782440

1735234745
32665984 2393388 3810684 19365116 2097148 1782440

1735234746
32665984 2298784 3810856 19403800 2097148 1782440

1735234748
32665984 2457792 3810940 19499392 2097148 1782440

1735234749
32665984 2287452 3811012 19548684 2097148 1782440

1735234750
32665984 2179292 3811312 19629356 2097148 1782440

1735234751
32665984 2101128 3811680 19709508 2097148 1782440

1735234752
32665984 2004732 3812220 19785532 2097148 1782440

1735234753
32665984 1904048 3812348 19854852 2097148 1782440

1735234757
32665984 1821852 3812560 19898532 2097148 1782440

1735234758
32665984 1808588 3812960 19936652 2097148 1782440

1735234759
32665984 1747736 3813208 19985572 2097148 1782440

1735234760
32665984 1731220 3813436 20010804 2097148 1782440

1735234762
32665984 1746664 3813584 20042644 2097148 1782440

1735234763
32665984 1599744 3814184 20152304 2097148 1782440

1735234765
32665984 1684880 3814316 20189672 2097148 1782440

1735234766
32665984 1538500 3814488 20254692 2097148 1782440

1735234767
32665984 1472868 3814564 20313080 2097148 1782440

1735234771
32665984 1413488 3814808 20394152 2097148 1782440

1735234772
32665984 1300128 3814964 20482288 2097148 1782440

1735234773
32665984 1135728 3815124 20554188 2097148 1782440

1735234774
32665984 1215432 3815192 20619344 2097148 1782440

1735234776
32665984 974116 3815552 20718148 2097148 1782440

1735234777
32665984 896544 3817240 20771412 2097148 1782440

1735234778
32665984 886920 3817668 20899584 2097148 1782440

1735234779
32665984 849584 3817952 20962220 2097148 1782440

1735234785
32665984 729412 3818628 21078856 2097148 1782440

1735234786
32665984 474384 3818888 21233608 2097148 1782440

1735234787
32665984 520780 3810628 21200784 2097148 1782440

1735234792
32665984 529772 3810628 21200888 2097148 1782440

1735234797
32665984 597524 3810700 21213816 2097148 1782440

1735234798
32665984 324996 3800156 21128212 2097148 1782440

1735234800
32665984 369484 3800156 21129668 2097148 1782440

1735234801
32665984 391308 3777628 21191000 2097148 1782440

1735234802
32665984 389908 3765000 21184732 2097148 1782440

1735234803
32665984 327180 3765796 21233252 2097148 1782440

1735234804
32665984 423304 3755404 21175456 2097148 1782440

1735234806
32665984 333796 3745564 21156992 2097148 1782440

1735234811
32665984 328400 3741292 21272088 2097148 1782440

1735234812
32665984 257852 3721436 21006228 2097148 1782440

1735234816
32665984 335232 3714108 21045280 2097148 1782440

1735234817
32665984 466804 3714304 21116128 2097148 1782440

1735234820
32665984 614364 3701068 20945388 2097148 1782440

1735234821
32665984 707452 3701444 21029904 2097148 1782440

1735234822
32665984 298308 3698288 21027588 2097148 1782440

1735234823
32665984 579060 3686820 20869276 2097148 1782440

1735234825
32665984 533556 3687060 20918880 2097148 1782440

1735234826
32665984 714248 3684196 20937696 2097148 1782440

1735234827
32665984 494340 3684308 21027360 2097148 1782440

1735234828
32665984 781840 3609760 20247876 2097148 1782440

1735234829
32665984 939164 3594820 20335332 2097148 1782440

1735234830
32665984 341640 3592900 20308500 2097148 1782440

1735234831
32665984 1278544 3576484 20120608 2097148 1782440

1735234833
32665984 1652696 3576536 20144744 2097148 1782440

1735234836
32665984 1686140 3576640 20148208 2097148 1782440

1735234837
32665984 1457412 3576892 20170664 2097148 1782440

1735234838
32665984 1446316 3576992 20194760 2097148 1782440

1735234839
32665984 1398212 3577112 20214324 2097148 1782440

1735234841
32665984 1431568 3577240 20233184 2097148 1782440

1735234842
32665984 1502428 3577352 20238004 2097148 1782440

1735234843
32665984 1488128 3577508 20246288 2097148 1782440

1735234844
32665984 1408796 3577584 20263480 2097148 1782440

1735234845
32665984 1420100 3577796 20276316 2097148 1782440

1735234846
32665984 1395552 3578008 20298260 2097148 1782440

1735234851
32665984 1342100 3578884 20404884 2097148 1782440

1735234852
32665984 1020844 3579332 20449680 2097148 1782440

1735234853
32665984 1225236 3579620 20494056 2097148 1782440

1735234854
32665984 1184580 3580132 20551140 2097148 1782440

1735234855
32665984 1122684 3581904 20595536 2097148 1782440

1735234856
32665984 1026416 3582664 20640200 2097148 1782440

1735234861
32665984 1162676 3585580 20757724 2097148 1782440

1735234862
32665984 1002128 3590200 20841972 2097148 1782440

1735234863
32665984 908060 3591260 20904148 2097148 1782440

1735234865
32665984 908576 3591268 20904140 2097148 1782440

1735234866
32665984 820592 3591496 20925140 2097148 1782440

1735234868
32665984 745088 3592128 21003200 2097148 1782440

1735234869
32665984 639024 3592348 21071496 2097148 1782440

1735234870
32665984 602788 3592712 21132120 2097148 1782440

1735234875
32665984 601868 3592748 21132756 2097148 1782440

1735234876
32665984 497296 3593680 21217364 2097148 1782440

1735234877
32665984 369600 3594024 21291804 2097148 1782440

1735234878
32665984 321740 3593376 21359484 2097148 1782440

1735234879
32665984 281884 3589252 21382708 2097148 1782440

1735234880
32665984 3078492 3405348 18697708 2097148 1780904

1735234886
32665984 3078464 3405348 18698356 2097148 1780904

1735234887
32665984 2983224 3405508 18722044 2097148 1780904

1735234888
32665984 821508 3406080 18803792 2097148 1780904

1735234896
32665984 778756 3366112 18348528 2097148 1780904

1735234897
32665984 609564 3353216 18067128 2097148 1779880

1735234898
32665984 653056 3329312 17737892 2097148 1779624

1735234904
32665984 4086348 3329828 17765156 2097148 1779624

1735234906
32665984 429304 3311916 17778320 2097148 1779624

1735234907
32665984 891708 3296528 17716912 2097148 1779624

1735234910
32665984 1880492 3260256 17370916 2097148 1777064

1735234911
32665984 1050508 3260392 17423444 2097148 1777064

1735234912
32665984 574620 3247980 17354156 2097148 1774248

1735234914
32665984 1010092 3248540 17417412 2097148 1774248

1735234915
32665984 428236 3243772 17478752 2097148 1773736

1735234918
32665984 4203648 3206096 17076308 2097148 1747624

1735234920
32665984 4193116 3206996 17322732 2097148 1747624

1735234921
32665984 5076016 3207488 17390496 2097148 1747624

1735234922
32665984 5076280 3207488 17390676 2097148 1747624

1735234924
32665984 4809732 3208772 17789636 2097148 1747624

1735234927
32665984 4768980 3210272 17839848 2097148 1747624

1735234928
32665984 4529840 3213760 17991576 2097148 1747624

1735234929
32665984 4446780 3214236 18071928 2097148 1747624

1735234930
32665984 4224576 3215100 18331544 2097148 1747624

1735234931
32665984 4046844 3215740 18464380 2097148 1747624

1735234937
32665984 3983380 3216332 18500612 2097148 1747624

1735234939
32665984 3943716 3216420 18523252 2097148 1747624

1735234940
32665984 3742984 3217228 18666240 2097148 1747624

1735234941
32665984 3532576 3219476 18830564 2097148 1747624

1735234942
32665984 3309788 3220428 18995620 2097148 1747624

1735234943
32665984 3367700 3241388 19030348 2097148 1747624

1735234945
32665984 3323308 3254180 19037436 2097148 1747624

1735234946
32665984 2909084 3305004 19235632 2097148 1748648

1735234947
32665984 2754936 3305352 19410768 2097148 1748648

1735234949
32665984 2623788 3305652 19540464 2097148 1748648

1735234951
32665984 2637996 3305896 19545136 2097148 1748648

1735234952
32665984 2523848 3307624 19627200 2097148 1748648

1735234953
32665984 2488100 3307888 19668232 2097148 1748648

1735234957
32665984 2475580 3307948 19692040 2097148 1748648

1735234959
32665984 2375396 3308160 19753152 2097148 1748648

1735234960
32665984 2357752 3308184 19805224 2097148 1748648

1735234961
32665984 2350152 3308192 19808044 2097148 1748648

1735234963
32665984 2308444 3308264 19850704 2097148 1748648

1735234965
32665984 2266628 3308528 19907524 2097148 1748648

1735234966
32665984 2242324 3309672 19943828 2097148 1748648

1735234967
32665984 2129972 3311300 20006356 2097148 1748648

1735234968
32665984 1718116 3315032 20131772 2097148 1748648

1735234969
32665984 1733832 3318020 20246668 2097148 1748648

1735234970
32665984 1578788 3320924 20355096 2097148 1748648

1735234974
32665984 1626140 3321464 20387208 2097148 1748648

1735234975
32665984 1588448 3322572 20469216 2097148 1748648

1735234976
32665984 1512196 3324284 20541148 2097148 1748648

1735234977
32665984 1469584 3326608 20606324 2097148 1748648

1735234978
32665984 1380884 3328156 20660448 2097148 1748648

1735234980
32665984 1382020 3328796 20738520 2097148 1748648

1735234981
32665984 1176680 3329900 20797288 2097148 1748648

1735234982
32665984 1150072 3330764 20851812 2097148 1748648

1735234983
32665984 1155668 3331832 20903320 2097148 1748648

1735234984
32665984 1207676 3332696 20940792 2097148 1748648

1735234985
32665984 1091044 3333968 20982196 2097148 1748648

1735234986
32665984 1008840 3335152 21023980 2097148 1748648

1735234987
32665984 817392 3328144 20993172 2097148 1748648

1735234990
32665984 993128 3328532 21037032 2097148 1748648

1735234991
32665984 773136 3329380 21097508 2097148 1748648

1735234992
32665984 805112 3330988 21128220 2097148 1748648

1735234993
32665984 580768 3332020 21240260 2097148 1748648

1735234994
32665984 692080 3332548 21320656 2097148 1748648

1735234995
32665984 602276 3333680 21390596 2097148 1748648

1735234996
32665984 513260 3334924 21442264 2097148 1748648

1735234998
32665984 342616 3338204 21554884 2097148 1748648

1735235000
32665984 267504 3339376 21590816 2097148 1748648

1735235001
32665984 345452 3327688 21530588 2097148 1748648

1735235003
32665984 306556 3323744 21585720 2097148 1748648

1735235007
32665984 328288 3320600 21588552 2097148 1748648

1735235008
32665984 338172 3315276 21556692 2097148 1748648

1735235012
32665984 456384 3304532 21422476 2097148 1748648

1735235018
32665984 338940 3306364 21527124 2097148 1748648

1735235019
32665984 362844 3304496 21481312 2097148 1748648

1735235021
32665984 365028 3304508 21481304 2097148 1748648

1735235024
32665984 403844 3307044 21558152 2097148 1748648

1735235025
32665984 333196 3308500 21664848 2097148 1748648

1735235028
32665984 319440 3307472 21687816 2097148 1748648

1735235029
32665984 374384 3301396 21631044 2097148 1748648

1735235030
32665984 284640 3302028 21712724 2097148 1748648

1735235031
32665984 330476 3295224 21682500 2097148 1748648

1735235032
32665984 302672 3269156 21337928 2097148 1746088

1735235033
32665984 732672 3241348 20881208 2097148 1742504

1735235034
32665984 446792 3232692 20828448 2097148 1740200

1735235036
32665984 353292 3224296 20805220 2097148 1737896

1735235038
32665984 1100980 3221700 20785388 2097148 1737896

1735235039
32665984 999892 3224532 20897144 2097148 1737896

1735235040
32665984 1012996 3224760 20904908 2097148 1737896

1735235041
32665984 887112 3226524 21002012 2097148 1737896

1735235043
32665984 857156 3228568 21052792 2097148 1737896

1735235044
32665984 797124 3229044 21122888 2097148 1737896

1735235045
32665984 724740 3247548 21194824 2097148 1737896

1735235046
32665984 466072 3315892 21285444 2097148 1737896

1735235054
32665984 426356 3317020 21337372 2097148 1737896

1735235055
32665984 351708 3316412 21376596 2097148 1737896

1735235056
32665984 329888 3303260 21284460 2097148 1737896

1735235057
32665984 445688 3262064 20741744 2097148 1721000

1735235058
32665984 603472 3257992 20753204 2097148 1721000

1735235059
32665984 600660 3255932 20805580 2097148 1721000

1735235065
32665984 662592 3254552 21012536 2097148 1721000

1735235066
32665984 568180 3257860 21191476 2097148 1721000

1735235068
32665984 508312 3259000 21246800 2097148 1721000

1735235072
32665984 410744 3259788 21373488 2097148 1721000

1735235074
32665984 411660 3249876 21245848 2097148 1721000

1735235075
32665984 827740 3231340 20941772 2097148 1716904

1735235076
32665984 802716 3232080 20972684 2097148 1716904

1735235077
32665984 758420 3232772 21004912 2097148 1716904

1735235079
32665984 594620 3233608 21030220 2097148 1716904

1735235080
32665984 392008 3233768 21058680 2097148 1716904

1735235082
32665984 388992 3233712 21100724 2097148 1716904

1735235084
32665984 590376 3228204 21019720 2097148 1716904

1735235086
32665984 670340 3224872 21001340 2097148 1716904

1735235087
32665984 624688 3225088 21027308 2097148 1716904

1735235088
32665984 620496 3225408 21045616 2097148 1716904

1735235089
32665984 430424 3225824 21093312 2097148 1716904

1735235090
32665984 594716 3218772 21018864 2097148 1716136

1735235091
32665984 525464 3198960 20813760 2097148 1706664

1735235094
32665984 853556 3177188 20496052 2097148 1701544

1735235095
32665984 1222360 3177400 20533644 2097148 1701544

1735235096
32665984 1252364 3177792 20572348 2097148 1701544

1735235097
32665984 1169568 3178296 20631784 2097148 1701544

1735235098
32665984 532564 3180164 20715600 2097148 1701544

1735235099
32665984 485140 3177564 20755812 2097148 1701544

1735235100
32665984 485284 3173580 20759996 2097148 1701544

1735235103
32665984 960216 3163824 20768476 2097148 1701544

1735235104
32665984 936792 3164064 20819216 2097148 1701544

1735235106
32665984 854028 3162564 20875856 2097148 1701544

1735235110
32665984 645528 3162360 21023564 2097148 1701544

1735235111
32665984 491372 3148764 20856028 2097148 1701544

1735235113
32665984 606828 3128076 20539076 2097148 1698728

1735235114
32665984 577860 3112504 20410260 2097148 1692328

1735235115
32665984 545368 3111204 20437992 2097148 1692328

1735235117
32665984 972428 3111408 20473640 2097148 1692328

1735235119
32665984 1257768 3110752 20492968 2097148 1692328

1735235120
32665984 1319740 3111860 20531976 2097148 1692328

1735235121
32665984 1252008 3112380 20583516 2097148 1692328

1735235122
32665984 1185296 3112904 20650372 2097148 1692328

1735235123
32665984 1196572 3114548 20726684 2097148 1692328

1735235128
32665984 1154216 3116180 20821044 2097148 1692328

1735235129
32665984 871008 3118604 21001872 2097148 1692328

1735235130
32665984 719488 3120496 21223560 2097148 1692328

1735235131
32665984 657168 3121336 21330752 2097148 1692328

1735235134
32665984 560288 3120836 21408168 2097148 1692328

1735235136
32665984 569168 3117068 21440888 2097148 1692328

1735235139
32665984 692416 3115408 21352984 2097148 1692328

1735235142
32665984 497816 3113936 21428096 2097148 1692328

1735235143
32665984 700748 3096352 21191116 2097148 1687720

1735235145
32665984 649596 3096396 21255000 2097148 1687720

1735235147
32665984 581088 3097272 21342284 2097148 1687720

1735235148
32665984 593848 3091844 21351956 2097148 1687720

1735235149
32665984 604816 3090784 21388948 2097148 1687720

1735235150
32665984 599468 3090944 21431320 2097148 1687720

1735235151
32665984 634096 3077736 21344676 2097148 1687720

1735235153
32665984 692220 3054564 21112816 2097148 1687720

1735235158
32665984 1026972 3051640 21093048 2097148 1687720

1735235159
32665984 874260 3052476 21171864 2097148 1687720

1735235161
32665984 799892 3053040 21306024 2097148 1687720

1735235162
32665984 747472 3037240 21203204 2097148 1687720

1735235163
32665984 663476 3039200 21365156 2097148 1687720

1735235165
32665984 624716 3032912 21427912 2097148 1687720

1735235166
32665984 656084 3030500 21480400 2097148 1687720

1735235167
32665984 696904 3024080 21532684 2097148 1687720

1735235168
32665984 661848 3006924 21446228 2097148 1687720

1735235169
32665984 1010572 3004892 21242852 2097148 1687720

1735235171
32665984 775352 3011404 21536580 2097148 1687720

1735235175
32665984 742332 3012220 21561496 2097148 1687720

1735235176
32665984 616884 3003228 21546624 2097148 1687720

1735235177
32665984 662648 2996852 21503572 2097148 1687720

1735235180
32665984 641524 2996176 21537396 2097148 1687720

1735235181
32665984 611644 2993056 21532796 2097148 1687720

1735235182
32665984 616108 2993272 21554264 2097148 1687720

1735235183
32665984 741276 2990572 21520808 2097148 1687720

1735235184
32665984 713056 2993460 21574440 2097148 1687720

1735235185
32665984 636776 2996652 21665176 2097148 1687720

1735235186
32665984 587800 2995020 21689088 2097148 1687720

1735235192
32665984 573656 2998308 21763592 2097148 1687720

1735235193
32665984 554560 2991036 21680736 2097148 1687720

1735235194
32665984 571340 2990348 21686188 2097148 1687720

1735235195
32665984 563356 2988404 21677228 2097148 1687720

1735235196
32665984 589772 2989128 21701884 2097148 1687720

1735235197
32665984 665156 2984588 21628740 2097148 1687720

1735235198
32665984 630872 2983344 21646976 2097148 1687720

1735235200
32665984 625600 2983672 21651888 2097148 1687720

1735235201
32665984 672084 2978932 21606280 2097148 1687720

1735235202
32665984 680544 2977808 21589044 2097148 1687720

1735235203
32665984 664504 2977220 21592248 2097148 1687720

1735235204
32665984 635888 2977644 21605828 2097148 1687720

1735235206
32665984 637692 2978816 21640452 2097148 1687720

1735235208
32665984 698072 2976972 21608936 2097148 1687720

1735235209
32665984 646196 2977564 21627972 2097148 1687720

1735235210
32665984 624232 2977592 21663936 2097148 1687720

1735235211
32665984 690860 2968188 21533940 2097148 1687720

1735235214
32665984 709192 2948796 21363624 2097148 1687720

1735235215
32665984 787492 2952016 21450708 2097148 1687720

1735235219
32665984 757740 2952272 21488856 2097148 1687720

1735235220
32665984 589540 2957864 21640116 2097148 1687720

1735235221
32665984 596920 2950060 21607092 2097148 1687720

1735235225
32665984 727256 2935740 21466660 2097148 1687720

1735235226
32665984 479432 2919996 21326704 2097148 1687208

1735235227
32665984 636660 2869464 21016564 2097148 1681320

1735235228
32665984 618556 2869868 21068168 2097148 1681320

1735235229
32665984 645864 2859836 20988736 2097148 1681320

1735235230
32665984 547880 2801476 20639500 2097148 1681320

1735235231
32665984 502252 2763620 20138260 2097148 1673384

1735235233
32665984 717652 2759364 19983524 2097148 1671336

1735235234
32665984 1027076 2762776 20046508 2097148 1671336

1735235235
32665984 1515560 2765452 20114236 2097148 1671336

1735235236
32665984 1389144 2766840 20206156 2097148 1671336

1735235238
32665984 1389364 2769164 20292020 2097148 1671336

1735235239
32665984 704668 2770204 20393316 2097148 1671336

1735235242
32665984 446712 2735820 20106796 2097148 1665960

1735235243
32665984 361304 2640304 18493076 2097148 1645224

1735235245
32665984 365840 2640304 18488344 2097148 1645224

1735235246
32665984 517648 2633392 18376120 2097148 1645224

1735235248
32665984 709428 2619368 18176264 2097148 1645224

1735235249
32665984 561060 2616196 18148192 2097148 1645224

1735235251
32665984 534572 2566428 17524932 2097148 1640192

1735235252
32665984 425128 2540636 17150172 2097148 1630732

1735235257
32665984 425368 2326228 13650660 2097148 1599736

1735235258
32665984 4199264 2325832 13654276 2097148 1599736

1735235260
32665984 4202904 2325840 13654268 2097148 1599736

1735235261
32665984 5185036 2328452 13712488 2097148 1599736

1735235262
32665984 3694884 2329700 13758512 2097148 1599736

1735235263
32665984 2116228 2330384 13797932 2097148 1599736

1735235264
32665984 1599616 2316888 13728276 2097148 1599736

1735235265
32665984 1631632 2311544 13691024 2097148 1599736

1735235266
32665984 1951928 2303708 13599904 2097148 1599736

1735235267
32665984 1119820 2295520 13499008 2097148 1599736

1735235268
32665984 3039352 2296144 13522084 2097148 1599736

1735235269
32665984 2281400 2296524 13548500 2097148 1599736

1735235270
32665984 2461852 2295660 13541680 2097148 1599736

1735235271
32665984 2083320 2295860 13563308 2097148 1599736

1735235272
32665984 2265176 2296296 13583360 2097148 1599736

1735235273
32665984 2498584 2296880 13606924 2097148 1599736

1735235274
32665984 2341480 2297296 13625364 2097148 1599736

1735235275
32665984 511668 2281700 13449868 2097148 1599736

1735235276
32665984 1944504 2278284 13412456 2097148 1599736

1735235279
32665984 1601184 2277244 13317596 2097148 1599736

1735235280
32665984 1748332 2264796 13159292 2097148 1599736

1735235281
32665984 1108136 2265288 13175864 2097148 1599736

1735235283
32665984 1401720 2248220 12901276 2097148 1599736

1735235285
32665984 2248992 2248976 12951296 2097148 1599736

1735235287
32665984 1163152 2251536 13034644 2097148 1599736

1735235288
32665984 964904 2252568 13110372 2097148 1599736

1735235289
32665984 1036332 2249516 13171016 2097148 1599736

1735235293
32665984 4730672 2178676 12395976 2097148 1561172

1735235297
32665984 3896396 2180956 12699396 2097148 1561172

1735235298
32665984 3341196 2182220 12884256 2097148 1561172

1735235299
32665984 3813676 2184340 12988572 2097148 1561172

1735235300
32665984 3070180 2186616 13145516 2097148 1561172

1735235301
32665984 3227308 2189352 13305208 2097148 1561172

1735235306
32665984 3646296 2159652 12982900 2097148 1561172

1735235308
32665984 7977260 2160608 13036632 2097148 1561172

1735235311
32665984 3718700 2168720 13459828 2097148 1561172

1735235315
32665984 2360428 2107032 12753344 2097148 1561172

1735235316
32665984 8166780 2108836 12920044 2097148 1561172

1735235318
32665984 6934760 2109340 12958268 2097148 1561172

1735235319
32665984 6956108 2111024 13084892 2097148 1561172

1735235320
32665984 6680220 2114672 13189216 2097148 1561172

1735235321
32665984 6564712 2116736 13293136 2097148 1561172

1735235323
32665984 6308568 2118368 13370156 2097148 1561172

1735235324
32665984 6920724 2122256 13484320 2097148 1561428

1735235325
32665984 5751212 2125612 13527000 2097148 1561428

1735235326
32665984 4359492 2125836 13543576 2097148 1561428

1735235327
32665984 3784624 2127120 13563012 2097148 1561428

1735235332
32665984 5128380 2128836 13596712 2097148 1561428

1735235333
32665984 4857716 2129096 13650704 2097148 1561428

1735235334
32665984 4115580 2130084 13668960 2097148 1561428

1735235335
32665984 5563752 2131868 13716636 2097148 1561428

1735235336
32665984 6309844 2134308 13782072 2097148 1561428

1735235337
32665984 6462768 2137072 13857684 2097148 1561428

1735235340
32665984 6586896 2139572 13926544 2097148 1561428

1735235341
32665984 6675788 2142948 13992988 2097148 1561428

1735235342
32665984 5400136 2145468 14037680 2097148 1561428

1735235343
32665984 4829324 2145620 14082924 2097148 1561428

1735235344
32665984 4110708 2145728 14093004 2097148 1561428

1735235345
32665984 7224800 2146080 14185248 2097148 1561684

1735235346
32665984 7349524 2147496 14237120 2097148 1561684

1735235347
32665984 7241160 2148840 14326168 2097148 1561684

1735235348
32665984 7217540 2149608 14378112 2097148 1561684

1735235350
32665984 7055244 2150064 14437088 2097148 1561684

1735235351
32665984 6768968 2152100 14586500 2097148 1561684

1735235352
32665984 6845548 2154988 14607160 2097148 1561684

1735235353
32665984 6492116 2158640 14641776 2097148 1561684

1735235355
32665984 6391540 2158796 14653228 2097148 1561684

1735235356
32665984 6107896 2159180 14681020 2097148 1561684

1735235357
32665984 6138140 2159296 14691124 2097148 1561684

1735235358
32665984 6596808 2159540 14707216 2097148 1561684

1735235359
32665984 6399816 2159984 14715812 2097148 1561684

1735235360
32665984 7882028 2160260 14740932 2097148 1561684

1735235362
32665984 7798552 2160608 14755924 2097148 1561684

1735235366
32665984 9339232 2160648 14946852 2097148 1561684

1735235367
32665984 8685412 2161340 14970780 2097148 1561684

1735235370
32665984 9255532 2162308 14988796 2097148 1561684

1735235372
32665984 9117868 2162336 15091568 2097148 1561684

1735235374
32665984 9093692 2162352 15115536 2097148 1561684

1735235375
32665984 8587108 2162620 15087424 2097148 1561940

1735235376
32665984 8992236 2171924 15136800 2097148 1562196

1735235377
32665984 8762472 2173912 15295404 2097148 1562196

1735235378
32665984 8087600 2174916 15758716 2097148 1562196

1735235382
32665984 7747396 2175056 16041892 2097148 1562196

1735235383
32665984 7736080 2175136 16208656 2097148 1562196

1735235384
32665984 7663468 2175160 16322004 2097148 1562196

1735235387
32665984 7386840 2175576 16734028 2097148 1562196

1735235388
32665984 7121988 2177644 16889424 2097148 1562196

1735235389
32665984 6886088 2179452 16911320 2097148 1562196

1735235390
32665984 6903400 2180692 16991748 2097148 1562196

1735235391
32665984 6565120 2182040 17190684 2097148 1562196

1735235393
32665984 6592532 2182648 17554048 2097148 1562196

1735235394
32665984 6414328 2184248 17581132 2097148 1562452

1735235397
32665984 6587504 2185020 17600136 2097148 1562452

1735235398
32665984 6656756 2185408 17612492 2097148 1562452

1735235399
32665984 6345292 2186348 17622520 2097148 1562708

1735235401
32665984 6487208 2186512 17629860 2097148 1562708

1735235402
32665984 6480576 2186580 17677184 2097148 1562708

1735235407
32665984 6608232 2186836 17752892 2097148 1562964

1735235408
32665984 6343408 2188988 17761728 2097148 1562964

1735235410
32665984 6469128 2192716 17792768 2097148 1562964

1735235412
32665984 6431996 2192824 17811416 2097148 1562964

1735235413
32665984 6155604 2197976 17871744 2097148 1563220

1735235414
32665984 5839360 2200380 17932212 2097148 1563476

1735235415
32665984 6073048 2203408 17950916 2097148 1563476

1735235416
32665984 5837792 2206456 17968864 2097148 1563476

1735235417
32665984 5742592 2206676 17980072 2097148 1563476

1735235418
32665984 5738900 2207384 17989224 2097148 1563476

1735235420
32665984 5752140 2207388 17997480 2097148 1563476

1735235422
32665984 6076000 2207444 18019164 2097148 1563476

1735235423
32665984 6020644 2207928 18029596 2097148 1563476

1735235425
32665984 5681400 2208736 18039064 2097148 1563732

1735235427
32665984 5686712 2208748 18049464 2097148 1563988

1735235428
32665984 6050176 2208792 18061580 2097148 1563988

1735235430
32665984 6040700 2208824 18081180 2097148 1563988

1735235432
32665984 6027716 2208840 18097460 2097148 1563988

1735235433
32665984 6032172 2208852 18104480 2097148 1563988

1735235435
32665984 6032608 2208852 18119408 2097148 1563988

1735235437
32665984 6054820 2208884 18133376 2097148 1563988

1735235438
32665984 5889088 2210800 18150172 2097148 1564244

1735235439
32665984 5260068 2213324 18213596 2097148 1564244

1735235440
32665984 5651144 2215980 18254884 2097148 1564244

1735235441
32665984 5708296 2218844 18310396 2097148 1564244

1735235445
32665984 5609820 2219144 18472552 2097148 1564244

1735235446
32665984 5380036 2222424 18489548 2097148 1564500

1735235448
32665984 5208716 2226348 18511360 2097148 1564500

1735235449
32665984 4515692 2228772 18608892 2097148 1564756

1735235450
32665984 4657240 2230448 18632404 2097148 1564756

1735235453
32665984 5343848 2231244 18675384 2097148 1564756

1735235454
32665984 4489480 2232200 18758692 2097148 1564756

1735235455
32665984 3253792 2233312 18818516 2097148 1564756

1735235456
32665984 3042180 2234096 18811744 2097148 1564756

1735235457
32665984 2757040 2234976 18820676 2097148 1565012

1735235459
32665984 3041424 2235896 18837492 2097148 1565012

1735235460
32665984 2709852 2236400 18903240 2097148 1565012

1735235461
32665984 2649556 2237376 18926416 2097148 1565012

1735235462
32665984 2452728 2238616 18983768 2097148 1565012

1735235463
32665984 1765644 2240056 19001120 2097148 1565268

1735235464
32665984 1286784 2231932 19003728 2097148 1565524

1735235465
32665984 1583260 2232532 19009528 2097148 1565524

1735235466
32665984 2041824 2233424 19023272 2097148 1565524

1735235467
32665984 1741352 2234012 19081436 2097148 1565524

1735235468
32665984 1295868 2234084 19083672 2097148 1565524

1735235469
32665984 2336712 2234444 19100092 2097148 1565524

1735235470
32665984 2438488 2234760 19121588 2097148 1565524

1735235471
32665984 1854684 2235724 19141868 2097148 1565524

1735235472
32665984 1009716 2223228 18961684 2097148 1565524

1735235473
32665984 1192508 2165112 17966176 2097148 1565524

1735235474
32665984 1342880 2152132 17699868 2097148 1565524

1735235475
32665984 888556 2129400 17179848 2097148 1565524

1735235476
32665984 1678436 2132372 17191396 2097148 1565524

1735235478
32665984 941112 2110856 16644052 2097148 1565524

1735235480
32665984 6117684 2083724 15685340 2097148 1565524

1735235481
32665984 3097964 2083764 15699252 2097148 1565524

1735235482
32665984 2936724 2084156 15706852 2097148 1565524

1735235484
32665984 1627996 2084408 15716792 2097148 1565524

1735235485
32665984 2674520 2085764 15733772 2097148 1565524

1735235486
32665984 2297068 2086792 15747660 2097148 1565524

1735235487
32665984 2349088 2088480 15770952 2097148 1565524

1735235488
32665984 2148320 2089480 15784920 2097148 1565524

1735235489
32665984 1826860 2091000 15796908 2097148 1565524

1735235490
32665984 3017708 2092288 15810872 2097148 1565780

1735235491
32665984 3468420 2094528 15829516 2097148 1565780

1735235492
32665984 2759204 2097360 15850612 2097148 1565780

1735235493
32665984 2732468 2098424 15864616 2097148 1565780

1735235494
32665984 3109916 2099416 15880412 2097148 1565780

1735235495
32665984 1652384 2099992 15894092 2097148 1565780

1735235496
32665984 1660868 2090300 15572172 2097148 1565780

1735235497
32665984 1238932 2090684 15586060 2097148 1565780

1735235498
32665984 1927484 2090988 15598624 2097148 1565780

1735235499
32665984 2001372 2091236 15611088 2097148 1565780

1735235500
32665984 2293736 2091684 15625288 2097148 1565780

1735235501
32665984 1348220 2092416 15637172 2097148 1565780

1735235502
32665984 1543380 2080456 15327216 2097148 1565780

1735235503
32665984 1504296 2081000 15342244 2097148 1565780

1735235504
32665984 3340168 2081632 15357828 2097148 1565780

1735235505
32665984 2314008 2082432 15374812 2097148 1574740

1735235506
32665984 1073456 2081136 15340612 2097148 1574740

1735235507
32665984 2280464 2063764 14836384 2097148 1574740

1735235508
32665984 1794868 2064044 14856328 2097148 1574740

1735235509
32665984 2541384 2064264 14877296 2097148 1574740

1735235510
32665984 2794492 2064520 14896684 2097148 1574740

1735235511
32665984 2875832 2064836 14917544 2097148 1574740

1735235512
32665984 3464408 2064928 14939860 2097148 1574740

1735235513
32665984 2136324 2065184 14955448 2097148 1574740

1735235514
32665984 1217328 2065416 14969688 2097148 1574740

1735235515
32665984 1432692 2065448 14685876 2097148 1574740

1735235516
32665984 1775556 2065764 14696068 2097148 1574996

1735235517
32665984 2901144 2065988 14705380 2097148 1574996

1735235518
32665984 2286636 2066012 14710192 2097148 1574996

1735235520
32665984 1907068 2066300 14715080 2097148 1574996

1735235521
32665984 2880064 2066480 14737292 2097148 1575252

1735235522
32665984 3445228 2066488 14745536 2097148 1575252

1735235523
32665984 2292992 2066936 14784392 2097148 1575508

1735235524
32665984 1983924 2067064 14806756 2097148 1575508

1735235525
32665984 2032204 2067228 14829564 2097148 1575764

1735235528
32665984 1482668 2058536 14559172 2097148 1576020

1735235530
32665984 2537728 2058640 14587920 2097148 1576276

1735235531
32665984 3324348 2058768 14606464 2097148 1576532

1735235533
32665984 4337108 2058804 14637896 2097148 1577812

1735235535
32665984 2880316 2061204 14822848 2097148 1582676

1735235536
32665984 2716708 2062064 14896912 2097148 1585492

1735235537
32665984 3782644 2062176 14917460 2097148 1585492

1735235538
32665984 3001012 2062272 14940272 2097148 1585492

1735235539
32665984 2403232 2062348 14954456 2097148 1585492

1735235540
32665984 1678544 2064236 15006028 2097148 1585492

1735235541
32665984 2648468 2069260 15105696 2097148 1585492

1735235542
32665984 2912372 2074180 15210124 2097148 1585492

1735235543
32665984 2267352 2082412 15314612 2097148 1585492

1735235544
32665984 2274028 2084656 15420616 2097148 1585492

1735235545
32665984 1663536 2088976 15544832 2097148 1585492

1735235546
32665984 1310164 2092204 15620164 2097148 1585492

1735235547
32665984 977740 2068224 15016696 2097148 1585492

1735235548
32665984 1059352 2031052 14458728 2097148 1585492

1735235549
32665984 1425424 2002928 14030436 2097148 1585492

1735235550
32665984 1200368 1995736 13908248 2097148 1585492

1735235551
32665984 1616160 1982232 13741724 2097148 1585492

1735235553
32665984 2294444 1927924 13728448 2097148 1585492

1735235555
32665984 2448588 1928644 13752948 2097148 1585492

1735235556
32665984 1314072 1928656 13760608 2097148 1585492

1735235557
32665984 1146904 1860320 12952096 2097148 1585492

1735235559
32665984 1070668 1855264 12854272 2097148 1585492

1735235560
32665984 2078732 1853048 12826128 2097148 1585492

1735235562
32665984 969408 1810420 12219820 2097148 1585492

1735235563
32665984 1634192 1810452 12238912 2097148 1585492

1735235565
32665984 1070352 1780948 11770100 2097148 1585492

1735235566
32665984 1026352 1767828 11594992 2097148 1585492

1735235567
32665984 1042092 1757252 11492216 2097148 1585492

1735235568
32665984 1898316 1756972 11524756 2097148 1585492

1735235569
32665984 2699400 1757452 11557816 2097148 1585492

1735235570
32665984 2356948 1757608 11584112 2097148 1585492

1735235571
32665984 1857340 1757748 11613404 2097148 1585492

1735235572
32665984 1515708 1757776 11631836 2097148 1585492

1735235573
32665984 1055612 1733404 11237328 2097148 1585492

1735235574
32665984 1864832 1731620 11235932 2097148 1585492

1735235575
32665984 1974080 1731648 11264164 2097148 1585492

1735235576
32665984 1560144 1731808 11285444 2097148 1585492

1735235577
32665984 2432028 1734864 11339728 2097148 1587284

1735235578
32665984 2908636 1737924 11395276 2097148 1587796

1735235579
32665984 4128628 1738200 11428588 2097148 1590100

1735235580
32665984 4050132 1738392 11488644 2097148 1594708

1735235581
32665984 5156628 1738608 11541996 2097148 1597524

1735235582
32665984 4630360 1741240 11603932 2097148 1597524

1735235583
32665984 3815504 1743820 11660444 2097148 1597524

1735235584
32665984 4966532 1744108 11681496 2097148 1597524

1735235585
32665984 4693144 1744520 11705828 2097148 1597524

1735235586
32665984 5561476 1744612 11722636 2097148 1597524

1735235587
32665984 4838660 1744680 11740592 2097148 1597524

1735235588
32665984 5909080 1744820 11765608 2097148 1597524

1735235589
32665984 6027184 1745072 11904256 2097148 1597524

1735235590
32665984 4706196 1745352 11940848 2097148 1597524

1735235591
32665984 5370888 1745604 11960852 2097148 1597524

1735235592
32665984 6083320 1745980 11986484 2097148 1597524

1735235593
32665984 6287044 1746228 12028896 2097148 1597524

1735235594
32665984 5380692 1746328 12071276 2097148 1597524

1735235595
32665984 5174428 1746416 12087392 2097148 1597524

1735235596
32665984 5595508 1746484 12103272 2097148 1597524

1735235597
32665984 6122648 1746704 12192696 2097148 1597524

1735235598
32665984 5050476 1747428 12219996 2097148 1597524

1735235599
32665984 5146836 1747672 12249720 2097148 1597524

1735235600
32665984 3854880 1747728 12265808 2097148 1597524

1735235601
32665984 3720620 1747820 12287988 2097148 1597524

1735235602
32665984 4601584 1747904 12303952 2097148 1597524

1735235603
32665984 6459764 1747968 12322348 2097148 1597524

1735235604
32665984 6809564 1748272 12343448 2097148 1597524

1735235605
32665984 6313804 1748488 12362652 2097148 1597524

1735235606
32665984 7113224 1748632 12382768 2097148 1597524

1735235607
32665984 6500480 1748796 12396020 2097148 1597524

1735235608
32665984 6113528 1748956 12416884 2097148 1597524

1735235609
32665984 4595920 1749004 12433508 2097148 1597524

1735235610
32665984 5106080 1749244 12447100 2097148 1597524

1735235611
32665984 5096472 1749524 12461120 2097148 1597524

1735235613
32665984 4355208 1749868 12509624 2097148 1597524

1735235614
32665984 4069892 1750428 12541296 2097148 1597524

1735235615
32665984 5494720 1750636 12568236 2097148 1597524

1735235616
32665984 4582368 1750912 12591464 2097148 1597524

1735235617
32665984 4249052 1750984 12615016 2097148 1597524

1735235618
32665984 3582104 1751004 12632388 2097148 1597524

1735235619
32665984 3310828 1751072 12646200 2097148 1597524

1735235620
32665984 3353636 1751336 12665976 2097148 1597524

1735235621
32665984 3293364 1751476 12688964 2097148 1597524

1735235622
32665984 3120372 1751652 12710336 2097148 1597780

1735235623
32665984 3434188 1751696 12729772 2097148 1597780

1735235624
32665984 4595408 1751780 12752320 2097148 1597780

1735235625
32665984 4512344 1751980 12773332 2097148 1597780

1735235626
32665984 4352604 1752448 12797152 2097148 1597780

1735235627
32665984 4080572 1752496 12812592 2097148 1597780

1735235628
32665984 3982008 1752532 12824444 2097148 1597780

1735235629
32665984 4078160 1752608 12928360 2097148 1597780

1735235631
32665984 2804404 1752732 12945512 2097148 1597780

1735235632
32665984 3866132 1752792 12955944 2097148 1597780

1735235633
32665984 4417472 1752824 12968684 2097148 1597780

1735235634
32665984 4404036 1752868 12980440 2097148 1597780

1735235635
32665984 5086572 1752940 12996032 2097148 1597780

1735235636
32665984 5432208 1753132 13010168 2097148 1597780

1735235637
32665984 5183892 1753404 13027780 2097148 1597780

1735235638
32665984 5586784 1753496 13046392 2097148 1597780

1735235639
32665984 4211356 1753644 13061624 2097148 1597780

1735235640
32665984 3721248 1753792 13101164 2097148 1597780

1735235641
32665984 3822052 1753848 13118816 2097148 1597780

1735235642
32665984 3794036 1754588 13195588 2097148 1597780

1735235643
32665984 5047004 1754668 13239736 2097148 1597780

1735235644
32665984 4903520 1754728 13265964 2097148 1597780

1735235645
32665984 4967932 1754768 13294924 2097148 1597780

1735235646
32665984 3321596 1754816 13318624 2097148 1597780

1735235647
32665984 3338684 1754872 13341880 2097148 1597780

1735235648
32665984 3080308 1754944 13360204 2097148 1597780

1735235649
32665984 3305780 1755004 13387016 2097148 1597780

1735235650
32665984 3650172 1755076 13411312 2097148 1597780

1735235651
32665984 3122820 1755360 13435700 2097148 1597780

1735235652
32665984 2180784 1755424 13455812 2097148 1597780

1735235653
32665984 1820328 1755488 13477068 2097148 1597780

1735235654
32665984 1148732 1747112 13324696 2097148 1597780

1735235655
32665984 1801984 1718616 12834140 2097148 1597780

1735235656
32665984 1136596 1718664 12854768 2097148 1597780

1735235657
32665984 1206952 1697304 12462688 2097148 1597780

1735235658
32665984 1781768 1697328 12490484 2097148 1597780

1735235659
32665984 1260636 1697372 12510716 2097148 1597780

1735235660
32665984 1609376 1697408 12530752 2097148 1597780

1735235661
32665984 2166456 1697460 12555240 2097148 1597780

1735235662
32665984 3100528 1697548 12581188 2097148 1597780

1735235664
32665984 2913924 1697620 12615728 2097148 1597780

1735235667
32665984 5077108 1682812 12386364 2097148 1597780

1735235668
32665984 5842824 1682832 12401160 2097148 1597780

1735235669
32665984 5640228 1682904 12417800 2097148 1597780

1735235670
32665984 5587572 1683000 12431524 2097148 1597780

1735235671
32665984 5440704 1683056 12450588 2097148 1597780

1735235674
32665984 6033572 1683248 12474260 2097148 1597780

1735235675
32665984 6444052 1683320 12498644 2097148 1597780

1735235677
32665984 5787868 1683588 12513580 2097148 1597780

1735235678
32665984 4934664 1683640 12523180 2097148 1597780

1735235679
32665984 4832160 1683684 12534128 2097148 1597780

1735235681
32665984 4077348 1683736 12554972 2097148 1597780

1735235682
32665984 5126236 1683908 12580028 2097148 1597780

1735235683
32665984 4454240 1683980 12596448 2097148 1597780

1735235684
32665984 5203108 1684028 12470236 2097148 1597780

1735235685
32665984 5510800 1685436 12487780 2097148 1597780

1735235686
32665984 5737856 1685492 12511960 2097148 1597780

1735235687
32665984 6480892 1685584 12518648 2097148 1597780

1735235688
32665984 6287072 1685668 12528060 2097148 1597780

1735235689
32665984 6739856 1685720 12536324 2097148 1597780

1735235690
32665984 6487552 1685776 12545172 2097148 1597780

1735235691
32665984 5608856 1685828 12573772 2097148 1597780

1735235692
32665984 4887704 1703064 12592708 2097148 1597780

1735235693
32665984 5192680 1705872 12610552 2097148 1597780

1735235694
32665984 6022704 1720420 12621884 2097148 1597780

1735235695
32665984 5110096 1720580 12646068 2097148 1597780

1735235696
32665984 5191512 1723244 12671108 2097148 1597780

1735235697
32665984 5557420 1723696 12685932 2097148 1597780

1735235698
32665984 4980388 1724116 12697620 2097148 1597780

1735235699
32665984 5913636 1724260 12710492 2097148 1597780

1735235700
32665984 6251404 1724840 12718192 2097148 1597780

1735235701
32665984 6531160 1724948 12726928 2097148 1597780

1735235702
32665984 6681592 1727324 12737936 2097148 1597780

1735235703
32665984 7474088 1727444 12748528 2097148 1597780

1735235704
32665984 7422848 1727520 12761528 2097148 1597780

1735235705
32665984 6935172 1727656 12772876 2097148 1597780

1735235706
32665984 6611284 1727892 12786868 2097148 1597780

1735235707
32665984 6882860 1728040 12796912 2097148 1597780

1735235708
32665984 6887376 1730760 12809508 2097148 1597780

1735235709
32665984 5926108 1733732 12834556 2097148 1597780

1735235710
32665984 5274748 1734084 12850024 2097148 1597780

1735235711
32665984 5262696 1734176 12862808 2097148 1597780

1735235712
32665984 4868080 1734464 12873048 2097148 1597780

1735235713
32665984 5896936 1734556 12880652 2097148 1597780

1735235714
32665984 6680128 1734740 12889120 2097148 1597780

1735235715
32665984 7741672 1737508 12902460 2097148 1597780

1735235716
32665984 6661748 1737760 12910048 2097148 1597780

1735235717
32665984 6528792 1737876 12918196 2097148 1597780

1735235718
32665984 8057532 1738248 12929188 2097148 1597780

1735235719
32665984 6393796 1738368 12934628 2097148 1597780

1735235720
32665984 5551024 1738500 12938260 2097148 1597780

1735235721
32665984 6013092 1738708 12945040 2097148 1597780

1735235722
32665984 6411612 1738936 12950616 2097148 1597780

1735235723
32665984 7051784 1754312 12967312 2097148 1597780

1735235724
32665984 6598772 1756984 12974640 2097148 1597780

1735235725
32665984 6111100 1757420 12993672 2097148 1597780

1735235726
32665984 6688296 1758232 13005936 2097148 1597780

1735235727
32665984 6568840 1758416 13014728 2097148 1597780

1735235728
32665984 7798616 1759552 13026584 2097148 1597780

1735235729
32665984 7195824 1760436 13035012 2097148 1597780

1735235730
32665984 6790956 1761412 13043148 2097148 1598036

1735235731
32665984 6339408 1761644 13052632 2097148 1598036

1735235732
32665984 6193560 1761716 13061708 2097148 1598036

1735235733
32665984 5760692 1761896 13074928 2097148 1598036

1735235734
32665984 6272388 1762140 13105292 2097148 1598036

1735235735
32665984 6203196 1762336 13138476 2097148 1598036

1735235736
32665984 6517580 1777648 13207788 2097148 1598036

1735235737
32665984 5462812 1791852 13299360 2097148 1598036

1735235738
32665984 4688960 1795824 13315048 2097148 1598036

1735235739
32665984 3509252 1812288 13337508 2097148 1598036

1735235740
32665984 2909152 1816892 13348640 2097148 1598036

1735235741
32665984 3763148 1818416 13360096 2097148 1598036

1735235742
32665984 2085388 1819352 13374696 2097148 1598036

1735235744
32665984 4013864 1811516 13229364 2097148 1598036

1735235746
32665984 3121484 1812916 13242172 2097148 1598036

1735235747
32665984 1960332 1813256 13256656 2097148 1598036

1735235748
32665984 1844844 1819136 13309332 2097148 1598036

1735235749
32665984 1337412 1819900 13320184 2097148 1598036

1735235750
32665984 1110376 1802088 12853764 2097148 1598036

1735235751
32665984 1407052 1780916 12435284 2097148 1598036

1735235752
32665984 1738504 1778816 12400780 2097148 1598036

1735235753
32665984 1062888 1778860 12405712 2097148 1598036

1735235754
32665984 1700048 1774352 12327296 2097148 1598036

1735235755
32665984 1021136 1762004 11814840 2097148 1598036

1735235756
32665984 994376 1752996 11412956 2097148 1598036

1735235757
32665984 2013200 1743860 11241948 2097148 1598036

1735235759
32665984 1547140 1743936 11264056 2097148 1598036

1735235760
32665984 1440384 1743952 11273836 2097148 1598036

1735235761
32665984 2272612 1743976 11284308 2097148 1598036

1735235762
32665984 1747764 1744000 11298812 2097148 1598036

1735235763
32665984 1925372 1744048 11308812 2097148 1598036

1735235764
32665984 3810076 1744056 11328760 2097148 1598036

1735235765
32665984 3822528 1744360 11340244 2097148 1598036

1735235766
32665984 3383076 1744480 11364296 2097148 1598036

1735235767
32665984 3741652 1744500 11397860 2097148 1598036

1735235768
32665984 3884668 1744520 11429076 2097148 1598036

1735235769
32665984 3517344 1744528 11448724 2097148 1598036

1735235770
32665984 1571612 1744528 11467396 2097148 1598036

1735235771
32665984 1814976 1744536 11488128 2097148 1598036

1735235772
32665984 1105692 1737432 11369196 2097148 1598036

1735235773
32665984 1069468 1721768 11102072 2097148 1598036

1735235774
32665984 1084892 1685436 10298180 2097148 1598036

1735235775
32665984 1127076 1662428 10049436 2097148 1598036

1735235776
32665984 932616 1658712 10040956 2097148 1598036

1735235777
32665984 1448488 1630200 9947508 2097148 1598036

1735235778
32665984 2149356 1575932 9898472 2097148 1598036

1735235779
32665984 2599268 1575936 9910676 2097148 1598036

1735235780
32665984 1957576 1575956 9923516 2097148 1598036

1735235781
32665984 2550332 1575984 9935580 2097148 1598036

1735235782
32665984 1256204 1576004 9947932 2097148 1598036

1735235783
32665984 1070264 1542904 9634292 2097148 1598036

1735235784
32665984 546484 1388032 8851796 2097148 1598036

1735235785
32665984 855612 1345952 8101264 2097148 1598036

1735235786
32665984 1199620 1346128 8113692 2097148 1598036

1735235787
32665984 2848588 1346168 8125824 2097148 1598036

1735235788
32665984 3862180 1346224 8138128 2097148 1598036

1735235789
32665984 3395916 1346232 8150000 2097148 1598036

1735235790
32665984 3782220 1346236 8161764 2097148 1598036

1735235791
32665984 4306592 1346244 8181184 2097148 1598036

1735235792
32665984 4693548 1346264 8200692 2097148 1598036

1735235793
32665984 3699424 1346304 8218212 2097148 1598036

1735235794
32665984 4375852 1346312 8239352 2097148 1598036

1735235795
32665984 4693236 1346420 8254916 2097148 1598036

1735235796
32665984 4718944 1346644 8264032 2097148 1598036

1735235797
32665984 4204332 1362120 8260012 2097148 1598036

1735235798
32665984 5154832 1387584 7506032 2097148 1598036

