1735234239
0.0 0.0 0.0

1735234240
0.0 0.0 0.0

1735234241
0.0 0.0 0.0

1735234242
0.0 0.0 0.0

1735234243
0.0 0.0 0.0

1735234244
0.0 0.0 0.0

1735234245
0.0 0.0 0.0

1735234246
0.0 0.0 0.0

1735234247
0.0 0.0 0.0

1735234248
0.0 0.0 0.0

1735234249
0.0 0.0 0.0

1735234250
0.0 0.0 0.0

1735234251
0.0 0.0 0.0

1735234252
0.0 0.0 0.0

1735234253
0.0 0.0 0.0

1735234254
0.0 0.0 0.0

1735234255
0.0 0.0 0.0

1735234256
0.0 0.0 0.0

1735234257
0.0 0.0 0.0

1735234258
0.0 0.0 0.0

1735234259
0.0 0.0 0.0

1735234260
0.0 0.0 0.0

1735234261
0.0 0.0 0.0

1735234262
0.0 0.0 0.0

1735234263
0.0 0.0 0.0

1735234264
0.0 0.0 0.0

1735234265
0.0 0.0 0.0

1735234266
0.0 0.0 0.0

1735234267
0.0 0.0 0.0

1735234268
0.0 0.0 0.0

1735234269
0.0 0.0 0.0

1735234270
0.0 0.0 0.0

1735234271
0.0 0.0 0.0

1735234272
0.0 0.0 0.0

1735234273
0.0 0.0 0.0

1735234274
0.0 0.0 0.0

1735234275
0.0 0.0 0.0

1735234276
0.0 0.0 0.0

1735234277
0.0 0.0 0.0

1735234278
0.0 0.0 0.0

1735234279
0.0 0.0 0.0

1735234280
0.0 0.0 0.0

1735234281
0.0 0.0 0.0

1735234282
0.0 0.0 0.0

1735234283
0.0 0.0 0.0

1735234284
0.0 0.0 0.0

1735234285
0.0 0.0 0.0

1735234286
0.0 0.0 0.0

1735234287
0.0 0.0 0.0

1735234288
0.0 0.0 0.0

1735234289
0.0 0.0 0.0

1735234290
0.0 0.0 0.0

1735234291
0.0 0.0 0.0

1735234292
0.0 0.0 0.0

1735234293
0.0 0.0 0.0

1735234294
0.0 0.0 0.0

1735234295
0.0 0.0 0.0

1735234296
0.0 0.0 0.0

1735234297
0.0 0.0 0.0

1735234298
0.0 0.0 0.0

1735234299
0.0 0.0 0.0

1735234300
0.0 0.0 0.0

1735234301
0.0 0.0 0.0

1735234302
0.0 0.0 0.0

1735234303
0.0 0.0 0.0

1735234304
0.0 0.0 0.0

1735234305
0.0 0.0 0.0

1735234306
0.0 0.0 0.0

1735234307
0.0 0.0 0.0

1735234308
0.0 0.0 0.0

1735234309
0.0 0.0 0.0

1735234310
0.0 0.0 0.0

1735234315
0.0 0.0 0.0

1735234316
0.0 0.0 0.0

1735234317
0.0 0.0 0.0

1735234318
0.0 0.0 0.0

1735234319
0.0 0.0 0.0

1735234320
0.0 0.0 0.0

1735234321
0.0 0.0 0.0

1735234322
0.0 0.0 0.0

1735234323
0.0 0.0 0.0

1735234324
0.0 0.0 0.0

1735234325
0.0 0.0 0.0

1735234326
0.0 0.0 0.0

1735234327
0.0 0.0 0.0

1735234330
0.0 0.0 0.0

1735234331
0.0 0.0 0.0

1735234332
0.0 0.0 0.0

1735234334
0.0 0.0 0.0

1735234335
0.0 0.0 0.0

1735234336
0.0 0.0 0.0

1735234337
0.0 0.0 0.0

1735234340
0.0 0.0 0.0

1735234341
0.0 0.0 0.0

1735234342
0.0 0.0 0.0

1735234343
0.0 0.0 0.0

1735234345
0.0 0.0 0.0

1735234346
0.0 0.0 0.0

1735234347
0.0 0.0 0.0

1735234348
0.0 0.0 0.0

1735234349
0.0 0.0 0.0

1735234350
0.0 0.0 0.0

1735234351
0.0 0.0 0.0

1735234352
0.0 0.0 0.0

1735234355
0.0 0.0 0.0

1735234356
0.0 0.0 0.0

1735234357
0.0 0.0 0.0

1735234361
0.0 0.0 0.0

1735234362
0.0 0.0 0.0

1735234363
0.0 0.0 0.0

1735234364
0.0 0.0 0.0

1735234365
0.0 0.0 0.0

1735234366
0.0 0.0 0.0

1735234367
0.0 0.0 0.0

1735234371
0.0 0.0 0.0

1735234372
0.0 0.0 0.0

1735234373
0.0 0.0 0.0

1735234374
0.0 0.0 0.0

1735234375
0.0 0.0 0.0

1735234378
0.0 0.0 0.0

1735234381
0.0 0.0 0.0

1735234383
0.0 0.0 0.0

1735234385
0.0 0.0 0.0

1735234386
0.0 0.0 0.0

1735234387
0.0 0.0 0.0

1735234388
0.0 0.0 0.0

1735234390
0.0 0.0 0.0

1735234391
0.0 0.0 0.0

1735234393
0.0 0.0 0.0

1735234394
0.0 0.0 0.0

1735234395
0.0 0.0 0.0

1735234396
0.0 0.0 0.0

1735234397
0.0 0.0 0.0

1735234398
0.0 0.0 0.0

1735234401
0.0 0.0 0.0

1735234402
0.0 0.0 0.0

1735234403
0.0 0.0 0.0

1735234404
0.0 0.0 0.0

1735234405
0.0 0.0 0.0

1735234406
0.0 0.0 0.0

1735234407
0.0 0.0 0.0

1735234408
0.0 0.0 0.0

1735234414
0.0 0.0 0.0

1735234415
0.0 0.0 0.0

1735234416
0.0 0.0 0.0

1735234418
0.0 0.0 0.0

1735234419
0.0 0.0 0.0

1735234421
0.0 0.0 0.0

1735234422
0.0 0.0 0.0

1735234423
0.0 0.0 0.0

1735234424
0.0 0.0 0.0

1735234425
0.0 0.0 0.0

1735234426
0.0 0.0 0.0

1735234430
0.0 0.0 0.0

1735234431
0.0 0.0 0.0

1735234432
0.0 0.0 0.0

1735234433
0.0 0.0 0.0

1735234434
0.0 0.0 0.0

1735234435
0.0 0.0 0.0

1735234439
0.0 0.0 0.0

1735234441
0.0 0.0 0.0

1735234442
0.0 0.0 0.0

1735234443
0.0 0.0 0.0

1735234444
0.0 0.0 0.0

1735234445
0.0 0.0 0.0

1735234446
0.0 0.0 0.0

1735234447
0.0 0.0 0.0

1735234448
0.0 0.0 0.0

1735234452
0.0 0.0 0.0

1735234453
0.0 0.0 0.0

1735234454
0.0 0.0 0.0

1735234455
0.0 0.0 0.0

1735234456
0.0 0.0 0.0

1735234458
0.0 0.0 0.0

1735234459
0.0 0.0 0.0

1735234461
0.0 0.0 0.0

1735234462
0.0 0.0 0.0

1735234463
0.0 0.0 0.0

1735234464
0.0 0.0 0.0

1735234469
0.0 0.0 0.0

1735234470
0.0 0.0 0.0

1735234471
0.0 0.0 0.0

1735234473
0.0 0.0 0.0

1735234475
0.0 0.0 0.0

1735234478
0.0 0.0 0.0

1735234479
0.0 0.0 0.0

1735234480
0.0 0.0 0.0

1735234484
0.0 0.0 0.0

1735234485
0.0 0.0 0.0

1735234486
0.0 0.0 0.0

1735234487
0.0 0.0 0.0

1735234489
0.0 0.0 0.0

1735234490
0.0 0.0 0.0

1735234494
0.0 0.0 0.0

1735234495
0.0 0.0 0.0

1735234496
0.0 0.0 0.0

1735234499
0.0 0.0 0.0

1735234500
0.0 0.0 0.0

1735234501
0.0 0.0 0.0

1735234502
0.0 0.0 0.0

1735234503
0.0 0.0 0.0

1735234504
0.0 0.0 0.0

1735234505
0.0 0.0 0.0

1735234508
0.0 0.0 0.0

1735234509
0.0 0.0 0.0

1735234510
0.0 0.0 0.0

1735234511
0.0 0.0 0.0

1735234512
0.0 0.0 0.0

1735234513
0.0 0.0 0.0

1735234514
0.0 0.0 0.0

1735234517
0.0 0.0 0.0

1735234518
0.0 0.0 0.0

1735234519
0.0 0.0 0.0

1735234520
0.0 0.0 0.0

1735234522
0.0 0.0 0.0

1735234523
0.0 0.0 0.0

1735234524
0.0 0.0 0.0

1735234527
0.0 0.0 0.0

1735234528
0.0 0.0 0.0

1735234529
0.0 0.0 0.0

1735234531
0.0 0.0 0.0

1735234532
0.0 0.0 0.0

1735234533
0.0 0.0 0.0

1735234534
0.0 0.0 0.0

1735234535
0.0 0.0 0.0

1735234536
0.0 0.0 0.0

1735234537
0.0 0.0 0.0

1735234538
0.0 0.0 0.0

1735234539
0.0 0.0 0.0

1735234542
0.0 0.0 0.0

1735234543
0.0 0.0 0.0

1735234545
0.0 0.0 0.0

1735234546
0.0 0.0 0.0

1735234547
0.0 0.0 0.0

1735234548
0.0 0.0 0.0

1735234549
0.0 0.0 0.0

1735234554
0.0 0.0 0.0

1735234555
0.0 0.0 0.0

1735234557
0.0 0.0 0.0

1735234558
0.0 0.0 0.0

1735234559
0.0 0.0 0.0

1735234560
0.0 0.0 0.0

1735234561
0.0 0.0 0.0

1735234562
0.0 0.0 0.0

1735234568
0.0 0.0 0.0

1735234570
0.0 0.0 0.0

1735234571
0.0 0.0 0.0

1735234572
0.0 0.0 0.0

1735234574
0.0 0.0 0.0

1735234575
0.0 0.0 0.0

1735234576
0.0 0.0 0.0

1735234578
0.0 0.0 0.0

1735234580
0.0 0.0 0.0

1735234584
0.0 0.0 0.0

1735234585
0.0 0.0 0.0

1735234586
0.0 0.0 0.0

1735234587
0.0 0.0 0.0

1735234588
0.0 0.0 0.0

1735234589
0.0 0.0 0.0

1735234594
0.0 0.0 0.0

1735234596
0.0 0.0 0.0

1735234597
0.0 0.0 0.0

1735234599
0.0 0.0 0.0

1735234600
0.0 0.0 0.0

1735234601
0.0 0.0 0.0

1735234602
0.0 0.0 0.0

1735234603
0.0 0.0 0.0

1735234606
0.0 0.0 0.0

1735234607
0.0 0.0 0.0

1735234608
0.0 0.0 0.0

1735234609
0.0 0.0 0.0

1735234610
0.0 0.0 0.0

1735234611
0.0 0.0 0.0

1735234612
0.0 0.0 0.0

1735234613
0.0 0.0 0.0

1735234619
0.0 0.0 0.0

1735234620
0.0 0.0 0.0

1735234626
0.0 0.0 0.0

1735234628
0.0 0.0 0.0

1735234629
0.0 0.0 0.0

1735234634
0.0 0.0 0.0

1735234635
0.0 0.0 0.0

1735234636
0.0 0.0 0.0

1735234637
0.0 0.0 0.0

1735234638
0.0 0.0 0.0

1735234639
0.0 0.0 0.0

1735234643
0.0 0.0 0.0

1735234644
0.0 0.0 0.0

1735234649
0.0 0.0 0.0

1735234650
0.0 0.0 0.0

1735234651
0.0 0.0 0.0

1735234653
0.0 0.0 0.0

1735234657
0.0 0.0 0.0

1735234658
0.0 0.0 0.0

1735234659
0.0 0.0 0.0

1735234660
0.0 0.0 0.0

1735234661
0.0 0.0 0.0

1735234662
0.0 0.0 0.0

1735234663
0.0 0.0 0.0

1735234667
0.0 0.0 0.0

1735234668
0.0 0.0 0.0

1735234672
0.0 0.0 0.0

1735234675
0.0 0.0 0.0

1735234679
0.0 0.0 0.0

1735234680
0.0 0.0 0.0

1735234681
0.0 0.0 0.0

1735234682
0.0 0.0 0.0

1735234685
0.0 0.0 0.0

1735234686
0.0 0.0 0.0

1735234687
0.0 0.0 0.0

1735234688
0.0 0.0 0.0

1735234689
0.0 0.0 0.0

1735234690
0.0 0.0 0.0

1735234694
0.0 0.0 0.0

1735234695
0.0 0.0 0.0

1735234696
0.0 0.0 0.0

1735234697
0.0 0.0 0.0

1735234698
0.0 0.0 0.0

1735234699
0.0 0.0 0.0

1735234700
0.0 0.0 0.0

1735234701
0.0 0.0 0.0

1735234702
0.0 0.0 0.0

1735234705
0.0 0.0 0.0

1735234706
0.0 0.0 0.0

1735234708
0.0 0.0 0.0

1735234709
0.0 0.0 0.0

1735234710
0.0 0.0 0.0

1735234712
0.0 0.0 0.0

1735234713
0.0 0.0 0.0

1735234714
0.0 0.0 0.0

1735234716
0.0 0.0 0.0

1735234717
0.0 0.0 0.0

1735234719
0.0 0.0 0.0

1735234720
0.0 0.0 0.0

1735234721
0.0 0.0 0.0

1735234722
0.0 0.0 0.0

1735234724
0.0 0.0 0.0

1735234725
0.0 0.0 0.0

1735234726
0.0 0.0 0.0

1735234728
0.0 0.0 0.0

1735234729
0.0 0.0 0.0

1735234731
0.0 0.0 0.0

1735234732
0.0 0.0 0.0

1735234733
0.0 0.0 0.0

1735234734
0.0 0.0 0.0

1735234735
0.0 0.0 0.0

1735234736
0.0 0.0 0.0

1735234738
0.0 0.0 0.0

1735234739
0.0 0.0 0.0

1735234740
0.0 0.0 0.0

1735234741
0.0 0.0 0.0

1735234744
0.0 0.0 0.0

1735234745
0.0 0.0 0.0

1735234746
0.0 0.0 0.0

1735234748
0.0 0.0 0.0

1735234749
0.0 0.0 0.0

1735234750
0.0 0.0 0.0

1735234751
0.0 0.0 0.0

1735234752
0.0 0.0 0.0

1735234753
0.0 0.0 0.0

1735234757
0.0 0.0 0.0

1735234758
0.0 0.0 0.0

1735234759
0.0 0.0 0.0

1735234760
0.0 0.0 0.0

1735234762
0.0 0.0 0.0

1735234763
0.0 0.0 0.0

1735234765
0.0 0.0 0.0

1735234766
0.0 0.0 0.0

1735234767
0.0 0.0 0.0

1735234771
0.0 0.0 0.0

1735234772
0.0 0.0 0.0

1735234773
0.0 0.0 0.0

1735234774
0.0 0.0 0.0

1735234776
0.0 0.0 0.0

1735234777
0.0 0.0 0.0

1735234778
0.0 0.0 0.0

1735234779
0.0 0.0 0.0

1735234785
0.0 0.0 0.0

1735234786
0.0 0.0 0.0

1735234787
0.0 0.0 0.0

1735234792
0.0 0.0 0.0

1735234797
0.0 0.0 0.0

1735234798
0.0 0.0 0.0

1735234800
0.0 0.0 0.0

1735234801
0.0 0.0 0.0

1735234802
0.0 0.0 0.0

1735234803
0.0 0.0 0.0

1735234804
0.0 0.0 0.0

1735234806
0.0 0.0 0.0

1735234811
0.0 0.0 0.0

1735234812
0.0 0.0 0.0

1735234816
0.0 0.0 0.0

1735234817
0.0 0.0 0.0

1735234820
0.0 0.0 0.0

1735234821
0.0 0.0 0.0

1735234822
0.0 0.0 0.0

1735234823
0.0 0.0 0.0

1735234825
0.0 0.0 0.0

1735234826
0.0 0.0 0.0

1735234827
0.0 0.0 0.0

1735234828
0.0 0.0 0.0

1735234829
0.0 0.0 0.0

1735234830
0.0 0.0 0.0

1735234831
0.0 0.0 0.0

1735234833
0.0 0.0 0.0

1735234836
0.0 0.0 0.0

1735234837
0.0 0.0 0.0

1735234838
0.0 0.0 0.0

1735234839
0.0 0.0 0.0

1735234841
0.0 0.0 0.0

1735234842
0.0 0.0 0.0

1735234843
0.0 0.0 0.0

1735234844
0.0 0.0 0.0

1735234845
0.0 0.0 0.0

1735234846
0.0 0.0 0.0

1735234851
0.0 0.0 0.0

1735234852
0.0 0.0 0.0

1735234853
0.0 0.0 0.0

1735234854
0.0 0.0 0.0

1735234855
0.0 0.0 0.0

1735234856
0.0 0.0 0.0

1735234861
0.0 0.0 0.0

1735234862
0.0 0.0 0.0

1735234863
0.0 0.0 0.0

1735234865
0.0 0.0 0.0

1735234866
0.0 0.0 0.0

1735234868
0.0 0.0 0.0

1735234869
0.0 0.0 0.0

1735234870
0.0 0.0 0.0

1735234875
0.0 0.0 0.0

1735234876
0.0 0.0 0.0

1735234877
0.0 0.0 0.0

1735234878
0.0 0.0 0.0

1735234879
0.0 0.0 0.0

1735234880
0.0 0.0 0.0

1735234886
0.0 0.0 0.0

1735234887
0.0 0.0 0.0

1735234888
0.0 0.0 0.0

1735234896
0.0 0.0 0.0

1735234897
0.0 0.0 0.0

1735234898
0.0 0.0 0.0

1735234904
0.0 0.0 0.0

1735234906
0.0 0.0 0.0

1735234907
0.0 0.0 0.0

1735234910
0.0 0.0 0.0

1735234911
0.0 0.0 0.0

1735234912
0.0 0.0 0.0

1735234914
0.0 0.0 0.0

1735234915
0.0 0.0 0.0

1735234918
0.0 0.0 0.0

1735234920
0.0 0.0 0.0

1735234921
0.0 0.0 0.0

1735234922
0.0 0.0 0.0

1735234924
0.0 0.0 0.0

1735234927
0.0 0.0 0.0

1735234928
0.0 0.0 0.0

1735234929
0.0 0.0 0.0

1735234930
0.0 0.0 0.0

1735234931
0.0 0.0 0.0

1735234937
0.0 0.0 0.0

1735234939
0.0 0.0 0.0

1735234940
0.0 0.0 0.0

1735234941
0.0 0.0 0.0

1735234942
0.0 0.0 0.0

1735234943
0.0 0.0 0.0

1735234945
0.0 0.0 0.0

1735234946
0.0 0.0 0.0

1735234947
0.0 0.0 0.0

1735234949
0.0 0.0 0.0

1735234951
0.0 0.0 0.0

1735234952
0.0 0.0 0.0

1735234953
0.0 0.0 0.0

1735234957
0.0 0.0 0.0

1735234959
0.0 0.0 0.0

1735234960
0.0 0.0 0.0

1735234961
0.0 0.0 0.0

1735234963
0.0 0.0 0.0

1735234965
0.0 0.0 0.0

1735234966
0.0 0.0 0.0

1735234967
0.0 0.0 0.0

1735234968
0.0 0.0 0.0

1735234969
0.0 0.0 0.0

1735234970
0.0 0.0 0.0

1735234974
0.0 0.0 0.0

1735234975
0.0 0.0 0.0

1735234976
0.0 0.0 0.0

1735234977
0.0 0.0 0.0

1735234978
0.0 0.0 0.0

1735234980
0.0 0.0 0.0

1735234981
0.0 0.0 0.0

1735234982
0.0 0.0 0.0

1735234983
0.0 0.0 0.0

1735234984
0.0 0.0 0.0

1735234985
0.0 0.0 0.0

1735234986
0.0 0.0 0.0

1735234987
0.0 0.0 0.0

1735234990
0.0 0.0 0.0

1735234991
0.0 0.0 0.0

1735234992
0.0 0.0 0.0

1735234993
0.0 0.0 0.0

1735234994
0.0 0.0 0.0

1735234995
0.0 0.0 0.0

1735234996
0.0 0.0 0.0

1735234998
0.0 0.0 0.0

1735235000
0.0 0.0 0.0

1735235001
0.0 0.0 0.0

1735235003
0.0 0.0 0.0

1735235007
0.0 0.0 0.0

1735235008
0.0 0.0 0.0

1735235012
0.0 0.0 0.0

1735235018
0.0 0.0 0.0

1735235019
0.0 0.0 0.0

1735235021
0.0 0.0 0.0

1735235024
0.0 0.0 0.0

1735235025
0.0 0.0 0.0

1735235028
0.0 0.0 0.0

1735235029
0.0 0.0 0.0

1735235030
0.0 0.0 0.0

1735235031
0.0 0.0 0.0

1735235032
0.0 0.0 0.0

1735235033
0.0 0.0 0.0

1735235034
0.0 0.0 0.0

1735235036
0.0 0.0 0.0

1735235038
0.0 0.0 0.0

1735235039
0.0 0.0 0.0

1735235040
0.0 0.0 0.0

1735235041
0.0 0.0 0.0

1735235043
0.0 0.0 0.0

1735235044
0.0 0.0 0.0

1735235045
0.0 0.0 0.0

1735235046
0.0 0.0 0.0

1735235054
0.0 0.0 0.0

1735235055
0.0 0.0 0.0

1735235056
0.0 0.0 0.0

1735235057
0.0 0.0 0.0

1735235058
0.0 0.0 0.0

1735235059
0.0 0.0 0.0

1735235065
0.0 0.0 0.0

1735235066
0.0 0.0 0.0

1735235068
0.0 0.0 0.0

1735235072
0.0 0.0 0.0

1735235074
0.0 0.0 0.0

1735235075
0.0 0.0 0.0

1735235076
0.0 0.0 0.0

1735235077
0.0 0.0 0.0

1735235079
0.0 0.0 0.0

1735235080
0.0 0.0 0.0

1735235082
0.0 0.0 0.0

1735235084
0.0 0.0 0.0

1735235086
0.0 0.0 0.0

1735235087
0.0 0.0 0.0

1735235088
0.0 0.0 0.0

1735235089
0.0 0.0 0.0

1735235090
0.0 0.0 0.0

1735235091
0.0 0.0 0.0

1735235094
0.0 0.0 0.0

1735235095
0.0 0.0 0.0

1735235096
0.0 0.0 0.0

1735235097
0.0 0.0 0.0

1735235098
0.0 0.0 0.0

1735235099
0.0 0.0 0.0

1735235100
0.0 0.0 0.0

1735235103
0.0 0.0 0.0

1735235104
0.0 0.0 0.0

1735235106
0.0 0.0 0.0

1735235110
0.0 0.0 0.0

1735235111
0.0 0.0 0.0

1735235113
0.0 0.0 0.0

1735235114
0.0 0.0 0.0

1735235115
0.0 0.0 0.0

1735235117
0.0 0.0 0.0

1735235119
0.0 0.0 0.0

1735235120
0.0 0.0 0.0

1735235121
0.0 0.0 0.0

1735235122
0.0 0.0 0.0

1735235123
0.0 0.0 0.0

1735235128
0.0 0.0 0.0

1735235129
0.0 0.0 0.0

1735235130
0.0 0.0 0.0

1735235131
0.0 0.0 0.0

1735235134
0.0 0.0 0.0

1735235136
0.0 0.0 0.0

1735235139
0.0 0.0 0.0

1735235142
0.0 0.0 0.0

1735235143
0.0 0.0 0.0

1735235145
0.0 0.0 0.0

1735235147
0.0 0.0 0.0

1735235148
0.0 0.0 0.0

1735235149
0.0 0.0 0.0

1735235150
0.0 0.0 0.0

1735235151
0.0 0.0 0.0

1735235153
0.0 0.0 0.0

1735235158
0.0 0.0 0.0

1735235159
0.0 0.0 0.0

1735235161
0.0 0.0 0.0

1735235162
0.0 0.0 0.0

1735235163
0.0 0.0 0.0

1735235165
0.0 0.0 0.0

1735235166
0.0 0.0 0.0

1735235167
0.0 0.0 0.0

1735235168
0.0 0.0 0.0

1735235169
0.0 0.0 0.0

1735235171
0.0 0.0 0.0

1735235175
0.0 0.0 0.0

1735235176
0.0 0.0 0.0

1735235177
0.0 0.0 0.0

1735235180
0.0 0.0 0.0

1735235181
0.0 0.0 0.0

1735235182
0.0 0.0 0.0

1735235183
0.0 0.0 0.0

1735235184
0.0 0.0 0.0

1735235185
0.0 0.0 0.0

1735235186
0.0 0.0 0.0

1735235192
0.0 0.0 0.0

1735235193
0.0 0.0 0.0

1735235194
0.0 0.0 0.0

1735235195
0.0 0.0 0.0

1735235196
0.0 0.0 0.0

1735235197
0.0 0.0 0.0

1735235198
0.0 0.0 0.0

1735235200
0.0 0.0 0.0

1735235201
0.0 0.0 0.0

1735235202
0.0 0.0 0.0

1735235203
0.0 0.0 0.0

1735235204
0.0 0.0 0.0

1735235206
0.0 0.0 0.0

1735235208
0.0 0.0 0.0

1735235209
0.0 0.0 0.0

1735235210
0.0 0.0 0.0

1735235211
0.0 0.0 0.0

1735235214
0.0 0.0 0.0

1735235215
0.0 0.0 0.0

1735235219
0.0 0.0 0.0

1735235220
0.0 0.0 0.0

1735235221
0.0 0.0 0.0

1735235225
0.0 0.0 0.0

1735235226
0.0 0.0 0.0

1735235227
0.0 0.0 0.0

1735235228
0.0 0.0 0.0

1735235229
0.0 0.0 0.0

1735235230
0.0 0.0 0.0

1735235231
0.0 0.0 0.0

1735235233
0.0 0.0 0.0

1735235234
0.0 0.0 0.0

1735235235
0.0 0.0 0.0

1735235236
0.0 0.0 0.0

1735235238
0.0 0.0 0.0

1735235239
0.0 0.0 0.0

1735235242
0.0 0.0 0.0

1735235243
0.0 0.0 0.0

1735235245
0.0 0.0 0.0

1735235246
0.0 0.0 0.0

1735235248
0.0 0.0 0.0

1735235249
0.0 0.0 0.0

1735235251
0.0 0.0 0.0

1735235252
0.0 0.0 0.0

1735235257
0.0 0.0 0.0

1735235258
0.0 0.0 0.0

1735235260
0.0 0.0 0.0

1735235261
0.0 0.0 0.0

1735235262
0.0 0.0 0.0

1735235263
0.0 0.0 0.0

1735235264
0.0 0.0 0.0

1735235265
0.0 0.0 0.0

1735235266
0.0 0.0 0.0

1735235267
0.0 0.0 0.0

1735235268
0.0 0.0 0.0

1735235269
0.0 0.0 0.0

1735235270
0.0 0.0 0.0

1735235271
0.0 0.0 0.0

1735235272
0.0 0.0 0.0

1735235273
0.0 0.0 0.0

1735235274
0.0 0.0 0.0

1735235275
0.0 0.0 0.0

1735235276
0.0 0.0 0.0

1735235279
0.0 0.0 0.0

1735235280
0.0 0.0 0.0

1735235281
0.0 0.0 0.0

1735235283
0.0 0.0 0.0

1735235285
0.0 0.0 0.0

1735235287
0.0 0.0 0.0

1735235288
0.0 0.0 0.0

1735235289
0.0 0.0 0.0

1735235293
0.0 0.0 0.0

1735235297
0.0 0.0 0.0

1735235298
0.0 0.0 0.0

1735235299
0.0 0.0 0.0

1735235300
0.0 0.0 0.0

1735235301
0.0 0.0 0.0

1735235306
0.0 0.0 0.0

1735235308
0.0 0.0 0.0

1735235311
0.0 0.0 0.0

1735235315
0.0 0.0 0.0

1735235316
0.0 0.0 0.0

1735235318
0.0 0.0 0.0

1735235319
0.0 0.0 0.0

1735235320
0.0 0.0 0.0

1735235321
0.0 0.0 0.0

1735235323
0.0 0.0 0.0

1735235324
0.0 0.0 0.0

1735235325
0.0 0.0 0.0

1735235326
0.0 0.0 0.0

1735235327
0.0 0.0 0.0

1735235332
0.0 0.0 0.0

1735235333
0.0 0.0 0.0

1735235334
0.0 0.0 0.0

1735235335
0.0 0.0 0.0

1735235336
0.0 0.0 0.0

1735235337
0.0 0.0 0.0

1735235340
0.0 0.0 0.0

1735235341
0.0 0.0 0.0

1735235342
0.0 0.0 0.0

1735235343
0.0 0.0 0.0

1735235344
0.0 0.0 0.0

1735235345
0.0 0.0 0.0

1735235346
0.0 0.0 0.0

1735235347
0.0 0.0 0.0

1735235348
0.0 0.0 0.0

1735235350
0.0 0.0 0.0

1735235351
0.0 0.0 0.0

1735235352
0.0 0.0 0.0

1735235353
0.0 0.0 0.0

1735235355
0.0 0.0 0.0

1735235356
0.0 0.0 0.0

1735235357
0.0 0.0 0.0

1735235358
0.0 0.0 0.0

1735235359
0.0 0.0 0.0

1735235360
0.0 0.0 0.0

1735235362
0.0 0.0 0.0

1735235366
0.0 0.0 0.0

1735235367
0.0 0.0 0.0

1735235370
0.0 0.0 0.0

1735235372
0.0 0.0 0.0

1735235374
0.0 0.0 0.0

1735235375
0.0 0.0 0.0

1735235376
0.0 0.0 0.0

1735235377
0.0 0.0 0.0

1735235378
0.0 0.0 0.0

1735235382
0.0 0.0 0.0

1735235383
0.0 0.0 0.0

1735235384
0.0 0.0 0.0

1735235387
0.0 0.0 0.0

1735235388
0.0 0.0 0.0

1735235389
0.0 0.0 0.0

1735235390
0.0 0.0 0.0

1735235391
0.0 0.0 0.0

1735235393
0.0 0.0 0.0

1735235394
0.0 0.0 0.0

1735235397
0.0 0.0 0.0

1735235398
0.0 0.0 0.0

1735235399
0.0 0.0 0.0

1735235401
0.0 0.0 0.0

1735235402
0.0 0.0 0.0

1735235407
0.0 0.0 0.0

1735235408
0.0 0.0 0.0

1735235410
0.0 0.0 0.0

1735235412
0.0 0.0 0.0

1735235413
0.0 0.0 0.0

1735235414
0.0 0.0 0.0

1735235415
0.0 0.0 0.0

1735235416
0.0 0.0 0.0

1735235417
0.0 0.0 0.0

1735235418
0.0 0.0 0.0

1735235420
0.0 0.0 0.0

1735235422
0.0 0.0 0.0

1735235423
0.0 0.0 0.0

1735235425
0.0 0.0 0.0

1735235427
0.0 0.0 0.0

1735235428
0.0 0.0 0.0

1735235430
0.0 0.0 0.0

1735235432
0.0 0.0 0.0

1735235433
0.0 0.0 0.0

1735235435
0.0 0.0 0.0

1735235437
0.0 0.0 0.0

1735235438
0.0 0.0 0.0

1735235439
0.0 0.0 0.0

1735235440
0.0 0.0 0.0

1735235441
0.0 0.0 0.0

1735235445
0.0 0.0 0.0

1735235446
0.0 0.0 0.0

1735235448
0.0 0.0 0.0

1735235449
0.0 0.0 0.0

1735235450
0.0 0.0 0.0

1735235453
0.0 0.0 0.0

1735235454
0.0 0.0 0.0

1735235455
0.0 0.0 0.0

1735235456
0.0 0.0 0.0

1735235457
0.0 0.0 0.0

1735235459
0.0 0.0 0.0

1735235460
0.0 0.0 0.0

1735235461
0.0 0.0 0.0

1735235462
0.0 0.0 0.0

1735235463
0.0 0.0 0.0

1735235464
0.0 0.0 0.0

1735235465
0.0 0.0 0.0

1735235466
0.0 0.0 0.0

1735235467
0.0 0.0 0.0

1735235468
0.0 0.0 0.0

1735235469
0.0 0.0 0.0

1735235470
0.0 0.0 0.0

1735235471
0.0 0.0 0.0

1735235472
0.0 0.0 0.0

1735235473
0.0 0.0 0.0

1735235474
0.0 0.0 0.0

1735235475
0.0 0.0 0.0

1735235476
0.0 0.0 0.0

1735235478
0.0 0.0 0.0

1735235480
0.0 0.0 0.0

1735235481
0.0 0.0 0.0

1735235482
0.0 0.0 0.0

1735235484
0.0 0.0 0.0

1735235485
0.0 0.0 0.0

1735235486
0.0 0.0 0.0

1735235487
0.0 0.0 0.0

1735235488
0.0 0.0 0.0

1735235489
0.0 0.0 0.0

1735235490
0.0 0.0 0.0

1735235491
0.0 0.0 0.0

1735235492
0.0 0.0 0.0

1735235493
0.0 0.0 0.0

1735235494
0.0 0.0 0.0

1735235495
0.0 0.0 0.0

1735235496
0.0 0.0 0.0

1735235497
0.0 0.0 0.0

1735235498
0.0 0.0 0.0

1735235499
0.0 0.0 0.0

1735235500
0.0 0.0 0.0

1735235501
0.0 0.0 0.0

1735235502
0.0 0.0 0.0

1735235503
0.0 0.0 0.0

1735235504
0.0 0.0 0.0

1735235505
0.0 0.0 0.0

1735235506
0.0 0.0 0.0

1735235507
0.0 0.0 0.0

1735235508
0.0 0.0 0.0

1735235509
0.0 0.0 0.0

1735235510
0.0 0.0 0.0

1735235511
0.0 0.0 0.0

1735235512
0.0 0.0 0.0

1735235513
0.0 0.0 0.0

1735235514
0.0 0.0 0.0

1735235515
0.0 0.0 0.0

1735235516
0.0 0.0 0.0

1735235517
0.0 0.0 0.0

1735235518
0.0 0.0 0.0

1735235520
0.0 0.0 0.0

1735235521
0.0 0.0 0.0

1735235522
0.0 0.0 0.0

1735235523
0.0 0.0 0.0

1735235524
0.0 0.0 0.0

1735235525
0.0 0.0 0.0

1735235528
0.0 0.0 0.0

1735235530
0.0 0.0 0.0

1735235531
0.0 0.0 0.0

1735235533
0.0 0.0 0.0

1735235535
0.0 0.0 0.0

1735235536
0.0 0.0 0.0

1735235537
0.0 0.0 0.0

1735235538
0.0 0.0 0.0

1735235539
0.0 0.0 0.0

1735235540
0.0 0.0 0.0

1735235541
0.0 0.0 0.0

1735235542
0.0 0.0 0.0

1735235543
0.0 0.0 0.0

1735235544
0.0 0.0 0.0

1735235545
0.0 0.0 0.0

1735235546
0.0 0.0 0.0

1735235547
0.0 0.0 0.0

1735235548
0.0 0.0 0.0

1735235549
0.0 0.0 0.0

1735235550
0.0 0.0 0.0

1735235551
0.0 0.0 0.0

1735235553
0.0 0.0 0.0

1735235555
0.0 0.0 0.0

1735235556
0.0 0.0 0.0

1735235557
0.0 0.0 0.0

1735235559
0.0 0.0 0.0

1735235560
0.0 0.0 0.0

1735235562
0.0 0.0 0.0

1735235563
0.0 0.0 0.0

1735235565
0.0 0.0 0.0

1735235566
0.0 0.0 0.0

1735235567
0.0 0.0 0.0

1735235568
0.0 0.0 0.0

1735235569
0.0 0.0 0.0

1735235570
0.0 0.0 0.0

1735235571
0.0 0.0 0.0

1735235572
0.0 0.0 0.0

1735235573
0.0 0.0 0.0

1735235574
0.0 0.0 0.0

1735235575
0.0 0.0 0.0

1735235576
0.0 0.0 0.0

1735235577
0.0 0.0 0.0

1735235578
0.0 0.0 0.0

1735235579
0.0 0.0 0.0

1735235580
0.0 0.0 0.0

1735235581
0.0 0.0 0.0

1735235582
0.0 0.0 0.0

1735235583
0.0 0.0 0.0

1735235584
0.0 0.0 0.0

1735235585
0.0 0.0 0.0

1735235586
0.0 0.0 0.0

1735235587
0.0 0.0 0.0

1735235588
0.0 0.0 0.0

1735235589
0.0 0.0 0.0

1735235590
0.0 0.0 0.0

1735235591
0.0 0.0 0.0

1735235592
0.0 0.0 0.0

1735235593
0.0 0.0 0.0

1735235594
0.0 0.0 0.0

1735235595
0.0 0.0 0.0

1735235596
0.0 0.0 0.0

1735235597
0.0 0.0 0.0

1735235598
0.0 0.0 0.0

1735235599
0.0 0.0 0.0

1735235600
0.0 0.0 0.0

1735235601
0.0 0.0 0.0

1735235602
0.0 0.0 0.0

1735235603
0.0 0.0 0.0

1735235604
0.0 0.0 0.0

1735235605
0.0 0.0 0.0

1735235606
0.0 0.0 0.0

1735235607
0.0 0.0 0.0

1735235608
0.0 0.0 0.0

1735235609
0.0 0.0 0.0

1735235610
0.0 0.0 0.0

1735235611
0.0 0.0 0.0

1735235613
0.0 0.0 0.0

1735235614
0.0 0.0 0.0

1735235615
0.0 0.0 0.0

1735235616
0.0 0.0 0.0

1735235617
0.0 0.0 0.0

1735235618
0.0 0.0 0.0

1735235619
0.0 0.0 0.0

1735235620
0.0 0.0 0.0

1735235621
0.0 0.0 0.0

1735235622
0.0 0.0 0.0

1735235623
0.0 0.0 0.0

1735235624
0.0 0.0 0.0

1735235625
0.0 0.0 0.0

1735235626
0.0 0.0 0.0

1735235627
0.0 0.0 0.0

1735235628
0.0 0.0 0.0

1735235629
0.0 0.0 0.0

1735235631
0.0 0.0 0.0

1735235632
0.0 0.0 0.0

1735235633
0.0 0.0 0.0

1735235634
0.0 0.0 0.0

1735235635
0.0 0.0 0.0

1735235636
0.0 0.0 0.0

1735235637
0.0 0.0 0.0

1735235638
0.0 0.0 0.0

1735235639
0.0 0.0 0.0

1735235640
0.0 0.0 0.0

1735235641
0.0 0.0 0.0

1735235642
0.0 0.0 0.0

1735235643
0.0 0.0 0.0

1735235644
0.0 0.0 0.0

1735235645
0.0 0.0 0.0

1735235646
0.0 0.0 0.0

1735235647
0.0 0.0 0.0

1735235648
0.0 0.0 0.0

1735235649
0.0 0.0 0.0

1735235650
0.0 0.0 0.0

1735235651
0.0 0.0 0.0

1735235652
0.0 0.0 0.0

1735235653
0.0 0.0 0.0

1735235654
0.0 0.0 0.0

1735235655
0.0 0.0 0.0

1735235656
0.0 0.0 0.0

1735235657
0.0 0.0 0.0

1735235658
0.0 0.0 0.0

1735235659
0.0 0.0 0.0

1735235660
0.0 0.0 0.0

1735235661
0.0 0.0 0.0

1735235662
0.0 0.0 0.0

1735235664
0.0 0.0 0.0

1735235667
0.0 0.0 0.0

1735235668
0.0 0.0 0.0

1735235669
0.0 0.0 0.0

1735235670
0.0 0.0 0.0

1735235671
0.0 0.0 0.0

1735235674
0.0 0.0 0.0

1735235675
0.0 0.0 0.0

1735235677
0.0 0.0 0.0

1735235678
0.0 0.0 0.0

1735235679
0.0 0.0 0.0

1735235681
0.0 0.0 0.0

1735235682
0.0 0.0 0.0

1735235683
0.0 0.0 0.0

1735235684
0.0 0.0 0.0

1735235685
0.0 0.0 0.0

1735235686
0.0 0.0 0.0

1735235687
0.0 0.0 0.0

1735235688
0.0 0.0 0.0

1735235689
0.0 0.0 0.0

1735235690
0.0 0.0 0.0

1735235691
0.0 0.0 0.0

1735235692
0.0 0.0 0.0

1735235693
0.0 0.0 0.0

1735235694
0.0 0.0 0.0

1735235695
0.0 0.0 0.0

1735235696
0.0 0.0 0.0

1735235697
0.0 0.0 0.0

1735235698
0.0 0.0 0.0

1735235699
0.0 0.0 0.0

1735235700
0.0 0.0 0.0

1735235701
0.0 0.0 0.0

1735235702
0.0 0.0 0.0

1735235703
0.0 0.0 0.0

1735235704
0.0 0.0 0.0

1735235705
0.0 0.0 0.0

1735235706
0.0 0.0 0.0

1735235707
0.0 0.0 0.0

1735235708
0.0 0.0 0.0

1735235709
0.0 0.0 0.0

1735235710
0.0 0.0 0.0

1735235711
0.0 0.0 0.0

1735235712
0.0 0.0 0.0

1735235713
0.0 0.0 0.0

1735235714
0.0 0.0 0.0

1735235715
0.0 0.0 0.0

1735235716
0.0 0.0 0.0

1735235717
0.0 0.0 0.0

1735235718
0.0 0.0 0.0

1735235719
0.0 0.0 0.0

1735235720
0.0 0.0 0.0

1735235721
0.0 0.0 0.0

1735235722
0.0 0.0 0.0

1735235723
0.0 0.0 0.0

1735235724
0.0 0.0 0.0

1735235725
0.0 0.0 0.0

1735235726
0.0 0.0 0.0

1735235727
0.0 0.0 0.0

1735235728
0.0 0.0 0.0

1735235729
0.0 0.0 0.0

1735235730
0.0 0.0 0.0

1735235731
0.0 0.0 0.0

1735235732
0.0 0.0 0.0

1735235733
0.0 0.0 0.0

1735235734
0.0 0.0 0.0

1735235735
0.0 0.0 0.0

1735235736
0.0 0.0 0.0

1735235737
0.0 0.0 0.0

1735235738
0.0 0.0 0.0

1735235739
0.0 0.0 0.0

1735235740
0.0 0.0 0.0

1735235741
0.0 0.0 0.0

1735235742
0.0 0.0 0.0

1735235744
0.0 0.0 0.0

1735235746
0.0 0.0 0.0

1735235747
0.0 0.0 0.0

1735235748
0.0 0.0 0.0

1735235749
0.0 0.0 0.0

1735235750
0.0 0.0 0.0

1735235751
0.0 0.0 0.0

1735235752
0.0 0.0 0.0

1735235753
0.0 0.0 0.0

1735235754
0.0 0.0 0.0

1735235755
0.0 0.0 0.0

1735235756
0.0 0.0 0.0

1735235757
0.0 0.0 0.0

1735235759
0.0 0.0 0.0

1735235760
0.0 0.0 0.0

1735235761
0.0 0.0 0.0

1735235762
0.0 0.0 0.0

1735235763
0.0 0.0 0.0

1735235764
0.0 0.0 0.0

1735235765
0.0 0.0 0.0

1735235766
0.0 0.0 0.0

1735235767
0.0 0.0 0.0

1735235768
0.0 0.0 0.0

1735235769
0.0 0.0 0.0

1735235770
0.0 0.0 0.0

1735235771
0.0 0.0 0.0

1735235772
0.0 0.0 0.0

1735235773
0.0 0.0 0.0

1735235774
0.0 0.0 0.0

1735235775
0.0 0.0 0.0

1735235776
0.0 0.0 0.0

1735235777
0.0 0.0 0.0

1735235778
0.0 0.0 0.0

1735235779
0.0 0.0 0.0

1735235780
0.0 0.0 0.0

1735235781
0.0 0.0 0.0

1735235782
0.0 0.0 0.0

1735235783
0.0 0.0 0.0

1735235784
0.0 0.0 0.0

1735235785
0.0 0.0 0.0

1735235786
0.0 0.0 0.0

1735235787
0.0 0.0 0.0

1735235788
0.0 0.0 0.0

1735235789
0.0 0.0 0.0

1735235790
0.0 0.0 0.0

1735235791
0.0 0.0 0.0

1735235792
0.0 0.0 0.0

1735235793
0.0 0.0 0.0

1735235794
0.0 0.0 0.0

1735235795
0.0 0.0 0.0

1735235796
0.0 0.0 0.0

1735235797
0.0 0.0 0.0

