1735167477
/dev/sda1: 25000513536
overlay: 25000513536

1735167478
/dev/sda1: 25002586112
overlay: 25002586112

1735167479
/dev/sda1: 25004679168
overlay: 25004679168

1735167481
/dev/sda1: 25012178944
overlay: 25012178944

1735167483
/dev/sda1: 25043742720
overlay: 25043742720

1735167484
/dev/sda1: 25086259200
overlay: 25086259200

1735167485
/dev/sda1: 25102401536
overlay: 25102401536

1735167486
/dev/sda1: 25118797824
overlay: 25118797824

1735167487
/dev/sda1: 25134497792
overlay: 25134497792

1735167488
/dev/sda1: 25142374400
overlay: 25142374400

1735167489
/dev/sda1: 25215741952
overlay: 25215741952

1735167490
/dev/sda1: 25306357760
overlay: 25306357760

1735167492
/dev/sda1: 25311301632
overlay: 25311301632

1735167492
/dev/sda1: 25313611776
overlay: 25313611776

1735167493
/dev/sda1: 25316913152
overlay: 25316913152

1735167495
/dev/sda1: 25338335232
overlay: 25338335232

1735167497
/dev/sda1: 25374154752
overlay: 25374154752

1735167498
/dev/sda1: 25387073536
overlay: 25387073536

1735167499
/dev/sda1: 25411543040
overlay: 25411543040

1735167500
/dev/sda1: 25422909440
overlay: 25422909440

1735167501
/dev/sda1: 25435254784
overlay: 25435254784

1735167503
/dev/sda1: 25507819520
overlay: 25507819520

1735167504
/dev/sda1: 25605226496
overlay: 25605226496

1735167505
/dev/sda1: 25683763200
overlay: 25683763200

1735167506
/dev/sda1: 25758666752
overlay: 25758666752

1735167508
/dev/sda1: 25816461312
overlay: 25816461312

1735167510
/dev/sda1: 25887756288
overlay: 25887756288

1735167512
/dev/sda1: 25938354176
overlay: 25938354176

1735167514
/dev/sda1: 26000691200
overlay: 26000691200

1735167516
/dev/sda1: 26064113664
overlay: 26064113664

1735167517
/dev/sda1: 26114510848
overlay: 26114510848

1735167520
/dev/sda1: 26206265344
overlay: 26206265344

1735167522
/dev/sda1: 26267697152
overlay: 26267697152

1735167523
/dev/sda1: 26290597888
overlay: 26290597888

1735167525
/dev/sda1: 26335002624
overlay: 26335002624

1735167526
/dev/sda1: 26385903616
overlay: 26385903616

1735167527
/dev/sda1: 26452561920
overlay: 26452561920

1735167528
/dev/sda1: 26493095936
overlay: 26493095936

1735167530
/dev/sda1: 26530074624
overlay: 26530074624

1735167531
/dev/sda1: 26576793600
overlay: 26576793600

1735167532
/dev/sda1: 26624212992
overlay: 26624196608

1735167534
/dev/sda1: 26675142656
overlay: 26675142656

1735167535
/dev/sda1: 26681929728
overlay: 26681929728

1735167537
/dev/sda1: 26698858496
overlay: 26698858496

1735167539
/dev/sda1: 26721267712
overlay: 26721267712

1735167540
/dev/sda1: 26733350912
overlay: 26733350912

1735167541
/dev/sda1: 26744401920
overlay: 26744401920

1735167542
/dev/sda1: 26761228288
overlay: 26761228288

1735167543
/dev/sda1: 26773270528
overlay: 26773270528

1735167545
/dev/sda1: 26793783296
overlay: 26793783296

1735167546
/dev/sda1: 26797805568
overlay: 26797805568

1735167547
/dev/sda1: 26804916224
overlay: 26804916224

1735167548
/dev/sda1: 26885345280
overlay: 26885345280

1735167549
/dev/sda1: 26938032128
overlay: 26929643520

1735167550
/dev/sda1: 26953437184
overlay: 26953437184

1735167552
/dev/sda1: 26999681024
overlay: 26999681024

1735167554
/dev/sda1: 27074342912
overlay: 27074342912

1735167556
/dev/sda1: 27087421440
overlay: 27087421440

1735167557
/dev/sda1: 27092377600
overlay: 27092377600

1735167558
/dev/sda1: 27111444480
overlay: 27111444480

1735167560
/dev/sda1: 27123695616
overlay: 27123695616

1735167561
/dev/sda1: 27130327040
overlay: 27130327040

1735167562
/dev/sda1: 27131981824
overlay: 27131981824

1735167563
/dev/sda1: 27135111168
overlay: 27135111168

1735167565
/dev/sda1: 27156762624
overlay: 27156762624

1735167565
/dev/sda1: 27170283520
overlay: 27170283520

1735167566
/dev/sda1: 27173015552
overlay: 27173015552

1735167568
/dev/sda1: 27175047168
overlay: 27175047168

1735167568
/dev/sda1: 27185168384
overlay: 27185168384

1735167569
/dev/sda1: 27196157952
overlay: 27196157952

1735167571
/dev/sda1: 27221864448
overlay: 27221868544

1735167572
/dev/sda1: 27397316608
overlay: 27397316608

1735167573
/dev/sda1: 27444772864
overlay: 27444772864

1735167575
/dev/sda1: 27487133696
overlay: 27487133696

1735167577
/dev/sda1: 27516030976
overlay: 27516030976

1735167579
/dev/sda1: 27525980160
overlay: 27525980160

1735167581
/dev/sda1: 27528728576
overlay: 27528728576

1735167582
/dev/sda1: 27553894400
overlay: 27553894400

1735167584
/dev/sda1: 27562479616
overlay: 27562479616

1735167586
/dev/sda1: 27590410240
overlay: 27590410240

1735167588
/dev/sda1: 27604426752
overlay: 27604426752

1735167589
/dev/sda1: 27617087488
overlay: 27617087488

1735167591
/dev/sda1: 27626303488
overlay: 27626303488

1735167592
/dev/sda1: 27637116928
overlay: 27637116928

1735167593
/dev/sda1: 27648868352
overlay: 27648868352

1735167594
/dev/sda1: 27657560064
overlay: 27657560064

1735167595
/dev/sda1: 27677863936
overlay: 27677863936

1735167596
/dev/sda1: 27739504640
overlay: 27739504640

1735167598
/dev/sda1: 27815075840
overlay: 27815075840

1735167599
/dev/sda1: 27836813312
overlay: 27836813312

1735167600
/dev/sda1: 27852926976
overlay: 27852926976

1735167602
/dev/sda1: 27862573056
overlay: 27862573056

1735167603
/dev/sda1: 27868913664
overlay: 27868913664

1735167605
/dev/sda1: 27872473088
overlay: 27872473088

1735167607
/dev/sda1: 27876249600
overlay: 27876249600

1735167607
/dev/sda1: 27885613056
overlay: 27885613056

1735167609
/dev/sda1: 27914358784
overlay: 27914358784

1735167609
/dev/sda1: 27917066240
overlay: 27917066240

1735167610
/dev/sda1: 27927080960
overlay: 27927080960

1735167611
/dev/sda1: 27929579520
overlay: 27929579520

1735167612
/dev/sda1: 27968008192
overlay: 27968008192

1735167613
/dev/sda1: 27987537920
overlay: 27987537920

1735167614
/dev/sda1: 27990642688
overlay: 27990642688

1735167615
/dev/sda1: 28006039552
overlay: 28006039552

1735167617
/dev/sda1: 28008206336
overlay: 28008206336

1735167618
/dev/sda1: 28023652352
overlay: 28023652352

1735167620
/dev/sda1: 28050927616
overlay: 28050927616

1735167622
/dev/sda1: 28077473792
overlay: 28077473792

1735167624
/dev/sda1: 28106428416
overlay: 28106428416

1735167625
/dev/sda1: 28160815104
overlay: 28160815104

1735167626
/dev/sda1: 28173680640
overlay: 28173680640

1735167627
/dev/sda1: 28188119040
overlay: 28188119040

1735167629
/dev/sda1: 28200902656
overlay: 28200906752

1735167630
/dev/sda1: 28227035136
overlay: 28227035136

1735167632
/dev/sda1: 28248285184
overlay: 28248285184

1735167634
/dev/sda1: 28272881664
overlay: 28272881664

1735167635
/dev/sda1: 28285730816
overlay: 28285730816

1735167637
/dev/sda1: 28307738624
overlay: 28307742720

1735167639
/dev/sda1: 28331982848
overlay: 28331982848

1735167639
/dev/sda1: 28346564608
overlay: 28346564608

1735167640
/dev/sda1: 28361068544
overlay: 28361068544

1735167641
/dev/sda1: 28380524544
overlay: 28380524544

1735167642
/dev/sda1: 28408807424
overlay: 28408807424

1735167643
/dev/sda1: 28444692480
overlay: 28444696576

1735167644
/dev/sda1: 28467994624
overlay: 28467994624

1735167645
/dev/sda1: 28480241664
overlay: 28480241664

1735167647
/dev/sda1: 28491804672
overlay: 28491804672

1735167649
/dev/sda1: 28545683456
overlay: 28545683456

1735167651
/dev/sda1: 28571742208
overlay: 28571742208

1735167652
/dev/sda1: 28574015488
overlay: 28574015488

1735167653
/dev/sda1: 28586221568
overlay: 28586221568

1735167654
/dev/sda1: 28598509568
overlay: 28598509568

1735167655
/dev/sda1: 28610756608
overlay: 28610756608

1735167656
/dev/sda1: 28633292800
overlay: 28633292800

1735167657
/dev/sda1: 28642521088
overlay: 28642521088

1735167658
/dev/sda1: 28647415808
overlay: 28647415808

1735167659
/dev/sda1: 28660391936
overlay: 28660391936

1735167660
/dev/sda1: 28673150976
overlay: 28673150976

1735167661
/dev/sda1: 28684890112
overlay: 28684890112

1735167662
/dev/sda1: 28696641536
overlay: 28696641536

1735167664
/dev/sda1: 28714643456
overlay: 28714643456

1735167666
/dev/sda1: 28735016960
overlay: 28735012864

1735167667
/dev/sda1: 28752470016
overlay: 28752470016

1735167669
/dev/sda1: 28785233920
overlay: 28785233920

1735167670
/dev/sda1: 28801650688
overlay: 28801654784

1735167671
/dev/sda1: 28814053376
overlay: 28814053376

1735167672
/dev/sda1: 28837732352
overlay: 28837732352

1735167673
/dev/sda1: 28846120960
overlay: 28846120960

1735167674
/dev/sda1: 28860542976
overlay: 28860542976

1735167675
/dev/sda1: 28873326592
overlay: 28873326592

1735167676
/dev/sda1: 28886032384
overlay: 28886032384

1735167677
/dev/sda1: 28897341440
overlay: 28897341440

1735167678
/dev/sda1: 28910428160
overlay: 28910428160

1735167680
/dev/sda1: 28918996992
overlay: 28918996992

1735167681
/dev/sda1: 28943638528
overlay: 28943638528

1735167682
/dev/sda1: 28957298688
overlay: 28957298688

1735167683
/dev/sda1: 28965507072
overlay: 28965507072

1735167685
/dev/sda1: 28976058368
overlay: 28976058368

1735167685
/dev/sda1: 28983934976
overlay: 28983934976

1735167686
/dev/sda1: 28994412544
overlay: 28994412544

1735167688
/dev/sda1: 29004705792
overlay: 29004705792

1735167689
/dev/sda1: 29014990848
overlay: 29014990848

1735167691
/dev/sda1: 29032988672
overlay: 29032988672

1735167692
/dev/sda1: 29042941952
overlay: 29042941952

1735167693
/dev/sda1: 29053444096
overlay: 29053444096

1735167694
/dev/sda1: 29066104832
overlay: 29066104832

1735167695
/dev/sda1: 29071691776
overlay: 29071691776

1735167696
/dev/sda1: 29077757952
overlay: 29077757952

1735167697
/dev/sda1: 29085405184
overlay: 29085405184

1735167698
/dev/sda1: 29091434496
overlay: 29091434496

1735167699
/dev/sda1: 29093150720
overlay: 29093150720

1735167700
/dev/sda1: 29092855808
overlay: 29092855808

1735167701
/dev/sda1: 29093175296
overlay: 29093175296

1735167702
/dev/sda1: 29093707776
overlay: 29093707776

1735167703
/dev/sda1: 29096706048
overlay: 29096706048

1735167704
/dev/sda1: 29098381312
overlay: 29098381312

1735167705
/dev/sda1: 29100728320
overlay: 29100728320

1735167707
/dev/sda1: 29103742976
overlay: 29103742976

1735167708
/dev/sda1: 29104537600
overlay: 29104537600

1735167709
/dev/sda1: 29107728384
overlay: 29107728384

1735167711
/dev/sda1: 29107838976
overlay: 29107838976

1735167711
/dev/sda1: 29108408320
overlay: 29108408320

1735167713
/dev/sda1: 29108539392
overlay: 29108539392

1735167714
/dev/sda1: 29109047296
overlay: 29109047296

1735167714
/dev/sda1: 29109886976
overlay: 29109886976

1735167715
/dev/sda1: 29111771136
overlay: 29111771136

1735167716
/dev/sda1: 29116764160
overlay: 29116764160

1735167717
/dev/sda1: 29117149184
overlay: 29117149184

1735167718
/dev/sda1: 29117788160
overlay: 29117788160

1735167720
/dev/sda1: 29120016384
overlay: 29120016384

1735167721
/dev/sda1: 29124067328
overlay: 29124067328

1735167723
/dev/sda1: 29142003712
overlay: 29142003712

1735167724
/dev/sda1: 29194661888
overlay: 29194661888

1735167725
/dev/sda1: 29210673152
overlay: 29210673152

1735167726
/dev/sda1: 29218271232
overlay: 29218271232

1735167727
/dev/sda1: 29281333248
overlay: 29281333248

1735167729
/dev/sda1: 29385945088
overlay: 29385945088

1735167730
/dev/sda1: 29471039488
overlay: 29471043584

1735167731
/dev/sda1: 29522022400
overlay: 29522022400

1735167733
/dev/sda1: 29579661312
overlay: 29579661312

1735167734
/dev/sda1: 29602123776
overlay: 29602123776

1735167735
/dev/sda1: 29628526592
overlay: 29628526592

1735167737
/dev/sda1: 29647159296
overlay: 29647159296

1735167738
/dev/sda1: 29669040128
overlay: 29669040128

1735167740
/dev/sda1: 29710032896
overlay: 29710032896

1735167742
/dev/sda1: 29759164416
overlay: 29759164416

1735167743
/dev/sda1: 29793878016
overlay: 29793878016

1735167744
/dev/sda1: 29823963136
overlay: 29823963136

1735167746
/dev/sda1: 29861769216
overlay: 29861756928

1735167747
/dev/sda1: 29896282112
overlay: 29896282112

1735167749
/dev/sda1: 29948538880
overlay: 29948538880

1735167750
/dev/sda1: 29978226688
overlay: 29978230784

1735167752
/dev/sda1: 30040260608
overlay: 30040260608

1735167754
/dev/sda1: 30090858496
overlay: 30090858496

1735167756
/dev/sda1: 30143438848
overlay: 30143438848

1735167758
/dev/sda1: 30199103488
overlay: 30199103488

1735167760
/dev/sda1: 30249967616
overlay: 30249967616

1735167762
/dev/sda1: 30303793152
overlay: 30303793152

1735167763
/dev/sda1: 30338441216
overlay: 30338441216

1735167764
/dev/sda1: 30356815872
overlay: 30356815872

1735167766
/dev/sda1: 30400163840
overlay: 30400163840

1735167768
/dev/sda1: 30445309952
overlay: 30445309952

1735167769
/dev/sda1: 30501793792
overlay: 30501793792

1735167771
/dev/sda1: 30549696512
overlay: 30549704704

1735167772
/dev/sda1: 30591488000
overlay: 30591488000

1735167775
/dev/sda1: 30632734720
overlay: 30632734720

1735167776
/dev/sda1: 30680076288
overlay: 30680076288

1735167777
/dev/sda1: 30713094144
overlay: 30713094144

1735167779
/dev/sda1: 30747643904
overlay: 30747643904

1735167780
/dev/sda1: 30764085248
overlay: 30764081152

1735167782
/dev/sda1: 30850924544
overlay: 30850924544

1735167784
/dev/sda1: 30918098944
overlay: 30918098944

1735167785
/dev/sda1: 30954131456
overlay: 30954131456

1735167786
/dev/sda1: 30993580032
overlay: 30993580032

1735167787
/dev/sda1: 31027077120
overlay: 31027077120

1735167788
/dev/sda1: 31056875520
overlay: 31056875520

1735167790
/dev/sda1: 31093374976
overlay: 31093374976

1735167791
/dev/sda1: 31135080448
overlay: 31135080448

1735167793
/dev/sda1: 31176163328
overlay: 31176163328

1735167795
/dev/sda1: 31206805504
overlay: 31206805504

1735167796
/dev/sda1: 31235948544
overlay: 31235948544

1735167798
/dev/sda1: 31285211136
overlay: 31285211136

1735167800
/dev/sda1: 31336218624
overlay: 31336218624

1735167802
/dev/sda1: 31391600640
overlay: 31391604736

1735167803
/dev/sda1: 31434035200
overlay: 31434035200

1735167805
/dev/sda1: 31480807424
overlay: 31480811520

1735167807
/dev/sda1: 31530471424
overlay: 31530471424

1735167808
/dev/sda1: 31554772992
overlay: 31554781184

1735167809
/dev/sda1: 31580520448
overlay: 31580520448

1735167810
/dev/sda1: 31608541184
overlay: 31608541184

1735167812
/dev/sda1: 31623024640
overlay: 31623024640

1735167814
/dev/sda1: 31654649856
overlay: 31654649856

1735167815
/dev/sda1: 31671271424
overlay: 31671271424

1735167816
/dev/sda1: 31696216064
overlay: 31696216064

1735167818
/dev/sda1: 31725182976
overlay: 31725268992

1735167819
/dev/sda1: 31757242368
overlay: 31757242368

1735167821
/dev/sda1: 31815458816
overlay: 31815458816

1735167823
/dev/sda1: 31860428800
overlay: 31860428800

1735167824
/dev/sda1: 31887376384
overlay: 31887376384

1735167826
/dev/sda1: 31919783936
overlay: 31919783936

1735167828
/dev/sda1: 31974338560
overlay: 31974350848

1735167830
/dev/sda1: 32008552448
overlay: 32008552448

1735167831
/dev/sda1: 32042311680
overlay: 32042311680

1735167832
/dev/sda1: 32071352320
overlay: 32071352320

1735167834
/dev/sda1: 32124719104
overlay: 32124719104

1735167835
/dev/sda1: 32161685504
overlay: 32161685504

1735167837
/dev/sda1: 32219033600
overlay: 32219033600

1735167839
/dev/sda1: 32219877376
overlay: 32219877376

1735167840
/dev/sda1: 32220495872
overlay: 32220495872

1735167842
/dev/sda1: 32221765632
overlay: 32221765632

1735167843
/dev/sda1: 32222134272
overlay: 32222134272

1735167844
/dev/sda1: 32222633984
overlay: 32222633984

1735167846
/dev/sda1: 32224026624
overlay: 32224026624

1735167847
/dev/sda1: 32226365440
overlay: 32226365440

1735167849
/dev/sda1: 32228253696
overlay: 32228253696

1735167850
/dev/sda1: 32228536320
overlay: 32228544512

1735167852
/dev/sda1: 32228282368
overlay: 32228282368

1735167854
/dev/sda1: 32229842944
overlay: 32229842944

1735167856
/dev/sda1: 32231084032
overlay: 32231084032

1735167857
/dev/sda1: 32232476672
overlay: 32232476672

1735167858
/dev/sda1: 32233394176
overlay: 32233394176

1735167859
/dev/sda1: 32233766912
overlay: 32233766912

1735167860
/dev/sda1: 32235421696
overlay: 32235421696

1735167861
/dev/sda1: 32235921408
overlay: 32235921408

1735167862
/dev/sda1: 32237469696
overlay: 32237469696

1735167863
/dev/sda1: 32238616576
overlay: 32238616576

1735167864
/dev/sda1: 32239910912
overlay: 32239910912

1735167865
/dev/sda1: 32240295936
overlay: 32240295936

1735167866
/dev/sda1: 32240758784
overlay: 32240758784

1735167866
/dev/sda1: 32241573888
overlay: 32241573888

1735167867
/dev/sda1: 32244023296
overlay: 32244023296

1735167868
/dev/sda1: 32246370304
overlay: 32246370304

1735167869
/dev/sda1: 32247623680
overlay: 32247623680

1735167870
/dev/sda1: 32263938048
overlay: 32263938048

1735167871
/dev/sda1: 32288272384
overlay: 32288272384

1735167872
/dev/sda1: 32297218048
overlay: 32297218048

1735167873
/dev/sda1: 32309735424
overlay: 32309735424

1735167874
/dev/sda1: 32324939776
overlay: 32324939776

1735167875
/dev/sda1: 32347148288
overlay: 32347148288

1735167877
/dev/sda1: 32375955456
overlay: 32375955456

1735167878
/dev/sda1: 32379936768
overlay: 32379936768

1735167880
/dev/sda1: 32381665280
overlay: 32381665280

1735167882
/dev/sda1: 32384946176
overlay: 32384946176

1735167883
/dev/sda1: 32386371584
overlay: 32386371584

1735167885
/dev/sda1: 32387297280
overlay: 32387297280

1735167886
/dev/sda1: 32389287936
overlay: 32389287936

1735167887
/dev/sda1: 32390684672
overlay: 32390684672

1735167888
/dev/sda1: 32391200768
overlay: 32391200768

1735167889
/dev/sda1: 32392679424
overlay: 32392679424

1735167890
/dev/sda1: 32395419648
overlay: 32395419648

1735167891
/dev/sda1: 32396079104
overlay: 32396079104

1735167892
/dev/sda1: 32399388672
overlay: 32399388672

1735167893
/dev/sda1: 32400748544
overlay: 32400748544

1735167894
/dev/sda1: 32401100800
overlay: 32401100800

1735167896
/dev/sda1: 32401793024
overlay: 32401793024

1735167898
/dev/sda1: 32402190336
overlay: 32402190336

1735167900
/dev/sda1: 32403746816
overlay: 32403746816

1735167901
/dev/sda1: 32404578304
overlay: 32404578304

1735167902
/dev/sda1: 32403091456
overlay: 32403091456

1735167903
/dev/sda1: 32403365888
overlay: 32403365888

1735167904
/dev/sda1: 32403644416
overlay: 32403644416

1735167904
/dev/sda1: 32404512768
overlay: 32404512768

1735167905
/dev/sda1: 32405921792
overlay: 32405921792

1735167906
/dev/sda1: 32409862144
overlay: 32409862144

1735167908
/dev/sda1: 32410890240
overlay: 32410890240

1735167908
/dev/sda1: 32411742208
overlay: 32411742208

1735167909
/dev/sda1: 32412459008
overlay: 32412459008

1735167911
/dev/sda1: 32413044736
overlay: 32413044736

1735167912
/dev/sda1: 32415211520
overlay: 32415211520

1735167912
/dev/sda1: 32416886784
overlay: 32416890880

1735167913
/dev/sda1: 32419684352
overlay: 32419684352

1735167915
/dev/sda1: 32420290560
overlay: 32420290560

1735167916
/dev/sda1: 32420454400
overlay: 32420454400

1735167917
/dev/sda1: 32420573184
overlay: 32420573184

1735167918
/dev/sda1: 32421015552
overlay: 32421015552

1735167919
/dev/sda1: 32421113856
overlay: 32421113856

1735167920
/dev/sda1: 32421339136
overlay: 32421339136

1735167921
/dev/sda1: 32421470208
overlay: 32421470208

1735167922
/dev/sda1: 32421601280
overlay: 32421601280

1735167923
/dev/sda1: 32421720064
overlay: 32421720064

1735167924
/dev/sda1: 32421785600
overlay: 32421785600

1735167925
/dev/sda1: 32421957632
overlay: 32421957632

1735167926
/dev/sda1: 32422506496
overlay: 32422506496

1735167927
/dev/sda1: 32422686720
overlay: 32422686720

1735167928
/dev/sda1: 32422760448
overlay: 32422760448

1735167929
/dev/sda1: 32422895616
overlay: 32422895616

1735167930
/dev/sda1: 32422973440
overlay: 32422973440

1735167931
/dev/sda1: 32423211008
overlay: 32423211008

1735167932
/dev/sda1: 32423374848
overlay: 32423374848

1735167933
/dev/sda1: 32423616512
overlay: 32423616512

1735167934
/dev/sda1: 32423677952
overlay: 32423677952

1735167936
/dev/sda1: 32424222720
overlay: 32424222720

1735167937
/dev/sda1: 32424345600
overlay: 32424345600

1735167938
/dev/sda1: 32424411136
overlay: 32424411136

1735167939
/dev/sda1: 32424394752
overlay: 32424394752

1735167940
/dev/sda1: 32424562688
overlay: 32424562688

1735167940
/dev/sda1: 32426827776
overlay: 32426827776

1735167942
/dev/sda1: 32430628864
overlay: 32430628864

1735167943
/dev/sda1: 32432545792
overlay: 32432545792

1735167944
/dev/sda1: 32433393664
overlay: 32433393664

1735167945
/dev/sda1: 32433627136
overlay: 32433627136

1735167946
/dev/sda1: 32434618368
overlay: 32434618368

1735167947
/dev/sda1: 32435126272
overlay: 32435126272

1735167948
/dev/sda1: 32436293632
overlay: 32436293632

1735167949
/dev/sda1: 32437506048
overlay: 32437506048

1735167949
/dev/sda1: 32439648256
overlay: 32439648256

1735167951
/dev/sda1: 32444981248
overlay: 32444981248

1735167951
/dev/sda1: 32446885888
overlay: 32446885888

1735167952
/dev/sda1: 32449036288
overlay: 32449036288

1735167953
/dev/sda1: 32451719168
overlay: 32451719168

1735167955
/dev/sda1: 32454860800
overlay: 32454860800

1735167956
/dev/sda1: 32456654848
overlay: 32456654848

1735167957
/dev/sda1: 32457216000
overlay: 32457216000

1735167957
/dev/sda1: 32459468800
overlay: 32459468800

1735167958
/dev/sda1: 32461205504
overlay: 32461205504

1735167959
/dev/sda1: 32461381632
overlay: 32461381632

1735167961
/dev/sda1: 32461520896
overlay: 32461520896

1735167962
/dev/sda1: 32465117184
overlay: 32465117184

1735167963
/dev/sda1: 32465362944
overlay: 32465362944

1735167963
/dev/sda1: 32465575936
overlay: 32465575936

1735167964
/dev/sda1: 32471687168
overlay: 32471687168

1735167965
/dev/sda1: 32472489984
overlay: 32472489984

1735167966
/dev/sda1: 32476491776
overlay: 32476491776

1735167968
/dev/sda1: 32469405696
overlay: 32469405696

1735167969
/dev/sda1: 32469893120
overlay: 32469893120

1735167971
/dev/sda1: 32472760320
overlay: 32472760320

1735167972
/dev/sda1: 32474656768
overlay: 32474656768

1735167973
/dev/sda1: 32477069312
overlay: 32477069312

1735167974
/dev/sda1: 32478920704
overlay: 32478920704

1735167975
/dev/sda1: 32480264192
overlay: 32480264192

1735167976
/dev/sda1: 32481779712
overlay: 32481779712

1735167977
/dev/sda1: 32485990400
overlay: 32485990400

1735167978
/dev/sda1: 32490045440
overlay: 32490045440

1735167979
/dev/sda1: 32494145536
overlay: 32494145536

1735167980
/dev/sda1: 32494157824
overlay: 32494157824

1735167981
/dev/sda1: 32496128000
overlay: 32496128000

1735167982
/dev/sda1: 32498200576
overlay: 32498200576

1735167983
/dev/sda1: 32499208192
overlay: 32499208192

1735167984
/dev/sda1: 32500649984
overlay: 32500649984

1735167985
/dev/sda1: 32503697408
overlay: 32503697408

1735167986
/dev/sda1: 32507330560
overlay: 32507330560

1735167987
/dev/sda1: 32511184896
overlay: 32511184896

1735167988
/dev/sda1: 32513531904
overlay: 32513531904

1735167989
/dev/sda1: 32523636736
overlay: 32523636736

1735167990
/dev/sda1: 32526819328
overlay: 32526823424

1735167991
/dev/sda1: 32530669568
overlay: 32530669568

1735167992
/dev/sda1: 32605237248
overlay: 32605237248

1735167993
/dev/sda1: 32620032000
overlay: 32620036096

1735167994
/dev/sda1: 32624762880
overlay: 32624762880

1735167995
/dev/sda1: 32632717312
overlay: 32632717312

1735167996
/dev/sda1: 32633077760
overlay: 32633077760

1735167997
/dev/sda1: 32633327616
overlay: 32633327616

1735167999
/dev/sda1: 32635977728
overlay: 32635977728

1735168001
/dev/sda1: 32640475136
overlay: 32640475136

1735168004
/dev/sda1: 32642387968
overlay: 32642387968

1735168005
/dev/sda1: 32646934528
overlay: 32646934528

1735168006
/dev/sda1: 32649048064
overlay: 32649048064

1735168007
/dev/sda1: 32673120256
overlay: 32673120256

1735168008
/dev/sda1: 32675090432
overlay: 32675090432

1735168009
/dev/sda1: 32676888576
overlay: 32676888576

1735168010
/dev/sda1: 32680386560
overlay: 32680390656

1735168011
/dev/sda1: 32692428800
overlay: 32692428800

1735168012
/dev/sda1: 32686968832
overlay: 32686968832

1735168013
/dev/sda1: 32687304704
overlay: 32687304704

1735168014
/dev/sda1: 32687464448
overlay: 32687464448

1735168015
/dev/sda1: 32685457408
overlay: 32685457408

1735168016
/dev/sda1: 32685690880
overlay: 32685690880

1735168017
/dev/sda1: 32688676864
overlay: 32688676864

1735168018
/dev/sda1: 32688390144
overlay: 32688390144

1735168019
/dev/sda1: 32685535232
overlay: 32685535232

1735168020
/dev/sda1: 32693358592
overlay: 32693358592

1735168022
/dev/sda1: 32699424768
overlay: 32699424768

1735168023
/dev/sda1: 32700194816
overlay: 32700194816

1735168024
/dev/sda1: 32700751872
overlay: 32700751872

1735168025
/dev/sda1: 32712396800
overlay: 32712396800

1735168026
/dev/sda1: 32706453504
overlay: 32706453504

1735168027
/dev/sda1: 32706621440
overlay: 32706621440

1735168028
/dev/sda1: 32708677632
overlay: 32708677632

1735168029
/dev/sda1: 32709365760
overlay: 32709365760

1735168030
/dev/sda1: 32711196672
overlay: 32711196672

1735168031
/dev/sda1: 32710193152
overlay: 32710193152

1735168032
/dev/sda1: 32711098368
overlay: 32711098368

1735168034
/dev/sda1: 32712286208
overlay: 32712286208

1735168035
/dev/sda1: 32713052160
overlay: 32713052160

1735168036
/dev/sda1: 32713441280
overlay: 32713441280

1735168037
/dev/sda1: 32714604544
overlay: 32714604544

1735168038
/dev/sda1: 32713711616
overlay: 32713711616

1735168039
/dev/sda1: 32715689984
overlay: 32715689984

1735168040
/dev/sda1: 32717066240
overlay: 32717066240

1735168041
/dev/sda1: 32716988416
overlay: 32716988416

1735168042
/dev/sda1: 32717922304
overlay: 32717922304

1735168043
/dev/sda1: 32718360576
overlay: 32718360576

1735168044
/dev/sda1: 32718876672
overlay: 32718876672

1735168045
/dev/sda1: 32719261696
overlay: 32719261696

1735168046
/dev/sda1: 32719507456
overlay: 32719507456

1735168047
/dev/sda1: 32719863808
overlay: 32719863808

1735168048
/dev/sda1: 32720326656
overlay: 32720326656

1735168049
/dev/sda1: 32729178112
overlay: 32729178112

1735168050
/dev/sda1: 32729579520
overlay: 32729579520

1735168051
/dev/sda1: 32731152384
overlay: 32731152384

1735168052
/dev/sda1: 32731602944
overlay: 32731602944

1735168053
/dev/sda1: 32732147712
overlay: 32732147712

1735168054
/dev/sda1: 32732532736
overlay: 32732532736

1735168055
/dev/sda1: 32732950528
overlay: 32732950528

1735168056
/dev/sda1: 32733376512
overlay: 32733376512

1735168057
/dev/sda1: 32733577216
overlay: 32733577216

1735168058
/dev/sda1: 32733757440
overlay: 32733757440

1735168059
/dev/sda1: 32733945856
overlay: 32733945856

1735168060
/dev/sda1: 32734089216
overlay: 32734089216

1735168061
/dev/sda1: 32734285824
overlay: 32734285824

1735168062
/dev/sda1: 32737099776
overlay: 32737099776

1735168063
/dev/sda1: 32741416960
overlay: 32741416960

1735168064
/dev/sda1: 32741601280
overlay: 32741601280

1735168065
/dev/sda1: 32741879808
overlay: 32741879808

1735168066
/dev/sda1: 32742359040
overlay: 32742359040

1735168068
/dev/sda1: 32742846464
overlay: 32742846464

1735168069
/dev/sda1: 32744259584
overlay: 32744259584

1735168070
/dev/sda1: 32744693760
overlay: 32744693760

1735168071
/dev/sda1: 32745295872
overlay: 32745295872

1735168072
/dev/sda1: 32747020288
overlay: 32747020288

1735168073
/dev/sda1: 32747769856
overlay: 32747769856

1735168074
/dev/sda1: 32748457984
overlay: 32748457984

1735168075
/dev/sda1: 32748716032
overlay: 32748716032

1735168076
/dev/sda1: 32749137920
overlay: 32749137920

1735168077
/dev/sda1: 32749359104
overlay: 32749359104

1735168078
/dev/sda1: 32752021504
overlay: 32752021504

1735168079
/dev/sda1: 32752689152
overlay: 32752689152

1735168080
/dev/sda1: 32753020928
overlay: 32753020928

1735168081
/dev/sda1: 32753651712
overlay: 32753651712

1735168082
/dev/sda1: 32754802688
overlay: 32754802688

1735168083
/dev/sda1: 32754999296
overlay: 32754999296

1735168084
/dev/sda1: 32756170752
overlay: 32756170752

1735168085
/dev/sda1: 32758095872
overlay: 32758095872

1735168086
/dev/sda1: 32759160832
overlay: 32759160832

1735168087
/dev/sda1: 32761249792
overlay: 32761249792

1735168088
/dev/sda1: 32760668160
overlay: 32760668160

1735168101
/dev/sda1: 32762773504
overlay: 32762773504

