1735167477
0.0 0.0 0.0

1735167478
0.0 0.0 0.0

1735167479
0.0 0.0 0.0

1735167480
0.0 0.0 0.0

1735167481
0.0 0.0 0.0

1735167482
0.0 0.0 0.0

1735167484
0.0 0.0 0.0

1735167485
0.0 0.0 0.0

1735167486
0.0 0.0 0.0

1735167487
0.0 0.0 0.0

1735167488
0.0 0.0 0.0

1735167489
0.0 0.0 0.0

1735167490
0.0 0.0 0.0

1735167491
0.0 0.0 0.0

1735167492
0.0 0.0 0.0

1735167493
0.0 0.0 0.0

1735167494
0.0 0.0 0.0

1735167495
0.0 0.0 0.0

1735167496
0.0 0.0 0.0

1735167497
0.0 0.0 0.0

1735167498
0.0 0.0 0.0

1735167499
0.0 0.0 0.0

1735167500
0.0 0.0 0.0

1735167501
0.0 0.0 0.0

1735167502
0.0 0.0 0.0

1735167503
0.0 0.0 0.0

1735167504
0.0 0.0 0.0

1735167505
0.0 0.0 0.0

1735167506
0.0 0.0 0.0

1735167507
0.0 0.0 0.0

1735167508
0.0 0.0 0.0

1735167509
0.0 0.0 0.0

1735167510
0.0 0.0 0.0

1735167512
0.0 0.0 0.0

1735167513
0.0 0.0 0.0

1735167514
0.0 0.0 0.0

1735167515
0.0 0.0 0.0

1735167516
0.0 0.0 0.0

1735167517
0.0 0.0 0.0

1735167518
0.0 0.0 0.0

1735167520
0.0 0.0 0.0

1735167521
0.0 0.0 0.0

1735167522
0.0 0.0 0.0

1735167523
0.0 0.0 0.0

1735167525
0.0 0.0 0.0

1735167526
0.0 0.0 0.0

1735167527
0.0 0.0 0.0

1735167528
0.0 0.0 0.0

1735167529
0.0 0.0 0.0

1735167530
0.0 0.0 0.0

1735167531
0.0 0.0 0.0

1735167532
0.0 0.0 0.0

1735167533
0.0 0.0 0.0

1735167534
0.0 0.0 0.0

1735167535
0.0 0.0 0.0

1735167536
0.0 0.0 0.0

1735167537
0.0 0.0 0.0

1735167538
0.0 0.0 0.0

1735167539
0.0 0.0 0.0

1735167540
0.0 0.0 0.0

1735167541
0.0 0.0 0.0

1735167542
0.0 0.0 0.0

1735167543
0.0 0.0 0.0

1735167545
0.0 0.0 0.0

1735167546
0.0 0.0 0.0

1735167547
0.0 0.0 0.0

1735167547
0.0 0.0 0.0

1735167548
0.0 0.0 0.0

1735167549
0.0 0.0 0.0

1735167550
0.0 0.0 0.0

1735167551
0.0 0.0 0.0

1735167552
0.0 0.0 0.0

1735167553
0.0 0.0 0.0

1735167554
0.0 0.0 0.0

1735167555
0.0 0.0 0.0

1735167556
0.0 0.0 0.0

1735167557
0.0 0.0 0.0

1735167558
0.0 0.0 0.0

1735167559
0.0 0.0 0.0

1735167560
0.0 0.0 0.0

1735167561
0.0 0.0 0.0

1735167562
0.0 0.0 0.0

1735167563
0.0 0.0 0.0

1735167564
0.0 0.0 0.0

1735167565
0.0 0.0 0.0

1735167566
0.0 0.0 0.0

1735167568
0.0 0.0 0.0

1735167568
0.0 0.0 0.0

1735167569
0.0 0.0 0.0

1735167570
0.0 0.0 0.0

1735167571
0.0 0.0 0.0

1735167572
0.0 0.0 0.0

1735167573
0.0 0.0 0.0

1735167574
0.0 0.0 0.0

1735167575
0.0 0.0 0.0

1735167576
0.0 0.0 0.0

1735167577
0.0 0.0 0.0

1735167578
0.0 0.0 0.0

1735167579
0.0 0.0 0.0

1735167580
0.0 0.0 0.0

1735167581
0.0 0.0 0.0

1735167582
0.0 0.0 0.0

1735167583
0.0 0.0 0.0

1735167584
0.0 0.0 0.0

1735167585
0.0 0.0 0.0

1735167586
0.0 0.0 0.0

1735167587
0.0 0.0 0.0

1735167588
0.0 0.0 0.0

1735167589
0.0 0.0 0.0

1735167590
0.0 0.0 0.0

1735167591
0.0 0.0 0.0

1735167592
0.0 0.0 0.0

1735167593
0.0 0.0 0.0

1735167594
0.0 0.0 0.0

1735167595
0.0 0.0 0.0

1735167596
0.0 0.0 0.0

1735167597
0.0 0.0 0.0

1735167598
0.0 0.0 0.0

1735167599
0.0 0.0 0.0

1735167600
0.0 0.0 0.0

1735167601
0.0 0.0 0.0

1735167602
0.0 0.0 0.0

1735167603
0.0 0.0 0.0

1735167605
0.0 0.0 0.0

1735167605
0.0 0.0 0.0

1735167606
0.0 0.0 0.0

1735167607
0.0 0.0 0.0

1735167608
0.0 0.0 0.0

1735167609
0.0 0.0 0.0

1735167610
0.0 0.0 0.0

1735167611
0.0 0.0 0.0

1735167612
0.0 0.0 0.0

1735167613
0.0 0.0 0.0

1735167614
0.0 0.0 0.0

1735167615
0.0 0.0 0.0

1735167616
0.0 0.0 0.0

1735167617
0.0 0.0 0.0

1735167618
0.0 0.0 0.0

1735167619
0.0 0.0 0.0

1735167620
0.0 0.0 0.0

1735167621
0.0 0.0 0.0

1735167622
0.0 0.0 0.0

1735167623
0.0 0.0 0.0

1735167624
0.0 0.0 0.0

1735167625
0.0 0.0 0.0

1735167626
0.0 0.0 0.0

1735167627
0.0 0.0 0.0

1735167628
0.0 0.0 0.0

1735167629
0.0 0.0 0.0

1735167630
0.0 0.0 0.0

1735167631
0.0 0.0 0.0

1735167632
0.0 0.0 0.0

1735167633
0.0 0.0 0.0

1735167634
0.0 0.0 0.0

1735167635
0.0 0.0 0.0

1735167636
0.0 0.0 0.0

1735167637
0.0 0.0 0.0

1735167638
0.0 0.0 0.0

1735167639
0.0 0.0 0.0

1735167640
0.0 0.0 0.0

1735167641
0.0 0.0 0.0

1735167642
0.0 0.0 0.0

1735167643
0.0 0.0 0.0

1735167644
0.0 0.0 0.0

1735167645
0.0 0.0 0.0

1735167646
0.0 0.0 0.0

1735167647
0.0 0.0 0.0

1735167648
0.0 0.0 0.0

1735167649
0.0 0.0 0.0

1735167650
0.0 0.0 0.0

1735167651
0.0 0.0 0.0

1735167652
0.0 0.0 0.0

1735167653
0.0 0.0 0.0

1735167654
0.0 0.0 0.0

1735167655
0.0 0.0 0.0

1735167656
0.0 0.0 0.0

1735167657
0.0 0.0 0.0

1735167658
0.0 0.0 0.0

1735167659
0.0 0.0 0.0

1735167660
0.0 0.0 0.0

1735167661
0.0 0.0 0.0

1735167662
0.0 0.0 0.0

1735167663
0.0 0.0 0.0

1735167664
0.0 0.0 0.0

1735167665
0.0 0.0 0.0

1735167666
0.0 0.0 0.0

1735167667
0.0 0.0 0.0

1735167668
0.0 0.0 0.0

1735167669
0.0 0.0 0.0

1735167670
0.0 0.0 0.0

1735167671
0.0 0.0 0.0

1735167672
0.0 0.0 0.0

1735167673
0.0 0.0 0.0

1735167674
0.0 0.0 0.0

1735167675
0.0 0.0 0.0

1735167676
0.0 0.0 0.0

1735167677
0.0 0.0 0.0

1735167678
0.0 0.0 0.0

1735167679
0.0 0.0 0.0

1735167680
0.0 0.0 0.0

1735167681
0.0 0.0 0.0

1735167682
0.0 0.0 0.0

1735167683
0.0 0.0 0.0

1735167684
0.0 0.0 0.0

1735167685
0.0 0.0 0.0

1735167686
0.0 0.0 0.0

1735167687
0.0 0.0 0.0

1735167688
0.0 0.0 0.0

1735167689
0.0 0.0 0.0

1735167690
0.0 0.0 0.0

1735167691
0.0 0.0 0.0

1735167692
0.0 0.0 0.0

1735167693
0.0 0.0 0.0

1735167694
0.0 0.0 0.0

1735167695
0.0 0.0 0.0

1735167696
0.0 0.0 0.0

1735167697
0.0 0.0 0.0

1735167698
0.0 0.0 0.0

1735167699
0.0 0.0 0.0

1735167700
0.0 0.0 0.0

1735167701
0.0 0.0 0.0

1735167702
0.0 0.0 0.0

1735167703
0.0 0.0 0.0

1735167704
0.0 0.0 0.0

1735167705
0.0 0.0 0.0

1735167706
0.0 0.0 0.0

1735167707
0.0 0.0 0.0

1735167708
0.0 0.0 0.0

1735167709
0.0 0.0 0.0

1735167711
0.0 0.0 0.0

1735167711
0.0 0.0 0.0

1735167712
0.0 0.0 0.0

1735167714
0.0 0.0 0.0

1735167714
0.0 0.0 0.0

1735167715
0.0 0.0 0.0

1735167716
0.0 0.0 0.0

1735167717
0.0 0.0 0.0

1735167718
0.0 0.0 0.0

1735167719
0.0 0.0 0.0

1735167720
0.0 0.0 0.0

1735167721
0.0 0.0 0.0

1735167722
0.0 0.0 0.0

1735167723
0.0 0.0 0.0

1735167724
0.0 0.0 0.0

1735167725
0.0 0.0 0.0

1735167726
0.0 0.0 0.0

1735167727
0.0 0.0 0.0

1735167728
0.0 0.0 0.0

1735167729
0.0 0.0 0.0

1735167730
0.0 0.0 0.0

1735167731
0.0 0.0 0.0

1735167732
0.0 0.0 0.0

1735167733
0.0 0.0 0.0

1735167734
0.0 0.0 0.0

1735167735
0.0 0.0 0.0

1735167737
0.0 0.0 0.0

1735167738
0.0 0.0 0.0

1735167739
0.0 0.0 0.0

1735167740
0.0 0.0 0.0

1735167741
0.0 0.0 0.0

1735167742
0.0 0.0 0.0

1735167744
0.0 0.0 0.0

1735167745
0.0 0.0 0.0

1735167746
0.0 0.0 0.0

1735167747
0.0 0.0 0.0

1735167748
0.0 0.0 0.0

1735167749
0.0 0.0 0.0

1735167750
0.0 0.0 0.0

1735167751
0.0 0.0 0.0

1735167752
0.0 0.0 0.0

1735167753
0.0 0.0 0.0

1735167754
0.0 0.0 0.0

1735167755
0.0 0.0 0.0

1735167756
0.0 0.0 0.0

1735167757
0.0 0.0 0.0

1735167758
0.0 0.0 0.0

1735167759
0.0 0.0 0.0

1735167760
0.0 0.0 0.0

1735167761
0.0 0.0 0.0

1735167762
0.0 0.0 0.0

1735167763
0.0 0.0 0.0

1735167764
0.0 0.0 0.0

1735167765
0.0 0.0 0.0

1735167766
0.0 0.0 0.0

1735167767
0.0 0.0 0.0

1735167768
0.0 0.0 0.0

1735167769
0.0 0.0 0.0

1735167770
0.0 0.0 0.0

1735167771
0.0 0.0 0.0

1735167772
0.0 0.0 0.0

1735167773
0.0 0.0 0.0

1735167775
0.0 0.0 0.0

1735167776
0.0 0.0 0.0

1735167777
0.0 0.0 0.0

1735167778
0.0 0.0 0.0

1735167780
0.0 0.0 0.0

1735167781
0.0 0.0 0.0

1735167782
0.0 0.0 0.0

1735167783
0.0 0.0 0.0

1735167784
0.0 0.0 0.0

1735167785
0.0 0.0 0.0

1735167786
0.0 0.0 0.0

1735167787
0.0 0.0 0.0

1735167788
0.0 0.0 0.0

1735167789
0.0 0.0 0.0

1735167790
0.0 0.0 0.0

1735167791
0.0 0.0 0.0

1735167792
0.0 0.0 0.0

1735167793
0.0 0.0 0.0

1735167794
0.0 0.0 0.0

1735167795
0.0 0.0 0.0

1735167796
0.0 0.0 0.0

1735167797
0.0 0.0 0.0

1735167798
0.0 0.0 0.0

1735167800
0.0 0.0 0.0

1735167801
0.0 0.0 0.0

1735167802
0.0 0.0 0.0

1735167803
0.0 0.0 0.0

1735167804
0.0 0.0 0.0

1735167805
0.0 0.0 0.0

1735167806
0.0 0.0 0.0

1735167807
0.0 0.0 0.0

1735167808
0.0 0.0 0.0

1735167809
0.0 0.0 0.0

1735167810
0.0 0.0 0.0

1735167811
0.0 0.0 0.0

1735167812
0.0 0.0 0.0

1735167813
0.0 0.0 0.0

1735167814
0.0 0.0 0.0

1735167815
0.0 0.0 0.0

1735167816
0.0 0.0 0.0

1735167817
0.0 0.0 0.0

1735167818
0.0 0.0 0.0

1735167819
0.0 0.0 0.0

1735167820
0.0 0.0 0.0

1735167821
0.0 0.0 0.0

1735167822
0.0 0.0 0.0

1735167823
0.0 0.0 0.0

1735167824
0.0 0.0 0.0

1735167826
0.0 0.0 0.0

1735167827
0.0 0.0 0.0

1735167828
0.0 0.0 0.0

1735167829
0.0 0.0 0.0

1735167830
0.0 0.0 0.0

1735167831
0.0 0.0 0.0

1735167832
0.0 0.0 0.0

1735167833
0.0 0.0 0.0

1735167834
0.0 0.0 0.0

1735167835
0.0 0.0 0.0

1735167836
0.0 0.0 0.0

1735167837
0.0 0.0 0.0

1735167838
0.0 0.0 0.0

1735167839
0.0 0.0 0.0

1735167840
0.0 0.0 0.0

1735167841
0.0 0.0 0.0

1735167842
0.0 0.0 0.0

1735167843
0.0 0.0 0.0

1735167844
0.0 0.0 0.0

1735167845
0.0 0.0 0.0

1735167846
0.0 0.0 0.0

1735167847
0.0 0.0 0.0

1735167848
0.0 0.0 0.0

1735167850
0.0 0.0 0.0

1735167851
0.0 0.0 0.0

1735167852
0.0 0.0 0.0

1735167853
0.0 0.0 0.0

1735167854
0.0 0.0 0.0

1735167855
0.0 0.0 0.0

1735167856
0.0 0.0 0.0

1735167857
0.0 0.0 0.0

1735167858
0.0 0.0 0.0

1735167859
0.0 0.0 0.0

1735167859
0.0 0.0 0.0

1735167861
0.0 0.0 0.0

1735167862
0.0 0.0 0.0

1735167863
0.0 0.0 0.0

1735167864
0.0 0.0 0.0

1735167865
0.0 0.0 0.0

1735167866
0.0 0.0 0.0

1735167866
0.0 0.0 0.0

1735167867
0.0 0.0 0.0

1735167868
0.0 0.0 0.0

1735167869
0.0 0.0 0.0

1735167870
0.0 0.0 0.0

1735167871
0.0 0.0 0.0

1735167872
0.0 0.0 0.0

1735167873
0.0 0.0 0.0

1735167874
0.0 0.0 0.0

1735167875
0.0 0.0 0.0

1735167876
0.0 0.0 0.0

1735167877
0.0 0.0 0.0

1735167878
0.0 0.0 0.0

1735167879
0.0 0.0 0.0

1735167880
0.0 0.0 0.0

1735167881
0.0 0.0 0.0

1735167883
0.0 0.0 0.0

1735167883
0.0 0.0 0.0

1735167884
0.0 0.0 0.0

1735167886
0.0 0.0 0.0

1735167886
0.0 0.0 0.0

1735167887
0.0 0.0 0.0

1735167888
0.0 0.0 0.0

1735167889
0.0 0.0 0.0

1735167890
0.0 0.0 0.0

1735167891
0.0 0.0 0.0

1735167892
0.0 0.0 0.0

1735167893
0.0 0.0 0.0

1735167894
0.0 0.0 0.0

1735167895
0.0 0.0 0.0

1735167896
0.0 0.0 0.0

1735167898
0.0 0.0 0.0

1735167899
0.0 0.0 0.0

1735167900
0.0 0.0 0.0

1735167901
0.0 0.0 0.0

1735167902
0.0 0.0 0.0

1735167903
0.0 0.0 0.0

1735167904
0.0 0.0 0.0

1735167904
0.0 0.0 0.0

1735167905
0.0 0.0 0.0

1735167906
0.0 0.0 0.0

1735167908
0.0 0.0 0.0

1735167908
0.0 0.0 0.0

1735167909
0.0 0.0 0.0

1735167911
0.0 0.0 0.0

1735167912
0.0 0.0 0.0

1735167912
0.0 0.0 0.0

1735167913
0.0 0.0 0.0

1735167915
0.0 0.0 0.0

1735167916
0.0 0.0 0.0

1735167917
0.0 0.0 0.0

1735167918
0.0 0.0 0.0

1735167919
0.0 0.0 0.0

1735167920
0.0 0.0 0.0

1735167921
0.0 0.0 0.0

1735167922
0.0 0.0 0.0

1735167923
0.0 0.0 0.0

1735167924
0.0 0.0 0.0

1735167925
0.0 0.0 0.0

1735167926
0.0 0.0 0.0

1735167927
0.0 0.0 0.0

1735167928
0.0 0.0 0.0

1735167929
0.0 0.0 0.0

1735167930
0.0 0.0 0.0

1735167931
0.0 0.0 0.0

1735167932
0.0 0.0 0.0

1735167933
0.0 0.0 0.0

1735167934
0.0 0.0 0.0

1735167935
0.0 0.0 0.0

1735167936
0.0 0.0 0.0

1735167937
0.0 0.0 0.0

1735167938
0.0 0.0 0.0

1735167939
0.0 0.0 0.0

1735167940
0.0 0.0 0.0

1735167940
0.0 0.0 0.0

1735167942
0.0 0.0 0.0

1735167943
0.0 0.0 0.0

1735167944
0.0 0.0 0.0

1735167945
0.0 0.0 0.0

1735167946
0.0 0.0 0.0

1735167946
0.0 0.0 0.0

1735167948
0.0 0.0 0.0

1735167949
0.0 0.0 0.0

1735167949
0.0 0.0 0.0

1735167951
0.0 0.0 0.0

1735167951
0.0 0.0 0.0

1735167952
0.0 0.0 0.0

1735167953
0.0 0.0 0.0

1735167955
0.0 0.0 0.0

1735167956
0.0 0.0 0.0

1735167957
0.0 0.0 0.0

1735167957
0.0 0.0 0.0

1735167958
0.0 0.0 0.0

1735167959
0.0 0.0 0.0

1735167961
0.0 0.0 0.0

1735167962
0.0 0.0 0.0

1735167963
0.0 0.0 0.0

1735167963
0.0 0.0 0.0

1735167964
0.0 0.0 0.0

1735167965
0.0 0.0 0.0

1735167966
0.0 0.0 0.0

1735167968
0.0 0.0 0.0

1735167969
0.0 0.0 0.0

1735167971
0.0 0.0 0.0

1735167972
0.0 0.0 0.0

1735167973
0.0 0.0 0.0

1735167974
0.0 0.0 0.0

1735167975
0.0 0.0 0.0

1735167976
0.0 0.0 0.0

1735167977
0.0 0.0 0.0

1735167978
0.0 0.0 0.0

1735167979
0.0 0.0 0.0

1735167980
0.0 0.0 0.0

1735167981
0.0 0.0 0.0

1735167982
0.0 0.0 0.0

1735167983
0.0 0.0 0.0

1735167984
0.0 0.0 0.0

1735167985
0.0 0.0 0.0

1735167986
0.0 0.0 0.0

1735167987
0.0 0.0 0.0

1735167988
0.0 0.0 0.0

1735167989
0.0 0.0 0.0

1735167990
0.0 0.0 0.0

1735167991
0.0 0.0 0.0

1735167992
0.0 0.0 0.0

1735167993
0.0 0.0 0.0

1735167994
0.0 0.0 0.0

1735167995
0.0 0.0 0.0

1735167996
0.0 0.0 0.0

1735167997
0.0 0.0 0.0

1735167998
0.0 0.0 0.0

1735167999
0.0 0.0 0.0

1735168000
0.0 0.0 0.0

1735168001
0.0 0.0 0.0

1735168002
0.0 0.0 0.0

1735168003
0.0 0.0 0.0

1735168004
0.0 0.0 0.0

1735168005
0.0 0.0 0.0

1735168006
0.0 0.0 0.0

1735168007
0.0 0.0 0.0

1735168008
0.0 0.0 0.0

1735168009
0.0 0.0 0.0

1735168010
0.0 0.0 0.0

1735168011
0.0 0.0 0.0

1735168012
0.0 0.0 0.0

1735168013
0.0 0.0 0.0

1735168014
0.0 0.0 0.0

1735168015
0.0 0.0 0.0

1735168016
0.0 0.0 0.0

1735168017
0.0 0.0 0.0

1735168018
0.0 0.0 0.0

1735168019
0.0 0.0 0.0

1735168020
0.0 0.0 0.0

1735168021
0.0 0.0 0.0

1735168022
0.0 0.0 0.0

1735168023
0.0 0.0 0.0

1735168024
0.0 0.0 0.0

1735168025
0.0 0.0 0.0

1735168026
0.0 0.0 0.0

1735168027
0.0 0.0 0.0

1735168028
0.0 0.0 0.0

1735168029
0.0 0.0 0.0

1735168030
0.0 0.0 0.0

1735168031
0.0 0.0 0.0

1735168032
0.0 0.0 0.0

1735168033
0.0 0.0 0.0

1735168034
0.0 0.0 0.0

1735168036
0.0 0.0 0.0

1735168037
0.0 0.0 0.0

1735168038
0.0 0.0 0.0

1735168039
0.0 0.0 0.0

1735168040
0.0 0.0 0.0

1735168041
0.0 0.0 0.0

1735168042
0.0 0.0 0.0

1735168043
0.0 0.0 0.0

1735168044
0.0 0.0 0.0

1735168045
0.0 0.0 0.0

1735168046
0.0 0.0 0.0

1735168047
0.0 0.0 0.0

1735168048
0.0 0.0 0.0

1735168049
0.0 0.0 0.0

1735168050
0.0 0.0 0.0

1735168051
0.0 0.0 0.0

1735168052
0.0 0.0 0.0

1735168053
0.0 0.0 0.0

1735168054
0.0 0.0 0.0

1735168055
0.0 0.0 0.0

1735168056
0.0 0.0 0.0

1735168057
0.0 0.0 0.0

1735168058
0.0 0.0 0.0

1735168059
0.0 0.0 0.0

1735168060
0.0 0.0 0.0

1735168061
0.0 0.0 0.0

1735168062
0.0 0.0 0.0

1735168063
0.0 0.0 0.0

1735168064
0.0 0.0 0.0

1735168065
0.0 0.0 0.0

1735168066
0.0 0.0 0.0

1735168067
0.0 0.0 0.0

1735168069
0.0 0.0 0.0

1735168070
0.0 0.0 0.0

1735168071
0.0 0.0 0.0

1735168072
0.0 0.0 0.0

1735168073
0.0 0.0 0.0

1735168074
0.0 0.0 0.0

1735168075
0.0 0.0 0.0

1735168076
0.0 0.0 0.0

1735168077
0.0 0.0 0.0

1735168078
0.0 0.0 0.0

1735168079
0.0 0.0 0.0

1735168080
0.0 0.0 0.0

1735168081
0.0 0.0 0.0

1735168082
0.0 0.0 0.0

1735168083
0.0 0.0 0.0

1735168084
0.0 0.0 0.0

1735168085
0.0 0.0 0.0

1735168086
0.0 0.0 0.0

1735168087
0.0 0.0 0.0

1735168088
0.0 0.0 0.0

1735168089
0.0 0.0 0.0

1735168101
0.0 0.0 0.0

