1735167477
eth0: 122095147 2775958 0 0
lo: 0 0 0 0

1735167478
eth0: 122095567 2776892 420 934
lo: 0 0 0 0

1735167479
eth0: 123691815 2824815 1596248 47923
lo: 0 0 0 0

1735167480
eth0: 128589618 2939238 4897803 114423
lo: 0 0 0 0

1735167481
eth0: 136624634 3124730 8035016 185492
lo: 0 0 0 0

1735167482
eth0: 140122390 3198848 3497756 74118
lo: 0 0 0 0

1735167484
eth0: 142414486 3249439 2292096 50591
lo: 0 0 0 0

1735167485
eth0: 146530276 3342871 4115790 93432
lo: 0 0 0 0

1735167486
eth0: 156135733 3554618 9605457 211747
lo: 0 0 0 0

1735167487
eth0: 164411350 3732376 8275617 177758
lo: 0 0 0 0

1735167488
eth0: 174714213 3956481 10302863 224105
lo: 0 0 0 0

1735167489
eth0: 176429041 3995025 1714828 38544
lo: 0 0 0 0

1735167490
eth0: 177940751 4029741 1511710 34716
lo: 0 0 0 0

1735167491
eth0: 178569980 4044129 629229 14388
lo: 0 0 0 0

1735167492
eth0: 178569980 4044129 0 0
lo: 0 0 0 0

1735167493
eth0: 178574156 4046024 4176 1895
lo: 0 0 0 0

1735167494
eth0: 182915750 4129651 4341594 83627
lo: 0 0 0 0

1735167495
eth0: 194753081 4383309 11837331 253658
lo: 0 0 0 0

1735167496
eth0: 205957765 4621965 11204684 238656
lo: 0 0 0 0

1735167497
eth0: 218044489 4865802 12086724 243837
lo: 0 0 0 0

1735167498
eth0: 230110309 5117113 12065820 251311
lo: 0 0 0 0

1735167499
eth0: 242116890 5360534 12006581 243421
lo: 0 0 0 0

1735167500
eth0: 253141547 5594007 11024657 233473
lo: 0 0 0 0

1735167501
eth0: 265035967 5923322 11894420 329315
lo: 0 0 0 0

1735167502
eth0: 277145185 6180482 12109218 257160
lo: 0 0 0 0

1735167503
eth0: 289241586 6433922 12096401 253440
lo: 0 0 0 0

1735167504
eth0: 301344133 6692369 12102547 258447
lo: 0 0 0 0

1735167505
eth0: 313457813 6948095 12113680 255726
lo: 0 0 0 0

1735167506
eth0: 325560006 7198177 12102193 250082
lo: 0 0 0 0

1735167507
eth0: 337676801 7452409 12116795 254232
lo: 0 0 0 0

1735167508
eth0: 349773153 7708543 12096352 256134
lo: 0 0 0 0

1735167509
eth0: 361884715 7959577 12111562 251034
lo: 0 0 0 0

1735167510
eth0: 373996467 8214241 12111752 254664
lo: 0 0 0 0

1735167512
eth0: 387379377 8465549 13382910 251308
lo: 0 0 0 0

1735167513
eth0: 402572581 8799065 15193204 333516
lo: 0 0 0 0

1735167514
eth0: 415222910 9078047 12650329 278982
lo: 0 0 0 0

1735167515
eth0: 430215460 9404066 14992550 326019
lo: 0 0 0 0

1735167516
eth0: 447082976 9771770 16867516 367704
lo: 0 0 0 0

1735167517
eth0: 454383318 9929060 7300342 157290
lo: 0 0 0 0

1735167518
eth0: 466474385 10179258 12091067 250198
lo: 0 0 0 0

1735167520
eth0: 487448469 10620492 20974084 441234
lo: 0 0 0 0

1735167521
eth0: 500377987 10888932 12929518 268440
lo: 0 0 0 0

1735167522
eth0: 509926698 11092170 9548711 203238
lo: 0 0 0 0

1735167523
eth0: 510792150 11112036 865452 19866
lo: 0 0 0 0

1735167525
eth0: 511760608 11127678 968458 15642
lo: 0 0 0 0

1735167526
eth0: 512836754 11152428 1076146 24750
lo: 0 0 0 0

1735167527
eth0: 514479842 11189454 1643088 37026
lo: 0 0 0 0

1735167528
eth0: 516400908 11232062 1921066 42608
lo: 0 0 0 0

1735167529
eth0: 518605783 11283700 2204875 51638
lo: 0 0 0 0

1735167530
eth0: 522131514 11363492 3525731 79792
lo: 0 0 0 0

1735167531
eth0: 525119069 11431075 2987555 67583
lo: 0 0 0 0

1735167532
eth0: 528040220 11498557 2921151 67482
lo: 0 0 0 0

1735167533
eth0: 531306350 11577742 3266130 79185
lo: 0 0 0 0

1735167534
eth0: 535229256 11667351 3922906 89609
lo: 0 0 0 0

1735167535
eth0: 542020400 11814589 6791144 147238
lo: 0 0 0 0

1735167536
eth0: 549202519 11972462 7182119 157873
lo: 0 0 0 0

1735167537
eth0: 561135527 12219358 11933008 246896
lo: 0 0 0 0

1735167538
eth0: 573241528 12464943 12106001 245585
lo: 0 0 0 0

1735167539
eth0: 585349382 12713993 12107854 249050
lo: 0 0 0 0

1735167540
eth0: 595148027 12924767 9798645 210774
lo: 0 0 0 0

1735167541
eth0: 602601654 13098830 7453627 174063
lo: 0 0 0 0

1735167542
eth0: 613633086 13335577 11031432 236747
lo: 0 0 0 0

1735167543
eth0: 625596225 13593017 11963139 257440
lo: 0 0 0 0

1735167545
eth0: 636410765 13829317 10814540 236300
lo: 0 0 0 0

1735167546
eth0: 639460690 13896793 3049925 67476
lo: 0 0 0 0

1735167547
eth0: 644343119 14008407 4882429 111614
lo: 0 0 0 0

1735167547
eth0: 646528583 14055993 2185464 47586
lo: 0 0 0 0

1735167548
eth0: 648400463 14097375 1871880 41382
lo: 0 0 0 0

1735167549
eth0: 650437109 14142519 2036646 45144
lo: 0 0 0 0

1735167550
eth0: 652553539 14191557 2116430 49038
lo: 0 0 0 0

1735167551
eth0: 654576317 14219319 2022778 27762
lo: 0 0 0 0

1735167552
eth0: 656793373 14264769 2217056 45450
lo: 0 0 0 0

1735167553
eth0: 658924919 14310903 2131546 46134
lo: 0 0 0 0

1735167554
eth0: 661142011 14363072 2217092 52169
lo: 0 0 0 0

1735167555
eth0: 664310231 14439596 3168220 76524
lo: 0 0 0 0

1735167556
eth0: 669233501 14552145 4923270 112549
lo: 0 0 0 0

1735167557
eth0: 675132758 14741059 5899257 188914
lo: 0 0 0 0

1735167558
eth0: 684129354 14939123 8996596 198064
lo: 0 0 0 0

1735167559
eth0: 695527932 15187137 11398578 248014
lo: 0 0 0 0

1735167560
eth0: 700226130 15288304 4698198 101167
lo: 0 0 0 0

1735167561
eth0: 701604011 15320338 1377881 32034
lo: 0 0 0 0

1735167562
eth0: 702587069 15342316 983058 21978
lo: 0 0 0 0

1735167563
eth0: 704665153 15388695 2078084 46379
lo: 0 0 0 0

1735167564
eth0: 716542068 15624767 11876915 236072
lo: 0 0 0 0

1735167565
eth0: 726259515 15825893 9717447 201126
lo: 0 0 0 0

1735167566
eth0: 726993167 15841667 733652 15774
lo: 0 0 0 0

1735167568
eth0: 727755105 15857243 761938 15576
lo: 0 0 0 0

1735167568
eth0: 728603463 15875087 848358 17844
lo: 0 0 0 0

1735167569
eth0: 729475003 15897285 871540 22198
lo: 0 0 0 0

1735167570
eth0: 731855472 15954756 2380469 57471
lo: 0 0 0 0

1735167571
eth0: 731855643 15955265 171 509
lo: 0 0 0 0

1735167572
eth0: 731855643 15955265 0 0
lo: 0 0 0 0

1735167573
eth0: 731859310 15956030 3667 765
lo: 0 0 0 0

1735167574
eth0: 731862820 15957441 3510 1411
lo: 0 0 0 0

1735167575
eth0: 732011029 15962724 148209 5283
lo: 0 0 0 0

1735167576
eth0: 732875226 15982897 864197 20173
lo: 0 0 0 0

1735167577
eth0: 741348480 16162711 8473254 179814
lo: 0 0 0 0

1735167578
eth0: 741620608 16170735 272128 8024
lo: 0 0 0 0

1735167579
eth0: 741620740 16170964 132 229
lo: 0 0 0 0

1735167580
eth0: 741620740 16170964 0 0
lo: 0 0 0 0

1735167581
eth0: 741620740 16170964 0 0
lo: 0 0 0 0

1735167582
eth0: 743778992 16226179 2158252 55215
lo: 0 0 0 0

1735167583
eth0: 749082889 16401705 5303897 175526
lo: 0 0 0 0

1735167584
eth0: 758202292 16614443 9119403 212738
lo: 0 0 0 0

1735167585
eth0: 768736639 16842638 10534347 228195
lo: 0 0 0 0

1735167586
eth0: 774435516 16970788 5698877 128150
lo: 0 0 0 0

1735167587
eth0: 783648950 17179025 9213434 208237
lo: 0 0 0 0

1735167588
eth0: 792467916 17368491 8818966 189466
lo: 0 0 0 0

1735167589
eth0: 796141714 17444198 3673798 75707
lo: 0 0 0 0

1735167590
eth0: 800710038 17549151 4568324 104953
lo: 0 0 0 0

1735167591
eth0: 806124469 17671150 5414431 121999
lo: 0 0 0 0

1735167592
eth0: 812350020 17820776 6225551 149626
lo: 0 0 0 0

1735167593
eth0: 823800754 18070977 11450734 250201
lo: 0 0 0 0

1735167594
eth0: 832123871 18260222 8323117 189245
lo: 0 0 0 0

1735167595
eth0: 840840803 18456951 8716932 196729
lo: 0 0 0 0

1735167596
eth0: 846214033 18570999 5373230 114048
lo: 0 0 0 0

1735167597
eth0: 851910231 18692769 5696198 121770
lo: 0 0 0 0

1735167598
eth0: 858142061 18828687 6231830 135918
lo: 0 0 0 0

1735167599
eth0: 864867387 18974943 6725326 146256
lo: 0 0 0 0

1735167600
eth0: 872051515 19128657 7184128 153714
lo: 0 0 0 0

1735167601
eth0: 879706100 19295119 7654585 166462
lo: 0 0 0 0

1735167602
eth0: 885475772 19421179 5769672 126060
lo: 0 0 0 0

1735167603
eth0: 885551930 19423027 76158 1848
lo: 0 0 0 0

1735167605
eth0: 885706568 19428332 154638 5305
lo: 0 0 0 0

1735167605
eth0: 888079947 19479746 2373379 51414
lo: 0 0 0 0

1735167606
eth0: 888193757 19482518 113810 2772
lo: 0 0 0 0

1735167607
eth0: 888480663 19490152 286906 7634
lo: 0 0 0 0

1735167608
eth0: 888987945 19501108 507282 10956
lo: 0 0 0 0

1735167609
eth0: 889097162 19508619 109217 7511
lo: 0 0 0 0

1735167610
eth0: 891936167 19573866 2839005 65247
lo: 0 0 0 0

1735167611
eth0: 892435876 19586920 499709 13054
lo: 0 0 0 0

1735167612
eth0: 892638614 19592626 202738 5706
lo: 0 0 0 0

1735167613
eth0: 892984159 19605416 345545 12790
lo: 0 0 0 0

1735167614
eth0: 894824926 19640528 1840767 35112
lo: 0 0 0 0

1735167615
eth0: 895010550 19645280 185624 4752
lo: 0 0 0 0

1735167616
eth0: 895334725 19655076 324175 9796
lo: 0 0 0 0

1735167617
eth0: 906445097 19882564 11110372 227488
lo: 0 0 0 0

1735167618
eth0: 918214990 20119034 11769893 236470
lo: 0 0 0 0

1735167619
eth0: 929477332 20353274 11262342 234240
lo: 0 0 0 0

1735167620
eth0: 939306758 20542839 9829426 189565
lo: 0 0 0 0

1735167621
eth0: 951318755 20783281 12011997 240442
lo: 0 0 0 0

1735167622
eth0: 963267573 21002971 11948818 219690
lo: 0 0 0 0

1735167623
eth0: 975344501 21203281 12076928 200310
lo: 0 0 0 0

1735167624
eth0: 987370494 21428678 12025993 225397
lo: 0 0 0 0

1735167625
eth0: 999453872 21676441 12083378 247763
lo: 0 0 0 0

1735167626
eth0: 1011553078 21928728 12099206 252287
lo: 0 0 0 0

1735167627
eth0: 1023645536 22188213 12092458 259485
lo: 0 0 0 0

1735167628
eth0: 1035741692 22445856 12096156 257643
lo: 0 0 0 0

1735167629
eth0: 1047836524 22697552 12094832 251696
lo: 0 0 0 0

1735167630
eth0: 1059948857 22958101 12112333 260549
lo: 0 0 0 0

1735167631
eth0: 1071396788 23191543 11447931 233442
lo: 0 0 0 0

1735167632
eth0: 1083397440 23436960 12000652 245417
lo: 0 0 0 0

1735167633
eth0: 1095481156 23698224 12083716 261264
lo: 0 0 0 0

1735167634
eth0: 1107567290 23969426 12086134 271202
lo: 0 0 0 0

1735167635
eth0: 1119662699 24217920 12095409 248494
lo: 0 0 0 0

1735167636
eth0: 1131093943 24448866 11431244 230946
lo: 0 0 0 0

1735167637
eth0: 1142952827 24691464 11858884 242598
lo: 0 0 0 0

1735167638
eth0: 1154726607 24929268 11773780 237804
lo: 0 0 0 0

1735167639
eth0: 1166746645 25176827 12020038 247559
lo: 0 0 0 0

1735167640
eth0: 1178837052 25424772 12090407 247945
lo: 0 0 0 0

1735167641
eth0: 1190906650 25672140 12069598 247368
lo: 0 0 0 0

1735167642
eth0: 1202972106 25931587 12065456 259447
lo: 0 0 0 0

1735167643
eth0: 1215046014 26179290 12073908 247703
lo: 0 0 0 0

1735167644
eth0: 1227135099 26424078 12089085 244788
lo: 0 0 0 0

1735167645
eth0: 1239210066 26682762 12074967 258684
lo: 0 0 0 0

1735167646
eth0: 1243440593 26770741 4230527 87979
lo: 0 0 0 0

1735167647
eth0: 1244750190 26802485 1309597 31744
lo: 0 0 0 0

1735167648
eth0: 1245422906 26817467 672716 14982
lo: 0 0 0 0

1735167649
eth0: 1246558267 26844869 1135361 27402
lo: 0 0 0 0

1735167650
eth0: 1247909710 26874537 1351443 29668
lo: 0 0 0 0

1735167651
eth0: 1248451591 26891797 541881 17260
lo: 0 0 0 0

1735167652
eth0: 1248901818 26906429 450227 14632
lo: 0 0 0 0

1735167653
eth0: 1251074392 27004084 2172574 97655
lo: 0 0 0 0

1735167654
eth0: 1263145979 27260789 12071587 256705
lo: 0 0 0 0

1735167655
eth0: 1275278655 27523291 12132676 262502
lo: 0 0 0 0

1735167656
eth0: 1287371267 27773121 12092612 249830
lo: 0 0 0 0

1735167657
eth0: 1295981279 27952767 8610012 179646
lo: 0 0 0 0

1735167658
eth0: 1300259663 28048586 4278384 95819
lo: 0 0 0 0

1735167659
eth0: 1312047014 28298744 11787351 250158
lo: 0 0 0 0

1735167660
eth0: 1324154039 28555336 12107025 256592
lo: 0 0 0 0

1735167661
eth0: 1336259198 28812280 12105159 256944
lo: 0 0 0 0

1735167662
eth0: 1348368399 29072851 12109201 260571
lo: 0 0 0 0

1735167663
eth0: 1360800756 29343572 12432357 270721
lo: 0 0 0 0

1735167664
eth0: 1371410174 29562692 10609418 219120
lo: 0 0 0 0

1735167665
eth0: 1383508090 29815130 12097916 252438
lo: 0 0 0 0

1735167666
eth0: 1395616283 30069933 12108193 254803
lo: 0 0 0 0

1735167667
eth0: 1407723569 30325719 12107286 255786
lo: 0 0 0 0

1735167668
eth0: 1419816234 30583879 12092665 258160
lo: 0 0 0 0

1735167669
eth0: 1431914462 30836548 12098228 252669
lo: 0 0 0 0

1735167670
eth0: 1443264041 31065464 11349579 228916
lo: 0 0 0 0

1735167671
eth0: 1455372341 31309526 12108300 244062
lo: 0 0 0 0

1735167672
eth0: 1467225605 31565474 11853264 255948
lo: 0 0 0 0

1735167673
eth0: 1475866162 31754165 8640557 188691
lo: 0 0 0 0

1735167674
eth0: 1485151599 31945711 9285437 191546
lo: 0 0 0 0

1735167675
eth0: 1497254909 32194325 12103310 248614
lo: 0 0 0 0

1735167676
eth0: 1509358292 32450855 12103383 256530
lo: 0 0 0 0

1735167677
eth0: 1516789157 32606861 7430865 156006
lo: 0 0 0 0

1735167678
eth0: 1523123243 32747045 6334086 140184
lo: 0 0 0 0

1735167679
eth0: 1530114541 32899835 6991298 152790
lo: 0 0 0 0

1735167680
eth0: 1537592123 33061559 7477582 161724
lo: 0 0 0 0

1735167681
eth0: 1547335353 33266885 9743230 205326
lo: 0 0 0 0

1735167682
eth0: 1558397675 33505261 11062322 238376
lo: 0 0 0 0

1735167683
eth0: 1565613903 33662011 7216228 156750
lo: 0 0 0 0

1735167684
eth0: 1573392643 33829519 7778740 167508
lo: 0 0 0 0

1735167685
eth0: 1581448831 34004947 8056188 175428
lo: 0 0 0 0

1735167686
eth0: 1589883847 34186513 8435016 181566
lo: 0 0 0 0

1735167687
eth0: 1598786425 34375339 8902578 188826
lo: 0 0 0 0

1735167688
eth0: 1608200923 34570369 9414498 195030
lo: 0 0 0 0

1735167689
eth0: 1618071243 34779523 9870320 209154
lo: 0 0 0 0

1735167690
eth0: 1626048025 34947097 7976782 167574
lo: 0 0 0 0

1735167691
eth0: 1634615895 35133151 8567870 186054
lo: 0 0 0 0

1735167692
eth0: 1643958737 35332801 9342842 199650
lo: 0 0 0 0

1735167693
eth0: 1651488253 35483149 7529516 150348
lo: 0 0 0 0

1735167694
eth0: 1656803997 35592775 5315744 109626
lo: 0 0 0 0

1735167695
eth0: 1662519033 35715997 5715036 123222
lo: 0 0 0 0

1735167696
eth0: 1668670989 35848393 6151956 132396
lo: 0 0 0 0

1735167697
eth0: 1675321511 35989471 6650522 141078
lo: 0 0 0 0

1735167698
eth0: 1679273096 36073891 3951585 84420
lo: 0 0 0 0

1735167699
eth0: 1679273096 36073891 0 0
lo: 0 0 0 0

1735167700
eth0: 1679273096 36073891 0 0
lo: 0 0 0 0

1735167701
eth0: 1679273096 36073891 0 0
lo: 0 0 0 0

1735167702
eth0: 1679273096 36073891 0 0
lo: 0 0 0 0

1735167703
eth0: 1679273096 36073891 0 0
lo: 0 0 0 0

1735167704
eth0: 1679273096 36073891 0 0
lo: 0 0 0 0

1735167705
eth0: 1679273096 36073891 0 0
lo: 0 0 0 0

1735167706
eth0: 1679273096 36073891 0 0
lo: 0 0 0 0

1735167707
eth0: 1679273096 36073891 0 0
lo: 0 0 0 0

1735167708
eth0: 1679273096 36073891 0 0
lo: 0 0 0 0

1735167709
eth0: 1679273096 36073891 0 0
lo: 0 0 0 0

1735167711
eth0: 1679273096 36073891 0 0
lo: 0 0 0 0

1735167711
eth0: 1679273096 36073891 0 0
lo: 0 0 0 0

1735167712
eth0: 1679273096 36073891 0 0
lo: 0 0 0 0

1735167714
eth0: 1679273096 36073891 0 0
lo: 0 0 0 0

1735167714
eth0: 1679273096 36073891 0 0
lo: 0 0 0 0

1735167715
eth0: 1679273096 36073891 0 0
lo: 0 0 0 0

1735167716
eth0: 1679273096 36073891 0 0
lo: 0 0 0 0

1735167717
eth0: 1679273096 36073891 0 0
lo: 0 0 0 0

1735167718
eth0: 1679273096 36073891 0 0
lo: 0 0 0 0

1735167719
eth0: 1679273096 36073891 0 0
lo: 0 0 0 0

1735167720
eth0: 1679273096 36073891 0 0
lo: 0 0 0 0

1735167721
eth0: 1679273096 36073891 0 0
lo: 0 0 0 0

1735167722
eth0: 1679273096 36073891 0 0
lo: 0 0 0 0

1735167723
eth0: 1679273228 36074113 132 222
lo: 0 0 0 0

1735167724
eth0: 1679273228 36074113 0 0
lo: 0 0 0 0

1735167725
eth0: 1679273228 36074113 0 0
lo: 0 0 0 0

1735167726
eth0: 1679273228 36074113 0 0
lo: 0 0 0 0

1735167727
eth0: 1679273228 36074113 0 0
lo: 0 0 0 0

1735167728
eth0: 1679273228 36074113 0 0
lo: 0 0 0 0

1735167729
eth0: 1679273312 36074197 84 84
lo: 0 0 0 0

1735167730
eth0: 1679273312 36074197 0 0
lo: 0 0 0 0

1735167731
eth0: 1679273312 36074197 0 0
lo: 0 0 0 0

1735167732
eth0: 1679273312 36074197 0 0
lo: 0 0 0 0

1735167733
eth0: 1679273312 36074197 0 0
lo: 0 0 0 0

1735167734
eth0: 1679273312 36074197 0 0
lo: 0 0 0 0

1735167735
eth0: 1679273312 36074197 0 0
lo: 0 0 0 0

1735167737
eth0: 1679273312 36074197 0 0
lo: 0 0 0 0

1735167738
eth0: 1679273312 36074197 0 0
lo: 0 0 0 0

1735167739
eth0: 1679273312 36074197 0 0
lo: 0 0 0 0

1735167740
eth0: 1679273312 36074197 0 0
lo: 0 0 0 0

1735167741
eth0: 1679273312 36074197 0 0
lo: 0 0 0 0

1735167742
eth0: 1679273312 36074197 0 0
lo: 0 0 0 0

1735167744
eth0: 1679273312 36074197 0 0
lo: 0 0 0 0

1735167745
eth0: 1679273312 36074197 0 0
lo: 0 0 0 0

1735167746
eth0: 1679273312 36074197 0 0
lo: 0 0 0 0

1735167747
eth0: 1679273312 36074197 0 0
lo: 0 0 0 0

1735167748
eth0: 1679273312 36074197 0 0
lo: 0 0 0 0

1735167749
eth0: 1679273312 36074197 0 0
lo: 0 0 0 0

1735167750
eth0: 1679273312 36074197 0 0
lo: 0 0 0 0

1735167751
eth0: 1679273312 36074197 0 0
lo: 0 0 0 0

1735167752
eth0: 1679273312 36074197 0 0
lo: 0 0 0 0

1735167753
eth0: 1679273312 36074197 0 0
lo: 0 0 0 0

1735167754
eth0: 1679273312 36074197 0 0
lo: 0 0 0 0

1735167755
eth0: 1679273312 36074197 0 0
lo: 0 0 0 0

1735167756
eth0: 1679273312 36074197 0 0
lo: 0 0 0 0

1735167757
eth0: 1679273312 36074197 0 0
lo: 0 0 0 0

1735167758
eth0: 1679273312 36074197 0 0
lo: 0 0 0 0

1735167759
eth0: 1679273312 36074197 0 0
lo: 0 0 0 0

1735167760
eth0: 1679273312 36074197 0 0
lo: 0 0 0 0

1735167761
eth0: 1679273312 36074197 0 0
lo: 0 0 0 0

1735167762
eth0: 1679273312 36074197 0 0
lo: 0 0 0 0

1735167763
eth0: 1679273312 36074197 0 0
lo: 0 0 0 0

1735167764
eth0: 1679273312 36074197 0 0
lo: 0 0 0 0

1735167765
eth0: 1679273312 36074197 0 0
lo: 0 0 0 0

1735167766
eth0: 1679273312 36074197 0 0
lo: 0 0 0 0

1735167767
eth0: 1679273312 36074197 0 0
lo: 0 0 0 0

1735167768
eth0: 1679273312 36074197 0 0
lo: 0 0 0 0

1735167769
eth0: 1679273312 36074197 0 0
lo: 0 0 0 0

1735167770
eth0: 1679273312 36074197 0 0
lo: 0 0 0 0

1735167771
eth0: 1679273312 36074197 0 0
lo: 0 0 0 0

1735167772
eth0: 1679273312 36074197 0 0
lo: 0 0 0 0

1735167773
eth0: 1679273312 36074197 0 0
lo: 0 0 0 0

1735167775
eth0: 1679273312 36074197 0 0
lo: 0 0 0 0

1735167776
eth0: 1679273312 36074197 0 0
lo: 0 0 0 0

1735167777
eth0: 1679273312 36074197 0 0
lo: 0 0 0 0

1735167778
eth0: 1679273312 36074197 0 0
lo: 0 0 0 0

1735167780
eth0: 1679273312 36074197 0 0
lo: 0 0 0 0

1735167781
eth0: 1679273312 36074197 0 0
lo: 0 0 0 0

1735167782
eth0: 1679273312 36074197 0 0
lo: 0 0 0 0

1735167783
eth0: 1679273312 36074197 0 0
lo: 0 0 0 0

1735167784
eth0: 1679273312 36074197 0 0
lo: 0 0 0 0

1735167785
eth0: 1679273312 36074197 0 0
lo: 0 0 0 0

1735167786
eth0: 1679273312 36074197 0 0
lo: 0 0 0 0

1735167787
eth0: 1679273312 36074197 0 0
lo: 0 0 0 0

1735167788
eth0: 1679273312 36074197 0 0
lo: 0 0 0 0

1735167789
eth0: 1679273312 36074197 0 0
lo: 0 0 0 0

1735167790
eth0: 1679273312 36074197 0 0
lo: 0 0 0 0

1735167791
eth0: 1679273312 36074197 0 0
lo: 0 0 0 0

1735167792
eth0: 1679273312 36074197 0 0
lo: 0 0 0 0

1735167793
eth0: 1679273312 36074197 0 0
lo: 0 0 0 0

1735167794
eth0: 1679273312 36074197 0 0
lo: 0 0 0 0

1735167795
eth0: 1679273312 36074197 0 0
lo: 0 0 0 0

1735167796
eth0: 1679273312 36074197 0 0
lo: 0 0 0 0

1735167797
eth0: 1679273312 36074197 0 0
lo: 0 0 0 0

1735167798
eth0: 1679273312 36074197 0 0
lo: 0 0 0 0

1735167800
eth0: 1679273312 36074197 0 0
lo: 0 0 0 0

1735167801
eth0: 1679273312 36074197 0 0
lo: 0 0 0 0

1735167802
eth0: 1679273312 36074197 0 0
lo: 0 0 0 0

1735167803
eth0: 1679273312 36074197 0 0
lo: 0 0 0 0

1735167804
eth0: 1679273312 36074197 0 0
lo: 0 0 0 0

1735167805
eth0: 1679273312 36074197 0 0
lo: 0 0 0 0

1735167806
eth0: 1679273312 36074197 0 0
lo: 0 0 0 0

1735167807
eth0: 1679273312 36074197 0 0
lo: 0 0 0 0

1735167808
eth0: 1679273312 36074197 0 0
lo: 0 0 0 0

1735167809
eth0: 1679273312 36074197 0 0
lo: 0 0 0 0

1735167810
eth0: 1679273312 36074197 0 0
lo: 0 0 0 0

1735167811
eth0: 1679273312 36074197 0 0
lo: 0 0 0 0

1735167812
eth0: 1679273312 36074197 0 0
lo: 0 0 0 0

1735167813
eth0: 1679273312 36074197 0 0
lo: 0 0 0 0

1735167814
eth0: 1679273312 36074197 0 0
lo: 0 0 0 0

1735167815
eth0: 1679273312 36074197 0 0
lo: 0 0 0 0

1735167816
eth0: 1679273312 36074197 0 0
lo: 0 0 0 0

1735167817
eth0: 1679273312 36074197 0 0
lo: 0 0 0 0

1735167818
eth0: 1679273312 36074197 0 0
lo: 0 0 0 0

1735167819
eth0: 1679273312 36074197 0 0
lo: 0 0 0 0

1735167820
eth0: 1679273312 36074197 0 0
lo: 0 0 0 0

1735167821
eth0: 1679273312 36074197 0 0
lo: 0 0 0 0

1735167822
eth0: 1679273312 36074197 0 0
lo: 0 0 0 0

1735167823
eth0: 1679273312 36074197 0 0
lo: 0 0 0 0

1735167824
eth0: 1679273312 36074197 0 0
lo: 0 0 0 0

1735167826
eth0: 1679273312 36074197 0 0
lo: 0 0 0 0

1735167827
eth0: 1679273382 36074197 70 0
lo: 0 0 0 0

1735167828
eth0: 1679273382 36074197 0 0
lo: 0 0 0 0

1735167829
eth0: 1679273382 36074197 0 0
lo: 0 0 0 0

1735167830
eth0: 1679273382 36074197 0 0
lo: 0 0 0 0

1735167831
eth0: 1679273382 36074197 0 0
lo: 0 0 0 0

1735167832
eth0: 1679273382 36074197 0 0
lo: 0 0 0 0

1735167833
eth0: 1679273382 36074197 0 0
lo: 0 0 0 0

1735167834
eth0: 1679273382 36074197 0 0
lo: 0 0 0 0

1735167835
eth0: 1679273382 36074197 0 0
lo: 0 0 0 0

1735167836
eth0: 1679273382 36074197 0 0
lo: 0 0 0 0

1735167837
eth0: 1679273382 36074197 0 0
lo: 0 0 0 0

1735167838
eth0: 1679273382 36074197 0 0
lo: 0 0 0 0

1735167839
eth0: 1679273382 36074197 0 0
lo: 0 0 0 0

1735167840
eth0: 1679273382 36074197 0 0
lo: 0 0 0 0

1735167841
eth0: 1679273382 36074197 0 0
lo: 0 0 0 0

1735167842
eth0: 1679273382 36074197 0 0
lo: 0 0 0 0

1735167843
eth0: 1679273382 36074197 0 0
lo: 0 0 0 0

1735167844
eth0: 1679273382 36074197 0 0
lo: 0 0 0 0

1735167845
eth0: 1679273382 36074197 0 0
lo: 0 0 0 0

1735167846
eth0: 1679273382 36074197 0 0
lo: 0 0 0 0

1735167847
eth0: 1679273382 36074197 0 0
lo: 0 0 0 0

1735167848
eth0: 1679273382 36074197 0 0
lo: 0 0 0 0

1735167850
eth0: 1679273382 36074197 0 0
lo: 0 0 0 0

1735167851
eth0: 1679273382 36074197 0 0
lo: 0 0 0 0

1735167852
eth0: 1679273382 36074197 0 0
lo: 0 0 0 0

1735167853
eth0: 1679273382 36074197 0 0
lo: 0 0 0 0

1735167854
eth0: 1679273382 36074197 0 0
lo: 0 0 0 0

1735167855
eth0: 1679273382 36074197 0 0
lo: 0 0 0 0

1735167856
eth0: 1679273382 36074197 0 0
lo: 0 0 0 0

1735167857
eth0: 1679273382 36074197 0 0
lo: 0 0 0 0

1735167858
eth0: 1679273382 36074197 0 0
lo: 0 0 0 0

1735167859
eth0: 1679273382 36074197 0 0
lo: 0 0 0 0

1735167859
eth0: 1679273382 36074197 0 0
lo: 0 0 0 0

1735167861
eth0: 1679273382 36074197 0 0
lo: 0 0 0 0

1735167862
eth0: 1679273382 36074197 0 0
lo: 0 0 0 0

1735167863
eth0: 1679273382 36074197 0 0
lo: 0 0 0 0

1735167864
eth0: 1679273382 36074197 0 0
lo: 0 0 0 0

1735167865
eth0: 1679273382 36074197 0 0
lo: 0 0 0 0

1735167866
eth0: 1679273382 36074197 0 0
lo: 0 0 0 0

1735167866
eth0: 1679273382 36074197 0 0
lo: 0 0 0 0

1735167867
eth0: 1679273382 36074197 0 0
lo: 0 0 0 0

1735167868
eth0: 1679273382 36074197 0 0
lo: 0 0 0 0

1735167869
eth0: 1679273382 36074197 0 0
lo: 0 0 0 0

1735167870
eth0: 1679273382 36074197 0 0
lo: 0 0 0 0

1735167871
eth0: 1679273382 36074197 0 0
lo: 0 0 0 0

1735167872
eth0: 1679273382 36074197 0 0
lo: 0 0 0 0

1735167873
eth0: 1679273382 36074197 0 0
lo: 0 0 0 0

1735167874
eth0: 1679273382 36074197 0 0
lo: 0 0 0 0

1735167875
eth0: 1679273382 36074197 0 0
lo: 0 0 0 0

1735167876
eth0: 1679273382 36074197 0 0
lo: 0 0 0 0

1735167877
eth0: 1679273382 36074197 0 0
lo: 0 0 0 0

1735167878
eth0: 1679273382 36074197 0 0
lo: 0 0 0 0

1735167879
eth0: 1679273382 36074197 0 0
lo: 0 0 0 0

1735167880
eth0: 1679273382 36074197 0 0
lo: 0 0 0 0

1735167881
eth0: 1679273382 36074197 0 0
lo: 0 0 0 0

1735167883
eth0: 1679273382 36074197 0 0
lo: 0 0 0 0

1735167883
eth0: 1679273382 36074197 0 0
lo: 0 0 0 0

1735167884
eth0: 1679273382 36074197 0 0
lo: 0 0 0 0

1735167886
eth0: 1679273382 36074197 0 0
lo: 0 0 0 0

1735167886
eth0: 1679273382 36074197 0 0
lo: 0 0 0 0

1735167887
eth0: 1679273382 36074197 0 0
lo: 0 0 0 0

1735167888
eth0: 1679273382 36074197 0 0
lo: 0 0 0 0

1735167889
eth0: 1679273382 36074197 0 0
lo: 0 0 0 0

1735167890
eth0: 1679273382 36074197 0 0
lo: 0 0 0 0

1735167891
eth0: 1679273382 36074197 0 0
lo: 0 0 0 0

1735167892
eth0: 1679273382 36074197 0 0
lo: 0 0 0 0

1735167893
eth0: 1679273382 36074197 0 0
lo: 0 0 0 0

1735167894
eth0: 1679273382 36074197 0 0
lo: 0 0 0 0

1735167895
eth0: 1679273382 36074197 0 0
lo: 0 0 0 0

1735167896
eth0: 1679273382 36074197 0 0
lo: 0 0 0 0

1735167898
eth0: 1679273382 36074197 0 0
lo: 0 0 0 0

1735167899
eth0: 1679273382 36074197 0 0
lo: 0 0 0 0

1735167900
eth0: 1679273382 36074197 0 0
lo: 0 0 0 0

1735167901
eth0: 1679273382 36074197 0 0
lo: 0 0 0 0

1735167902
eth0: 1679273382 36074197 0 0
lo: 0 0 0 0

1735167903
eth0: 1679273382 36074197 0 0
lo: 0 0 0 0

1735167904
eth0: 1679273382 36074197 0 0
lo: 0 0 0 0

1735167904
eth0: 1679273382 36074197 0 0
lo: 0 0 0 0

1735167905
eth0: 1679273382 36074197 0 0
lo: 0 0 0 0

1735167906
eth0: 1679273382 36074197 0 0
lo: 0 0 0 0

1735167908
eth0: 1679273382 36074197 0 0
lo: 0 0 0 0

1735167908
eth0: 1679273382 36074197 0 0
lo: 0 0 0 0

1735167909
eth0: 1679273382 36074197 0 0
lo: 0 0 0 0

1735167911
eth0: 1679273382 36074197 0 0
lo: 0 0 0 0

1735167912
eth0: 1679273382 36074197 0 0
lo: 0 0 0 0

1735167912
eth0: 1679273382 36074197 0 0
lo: 0 0 0 0

1735167913
eth0: 1679273382 36074197 0 0
lo: 0 0 0 0

1735167915
eth0: 1679273382 36074197 0 0
lo: 0 0 0 0

1735167916
eth0: 1679273382 36074197 0 0
lo: 0 0 0 0

1735167917
eth0: 1679273382 36074197 0 0
lo: 0 0 0 0

1735167918
eth0: 1679273382 36074197 0 0
lo: 0 0 0 0

1735167919
eth0: 1679273382 36074197 0 0
lo: 0 0 0 0

1735167920
eth0: 1679273382 36074197 0 0
lo: 0 0 0 0

1735167921
eth0: 1679273382 36074197 0 0
lo: 0 0 0 0

1735167922
eth0: 1679273382 36074197 0 0
lo: 0 0 0 0

1735167923
eth0: 1679273382 36074197 0 0
lo: 0 0 0 0

1735167924
eth0: 1679273382 36074197 0 0
lo: 0 0 0 0

1735167925
eth0: 1679273382 36074197 0 0
lo: 0 0 0 0

1735167926
eth0: 1679273382 36074197 0 0
lo: 0 0 0 0

1735167927
eth0: 1679273382 36074197 0 0
lo: 0 0 0 0

1735167928
eth0: 1679273382 36074197 0 0
lo: 0 0 0 0

1735167929
eth0: 1679273382 36074197 0 0
lo: 0 0 0 0

1735167930
eth0: 1679273382 36074197 0 0
lo: 0 0 0 0

1735167931
eth0: 1679273382 36074197 0 0
lo: 0 0 0 0

1735167932
eth0: 1679273382 36074197 0 0
lo: 0 0 0 0

1735167933
eth0: 1679273382 36074197 0 0
lo: 0 0 0 0

1735167934
eth0: 1679273382 36074197 0 0
lo: 0 0 0 0

1735167935
eth0: 1679273382 36074197 0 0
lo: 0 0 0 0

1735167936
eth0: 1679273382 36074197 0 0
lo: 0 0 0 0

1735167937
eth0: 1679273382 36074197 0 0
lo: 0 0 0 0

1735167938
eth0: 1679273382 36074197 0 0
lo: 0 0 0 0

1735167939
eth0: 1679273382 36074197 0 0
lo: 0 0 0 0

1735167940
eth0: 1679273382 36074197 0 0
lo: 0 0 0 0

1735167940
eth0: 1679273382 36074197 0 0
lo: 0 0 0 0

1735167942
eth0: 1679273382 36074197 0 0
lo: 0 0 0 0

1735167943
eth0: 1679273382 36074197 0 0
lo: 0 0 0 0

1735167944
eth0: 1679273382 36074197 0 0
lo: 0 0 0 0

1735167945
eth0: 1679273382 36074197 0 0
lo: 0 0 0 0

1735167946
eth0: 1679273382 36074197 0 0
lo: 0 0 0 0

1735167946
eth0: 1679273382 36074197 0 0
lo: 0 0 0 0

1735167948
eth0: 1679273382 36074197 0 0
lo: 0 0 0 0

1735167949
eth0: 1679273382 36074197 0 0
lo: 0 0 0 0

1735167949
eth0: 1679273382 36074197 0 0
lo: 0 0 0 0

1735167951
eth0: 1679273382 36074197 0 0
lo: 0 0 0 0

1735167951
eth0: 1679273382 36074197 0 0
lo: 0 0 0 0

1735167952
eth0: 1679273382 36074197 0 0
lo: 0 0 0 0

1735167953
eth0: 1679273382 36074197 0 0
lo: 0 0 0 0

1735167955
eth0: 1679273382 36074197 0 0
lo: 0 0 0 0

1735167956
eth0: 1679273382 36074197 0 0
lo: 0 0 0 0

1735167957
eth0: 1679273382 36074197 0 0
lo: 0 0 0 0

1735167957
eth0: 1679273382 36074197 0 0
lo: 0 0 0 0

1735167958
eth0: 1679273382 36074197 0 0
lo: 0 0 0 0

1735167959
eth0: 1679273382 36074197 0 0
lo: 0 0 0 0

1735167961
eth0: 1679273382 36074197 0 0
lo: 0 0 0 0

1735167962
eth0: 1679273382 36074197 0 0
lo: 0 0 0 0

1735167963
eth0: 1679273382 36074197 0 0
lo: 0 0 0 0

1735167963
eth0: 1679273382 36074197 0 0
lo: 0 0 0 0

1735167964
eth0: 1679273382 36074197 0 0
lo: 0 0 0 0

1735167965
eth0: 1679273382 36074197 0 0
lo: 0 0 0 0

1735167966
eth0: 1679273382 36074197 0 0
lo: 0 0 0 0

1735167968
eth0: 1679273382 36074197 0 0
lo: 0 0 0 0

1735167969
eth0: 1679273382 36074197 0 0
lo: 0 0 0 0

1735167971
eth0: 1679273382 36074197 0 0
lo: 0 0 0 0

1735167972
eth0: 1679273382 36074197 0 0
lo: 0 0 0 0

1735167973
eth0: 1679273382 36074197 0 0
lo: 0 0 0 0

1735167974
eth0: 1679273382 36074197 0 0
lo: 0 0 0 0

1735167975
eth0: 1679273382 36074197 0 0
lo: 0 0 0 0

1735167976
eth0: 1679273382 36074197 0 0
lo: 0 0 0 0

1735167977
eth0: 1679273382 36074197 0 0
lo: 0 0 0 0

1735167978
eth0: 1679273382 36074197 0 0
lo: 0 0 0 0

1735167979
eth0: 1679273382 36074197 0 0
lo: 0 0 0 0

1735167980
eth0: 1679273382 36074197 0 0
lo: 0 0 0 0

1735167981
eth0: 1679273382 36074197 0 0
lo: 0 0 0 0

1735167982
eth0: 1679273382 36074197 0 0
lo: 0 0 0 0

1735167983
eth0: 1679273382 36074197 0 0
lo: 0 0 0 0

1735167984
eth0: 1679273382 36074197 0 0
lo: 0 0 0 0

1735167985
eth0: 1679273382 36074197 0 0
lo: 0 0 0 0

1735167986
eth0: 1679273382 36074197 0 0
lo: 0 0 0 0

1735167987
eth0: 1679273382 36074197 0 0
lo: 0 0 0 0

1735167988
eth0: 1679273382 36074197 0 0
lo: 0 0 0 0

1735167989
eth0: 1679273382 36074197 0 0
lo: 0 0 0 0

1735167990
eth0: 1679273382 36074197 0 0
lo: 0 0 0 0

1735167991
eth0: 1679273382 36074197 0 0
lo: 0 0 0 0

1735167992
eth0: 1679273382 36074197 0 0
lo: 0 0 0 0

1735167993
eth0: 1679273382 36074197 0 0
lo: 0 0 0 0

1735167994
eth0: 1679273382 36074197 0 0
lo: 0 0 0 0

1735167995
eth0: 1679273382 36074197 0 0
lo: 0 0 0 0

1735167996
eth0: 1679273382 36074197 0 0
lo: 0 0 0 0

1735167997
eth0: 1679273382 36074197 0 0
lo: 0 0 0 0

1735167998
eth0: 1679273382 36074197 0 0
lo: 0 0 0 0

1735167999
eth0: 1679273382 36074197 0 0
lo: 0 0 0 0

1735168000
eth0: 1679273382 36074197 0 0
lo: 0 0 0 0

1735168001
eth0: 1679273382 36074197 0 0
lo: 0 0 0 0

1735168002
eth0: 1679273382 36074197 0 0
lo: 0 0 0 0

1735168003
eth0: 1679273382 36074197 0 0
lo: 0 0 0 0

1735168004
eth0: 1679273382 36074197 0 0
lo: 0 0 0 0

1735168005
eth0: 1679273382 36074197 0 0
lo: 0 0 0 0

1735168006
eth0: 1679273382 36074197 0 0
lo: 0 0 0 0

1735168007
eth0: 1679273382 36074197 0 0
lo: 0 0 0 0

1735168008
eth0: 1679273382 36074197 0 0
lo: 0 0 0 0

1735168009
eth0: 1679273382 36074197 0 0
lo: 0 0 0 0

1735168010
eth0: 1679273382 36074197 0 0
lo: 0 0 0 0

1735168011
eth0: 1679273382 36074197 0 0
lo: 0 0 0 0

1735168012
eth0: 1679273382 36074197 0 0
lo: 0 0 0 0

1735168013
eth0: 1679273382 36074197 0 0
lo: 0 0 0 0

1735168014
eth0: 1679273382 36074197 0 0
lo: 0 0 0 0

1735168015
eth0: 1679273382 36074197 0 0
lo: 0 0 0 0

1735168016
eth0: 1679273382 36074197 0 0
lo: 0 0 0 0

1735168017
eth0: 1679273382 36074197 0 0
lo: 0 0 0 0

1735168018
eth0: 1679273382 36074197 0 0
lo: 0 0 0 0

1735168019
eth0: 1679273382 36074197 0 0
lo: 0 0 0 0

1735168020
eth0: 1679273382 36074197 0 0
lo: 0 0 0 0

1735168021
eth0: 1679273382 36074197 0 0
lo: 0 0 0 0

1735168022
eth0: 1679273382 36074197 0 0
lo: 0 0 0 0

1735168023
eth0: 1679273382 36074197 0 0
lo: 0 0 0 0

1735168024
eth0: 1679273382 36074197 0 0
lo: 0 0 0 0

1735168025
eth0: 1679273382 36074197 0 0
lo: 0 0 0 0

1735168026
eth0: 1679273382 36074197 0 0
lo: 0 0 0 0

1735168027
eth0: 1679273382 36074197 0 0
lo: 0 0 0 0

1735168028
eth0: 1679273382 36074197 0 0
lo: 0 0 0 0

1735168029
eth0: 1679273382 36074197 0 0
lo: 0 0 0 0

1735168030
eth0: 1679273382 36074197 0 0
lo: 0 0 0 0

1735168031
eth0: 1679273382 36074197 0 0
lo: 0 0 0 0

1735168032
eth0: 1679273382 36074197 0 0
lo: 0 0 0 0

1735168033
eth0: 1679273382 36074197 0 0
lo: 0 0 0 0

1735168034
eth0: 1679273382 36074197 0 0
lo: 0 0 0 0

1735168036
eth0: 1679273382 36074197 0 0
lo: 0 0 0 0

1735168037
eth0: 1679273382 36074197 0 0
lo: 0 0 0 0

1735168038
eth0: 1679273382 36074197 0 0
lo: 0 0 0 0

1735168039
eth0: 1679273382 36074197 0 0
lo: 0 0 0 0

1735168040
eth0: 1679273382 36074197 0 0
lo: 0 0 0 0

1735168041
eth0: 1679273382 36074197 0 0
lo: 0 0 0 0

1735168042
eth0: 1679273382 36074197 0 0
lo: 0 0 0 0

1735168043
eth0: 1679273382 36074197 0 0
lo: 0 0 0 0

1735168044
eth0: 1679273382 36074197 0 0
lo: 0 0 0 0

1735168045
eth0: 1679273382 36074197 0 0
lo: 0 0 0 0

1735168046
eth0: 1679273382 36074197 0 0
lo: 0 0 0 0

1735168047
eth0: 1679273382 36074197 0 0
lo: 0 0 0 0

1735168048
eth0: 1679273382 36074197 0 0
lo: 0 0 0 0

1735168049
eth0: 1679273382 36074197 0 0
lo: 0 0 0 0

1735168050
eth0: 1679273382 36074197 0 0
lo: 0 0 0 0

1735168051
eth0: 1679273382 36074197 0 0
lo: 0 0 0 0

1735168052
eth0: 1679273382 36074197 0 0
lo: 0 0 0 0

1735168053
eth0: 1679273382 36074197 0 0
lo: 0 0 0 0

1735168054
eth0: 1679273382 36074197 0 0
lo: 0 0 0 0

1735168055
eth0: 1679273382 36074197 0 0
lo: 0 0 0 0

1735168056
eth0: 1679273382 36074197 0 0
lo: 0 0 0 0

1735168057
eth0: 1679273382 36074197 0 0
lo: 0 0 0 0

1735168058
eth0: 1679273382 36074197 0 0
lo: 0 0 0 0

1735168059
eth0: 1679273382 36074197 0 0
lo: 0 0 0 0

1735168060
eth0: 1679273382 36074197 0 0
lo: 0 0 0 0

1735168061
eth0: 1679273382 36074197 0 0
lo: 0 0 0 0

1735168062
eth0: 1679273382 36074197 0 0
lo: 0 0 0 0

1735168063
eth0: 1679273382 36074197 0 0
lo: 0 0 0 0

1735168064
eth0: 1679273382 36074197 0 0
lo: 0 0 0 0

1735168065
eth0: 1679273382 36074197 0 0
lo: 0 0 0 0

1735168066
eth0: 1679273382 36074197 0 0
lo: 0 0 0 0

1735168067
eth0: 1679273382 36074197 0 0
lo: 0 0 0 0

1735168069
eth0: 1679273382 36074197 0 0
lo: 0 0 0 0

1735168070
eth0: 1679273382 36074197 0 0
lo: 0 0 0 0

1735168071
eth0: 1679273382 36074197 0 0
lo: 0 0 0 0

1735168072
eth0: 1679273382 36074197 0 0
lo: 0 0 0 0

1735168073
eth0: 1679273382 36074197 0 0
lo: 0 0 0 0

1735168074
eth0: 1679273382 36074197 0 0
lo: 0 0 0 0

1735168075
eth0: 1679273382 36074197 0 0
lo: 0 0 0 0

1735168076
eth0: 1679273382 36074197 0 0
lo: 0 0 0 0

1735168077
eth0: 1679273382 36074197 0 0
lo: 0 0 0 0

1735168078
eth0: 1679273382 36074197 0 0
lo: 0 0 0 0

1735168079
eth0: 1679273382 36074197 0 0
lo: 0 0 0 0

1735168080
eth0: 1679273382 36074197 0 0
lo: 0 0 0 0

1735168081
eth0: 1679273382 36074197 0 0
lo: 0 0 0 0

1735168082
eth0: 1679273382 36074197 0 0
lo: 0 0 0 0

1735168083
eth0: 1679273382 36074197 0 0
lo: 0 0 0 0

1735168084
eth0: 1679273382 36074197 0 0
lo: 0 0 0 0

1735168085
eth0: 1679273382 36074197 0 0
lo: 0 0 0 0

1735168086
eth0: 1679273382 36074197 0 0
lo: 0 0 0 0

1735168087
eth0: 1679273382 36074197 0 0
lo: 0 0 0 0

1735168088
eth0: 1679273382 36074197 0 0
lo: 0 0 0 0

1735168089
eth0: 1679273382 36074197 0 0
lo: 0 0 0 0

1735168101
eth0: 1679273382 36074197 0 0
lo: 0 0 0 0

1735170011
eth0: 1679273522 36074197 140 0
lo: 0 0 0 0

