1735167478
0.5732165206508135 0.25406758448060074 0.06508135168961202

1735167479
0.1375 0.07375 0.01625

1735167480
0.11306532663316583 0.09798994974874371 0.03768844221105527

1735167481
0.2960199004975124 0.12189054726368159 0.13805970149253732

1735167482
0.07875 0.03375 0.56375

1735167484
0.3012345679012346 0.2111111111111111 0.26296296296296295

1735167485
0.5037593984962406 0.24561403508771928 0.018796992481203006

1735167486
0.2800417972831766 0.19122257053291536 0.0010449320794148381

1735167487
0.19696969696969696 0.2738927738927739 0.024475524475524476

1735167488
0.2286401925391095 0.1552346570397112 0.0

1735167489
0.4166666666666667 0.22186147186147187 0.024891774891774892

1735167490
0.43792325056433407 0.23927765237020315 0.033860045146726865

1735167491
0.33733826247689463 0.26709796672828096 0.20517560073937152

1735167492
0.33657351154313486 0.21142162818955043 0.2235722964763062

1735167493
0.4115384615384615 0.3782051282051282 0.017948717948717947

1735167494
0.47275031685678076 0.2332065906210393 0.025348542458808618

1735167495
0.23008849557522124 0.14664981036662453 0.2996207332490518

1735167496
0.19829683698296838 0.1362530413625304 0.26763990267639903

1735167497
0.3575909661229611 0.1932245922208281 0.1342534504391468

1735167498
0.2423500611995104 0.16401468788249693 0.08812729498164015

1735167499
0.5201511335012594 0.23425692695214106 0.013853904282115869

1735167500
0.8260325406758448 0.16145181476846057 0.0

1735167501
0.23247232472324722 0.16851168511685116 0.02706027060270603

1735167502
0.24628712871287128 0.17945544554455445 0.07178217821782178

1735167503
0.24812967581047382 0.17955112219451372 0.15586034912718205

1735167504
0.1583011583011583 0.10553410553410554 0.3166023166023166

1735167505
0.1520912547528517 0.11406844106463879 0.40430925221799746

1735167506
0.15201005025125627 0.12185929648241206 0.27889447236180903

1735167507
0.08756345177664974 0.10406091370558376 0.4720812182741117

1735167508
0.11660329531051965 0.09632446134347275 0.3612167300380228

1735167509
0.12563451776649745 0.11548223350253807 0.3819796954314721

1735167510
0.20915841584158415 0.12871287128712872 0.33663366336633666

1735167512
0.07844827586206897 0.07672413793103448 0.4103448275862069

1735167513
0.2413452027695351 0.0820969337289812 0.4124629080118694

1735167514
0.43514150943396224 0.08844339622641509 0.32193396226415094

1735167515
0.19090909090909092 0.07878787878787878 0.3929292929292929

1735167516
0.048868778280542986 0.0660633484162896 0.5276018099547511

1735167517
0.03205128205128205 0.042735042735042736 0.5149572649572649

1735167518
0.08631319358816276 0.093711467324291 0.37731196054254007

1735167520
0.03409836065573771 0.0380327868852459 0.4262295081967213

1735167521
0.21965317919075145 0.10057803468208093 0.4554913294797688

1735167522
0.28074534161490683 0.12049689440993788 0.2372670807453416

1735167523
0.23934837092731828 0.13032581453634084 0.2819548872180451

1735167525
0.1930635838150289 0.056647398843930635 0.48786127167630056

1735167526
0.12547528517110265 0.025348542458808618 0.5614702154626109

1735167527
0.31374606505771246 0.23189926547743966 0.2539349422875131

1735167528
0.23687423687423687 0.1746031746031746 0.33943833943833945

1735167529
0.21279212792127922 0.13284132841328414 0.43296432964329645

1735167530
0.09720885466794996 0.06448508180943215 0.4735322425409047

1735167531
0.14119922630560927 0.10154738878143134 0.5290135396518375

1735167532
0.7581620314389359 0.14993954050785974 0.07980652962515115

1735167533
0.8847117794486216 0.09523809523809523 0.020050125313283207

1735167534
0.90125 0.0925 0.005

1735167535
0.89125 0.10625 0.0025

1735167536
0.8826466916354557 0.11610486891385768 0.0012484394506866417

1735167537
0.8696741854636592 0.11027568922305764 0.013784461152882205

1735167538
0.8961201501877347 0.10137672090112641 0.0025031289111389237

1735167539
0.8983688833124216 0.09912170639899624 0.0012547051442910915

1735167540
0.86875 0.1275 0.00125

1735167541
0.9198998748435544 0.07884856070087609 0.0

1735167542
0.91125 0.0875 0.0

1735167543
0.8946047678795483 0.1053952321204517 0.0

1735167545
0.9006211180124224 0.09813664596273292 0.0

1735167546
0.9225967540574282 0.07615480649188515 0.0

1735167547
0.9175 0.0825 0.0

1735167547
0.903387703889586 0.09661229611041405 0.0

1735167548
0.8710888610763454 0.1276595744680851 0.0012515644555694619

1735167549
0.8734335839598998 0.12531328320802004 0.0

1735167550
0.9066002490660025 0.09339975093399751 0.0

1735167551
0.6445556946182729 0.10137672090112641 0.15644555694618273

1735167552
0.6197183098591549 0.23175416133162613 0.07170294494238157

1735167553
0.5285895806861499 0.29224904701397714 0.0698856416772554

1735167554
0.5392405063291139 0.2873417721518987 0.08860759493670886

1735167555
0.7222222222222222 0.19570707070707072 0.045454545454545456

1735167556
0.6620428751576293 0.13745271122320302 0.1664564943253468

1735167557
0.8377028714107366 0.132334581772784 0.024968789013732832

1735167558
0.8610763454317898 0.13642052565707133 0.0012515644555694619

1735167559
0.8764044943820225 0.12359550561797752 0.0

1735167560
0.9225 0.0775 0.0

1735167561
0.9061326658322904 0.09261576971214018 0.0012515644555694619

1735167562
0.8836045056320401 0.11389236545682102 0.0

1735167563
0.6792452830188679 0.17232704402515722 0.005031446540880503

1735167564
0.5525982256020279 0.24714828897338403 0.016476552598225603

1735167565
0.556390977443609 0.2869674185463659 0.002506265664160401

1735167566
0.6073232323232324 0.2159090909090909 0.05555555555555555

1735167568
0.664572864321608 0.2198492462311558 0.005025125628140704

1735167568
0.5997458703939009 0.25158831003811943 0.008894536213468869

1735167569
0.4968314321926489 0.2332065906210393 0.022813688212927757

1735167570
0.507537688442211 0.25753768844221103 0.011306532663316583

1735167571
0.36536030341340076 0.3034134007585335 0.19469026548672566

1735167572
0.38903061224489793 0.13392857142857142 0.3086734693877551

1735167573
0.895 0.09 0.0125

1735167574
0.9011264080100125 0.09762202753441802 0.0012515644555694619

1735167575
0.918648310387985 0.058823529411764705 0.02252816020025031

1735167576
0.68 0.07 0.18625

1735167577
0.5474083438685209 0.12895069532237674 0.24905183312262957

1735167578
0.42685185185185187 0.1712962962962963 0.24259259259259258

1735167579
0.42828685258964144 0.31673306772908366 0.13545816733067728

1735167580
0.5464824120603015 0.27889447236180903 0.07537688442211055

1735167581
0.5432873274780426 0.18444165621079048 0.1806775407779172

1735167582
0.5333333333333333 0.2289308176100629 0.11069182389937107

1735167583
0.39125151883353587 0.19562575941676794 0.25637910085054677

1735167584
0.3190104166666667 0.22786458333333334 0.2643229166666667

1735167585
0.1865671641791045 0.15796019900497513 0.3407960199004975

1735167586
0.40375 0.2025 0.1375

1735167587
0.36991368680641185 0.18618988902589395 0.1159062885326757

1735167588
0.44974874371859297 0.21105527638190955 0.10427135678391959

1735167589
0.2881773399014778 0.1268472906403941 0.3817733990147783

1735167590
0.22152690863579474 0.08260325406758448 0.3479349186483104

1735167591
0.21905940594059406 0.09777227722772278 0.3712871287128713

1735167592
0.29125 0.1475 0.19125

1735167593
0.4911616161616162 0.21085858585858586 0.006313131313131313

1735167594
0.4634448574969021 0.18587360594795538 0.004956629491945477

1735167595
0.42138364779874216 0.2389937106918239 0.006289308176100629

1735167596
0.5987341772151898 0.21265822784810126 0.04683544303797468

1735167597
0.365792759051186 0.1947565543071161 0.1198501872659176

1735167598
0.30037546933667086 0.2327909887359199 0.15269086357947434

1735167599
0.3520408163265306 0.25637755102040816 0.16071428571428573

1735167600
0.46365914786967416 0.2794486215538847 0.04887218045112782

1735167601
0.5025125628140703 0.2537688442211055 0.02386934673366834

1735167602
0.45373891001267425 0.17743979721166034 0.1964512040557668

1735167603
0.7688442211055276 0.1922110552763819 0.02386934673366834

1735167605
0.8069738480697385 0.1917808219178082 0.0012453300124533001

1735167605
0.82625 0.17375 0.0

1735167606
0.78375 0.21625 0.0

1735167607
0.8301647655259823 0.13181242078580482 0.0038022813688212928

1735167608
0.7974842767295598 0.16729559748427672 0.0025157232704402514

1735167609
0.5708908406524467 0.18318695106649938 0.03262233375156838

1735167610
0.657035175879397 0.23492462311557788 0.008793969849246231

1735167611
0.5827067669172933 0.2556390977443609 0.005012531328320802

1735167612
0.560853199498118 0.3136762860727729 0.0037641154328732747

1735167613
0.45202020202020204 0.31313131313131315 0.010101010101010102

1735167614
0.39146800501882056 0.1480552070263488 0.2371392722710163

1735167615
0.6048284625158831 0.2579415501905972 0.022871664548919948

1735167616
0.5896464646464646 0.2297979797979798 0.012626262626262626

1735167617
0.3825 0.225 0.1375

1735167618
0.4475 0.23875 0.13625

1735167619
0.23588456712672523 0.1342534504391468 0.5106649937264742

1735167620
0.392991239048811 0.21026282853566958 0.2828535669586984

1735167621
0.3768844221105528 0.22613065326633167 0.13316582914572864

1735167622
0.47176913425345046 0.25094102885821834 0.07779171894604768

1735167623
0.4868255959849435 0.29109159347553326 0.06649937264742785

1735167624
0.4729559748427673 0.20628930817610064 0.13962264150943396

1735167625
0.4217171717171717 0.21338383838383837 0.006313131313131313

1735167626
0.39646464646464646 0.20833333333333334 0.03535353535353535

1735167627
0.2543424317617866 0.16997518610421836 0.043424317617866005

1735167628
0.2148962148962149 0.17704517704517705 0.02442002442002442

1735167629
0.4186335403726708 0.2782608695652174 0.02857142857142857

1735167630
0.145 0.10125 0.035

1735167631
0.32004981320049813 0.1519302615193026 0.20423412204234123

1735167632
0.3246268656716418 0.22512437810945274 0.15796019900497513

1735167633
0.24447174447174447 0.09705159705159705 0.18796068796068796

1735167634
0.2850182704019488 0.11936662606577345 0.15956151035322777

1735167635
0.21179302045728038 0.0842358604091456 0.1684717208182912

1735167636
0.15577889447236182 0.04522613065326633 0.3530150753768844

1735167637
0.23638613861386137 0.06311881188118812 0.2698019801980198

1735167638
0.4197994987468672 0.15538847117794485 0.07142857142857142

1735167639
0.3805970149253731 0.14676616915422885 0.0037313432835820895

1735167640
0.22888616891064872 0.12974296205630356 0.0036719706242350062

1735167641
0.3838509316770186 0.19627329192546583 0.007453416149068323

1735167642
0.4067584480600751 0.17647058823529413 0.006257822277847309

1735167643
0.35508155583437895 0.17691342534504392 0.037641154328732745

1735167644
0.3838383838383838 0.22348484848484848 0.020202020202020204

1735167645
0.18081180811808117 0.12792127921279212 0.16236162361623616

1735167646
0.3915211970074813 0.19077306733167082 0.09351620947630923

1735167647
0.4312736443883985 0.201765447667087 0.007566204287515763

1735167648
0.3787128712871287 0.1943069306930693 0.12623762376237624

1735167649
0.25742574257425743 0.13242574257425743 0.1943069306930693

1735167650
0.33705080545229243 0.1697645600991326 0.15489467162329615

1735167651
0.29301745635910226 0.1546134663341646 0.23067331670822944

1735167652
0.2672413793103448 0.13669950738916256 0.2623152709359606

1735167653
0.314070351758794 0.22613065326633167 0.05402010050251256

1735167654
0.2672521957340025 0.21957340025094102 0.0037641154328732747

1735167655
0.17669172932330826 0.19423558897243107 0.0012531328320802004

1735167656
0.3181818181818182 0.18686868686868688 0.03787878787878788

1735167657
0.3554140127388535 0.23057324840764332 0.0025477707006369425

1735167658
0.5778894472361809 0.23366834170854273 0.018844221105527637

1735167659
0.2707317073170732 0.13902439024390245 0.0012195121951219512

1735167660
0.17132442284325639 0.10206561360874848 0.001215066828675577

1735167661
0.09547738693467336 0.14195979899497488 0.031407035175879394

1735167662
0.12155388471177944 0.14786967418546365 0.018796992481203006

1735167663
0.19088669950738915 0.18472906403940886 0.019704433497536946

1735167664
0.14785992217898833 0.14267185473411154 0.2801556420233463

1735167665
0.22373300370828184 0.1792336217552534 0.21137206427688504

1735167666
0.2707808564231738 0.2216624685138539 0.17506297229219145

1735167667
0.292713567839196 0.20854271356783918 0.09045226130653267

1735167668
0.26054590570719605 0.19851116625310175 0.1488833746898263

1735167669
0.2954264524103832 0.1211372064276885 0.1508034610630408

1735167670
0.08695652173913043 0.04472049689440994 0.5204968944099378

1735167671
0.3859223300970874 0.14320388349514562 0.125

1735167672
0.25552825552825553 0.10933660933660934 0.007371007371007371

1735167673
0.31334149326805383 0.08445532435740515 0.0073439412484700125

1735167674
0.5639751552795031 0.12173913043478261 0.007453416149068323

1735167675
0.3931203931203931 0.13022113022113022 0.019656019656019656

1735167676
0.36341161928306553 0.1631644004944376 0.00865265760197775

1735167677
0.6666666666666666 0.10209102091020911 0.0024600246002460025

1735167678
0.6695979899497487 0.11180904522613065 0.002512562814070352

1735167679
0.6232961586121437 0.1821561338289963 0.012391573729863693

1735167680
0.583969465648855 0.18575063613231552 0.019083969465648856

1735167681
0.7570332480818415 0.13682864450127877 0.0038363171355498722

1735167682
0.5639751552795031 0.11925465838509317 0.16024844720496895

1735167683
0.5301507537688442 0.16080402010050251 0.10804020100502512

1735167684
0.5393401015228426 0.21954314720812182 0.08883248730964467

1735167685
0.5178571428571429 0.24744897959183673 0.04591836734693878

1735167686
0.589058524173028 0.27353689567430023 0.005089058524173028

1735167687
0.5956907477820025 0.34474017743979724 0.015209125475285171

1735167688
0.437892095357591 0.33626097867001253 0.1191969887076537

1735167689
0.42857142857142855 0.29846938775510207 0.13903061224489796

1735167690
0.26807980049875313 0.15211970074812967 0.2967581047381546

1735167691
0.3858560794044665 0.2518610421836228 0.17493796526054592

1735167692
0.3780025284450063 0.23640960809102401 0.21744627054361568

1735167693
0.2904040404040404 0.26262626262626265 0.24494949494949494

1735167694
0.45115681233933164 0.38817480719794345 0.006426735218508998

1735167695
0.36895674300254455 0.38676844783715014 0.027989821882951654

1735167696
0.4015056461731493 0.44040150564617314 0.020075282308657464

1735167697
0.41509433962264153 0.4540880503144654 0.005031446540880503

1735167698
0.5717884130982368 0.33753148614609574 0.0025188916876574307

1735167699
0.86625 0.13375 0.0

1735167700
0.8726591760299626 0.12609238451935081 0.0

1735167701
0.87 0.13 0.0

1735167702
0.7975 0.2025 0.0

1735167703
0.7788944723618091 0.21231155778894473 0.001256281407035176

1735167704
0.8177278401997503 0.16604244694132334 0.003745318352059925

1735167705
0.8106060606060606 0.16666666666666666 0.005050505050505051

1735167706
0.8316582914572864 0.15577889447236182 0.0037688442211055275

1735167707
0.8870765370138017 0.09535759096612297 0.010037641154328732

1735167708
0.7934918648310388 0.2065081351689612 0.0

1735167709
0.7922403003754693 0.20775969962453067 0.0

1735167711
0.763681592039801 0.23507462686567165 0.0

1735167711
0.7603513174404015 0.2383939774153074 0.0

1735167712
0.8480697384806973 0.1519302615193026 0.0

1735167714
0.8035043804755945 0.19524405506883605 0.0

1735167714
0.6991037131882202 0.25096030729833546 0.0

1735167715
0.7182389937106918 0.26666666666666666 0.0012578616352201257

1735167716
0.769712140175219 0.2227784730913642 0.0012515644555694619

1735167717
0.6903553299492385 0.24111675126903553 0.006345177664974619

1735167718
0.5683269476372924 0.3128991060025543 0.011494252873563218

1735167719
0.6188630490956072 0.24806201550387597 0.05813953488372093

1735167720
0.6130653266331658 0.23492462311557788 0.11180904522613065

1735167721
0.5649432534678437 0.3467843631778058 0.015132408575031526

1735167722
0.42641509433962266 0.43144654088050316 0.04150943396226415

1735167723
0.3819796954314721 0.282994923857868 0.15228426395939088

1735167724
0.4841571609632446 0.3700887198986058 0.016476552598225603

1735167725
0.5277777777777778 0.39141414141414144 0.011363636363636364

1735167726
0.506265664160401 0.41604010025062654 0.002506265664160401

1735167727
0.4701397712833545 0.4167725540025413 0.005082592121982211

1735167728
0.32192648922686945 0.3650190114068441 0.14195183776932827

1735167729
0.3596938775510204 0.26403061224489793 0.25637755102040816

1735167730
0.4320827943078913 0.2846054333764554 0.15523932729624837

1735167731
0.2924901185770751 0.20553359683794467 0.3359683794466403

1735167732
0.2246469833119384 0.10654685494223363 0.49293966623876767

1735167733
0.39768339768339767 0.06177606177606178 0.5405405405405406

1735167734
0.2337992376111817 0.12198221092757307 0.5692503176620076

1735167735
0.35159235668789807 0.18980891719745224 0.3363057324840764

1735167737
0.45463414634146343 0.36097560975609755 0.14341463414634145

1735167738
0.5794920037629351 0.3932267168391345 0.016933207902163686

1735167739
0.24253731343283583 0.13152985074626866 0.4123134328358209

1735167740
0.6371681415929203 0.33122629582806573 0.022756005056890013

1735167741
0.6408010012515645 0.33917396745932415 0.011264080100125156

1735167742
0.620125786163522 0.3572327044025157 0.016352201257861635

1735167744
0.38811881188118813 0.31584158415841584 0.16336633663366337

1735167745
0.21267297887836853 0.09613983976693372 0.5600873998543335

1735167746
0.27933673469387754 0.17091836734693877 0.37244897959183676

1735167747
0.5723270440251572 0.3937106918238994 0.028930817610062894

1735167748
0.62375 0.37625 0.0

1735167749
0.45704162976085033 0.2949512843224092 0.2409211691762622

1735167750
0.09887640449438202 0.19550561797752808 0.5865168539325842

1735167751
0.47095959595959597 0.3472222222222222 0.14772727272727273

1735167752
0.5644555694618273 0.43178973717146435 0.0025031289111389237

1735167753
0.6122961104140527 0.36888331242158096 0.015056461731493099

1735167754
0.4114002478314746 0.27757125154894674 0.27757125154894674

1735167755
0.28811369509043927 0.19509043927648578 0.41214470284237725

1735167756
0.26214833759590794 0.07161125319693094 0.6099744245524297

1735167757
0.5202020202020202 0.4255050505050505 0.030303030303030304

1735167758
0.3256997455470738 0.2455470737913486 0.2875318066157761

1735167759
0.5841708542713567 0.3907035175879397 0.018844221105527637

1735167760
0.4267515923566879 0.3732484076433121 0.14140127388535031

1735167761
0.40703517587939697 0.2952261306532663 0.21482412060301506

1735167762
0.5832290362953693 0.4030037546933667 0.011264080100125156

1735167763
0.5259165613147914 0.3274336283185841 0.08343868520859671

1735167764
0.352059925093633 0.0749063670411985 0.4044943820224719

1735167765
0.4116161616161616 0.3560606060606061 0.16035353535353536

1735167766
0.3574144486692015 0.31685678073510776 0.2217997465145754

1735167767
0.6348600508905853 0.18193384223918574 0.138676844783715

1735167768
0.3298835705045278 0.1410090556274256 0.3117723156532988

1735167769
0.2640207075064711 0.16393442622950818 0.4469370146678171

1735167770
0.3530864197530864 0.32839506172839505 0.20246913580246914

1735167771
0.23791348600508905 0.18447837150127228 0.4758269720101781

1735167772
0.16538461538461538 0.17051282051282052 0.4576923076923077

1735167773
0.49240506329113926 0.1518987341772152 0.2481012658227848

1735167775
0.22146118721461186 0.03424657534246575 0.5445205479452054

1735167776
0.21959858323494688 0.20543093270365997 0.4805194805194805

1735167777
0.15217391304347827 0.13636363636363635 0.5197628458498024

1735167778
0.1518987341772152 0.16286919831223629 0.43628691983122364

1735167780
0.07741935483870968 0.06379928315412187 0.18853046594982079

1735167781
0.12228571428571429 0.2022857142857143 0.5394285714285715

1735167782
0.12573443008225618 0.136310223266745 0.48531139835487663

1735167783
0.13953488372093023 0.08397932816537468 0.5129198966408268

1735167784
0.07022106631989597 0.04811443433029909 0.647594278283485

1735167785
0.11181702668360864 0.01397712833545108 0.46378653113087676

1735167786
0.23316062176165803 0.11917098445595854 0.5453367875647669

1735167787
0.17095115681233933 0.17095115681233933 0.38431876606683807

1735167788
0.240620957309185 0.13971539456662355 0.3958602846054334

1735167789
0.17226528854435832 0.16279069767441862 0.5202411714039621

1735167790
0.1763157894736842 0.12894736842105264 0.4868421052631579

1735167791
0.18693982074263765 0.13956466069142126 0.47759282970550576

1735167792
0.18586387434554974 0.11518324607329843 0.4803664921465969

1735167793
0.22106631989596878 0.09492847854356307 0.4811443433029909

1735167794
0.07432432432432433 0.03969594594594594 0.6993243243243243

1735167795
0.2556390977443609 0.23308270676691728 0.3533834586466165

1735167796
0.7218710493046776 0.24905183312262957 0.022756005056890013

1735167797
0.7695214105793451 0.21788413098236775 0.010075566750629723

1735167798
0.8268506900878294 0.1656210790464241 0.005018820577164366

1735167800
0.6063218390804598 0.13505747126436782 0.18582375478927204

1735167801
0.6762048192771084 0.1875 0.0677710843373494

1735167802
0.39504563233376794 0.1121251629726206 0.39374185136897

1735167803
0.21830065359477124 0.06405228758169934 0.5594771241830065

1735167804
0.24867724867724866 0.0761904761904762 0.4835978835978836

1735167805
0.2579034941763727 0.1314475873544093 0.389351081530782

1735167806
0.31906614785992216 0.18417639429312582 0.3553826199740597

1735167807
0.24611398963730569 0.18393782383419688 0.4028497409326425

1735167808
0.17902813299232737 0.1445012787723785 0.4731457800511509

1735167809
0.18733850129198967 0.1343669250645995 0.4870801033591731

1735167810
0.21419518377693283 0.16476552598225602 0.39923954372623577

1735167811
0.1956241956241956 0.11068211068211069 0.44787644787644787

1735167812
0.3383458646616541 0.21929824561403508 0.31954887218045114

1735167813
0.7033792240300375 0.1927409261576971 0.06382978723404255

1735167814
0.2131979695431472 0.06472081218274112 0.3946700507614213

1735167815
0.5050761421319797 0.16878172588832488 0.25888324873096447

1735167816
0.4092071611253197 0.16624040920716113 0.22762148337595908

1735167817
0.17857142857142858 0.13392857142857142 0.39668367346938777

1735167818
0.20251572327044026 0.11320754716981132 0.4339622641509434

1735167819
0.265989847715736 0.1350253807106599 0.38274111675126904

1735167820
0.34812286689419797 0.2764505119453925 0.2150170648464164

1735167821
0.09252217997465145 0.16856780735107732 0.4968314321926489

1735167822
0.20460358056265984 0.19053708439897699 0.3235294117647059

1735167823
0.18447837150127228 0.13740458015267176 0.43638676844783714

1735167824
0.0910209102091021 0.06457564575645756 0.6654366543665436

1735167826
0.2483221476510067 0.1610738255033557 0.40939597315436244

1735167827
0.17256317689530687 0.15379061371841155 0.4888086642599278

1735167828
0.13131313131313133 0.07196969696969698 0.5959595959595959

1735167829
0.055491329479768786 0.06820809248554913 0.6115606936416185

1735167830
0.07972027972027972 0.1048951048951049 0.5720279720279721

1735167831
0.16899618805590852 0.13341804320203304 0.5006353240152478

1735167832
0.07898089171974522 0.062420382165605096 0.7031847133757961

1735167833
0.18773946360153257 0.14687100893997446 0.438058748403576

1735167834
0.0741222366710013 0.07672301690507152 0.6007802340702211

1735167835
0.16709511568123395 0.17609254498714652 0.38688946015424164

1735167836
0.13315926892950392 0.16057441253263707 0.5456919060052219

1735167837
0.12625 0.1225 0.54875

1735167838
0.12280701754385964 0.11528822055137844 0.4799498746867168

1735167839
0.2704 0.3392 0.2384

1735167840
0.29819277108433734 0.3644578313253012 0.1927710843373494

1735167841
0.3593947036569987 0.3467843631778058 0.19041614123581338

1735167842
0.44416243654822335 0.3223350253807107 0.12436548223350254

1735167843
0.5431472081218274 0.315989847715736 0.06598984771573604

1735167844
0.4740177439797212 0.23067173637515842 0.19138149556400508

1735167845
0.4508816120906801 0.3438287153652393 0.1309823677581864

1735167846
0.44274809160305345 0.27608142493638677 0.1984732824427481

1735167847
0.5081967213114754 0.19924337957124844 0.19924337957124844

1735167848
0.7222914072229141 0.26899128268991285 0.007471980074719801

1735167850
0.7897371714643304 0.21026282853566958 0.0

1735167851
0.8414481897627965 0.1585518102372035 0.0

1735167852
0.83 0.17 0.0

1735167853
0.79125 0.20875 0.0

1735167854
0.825 0.175 0.0

1735167855
0.83875 0.16125 0.0

1735167856
0.7959949937421777 0.20275344180225283 0.0

1735167857
0.7625 0.23625 0.0

1735167858
0.6737235367372354 0.32503113325031135 0.0

1735167859
0.6515723270440251 0.34465408805031444 0.0

1735167859
0.7245283018867924 0.2742138364779874 0.0

1735167861
0.7649253731343284 0.23134328358208955 0.0

1735167862
0.7421777221526908 0.2553191489361702 0.0

1735167863
0.7334167709637046 0.2665832290362954 0.0

1735167864
0.7425 0.25625 0.0

1735167865
0.84 0.16 0.0

1735167866
0.85 0.15 0.0

1735167866
0.7060301507537688 0.2914572864321608 0.0

1735167867
0.7033792240300375 0.2753441802252816 0.0012515644555694619

1735167868
0.6523929471032746 0.27581863979848864 0.008816120906801008

1735167869
0.5081555834378921 0.29234629861982436 0.05144291091593475

1735167870
0.5831202046035806 0.2442455242966752 0.034526854219948847

1735167871
0.592686002522068 0.25346784363177804 0.04918032786885246

1735167872
0.5628140703517588 0.30527638190954776 0.035175879396984924

1735167873
0.5197452229299363 0.26878980891719745 0.05732484076433121

1735167874
0.67125 0.24375 0.0675

1735167875
0.7521902377972466 0.2453066332916145 0.0

1735167876
0.7459526774595268 0.2503113325031133 0.0012453300124533001

1735167877
0.40977443609022557 0.21177944862155387 0.22305764411027568

1735167878
0.6751269035532995 0.1916243654822335 0.05203045685279188

1735167879
0.6762860727728983 0.27352572145545795 0.02383939774153074

1735167880
0.7309136420525657 0.2690863579474343 0.0

1735167881
0.8064918851435705 0.19350811485642946 0.0

1735167883
0.8341645885286783 0.1658354114713217 0.0

1735167883
0.8594730238393977 0.14052697616060225 0.0

1735167884
0.8252184769038702 0.17478152309612985 0.0

1735167886
0.6976456009913259 0.30111524163568776 0.0

1735167886
0.5393401015228426 0.39086294416243655 0.0025380710659898475

1735167887
0.49435382685069007 0.4504391468005019 0.0037641154328732747

1735167888
0.4723618090452261 0.42085427135678394 0.005025125628140704

1735167889
0.5521628498727735 0.37404580152671757 0.008905852417302799

1735167890
0.5886792452830188 0.35471698113207545 0.007547169811320755

1735167891
0.49435382685069007 0.4353826850690088 0.002509410288582183

1735167892
0.495 0.40875 0.01

1735167893
0.6330390920554855 0.3253467843631778 0.0012610340479192938

1735167894
0.57625 0.4225 0.0

1735167895
0.825 0.175 0.0

1735167896
0.8272841051314143 0.17271589486858574 0.0

1735167898
0.8463444857496902 0.1536555142503098 0.0

1735167899
0.8419071518193224 0.15809284818067754 0.0

1735167900
0.84375 0.15625 0.0

1735167901
0.855 0.145 0.0

1735167902
0.86375 0.13625 0.0

1735167903
0.88625 0.11375 0.0

1735167904
0.8525 0.1475 0.0

1735167904
0.8895859473023839 0.11041405269761606 0.0

1735167905
0.8961201501877347 0.10387984981226533 0.0

1735167906
0.8564294631710362 0.14357053682896379 0.0

1735167908
0.863013698630137 0.136986301369863 0.0

1735167908
0.878140703517588 0.12185929648241206 0.0

1735167909
0.88 0.12 0.0

1735167911
0.8395522388059702 0.16044776119402984 0.0

1735167912
0.8735919899874843 0.12640801001251564 0.0

1735167912
0.8859649122807017 0.11403508771929824 0.0

1735167913
0.85125 0.14875 0.0

1735167915
0.8206724782067247 0.1793275217932752 0.0

1735167916
0.83625 0.16375 0.0

1735167917
0.87 0.13 0.0

1735167918
0.81125 0.18875 0.0

1735167919
0.79125 0.20875 0.0

1735167920
0.81 0.19 0.0

1735167921
0.81625 0.18375 0.0

1735167922
0.7609511889862328 0.2390488110137672 0.0

1735167923
0.79125 0.20875 0.0

1735167924
0.815 0.185 0.0

1735167925
0.78625 0.21375 0.0

1735167926
0.83375 0.16625 0.0

1735167927
0.8052434456928839 0.1947565543071161 0.0

1735167928
0.81875 0.18125 0.0

1735167929
0.8225 0.1775 0.0

1735167930
0.818523153942428 0.18147684605757197 0.0

1735167931
0.7865168539325843 0.21348314606741572 0.0

1735167932
0.79125 0.20875 0.0

1735167933
0.7584480600750939 0.24155193992490614 0.0

1735167934
0.7825 0.2175 0.0

1735167935
0.8277153558052435 0.17228464419475656 0.0

1735167936
0.7947434292866082 0.20525657071339173 0.0

1735167937
0.80875 0.19125 0.0

1735167938
0.82375 0.17625 0.0

1735167939
0.81875 0.18125 0.0

1735167940
0.73 0.27 0.0

1735167940
0.5213032581453634 0.4724310776942356 0.0012531328320802004

1735167942
0.5815691158156912 0.41718555417185554 0.0

1735167943
0.6325 0.3675 0.0

1735167944
0.69625 0.30375 0.0

1735167945
0.8002496878901373 0.19975031210986266 0.0

1735167946
0.7309136420525657 0.2690863579474343 0.0

1735167946
0.7325 0.2675 0.0

1735167948
0.66875 0.33125 0.0

1735167949
0.6122961104140527 0.3864491844416562 0.0

1735167949
0.5509433962264151 0.44150943396226416 0.0012578616352201257

1735167951
0.6039850560398505 0.39352428393524286 0.0

1735167951
0.6298619824341279 0.370138017565872 0.0

1735167952
0.66 0.33875 0.0

1735167953
0.7684605757196495 0.23028785982478098 0.0

1735167955
0.6712328767123288 0.32503113325031135 0.0012453300124533001

1735167956
0.7772215269086358 0.2202753441802253 0.0

1735167957
0.7033792240300375 0.29161451814768463 0.0012515644555694619

1735167957
0.5901639344262295 0.37957124842370743 0.007566204287515763

1735167958
0.6235884567126725 0.3588456712672522 0.0037641154328732747

1735167959
0.71 0.29 0.0

1735167961
0.7571606475716065 0.24283935242839352 0.0

1735167962
0.78375 0.21625 0.0

1735167963
0.7475 0.2525 0.0

1735167963
0.678391959798995 0.32160804020100503 0.0

1735167964
0.67875 0.32125 0.0

1735167965
0.6275 0.3525 0.00125

1735167966
0.5974842767295597 0.3836477987421384 0.0025157232704402514

1735167968
0.650497512437811 0.3420398009950249 0.0024875621890547263

1735167969
0.6687578419071518 0.3237139272271016 0.0

1735167971
0.6913348946135831 0.20702576112412177 0.05761124121779859

1735167972
0.7384230287859824 0.22152690863579474 0.011264080100125156

1735167973
0.7103620474406991 0.2883895131086142 0.0012484394506866417

1735167974
0.8121890547263682 0.18781094527363185 0.0

1735167975
0.7647058823529411 0.23529411764705882 0.0

1735167976
0.7434292866082604 0.2528160200250313 0.0012515644555694619

1735167977
0.5359394703656999 0.4287515762925599 0.017654476670870115

1735167978
0.49564134495641343 0.4919053549190536 0.0

1735167979
0.4836272040302267 0.5088161209068011 0.0

1735167980
0.462406015037594 0.5263157894736842 0.0012531328320802004

1735167981
0.42659974905897113 0.5570890840652447 0.0

1735167982
0.4473684210526316 0.5125313283208021 0.017543859649122806

1735167983
0.410062893081761 0.5547169811320755 0.0012578616352201257

1735167984
0.45397225725094575 0.5258511979823455 0.0

1735167985
0.4325 0.545 0.00125

1735167986
0.4339622641509434 0.5433962264150943 0.0

1735167987
0.467843631778058 0.4930643127364439 0.012610340479192938

1735167988
0.5 0.47858942065491183 0.0012594458438287153

1735167989
0.5006369426751592 0.3872611464968153 0.003821656050955414

1735167990
0.5379746835443038 0.3569620253164557 0.006329113924050633

1735167991
0.6394472361809045 0.32663316582914576 0.008793969849246231

1735167992
0.49746835443037973 0.3594936708860759 0.07468354430379746

1735167993
0.62875 0.3075 0.01375

1735167994
0.5561160151324086 0.4073139974779319 0.006305170239596469

1735167995
0.5872020075282308 0.39021329987452946 0.0037641154328732747

1735167996
0.6037735849056604 0.35471698113207545 0.03270440251572327

1735167997
0.62875 0.205 0.14125

1735167998
0.704630788485607 0.2753441802252816 0.012515644555694618

1735167999
0.8127340823970037 0.18601747815230962 0.0012484394506866417

1735168000
0.8665835411471322 0.13341645885286782 0.0

1735168001
0.8969849246231156 0.10301507537688442 0.0

1735168002
0.8591022443890274 0.1371571072319202 0.0024937655860349127

1735168003
0.8986232790988736 0.10137672090112641 0.0

1735168004
0.8743781094527363 0.1256218905472637 0.0

1735168005
0.7224334600760456 0.24081115335868186 0.0025348542458808617

1735168006
0.6171284634760705 0.33879093198992444 0.003778337531486146

1735168007
0.49937106918238994 0.31949685534591193 0.11069182389937107

1735168008
0.6017587939698492 0.3479899497487437 0.002512562814070352

1735168009
0.6763590391908976 0.27686472819216185 0.0050568900126422255

1735168010
0.6608040201005025 0.2989949748743719 0.0037688442211055275

1735168011
0.7053682896379525 0.27340823970037453 0.0012484394506866417

1735168012
0.8085106382978723 0.19148936170212766 0.0

1735168013
0.84875 0.15125 0.0

1735168014
0.8793532338308457 0.12064676616915423 0.0

1735168015
0.8986232790988736 0.10137672090112641 0.0

1735168016
0.8975 0.1025 0.0

1735168017
0.9125 0.0875 0.0

1735168018
0.87 0.13 0.0

1735168019
0.88625 0.11375 0.0

1735168020
0.8925 0.1075 0.0

1735168021
0.7717528373266078 0.22068095838587642 0.0012610340479192938

1735168022
0.7440699126092385 0.19225967540574282 0.056179775280898875

1735168023
0.8873591989987485 0.11264080100125157 0.0

1735168024
0.8866749688667497 0.1133250311332503 0.0

1735168025
0.8726591760299626 0.12734082397003746 0.0

1735168026
0.8560700876095119 0.1439299123904881 0.0

1735168027
0.895 0.105 0.0

1735168028
0.9038701622971286 0.09612983770287141 0.0

1735168029
0.87 0.13 0.0

1735168030
0.91125 0.08875 0.0

1735168031
0.9075 0.0925 0.0

1735168032
0.89625 0.10375 0.0

1735168033
0.88625 0.11375 0.0

1735168034
0.8939732142857143 0.10602678571428571 0.0

1735168036
0.8690159574468085 0.1309840425531915 0.0

1735168037
0.90125 0.09875 0.0

1735168038
0.905 0.095 0.0

1735168039
0.8775 0.1225 0.0

1735168040
0.91125 0.08875 0.0

1735168041
0.89625 0.10375 0.0

1735168042
0.92 0.08 0.0

1735168043
0.9025 0.0975 0.0

1735168044
0.91375 0.08625 0.0

1735168045
0.91375 0.08625 0.0

1735168046
0.9225 0.0775 0.0

1735168047
0.91625 0.08375 0.0

1735168048
0.9096612296110415 0.0903387703889586 0.0

1735168049
0.8802992518703242 0.11970074812967581 0.0

1735168050
0.8233830845771144 0.17661691542288557 0.0

1735168051
0.7374371859296482 0.26256281407035176 0.0

1735168052
0.82125 0.17875 0.0

1735168053
0.8027465667915106 0.1972534332084894 0.0

1735168054
0.81375 0.18625 0.0

1735168055
0.8025 0.1975 0.0

1735168056
0.80625 0.19375 0.0

1735168057
0.81625 0.18375 0.0

1735168058
0.81875 0.18125 0.0

1735168059
0.83 0.17 0.0

1735168060
0.8252184769038702 0.17478152309612985 0.0

1735168061
0.7910447761194029 0.208955223880597 0.0

1735168062
0.8427672955974843 0.15723270440251572 0.0

1735168063
0.8670012547051443 0.1329987452948557 0.0

1735168064
0.8891656288916563 0.11083437110834371 0.0

1735168065
0.8953922789539228 0.10460772104607721 0.0

1735168066
0.8887587822014051 0.11124121779859485 0.0

1735168067
0.7570806100217865 0.13725490196078433 0.10130718954248366

1735168069
0.6958719460825611 0.13816343723673125 0.16006739679865206

1735168070
0.7452948557089084 0.23588456712672523 0.018820577164366373

1735168071
0.8027079303675049 0.19729206963249515 0.0

1735168072
0.8235294117647058 0.17647058823529413 0.0

1735168073
0.7975 0.2025 0.0

1735168074
0.8102372034956304 0.18976279650436953 0.0

1735168075
0.8210262828535669 0.17897371714643304 0.0

1735168076
0.83125 0.16875 0.0

1735168077
0.795 0.205 0.0

1735168078
0.835 0.165 0.0

1735168079
0.8014981273408239 0.19850187265917604 0.0

1735168080
0.80125 0.19875 0.0

1735168081
0.82 0.17875 0.00125

1735168082
0.8352059925093633 0.1647940074906367 0.0

1735168083
0.8779874213836478 0.1220125786163522 0.0

1735168084
0.8555417185554172 0.1444582814445828 0.0

1735168085
0.7865168539325843 0.21348314606741572 0.0

1735168086
0.8075 0.1925 0.0

1735168087
0.84875 0.15125 0.0

1735168088
0.8735919899874843 0.12640801001251564 0.0

1735168089
0.5430902600713922 0.10249872514023457 0.35390107088220296

1735168101
0.02380388441496921 0.08716248223590715 0.8889152060634771

1735170011
0.003151819784588636 0.20033148542845305 0.7955996934301429

