1735167477
4006768 606728 311672 1485772 0 0

1735167478
4006768 474188 311800 1490116 0 0

1735167479
4006768 457116 311800 1493648 0 0

1735167480
4006768 436636 311812 1500628 0 0

1735167481
4006768 419948 311812 1516948 0 0

1735167482
4006768 390444 311820 1532440 0 0

1735167484
4006768 337580 311844 1573736 0 0

1735167485
4006768 363808 311872 1581864 0 0

1735167486
4006768 341864 311920 1594364 0 0

1735167487
4006768 311720 311952 1614396 0 0

1735167488
4006768 307400 311968 1631444 0 0

1735167489
4006768 274524 312016 1645880 0 0

1735167490
4006768 145472 312096 1771124 0 0

1735167491
4006768 162344 312136 1717976 0 0

1735167492
4006768 175296 312176 1719904 0 0

1735167493
4006768 176624 312204 1722852 0 0

1735167494
4006768 145348 312228 1742172 0 0

1735167495
4006768 117464 312248 1759088 0 0

1735167496
4006768 121396 312524 1740428 0 0

1735167497
4006768 146628 312612 1758520 0 0

1735167498
4006768 127672 311980 1754188 0 0

1735167499
4006768 126256 311988 1687512 0 0

1735167500
4006768 164920 311988 1640748 0 0

1735167501
4006768 224920 312020 1653080 0 0

1735167502
4006768 149388 312024 1710292 0 0

1735167503
4006768 115240 311988 1743600 0 0

1735167504
4006768 112944 311992 1742488 0 0

1735167505
4006768 203800 311440 1624000 0 0

1735167506
4006768 160912 311464 1668756 0 0

1735167507
4006768 115184 311468 1701624 0 0

1735167508
4006768 125140 307832 1694296 0 0

1735167509
4006768 160620 302728 1671612 0 0

1735167510
4006768 110360 300992 1689276 0 0

1735167512
4006768 201360 298424 1616124 0 0

1735167513
4006768 177104 298636 1639808 0 0

1735167514
4006768 133400 296984 1668000 0 0

1735167515
4006768 116832 291224 1639756 0 0

1735167516
4006768 131216 285540 1622200 0 0

1735167517
4006768 107044 285544 1642484 0 0

1735167518
4006768 126244 281696 1638144 0 0

1735167520
4006768 114432 279828 1657600 0 0

1735167521
4006768 156648 274076 1639908 0 0

1735167522
4006768 190844 274336 1677628 0 0

1735167523
4006768 159820 274488 1680544 0 0

1735167525
4006768 118372 275280 1720760 0 0

1735167526
4006768 157444 275356 1722116 0 0

1735167527
4006768 141372 270260 1733308 0 0

1735167528
4006768 137744 266024 1730708 0 0

1735167529
4006768 154992 259968 1700736 0 0

1735167530
4006768 130108 254880 1697856 0 0

1735167531
4006768 158940 249932 1683208 0 0

1735167532
4006768 132288 235460 1547744 0 0

1735167533
4006768 122700 231592 1508056 0 0

1735167534
4006768 183268 229916 1492924 0 0

1735167535
4006768 152532 225980 1464768 0 0

1735167536
4006768 137140 226160 1477156 0 0

1735167537
4006768 121428 225308 1478612 0 0

1735167538
4006768 117644 218808 1417388 0 0

1735167539
4006768 218444 209984 1352724 0 0

1735167540
4006768 194372 210024 1363416 0 0

1735167541
4006768 141304 202912 1300648 0 0

1735167542
4006768 134576 195792 1252168 0 0

1735167543
4006768 169480 195828 1264016 0 0

1735167545
4006768 192780 196032 1284320 0 0

1735167546
4006768 167652 194760 1272544 0 0

1735167547
4006768 269420 195012 1279356 0 0

1735167547
4006768 196688 199848 1353184 0 0

1735167548
4006768 143700 199024 1379640 0 0

1735167549
4006768 126556 198728 1386676 0 0

1735167550
4006768 249900 198872 1389456 0 0

1735167551
4006768 289812 199756 1420960 0 0

1735167552
4006768 277152 201828 1474964 0 0

1735167553
4006768 261956 203328 1504180 0 0

1735167554
4006768 361664 203960 1515784 0 0

1735167555
4006768 271236 204184 1529836 0 0

1735167556
4006768 197568 204432 1539844 0 0

1735167557
4006768 104856 202084 1501136 0 0

1735167558
4006768 117264 190688 1421696 0 0

1735167559
4006768 169612 186012 1397092 0 0

1735167560
4006768 190844 181552 1358132 0 0

1735167561
4006768 238916 181736 1364704 0 0

1735167562
4006768 270256 181996 1366960 0 0

1735167563
4006768 486436 182036 1369492 0 0

1735167564
4006768 496952 182220 1391388 0 0

1735167565
4006768 440860 182376 1405416 0 0

1735167566
4006768 410048 183004 1407684 0 0

1735167568
4006768 397908 183052 1409652 0 0

1735167568
4006768 401580 183084 1422072 0 0

1735167569
4006768 536792 183200 1433060 0 0

1735167570
4006768 514100 183252 1460952 0 0

1735167571
4006768 305340 185496 1613608 0 0

1735167572
4006768 109284 188180 1681600 0 0

1735167573
4006768 115864 179152 1582128 0 0

1735167574
4006768 164984 173864 1539028 0 0

1735167575
4006768 120972 167128 1478596 0 0

1735167576
4006768 122624 159028 1403116 0 0

1735167577
4006768 394436 159044 1413184 0 0

1735167578
4006768 444164 159108 1419288 0 0

1735167579
4006768 398588 159276 1420340 0 0

1735167580
4006768 389644 159472 1421892 0 0

1735167581
4006768 382732 159944 1440124 0 0

1735167582
4006768 332880 160232 1449600 0 0

1735167583
4006768 307792 160256 1455464 0 0

1735167584
4006768 448724 160260 1466648 0 0

1735167585
4006768 420404 160292 1479768 0 0

1735167586
4006768 444844 160748 1487352 0 0

1735167587
4006768 403600 160780 1496952 0 0

1735167588
4006768 412328 160888 1510304 0 0

1735167589
4006768 402036 160932 1514608 0 0

1735167590
4006768 396016 160940 1523764 0 0

1735167591
4006768 356908 160952 1528904 0 0

1735167592
4006768 400592 161104 1534896 0 0

1735167593
4006768 389600 161132 1546460 0 0

1735167594
4006768 347836 161280 1555088 0 0

1735167595
4006768 345184 161300 1574936 0 0

1735167596
4006768 285536 161864 1634540 0 0

1735167597
4006768 188008 162564 1709388 0 0

1735167598
4006768 184116 162576 1716348 0 0

1735167599
4006768 182408 162576 1731220 0 0

1735167600
4006768 194456 162592 1746824 0 0

1735167601
4006768 204148 162884 1757928 0 0

1735167602
4006768 168676 160300 1728596 0 0

1735167603
4006768 121544 160504 1731764 0 0

1735167605
4006768 149708 159612 1717904 0 0

1735167605
4006768 137264 156668 1691932 0 0

1735167606
4006768 204516 156688 1693460 0 0

1735167607
4006768 132224 156892 1702944 0 0

1735167608
4006768 206568 154520 1693824 0 0

1735167609
4006768 198164 154864 1697396 0 0

1735167610
4006768 222008 155568 1706916 0 0

1735167611
4006768 225892 155848 1709820 0 0

1735167612
4006768 217196 164196 1739192 0 0

1735167613
4006768 194672 164860 1762044 0 0

1735167614
4006768 162068 165096 1765016 0 0

1735167615
4006768 187324 165548 1780140 0 0

1735167616
4006768 140232 165952 1782236 0 0

1735167617
4006768 142776 166988 1797332 0 0

1735167618
4006768 122280 168092 1811888 0 0

1735167619
4006768 120448 167688 1809968 0 0

1735167620
4006768 122032 165804 1780400 0 0

1735167621
4006768 162112 165252 1780436 0 0

1735167622
4006768 281072 164696 1641576 0 0

1735167623
4006768 332456 164992 1654368 0 0

1735167624
4006768 266624 166236 1690632 0 0

1735167625
4006768 212544 166684 1708888 0 0

1735167626
4006768 193252 166888 1721840 0 0

1735167627
4006768 189592 167244 1737060 0 0

1735167628
4006768 184656 167588 1748568 0 0

1735167629
4006768 152028 168012 1762452 0 0

1735167630
4006768 151480 168156 1775936 0 0

1735167631
4006768 136856 167976 1760956 0 0

1735167632
4006768 149948 168152 1773364 0 0

1735167633
4006768 134428 168316 1786480 0 0

1735167634
4006768 106436 167564 1782320 0 0

1735167635
4006768 113240 166496 1778472 0 0

1735167636
4006768 125544 164628 1758892 0 0

1735167637
4006768 146264 162816 1738980 0 0

1735167638
4006768 175764 162940 1751196 0 0

1735167639
4006768 143288 163352 1765204 0 0

1735167640
4006768 117032 163560 1779232 0 0

1735167641
4006768 132156 161972 1766344 0 0

1735167642
4006768 163872 161248 1777720 0 0

1735167643
4006768 123064 161920 1813008 0 0

1735167644
4006768 128628 160484 1811324 0 0

1735167645
4006768 143076 158736 1793488 0 0

1735167646
4006768 127316 159100 1805148 0 0

1735167647
4006768 131864 159536 1815472 0 0

1735167648
4006768 156484 158180 1792464 0 0

1735167649
4006768 116356 158808 1816360 0 0

1735167650
4006768 124480 157640 1800176 0 0

1735167651
4006768 135860 157004 1797208 0 0

1735167652
4006768 137772 157152 1798216 0 0

1735167653
4006768 135684 156720 1794876 0 0

1735167654
4006768 123092 156008 1791792 0 0

1735167655
4006768 123744 156056 1803708 0 0

1735167656
4006768 126128 154880 1802596 0 0

1735167657
4006768 128828 154140 1796640 0 0

1735167658
4006768 171280 147924 1741272 0 0

1735167659
4006768 151528 148008 1754416 0 0

1735167660
4006768 143928 148008 1766628 0 0

1735167661
4006768 128496 148012 1778432 0 0

1735167662
4006768 113740 148012 1789696 0 0

1735167663
4006768 126808 146904 1789292 0 0

1735167664
4006768 146240 143556 1765876 0 0

1735167665
4006768 126672 143860 1777468 0 0

1735167666
4006768 126464 144020 1791064 0 0

1735167667
4006768 141964 142812 1796928 0 0

1735167668
4006768 138036 140768 1781124 0 0

1735167669
4006768 135520 141120 1796120 0 0

1735167670
4006768 122504 141188 1807980 0 0

1735167671
4006768 107404 138644 1790820 0 0

1735167672
4006768 119400 135592 1761996 0 0

1735167673
4006768 210824 133432 1649104 0 0

1735167674
4006768 154752 133748 1664060 0 0

1735167675
4006768 148428 133776 1677864 0 0

1735167676
4006768 113440 132596 1672412 0 0

1735167677
4006768 152016 128244 1634308 0 0

1735167678
4006768 160296 128544 1646896 0 0

1735167679
4006768 133276 126868 1634160 0 0

1735167680
4006768 147140 127008 1646272 0 0

1735167681
4006768 135744 123036 1602408 0 0

1735167682
4006768 129976 123040 1617232 0 0

1735167683
4006768 150732 123056 1624588 0 0

1735167684
4006768 141744 123076 1637124 0 0

1735167685
4006768 145016 123108 1646048 0 0

1735167686
4006768 169700 123148 1656420 0 0

1735167687
4006768 164676 122416 1653592 0 0

1735167688
4006768 150400 120456 1640640 0 0

1735167689
4006768 163028 120592 1653508 0 0

1735167690
4006768 153392 120616 1661416 0 0

1735167691
4006768 150020 120748 1670820 0 0

1735167692
4006768 170044 120732 1676332 0 0

1735167693
4006768 160228 120780 1685108 0 0

1735167694
4006768 128912 120920 1689964 0 0

1735167695
4006768 118344 120304 1640636 0 0

1735167696
4006768 144536 120304 1647708 0 0

1735167697
4006768 163680 120336 1655988 0 0

1735167698
4006768 120040 120376 1610460 0 0

1735167699
4006768 163520 108988 1539020 0 0

1735167700
4006768 184308 109016 1539228 0 0

1735167701
4006768 150324 109024 1539584 0 0

1735167702
4006768 216512 109228 1540288 0 0

1735167703
4006768 296832 109416 1543140 0 0

1735167704
4006768 269604 109796 1545752 0 0

1735167705
4006768 239188 109876 1548312 0 0

1735167706
4006768 246068 109916 1550968 0 0

1735167707
4006768 241044 110004 1552160 0 0

1735167708
4006768 236888 110028 1553588 0 0

1735167709
4006768 264336 110140 1558016 0 0

1735167711
4006768 301508 110172 1560044 0 0

1735167711
4006768 241044 110180 1560632 0 0

1735167712
4006768 271236 110188 1561148 0 0

1735167714
4006768 295008 110196 1561524 0 0

1735167714
4006768 277468 110380 1562272 0 0

1735167715
4006768 286256 110476 1564172 0 0

1735167716
4006768 228980 111296 1568836 0 0

1735167717
4006768 259268 111472 1570584 0 0

1735167718
4006768 251436 111500 1572024 0 0

1735167719
4006768 191320 111608 1574308 0 0

1735167720
4006768 216336 111632 1578432 0 0

1735167721
4006768 213036 111672 1585640 0 0

1735167722
4006768 174408 111816 1603740 0 0

1735167723
4006768 274360 111892 1622784 0 0

1735167724
4006768 296380 113140 1659928 0 0

1735167725
4006768 270972 113880 1677240 0 0

1735167726
4006768 245088 114144 1686812 0 0

1735167727
4006768 150208 117580 1756052 0 0

1735167728
4006768 119188 130004 1729528 0 0

1735167729
4006768 127792 132924 1710200 0 0

1735167730
4006768 124732 129400 1715644 0 0

1735167731
4006768 113236 130748 1697660 0 0

1735167732
4006768 125552 132236 1692256 0 0

1735167733
4006768 115296 132556 1581444 0 0

1735167734
4006768 220704 133728 1590824 0 0

1735167735
4006768 201336 133924 1603716 0 0

1735167737
4006768 187360 134344 1620980 0 0

1735167738
4006768 187752 134620 1624500 0 0

1735167739
4006768 177440 135792 1612664 0 0

1735167740
4006768 121780 136568 1636280 0 0

1735167741
4006768 171412 135924 1642660 0 0

1735167742
4006768 113788 136536 1670036 0 0

1735167744
4006768 164020 135280 1662556 0 0

1735167745
4006768 146608 129548 1678836 0 0

1735167746
4006768 246660 128992 1526168 0 0

1735167747
4006768 185904 129524 1553756 0 0

1735167748
4006768 194368 130092 1587504 0 0

1735167749
4006768 148304 130924 1629140 0 0

1735167750
4006768 118168 131736 1644628 0 0

1735167751
4006768 153356 131936 1641352 0 0

1735167752
4006768 283036 132684 1501724 0 0

1735167753
4006768 222420 134216 1532840 0 0

1735167754
4006768 185352 135664 1561116 0 0

1735167755
4006768 225112 136664 1587340 0 0

1735167756
4006768 181308 137584 1616468 0 0

1735167757
4006768 179312 138312 1635400 0 0

1735167758
4006768 124352 139548 1664028 0 0

1735167759
4006768 122888 139756 1656496 0 0

1735167760
4006768 122864 140496 1673832 0 0

1735167761
4006768 144504 139064 1620640 0 0

1735167762
4006768 140240 139556 1596988 0 0

1735167763
4006768 107672 137996 1602364 0 0

1735167764
4006768 187892 137292 1586808 0 0

1735167765
4006768 267748 136772 1488264 0 0

1735167766
4006768 136492 137460 1497504 0 0

1735167767
4006768 382648 135016 1349868 0 0

1735167768
4006768 395816 136036 1381416 0 0

1735167769
4006768 389316 137228 1422664 0 0

1735167770
4006768 321008 138444 1447764 0 0

1735167771
4006768 303212 139656 1478164 0 0

1735167772
4006768 293348 140588 1505904 0 0

1735167773
4006768 154512 141760 1532628 0 0

1735167775
4006768 205276 142072 1539068 0 0

1735167776
4006768 244472 142668 1558132 0 0

1735167777
4006768 190144 144240 1599920 0 0

1735167778
4006768 110556 145668 1627624 0 0

1735167780
4006768 159808 146448 1635696 0 0

1735167781
4006768 153132 145456 1621328 0 0

1735167782
4006768 129308 147116 1623696 0 0

1735167783
4006768 132804 146972 1605140 0 0

1735167784
4006768 127756 134636 1629372 0 0

1735167785
4006768 123144 134928 1644012 0 0

1735167786
4006768 107756 134344 1622544 0 0

1735167787
4006768 227896 134596 1496564 0 0

1735167788
4006768 219188 135052 1528796 0 0

1735167789
4006768 174756 135780 1568060 0 0

1735167790
4006768 182560 135928 1579108 0 0

1735167791
4006768 193732 133172 1573896 0 0

1735167792
4006768 177308 134036 1607444 0 0

1735167793
4006768 124484 134596 1636304 0 0

1735167794
4006768 111784 134776 1630740 0 0

1735167795
4006768 144116 133068 1525272 0 0

1735167796
4006768 136344 130252 1518372 0 0

1735167797
4006768 173852 130804 1526308 0 0

1735167798
4006768 142408 131296 1547140 0 0

1735167800
4006768 197200 131224 1547960 0 0

1735167801
4006768 132800 131116 1550408 0 0

1735167802
4006768 180040 131924 1579064 0 0

1735167803
4006768 115308 132676 1593004 0 0

1735167804
4006768 118280 132528 1605956 0 0

1735167805
4006768 165040 133124 1607780 0 0

1735167806
4006768 161684 133560 1632016 0 0

1735167807
4006768 198088 134272 1659260 0 0

1735167808
4006768 127856 134676 1686460 0 0

1735167809
4006768 130016 134944 1697136 0 0

1735167810
4006768 123980 134628 1670180 0 0

1735167811
4006768 174776 133704 1644060 0 0

1735167812
4006768 107860 131664 1619120 0 0

1735167813
4006768 156912 131756 1605840 0 0

1735167814
4006768 150292 132248 1622136 0 0

1735167815
4006768 143684 129936 1577188 0 0

1735167816
4006768 167084 130636 1599152 0 0

1735167817
4006768 118064 131164 1626200 0 0

1735167818
4006768 114144 131808 1631020 0 0

1735167819
4006768 122736 132624 1629656 0 0

1735167820
4006768 123900 133064 1635896 0 0

1735167821
4006768 122000 133388 1638456 0 0

1735167822
4006768 114164 135256 1641556 0 0

1735167823
4006768 122248 136116 1628340 0 0

1735167824
4006768 129404 136580 1629380 0 0

1735167826
4006768 131372 136696 1631344 0 0

1735167827
4006768 108916 137012 1617776 0 0

1735167828
4006768 141204 137784 1620192 0 0

1735167829
4006768 128376 139024 1647320 0 0

1735167830
4006768 123996 139160 1635060 0 0

1735167831
4006768 124624 139320 1622640 0 0

1735167832
4006768 129836 140004 1623268 0 0

1735167833
4006768 123312 140796 1630852 0 0

1735167834
4006768 105724 141852 1643160 0 0

1735167835
4006768 128164 143204 1626284 0 0

1735167836
4006768 140140 145396 1610268 0 0

1735167837
4006768 119496 143896 1590448 0 0

1735167838
4006768 121932 144364 1588312 0 0

1735167839
4006768 151248 144924 1551480 0 0

1735167840
4006768 154100 144936 1552012 0 0

1735167841
4006768 189544 145680 1555280 0 0

1735167842
4006768 156588 145688 1492812 0 0

1735167843
4006768 139492 145808 1449384 0 0

1735167844
4006768 126820 145736 1351472 0 0

1735167845
4006768 133568 146620 1320612 0 0

1735167846
4006768 132992 147720 1289380 0 0

1735167847
4006768 113188 148988 1291108 0 0

1735167848
4006768 125316 147056 1229728 0 0

1735167850
4006768 117116 146376 1129448 0 0

1735167851
4006768 165104 145360 1073080 0 0

1735167852
4006768 148796 145380 1073744 0 0

1735167853
4006768 288992 145396 1075176 0 0

1735167854
4006768 286316 145448 1077428 0 0

1735167855
4006768 166076 145484 1078296 0 0

1735167856
4006768 356184 145496 1080256 0 0

1735167857
4006768 370732 145520 1082004 0 0

1735167858
4006768 400428 145536 1083464 0 0

1735167859
4006768 366172 145576 1083980 0 0

1735167859
4006768 295020 145704 1085508 0 0

1735167861
4006768 373564 145888 1086912 0 0

1735167862
4006768 345056 146148 1088464 0 0

1735167863
4006768 334856 146240 1090024 0 0

1735167864
4006768 306572 146304 1092336 0 0

1735167865
4006768 233916 146324 1093504 0 0

1735167866
4006768 283904 146344 1094144 0 0

1735167866
4006768 378856 146352 1095356 0 0

1735167867
4006768 369684 146876 1098452 0 0

1735167868
4006768 355440 147580 1102128 0 0

1735167869
4006768 349480 149140 1104344 0 0

1735167870
4006768 254812 150092 1134452 0 0

1735167871
4006768 238028 153224 1176312 0 0

1735167872
4006768 203428 156152 1192268 0 0

1735167873
4006768 155112 157864 1214884 0 0

1735167874
4006768 110864 159644 1204460 0 0

1735167875
4006768 136296 161544 1200336 0 0

1735167876
4006768 158588 161732 1205736 0 0

1735167877
4006768 240160 159448 1180616 0 0

1735167878
4006768 223532 160852 1184828 0 0

1735167879
4006768 170440 161064 1188008 0 0

1735167880
4006768 166796 161108 1192112 0 0

1735167881
4006768 167736 161196 1193700 0 0

1735167883
4006768 117380 161208 1195236 0 0

1735167883
4006768 110732 158716 1167832 0 0

1735167884
4006768 156440 158768 1169208 0 0

1735167886
4006768 253380 158780 1170376 0 0

1735167886
4006768 261512 158788 1171916 0 0

1735167887
4006768 221468 158988 1176320 0 0

1735167888
4006768 216412 159220 1178816 0 0

1735167889
4006768 215932 159304 1180748 0 0

1735167890
4006768 202476 159552 1183480 0 0

1735167891
4006768 192128 159700 1184656 0 0

1735167892
4006768 191988 161328 1188048 0 0

1735167893
4006768 204224 161652 1189832 0 0

1735167894
4006768 127956 154924 1075772 0 0

1735167895
4006768 123920 151392 944908 0 0

1735167896
4006768 113688 148584 803560 0 0

1735167898
4006768 138008 148600 733420 0 0

1735167899
4006768 167816 148608 735836 0 0

1735167900
4006768 296532 148624 728472 0 0

1735167901
4006768 323412 147420 712124 0 0

1735167902
4006768 278616 147568 714048 0 0

1735167903
4006768 350272 147656 720588 0 0

1735167904
4006768 486912 147668 720988 0 0

1735167904
4006768 354300 147696 722192 0 0

1735167905
4006768 354264 147836 723368 0 0

1735167906
4006768 809460 147864 729296 0 0

1735167908
4006768 788396 147900 730804 0 0

1735167908
4006768 836564 150688 731844 0 0

1735167909
4006768 585316 157644 732540 0 0

1735167911
4006768 723228 157828 733208 0 0

1735167912
4006768 780892 157912 735244 0 0

1735167912
4006768 594612 158396 736820 0 0

1735167913
4006768 533764 158508 740844 0 0

1735167915
4006768 782256 158864 741576 0 0

1735167916
4006768 773584 158864 741796 0 0

1735167917
4006768 630132 158880 757176 0 0

1735167918
4006768 882796 158904 759776 0 0

1735167919
4006768 928432 158912 760064 0 0

1735167920
4006768 781956 158912 760932 0 0

1735167921
4006768 877152 158912 766156 0 0

1735167922
4006768 884976 158916 766392 0 0

1735167923
4006768 844080 158928 766544 0 0

1735167924
4006768 748512 158928 767768 0 0

1735167925
4006768 853692 158932 768172 0 0

1735167926
4006768 858044 158932 768896 0 0

1735167927
4006768 788032 158932 769312 0 0

1735167928
4006768 594832 158948 769428 0 0

1735167929
4006768 658304 158948 769732 0 0

1735167930
4006768 618556 158952 770128 0 0

1735167931
4006768 764252 158952 770464 0 0

1735167932
4006768 726560 158956 770648 0 0

1735167933
4006768 886552 158976 770908 0 0

1735167934
4006768 825148 158980 771032 0 0

1735167935
4006768 789732 158984 771280 0 0

1735167936
4006768 830880 158984 771840 0 0

1735167937
4006768 800252 158988 771968 0 0

1735167938
4006768 688256 158996 772032 0 0

1735167939
4006768 715812 158996 772020 0 0

1735167940
4006768 878672 159000 772416 0 0

1735167940
4006768 1123836 159004 775260 0 0

1735167942
4006768 1040268 159316 779108 0 0

1735167943
4006768 1011736 159364 782080 0 0

1735167944
4006768 1051048 159384 782976 0 0

1735167945
4006768 1003328 159388 784460 0 0

1735167946
4006768 1062204 159408 785852 0 0

1735167946
4006768 1024888 159432 786848 0 0

1735167948
4006768 1059532 159464 788268 0 0

1735167949
4006768 1151632 159472 789600 0 0

1735167949
4006768 1073572 159924 792024 0 0

1735167951
4006768 1043392 160192 799748 0 0

1735167951
4006768 1020400 160320 801984 0 0

1735167952
4006768 1017860 160392 804464 0 0

1735167953
4006768 869784 160528 808620 0 0

1735167955
4006768 851192 160568 812072 0 0

1735167956
4006768 1008192 160608 814560 0 0

1735167957
4006768 976152 160632 815528 0 0

1735167957
4006768 955564 160776 817684 0 0

1735167958
4006768 863004 161116 819904 0 0

1735167959
4006768 838208 161156 820492 0 0

1735167961
4006768 744360 161164 820780 0 0

1735167962
4006768 905540 161184 824396 0 0

1735167963
4006768 884072 161208 824632 0 0

1735167963
4006768 844232 161372 825108 0 0

1735167964
4006768 946712 161848 831032 0 0

1735167965
4006768 922028 162180 831940 0 0

1735167966
4006768 918476 162500 835656 0 0

1735167968
4006768 920236 167064 836700 0 0

1735167969
4006768 879948 167080 837256 0 0

1735167971
4006768 690172 167968 845556 0 0

1735167972
4006768 814052 170420 851308 0 0

1735167973
4006768 815532 171164 856012 0 0

1735167974
4006768 767072 171208 859648 0 0

1735167975
4006768 732380 171256 861508 0 0

1735167976
4006768 843860 171412 865572 0 0

1735167977
4006768 744480 171700 870332 0 0

1735167978
4006768 838848 171884 875136 0 0

1735167979
4006768 814008 171944 880240 0 0

1735167980
4006768 790340 172020 880688 0 0

1735167981
4006768 848316 172084 883808 0 0

1735167982
4006768 783700 172180 887200 0 0

1735167983
4006768 767556 172236 888912 0 0

1735167984
4006768 853076 172316 891628 0 0

1735167985
4006768 799240 172380 894892 0 0

1735167986
4006768 845100 172444 900040 0 0

1735167987
4006768 837876 172524 904012 0 0

1735167988
4006768 803048 172696 907052 0 0

1735167989
4006768 760076 173504 916364 0 0

1735167990
4006768 676936 174184 919520 0 0

1735167991
4006768 797196 175432 924248 0 0

1735167992
4006768 674236 180196 1005252 0 0

1735167993
4006768 601416 181228 1020828 0 0

1735167994
4006768 726124 182168 1025836 0 0

1735167995
4006768 702512 183472 1035776 0 0

1735167996
4006768 554308 183944 1037680 0 0

1735167997
4006768 490044 184140 1038236 0 0

1735167998
4006768 580560 184152 1039716 0 0

1735167999
4006768 477576 184184 1042264 0 0

1735168000
4006768 527452 184424 1046136 0 0

1735168001
4006768 447996 184440 1047648 0 0

1735168002
4006768 405052 184488 1048372 0 0

1735168003
4006768 277008 184828 1049596 0 0

1735168004
4006768 387140 184840 1050320 0 0

1735168005
4006768 512996 184864 1054280 0 0

1735168006
4006768 644272 184920 1056908 0 0

1735168007
4006768 571984 184992 1081384 0 0

1735168008
4006768 479860 185132 1083584 0 0

1735168009
4006768 418700 185612 1086408 0 0

1735168010
4006768 380240 185780 1089584 0 0

1735168011
4006768 442672 185812 1102092 0 0

1735168012
4006768 244484 185828 1098056 0 0

1735168013
4006768 107908 185500 990324 0 0

1735168014
4006768 158632 168828 873076 0 0

1735168015
4006768 126212 164044 754140 0 0

1735168016
4006768 215036 164044 755296 0 0

1735168017
4006768 232836 164068 757968 0 0

1735168018
4006768 332280 164068 757756 0 0

1735168019
4006768 165452 164068 754936 0 0

1735168020
4006768 408344 164328 763600 0 0

1735168021
4006768 634900 164332 768032 0 0

1735168022
4006768 299004 164364 776368 0 0

1735168023
4006768 267032 164372 778464 0 0

1735168024
4006768 255020 164372 771152 0 0

1735168025
4006768 344024 164396 783452 0 0

1735168026
4006768 372872 164424 778764 0 0

1735168027
4006768 429796 164460 779680 0 0

1735168028
4006768 315480 164464 781828 0 0

1735168029
4006768 135704 164488 783700 0 0

1735168030
4006768 124156 158984 744972 0 0

1735168031
4006768 136032 133344 643408 0 0

1735168032
4006768 193500 124756 555864 0 0

1735168033
4006768 116500 124300 391552 0 0

1735168034
4006768 132380 81060 284520 0 0

1735168036
4006768 538060 60500 253304 0 0

1735168037
4006768 591472 60908 255104 0 0

1735168038
4006768 525976 60928 256308 0 0

1735168039
4006768 653456 60928 260252 0 0

1735168040
4006768 687404 60928 261904 0 0

1735168041
4006768 713692 61288 264320 0 0

1735168042
4006768 647272 61304 266916 0 0

1735168043
4006768 600400 61560 270048 0 0

1735168044
4006768 366944 61560 271948 0 0

1735168045
4006768 509052 61696 272576 0 0

1735168046
4006768 462172 61696 273212 0 0

1735168047
4006768 699800 61852 273964 0 0

1735168048
4006768 541140 62148 275264 0 0

1735168049
4006768 501876 63656 293032 0 0

1735168050
4006768 556792 63916 298000 0 0

1735168051
4006768 565400 63984 303732 0 0

1735168052
4006768 555736 64004 304204 0 0

1735168053
4006768 447680 64160 304924 0 0

1735168054
4006768 570424 64584 307496 0 0

1735168055
4006768 409556 65152 307944 0 0

1735168056
4006768 418528 65176 308440 0 0

1735168057
4006768 571340 65200 309144 0 0

1735168058
4006768 392252 65208 309756 0 0

1735168059
4006768 254176 65224 309860 0 0

1735168060
4006768 114420 65228 310048 0 0

1735168061
4006768 125616 65168 281532 0 0

1735168062
4006768 547196 49464 251492 0 0

1735168063
4006768 299280 51988 258588 0 0

1735168064
4006768 141388 31856 244844 0 0

1735168065
4006768 107340 30760 241776 0 0

1735168066
4006768 122440 8844 151164 0 0

1735168067
4006768 360316 1912 90720 0 0

1735168069
4006768 1054276 11916 135180 0 0

1735168070
4006768 844304 13716 157968 0 0

1735168071
4006768 647852 17796 171576 0 0

1735168072
4006768 635324 17844 174500 0 0

1735168073
4006768 477300 17868 177216 0 0

1735168074
4006768 640224 18000 178012 0 0

1735168075
4006768 533952 18008 178812 0 0

1735168076
4006768 617308 18292 185756 0 0

1735168077
4006768 901976 18564 186928 0 0

1735168078
4006768 757788 20220 200000 0 0

1735168079
4006768 810680 22520 216688 0 0

1735168080
4006768 761932 23392 221556 0 0

1735168081
4006768 911708 23716 229680 0 0

1735168082
4006768 965736 25128 234644 0 0

1735168083
4006768 726376 25556 239760 0 0

1735168084
4006768 531500 26128 243428 0 0

1735168085
4006768 650368 27564 252600 0 0

1735168086
4006768 467088 27860 254512 0 0

1735168087
4006768 300156 28012 257000 0 0

1735168088
4006768 162688 28348 257660 0 0

1735168089
4006768 94920 1512 82496 0 0

1735168101
4006768 89356 1296 71508 0 0

1735170011
4006768 89676 600 50976 0 0

