1734607525
0.49 0.31 0.08 50384

1734607526
0.49 0.31 0.08 3879

1734607528
0.4 0.3 0.08 3602

1734607529
0.33 0.29 0.08 1990

1734607530
0.33 0.29 0.08 1806

1734607531
0.27 0.28 0.08 2670

1734607532
0.27 0.28 0.08 2782

1734607533
0.22 0.27 0.08 4672

1734607534
0.22 0.27 0.08 7029

1734607535
0.18 0.26 0.08 12591

1734607536
0.18 0.26 0.08 99969

1734607537
1.05 0.42 0.11 13669

1734607538
1.05 0.42 0.11 7607

1734607539
0.86 0.4 0.11 4392

1734607540
0.86 0.4 0.11 4863

1734607541
0.7 0.39 0.11 3749

1734607542
0.7 0.39 0.11 4019

1734607543
0.57 0.37 0.11 4736

1734607544
0.57 0.37 0.11 4565

1734607545
0.47 0.36 0.1 1312

1734607546
0.47 0.36 0.1 2784

1734607547
0.38 0.35 0.1 4466

1734607548
0.38 0.35 0.1 1960

1734607549
0.31 0.34 0.1 7645

1734607550
0.31 0.34 0.1 4491

1734607551
0.25 0.33 0.1 6552

1734607552
0.25 0.33 0.1 5533

1734607553
0.21 0.32 0.1 5123

1734607554
0.21 0.32 0.1 4233

1734607555
0.17 0.3 0.1 4468

1734607556
0.17 0.3 0.1 3640

1734607557
0.14 0.29 0.1 4185

1734607558
0.14 0.29 0.1 4024

1734607559
0.11 0.28 0.1 3412

1734607560
0.11 0.28 0.1 2805

1734607561
0.09 0.27 0.1 2757

1734607562
0.09 0.27 0.1 2405

1734607563
0.43 0.33 0.11 53402

1734607564
0.43 0.33 0.11 8474

1734607565
0.54 0.35 0.12 5732

1734607566
0.54 0.35 0.12 3586

1734607567
0.44 0.34 0.12 4356

1734607568
0.44 0.34 0.12 2958

1734607569
0.36 0.33 0.11 812

1734607570
0.36 0.33 0.11 8170

1734607571
2.29 0.68 0.19 236636

1734607572
2.29 0.68 0.19 292955

1734607573
5.86 1.38 0.34 135074

1734607574
5.86 1.38 0.34 2570

1734607575
4.79 1.33 0.34 55519

1734607576
4.79 1.33 0.34 17587

1734607577
4.47 1.39 0.35 2911

1734607578
4.47 1.39 0.35 5519

1734607579
3.84 1.37 0.36 45817

1734607580
3.84 1.37 0.36 3976

1734607582
3.32 1.36 0.36 3975

1734607583
2.72 1.31 0.36 1870

1734607584
2.72 1.31 0.36 1650

1734607585
2.23 1.27 0.36 2083

1734607586
2.23 1.27 0.36 6772

1734607587
2.23 1.27 0.36 8369

1734607588
1.82 1.23 0.35 5722

1734607589
1.82 1.23 0.35 242467

1734607590
4.03 1.65 0.45 207531

1734607591
4.03 1.65 0.45 85071

1734607592
5.47 1.99 0.53 14801

1734607593
5.47 1.99 0.53 15995

1734607594
4.66 1.95 0.53 12862

1734607595
4.66 1.95 0.53 13361

1734607596
4.0 1.92 0.53 124296

1734607597
5.26 2.22 0.61 98532

1734607598
5.26 2.22 0.61 28215

1734607599
5.26 2.22 0.61 505454

1734607600
9.38 3.06 0.79 233279

1734607601
9.38 3.06 0.79 48029

1734607602
9.67 3.32 0.86 520513

1734607603
9.67 3.32 0.86 621491

1734607604
18.43 5.11 1.25 604479

1734607605
18.43 5.11 1.25 601833

1734607606
25.96 6.91 1.66 249896

1734607607
25.96 6.91 1.66 327361

1734607608
26.33 7.6 1.84 142140

1734607609
26.33 7.6 1.84 436369

1734607610
26.63 8.26 2.02 214113

1734607611
26.63 8.26 2.02 299042

1734607612
26.15 8.78 2.17 229942

1734607613
26.15 8.78 2.17 179785

1734607614
25.4 9.21 2.3 77681

1734607615
25.4 9.21 2.3 71773

1734607616
21.88 9.11 2.33 76672

1734607617
21.88 9.11 2.33 171966

1734607618
19.91 9.17 2.39 9859

1734607619
19.91 9.17 2.39 18340

1734607620
16.48 8.9 2.38 10863

1734607621
16.48 8.9 2.38 245083

1734607622
15.85 9.04 2.45 382366

1734607623
15.85 9.04 2.45 207583

1734607624
18.23 9.69 2.63 56537

1734607625
18.23 9.69 2.63 314319

1734607626
18.55 10.03 2.75 657030

1734607627
18.55 10.03 2.75 835230

1734607628
28.78 12.15 3.24 385581

1734607629
28.78 12.15 3.24 555257

1734607630
30.99 13.1 3.5 171121

1734607631
30.99 13.1 3.5 96096

1734607632
27.73 13.09 3.57 278912

1734607633
27.73 13.09 3.57 638653

1734607634
31.76 14.3 3.88 571197

1734607635
32.71 15.04 4.11 278036

1734607636
32.71 15.04 4.11 254918

1734607637
31.86 15.47 4.27 321265

1734607638
31.86 15.47 4.27 380080

1734607639
30.61 15.78 4.42 112548

1734607640
30.61 15.78 4.42 386954

1734607641
29.78 16.11 4.56 156130

1734607642
29.78 16.11 4.56 332429

1734607643
28.37 16.31 4.68 187430

1734607644
28.37 16.31 4.68 474718

1734607645
29.93 16.98 4.91 409763

1734607646
29.93 16.98 4.91 217790

1734607647
29.4 17.31 5.06 191434

1734607648
29.4 17.31 5.06 442920

1734607650
30.96 17.99 5.28 640299

1734607651
30.96 17.99 5.28 646089

1734607652
36.94 19.49 5.68 1013898

1734607653
36.94 19.49 5.68 862023

1734607654
45.65 21.64 6.23 445461

1734607655
44.98 22.3 6.47 623264

1734607657
44.98 22.3 6.47 781571

1734607658
45.71 23.18 6.76 847107

1734607659
45.71 23.18 6.76 884725

1734607660
53.37 25.3 7.32 880906

1734607661
53.37 25.3 7.32 926810

1734607662
59.83 27.38 7.88 758674

1734607663
59.83 27.38 7.88 700933

1734607664
61.85 28.81 8.31 551482

1734607665
61.85 28.81 8.31 361218

1734607666
59.16 29.4 8.57 782389

1734607667
59.16 29.4 8.57 842716

1734607668
63.3 31.12 9.07 981927

1734607669
63.3 31.12 9.07 791085

1734607670
67.23 32.89 9.59 623794

1734607671
67.23 32.89 9.59 722562

1734607672
67.18 34.0 9.99 613473

1734607673
67.18 34.0 9.99 676239

1734607674
66.79 35.02 10.36 511092

1734607675
66.79 35.02 10.36 412262

1734607676
63.02 35.38 10.61 580901

1734607677
63.02 35.38 10.61 719862

1734607678
63.74 36.41 10.99 867157

1734607679
62.88 37.15 11.32 564893

1734607680
62.88 37.15 11.32 631813

1734607681
62.88 37.15 11.32 476342

1734607682
63.08 38.03 11.68 452919

1734607683
63.08 38.03 11.68 388225

1734607684
57.99 37.93 11.84 328513

1734607685
57.99 37.93 11.84 344130

1734607686
54.37 37.93 12.02 329021

1734607687
54.37 37.93 12.02 71607

1734607688
47.24 37.18 12.04 279494

1734607689
47.24 37.18 12.04 457703

1734607690
45.74 37.24 12.22 387371

1734607691
45.74 37.24 12.22 491533

1734607692
45.61 37.49 12.45 542943

1734607693
45.61 37.49 12.45 680500

1734607694
49.48 38.46 12.82 546436

1734607695
49.48 38.46 12.82 523860

1734607696
48.13 38.57 13.02 216794

1734607697
48.13 38.57 13.02 753173

1734607698
48.1 38.88 13.26 230071

1734607699
48.1 38.88 13.26 160564

1734607700
43.74 38.4 13.33 463705

1734607701
43.74 38.4 13.33 126717

1734607702
39.98 37.89 13.4 456749

1734607703
39.98 37.89 13.4 636187

1734607704
43.6 38.62 13.72 300023

1734607705
43.6 38.62 13.72 211748

1734607706
38.96 37.94 13.75 598563

1734607707
38.96 37.94 13.75 398793

1734607708
40.96 38.33 14.0 36817

1734607709
40.96 38.33 14.0 100287

1734607710
34.63 37.28 13.94 58276

1734607711
34.63 37.28 13.94 91369

1734607712
29.98 36.35 13.91 164109

1734607713
29.98 36.35 13.91 76716

1734607714
26.36 35.49 13.88 70369

1734607715
26.36 35.49 13.88 47069

1734607716
22.49 34.49 13.82 28713

1734607717
22.49 34.49 13.82 104713

1734607718
20.59 33.75 13.81 359465

1734607719
20.59 33.75 13.81 58872

1734607720
19.4 33.11 13.81 30040

1734607721
19.4 33.11 13.81 121995

1734607722
17.69 32.35 13.78 117809

1734607723
17.69 32.35 13.78 82434

1734607724
15.75 31.52 13.74 81782

1734607725
15.75 31.52 13.74 342461

1734607726
16.52 31.14 13.78 114453

1734607727
16.52 31.14 13.78 340374

1734607728
19.14 31.14 13.9 607487

1734607729
19.14 31.14 13.9 633926

1734607730
26.18 32.02 14.2 375870

1734607731
26.18 32.02 14.2 337313

1734607732
27.78 32.12 14.34 132767

1734607733
27.78 32.12 14.34 475668

1734607734
28.54 32.11 14.46 296134

1734607735
28.54 32.11 14.46 407592

1734607736
29.53 32.17 14.6 329166

1734607737
29.53 32.17 14.6 532207

1734607738
33.06 32.72 14.83 711060

1734607739
33.06 32.72 14.83 820794

1734607740
41.56 34.27 15.28 853794

1734607741
41.56 34.27 15.28 805233

1734607742
48.52 35.77 15.72 742666

1734607743
48.52 35.77 15.72 840190

1734607744
54.41 37.25 16.17 910148

1734607745
54.41 37.25 16.17 914461

1734607746
61.03 39.01 16.68 840584

1734607747
61.03 39.01 16.68 732614

1734607748
63.74 40.22 17.08 760883

1734607749
63.74 40.22 17.08 849881

1734607750
66.69 41.52 17.51 744005

1734607751
66.69 41.52 17.51 686508

1734607752
67.29 42.45 17.87 731744

1734607753
67.29 42.45 17.87 718026

1734607754
68.14 43.42 18.24 625142

1734607755
68.14 43.42 18.24 659763

1734607756
67.21 44.06 18.55 689253

1734607757
67.21 44.06 18.55 824136

1734607758
69.34 45.2 18.96 810236

1734607759
69.34 45.2 18.96 644530

1734607760
69.28 45.98 19.31 632308

1734607761
69.28 45.98 19.31 689177

1734607762
68.5 46.6 19.62 670357

1734607763
68.5 46.6 19.62 740735

1734607764
69.14 47.43 19.98 640125

1734607765
69.14 47.43 19.98 771104

1734607766
69.29 48.17 20.32 655853

1734607767
69.29 48.17 20.32 658840

1734607768
68.33 48.69 20.62 720457

1734607769
68.33 48.69 20.62 756304

1734607770
70.08 49.65 21.01 874347

1734607771
70.08 49.65 21.01 728632

1734607772
71.34 50.54 21.39 782087

1734607773
71.34 50.54 21.39 805470

1734607774
72.9 51.51 21.79 730330

1734607775
72.9 51.51 21.79 687834

1734607776
72.01 52.05 22.11 683593

1734607777
72.01 52.05 22.11 659681

1734607778
70.74 52.47 22.4 634359

1734607779
70.74 52.47 22.4 626816

1734607780
69.16 52.78 22.67 644255

1734607781
69.16 52.78 22.67 653186

1734607782
68.58 53.22 22.97 619367

1734607783
68.58 53.22 22.97 623582

1734607784
67.93 53.6 23.26 715174

1734607785
67.93 53.6 23.26 648527

1734607786
67.4 53.97 23.54 651922

1734607787
67.4 53.97 23.54 657394

1734607788
67.15 54.37 23.83 676426

1734607789
67.15 54.37 23.83 626569

1734607790
66.39 54.65 24.1 612243

1734607791
66.39 54.65 24.1 647075

1734607792
66.5 55.05 24.4 686472

1734607793
66.5 55.05 24.4 614803

1734607794
65.87 55.31 24.66 594777

1734607795
65.87 55.31 24.66 710757

1734607796
66.07 55.7 24.95 1096860

1734607797
66.07 55.7 24.95 335770

1734607798
66.42 56.1 25.24 684635

1734607799
66.42 56.1 25.24 734633

1734607800
67.79 56.68 25.58 827788

1734607801
67.79 56.68 25.58 814939

1734607802
70.18 57.48 25.96 785819

1734607803
70.18 57.48 25.96 523645

1734607804
69.43 57.76 26.23 618677

1734607805
69.43 57.76 26.23 797837

1734607806
70.07 58.26 26.55 866901

1734607807
70.07 58.26 26.55 837093

1734607808
72.41 59.07 26.94 795613

1734607809
72.41 59.07 26.94 746785

1734607810
72.34 59.49 27.24 697782

1734607811
72.34 59.49 27.24 688329

1734607812
71.55 59.77 27.52 687417

1734607813
71.55 59.77 27.52 652071

1734607814
70.72 60.01 27.79 453892

1734607815
70.72 60.01 27.79 432811

1734607816
65.16 59.35 27.88 592949

1734607817
65.16 59.35 27.88 681546

1734607818
65.49 59.6 28.14 645457

1734607819
65.49 59.6 28.14 428490

1734607820
61.23 59.03 28.24 72811

1734607821
61.23 59.03 28.24 151342

1734607822
51.59 57.36 28.1 89512

1734607823
51.59 57.36 28.1 234797

1734607824
45.14 56.0 28.02 251480

1734607825
45.14 56.0 28.02 11176

1734607826
39.14 54.56 27.91 9708

1734607827
39.14 54.56 27.91 531206

1734607828
38.02 53.86 27.94 560455

1734607830
42.0 54.06 28.16 1083016

1734607831
42.0 54.06 28.16 993430

1734607832
48.89 54.91 28.52 614326

1734607833
48.89 54.91 28.52 580673

1734607834
50.54 55.01 28.72 569294

1734607835
50.54 55.01 28.72 547118

1734607836
51.53 55.04 28.9 559424

1734607837
51.53 55.04 28.9 483571

1734607838
51.61 54.94 29.06 636794

1734607839
51.61 54.94 29.06 533980

1734607840
51.86 54.88 29.23 668027

1734607841
51.86 54.88 29.23 889236

1734607842
58.59 55.99 29.64 893183

1734607843
58.59 55.99 29.64 847485

1734607844
63.37 56.94 30.01 837880

1734607845
63.37 56.94 30.01 822494

1734607846
66.93 57.79 30.38 813632

1734607847
66.93 57.79 30.38 825149

1734607848
69.66 58.59 30.73 818575

1734607849
69.66 58.59 30.73 871165

1734607850
72.25 59.42 31.09 871098

1734607851
72.25 59.42 31.09 859046

1734607852
74.93 60.32 31.48 910361

1734607853
74.93 60.32 31.48 934452

1734607854
78.02 61.36 31.89 908056

1734607855
78.02 61.36 31.89 700305

1734607856
76.75 61.67 32.16 599245

1734607857
76.75 61.67 32.16 755078

1734607858
74.43 61.75 32.38 554639

1734607859
74.43 61.75 32.38 873100

1734607860
75.08 62.28 32.69 763140

1734607861
75.08 62.28 32.69 597730

1734607862
72.35 62.2 32.87 464116

1734607863
72.35 62.2 32.87 446679

1734607864
66.85 61.54 32.94 488390

1734607865
66.85 61.54 32.94 306876

1734607866
61.62 60.77 32.97 366087

1734607867
61.62 60.77 32.97 85666

1734607868
52.81 59.21 32.83 5038

1734607869
52.81 59.21 32.83 223190

1734607870
47.95 58.12 32.79 451173

1734607871
47.95 58.12 32.79 312016

1734607872
43.98 57.07 32.74 189654

1734607873
43.98 57.07 32.74 175361

1734607874
38.73 55.69 32.62 23164

1734607875
38.73 55.69 32.62 4538

1734607876
31.71 53.87 32.4 4613

1734607877
31.71 53.87 32.4 3520

1734607878
25.96 52.11 32.17 3631

1734607879
25.96 52.11 32.17 23466

1734607880
21.44 50.44 31.96 1530

1734607881
21.44 50.44 31.96 3479

1734607882
17.56 48.79 31.74 4615

1734607883
17.56 48.79 31.74 4558

1734607884
14.37 47.19 31.53 2391

1734607885
14.37 47.19 31.53 1453

1734607886
11.77 45.65 31.31 2319

1734607887
11.77 45.65 31.31 10484

1734607888
9.82 44.18 31.1 98448

1734607889
9.82 44.18 31.1 192992

1734607890
11.48 43.36 31.02 188542

1734607891
11.48 43.36 31.02 282855

1734607892
14.11 42.79 30.98 238743

1734607893
14.11 42.79 30.98 2217

1734607894
12.1 41.49 30.79 1995

1734607895
12.1 41.49 30.79 225837

1734607896
12.08 40.52 30.66 17465

1734607897
12.08 40.52 30.66 218846

1734607898
12.43 39.66 30.55 288104

1734607899
12.43 39.66 30.55 159839

1734607900
15.79 39.37 30.55 354868

1734607901
15.79 39.37 30.55 239707

1734607902
17.64 38.93 30.52 255119

1734607903
17.64 38.93 30.52 298697

1734607904
19.52 38.58 30.5 276114

1734607905
19.52 38.58 30.5 168496

1734607906
19.24 37.9 30.42 204151

1734607907
19.24 37.9 30.42 224165

1734607908
20.64 37.55 30.39 432657

1734607909
20.64 37.55 30.39 464170

1734607910
24.69 37.72 30.48 325084

1734607911
24.69 37.72 30.48 290088

1734607912
27.65 37.83 30.55 707189

1734607913
27.65 37.83 30.55 278051

1734607914
30.25 37.97 30.63 421794

1734607915
30.25 37.97 30.63 565112

1734607916
32.74 38.17 30.72 394748

1734607917
32.74 38.17 30.72 629291

1734607918
35.86 38.55 30.86 336870

1734607919
35.86 38.55 30.86 538053

1734607920
38.79 38.99 31.0 599063

1734607921
38.79 38.99 31.0 619567

1734607922
43.53 39.84 31.23 683622

1734607923
43.53 39.84 31.23 640719

1734607924
46.88 40.57 31.44 627160

1734607925
46.88 40.57 31.44 480228

1734607926
49.07 41.17 31.63 698516

1734607927
49.07 41.17 31.63 741623

1734607928
53.41 42.21 31.91 654100

1734607929
53.41 42.21 31.91 593646

1734607930
52.97 42.5 32.05 444967

1734607931
52.97 42.5 32.05 857936

1734607932
53.16 42.88 32.2 148856

1734607933
53.16 42.88 32.2 501757

1734607934
49.14 42.49 32.19 131826

1734607935
49.14 42.49 32.19 343756

1734607936
46.04 42.14 32.19 354234

1734607937
46.04 42.14 32.19 143307

1734607938
40.59 41.29 32.08 77351

1734607939
33.24 39.94 31.86 5483

1734607940
33.24 39.94 31.86 75570

1734607941
33.24 39.94 31.86 696856

1734607942
36.09 40.23 31.97 417998

1734607943
36.09 40.23 31.97 626659

1734607944
41.33 41.04 32.2 711893

1734607945
41.33 41.04 32.2 738538

1734607946
47.61 42.19 32.5 774929

1734607947
47.61 42.19 32.5 589057

1734607948
50.4 42.87 32.71 672727

1734607949
50.4 42.87 32.71 461067

1734607950
49.24 42.91 32.79 338186

1734607951
49.24 42.91 32.79 336613

1734607952
44.3 42.22 32.71 12208

1734607953
44.3 42.22 32.71 100215

1734607954
37.36 41.04 32.53 27070

1734607955
37.36 41.04 32.53 129097

1734607956
36.57 40.77 32.53 1002296

1734607957
34.29 40.22 32.47 33008

1734607958
34.29 40.22 32.47 5192

1734607959
34.29 40.22 32.47 251013

1734607960
30.25 39.3 32.33 29300

1734607961
30.25 39.3 32.33 43234

1734607962
25.86 38.21 32.15 152163

1734607963
25.86 38.21 32.15 129097

1734607964
23.17 37.32 32.01 275337

1734607965
21.68 36.59 31.89 51617

1734607966
21.68 36.59 31.89 55068

1734607967
18.48 35.52 31.7 36561

1734607968
18.48 35.52 31.7 226978

1734607969
17.12 34.72 31.56 15730

1734607971
15.11 33.78 31.38 131842

1734607972
15.11 33.78 31.38 7592

1734607973
15.11 33.78 31.38 192

1734607974
12.37 32.67 31.17 12914

1734607975
12.37 32.67 31.17 50267

1734607976
10.67 31.7 30.98 49405

1734607977
10.19 30.93 30.82 139730

1734607978
10.19 30.93 30.82 296405

1734607979
12.14 30.6 30.75 124002

1734607980
12.14 30.6 30.75 6052

1734607981
12.14 30.6 30.75 194842

1734607982
11.75 29.93 30.61 339166

1734607983
11.75 29.93 30.61 305238

1734607984
15.78 30.06 30.63 155385

1734607985
15.78 30.06 30.63 242248

1734607986
17.09 29.83 30.58 596021

1734607987
17.09 29.83 30.58 254124

1734607988
20.33 30.0 30.61 167569

1734607989
21.0 29.8 30.56 337450

1734607990
21.0 29.8 30.56 3505

1734607991
18.1 28.99 30.39 116928

1734607992
18.1 28.99 30.39 2520

1734607993
18.1 28.99 30.39 1295

1734607994
14.82 28.04 30.18 40842

1734607995
14.82 28.04 30.18 338956

1734607996
15.39 27.71 30.1 7892

1734607998
12.6 26.81 29.89 4955

1734607999
12.6 26.81 29.89 1761

1734608000
10.32 25.93 29.69 4368

1734608001
10.32 25.93 29.69 4587

1734608002
8.45 25.08 29.48 54122

1734608003
8.19 24.49 29.33 89776

1734608004
8.19 24.49 29.33 27137

1734608005
6.88 23.72 29.14 6983

1734608006
6.88 23.72 29.14 13650

1734608008
5.63 22.94 28.94 2989

1734608009
5.63 22.94 28.94 10351

1734608010
4.22 21.56 28.56 66032

1734608012
4.22 21.56 28.56 7988

1734608013
4.22 21.56 28.56 1932

1734608014
5.27 21.18 28.44 462733

1734608015
5.27 21.18 28.44 263193

1734608016
10.83 21.67 28.49 348399

1734608017
10.83 21.67 28.49 563781

1734608018
17.93 22.59 28.64 711081

1734608019
17.93 22.59 28.64 883923

1734608023
22.4 23.35 28.72 118811

1734608024
25.95 23.96 28.81 867825

1734608025
25.95 23.96 28.81 931855

1734608026
38.1 26.22 29.25 948099

1734608027
38.1 26.22 29.25 956397

1734608028
48.22 28.44 29.69 929609

1734608029
48.22 28.44 29.69 942936

1734608030
56.33 30.55 30.13 920625

1734608031
56.33 30.55 30.13 825148

1734608032
59.72 32.01 30.43 667214

1734608033
59.72 32.01 30.43 657229

1734608034
60.67 33.09 30.67 665832

1734608035
60.67 33.09 30.67 800384

1734608036
64.35 34.65 31.01 818685

1734608037
64.35 34.65 31.01 676123

1734608038
64.47 35.65 31.25 634840

1734608039
64.47 35.65 31.25 768685

1734608040
64.57 36.61 31.48 524123

1734608041
64.57 36.61 31.48 576371

1734608042
63.56 37.34 31.67 617662

1734608043
63.56 37.34 31.67 647269

1734608044
63.09 38.11 31.87 591714

1734608045
63.09 38.11 31.87 126607

1734608046
56.37 37.72 31.83 413162

1734608047
56.37 37.72 31.83 608151

1734608048
58.3 38.67 32.07 737146

1734608049
58.3 38.67 32.07 631952

1734608050
58.97 39.44 32.27 605004

1734608051
58.97 39.44 32.27 627786

1734608052
60.06 40.27 32.5 684620

1734608053
60.06 40.27 32.5 654467

1734608054
62.77 41.41 32.79 854993

1734608055
65.71 42.64 33.1 2148423

1734608057
65.71 42.64 33.1 32836

1734608058
62.86 42.88 33.22 584540

1734608059
62.86 42.88 33.22 620456

1734608060
62.34 43.44 33.4 609135

1734608061
62.34 43.44 33.4 671309

1734608062
62.46 44.08 33.6 598771

1734608063
62.46 44.08 33.6 668648

1734608064
62.92 44.77 33.82 648685

1734608065
62.92 44.77 33.82 608427

1734608066
63.29 45.43 34.03 741671

1734608067
63.29 45.43 34.03 816494

1734608068
66.68 46.62 34.36 737124

1734608069
66.68 46.62 34.36 658935

1734608070
65.65 47.09 34.54 632073

1734608071
65.65 47.09 34.54 629348

1734608072
64.99 47.58 34.73 670883

1734608073
64.99 47.58 34.73 933491

1734608074
68.25 48.74 35.06 673943

1734608075
68.25 48.74 35.06 721769

1734608076
67.84 49.31 35.27 666910

1734608077
67.84 49.31 35.27 900359

1734608078
70.22 50.34 35.59 715855

1734608079
70.22 50.34 35.59 1037331

1734608080
70.55 51.05 35.83 972086

1734608081
70.55 51.05 35.83 43835

1734608082
67.0 51.05 35.94 1109321

1734608084
67.0 51.05 35.94 4221

1734608085
63.38 50.92 36.01 707220

1734608086
64.58 51.54 36.25 819846

1734608087
64.58 51.54 36.25 858946

1734608088
66.46 52.31 36.51 818095

1734608089
66.46 52.31 36.51 808303

1734608090
68.73 53.18 36.8 745824

1734608091
68.73 53.18 36.8 701643

1734608092
68.6 53.67 37.02 709235

1734608093
68.6 53.67 37.02 654868

1734608094
68.85 54.2 37.24 715306

1734608095
68.85 54.2 37.24 759160

1734608096
69.6 54.82 37.49 697203

1734608097
69.6 54.82 37.49 680038

1734608098
69.49 55.28 37.7 710377

1734608099
69.49 55.28 37.7 684641

1734608100
68.5 55.57 37.88 584764

1734608101
68.5 55.57 37.88 656360

1734608102
68.95 56.07 38.11 805386

1734608103
68.95 56.07 38.11 614318

1734608104
68.41 56.39 38.3 706690

1734608105
68.41 56.39 38.3 715947

1734608106
68.7 56.84 38.52 678282

1734608107
68.7 56.84 38.52 860590

1734608108
69.84 57.43 38.77 654043

1734608109
69.84 57.43 38.77 777967

1734608111
70.78 58.01 39.01 1339763

1734608112
71.18 58.5 39.25 896428

1734608114
70.24 58.75 39.43 1306277

1734608115
70.24 58.75 39.43 614733

1734608116
68.93 58.88 39.59 631379

1734608117
68.93 58.88 39.59 675920

1734608118
68.94 59.22 39.79 945567

1734608119
72.57 60.19 40.13 1776092

1734608120
72.57 60.19 40.13 61267

1734608122
76.45 61.3 40.5 1790600

1734608123
76.45 61.3 40.5 783255

1734608124
79.63 62.37 40.86 950979

1734608125
79.63 62.37 40.86 903212

1734608126
81.51 63.27 41.2 911980

1734608127
81.51 63.27 41.2 862474

1734608128
82.68 64.08 41.52 882579

1734608129
82.68 64.08 41.52 851667

1734608130
83.28 64.8 41.82 880252

1734608131
83.28 64.8 41.82 862166

1734608132
82.69 65.29 42.08 742590

1734608133
82.69 65.29 42.08 553884

1734608134
78.4 65.09 42.2 660363

1734608135
78.4 65.09 42.2 457247

1734608136
75.24 64.95 42.33 753644

1734608137
75.24 64.95 42.33 740385

1734608138
75.02 65.25 42.55 709683

1734608139
75.02 65.25 42.55 615090

1734608140
72.84 65.18 42.69 650298

1734608141
72.84 65.18 42.69 625649

1734608142
71.06 65.1 42.82 644439

1734608143
71.06 65.1 42.82 728843

1734608144
69.59 65.03 42.96 582514

1734608145
69.59 65.03 42.96 676008

1734608146
69.49 65.16 43.14 711099

1734608147
69.49 65.16 43.14 760512

1734608148
69.58 65.32 43.32 882965

1734608149
69.58 65.32 43.32 742868

1734608151
68.93 65.34 43.48 1141216

1734608152
64.41 64.65 43.48 222261

1734608153
64.41 64.65 43.48 259605

1734608154
61.62 64.13 43.52 930461

1734608155
61.62 64.13 43.52 356736

1734608156
57.52 63.31 43.49 447814

1734608157
57.52 63.31 43.49 419883

1734608158
59.96 63.56 43.68 656399

1734608159
59.96 63.56 43.68 707282

1734608160
61.6 63.74 43.85 704875

1734608161
61.6 63.74 43.85 651887

1734608162
62.76 63.88 44.02 683993

1734608163
62.76 63.88 44.02 756982

1734608164
63.34 63.95 44.17 593594

1734608165
63.34 63.95 44.17 753432

1734608166
65.09 64.25 44.37 724560

1734608167
65.09 64.25 44.37 816377

1734608168
68.7 64.92 44.64 897068

1734608169
68.7 64.92 44.64 836933

1734608170
69.48 65.19 44.84 626967

1734608172
69.48 65.19 44.84 1163426

1734608173
69.03 65.25 44.99 634484

1734608174
69.03 65.25 44.99 597291

1734608175
66.85 64.98 45.07 581507

1734608176
65.24 64.75 45.16 687951

1734608177
65.24 64.75 45.16 637879

1734608178
65.38 64.79 45.3 708109

1734608179
65.38 64.79 45.3 538892

1734608180
64.04 64.57 45.39 615144

1734608181
64.04 64.57 45.39 627598

1734608182
62.77 64.32 45.47 522643

1734608183
62.77 64.32 45.47 569326

1734608184
61.54 64.05 45.54 558413

1734608185
61.54 64.05 45.54 625430

1734608186
61.62 63.98 45.65 626282

1734608187
61.62 63.98 45.65 762397

1734608188
60.42 63.69 45.72 545694

1734608189
60.42 63.69 45.72 233770

1734608190
59.08 63.34 45.77 712626

1734608191
59.08 63.34 45.77 768339

1734608193
59.24 63.23 45.87 653728

1734608194
59.24 63.23 45.87 675798

1734608195
59.02 63.06 45.95 660518

1734608196
59.02 63.06 45.95 598780

1734608197
59.56 63.02 46.06 659331

1734608198
59.56 63.02 46.06 646449

1734608199
59.82 62.95 46.16 603190

1734608200
58.04 62.53 46.19 573662

1734608201
58.04 62.53 46.19 479801

1734608202
58.04 62.53 46.19 638246

1734608203
57.85 62.35 46.26 592762

1734608204
57.85 62.35 46.26 497030

1734608205
57.15 62.07 46.31 235703

1734608206
53.32 61.22 46.24 625167

1734608207
53.32 61.22 46.24 605708

1734608208
54.71 61.21 46.34 802642

1734608210
54.71 61.21 46.34 595133

1734608211
53.13 60.72 46.34 613743

1734608212
53.13 60.72 46.34 473078

1734608213
52.74 60.4 46.37 354853

1734608214
52.74 60.4 46.37 253622

1734608215
48.44 59.37 46.26 304464

1734608216
48.44 59.37 46.26 324137

1734608217
45.28 58.44 46.15 271186

1734608218
45.28 58.44 46.15 262002

1734608219
41.79 57.38 46.01 289457

1734608220
41.79 57.38 46.01 310065

1734608221
39.47 56.45 45.9 96562

1734608222
37.39 55.52 45.77 679580

1734608223
37.39 55.52 45.77 71180

1734608225
34.96 54.49 45.62 471804

1734608226
34.96 54.49 45.62 290621

1734608227
33.7 53.62 45.5 260151

1734608228
31.22 52.52 45.33 192643

1734608229
31.22 52.52 45.33 346211

1734608230
31.22 52.52 45.33 270535

1734608231
31.72 51.91 45.25 362756

1734608232
31.72 51.91 45.25 441687

1734608233
33.04 51.49 45.21 451930

1734608234
33.04 51.49 45.21 315024

1734608235
33.76 51.02 45.15 588995

1734608236
33.8 50.46 45.08 132135

1734608237
33.8 50.46 45.08 147899

1734608238
33.8 50.46 45.08 565624

1734608239
34.56 50.05 45.03 552084

1734608240
34.56 50.05 45.03 524145

1734608241
37.9 50.15 45.08 515771

1734608242
37.9 50.15 45.08 563599

1734608243
40.82 50.27 45.14 585405

1734608244
40.82 50.27 45.14 574375

1734608245
43.93 50.53 45.23 580347

1734608246
43.93 50.53 45.23 367758

1734608247
44.48 50.41 45.24 507221

1734608248
44.48 50.41 45.24 481583

1734608249
45.3 50.36 45.27 474063

1734608250
45.3 50.36 45.27 493527

1734608251
45.61 50.25 45.28 469775

1734608252
45.61 50.25 45.28 626906

1734608253
47.49 50.44 45.35 623073

1734608254
47.49 50.44 45.35 677855

1734608255
50.3 50.85 45.47 708296

1734608256
50.3 50.85 45.47 874512

1734608257
56.04 51.87 45.72 748611

1734608258
56.04 51.87 45.72 680467

1734608259
58.57 52.47 45.89 746032

1734608260
58.57 52.47 45.89 680926

1734608261
60.82 53.07 46.06 700922

1734608262
60.82 53.07 46.06 596734

1734608263
61.21 53.4 46.18 665776

1734608264
61.21 53.4 46.18 921025

1734608265
64.98 54.33 46.42 663988

1734608266
64.98 54.33 46.42 536816

1734608267
63.71 54.45 46.5 551171

1734608268
63.71 54.45 46.5 575753

1734608269
62.13 54.47 46.56 544657

1734608270
62.13 54.47 46.56 820756

1734608271
63.56 54.98 46.72 865128

1734608272
63.56 54.98 46.72 745739

1734608273
66.17 55.73 46.94 688675

1734608274
66.17 55.73 46.94 692031

1734608275
66.68 56.17 47.09 636273

1734608276
66.68 56.17 47.09 719226

1734608277
67.1 56.59 47.24 877118

1734608278
67.1 56.59 47.24 906577

1734608279
71.25 57.68 47.53 962854

1734608280
71.25 57.68 47.53 947897

1734608281
75.55 58.9 47.85 940421

1734608282
75.55 58.9 47.85 941236

1734608283
78.89 60.05 48.17 936544

1734608284
78.89 60.05 48.17 916359

1734608285
81.27 61.1 48.47 900263

1734608286
81.27 61.1 48.47 923290

1734608287
83.03 62.07 48.76 910280

1734608288
83.03 62.07 48.76 915133

1734608289
84.47 63.02 49.05 923255

1734608290
84.47 63.02 49.05 911717

1734608291
85.65 63.94 49.34 1315999

1734608292
85.65 63.94 49.34 536217

1734608293
86.8 64.85 49.63 913002

1734608294
86.8 64.85 49.63 918672

1734608295
87.56 65.71 49.91 913879

1734608296
87.46 66.41 50.17 1180996

1734608297
87.46 66.41 50.17 1074327

1734608298
87.46 66.41 50.17 420688

1734608299
88.28 67.24 50.45 914889

1734608300
88.28 67.24 50.45 922810

1734608301
88.59 67.99 50.72 846704

1734608302
88.59 67.99 50.72 924122

1734608303
88.67 68.68 50.98 890341

1734608304
88.67 68.68 50.98 886589

1734608305
88.54 69.31 51.24 865926

1734608306
88.54 69.31 51.24 874755

1734608307
88.26 69.89 51.48 890569

1734608308
88.26 69.89 51.48 890149

1734608309
88.21 70.48 51.73 948528

1734608310
88.21 70.48 51.73 785192

1734608311
87.81 70.99 51.97 883558

1734608312
87.81 70.99 51.97 868353

1734608313
87.85 71.54 52.21 869270

1734608314
87.85 71.54 52.21 856245

1734608315
87.51 72.02 52.44 1749152

1734608316
87.51 72.02 52.44 74861

1734608317
87.78 72.57 52.69 869948

1734608318
87.78 72.57 52.69 929768

1734608319
88.54 73.21 52.96 940971

1734608320
88.54 73.21 52.96 905808

1734608321
88.99 73.79 53.22 908033

1734608322
88.99 73.79 53.22 920624

1734608323
89.35 74.35 53.48 892887

1734608324
89.35 74.35 53.48 907774

1734608325
89.29 74.83 53.72 838513

1734608326
89.29 74.83 53.72 860207

1734608327
88.51 75.16 53.94 905444

1734608328
88.51 75.16 53.94 917059

1734608329
88.96 75.68 54.19 886258

1734608330
88.96 75.68 54.19 883897

1734608332
88.78 76.09 54.42 1143686

1734608333
85.02 75.82 54.52 1368638

1734608334
85.02 75.82 54.52 637076

1734608335
85.74 76.25 54.75 902643

1734608336
85.74 76.25 54.75 853119

1734608337
85.79 76.57 54.97 872078

1734608338
85.79 76.57 54.97 858305

1734608339
85.64 76.85 55.17 860566

1734608340
85.64 76.85 55.17 853624

1734608341
85.71 77.15 55.38 867705

1734608342
85.71 77.15 55.38 852809

1734608343
85.94 77.47 55.6 891460

1734608344
85.94 77.47 55.6 873328

1734608345
86.13 77.78 55.81 882238

1734608346
86.13 77.78 55.81 887768

1734608347
86.65 78.15 56.04 893331

1734608348
86.65 78.15 56.04 874307

1734608349
86.71 78.44 56.25 897699

1734608350
86.71 78.44 56.25 884133

1734608351
87.13 78.78 56.48 913492

1734608352
87.13 78.78 56.48 888728

1734608353
87.47 79.12 56.7 855659

1734608354
87.47 79.12 56.7 861704

1734608355
87.02 79.31 56.89 939278

1734608357
85.75 79.33 57.05 1508085

1734608358
85.75 79.33 57.05 868072

1734608359
85.61 79.52 57.24 833329

1734608360
85.61 79.52 57.24 874002

1734608361
85.5 79.7 57.43 846531

1734608362
85.5 79.7 57.43 859063

1734608363
85.41 79.87 57.62 882003

1734608364
85.41 79.87 57.62 649378

1734608365
82.98 79.61 57.72 643236

1734608366
82.98 79.61 57.72 768048

1734608367
80.99 79.36 57.82 785995

1734608368
80.99 79.36 57.82 916792

1734608369
82.26 79.65 58.02 903375

1734608370
82.26 79.65 58.02 780489

1734608371
82.57 79.79 58.2 911114

1734608372
82.57 79.79 58.2 892977

1734608373
83.92 80.12 58.42 902671

1734608374
83.92 80.12 58.42 865740

1734608375
84.47 80.35 58.62 934626

1734608376
84.47 80.35 58.62 928401

1734608377
86.02 80.76 58.85 903720

1734608378
86.02 80.76 58.85 780263

1734608379
85.29 80.8 59.01 815648

1734608380
85.29 80.8 59.01 910390

1734608381
85.6 81.0 59.2 885240

1734608382
85.6 81.0 59.2 830562

1734608383
85.31 81.1 59.37 829700

1734608384
85.31 81.1 59.37 644674

1734608385
81.99 80.64 59.42 658303

1734608386
81.99 80.64 59.42 926608

1734608387
82.53 80.78 59.6 795849

1734608388
82.53 80.78 59.6 897903

1734608389
82.44 80.82 59.75 592427

1734608390
82.44 80.82 59.75 637278

1734608391
78.37 80.14 59.75 675214

1734608392
78.37 80.14 59.75 727846

1734608393
77.03 79.84 59.83 716894

1734608394
77.03 79.84 59.83 616024

1734608395
74.85 79.36 59.87 667645

1734608396
74.85 79.36 59.87 668434

1734608397
72.89 78.85 59.89 650156

1734608398
72.89 78.85 59.89 598064

1734608399
71.28 78.37 59.92 618661

1734608400
71.28 78.37 59.92 706813

1734608401
70.32 77.96 59.97 702884

1734608402
70.32 77.96 59.97 612500

1734608403
68.81 77.44 59.98 641036

1734608405
69.21 77.23 60.06 1429675

1734608406
69.21 77.23 60.06 640525

1734608407
68.26 76.8 60.08 721116

1734608408
68.26 76.8 60.08 821205

1734608409
69.66 76.77 60.19 663759

1734608410
69.66 76.77 60.19 772755

1734608411
70.63 76.71 60.29 702643

1734608412
70.63 76.71 60.29 643877

1734608413
69.25 76.26 60.31 668673

1734608414
69.25 76.26 60.31 672566

1734608415
68.84 75.96 60.36 668765

1734608416
68.84 75.96 60.36 656756

1734608417
68.87 75.73 60.42 803330

1734608418
68.87 75.73 60.42 784913

1734608419
70.52 75.81 60.54 792474

1734608420
70.52 75.81 60.54 782950

1734608421
72.24 75.94 60.67 701182

1734608422
72.24 75.94 60.67 436770

1734608423
69.11 75.26 60.63 1221591

1734608424
69.11 75.26 60.63 10802

1734608425
65.11 74.33 60.54 670475

1734608427
66.35 74.26 60.62 1230682

1734608428
66.35 74.26 60.62 622014

1734608429
66.47 74.02 60.66 684543

1734608430
66.47 74.02 60.66 640313

1734608431
65.66 73.62 60.67 601182

1734608432
65.66 73.62 60.67 779925

1734608433
67.17 73.64 60.76 686180

1734608434
67.17 73.64 60.76 663597

1734608435
66.78 73.35 60.79 697228

1734608436
66.78 73.35 60.79 805867

1734608437
68.81 73.51 60.91 815642

1734608438
68.81 73.51 60.91 808809

1734608439
71.38 73.82 61.06 904566

1734608440
71.38 73.82 61.06 862857

1734608441
74.21 74.25 61.24 854867

1734608442
74.21 74.25 61.24 607420

1734608443
72.9 74.01 61.28 659214

1734608444
72.9 74.01 61.28 667296

1734608445
71.29 73.68 61.3 756125

1734608446
71.29 73.68 61.3 899620

1734608447
74.5 74.18 61.49 820225

1734608448
74.5 74.18 61.49 834221

1734608449
76.4 74.54 61.65 919420

1734608450
76.4 74.54 61.65 842466

1734608451
77.77 74.85 61.8 795234

1734608452
77.77 74.85 61.8 868160

1734608454
76.18 74.65 61.85 1287386

1734608455
77.06 74.86 61.98 935820

1734608456
77.06 74.86 61.98 1009839

1734608457
79.58 75.39 62.18 887047

1734608458
79.58 75.39 62.18 813541

1734608459
81.47 75.87 62.37 904579

1734608460
81.47 75.87 62.37 857543

1734608461
82.29 76.2 62.53 881582

1734608462
82.29 76.2 62.53 903149

1734608463
83.68 76.65 62.72 983424

1734608464
83.68 76.65 62.72 752004

1734608465
83.92 76.92 62.87 864706

1734608466
83.92 76.92 62.87 882772

1734608467
84.66 77.29 63.04 837631

1734608468
84.66 77.29 63.04 962532

1734608469
85.99 77.77 63.24 954299

1734608470
85.99 77.77 63.24 811636

1734608471
85.63 77.97 63.38 831914

1734608472
85.63 77.97 63.38 847847

1734608473
85.33 78.17 63.52 858763

1734608474
85.33 78.17 63.52 724347

1734608475
83.1 78.0 63.59 763444

1734608476
83.1 78.0 63.59 714451

1734608477
82.35 78.03 63.69 836441

1734608478
82.35 78.03 63.69 788741

1734608479
81.38 78.0 63.79 673745

1734608480
81.38 78.0 63.79 780650

1734608481
80.04 77.87 63.86 829055

1734608482
80.04 77.87 63.86 891661

1734608483
81.85 78.26 64.03 921649

1734608484
81.85 78.26 64.03 868342

1734608485
82.24 78.45 64.17 771518

1734608486
82.24 78.45 64.17 882106

1734608487
83.46 78.8 64.34 943699

1734608488
83.46 78.8 64.34 924029

1734608489
84.83 79.2 64.52 887107

1734608490
85.58 79.52 64.69 1773344

1734608491
85.58 79.52 64.69 69185

1734608493
82.03 79.07 64.7 1184357

1734608494
82.03 79.07 64.7 646879

1734608495
79.13 78.65 64.71 768157

1734608496
79.13 78.65 64.71 750793

1734608497
78.02 78.46 64.77 722471

1734608498
78.02 78.46 64.77 880986

1734608499
79.64 78.74 64.92 1023843

1734608501
80.61 78.95 65.06 1517176

1734608502
80.61 78.95 65.06 620375

1734608503
77.78 78.49 65.06 717241

1734608504
77.78 78.49 65.06 663929

1734608505
77.46 78.41 65.13 942450

1734608506
77.46 78.41 65.13 521983

1734608507
75.74 78.07 65.15 869553

1734608508
75.74 78.07 65.15 717410

1734608509
77.06 78.23 65.27 899246

1734608510
77.06 78.23 65.27 635034

1734608511
76.5 78.09 65.33 855204

1734608512
76.5 78.09 65.33 1344118

1734608513
78.4 78.38 65.48 373807

1734608514
78.4 78.38 65.48 904451

1734608515
79.96 78.66 65.63 779473

1734608516
79.96 78.66 65.63 616132

1734608517
78.52 78.44 65.67 924193

1734608518
78.52 78.44 65.67 882052

1734608519
80.42 78.79 65.83 886569

1734608520
80.42 78.79 65.83 707721

1734608521
79.07 78.6 65.88 707365

1734608522
79.07 78.6 65.88 704252

1734608523
77.61 78.35 65.92 1200505

1734608524
77.61 78.35 65.92 196562

1734608525
75.87 78.01 65.93 697422

1734608526
75.87 78.01 65.93 875903

1734608527
77.52 78.24 66.06 849981

1734608529
76.7 78.07 66.11 1382030

1734608530
76.7 78.07 66.11 678586

1734608531
74.76 77.67 66.11 660949

1734608532
74.76 77.67 66.11 710671

1734608533
73.35 77.32 66.12 638389

1734608534
73.35 77.32 66.12 701458

1734608535
72.75 77.08 66.14 741799

1734608536
72.75 77.08 66.14 681051

1734608537
71.7 76.75 66.15 645917

1734608538
71.7 76.75 66.15 735566

1734608539
71.39 76.53 66.17 694724

1734608540
71.39 76.53 66.17 634363

1734608541
69.87 76.09 66.15 606538

1734608542
69.87 76.09 66.15 685429

1734608543
68.81 75.69 66.14 632511

1734608544
68.81 75.69 66.14 998752

1734608545
70.83 75.83 66.23 662211

1734608546
70.83 75.83 66.23 656376

1734608547
69.78 75.48 66.22 613925

1734608548
69.78 75.48 66.22 815614

1734608549
71.63 75.63 66.32 912895

1734608550
71.63 75.63 66.32 789488

1734608551
73.69 75.87 66.43 788020

1734608552
73.69 75.87 66.43 843835

1734608553
75.55 76.13 66.55 892078

1734608554
75.55 76.13 66.55 925265

1734608555
78.53 76.65 66.73 932743

1734608556
78.53 76.65 66.73 896138

1734608557
80.61 77.09 66.89 928394

1734608558
80.61 77.09 66.89 907344

1734608559
82.67 77.58 67.06 936293

1734608560
82.67 77.58 67.06 942155

1734608561
84.54 78.08 67.24 946798

1734608562
84.54 78.08 67.24 934978

1734608563
86.07 78.57 67.41 936018

1734608564
86.07 78.57 67.41 929403

1734608565
87.15 79.01 67.58 909440

1734608566
87.15 79.01 67.58 967604

1734608567
88.75 79.57 67.77 974638

1734608568
88.75 79.57 67.77 984911

1734608569
90.42 80.17 67.98 974768

1734608570
90.42 80.17 67.98 972372

1734608571
91.62 80.72 68.18 978756

1734608572
91.62 80.72 68.18 973921

1734608573
92.59 81.25 68.38 977371

1734608574
92.59 81.25 68.38 980577

1734608575
93.39 81.77 68.57 966314

1734608576
93.39 81.77 68.57 976964

1734608577
93.86 82.23 68.76 953021

1734608578
93.86 82.23 68.76 910197

1734608579
93.52 82.55 68.92 938270

1734608580
93.52 82.55 68.92 936392

1734608581
93.79 82.96 69.1 970923

1734608582
93.79 82.96 69.1 979686

1734608583
94.37 83.42 69.29 982729

1734608584
94.37 83.42 69.29 1134848

1734608586
94.66 83.83 69.47 1761492

1734608587
94.72 84.2 69.65 957488

1734608588
94.72 84.2 69.65 966815

1734608589
94.96 84.58 69.83 961640

1734608590
94.96 84.58 69.83 962857

1734608591
94.96 84.92 70.0 950004

1734608592
94.96 84.92 70.0 965708

1734608593
94.97 85.25 70.17 809793

1734608594
94.97 85.25 70.17 64164

1734608595
84.47 83.67 69.94 809379

1734608596
84.47 83.67 69.94 935306

1734608597
85.83 83.95 70.09 905932

1734608598
85.83 83.95 70.09 965326

1734608599
87.49 84.31 70.27 1956593

1734608600
87.49 84.31 70.27 194637

1734608602
89.21 84.72 70.45 1788919

1734608603
90.62 85.13 70.63 2265627

1734608604
90.62 85.13 70.63 78533

1734608606
92.14 85.58 70.82 1572907

1734608607
93.38 86.02 71.02 984781

1734608608
93.38 86.02 71.02 995258

1734608609
94.22 86.41 71.2 974052

1734608610
94.22 86.41 71.2 985802

1734608611
94.9 86.79 71.39 986677

1734608612
94.9 86.79 71.39 990404

1734608613
95.46 87.16 71.57 981517

1734608614
95.46 87.16 71.57 971443

1734608615
95.74 87.48 71.74 971116

1734608616
95.74 87.48 71.74 985608

1734608617
96.15 87.82 71.92 990304

1734608618
96.15 87.82 71.92 956037

1734608619
96.12 88.09 72.09 970974

1734608620
96.12 88.09 72.09 950115

1734608621
95.56 88.25 72.23 911701

1734608622
95.56 88.25 72.23 992685

1734608623
95.82 88.54 72.4 968217

1734608624
95.82 88.54 72.4 981385

1734608625
95.85 88.78 72.56 944865

1734608626
95.85 88.78 72.56 939394

1734608627
95.33 88.92 72.7 928752

1734608628
95.33 88.92 72.7 968072

1734608629
95.63 89.18 72.87 985162

1734608630
95.63 89.18 72.87 1072634

1734608632
95.7 89.41 73.02 1845773

1734608633
95.93 89.66 73.19 961658

1734608634
95.93 89.66 73.19 990082

1734608635
96.31 89.93 73.36 981321

1734608636
96.31 89.93 73.36 995281

1734608637
96.61 90.19 73.53 979176

1734608638
96.61 90.19 73.53 993308

1734608639
96.86 90.45 73.69 986612

1734608640
96.86 90.45 73.69 996230

1734608641
97.07 90.7 73.86 970282

1734608642
97.07 90.7 73.86 994604

1734608643
97.24 90.93 74.03 986150

1734608644
97.24 90.93 74.03 982718

1734608645
97.19 91.13 74.18 959031

1734608646
97.19 91.13 74.18 979956

1734608647
97.16 91.33 74.34 991077

1734608648
97.16 91.33 74.34 989349

1734608649
97.31 91.54 74.5 989218

1734608650
97.31 91.54 74.5 983536

1734608651
97.43 91.76 74.66 976714

1734608652
97.43 91.76 74.66 984790

1734608653
97.35 91.93 74.82 956510

1734608654
97.35 91.93 74.82 964298

1734608655
97.11 92.06 74.96 963258

1734608656
97.11 92.06 74.96 976757

1734608657
97.09 92.22 75.11 2837128

1734608659
97.25 92.41 75.27 1137830

1734608660
96.12 92.36 75.38 1144113

1734608661
96.12 92.36 75.38 27048

1734608663
95.55 92.39 75.5 1949793

1734608664
95.55 92.39 75.5 624018

1734608665
95.45 92.47 75.63 2436946

1734608667
95.45 92.47 75.63 23641

1734608668
95.37 92.55 75.76 1288008

1734608669
94.76 92.54 75.87 1908031

1734608670
94.98 92.65 76.01 2336299

1734608673
94.98 92.65 76.01 0

1734608674
93.78 92.57 76.22 2855561

1734608676
93.78 92.57 76.22 33603

1734608677
92.37 92.36 76.29 2450990

1734608679
91.4 92.18 76.36 1510386

1734608680
91.4 92.18 76.36 16834

1734608681
91.87 92.24 76.48 1372008

1734608682
88.63 91.64 76.47 993817

1734608683
88.63 91.64 76.47 309080

1734608685
88.63 91.64 76.47 750284

1734608686
83.62 90.64 76.36 814494

1734608687
79.89 89.74 76.27 629056

1734608688
79.89 89.74 76.27 637736

1734608689
78.09 89.09 76.23 805154

1734608690
78.09 89.09 76.23 639671

1734608691
76.27 88.4 76.17 714635

1734608692
76.27 88.4 76.17 753861

1734608693
77.48 88.22 76.22 923516

1734608694
77.48 88.22 76.22 941500

1734608695
80.29 88.38 76.33 956986

1734608696
80.29 88.38 76.33 956891

1734608697
82.96 88.6 76.46 946104

1734608698
82.96 88.6 76.46 948505

1734608699
84.96 88.77 76.58 945076

1734608700
84.96 88.77 76.58 924978

1734608701
85.69 88.78 76.66 1484037

1734608703
85.69 88.78 76.66 4122

1734608704
77.23 87.15 76.41 569314

1734608705
74.47 86.33 76.31 676642

1734608706
74.47 86.33 76.31 1157515

1734608707
76.38 86.28 76.37 842172

1734608708
76.38 86.28 76.37 814317

1734608709
76.31 85.95 76.36 664361

1734608710
76.31 85.95 76.36 591873

1734608712
71.54 84.77 76.18 345775

1734608713
69.99 84.06 76.09 1419753

1734608714
69.99 84.06 76.09 883507

1734608715
73.07 84.15 76.17 1479616

1734608716
73.07 84.15 76.17 294517

1734608717
75.41 84.22 76.24 744821

1734608718
75.41 84.22 76.24 603564

1734608719
72.98 83.49 76.14 678005

1734608720
74.43 83.41 76.17 2445115

1734608722
73.81 83.0 76.14 484241

1734608724
73.81 83.0 76.14 100756

1734608725
73.81 83.0 76.14 608827

1734608726
70.76 82.15 76.0 980070

1734608727
69.36 81.52 75.92 1187765

1734608728
69.36 81.52 75.92 710087

1734608729
69.36 81.52 75.92 184865

1734608730
71.83 81.57 75.96 1002148

1734608731
68.96 80.73 75.83 1385477

1734608733
68.96 80.73 75.83 4548

1734608734
62.94 78.87 75.5 1092941

1734608736
62.94 78.87 75.5 343451

1734608738
56.25 77.14 75.16 801838

1734608739
58.92 76.94 75.13 1689609

1734608740
58.92 76.94 75.13 599976

1734608742
64.02 76.81 75.13 1735965

1734608744
64.02 76.81 75.13 848209

1734608745
62.02 76.03 74.98 58106

1734608746
59.48 75.11 74.8 943676

1734608749
59.48 75.11 74.8 3875

1734608750
50.15 72.91 74.34 1887639

1734608751
55.69 72.67 74.27 1118868

1734608753
55.69 72.67 74.27 45944

1734608754
55.69 72.67 74.27 891668

1734608755
66.52 73.69 74.47 2741456

1734608757
66.52 73.69 74.47 0

1734608758
66.52 73.69 74.47 1354254

1734608759
68.6 73.83 74.49 797017

1734608760
68.6 73.83 74.49 490289

1734608761
70.3 73.96 74.52 665209

1734608762
58.41 71.55 74.0 1213589

1734608766
58.41 71.55 74.0 58290

1734608767
55.8 70.65 73.8 1368850

1734608768
54.2 69.88 73.61 907216

1734608770
54.2 69.88 73.61 113482

1734608771
64.38 70.8 73.76 2903340

1734608773
64.38 70.8 73.76 521592

1734608775
64.38 70.8 73.76 682714

1734608777
68.22 71.11 73.78 2204806

1734608778
68.22 71.11 73.78 0

1734608780
70.54 71.43 73.83 1746854

1734608781
70.54 71.43 73.83 790338

1734608782
72.79 71.81 73.89 894591

1734608783
72.79 71.81 73.89 878130

1734608784
75.91 72.4 74.0 959077

1734608785
75.91 72.4 74.0 926089

1734608786
79.01 73.08 74.13 944838

1734608787
79.01 73.08 74.13 956726

1734608788
81.9 73.8 74.28 935703

1734608789
81.9 73.8 74.28 893377

1734608790
82.46 74.16 74.35 755982

1734608791
82.46 74.16 74.35 603650

1734608792
79.84 73.96 74.31 649320

1734608793
79.84 73.96 74.31 770755

1734608794
78.6 73.93 74.3 791508

1734608795
78.6 73.93 74.3 794899

1734608796
78.85 74.13 74.34 588192

1734608797
78.85 74.13 74.34 886333

1734608798
77.79 74.09 74.33 818440

1734608799
77.79 74.09 74.33 765195

1734608800
77.83 74.22 74.35 1349930

1734608801
74.78 73.79 74.26 528805

1734608802
74.78 73.79 74.26 51031

1734608804
73.73 73.63 74.22 1456305

1734608805
73.73 73.63 74.22 695292

1734608806
73.42 73.57 74.21 739239

1734608807
73.42 73.57 74.21 845156

1734608808
74.79 73.82 74.26 923299

1734608809
74.79 73.82 74.26 862281

1734608810
77.0 74.25 74.34 872842

1734608811
77.0 74.25 74.34 749704

1734608812
77.36 74.4 74.37 829689

1734608813
77.36 74.4 74.37 693256

1734608814
76.75 74.39 74.37 730633

1734608815
76.75 74.39 74.37 770341

1734608816
76.98 74.51 74.4 838790

1734608817
76.98 74.51 74.4 665564

1734608818
76.8 74.56 74.41 791586

1734608819
76.8 74.56 74.41 770302

1734608820
77.02 74.67 74.43 870795

1734608821
77.02 74.67 74.43 859264

1734608822
78.64 75.04 74.51 811279

1734608823
78.64 75.04 74.51 851150

1734608824
78.89 75.2 74.55 741028

1734608825
78.89 75.2 74.55 711942

1734608826
78.0 75.16 74.55 722205

1734608827
78.0 75.16 74.55 762545

1734608828
77.46 75.16 74.55 845236

1734608829
77.46 75.16 74.55 835450

1734608830
78.64 75.45 74.61 907030

1734608831
78.64 75.45 74.61 955868

1734608832
80.34 75.86 74.71 812984

1734608833
80.34 75.86 74.71 802596

1734608834
81.0 76.12 74.77 894696

1734608835
81.0 76.12 74.77 836880

1734608836
81.9 76.45 74.85 890796

1734608837
81.9 76.45 74.85 934131

1734608838
81.74 76.6 74.89 807045

1734608839
81.74 76.6 74.89 525561

1734608840
80.15 76.48 74.88 733567

1734608841
80.15 76.48 74.88 634263

1734608842
77.59 76.14 74.82 634308

1734608843
77.59 76.14 74.82 826881

1734608844
77.66 76.2 74.84 904058

1734608845
77.66 76.2 74.84 919457

1734608846
80.08 76.68 74.95 937399

1734608847
80.08 76.68 74.95 958499

1734608848
75.75 76.19 74.87 1387929

1734608850
75.75 76.19 74.87 0

1734608851
75.75 76.19 74.87 901367

1734608852
72.93 75.55 74.75 1912576

1734608855
72.93 75.55 74.75 117076

1734608856
65.7 74.15 74.47 761925

1734608857
63.22 73.43 74.31 788222

1734608858
63.22 73.43 74.31 487081

1734608859
63.22 73.43 74.31 3202

1734608860
58.1 72.17 74.04 696737

1734608861
54.82 71.12 73.81 259172

1734608863
59.02 71.34 73.84 1559094

1734608864
59.02 71.34 73.84 287054

1734608865
57.2 70.61 73.67 943450

1734608866
57.2 70.61 73.67 212408

1734608868
54.45 69.68 73.45 782617

1734608869
54.45 69.68 73.45 859824

1734608870
59.98 70.18 73.53 827107

1734608871
59.98 70.18 73.53 924500

1734608872
65.24 70.79 73.64 871570

1734608873
65.24 70.79 73.64 911223

1734608875
69.0 71.29 73.72 1587955

1734608876
68.27 71.08 73.66 491532

1734608877
68.27 71.08 73.66 876133

1734608878
70.76 71.44 73.72 797776

1734608879
70.76 71.44 73.72 782102

1734608880
71.89 71.62 73.74 730495

1734608881
71.89 71.62 73.74 785477

1734608882
72.63 71.77 73.76 805233

1734608883
72.63 71.77 73.76 878012

1734608884
73.6 71.97 73.79 467793

1734608885
73.6 71.97 73.79 612754

1734608886
71.32 71.61 73.7 613702

1734608887
71.32 71.61 73.7 619885

1734608888
67.46 70.9 73.54 199537

1734608889
67.46 70.9 73.54 3668

1734608890
55.42 68.62 73.04 329048

1734608891
55.42 68.62 73.04 333093

1734608892
51.17 67.42 72.76 2262

1734608893
46.07 65.97 72.42 713642

1734608894
46.07 65.97 72.42 111481

1734608895
46.07 65.97 72.42 1317314

1734608896
53.48 66.65 72.52 393763

1734608897
53.48 66.65 72.52 270553

1734608898
53.03 66.14 72.37 2067302

1734608899
53.03 66.14 72.37 57185

1734608901
60.81 67.12 72.53 1658250

1734608902
66.28 67.9 72.66 892425

1734608903
66.28 67.9 72.66 981136

1734608904
71.48 68.79 72.81 1237694

1734608905
74.11 69.35 72.9 1089297

1734608906
74.11 69.35 72.9 383604

1734608908
77.65 70.27 73.05 2988808

1734608910
77.65 70.27 73.05 489457

1734608911
77.65 70.27 73.05 184400

1734608912
77.35 70.46 73.07 905314

1734608913
77.35 70.46 73.07 1213220

1734608914
78.01 70.81 73.12 1157223

1734608915
78.01 70.81 73.12 162298

1734608916
80.54 71.5 73.25 1147881

1734608917
80.54 71.5 73.25 868139

1734608918
81.89 72.04 73.35 812304

1734608919
81.89 72.04 73.35 712356

1734608920
82.45 72.46 73.43 830778

1734608921
82.45 72.46 73.43 814285

1734608922
82.73 72.84 73.51 893926

1734608923
82.73 72.84 73.51 858588

1734608924
82.06 73.04 73.54 697725

1734608925
82.06 73.04 73.54 827960

1734608926
82.41 73.4 73.62 885853

1734608927
82.41 73.4 73.62 799218

1734608928
81.06 73.45 73.62 679787

1734608929
81.06 73.45 73.62 859054

1734608930
80.87 73.67 73.67 1249902

1734608931
80.87 73.67 73.67 206900

1734608932
80.35 73.81 73.7 876673

1734608933
80.35 73.81 73.7 912320

1734608934
82.1 74.34 73.81 896068

1734608935
82.1 74.34 73.81 791009

1734608936
81.9 74.56 73.86 830979

1734608937
81.9 74.56 73.86 561966

1734608938
78.47 74.18 73.79 722686

1734608939
78.47 74.18 73.79 937838

1734608940
81.29 74.83 73.92 954092

1734608941
81.29 74.83 73.92 882658

1734608942
82.86 75.32 74.03 920299

1734608943
82.86 75.32 74.03 1025654

1734608944
83.43 75.67 74.12 700997

1734608945
83.43 75.67 74.12 865846

1734608946
83.71 75.98 74.19 848890

1734608947
83.71 75.98 74.19 925241

1734608948
85.03 76.47 74.31 898671

1734608949
85.03 76.47 74.31 905741

1734608950
84.85 76.72 74.37 803718

1734608951
84.85 76.72 74.37 621937

1734608952
82.52 76.56 74.36 810408

1734608953
82.52 76.56 74.36 892012

1734608954
82.6 76.77 74.41 791766

1734608955
82.6 76.77 74.41 625104

1734608956
78.33 76.19 74.31 567439

1734608958
70.66 74.87 74.05 738924

1734608959
70.66 74.87 74.05 764423

1734608960
72.35 75.04 74.09 864001

1734608961
72.35 75.04 74.09 938145

1734608962
72.29 74.94 74.07 500381

1734608963
72.29 74.94 74.07 832859

1734608964
74.77 75.3 74.15 898184

1734608965
74.77 75.3 74.15 915246

1734608966
77.89 75.85 74.28 944603

1734608967
77.89 75.85 74.28 902559

1734608968
80.63 76.41 74.41 1196263

1734608969
80.63 76.41 74.41 667942

1734608970
82.87 76.95 74.53 942418

1734608971
82.87 76.95 74.53 947228

1734608972
84.52 77.45 74.65 908249

1734608973
84.52 77.45 74.65 944904

1734608974
86.06 77.96 74.78 931880

1734608975
86.06 77.96 74.78 936090

1734608976
87.49 78.48 74.91 951914

1734608977
87.49 78.48 74.91 934322

1734608978
88.49 78.96 75.03 931197

1734608979
88.49 78.96 75.03 909309

1734608980
89.31 79.42 75.16 948264

1734608981
89.31 79.42 75.16 921078

1734608982
89.25 79.73 75.25 870122

1734608983
89.25 79.73 75.25 913093

1734608984
89.2 80.03 75.35 875493

1734608985
89.2 80.03 75.35 877363

1734608986
88.8 80.26 75.43 870395

1734608987
88.8 80.26 75.43 899020

1734608988
89.02 80.58 75.53 916361

1734608989
89.02 80.58 75.53 894838

1734608990
89.02 80.58 75.53 894245

1734608991
89.02 80.85 75.62 879683

1734608992
89.02 80.85 75.62 894814

1734608993
88.83 81.09 75.7 880050

1734608994
88.83 81.09 75.7 892163

1734608995
88.68 81.31 75.79 1273340

1734608996
88.01 81.43 75.85 1535610

1734608997
88.01 81.43 75.85 18762

1734608999
88.01 81.65 75.93 1581338

1734609000
88.01 81.65 75.93 880107

1734609001
88.37 81.92 76.03 924113

1734609002
88.37 81.92 76.03 848882

1734609003
88.3 82.12 76.11 1079111

1734609004
88.3 82.12 76.11 662330

1734609005
87.88 82.25 76.18 840103

1734609006
87.88 82.25 76.18 848241

1734609007
87.18 82.31 76.23 893136

1734609008
87.18 82.31 76.23 868930

1734609009
87.33 82.49 76.31 882832

1734609010
87.33 82.49 76.31 885312

1734609011
87.45 82.67 76.39 887909

1734609012
87.45 82.67 76.39 899099

1734609013
87.73 82.88 76.48 863024

1734609014
87.73 82.88 76.48 855414

1734609015
87.23 82.95 76.54 867188

1734609016
87.23 82.95 76.54 889902

1734609017
87.37 83.11 76.62 900347

1734609018
87.37 83.11 76.62 905424

1734609019
87.67 83.31 76.7 957528

1734609020
88.45 83.59 76.81 961900

1734609021
88.45 83.59 76.81 818219

1734609022
88.45 83.59 76.81 935474

1734609023
89.09 83.87 76.91 873090

1734609024
89.09 83.87 76.91 895258

1734609025
88.89 84.0 76.99 1742900

1734609026
88.91 84.17 77.07 125162

1734609027
88.91 84.17 77.07 792438

1734609028
88.91 84.17 77.07 895172

1734609029
88.75 84.29 77.14 930377

1734609030
88.97 84.48 77.23 1074038

1734609031
88.97 84.48 77.23 708193

1734609032
88.97 84.48 77.23 855278

1734609033
88.61 84.56 77.3 765335

1734609034
88.61 84.56 77.3 780948

1734609035
86.51 84.31 77.3 848623

1734609036
86.51 84.31 77.3 867860

1734609037
86.42 84.37 77.36 880702

1734609038
86.42 84.37 77.36 836226

1734609039
86.16 84.39 77.41 872410

1734609040
86.16 84.39 77.41 889218

1734609041
86.49 84.51 77.48 883814

1734609042
86.49 84.51 77.48 912254

1734609043
86.94 84.65 77.56 923379

1734609044
86.94 84.65 77.56 898111

1734609045
87.5 84.83 77.65 911151

1734609046
87.5 84.83 77.65 906942

1734609047
88.13 85.03 77.74 886054

1734609048
88.13 85.03 77.74 885416

1734609049
88.11 85.13 77.81 813994

1734609050
88.11 85.13 77.81 819306

1734609051
87.0 85.03 77.84 980792

1734609052
87.0 85.03 77.84 554503

1734609053
84.46 84.63 77.8 689791

1734609054
84.46 84.63 77.8 964942

1734609055
84.74 84.68 77.86 853884

1734609056
84.74 84.68 77.86 951179

1734609057
85.51 84.82 77.94 737085

1734609058
85.51 84.82 77.94 645183

1734609059
82.52 84.3 77.87 892462

1734609060
82.52 84.3 77.87 657141

1734609061
80.97 83.96 77.85 618404

1734609062
80.97 83.96 77.85 758604

1734609063
79.17 83.54 77.8 841680

1734609064
79.17 83.54 77.8 826673

1734609065
80.04 83.55 77.84 840003

1734609066
80.04 83.55 77.84 762075

1734609067
79.85 83.4 77.85 922023

1734609068
79.85 83.4 77.85 853418

1734609069
81.33 83.55 77.92 634901

1734609070
81.33 83.55 77.92 698173

1734609071
78.01 82.88 77.82 758429

1734609072
71.3 81.51 77.57 214248

1734609074
71.3 81.51 77.57 1361784

1734609075
72.51 81.4 77.57 816484

1734609076
72.51 81.4 77.57 746755

1734609077
73.33 81.25 77.57 715223

1734609078
73.33 81.25 77.57 676297

1734609079
72.18 80.79 77.49 794750

1734609080
72.18 80.79 77.49 955170

1734609081
74.32 80.89 77.54 692236

1734609082
72.63 80.37 77.45 654105

1734609086
50.92 75.67 76.5 311665

1734609087
50.92 75.67 76.5 526084

1734609088
42.61 72.52 75.82 669269

1734609091
42.61 72.52 75.82 59533

1734609092
42.14 71.46 75.58 827722

1734609093
45.92 71.18 75.49 1606507

1734609095
45.92 71.18 75.49 108839

1734609096
44.66 70.13 75.24 197126

1734609097
36.93 67.9 74.74 52630

1734609099
36.93 67.9 74.74 489168

1734609100
42.92 67.97 74.71 1132739

1734609102
42.21 67.02 74.46 619373

1734609103
42.21 67.02 74.46 19902

1734609104
38.73 65.58 74.11 768317

1734609105
38.73 65.58 74.11 714513

1734609106
44.57 65.76 74.09 629983

1734609107
44.57 65.76 74.09 886566

1734609108
51.17 66.26 74.14 926205

1734609109
51.17 66.26 74.14 965840

1734609110
59.11 67.2 74.28 920335

1734609111
59.11 67.2 74.28 833993

1734609112
63.62 67.75 74.35 1492551

1734609113
65.14 67.89 74.33 838572

1734609115
67.47 68.22 74.36 1379231

1734609116
67.47 68.22 74.36 188673

1734609117
67.47 68.22 74.36 858918

1734609118
69.92 68.64 74.4 702970

1734609119
69.92 68.64 74.4 668696

1734609120
70.29 68.75 74.39 763575

1734609121
70.29 68.75 74.39 598573

1734609122
69.33 68.62 74.32 851485

1734609123
63.11 67.52 74.05 585465

1734609125
63.11 67.52 74.05 23657

1734609126
58.93 66.62 73.82 1021436

1734609127
58.93 66.62 73.82 47789

1734609128
54.95 65.65 73.57 977854

1734609129
54.95 65.65 73.57 66717

1734609130
58.22 65.89 73.56 904344

1734609131
58.22 65.89 73.56 965087

1734609132
64.7 66.81 73.7 891790

1734609133
64.7 66.81 73.7 897118

1734609134
69.1 67.54 73.81 892903

1734609135
69.1 67.54 73.81 866568

1734609136
72.71 68.24 73.91 961465

1734609137
72.71 68.24 73.91 951603

1734609138
76.74 69.12 74.06 951196

1734609139
76.74 69.12 74.06 928178

1734609140
79.51 69.86 74.18 938912

1734609141
79.51 69.86 74.18 957819

1734609142
82.49 70.72 74.33 950144

1734609143
82.49 70.72 74.33 920491

1734609144
84.03 71.38 74.44 896572

1734609145
84.03 71.38 74.44 873462

1734609146
82.94 71.6 74.47 661064

1734609147
82.94 71.6 74.47 612293

1734609148
80.23 71.48 74.42 1144644

1734609149
80.23 71.48 74.42 382607

1734609150
78.38 71.43 74.39 877107

1734609152
68.53 69.88 74.05 181373

1734609153
68.53 69.88 74.05 941758

1734609154
71.87 70.44 74.14 949689

1734609155
71.87 70.44 74.14 950049

1734609156
76.06 71.24 74.28 932295

1734609157
76.06 71.24 74.28 937666

1734609158
79.13 71.96 74.41 954422

1734609159
79.13 71.96 74.41 935737

1734609160
81.64 72.64 74.54 932120

1734609161
81.64 72.64 74.54 945111

1734609162
84.06 73.38 74.68 968937

1734609163
84.06 73.38 74.68 964817

1734609164
86.22 74.12 74.82 962878

1734609165
86.22 74.12 74.82 924528

1734609166
87.63 74.77 74.95 966418

1734609167
87.63 74.77 74.95 922980

1734609168
88.6 75.36 75.08 958673

1734609169
88.6 75.36 75.08 990330

1734609170
90.3 76.1 75.23 983996

1734609171
90.3 76.1 75.23 938461

1734609172
90.97 76.69 75.36 957417

1734609173
90.97 76.69 75.36 979478

1734609174
92.25 77.39 75.52 988551

1734609175
92.25 77.39 75.52 960339

1734609176
93.11 78.03 75.66 954895

1734609177
93.11 78.03 75.66 923312

1734609178
92.72 78.45 75.77 907566

1734609179
92.72 78.45 75.77 833866

1734609180
91.87 78.76 75.85 918414

1734609181
91.87 78.76 75.85 812307

1734609182
90.8 79.0 75.92 925914

1734609183
90.8 79.0 75.92 929340

1734609184
91.02 79.43 76.03 916954

1734609185
91.02 79.43 76.03 865966

1734609186
90.65 79.74 76.12 921277

1734609187
90.65 79.74 76.12 835654

1734609188
88.72 79.75 76.15 766494

1734609189
88.72 79.75 76.15 697705

1734609190
86.05 79.56 76.13 823203

1734609191
86.05 79.56 76.13 951588

1734609192
87.85 80.1 76.27 980908

1734609193
87.85 80.1 76.27 938565

1734609194
87.16 80.23 76.32 659754

1734609195
87.16 80.23 76.32 656956

1734609196
83.14 79.73 76.25 716878

1734609197
83.14 79.73 76.25 867000

1734609198
84.38 80.06 76.34 985721

1734609199
84.38 80.06 76.34 852749

1734609200
84.68 80.26 76.41 849034

1734609201
84.68 80.26 76.41 888616

1734609202
85.82 80.61 76.51 968873

1734609203
85.82 80.61 76.51 922074

1734609204
86.76 80.95 76.6 896321

1734609205
86.76 80.95 76.6 974117

1734609206
88.43 81.44 76.74 944609

1734609207
88.43 81.44 76.74 934369

1734609208
89.26 81.82 76.85 933730

1734609209
89.26 81.82 76.85 922373

1734609210
90.12 82.22 76.97 929314

1734609211
90.12 82.22 76.97 975555

1734609212
91.0 82.64 77.09 967694

1734609213
91.0 82.64 77.09 961113

1734609214
91.91 83.07 77.22 966718

1734609215
91.91 83.07 77.22 982944

1734609216
92.83 83.53 77.35 970770

1734609217
92.83 83.53 77.35 907143

1734609218
91.77 83.64 77.42 800429

1734609219
91.77 83.64 77.42 910690

1734609220
91.27 83.82 77.5 928658

1734609221
91.27 83.82 77.5 909248

1734609222
91.04 84.02 77.59 886602

1734609223
91.04 84.02 77.59 927386

1734609224
91.21 84.28 77.68 936223

1734609225
91.21 84.28 77.68 670495

1734609226
88.09 83.95 77.66 778014

1734609227
88.09 83.95 77.66 885448

1734609228
88.44 84.14 77.74 971851

1734609229
88.44 84.14 77.74 996260

1734609230
89.99 84.56 77.88 949538

1734609231
89.99 84.56 77.88 981191

1734609232
91.44 85.0 78.01 982567

1734609233
91.44 85.0 78.01 983103

1734609234
92.63 85.43 78.15 976084

1734609235
92.63 85.43 78.15 973613

1734609236
93.42 85.81 78.28 990879

1734609237
93.42 85.81 78.28 988050

1734609238
94.43 86.24 78.42 1049407

1734609239
94.43 86.24 78.42 934386

1734609240
95.26 86.66 78.56 991869

1734609241
95.26 86.66 78.56 982179

1734609242
95.57 87.0 78.69 973215

1734609243
95.57 87.0 78.69 970952

1734609244
95.83 87.32 78.81 982264

1734609245
95.83 87.32 78.81 961732

1734609246
95.86 87.61 78.93 965610

1734609247
95.86 87.61 78.93 989145

1734609248
96.25 87.95 79.06 984317

1734609249
96.25 87.95 79.06 953909

1734609250
96.02 88.18 79.17 948468

1734609251
96.02 88.18 79.17 923440

1734609252
95.29 88.3 79.26 910900

1734609253
95.29 88.3 79.26 888119

1734609254
93.97 88.29 79.32 873331

1734609255
93.97 88.29 79.32 946049

1734609256
93.97 88.48 79.42 948954

1734609257
93.97 88.48 79.42 938675

1734609258
93.43 88.56 79.5 1703077

1734609259
91.0 88.28 79.5 768820

1734609260
91.0 88.28 79.5 49503

1734609261
91.0 88.28 79.5 672013

1734609262
87.92 87.81 79.46 862140

1734609263
87.92 87.81 79.46 937285

1734609264
89.02 88.02 79.56 944472

1734609265
89.02 88.02 79.56 923792

1734609266
89.2 88.08 79.64 865139

1734609267
89.2 88.08 79.64 795397

1734609268
87.53 87.82 79.64 814502

1734609269
87.53 87.82 79.64 807266

1734609270
85.8 87.5 79.63 710370

1734609271
85.8 87.5 79.63 662234

1734609272
83.3 86.99 79.58 854945

1734609273
83.3 86.99 79.58 932441

1734609274
85.06 87.18 79.67 926881

1734609275
85.06 87.18 79.67 871102

1734609276
85.41 87.18 79.72 881889

1734609277
86.6 87.34 79.8 1759984

1734609278
86.6 87.34 79.8 97312

1734609279
86.6 87.34 79.8 1116819

1734609280
88.48 87.65 79.92 825024

1734609281
88.48 87.65 79.92 973366

1734609282
90.03 87.96 80.04 963820

1734609283
90.03 87.96 80.04 945299

1734609284
90.56 88.12 80.12 913710

1734609285
90.56 88.12 80.12 904675

1734609286
90.82 88.25 80.21 944472

1734609287
90.82 88.25 80.21 915213

1734609288
91.04 88.37 80.29 939897

1734609289
91.04 88.37 80.29 934588

1734609290
91.39 88.52 80.37 1303041

1734609291
91.39 88.52 80.37 498899

1734609292
90.96 88.54 80.43 916246

1734609293
90.96 88.54 80.43 934335

1734609294
90.78 88.59 80.5 867962

1734609295
89.91 88.5 80.54 1682916

1734609296
89.91 88.5 80.54 95324

1734609297
89.91 88.5 80.54 1026777

1734609298
89.75 88.52 80.59 731166

1734609299
89.75 88.52 80.59 909464

1734609300
90.16 88.63 80.67 944877

1734609301
90.16 88.63 80.67 933652

1734609302
90.49 88.74 80.75 914068

1734609303
90.49 88.74 80.75 912862

1734609304
90.58 88.82 80.82 912005

1734609305
90.58 88.82 80.82 944002

1734609306
91.02 88.95 80.9 931841

1734609307
91.02 88.95 80.9 903138

1734609308
91.01 89.02 80.97 919145

1734609309
91.01 89.02 80.97 934537

1734609310
91.55 89.18 81.06 956530

1734609311
91.55 89.18 81.06 900340

1734609312
91.45 89.24 81.13 913728

1734609313
91.45 89.24 81.13 1116476

1734609314
92.09 89.43 81.23 796056

1734609315
92.09 89.43 81.23 962357

1734609316
92.26 89.55 81.31 901925

1734609317
92.26 89.55 81.31 949544

1734609318
92.75 89.73 81.4 956521

1734609319
92.75 89.73 81.4 919047

1734609320
92.44 89.77 81.47 923043

1734609321
92.44 89.77 81.47 919321

1734609322
92.36 89.84 81.54 935651

1734609323
92.36 89.84 81.54 949307

1734609324
92.11 89.88 81.6 890306

1734609325
92.11 89.88 81.6 932632

1734609326
92.27 89.98 81.68 933467

1734609327
92.27 89.98 81.68 910632

1734609328
93.41 90.34 81.87 3704242

1734609331
93.41 90.34 81.87 0

1734609332
93.41 90.34 81.87 963513

1734609333
93.88 90.52 81.97 975731

1734609334
93.88 90.52 81.97 970410

1734609335
94.45 90.74 82.07 962450

1734609336
94.45 90.74 82.07 981516

1734609337
94.73 90.91 82.17 924582

1734609338
94.73 90.91 82.17 941000

1734609339
94.23 90.94 82.23 925446

1734609340
94.23 90.94 82.23 924597

1734609341
93.83 90.98 82.3 921096

1734609342
93.49 91.01 82.37 1128267

1734609343
93.49 91.01 82.37 732643

1734609344
93.49 91.01 82.37 912566

1734609345
93.22 91.04 82.43 934690

1734609346
93.22 91.04 82.43 913291

1734609347
93.0 91.08 82.5 894758

1734609348
93.0 91.08 82.5 882757

1734609349
92.09 90.97 82.54 885659

1734609350
92.09 90.97 82.54 881310

1734609351
91.35 90.88 82.57 804064

1734609352
91.35 90.88 82.57 681338

1734609353
88.03 90.29 82.51 998540

1734609354
88.03 90.29 82.51 923037

1734609355
89.47 90.48 82.6 974520

1734609356
89.47 90.48 82.6 925945

1734609357
90.29 90.59 82.68 935751

1734609358
90.29 90.59 82.68 916348

1734609359
90.6 90.64 82.74 904396

1734609360
90.6 90.64 82.74 905597

1734609361
90.49 90.62 82.79 919184

1734609362
90.49 90.62 82.79 909347

1734609363
90.58 90.63 82.85 906117

1734609364
90.58 90.63 82.85 928972

1734609365
90.66 90.64 82.9 937837

1734609366
90.66 90.64 82.9 919449

1734609367
91.08 90.72 82.97 930716

1734609368
91.08 90.72 82.97 916873

1734609369
91.06 90.73 83.03 932155

1734609370
91.06 90.73 83.03 932544

1734609371
91.41 90.8 83.1 932185

1734609372
91.41 90.8 83.1 920417

1734609373
91.52 90.84 83.16 1049750

1734609375
91.42 90.85 83.21 1684037

1734609376
91.42 90.85 83.21 936351

1734609377
91.35 90.85 83.26 935744

1734609378
91.35 90.85 83.26 937949

1734609379
91.65 90.92 83.33 915368

1734609380
91.65 90.92 83.33 1050320

1734609381
91.35 90.89 83.38 771630

1734609382
91.35 90.89 83.38 914398

1734609383
91.28 90.9 83.43 914986

1734609384
91.28 90.9 83.43 897889

1734609385
91.05 90.87 83.47 1502924

1734609386
91.05 90.87 83.47 303930

1734609387
90.13 90.71 83.49 827708

1734609388
90.13 90.71 83.49 896470

1734609389
90.11 90.68 83.54 908079

1734609390
90.11 90.68 83.54 929205

1734609391
90.45 90.73 83.6 910221

1734609392
90.45 90.73 83.6 985882

1734609393
90.37 90.7 83.64 822973

1734609394
90.37 90.7 83.64 910667

1734609395
90.48 90.71 83.69 913269

1734609396
90.48 90.71 83.69 908851

1734609397
90.65 90.73 83.79 2440598

1734609399
90.65 90.73 83.79 308425

1734609400
90.65 90.73 83.79 858385

1734609401
90.17 90.64 83.82 886238

1734609402
90.17 90.64 83.82 893621

1734609403
89.78 90.55 83.85 909848

1734609404
89.78 90.55 83.85 920963

1734609405
90.0 90.57 83.9 895508

1734609406
90.0 90.57 83.9 872721

1734609407
89.63 90.48 83.92 890523

1734609408
89.63 90.48 83.92 900056

1734609409
89.52 90.43 83.96 870143

1734609410
89.52 90.43 83.96 870162

1734609411
89.06 90.32 83.98 903407

1734609412
89.06 90.32 83.98 877827

1734609413
88.87 90.25 84.01 860183

1734609414
88.87 90.25 84.01 843255

1734609415
87.8 90.01 84.0 802628

1734609416
87.8 90.01 84.0 794739

1734609417
86.57 89.71 83.98 865325

1734609418
86.57 89.71 83.98 898964

1734609419
86.83 89.66 84.01 905803

1734609420
86.83 89.66 84.01 883165

1734609421
87.22 89.64 84.04 911430

1734609422
87.22 89.64 84.04 870976

1734609423
87.18 89.55 84.06 778608

1734609424
87.18 89.55 84.06 823010

1734609425
85.88 89.24 84.03 868657

1734609426
85.88 89.24 84.03 953856

1734609427
87.17 89.36 84.1 964368

1734609428
87.17 89.36 84.1 953783

1734609429
88.59 89.54 84.17 950470

1734609430
89.93 89.75 84.25 2005352

1734609431
91.21 89.99 84.34 1860106

1734609433
91.21 89.99 84.34 350543

1734609434
91.21 89.99 84.34 578564

1734609435
91.35 90.06 84.39 901442

1734609436
91.35 90.06 84.39 898782

1734609437
91.29 90.09 84.44 947618

1734609438
91.29 90.09 84.44 941299

1734609439
91.6 90.18 84.5 912286

1734609440
91.6 90.18 84.5 650807

1734609441
88.59 89.69 84.43 744990

1734609442
88.59 89.69 84.43 819775

1734609443
86.67 89.3 84.39 1457141

1734609444
86.67 89.3 84.39 146944

1734609446
83.47 88.64 84.28 1324418

1734609447
82.29 88.26 84.23 695239

1734609448
82.29 88.26 84.23 679448

1734609449
79.34 87.53 84.11 694154

1734609450
79.34 87.53 84.11 791931

1734609451
79.28 87.25 84.07 966498

1734609452
79.28 87.25 84.07 866232

1734609453
81.4 87.37 84.12 920876

1734609454
81.4 87.37 84.12 940800

1734609455
83.5 87.56 84.18 960216

1734609456
83.5 87.56 84.18 951496

1734609457
85.22 87.74 84.24 904590

1734609458
85.22 87.74 84.24 939473

1734609459
86.63 87.91 84.3 902271

1734609460
86.63 87.91 84.3 904432

1734609461
87.24 87.98 84.34 927497

1734609462
87.24 87.98 84.34 936682

1734609463
88.1 88.11 84.39 846048

1734609464
88.1 88.11 84.39 875172

1734609465
87.72 88.04 84.4 950119

1734609466
87.72 88.04 84.4 947916

1734609467
88.86 88.23 84.47 878584

1734609468
88.86 88.23 84.47 894086

1734609469
87.43 88.0 84.44 686487

1734609470
87.43 88.0 84.44 903938

1734609471
87.35 87.96 84.46 938272

1734609472
87.35 87.96 84.46 901414

1734609473
88.19 88.1 84.51 888814

1734609474
88.19 88.1 84.51 927148

1734609475
87.98 88.06 84.53 874532

1734609476
87.98 88.06 84.53 859518

1734609477
87.8 88.02 84.55 852238

1734609478
87.8 88.02 84.55 641002

1734609479
84.75 87.47 84.46 645679

1734609480
84.75 87.47 84.46 754529

1734609481
82.44 86.96 84.37 696644

1734609482
82.44 86.96 84.37 645971

1734609483
78.92 86.18 84.22 630243

1734609484
78.92 86.18 84.22 743656

1734609485
77.85 85.75 84.15 935063

1734609486
77.85 85.75 84.15 831400

1734609488
79.68 85.82 84.17 1345332

1734609489
78.84 85.46 84.11 770608

1734609490
78.84 85.46 84.11 751514

1734609491
77.23 84.96 84.01 724798

1734609492
77.23 84.96 84.01 647523

1734609493
75.38 84.37 83.9 858701

1734609494
75.38 84.37 83.9 719457

1734609495
74.95 84.0 83.82 673438

1734609496
74.95 84.0 83.82 783334

1734609497
75.14 83.74 83.77 831346

1734609498
75.14 83.74 83.77 783152

1734609499
75.47 83.52 83.72 723682

1734609500
75.47 83.52 83.72 896759

1734609501
77.38 83.6 83.74 883320

1734609502
77.38 83.6 83.74 891382

1734609503
79.3 83.74 83.77 890564

1734609504
79.3 83.74 83.77 944062

1734609505
81.24 83.95 83.81 878965

1734609506
81.24 83.95 83.81 815327

1734609507
82.1 84.01 83.82 934774

1734609508
82.1 84.01 83.82 946752

1734609509
84.44 84.37 83.9 967334

1734609510
84.44 84.37 83.9 968980

1734609511
86.53 84.75 83.98 980550

1734609512
86.53 84.75 83.98 986227

1734609513
88.61 85.19 84.08 998126

1734609514
88.61 85.19 84.08 998840

1734609515
90.49 85.64 84.18 990235

1734609516
90.49 85.64 84.18 962027

1734609517
91.49 85.98 84.26 1711283

1734609518
91.49 85.98 84.26 257296

1734609519
92.3 86.31 84.34 900485

1734609520
92.3 86.31 84.34 963745

1734609521
92.97 86.62 84.42 957480

1734609522
92.97 86.62 84.42 970535

1734609523
93.52 86.93 84.5 968805

1734609524
93.52 86.93 84.5 964866

1734609525
93.79 87.19 84.58 951059

1734609526
93.79 87.19 84.58 985388

1734609528
93.83 87.42 84.64 1887524

1734609529
94.4 87.73 84.72 965476

1734609530
94.4 87.73 84.72 900936

1734609532
93.78 87.84 84.77 1764071

1734609533
92.37 87.78 84.78 833719

1734609534
92.37 87.78 84.78 820442

1734609535
90.85 87.65 84.77 930195

1734609536
90.85 87.65 84.77 851790

1734609537
90.15 87.63 84.79 823284

1734609538
78.67 85.64 84.41 2136009

1734609541
78.67 85.64 84.41 61862

1734609543
78.67 85.64 84.41 662393

1734609544
73.66 84.51 84.18 811923

1734609545
73.66 84.51 84.18 844446

1734609546
75.17 84.42 84.16 760967

1734609547
75.17 84.42 84.16 700735

1734609548
74.59 84.02 84.08 774145

1734609549
74.59 84.02 84.08 849419

1734609550
75.93 83.95 84.06 702698

1734609551
75.93 83.95 84.06 602582

1734609552
73.77 83.3 83.93 695770

1734609553
73.77 83.3 83.93 677211

1734609554
72.54 82.76 83.81 641777

1734609555
72.54 82.76 83.81 519

1734609556
63.93 80.87 83.41 2447

1734609557
63.93 80.87 83.41 31679

1734609558
43.92 75.86 82.31 125938

1734609560
43.92 75.86 82.31 1272

1734609561
43.92 75.86 82.31 198365

1734609562
38.68 73.87 81.85 1082758

1734609563
46.16 74.07 81.84 875582

1734609564
46.16 74.07 81.84 904044

1734609565
54.1 74.59 81.9 891820

1734609566
54.1 74.59 81.9 915544

1734609567
60.79 75.13 81.96 1059489

1734609568
60.79 75.13 81.96 726700

1734609569
65.9 75.58 82.01 926335

1734609570
65.9 75.58 82.01 945665

1734609571
70.62 76.12 82.07 881021

1734609572
70.62 76.12 82.07 892330

1734609573
74.13 76.57 82.13 956234

1734609574
74.13 76.57 82.13 942292

1734609575
77.91 77.18 82.22 975171

1734609576
77.91 77.18 82.22 975251

1734609577
81.37 77.83 82.32 970356

1734609578
81.37 77.83 82.32 969493

1734609579
83.84 78.39 82.41 939099

1734609580
83.84 78.39 82.41 932785

1734609581
85.5 78.87 82.48 919087

1734609582
85.5 78.87 82.48 958598

1734609584
86.67 79.3 82.54 1814064

1734609585
88.18 79.81 82.63 995018

1734609586
88.18 79.81 82.63 955263

1734609587
89.6 80.34 82.72 979047

1734609588
89.6 80.34 82.72 937693

1734609589
90.58 80.82 82.8 961265

1734609590
90.58 80.82 82.8 1321271

1734609591
91.01 81.22 82.87 381280

1734609592
82.5 80.0 82.61 942472

1734609593
82.5 80.0 82.61 0

1734609595
81.32 79.87 82.56 1591114

1734609596
81.32 79.87 82.56 923067

1734609597
70.85 78.13 82.17 1019468

1734609599
70.85 78.13 82.17 27840

1734609601
70.85 78.13 82.17 323990

1734609602
62.37 76.36 81.77 1248553

1734609603
67.55 76.84 81.83 904652

1734609604
67.55 76.84 81.83 894675

1734609605
71.07 77.17 81.87 843728

1734609606
71.07 77.17 81.87 923830

1734609607
74.68 77.62 81.93 920625

1734609608
74.68 77.62 81.93 928235

1734609609
77.82 78.09 82.0 914677

1734609610
77.82 78.09 82.0 889062

1734609611
79.66 78.42 82.04 876829

1734609612
79.66 78.42 82.04 929813

1734609613
82.08 78.89 82.11 948209

1734609614
82.08 78.89 82.11 927258

1734609615
84.24 79.39 82.2 956621

1734609616
84.24 79.39 82.2 990157

1734609617
86.73 80.0 82.3 963855

1734609618
86.73 80.0 82.3 936186

1734609619
87.87 80.42 82.38 938987

1734609620
87.87 80.42 82.38 952469

1734609621
89.16 80.9 82.46 945466

1734609622
89.16 80.9 82.46 910230

1734609623
89.49 81.23 82.52 929630

1734609624
89.49 81.23 82.52 900366

1734609625
89.58 81.52 82.57 921728

1734609626
89.58 81.52 82.57 914556

1734609627
89.84 81.83 82.63 906261

1734609628
89.84 81.83 82.63 1240694

1734609629
89.5 82.03 82.67 1613329

1734609630
89.5 82.03 82.67 348268

1734609632
88.69 82.13 82.68 1152012

1734609633
88.02 82.22 82.7 851716

1734609634
88.02 82.22 82.7 890671

1734609635
88.2 82.44 82.74 889197

1734609636
88.2 82.44 82.74 910254

1734609637
88.52 82.69 82.79 890446

1734609638
88.52 82.69 82.79 899115

1734609639
88.43 82.86 82.83 861190

1734609640
88.43 82.86 82.83 804800

1734609641
85.99 82.61 82.78 718741

1734609642
85.99 82.61 82.78 775457

1734609643
83.46 82.26 82.7 675003

1734609644
83.46 82.26 82.7 919893

1734609645
83.37 82.28 82.7 756363

1734609646
83.37 82.28 82.7 908287

1734609647
84.57 82.54 82.75 901659

1734609648
84.57 82.54 82.75 893169

1734609649
85.92 82.85 82.82 938315

1734609650
85.92 82.85 82.82 945996

1734609651
87.56 83.24 82.9 958602

1734609652
87.56 83.24 82.9 911972

1734609653
88.37 83.53 82.96 935905

1734609654
88.37 83.53 82.96 928886

1734609655
89.2 83.84 83.03 935372

1734609656
89.2 83.84 83.03 936876

1734609657
89.71 84.11 83.09 891448

1734609658
89.71 84.11 83.09 776685

1734609659
88.86 84.14 83.11 928508

1734609660
88.86 84.14 83.11 946442

1734609661
89.61 84.43 83.18 949822

1734609662
89.61 84.43 83.18 969952

1734609663
90.94 84.84 83.27 970749

1734609664
90.94 84.84 83.27 967102

1734609665
91.68 85.17 83.35 946506

1734609666
91.68 85.17 83.35 962805

1734609667
91.55 85.36 83.4 861988

1734609668
91.55 85.36 83.4 948677

1734609669
91.82 85.61 83.47 924934

1734609670
91.82 85.61 83.47 814712

1734609671
88.59 85.23 83.4 664311

1734609672
88.59 85.23 83.4 656856

1734609673
86.67 84.99 83.37 917556

1734609674
86.67 84.99 83.37 938434

1734609675
86.36 84.99 83.38 755175

1734609676
86.36 84.99 83.38 616237

1734609677
83.58 84.54 83.29 828324

1734609678
83.58 84.54 83.29 850220

1734609679
84.2 84.62 83.32 906252

1734609680
84.2 84.62 83.32 919572

1734609681
85.61 84.86 83.38 935399

1734609682
85.61 84.86 83.38 936533

1734609683
86.77 85.09 83.44 917993

1734609684
86.77 85.09 83.44 882367

1734609685
83.91 84.63 83.35 538098

1734609686
83.91 84.63 83.35 690562

1734609687
81.03 84.09 83.25 670894

1734609688
81.03 84.09 83.25 667431

1734609689
79.57 83.72 83.18 818493

1734609690
79.57 83.72 83.18 942930

1734609691
82.0 84.03 83.24 931194

1734609692
82.0 84.03 83.24 688787

1734609693
80.19 83.63 83.17 764319

1734609694
80.19 83.63 83.17 884560

1734609695
81.79 83.81 83.21 911629

1734609696
81.79 83.81 83.21 941972

1734609697
83.64 84.08 83.27 1036442

1734609698
83.64 84.08 83.27 867989

1734609704
58.48 78.59 82.11 2589725

1734609778
1.08 25.07 64.71 2017946

1734609779
8.13 25.56 64.54 934210

1734609780
8.13 25.56 64.54 864940

1734609781
22.23 27.53 64.69 871337

1734609782
22.23 27.53 64.69 919058

1734609783
34.69 29.61 64.87 914074

1734609784
34.69 29.61 64.87 881790

1734609785
44.17 31.49 65.02 847561

1734609786
44.17 31.49 65.02 871649

1734609787
51.74 33.27 65.16 852123

1734609788
51.74 33.27 65.16 844106

1734609789
57.77 34.96 65.3 853612

1734609790
57.77 34.96 65.3 617057

1734609791
60.53 36.21 65.35 860954

1734609792
60.53 36.21 65.35 655977

1734609793
62.24 37.31 65.38 699128

1734609794
62.24 37.31 65.38 672854

1734609795
62.92 38.25 65.39 662175

1734609796
62.92 38.25 65.39 594068

1734609797
63.66 39.19 65.4 752336

1734609798
63.66 39.19 65.4 639163

1734609799
65.35 40.3 65.45 892077

1734609800
65.35 40.3 65.45 801118

1734609801
68.55 41.7 65.57 874622

1734609802
68.55 41.7 65.57 963921

1734609803
73.52 43.47 65.78 978485

1734609804
73.52 43.47 65.78 965212

1734609805
77.59 45.19 65.99 968154

1734609806
77.59 45.19 65.99 982175

1734609807
81.11 46.89 66.2 978039

1734609808
81.11 46.89 66.2 959999

1734609809
83.62 48.46 66.4 939691

1734609810
83.62 48.46 66.4 895479

1734609811
84.42 49.75 66.54 867354

1734609812
84.42 49.75 66.54 625017

1734609813
68.48 49.0 66.16 812428

1734609816
68.48 49.0 66.16 40518

1734609817
68.48 49.0 66.16 366634

1734609818
64.59 48.94 66.03 782255

1734609819
64.59 48.94 66.03 1815

1734609820
55.06 47.73 65.66 955351

1734609821
55.06 47.73 65.66 0

1734609823
45.12 46.37 65.13 173239

1734609824
45.12 46.37 65.13 131655

1734609825
45.12 46.37 65.13 0

1734609827
38.76 45.18 64.75 1227157

1734609828
43.33 45.8 64.75 391116

1734609829
43.33 45.8 64.75 480668

1734609830
42.55 45.57 64.57 722029

1734609831
42.55 45.57 64.57 737844

1734609832
47.88 46.44 64.62 657480

1734609833
47.88 46.44 64.62 641365

1734609834
51.16 47.08 64.63 768886

1734609835
51.16 47.08 64.63 758694

1734609836
55.48 47.99 64.7 522687

1734609837
55.48 47.99 64.7 732971

1734609838
55.82 48.57 64.6 1201760

1734609840
55.82 48.57 64.6 0

1734609841
55.82 48.57 64.6 360996

1734609842
49.51 47.66 64.3 166367

1734609843
49.51 47.66 64.3 219633

1734609844
43.98 46.73 63.99 34381

1734609845
38.18 45.59 63.63 231698

1734609846
38.18 45.59 63.63 229952

1734609847
38.18 45.59 63.63 447357

1734609848
38.15 45.34 63.46 195339

1734609849
38.15 45.34 63.46 15125

1734609850
32.69 44.12 63.08 157357

1734609851
28.76 43.04 62.72 84958

1734609853
19.28 40.27 61.87 4242

1734609856
15.79 38.95 61.44 2606

1734609858
15.79 38.95 61.44 591

1734609859
15.28 38.1 61.11 278414

1734609861
24.47 39.01 61.15 1906964

1734609862
24.47 39.01 61.15 179224

1734609864
31.81 39.86 61.17 1799185

1734609865
37.46 40.62 61.19 49728

1734609866
37.46 40.62 61.19 89106

1734609867
32.3 39.58 60.83 292146

1734609868
32.3 39.58 60.83 131133

1734609869
29.35 38.81 60.52 2489

1734609870
29.35 38.81 60.52 5257

1734609871
24.39 37.61 60.12 45600

1734609872
19.97 36.38 59.71 1459

1734609874
19.97 36.38 59.71 385

1734609875
19.97 36.38 59.71 3005

1734609876
16.35 35.19 59.3 3671

1734609877
16.35 35.19 59.3 1464

1734609878
13.39 34.03 58.9 5993

1734609879
13.39 34.03 58.9 3282

1734609880
10.96 32.92 58.49 3740

1734609881
10.96 32.92 58.49 770

1734609882
8.98 31.84 58.09 3748

1734609883
8.98 31.84 58.09 2856

1734609884
7.35 30.8 57.7 2148

1734609885
7.35 30.8 57.7 1102

1734609886
6.02 29.79 57.3 1516

1734609887
6.02 29.79 57.3 343

1734609888
4.93 28.82 56.91 1824

1734609889
4.93 28.82 56.91 5827

1734609890
4.03 27.87 56.52 3845

1734609891
4.03 27.87 56.52 3172

1734609892
3.3 26.96 56.13 1449

1734609893
3.3 26.96 56.13 1438

1734609894
2.7 26.08 55.75 2487

1734609895
2.7 26.08 55.75 4314

1734609896
2.21 25.23 55.37 6187

1734609897
2.21 25.23 55.37 1061

1734609898
1.81 24.4 54.99 1359

1734609899
1.81 24.4 54.99 722

1734609900
1.48 23.6 54.61 874

1734609901
1.48 23.6 54.61 826

1734609902
1.21 22.83 54.24 1109

1734609903
1.21 22.83 54.24 23104

1734609904
1.17 22.12 53.88 10227

1734609905
1.17 22.12 53.88 10869

1734609906
1.14 21.42 53.51 12463

1734609907
1.14 21.42 53.51 930

1734609908
0.93 20.72 53.15 2449

1734609909
0.93 20.72 53.15 41

1734609911
0.76 20.04 52.78 2568

1734609912
0.62 19.39 52.42 14536

1734609913
0.62 19.39 52.42 11988

1734609914
0.69 18.79 52.07 1414

1734609915
0.69 18.79 52.07 4452

1734609916
0.56 18.17 51.71 930

1734609917
0.56 18.17 51.71 684

1734609918
0.46 17.58 51.36 623

1734609919
0.46 17.58 51.36 302

1734609920
0.38 17.0 51.01 281

1734609921
0.38 17.0 51.01 427

1734609922
0.31 16.44 50.66 248

1734609923
0.31 16.44 50.66 987

1734609924
0.25 15.91 50.31 2747

1734609925
0.25 15.91 50.31 782

1734609926
0.2 15.39 49.97 415

1734609927
0.2 15.39 49.97 2129

1734609928
0.17 14.88 49.63 8401

1734609929
0.17 14.88 49.63 8378

1734609930
0.13 14.39 49.29 4020

1734609931
0.13 14.39 49.29 787

1734609932
0.11 13.92 48.95 2450

1734609933
0.11 13.92 48.95 997

1734609934
0.09 13.47 48.62 3299

1734609935
0.09 13.47 48.62 2677

1734609936
0.07 13.03 48.28 4107

1734609937
0.07 13.03 48.28 4754

1734609938
0.06 12.6 47.95 6716

1734609939
0.06 12.6 47.95 674

1734609940
0.05 12.19 47.62 510

1734609941
0.05 12.19 47.62 310

1734609942
0.04 11.79 47.3 1376

1734609944
0.03 11.4 46.97 3597

1734609945
0.03 11.4 46.97 11853

1734609946
0.02 11.03 46.65 2425

1734609947
0.02 11.03 46.65 7761

1734609948
0.02 10.67 46.33 7107

1734609949
0.02 10.67 46.33 5815

1734609950
0.01 10.32 46.02 2935

1734609951
0.01 10.32 46.02 14326

1734609952
0.01 9.98 45.7 11687

1734609953
0.01 9.98 45.7 10391

1734609954
0.01 9.65 45.39 97

1734609955
0.01 9.65 45.39 53

1734609956
0.0 9.34 45.08 50

1734609957
0.0 9.34 45.08 51

1734609958
0.0 9.03 44.77 65

1734609959
0.0 9.03 44.77 129

1734609960
0.0 8.73 44.46 1439

1734609961
0.0 8.73 44.46 1532

1734609962
0.0 8.45 44.16 1589

1734609963
0.0 8.45 44.16 2475

1734609964
0.0 8.17 43.86 898

1734609965
0.0 8.17 43.86 506

1734609966
0.0 7.9 43.56 23

1734609967
0.0 7.9 43.56 32

1734609968
0.0 7.65 43.26 60

1734609969
0.0 7.65 43.26 19

1734609970
0.0 7.39 42.96 48

1734609971
0.0 7.39 42.96 48

1734609972
0.0 7.15 42.67 69

1734609973
0.0 7.15 42.67 43

1734609974
0.0 6.92 42.38 53

1734609975
0.0 6.92 42.38 38

1734609976
0.0 6.69 42.09 886

1734609977
0.0 6.69 42.09 616

1734609978
0.0 6.47 41.8 1743

1734609979
0.0 6.47 41.8 1262

1734609980
0.0 6.26 41.51 1532

1734609981
0.0 6.26 41.51 1224

1734609982
0.0 6.06 41.23 1110

1734609983
0.0 6.06 41.23 1104

1734609984
0.0 5.86 40.95 1203

1734609985
0.0 5.86 40.95 714

1734609986
0.0 5.66 40.67 1060

1734609987
0.0 5.66 40.67 1155

1734609988
0.0 5.48 40.39 1650

1734609989
0.0 5.48 40.39 1206

1734609990
0.0 5.3 40.11 1636

1734609991
0.0 5.3 40.11 1216

1734609992
0.0 5.13 39.84 1017

1734609993
0.0 5.13 39.84 1047

1734609994
0.0 4.96 39.57 879

1734609995
0.0 4.96 39.57 1364

1734609996
0.0 4.8 39.29 1357

1734609997
0.0 4.8 39.29 880

1734609998
0.0 4.64 39.03 1112

1734609999
0.0 4.64 39.03 1307

1734610000
0.0 4.49 38.76 929

1734610004
0.0 4.2 38.23 3366

