1734607525
0.0 0.0 0.0 343

1734607526
0.0 0.0 0.0 0

1734607528
0.0 0.0 0.0 860

1734607529
0.0 0.0 0.0 0

1734607530
0.0 0.0 0.0 0

1734607531
0.0 0.0 0.0 0

1734607532
0.0 0.0 0.0 106

1734607533
0.0 0.0 0.0 79

1734607534
0.0 0.0 0.0 1566

1734607535
0.0 0.0 0.0 174

1734607536
0.0 0.0 0.0 2

1734607537
0.0 0.0 0.0 1545

1734607538
0.0 0.0 0.0 0

1734607539
0.0 0.0 0.0 0

1734607540
0.0 0.0 0.0 1

1734607541
0.0 0.0 0.0 0

1734607542
0.0 0.0 0.0 1817

1734607543
0.0 0.0 0.0 59

1734607544
0.0 0.0 0.0 101

1734607545
0.0 0.0 0.0 56

1734607546
0.0 0.0 0.0 0

1734607547
0.0 0.0 0.0 1

1734607548
0.0 0.0 0.0 310808

1734607549
5.79 1.04 0.21 490625

1734607550
5.79 1.04 0.21 215713

1734607551
9.09 1.79 0.38 166180

1734607552
9.09 1.79 0.38 32283

1734607553
7.99 1.83 0.39 0

1734607554
7.99 1.83 0.39 0

1734607555
6.54 1.77 0.39 0

1734607556
6.54 1.77 0.39 0

1734607557
5.53 1.75 0.4 33991

1734607558
5.53 1.75 0.4 1

1734607559
4.53 1.69 0.39 0

1734607560
4.53 1.69 0.39 0

1734607561
3.71 1.63 0.39 1

1734607562
3.71 1.63 0.39 209301

1734607563
4.85 1.91 0.46 4

1734607564
4.85 1.91 0.46 1

1734607565
3.97 1.84 0.45 17212

1734607566
3.97 1.84 0.45 6281

1734607567
4.7 2.05 0.5 157937

1734607568
4.7 2.05 0.5 224144

1734607569
9.1 2.93 0.7 508252

1734607570
9.1 2.93 0.7 120774

1734607571
10.17 3.32 0.8 34406

1734607572
10.17 3.32 0.8 0

1734607573
8.32 3.21 0.79 1

1734607574
8.32 3.21 0.79 1

1734607575
6.82 3.11 0.79 0

1734607576
6.82 3.11 0.79 6836

1734607577
5.58 3.01 0.78 0

1734607578
5.58 3.01 0.78 16251

1734607579
4.57 2.91 0.77 0

1734607580
4.57 2.91 0.77 40753

1734607582
4.1 2.88 0.78 24

1734607583
3.36 2.78 0.78 1581

1734607584
3.36 2.78 0.78 0

1734607585
2.75 2.69 0.77 134

1734607586
2.75 2.69 0.77 25775

1734607587
2.75 2.69 0.77 2294

1734607588
2.43 2.64 0.77 16

1734607589
2.43 2.64 0.77 8154

1734607590
1.99 2.55 0.77 39

1734607591
1.99 2.55 0.77 610

1734607592
1.63 2.46 0.76 59256

1734607593
1.63 2.46 0.76 49

1734607594
1.69 2.45 0.77 96

1734607595
1.69 2.45 0.77 214757

1734607596
3.2 2.7 0.84 22330

1734607597
2.98 2.67 0.84 37423

1734607598
2.98 2.67 0.84 45816

1734607599
2.98 2.67 0.84 1

1734607600
2.8 2.65 0.85 16

1734607601
2.8 2.65 0.85 15749

1734607602
2.29 2.56 0.85 10447

1734607603
2.29 2.56 0.85 19744

1734607604
2.06 2.51 0.85 38

1734607605
2.06 2.51 0.85 48

1734607606
1.68 2.43 0.84 324163

1734607607
1.68 2.43 0.84 331366

1734607608
7.17 3.4 1.06 187

1734607609
7.17 3.4 1.06 11

1734607610
5.87 3.29 1.05 2236

1734607611
5.87 3.29 1.05 272022

1734607612
7.16 3.6 1.13 170447

1734607613
7.16 3.6 1.13 164598

1734607614
8.76 4.01 1.23 104355

1734607615
8.76 4.01 1.23 8509

1734607616
8.08 4.04 1.26 74268

1734607617
8.08 4.04 1.26 20897

1734607618
7.34 4.04 1.28 16508

1734607619
7.34 4.04 1.28 4603

1734607620
6.19 3.94 1.27 80325

1734607621
6.19 3.94 1.27 33374

1734607622
5.97 3.97 1.3 247

1734607623
5.97 3.97 1.3 2055

1734607624
4.89 3.84 1.29 12585

1734607625
4.89 3.84 1.29 47730

1734607626
4.55 3.82 1.3 4148

1734607627
4.55 3.82 1.3 114

1734607628
3.72 3.69 1.29 1765

1734607629
3.72 3.69 1.29 1160

1734607630
3.59 3.67 1.31 78168

1734607631
3.59 3.67 1.31 7939

1734607632
2.94 3.55 1.3 6658

1734607633
2.94 3.55 1.3 35352

1734607634
2.77 3.5 1.3 47

1734607635
2.27 3.38 1.29 526

1734607636
2.27 3.38 1.29 1107

1734607637
1.85 3.27 1.28 867

1734607638
1.85 3.27 1.28 833

1734607639
1.52 3.16 1.27 1231

1734607640
1.52 3.16 1.27 988

1734607641
1.24 3.06 1.26 10301

1734607642
1.24 3.06 1.26 37410

1734607643
1.38 3.02 1.27 27998

1734607644
1.38 3.02 1.27 74439

1734607645
1.85 3.06 1.29 2516

1734607646
1.85 3.06 1.29 3033

1734607647
1.52 2.96 1.28 1831

1734607648
1.52 2.96 1.28 2524

1734607650
1.24 2.86 1.27 651

1734607651
1.24 2.86 1.27 20029

1734607652
1.2 2.8 1.27 15563

1734607653
1.2 2.8 1.27 763

1734607654
0.98 2.71 1.26 215

1734607655
0.8 2.62 1.25 8535

1734607657
0.8 2.62 1.25 292677

1734607658
3.19 2.99 1.34 181377

1734607659
3.19 2.99 1.34 814

1734607660
4.24 3.19 1.39 937

1734607661
4.24 3.19 1.39 4362

1734607662
3.65 3.11 1.39 76527

1734607663
3.65 3.11 1.39 693

1734607664
3.35 3.08 1.39 3395

1734607665
3.35 3.08 1.39 7896

1734607666
2.74 2.98 1.38 42591

1734607667
2.74 2.98 1.38 1638

1734607668
2.61 2.94 1.39 2385

1734607669
2.61 2.94 1.39 1641

1734607670
2.13 2.85 1.38 961

1734607671
2.13 2.85 1.38 13446

1734607672
1.75 2.75 1.37 401

1734607673
1.75 2.75 1.37 1459

1734607674
1.43 2.66 1.36 671

1734607675
1.43 2.66 1.36 3922

1734607676
1.17 2.58 1.35 56088

1734607677
1.17 2.58 1.35 1144

1734607678
1.5 2.59 1.36 24343

1734607679
1.59 2.57 1.36 50265

1734607680
1.59 2.57 1.36 118360

1734607681
1.59 2.57 1.36 180468

1734607682
4.02 2.98 1.46 7143

1734607683
4.02 2.98 1.46 27807

1734607684
3.65 2.95 1.46 59242

1734607685
3.65 2.95 1.46 296

1734607686
3.35 2.91 1.47 5593

1734607687
3.35 2.91 1.47 348

1734607688
2.74 2.82 1.46 484

1734607689
2.74 2.82 1.46 206

1734607690
2.25 2.73 1.45 300

1734607691
2.25 2.73 1.45 3612

1734607692
1.84 2.64 1.43 279

1734607693
1.84 2.64 1.43 349

1734607694
1.5 2.55 1.42 271

1734607695
1.5 2.55 1.42 1634

1734607696
1.23 2.47 1.41 188

1734607697
1.23 2.47 1.41 1322

1734607698
1.01 2.38 1.4 127

1734607699
1.01 2.38 1.4 335

1734607700
0.82 2.31 1.39 463

1734607701
0.82 2.31 1.39 517

1734607702
0.67 2.23 1.39 497

1734607703
0.67 2.23 1.39 3263

1734607704
0.55 2.16 1.38 2603

1734607705
0.55 2.16 1.38 673

1734607706
0.45 2.09 1.37 51854

1734607707
0.45 2.09 1.37 15112

1734607708
0.73 2.08 1.37 41627

1734607709
0.73 2.08 1.37 64697

1734607710
1.5 2.18 1.39 1968

1734607711
1.5 2.18 1.39 131065

1734607712
2.32 2.3 1.43 6070

1734607713
2.32 2.3 1.43 125373

1734607714
3.34 2.49 1.47 48475

1734607715
3.34 2.49 1.47 269831

1734607716
5.46 2.9 1.56 284499

1734607717
5.46 2.9 1.56 87101

1734607718
7.37 3.33 1.66 32746

1734607719
7.37 3.33 1.66 41202

1734607720
6.57 3.32 1.67 784

1734607721
6.57 3.32 1.67 197

1734607722
5.38 3.21 1.66 265

1734607723
5.38 3.21 1.66 7839

1734607724
4.41 3.1 1.65 5719

1734607725
4.41 3.1 1.65 4773

1734607726
3.61 3.0 1.64 59

1734607727
3.61 3.0 1.64 5418

1734607728
2.95 2.9 1.63 112013

1734607729
2.95 2.9 1.63 22761

1734607730
3.5 3.0 1.66 388

1734607731
3.5 3.0 1.66 465

1734607732
2.87 2.9 1.64 2607

1734607733
2.87 2.9 1.64 2300

1734607734
2.35 2.81 1.63 373

1734607735
2.35 2.81 1.63 964

1734607736
1.92 2.72 1.62 613

1734607737
1.92 2.72 1.62 198

1734607738
1.57 2.63 1.61 1500

1734607739
1.57 2.63 1.61 1045

1734607740
1.29 2.54 1.6 1941

1734607741
1.29 2.54 1.6 2650

1734607742
1.05 2.46 1.59 1412

1734607743
1.05 2.46 1.59 637

1734607744
0.86 2.38 1.58 2952

1734607745
0.86 2.38 1.58 3945

1734607746
0.7 2.3 1.57 411

1734607747
0.7 2.3 1.57 591

1734607748
0.57 2.22 1.56 479

1734607749
0.57 2.22 1.56 1899

1734607750
0.47 2.15 1.54 635

1734607751
0.47 2.15 1.54 61383

1734607752
0.93 2.18 1.55 16991

1734607753
0.93 2.18 1.55 437

1734607754
0.76 2.11 1.54 1226

1734607755
0.76 2.11 1.54 474

1734607756
0.62 2.04 1.53 887

1734607757
0.62 2.04 1.53 791

1734607758
0.51 1.97 1.52 246

1734607759
0.51 1.97 1.52 791

1734607760
0.41 1.9 1.51 350

1734607761
0.41 1.9 1.51 367

1734607762
0.34 1.84 1.5 12784

1734607763
0.34 1.84 1.5 27487

1734607764
0.64 1.85 1.5 16462

1734607765
0.64 1.85 1.5 642

1734607766
0.52 1.79 1.49 556

1734607767
0.52 1.79 1.49 1763

1734607768
0.43 1.73 1.48 417

1734607769
0.43 1.73 1.48 235

1734607770
0.35 1.67 1.47 323

1734607771
0.35 1.67 1.47 505

1734607772
0.28 1.62 1.46 1656

1734607773
0.28 1.62 1.46 5792

1734607774
0.23 1.56 1.45 766

1734607775
0.23 1.56 1.45 28116

1734607776
0.37 1.54 1.45 10739

1734607777
0.37 1.54 1.45 2676

1734607778
0.3 1.49 1.44 585

1734607779
0.3 1.49 1.44 341

1734607780
0.25 1.44 1.43 586

1734607781
0.25 1.44 1.43 132

1734607782
0.2 1.4 1.42 636

1734607783
0.2 1.4 1.42 339

1734607784
0.16 1.35 1.41 265

1734607785
0.16 1.35 1.41 1378

1734607786
0.13 1.31 1.4 241

1734607787
0.13 1.31 1.4 626

1734607788
0.11 1.26 1.39 255

1734607789
0.11 1.26 1.39 296

1734607790
0.09 1.22 1.38 191

1734607791
0.09 1.22 1.38 240

1734607792
0.07 1.18 1.37 431

1734607793
0.07 1.18 1.37 556

1734607794
0.06 1.14 1.36 383

1734607795
0.06 1.14 1.36 108409

1734607796
1.49 1.37 1.41 201277

1734607797
1.49 1.37 1.41 53904

1734607798
3.22 1.68 1.47 82376

1734607799
3.22 1.68 1.47 23376

1734607800
3.18 1.72 1.48 5852

1734607801
3.18 1.72 1.48 230

1734607802
2.6 1.67 1.47 2097

1734607803
2.6 1.67 1.47 1157

1734607804
2.31 1.65 1.47 73756

1734607805
2.31 1.65 1.47 347

1734607806
2.25 1.66 1.47 304

1734607807
2.25 1.66 1.47 388

1734607808
1.84 1.6 1.46 422

1734607809
1.84 1.6 1.46 4097

1734607810
1.51 1.55 1.45 600

1734607811
1.51 1.55 1.45 748

1734607812
1.23 1.5 1.44 390

1734607813
1.23 1.5 1.44 465

1734607814
1.01 1.45 1.43 11384

1734607815
1.01 1.45 1.43 19174

1734607816
1.01 1.43 1.43 1076

1734607817
1.01 1.43 1.43 592

1734607818
0.82 1.39 1.42 287

1734607819
0.82 1.39 1.42 2059

1734607820
0.67 1.34 1.41 230

1734607821
0.67 1.34 1.41 211318

1734607822
2.36 1.62 1.47 484254

1734607823
2.36 1.62 1.47 45019

1734607824
6.64 2.42 1.63 10823

1734607825
6.64 2.42 1.63 1789

1734607826
5.44 2.34 1.62 78060

1734607827
5.44 2.34 1.62 1156

1734607828
5.18 2.4 1.64 68123

1734607830
4.78 2.42 1.65 8236

1734607831
4.78 2.42 1.65 27946

1734607832
4.28 2.4 1.65 56222

1734607833
4.28 2.4 1.65 188

1734607834
3.68 2.36 1.65 4999

1734607835
3.68 2.36 1.65 156

1734607836
3.01 2.28 1.64 77

1734607837
3.01 2.28 1.64 406

1734607838
2.47 2.2 1.62 1350

1734607839
2.47 2.2 1.62 907

1734607840
2.02 2.13 1.61 924

1734607841
2.02 2.13 1.61 1161

1734607842
1.65 2.06 1.6 432

1734607843
1.65 2.06 1.6 178

1734607844
1.35 1.99 1.59 126

1734607845
1.35 1.99 1.59 162

1734607846
1.11 1.93 1.58 154

1734607847
1.11 1.93 1.58 16493

1734607848
0.9 1.86 1.57 206

1734607849
0.9 1.86 1.57 124

1734607850
0.74 1.8 1.56 166

1734607851
0.74 1.8 1.56 4882

1734607852
0.6 1.74 1.55 5600

1734607853
0.6 1.74 1.55 2097

1734607854
0.49 1.68 1.54 758

1734607855
0.49 1.68 1.54 891

1734607856
0.4 1.63 1.52 13120

1734607857
0.4 1.63 1.52 657

1734607858
0.33 1.58 1.51 946

1734607859
0.33 1.58 1.51 7773

1734607860
0.27 1.52 1.5 918

1734607861
0.27 1.52 1.5 764

1734607862
0.22 1.47 1.49 941

1734607863
0.22 1.47 1.49 55064

1734607864
1.08 1.59 1.52 107348

1734607865
1.08 1.59 1.52 144058

1734607866
4.15 2.13 1.63 162436

1734607867
4.15 2.13 1.63 12527

1734607868
3.76 2.12 1.63 29544

1734607869
3.76 2.12 1.63 1168

1734607870
3.08 2.05 1.62 1382

1734607871
3.08 2.05 1.62 172312

1734607872
5.42 2.51 1.72 161190

1734607873
5.42 2.51 1.72 14928

1734607874
4.62 2.46 1.71 7268

1734607875
4.62 2.46 1.71 544

1734607876
3.78 2.38 1.7 185230

1734607877
3.78 2.38 1.7 161042

1734607878
6.17 2.86 1.81 16061

1734607879
6.17 2.86 1.81 297609

1734607880
7.77 3.25 1.9 19892

1734607881
7.77 3.25 1.9 307

1734607882
6.36 3.15 1.88 86682

1734607883
6.36 3.15 1.88 457039

1734607884
12.27 4.32 2.14 442045

1734607885
12.27 4.32 2.14 327401

1734607886
18.56 5.72 2.44 555389

1734607887
18.56 5.72 2.44 3715

1734607888
16.11 5.69 2.46 5369

1734607889
16.11 5.69 2.46 1168

1734607890
13.19 5.51 2.45 1017

1734607891
13.19 5.51 2.45 1140

1734607892
10.8 5.32 2.43 31960

1734607893
10.8 5.32 2.43 10953

1734607894
9.2 5.22 2.42 5136

1734607895
9.2 5.22 2.42 420

1734607896
7.53 5.04 2.41 15922

1734607897
7.53 5.04 2.41 37219

1734607898
6.71 4.98 2.41 106817

1734607899
6.71 4.98 2.41 21807

1734607900
6.22 4.94 2.42 239

1734607901
6.22 4.94 2.42 733

1734607902
5.09 4.78 2.41 698

1734607903
5.09 4.78 2.41 3320

1734607904
4.17 4.63 2.39 21765

1734607905
4.17 4.63 2.39 37031

1734607906
4.14 4.6 2.4 55679

1734607907
4.14 4.6 2.4 240

1734607908
3.57 4.49 2.39 4751

1734607909
3.57 4.49 2.39 699

1734607910
2.92 4.34 2.37 96

1734607911
2.92 4.34 2.37 875

1734607912
2.75 4.26 2.37 63389

1734607913
2.75 4.26 2.37 26741

1734607914
2.61 4.19 2.37 998

1734607915
2.61 4.19 2.37 333

1734607916
2.14 4.05 2.35 385

1734607917
2.14 4.05 2.35 615

1734607918
1.75 3.92 2.34 52818

1734607919
1.75 3.92 2.34 1509

1734607920
1.8 3.86 2.33 801

1734607921
1.8 3.86 2.33 735

1734607922
1.47 3.73 2.32 1116

1734607923
1.47 3.73 2.32 12019

1734607924
1.2 3.61 2.3 4048

1734607925
1.2 3.61 2.3 161

1734607926
0.98 3.49 2.29 784

1734607927
0.98 3.49 2.29 7076

1734607928
0.8 3.37 2.27 397

1734607929
0.8 3.37 2.27 53556

1734607930
1.56 3.43 2.29 78172

1734607931
1.56 3.43 2.29 167401

1734607932
3.27 3.67 2.35 189394

1734607933
3.27 3.67 2.35 2540

1734607934
4.13 3.82 2.39 2043

1734607935
4.13 3.82 2.39 1941

1734607936
3.56 3.72 2.38 75369

1734607937
3.56 3.72 2.38 113400

1734607938
6.36 4.22 2.49 703545

1734607939
20.78 6.9 3.06 1372041

1734607940
20.78 6.9 3.06 108825

1734607941
20.78 6.9 3.06 180451

1734607942
22.63 7.69 3.25 231872

1734607943
22.63 7.69 3.25 583

1734607944
18.53 7.44 3.23 2405

1734607945
18.53 7.44 3.23 719

1734607946
15.17 7.19 3.21 305

1734607947
15.17 7.19 3.21 201

1734607948
12.42 6.96 3.19 630

1734607949
12.42 6.96 3.19 4556

1734607950
10.17 6.73 3.16 1664

1734607951
10.17 6.73 3.16 39150

1734607952
8.69 6.57 3.16 107017

1734607953
8.69 6.57 3.16 538468

1734607954
13.46 7.5 3.37 278796

1734607955
13.46 7.5 3.37 667418

1734607956
21.34 9.12 3.74 1227480

1734607957
30.16 11.11 4.19 987623

1734607958
30.16 11.11 4.19 5277

1734607959
30.16 11.11 4.19 152460

1734607960
31.76 12.03 4.43 471784

1734607961
31.76 12.03 4.43 413278

1734607962
32.71 12.84 4.65 250593

1734607963
32.71 12.84 4.65 311269

1734607964
31.49 13.27 4.8 224803

1734607965
30.86 13.76 4.96 481047

1734607966
30.86 13.76 4.96 272598

1734607967
35.23 15.11 5.3 702056

1734607968
35.23 15.11 5.3 299996

1734607969
35.55 15.82 5.52 471562

1734607971
41.43 17.53 5.95 1537215

1734607972
41.43 17.53 5.95 849094

1734607973
41.43 17.53 5.95 53152

1734607974
45.52 19.05 6.34 275112

1734607975
45.52 19.05 6.34 392376

1734607976
42.34 19.34 6.49 551452

1734607977
42.64 20.15 6.75 547737

1734607978
42.64 20.15 6.75 257686

1734607979
40.17 20.44 6.9 652218

1734607980
40.17 20.44 6.9 574125

1734607981
40.17 20.44 6.9 56653

1734607982
43.04 21.6 7.24 194006

1734607983
43.04 21.6 7.24 387798

1734607984
40.31 21.81 7.38 754913

1734607985
40.31 21.81 7.38 28437

1734607986
39.53 22.28 7.57 1569

1734607987
39.53 22.28 7.57 276476

1734607988
36.35 22.27 7.67 465144

1734607989
35.56 22.58 7.84 368165

1734607990
35.56 22.58 7.84 895328

1734607991
41.44 24.07 8.25 1082258

1734607992
41.44 24.07 8.25 580863

1734607993
41.44 24.07 8.25 531680

1734607994
49.87 26.16 8.8 239770

1734607995
49.87 26.16 8.8 305310

1734607996
45.91 26.22 8.93 975396

1734607998
50.09 27.62 9.34 1524080

1734607999
50.09 27.62 9.34 620077

1734608000
56.6 29.53 9.86 455943

1734608001
56.6 29.53 9.86 516872

1734608002
55.76 30.27 10.15 181783

1734608003
54.54 30.88 10.42 1097785

1734608004
54.54 30.88 10.42 886374

1734608005
59.33 32.52 10.9 600900

1734608006
59.33 32.52 10.9 1543264

1734608008
63.8 34.2 11.4 1512003

1734608009
63.8 34.2 11.4 177

1734608010
71.11 37.48 12.4 2174589

1734608012
71.11 37.48 12.4 1324662

1734608013
71.11 37.48 12.4 2901

1734608014
71.81 38.71 12.83 77225

1734608015
71.81 38.71 12.83 1494

1734608016
58.8 37.44 12.74 4940

1734608017
58.8 37.44 12.74 1425

1734608018
48.15 36.22 12.66 1409

1734608019
48.15 36.22 12.66 5727

1734608023
52.74 37.66 13.28 3330893

1734608024
52.79 38.17 13.55 101781

1734608025
52.79 38.17 13.55 11992

1734608026
43.22 36.92 13.46 729

1734608027
43.22 36.92 13.46 331

1734608028
35.39 35.71 13.36 486

1734608029
35.39 35.71 13.36 306

1734608030
28.98 34.54 13.27 391

1734608031
28.98 34.54 13.27 378

1734608032
23.73 33.41 13.18 404

1734608033
23.73 33.41 13.18 312

1734608034
19.43 32.32 13.09 432

1734608035
19.43 32.32 13.09 7717

1734608036
15.91 31.26 13.0 501

1734608037
15.91 31.26 13.0 578

1734608038
13.03 30.24 12.91 614

1734608039
13.03 30.24 12.91 1010

1734608040
10.66 29.25 12.82 1229

1734608041
10.66 29.25 12.82 893

1734608042
8.73 28.29 12.73 384

1734608043
8.73 28.29 12.73 2366

1734608044
7.33 27.4 12.65 27164

1734608045
7.33 27.4 12.65 1178884

1734608046
17.78 28.63 13.01 118872

1734608047
17.78 28.63 13.01 1010

1734608048
14.74 27.72 12.93 36086

1734608049
14.74 27.72 12.93 16480

1734608050
12.25 26.85 12.85 12344

1734608051
12.25 26.85 12.85 253950

1734608052
12.2 26.36 12.84 1651

1734608053
12.2 26.36 12.84 3990

1734608054
9.99 25.5 12.75 899

1734608055
11.26 25.22 12.78 591501

1734608057
11.26 25.22 12.78 7646

1734608058
11.57 24.82 12.78 28308

1734608059
11.57 24.82 12.78 405

1734608060
9.48 24.01 12.7 87

1734608061
9.48 24.01 12.7 456

1734608062
7.76 23.22 12.61 562

1734608063
7.76 23.22 12.61 855

1734608064
6.35 22.46 12.52 183

1734608065
6.35 22.46 12.52 995

1734608066
5.2 21.73 12.44 616

1734608067
5.2 21.73 12.44 343

1734608068
4.26 21.02 12.35 124

1734608069
4.26 21.02 12.35 861

1734608070
3.48 20.33 12.27 119

1734608071
3.48 20.33 12.27 762

1734608072
2.85 19.66 12.18 569

1734608073
2.85 19.66 12.18 10698

1734608074
2.52 19.05 12.11 46350

1734608075
2.52 19.05 12.11 155

1734608076
2.78 18.56 12.05 115267

1734608077
2.78 18.56 12.05 1585

1734608078
2.46 17.98 11.98 623

1734608079
2.46 17.98 11.98 299057

1734608080
5.27 17.98 12.02 534981

1734608081
5.27 17.98 12.02 5628

1734608082
8.85 18.21 12.11 745773

1734608084
8.85 18.21 12.11 571

1734608085
13.95 18.83 12.28 43302

1734608086
11.42 18.21 12.19 843

1734608087
11.42 18.21 12.19 972

1734608088
9.35 17.62 12.11 247

1734608089
9.35 17.62 12.11 3185

1734608090
7.65 17.04 12.03 12242

1734608091
7.65 17.04 12.03 153

1734608092
6.27 16.48 11.94 29027

1734608093
6.27 16.48 11.94 1116

1734608094
5.31 15.97 11.87 630

1734608095
5.31 15.97 11.87 111

1734608096
4.35 15.45 11.79 809

1734608097
4.35 15.45 11.79 46017

1734608098
4.28 15.08 11.73 36832

1734608099
4.28 15.08 11.73 2677

1734608100
3.69 14.62 11.66 23734

1734608101
3.69 14.62 11.66 849

1734608102
3.02 14.14 11.58 6324

1734608103
3.02 14.14 11.58 30566

1734608104
2.65 13.71 11.51 237

1734608105
2.65 13.71 11.51 129

1734608106
2.17 13.26 11.43 57

1734608107
2.17 13.26 11.43 20305

1734608108
1.96 12.86 11.36 984

1734608109
1.96 12.86 11.36 1532

1734608111
1.6 12.44 11.28 3757

1734608112
1.31 12.03 11.2 23424

1734608114
1.25 11.67 11.13 5742

1734608115
1.25 11.67 11.13 259

1734608116
1.02 11.29 11.05 434

1734608117
1.02 11.29 11.05 384315

1734608118
5.0 11.67 11.14 158108

1734608119
5.91 11.61 11.13 208580

1734608120
5.91 11.61 11.13 4349

1734608122
5.92 11.43 11.09 95603

1734608123
5.92 11.43 11.09 9712

1734608124
5.03 11.09 11.02 365

1734608125
5.03 11.09 11.02 3375

1734608126
4.12 10.72 10.95 8615

1734608127
4.12 10.72 10.95 194

1734608128
3.37 10.37 10.87 303

1734608129
3.37 10.37 10.87 225

1734608130
2.76 10.03 10.8 298

1734608131
2.76 10.03 10.8 357

1734608132
2.26 9.7 10.72 203

1734608133
2.26 9.7 10.72 5051

1734608134
3.12 9.62 10.7 342697

1734608135
3.12 9.62 10.7 63929

1734608136
4.73 9.69 10.71 2772

1734608137
4.73 9.69 10.71 7477

1734608138
4.23 9.44 10.65 33656

1734608139
4.23 9.44 10.65 115367

1734608140
4.55 9.33 10.62 7871

1734608141
4.55 9.33 10.62 28464

1734608142
4.45 9.15 10.57 58894

1734608143
4.45 9.15 10.57 3070

1734608144
4.55 9.02 10.53 102932

1734608145
4.55 9.02 10.53 8348

1734608146
3.9 8.76 10.47 13223

1734608147
3.9 8.76 10.47 1704

1734608148
3.2 8.47 10.39 1759

1734608149
3.2 8.47 10.39 31149

1734608151
3.16 8.29 10.34 811714

1734608152
9.47 9.26 10.53 198786

1734608153
9.47 9.26 10.53 69128

1734608154
11.74 9.68 10.61 646087

1734608155
11.74 9.68 10.61 128978

1734608156
14.87 10.31 10.74 42384

1734608157
14.87 10.31 10.74 538

1734608158
12.35 10.01 10.67 1584

1734608159
12.35 10.01 10.67 1279

1734608160
10.11 9.68 10.6 7947

1734608161
10.11 9.68 10.6 689

1734608162
8.28 9.36 10.52 874

1734608163
8.28 9.36 10.52 721

1734608164
6.78 9.06 10.45 580

1734608165
6.78 9.06 10.45 445

1734608166
5.55 8.76 10.38 797

1734608167
5.55 8.76 10.38 651

1734608168
4.54 8.47 10.31 910

1734608169
4.54 8.47 10.31 656

1734608170
3.72 8.19 10.24 442

1734608172
3.72 8.19 10.24 12819

1734608173
3.04 7.93 10.17 1651

1734608174
3.04 7.93 10.17 1023

1734608175
2.49 7.67 10.1 1150

1734608176
2.04 7.41 10.03 1297

1734608177
2.04 7.41 10.03 1510

1734608178
1.67 7.17 9.96 990

1734608179
1.67 7.17 9.96 1293

1734608180
1.37 6.94 9.89 600

1734608181
1.37 6.94 9.89 1517

1734608182
1.3 6.74 9.83 25169

1734608183
1.3 6.74 9.83 1180

1734608184
1.06 6.52 9.76 747

1734608185
1.06 6.52 9.76 496

1734608186
0.87 6.31 9.7 52

1734608187
0.87 6.31 9.7 136592

1734608188
3.25 6.56 9.73 336312

1734608189
3.25 6.56 9.73 65505

1734608190
5.56 6.87 9.77 93423

1734608191
5.56 6.87 9.77 111884

1734608193
5.82 6.87 9.75 76808

1734608194
5.82 6.87 9.75 140371

1734608195
6.39 6.94 9.75 6608

1734608196
6.39 6.94 9.75 224

1734608197
5.23 6.71 9.68 246

1734608198
5.23 6.71 9.68 246

1734608199
4.28 6.49 9.61 116

1734608200
6.22 6.77 9.65 461014

1734608201
6.22 6.77 9.65 17988

1734608202
6.22 6.77 9.65 95

1734608203
6.55 6.81 9.64 104

1734608204
6.55 6.81 9.64 118

1734608205
5.36 6.59 9.57 525484

1734608206
9.82 7.36 9.71 95326

1734608207
9.82 7.36 9.71 65

1734608208
8.04 7.11 9.64 461

1734608210
8.04 7.11 9.64 105177

1734608211
7.49 7.04 9.61 16445

1734608212
7.49 7.04 9.61 242

1734608213
6.13 6.81 9.55 99

1734608214
6.13 6.81 9.55 69

1734608215
5.02 6.59 9.48 119

1734608216
5.02 6.59 9.48 5907

1734608217
4.11 6.37 9.42 193

1734608218
4.11 6.37 9.42 142

1734608219
3.36 6.17 9.35 69

1734608220
3.36 6.17 9.35 51

1734608221
2.75 5.96 9.29 158605

1734608222
4.43 6.16 9.31 896503

1734608223
4.43 6.16 9.31 65424

1734608225
11.41 7.37 9.54 343

1734608226
11.41 7.37 9.54 220

1734608227
9.35 7.13 9.47 124564

1734608228
9.1 7.15 9.46 68029

1734608229
9.1 7.15 9.46 152991

1734608230
9.1 7.15 9.46 35081

1734608231
9.26 7.25 9.46 133829

1734608232
9.26 7.25 9.46 92134

1734608233
9.58 7.37 9.47 148375

1734608234
9.58 7.37 9.47 97522

1734608235
10.02 7.52 9.49 14960

1734608236
12.19 8.0 9.58 708245

1734608237
12.19 8.0 9.58 54315

1734608238
12.19 8.0 9.58 2911

1734608239
12.69 8.22 9.62 621

1734608240
12.69 8.22 9.62 660

1734608241
10.39 7.95 9.55 28390

1734608242
10.39 7.95 9.55 1387

1734608243
8.69 7.73 9.49 441

1734608244
8.69 7.73 9.49 238

1734608245
7.12 7.47 9.43 228

1734608246
7.12 7.47 9.43 115459

1734608247
6.73 7.39 9.4 2780

1734608248
6.73 7.39 9.4 856

1734608249
5.51 7.15 9.33 1232

1734608250
5.51 7.15 9.33 83

1734608251
4.51 6.92 9.27 27116

1734608252
4.51 6.92 9.27 730

1734608253
3.69 6.69 9.2 523

1734608254
3.69 6.69 9.2 344

1734608255
3.02 6.47 9.14 369

1734608256
3.02 6.47 9.14 736

1734608257
2.47 6.26 9.08 1109

1734608258
2.47 6.26 9.08 432

1734608259
2.02 6.05 9.02 237

1734608260
2.02 6.05 9.02 219

1734608261
1.66 5.85 8.95 472

1734608262
1.66 5.85 8.95 175

1734608263
1.36 5.66 8.89 119

1734608264
1.36 5.66 8.89 128

1734608265
1.11 5.48 8.83 20883

1734608266
1.11 5.48 8.83 484

1734608267
1.09 5.33 8.78 945

1734608268
1.09 5.33 8.78 276

1734608269
0.89 5.16 8.72 159

1734608270
0.89 5.16 8.72 740

1734608271
0.73 4.99 8.66 6950

1734608272
0.73 4.99 8.66 12035

1734608273
0.59 4.82 8.6 11351

1734608274
0.59 4.82 8.6 3711

1734608275
0.49 4.66 8.54 4719

1734608276
0.49 4.66 8.54 7559

1734608277
0.4 4.51 8.48 285

1734608278
0.4 4.51 8.48 1835

1734608279
0.32 4.36 8.42 588

1734608280
0.32 4.36 8.42 3233

1734608281
0.26 4.22 8.36 1288

1734608282
0.26 4.22 8.36 1141

1734608283
0.22 4.08 8.31 150

1734608284
0.22 4.08 8.31 131

1734608285
0.18 3.95 8.25 93

1734608286
0.18 3.95 8.25 169

1734608287
0.14 3.82 8.19 51

1734608288
0.14 3.82 8.19 70

1734608289
0.12 3.69 8.14 15

1734608290
0.12 3.69 8.14 115

1734608291
0.09 3.57 8.08 110120

1734608292
0.09 3.57 8.08 5005

1734608293
0.98 3.62 8.06 102

1734608294
0.98 3.62 8.06 39

1734608295
0.8 3.5 8.0 530

1734608296
1.56 3.55 7.98 152997

1734608297
1.56 3.55 7.98 110343

1734608298
1.56 3.55 7.98 16502

1734608299
2.73 3.7 7.98 276

1734608300
2.73 3.7 7.98 339

1734608301
2.23 3.57 7.93 112

1734608302
2.23 3.57 7.93 50

1734608303
1.83 3.46 7.87 581

1734608304
1.83 3.46 7.87 2070

1734608305
1.5 3.34 7.82 349

1734608306
1.5 3.34 7.82 3256

1734608307
1.22 3.23 7.77 700

1734608308
1.22 3.23 7.77 517

1734608309
1.0 3.13 7.71 79841

1734608310
1.0 3.13 7.71 18580

1734608311
1.72 3.19 7.69 15731

1734608312
1.72 3.19 7.69 121

1734608313
1.41 3.08 7.64 115

1734608314
1.41 3.08 7.64 593

1734608315
1.15 2.98 7.59 156143

1734608316
1.15 2.98 7.59 6277

1734608317
2.39 3.15 7.59 1624

1734608318
2.39 3.15 7.59 393

1734608319
1.96 3.04 7.54 40

1734608320
1.96 3.04 7.54 233

1734608321
1.6 2.94 7.49 4813

1734608322
1.6 2.94 7.49 818

1734608323
1.31 2.85 7.44 387

1734608324
1.31 2.85 7.44 280

1734608325
1.07 2.75 7.38 19119

1734608326
1.07 2.75 7.38 27061

1734608327
1.24 2.73 7.35 114

1734608328
1.24 2.73 7.35 409

1734608329
1.01 2.64 7.3 207

1734608330
1.01 2.64 7.3 70

1734608332
0.83 2.55 7.25 94910

1734608333
2.31 2.76 7.26 209485

1734608334
2.31 2.76 7.26 203

1734608335
2.8 2.84 7.24 574

1734608336
2.8 2.84 7.24 343

1734608337
2.29 2.74 7.19 8504

1734608338
2.29 2.74 7.19 5335

1734608339
1.87 2.65 7.14 596

1734608340
1.87 2.65 7.14 339

1734608341
1.53 2.56 7.1 484

1734608342
1.53 2.56 7.1 11714

1734608343
1.25 2.48 7.05 4821

1734608344
1.25 2.48 7.05 0

1734608345
1.03 2.4 7.0 293

1734608346
1.03 2.4 7.0 237

1734608347
0.84 2.32 6.95 1158

1734608348
0.84 2.32 6.95 7572

1734608349
0.69 2.24 6.9 990

1734608350
0.69 2.24 6.9 1269

1734608351
0.56 2.17 6.85 26

1734608352
0.56 2.17 6.85 40

1734608353
0.46 2.1 6.81 0

1734608354
0.46 2.1 6.81 9260

1734608355
0.37 2.03 6.76 43078

1734608357
0.67 2.03 6.73 9091

1734608358
0.67 2.03 6.73 208

1734608359
0.55 1.96 6.68 246

1734608360
0.55 1.96 6.68 2173

1734608361
0.45 1.9 6.64 98

1734608362
0.45 1.9 6.64 75

1734608363
0.36 1.83 6.59 559

1734608364
0.36 1.83 6.59 122

1734608365
0.3 1.77 6.54 210256

1734608366
0.3 1.77 6.54 83540

1734608367
2.78 2.17 6.6 17191

1734608368
2.78 2.17 6.6 380

1734608369
2.27 2.1 6.55 458

1734608370
2.27 2.1 6.55 175

1734608371
1.86 2.03 6.51 147

1734608372
1.86 2.03 6.51 233

1734608373
1.52 1.97 6.46 159

1734608374
1.52 1.97 6.46 202

1734608375
1.25 1.9 6.42 315

1734608376
1.25 1.9 6.42 652

1734608377
1.02 1.84 6.37 1565

1734608378
1.02 1.84 6.37 5163

1734608379
0.83 1.78 6.33 3955

1734608380
0.83 1.78 6.33 491

1734608381
0.68 1.72 6.28 2944

1734608382
0.68 1.72 6.28 503

1734608383
0.56 1.66 6.24 31

1734608384
0.56 1.66 6.24 58034

1734608385
1.0 1.71 6.22 10111

1734608386
1.0 1.71 6.22 1187

1734608387
1.9 1.85 6.22 301294

1734608388
1.9 1.85 6.22 487

1734608389
3.19 2.08 6.24 1873

1734608390
3.19 2.08 6.24 3932

1734608391
2.61 2.01 6.19 267

1734608392
2.61 2.01 6.19 253678

1734608393
4.31 2.34 6.23 1252

1734608394
4.31 2.34 6.23 196

1734608395
3.53 2.26 6.19 1970

1734608396
3.53 2.26 6.19 168

1734608397
2.89 2.19 6.15 8987

1734608398
2.89 2.19 6.15 281

1734608399
2.36 2.12 6.1 1128

1734608400
2.36 2.12 6.1 1164

1734608401
1.93 2.05 6.06 349

1734608402
1.93 2.05 6.06 14975

1734608403
1.58 1.98 6.02 622

1734608405
1.29 1.91 5.98 6171

1734608406
1.29 1.91 5.98 2201

1734608407
1.06 1.85 5.94 399

1734608408
1.06 1.85 5.94 451

1734608409
0.87 1.79 5.9 457

1734608410
0.87 1.79 5.9 755

1734608411
0.71 1.73 5.86 1208

1734608412
0.71 1.73 5.86 440

1734608413
0.58 1.67 5.82 9592

1734608414
0.58 1.67 5.82 257

1734608415
0.47 1.62 5.78 173

1734608416
0.47 1.62 5.78 646

1734608417
0.39 1.57 5.74 846

1734608418
0.39 1.57 5.74 11677

1734608419
0.31 1.51 5.7 254

1734608420
0.31 1.51 5.7 590

1734608421
0.26 1.46 5.66 395

1734608422
0.26 1.46 5.66 269932

1734608423
2.56 1.84 5.71 387842

1734608424
2.56 1.84 5.71 2683

1734608425
5.54 2.4 5.8 62451

1734608427
5.08 2.42 5.78 11993

1734608428
5.08 2.42 5.78 190

1734608429
4.16 2.34 5.74 897

1734608430
4.16 2.34 5.74 192

1734608431
3.4 2.27 5.7 2868

1734608432
3.4 2.27 5.7 14896

1734608433
2.79 2.19 5.66 941

1734608434
2.79 2.19 5.66 186

1734608435
2.28 2.12 5.62 1323

1734608436
2.28 2.12 5.62 7374

1734608437
1.87 2.05 5.58 4518

1734608438
1.87 2.05 5.58 13268

1734608439
1.53 1.98 5.55 5903

1734608440
1.53 1.98 5.55 2894

1734608441
1.25 1.92 5.51 3458

1734608442
1.25 1.92 5.51 241

1734608443
1.02 1.85 5.47 183

1734608444
1.02 1.85 5.47 483

1734608445
0.84 1.79 5.43 433

1734608446
0.84 1.79 5.43 8052

1734608447
0.68 1.73 5.39 670

1734608448
0.68 1.73 5.39 403

1734608449
0.56 1.68 5.36 394

1734608450
0.56 1.68 5.36 164

1734608451
0.82 1.69 5.33 59605

1734608452
0.82 1.69 5.33 50222

1734608454
1.03 1.7 5.31 593

1734608455
0.84 1.64 5.27 944

1734608456
0.84 1.64 5.27 108082

1734608457
1.78 1.78 5.28 58153

1734608458
1.78 1.78 5.28 429

1734608459
1.64 1.76 5.25 207

1734608460
1.64 1.76 5.25 129

1734608461
1.34 1.7 5.21 178

1734608462
1.34 1.7 5.21 268

1734608463
1.09 1.64 5.18 40963

1734608464
1.09 1.64 5.18 38816

1734608465
1.44 1.69 5.16 365

1734608466
1.44 1.69 5.16 1687

1734608467
1.18 1.63 5.13 380

1734608468
1.18 1.63 5.13 323

1734608469
0.96 1.58 5.09 1228

1734608470
0.96 1.58 5.09 51223

1734608471
1.69 1.69 5.09 62320

1734608472
1.69 1.69 5.09 162

1734608473
1.39 1.63 5.06 298

1734608474
1.39 1.63 5.06 168

1734608475
1.13 1.58 5.02 89

1734608476
1.13 1.58 5.02 100681

1734608477
1.83 1.69 5.02 100

1734608478
1.83 1.69 5.02 583

1734608479
1.5 1.64 4.99 469

1734608480
1.5 1.64 4.99 418

1734608481
2.13 1.75 4.99 103694

1734608482
2.13 1.75 4.99 1704

1734608483
1.75 1.69 4.95 434

1734608484
1.75 1.69 4.95 215

1734608485
1.43 1.63 4.92 73

1734608486
1.43 1.63 4.92 13934

1734608487
1.17 1.58 4.89 725

1734608488
1.17 1.58 4.89 99

1734608489
0.96 1.53 4.85 392

1734608490
2.41 1.77 4.88 589547

1734608491
2.41 1.77 4.88 20639

1734608493
7.05 2.63 5.04 175303

1734608494
7.05 2.63 5.04 171

1734608495
5.95 2.58 5.01 215

1734608496
5.95 2.58 5.01 217

1734608497
4.87 2.49 4.98 388

1734608498
4.87 2.49 4.98 943

1734608499
4.35 2.48 4.96 90093

1734608501
5.55 2.75 5.0 212173

1734608502
5.55 2.75 5.0 40612

1734608503
5.09 2.76 4.98 987

1734608504
5.09 2.76 4.98 127

1734608505
4.17 2.67 4.95 269566

1734608506
4.17 2.67 4.95 19200

1734608507
5.95 3.04 5.01 28010

1734608508
5.95 3.04 5.01 1578

1734608509
5.05 2.97 4.98 345

1734608510
5.05 2.97 4.98 129394

1734608511
5.22 3.07 4.99 5636

1734608512
5.22 3.07 4.99 77660

1734608513
4.82 3.07 4.98 1662

1734608514
4.82 3.07 4.98 50

1734608515
3.94 2.97 4.94 817

1734608516
3.94 2.97 4.94 1846

1734608517
3.23 2.87 4.91 1442

1734608518
3.23 2.87 4.91 3316

1734608519
2.64 2.78 4.87 298

1734608520
2.64 2.78 4.87 725

1734608521
2.16 2.69 4.84 3422

1734608522
2.16 2.69 4.84 8206

1734608523
1.77 2.6 4.81 79290

1734608524
1.77 2.6 4.81 19453

1734608525
2.17 2.64 4.8 124

1734608526
2.17 2.64 4.8 66538

1734608527
2.5 2.69 4.8 43309

1734608529
2.59 2.7 4.78 46968

1734608530
2.59 2.7 4.78 426

1734608531
2.12 2.61 4.75 1897

1734608532
2.12 2.61 4.75 4769

1734608533
1.74 2.52 4.72 8770

1734608534
1.74 2.52 4.72 46371

1734608535
1.96 2.54 4.7 17105

1734608536
1.96 2.54 4.7 2534

1734608537
1.61 2.46 4.67 372

1734608538
1.61 2.46 4.67 1912

1734608539
1.32 2.38 4.64 1722

1734608540
1.32 2.38 4.64 109

1734608541
1.08 2.3 4.61 12886

1734608542
1.08 2.3 4.61 79194

1734608543
1.79 2.39 4.61 12821

1734608544
1.79 2.39 4.61 135602

1734608545
2.91 2.57 4.63 36909

1734608546
2.91 2.57 4.63 85

1734608547
2.38 2.49 4.6 411

1734608548
2.38 2.49 4.6 2119

1734608549
1.95 2.4 4.57 33350

1734608550
1.95 2.4 4.57 169824

1734608551
3.41 2.65 4.61 240

1734608552
3.41 2.65 4.61 417

1734608553
2.79 2.56 4.58 531

1734608554
2.79 2.56 4.58 591

1734608555
2.28 2.48 4.54 340

1734608556
2.28 2.48 4.54 593

1734608557
1.87 2.4 4.51 500

1734608558
1.87 2.4 4.51 258

1734608559
1.53 2.32 4.48 374

1734608560
1.53 2.32 4.48 343

1734608561
1.25 2.24 4.45 589

1734608562
1.25 2.24 4.45 532

1734608563
1.02 2.17 4.42 16282

1734608564
1.02 2.17 4.42 25348

1734608565
1.2 2.16 4.4 23053

1734608566
1.2 2.16 4.4 399

1734608567
0.98 2.09 4.37 264

1734608568
0.98 2.09 4.37 940

1734608569
0.8 2.02 4.34 1301

1734608570
0.8 2.02 4.34 600

1734608571
0.66 1.96 4.31 234

1734608572
0.66 1.96 4.31 300

1734608573
0.54 1.89 4.28 517

1734608574
0.54 1.89 4.28 1907

1734608575
0.44 1.83 4.25 295

1734608576
0.44 1.83 4.25 361

1734608577
0.36 1.77 4.22 291

1734608578
0.36 1.77 4.22 861

1734608579
0.29 1.71 4.2 5317

1734608580
0.29 1.71 4.2 93829

1734608581
0.96 1.79 4.19 304

1734608582
0.96 1.79 4.19 968

1734608583
0.79 1.73 4.17 306

1734608584
0.79 1.73 4.17 51862

1734608586
1.01 1.74 4.15 6672

1734608587
0.82 1.68 4.12 437

1734608588
0.82 1.68 4.12 773

1734608589
0.67 1.62 4.09 2663

1734608590
0.67 1.62 4.09 1165

1734608591
0.55 1.57 4.06 390

1734608592
0.55 1.57 4.06 357

1734608593
0.81 1.58 4.05 731327

1734608594
0.81 1.58 4.05 144850

1734608595
9.18 3.07 4.34 143519

1734608596
9.18 3.07 4.34 1615

1734608597
8.06 3.07 4.34 77345

1734608598
8.06 3.07 4.34 954

1734608599
6.78 3.0 4.31 304295

1734608600
6.78 3.0 4.31 41977

1734608602
9.17 3.56 4.42 344243

1734608603
11.13 4.09 4.53 513097

1734608604
11.13 4.09 4.53 14893

1734608606
12.74 4.61 4.63 171628

1734608607
11.52 4.66 4.64 1317

1734608608
11.52 4.66 4.64 1143

1734608609
9.43 4.51 4.61 410

1734608610
9.43 4.51 4.61 619

1734608611
7.72 4.36 4.58 531

1734608612
7.72 4.36 4.58 414

1734608613
6.32 4.22 4.55 453

1734608614
6.32 4.22 4.55 603

1734608615
5.17 4.08 4.52 739

1734608616
5.17 4.08 4.52 478

1734608617
4.24 3.94 4.48 5759

1734608618
4.24 3.94 4.48 3173

1734608619
3.47 3.81 4.45 1099

1734608620
3.47 3.81 4.45 7505

1734608621
2.84 3.69 4.42 2344

1734608622
2.84 3.69 4.42 1532

1734608623
2.32 3.57 4.39 15755

1734608624
2.32 3.57 4.39 809

1734608625
1.9 3.45 4.36 53009

1734608626
1.9 3.45 4.36 54426

1734608627
2.46 3.5 4.37 2255

1734608628
2.46 3.5 4.37 1962

1734608629
2.01 3.39 4.34 1065

1734608630
2.01 3.39 4.34 2396

1734608632
1.65 3.28 4.31 37016

1734608633
1.53 3.2 4.28 3673

1734608634
1.53 3.2 4.28 1534

1734608635
1.25 3.1 4.25 2051

1734608636
1.25 3.1 4.25 1436

1734608637
1.02 3.0 4.22 572

1734608638
1.02 3.0 4.22 1013

1734608639
0.84 2.9 4.2 768

1734608640
0.84 2.9 4.2 1599

1734608641
0.68 2.8 4.17 844

1734608642
0.68 2.8 4.17 524

1734608643
0.56 2.71 4.14 499

1734608644
0.56 2.71 4.14 735

1734608645
0.46 2.62 4.11 638

1734608646
0.46 2.62 4.11 1544

1734608647
0.37 2.53 4.08 3259

1734608648
0.37 2.53 4.08 3914

1734608649
0.3 2.45 4.05 2575

1734608650
0.3 2.45 4.05 2252

1734608651
0.25 2.37 4.02 900

1734608652
0.25 2.37 4.02 1695

1734608653
0.2 2.29 4.0 1912

1734608654
0.2 2.29 4.0 764

1734608655
0.16 2.22 3.97 553

1734608656
0.16 2.22 3.97 730

1734608657
0.13 2.14 3.94 200109

1734608659
1.74 2.37 3.98 65551

1734608660
4.87 2.91 4.08 551254

1734608661
4.87 2.91 4.08 4074

1734608663
6.88 3.34 4.16 165631

1734608664
6.88 3.34 4.16 57180

1734608665
7.08 3.49 4.19 386224

1734608667
7.08 3.49 4.19 2103

1734608668
9.06 3.97 4.28 122071

1734608669
8.69 4.07 4.3 196666

1734608670
12.37 4.88 4.47 1499141

1734608673
12.37 4.88 4.47 0

1734608674
17.75 6.54 4.83 417922

1734608676
17.75 6.54 4.83 6867

1734608677
17.61 6.88 4.91 364300

1734608679
16.78 7.08 4.97 165073

1734608680
16.78 7.08 4.97 1230

1734608681
15.18 7.11 4.99 113512

1734608682
13.88 7.14 5.01 134694

1734608683
13.88 7.14 5.01 59278

1734608685
13.88 7.14 5.01 4776

1734608686
12.09 7.04 5.0 12939

1734608687
10.08 6.84 4.98 15110

1734608688
10.08 6.84 4.98 12586

1734608689
8.43 6.65 4.95 14501

1734608690
8.43 6.65 4.95 8112

1734608691
7.09 6.46 4.92 49202

1734608692
7.09 6.46 4.92 26801

1734608693
6.16 6.32 4.9 2900

1734608694
6.16 6.32 4.9 2657

1734608695
5.05 6.11 4.87 3458

1734608696
5.05 6.11 4.87 7301

1734608697
4.13 5.91 4.83 1258

1734608698
4.13 5.91 4.83 1738

1734608699
3.38 5.72 4.8 1565

1734608700
3.38 5.72 4.8 1372

1734608701
2.95 5.56 4.77 519069

1734608703
2.95 5.56 4.77 1041

1734608704
6.94 6.2 4.91 171758

1734608705
8.58 6.52 4.99 166889

1734608706
8.58 6.52 4.99 3652

1734608707
7.03 6.3 4.96 1588

1734608708
7.03 6.3 4.96 4257

1734608709
5.75 6.1 4.92 1114

1734608710
5.75 6.1 4.92 52047

1734608712
8.15 6.52 5.02 670456

1734608713
13.2 7.48 5.23 393412

1734608714
13.2 7.48 5.23 2555

1734608715
10.8 7.24 5.19 137377

1734608716
10.8 7.24 5.19 12994

1734608717
10.11 7.23 5.21 982

1734608718
10.11 7.23 5.21 4538

1734608719
8.28 6.99 5.17 3656

1734608720
7.87 6.96 5.18 374063

1734608722
9.34 7.26 5.25 121564

1734608724
9.34 7.26 5.25 105288

1734608725
9.34 7.26 5.25 193612

1734608726
10.91 7.61 5.34 268022

1734608727
12.37 7.98 5.43 298839

1734608728
12.37 7.98 5.43 390572

1734608729
12.37 7.98 5.43 41651

1734608730
15.56 8.7 5.6 445821

1734608731
17.45 9.27 5.74 513925

1734608733
17.45 9.27 5.74 125

1734608734
20.25 10.32 6.01 1443890

1734608736
20.25 10.32 6.01 149598

1734608738
25.1 11.52 6.29 207012

1734608739
24.72 11.89 6.4 655465

1734608740
24.72 11.89 6.4 127305

1734608742
24.81 12.74 6.66 644400

1734608744
24.81 12.74 6.66 387096

1734608745
24.84 13.14 6.78 8026

1734608746
26.68 13.85 6.98 2256454

1734608749
26.68 13.85 6.98 1791

1734608750
35.98 15.95 7.46 448367

1734608751
34.45 16.9 7.78 895343

1734608753
34.45 16.9 7.78 8186

1734608754
34.45 16.9 7.78 60662

1734608755
27.63 16.68 7.86 455122

1734608757
27.63 16.68 7.86 0

1734608758
27.63 16.68 7.86 682324

1734608759
29.51 17.38 8.06 540518

1734608760
29.51 17.38 8.06 351729

1734608761
33.58 18.51 8.36 379756

1734608762
34.44 19.59 8.73 1655744

1734608766
34.44 19.59 8.73 35589

1734608767
33.45 19.89 8.87 365712

1734608768
30.65 19.83 8.93 505026

1734608770
30.65 19.83 8.93 14895

1734608771
27.29 19.87 9.09 543470

1734608773
27.29 19.87 9.09 73110

1734608775
27.29 19.87 9.09 278866

1734608777
25.28 19.95 9.25 777799

1734608778
25.28 19.95 9.25 0

1734608780
23.78 19.85 9.3 48319

1734608781
23.78 19.85 9.3 627

1734608782
19.47 19.2 9.24 604

1734608783
19.47 19.2 9.24 628

1734608784
15.94 18.57 9.17 1486

1734608785
15.94 18.57 9.17 822

1734608786
13.05 17.97 9.11 851

1734608787
13.05 17.97 9.11 422

1734608788
10.69 17.38 9.05 958

1734608789
10.69 17.38 9.05 1105

1734608790
8.93 16.84 8.99 121858

1734608791
8.93 16.84 8.99 18311

1734608792
8.22 16.45 8.97 1693

1734608793
8.22 16.45 8.97 31934

1734608794
6.91 15.95 8.91 7466

1734608795
6.91 15.95 8.91 64562

1734608796
6.56 15.59 8.88 265541

1734608797
6.56 15.59 8.88 3868

1734608798
7.55 15.47 8.91 13017

1734608799
7.55 15.47 8.91 1441

1734608800
6.18 14.96 8.84 302004

1734608801
7.96 15.0 8.89 167010

1734608802
7.96 15.0 8.89 49

1734608804
7.6 14.7 8.87 1847

1734608805
7.6 14.7 8.87 48763

1734608806
6.59 14.29 8.83 20815

1734608807
6.59 14.29 8.83 15407

1734608808
5.57 13.85 8.77 820

1734608809
5.57 13.85 8.77 496

1734608810
4.56 13.4 8.71 13780

1734608811
4.56 13.4 8.71 869

1734608812
3.73 12.96 8.65 683

1734608813
3.73 12.96 8.65 436

1734608814
3.06 12.54 8.59 506

1734608815
3.06 12.54 8.59 2726

1734608816
2.5 12.13 8.53 5595

1734608817
2.5 12.13 8.53 434

1734608818
2.05 11.73 8.48 577

1734608819
2.05 11.73 8.48 528

1734608820
1.68 11.34 8.42 1260

1734608821
1.68 11.34 8.42 576

1734608822
1.37 10.97 8.36 616

1734608823
1.37 10.97 8.36 5600

1734608824
1.12 10.61 8.3 4643

1734608825
1.12 10.61 8.3 820

1734608826
0.92 10.27 8.25 28345

1734608827
0.92 10.27 8.25 676

1734608828
0.75 9.93 8.19 1107

1734608829
0.75 9.93 8.19 782

1734608830
0.61 9.6 8.13 760

1734608831
0.61 9.6 8.13 102362

1734608832
1.59 9.49 8.12 47111

1734608833
1.59 9.49 8.12 31231

1734608834
1.66 9.24 8.08 1314

1734608835
1.66 9.24 8.08 609

1734608836
1.36 8.94 8.02 412

1734608837
1.36 8.94 8.02 348580

1734608838
4.37 9.23 8.09 126676

1734608839
4.37 9.23 8.09 87916

1734608840
5.21 9.23 8.09 2277

1734608841
5.21 9.23 8.09 3156

1734608842
4.27 8.92 8.04 1898

1734608843
4.27 8.92 8.04 2332

1734608844
3.49 8.63 7.98 4251

1734608845
3.49 8.63 7.98 47372

1734608846
3.22 8.41 7.94 1637

1734608847
3.22 8.41 7.94 1944

1734608848
6.51 8.66 8.0 938940

1734608850
6.51 8.66 8.0 0

1734608851
6.51 8.66 8.0 144409

1734608852
11.56 9.54 8.2 648651

1734608855
11.56 9.54 8.2 45653

1734608856
13.81 10.01 8.3 414165

1734608857
17.65 10.83 8.49 542719

1734608858
17.65 10.83 8.49 729073

1734608859
17.65 10.83 8.49 763

1734608860
22.06 11.85 8.72 730231

1734608861
24.77 12.67 8.91 39684

1734608863
24.26 12.98 9.0 494235

1734608864
24.26 12.98 9.0 20806

1734608865
26.21 13.7 9.18 1226338

1734608866
26.21 13.7 9.18 176129

1734608868
29.25 14.66 9.41 127920

1734608869
29.25 14.66 9.41 650

1734608870
23.95 14.18 9.34 46073

1734608871
23.95 14.18 9.34 222

1734608872
19.97 13.78 9.29 182

1734608873
19.97 13.78 9.29 364

1734608875
16.35 13.33 9.23 282735

1734608876
15.93 13.35 9.26 11679

1734608877
15.93 13.35 9.26 711

1734608878
13.04 12.91 9.2 364

1734608879
13.04 12.91 9.2 217

1734608880
10.68 12.49 9.14 11281

1734608881
10.68 12.49 9.14 289

1734608882
8.74 12.08 9.07 74

1734608883
8.74 12.08 9.07 151477

1734608884
8.97 12.01 9.08 242063

1734608885
8.97 12.01 9.08 78925

1734608886
10.06 12.11 9.12 376506

1734608887
10.06 12.11 9.12 51306

1734608888
14.4 12.83 9.29 731451

1734608889
14.4 12.83 9.29 787050

1734608890
25.01 14.8 9.73 400308

1734608891
25.01 14.8 9.73 884133

1734608892
32.07 16.41 10.1 693109

1734608893
36.77 17.77 10.43 872442

1734608894
36.77 17.77 10.43 42580

1734608895
36.77 17.77 10.43 498851

1734608896
36.45 18.33 10.59 908825

1734608897
36.45 18.33 10.59 51057

1734608898
38.36 19.27 10.84 406045

1734608899
38.36 19.27 10.84 5641

1734608901
35.03 19.29 10.91 272171

1734608902
31.04 19.09 10.92 31675

1734608903
31.04 19.09 10.92 7297

1734608904
26.14 18.59 10.87 222266

1734608905
25.03 18.64 10.93 354891

1734608906
25.03 18.64 10.93 463837

1734608908
27.36 19.5 11.22 783189

1734608910
27.36 19.5 11.22 170674

1734608911
27.36 19.5 11.22 214838

1734608912
27.65 19.81 11.34 191134

1734608913
27.65 19.81 11.34 310765

1734608914
26.08 19.78 11.4 224528

1734608915
26.08 19.78 11.4 10224

1734608916
24.26 19.66 11.43 230996

1734608917
24.26 19.66 11.43 59351

1734608918
21.49 19.31 11.41 113028

1734608919
21.49 19.31 11.41 106673

1734608920
19.05 18.94 11.39 8856

1734608921
19.05 18.94 11.39 1027

1734608922
15.59 18.32 11.31 286

1734608923
15.59 18.32 11.31 653

1734608924
12.77 17.72 11.23 1314

1734608925
12.77 17.72 11.23 4370

1734608926
11.0 17.24 11.18 65160

1734608927
11.0 17.24 11.18 205

1734608928
9.0 16.67 11.1 358

1734608929
9.0 16.67 11.1 121

1734608930
8.1 16.26 11.05 236910

1734608931
8.1 16.26 11.05 44122

1734608932
8.8 16.12 11.06 73437

1734608933
8.8 16.12 11.06 25994

1734608934
7.39 15.62 10.99 201

1734608935
7.39 15.62 10.99 86

1734608936
6.05 15.11 10.91 619

1734608937
6.05 15.11 10.91 325

1734608938
4.95 14.62 10.84 5343

1734608939
4.95 14.62 10.84 1083

1734608940
4.05 14.14 10.76 543

1734608941
4.05 14.14 10.76 1915

1734608942
3.32 13.68 10.69 247

1734608943
3.32 13.68 10.69 63208

1734608944
3.62 13.39 10.65 49763

1734608945
3.62 13.39 10.65 299

1734608946
2.97 12.95 10.58 174

1734608947
2.97 12.95 10.58 294

1734608948
2.43 12.53 10.5 726

1734608949
2.43 12.53 10.5 164

1734608950
2.53 12.22 10.45 64815

1734608951
2.53 12.22 10.45 25416

1734608952
2.25 11.85 10.39 967

1734608953
2.25 11.85 10.39 467

1734608954
1.84 11.46 10.32 497

1734608955
1.84 11.46 10.32 557

1734608956
2.78 11.31 10.29 717869

1734608958
9.52 12.25 10.5 231405

1734608959
9.52 12.25 10.5 18122

1734608960
7.97 11.88 10.43 359

1734608961
7.97 11.88 10.43 155980

1734608962
8.16 11.79 10.42 27070

1734608963
8.16 11.79 10.42 10585

1734608964
6.68 11.4 10.35 557

1734608965
6.68 11.4 10.35 447

1734608966
5.47 11.03 10.28 5565

1734608967
5.47 11.03 10.28 1867

1734608968
4.48 10.67 10.21 21055

1734608969
4.48 10.67 10.21 12405

1734608970
3.85 10.35 10.15 97

1734608971
3.85 10.35 10.15 1854

1734608972
3.15 10.01 10.08 118

1734608973
3.15 10.01 10.08 203

1734608974
2.58 9.68 10.01 10926

1734608975
2.58 9.68 10.01 204

1734608976
2.11 9.37 9.94 1543

1734608977
2.11 9.37 9.94 483

1734608978
1.73 9.06 9.87 439

1734608979
1.73 9.06 9.87 1013

1734608980
1.41 8.76 9.8 231

1734608981
1.41 8.76 9.8 4205

1734608982
1.16 8.48 9.73 635

1734608983
1.16 8.48 9.73 68

1734608984
0.94 8.2 9.67 17719

1734608985
0.94 8.2 9.67 76

1734608986
0.77 7.93 9.6 208

1734608987
0.77 7.93 9.6 143

1734608988
0.63 7.67 9.54 202

1734608989
0.63 7.67 9.54 10594

1734608990
0.63 7.67 9.54 240

1734608991
0.52 7.42 9.47 687

1734608992
0.52 7.42 9.47 184

1734608993
0.42 7.18 9.4 84

1734608994
0.42 7.18 9.4 39

1734608995
0.34 6.94 9.34 137996

1734608996
1.91 7.01 9.34 292341

1734608997
1.91 7.01 9.34 2128

1734608999
3.74 7.17 9.36 3124

1734609000
3.74 7.17 9.36 360

1734609001
3.06 6.94 9.29 236

1734609002
3.06 6.94 9.29 6589

1734609003
2.5 6.71 9.23 66201

1734609004
2.5 6.71 9.23 1069

1734609005
2.59 6.59 9.18 55

1734609006
2.59 6.59 9.18 63

1734609007
2.12 6.37 9.12 957

1734609008
2.12 6.37 9.12 14851

1734609009
1.74 6.16 9.06 351

1734609010
1.74 6.16 9.06 74

1734609011
1.42 5.96 9.0 221

1734609012
1.42 5.96 9.0 1052

1734609013
1.16 5.77 8.94 4905

1734609014
1.16 5.77 8.94 3092

1734609015
0.95 5.58 8.87 64

1734609016
0.95 5.58 8.87 946

1734609017
0.78 5.39 8.81 852

1734609018
0.78 5.39 8.81 17647

1734609019
0.82 5.25 8.76 46668

1734609020
1.03 5.14 8.71 12752

1734609021
1.03 5.14 8.71 1692

1734609022
1.03 5.14 8.71 1047

1734609023
0.84 4.97 8.65 218

1734609024
0.84 4.97 8.65 538

1734609025
0.69 4.81 8.59 88236

1734609026
1.29 4.78 8.56 9210

1734609027
1.29 4.78 8.56 371

1734609028
1.29 4.78 8.56 77

1734609029
1.05 4.63 8.5 690

1734609030
1.04 4.51 8.45 28116

1734609031
1.04 4.51 8.45 306

1734609032
1.04 4.51 8.45 541

1734609033
0.85 4.36 8.39 273

1734609034
0.85 4.36 8.39 47

1734609035
0.7 4.22 8.34 25

1734609036
0.7 4.22 8.34 381

1734609037
0.57 4.08 8.28 902

1734609038
0.57 4.08 8.28 388

1734609039
0.47 3.95 8.22 673

1734609040
0.47 3.95 8.22 352

1734609041
0.38 3.82 8.16 702

1734609042
0.38 3.82 8.16 589

1734609043
0.31 3.69 8.11 170

1734609044
0.31 3.69 8.11 146

1734609045
0.25 3.57 8.05 164

1734609046
0.25 3.57 8.05 18730

1734609047
0.21 3.45 8.0 341

1734609048
0.21 3.45 8.0 432

1734609049
0.17 3.34 7.94 1037

1734609050
0.17 3.34 7.94 433

1734609051
0.14 3.23 7.89 24559

1734609052
0.14 3.23 7.89 20301

1734609053
0.47 3.19 7.85 578

1734609054
0.47 3.19 7.85 1102

1734609055
0.39 3.08 7.79 59964

1734609056
0.39 3.08 7.79 1495

1734609057
0.86 3.08 7.76 307

1734609058
0.86 3.08 7.76 1727

1734609059
0.7 2.98 7.71 1157

1734609060
0.7 2.98 7.71 791

1734609061
0.57 2.88 7.65 4414

1734609062
0.57 2.88 7.65 7170

1734609063
0.47 2.79 7.6 6533

1734609064
0.47 2.79 7.6 1400

1734609065
0.38 2.7 7.55 1443

1734609066
0.38 2.7 7.55 1500

1734609067
0.31 2.61 7.5 2579

1734609068
0.31 2.61 7.5 55863

1734609069
0.8 2.62 7.47 52302

1734609070
0.8 2.62 7.47 21535

1734609071
1.2 2.63 7.44 16950

1734609072
8.23 3.86 7.66 829861

1734609074
8.23 3.86 7.66 6650

1734609075
6.73 3.73 7.61 30109

1734609076
6.73 3.73 7.61 39358

1734609077
6.06 3.7 7.57 54710

1734609078
6.06 3.7 7.57 72899

1734609079
6.05 3.78 7.56 4725

1734609080
6.05 3.78 7.56 49934

1734609081
5.31 3.72 7.52 326540

1734609082
9.42 4.52 7.66 252543

1734609086
22.74 7.41 8.24 2383334

1734609087
22.74 7.41 8.24 361944

1734609088
33.66 10.49 8.87 2028638

1734609091
33.66 10.49 8.87 31007

1734609092
34.09 11.32 9.06 175800

1734609093
35.52 12.33 9.28 1239385

1734609095
35.52 12.33 9.28 72035

1734609096
35.42 13.07 9.46 994047

1734609097
38.43 14.34 9.75 312647

1734609099
38.43 14.34 9.75 200605

1734609100
33.82 14.3 9.77 55371

1734609102
36.03 15.33 10.02 1593663

1734609103
36.03 15.33 10.02 665

1734609104
35.29 15.88 10.17 1673

1734609105
35.29 15.88 10.17 535

1734609106
28.9 15.36 10.1 478

1734609107
28.9 15.36 10.1 770

1734609108
23.66 14.86 10.03 165

1734609109
23.66 14.86 10.03 270

1734609110
19.38 14.37 9.96 209

1734609111
19.38 14.37 9.96 156

1734609112
15.86 13.9 9.9 367685

1734609113
17.34 14.23 9.99 268246

1734609115
19.45 14.71 10.12 539388

1734609116
19.45 14.71 10.12 9027

1734609117
19.45 14.71 10.12 11155

1734609118
17.01 14.43 10.09 985

1734609119
17.01 14.43 10.09 289

1734609120
13.93 13.96 10.03 592

1734609121
13.93 13.96 10.03 277

1734609122
11.77 13.56 9.97 537039

1734609123
15.43 14.17 10.12 686513

1734609125
15.43 14.17 10.12 11162

1734609126
18.98 14.85 10.29 560875

1734609127
18.98 14.85 10.29 118872

1734609128
23.15 15.74 10.51 970624

1734609129
23.15 15.74 10.51 14853

1734609130
25.11 16.33 10.67 49893

1734609131
25.11 16.33 10.67 12695

1734609132
20.74 15.83 10.6 319

1734609133
20.74 15.83 10.6 109

1734609134
16.98 15.31 10.53 130

1734609135
16.98 15.31 10.53 167

1734609136
13.91 14.81 10.46 74

1734609137
13.91 14.81 10.46 176

1734609138
11.39 14.33 10.39 321

1734609139
11.39 14.33 10.39 361

1734609140
9.32 13.86 10.31 453

1734609141
9.32 13.86 10.31 160

1734609142
7.63 13.4 10.24 263

1734609143
7.63 13.4 10.24 173

1734609144
6.25 12.97 10.17 94

1734609145
6.25 12.97 10.17 152903

1734609146
6.75 12.84 10.16 77487

1734609147
6.75 12.84 10.16 80185

1734609148
7.15 12.71 10.16 308930

1734609149
7.15 12.71 10.16 37506

1734609150
9.12 12.88 10.21 987233

1734609152
15.8 13.97 10.45 150082

1734609153
15.8 13.97 10.45 230926

1734609154
16.02 14.07 10.5 7991

1734609155
16.02 14.07 10.5 451

1734609156
13.11 13.6 10.43 271

1734609157
13.11 13.6 10.43 448

1734609158
10.74 13.16 10.36 192

1734609159
10.74 13.16 10.36 4914

1734609160
8.79 12.73 10.28 235

1734609161
8.79 12.73 10.28 690

1734609162
7.2 12.31 10.21 472

1734609163
7.2 12.31 10.21 263

1734609164
5.89 11.91 10.14 7675

1734609165
5.89 11.91 10.14 119125

1734609166
5.91 11.71 10.11 269

1734609167
5.91 11.71 10.11 240

1734609168
4.84 11.33 10.05 235

1734609169
4.84 11.33 10.05 430

1734609170
3.96 10.96 9.98 132

1734609171
3.96 10.96 9.98 682

1734609172
3.24 10.6 9.91 160

1734609173
3.24 10.6 9.91 637

1734609174
2.65 10.25 9.84 794

1734609175
2.65 10.25 9.84 104

1734609176
2.17 9.92 9.77 284

1734609177
2.17 9.92 9.77 67

1734609178
1.78 9.59 9.71 182

1734609179
1.78 9.59 9.71 165

1734609180
1.45 9.28 9.64 479

1734609181
1.45 9.28 9.64 590

1734609182
1.19 8.97 9.57 59

1734609183
1.19 8.97 9.57 296

1734609184
0.97 8.68 9.51 57

1734609185
0.97 8.68 9.51 227

1734609186
0.8 8.4 9.44 801

1734609187
0.8 8.4 9.44 108

1734609188
0.65 8.12 9.38 97

1734609189
0.65 8.12 9.38 254

1734609190
0.53 7.86 9.31 908

1734609191
0.53 7.86 9.31 45804

1734609192
0.8 7.66 9.26 906

1734609193
0.8 7.66 9.26 869

1734609194
0.65 7.41 9.2 14

1734609195
0.65 7.41 9.2 590

1734609196
0.53 7.17 9.14 22050

1734609197
0.53 7.17 9.14 550

1734609198
0.43 6.93 9.07 453

1734609199
0.43 6.93 9.07 1097

1734609200
0.35 6.71 9.01 1151

1734609201
0.35 6.71 9.01 910

1734609202
0.29 6.49 8.95 415

1734609203
0.29 6.49 8.95 597

1734609204
0.24 6.28 8.89 88

1734609205
0.24 6.28 8.89 436

1734609206
0.19 6.07 8.83 56

1734609207
0.19 6.07 8.83 206

1734609208
0.16 5.87 8.77 195

1734609209
0.16 5.87 8.77 105

1734609210
0.13 5.68 8.71 202

1734609211
0.13 5.68 8.71 1403

1734609212
0.1 5.49 8.65 10258

1734609213
0.1 5.49 8.65 151

1734609214
0.08 5.31 8.59 25

1734609215
0.08 5.31 8.59 107

1734609216
0.07 5.14 8.53 813

1734609217
0.07 5.14 8.53 11324

1734609218
0.05 4.97 8.47 541

1734609219
0.05 4.97 8.47 588

1734609220
0.04 4.81 8.41 558

1734609221
0.04 4.81 8.41 1833

1734609222
0.03 4.65 8.35 996

1734609223
0.03 4.65 8.35 1216

1734609224
0.03 4.5 8.3 435

1734609225
0.03 4.5 8.3 566

1734609226
0.02 4.35 8.24 898

1734609227
0.02 4.35 8.24 552

1734609228
0.02 4.21 8.18 4501

1734609229
0.02 4.21 8.18 302

1734609230
0.01 4.07 8.13 282

1734609231
0.01 4.07 8.13 278

1734609232
0.01 3.93 8.07 312

1734609233
0.01 3.93 8.07 835

1734609234
0.01 3.81 8.01 282

1734609235
0.01 3.81 8.01 284

1734609236
0.0 3.68 7.96 516

1734609237
0.0 3.68 7.96 278

1734609238
0.0 3.56 7.9 41592

1734609239
0.0 3.56 7.9 22470

1734609240
0.36 3.51 7.86 450

1734609241
0.36 3.51 7.86 3432

1734609242
0.3 3.39 7.81 146

1734609243
0.3 3.39 7.81 38490

1734609244
0.6 3.35 7.77 5559

1734609245
0.6 3.35 7.77 392

1734609246
0.49 3.24 7.72 1375

1734609247
0.49 3.24 7.72 160

1734609248
0.4 3.13 7.66 6095

1734609249
0.4 3.13 7.66 4582

1734609250
0.33 3.03 7.61 83

1734609251
0.33 3.03 7.61 1544

1734609252
0.27 2.93 7.56 1392

1734609253
0.27 2.93 7.56 8396

1734609254
0.58 2.9 7.52 32350

1734609255
0.58 2.9 7.52 273

1734609256
0.47 2.8 7.47 10444

1734609257
0.47 2.8 7.47 849

1734609258
0.39 2.71 7.42 113696

1734609259
2.13 2.95 7.43 129635

1734609260
2.13 2.95 7.43 34575

1734609261
2.13 2.95 7.43 116026

1734609262
3.37 3.15 7.45 8925

1734609263
3.37 3.15 7.45 539

1734609264
2.76 3.04 7.39 426

1734609265
2.76 3.04 7.39 244

1734609266
2.26 2.94 7.34 544

1734609267
2.26 2.94 7.34 892

1734609268
1.85 2.85 7.29 705

1734609269
1.85 2.85 7.29 635

1734609270
1.51 2.75 7.24 706

1734609271
1.51 2.75 7.24 736

1734609272
1.24 2.66 7.19 1215

1734609273
1.24 2.66 7.19 661

1734609274
1.01 2.58 7.14 1273

1734609275
1.01 2.58 7.14 202

1734609276
1.19 2.56 7.11 42557

1734609277
2.42 2.73 7.11 187310

1734609278
2.42 2.73 7.11 8846

1734609279
2.42 2.73 7.11 74881

1734609280
2.89 2.81 7.1 15720

1734609281
2.89 2.81 7.1 299

1734609282
2.37 2.72 7.05 186

1734609283
2.37 2.72 7.05 475

1734609284
1.94 2.63 7.0 219

1734609285
1.94 2.63 7.0 253

1734609286
1.58 2.54 6.95 303

1734609287
1.58 2.54 6.95 174

1734609288
1.3 2.46 6.91 241

1734609289
1.3 2.46 6.91 430

1734609290
1.06 2.38 6.86 116168

1734609291
1.06 2.38 6.86 3998

1734609292
1.95 2.5 6.85 185

1734609293
1.95 2.5 6.85 191

1734609294
1.6 2.41 6.81 224

1734609295
2.58 2.56 6.81 155059

1734609296
2.58 2.56 6.81 7487

1734609297
2.58 2.56 6.81 111999

1734609298
3.2 2.68 6.8 1925

1734609299
3.2 2.68 6.8 600

1734609300
2.62 2.59 6.75 293

1734609301
2.62 2.59 6.75 192

1734609302
2.14 2.5 6.71 205

1734609303
2.14 2.5 6.71 2964

1734609304
1.75 2.42 6.66 154

1734609305
1.75 2.42 6.66 489

1734609306
1.43 2.34 6.62 454

1734609307
1.43 2.34 6.62 417

1734609308
1.17 2.26 6.57 172

1734609309
1.17 2.26 6.57 128

1734609310
0.96 2.19 6.53 592

1734609311
0.96 2.19 6.53 149

1734609312
0.78 2.12 6.48 565

1734609313
0.78 2.12 6.48 31226

1734609314
0.82 2.08 6.44 379

1734609315
0.82 2.08 6.44 380

1734609316
0.67 2.01 6.4 902

1734609317
0.67 2.01 6.4 623

1734609318
0.55 1.95 6.35 3019

1734609319
0.55 1.95 6.35 26895

1734609320
0.63 1.91 6.32 689

1734609321
0.63 1.91 6.32 1196

1734609322
0.52 1.85 6.27 401

1734609323
0.52 1.85 6.27 420

1734609324
0.6 1.82 6.24 33433

1734609325
0.6 1.82 6.24 283

1734609326
0.49 1.76 6.19 146

1734609327
0.49 1.76 6.19 668

1734609328
3.23 2.17 6.22 505879

1734609331
3.23 2.17 6.22 0

1734609332
3.23 2.17 6.22 27401

1734609333
4.27 2.4 6.24 209

1734609334
4.27 2.4 6.24 128

1734609335
3.5 2.32 6.2 331

1734609336
3.5 2.32 6.2 242

1734609337
2.86 2.24 6.15 2302

1734609338
2.86 2.24 6.15 636

1734609339
2.34 2.17 6.11 42

1734609340
2.34 2.17 6.11 148

1734609341
1.92 2.1 6.07 409

1734609342
1.93 2.09 6.04 47363

1734609343
1.93 2.09 6.04 180

1734609344
1.93 2.09 6.04 218

1734609345
1.58 2.02 6.0 127

1734609346
1.58 2.02 6.0 7523

1734609347
1.29 1.96 5.96 2738

1734609348
1.29 1.96 5.96 79612

1734609349
1.78 2.02 5.94 241

1734609350
1.78 2.02 5.94 213

1734609351
1.46 1.96 5.9 140881

1734609352
1.46 1.96 5.9 137992

1734609353
3.73 2.35 5.96 116755

1734609354
3.73 2.35 5.96 1353

1734609355
3.96 2.44 5.95 1151

1734609356
3.96 2.44 5.95 1674

1734609357
3.24 2.36 5.91 945

1734609358
3.24 2.36 5.91 7662

1734609359
2.65 2.28 5.87 428

1734609360
2.65 2.28 5.87 382

1734609361
2.17 2.21 5.83 263

1734609362
2.17 2.21 5.83 57

1734609363
1.78 2.13 5.79 17084

1734609364
1.78 2.13 5.79 183

1734609365
1.45 2.06 5.75 130

1734609366
1.45 2.06 5.75 92

1734609367
1.19 2.0 5.71 341

1734609368
1.19 2.0 5.71 13952

1734609369
0.97 1.93 5.67 120

1734609370
0.97 1.93 5.67 187

1734609371
0.8 1.87 5.63 2166

1734609372
0.8 1.87 5.63 108

1734609373
0.65 1.8 5.59 66103

1734609375
1.62 1.94 5.6 127540

1734609376
1.62 1.94 5.6 2531

1734609377
1.87 1.98 5.58 77

1734609378
1.87 1.98 5.58 90

1734609379
1.53 1.91 5.54 182

1734609380
1.53 1.91 5.54 76998

1734609381
1.79 1.95 5.52 1503

1734609382
1.79 1.95 5.52 821

1734609383
1.47 1.88 5.48 315

1734609384
1.47 1.88 5.48 163

1734609385
1.2 1.82 5.45 216457

1734609386
1.2 1.82 5.45 40163

1734609387
3.34 2.19 5.5 20586

1734609388
3.34 2.19 5.5 256

1734609389
2.73 2.12 5.46 478

1734609390
2.73 2.12 5.46 110

1734609391
2.24 2.05 5.42 319

1734609392
2.24 2.05 5.42 23455

1734609393
2.01 2.01 5.39 287

1734609394
2.01 2.01 5.39 82

1734609395
1.65 1.94 5.35 503

1734609396
1.65 1.94 5.35 254

1734609397
3.09 2.18 5.36 302262

1734609399
3.09 2.18 5.36 44750

1734609400
3.09 2.18 5.36 11486

1734609401
3.62 2.3 5.36 218

1734609402
3.62 2.3 5.36 75

1734609403
2.96 2.23 5.32 74

1734609404
2.96 2.23 5.32 32

1734609405
2.43 2.15 5.29 209

1734609406
2.43 2.15 5.29 653

1734609407
1.98 2.08 5.25 144

1734609408
1.98 2.08 5.25 82

1734609409
1.62 2.02 5.21 266

1734609410
1.62 2.02 5.21 451

1734609411
1.33 1.95 5.18 283

1734609412
1.33 1.95 5.18 179

1734609413
1.09 1.89 5.14 534

1734609414
1.09 1.89 5.14 39870

1734609415
1.43 1.92 5.13 66982

1734609416
1.43 1.92 5.13 45030

1734609417
1.9 1.99 5.12 22953

1734609418
1.9 1.99 5.12 258

1734609419
1.73 1.96 5.09 179

1734609420
1.73 1.96 5.09 17604

1734609421
1.42 1.89 5.06 787

1734609422
1.42 1.89 5.06 1692

1734609423
1.16 1.83 5.02 19605

1734609424
1.16 1.83 5.02 7505

1734609425
1.13 1.8 4.99 17033

1734609426
1.13 1.8 4.99 16154

1734609427
1.11 1.78 4.97 3699

1734609428
1.11 1.78 4.97 10770

1734609429
0.9 1.72 4.93 588

1734609430
1.1 1.73 4.91 153229

1734609431
3.62 2.16 4.98 286709

1734609433
3.62 2.16 4.98 46778

1734609434
3.62 2.16 4.98 496

1734609435
4.23 2.32 5.0 4365

1734609436
4.23 2.32 5.0 571

1734609437
3.46 2.24 4.96 369

1734609438
3.46 2.24 4.96 217

1734609439
2.83 2.17 4.93 284

1734609440
2.83 2.17 4.93 1370

1734609441
2.32 2.1 4.89 4207

1734609442
2.32 2.1 4.89 221284

1734609443
4.62 2.52 4.96 603377

1734609444
4.62 2.52 4.96 27938

1734609446
8.67 3.32 5.11 2587

1734609447
7.1 3.21 5.08 1014

1734609448
7.1 3.21 5.08 1020

1734609449
5.81 3.11 5.04 2821

1734609450
5.81 3.11 5.04 1289

1734609451
4.76 3.0 5.01 3412

1734609452
4.76 3.0 5.01 423

1734609453
3.89 2.91 4.97 686

1734609454
3.89 2.91 4.97 385

1734609455
3.19 2.81 4.94 822

1734609456
3.19 2.81 4.94 998

1734609457
2.61 2.72 4.9 571

1734609458
2.61 2.72 4.9 357

1734609459
2.14 2.63 4.87 408

1734609460
2.14 2.63 4.87 385

1734609461
1.75 2.54 4.84 784

1734609462
1.75 2.54 4.84 461

1734609463
1.43 2.46 4.8 30698

1734609464
1.43 2.46 4.8 2839

1734609465
1.35 2.41 4.78 10480

1734609466
1.35 2.41 4.78 556

1734609467
1.1 2.33 4.75 102

1734609468
1.1 2.33 4.75 217

1734609469
0.9 2.25 4.71 1702

1734609470
0.9 2.25 4.71 11575

1734609471
0.74 2.18 4.68 3685

1734609472
0.74 2.18 4.68 4992

1734609473
0.6 2.11 4.65 4986

1734609474
0.6 2.11 4.65 6211

1734609475
0.49 2.04 4.62 7075

1734609476
0.49 2.04 4.62 12612

1734609477
0.58 2.0 4.59 6128

1734609478
0.58 2.0 4.59 4559

1734609479
0.48 1.94 4.56 15069

1734609480
0.48 1.94 4.56 16018

1734609481
0.57 1.91 4.53 5831

1734609482
0.57 1.91 4.53 3212

1734609483
0.47 1.84 4.5 1581

1734609484
0.47 1.84 4.5 781

1734609485
0.38 1.78 4.47 898

1734609486
0.38 1.78 4.47 1479

1734609488
0.31 1.73 4.44 528

1734609489
0.25 1.67 4.41 731

1734609490
0.25 1.67 4.41 2277

1734609491
0.21 1.61 4.38 8506

1734609492
0.21 1.61 4.38 6302

1734609493
0.17 1.56 4.35 2150

1734609494
0.17 1.56 4.35 3045

1734609495
0.14 1.51 4.32 2909

1734609496
0.14 1.51 4.32 7689

1734609497
0.11 1.46 4.29 520

1734609498
0.11 1.46 4.29 1818

1734609499
0.09 1.41 4.26 582

1734609500
0.09 1.41 4.26 889

1734609501
0.07 1.36 4.23 217

1734609502
0.07 1.36 4.23 6250

1734609503
0.06 1.32 4.2 165

1734609504
0.06 1.32 4.2 72

1734609505
0.05 1.28 4.17 509

1734609506
0.05 1.28 4.17 218

1734609507
0.04 1.23 4.14 15858

1734609508
0.04 1.23 4.14 751

1734609509
0.03 1.19 4.12 4784

1734609510
0.03 1.19 4.12 389

1734609511
0.02 1.15 4.09 434

1734609512
0.02 1.15 4.09 12381

1734609513
0.02 1.12 4.06 350

1734609514
0.02 1.12 4.06 307

1734609515
0.01 1.08 4.03 33372

1734609516
0.01 1.08 4.03 31566

1734609517
0.55 1.14 4.02 402382

1734609518
0.55 1.14 4.02 47282

1734609519
5.34 1.99 4.18 259732

1734609520
5.34 1.99 4.18 199444

1734609521
7.64 2.51 4.28 20912

1734609522
7.64 2.51 4.28 1870

1734609523
6.25 2.43 4.25 622

1734609524
6.25 2.43 4.25 290

1734609525
5.12 2.35 4.22 10289

1734609526
5.12 2.35 4.22 518

1734609528
4.19 2.27 4.19 1572

1734609529
3.43 2.2 4.16 1510

1734609530
3.43 2.2 4.16 31696

1734609532
2.99 2.16 4.14 26937

1734609533
2.81 2.15 4.12 34629

1734609534
2.81 2.15 4.12 34278

1734609535
2.84 2.18 4.11 45011

1734609536
2.84 2.18 4.11 33635

1734609537
2.87 2.21 4.11 32627

1734609538
9.83 3.56 4.36 1051720

1734609541
9.83 3.56 4.36 18599

1734609543
9.83 3.56 4.36 52650

1734609544
9.68 3.73 4.4 35024

1734609545
9.68 3.73 4.4 30306

1734609546
8.47 3.71 4.39 17161

1734609547
8.47 3.71 4.39 9104

1734609548
6.93 3.59 4.36 1526

1734609549
6.93 3.59 4.36 5429

1734609550
5.68 3.47 4.33 14561

1734609551
5.68 3.47 4.33 31244

1734609552
5.01 3.42 4.31 27945

1734609553
5.01 3.42 4.31 22835

1734609554
4.46 3.38 4.29 707152

1734609555
4.46 3.38 4.29 235846

1734609556
13.44 5.03 4.63 827660

1734609557
13.44 5.03 4.63 561212

1734609558
33.65 9.48 5.58 2290255

1734609560
33.65 9.48 5.58 67365

1734609561
33.65 9.48 5.58 426636

1734609562
37.16 10.9 5.9 184875

1734609563
32.06 10.84 5.93 47163

1734609564
32.06 10.84 5.93 41638

1734609565
26.79 10.58 5.91 27178

1734609566
26.79 10.58 5.91 7319

1734609567
21.94 10.24 5.86 163540

1734609568
21.94 10.24 5.86 364201

1734609569
22.67 10.75 6.0 12122

1734609570
22.67 10.75 6.0 8287

1734609571
18.56 10.4 5.96 4068

1734609572
18.56 10.4 5.96 40585

1734609573
15.56 10.12 5.93 10516

1734609574
15.56 10.12 5.93 5207

1734609575
12.74 9.79 5.89 7005

1734609576
12.74 9.79 5.89 7088

1734609577
10.43 9.47 5.85 25730

1734609578
10.43 9.47 5.85 8843

1734609579
8.72 9.2 5.82 2875

1734609580
8.72 9.2 5.82 5507

1734609581
7.14 8.89 5.78 5246

1734609582
7.14 8.89 5.78 38172

1734609584
6.21 8.67 5.75 21153

1734609585
5.08 8.38 5.71 4032

1734609586
5.08 8.38 5.71 4439

1734609587
4.16 8.11 5.67 19530

1734609588
4.16 8.11 5.67 16957

1734609589
3.59 7.88 5.64 9937

1734609590
3.59 7.88 5.64 266916

1734609591
6.2 8.21 5.73 797531

1734609592
17.21 10.13 6.14 906197

1734609593
17.21 10.13 6.14 0

1734609595
19.71 10.81 6.31 406833

1734609596
19.71 10.81 6.31 7982

1734609597
27.52 12.7 6.77 1617776

1734609599
27.52 12.7 6.77 20721

1734609601
27.52 12.7 6.77 1515752

1734609602
36.67 14.84 7.26 71087

1734609603
30.57 14.45 7.23 25736

1734609604
30.57 14.45 7.23 2851

1734609605
25.03 13.98 7.18 2598

1734609606
25.03 13.98 7.18 192922

1734609607
22.31 13.85 7.2 34122

1734609608
22.31 13.85 7.2 13689

1734609609
18.44 13.43 7.15 9411

1734609610
18.44 13.43 7.15 5371

1734609611
15.1 12.99 7.1 9407

1734609612
15.1 12.99 7.1 13764

1734609613
12.55 12.59 7.06 10645

1734609614
12.55 12.59 7.06 7999

1734609615
10.45 12.21 7.02 12847

1734609616
10.45 12.21 7.02 8567

1734609617
8.56 11.81 6.97 10714

1734609618
8.56 11.81 6.97 5091

1734609619
7.01 11.43 6.93 7104

1734609620
7.01 11.43 6.93 8641

1734609621
5.74 11.05 6.88 6922

1734609622
5.74 11.05 6.88 19292

1734609623
4.88 10.72 6.84 11034

1734609624
4.88 10.72 6.84 11751

1734609625
4.17 10.41 6.8 13811

1734609626
4.17 10.41 6.8 9127

1734609627
3.42 10.06 6.75 8101

1734609628
3.42 10.06 6.75 225084

1734609629
5.33 10.19 6.8 316927

1734609630
5.33 10.19 6.8 109637

1734609632
7.81 10.48 6.88 68910

1734609633
6.75 10.2 6.85 6123

1734609634
6.75 10.2 6.85 6509

1734609635
5.53 9.87 6.8 7728

1734609636
5.53 9.87 6.8 3994

1734609637
4.53 9.55 6.76 4730

1734609638
4.53 9.55 6.76 5223

1734609639
3.71 9.23 6.71 10428

1734609640
3.71 9.23 6.71 5010

1734609641
3.03 8.93 6.66 5252

1734609642
3.03 8.93 6.66 3806

1734609643
2.48 8.64 6.62 6525

1734609644
2.48 8.64 6.62 1529

1734609645
2.03 8.36 6.57 7439

1734609646
2.03 8.36 6.57 31686

1734609647
2.03 8.15 6.54 19727

1734609648
2.03 8.15 6.54 13811

1734609649
1.84 7.91 6.5 11897

1734609650
1.84 7.91 6.5 7180

1734609651
1.5 7.65 6.46 11765

1734609652
1.5 7.65 6.46 7435

1734609653
1.23 7.4 6.41 11027

1734609654
1.23 7.4 6.41 24599

1734609655
1.19 7.19 6.38 10771

1734609656
1.19 7.19 6.38 15256

1734609657
1.15 6.99 6.34 26437

1734609658
1.15 6.99 6.34 5804

1734609659
0.94 6.76 6.29 9769

1734609660
0.94 6.76 6.29 9364

1734609661
0.95 6.57 6.26 11076

1734609662
0.95 6.57 6.26 10949

1734609663
0.78 6.36 6.22 7375

1734609664
0.78 6.36 6.22 5626

1734609665
0.64 6.15 6.17 10921

1734609666
0.64 6.15 6.17 7291

1734609667
0.52 5.95 6.13 7558

1734609668
0.52 5.95 6.13 8655

1734609669
0.42 5.75 6.09 8481

1734609670
0.42 5.75 6.09 7479

1734609671
0.35 5.56 6.05 9741

1734609672
0.35 5.56 6.05 18869

1734609673
0.46 5.41 6.01 10681

1734609674
0.46 5.41 6.01 8778

1734609675
0.92 5.33 5.99 55969

1734609676
0.92 5.33 5.99 120016

1734609677
2.93 5.55 6.03 146435

1734609678
2.93 5.55 6.03 131054

1734609679
4.21 5.7 6.06 70232

1734609680
4.21 5.7 6.06 11546

1734609681
3.63 5.54 6.02 9060

1734609682
3.63 5.54 6.02 3767

1734609683
2.97 5.36 5.98 10489

1734609684
2.97 5.36 5.98 1840

1734609685
2.43 5.19 5.94 6415

1734609686
2.43 5.19 5.94 6076

1734609687
1.99 5.02 5.9 5536

1734609688
1.99 5.02 5.9 8567

1734609689
1.63 4.85 5.86 4671

1734609690
1.63 4.85 5.86 4260

1734609691
1.33 4.69 5.82 4964

1734609692
1.33 4.69 5.82 4451

1734609693
1.09 4.54 5.78 8549

1734609694
1.09 4.54 5.78 11200

1734609695
0.89 4.39 5.74 5990

1734609696
0.89 4.39 5.74 11739

1734609697
1.45 4.38 5.73 145948

1734609698
1.45 4.38 5.73 445652

1734609704
48.45 15.48 8.13 7515469

1734609778
91.59 66.92 25.34 63066810

1734609779
84.96 66.53 25.55 79466

1734609780
84.96 66.53 25.55 72141

1734609781
70.3 64.49 25.4 25239

1734609782
70.3 64.49 25.4 24859

1734609783
57.92 62.44 25.24 12290

1734609784
57.92 62.44 25.24 28216

1734609785
47.79 60.46 25.08 30645

1734609786
47.79 60.46 25.08 37260

1734609787
39.86 58.62 24.93 49252

1734609788
39.86 58.62 24.93 4606

1734609789
32.82 56.73 24.77 5491

1734609790
32.82 56.73 24.77 9286

1734609791
27.05 54.91 24.61 16272

1734609792
27.05 54.91 24.61 20892

1734609793
22.51 53.18 24.45 29897

1734609794
22.51 53.18 24.45 19266

1734609795
18.8 51.5 24.3 19517

1734609796
18.8 51.5 24.3 18488

1734609797
15.57 49.85 24.14 14057

1734609798
15.57 49.85 24.14 16119

1734609799
12.93 48.25 23.98 14105

1734609800
12.93 48.25 23.98 12021

1734609801
10.77 46.7 23.82 9009

1734609802
10.77 46.7 23.82 3945

1734609803
8.82 45.18 23.66 5811

1734609804
8.82 45.18 23.66 9656

1734609805
7.22 43.7 23.5 7471

1734609806
7.22 43.7 23.5 4177

1734609807
5.91 42.27 23.34 3364

1734609808
5.91 42.27 23.34 4686

1734609809
4.84 40.88 23.18 5412

1734609810
4.84 40.88 23.18 6754

1734609811
3.96 39.55 23.02 3607

1734609812
3.96 39.55 23.02 10984

1734609813
9.37 38.24 22.96 888009

1734609816
9.37 38.24 22.96 293441

1734609817
9.37 38.24 22.96 268607

1734609818
14.74 38.26 23.07 784435

1734609819
14.74 38.26 23.07 8402

1734609820
19.86 38.42 23.21 1003166

1734609821
19.86 38.42 23.21 0

1734609823
29.87 39.14 23.57 1452893

1734609824
29.87 39.14 23.57 482007

1734609825
29.87 39.14 23.57 0

1734609827
31.16 39.07 23.66 632175

1734609828
31.67 38.9 23.73 939478

1734609829
31.67 38.9 23.73 385283

1734609830
37.53 39.72 24.01 308461

1734609831
37.53 39.72 24.01 66963

1734609832
33.81 38.98 23.96 6799

1734609833
33.81 38.98 23.96 8908

1734609834
27.68 37.7 23.8 69170

1734609835
27.68 37.7 23.8 5979

1734609836
23.21 36.57 23.65 185273

1734609837
23.21 36.57 23.65 15469

1734609838
22.33 35.48 23.6 783803

1734609840
22.33 35.48 23.6 0

1734609841
22.33 35.48 23.6 269148

1734609842
22.45 35.07 23.59 71305

1734609843
22.45 35.07 23.59 89590

1734609844
19.83 34.19 23.49 485402

1734609845
24.03 34.47 23.62 786359

1734609846
24.03 34.47 23.62 265359

1734609847
24.03 34.47 23.62 191708

1734609848
27.1 34.69 23.74 329105

1734609849
27.1 34.69 23.74 350482

1734609850
28.35 34.66 23.81 483422

1734609851
31.0 34.94 23.94 448131

1734609853
45.75 37.55 24.64 3167309

1734609856
52.49 39.04 25.04 1848316

1734609858
52.49 39.04 25.04 739992

1734609859
56.03 40.12 25.36 427917

1734609861
54.57 40.37 25.52 1484950

1734609862
54.57 40.37 25.52 47020

1734609864
51.75 40.33 25.61 1524508

1734609865
54.69 41.23 25.9 995489

1734609866
54.69 41.23 25.9 49760

1734609867
57.47 42.18 26.2 571208

1734609868
57.47 42.18 26.2 613840

1734609869
57.2 42.63 26.41 570598

1734609870
57.2 42.63 26.41 470352

1734609871
57.71 43.2 26.64 1307303

1734609872
60.66 44.2 26.96 1307997

1734609874
60.66 44.2 26.96 6766

1734609875
60.66 44.2 26.96 360218

1734609876
59.27 44.49 27.14 353515

1734609877
59.27 44.49 27.14 684483

1734609878
57.04 44.57 27.27 19120

1734609879
57.04 44.57 27.27 11120

1734609880
46.89 43.15 27.09 470321

1734609881
46.89 43.15 27.09 65880

1734609882
43.11 42.59 27.09 18783

1734609883
43.11 42.59 27.09 24866

1734609884
35.66 41.26 26.91 14810

1734609885
35.66 41.26 26.91 19690

1734609886
29.38 39.94 26.74 18210

1734609887
29.38 39.94 26.74 153853

1734609888
26.77 39.12 26.66 392201

1734609889
26.77 39.12 26.66 12770

1734609890
24.28 38.27 26.56 8345

1734609891
24.28 38.27 26.56 27095

1734609892
20.24 37.08 26.4 403024

1734609893
20.24 37.08 26.4 69452

1734609894
20.56 36.59 26.37 36531

1734609895
20.56 36.59 26.37 25934

1734609896
17.2 35.46 26.2 13297

1734609897
17.2 35.46 26.2 174062

1734609898
17.16 34.85 26.14 535173

1734609899
17.16 34.85 26.14 84883

1734609900
18.04 34.43 26.11 115019

1734609901
18.04 34.43 26.11 151594

1734609902
17.3 33.76 26.02 142702

1734609903
17.3 33.76 26.02 6006

1734609904
15.07 32.82 25.88 2888

1734609905
15.07 32.82 25.88 4907

1734609906
12.34 31.75 25.7 38611

1734609907
12.34 31.75 25.7 215020

1734609908
13.18 31.26 25.64 1132584

1734609909
13.18 31.26 25.64 41901

1734609911
21.66 32.2 25.88 359475

1734609912
19.73 31.51 25.78 4385

1734609913
19.73 31.51 25.78 14517

1734609914
16.34 30.51 25.61 34164

1734609915
16.34 30.51 25.61 350504

1734609916
17.36 30.23 25.58 160403

1734609917
17.36 30.23 25.58 70603

1734609918
15.85 29.54 25.47 56899

1734609919
15.85 29.54 25.47 24413

1734609920
13.34 28.64 25.31 14724

1734609921
13.34 28.64 25.31 16819

1734609922
11.1 27.73 25.14 15564

1734609923
11.1 27.73 25.14 16578

1734609924
9.27 26.86 24.97 13783

1734609925
9.27 26.86 24.97 19924

1734609926
7.77 26.01 24.81 18856

1734609927
7.77 26.01 24.81 5675

1734609928
6.36 25.16 24.64 9100

1734609929
6.36 25.16 24.64 13259

1734609930
5.39 24.37 24.48 10997

1734609931
5.39 24.37 24.48 43607

1734609932
4.77 23.64 24.33 20156

1734609933
4.77 23.64 24.33 91954

1734609934
5.0 23.06 24.2 47850

1734609935
5.0 23.06 24.2 21593

1734609936
4.45 22.37 24.05 109301

1734609937
4.45 22.37 24.05 6722

1734609938
4.55 21.8 23.92 69095

1734609939
4.55 21.8 23.92 84729

1734609940
5.17 21.35 23.81 44384

1734609941
5.17 21.35 23.81 38146

1734609942
5.69 20.91 23.7 174160

1734609944
12.44 21.63 23.83 921183

1734609945
12.44 21.63 23.83 25265

1734609946
11.46 21.16 23.72 8974

1734609947
11.46 21.16 23.72 2591

1734609948
9.38 20.46 23.55 18133

1734609949
9.38 20.46 23.55 10622

1734609950
7.86 19.83 23.4 25867

1734609951
7.86 19.83 23.4 3496

1734609952
6.62 19.21 23.25 4275

1734609953
6.62 19.21 23.25 42121

1734609954
5.78 18.65 23.1 10741

1734609955
5.78 18.65 23.1 0

1734609956
4.73 18.04 22.94 0

1734609957
4.73 18.04 22.94 582

1734609958
3.87 17.45 22.79 0

1734609959
3.87 17.45 22.79 238070

1734609960
6.97 17.56 22.77 463667

1734609961
6.97 17.56 22.77 63167

1734609962
8.79 17.54 22.73 22650

1734609963
8.79 17.54 22.73 0

1734609964
7.2 16.97 22.58 0

1734609965
7.2 16.97 22.58 202

1734609966
5.89 16.41 22.42 0

1734609967
5.89 16.41 22.42 0

1734609968
4.82 15.88 22.27 0

1734609969
4.82 15.88 22.27 0

1734609970
3.95 15.36 22.12 642

1734609971
3.95 15.36 22.12 0

1734609972
3.23 14.85 21.97 0

1734609973
3.23 14.85 21.97 193

1734609974
2.65 14.37 21.82 0

1734609975
2.65 14.37 21.82 0

1734609976
2.71 13.99 21.69 167011

1734609977
2.71 13.99 21.69 58

1734609978
3.12 13.7 21.57 1101

1734609979
3.12 13.7 21.57 0

1734609980
2.56 13.25 21.42 32

1734609981
2.56 13.25 21.42 432

1734609982
2.09 12.82 21.28 239

1734609983
2.09 12.82 21.28 0

1734609984
1.71 12.4 21.13 0

1734609985
1.71 12.4 21.13 0

1734609986
1.4 11.99 20.99 251

1734609987
1.4 11.99 20.99 0

1734609988
1.15 11.6 20.84 331

1734609989
1.15 11.6 20.84 0

1734609990
0.94 11.22 20.7 120

1734609991
0.94 11.22 20.7 653

1734609992
0.77 10.85 20.56 0

1734609993
0.77 10.85 20.56 70

1734609994
0.63 10.5 20.42 55

1734609995
0.63 10.5 20.42 0

1734609996
0.51 10.15 20.28 334

1734609997
0.51 10.15 20.28 0

1734609998
0.42 9.82 20.14 36

1734609999
0.42 9.82 20.14 0

1734610000
0.34 9.5 20.0 16

1734610004
3.33 9.52 19.87 472525

