1734607525
0.0 0.0 0.0 0

1734607526
0.0 0.0 0.0 0

1734607528
0.0 0.0 0.0 0

1734607529
0.0 0.0 0.0 0

1734607530
0.0 0.0 0.0 0

1734607531
0.0 0.0 0.0 0

1734607532
0.0 0.0 0.0 0

1734607533
0.0 0.0 0.0 0

1734607534
0.0 0.0 0.0 0

1734607535
0.0 0.0 0.0 0

1734607536
0.0 0.0 0.0 0

1734607537
0.0 0.0 0.0 0

1734607538
0.0 0.0 0.0 0

1734607539
0.0 0.0 0.0 0

1734607540
0.0 0.0 0.0 0

1734607541
0.0 0.0 0.0 0

1734607542
0.0 0.0 0.0 0

1734607543
0.0 0.0 0.0 0

1734607544
0.0 0.0 0.0 0

1734607545
0.0 0.0 0.0 0

1734607546
0.0 0.0 0.0 0

1734607547
0.0 0.0 0.0 0

1734607548
0.0 0.0 0.0 0

1734607549
0.0 0.0 0.0 0

1734607550
0.0 0.0 0.0 0

1734607551
0.0 0.0 0.0 0

1734607552
0.0 0.0 0.0 0

1734607553
0.0 0.0 0.0 0

1734607554
0.0 0.0 0.0 0

1734607555
0.0 0.0 0.0 0

1734607556
0.0 0.0 0.0 0

1734607557
0.0 0.0 0.0 0

1734607558
0.0 0.0 0.0 0

1734607559
0.0 0.0 0.0 0

1734607560
0.0 0.0 0.0 0

1734607561
0.0 0.0 0.0 0

1734607562
0.0 0.0 0.0 0

1734607563
0.0 0.0 0.0 0

1734607564
0.0 0.0 0.0 0

1734607565
0.0 0.0 0.0 0

1734607566
0.0 0.0 0.0 0

1734607567
0.0 0.0 0.0 0

1734607568
0.0 0.0 0.0 0

1734607569
0.0 0.0 0.0 0

1734607570
0.0 0.0 0.0 0

1734607571
0.0 0.0 0.0 0

1734607572
0.0 0.0 0.0 0

1734607573
0.0 0.0 0.0 0

1734607574
0.0 0.0 0.0 0

1734607575
0.0 0.0 0.0 0

1734607576
0.0 0.0 0.0 0

1734607577
0.0 0.0 0.0 0

1734607578
0.0 0.0 0.0 0

1734607579
0.0 0.0 0.0 0

1734607580
0.0 0.0 0.0 0

1734607582
0.0 0.0 0.0 0

1734607583
0.0 0.0 0.0 0

1734607584
0.0 0.0 0.0 0

1734607585
0.0 0.0 0.0 0

1734607586
0.0 0.0 0.0 0

1734607587
0.0 0.0 0.0 0

1734607588
0.0 0.0 0.0 0

1734607589
0.0 0.0 0.0 0

1734607590
0.0 0.0 0.0 0

1734607591
0.0 0.0 0.0 0

1734607592
0.0 0.0 0.0 0

1734607593
0.0 0.0 0.0 0

1734607594
0.0 0.0 0.0 0

1734607595
0.0 0.0 0.0 0

1734607596
0.0 0.0 0.0 0

1734607597
0.0 0.0 0.0 0

1734607598
0.0 0.0 0.0 0

1734607599
0.0 0.0 0.0 0

1734607600
0.0 0.0 0.0 0

1734607601
0.0 0.0 0.0 0

1734607602
0.0 0.0 0.0 0

1734607603
0.0 0.0 0.0 0

1734607604
0.0 0.0 0.0 0

1734607605
0.0 0.0 0.0 0

1734607606
0.0 0.0 0.0 0

1734607607
0.0 0.0 0.0 0

1734607608
0.0 0.0 0.0 0

1734607609
0.0 0.0 0.0 0

1734607610
0.0 0.0 0.0 0

1734607611
0.0 0.0 0.0 0

1734607612
0.0 0.0 0.0 0

1734607613
0.0 0.0 0.0 0

1734607614
0.0 0.0 0.0 0

1734607615
0.0 0.0 0.0 0

1734607616
0.0 0.0 0.0 0

1734607617
0.0 0.0 0.0 0

1734607618
0.0 0.0 0.0 2172

1734607619
0.0 0.0 0.0 8089

1734607620
0.0 0.0 0.0 2189

1734607621
0.0 0.0 0.0 4448

1734607622
0.0 0.0 0.0 4751

1734607623
0.0 0.0 0.0 1474

1734607624
0.0 0.0 0.0 11819

1734607625
0.0 0.0 0.0 6272

1734607626
0.0 0.0 0.0 5249

1734607627
0.0 0.0 0.0 8586

1734607628
0.0 0.0 0.0 509

1734607629
0.0 0.0 0.0 18

1734607630
0.0 0.0 0.0 334

1734607631
0.0 0.0 0.0 15

1734607632
0.0 0.0 0.0 858

1734607633
0.0 0.0 0.0 2788

1734607634
0.0 0.0 0.0 1276

1734607635
0.0 0.0 0.0 678

1734607636
0.0 0.0 0.0 3000

1734607637
0.0 0.0 0.0 6333

1734607638
0.0 0.0 0.0 4198

1734607639
0.0 0.0 0.0 8705

1734607640
0.0 0.0 0.0 6061

1734607641
0.0 0.0 0.0 1543

1734607642
0.0 0.0 0.0 14795

1734607643
0.0 0.0 0.0 8855

1734607644
0.0 0.0 0.0 1643

1734607645
0.0 0.0 0.0 0

1734607646
0.0 0.0 0.0 9012

1734607647
0.0 0.0 0.0 7481

1734607648
0.0 0.0 0.0 23388

1734607650
0.18 0.03 0.0 11692

1734607651
0.18 0.03 0.0 11350

1734607652
0.14 0.03 0.0 4117

1734607653
0.14 0.03 0.0 17094

1734607654
0.12 0.02 0.0 137

1734607655
0.09 0.02 0.0 403

1734607657
0.09 0.02 0.0 143718

1734607658
1.34 0.25 0.05 3576

1734607659
1.34 0.25 0.05 2706

1734607660
1.1 0.24 0.05 2771

1734607661
1.1 0.24 0.05 12316

1734607662
0.9 0.24 0.05 0

1734607663
0.9 0.24 0.05 0

1734607664
0.74 0.23 0.05 734

1734607665
0.74 0.23 0.05 11

1734607666
0.6 0.22 0.05 0

1734607667
0.6 0.22 0.05 5834

1734607668
0.49 0.21 0.05 80536

1734607669
0.49 0.21 0.05 17631

1734607670
1.13 0.34 0.07 3

1734607671
1.13 0.34 0.07 4756

1734607672
0.92 0.32 0.07 5890

1734607673
0.92 0.32 0.07 7499

1734607674
0.75 0.31 0.07 156

1734607675
0.75 0.31 0.07 64

1734607676
0.62 0.3 0.07 260

1734607677
0.62 0.3 0.07 3

1734607678
0.5 0.29 0.07 0

1734607679
0.41 0.28 0.07 17

1734607680
0.41 0.28 0.07 2

1734607681
0.41 0.28 0.07 368

1734607682
0.33 0.27 0.07 70

1734607683
0.33 0.27 0.07 15

1734607684
0.27 0.26 0.07 5

1734607685
0.27 0.26 0.07 15

1734607686
0.22 0.25 0.07 12

1734607687
0.22 0.25 0.07 4

1734607688
0.18 0.25 0.07 15

1734607689
0.18 0.25 0.07 7

1734607690
0.15 0.24 0.06 12

1734607691
0.15 0.24 0.06 2

1734607692
0.12 0.23 0.06 7

1734607693
0.12 0.23 0.06 54

1734607694
0.1 0.22 0.06 1

1734607695
0.1 0.22 0.06 1494

1734607696
0.08 0.21 0.06 7847

1734607697
0.08 0.21 0.06 6838

1734607698
0.06 0.21 0.06 2

1734607699
0.06 0.21 0.06 4

1734607700
0.05 0.2 0.06 85

1734607701
0.05 0.2 0.06 7

1734607702
0.04 0.19 0.06 3

1734607703
0.04 0.19 0.06 3

1734607704
0.03 0.18 0.06 10

1734607705
0.03 0.18 0.06 5

1734607706
0.02 0.18 0.06 10020

1734607707
0.02 0.18 0.06 170

1734607708
0.02 0.17 0.06 4770

1734607709
0.02 0.17 0.06 3143

1734607710
0.01 0.17 0.06 1578

1734607711
0.01 0.17 0.06 322

1734607712
0.01 0.16 0.06 4933

1734607713
0.01 0.16 0.06 3126

1734607714
0.01 0.15 0.06 3928

1734607715
0.01 0.15 0.06 106543

1734607716
0.91 0.31 0.09 6569

1734607717
0.91 0.31 0.09 16677

1734607718
0.93 0.34 0.1 18238

1734607719
0.93 0.34 0.1 1863

1734607720
0.76 0.32 0.1 4990

1734607721
0.76 0.32 0.1 8784

1734607722
0.62 0.31 0.1 7634

1734607723
0.62 0.31 0.1 8133

1734607724
0.51 0.3 0.1 64

1734607725
0.51 0.3 0.1 11599

1734607726
0.41 0.29 0.1 2

1734607727
0.41 0.29 0.1 22

1734607728
0.34 0.28 0.09 120703

1734607729
0.34 0.28 0.09 8551

1734607730
1.36 0.47 0.14 93

1734607731
1.36 0.47 0.14 11

1734607732
1.11 0.45 0.13 19

1734607733
1.11 0.45 0.13 17645

1734607734
0.91 0.44 0.13 0

1734607735
0.91 0.44 0.13 112

1734607736
0.75 0.42 0.13 534

1734607737
0.75 0.42 0.13 930

1734607738
0.61 0.41 0.13 32378

1734607739
0.61 0.41 0.13 7840

1734607740
0.68 0.43 0.14 34668

1734607741
0.68 0.43 0.14 19999

1734607742
0.92 0.48 0.15 9898

1734607743
0.92 0.48 0.15 10954

1734607744
0.93 0.5 0.16 44922

1734607745
0.93 0.5 0.16 4094

1734607746
0.94 0.51 0.16 218

1734607747
0.94 0.51 0.16 390

1734607748
0.77 0.5 0.16 4

1734607749
0.77 0.5 0.16 2229

1734607750
0.63 0.48 0.16 2951

1734607751
0.63 0.48 0.16 57962

1734607752
1.06 0.56 0.18 7028

1734607753
1.06 0.56 0.18 3416

1734607754
0.87 0.54 0.18 553

1734607755
0.87 0.54 0.18 95

1734607756
0.71 0.53 0.18 108

1734607757
0.71 0.53 0.18 2345

1734607758
0.58 0.51 0.17 3757

1734607759
0.58 0.51 0.17 2116

1734607760
0.47 0.49 0.17 3028

1734607761
0.47 0.49 0.17 291

1734607762
0.39 0.47 0.17 13896

1734607763
0.39 0.47 0.17 2462

1734607764
0.68 0.52 0.18 34735

1734607765
0.68 0.52 0.18 3127

1734607766
0.55 0.51 0.18 5741

1734607767
0.55 0.51 0.18 1386

1734607768
0.45 0.49 0.18 1892

1734607769
0.45 0.49 0.18 5458

1734607770
0.37 0.47 0.18 3289

1734607771
0.37 0.47 0.18 7105

1734607772
0.3 0.46 0.18 113

1734607773
0.3 0.46 0.18 697

1734607774
0.25 0.44 0.18 3515

1734607775
0.25 0.44 0.18 2546

1734607776
0.2 0.43 0.18 10802

1734607777
0.2 0.43 0.18 2555

1734607778
0.16 0.41 0.17 3413

1734607779
0.16 0.41 0.17 25994

1734607780
0.31 0.43 0.18 2852

1734607781
0.31 0.43 0.18 423

1734607782
0.26 0.42 0.18 422

1734607783
0.26 0.42 0.18 2090

1734607784
0.21 0.4 0.18 1472

1734607785
0.21 0.4 0.18 489

1734607786
0.17 0.39 0.18 24

1734607787
0.17 0.39 0.18 18

1734607788
0.14 0.38 0.17 22

1734607789
0.14 0.38 0.17 7

1734607790
0.11 0.36 0.17 7470

1734607791
0.11 0.36 0.17 15247

1734607792
0.45 0.42 0.19 24941

1734607793
0.45 0.42 0.19 964

1734607794
0.37 0.4 0.18 925

1734607795
0.37 0.4 0.18 7921

1734607796
0.3 0.39 0.18 6236

1734607797
0.3 0.39 0.18 2802

1734607798
0.25 0.38 0.18 913

1734607799
0.25 0.38 0.18 960

1734607800
0.2 0.36 0.18 772

1734607801
0.2 0.36 0.18 0

1734607802
0.16 0.35 0.18 944

1734607803
0.16 0.35 0.18 1306

1734607804
0.31 0.37 0.18 33225

1734607805
0.31 0.37 0.18 1493

1734607806
0.44 0.39 0.19 23176

1734607807
0.44 0.39 0.19 160

1734607808
0.36 0.38 0.19 44

1734607809
0.36 0.38 0.19 0

1734607810
0.29 0.37 0.19 1546

1734607811
0.29 0.37 0.19 1904

1734607812
0.24 0.36 0.19 555

1734607813
0.24 0.36 0.19 17

1734607814
0.19 0.34 0.18 110

1734607815
0.19 0.34 0.18 674

1734607816
0.16 0.33 0.18 68

1734607817
0.16 0.33 0.18 18

1734607818
0.13 0.32 0.18 37

1734607819
0.13 0.32 0.18 30

1734607820
0.1 0.31 0.18 105

1734607821
0.1 0.31 0.18 290

1734607822
0.08 0.3 0.18 6835

1734607823
0.08 0.3 0.18 6938

1734607824
0.07 0.29 0.18 4579

1734607825
0.07 0.29 0.18 729

1734607826
0.05 0.28 0.18 854

1734607827
0.05 0.28 0.18 735

1734607828
0.04 0.27 0.17 2832

1734607830
0.03 0.26 0.17 28941

1734607831
0.03 0.26 0.17 46419

1734607832
0.57 0.35 0.19 489

1734607833
0.57 0.35 0.19 9

1734607834
0.47 0.34 0.19 9844

1734607835
0.47 0.34 0.19 1311

1734607836
0.38 0.33 0.19 0

1734607837
0.38 0.33 0.19 3334

1734607838
0.31 0.32 0.19 1108

1734607839
0.31 0.32 0.19 0

1734607840
0.25 0.31 0.19 1448

1734607841
0.25 0.31 0.19 6287

1734607842
0.21 0.29 0.18 9

1734607843
0.21 0.29 0.18 209

1734607844
0.17 0.28 0.18 1597

1734607845
0.17 0.28 0.18 0

1734607846
0.14 0.27 0.18 27

1734607847
0.14 0.27 0.18 0

1734607848
0.11 0.27 0.18 1105

1734607849
0.11 0.27 0.18 1992

1734607850
0.09 0.26 0.18 830

1734607851
0.09 0.26 0.18 271

1734607852
0.07 0.25 0.18 0

1734607853
0.07 0.25 0.18 6

1734607854
0.06 0.24 0.18 45

1734607855
0.06 0.24 0.18 237

1734607856
0.05 0.23 0.17 111

1734607857
0.05 0.23 0.17 6

1734607858
0.04 0.22 0.17 32

1734607859
0.04 0.22 0.17 0

1734607860
0.03 0.22 0.17 1

1734607861
0.03 0.22 0.17 11

1734607862
0.02 0.21 0.17 0

1734607863
0.02 0.21 0.17 54

1734607864
0.02 0.2 0.17 226

1734607865
0.02 0.2 0.17 405

1734607866
0.01 0.19 0.17 42

1734607867
0.01 0.19 0.17 61

1734607868
0.01 0.19 0.17 75

1734607869
0.01 0.19 0.17 35

1734607870
0.01 0.18 0.16 0

1734607871
0.01 0.18 0.16 0

1734607872
0.0 0.17 0.16 0

1734607873
0.0 0.17 0.16 1

1734607874
0.0 0.17 0.16 3

1734607875
0.0 0.17 0.16 46

1734607876
0.0 0.16 0.16 984

1734607877
0.0 0.16 0.16 551

1734607878
0.0 0.16 0.16 0

1734607879
0.0 0.16 0.16 0

1734607880
0.0 0.15 0.16 644

1734607881
0.0 0.15 0.16 0

1734607882
0.0 0.15 0.16 472

1734607883
0.0 0.15 0.16 620

1734607884
0.0 0.14 0.15 2545

1734607885
0.0 0.14 0.15 879

1734607886
0.0 0.14 0.15 30

1734607887
0.0 0.14 0.15 356

1734607888
0.0 0.13 0.15 13

1734607889
0.0 0.13 0.15 1

1734607890
0.0 0.13 0.15 0

1734607891
0.0 0.13 0.15 0

1734607892
0.0 0.12 0.15 5

1734607893
0.0 0.12 0.15 90

1734607894
0.0 0.12 0.15 23

1734607895
0.0 0.12 0.15 0

1734607896
0.0 0.11 0.14 7

1734607897
0.0 0.11 0.14 0

1734607898
0.0 0.11 0.14 271

1734607899
0.0 0.11 0.14 0

1734607900
0.0 0.1 0.14 8

1734607901
0.0 0.1 0.14 385

1734607902
0.0 0.1 0.14 5329

1734607903
0.0 0.1 0.14 3970

1734607904
0.0 0.1 0.14 21

1734607905
0.0 0.1 0.14 0

1734607906
0.0 0.09 0.14 0

1734607907
0.0 0.09 0.14 0

1734607908
0.0 0.09 0.14 8

1734607909
0.0 0.09 0.14 3962

1734607910
0.0 0.09 0.14 90

1734607911
0.0 0.09 0.14 13285

1734607912
0.18 0.12 0.14 12638

1734607913
0.18 0.12 0.14 8980

1734607914
0.14 0.11 0.14 790

1734607915
0.14 0.11 0.14 743

1734607916
0.12 0.11 0.14 0

1734607917
0.12 0.11 0.14 0

1734607918
0.09 0.1 0.14 1190

1734607919
0.09 0.1 0.14 1017

1734607920
0.08 0.1 0.14 1342

1734607921
0.08 0.1 0.14 467

1734607922
0.06 0.1 0.14 51

1734607923
0.06 0.1 0.14 58

1734607924
0.05 0.09 0.13 627

1734607925
0.05 0.09 0.13 0

1734607926
0.04 0.09 0.13 21

1734607927
0.04 0.09 0.13 0

1734607928
0.03 0.09 0.13 754

1734607929
0.03 0.09 0.13 981

1734607930
0.02 0.08 0.13 44

1734607931
0.02 0.08 0.13 1608

1734607932
0.02 0.08 0.13 84

1734607933
0.02 0.08 0.13 376

1734607934
0.01 0.08 0.13 256

1734607935
0.01 0.08 0.13 23

1734607936
0.01 0.07 0.13 451

1734607937
0.01 0.07 0.13 2218

1734607938
0.01 0.07 0.13 748

1734607939
0.0 0.07 0.13 2655

1734607940
0.0 0.07 0.13 2207

1734607941
0.0 0.07 0.13 49

1734607942
0.0 0.07 0.13 78

1734607943
0.0 0.07 0.13 68

1734607944
0.0 0.06 0.12 696

1734607945
0.0 0.06 0.12 11

1734607946
0.0 0.06 0.12 190

1734607947
0.0 0.06 0.12 66

1734607948
0.0 0.06 0.12 746

1734607949
0.0 0.06 0.12 502

1734607950
0.0 0.06 0.12 17

1734607951
0.0 0.06 0.12 55

1734607952
0.0 0.05 0.12 483

1734607953
0.0 0.05 0.12 661

1734607954
0.0 0.05 0.12 4166

1734607955
0.0 0.05 0.12 502

1734607956
0.0 0.05 0.12 1677

1734607957
0.0 0.05 0.12 546

1734607958
0.0 0.05 0.12 0

1734607959
0.0 0.05 0.12 5553

1734607960
0.0 0.05 0.12 13817

1734607961
0.0 0.05 0.12 1366

1734607962
0.0 0.04 0.12 1397

1734607963
0.0 0.04 0.12 809

1734607964
0.0 0.04 0.12 814

1734607965
0.0 0.04 0.11 0

1734607966
0.0 0.04 0.11 10975

1734607967
0.18 0.07 0.12 12424

1734607968
0.18 0.07 0.12 736

1734607969
0.14 0.07 0.12 1322

1734607971
0.12 0.07 0.12 2114

1734607972
0.12 0.07 0.12 0

1734607973
0.12 0.07 0.12 0

1734607974
0.09 0.06 0.12 9290

1734607975
0.09 0.06 0.12 7986

1734607976
0.08 0.06 0.12 159205

1734607977
2.05 0.42 0.19 95035

1734607978
2.05 0.42 0.19 4247

1734607979
1.68 0.4 0.19 1252

1734607980
1.68 0.4 0.19 351

1734607981
1.68 0.4 0.19 1116

1734607982
1.38 0.39 0.19 2445

1734607983
1.38 0.39 0.19 5645

1734607984
1.12 0.38 0.19 992

1734607985
1.12 0.38 0.19 1781

1734607986
0.92 0.37 0.19 559

1734607987
0.92 0.37 0.19 2590

1734607988
0.75 0.35 0.18 5686

1734607989
0.61 0.34 0.18 367

1734607990
0.61 0.34 0.18 0

1734607991
0.5 0.33 0.18 2527

1734607992
0.5 0.33 0.18 526

1734607993
0.5 0.33 0.18 0

1734607994
0.41 0.32 0.18 2166

1734607995
0.41 0.32 0.18 294

1734607996
0.33 0.31 0.18 3004

1734607998
0.27 0.3 0.18 910

1734607999
0.27 0.3 0.18 0

1734608000
0.22 0.29 0.18 3532

1734608001
0.22 0.29 0.18 3103

1734608002
0.18 0.28 0.17 3446

1734608003
0.15 0.27 0.17 4188

1734608004
0.15 0.27 0.17 1603

1734608005
0.12 0.26 0.17 2484

1734608006
0.12 0.26 0.17 1841

1734608008
0.1 0.25 0.17 0

1734608009
0.1 0.25 0.17 0

1734608010
0.06 0.23 0.17 4310

1734608012
0.06 0.23 0.17 200

1734608013
0.06 0.23 0.17 0

1734608014
0.05 0.22 0.16 3869

1734608015
0.05 0.22 0.16 664

1734608016
0.04 0.22 0.16 1583

1734608017
0.04 0.22 0.16 14851

1734608018
0.21 0.24 0.17 20619

1734608019
0.21 0.24 0.17 27488

1734608023
20.89 4.07 0.97 3339715

1734608024
25.99 5.54 1.3 28294

1734608025
25.99 5.54 1.3 0

1734608026
21.28 5.36 1.29 258

1734608027
21.28 5.36 1.29 3213

1734608028
17.42 5.18 1.28 81

1734608029
17.42 5.18 1.28 0

1734608030
14.26 5.01 1.27 5

1734608031
14.26 5.01 1.27 0

1734608032
11.68 4.85 1.27 417

1734608033
11.68 4.85 1.27 3542

1734608034
9.56 4.69 1.26 1821

1734608035
9.56 4.69 1.26 15060

1734608036
7.83 4.53 1.25 572

1734608037
7.83 4.53 1.25 1413

1734608038
6.41 4.38 1.24 884

1734608039
6.41 4.38 1.24 51

1734608040
5.25 4.24 1.23 198

1734608041
5.25 4.24 1.23 229

1734608042
4.3 4.1 1.22 19

1734608043
4.3 4.1 1.22 161

1734608044
3.7 4.0 1.22 32686

1734608045
3.7 4.0 1.22 1166618

1734608046
14.62 5.96 1.65 105542

1734608047
14.62 5.96 1.65 2731

1734608048
11.97 5.77 1.64 6963

1734608049
11.97 5.77 1.64 2474

1734608050
9.8 5.58 1.63 2244

1734608051
9.8 5.58 1.63 3309

1734608052
8.02 5.39 1.61 15

1734608053
8.02 5.39 1.61 2286

1734608054
6.57 5.22 1.6 758

1734608055
5.38 5.05 1.59 0

1734608057
5.38 5.05 1.59 0

1734608058
4.4 4.88 1.58 12387

1734608059
4.4 4.88 1.58 527

1734608060
3.6 4.72 1.57 10

1734608061
3.6 4.72 1.57 1127

1734608062
2.95 4.57 1.56 2903

1734608063
2.95 4.57 1.56 176

1734608064
2.41 4.42 1.55 721

1734608065
2.41 4.42 1.55 387

1734608066
1.98 4.27 1.54 54

1734608067
1.98 4.27 1.54 13

1734608068
1.62 4.13 1.53 8

1734608069
1.62 4.13 1.53 26

1734608070
1.32 4.0 1.52 65

1734608071
1.32 4.0 1.52 10195

1734608072
1.08 3.86 1.5 609

1734608073
1.08 3.86 1.5 0

1734608074
0.89 3.74 1.49 0

1734608075
0.89 3.74 1.49 2726

1734608076
0.72 3.61 1.48 13366

1734608077
0.72 3.61 1.48 6179

1734608078
0.59 3.5 1.47 546

1734608079
0.59 3.5 1.47 346

1734608080
0.48 3.38 1.46 88

1734608081
0.48 3.38 1.46 0

1734608082
0.39 3.27 1.45 7327

1734608084
0.39 3.27 1.45 0

1734608085
0.32 3.16 1.44 1463

1734608086
0.26 3.06 1.43 544

1734608087
0.26 3.06 1.43 891

1734608088
0.21 2.96 1.42 0

1734608089
0.21 2.96 1.42 0

1734608090
0.17 2.86 1.41 0

1734608091
0.17 2.86 1.41 0

1734608092
0.14 2.77 1.4 9914

1734608093
0.14 2.77 1.4 1446

1734608094
0.11 2.68 1.39 1

1734608095
0.11 2.68 1.39 0

1734608096
0.09 2.59 1.38 538

1734608097
0.09 2.59 1.38 359

1734608098
0.07 2.5 1.37 0

1734608099
0.07 2.5 1.37 645

1734608100
0.06 2.42 1.36 439

1734608101
0.06 2.42 1.36 0

1734608102
0.05 2.34 1.35 447

1734608103
0.05 2.34 1.35 0

1734608104
0.04 2.26 1.34 0

1734608105
0.04 2.26 1.34 0

1734608106
0.03 2.19 1.33 0

1734608107
0.03 2.19 1.33 291

1734608108
0.02 2.12 1.33 61

1734608109
0.02 2.12 1.33 727

1734608111
0.02 2.05 1.32 553

1734608112
0.01 1.98 1.31 600

1734608114
0.01 1.91 1.3 0

1734608115
0.01 1.91 1.3 0

1734608116
0.01 1.85 1.29 1110

1734608117
0.01 1.85 1.29 1480

1734608118
0.0 1.79 1.28 7253

1734608119
0.0 1.73 1.27 2372

1734608120
0.0 1.73 1.27 0

1734608122
0.0 1.67 1.26 0

1734608123
0.0 1.67 1.26 8

1734608124
0.0 1.62 1.25 3872

1734608125
0.0 1.62 1.25 9785

1734608126
0.0 1.57 1.24 984

1734608127
0.0 1.57 1.24 8

1734608128
0.0 1.51 1.23 1847

1734608129
0.0 1.51 1.23 106

1734608130
0.0 1.46 1.23 347

1734608131
0.0 1.46 1.23 3396

1734608132
0.0 1.42 1.22 563

1734608133
0.0 1.42 1.22 2983

1734608134
0.0 1.37 1.21 5895

1734608135
0.0 1.37 1.21 3289

1734608136
0.0 1.32 1.2 2445

1734608137
0.0 1.32 1.2 295

1734608138
0.0 1.28 1.19 2878

1734608139
0.0 1.28 1.19 12331

1734608140
0.18 1.27 1.19 10058

1734608141
0.18 1.27 1.19 5266

1734608142
0.14 1.23 1.18 6166

1734608143
0.14 1.23 1.18 3107

1734608144
0.12 1.19 1.17 9794

1734608145
0.12 1.19 1.17 6

1734608146
0.09 1.15 1.17 4535

1734608147
0.09 1.15 1.17 3049

1734608148
0.08 1.11 1.16 10608

1734608149
0.08 1.11 1.16 14786

1734608151
0.24 1.11 1.16 9005

1734608152
0.2 1.07 1.15 799

1734608153
0.2 1.07 1.15 12432

1734608154
0.16 1.03 1.14 2224

1734608155
0.16 1.03 1.14 1

1734608156
0.13 1.0 1.13 3940

1734608157
0.13 1.0 1.13 3146

1734608158
0.11 0.97 1.12 2171

1734608159
0.11 0.97 1.12 318

1734608160
0.09 0.93 1.12 574

1734608161
0.09 0.93 1.12 216

1734608162
0.07 0.9 1.11 418

1734608163
0.07 0.9 1.11 696

1734608164
0.06 0.87 1.1 573

1734608165
0.06 0.87 1.1 96

1734608166
0.04 0.85 1.09 0

1734608167
0.04 0.85 1.09 507

1734608168
0.03 0.82 1.08 0

1734608169
0.03 0.82 1.08 11

1734608170
0.03 0.79 1.08 7

1734608172
0.03 0.79 1.08 35

1734608173
0.02 0.76 1.07 3829

1734608174
0.02 0.76 1.07 1179

1734608175
0.02 0.74 1.06 2280

1734608176
0.01 0.71 1.05 3996

1734608177
0.01 0.71 1.05 1151

1734608178
0.01 0.69 1.05 2920

1734608179
0.01 0.69 1.05 4369

1734608180
0.01 0.67 1.04 2549

1734608181
0.01 0.67 1.04 1463

1734608182
0.0 0.64 1.03 1748

1734608183
0.0 0.64 1.03 1173

1734608184
0.0 0.62 1.02 1611

1734608185
0.0 0.62 1.02 2231

1734608186
0.0 0.6 1.02 453

1734608187
0.0 0.6 1.02 3216

1734608188
0.0 0.58 1.01 1867

1734608189
0.0 0.58 1.01 5077

1734608190
0.0 0.56 1.0 2103

1734608191
0.0 0.56 1.0 1466

1734608193
0.0 0.54 0.99 5118

1734608194
0.0 0.54 0.99 3767

1734608195
0.0 0.53 0.99 1168

1734608196
0.0 0.53 0.99 2471

1734608197
0.0 0.51 0.98 539

1734608198
0.0 0.51 0.98 1499

1734608199
0.0 0.49 0.97 404

1734608200
0.0 0.47 0.97 1

1734608201
0.0 0.47 0.97 116

1734608202
0.0 0.47 0.97 1515

1734608203
0.0 0.46 0.96 1043

1734608204
0.0 0.46 0.96 9

1734608205
0.0 0.44 0.95 0

1734608206
0.0 0.43 0.95 4

1734608207
0.0 0.43 0.95 285

1734608208
0.0 0.41 0.94 3199

1734608210
0.0 0.41 0.94 654

1734608211
0.0 0.4 0.93 1416

1734608212
0.0 0.4 0.93 179

1734608213
0.0 0.39 0.93 569

1734608214
0.0 0.39 0.93 0

1734608215
0.0 0.37 0.92 0

1734608216
0.0 0.37 0.92 0

1734608217
0.0 0.36 0.91 1669

1734608218
0.0 0.36 0.91 5778

1734608219
0.0 0.35 0.91 1

1734608220
0.0 0.35 0.91 11

1734608221
0.0 0.34 0.9 6323

1734608222
0.0 0.32 0.89 5106

1734608223
0.0 0.32 0.89 2107

1734608225
0.0 0.31 0.89 3506

1734608226
0.0 0.31 0.89 0

1734608227
0.0 0.3 0.88 6296

1734608228
0.0 0.29 0.87 9554

1734608229
0.0 0.29 0.87 11580

1734608230
0.0 0.29 0.87 3117

1734608231
0.0 0.28 0.87 696

1734608232
0.0 0.28 0.87 389

1734608233
0.0 0.27 0.86 2019

1734608234
0.0 0.27 0.86 1225

1734608235
0.0 0.26 0.86 402

1734608236
0.0 0.25 0.85 2758

1734608237
0.0 0.25 0.85 413

1734608238
0.0 0.25 0.85 1391

1734608239
0.0 0.25 0.84 654

1734608240
0.0 0.25 0.84 15

1734608241
0.0 0.24 0.84 32

1734608242
0.0 0.24 0.84 11

1734608243
0.0 0.23 0.83 0

1734608244
0.0 0.23 0.83 0

1734608245
0.0 0.22 0.83 6

1734608246
0.0 0.22 0.83 0

1734608247
0.0 0.21 0.82 59

1734608248
0.0 0.21 0.82 0

1734608249
0.0 0.21 0.81 711

1734608250
0.0 0.21 0.81 33

1734608251
0.0 0.2 0.81 5

1734608252
0.0 0.2 0.81 269

1734608253
0.0 0.19 0.8 28

1734608254
0.0 0.19 0.8 43

1734608255
0.0 0.19 0.8 6

1734608256
0.0 0.19 0.8 3

1734608257
0.0 0.18 0.79 14

1734608258
0.0 0.18 0.79 1

1734608259
0.0 0.17 0.79 0

1734608260
0.0 0.17 0.79 58

1734608261
0.0 0.17 0.78 771

1734608262
0.0 0.17 0.78 7

1734608263
0.0 0.16 0.77 7

1734608264
0.0 0.16 0.77 5

1734608265
0.0 0.16 0.77 0

1734608266
0.0 0.16 0.77 0

1734608267
0.0 0.15 0.76 0

1734608268
0.0 0.15 0.76 0

1734608269
0.0 0.14 0.76 4

1734608270
0.0 0.14 0.76 9

1734608271
0.0 0.14 0.75 0

1734608272
0.0 0.14 0.75 455

1734608273
0.0 0.13 0.75 23

1734608274
0.0 0.13 0.75 4

1734608275
0.0 0.13 0.74 2556

1734608276
0.0 0.13 0.74 310

1734608277
0.0 0.12 0.74 1

1734608278
0.0 0.12 0.74 1303

1734608279
0.0 0.12 0.73 5

1734608280
0.0 0.12 0.73 8

1734608281
0.0 0.12 0.73 0

1734608282
0.0 0.12 0.73 1

1734608283
0.0 0.11 0.72 1505

1734608284
0.0 0.11 0.72 12

1734608285
0.0 0.11 0.71 6

1734608286
0.0 0.11 0.71 0

1734608287
0.0 0.1 0.71 6

1734608288
0.0 0.1 0.71 0

1734608289
0.0 0.1 0.7 0

1734608290
0.0 0.1 0.7 0

1734608291
0.0 0.1 0.7 151

1734608292
0.0 0.1 0.7 0

1734608293
0.0 0.09 0.69 0

1734608294
0.0 0.09 0.69 0

1734608295
0.0 0.09 0.69 0

1734608296
0.0 0.09 0.68 6

1734608297
0.0 0.09 0.68 0

1734608298
0.0 0.09 0.68 0

1734608299
0.0 0.08 0.68 0

1734608300
0.0 0.08 0.68 12

1734608301
0.0 0.08 0.67 0

1734608302
0.0 0.08 0.67 2508

1734608303
0.0 0.08 0.67 0

1734608304
0.0 0.08 0.67 8843

1734608305
0.0 0.07 0.66 6383

1734608306
0.0 0.07 0.66 0

1734608307
0.0 0.07 0.66 0

1734608308
0.0 0.07 0.66 118

1734608309
0.0 0.07 0.66 0

1734608310
0.0 0.07 0.66 0

1734608311
0.0 0.07 0.65 0

1734608312
0.0 0.07 0.65 6

1734608313
0.0 0.06 0.65 1

1734608314
0.0 0.06 0.65 0

1734608315
0.0 0.06 0.64 456

1734608316
0.0 0.06 0.64 222

1734608317
0.0 0.06 0.64 0

1734608318
0.0 0.06 0.64 0

1734608319
0.0 0.06 0.63 1

1734608320
0.0 0.06 0.63 0

1734608321
0.0 0.05 0.63 0

1734608322
0.0 0.05 0.63 0

1734608323
0.0 0.05 0.62 0

1734608324
0.0 0.05 0.62 199

1734608325
0.0 0.05 0.62 0

1734608326
0.0 0.05 0.62 0

1734608327
0.0 0.05 0.61 0

1734608328
0.0 0.05 0.61 5

1734608329
0.0 0.05 0.61 0

1734608330
0.0 0.05 0.61 0

1734608332
0.0 0.04 0.6 0

1734608333
0.0 0.04 0.6 0

1734608334
0.0 0.04 0.6 0

1734608335
0.0 0.04 0.6 5206

1734608336
0.0 0.04 0.6 4752

1734608337
0.0 0.04 0.59 7178

1734608338
0.0 0.04 0.59 0

1734608339
0.0 0.04 0.59 154

1734608340
0.0 0.04 0.59 0

1734608341
0.0 0.04 0.58 482

1734608342
0.0 0.04 0.58 143

1734608343
0.0 0.03 0.58 0

1734608344
0.0 0.03 0.58 0

1734608345
0.0 0.03 0.57 0

1734608346
0.0 0.03 0.57 0

1734608347
0.0 0.03 0.57 104

1734608348
0.0 0.03 0.57 0

1734608349
0.0 0.03 0.57 0

1734608350
0.0 0.03 0.57 22

1734608351
0.0 0.03 0.56 0

1734608352
0.0 0.03 0.56 0

1734608353
0.0 0.03 0.56 9411

1734608354
0.0 0.03 0.56 13172

1734608355
0.18 0.06 0.56 12062

1734608357
0.14 0.06 0.56 5725

1734608358
0.14 0.06 0.56 0

1734608359
0.12 0.05 0.55 215

1734608360
0.12 0.05 0.55 139

1734608361
0.09 0.05 0.55 0

1734608362
0.09 0.05 0.55 0

1734608363
0.08 0.05 0.55 338

1734608364
0.08 0.05 0.55 2051

1734608365
0.06 0.05 0.54 6813

1734608366
0.06 0.05 0.54 1122

1734608367
0.05 0.05 0.54 27

1734608368
0.05 0.05 0.54 551

1734608369
0.04 0.04 0.53 1909

1734608370
0.04 0.04 0.53 108

1734608371
0.03 0.04 0.53 10

1734608372
0.03 0.04 0.53 0

1734608373
0.02 0.04 0.53 0

1734608374
0.02 0.04 0.53 47

1734608375
0.02 0.04 0.52 63

1734608376
0.02 0.04 0.52 0

1734608377
0.01 0.04 0.52 42

1734608378
0.01 0.04 0.52 26

1734608379
0.01 0.04 0.51 275

1734608380
0.01 0.04 0.51 554

1734608381
0.01 0.03 0.51 722

1734608382
0.01 0.03 0.51 0

1734608383
0.0 0.03 0.51 0

1734608384
0.0 0.03 0.51 1247

1734608385
0.0 0.03 0.5 248

1734608386
0.0 0.03 0.5 69

1734608387
0.0 0.03 0.5 0

1734608388
0.0 0.03 0.5 0

1734608389
0.0 0.03 0.49 1

1734608390
0.0 0.03 0.49 698

1734608391
0.0 0.03 0.49 292

1734608392
0.0 0.03 0.49 2520

1734608393
0.0 0.02 0.49 0

1734608394
0.0 0.02 0.49 1

1734608395
0.0 0.02 0.48 77

1734608396
0.0 0.02 0.48 1

1734608397
0.0 0.02 0.48 1

1734608398
0.0 0.02 0.48 385

1734608399
0.0 0.02 0.48 159

1734608400
0.0 0.02 0.48 19

1734608401
0.0 0.02 0.47 0

1734608402
0.0 0.02 0.47 10

1734608403
0.0 0.02 0.47 10

1734608405
0.0 0.02 0.47 105

1734608406
0.0 0.02 0.47 43

1734608407
0.0 0.02 0.46 344

1734608408
0.0 0.02 0.46 3

1734608409
0.0 0.02 0.46 14

1734608410
0.0 0.02 0.46 563

1734608411
0.0 0.02 0.46 8

1734608412
0.0 0.02 0.46 12

1734608413
0.0 0.02 0.45 21

1734608414
0.0 0.02 0.45 0

1734608415
0.0 0.01 0.45 0

1734608416
0.0 0.01 0.45 8

1734608417
0.0 0.01 0.45 9

1734608418
0.0 0.01 0.45 0

1734608419
0.0 0.01 0.44 0

1734608420
0.0 0.01 0.44 0

1734608421
0.0 0.01 0.44 6

1734608422
0.0 0.01 0.44 393

1734608423
0.0 0.01 0.44 2445

1734608424
0.0 0.01 0.44 0

1734608425
0.0 0.01 0.43 1

1734608427
0.0 0.01 0.43 19

1734608428
0.0 0.01 0.43 152

1734608429
0.0 0.01 0.43 0

1734608430
0.0 0.01 0.43 1

1734608431
0.0 0.01 0.42 23

1734608432
0.0 0.01 0.42 0

1734608433
0.0 0.01 0.42 11

1734608434
0.0 0.01 0.42 10

1734608435
0.0 0.01 0.42 2

1734608436
0.0 0.01 0.42 93

1734608437
0.0 0.01 0.41 0

1734608438
0.0 0.01 0.41 0

1734608439
0.0 0.01 0.41 3

1734608440
0.0 0.01 0.41 1

1734608441
0.0 0.01 0.41 25

1734608442
0.0 0.01 0.41 480

1734608443
0.0 0.0 0.41 14

1734608444
0.0 0.0 0.41 875

1734608445
0.0 0.0 0.4 4

1734608446
0.0 0.0 0.4 2

1734608447
0.0 0.0 0.4 0

1734608448
0.0 0.0 0.4 0

1734608449
0.0 0.0 0.4 0

1734608450
0.0 0.0 0.4 0

1734608451
0.0 0.0 0.39 349

1734608452
0.0 0.0 0.39 507

1734608454
0.0 0.0 0.39 6

1734608455
0.0 0.0 0.39 0

1734608456
0.0 0.0 0.39 0

1734608457
0.0 0.0 0.38 1

1734608458
0.0 0.0 0.38 0

1734608459
0.0 0.0 0.38 0

1734608460
0.0 0.0 0.38 6

1734608461
0.0 0.0 0.38 0

1734608462
0.0 0.0 0.38 0

1734608463
0.0 0.0 0.38 2

1734608464
0.0 0.0 0.38 206

1734608465
0.0 0.0 0.37 0

1734608466
0.0 0.0 0.37 0

1734608467
0.0 0.0 0.37 0

1734608468
0.0 0.0 0.37 0

1734608469
0.0 0.0 0.37 0

1734608470
0.0 0.0 0.37 0

1734608471
0.0 0.0 0.36 0

1734608472
0.0 0.0 0.36 0

1734608473
0.0 0.0 0.36 0

1734608474
0.0 0.0 0.36 2

1734608475
0.0 0.0 0.36 0

1734608476
0.0 0.0 0.36 9632

1734608477
0.0 0.0 0.36 13797

1734608478
0.0 0.0 0.36 3236

1734608479
0.0 0.0 0.35 188

1734608480
0.0 0.0 0.35 19452

1734608481
0.18 0.03 0.36 11551

1734608482
0.18 0.03 0.36 0

1734608483
0.14 0.03 0.35 0

1734608484
0.14 0.03 0.35 254

1734608485
0.12 0.03 0.35 0

1734608486
0.12 0.03 0.35 0

1734608487
0.09 0.02 0.35 0

1734608488
0.09 0.02 0.35 0

1734608489
0.08 0.02 0.35 1

1734608490
0.06 0.02 0.34 0

1734608491
0.06 0.02 0.34 0

1734608493
0.05 0.02 0.34 0

1734608494
0.05 0.02 0.34 0

1734608495
0.04 0.02 0.34 1051

1734608496
0.04 0.02 0.34 5506

1734608497
0.03 0.02 0.34 7

1734608498
0.03 0.02 0.34 333

1734608499
0.02 0.02 0.33 15994

1734608501
0.02 0.02 0.33 6644

1734608502
0.02 0.02 0.33 0

1734608503
0.01 0.02 0.33 58

1734608504
0.01 0.02 0.33 0

1734608505
0.01 0.02 0.33 0

1734608506
0.01 0.02 0.33 578

1734608507
0.01 0.01 0.32 1164

1734608508
0.01 0.01 0.32 9988

1734608509
0.0 0.01 0.32 0

1734608510
0.0 0.01 0.32 1134

1734608511
0.0 0.01 0.32 656

1734608512
0.0 0.01 0.32 405

1734608513
0.0 0.01 0.32 0

1734608514
0.0 0.01 0.32 0

1734608515
0.0 0.01 0.31 0

1734608516
0.0 0.01 0.31 7

1734608517
0.0 0.01 0.31 5

1734608518
0.0 0.01 0.31 0

1734608519
0.0 0.01 0.31 0

1734608520
0.0 0.01 0.31 250

1734608521
0.0 0.01 0.31 0

1734608522
0.0 0.01 0.31 8

1734608523
0.0 0.01 0.3 162

1734608524
0.0 0.01 0.3 0

1734608525
0.0 0.01 0.3 7

1734608526
0.0 0.01 0.3 0

1734608527
0.0 0.01 0.3 1325

1734608529
0.0 0.01 0.3 12

1734608530
0.0 0.01 0.3 35

1734608531
0.0 0.01 0.29 15

1734608532
0.0 0.01 0.29 19

1734608533
0.0 0.01 0.29 16

1734608534
0.0 0.01 0.29 4

1734608535
0.0 0.01 0.29 1

1734608536
0.0 0.01 0.29 0

1734608537
0.0 0.0 0.29 0

1734608538
0.0 0.0 0.29 2

1734608539
0.0 0.0 0.29 1

1734608540
0.0 0.0 0.29 1

1734608541
0.0 0.0 0.28 6

1734608542
0.0 0.0 0.28 0

1734608543
0.0 0.0 0.28 1

1734608544
0.0 0.0 0.28 0

1734608545
0.0 0.0 0.28 15

1734608546
0.0 0.0 0.28 7

1734608547
0.0 0.0 0.28 0

1734608548
0.0 0.0 0.28 2

1734608549
0.0 0.0 0.27 0

1734608550
0.0 0.0 0.27 541

1734608551
0.0 0.0 0.27 0

1734608552
0.0 0.0 0.27 1

1734608553
0.0 0.0 0.27 0

1734608554
0.0 0.0 0.27 5

1734608555
0.0 0.0 0.27 13

1734608556
0.0 0.0 0.27 1

1734608557
0.0 0.0 0.27 1

1734608558
0.0 0.0 0.27 0

1734608559
0.0 0.0 0.26 0

1734608560
0.0 0.0 0.26 290

1734608561
0.0 0.0 0.26 1

1734608562
0.0 0.0 0.26 8

1734608563
0.0 0.0 0.26 10480

1734608564
0.0 0.0 0.26 9577

1734608565
0.0 0.0 0.26 9

1734608566
0.0 0.0 0.26 50

1734608567
0.0 0.0 0.26 1

1734608568
0.0 0.0 0.26 2

1734608569
0.0 0.0 0.25 0

1734608570
0.0 0.0 0.25 0

1734608571
0.0 0.0 0.25 1

1734608572
0.0 0.0 0.25 0

1734608573
0.0 0.0 0.25 1

1734608574
0.0 0.0 0.25 5

1734608575
0.0 0.0 0.25 0

1734608576
0.0 0.0 0.25 0

1734608577
0.0 0.0 0.25 2216

1734608578
0.0 0.0 0.25 1

1734608579
0.0 0.0 0.25 6

1734608580
0.0 0.0 0.25 1289

1734608581
0.0 0.0 0.24 705

1734608582
0.0 0.0 0.24 1

1734608583
0.0 0.0 0.24 1

1734608584
0.0 0.0 0.24 216

1734608586
0.0 0.0 0.24 1131

1734608587
0.0 0.0 0.24 0

1734608588
0.0 0.0 0.24 10751

1734608589
0.0 0.0 0.24 1103

1734608590
0.0 0.0 0.24 3105

1734608591
0.0 0.0 0.23 58

1734608592
0.0 0.0 0.23 0

1734608593
0.54 0.09 0.25 750149

1734608594
0.54 0.09 0.25 153973

1734608595
9.14 1.66 0.58 166820

1734608596
9.14 1.66 0.58 68626

1734608597
9.11 1.9 0.64 107917

1734608598
9.11 1.9 0.64 31087

1734608599
7.82 1.9 0.65 52197

1734608600
7.82 1.9 0.65 887

1734608602
6.77 1.91 0.66 13537

1734608603
5.54 1.84 0.65 4207

1734608604
5.54 1.84 0.65 294

1734608606
4.53 1.78 0.65 6923

1734608607
3.71 1.73 0.64 767

1734608608
3.71 1.73 0.64 987

1734608609
3.04 1.67 0.64 3676

1734608610
3.04 1.67 0.64 4848

1734608611
2.49 1.61 0.63 974

1734608612
2.49 1.61 0.63 1475

1734608613
2.04 1.56 0.63 0

1734608614
2.04 1.56 0.63 653

1734608615
1.67 1.51 0.62 1876

1734608616
1.67 1.51 0.62 220

1734608617
1.36 1.46 0.62 13993

1734608618
1.36 1.46 0.62 36617

1734608619
1.48 1.48 0.63 15564

1734608620
1.48 1.48 0.63 12178

1734608621
1.39 1.46 0.63 15272

1734608622
1.39 1.46 0.63 16890

1734608623
1.32 1.45 0.63 19501

1734608624
1.32 1.45 0.63 9360

1734608625
1.26 1.43 0.64 78615

1734608626
1.26 1.43 0.64 102764

1734608627
2.48 1.64 0.69 16552

1734608628
2.48 1.64 0.69 31675

1734608629
2.57 1.69 0.7 36083

1734608630
2.57 1.69 0.7 36092

1734608632
2.83 1.77 0.73 61416

1734608633
2.68 1.77 0.74 19291

1734608634
2.68 1.77 0.74 7146

1734608635
2.37 1.75 0.74 18920

1734608636
2.37 1.75 0.74 17541

1734608637
2.12 1.72 0.74 14442

1734608638
2.12 1.72 0.74 16973

1734608639
1.92 1.7 0.74 17542

1734608640
1.92 1.7 0.74 14858

1734608641
1.75 1.67 0.74 5380

1734608642
1.75 1.67 0.74 15731

1734608643
1.61 1.65 0.75 14625

1734608644
1.61 1.65 0.75 19675

1734608645
1.5 1.63 0.75 14976

1734608646
1.5 1.63 0.75 12676

1734608647
1.23 1.58 0.74 1544

1734608648
1.23 1.58 0.74 3048

1734608649
1.01 1.52 0.74 222

1734608650
1.01 1.52 0.74 160

1734608651
0.82 1.47 0.73 42

1734608652
0.82 1.47 0.73 516

1734608653
0.67 1.43 0.73 3556

1734608654
0.67 1.43 0.73 90

1734608655
0.55 1.38 0.72 67

1734608656
0.55 1.38 0.72 276

1734608657
0.45 1.33 0.72 5051

1734608659
0.37 1.29 0.71 1070

1734608660
0.3 1.25 0.7 3527

1734608661
0.3 1.25 0.7 1

1734608663
0.24 1.21 0.7 37637

1734608664
0.24 1.21 0.7 23291

1734608665
0.56 1.23 0.71 9347

1734608667
0.56 1.23 0.71 0

1734608668
0.46 1.19 0.7 35915

1734608669
0.56 1.18 0.71 2317

1734608670
0.45 1.15 0.7 428

1734608673
0.45 1.15 0.7 0

1734608674
0.3 1.07 0.69 6267

1734608676
0.3 1.07 0.69 327

1734608677
0.25 1.04 0.69 3649

1734608679
0.2 1.0 0.68 2895

1734608680
0.2 1.0 0.68 223

1734608681
0.16 0.97 0.68 1848

1734608682
0.13 0.94 0.67 15318

1734608683
0.13 0.94 0.67 1480

1734608685
0.13 0.94 0.67 4767

1734608686
0.11 0.9 0.67 5932

1734608687
0.27 0.91 0.67 22976

1734608688
0.27 0.91 0.67 4396

1734608689
0.22 0.88 0.66 810

1734608690
0.22 0.88 0.66 554

1734608691
0.18 0.85 0.66 2567

1734608692
0.18 0.85 0.66 1756

1734608693
0.14 0.82 0.66 241

1734608694
0.14 0.82 0.66 88

1734608695
0.12 0.79 0.65 106

1734608696
0.12 0.79 0.65 2226

1734608697
0.1 0.77 0.65 0

1734608698
0.1 0.77 0.65 38

1734608699
0.08 0.74 0.64 21

1734608700
0.08 0.74 0.64 43

1734608701
0.06 0.72 0.64 1909

1734608703
0.06 0.72 0.64 341

1734608704
0.05 0.69 0.63 15248

1734608705
0.22 0.7 0.63 7638

1734608706
0.22 0.7 0.63 3176

1734608707
0.18 0.68 0.63 937

1734608708
0.18 0.68 0.63 2481

1734608709
0.15 0.66 0.63 4002

1734608710
0.15 0.66 0.63 4710

1734608712
0.12 0.63 0.62 595

1734608713
0.1 0.61 0.62 2758

1734608714
0.1 0.61 0.62 1210

1734608715
0.08 0.59 0.61 671

1734608716
0.08 0.59 0.61 7165

1734608717
0.06 0.57 0.61 1962

1734608718
0.06 0.57 0.61 2292

1734608719
0.05 0.55 0.6 80

1734608720
0.04 0.54 0.6 3854

1734608722
0.03 0.52 0.59 65

1734608724
0.03 0.52 0.59 2

1734608725
0.03 0.52 0.59 31942

1734608726
0.21 0.53 0.6 8422

1734608727
0.35 0.55 0.6 50647

1734608728
0.35 0.55 0.6 5587

1734608729
0.35 0.55 0.6 927

1734608730
0.47 0.56 0.6 40378

1734608731
0.74 0.61 0.61 6994

1734608733
0.74 0.61 0.61 50

1734608734
0.5 0.57 0.6 2218

1734608736
0.5 0.57 0.6 1058

1734608738
0.41 0.55 0.6 3461

1734608739
0.33 0.53 0.6 1687

1734608740
0.33 0.53 0.6 67

1734608742
0.22 0.5 0.59 2024

1734608744
0.22 0.5 0.59 498

1734608745
0.18 0.48 0.58 0

1734608746
0.15 0.46 0.58 3207

1734608749
0.15 0.46 0.58 0

1734608750
0.12 0.45 0.57 2866

1734608751
0.08 0.42 0.56 814

1734608753
0.08 0.42 0.56 593

1734608754
0.08 0.42 0.56 470

1734608755
0.05 0.39 0.56 1253

1734608757
0.05 0.39 0.56 0

1734608758
0.05 0.39 0.56 2158

1734608759
0.04 0.38 0.55 1247

1734608760
0.04 0.38 0.55 658

1734608761
0.03 0.37 0.55 4

1734608762
0.02 0.34 0.54 608

1734608766
0.02 0.34 0.54 230

1734608767
0.01 0.33 0.54 2562

1734608768
0.01 0.32 0.53 1147

1734608770
0.01 0.32 0.53 85

1734608771
0.01 0.3 0.53 5580

1734608773
0.01 0.3 0.53 2

1734608775
0.01 0.3 0.53 1277

1734608777
0.0 0.28 0.52 7132

1734608778
0.0 0.28 0.52 0

1734608780
0.0 0.27 0.51 13112

1734608781
0.0 0.27 0.51 4

1734608782
0.0 0.26 0.51 4

1734608783
0.0 0.26 0.51 6

1734608784
0.0 0.25 0.51 47

1734608785
0.0 0.25 0.51 5

1734608786
0.0 0.24 0.5 13

1734608787
0.0 0.24 0.5 518

1734608788
0.0 0.23 0.5 42

1734608789
0.0 0.23 0.5 547

1734608790
0.0 0.22 0.49 1693

1734608791
0.0 0.22 0.49 233

1734608792
0.0 0.22 0.49 50

1734608793
0.0 0.22 0.49 14

1734608794
0.0 0.21 0.49 5

1734608795
0.0 0.21 0.49 1141

1734608796
0.0 0.2 0.48 5212

1734608797
0.0 0.2 0.48 2506

1734608798
0.0 0.2 0.48 800

1734608799
0.0 0.2 0.48 192

1734608800
0.0 0.19 0.48 2047

1734608801
0.0 0.18 0.47 1571

1734608802
0.0 0.18 0.47 7

1734608804
0.0 0.18 0.47 84

1734608805
0.0 0.18 0.47 351

1734608806
0.0 0.17 0.47 58

1734608807
0.0 0.17 0.47 21

1734608808
0.0 0.16 0.46 21

1734608809
0.0 0.16 0.46 11

1734608810
0.0 0.16 0.46 395

1734608811
0.0 0.16 0.46 8

1734608812
0.0 0.15 0.46 140

1734608813
0.0 0.15 0.46 18

1734608814
0.0 0.15 0.45 117

1734608815
0.0 0.15 0.45 1042

1734608816
0.0 0.14 0.45 5

1734608817
0.0 0.14 0.45 10

1734608818
0.0 0.14 0.45 5

1734608819
0.0 0.14 0.45 8

1734608820
0.0 0.13 0.44 138

1734608821
0.0 0.13 0.44 11

1734608822
0.0 0.13 0.44 20

1734608823
0.0 0.13 0.44 65

1734608824
0.0 0.12 0.44 12

1734608825
0.0 0.12 0.44 111

1734608826
0.0 0.12 0.43 76

1734608827
0.0 0.12 0.43 18

1734608828
0.0 0.11 0.43 23

1734608829
0.0 0.11 0.43 12

1734608830
0.0 0.11 0.43 206

1734608831
0.0 0.11 0.43 7523

1734608832
0.0 0.11 0.42 20262

1734608833
0.0 0.11 0.42 16477

1734608834
0.18 0.14 0.43 651

1734608835
0.18 0.14 0.43 115

1734608836
0.14 0.13 0.42 1

1734608837
0.14 0.13 0.42 0

1734608838
0.12 0.13 0.42 1547

1734608839
0.12 0.13 0.42 1656

1734608840
0.09 0.12 0.42 1541

1734608841
0.09 0.12 0.42 365

1734608842
0.08 0.12 0.41 2

1734608843
0.08 0.12 0.41 435

1734608844
0.06 0.11 0.41 1487

1734608845
0.06 0.11 0.41 7169

1734608846
0.05 0.11 0.41 316

1734608847
0.05 0.11 0.41 19

1734608848
0.03 0.1 0.4 373

1734608850
0.03 0.1 0.4 0

1734608851
0.03 0.1 0.4 1677

1734608852
0.02 0.09 0.4 193

1734608855
0.02 0.09 0.4 0

1734608856
0.01 0.09 0.39 1

1734608857
0.01 0.09 0.39 4

1734608858
0.01 0.09 0.39 871

1734608859
0.01 0.09 0.39 130

1734608860
0.01 0.08 0.39 715

1734608861
0.0 0.08 0.39 1630

1734608863
0.0 0.08 0.38 898

1734608864
0.0 0.08 0.38 0

1734608865
0.0 0.07 0.38 269

1734608866
0.0 0.07 0.38 333

1734608868
0.0 0.07 0.38 635

1734608869
0.0 0.07 0.38 14

1734608870
0.0 0.07 0.37 1

1734608871
0.0 0.07 0.37 9

1734608872
0.0 0.07 0.37 140

1734608873
0.0 0.07 0.37 24

1734608875
0.0 0.06 0.37 249

1734608876
0.0 0.06 0.36 321

1734608877
0.0 0.06 0.36 393

1734608878
0.0 0.06 0.36 126

1734608879
0.0 0.06 0.36 0

1734608880
0.0 0.06 0.36 5

1734608881
0.0 0.06 0.36 0

1734608882
0.0 0.05 0.36 3470

1734608883
0.0 0.05 0.36 0

1734608884
0.0 0.05 0.35 179024

1734608885
0.0 0.05 0.35 48642

1734608886
2.35 0.48 0.44 387696

1734608887
2.35 0.48 0.44 44978

1734608888
8.08 1.57 0.67 732658

1734608889
8.08 1.57 0.67 783747

1734608890
19.66 3.88 1.16 363929

1734608891
19.66 3.88 1.16 844650

1734608892
27.15 5.75 1.57 692699

1734608893
32.19 7.36 1.93 777588

1734608894
32.19 7.36 1.93 31450

1734608895
32.19 7.36 1.93 80894

1734608896
28.17 7.44 1.99 780516

1734608897
28.17 7.44 1.99 38550

1734608898
30.31 8.51 2.25 51398

1734608899
30.31 8.51 2.25 9

1734608901
25.18 8.29 2.25 11825

1734608902
20.62 8.02 2.23 2092

1734608903
20.62 8.02 2.23 372

1734608904
16.88 7.76 2.21 1675

1734608905
13.82 7.51 2.2 2

1734608906
13.82 7.51 2.2 4214

1734608908
9.27 7.02 2.17 2903

1734608910
9.27 7.02 2.17 0

1734608911
9.27 7.02 2.17 23

1734608912
7.59 6.79 2.15 1744

1734608913
7.59 6.79 2.15 1979

1734608914
6.21 6.57 2.14 778

1734608915
6.21 6.57 2.14 427

1734608916
5.09 6.35 2.12 605

1734608917
5.09 6.35 2.12 0

1734608918
4.16 6.15 2.11 266

1734608919
4.16 6.15 2.11 200

1734608920
3.41 5.94 2.09 472

1734608921
3.41 5.94 2.09 415

1734608922
2.79 5.75 2.08 44

1734608923
2.79 5.75 2.08 241

1734608924
2.28 5.56 2.06 226

1734608925
2.28 5.56 2.06 373

1734608926
1.87 5.38 2.05 15

1734608927
1.87 5.38 2.05 52

1734608928
1.53 5.2 2.04 47

1734608929
1.53 5.2 2.04 10

1734608930
1.25 5.03 2.02 341

1734608931
1.25 5.03 2.02 896

1734608932
1.02 4.87 2.01 2815

1734608933
1.02 4.87 2.01 2298

1734608934
0.84 4.71 1.99 107

1734608935
0.84 4.71 1.99 8

1734608936
0.68 4.55 1.98 707

1734608937
0.68 4.55 1.98 1907

1734608938
0.56 4.4 1.97 2974

1734608939
0.56 4.4 1.97 134

1734608940
0.46 4.26 1.95 164

1734608941
0.46 4.26 1.95 20

1734608942
0.37 4.12 1.94 72

1734608943
0.37 4.12 1.94 140

1734608944
0.3 3.98 1.93 48

1734608945
0.3 3.98 1.93 37

1734608946
0.25 3.85 1.91 46

1734608947
0.25 3.85 1.91 18

1734608948
0.2 3.73 1.9 2324

1734608949
0.2 3.73 1.9 490

1734608950
0.16 3.6 1.89 578

1734608951
0.16 3.6 1.89 1899

1734608952
0.13 3.49 1.87 802

1734608953
0.13 3.49 1.87 0

1734608954
0.11 3.37 1.86 814

1734608955
0.11 3.37 1.86 3021

1734608956
0.09 3.26 1.85 1115

1734608958
0.07 3.15 1.83 5202

1734608959
0.07 3.15 1.83 2588

1734608960
0.06 3.05 1.82 216

1734608961
0.06 3.05 1.82 339

1734608962
0.05 2.95 1.81 423

1734608963
0.05 2.95 1.81 602

1734608964
0.04 2.85 1.79 331

1734608965
0.04 2.85 1.79 43

1734608966
0.03 2.76 1.78 11

1734608967
0.03 2.76 1.78 10

1734608968
0.02 2.67 1.77 13

1734608969
0.02 2.67 1.77 0

1734608970
0.02 2.58 1.76 1

1734608971
0.02 2.58 1.76 262

1734608972
0.01 2.5 1.75 0

1734608973
0.01 2.5 1.75 0

1734608974
0.01 2.41 1.73 0

1734608975
0.01 2.41 1.73 17

1734608976
0.01 2.33 1.72 0

1734608977
0.01 2.33 1.72 12

1734608978
0.0 2.26 1.71 44

1734608979
0.0 2.26 1.71 14

1734608980
0.0 2.18 1.7 83

1734608981
0.0 2.18 1.7 398

1734608982
0.0 2.11 1.68 274

1734608983
0.0 2.11 1.68 1

1734608984
0.0 2.04 1.67 1

1734608985
0.0 2.04 1.67 13

1734608986
0.0 1.97 1.66 10

1734608987
0.0 1.97 1.66 1

1734608988
0.0 1.91 1.65 0

1734608989
0.0 1.91 1.65 40

1734608990
0.0 1.91 1.65 108

1734608991
0.0 1.85 1.64 18

1734608992
0.0 1.85 1.64 0

1734608993
0.0 1.79 1.63 0

1734608994
0.0 1.79 1.63 6

1734608995
0.0 1.73 1.62 0

1734608996
0.0 1.67 1.6 567

1734608997
0.0 1.67 1.6 0

1734608999
0.0 1.62 1.59 52

1734609000
0.0 1.62 1.59 0

1734609001
0.0 1.56 1.58 0

1734609002
0.0 1.56 1.58 21

1734609003
0.0 1.51 1.57 529

1734609004
0.0 1.51 1.57 3

1734609005
0.0 1.46 1.56 12

1734609006
0.0 1.46 1.56 19

1734609007
0.0 1.41 1.55 0

1734609008
0.0 1.41 1.55 0

1734609009
0.0 1.37 1.54 16

1734609010
0.0 1.37 1.54 40

1734609011
0.0 1.32 1.53 10

1734609012
0.0 1.32 1.53 8

1734609013
0.0 1.28 1.52 181

1734609014
0.0 1.28 1.52 268

1734609015
0.0 1.24 1.51 9

1734609016
0.0 1.24 1.51 0

1734609017
0.0 1.19 1.49 1

1734609018
0.0 1.19 1.49 296

1734609019
0.0 1.16 1.48 630

1734609020
0.0 1.12 1.47 0

1734609021
0.0 1.12 1.47 0

1734609022
0.0 1.12 1.47 0

1734609023
0.0 1.08 1.46 6

1734609024
0.0 1.08 1.46 123

1734609025
0.0 1.04 1.45 516

1734609026
0.0 1.01 1.44 0

1734609027
0.0 1.01 1.44 9

1734609028
0.0 1.01 1.44 1

1734609029
0.0 0.98 1.43 0

1734609030
0.0 0.94 1.42 347

1734609031
0.0 0.94 1.42 0

1734609032
0.0 0.94 1.42 0

1734609033
0.0 0.91 1.41 35

1734609034
0.0 0.91 1.41 0

1734609035
0.0 0.88 1.4 0

1734609036
0.0 0.88 1.4 16

1734609037
0.0 0.85 1.39 346

1734609038
0.0 0.85 1.39 281

1734609039
0.0 0.83 1.38 453

1734609040
0.0 0.83 1.38 0

1734609041
0.0 0.8 1.37 0

1734609042
0.0 0.8 1.37 0

1734609043
0.0 0.77 1.36 0

1734609044
0.0 0.77 1.36 0

1734609045
0.0 0.75 1.35 0

1734609046
0.0 0.75 1.35 308

1734609047
0.0 0.72 1.34 13

1734609048
0.0 0.72 1.34 9

1734609049
0.0 0.7 1.34 0

1734609050
0.0 0.7 1.34 1

1734609051
0.0 0.67 1.33 219

1734609052
0.0 0.67 1.33 0

1734609053
0.0 0.65 1.32 774

1734609054
0.0 0.65 1.32 10902

1734609055
0.0 0.63 1.31 98263

1734609056
0.0 0.63 1.31 28890

1734609057
1.08 0.81 1.34 14605

1734609058
1.08 0.81 1.34 32039

1734609059
1.25 0.84 1.34 1374

1734609060
1.25 0.84 1.34 8725

1734609061
1.02 0.82 1.34 22707

1734609062
1.02 0.82 1.34 12765

1734609063
1.2 0.85 1.34 22368

1734609064
1.2 0.85 1.34 15395

1734609065
1.16 0.86 1.34 20766

1734609066
1.16 0.86 1.34 5444

1734609067
1.13 0.86 1.34 1731

1734609068
1.13 0.86 1.34 24026

1734609069
1.11 0.87 1.33 8713

1734609070
1.11 0.87 1.33 17836

1734609071
1.09 0.87 1.33 10966

1734609072
6.5 1.86 1.53 648974

1734609074
6.5 1.86 1.53 11343

1734609075
5.51 1.83 1.53 2453

1734609076
5.51 1.83 1.53 2982

1734609077
4.51 1.77 1.52 1444

1734609078
4.51 1.77 1.52 29079

1734609079
4.05 1.78 1.52 16480

1734609080
4.05 1.78 1.52 6208

1734609081
3.32 1.72 1.51 29962

1734609082
3.08 1.73 1.52 17087

1734609086
2.95 1.81 1.54 134759

1734609087
2.95 1.81 1.54 14209

1734609088
1.98 1.69 1.51 8000

1734609091
1.98 1.69 1.51 605

1734609092
1.62 1.63 1.5 2113

1734609093
1.32 1.58 1.49 16882

1734609095
1.32 1.58 1.49 4152

1734609096
1.08 1.53 1.48 4179

1734609097
0.89 1.48 1.47 4960

1734609099
0.89 1.48 1.47 4494

1734609100
0.72 1.43 1.46 2397

1734609102
0.59 1.38 1.45 918

1734609103
0.59 1.38 1.45 705

1734609104
0.48 1.34 1.44 1153

1734609105
0.48 1.34 1.44 828

1734609106
0.39 1.29 1.43 858

1734609107
0.39 1.29 1.43 262

1734609108
0.32 1.25 1.42 10

1734609109
0.32 1.25 1.42 130

1734609110
0.26 1.21 1.41 936

1734609111
0.26 1.21 1.41 22

1734609112
0.21 1.17 1.4 1363

1734609113
0.17 1.13 1.39 951

1734609115
0.14 1.09 1.38 1443

1734609116
0.14 1.09 1.38 11

1734609117
0.14 1.09 1.38 260

1734609118
0.11 1.06 1.37 2510

1734609119
0.11 1.06 1.37 1007

1734609120
0.09 1.02 1.36 223

1734609121
0.09 1.02 1.36 33

1734609122
0.07 0.99 1.35 6246

1734609123
0.06 0.95 1.34 1350

1734609125
0.06 0.95 1.34 188

1734609126
0.05 0.92 1.33 4131

1734609127
0.05 0.92 1.33 661

1734609128
0.04 0.89 1.32 814

1734609129
0.04 0.89 1.32 0

1734609130
0.03 0.86 1.31 19

1734609131
0.03 0.86 1.31 605

1734609132
0.02 0.83 1.31 499

1734609133
0.02 0.83 1.31 126

1734609134
0.02 0.81 1.3 58

1734609135
0.02 0.81 1.3 30

1734609136
0.01 0.78 1.29 0

1734609137
0.01 0.78 1.29 184

1734609138
0.01 0.75 1.28 1287

1734609139
0.01 0.75 1.28 638

1734609140
0.01 0.73 1.27 74

1734609141
0.01 0.73 1.27 684

1734609142
0.0 0.7 1.26 1327

1734609143
0.0 0.7 1.26 174

1734609144
0.0 0.68 1.25 1261

1734609145
0.0 0.68 1.25 649

1734609146
0.0 0.66 1.24 1706

1734609147
0.0 0.66 1.24 4147

1734609148
0.0 0.64 1.23 4139

1734609149
0.0 0.64 1.23 3172

1734609150
0.0 0.61 1.22 4632

1734609152
0.0 0.59 1.22 1049

1734609153
0.0 0.59 1.22 3667

1734609154
0.0 0.57 1.21 369

1734609155
0.0 0.57 1.21 279

1734609156
0.0 0.56 1.2 117

1734609157
0.0 0.56 1.2 232

1734609158
0.0 0.54 1.19 83

1734609159
0.0 0.54 1.19 11

1734609160
0.0 0.52 1.18 20

1734609161
0.0 0.52 1.18 66

1734609162
0.0 0.5 1.17 40

1734609163
0.0 0.5 1.17 80

1734609164
0.0 0.48 1.17 9

1734609165
0.0 0.48 1.17 1

1734609166
0.0 0.47 1.16 0

1734609167
0.0 0.47 1.16 153

1734609168
0.0 0.45 1.15 27

1734609169
0.0 0.45 1.15 39

1734609170
0.0 0.44 1.14 36

1734609171
0.0 0.44 1.14 16

1734609172
0.0 0.42 1.13 0

1734609173
0.0 0.42 1.13 29

1734609174
0.0 0.41 1.12 164

1734609175
0.0 0.41 1.12 20

1734609176
0.0 0.39 1.12 171

1734609177
0.0 0.39 1.12 132

1734609178
0.0 0.38 1.11 10

1734609179
0.0 0.38 1.11 54

1734609180
0.0 0.37 1.1 3365

1734609181
0.0 0.37 1.1 918

1734609182
0.0 0.36 1.09 138

1734609183
0.0 0.36 1.09 34

1734609184
0.0 0.34 1.09 0

1734609185
0.0 0.34 1.09 0

1734609186
0.0 0.33 1.08 18

1734609187
0.0 0.33 1.08 198

1734609188
0.0 0.32 1.07 556

1734609189
0.0 0.32 1.07 910

1734609190
0.0 0.31 1.06 2238

1734609191
0.0 0.31 1.06 652

1734609192
0.0 0.3 1.06 0

1734609193
0.0 0.3 1.06 90

1734609194
0.0 0.29 1.05 10

1734609195
0.0 0.29 1.05 546

1734609196
0.0 0.28 1.04 478

1734609197
0.0 0.28 1.04 417

1734609198
0.0 0.27 1.03 87

1734609199
0.0 0.27 1.03 570

1734609200
0.0 0.26 1.03 92

1734609201
0.0 0.26 1.03 2992

1734609202
0.0 0.25 1.02 3946

1734609203
0.0 0.25 1.02 883

1734609204
0.0 0.24 1.01 137

1734609205
0.0 0.24 1.01 2054

1734609206
0.0 0.23 1.0 21

1734609207
0.0 0.23 1.0 336

1734609208
0.0 0.23 1.0 201

1734609209
0.0 0.23 1.0 0

1734609210
0.0 0.22 0.99 228

1734609211
0.0 0.22 0.99 24

1734609212
0.0 0.21 0.98 886

1734609213
0.0 0.21 0.98 1910

1734609214
0.0 0.2 0.98 1

1734609215
0.0 0.2 0.98 712

1734609216
0.0 0.2 0.97 12

1734609217
0.0 0.2 0.97 0

1734609218
0.0 0.19 0.96 55

1734609219
0.0 0.19 0.96 63

1734609220
0.0 0.18 0.95 277

1734609221
0.0 0.18 0.95 127

1734609222
0.0 0.18 0.95 339

1734609223
0.0 0.18 0.95 1751

1734609224
0.0 0.17 0.94 41

1734609225
0.0 0.17 0.94 1836

1734609226
0.0 0.16 0.93 108

1734609227
0.0 0.16 0.93 256

1734609228
0.0 0.16 0.93 34

1734609229
0.0 0.16 0.93 40

1734609230
0.0 0.15 0.92 102

1734609231
0.0 0.15 0.92 5

1734609232
0.0 0.15 0.91 160

1734609233
0.0 0.15 0.91 0

1734609234
0.0 0.14 0.91 247

1734609235
0.0 0.14 0.91 51

1734609236
0.0 0.14 0.9 6

1734609237
0.0 0.14 0.9 9

1734609238
0.0 0.13 0.9 8

1734609239
0.0 0.13 0.9 21

1734609240
0.0 0.13 0.89 53

1734609241
0.0 0.13 0.89 26

1734609242
0.0 0.12 0.88 45

1734609243
0.0 0.12 0.88 684

1734609244
0.0 0.12 0.88 37

1734609245
0.0 0.12 0.88 51

1734609246
0.0 0.11 0.87 82

1734609247
0.0 0.11 0.87 0

1734609248
0.0 0.11 0.86 18

1734609249
0.0 0.11 0.86 86

1734609250
0.0 0.11 0.86 19

1734609251
0.0 0.11 0.86 917

1734609252
0.0 0.1 0.85 245

1734609253
0.0 0.1 0.85 21

1734609254
0.0 0.1 0.85 10

1734609255
0.0 0.1 0.85 0

1734609256
0.0 0.1 0.84 12

1734609257
0.0 0.1 0.84 756

1734609258
0.0 0.09 0.83 2838

1734609259
0.0 0.09 0.83 0

1734609260
0.0 0.09 0.83 713

1734609261
0.0 0.09 0.83 8627

1734609262
0.0 0.08 0.82 1089

1734609263
0.0 0.08 0.82 1069

1734609264
0.0 0.08 0.82 53

1734609265
0.0 0.08 0.82 20

1734609266
0.0 0.08 0.81 230

1734609267
0.0 0.08 0.81 205

1734609268
0.0 0.08 0.8 173

1734609269
0.0 0.08 0.8 152

1734609270
0.0 0.07 0.8 152

1734609271
0.0 0.07 0.8 1473

1734609272
0.0 0.07 0.79 96

1734609273
0.0 0.07 0.79 40

1734609274
0.0 0.07 0.79 434

1734609275
0.0 0.07 0.79 19

1734609276
0.0 0.06 0.78 172

1734609277
0.0 0.06 0.78 1251

1734609278
0.0 0.06 0.78 782

1734609279
0.0 0.06 0.78 0

1734609280
0.0 0.06 0.77 0

1734609281
0.0 0.06 0.77 24

1734609282
0.0 0.06 0.76 54

1734609283
0.0 0.06 0.76 9

1734609284
0.0 0.05 0.76 41

1734609285
0.0 0.05 0.76 80

1734609286
0.0 0.05 0.75 0

1734609287
0.0 0.05 0.75 9

1734609288
0.0 0.05 0.75 13

1734609289
0.0 0.05 0.75 0

1734609290
0.0 0.05 0.74 2502

1734609291
0.0 0.05 0.74 424

1734609292
0.0 0.05 0.74 304

1734609293
0.0 0.05 0.74 18

1734609294
0.0 0.04 0.73 160

1734609295
0.0 0.04 0.73 421

1734609296
0.0 0.04 0.73 0

1734609297
0.0 0.04 0.73 1

1734609298
0.0 0.04 0.72 11

1734609299
0.0 0.04 0.72 46

1734609300
0.0 0.04 0.72 197

1734609301
0.0 0.04 0.72 64

1734609302
0.0 0.04 0.71 51

1734609303
0.0 0.04 0.71 61

1734609304
0.0 0.04 0.71 30

1734609305
0.0 0.04 0.71 40

1734609306
0.0 0.03 0.7 275

1734609307
0.0 0.03 0.7 405

1734609308
0.0 0.03 0.7 0

1734609309
0.0 0.03 0.7 18

1734609310
0.0 0.03 0.69 329

1734609311
0.0 0.03 0.69 0

1734609312
0.0 0.03 0.69 0

1734609313
0.0 0.03 0.69 657

1734609314
0.0 0.03 0.68 15

1734609315
0.0 0.03 0.68 1

1734609316
0.0 0.03 0.68 125

1734609317
0.0 0.03 0.68 23

1734609318
0.0 0.03 0.67 34

1734609319
0.0 0.03 0.67 300

1734609320
0.0 0.02 0.67 362

1734609321
0.0 0.02 0.67 144

1734609322
0.0 0.02 0.66 60

1734609323
0.0 0.02 0.66 328

1734609324
0.0 0.02 0.66 1

1734609325
0.0 0.02 0.66 36

1734609326
0.0 0.02 0.65 0

1734609327
0.0 0.02 0.65 272

1734609328
0.0 0.02 0.64 248

1734609331
0.0 0.02 0.64 0

1734609332
0.0 0.02 0.64 17

1734609333
0.0 0.02 0.64 77

1734609334
0.0 0.02 0.64 0

1734609335
0.0 0.02 0.63 35

1734609336
0.0 0.02 0.63 0

1734609337
0.0 0.02 0.63 6

1734609338
0.0 0.02 0.63 10

1734609339
0.0 0.02 0.62 0

1734609340
0.0 0.02 0.62 0

1734609341
0.0 0.01 0.62 121

1734609342
0.0 0.01 0.62 74

1734609343
0.0 0.01 0.62 0

1734609344
0.0 0.01 0.62 0

1734609345
0.0 0.01 0.61 158

1734609346
0.0 0.01 0.61 0

1734609347
0.0 0.01 0.61 274

1734609348
0.0 0.01 0.61 0

1734609349
0.0 0.01 0.6 27

1734609350
0.0 0.01 0.6 0

1734609351
0.0 0.01 0.6 137121

1734609352
0.0 0.01 0.6 170567

1734609353
2.71 0.5 0.7 26294

1734609354
2.71 0.5 0.7 3687

1734609355
2.4 0.52 0.7 2071

1734609356
2.4 0.52 0.7 779

1734609357
1.96 0.5 0.69 3155

1734609358
1.96 0.5 0.69 6612

1734609359
1.61 0.48 0.69 4757

1734609360
1.61 0.48 0.69 3992

1734609361
1.32 0.47 0.68 176

1734609362
1.32 0.47 0.68 358

1734609363
1.08 0.45 0.68 1385

1734609364
1.08 0.45 0.68 28

1734609365
0.88 0.44 0.67 92

1734609366
0.88 0.44 0.67 883

1734609367
0.72 0.42 0.67 364

1734609368
0.72 0.42 0.67 651

1734609369
0.59 0.41 0.66 477

1734609370
0.59 0.41 0.66 12

1734609371
0.48 0.39 0.66 722

1734609372
0.48 0.39 0.66 48

1734609373
0.39 0.38 0.65 995

1734609375
0.32 0.37 0.65 503

1734609376
0.32 0.37 0.65 1

1734609377
0.26 0.36 0.64 39

1734609378
0.26 0.36 0.64 37

1734609379
0.21 0.34 0.64 10645

1734609380
0.21 0.34 0.64 344

1734609381
0.17 0.33 0.64 8

1734609382
0.17 0.33 0.64 285

1734609383
0.14 0.32 0.63 19

1734609384
0.14 0.32 0.63 200

1734609385
0.11 0.31 0.63 31288

1734609386
0.11 0.31 0.63 764

1734609387
0.27 0.33 0.63 123

1734609388
0.27 0.33 0.63 20

1734609389
0.22 0.32 0.62 44

1734609390
0.22 0.32 0.62 36

1734609391
0.18 0.31 0.62 60

1734609392
0.18 0.31 0.62 42

1734609393
0.15 0.3 0.62 796

1734609394
0.15 0.3 0.62 7256

1734609395
0.12 0.29 0.61 2306

1734609396
0.12 0.29 0.61 135

1734609397
0.08 0.27 0.6 1860

1734609399
0.08 0.27 0.6 0

1734609400
0.08 0.27 0.6 87

1734609401
0.06 0.26 0.6 0

1734609402
0.06 0.26 0.6 27

1734609403
0.05 0.25 0.59 26

1734609404
0.05 0.25 0.59 0

1734609405
0.04 0.24 0.59 257

1734609406
0.04 0.24 0.59 73

1734609407
0.03 0.23 0.59 46

1734609408
0.03 0.23 0.59 42

1734609409
0.02 0.23 0.58 42

1734609410
0.02 0.23 0.58 382

1734609411
0.02 0.22 0.58 211

1734609412
0.02 0.22 0.58 79

1734609413
0.01 0.21 0.57 1420

1734609414
0.01 0.21 0.57 4164

1734609415
0.01 0.2 0.57 11186

1734609416
0.01 0.2 0.57 15864

1734609417
0.19 0.23 0.57 4488

1734609418
0.19 0.23 0.57 138

1734609419
0.15 0.22 0.57 62

1734609420
0.15 0.22 0.57 2418

1734609421
0.12 0.21 0.56 47

1734609422
0.12 0.21 0.56 1731

1734609423
0.1 0.21 0.56 2488

1734609424
0.1 0.21 0.56 1692

1734609425
0.08 0.2 0.55 3666

1734609426
0.08 0.2 0.55 621

1734609427
0.07 0.19 0.55 380

1734609428
0.07 0.19 0.55 740

1734609429
0.05 0.19 0.55 590

1734609430
0.04 0.18 0.54 15301

1734609431
0.21 0.21 0.55 18653

1734609433
0.21 0.21 0.55 2518

1734609434
0.21 0.21 0.55 1572

1734609435
0.17 0.2 0.54 4072

1734609436
0.17 0.2 0.54 258

1734609437
0.14 0.19 0.54 487

1734609438
0.14 0.19 0.54 150

1734609439
0.11 0.19 0.53 203

1734609440
0.11 0.19 0.53 658

1734609441
0.09 0.18 0.53 8228

1734609442
0.09 0.18 0.53 6535

1734609443
0.07 0.17 0.53 7362

1734609444
0.07 0.17 0.53 543

1734609446
0.06 0.17 0.52 3197

1734609447
0.05 0.16 0.52 263

1734609448
0.05 0.16 0.52 2970

1734609449
0.04 0.16 0.52 1244

1734609450
0.04 0.16 0.52 1030

1734609451
0.03 0.15 0.51 40

1734609452
0.03 0.15 0.51 35

1734609453
0.02 0.14 0.51 244

1734609454
0.02 0.14 0.51 175

1734609455
0.02 0.14 0.5 109

1734609456
0.02 0.14 0.5 2882

1734609457
0.01 0.13 0.5 199

1734609458
0.01 0.13 0.5 58

1734609459
0.01 0.13 0.5 57

1734609460
0.01 0.13 0.5 41

1734609461
0.01 0.12 0.49 65

1734609462
0.01 0.12 0.49 27

1734609463
0.0 0.12 0.49 906

1734609464
0.0 0.12 0.49 264

1734609465
0.0 0.12 0.48 772

1734609466
0.0 0.12 0.48 81

1734609467
0.0 0.11 0.48 546

1734609468
0.0 0.11 0.48 3820

1734609469
0.0 0.11 0.48 2584

1734609470
0.0 0.11 0.48 1141

1734609471
0.0 0.1 0.47 126

1734609472
0.0 0.1 0.47 267

1734609473
0.0 0.1 0.47 614

1734609474
0.0 0.1 0.47 0

1734609475
0.0 0.1 0.47 0

1734609476
0.0 0.1 0.47 130

1734609477
0.0 0.09 0.46 651

1734609478
0.0 0.09 0.46 5845

1734609479
0.0 0.09 0.46 423

1734609480
0.0 0.09 0.46 892

1734609481
0.0 0.09 0.46 2471

1734609482
0.0 0.09 0.46 51

1734609483
0.0 0.08 0.45 950

1734609484
0.0 0.08 0.45 626

1734609485
0.0 0.08 0.45 1

1734609486
0.0 0.08 0.45 544

1734609488
0.0 0.08 0.45 212

1734609489
0.0 0.07 0.44 2812

1734609490
0.0 0.07 0.44 150

1734609491
0.0 0.07 0.44 613

1734609492
0.0 0.07 0.44 419

1734609493
0.0 0.07 0.44 529

1734609494
0.0 0.07 0.44 141

1734609495
0.0 0.07 0.43 547

1734609496
0.0 0.07 0.43 22

1734609497
0.0 0.06 0.43 545

1734609498
0.0 0.06 0.43 1319

1734609499
0.0 0.06 0.43 88

1734609500
0.0 0.06 0.43 4734

1734609501
0.0 0.06 0.42 4800

1734609502
0.0 0.06 0.42 2926

1734609503
0.0 0.06 0.42 387

1734609504
0.0 0.06 0.42 7

1734609505
0.0 0.05 0.42 10

1734609506
0.0 0.05 0.42 15

1734609507
0.0 0.05 0.41 733

1734609508
0.0 0.05 0.41 76

1734609509
0.0 0.05 0.41 33

1734609510
0.0 0.05 0.41 360

1734609511
0.0 0.05 0.41 0

1734609512
0.0 0.05 0.41 0

1734609513
0.0 0.05 0.41 8

1734609514
0.0 0.05 0.41 486

1734609515
0.0 0.04 0.4 0

1734609516
0.0 0.04 0.4 0

1734609517
0.0 0.04 0.4 1

1734609518
0.0 0.04 0.4 0

1734609519
0.0 0.04 0.4 1

1734609520
0.0 0.04 0.4 480

1734609521
0.0 0.04 0.39 49

1734609522
0.0 0.04 0.39 7

1734609523
0.0 0.04 0.39 468

1734609524
0.0 0.04 0.39 6

1734609525
0.0 0.04 0.39 1409

1734609526
0.0 0.04 0.39 8

1734609528
0.0 0.03 0.39 3136

1734609529
0.0 0.03 0.38 16

1734609530
0.0 0.03 0.38 9

1734609532
0.0 0.03 0.38 20183

1734609533
0.18 0.06 0.38 24664

1734609534
0.18 0.06 0.38 29705

1734609535
0.51 0.13 0.39 33472

1734609536
0.51 0.13 0.39 19253

1734609537
0.78 0.19 0.41 20428

1734609538
0.67 0.21 0.41 36308

1734609541
0.67 0.21 0.41 1158

1734609543
0.67 0.21 0.41 18288

1734609544
0.73 0.23 0.41 26211

1734609545
0.73 0.23 0.41 14940

1734609546
0.78 0.26 0.42 8450

1734609547
0.78 0.26 0.42 8990

1734609548
0.63 0.25 0.41 1

1734609549
0.63 0.25 0.41 1672

1734609550
0.52 0.24 0.41 4800

1734609551
0.52 0.24 0.41 5846

1734609552
0.42 0.23 0.41 6977

1734609553
0.42 0.23 0.41 20170

1734609554
0.53 0.26 0.41 677762

1734609555
0.53 0.26 0.41 228379

1734609556
9.85 1.95 0.77 803003

1734609557
9.85 1.95 0.77 527983

1734609558
30.44 6.44 1.73 2218649

1734609560
30.44 6.44 1.73 53520

1734609561
30.44 6.44 1.73 299262

1734609562
32.9 7.66 2.02 54782

1734609563
27.48 7.51 2.03 29706

1734609564
27.48 7.51 2.03 29673

1734609565
22.68 7.3 2.02 9482

1734609566
22.68 7.3 2.02 13049

1734609567
18.57 7.06 2.0 3114

1734609568
18.57 7.06 2.0 5728

1734609569
15.21 6.83 1.99 2774

1734609570
15.21 6.83 1.99 8495

1734609571
12.45 6.6 1.98 3085

1734609572
12.45 6.6 1.98 7133

1734609573
10.19 6.39 1.96 7031

1734609574
10.19 6.39 1.96 5535

1734609575
8.35 6.18 1.95 3693

1734609576
8.35 6.18 1.95 1542

1734609577
6.83 5.98 1.94 5878

1734609578
6.83 5.98 1.94 1921

1734609579
5.59 5.78 1.92 1183

1734609580
5.59 5.78 1.92 2584

1734609581
4.58 5.59 1.91 3188

1734609582
4.58 5.59 1.91 1178

1734609584
3.93 5.44 1.9 48554

1734609585
3.4 5.29 1.9 5084

1734609586
3.4 5.29 1.9 6441

1734609587
2.78 5.12 1.88 3552

1734609588
2.78 5.12 1.88 73103

1734609589
3.0 5.08 1.9 32486

1734609590
3.0 5.08 1.9 10461

1734609591
3.0 5.02 1.91 726740

1734609592
11.7 6.52 2.24 554006

1734609593
11.7 6.52 2.24 0

1734609595
13.38 6.99 2.37 253150

1734609596
13.38 6.99 2.37 3672

1734609597
23.28 9.13 2.88 1603736

1734609599
23.28 9.13 2.88 21798

1734609601
23.28 9.13 2.88 1483675

1734609602
32.65 11.28 3.37 34087

1734609603
27.1 10.98 3.36 34275

1734609604
27.1 10.98 3.36 8013

1734609605
22.37 10.65 3.34 8046

1734609606
22.37 10.65 3.34 7718

1734609607
18.5 10.34 3.33 17578

1734609608
18.5 10.34 3.33 14023

1734609609
15.14 10.0 3.3 8208

1734609610
15.14 10.0 3.3 15754

1734609611
12.58 9.7 3.29 13046

1734609612
12.58 9.7 3.29 11794

1734609613
10.48 9.42 3.27 11254

1734609614
10.48 9.42 3.27 5649

1734609615
8.58 9.11 3.25 4372

1734609616
8.58 9.11 3.25 9280

1734609617
7.03 8.81 3.23 5552

1734609618
7.03 8.81 3.23 4047

1734609619
5.75 8.52 3.2 6020

1734609620
5.75 8.52 3.2 1074

1734609621
4.71 8.24 3.18 2377

1734609622
4.71 8.24 3.18 13878

1734609623
3.85 7.97 3.16 5477

1734609624
3.85 7.97 3.16 4444

1734609625
3.16 7.71 3.14 5042

1734609626
3.16 7.71 3.14 1725

1734609627
2.58 7.46 3.12 1450

1734609628
2.58 7.46 3.12 6690

1734609629
2.11 7.21 3.1 13077

1734609630
2.11 7.21 3.1 9493

1734609632
1.73 6.98 3.07 7340

1734609633
1.41 6.75 3.05 2113

1734609634
1.41 6.75 3.05 4115

1734609635
1.16 6.53 3.03 2829

1734609636
1.16 6.53 3.03 3038

1734609637
0.95 6.31 3.01 2711

1734609638
0.95 6.31 3.01 1674

1734609639
0.77 6.11 2.99 6773

1734609640
0.77 6.11 2.99 3551

1734609641
0.63 5.91 2.97 15432

1734609642
0.63 5.91 2.97 13248

1734609643
0.7 5.75 2.96 10827

1734609644
0.7 5.75 2.96 3506

1734609645
0.57 5.56 2.93 6050

1734609646
0.57 5.56 2.93 15269

1734609647
0.65 5.41 2.92 14658

1734609648
0.65 5.41 2.92 48483

1734609649
1.07 5.33 2.92 14030

1734609650
1.07 5.33 2.92 13102

1734609651
1.06 5.19 2.91 15693

1734609652
1.06 5.19 2.91 23050

1734609653
1.23 5.08 2.9 17328

1734609654
1.23 5.08 2.9 27677

1734609655
1.37 4.98 2.9 15445

1734609656
1.37 4.98 2.9 20954

1734609657
1.3 4.85 2.88 13369

1734609658
1.3 4.85 2.88 14125

1734609659
1.24 4.72 2.87 23051

1734609660
1.24 4.72 2.87 15981

1734609661
1.2 4.6 2.86 24643

1734609662
1.2 4.6 2.86 11771

1734609663
1.16 4.48 2.84 13134

1734609664
1.16 4.48 2.84 14404

1734609665
1.13 4.37 2.83 20338

1734609666
1.13 4.37 2.83 11311

1734609667
1.11 4.26 2.82 13084

1734609668
1.11 4.26 2.82 14708

1734609669
1.09 4.15 2.81 13241

1734609670
1.09 4.15 2.81 10768

1734609671
1.07 4.05 2.79 12897

1734609672
1.07 4.05 2.79 19529

1734609673
1.24 3.98 2.79 28445

1734609674
1.24 3.98 2.79 10700

1734609675
1.19 3.88 2.77 17494

1734609676
1.19 3.88 2.77 36246

1734609677
1.34 3.82 2.77 11021

1734609678
1.34 3.82 2.77 12810

1734609679
1.28 3.73 2.76 26600

1734609680
1.28 3.73 2.76 14234

1734609681
1.22 3.64 2.74 13565

1734609682
1.22 3.64 2.74 6635

1734609683
1.0 3.52 2.73 851

1734609684
1.0 3.52 2.73 3035

1734609685
0.82 3.4 2.71 7365

1734609686
0.82 3.4 2.71 9300

1734609687
0.67 3.29 2.69 9048

1734609688
0.67 3.29 2.69 9397

1734609689
0.55 3.18 2.67 5051

1734609690
0.55 3.18 2.67 7837

1734609691
0.45 3.08 2.65 3144

1734609692
0.45 3.08 2.65 6296

1734609693
0.37 2.98 2.63 9553

1734609694
0.37 2.98 2.63 3742

1734609695
0.3 2.88 2.61 7020

1734609696
0.3 2.88 2.61 4402

1734609697
0.61 2.85 2.61 102632

1734609698
0.61 2.85 2.61 404253

1734609704
51.71 15.77 5.5 8683628

1734609778
33.61 26.52 11.28 23789181

1734609779
32.77 26.61 11.4 23035

1734609780
32.77 26.61 11.4 3657

1734609781
26.83 25.74 11.33 12564

1734609782
26.83 25.74 11.33 10543

1734609783
21.97 24.89 11.25 4732

1734609784
21.97 24.89 11.25 26152

1734609785
18.35 24.14 11.19 30524

1734609786
18.35 24.14 11.19 44596

1734609787
15.57 23.45 11.13 27210

1734609788
15.57 23.45 11.13 2717

1734609789
12.75 22.68 11.05 10748

1734609790
12.75 22.68 11.05 24525

1734609791
10.62 21.97 10.98 10340

1734609792
10.62 21.97 10.98 11977

1734609793
8.69 21.25 10.91 3607

1734609794
8.69 21.25 10.91 3112

1734609795
7.12 20.56 10.83 1542

1734609796
7.12 20.56 10.83 5384

1734609797
5.83 19.89 10.76 2865

1734609798
5.83 19.89 10.76 4106

1734609799
4.77 19.24 10.69 1275

1734609800
4.77 19.24 10.69 452

1734609801
3.91 18.61 10.61 2334

1734609802
3.91 18.61 10.61 2795

1734609803
3.2 18.0 10.54 6645

1734609804
3.2 18.0 10.54 272

1734609805
2.62 17.41 10.47 1546

1734609806
2.62 17.41 10.47 1737

1734609807
2.14 16.84 10.4 514

1734609808
2.14 16.84 10.4 984

1734609809
1.75 16.29 10.33 116

1734609810
1.75 16.29 10.33 138

1734609811
1.43 15.75 10.25 871

1734609812
1.43 15.75 10.25 2686

1734609813
1.32 14.8 10.13 70616

1734609816
1.32 14.8 10.13 1

1734609817
1.32 14.8 10.13 5421

1734609818
1.08 14.32 10.06 11285

1734609819
1.08 14.32 10.06 605

1734609820
1.07 13.88 10.0 33836

1734609821
1.07 13.88 10.0 0

1734609823
0.89 13.02 9.87 39201

1734609824
0.89 13.02 9.87 14915

1734609825
0.89 13.02 9.87 0

1734609827
0.91 12.63 9.81 22473

1734609828
0.93 12.25 9.74 7603

1734609829
0.93 12.25 9.74 1093

1734609830
0.76 11.85 9.68 2070

1734609831
0.76 11.85 9.68 3555

1734609832
0.62 11.46 9.61 1044

1734609833
0.62 11.46 9.61 1915

1734609834
0.51 11.08 9.55 7202

1734609835
0.51 11.08 9.55 1319

1734609836
0.41 10.72 9.48 3493

1734609837
0.41 10.72 9.48 1239

1734609838
0.46 10.06 9.36 26123

1734609840
0.46 10.06 9.36 0

1734609841
0.46 10.06 9.36 4586

1734609842
0.37 9.73 9.29 1142

1734609843
0.37 9.73 9.29 3541

1734609844
0.3 9.41 9.23 17576

1734609845
0.61 9.17 9.18 30895

1734609846
0.61 9.17 9.18 2543

1734609847
0.61 9.17 9.18 4572

1734609848
0.5 8.87 9.12 5241

1734609849
0.5 8.87 9.12 9175

1734609850
0.41 8.58 9.05 1169

1734609851
0.33 8.3 8.99 2919

1734609853
0.58 7.83 8.88 77310

1734609856
1.2 7.7 8.85 94954

1734609858
1.2 7.7 8.85 25791

1734609859
1.53 7.55 8.81 23643

1734609861
1.43 7.33 8.75 26165

1734609862
1.43 7.33 8.75 660

1734609864
1.17 7.09 8.69 4071

1734609865
0.96 6.86 8.64 1582

1734609866
0.96 6.86 8.64 247

1734609867
0.78 6.64 8.58 726

1734609868
0.78 6.64 8.58 939

1734609869
0.64 6.42 8.52 1826

1734609870
0.64 6.42 8.52 607

1734609871
0.52 6.21 8.46 1148

1734609872
0.43 6.0 8.4 1432

1734609874
0.43 6.0 8.4 1597

1734609875
0.43 6.0 8.4 137

1734609876
0.35 5.81 8.34 497

1734609877
0.35 5.81 8.34 841

1734609878
0.28 5.62 8.29 29

1734609879
0.28 5.62 8.29 117

1734609880
0.23 5.43 8.23 1447

1734609881
0.23 5.43 8.23 41

1734609882
0.19 5.25 8.17 24

1734609883
0.19 5.25 8.17 130

1734609884
0.15 5.08 8.12 30

1734609885
0.15 5.08 8.12 19

1734609886
0.12 4.92 8.06 0

1734609887
0.12 4.92 8.06 0

1734609888
0.1 4.75 8.0 1918

1734609889
0.1 4.75 8.0 87

1734609890
0.08 4.6 7.95 46

1734609891
0.08 4.6 7.95 6

1734609892
0.07 4.45 7.89 202

1734609893
0.07 4.45 7.89 381

1734609894
0.05 4.3 7.84 78

1734609895
0.05 4.3 7.84 469

1734609896
0.04 4.16 7.79 24

1734609897
0.04 4.16 7.79 0

1734609898
0.03 4.02 7.73 1033

1734609899
0.03 4.02 7.73 229

1734609900
0.03 3.89 7.68 352

1734609901
0.03 3.89 7.68 729

1734609902
0.02 3.76 7.63 347

1734609903
0.02 3.76 7.63 7

1734609904
0.02 3.64 7.58 1

1734609905
0.02 3.64 7.58 449

1734609906
0.01 3.52 7.52 188

1734609907
0.01 3.52 7.52 2174

1734609908
0.01 3.41 7.47 1581

1734609909
0.01 3.41 7.47 0

1734609911
0.01 3.29 7.42 516

1734609912
0.0 3.19 7.37 61

1734609913
0.0 3.19 7.37 421

1734609914
0.0 3.08 7.32 159

1734609915
0.0 3.08 7.32 7

1734609916
0.0 2.98 7.27 460

1734609917
0.0 2.98 7.27 109

1734609918
0.0 2.88 7.22 43

1734609919
0.0 2.88 7.22 1

1734609920
0.0 2.79 7.17 139

1734609921
0.0 2.79 7.17 1

1734609922
0.0 2.7 7.12 1

1734609923
0.0 2.7 7.12 136

1734609924
0.0 2.61 7.07 133

1734609925
0.0 2.61 7.07 153

1734609926
0.0 2.52 7.02 686

1734609927
0.0 2.52 7.02 113

1734609928
0.0 2.44 6.97 193

1734609929
0.0 2.44 6.97 62

1734609930
0.0 2.36 6.93 433

1734609931
0.0 2.36 6.93 848

1734609932
0.0 2.28 6.88 487

1734609933
0.0 2.28 6.88 101

1734609934
0.0 2.21 6.83 1

1734609935
0.0 2.21 6.83 650

1734609936
0.0 2.13 6.78 5636

1734609937
0.0 2.13 6.78 1

1734609938
0.0 2.06 6.74 1

1734609939
0.0 2.06 6.74 0

1734609940
0.0 1.99 6.69 0

1734609941
0.0 1.99 6.69 4

1734609942
0.0 1.93 6.64 0

1734609944
0.0 1.87 6.6 3388

1734609945
0.0 1.87 6.6 81

1734609946
0.0 1.8 6.55 3

1734609947
0.0 1.8 6.55 0

1734609948
0.0 1.74 6.51 585

1734609949
0.0 1.74 6.51 0

1734609950
0.0 1.69 6.46 0

1734609951
0.0 1.69 6.46 1239

1734609952
0.0 1.63 6.42 4

1734609953
0.0 1.63 6.42 77

1734609954
0.0 1.58 6.37 4494

1734609955
0.0 1.58 6.37 0

1734609956
0.0 1.53 6.33 0

1734609957
0.0 1.53 6.33 0

1734609958
0.0 1.47 6.29 0

1734609959
0.0 1.47 6.29 1

1734609960
0.0 1.43 6.24 4610

1734609961
0.0 1.43 6.24 56579

1734609962
0.54 1.48 6.22 14855

1734609963
0.54 1.48 6.22 0

1734609964
0.44 1.43 6.18 0

1734609965
0.44 1.43 6.18 0

1734609966
0.36 1.38 6.14 0

1734609967
0.36 1.38 6.14 0

1734609968
0.29 1.34 6.09 0

1734609969
0.29 1.34 6.09 0

1734609970
0.24 1.29 6.05 79

1734609971
0.24 1.29 6.05 0

1734609972
0.19 1.25 6.01 0

1734609973
0.19 1.25 6.01 0

1734609974
0.16 1.21 5.97 0

1734609975
0.16 1.21 5.97 0

1734609976
0.13 1.17 5.93 0

1734609977
0.13 1.17 5.93 44

1734609978
0.1 1.13 5.89 896

1734609979
0.1 1.13 5.89 0

1734609980
0.08 1.09 5.85 1

1734609981
0.08 1.09 5.85 0

1734609982
0.07 1.06 5.81 252

1734609983
0.07 1.06 5.81 0

1734609984
0.05 1.02 5.77 0

1734609985
0.05 1.02 5.77 0

1734609986
0.04 0.99 5.73 0

1734609987
0.04 0.99 5.73 0

1734609988
0.03 0.95 5.69 354

1734609989
0.03 0.95 5.69 0

1734609990
0.03 0.92 5.65 128

1734609991
0.03 0.92 5.65 0

1734609992
0.02 0.89 5.61 0

1734609993
0.02 0.89 5.61 0

1734609994
0.02 0.86 5.57 58

1734609995
0.02 0.86 5.57 0

1734609996
0.01 0.83 5.53 332

1734609997
0.01 0.83 5.53 0

1734609998
0.01 0.81 5.49 25

1734609999
0.01 0.81 5.49 0

1734610000
0.01 0.78 5.46 16

1734610004
1.11 0.95 5.43 196529

