1735223259
0.64 0.26 0.16 78678

1735223260
0.64 0.26 0.16 24850

1735223261
0.89 0.32 0.17 7808

1735223262
0.89 0.32 0.17 50873

1735223263
1.63 0.47 0.2 70828

1735223264
1.63 0.47 0.2 56437

1735223265
2.24 0.62 0.23 47760

1735223266
2.24 0.62 0.23 18214

1735223267
2.38 0.7 0.25 45138

1735223268
2.38 0.7 0.25 41259

1735223269
2.67 0.8 0.28 61033

1735223270
2.67 0.8 0.28 117863

1735223271
4.18 1.14 0.35 103255

1735223272
4.18 1.14 0.35 86179

1735223273
4.69 1.33 0.4 57618

1735223274
4.69 1.33 0.4 26632

1735223275
4.02 1.32 0.4 11161

1735223276
4.02 1.32 0.4 23842

1735223277
3.47 1.31 0.41 11494

1735223278
3.47 1.31 0.41 159183

1735223279
5.92 1.82 0.52 199186

1735223280
5.92 1.82 0.52 24872

1735223281
5.21 1.83 0.53 19768

1735223282
5.21 1.83 0.53 18616

1735223283
4.45 1.8 0.54 7000

1735223284
4.45 1.8 0.54 10112

1735223285
3.82 1.77 0.54 11097

1735223286
3.82 1.77 0.54 10975

1735223287
3.31 1.75 0.54 11647

1735223288
3.31 1.75 0.54 9524

1735223289
2.71 1.69 0.54 10344

1735223290
2.71 1.69 0.54 7092

1735223291
2.22 1.63 0.53 6022

1735223292
2.22 1.63 0.53 2537

1735223293
1.81 1.58 0.53 4873

1735223294
1.81 1.58 0.53 7071

1735223295
1.48 1.53 0.53 1518

1735223296
1.48 1.53 0.53 3466

1735223297
1.21 1.48 0.52 9958

1735223298
1.21 1.48 0.52 6470

1735223299
0.99 1.43 0.52 6754

1735223300
0.99 1.43 0.52 4671

1735223301
0.81 1.38 0.51 4375

1735223302
0.81 1.38 0.51 3658

1735223303
0.66 1.34 0.51 4348

1735223304
0.66 1.34 0.51 6642

1735223305
0.54 1.29 0.51 3265

1735223306
0.54 1.29 0.51 6119

1735223307
0.44 1.25 0.5 5097

1735223308
0.44 1.25 0.5 7132

1735223309
0.36 1.21 0.5 9053

1735223310
0.36 1.21 0.5 195529

1735223311
3.56 1.76 0.62 192279

1735223312
3.56 1.76 0.62 199501

1735223313
6.9 2.42 0.77 253420

1735223314
6.9 2.42 0.77 275688

1735223315
10.72 3.26 0.95 291683

1735223316
10.72 3.26 0.95 282005

1735223317
14.03 4.1 1.14 308563

1735223318
14.03 4.1 1.14 307964

1735223319
17.47 5.04 1.36 371215

1735223320
17.47 5.04 1.36 394632

1735223321
21.37 6.16 1.62 385305

1735223322
21.37 6.16 1.62 408943

1735223323
24.74 7.26 1.88 395436

1735223324
24.74 7.26 1.88 318359

1735223325
25.69 8.01 2.07 282576

1735223326
25.69 8.01 2.07 393122

1735223327
25.57 8.56 2.23 98276

1735223328
25.57 8.56 2.23 30856

1735223329
21.66 8.41 2.24 117004

1735223330
21.66 8.41 2.24 345172

1735223331
24.8 9.41 2.49 425520

1735223332
24.8 9.41 2.49 540635

1735223333
27.91 10.48 2.76 298459

1735223334
27.91 10.48 2.76 251607

1735223335
27.02 10.89 2.9 229470

1735223336
27.02 10.89 2.9 479631

1735223337
32.27 12.37 3.27 622501

1735223338
32.27 12.37 3.27 253854

1735223339
30.05 12.62 3.38 147030

1735223340
30.05 12.62 3.38 11543

1735223341
24.78 12.24 3.36 17596

1735223342
24.78 12.24 3.36 18314

1735223343
20.47 11.87 3.35 9366

1735223344
20.47 11.87 3.35 42134

1735223345
18.21 11.74 3.38 127314

1735223346
18.21 11.74 3.38 67910

1735223347
16.0 11.55 3.4 59209

1735223348
16.0 11.55 3.4 624115

1735223349
21.07 12.61 3.68 349222

1735223350
21.07 12.61 3.68 289655

1735223351
24.5 13.51 3.92 597897

1735223352
24.5 13.51 3.92 352804

1735223353
25.86 14.11 4.12 146778

1735223354
25.86 14.11 4.12 13637

1735223355
21.35 13.68 4.1 16683

1735223356
21.35 13.68 4.1 96697

1735223357
18.57 13.43 4.11 38539

1735223358
18.57 13.43 4.11 22782

1735223359
15.39 13.03 4.09 13062

1735223360
15.39 13.03 4.09 30816

1735223361
12.78 12.63 4.07 6662

1735223362
12.78 12.63 4.07 11204

1735223363
10.64 12.25 4.04 21920

1735223364
10.64 12.25 4.04 12531

1735223365
8.72 11.85 4.02 4537

1735223366
8.72 11.85 4.02 7574

1735223367
8.72 11.85 4.02 8987

1735223368
7.14 11.46 3.99 13724

1735223369
7.14 11.46 3.99 26579

1735223370
6.2 11.15 3.97 23499

1735223371
5.26 10.82 3.95 7374

1735223372
5.26 10.82 3.95 10872

1735223373
4.31 10.46 3.93 6485

1735223374
4.31 10.46 3.93 4602

1735223375
3.52 10.12 3.9 9830

1735223376
3.52 10.12 3.9 22932

1735223377
3.07 9.82 3.88 7928

1735223378
3.07 9.82 3.88 20292

1735223379
2.69 9.53 3.86 5602

1735223380
2.69 9.53 3.86 25597

1735223381
2.38 9.25 3.84 4675

1735223383
2.13 8.98 3.82 30496

1735223384
2.13 8.98 3.82 11792

1735223385
2.13 8.98 3.82 7273

1735223386
1.74 8.69 3.79 11097

1735223387
1.97 8.5 3.79 66236

1735223388
1.97 8.5 3.79 15996

1735223389
1.97 8.5 3.79 9921

1735223390
1.79 8.26 3.77 26856

1735223391
1.79 8.26 3.77 17837

1735223392
1.83 8.05 3.76 14560

1735223393
1.83 8.05 3.76 30439

1735223394
1.86 7.85 3.74 13225

1735223395
1.7 7.63 3.72 18324

1735223396
1.7 7.63 3.72 4138

1735223397
1.76 7.44 3.71 41877

1735223398
1.76 7.44 3.71 403

1735223399
1.76 7.44 3.71 9148

1735223400
1.44 7.2 3.69 3270

1735223401
1.44 7.2 3.69 8832

1735223402
1.18 6.96 3.66 24269

1735223403
1.18 6.96 3.66 22500

1735223404
1.32 6.8 3.65 1163

1735223405
1.32 6.8 3.65 16135

1735223406
1.08 6.58 3.62 9868

1735223407
1.07 6.4 3.61 21447

1735223408
1.07 6.4 3.61 21176

1735223409
1.07 6.4 3.61 16126

1735223410
1.05 6.22 3.59 12423

1735223411
1.05 6.22 3.59 21354

1735223412
1.04 6.05 3.57 25828

1735223413
1.04 6.05 3.57 21116

1735223414
1.22 5.91 3.56 49672

1735223415
1.22 5.91 3.56 82477

1735223416
2.26 5.95 3.58 91301

1735223417
2.26 5.95 3.58 78505

1735223418
3.3 6.02 3.61 337007

1735223419
3.3 6.02 3.61 134871

1735223420
6.87 6.57 3.75 93881

1735223421
6.87 6.57 3.75 177186

1735223422
8.16 6.82 3.82 255598

1735223423
8.16 6.82 3.82 235446

1735223424
11.03 7.38 3.95 91330

1735223425
11.03 7.38 3.95 388372

1735223426
13.92 8.02 4.11 740798

1735223427
13.92 8.02 4.11 404288

1735223428
21.36 9.56 4.46 239250

1735223429
21.36 9.56 4.46 118260

1735223430
20.03 9.7 4.53 71510

1735223431
18.03 9.68 4.56 136567

1735223432
18.03 9.68 4.56 297110

1735223433
18.03 9.68 4.56 412073

1735223434
21.83 10.64 4.79 652595

1735223435
21.83 10.64 4.79 634066

1735223436
29.29 12.35 5.19 621326

1735223437
29.29 12.35 5.19 223491

1735223438
31.04 13.22 5.42 438218

1735223439
31.04 13.22 5.42 95524

1735223440
30.13 13.64 5.56 123125

1735223441
30.13 13.64 5.56 169537

1735223442
27.21 13.65 5.62 135983

1735223443
27.21 13.65 5.62 194114

1735223444
25.18 13.73 5.69 92883

1735223445
25.18 13.73 5.69 136279

1735223446
22.79 13.67 5.74 125274

1735223447
22.79 13.67 5.74 92139

1735223448
20.29 13.52 5.76 116813

1735223449
20.29 13.52 5.76 107358

1735223450
18.79 13.47 5.8 152389

1735223451
18.79 13.47 5.8 187663

1735223452
19.01 13.68 5.9 352267

1735223453
19.0 13.86 5.99 212310

1735223454
19.0 13.86 5.99 109250

1735223455
19.0 13.86 5.99 288191

1735223456
20.45 14.29 6.13 537369

1735223457
20.45 14.29 6.13 245872

1735223458
23.09 14.97 6.33 223067

1735223459
23.09 14.97 6.33 1175

1735223460
20.9 14.83 6.36 14071

1735223461
18.56 14.61 6.37 235800

1735223462
18.56 14.61 6.37 318464

1735223463
18.56 14.61 6.37 42132

1735223464
19.91 14.98 6.51 662287

1735223465
19.91 14.98 6.51 115984

1735223466
23.0 15.7 6.72 199927

1735223467
21.01 15.58 6.75 140886

1735223468
21.01 15.58 6.75 83987

1735223469
21.91 15.92 6.88 421688

1735223470
21.91 15.92 6.88 327604

1735223471
21.91 15.92 6.88 10187

1735223472
21.2 15.99 6.96 198749

1735223473
21.2 15.99 6.96 11105

1735223474
18.81 15.73 6.97 136277

1735223475
18.12 15.7 7.02 338770

1735223476
18.12 15.7 7.02 1666

1735223478
16.83 15.55 7.05 153285

1735223479
16.83 15.55 7.05 2450

1735223481
12.06 14.71 6.99 42418

1735223482
12.06 14.71 6.99 9794

1735223483
10.05 14.26 6.95 17672

1735223484
10.05 14.26 6.95 12560

1735223485
10.05 14.26 6.95 15442

1735223486
8.41 13.83 6.91 20992

1735223487
8.41 13.83 6.91 14904

1735223488
7.25 13.44 6.87 38317

1735223489
7.25 13.44 6.87 7016

1735223490
6.3 13.06 6.84 57802

1735223491
6.3 13.06 6.84 20181

1735223492
5.88 12.77 6.82 33448

1735223493
4.81 12.35 6.77 8992

1735223494
4.81 12.35 6.77 0

1735223496
4.12 11.98 6.73 418784

1735223497
4.12 11.98 6.73 156215

1735223498
6.77 12.06 6.82 36667

1735223499
6.77 12.06 6.82 2175

1735223501
6.08 11.76 6.8 62107

1735223502
6.08 11.76 6.8 13381

1735223503
5.16 11.41 6.76 31486

1735223504
5.16 11.41 6.76 0

1735223505
4.41 11.07 6.72 26203

1735223507
3.79 10.74 6.68 19172

1735223508
3.79 10.74 6.68 15947

1735223509
3.28 10.42 6.64 20235

1735223510
3.28 10.42 6.64 16653

1735223511
3.28 10.42 6.64 9304

1735223512
2.87 10.11 6.6 20537

1735223513
2.53 9.81 6.56 15123

1735223514
2.53 9.81 6.56 6675

1735223515
2.53 9.81 6.56 16794

1735223516
2.43 9.56 6.53 59090

1735223517
2.35 9.31 6.5 22195

1735223518
2.35 9.31 6.5 29382

1735223519
2.35 9.31 6.5 7176

1735223520
2.11 9.04 6.46 160668

1735223521
2.11 9.04 6.46 354312

1735223522
6.61 9.63 6.6 476357

1735223523
14.29 10.91 6.89 741603

1735223524
14.29 10.91 6.89 0

1735223525
18.04 11.7 7.08 829974

1735223527
20.93 12.43 7.27 366233

1735223528
17.32 12.06 7.22 34006

1735223529
17.32 12.06 7.22 284

1735223530
17.32 12.06 7.22 105486

1735223531
15.45 11.89 7.22 46079

1735223532
15.45 11.89 7.22 19800

1735223534
12.83 11.53 7.18 22422

1735223535
12.83 11.53 7.18 49514

1735223536
11.23 11.29 7.16 70594

1735223537
9.56 10.98 7.12 7790

1735223538
9.56 10.98 7.12 29506

1735223539
9.56 10.98 7.12 154800

1735223540
9.45 10.92 7.14 349852

1735223542
12.63 11.44 7.27 277297

1735223543
12.63 11.44 7.27 53185

1735223544
11.43 11.27 7.26 17541

1735223545
11.43 11.27 7.26 43003

1735223547
9.9 10.99 7.23 150872

1735223548
9.56 10.9 7.24 125842

1735223549
8.91 10.74 7.23 37586

1735223551
8.91 10.74 7.23 739326

1735223552
15.99 11.95 7.51 709656

1735223553
15.99 11.95 7.51 304217

1735223554
21.79 13.13 7.79 420958

1735223555
21.79 13.13 7.79 559098

1735223556
27.08 14.37 8.08 476291

1735223557
27.08 14.37 8.08 525267

1735223558
31.23 15.54 8.37 606721

1735223559
31.23 15.54 8.37 611361

1735223560
36.8 17.06 8.73 680588

1735223561
36.8 17.06 8.73 624350

1735223562
41.55 18.56 9.11 647696

1735223563
41.55 18.56 9.11 713453

1735223564
45.07 19.95 9.46 202475

1735223565
45.07 19.95 9.46 127788

1735223566
38.72 19.62 9.46 38047

1735223567
38.72 19.62 9.46 35069

1735223568
32.43 19.11 9.43 74564

1735223569
32.43 19.11 9.43 120880

1735223570
29.09 18.95 9.46 281012

1735223571
29.09 18.95 9.46 843291

1735223572
36.68 20.65 9.88 936597

1735223573
36.68 20.65 9.88 957664

1735223574
46.7 22.98 10.44 573900

1735223576
46.75 23.77 10.69 982922

1735223577
46.75 23.77 10.69 2007

1735223578
40.46 23.38 10.7 67599

1735223579
40.46 23.38 10.7 323551

1735223580
36.57 23.24 10.76 9367

1735223581
36.57 23.24 10.76 6303

1735223582
30.12 22.51 10.69 51633

1735223583
30.12 22.51 10.69 18643

1735223584
25.21 21.87 10.64 17161

1735223585
25.21 21.87 10.64 5979

1735223587
20.82 21.19 10.57 33367

1735223588
17.23 20.53 10.51 40584

1735223589
17.23 20.53 10.51 107670

1735223590
15.38 20.09 10.48 16277

1735223591
13.68 19.62 10.45 111868

1735223592
13.68 19.62 10.45 17560

1735223593
13.68 19.62 10.45 16435

1735223594
11.92 19.11 10.41 91502

1735223595
10.12 18.55 10.35 4071

1735223596
10.12 18.55 10.35 11915

1735223597
10.12 18.55 10.35 21757

1735223598
8.47 17.98 10.28 25768

1735223599
8.47 17.98 10.28 158871

1735223600
8.75 17.72 10.28 131063

1735223601
8.75 17.72 10.28 134418

1735223602
10.06 17.66 10.32 151166

1735223603
10.06 17.66 10.32 131099

1735223604
11.86 17.74 10.39 541554

1735223605
11.86 17.74 10.39 871309

1735223606
24.2 19.77 10.86 855910

1735223607
24.2 19.77 10.86 849164

1735223608
34.67 21.81 11.35 753253

1735223609
34.67 21.81 11.35 898872

1735223610
43.97 23.91 11.86 901699

1735223611
43.97 23.91 11.86 911201

1735223612
52.31 26.07 12.39 834298

1735223613
52.31 26.07 12.39 451253

1735223614
51.35 26.76 12.63 198274

1735223615
51.35 26.76 12.63 252377

1735223616
45.85 26.57 12.69 200807

1735223617
45.85 26.57 12.69 151590

1735223618
40.62 26.25 12.72 420857

1735223619
40.62 26.25 12.72 705146

1735223620
43.22 27.19 13.01 149968

1735223621
43.22 27.19 13.01 150098

1735223622
40.28 27.19 13.1 659667

1735223623
40.28 27.19 13.1 700900

1735223624
45.3 28.52 13.48 627256

1735223625
45.3 28.52 13.48 351481

1735223626
43.62 28.77 13.63 161609

1735223627
43.62 28.77 13.63 190749

1735223628
40.79 28.74 13.73 586647

1735223629
40.79 28.74 13.73 585286

1735223631
42.64 29.47 13.99 1056969

1735223632
48.32 30.93 14.4 939633

1735223633
48.32 30.93 14.4 1007338

1735223634
52.97 32.34 14.81 501915

1735223635
52.97 32.34 14.81 825537

1735223636
58.95 34.09 15.29 936306

1735223637
58.95 34.09 15.29 909624

1735223638
64.76 35.95 15.81 916388

1735223639
64.76 35.95 15.81 893128

1735223640
67.7 37.43 16.26 620016

1735223641
67.7 37.43 16.26 444955

1735223642
64.67 37.87 16.49 662017

1735223643
64.67 37.87 16.49 774835

1735223644
67.63 39.28 16.93 898098

1735223645
67.63 39.28 16.93 607072

1735223646
68.06 40.29 17.3 751585

1735223647
68.06 40.29 17.3 834817

1735223648
70.76 41.69 17.75 834085

1735223649
70.76 41.69 17.75 673643

1735223650
70.26 42.55 18.09 656431

1735223651
70.26 42.55 18.09 887881

1735223652
72.93 43.94 18.55 889001

1735223653
72.93 43.94 18.55 871567

1735223654
75.48 45.34 19.02 888926

1735223655
75.48 45.34 19.02 892651

1735223656
77.93 46.77 19.5 876010

1735223657
77.93 46.77 19.5 821392

1735223658
77.4 47.7 19.87 544328

1735223660
76.96 48.59 20.25 1967668

1735223661
76.96 48.59 20.25 588334

1735223662
77.33 49.58 20.65 912525

1735223663
77.33 49.58 20.65 900761

1735223664
79.81 50.94 21.13 910093

1735223665
79.81 50.94 21.13 949973

1735223666
82.38 52.35 21.63 916709

1735223667
82.38 52.35 21.63 780900

1735223668
81.76 53.22 22.03 740438

1735223669
81.76 53.22 22.03 963737

1735223670
83.25 54.42 22.49 940380

1735223671
83.25 54.42 22.49 863682

1735223672
83.93 55.49 22.93 839056

1735223673
83.93 55.49 22.93 851656

1735223674
83.94 56.42 23.35 821646

1735223675
83.94 56.42 23.35 806197

1735223676
83.23 57.19 23.74 811159

1735223677
83.23 57.19 23.74 805690

1735223678
82.64 57.94 24.12 808359

1735223679
82.64 57.94 24.12 833629

1735223680
82.52 58.73 24.52 823952

1735223681
82.52 58.73 24.52 801031

1735223682
82.07 59.42 24.9 805633

1735223683
82.07 59.42 24.9 804489

1735223684
81.87 60.13 25.28 821028

1735223685
81.87 60.13 25.28 806783

1735223686
81.71 60.81 25.66 808402

1735223687
81.71 60.81 25.66 932749

1735223688
83.03 61.73 26.1 888764

1735223689
83.03 61.73 26.1 833408

1735223690
83.21 62.46 26.49 817454

1735223691
83.21 62.46 26.49 768005

1735223692
82.26 62.97 26.84 775122

1735223693
82.26 62.97 26.84 775635

1735223694
81.31 63.43 27.19 805917

1735223695
81.31 63.43 27.19 827770

1735223696
81.79 64.1 27.58 938393

1735223697
81.79 64.1 27.58 980413

1735223698
84.37 65.15 28.04 911117

1735223699
84.37 65.15 28.04 885155

1735223700
85.02 65.89 28.45 903547

1735223701
85.02 65.89 28.45 653136

1735223703
82.66 66.09 28.75 1619351

1735223704
83.27 66.74 29.14 839474

1735223705
83.27 66.74 29.14 646121

1735223706
80.14 66.72 29.39 631210

1735223707
80.14 66.72 29.39 747301

1735223708
78.84 66.93 29.69 723352

1735223709
78.84 66.93 29.69 465035

1735223710
73.26 66.31 29.82 334140

1735223711
73.26 66.31 29.82 344298

1735223712
65.96 65.22 29.84 279267

1735223713
65.96 65.22 29.84 248379

1735223714
58.18 63.83 29.79 202914

1735223715
58.18 63.83 29.79 206658

1735223716
50.9 62.33 29.71 145091

1735223717
50.9 62.33 29.71 154722

1735223718
44.21 60.75 29.6 120276

1735223719
44.21 60.75 29.6 565790

1735223720
43.45 60.07 29.68 354782

1735223721
43.45 60.07 29.68 409166

1735223722
43.91 59.61 29.79 686544

1735223723
43.91 59.61 29.79 748718

1735223724
48.82 59.99 30.07 674841

1735223725
48.82 59.99 30.07 672857

1735223726
51.75 60.15 30.31 629736

1735223727
51.75 60.15 30.31 648526

1735223728
54.15 60.31 30.55 684718

1735223729
54.15 60.31 30.55 616584

1735223730
56.48 60.53 30.8 746189

1735223731
56.48 60.53 30.8 292067

1735223732
52.58 59.69 30.82 198393

1735223733
52.58 59.69 30.82 196817

1735223734
46.68 58.39 30.75 128714

1735223735
46.68 58.39 30.75 41183

1735223736
38.95 56.61 30.57 136571

1735223737
38.95 56.61 30.57 549835

1735223738
41.31 56.46 30.71 644213

1735223739
41.31 56.46 30.71 577506

1735223740
42.7 56.22 30.84 225452

1735223741
42.7 56.22 30.84 66783

1735223742
37.5 54.84 30.72 248186

1735223743
37.5 54.84 30.72 93687

1735223744
32.7 53.4 30.59 126477

1735223745
32.7 53.4 30.59 135365

1735223746
30.76 52.37 30.53 507255

1735223747
30.76 52.37 30.53 587070

1735223748
36.24 52.66 30.74 642311

1735223749
36.24 52.66 30.74 567597

1735223750
40.36 52.86 30.93 611632

1735223751
40.36 52.86 30.93 595203

1735223752
43.56 53.03 31.12 577710

1735223753
43.56 53.03 31.12 653696

1735223754
46.9 53.32 31.33 614191

1735223755
46.9 53.32 31.33 650389

1735223756
50.17 53.71 31.56 588956

1735223758
50.5 53.65 31.7 1045225

1735223759
50.5 53.65 31.7 481923

1735223760
50.96 53.63 31.84 666491

1735223761
50.96 53.63 31.84 617646

1735223762
52.96 53.9 32.05 784275

1735223763
52.96 53.9 32.05 463686

1735223764
52.24 53.74 32.17 231700

1735223765
52.24 53.74 32.17 692225

1735223766
53.82 53.98 32.36 808191

1735223767
53.82 53.98 32.36 451714

1735223768
54.94 54.18 32.55 615962

1735223769
54.94 54.18 32.55 633064

1735223770
56.58 54.5 32.77 660076

1735223771
56.58 54.5 32.77 826936

1735223772
61.19 55.4 33.1 1070638

1735223774
2.53 22.8 27.78 2732645

