1735223259
3.47 3.56 3.89 390608

1735223260
3.47 3.56 3.89 523094

1735223261
9.54 4.66 4.11 170683

1735223262
9.54 4.66 4.11 80151

1735223263
8.72 4.67 4.12 37494

1735223264
8.72 4.67 4.12 44604

1735223265
7.86 4.65 4.12 4067

1735223266
7.86 4.65 4.12 21020

1735223267
6.8 4.56 4.1 28370

1735223268
6.8 4.56 4.1 48597

1735223269
5.93 4.47 4.09 64

1735223270
5.93 4.47 4.09 13

1735223271
5.58 4.46 4.09 165370

1735223272
5.58 4.46 4.09 463956

1735223273
11.81 5.62 4.33 342548

1735223274
11.81 5.62 4.33 347526

1735223275
16.74 6.71 4.57 380750

1735223276
16.74 6.71 4.57 90722

1735223277
15.34 6.79 4.6 114019

1735223278
15.34 6.79 4.6 230861

1735223279
15.82 7.16 4.69 207156

1735223280
15.82 7.16 4.69 237111

1735223281
15.85 7.44 4.77 18314

1735223282
15.85 7.44 4.77 1308

1735223283
12.98 7.2 4.74 350

1735223284
12.98 7.2 4.74 20559

1735223285
11.53 7.13 4.74 96032

1735223286
11.53 7.13 4.74 272

1735223287
9.8 6.96 4.72 53829

1735223288
9.8 6.96 4.72 2761

1735223289
8.03 6.73 4.69 16970

1735223290
8.03 6.73 4.69 153619

1735223291
11.28 7.36 4.83 763754

1735223292
11.28 7.36 4.83 448248

1735223293
20.29 9.12 5.22 456281

1735223294
20.29 9.12 5.22 445406

1735223295
25.85 10.49 5.53 720315

1735223296
25.85 10.49 5.53 412213

1735223297
26.96 11.19 5.71 61156

1735223298
26.96 11.19 5.71 917

1735223299
22.08 10.82 5.67 5471

1735223300
22.08 10.82 5.67 3825

1735223301
18.08 10.47 5.63 8802

1735223302
18.08 10.47 5.63 630

1735223303
14.8 10.13 5.6 5034

1735223304
14.8 10.13 5.6 2659

1735223305
12.48 9.86 5.57 108662

1735223306
12.48 9.86 5.57 127231

1735223307
11.85 9.83 5.59 2510

1735223308
11.85 9.83 5.59 4732

1735223309
9.7 9.51 5.56 3104

1735223310
9.7 9.51 5.56 22005

1735223311
8.12 9.23 5.52 4479

1735223312
8.12 9.23 5.52 862

1735223313
6.65 8.93 5.49 2596

1735223314
6.65 8.93 5.49 8896

1735223315
5.45 8.64 5.45 0

1735223316
5.45 8.64 5.45 11137

1735223317
4.46 8.35 5.41 2053

1735223318
4.46 8.35 5.41 1101

1735223319
3.65 8.08 5.37 9421

1735223320
3.65 8.08 5.37 1305

1735223321
2.99 7.82 5.34 7953

1735223322
2.99 7.82 5.34 2597

1735223323
2.44 7.56 5.3 3565

1735223324
2.44 7.56 5.3 40

1735223325
2.0 7.31 5.26 639

1735223326
2.0 7.31 5.26 18681

1735223327
2.72 7.27 5.27 147165

1735223328
2.72 7.27 5.27 304714

1735223329
6.76 7.85 5.4 273820

1735223330
6.76 7.85 5.4 176869

1735223331
10.61 8.51 5.56 313320

1735223332
10.61 8.51 5.56 86347

1735223333
9.77 8.43 5.56 44261

1735223334
9.77 8.43 5.56 118852

1735223335
10.72 8.64 5.63 237374

1735223336
10.72 8.64 5.63 116038

1735223337
10.41 8.65 5.65 6907

1735223338
10.41 8.65 5.65 21086

1735223339
8.7 8.4 5.62 12388

1735223340
8.7 8.4 5.62 4928

1735223341
7.49 8.19 5.59 47048

1735223342
7.49 8.19 5.59 63758

1735223343
7.03 8.09 5.59 32985

1735223344
7.03 8.09 5.59 32692

1735223345
7.21 8.08 5.61 137169

1735223346
7.21 8.08 5.61 32429

1735223347
9.16 8.41 5.69 371244

1735223348
9.16 8.41 5.69 259718

1735223349
11.67 8.89 5.81 466907

1735223350
11.67 8.89 5.81 155877

1735223351
14.81 9.54 5.97 189089

1735223352
14.81 9.54 5.97 50757

1735223353
13.03 9.39 5.96 2259

1735223354
13.03 9.39 5.96 46643

1735223355
11.57 9.25 5.95 66049

1735223356
11.57 9.25 5.95 26088

1735223357
9.84 9.01 5.93 29766

1735223358
9.84 9.01 5.93 686

1735223359
8.24 8.75 5.89 22121

1735223360
8.24 8.75 5.89 51276

1735223361
8.19 8.72 5.91 111079

1735223362
8.19 8.72 5.91 11216

1735223363
6.71 8.44 5.87 0

1735223364
6.71 8.44 5.87 2623

1735223365
5.85 8.23 5.84 47319

1735223366
5.85 8.23 5.84 71618

1735223367
5.85 8.23 5.84 10733

1735223368
5.52 8.09 5.83 3054

1735223369
5.52 8.09 5.83 16661

1735223370
4.7 7.86 5.79 53978

1735223371
8.37 8.42 5.93 534229

1735223372
8.37 8.42 5.93 372767

1735223373
13.92 9.42 6.15 535828

1735223374
13.92 9.42 6.15 361504

1735223375
20.28 10.71 6.45 497471

1735223376
20.28 10.71 6.45 396917

1735223377
28.2 12.46 6.84 977409

1735223378
28.2 12.46 6.84 693564

1735223379
34.32 14.08 7.22 819643

1735223380
34.32 14.08 7.22 485295

1735223381
37.52 15.32 7.52 470260

1735223383
36.16 15.8 7.68 320424

1735223384
36.16 15.8 7.68 689860

1735223385
36.16 15.8 7.68 538087

1735223386
41.2 17.38 8.06 544663

1735223387
41.16 18.15 8.29 337862

1735223388
41.16 18.15 8.29 150856

1735223389
41.16 18.15 8.29 15625

1735223390
35.15 17.82 8.28 160

1735223391
35.15 17.82 8.28 0

1735223392
28.78 17.23 8.23 50

1735223393
28.78 17.23 8.23 10154

1735223394
23.57 16.67 8.17 223562

1735223395
24.55 17.07 8.31 608524

1735223396
24.55 17.07 8.31 163410

1735223397
29.52 18.22 8.61 879112

1735223398
29.52 18.22 8.61 544768

1735223399
29.52 18.22 8.61 537534

1735223400
36.49 19.84 9.02 1306305

1735223401
36.49 19.84 9.02 131211

1735223402
42.56 21.49 9.44 313486

1735223403
42.56 21.49 9.44 210565

1735223404
39.56 21.63 9.55 793948

1735223405
39.56 21.63 9.55 274313

1735223406
41.81 22.63 9.84 241079

1735223407
38.95 22.74 9.95 346277

1735223408
38.95 22.74 9.95 185950

1735223409
38.95 22.74 9.95 228791

1735223410
36.06 22.75 10.04 177863

1735223411
36.06 22.75 10.04 19375

1735223412
31.34 22.33 10.04 95821

1735223413
31.34 22.33 10.04 24689

1735223414
26.38 21.73 10.0 16101

1735223415
26.38 21.73 10.0 24269

1735223416
21.78 21.05 9.94 703

1735223417
21.78 21.05 9.94 9057

1735223418
17.84 20.36 9.87 14239

1735223419
17.84 20.36 9.87 22410

1735223420
14.97 19.76 9.81 26037

1735223421
14.97 19.76 9.81 2141

1735223422
12.43 19.15 9.75 18197

1735223423
12.43 19.15 9.75 10483

1735223424
10.36 18.55 9.69 16834

1735223425
10.36 18.55 9.69 61898

1735223426
9.03 18.04 9.65 270064

1735223427
9.03 18.04 9.65 74695

1735223428
10.47 18.01 9.7 18161

1735223429
10.47 18.01 9.7 9341

1735223430
8.75 17.45 9.64 25608

1735223431
11.15 17.6 9.72 423285

1735223432
11.15 17.6 9.72 458706

1735223433
11.15 17.6 9.72 462053

1735223434
17.47 18.53 9.97 20591

1735223435
17.47 18.53 9.97 14159

1735223436
14.48 17.95 9.91 9962

1735223437
14.48 17.95 9.91 62446

1735223438
12.4 17.47 9.86 13015

1735223439
12.4 17.47 9.86 13021

1735223440
10.33 16.93 9.8 8851

1735223441
10.33 16.93 9.8 17650

1735223442
8.82 16.44 9.75 40646

1735223443
8.82 16.44 9.75 12618

1735223444
7.4 15.93 9.69 125544

1735223445
7.4 15.93 9.69 42453

1735223446
7.51 15.67 9.67 13719

1735223447
7.51 15.67 9.67 90195

1735223448
7.06 15.32 9.64 25385

1735223449
7.06 15.32 9.64 361606

1735223450
10.12 15.61 9.74 698207

1735223451
10.12 15.61 9.74 318715

1735223452
16.99 16.67 10.0 862399

1735223453
24.6 18.05 10.34 688328

1735223454
24.6 18.05 10.34 326465

1735223455
24.6 18.05 10.34 359074

1735223456
29.74 19.2 10.63 726018

1735223457
29.74 19.2 10.63 313331

1735223458
32.87 20.1 10.88 881562

1735223459
32.87 20.1 10.88 318457

1735223460
38.51 21.54 11.24 772084

1735223461
44.21 23.13 11.64 986498

1735223462
44.21 23.13 11.64 420675

1735223463
44.21 23.13 11.64 433051

1735223464
46.89 24.3 11.97 901186

1735223465
46.89 24.3 11.97 242013

1735223466
48.18 25.27 12.25 803733

1735223467
49.77 26.31 12.56 447489

1735223468
49.77 26.31 12.56 450751

1735223469
52.35 27.54 12.91 782320

1735223470
52.35 27.54 12.91 715740

1735223471
52.35 27.54 12.91 491202

1735223472
54.1 28.67 13.25 785710

1735223473
54.1 28.67 13.25 509060

1735223474
56.62 29.96 13.62 594720

1735223475
56.68 30.84 13.92 1133210

1735223476
56.68 30.84 13.92 1336

1735223478
54.93 31.37 14.15 1619324

1735223479
54.93 31.37 14.15 79229

1735223481
57.52 33.4 14.81 1456032

1735223482
57.52 33.4 14.81 431278

1735223483
59.42 34.54 15.18 858281

1735223484
59.42 34.54 15.18 584976

1735223485
59.42 34.54 15.18 940813

1735223486
62.6 35.93 15.6 909933

1735223487
62.6 35.93 15.6 495315

1735223488
65.03 37.24 16.01 603947

1735223489
65.03 37.24 16.01 867122

1735223490
66.65 38.44 16.41 612722

1735223491
66.65 38.44 16.41 734788

1735223492
66.53 39.34 16.75 1242969

1735223493
68.43 40.57 17.16 1155017

1735223494
68.43 40.57 17.16 0

1735223496
66.9 41.21 17.45 1212337

1735223497
66.9 41.21 17.45 302220

1735223498
61.5 41.83 17.91 1276958

1735223499
61.5 41.83 17.91 2225

1735223501
62.49 42.66 18.25 1487412

1735223502
62.49 42.66 18.25 805314

1735223503
65.12 43.78 18.65 1103299

1735223504
65.12 43.78 18.65 0

1735223505
66.0 44.64 19.0 1325577

1735223507
67.27 45.57 19.37 937271

1735223508
67.27 45.57 19.37 379694

1735223509
67.22 46.27 19.69 1061273

1735223510
67.22 46.27 19.69 584709

1735223511
67.22 46.27 19.69 685094

1735223512
68.09 47.11 20.05 664133

1735223513
67.34 47.66 20.35 835604

1735223514
67.34 47.66 20.35 534800

1735223515
67.34 47.66 20.35 417729

1735223516
67.1 48.26 20.66 572840

1735223517
65.81 48.65 20.93 847131

1735223518
65.81 48.65 20.93 744539

1735223519
65.81 48.65 20.93 420535

1735223520
66.75 49.38 21.28 1046233

1735223521
66.75 49.38 21.28 409728

1735223522
65.89 49.79 21.56 498016

1735223523
60.29 49.31 21.65 787748

1735223524
60.29 49.31 21.65 0

1735223525
57.7 49.2 21.81 730644

1735223527
54.86 48.96 21.95 536004

1735223528
56.69 49.49 22.25 1303130

1735223529
56.69 49.49 22.25 7017

1735223530
56.69 49.49 22.25 498944

1735223531
55.66 49.54 22.44 927988

1735223532
55.66 49.54 22.44 569341

1735223534
57.17 50.01 22.73 1194460

1735223535
57.17 50.01 22.73 267296

1735223536
58.59 50.5 23.02 1021547

1735223537
60.65 51.14 23.34 666300

1735223538
60.65 51.14 23.34 361949

1735223539
60.65 51.14 23.34 507433

1735223540
60.9 51.49 23.6 969821

1735223542
57.47 51.18 23.73 272174

1735223543
57.47 51.18 23.73 383991

1735223544
52.68 50.52 23.78 598662

1735223545
52.68 50.52 23.78 397867

1735223547
52.01 50.47 23.95 759723

1735223548
48.93 49.97 24.03 315733

1735223549
46.58 49.51 24.11 519642

1735223551
46.58 49.51 24.11 451733

1735223552
42.85 48.74 24.12 314934

1735223553
42.85 48.74 24.12 254227

1735223554
40.71 48.16 24.17 359373

1735223555
40.71 48.16 24.17 262697

1735223556
38.58 47.53 24.2 353415

1735223557
38.58 47.53 24.2 65153

1735223558
34.31 46.47 24.14 19599

1735223559
34.31 46.47 24.14 54123

1735223560
28.64 45.04 23.99 14830

1735223561
28.64 45.04 23.99 7713

1735223562
23.45 43.57 23.83 8764

1735223563
23.45 43.57 23.83 7669

1735223564
19.2 42.14 23.67 112306

1735223565
19.2 42.14 23.67 389955

1735223566
21.16 41.75 23.71 426774

1735223567
21.16 41.75 23.71 483230

1735223568
25.47 41.85 23.86 288719

1735223569
25.47 41.85 23.86 147611

1735223570
23.76 41.01 23.8 98896

1735223571
23.76 41.01 23.8 73814

1735223572
20.9 39.93 23.69 48681

1735223573
20.9 39.93 23.69 7670

1735223574
18.02 38.78 23.57 268835

1735223576
23.27 39.05 23.73 1394897

1735223577
23.27 39.05 23.73 489457

1735223578
29.2 39.61 23.95 383857

1735223579
29.2 39.61 23.95 325509

1735223580
32.6 39.88 24.11 830247

1735223581
32.6 39.88 24.11 479530

1735223582
36.66 40.38 24.32 651788

1735223583
36.66 40.38 24.32 443995

1735223584
40.34 40.92 24.55 614020

1735223585
40.34 40.92 24.55 567795

1735223587
44.63 41.68 24.82 1458710

1735223588
48.32 42.44 25.09 617266

1735223589
48.32 42.44 25.09 374857

1735223590
49.53 42.85 25.3 549222

1735223591
49.07 42.99 25.44 679539

1735223592
49.07 42.99 25.44 595729

1735223593
49.07 42.99 25.44 475923

1735223594
51.77 43.67 25.71 909542

1735223595
55.07 44.53 26.01 725923

1735223596
55.07 44.53 26.01 805291

1735223597
55.07 44.53 26.01 371483

1735223598
57.23 45.27 26.29 392498

1735223599
57.23 45.27 26.29 403682

1735223600
53.75 45.03 26.37 414612

1735223601
53.75 45.03 26.37 114257

1735223602
49.08 44.47 26.38 270698

1735223603
49.08 44.47 26.38 250438

1735223604
44.72 43.84 26.37 198476

1735223605
44.72 43.84 26.37 298277

1735223606
40.97 43.19 26.36 203831

1735223607
40.97 43.19 26.36 165427

1735223608
36.8 42.36 26.3 290058

1735223609
36.8 42.36 26.3 85537

1735223610
32.67 41.43 26.21 26477

1735223611
32.67 41.43 26.21 5353

1735223612
26.75 40.08 26.04 12969

1735223613
26.75 40.08 26.04 6384

1735223614
21.9 38.77 25.86 10962

1735223615
21.9 38.77 25.86 33153

1735223616
18.3 37.56 25.69 15764

1735223617
18.3 37.56 25.69 28533

1735223618
15.34 36.4 25.53 18831

1735223619
15.34 36.4 25.53 16280

1735223620
12.93 35.27 25.37 27029

1735223621
12.93 35.27 25.37 13801

1735223622
10.76 34.15 25.2 19683

1735223623
10.76 34.15 25.2 14048

1735223624
8.99 33.07 25.04 13790

1735223625
8.99 33.07 25.04 27783

1735223626
7.73 32.05 24.88 73038

1735223627
7.73 32.05 24.88 99313

1735223628
8.32 31.36 24.78 114287

1735223629
8.32 31.36 24.78 104935

1735223631
10.98 31.09 24.77 510685

1735223632
11.34 30.5 24.69 84544

1735223633
11.34 30.5 24.69 407659

1735223634
14.36 30.41 24.71 283642

1735223635
14.36 30.41 24.71 122443

1735223636
13.93 29.81 24.63 3250

1735223637
13.93 29.81 24.63 6629

1735223638
11.41 28.83 24.46 2470

1735223639
11.41 28.83 24.46 41303

1735223640
12.06 28.38 24.39 507397

1735223641
12.06 28.38 24.39 436487

1735223642
18.02 28.93 24.53 434070

1735223643
18.02 28.93 24.53 426454

1735223644
22.19 29.32 24.65 327623

1735223645
22.19 29.32 24.65 296150

1735223646
21.97 29.05 24.62 23135

1735223647
21.97 29.05 24.62 8908

1735223648
18.17 28.13 24.46 14632

1735223649
18.17 28.13 24.46 13411

1735223650
15.06 27.24 24.3 27010

1735223651
15.06 27.24 24.3 3066

1735223652
12.33 26.35 24.13 42

1735223653
12.33 26.35 24.13 4738

1735223654
10.09 25.49 23.97 4544

1735223655
10.09 25.49 23.97 3936

1735223656
8.27 24.65 23.8 931

1735223657
8.27 24.65 23.8 7086

1735223658
6.77 23.85 23.64 4092

1735223660
6.63 23.26 23.52 495316

1735223661
6.63 23.26 23.52 251346

1735223662
11.95 23.68 23.61 173152

1735223663
11.95 23.68 23.61 40332

1735223664
10.87 23.1 23.48 35791

1735223665
10.87 23.1 23.48 5158

1735223666
9.08 22.38 23.33 5493

1735223667
9.08 22.38 23.33 13785

1735223668
7.43 21.64 23.17 5772

1735223669
7.43 21.64 23.17 15394

1735223670
6.27 20.97 23.02 4587

1735223671
6.27 20.97 23.02 10641

1735223672
5.13 20.28 22.86 9580

1735223673
5.13 20.28 22.86 11794

1735223674
4.38 19.65 22.71 27038

1735223675
4.38 19.65 22.71 11670

1735223676
3.77 19.04 22.56 10841

1735223677
3.77 19.04 22.56 13577

1735223678
3.81 18.55 22.44 89636

1735223679
3.81 18.55 22.44 9665

1735223680
3.3 17.97 22.29 4724

1735223681
3.3 17.97 22.29 4193

1735223682
2.7 17.38 22.14 4003

1735223683
2.7 17.38 22.14 2284

1735223684
2.21 16.81 21.98 8522

1735223685
2.21 16.81 21.98 2373

1735223686
1.81 16.26 21.83 2503

1735223687
1.81 16.26 21.83 4260

1735223688
1.48 15.73 21.68 5566

1735223689
1.48 15.73 21.68 13908

1735223690
1.39 15.25 21.54 5720

1735223691
1.39 15.25 21.54 7128

1735223692
1.14 14.75 21.4 2881

1735223693
1.14 14.75 21.4 4687

1735223694
0.93 14.27 21.25 6913

1735223695
0.93 14.27 21.25 4255

1735223696
0.76 13.8 21.1 5786

1735223697
0.76 13.8 21.1 8091

1735223698
0.98 13.41 20.97 47573

1735223699
0.98 13.41 20.97 13295

1735223700
0.99 13.01 20.84 2765

1735223701
0.99 13.01 20.84 529

1735223703
0.81 12.58 20.69 93088

1735223704
1.38 12.3 20.58 3647

1735223705
1.38 12.3 20.58 750

1735223706
1.13 11.9 20.44 1680

1735223707
1.13 11.9 20.44 25290

1735223708
1.11 11.54 20.31 5876

1735223709
1.11 11.54 20.31 8572

1735223710
1.09 11.19 20.17 30677

1735223711
1.09 11.19 20.17 8748

1735223712
1.07 10.86 20.04 112083

1735223713
1.07 10.86 20.04 29898

1735223714
2.14 10.73 19.95 69018

1735223715
2.14 10.73 19.95 23959

1735223716
2.3 10.48 19.84 22216

1735223717
2.3 10.48 19.84 107559

1735223718
2.97 10.33 19.74 15625

1735223719
2.97 10.33 19.74 31434

1735223720
2.79 10.06 19.62 11669

1735223721
2.79 10.06 19.62 43108

1735223722
2.65 9.8 19.5 57570

1735223723
2.65 9.8 19.5 6902

1735223724
2.71 9.57 19.39 21787

1735223725
2.71 9.57 19.39 5163

1735223726
2.22 9.26 19.25 3649

1735223727
2.22 9.26 19.25 8683

1735223728
1.82 8.96 19.12 2324

1735223729
1.82 8.96 19.12 14620

1735223730
1.49 8.66 18.99 42153

1735223731
1.49 8.66 18.99 83595

1735223732
2.66 8.64 18.91 55347

1735223733
2.66 8.64 18.91 4832

1735223734
2.54 8.42 18.8 264000

1735223735
2.54 8.42 18.8 280881

1735223736
6.79 9.0 18.85 23580

1735223737
6.79 9.0 18.85 35457

1735223738
6.1 8.8 18.74 73104

1735223739
6.1 8.8 18.74 28833

1735223740
5.72 8.64 18.64 20714

1735223741
5.72 8.64 18.64 7481

1735223742
5.05 8.43 18.52 66587

1735223743
5.05 8.43 18.52 20194

1735223744
4.67 8.25 18.42 30477

1735223745
4.67 8.25 18.42 5364

1735223746
4.37 8.08 18.31 60139

1735223747
4.37 8.08 18.31 5361

1735223748
3.58 7.81 18.19 6776

1735223749
3.58 7.81 18.19 59311

1735223750
3.47 7.65 18.08 13660

1735223751
3.47 7.65 18.08 119487

1735223752
4.11 7.63 18.01 36388

1735223753
4.11 7.63 18.01 79656

1735223754
4.63 7.61 17.93 59742

1735223755
4.63 7.61 17.93 22690

1735223756
3.97 7.39 17.82 169049

1735223758
7.42 7.91 17.85 346894

1735223759
7.42 7.91 17.85 155161

1735223760
8.61 8.1 17.82 102069

1735223761
8.61 8.1 17.82 8511

1735223762
8.14 8.04 17.74 220764

1735223763
8.14 8.04 17.74 271521

1735223764
11.55 8.66 17.81 321598

1735223765
11.55 8.66 17.81 81702

1735223766
12.18 8.86 17.79 155354

1735223767
12.18 8.86 17.79 226997

1735223768
13.96 9.29 17.82 156444

1735223769
13.96 9.29 17.82 248822

1735223770
14.14 9.48 17.8 55513

1735223771
14.14 9.48 17.8 57564

1735223772
12.85 9.4 17.72 331956

