1735223259
0.01 0.02 0.0 0

1735223260
0.01 0.02 0.0 0

1735223261
0.01 0.01 0.0 0

1735223262
0.01 0.01 0.0 0

1735223263
0.0 0.01 0.0 0

1735223264
0.0 0.01 0.0 0

1735223265
0.0 0.01 0.0 0

1735223266
0.0 0.01 0.0 0

1735223267
0.0 0.01 0.0 0

1735223268
0.0 0.01 0.0 0

1735223269
0.0 0.01 0.0 0

1735223270
0.0 0.01 0.0 1733

1735223271
0.0 0.01 0.0 2411

1735223272
0.0 0.01 0.0 4865

1735223273
0.0 0.01 0.0 987

1735223274
0.0 0.01 0.0 4249

1735223275
0.0 0.01 0.0 0

1735223276
0.0 0.01 0.0 0

1735223277
0.0 0.01 0.0 2137

1735223278
0.0 0.01 0.0 2719

1735223279
0.0 0.01 0.0 793

1735223280
0.0 0.01 0.0 0

1735223281
0.0 0.01 0.0 0

1735223282
0.0 0.01 0.0 0

1735223283
0.0 0.01 0.0 0

1735223284
0.0 0.01 0.0 0

1735223285
0.0 0.01 0.0 0

1735223286
0.0 0.01 0.0 0

1735223287
0.0 0.01 0.0 0

1735223288
0.0 0.01 0.0 1368

1735223289
0.0 0.0 0.0 0

1735223290
0.0 0.0 0.0 0

1735223291
0.0 0.0 0.0 0

1735223292
0.0 0.0 0.0 2108

1735223293
0.0 0.0 0.0 174

1735223294
0.0 0.0 0.0 383

1735223295
0.0 0.0 0.0 0

1735223296
0.0 0.0 0.0 0

1735223297
0.0 0.0 0.0 0

1735223298
0.0 0.0 0.0 191

1735223299
0.0 0.0 0.0 389

1735223300
0.0 0.0 0.0 1153

1735223301
0.0 0.0 0.0 481

1735223302
0.0 0.0 0.0 0

1735223303
0.0 0.0 0.0 484

1735223304
0.0 0.0 0.0 0

1735223305
0.0 0.0 0.0 490

1735223306
0.0 0.0 0.0 0

1735223307
0.0 0.0 0.0 0

1735223308
0.0 0.0 0.0 0

1735223309
0.0 0.0 0.0 0

1735223310
0.0 0.0 0.0 10376

1735223311
0.0 0.0 0.0 0

1735223312
0.0 0.0 0.0 0

1735223313
0.0 0.0 0.0 5

1735223314
0.0 0.0 0.0 2245

1735223315
0.0 0.0 0.0 0

1735223316
0.0 0.0 0.0 0

1735223317
0.0 0.0 0.0 1167

1735223318
0.0 0.0 0.0 965

1735223319
0.0 0.0 0.0 3273

1735223320
0.0 0.0 0.0 1076

1735223321
0.0 0.0 0.0 2624

1735223322
0.0 0.0 0.0 1818

1735223323
0.0 0.0 0.0 0

1735223324
0.0 0.0 0.0 0

1735223325
0.0 0.0 0.0 0

1735223326
0.0 0.0 0.0 10

1735223327
0.0 0.0 0.0 6

1735223328
0.0 0.0 0.0 7

1735223329
0.0 0.0 0.0 0

1735223330
0.0 0.0 0.0 0

1735223331
0.0 0.0 0.0 0

1735223332
0.0 0.0 0.0 0

1735223333
0.0 0.0 0.0 2263

1735223334
0.0 0.0 0.0 0

1735223335
0.0 0.0 0.0 2979

1735223336
0.0 0.0 0.0 6434

1735223337
0.0 0.0 0.0 0

1735223338
0.0 0.0 0.0 0

1735223339
0.0 0.0 0.0 21

1735223340
0.0 0.0 0.0 0

1735223341
0.0 0.0 0.0 10

1735223342
0.0 0.0 0.0 0

1735223343
0.0 0.0 0.0 4

1735223344
0.0 0.0 0.0 3

1735223345
0.0 0.0 0.0 3

1735223346
0.0 0.0 0.0 0

1735223347
0.0 0.0 0.0 296

1735223348
0.0 0.0 0.0 523

1735223349
0.0 0.0 0.0 2466

1735223350
0.0 0.0 0.0 3076

1735223351
0.0 0.0 0.0 6087

1735223352
0.0 0.0 0.0 0

1735223353
0.0 0.0 0.0 0

1735223354
0.0 0.0 0.0 0

1735223355
0.0 0.0 0.0 0

1735223356
0.0 0.0 0.0 0

1735223357
0.0 0.0 0.0 0

1735223358
0.0 0.0 0.0 0

1735223359
0.0 0.0 0.0 3695

1735223360
0.0 0.0 0.0 0

1735223361
0.0 0.0 0.0 0

1735223362
0.0 0.0 0.0 0

1735223363
0.0 0.0 0.0 0

1735223364
0.0 0.0 0.0 0

1735223365
0.0 0.0 0.0 0

1735223366
0.0 0.0 0.0 0

1735223367
0.0 0.0 0.0 0

1735223368
0.0 0.0 0.0 0

1735223369
0.0 0.0 0.0 0

1735223370
0.0 0.0 0.0 2

1735223371
0.0 0.0 0.0 0

1735223372
0.0 0.0 0.0 0

1735223373
0.0 0.0 0.0 0

1735223374
0.0 0.0 0.0 0

1735223375
0.0 0.0 0.0 0

1735223376
0.0 0.0 0.0 961

1735223377
0.0 0.0 0.0 3344

1735223378
0.0 0.0 0.0 2490

1735223379
0.0 0.0 0.0 2390

1735223380
0.0 0.0 0.0 0

1735223381
0.0 0.0 0.0 0

1735223383
0.0 0.0 0.0 0

1735223384
0.0 0.0 0.0 0

1735223385
0.0 0.0 0.0 2046

1735223386
0.0 0.0 0.0 0

1735223387
0.0 0.0 0.0 2474

1735223388
0.0 0.0 0.0 0

1735223389
0.0 0.0 0.0 0

1735223390
0.0 0.0 0.0 0

1735223391
0.0 0.0 0.0 638

1735223392
0.0 0.0 0.0 0

1735223393
0.0 0.0 0.0 4063

1735223394
0.0 0.0 0.0 2556

1735223395
0.0 0.0 0.0 3524

1735223396
0.0 0.0 0.0 792

1735223397
0.0 0.0 0.0 2572

1735223398
0.0 0.0 0.0 0

1735223399
0.0 0.0 0.0 1369

1735223400
0.0 0.0 0.0 3

1735223401
0.0 0.0 0.0 0

1735223402
0.0 0.0 0.0 5196

1735223403
0.0 0.0 0.0 2850

1735223404
0.0 0.0 0.0 0

1735223405
0.0 0.0 0.0 7053

1735223406
0.0 0.0 0.0 0

1735223407
0.0 0.0 0.0 0

1735223408
0.0 0.0 0.0 0

1735223409
0.0 0.0 0.0 3338

1735223410
0.0 0.0 0.0 0

1735223411
0.0 0.0 0.0 0

1735223412
0.0 0.0 0.0 0

1735223413
0.0 0.0 0.0 0

1735223414
0.0 0.0 0.0 0

1735223415
0.0 0.0 0.0 0

1735223416
0.0 0.0 0.0 0

1735223417
0.0 0.0 0.0 6

1735223418
0.0 0.0 0.0 0

1735223419
0.0 0.0 0.0 0

1735223420
0.0 0.0 0.0 0

1735223421
0.0 0.0 0.0 0

1735223422
0.0 0.0 0.0 50

1735223423
0.0 0.0 0.0 1364

1735223424
0.0 0.0 0.0 2696

1735223425
0.0 0.0 0.0 6545

1735223426
0.0 0.0 0.0 1171

1735223427
0.0 0.0 0.0 9

1735223428
0.0 0.0 0.0 36

1735223429
0.0 0.0 0.0 26

1735223430
0.0 0.0 0.0 1048

1735223431
0.0 0.0 0.0 6

1735223432
0.0 0.0 0.0 0

1735223433
0.0 0.0 0.0 0

1735223434
0.0 0.0 0.0 0

1735223435
0.0 0.0 0.0 1541

1735223436
0.0 0.0 0.0 0

1735223437
0.0 0.0 0.0 9

1735223438
0.0 0.0 0.0 10

1735223439
0.0 0.0 0.0 0

1735223440
0.0 0.0 0.0 0

1735223441
0.0 0.0 0.0 0

1735223442
0.0 0.0 0.0 0

1735223443
0.0 0.0 0.0 16

1735223444
0.0 0.0 0.0 14

1735223445
0.0 0.0 0.0 14

1735223446
0.0 0.0 0.0 27

1735223447
0.0 0.0 0.0 15

1735223448
0.0 0.0 0.0 3039

1735223449
0.0 0.0 0.0 13032

1735223450
0.18 0.03 0.0 11183

1735223451
0.18 0.03 0.0 4150

1735223452
0.14 0.03 0.0 4970

1735223453
0.12 0.02 0.0 7442

1735223454
0.12 0.02 0.0 7757

1735223455
0.12 0.02 0.0 0

1735223456
0.09 0.02 0.0 1934

1735223457
0.09 0.02 0.0 1390

1735223458
0.08 0.02 0.0 0

1735223459
0.08 0.02 0.0 0

1735223460
0.06 0.02 0.0 11861

1735223461
0.05 0.02 0.0 11199

1735223462
0.05 0.02 0.0 0

1735223463
0.05 0.02 0.0 0

1735223464
0.04 0.02 0.0 4875

1735223465
0.04 0.02 0.0 0

1735223466
0.03 0.02 0.0 1791

1735223467
0.02 0.02 0.0 6924

1735223468
0.02 0.02 0.0 0

1735223469
0.02 0.02 0.0 1707

1735223470
0.02 0.02 0.0 1768

1735223471
0.02 0.02 0.0 0

1735223472
0.01 0.02 0.0 15810

1735223473
0.01 0.02 0.0 0

1735223474
0.01 0.02 0.0 2886

1735223475
0.19 0.05 0.0 28762

1735223476
0.19 0.05 0.0 0

1735223478
0.15 0.05 0.0 4

1735223479
0.15 0.05 0.0 5820

1735223481
0.1 0.04 0.0 6315

1735223482
0.1 0.04 0.0 0

1735223483
0.08 0.04 0.0 0

1735223484
0.08 0.04 0.0 2091

1735223485
0.08 0.04 0.0 2041

1735223486
0.07 0.04 0.0 2158

1735223487
0.07 0.04 0.0 9980

1735223488
0.05 0.04 0.0 6962

1735223489
0.05 0.04 0.0 0

1735223490
0.04 0.04 0.0 1722

1735223491
0.04 0.04 0.0 2

1735223492
0.03 0.03 0.0 8070

1735223493
0.03 0.03 0.0 2923

1735223494
0.03 0.03 0.0 0

1735223496
0.02 0.03 0.0 10221

1735223497
0.02 0.03 0.0 1967

1735223498
0.01 0.03 0.0 4744

1735223499
0.01 0.03 0.0 0

1735223501
0.01 0.03 0.0 5241

1735223502
0.01 0.03 0.0 2885

1735223503
0.01 0.02 0.0 6654

1735223504
0.01 0.02 0.0 0

1735223505
0.0 0.02 0.0 2299

1735223507
0.0 0.02 0.0 4397

1735223508
0.0 0.02 0.0 2724

1735223509
0.18 0.06 0.0 18993

1735223510
0.18 0.06 0.0 8679

1735223511
0.18 0.06 0.0 11

1735223512
0.15 0.05 0.0 2982

1735223513
0.12 0.05 0.0 2980

1735223514
0.12 0.05 0.0 2326

1735223515
0.12 0.05 0.0 10

1735223516
0.1 0.05 0.0 8789

1735223517
0.08 0.05 0.0 1371

1735223518
0.08 0.05 0.0 2054

1735223519
0.08 0.05 0.0 671

1735223520
0.06 0.04 0.0 40870

1735223521
0.06 0.04 0.0 2672

1735223522
0.41 0.11 0.01 0

1735223523
0.34 0.1 0.01 2226

1735223524
0.34 0.1 0.01 0

1735223525
0.28 0.1 0.01 7861

1735223527
0.22 0.1 0.01 3

1735223528
0.18 0.09 0.01 1120

1735223529
0.18 0.09 0.01 0

1735223530
0.18 0.09 0.01 31664

1735223531
0.51 0.16 0.02 8333

1735223532
0.51 0.16 0.02 11646

1735223534
0.42 0.15 0.02 7837

1735223535
0.42 0.15 0.02 6133

1735223536
0.34 0.15 0.02 26731

1735223537
0.46 0.17 0.03 8347

1735223538
0.46 0.17 0.03 9863

1735223539
0.46 0.17 0.03 21072

1735223540
0.56 0.2 0.04 1816

1735223542
0.45 0.19 0.04 5124

1735223543
0.45 0.19 0.04 5041

1735223544
0.37 0.19 0.04 4185

1735223545
0.37 0.19 0.04 3889

1735223547
0.3 0.18 0.04 2771

1735223548
0.25 0.17 0.04 1827

1735223549
0.2 0.17 0.04 4334

1735223551
0.2 0.17 0.04 6729

1735223552
0.16 0.16 0.03 3948

1735223553
0.16 0.16 0.03 2928

1735223554
0.13 0.16 0.03 5948

1735223555
0.13 0.16 0.03 7244

1735223556
0.11 0.15 0.03 806

1735223557
0.11 0.15 0.03 851

1735223558
0.09 0.15 0.03 4

1735223559
0.09 0.15 0.03 0

1735223560
0.07 0.14 0.03 2

1735223561
0.07 0.14 0.03 5

1735223562
0.06 0.14 0.03 0

1735223563
0.06 0.14 0.03 0

1735223564
0.04 0.13 0.03 7113

1735223565
0.04 0.13 0.03 19310

1735223566
0.22 0.16 0.04 0

1735223567
0.22 0.16 0.04 1886

1735223568
0.18 0.15 0.04 26295

1735223569
0.18 0.15 0.04 35796

1735223570
0.69 0.25 0.06 17685

1735223571
0.69 0.25 0.06 32322

1735223572
0.92 0.3 0.07 13139

1735223573
0.92 0.3 0.07 1082

1735223574
0.76 0.29 0.07 11464

1735223576
0.8 0.32 0.08 16415

1735223577
0.8 0.32 0.08 0

1735223578
0.65 0.31 0.08 11

1735223579
0.65 0.31 0.08 4122

1735223580
0.53 0.3 0.08 32800

1735223581
0.53 0.3 0.08 3557

1735223582
0.62 0.32 0.08 13962

1735223583
0.62 0.32 0.08 46

1735223584
0.5 0.31 0.08 5241

1735223585
0.5 0.31 0.08 1756

1735223587
0.41 0.3 0.08 8120

1735223588
0.34 0.29 0.08 3924

1735223589
0.34 0.29 0.08 15

1735223590
0.27 0.28 0.08 11

1735223591
0.22 0.27 0.08 11439

1735223592
0.22 0.27 0.08 18

1735223593
0.22 0.27 0.08 840

1735223594
0.18 0.26 0.08 20966

1735223595
0.33 0.28 0.08 1956

1735223596
0.33 0.28 0.08 1527

1735223597
0.33 0.28 0.08 0

1735223598
0.27 0.27 0.08 1153

1735223599
0.27 0.27 0.08 22280

1735223600
0.4 0.3 0.09 1

1735223601
0.4 0.3 0.09 0

1735223602
0.33 0.29 0.09 20

1735223603
0.33 0.29 0.09 1192

1735223604
0.27 0.28 0.09 8999

1735223605
0.27 0.28 0.09 17184

1735223606
0.4 0.3 0.09 0

1735223607
0.4 0.3 0.09 0

1735223608
0.33 0.29 0.09 0

1735223609
0.33 0.29 0.09 0

1735223610
0.27 0.28 0.09 3625

1735223611
0.27 0.28 0.09 0

1735223612
0.22 0.27 0.09 0

1735223613
0.22 0.27 0.09 0

1735223614
0.18 0.26 0.09 0

1735223615
0.18 0.26 0.09 0

1735223616
0.14 0.25 0.09 30

1735223617
0.14 0.25 0.09 78

1735223618
0.12 0.25 0.09 0

1735223619
0.12 0.25 0.09 0

1735223620
0.09 0.24 0.09 0

1735223621
0.09 0.24 0.09 6

1735223622
0.08 0.23 0.08 0

1735223623
0.08 0.23 0.08 0

1735223624
0.06 0.22 0.08 0

1735223625
0.06 0.22 0.08 71

1735223626
0.05 0.21 0.08 0

1735223627
0.05 0.21 0.08 9

1735223628
0.04 0.21 0.08 14

1735223629
0.04 0.21 0.08 0

1735223631
0.03 0.2 0.08 32

1735223632
0.02 0.19 0.08 0

1735223633
0.02 0.19 0.08 0

1735223634
0.02 0.18 0.08 0

1735223635
0.02 0.18 0.08 0

1735223636
0.01 0.18 0.08 0

1735223637
0.01 0.18 0.08 0

1735223638
0.01 0.17 0.08 2

1735223639
0.01 0.17 0.08 0

1735223640
0.01 0.17 0.08 10490

1735223641
0.01 0.17 0.08 0

1735223642
0.0 0.16 0.07 0

1735223643
0.0 0.16 0.07 0

1735223644
0.0 0.15 0.07 0

1735223645
0.0 0.15 0.07 0

1735223646
0.0 0.15 0.07 0

1735223647
0.0 0.15 0.07 0

1735223648
0.0 0.14 0.07 0

1735223649
0.0 0.14 0.07 0

1735223650
0.0 0.14 0.07 0

1735223651
0.0 0.14 0.07 0

1735223652
0.0 0.13 0.07 0

1735223653
0.0 0.13 0.07 0

1735223654
0.0 0.13 0.07 0

1735223655
0.0 0.13 0.07 0

1735223656
0.0 0.12 0.07 0

1735223657
0.0 0.12 0.07 0

1735223658
0.0 0.12 0.07 11

1735223660
0.0 0.12 0.07 12438

1735223661
0.0 0.12 0.07 18901

1735223662
0.36 0.18 0.08 16145

1735223663
0.36 0.18 0.08 3

1735223664
0.29 0.17 0.08 0

1735223665
0.29 0.17 0.08 0

1735223666
0.24 0.16 0.08 3

1735223667
0.24 0.16 0.08 424

1735223668
0.19 0.16 0.08 0

1735223669
0.19 0.16 0.08 0

1735223670
0.16 0.15 0.08 2681

1735223671
0.16 0.15 0.08 0

1735223672
0.13 0.15 0.07 0

1735223673
0.13 0.15 0.07 0

1735223674
0.1 0.14 0.07 0

1735223675
0.1 0.14 0.07 0

1735223676
0.08 0.14 0.07 0

1735223677
0.08 0.14 0.07 0

1735223678
0.07 0.13 0.07 1947

1735223679
0.07 0.13 0.07 2

1735223680
0.05 0.13 0.07 0

1735223681
0.05 0.13 0.07 0

1735223682
0.04 0.12 0.07 0

1735223683
0.04 0.12 0.07 0

1735223684
0.03 0.12 0.07 0

1735223685
0.03 0.12 0.07 0

1735223686
0.03 0.12 0.07 0

1735223687
0.03 0.12 0.07 0

1735223688
0.02 0.11 0.07 1449

1735223689
0.02 0.11 0.07 0

1735223690
0.02 0.11 0.07 0

1735223691
0.02 0.11 0.07 0

1735223692
0.01 0.1 0.07 0

1735223693
0.01 0.1 0.07 0

1735223694
0.01 0.1 0.06 0

1735223695
0.01 0.1 0.06 0

1735223696
0.01 0.1 0.06 3197

1735223697
0.01 0.1 0.06 0

1735223698
0.0 0.09 0.06 682

1735223699
0.0 0.09 0.06 0

1735223700
0.0 0.09 0.06 0

1735223701
0.0 0.09 0.06 0

1735223703
0.0 0.09 0.06 8873

1735223704
0.0 0.08 0.06 0

1735223705
0.0 0.08 0.06 0

1735223706
0.0 0.08 0.06 0

1735223707
0.0 0.08 0.06 0

1735223708
0.0 0.08 0.06 0

1735223709
0.0 0.08 0.06 0

1735223710
0.0 0.07 0.06 0

1735223711
0.0 0.07 0.06 0

1735223712
0.0 0.07 0.06 0

1735223713
0.0 0.07 0.06 1

1735223714
0.0 0.07 0.06 29

1735223715
0.0 0.07 0.06 0

1735223716
0.0 0.06 0.06 0

1735223717
0.0 0.06 0.06 0

1735223718
0.0 0.06 0.06 0

1735223719
0.0 0.06 0.06 0

1735223720
0.0 0.06 0.06 2

1735223721
0.0 0.06 0.06 0

1735223722
0.0 0.06 0.06 0

1735223723
0.0 0.06 0.06 0

1735223724
0.0 0.06 0.06 0

1735223725
0.0 0.06 0.06 0

1735223726
0.0 0.05 0.06 0

1735223727
0.0 0.05 0.06 0

1735223728
0.0 0.05 0.06 0

1735223729
0.0 0.05 0.06 0

1735223730
0.0 0.05 0.06 0

1735223731
0.0 0.05 0.06 0

1735223732
0.0 0.05 0.06 0

1735223733
0.0 0.05 0.06 0

1735223734
0.0 0.04 0.06 0

1735223735
0.0 0.04 0.06 0

1735223736
0.0 0.04 0.05 0

1735223737
0.0 0.04 0.05 0

1735223738
0.0 0.04 0.05 1640

1735223739
0.0 0.04 0.05 0

1735223740
0.0 0.04 0.05 0

1735223741
0.0 0.04 0.05 0

1735223742
0.0 0.04 0.05 0

1735223743
0.0 0.04 0.05 0

1735223744
0.0 0.04 0.05 0

1735223745
0.0 0.04 0.05 0

1735223746
0.0 0.03 0.05 0

1735223747
0.0 0.03 0.05 0

1735223748
0.0 0.03 0.05 0

1735223749
0.0 0.03 0.05 0

1735223750
0.0 0.03 0.05 2359

1735223751
0.0 0.03 0.05 39494

1735223752
0.54 0.13 0.07 37220

1735223753
0.54 0.13 0.07 16563

1735223754
0.62 0.16 0.08 2

1735223755
0.62 0.16 0.08 2

1735223756
0.51 0.15 0.08 0

1735223758
0.41 0.15 0.08 2

1735223759
0.41 0.15 0.08 11667

1735223760
0.7 0.21 0.09 42643

1735223761
0.7 0.21 0.09 0

1735223762
0.57 0.2 0.09 1068

1735223763
0.57 0.2 0.09 0

1735223764
0.47 0.19 0.09 0

1735223765
0.47 0.19 0.09 0

1735223766
0.38 0.19 0.09 2898

1735223767
0.38 0.19 0.09 97318

1735223768
1.4 0.38 0.13 37151

1735223769
1.4 0.38 0.13 12289

1735223770
1.14 0.36 0.13 1458

1735223771
1.14 0.36 0.13 21

1735223772
1.12 0.39 0.13 143931

