1734617697
0.48 0.28 1.88 46904

1734617698
0.48 0.28 1.88 6178

1734617699
0.39 0.27 1.86 4686

1734617700
0.39 0.27 1.86 6681

1734617701
1.04 0.39 1.88 81557

1734617702
1.04 0.39 1.88 20228

1734617703
1.04 0.41 1.87 8125

1734617704
1.04 0.41 1.87 7012

1734617705
0.85 0.4 1.86 7887

1734617706
0.85 0.4 1.86 8483

1734617707
0.69 0.38 1.84 6500

1734617708
0.69 0.38 1.84 6397

1734617709
0.57 0.37 1.83 8384

1734617710
0.57 0.37 1.83 249823

1734617711
5.72 1.31 2.02 442932

1734617712
5.72 1.31 2.02 425695

1734617713
9.39 2.12 2.18 13430

1734617714
9.39 2.12 2.18 4215

1734617715
7.87 2.08 2.17 88563

1734617716
7.87 2.08 2.17 79776

1734617717
7.71 2.24 2.21 3159

1734617718
7.71 2.24 2.21 5197

1734617719
6.67 2.23 2.21 96882

1734617720
6.67 2.23 2.21 17895

1734617721
6.01 2.26 2.21 1425

1734617722
6.01 2.26 2.21 2132

1734617723
5.46 2.28 2.22 75170

1734617724
5.46 2.28 2.22 6687

1734617725
4.47 2.21 2.2 2714

1734617726
4.47 2.21 2.2 5380

1734617727
3.66 2.13 2.19 4248

1734617728
3.66 2.13 2.19 3715

1734617729
3.0 2.06 2.17 3604

1734617730
3.0 2.06 2.17 2333

1734617731
2.45 2.0 2.16 1422

1734617732
2.45 2.0 2.16 2347

1734617733
2.01 1.93 2.14 4905

1734617734
2.01 1.93 2.14 3873

1734617735
1.64 1.87 2.13 2951

1734617736
1.64 1.87 2.13 5746

1734617737
1.34 1.8 2.11 3453

1734617738
1.34 1.8 2.11 3404

1734617739
1.1 1.75 2.1 2068

1734617740
1.1 1.75 2.1 1096

1734617741
0.9 1.69 2.08 1894

1734617742
0.9 1.69 2.08 2336

1734617743
0.73 1.63 2.07 5791

1734617744
0.73 1.63 2.07 5300

1734617745
0.6 1.58 2.05 3197

1734617746
0.6 1.58 2.05 56553

1734617747
0.85 1.59 2.05 2238

1734617748
0.85 1.59 2.05 57902

1734617749
3.6 2.06 2.15 272517

1734617750
3.6 2.06 2.15 15917

1734617751
3.12 2.03 2.14 9378

1734617752
3.12 2.03 2.14 124165

1734617753
3.64 2.16 2.17 8302

1734617754
3.64 2.16 2.17 13758

1734617755
3.16 2.12 2.16 10094

1734617756
3.16 2.12 2.16 48311

1734617757
7.66 2.97 2.33 713534

1734617758
7.66 2.97 2.33 444306

1734617759
12.43 3.98 2.55 67598

1734617760
12.43 3.98 2.55 3972

1734617761
10.18 3.85 2.53 3349

1734617762
10.18 3.85 2.53 9519

1734617763
8.33 3.72 2.52 8820

1734617764
8.33 3.72 2.52 476190

1734617765
14.79 5.04 2.8 588715

1734617766
14.79 5.04 2.8 628863

1734617767
23.35 6.91 3.2 624743

1734617768
23.35 6.91 3.2 665537

1734617769
30.89 8.81 3.63 550380

1734617770
30.89 8.81 3.63 78620

1734617771
28.74 9.14 3.73 274601

1734617772
28.74 9.14 3.73 420880

1734617773
28.96 9.82 3.91 286008

1734617774
28.96 9.82 3.91 290956

1734617775
30.6 10.74 4.15 441141

1734617776
30.6 10.74 4.15 409994

1734617777
32.85 11.8 4.41 484398

1734617778
32.85 11.8 4.41 398427

1734617779
34.68 12.82 4.68 358571

1734617780
34.68 12.82 4.68 445257

1734617781
33.47 13.32 4.83 124586

1734617782
33.47 13.32 4.83 71212

1734617783
28.68 13.11 4.85 62770

1734617784
28.68 13.11 4.85 414130

1734617785
31.09 14.06 5.1 449194

1734617786
31.09 14.06 5.1 575379

1734617787
32.7 14.9 5.34 349387

1734617788
32.7 14.9 5.34 628666

1734617789
34.57 15.82 5.6 136200

1734617790
34.57 15.82 5.6 93564

1734617791
29.57 15.53 5.61 28000

1734617792
29.57 15.53 5.61 64358

1734617793
26.03 15.35 5.64 215522

1734617794
26.03 15.35 5.64 796834

1734617795
32.0 16.78 6.01 402134

1734617796
32.0 16.78 6.01 276127

1734617797
31.45 17.18 6.16 259965

1734617798
31.45 17.18 6.16 90624

1734617799
28.47 17.11 6.22 231577

1734617801
28.47 17.11 6.22 193792

1734617802
26.21 17.07 6.29 433376

1734617803
33.24 18.64 6.69 1139438

1734617804
33.24 18.64 6.69 641796

1734617805
36.64 19.73 7.0 283571

1734617806
36.64 19.73 7.0 319993

1734617807
37.97 20.53 7.25 758748

1734617808
37.97 20.53 7.25 1086849

1734617809
43.41 22.08 7.67 229321

1734617810
43.41 22.08 7.67 592319

1734617811
44.42 22.96 7.95 369288

1734617812
42.53 23.32 8.13 600724

1734617814
35.91 22.75 8.12 142459

1734617816
35.91 22.75 8.12 12668

1734617817
29.95 22.11 8.08 39835

1734617818
24.52 21.38 8.03 1505

1734617820
24.52 21.38 8.03 8166

1734617821
16.44 20.01 7.92 4304

1734617823
16.44 20.01 7.92 0

1734617824
16.44 20.01 7.92 741385

1734617825
20.89 20.69 8.14 92437

1734617826
17.1 20.02 8.09 4277

1734617827
17.1 20.02 8.09 2105

1734617828
17.1 20.02 8.09 93609

1734617830
14.91 19.52 8.06 5547

1734617831
12.21 18.89 8.01 3124

1734617832
12.21 18.89 8.01 47725

1734617833
10.36 18.33 7.97 4508

1734617834
10.36 18.33 7.97 1903

1734617835
8.48 17.73 7.91 6551

1734617836
6.94 17.15 7.86 1931

1734617838
6.94 17.15 7.86 0

1734617839
5.68 16.59 7.81 7608

1734617840
4.65 16.05 7.75 165805

1734617843
4.65 16.05 7.75 6346

1734617844
5.62 15.85 7.77 147874

1734617845
5.62 15.85 7.77 168802

1734617846
6.96 15.76 7.8 45134

1734617847
6.96 15.76 7.8 4043

1734617848
6.06 15.31 7.76 6146

1734617849
4.96 14.8 7.71 3883

1734617851
4.96 14.8 7.71 0

1734617852
4.06 14.32 7.66 420632

1734617853
7.67 14.64 7.77 81007

1734617854
7.67 14.64 7.77 834

1734617855
6.64 14.22 7.73 82467

1734617857
5.98 13.85 7.7 49854

1734617859
5.98 13.85 7.7 0

1734617860
4.9 13.4 7.64 6492

1734617861
3.28 12.54 7.54 1049

1734617864
3.28 12.54 7.54 1624

1734617865
3.28 12.54 7.54 1046

1734617866
2.69 12.13 7.49 4971

1734617867
2.69 12.13 7.49 122279

1734617868
3.47 11.96 7.48 105370

1734617870
3.74 11.73 7.47 59847

1734617871
3.74 11.73 7.47 141406

1734617872
5.03 11.51 7.48 199567

1734617875
5.03 11.51 7.48 0

1734617876
3.12 10.51 7.35 79059

1734617879
2.56 10.17 7.3 2886

1734617882
2.56 10.17 7.3 845

1734617883
2.56 10.17 7.3 236293

1734617884
4.27 10.23 7.33 104390

1734617885
4.22 10.02 7.31 7044

1734617887
4.22 10.02 7.31 1339

1734617888
3.45 9.69 7.26 9466

1734617889
3.45 9.69 7.26 2134

1734617890
3.19 9.44 7.22 58237

1734617891
2.79 9.17 7.18 14813

1734617892
2.79 9.17 7.18 1318

1734617893
2.79 9.17 7.18 17113

1734617894
2.28 8.87 7.13 231750

1734617895
2.28 8.87 7.13 72409

1734617896
4.59 9.07 7.18 21287

1734617897
6.11 9.2 7.22 265078

1734617898
6.11 9.2 7.22 80008

1734617899
6.32 9.08 7.22 224334

1734617902
6.32 9.08 7.22 969198

1734617903
6.32 9.08 7.22 49786

1734617904
15.5 10.65 7.57 318708

1734617905
14.5 10.62 7.58 2268

1734617906
14.5 10.62 7.58 9377

1734617907
14.5 10.62 7.58 23024

1734617908
12.06 10.31 7.54 15950

1734617909
12.06 10.31 7.54 18112

1734617910
8.41 9.71 7.45 32044

1734617912
8.41 9.71 7.45 2837

1734617913
8.41 9.71 7.45 948

1734617914
7.07 9.42 7.4 281472

1734617915
10.68 10.0 7.54 292895

1734617916
10.68 10.0 7.54 52138

1734617917
9.1 9.74 7.5 4880

1734617918
9.1 9.74 7.5 1023

1734617920
7.45 9.42 7.45 39702

1734617921
7.45 9.42 7.45 8528

1734617922
6.83 9.24 7.42 367552

1734617923
6.83 9.24 7.42 266422

1734617924
11.39 9.98 7.59 777825

1734617925
11.39 9.98 7.59 682081

1734617926
22.37 12.01 8.03 817551

1734617927
30.81 13.88 8.45 697248

1734617928
30.81 13.88 8.45 174607

1734617929
30.81 13.88 8.45 671261

1734617930
34.29 15.06 8.73 1040816

1734617931
34.29 15.06 8.73 189433

1734617932
38.04 16.37 9.05 106163

1734617933
32.23 16.03 9.03 27367

1734617934
32.23 16.03 9.03 216515

1734617935
32.23 16.03 9.03 264995

1734617936
31.56 16.93 9.31 753422

1734617938
31.56 16.93 9.31 5893

1734617939
31.56 16.93 9.31 595774

1734617940
37.08 18.4 9.68 713051

1734617941
37.08 18.4 9.68 602078

1734617942
40.87 19.7 10.01 590403

1734617943
40.87 19.7 10.01 607987

1734617944
44.51 21.05 10.35 618185

1734617945
44.51 21.05 10.35 613702

1734617946
47.5 22.36 10.7 607604

1734617947
47.5 22.36 10.7 590728

1734617948
49.94 23.62 11.04 649924

1734617949
47.96 24.12 11.24 695955

1734617950
47.96 24.12 11.24 65068

1734617951
47.96 24.12 11.24 699037

1734617952
50.14 25.3 11.57 560534

1734617953
50.14 25.3 11.57 739355

1734617954
54.1 26.83 11.98 691161

1734617955
54.1 26.83 11.98 617807

1734617956
55.89 28.04 12.34 639064

1734617957
55.89 28.04 12.34 523856

1734617958
55.01 28.79 12.6 687629

1734617959
47.76 28.34 12.62 445534

1734617961
43.09 28.13 12.68 69051

1734617963
43.09 28.13 12.68 2801

1734617964
36.91 27.51 12.66 335641

1734617965
36.91 27.51 12.66 266739

1734617966
37.11 27.85 12.83 657671

1734617967
37.11 27.85 12.83 505227

1734617968
31.59 27.48 12.96 132408

1734617970
31.59 27.48 12.96 536551

1734617971
31.66 27.63 13.09 108218

1734617972
31.66 27.63 13.09 0

1734617973
22.27 26.07 12.96 147266

1734617976
14.93 24.39 12.79 3615

1734617980
14.93 24.39 12.79 1395

1734617981
12.22 23.6 12.7 14530

1734617982
12.22 23.6 12.7 849

1734617983
6.71 21.35 12.44 10207

1734617988
6.71 21.35 12.44 161

1734617989
6.71 21.35 12.44 121935

1734617990
6.76 20.88 12.4 95894

1734617991
7.71 20.59 12.4 196262

1734617992
7.71 20.59 12.4 497

1734617994
6.85 20.02 12.33 86018

1734617995
6.85 20.02 12.33 218063

1734617996
8.51 19.88 12.36 269883

1734617997
8.51 19.88 12.36 389543

1734617998
14.76 20.64 12.57 432759

1734617999
14.76 20.64 12.57 568121

1734618000
19.2 21.25 12.81 554356

1734618002
19.2 21.25 12.81 23946

1734618003
19.2 21.25 12.81 592799

1734618004
25.51 22.32 13.09 669249

1734618005
25.51 22.32 13.09 518068

1734618006
30.31 23.29 13.36 602857

1734618007
30.31 23.29 13.36 607323

1734618008
35.32 24.43 13.66 533043

1734618009
35.32 24.43 13.66 512495

1734618010
37.62 25.2 13.9 296529

1734618011
37.62 25.2 13.9 158490

1734618012
34.97 25.13 13.96 406087

1734618013
34.97 25.13 13.96 6146

1734618014
29.9 24.53 13.91 3374

1734618015
24.48 23.73 13.82 4164

1734618016
20.05 22.95 13.72 3149

1734618019
20.05 22.95 13.72 0

1734618020
17.68 22.43 13.68 260208

1734618021
17.68 22.43 13.68 601438

1734618022
25.35 23.66 13.99 594963

1734618023
25.35 23.66 13.99 601027

1734618024
31.99 24.91 14.32 635875

1734618025
31.99 24.91 14.32 688657

1734618026
39.05 26.42 14.71 739896

1734618027
39.05 26.42 14.71 522130

1734618028
40.67 27.13 14.94 476250

1734618029
40.67 27.13 14.94 655684

1734618030
44.72 28.3 15.27 579344

1734618031
44.72 28.3 15.27 119744

1734618032
39.15 27.83 15.26 120283

1734618033
39.15 27.83 15.26 24440

1734618034
34.41 27.35 15.24 263293

1734618035
34.41 27.35 15.24 12763

1734618036
28.36 26.49 15.14 10226

1734618037
28.36 26.49 15.14 1647

1734618038
19.01 24.78 14.94 44895

1734618041
19.01 24.78 14.94 3419

1734618042
17.74 24.36 14.92 341192

1734618043
17.74 24.36 14.92 804425

1734618044
25.22 25.5 15.22 632400

1734618045
29.52 26.27 15.45 620983

1734618046
29.52 26.27 15.45 0

1734618047
29.52 26.27 15.45 25422

1734618048
24.72 25.5 15.36 47509

1734618049
24.72 25.5 15.36 190395

1734618050
23.5 25.26 15.38 409999

1734618056
15.21 23.44 15.2 167510

1734618057
16.98 23.49 15.26 596503

1734618059
16.98 23.49 15.26 770

1734618060
17.71 23.41 15.3 386344

1734618061
17.76 23.23 15.32 317267

1734618063
17.76 23.23 15.32 0

1734618064
15.27 22.6 15.24 151882

1734618065
17.75 22.81 15.34 543086

1734618066
17.75 22.81 15.34 88375

1734618067
17.75 22.81 15.34 561328

1734618068
20.33 23.11 15.45 369471

1734618069
16.15 22.16 15.36 3140

1734618072
16.15 22.16 15.36 1140

1734618073
10.98 20.77 15.15 39734

1734618077
10.98 20.77 15.15 1360

1734618078
9.17 20.12 15.06 19886

1734618079
7.51 19.46 14.95 863

1734618081
7.51 19.46 14.95 794

1734618082
5.33 18.27 14.76 58578

1734618084
5.33 18.27 14.76 473

1734618085
5.33 18.27 14.76 31219

1734618087
4.54 17.71 14.67 8564

1734618088
4.08 17.19 14.58 52042

1734618089
4.08 17.19 14.58 4738

1734618090
3.34 16.63 14.48 14568

1734618092
2.73 16.08 14.38 4196

1734618093
1.83 15.05 14.19 2885

1734618096
1.83 15.05 14.19 735

1734618097
1.83 15.05 14.19 9406

1734618099
1.23 14.08 13.99 8692

1734618100
1.23 14.08 13.99 160

1734618102
1.0 13.62 13.9 5789

1734618103
1.0 13.62 13.9 104

1734618104
1.91 13.37 13.84 486760

1734618105
1.91 13.37 13.84 205196

1734618107
6.63 13.85 13.94 6539

1734618108
5.97 13.49 13.86 150938

1734618109
5.97 13.49 13.86 174954

1734618111
5.78 13.0 13.76 6676

1734618113
5.78 13.0 13.76 226

1734618114
4.74 12.58 13.66 7699

1734618115
4.74 12.58 13.66 1792

1734618116
3.88 12.16 13.57 1451

1734618117
3.88 12.16 13.57 2079

1734618118
3.17 11.77 13.48 2014

1734618119
3.17 11.77 13.48 718

1734618120
2.6 11.38 13.38 3744

1734618121
2.6 11.38 13.38 83962

1734618122
3.58 11.27 13.35 79401

1734618123
3.29 10.97 13.27 43166

1734618124
3.29 10.97 13.27 15012

1734618126
3.29 10.97 13.27 322352

1734618128
6.68 11.33 13.33 230937

1734618129
6.37 11.12 13.27 10129

1734618130
5.22 10.76 13.18 3278

1734618131
5.22 10.76 13.18 2335

1734618133
4.81 10.5 13.11 418182

1734618134
11.19 11.47 13.29 478543

1734618135
11.19 11.47 13.29 120538

1734618136
11.19 11.47 13.29 12660

1734618137
10.61 11.35 13.26 57886

1734618138
11.22 11.44 13.26 335262

1734618140
11.22 11.44 13.26 490623

1734618141
15.17 12.15 13.4 703184

1734618142
15.17 12.15 13.4 722968

1734618143
25.28 14.07 13.79 510889

1734618144
25.28 14.07 13.79 534102

1734618145
30.12 15.31 14.05 461986

1734618146
30.12 15.31 14.05 398432

1734618147
32.09 16.15 14.24 329470

1734618148
32.09 16.15 14.24 777303

1734618149
36.96 17.55 14.54 676963

1734618150
39.33 18.62 14.79 502097

1734618151
39.33 18.62 14.79 20578

1734618152
39.33 18.62 14.79 709313

1734618153
40.72 19.54 15.01 862613

1734618154
40.72 19.54 15.01 969614

1734618155
49.1 21.75 15.5 828121

1734618156
49.1 21.75 15.5 759232

1734618157
55.06 23.72 15.95 1101919

1734618158
55.06 23.72 15.95 591406

1734618159
60.48 25.73 16.43 865875

1734618160
60.48 25.73 16.43 852387

1734618161
64.92 27.67 16.9 847143

1734618162
64.92 27.67 16.9 851064

1734618163
68.56 29.54 17.36 855863

1734618164
68.56 29.54 17.36 784138

1734618166
70.63 31.19 17.79 1653568

1734618167
72.87 32.89 18.24 826214

1734618168
72.87 32.89 18.24 778714

1734618169
74.16 34.43 18.66 823657

1734618170
74.16 34.43 18.66 847437

1734618171
75.76 36.02 19.1 872661

1734618173
77.25 37.59 19.54 1647325

1734618174
77.25 37.59 19.54 836570

1734618175
78.48 39.11 19.98 903189

1734618176
78.48 39.11 19.98 896224

1734618177
80.56 40.77 20.46 919526

1734618178
80.56 40.77 20.46 897450

1734618179
82.45 42.41 20.94 894954

1734618180
83.64 43.94 21.41 1281858

1734618181
83.64 43.94 21.41 541194

1734618182
83.64 43.94 21.41 891247

1734618183
84.79 45.45 21.88 860782

1734618184
84.79 45.45 21.88 751794

1734618185
83.56 46.51 22.26 657256

1734618186
83.56 46.51 22.26 596008

1734618187
79.29 46.95 22.52 573314

1734618188
79.29 46.95 22.52 388422

1734618189
60.45 45.45 22.54 192689

1734618190
60.45 45.45 22.54 2239

1734618191
60.45 45.45 22.54 220863

1734618193
54.93 44.95 22.59 987275

1734618194
54.93 44.95 22.59 860318

1734618195
60.38 46.26 23.02 885004

1734618196
60.38 46.26 23.02 869607

1734618197
65.38 47.62 23.46 856318

1734618198
65.38 47.62 23.46 803369

1734618199
68.21 48.72 23.86 823673

1734618200
68.21 48.72 23.86 838768

1734618201
70.89 49.84 24.26 897610

1734618202
70.89 49.84 24.26 905176

1734618203
74.35 51.15 24.71 898359

1734618204
74.35 51.15 24.71 909221

1734618205
77.0 52.39 25.15 822297

1734618206
77.0 52.39 25.15 790360

1734618207
77.18 53.23 25.51 637849

1734618208
77.18 53.23 25.51 593925

1734618209
73.53 53.35 25.73 393380

1734618210
73.53 53.35 25.73 364680

1734618211
66.55 52.75 25.79 338913

1734618212
66.55 52.75 25.79 326166

1734618213
60.29 52.07 25.83 421775

1734618214
60.29 52.07 25.83 825291

1734618215
62.23 52.69 26.14 901859

1734618216
62.23 52.69 26.14 842060

1734618217
66.35 53.75 26.54 697993

1734618218
66.35 53.75 26.54 573468

1734618219
65.2 53.95 26.77 494078

1734618220
65.2 53.95 26.77 432783

1734618221
62.08 53.76 26.92 539476

1734618222
62.08 53.76 26.92 326101

1734618223
57.36 53.17 26.98 221801

1734618224
48.41 51.7 26.85 43296

1734618225
48.41 51.7 26.85 3334

1734618226
48.41 51.7 26.85 833

1734618227
39.64 50.0 26.67 7910

1734618228
39.64 50.0 26.67 101195

1734618229
34.82 48.79 26.57 340560

1734618230
34.82 48.79 26.57 6219

1734618231
30.14 47.49 26.45 185016

1734618232
30.14 47.49 26.45 506591

1734618233
32.47 47.34 26.57 277045

1734618234
32.47 47.34 26.57 6770

1734618235
27.31 45.93 26.41 5643

1734618236
27.31 45.93 26.41 6187

1734618237
22.36 44.42 26.23 4979

1734618238
22.36 44.42 26.23 301511

1734618239
23.02 43.82 26.23 554181

1734618240
23.02 43.82 26.23 498549

1734618241
27.91 44.02 26.39 500773

1734618242
27.91 44.02 26.39 766955

1734618243
35.35 44.84 26.68 715418

1734618244
35.35 44.84 26.68 790245

1734618245
42.89 45.89 27.03 906845

1734618246
42.89 45.89 27.03 881827

1734618247
50.88 47.24 27.44 782170

1734618248
50.88 47.24 27.44 627802

1734618249
53.8 47.88 27.71 655314

1734618250
53.8 47.88 27.71 653178

1734618251
56.74 48.61 28.0 786261

1734618252
61.86 49.8 28.39 2005379

1734618253
61.86 49.8 28.39 19552

1734618255
65.14 50.79 28.74 1385444

1734618256
65.14 50.79 28.74 857711

1734618257
69.1 51.97 29.14 1762766

1734618258
69.1 51.97 29.14 8824

1734618260
71.8 53.02 29.51 1901589

1734618261
74.37 54.1 29.9 710125

1734618262
74.37 54.1 29.9 706120

1734618263
72.67 54.45 30.14 326805

1734618264
72.67 54.45 30.14 581673

1734618265
69.65 54.51 30.32 487919

1734618266
69.65 54.51 30.32 530063

1734618267
66.27 54.39 30.46 730025

1734618268
68.21 55.13 30.78 1356413

1734618269
68.21 55.13 30.78 32010

1734618270
68.21 55.13 30.78 615833

1734618271
64.19 54.83 30.88 410351

1734618272
60.71 54.51 30.98 697424

1734618273
60.71 54.51 30.98 236654

1734618275
55.33 53.74 30.98 618761

1734618276
52.37 53.26 31.03 611534

1734618277
52.37 53.26 31.03 58688

1734618278
49.22 52.66 31.06 412002

1734618279
49.22 52.66 31.06 558314

1734618280
47.01 52.15 31.1 312433

1734618282
47.01 52.15 31.1 588983

1734618283
48.09 52.17 31.25 594931

1734618284
48.09 52.17 31.25 609331

1734618285
48.98 52.2 31.4 525647

1734618286
48.26 51.97 31.49 800037

1734618287
48.26 51.97 31.49 93043

1734618288
45.31 51.31 31.5 441494

1734618291
41.81 50.48 31.46 548202

1734618292
41.81 50.48 31.46 78000

1734618293
35.5 49.06 31.29 447839

1734618294
37.95 49.06 31.41 763645

1734618295
35.24 48.2 31.36 277994

1734618296
35.24 48.2 31.36 113131

1734618298
33.38 47.44 31.31 379324

1734618299
33.38 47.44 31.31 308836

1734618300
33.38 47.44 31.31 117186

1734618301
31.86 46.71 31.27 413560

1734618302
31.86 46.71 31.27 445197

1734618303
34.06 46.62 31.36 546253

1734618304
34.06 46.62 31.36 553042

1734618305
37.13 46.76 31.49 512229

1734618306
37.13 46.76 31.49 552778

1734618307
40.18 47.0 31.64 615888

1734618308
40.18 47.0 31.64 688106

1734618309
44.68 47.59 31.87 577180

1734618310
44.68 47.59 31.87 616366

1734618311
47.27 47.96 32.06 887889

1734618312
47.27 47.96 32.06 69738

1734618313
47.04 47.9 32.15 473663

1734618314
47.04 47.9 32.15 498723

1734618315
47.21 47.9 32.26 404652

1734618316
47.21 47.9 32.26 322163

1734618317
45.18 47.51 32.29 465971

1734618318
45.18 47.51 32.29 480172

1734618319
40.53 46.53 32.29 460877

1734618321
40.53 46.53 32.29 59039

1734618322
40.53 46.53 32.29 256170

1734618324
37.17 45.73 32.22 789018

1734618325
38.04 45.61 32.29 230704

1734618326
38.04 45.61 32.29 223344

1734618327
36.58 45.09 32.27 489665

1734618328
36.58 45.09 32.27 260734

1734618329
35.21 44.57 32.25 633778

1734618330
35.21 44.57 32.25 6089

1734618331
33.9 44.03 32.22 540225

1734618333
34.28 43.76 32.24 396360

1734618334
34.28 43.76 32.24 505445

1734618335
34.41 43.47 32.26 245037

1734618336
34.41 43.47 32.26 303224

1734618337
33.79 43.07 32.25 417636

1734618338
33.79 43.07 32.25 1148

1734618342
25.82 40.93 31.95 209882

1734618343
21.87 39.72 31.76 383151

1734618344
21.87 39.72 31.76 2210

1734618346
20.8 38.95 31.65 191544

1734618347
19.03 38.03 31.51 117444

1734618348
19.03 38.03 31.51 155282

1734618349
18.48 37.31 31.4 160441

1734618350
18.48 37.31 31.4 151806

1734618351
17.66 36.55 31.28 122609

1734618352
15.73 35.58 31.12 104051

1734618353
15.73 35.58 31.12 38331

1734618354
15.73 35.58 31.12 88287

1734618355
14.51 34.71 30.97 80022

1734618356
12.42 33.67 30.77 41789

1734618357
12.42 33.67 30.77 10193

1734618359
10.72 32.67 30.58 83716

1734618360
9.14 31.67 30.39 66117

1734618361
9.14 31.67 30.39 0

1734618362
8.75 30.86 30.23 109121

1734618363
7.52 29.91 30.04 39238

1734618365
7.52 29.91 30.04 4163

1734618366
7.52 29.91 30.04 69444

1734618367
7.07 29.1 29.86 60641

1734618368
6.87 28.34 29.7 109212

1734618369
6.87 28.34 29.7 10311

1734618370
6.87 28.34 29.7 123912

1734618371
7.62 27.78 29.57 137086

1734618372
7.62 27.78 29.57 136648

1734618373
8.59 27.29 29.46 134379

1734618374
8.59 27.29 29.46 158214

1734618375
11.38 27.18 29.42 541696

1734618376
14.57 27.24 29.42 333298

1734618377
14.57 27.24 29.42 62024

1734618378
14.57 27.24 29.42 11078

1734618379
12.84 26.52 29.25 78916

1734618380
12.84 26.52 29.25 105335

1734618381
12.32 25.97 29.12 94544

1734618382
12.32 25.97 29.12 87556

1734618383
11.54 25.39 28.97 73829

1734618384
11.54 25.39 28.97 84667

1734618385
10.72 24.78 28.82 79734

1734618386
9.32 24.07 28.65 32717

1734618387
9.32 24.07 28.65 26712

1734618388
9.32 24.07 28.65 22918

1734618389
8.35 23.41 28.48 73456

1734618390
8.35 23.41 28.48 74331

1734618391
8.11 22.88 28.33 78203

1734618392
8.11 22.88 28.33 75971

1734618393
8.09 22.39 28.19 81984

1734618394
8.09 22.39 28.19 79250

1734618395
7.89 21.89 28.05 62517

1734618396
7.89 21.89 28.05 29281

1734618397
7.0 21.27 27.88 38672

1734618398
7.0 21.27 27.88 25486

1734618399
6.28 20.67 27.71 43428

1734618400
6.28 20.67 27.71 32588

1734618401
5.68 20.09 27.54 28300

1734618402
5.68 20.09 27.54 42147

1734618403
5.19 19.53 27.37 51242

1734618404
5.19 19.53 27.37 32222

1734618405
4.98 19.02 27.21 50259

1734618406
4.98 19.02 27.21 19919

1734618407
4.44 18.47 27.04 26627

1734618408
4.44 18.47 27.04 30042

1734618409
4.18 17.96 26.87 37220

1734618410
4.18 17.96 26.87 37469

1734618411
4.14 17.5 26.71 56115

1734618412
4.14 17.5 26.71 28159

1734618413
3.93 17.03 26.55 36935

1734618414
3.93 17.03 26.55 24134

1734618415
3.58 16.54 26.38 29563

1734618416
3.58 16.54 26.38 30006

1734618417
3.29 16.06 26.22 33649

1734618418
3.29 16.06 26.22 33533

1734618419
3.24 15.63 26.06 28730

1734618420
3.24 15.63 26.06 23316

1734618421
3.01 15.18 25.89 27996

1734618422
3.01 15.18 25.89 31429

1734618423
2.83 14.75 25.73 25815

1734618424
2.83 14.75 25.73 24300

1734618425
2.68 14.34 25.57 36654

1734618426
2.68 14.34 25.57 33579

1734618427
2.74 13.96 25.41 35550

1734618428
2.74 13.96 25.41 29318

1734618429
2.78 13.61 25.26 43960

1734618430
2.78 13.61 25.26 43274

1734618431
3.0 13.29 25.11 51380

1734618432
3.0 13.29 25.11 62642

1734618433
4.09 13.15 25.0 148607

1734618434
4.09 13.15 25.0 194770

1734618435
6.06 13.21 24.93 104930

1734618436
6.06 13.21 24.93 143383

1734618437
6.96 13.14 24.84 81571

1734618438
6.96 13.14 24.84 68556

1734618439
6.97 12.94 24.72 80435

1734618440
6.97 12.94 24.72 76040

1734618441
6.97 12.74 24.6 65878

1734618442
6.97 12.74 24.6 80087

1734618443
6.98 12.55 24.47 69531

1734618444
6.98 12.55 24.47 86501

1734618445
7.16 12.4 24.36 96461

1734618446
7.16 12.4 24.36 111525

1734618447
7.49 12.29 24.26 76962

1734618448
7.49 12.29 24.26 67446

1734618449
7.22 12.09 24.13 64344

1734618450
7.22 12.09 24.13 66276

1734618451
7.18 11.92 24.01 75858

1734618452
7.18 11.92 24.01 74110

1734618453
7.15 11.76 23.9 79946

1734618454
7.15 11.76 23.9 67461

1734618455
7.12 11.6 23.78 73056

1734618456
7.12 11.6 23.78 72167

1734618457
6.91 11.42 23.66 59933

1734618458
6.91 11.42 23.66 65756

1734618459
6.75 11.24 23.54 75856

1734618460
6.75 11.24 23.54 89702

1734618461
6.97 11.13 23.43 80578

1734618462
6.97 11.13 23.43 73278

1734618463
6.62 10.93 23.31 38050

1734618464
6.62 10.93 23.31 40852

1734618465
6.14 10.71 23.17 37570

1734618466
6.14 10.71 23.17 25234

1734618467
5.39 10.42 23.03 27906

1734618468
5.39 10.42 23.03 29627

1734618469
4.95 10.18 22.89 26934

1734618470
4.95 10.18 22.89 25125

1734618471
4.42 9.91 22.75 39831

1734618472
4.42 9.91 22.75 19278

1734618473
3.98 9.65 22.61 33868

1734618474
3.8 9.43 22.47 60729

1734618475
3.8 9.43 22.47 161

1734618477
3.65 9.22 22.34 70899

1734618478
3.65 9.22 22.34 25274

1734618479
3.35 8.99 22.2 16981

1734618480
3.35 8.99 22.2 23545

1734618481
3.11 8.76 22.06 29534

1734618482
3.11 8.76 22.06 45566

1734618483
3.09 8.57 21.93 16814

1734618484
3.09 8.57 21.93 10691

1734618485
2.71 8.32 21.79 15880

1734618486
2.71 8.32 21.79 16173

1734618487
2.4 8.08 21.64 19592

1734618488
2.4 8.08 21.64 10629

1734618489
2.14 7.85 21.5 17259

1734618490
2.14 7.85 21.5 21907

1734618491
2.12 7.66 21.37 36285

1734618492
2.12 7.66 21.37 63267

1734618493
2.46 7.54 21.25 37272

1734618494
2.46 7.54 21.25 42902

1734618495
2.55 7.39 21.12 34901

1734618496
2.55 7.39 21.12 33410

1734618497
2.82 7.28 21.01 41455

1734618498
2.82 7.28 21.01 51602

1734618499
3.03 7.17 20.89 45655

1734618500
3.03 7.17 20.89 41218

1734618501
3.02 7.03 20.77 25336

1734618502
3.02 7.03 20.77 47829

1734618503
3.02 6.9 20.65 25872

1734618504
3.02 6.9 20.65 19180

1734618505
2.65 6.71 20.51 20949

1734618506
2.65 6.71 20.51 27875

1734618507
2.07 6.34 20.25 36442

1734618509
2.07 6.34 20.25 7499

1734618510
2.07 6.34 20.25 57719

1734618511
2.42 6.26 20.13 57718

1734618512
2.42 6.26 20.13 40127

1734618513
2.71 6.19 20.02 54368

1734618514
2.71 6.19 20.02 24673

1734618515
2.76 6.08 19.91 27138

1734618516
2.76 6.08 19.91 21379

1734618517
2.62 5.95 19.78 75259

1734618518
2.62 5.95 19.78 136998

1734618519
4.32 6.15 19.73 69751

1734618520
4.32 6.15 19.73 32371

1734618521
4.08 6.04 19.62 27035

1734618522
4.08 6.04 19.62 16785

1734618523
3.7 5.91 19.5 33061

1734618524
3.7 5.91 19.5 15885

1734618525
3.39 5.78 19.38 26496

1734618526
3.39 5.78 19.38 22255

1734618527
3.14 5.66 19.26 23114

1734618528
3.14 5.66 19.26 21311

1734618529
3.11 5.57 19.14 37417

1734618530
3.11 5.57 19.14 20680

1734618531
2.91 5.45 19.03 38209

1734618532
2.91 5.45 19.03 71567

1734618533
3.29 5.44 18.93 30802

1734618534
3.29 5.44 18.93 22121

1734618535
2.87 5.29 18.81 12327

1734618536
2.87 5.29 18.81 15518

1734618537
2.53 5.15 18.69 14781

1734618538
2.53 5.15 18.69 15404

1734618539
2.25 5.01 18.56 31029

1734618540
2.25 5.01 18.56 25830

1734618541
2.21 4.92 18.45 23920

1734618542
2.21 4.92 18.45 17364

1734618543
1.99 4.79 18.33 13716

1734618544
1.99 4.79 18.33 21294

1734618545
1.81 4.66 18.21 21396

1734618546
1.81 4.66 18.21 27313

1734618547
1.84 4.58 18.1 26980

1734618548
1.84 4.58 18.1 15968

1734618549
1.87 4.49 17.99 29495

1734618550
1.87 4.49 17.99 28426

1734618551
2.07 4.44 17.89 52382

1734618552
2.07 4.44 17.89 35894

1734618553
2.24 4.39 17.79 30243

1734618554
2.24 4.39 17.79 32614

1734618555
2.2 4.32 17.68 19677

1734618556
2.2 4.32 17.68 22136

1734618557
2.16 4.24 17.57 17013

1734618558
2.16 4.24 17.57 16342

1734618559
1.95 4.13 17.46 19338

1734618560
1.95 4.13 17.46 15110

1734618561
1.78 4.03 17.34 13363

1734618562
1.78 4.03 17.34 17020

1734618563
1.63 3.93 17.23 20845

1734618564
1.63 3.93 17.23 51548

1734618565
2.06 3.93 17.14 56463

1734618566
2.06 3.93 17.14 33888

1734618567
2.41 3.93 17.05 36909

1734618568
2.41 3.93 17.05 34282

1734618569
2.52 3.9 16.96 29530

1734618570
2.52 3.9 16.96 51294

1734618571
2.6 3.87 16.86 25345

1734618572
2.6 3.87 16.86 14618

1734618573
2.49 3.81 16.76 17324

1734618574
2.49 3.81 16.76 26618

1734618575
2.22 3.72 16.65 24329

1734618576
2.22 3.72 16.65 48164

1734618577
2.54 3.73 16.56 28772

1734618578
2.54 3.73 16.56 12437

1734618579
2.26 3.64 16.46 19845

1734618580
2.26 3.64 16.46 30630

1734618581
2.21 3.59 16.36 14457

1734618582
2.21 3.59 16.36 15279

1734618583
1.99 3.5 16.25 15920

1734618584
1.99 3.5 16.25 29094

1734618585
1.99 3.45 16.15 32848

1734618586
1.99 3.45 16.15 26234

1734618587
1.99 3.4 16.06 5124

1734618588
1.99 3.4 16.06 21189

1734618589
1.99 3.36 15.96 42111

1734618590
1.99 3.36 15.96 32097

1734618591
2.18 3.35 15.87 35973

1734618592
2.18 3.35 15.87 21722

1734618593
2.14 3.3 15.78 29170

1734618594
2.14 3.3 15.78 35571

1734618595
2.12 3.26 15.68 28513

1734618596
2.12 3.26 15.68 30825

1734618597
2.28 3.25 15.6 35829

1734618598
2.28 3.25 15.6 26452

1734618599
2.22 3.21 15.5 22850

1734618600
2.22 3.21 15.5 25324

1734618601
2.18 3.17 15.41 17064

1734618602
2.18 3.17 15.41 28184

1734618603
2.15 3.13 15.32 27932

1734618604
2.15 3.13 15.32 26186

1734618605
2.12 3.09 15.23 30954

1734618606
2.12 3.09 15.23 47430

1734618607
2.1 3.06 15.14 15425

1734618608
2.1 3.06 15.14 34595

1734618609
2.26 3.05 15.05 51580

1734618610
2.26 3.05 15.05 39125

1734618611
2.39 3.05 14.97 24412

1734618612
2.39 3.05 14.97 46287

1734618613
2.68 3.08 14.89 34289

1734618614
2.68 3.08 14.89 36188

1734618615
2.74 3.08 14.81 47485

1734618616
2.74 3.08 14.81 43771

1734618617
2.97 3.11 14.74 42380

1734618618
2.97 3.11 14.74 52439

1734618619
2.97 3.11 14.66 28545

1734618620
2.97 3.11 14.66 26853

1734618621
2.98 3.1 14.58 24260

1734618622
2.98 3.1 14.58 22265

1734618623
2.8 3.07 14.49 33493

1734618624
2.8 3.07 14.49 29957

1734618625
2.65 3.03 14.41 29565

1734618626
2.65 3.03 14.41 28232

1734618627
2.72 3.03 14.33 33668

1734618628
2.72 3.03 14.33 21773

1734618629
2.4 2.96 14.24 12044

1734618630
2.4 2.96 14.24 15722

1734618631
2.15 2.9 14.15 5248

1734618632
2.15 2.9 14.15 361

1734618633
1.76 2.8 14.05 218

1734618634
1.76 2.8 14.05 239

1734618635
1.44 2.71 13.95 30

1734618636
1.44 2.71 13.95 60

1734618637
1.18 2.62 13.86 123

1734618638
1.18 2.62 13.86 133

1734618639
0.96 2.54 13.76 53

1734618640
0.96 2.54 13.76 93

1734618641
0.79 2.45 13.67 33

1734618642
0.79 2.45 13.67 749

1734618643
0.64 2.37 13.57 981

1734618644
0.64 2.37 13.57 1336

1734618645
0.53 2.29 13.48 1308

1734618646
0.53 2.29 13.48 904

1734618647
0.43 2.22 13.39 1141

1734618648
0.43 2.22 13.39 848

1734618649
0.35 2.14 13.3 615

1734618650
0.35 2.14 13.3 1013

1734618651
0.29 2.07 13.21 1358

1734618652
0.29 2.07 13.21 1084

1734618653
0.23 2.01 13.12 2105

1734618654
0.23 2.01 13.12 652

1734618655
0.19 1.94 13.03 4481

1734618656
0.19 1.94 13.03 4575

1734618657
0.15 1.88 12.94 1576

1734618658
0.15 1.88 12.94 971

1734618659
0.12 1.81 12.85 290

1734618660
0.12 1.81 12.85 589

1734618661
0.1 1.75 12.76 432

1734618662
0.1 1.75 12.76 1311

1734618663
0.08 1.7 12.67 420

1734618664
0.08 1.7 12.67 444

1734618665
0.07 1.64 12.58 529

1734618666
0.07 1.64 12.58 276

1734618667
0.05 1.59 12.5 322

1734618668
0.05 1.59 12.5 263

1734618669
0.04 1.53 12.41 209

1734618670
0.04 1.53 12.41 1587

1734618671
0.03 1.48 12.33 315

1734618672
0.03 1.48 12.33 553

1734618673
0.03 1.43 12.24 228

1734618674
0.03 1.43 12.24 156

1734618675
0.02 1.39 12.16 190

1734618676
0.02 1.39 12.16 206

1734618677
0.02 1.34 12.08 112

1734618678
0.02 1.34 12.08 236

1734618679
0.01 1.3 11.99 175

1734618680
0.01 1.3 11.99 278

1734618681
0.01 1.25 11.91 171

1734618682
0.01 1.25 11.91 189

1734618683
0.01 1.21 11.83 123

1734618684
0.01 1.21 11.83 261

1734618685
0.0 1.17 11.75 156

1734618686
0.0 1.17 11.75 91

1734618687
0.0 1.13 11.67 100

1734618688
0.0 1.13 11.67 206

1734618689
0.0 1.1 11.59 125

1734618690
0.0 1.1 11.59 525

1734618691
0.0 1.06 11.51 454

1734618692
0.0 1.06 11.51 114

1734618693
0.0 1.02 11.43 175

1734618694
0.0 1.02 11.43 190

1734618695
0.0 0.99 11.35 696

1734618696
0.0 0.99 11.35 1019

1734618697
0.0 0.96 11.27 209

1734618698
0.0 0.96 11.27 273

1734618699
0.0 0.93 11.2 63

1734618700
0.0 0.93 11.2 240

1734618701
0.0 0.9 11.12 2802

1734618702
0.0 0.9 11.12 6662

1734618703
0.0 0.87 11.04 3309

1734618704
0.0 0.87 11.04 980

1734618705
0.0 0.84 10.97 1017

1734618706
0.0 0.84 10.97 3184

1734618707
0.0 0.81 10.89 5553

1734618708
0.0 0.81 10.89 6316

1734618709
0.0 0.78 10.82 3046

1734618710
0.0 0.78 10.82 1617

1734618711
0.0 0.76 10.74 503

1734618712
0.0 0.76 10.74 1422

1734618713
0.0 0.73 10.67 9575

1734618714
0.0 0.73 10.67 13015

1734618715
0.18 0.74 10.6 11442

1734618716
0.18 0.74 10.6 11622

1734618717
0.14 0.72 10.53 599

1734618718
0.14 0.72 10.53 583

1734618719
0.12 0.69 10.46 14273

1734618720
0.12 0.69 10.46 13504

1734618721
0.09 0.67 10.39 2977

1734618722
0.09 0.67 10.39 4118

1734618723
0.08 0.65 10.31 161

1734618724
0.08 0.65 10.31 172

1734618725
0.06 0.62 10.24 90

1734618726
0.06 0.62 10.24 105

1734618727
0.05 0.6 10.17 344

1734618728
0.05 0.6 10.17 79

1734618729
0.04 0.58 10.1 1066

1734618730
0.04 0.58 10.1 2696

1734618731
0.03 0.56 10.03 87

1734618732
0.03 0.56 10.03 702

1734618733
0.02 0.55 9.97 7641

1734618734
0.02 0.55 9.97 10087

1734618735
0.02 0.53 9.9 2436

1734618736
0.02 0.53 9.9 3139

1734618737
0.01 0.51 9.83 1717

1734618738
0.01 0.51 9.83 1605

1734618739
0.01 0.49 9.76 5085

1734618740
0.01 0.49 9.76 2245

1734618741
0.01 0.48 9.69 5777

1734618742
0.01 0.48 9.69 7208

1734618743
0.0 0.46 9.63 5528

1734618744
0.0 0.46 9.63 178

1734618745
0.0 0.44 9.56 109

1734618746
0.0 0.44 9.56 194

1734618747
0.0 0.43 9.5 1931

1734618748
0.0 0.43 9.5 14104

1734618749
0.18 0.45 9.44 10492

1734618750
0.18 0.45 9.44 2429

1734618751
0.15 0.43 9.37 6874

1734618752
0.15 0.43 9.37 9143

1734618753
0.12 0.42 9.31 5238

1734618754
0.12 0.42 9.31 3023

1734618755
0.1 0.4 9.25 14807

1734618756
0.1 0.4 9.25 14374

1734618757
0.26 0.42 9.19 9451

1734618758
0.26 0.42 9.19 6

1734618759
0.21 0.41 9.13 12

1734618760
0.21 0.41 9.13 33

1734618761
0.17 0.4 9.06 22

1734618762
0.17 0.4 9.06 25

1734618763
0.14 0.38 9.0 422

1734618764
0.14 0.38 9.0 756

1734618765
0.14 0.38 9.0 462

1734618767
0.11 0.37 8.94 875

