1734617697
0.0 2.38 6.15 58

1734617698
0.0 2.38 6.15 7448

1734617699
0.0 2.31 6.11 55

1734617700
0.0 2.31 6.11 0

1734617701
0.0 2.23 6.06 17851

1734617702
0.0 2.23 6.06 41553

1734617703
0.36 2.22 6.04 14220

1734617704
0.36 2.22 6.04 4162

1734617705
0.29 2.15 5.99 75

1734617706
0.29 2.15 5.99 26293

1734617707
0.42 2.11 5.96 21815

1734617708
0.42 2.11 5.96 137893

1734617709
1.79 2.3 5.97 6729

1734617710
1.79 2.3 5.97 180

1734617711
1.65 2.26 5.94 26437

1734617712
1.65 2.26 5.94 24554

1734617713
1.53 2.22 5.91 11

1734617714
1.53 2.22 5.91 0

1734617715
1.25 2.15 5.87 36

1734617716
1.25 2.15 5.87 484

1734617717
1.02 2.08 5.83 0

1734617718
1.02 2.08 5.83 1

1734617719
0.84 2.01 5.79 22

1734617720
0.84 2.01 5.79 2826

1734617721
0.68 1.94 5.75 184

1734617722
0.68 1.94 5.75 7

1734617723
0.56 1.88 5.71 639

1734617724
0.56 1.88 5.71 11969

1734617725
0.46 1.82 5.67 70

1734617726
0.46 1.82 5.67 225

1734617727
0.37 1.76 5.63 0

1734617728
0.37 1.76 5.63 132939

1734617729
1.39 1.89 5.63 31

1734617730
1.39 1.89 5.63 956

1734617731
1.14 1.83 5.59 0

1734617732
1.14 1.83 5.59 89

1734617733
0.93 1.77 5.55 1651

1734617734
0.93 1.77 5.55 14524

1734617735
0.76 1.71 5.52 125

1734617736
0.76 1.71 5.52 0

1734617737
0.98 1.72 5.49 53817

1734617738
0.98 1.72 5.49 225509

1734617739
5.52 2.52 5.63 324064

1734617740
5.52 2.52 5.63 2

1734617741
4.52 2.43 5.59 775

1734617742
4.52 2.43 5.59 58434

1734617743
4.06 2.42 5.57 7

1734617744
4.06 2.42 5.57 151644

1734617745
6.76 2.96 5.66 313335

1734617746
6.76 2.96 5.66 392892

1734617747
10.97 3.85 5.83 403648

1734617748
10.97 3.85 5.83 58596

1734617749
11.7 4.21 5.89 11100

1734617750
11.7 4.21 5.89 460

1734617751
9.58 4.07 5.85 150

1734617752
9.58 4.07 5.85 60

1734617753
7.84 3.94 5.81 4

1734617754
7.84 3.94 5.81 34

1734617755
6.42 3.81 5.77 54

1734617756
6.42 3.81 5.77 299

1734617757
5.26 3.69 5.73 0

1734617758
5.26 3.69 5.73 8

1734617759
4.85 3.66 5.71 158168

1734617760
4.85 3.66 5.71 635914

1734617761
13.03 5.18 6.01 608785

1734617762
13.03 5.18 6.01 177825

1734617763
15.74 5.93 6.16 71845

1734617764
15.74 5.93 6.16 9243

1734617765
13.07 5.76 6.13 0

1734617766
13.07 5.76 6.13 6076

1734617767
10.7 5.57 6.09 1717

1734617768
10.7 5.57 6.09 4194

1734617769
8.76 5.39 6.04 591

1734617770
8.76 5.39 6.04 10770

1734617771
7.71 5.31 6.02 59557

1734617772
7.71 5.31 6.02 219

1734617773
6.32 5.14 5.98 105

1734617774
6.32 5.14 5.98 17

1734617775
5.17 4.97 5.94 47

1734617776
5.17 4.97 5.94 24696

1734617777
4.41 4.84 5.91 45

1734617778
4.41 4.84 5.91 1585

1734617779
3.61 4.68 5.87 9927

1734617780
3.61 4.68 5.87 250

1734617781
2.96 4.53 5.82 152

1734617782
2.96 4.53 5.82 15299

1734617783
2.78 4.45 5.8 149858

1734617784
2.78 4.45 5.8 39206

1734617785
3.55 4.53 5.81 65

1734617786
3.55 4.53 5.81 8

1734617787
2.9 4.38 5.77 10

1734617788
2.9 4.38 5.77 594

1734617789
2.38 4.24 5.73 8

1734617790
2.38 4.24 5.73 0

1734617791
1.94 4.1 5.69 7976

1734617792
1.94 4.1 5.69 53158

1734617793
2.13 4.06 5.67 17120

1734617794
2.13 4.06 5.67 6224

1734617795
1.93 3.96 5.64 15352

1734617796
1.93 3.96 5.64 14957

1734617797
1.76 3.86 5.6 50032

1734617798
1.76 3.86 5.6 435614

1734617799
7.42 4.82 5.79 476750

1734617801
7.42 4.82 5.79 67354

1734617802
9.88 5.35 5.9 205614

1734617803
10.26 5.56 5.94 131089

1734617804
10.26 5.56 5.94 90657

1734617805
10.39 5.74 5.97 177997

1734617806
10.39 5.74 5.97 266555

1734617807
12.13 6.21 6.07 137564

1734617808
12.13 6.21 6.07 285695

1734617809
13.01 6.56 6.14 37497

1734617810
13.01 6.56 6.14 305236

1734617811
15.55 7.23 6.29 333729

1734617812
19.25 8.17 6.49 1058189

1734617814
26.27 9.8 6.84 915631

1734617816
26.27 9.8 6.84 3278

1734617817
33.29 11.61 7.24 2111270

1734617818
41.39 13.78 7.72 650620

1734617820
41.39 13.78 7.72 294145

1734617821
52.19 17.6 8.61 2731559

1734617823
52.19 17.6 8.61 0

1734617824
52.19 17.6 8.61 371959

1734617825
49.98 18.34 8.83 790793

1734617826
54.33 20.16 9.27 1134219

1734617827
54.33 20.16 9.27 7048

1734617828
54.33 20.16 9.27 392120

1734617830
54.45 21.3 9.59 855432

1734617831
53.1 22.14 9.84 717136

1734617832
53.1 22.14 9.84 309613

1734617833
51.63 22.89 10.08 902251

1734617834
51.63 22.89 10.08 668724

1734617835
54.42 24.33 10.47 841914

1734617836
59.59 26.25 10.97 2303661

1734617838
59.59 26.25 10.97 0

1734617839
62.93 27.94 11.43 488985

1734617840
61.49 28.83 11.73 1645337

1734617843
61.49 28.83 11.73 428204

1734617844
59.59 29.55 11.99 89385

1734617845
59.59 29.55 11.99 686308

1734617846
58.03 30.25 12.26 586467

1734617847
58.03 30.25 12.26 769705

1734617848
57.66 31.1 12.56 976055

1734617849
60.98 32.57 13.0 2219364

1734617851
60.98 32.57 13.0 0

1734617852
65.33 34.28 13.49 299597

1734617853
57.66 33.91 13.55 976435

1734617854
57.66 33.91 13.55 373359

1734617855
57.0 34.57 13.83 78202

1734617857
54.64 34.88 14.04 1804500

1734617859
54.64 34.88 14.04 0

1734617860
53.62 35.34 14.28 874630

1734617861
57.89 37.32 14.98 2236559

1734617864
57.89 37.32 14.98 588300

1734617865
57.89 37.32 14.98 278981

1734617866
59.36 38.26 15.33 246487

1734617867
59.36 38.26 15.33 640076

1734617868
56.03 38.35 15.51 265790

1734617870
52.04 38.2 15.63 681904

1734617871
52.04 38.2 15.63 194234

1734617872
43.43 37.42 15.77 1367868

1734617875
43.43 37.42 15.77 0

1734617876
59.79 41.17 17.01 3899906

1734617879
66.89 43.06 17.57 2444868

1734617882
66.89 43.06 17.57 8788

1734617883
66.89 43.06 17.57 224560

1734617884
63.11 43.16 17.77 1159508

1734617885
62.54 43.71 18.05 642378

1734617887
62.54 43.71 18.05 970332

1734617888
64.44 44.67 18.43 878736

1734617889
64.44 44.67 18.43 1535

1734617890
60.73 44.64 18.61 566299

1734617891
60.6 45.15 18.89 1027241

1734617892
60.6 45.15 18.89 384926

1734617893
60.6 45.15 18.89 599420

1734617894
61.4 45.8 19.2 329858

1734617895
61.4 45.8 19.2 488067

1734617896
56.79 45.47 19.32 459331

1734617897
54.11 45.36 19.47 764661

1734617898
54.11 45.36 19.47 19823

1734617899
56.06 46.17 19.99 2399253

1734617902
56.06 46.17 19.99 421047

1734617903
56.06 46.17 19.99 15432

1734617904
53.88 46.1 20.16 522862

1734617905
54.26 46.42 20.4 921829

1734617906
54.26 46.42 20.4 94449

1734617907
54.26 46.42 20.4 497572

1734617908
52.58 46.37 20.57 352659

1734617909
52.58 46.37 20.57 521618

1734617910
56.46 47.43 21.14 1755399

1734617912
56.46 47.43 21.14 1378783

1734617913
56.46 47.43 21.14 59902

1734617914
60.0 48.37 21.52 220491

1734617915
54.2 47.7 21.56 401063

1734617916
54.2 47.7 21.56 431268

1734617917
55.43 48.14 21.83 1608184

1734617918
55.43 48.14 21.83 140134

1734617920
58.43 48.92 22.18 1547373

1734617921
58.43 48.92 22.18 2304

1734617922
57.63 49.08 22.4 873914

1734617923
57.63 49.08 22.4 56368

1734617924
55.52 48.98 22.56 244761

1734617925
55.52 48.98 22.56 56855

1734617926
48.0 47.84 22.5 97365

1734617927
41.11 46.6 22.41 254816

1734617928
41.11 46.6 22.41 54368

1734617929
41.11 46.6 22.41 117332

1734617930
36.56 45.6 22.37 188295

1734617931
36.56 45.6 22.37 133375

1734617932
32.84 44.63 22.32 376302

1734617933
35.4 44.71 22.49 825603

1734617934
35.4 44.71 22.49 88803

1734617935
35.4 44.71 22.49 568670

1734617936
37.51 44.53 22.76 934130

1734617938
37.51 44.53 22.76 413

1734617939
37.51 44.53 22.76 9037

1734617940
31.62 43.23 22.64 3083

1734617941
31.62 43.23 22.64 1428

1734617942
25.89 41.82 22.48 892

1734617943
25.89 41.82 22.48 740

1734617944
21.2 40.45 22.33 926

1734617945
21.2 40.45 22.33 1174

1734617946
17.36 39.13 22.18 2088

1734617947
17.36 39.13 22.18 661

1734617948
14.21 37.85 22.02 720

1734617949
16.71 37.52 22.07 564950

1734617950
16.71 37.52 22.07 58788

1734617951
16.71 37.52 22.07 140946

1734617952
17.12 36.92 22.04 212896

1734617953
17.12 36.92 22.04 33377

1734617954
14.38 35.78 21.91 91

1734617955
14.38 35.78 21.91 1556

1734617956
11.78 34.6 21.76 19

1734617957
11.78 34.6 21.76 248

1734617958
9.82 33.5 21.62 1196581

1734617959
18.91 34.37 21.88 456675

1734617961
20.38 34.13 21.91 625248

1734617963
20.38 34.13 21.91 2910

1734617964
22.66 34.09 21.99 571863

1734617965
22.66 34.09 21.99 45036

1734617966
22.72 33.73 22.0 99285

1734617967
22.72 33.73 22.0 109341

1734617968
26.47 33.64 22.13 1329472

1734617970
26.47 33.64 22.13 794134

1734617971
32.18 34.44 22.38 735584

1734617972
32.18 34.44 22.38 0

1734617973
45.0 36.68 23.02 2955043

1734617976
58.31 39.74 23.85 3107853

1734617980
58.31 39.74 23.85 2

1734617981
58.79 40.44 24.1 834649

1734617982
58.79 40.44 24.1 870019

1734617983
70.29 44.63 25.34 4467280

1734617988
70.29 44.63 25.34 3841

1734617989
70.29 44.63 25.34 460378

1734617990
67.7 45.01 25.55 646478

1734617991
66.48 45.53 25.79 1876938

1734617992
66.48 45.53 25.79 107898

1734617994
66.94 46.3 26.08 558567

1734617995
66.94 46.3 26.08 438994

1734617996
60.25 45.76 26.11 43459

1734617997
60.25 45.76 26.11 315694

1734617998
53.14 44.95 26.08 112554

1734617999
53.14 44.95 26.08 70071

1734618000
44.39 43.68 26.06 1138581

1734618002
44.39 43.68 26.06 6623

1734618003
44.39 43.68 26.06 108439

1734618004
40.15 42.94 26.03 157655

1734618005
40.15 42.94 26.03 98857

1734618006
34.51 41.83 25.91 76559

1734618007
34.51 41.83 25.91 84968

1734618008
29.7 40.72 25.79 92090

1734618009
29.7 40.72 25.79 164784

1734618010
27.4 39.95 25.73 354863

1734618011
27.4 39.95 25.73 298657

1734618012
27.15 39.49 25.73 309177

1734618013
27.15 39.49 25.73 466254

1734618014
29.11 39.44 25.81 578324

1734618015
35.97 40.34 26.1 1153067

1734618016
46.3 42.07 26.55 2442557

1734618019
46.3 42.07 26.55 0

1734618020
47.52 42.42 26.73 136414

1734618021
47.52 42.42 26.73 583

1734618022
38.91 41.04 26.55 2766

1734618023
38.91 41.04 26.55 766

1734618024
31.86 39.69 26.37 713

1734618025
31.86 39.69 26.37 937

1734618026
26.09 38.39 26.19 245

1734618027
26.09 38.39 26.19 2747

1734618028
21.36 37.14 26.01 2224

1734618029
21.36 37.14 26.01 1870

1734618030
17.49 35.92 25.83 821

1734618031
17.49 35.92 25.83 458

1734618032
14.32 34.75 25.65 5445

1734618033
14.32 34.75 25.65 653

1734618034
12.27 33.71 25.5 67335

1734618035
12.27 33.71 25.5 204

1734618036
10.22 32.64 25.33 29636

1734618037
10.22 32.64 25.33 688692

1734618038
35.73 36.12 26.17 3512701

1734618041
35.73 36.12 26.17 212915

1734618042
39.22 36.73 26.36 474720

1734618043
39.22 36.73 26.36 23227

1734618044
35.92 36.22 26.33 136979

1734618045
31.22 35.36 26.21 545986

1734618046
31.22 35.36 26.21 0

1734618047
31.22 35.36 26.21 372550

1734618048
34.08 35.74 26.36 713598

1734618049
34.08 35.74 26.36 181256

1734618050
34.43 35.75 26.42 387572

1734618056
56.76 40.12 27.54 5185395

1734618057
54.99 40.35 27.68 1201586

1734618059
54.99 40.35 27.68 39559

1734618060
54.63 40.76 27.85 181817

1734618061
55.6 41.39 28.07 2917009

1734618063
55.6 41.39 28.07 0

1734618064
62.01 43.01 28.5 688809

1734618065
59.84 43.24 28.65 576989

1734618066
59.84 43.24 28.65 310260

1734618067
59.84 43.24 28.65 324346

1734618068
56.42 43.17 28.73 641955

1734618069
61.42 44.86 29.28 2668022

1734618072
61.42 44.86 29.28 1378

1734618073
67.52 47.04 29.95 3473405

1734618077
67.52 47.04 29.95 5755

1734618078
69.96 48.15 30.3 2029310

1734618079
73.23 49.45 30.7 1346197

1734618081
73.23 49.45 30.7 3467

1734618082
73.25 50.97 31.27 2720865

1734618084
73.25 50.97 31.27 399461

1734618085
73.25 50.97 31.27 504631

1734618087
73.93 51.83 31.59 1264016

1734618088
75.57 52.85 31.94 1046073

1734618089
75.57 52.85 31.94 645876

1734618090
74.02 53.31 32.18 413655

1734618092
72.93 53.79 32.42 2584715

1734618093
73.21 55.14 33.0 1765937

1734618096
73.21 55.14 33.0 236553

1734618097
73.21 55.14 33.0 239950

1734618099
69.28 55.41 33.36 1962426

1734618100
69.28 55.41 33.36 79915

1734618102
67.24 55.5 33.53 1856256

1734618103
67.24 55.5 33.53 9181

1734618104
65.02 55.48 33.67 222358

1734618105
65.02 55.48 33.67 258192

1734618107
59.04 54.71 33.66 1455699

1734618108
59.75 54.98 33.86 167255

1734618109
59.75 54.98 33.86 335156

1734618111
56.26 54.52 34.05 2215190

1734618113
56.26 54.52 34.05 45461

1734618114
58.02 54.9 34.27 1079712

1734618115
58.02 54.9 34.27 527994

1734618116
58.74 55.13 34.46 449085

1734618117
58.74 55.13 34.46 366155

1734618118
58.79 55.26 34.63 973894

1734618119
58.79 55.26 34.63 376040

1734618120
61.72 55.9 34.9 1086600

1734618121
61.72 55.9 34.9 275392

1734618122
59.6 55.71 35.01 667715

1734618123
59.31 55.78 35.16 1093587

1734618124
59.31 55.78 35.16 82333

1734618126
59.31 55.78 35.16 151696

1734618128
52.55 54.68 35.07 1161190

1734618129
54.08 54.88 35.25 1217094

1734618130
54.61 54.95 35.4 16910

1734618131
54.61 54.95 35.4 859048

1734618133
52.87 54.63 35.47 163874

1734618134
45.82 53.3 35.32 184976

1734618135
45.82 53.3 35.32 626461

1734618136
45.82 53.3 35.32 574110

1734618137
48.39 53.52 35.49 625477

1734618138
46.15 52.94 35.49 128975

1734618140
46.15 52.94 35.49 2062

1734618141
37.79 51.21 35.25 8980

1734618142
37.79 51.21 35.25 7425

1734618143
30.94 49.54 35.01 696

1734618144
30.94 49.54 35.01 160

1734618145
25.33 47.91 34.77 29

1734618146
25.33 47.91 34.77 317

1734618147
20.74 46.35 34.53 32642

1734618148
20.74 46.35 34.53 672

1734618149
17.16 44.86 34.3 184

1734618150
18.58 44.21 34.24 673068

1734618151
18.58 44.21 34.24 331990

1734618152
18.58 44.21 34.24 37645

1734618153
19.93 43.62 34.18 15516

1734618154
19.93 43.62 34.18 31498

1734618155
16.68 42.25 33.96 52811

1734618156
16.68 42.25 33.96 49761

1734618157
14.56 41.04 33.76 95339

1734618158
14.56 41.04 33.76 33924

1734618159
13.01 39.89 33.57 499

1734618160
13.01 39.89 33.57 379

1734618161
10.65 38.58 33.34 686

1734618162
10.65 38.58 33.34 718

1734618163
8.72 37.32 33.11 84776

1734618164
8.72 37.32 33.11 4473

1734618166
7.86 36.23 32.91 28742

1734618167
6.8 35.11 32.7 29706

1734618168
6.8 35.11 32.7 425

1734618169
5.75 33.99 32.49 2487

1734618170
5.75 33.99 32.49 212

1734618171
4.71 32.88 32.26 120

1734618173
3.85 31.81 32.04 1248

1734618174
3.85 31.81 32.04 1125

1734618175
3.15 30.76 31.82 264

1734618176
3.15 30.76 31.82 332

1734618177
2.58 29.76 31.61 422

1734618178
2.58 29.76 31.61 134

1734618179
2.11 28.78 31.39 1130

1734618180
1.91 27.87 31.18 47203

1734618181
1.91 27.87 31.18 3430

1734618182
1.91 27.87 31.18 420

1734618183
1.56 26.96 30.97 612

1734618184
1.56 26.96 30.97 181

1734618185
1.28 26.08 30.76 393

1734618186
1.28 26.08 30.76 1803

1734618187
1.05 25.23 30.55 322

1734618188
1.05 25.23 30.55 205

1734618189
9.03 25.11 30.44 989445

1734618190
9.03 25.11 30.44 286

1734618191
9.03 25.11 30.44 120719

1734618193
9.21 24.61 30.3 65272

1734618194
9.21 24.61 30.3 428

1734618195
7.72 23.84 30.1 133

1734618196
7.72 23.84 30.1 290

1734618197
6.32 23.06 29.9 624

1734618198
6.32 23.06 29.9 276

1734618199
5.17 22.3 29.69 38344

1734618200
5.17 22.3 29.69 440

1734618201
4.42 21.61 29.5 308

1734618202
4.42 21.61 29.5 2237

1734618203
3.62 20.9 29.29 584

1734618204
3.62 20.9 29.29 7628

1734618205
2.96 20.22 29.09 346

1734618206
2.96 20.22 29.09 74

1734618207
2.42 19.55 28.89 10505

1734618208
2.42 19.55 28.89 428

1734618209
1.98 18.91 28.7 16399

1734618210
1.98 18.91 28.7 286

1734618211
1.62 18.29 28.5 81

1734618212
1.62 18.29 28.5 332

1734618213
1.33 17.7 28.31 11219

1734618214
1.33 17.7 28.31 4234

1734618215
1.09 17.12 28.11 135

1734618216
1.09 17.12 28.11 402

1734618217
0.89 16.56 27.92 88

1734618218
0.89 16.56 27.92 713

1734618219
0.73 16.01 27.73 216

1734618220
0.73 16.01 27.73 196

1734618221
0.59 15.49 27.54 485

1734618222
0.59 15.49 27.54 782

1734618223
0.48 14.98 27.35 1550

1734618224
2.03 14.79 27.22 487645

1734618225
2.03 14.79 27.22 338536

1734618226
2.03 14.79 27.22 39450

1734618227
8.9 15.61 27.31 348441

1734618228
8.9 15.61 27.31 115135

1734618229
10.19 15.62 27.23 9998

1734618230
10.19 15.62 27.23 2601

1734618231
8.34 15.11 27.05 1247

1734618232
8.34 15.11 27.05 1036

1734618233
6.83 14.62 26.86 3640

1734618234
6.83 14.62 26.86 1173

1734618235
5.59 14.14 26.68 3013

1734618236
5.59 14.14 26.68 9737

1734618237
4.58 13.68 26.5 6457

1734618238
4.58 13.68 26.5 2505

1734618239
3.75 13.23 26.31 773

1734618240
3.75 13.23 26.31 853

1734618241
3.07 12.8 26.13 527

1734618242
3.07 12.8 26.13 1551

1734618243
2.51 12.38 25.95 729

1734618244
2.51 12.38 25.95 74761

1734618245
2.6 12.07 25.8 775

1734618246
2.6 12.07 25.8 37614

1734618247
2.31 11.71 25.63 730

1734618248
2.31 11.71 25.63 1980

1734618249
1.89 11.32 25.45 6283

1734618250
1.89 11.32 25.45 23038

1734618251
1.73 10.99 25.29 309927

1734618252
5.22 11.31 25.26 193284

1734618253
5.22 11.31 25.26 1952

1734618255
6.45 11.34 25.16 169342

1734618256
6.45 11.34 25.16 635

1734618257
5.28 10.96 24.99 148471

1734618258
5.28 10.96 24.99 395

1734618260
5.77 10.87 24.88 229697

1734618261
6.72 10.87 24.78 62789

1734618262
6.72 10.87 24.78 152516

1734618263
7.31 10.84 24.68 23938

1734618264
7.31 10.84 24.68 115093

1734618265
7.43 10.75 24.57 85706

1734618266
7.43 10.75 24.57 79458

1734618267
7.35 10.63 24.45 135273

1734618268
8.01 10.64 24.35 213451

1734618269
8.01 10.64 24.35 3563

1734618270
8.01 10.64 24.35 94303

1734618271
8.19 10.58 24.25 56492

1734618272
8.52 10.56 24.15 402253

1734618273
8.52 10.56 24.15 50839

1734618275
9.87 10.74 24.09 657992

1734618276
15.15 11.67 24.2 586689

1734618277
15.15 11.67 24.2 100698

1734618278
18.02 12.3 24.24 119145

1734618279
18.02 12.3 24.24 594

1734618280
16.57 12.22 24.14 219224

1734618282
16.57 12.22 24.14 733

1734618283
13.56 11.82 23.98 324

1734618284
13.56 11.82 23.98 9580

1734618285
11.29 11.47 23.82 44316

1734618286
10.87 11.39 23.72 313140

1734618287
10.87 11.39 23.72 51984

1734618288
12.89 11.73 23.71 290689

1734618291
15.62 12.27 23.74 1410090

1734618292
15.62 12.27 23.74 33101

1734618293
20.94 13.34 23.88 76609

1734618294
19.14 13.26 23.8 324440

1734618295
18.39 13.32 23.73 163822

1734618296
18.39 13.32 23.73 118153

1734618298
17.41 13.31 23.66 151371

1734618299
17.41 13.31 23.66 243727

1734618300
17.41 13.31 23.66 66451

1734618301
17.16 13.4 23.61 175952

1734618302
17.16 13.4 23.61 59936

1734618303
16.04 13.32 23.52 433

1734618304
16.04 13.32 23.52 5243

1734618305
13.13 12.88 23.36 8661

1734618306
13.13 12.88 23.36 636

1734618307
10.75 12.46 23.2 3360

1734618308
10.75 12.46 23.2 319

1734618309
8.8 12.05 23.04 179

1734618310
8.8 12.05 23.04 2507

1734618311
7.21 11.66 22.88 251083

1734618312
7.21 11.66 22.88 18988

1734618313
8.26 11.7 22.82 92587

1734618314
8.26 11.7 22.82 84107

1734618315
8.21 11.58 22.71 231519

1734618316
8.21 11.58 22.71 96781

1734618317
9.62 11.72 22.67 77325

1734618318
9.62 11.72 22.67 86534

1734618319
10.35 11.71 22.52 436196

1734618321
10.35 11.71 22.52 115936

1734618322
10.35 11.71 22.52 49754

1734618324
11.01 11.79 22.46 210986

1734618325
11.19 11.79 22.39 96279

1734618326
11.19 11.79 22.39 216472

1734618327
11.88 11.9 22.33 59448

1734618328
11.88 11.9 22.33 220796

1734618329
12.44 12.0 22.28 249387

1734618330
12.44 12.0 22.28 1520

1734618331
11.82 11.9 22.19 142182

1734618333
12.76 12.07 22.16 274197

1734618334
12.76 12.07 22.16 325356

1734618335
14.07 12.33 22.14 32239

1734618336
14.07 12.33 22.14 66770

1734618337
12.97 12.19 22.04 371274

1734618338
12.97 12.19 22.04 1302

1734618342
12.01 12.07 21.89 311437

1734618343
11.64 12.0 21.81 361949

1734618344
11.64 12.0 21.81 1100

1734618346
12.43 12.14 21.77 266103

1734618347
12.71 12.2 21.71 53840

1734618348
12.71 12.2 21.71 630

1734618349
10.59 11.83 21.57 450

1734618350
10.59 11.83 21.57 18217

1734618351
9.03 11.51 21.44 73264

1734618352
10.29 11.66 21.4 361699

1734618353
10.29 11.66 21.4 56684

1734618354
10.29 11.66 21.4 30429

1734618355
10.24 11.6 21.32 174291

1734618356
10.56 11.61 21.26 253463

1734618357
10.56 11.61 21.26 6881

1734618359
10.64 11.59 21.19 338475

1734618360
11.43 11.7 21.14 181854

1734618361
11.43 11.7 21.14 0

1734618362
11.71 11.75 21.09 545066

1734618363
14.48 12.25 21.13 249167

1734618365
14.48 12.25 21.13 7792

1734618366
14.48 12.25 21.13 139682

1734618367
14.03 12.24 21.06 64230

1734618368
13.3 12.16 20.99 227398

1734618369
13.3 12.16 20.99 5495

1734618370
13.3 12.16 20.99 19326

1734618371
11.61 11.9 20.87 654

1734618372
11.61 11.9 20.87 348

1734618373
9.51 11.51 20.73 8747

1734618374
9.51 11.51 20.73 5326

1734618375
7.78 11.13 20.59 90

1734618376
6.55 10.8 20.45 24291

1734618377
6.55 10.8 20.45 104349

1734618378
6.55 10.8 20.45 29

1734618379
6.27 10.61 20.35 45

1734618380
6.27 10.61 20.35 25

1734618381
5.13 10.26 20.21 41

1734618382
5.13 10.26 20.21 280

1734618383
4.2 9.92 20.07 247

1734618384
4.2 9.92 20.07 261

1734618385
3.44 9.6 19.93 109190

1734618386
4.45 9.58 19.86 105012

1734618387
4.45 9.58 19.86 172052

1734618388
4.45 9.58 19.86 5473

1734618389
5.27 9.56 19.78 695

1734618390
5.27 9.56 19.78 160

1734618391
4.32 9.25 19.65 624

1734618392
4.32 9.25 19.65 83

1734618393
3.53 8.94 19.51 759

1734618394
3.53 8.94 19.51 679

1734618395
2.89 8.65 19.38 273

1734618396
2.89 8.65 19.38 323

1734618397
2.37 8.37 19.25 813

1734618398
2.37 8.37 19.25 1665

1734618399
2.12 8.13 19.12 47006

1734618400
2.12 8.13 19.12 13794

1734618401
1.91 7.89 19.0 224

1734618402
1.91 7.89 19.0 159

1734618403
1.57 7.63 18.87 42959

1734618404
1.57 7.63 18.87 26210

1734618405
2.01 7.52 18.76 40387

1734618406
2.01 7.52 18.76 215

1734618407
1.64 7.27 18.64 125

1734618408
1.64 7.27 18.64 530

1734618409
1.34 7.03 18.51 66950

1734618410
1.34 7.03 18.51 817

1734618411
1.64 6.9 18.4 96

1734618412
1.64 6.9 18.4 642

1734618413
1.34 6.67 18.28 472

1734618414
1.34 6.67 18.28 162

1734618415
1.1 6.45 18.15 269

1734618416
1.1 6.45 18.15 281

1734618417
0.9 6.24 18.03 348

1734618418
0.9 6.24 18.03 558

1734618419
0.73 6.04 17.9 419

1734618420
0.73 6.04 17.9 790

1734618421
0.6 5.84 17.78 185

1734618422
0.6 5.84 17.78 664

1734618423
0.49 5.65 17.66 377

1734618424
0.49 5.65 17.66 612

1734618425
0.4 5.46 17.54 988

1734618426
0.4 5.46 17.54 471

1734618427
0.33 5.28 17.42 546

1734618428
0.33 5.28 17.42 412

1734618429
0.27 5.11 17.3 736

1734618430
0.27 5.11 17.3 212

1734618431
0.22 4.94 17.18 5600

1734618432
0.22 4.94 17.18 391

1734618433
0.18 4.78 17.06 403

1734618434
0.18 4.78 17.06 24926

1734618435
0.33 4.66 16.95 745

1734618436
0.33 4.66 16.95 491

1734618437
0.27 4.5 16.84 506

1734618438
0.27 4.5 16.84 802

1734618439
0.22 4.36 16.72 193

1734618440
0.22 4.36 16.72 46549

1734618441
0.72 4.31 16.63 34242

1734618442
0.72 4.31 16.63 216

1734618443
0.59 4.17 16.51 461

1734618444
0.59 4.17 16.51 404

1734618445
0.48 4.03 16.4 376

1734618446
0.48 4.03 16.4 678

1734618447
0.39 3.9 16.29 433

1734618448
0.39 3.9 16.29 374

1734618449
0.32 3.77 16.18 214

1734618450
0.32 3.77 16.18 585

1734618451
0.26 3.65 16.06 492

1734618452
0.26 3.65 16.06 614

1734618453
0.21 3.53 15.95 259

1734618454
0.21 3.53 15.95 1010

1734618455
0.17 3.41 15.85 255

1734618456
0.17 3.41 15.85 657

1734618457
0.14 3.3 15.74 8024

1734618458
0.14 3.3 15.74 792

1734618459
0.11 3.19 15.63 317

1734618460
0.11 3.19 15.63 7033

1734618461
0.09 3.09 15.52 619

1734618462
0.09 3.09 15.52 1033

1734618463
0.07 2.99 15.42 965

1734618464
0.07 2.99 15.42 205

1734618465
0.06 2.89 15.31 306

1734618466
0.06 2.89 15.31 725

1734618467
0.05 2.79 15.2 11351

1734618468
0.05 2.79 15.2 1516

1734618469
0.04 2.7 15.1 476

1734618470
0.04 2.7 15.1 453

1734618471
0.03 2.61 15.0 445

1734618472
0.03 2.61 15.0 3137

1734618473
0.2 2.56 14.9 47152

1734618474
1.07 2.64 14.83 133253

1734618475
1.07 2.64 14.83 1354

1734618477
1.06 2.59 14.74 6414

1734618478
1.06 2.59 14.74 556

1734618479
0.87 2.5 14.64 591

1734618480
0.87 2.5 14.64 436

1734618481
0.71 2.42 14.54 296

1734618482
0.71 2.42 14.54 461

1734618483
0.58 2.34 14.44 251

1734618484
0.58 2.34 14.44 0

1734618485
0.47 2.26 14.34 108

1734618486
0.47 2.26 14.34 165

1734618487
0.39 2.19 14.24 344

1734618488
0.39 2.19 14.24 126

1734618489
0.31 2.12 14.14 530

1734618490
0.31 2.12 14.14 243

1734618491
0.26 2.05 14.05 606

1734618492
0.26 2.05 14.05 169

1734618493
0.21 1.98 13.95 673

1734618494
0.21 1.98 13.95 24

1734618495
0.17 1.91 13.85 607

1734618496
0.17 1.91 13.85 10602

1734618497
0.14 1.85 13.76 8551

1734618498
0.14 1.85 13.76 331

1734618499
0.11 1.79 13.66 530

1734618500
0.11 1.79 13.66 798

1734618501
0.09 1.73 13.57 503

1734618502
0.09 1.73 13.57 1159

1734618503
0.07 1.67 13.48 278

1734618504
0.07 1.67 13.48 247

1734618505
0.06 1.62 13.39 378

1734618506
0.06 1.62 13.39 576

1734618507
6.56 2.69 13.45 993799

1734618509
6.56 2.69 13.45 1708

1734618510
6.56 2.69 13.45 1818

1734618511
7.54 3.0 13.44 332

1734618512
7.54 3.0 13.44 1029

1734618513
6.18 2.9 13.35 5

1734618514
6.18 2.9 13.35 56

1734618515
5.06 2.8 13.25 337

1734618516
5.06 2.8 13.25 709

1734618517
4.14 2.71 13.16 671

1734618518
4.14 2.71 13.16 6670

1734618519
3.39 2.62 13.07 982

1734618520
3.39 2.62 13.07 454

1734618521
2.77 2.54 12.98 781

1734618522
2.77 2.54 12.98 321

1734618523
2.27 2.45 12.89 1312

1734618524
2.27 2.45 12.89 31

1734618525
1.86 2.37 12.81 692

1734618526
1.86 2.37 12.81 431

1734618527
1.52 2.29 12.72 148

1734618528
1.52 2.29 12.72 408

1734618529
1.24 2.22 12.63 872

1734618530
1.24 2.22 12.63 249

1734618531
1.02 2.14 12.54 786

1734618532
1.02 2.14 12.54 740

1734618533
0.83 2.07 12.46 1212

1734618534
0.83 2.07 12.46 533

1734618535
0.68 2.01 12.37 18207

1734618536
0.68 2.01 12.37 472

1734618537
0.56 1.94 12.29 165

1734618538
0.56 1.94 12.29 60

1734618539
0.45 1.88 12.2 98

1734618540
0.45 1.88 12.2 365

1734618541
0.37 1.81 12.12 36207

1734618542
0.37 1.81 12.12 40277

1734618543
0.85 1.85 12.06 8228

1734618544
0.85 1.85 12.06 366

1734618545
0.69 1.79 11.98 375

1734618546
0.69 1.79 11.98 640

1734618547
0.57 1.73 11.89 132

1734618548
0.57 1.73 11.89 299

1734618549
0.46 1.68 11.81 842

1734618550
0.46 1.68 11.81 339

1734618551
0.38 1.62 11.73 480

1734618552
0.38 1.62 11.73 1040

1734618553
0.31 1.57 11.65 612

1734618554
0.31 1.57 11.65 49894

1734618555
0.79 1.61 11.59 46161

1734618556
0.79 1.61 11.59 7447

1734618557
0.83 1.59 11.52 198

1734618558
0.83 1.59 11.52 39

1734618559
0.68 1.54 11.44 232

1734618560
0.68 1.54 11.44 575

1734618561
0.56 1.49 11.36 452

1734618562
0.56 1.49 11.36 37

1734618563
0.45 1.44 11.28 524

1734618564
0.45 1.44 11.28 360

1734618565
0.37 1.39 11.2 478

1734618566
0.37 1.39 11.2 83

1734618567
0.3 1.35 11.13 94

1734618568
0.3 1.35 11.13 12590

1734618569
0.25 1.3 11.05 733

1734618570
0.25 1.3 11.05 60

1734618571
0.2 1.26 10.98 348

1734618572
0.2 1.26 10.98 486

1734618573
0.16 1.22 10.9 782

1734618574
0.16 1.22 10.9 45084

1734618575
0.68 1.28 10.85 18690

1734618576
0.68 1.28 10.85 221

1734618577
0.55 1.24 10.77 1131

1734618578
0.55 1.24 10.77 349

1734618579
0.45 1.19 10.7 565

1734618580
0.45 1.19 10.7 18608

1734618581
0.55 1.19 10.63 5198

1734618582
0.55 1.19 10.63 416

1734618583
0.45 1.15 10.56 1240

1734618584
0.45 1.15 10.56 523

1734618585
0.37 1.11 10.49 532

1734618586
0.37 1.11 10.49 32625

1734618587
0.84 1.17 10.44 142247

1734618588
0.84 1.17 10.44 16218

1734618589
1.78 1.33 10.41 3654

1734618590
1.78 1.33 10.41 834

1734618591
1.45 1.29 10.33 16529

1734618592
1.45 1.29 10.33 278

1734618593
1.19 1.24 10.26 303

1734618594
1.19 1.24 10.26 5326

1734618595
1.15 1.24 10.2 15501

1734618596
1.15 1.24 10.2 739

1734618597
0.94 1.19 10.13 317

1734618598
0.94 1.19 10.13 1536

1734618599
0.77 1.16 10.06 266

1734618600
0.77 1.16 10.06 592

1734618601
0.63 1.12 9.99 687

1734618602
0.63 1.12 9.99 1184

1734618603
0.52 1.08 9.92 915

1734618604
0.52 1.08 9.92 319

1734618605
0.42 1.04 9.86 145

1734618606
0.42 1.04 9.86 58027

1734618607
0.89 1.11 9.81 19002

1734618608
0.89 1.11 9.81 1924

1734618609
0.73 1.07 9.74 245

1734618610
0.73 1.07 9.74 235

1734618611
0.59 1.04 9.67 509

1734618612
0.59 1.04 9.67 540

1734618613
0.48 1.0 9.61 849

1734618614
0.48 1.0 9.61 144

1734618615
0.4 0.97 9.54 252

1734618616
0.4 0.97 9.54 635

1734618617
0.32 0.94 9.48 569

1734618618
0.32 0.94 9.48 257

1734618619
0.26 0.91 9.41 444

1734618620
0.26 0.91 9.41 443

1734618621
0.21 0.88 9.35 394

1734618622
0.21 0.88 9.35 393

1734618623
0.17 0.85 9.28 5795

1734618624
0.17 0.85 9.28 387

1734618625
0.14 0.82 9.22 394

1734618626
0.14 0.82 9.22 970

1734618627
0.11 0.79 9.16 303

1734618628
0.11 0.79 9.16 2427

1734618629
0.09 0.76 9.09 27

1734618630
0.09 0.76 9.09 24

1734618631
0.07 0.74 9.03 27

1734618632
0.07 0.74 9.03 0

1734618633
0.06 0.71 8.97 3358

1734618634
0.06 0.71 8.97 0

1734618635
0.05 0.69 8.91 0

1734618636
0.05 0.69 8.91 5

1734618637
0.04 0.67 8.85 8

1734618638
0.04 0.67 8.85 53019

1734618639
0.57 0.74 8.81 18872

1734618640
0.57 0.74 8.81 0

1734618641
0.47 0.72 8.74 0

1734618642
0.47 0.72 8.74 160

1734618643
0.38 0.7 8.68 74

1734618644
0.38 0.7 8.68 16954

1734618645
0.31 0.67 8.62 0

1734618646
0.31 0.67 8.62 13

1734618647
0.25 0.65 8.57 0

1734618648
0.25 0.65 8.57 6

1734618649
0.21 0.63 8.51 7295

1734618650
0.21 0.63 8.51 0

1734618651
0.17 0.61 8.45 57

1734618652
0.17 0.61 8.45 0

1734618653
0.32 0.62 8.4 44056

1734618654
0.32 0.62 8.4 61709

1734618655
3.16 1.12 8.45 322477

1734618656
3.16 1.12 8.45 386832

1734618657
7.66 2.0 8.58 128441

1734618658
7.66 2.0 8.58 35260

1734618659
6.81 2.04 8.54 27380

1734618660
6.81 2.04 8.54 52459

1734618661
6.3 2.1 8.51 42040

1734618662
6.3 2.1 8.51 71842

1734618663
6.07 2.19 8.49 47132

1734618664
6.07 2.19 8.49 38672

1734618665
6.23 2.35 8.48 101852

1734618666
6.23 2.35 8.48 20531

1734618667
5.47 2.34 8.43 19624

1734618668
5.47 2.34 8.43 19136

1734618669
4.66 2.3 8.38 12876

1734618670
4.66 2.3 8.38 19447

1734618671
3.99 2.25 8.33 13411

1734618672
3.99 2.25 8.33 7267

1734618673
3.45 2.21 8.28 14367

1734618674
3.45 2.21 8.28 8623

1734618675
2.82 2.14 8.22 10035

1734618676
2.82 2.14 8.22 8766

1734618677
2.31 2.07 8.17 4635

1734618678
2.31 2.07 8.17 10059

1734618679
1.89 2.0 8.11 6115

1734618680
1.89 2.0 8.11 9555

1734618681
1.55 1.93 8.06 6049

1734618682
1.55 1.93 8.06 6222

1734618683
1.27 1.87 8.0 3486

1734618684
1.27 1.87 8.0 7665

1734618685
1.04 1.81 7.95 4557

1734618686
1.04 1.81 7.95 5293

1734618687
0.85 1.75 7.89 3707

1734618688
0.85 1.75 7.89 3243

1734618689
0.69 1.69 7.84 4189

1734618690
0.69 1.69 7.84 10849

1734618691
0.57 1.64 7.78 4747

1734618692
0.57 1.64 7.78 5199

1734618693
0.46 1.58 7.73 4482

1734618694
0.46 1.58 7.73 1286

1734618695
0.38 1.53 7.68 1872

1734618696
0.38 1.53 7.68 1469

1734618697
0.31 1.48 7.62 1292

1734618698
0.31 1.48 7.62 652

1734618699
0.25 1.43 7.57 354

1734618700
0.25 1.43 7.57 1059

1734618701
0.2 1.38 7.52 741

1734618702
0.2 1.38 7.52 1900

1734618703
0.17 1.34 7.47 3520

1734618704
0.17 1.34 7.47 1759

1734618705
0.14 1.29 7.42 822

1734618706
0.14 1.29 7.42 3955

1734618707
0.11 1.25 7.37 1809

1734618708
0.11 1.25 7.37 0

1734618709
0.09 1.21 7.31 0

1734618710
0.09 1.21 7.31 0

1734618711
0.07 1.17 7.26 0

1734618712
0.07 1.17 7.26 0

1734618713
0.06 1.13 7.21 0

1734618714
0.06 1.13 7.21 0

1734618715
0.05 1.09 7.16 0

1734618716
0.05 1.09 7.16 0

1734618717
0.04 1.06 7.12 5

1734618718
0.04 1.06 7.12 0

1734618719
0.03 1.02 7.07 100

1734618720
0.03 1.02 7.07 86

1734618721
0.02 0.99 7.02 963

1734618722
0.02 0.99 7.02 0

1734618723
0.02 0.96 6.97 0

1734618724
0.02 0.96 6.97 0

1734618725
0.01 0.92 6.92 0

1734618726
0.01 0.92 6.92 0

1734618727
0.01 0.89 6.87 0

1734618728
0.01 0.89 6.87 0

1734618729
0.01 0.86 6.83 6999

1734618730
0.01 0.86 6.83 0

1734618731
0.0 0.83 6.78 0

1734618732
0.0 0.83 6.78 0

1734618733
0.0 0.81 6.73 1705

1734618734
0.0 0.81 6.73 0

1734618735
0.0 0.78 6.69 0

1734618736
0.0 0.78 6.69 0

1734618737
0.0 0.75 6.64 0

1734618738
0.0 0.75 6.64 0

1734618739
0.0 0.73 6.6 0

1734618740
0.0 0.73 6.6 0

1734618741
0.0 0.7 6.55 2437

1734618742
0.0 0.7 6.55 0

1734618743
0.0 0.68 6.51 0

1734618744
0.0 0.68 6.51 0

1734618745
0.0 0.66 6.46 0

1734618746
0.0 0.66 6.46 0

1734618747
0.0 0.64 6.42 0

1734618748
0.0 0.64 6.42 0

1734618749
0.0 0.62 6.37 0

1734618750
0.0 0.62 6.37 0

1734618751
0.0 0.6 6.33 1

1734618752
0.0 0.6 6.33 0

1734618753
0.0 0.58 6.28 0

1734618754
0.0 0.58 6.28 0

1734618755
0.0 0.56 6.24 0

1734618756
0.0 0.56 6.24 3

1734618757
0.0 0.54 6.2 0

1734618758
0.0 0.54 6.2 0

1734618759
0.0 0.52 6.16 0

1734618760
0.0 0.52 6.16 0

1734618761
0.0 0.5 6.11 737

1734618762
0.0 0.5 6.11 75

1734618763
3.07 1.04 6.19 342649

1734618764
3.07 1.04 6.19 1044402

1734618765
3.07 1.04 6.19 65514

1734618767
12.3 2.77 6.52 46701

