1734617697
0.0 0.0 0.0 0

1734617698
0.0 0.0 0.0 0

1734617699
0.0 0.0 0.0 7

1734617700
0.0 0.0 0.0 0

1734617701
0.0 0.0 0.0 0

1734617702
0.0 0.0 0.0 0

1734617703
0.0 0.0 0.0 0

1734617704
0.0 0.0 0.0 0

1734617705
0.0 0.0 0.0 0

1734617706
0.0 0.0 0.0 0

1734617707
0.0 0.0 0.0 0

1734617708
0.0 0.0 0.0 0

1734617709
0.0 0.0 0.0 0

1734617710
0.0 0.0 0.0 0

1734617711
0.0 0.0 0.0 0

1734617712
0.0 0.0 0.0 0

1734617713
0.0 0.0 0.0 0

1734617714
0.0 0.0 0.0 0

1734617715
0.0 0.0 0.0 0

1734617716
0.0 0.0 0.0 0

1734617717
0.0 0.0 0.0 0

1734617718
0.0 0.0 0.0 0

1734617719
0.0 0.0 0.0 0

1734617720
0.0 0.0 0.0 0

1734617721
0.0 0.0 0.0 0

1734617722
0.0 0.0 0.0 0

1734617723
0.0 0.0 0.0 0

1734617724
0.0 0.0 0.0 0

1734617725
0.0 0.0 0.0 0

1734617726
0.0 0.0 0.0 0

1734617727
0.0 0.0 0.0 0

1734617728
0.0 0.0 0.0 0

1734617729
0.0 0.0 0.0 0

1734617730
0.0 0.0 0.0 0

1734617731
0.0 0.0 0.0 0

1734617732
0.0 0.0 0.0 0

1734617733
0.0 0.0 0.0 0

1734617734
0.0 0.0 0.0 17

1734617735
0.0 0.0 0.0 0

1734617736
0.0 0.0 0.0 0

1734617737
0.0 0.0 0.0 0

1734617738
0.0 0.0 0.0 0

1734617739
0.0 0.0 0.0 0

1734617740
0.0 0.0 0.0 0

1734617741
0.0 0.0 0.0 0

1734617742
0.0 0.0 0.0 0

1734617743
0.0 0.0 0.0 5

1734617744
0.0 0.0 0.0 0

1734617745
0.0 0.0 0.0 0

1734617746
0.0 0.0 0.0 16

1734617747
0.0 0.0 0.0 0

1734617748
0.0 0.0 0.0 0

1734617749
0.0 0.0 0.0 0

1734617750
0.0 0.0 0.0 0

1734617751
0.0 0.0 0.0 0

1734617752
0.0 0.0 0.0 12

1734617753
0.0 0.0 0.0 0

1734617754
0.0 0.0 0.0 0

1734617755
0.0 0.0 0.0 0

1734617756
0.0 0.0 0.0 0

1734617757
0.0 0.0 0.0 0

1734617758
0.0 0.0 0.0 0

1734617759
0.0 0.0 0.0 0

1734617760
0.0 0.0 0.0 0

1734617761
0.0 0.0 0.0 0

1734617762
0.0 0.0 0.0 0

1734617763
0.0 0.0 0.0 0

1734617764
0.0 0.0 0.0 0

1734617765
0.0 0.0 0.0 0

1734617766
0.0 0.0 0.0 0

1734617767
0.0 0.0 0.0 0

1734617768
0.0 0.0 0.0 0

1734617769
0.0 0.0 0.0 0

1734617770
0.0 0.0 0.0 0

1734617771
0.0 0.0 0.0 0

1734617772
0.0 0.0 0.0 0

1734617773
0.0 0.0 0.0 0

1734617774
0.0 0.0 0.0 0

1734617775
0.0 0.0 0.0 0

1734617776
0.0 0.0 0.0 0

1734617777
0.0 0.0 0.0 0

1734617778
0.0 0.0 0.0 0

1734617779
0.0 0.0 0.0 0

1734617780
0.0 0.0 0.0 0

1734617781
0.0 0.0 0.0 0

1734617782
0.0 0.0 0.0 0

1734617783
0.0 0.0 0.0 0

1734617784
0.0 0.0 0.0 0

1734617785
0.0 0.0 0.0 0

1734617786
0.0 0.0 0.0 0

1734617787
0.0 0.0 0.0 0

1734617788
0.0 0.0 0.0 9

1734617789
0.0 0.0 0.0 0

1734617790
0.0 0.0 0.0 0

1734617791
0.0 0.0 0.0 0

1734617792
0.0 0.0 0.0 0

1734617793
0.0 0.0 0.0 0

1734617794
0.0 0.0 0.0 0

1734617795
0.0 0.0 0.0 0

1734617796
0.0 0.0 0.0 0

1734617797
0.0 0.0 0.0 0

1734617798
0.0 0.0 0.0 5351

1734617799
0.9 0.16 0.03 309406

1734617801
0.9 0.16 0.03 4113

1734617802
3.27 0.61 0.12 150668

1734617803
3.4 0.72 0.15 6846

1734617804
3.4 0.72 0.15 12278

1734617805
2.79 0.7 0.15 5014

1734617806
2.79 0.7 0.15 6557

1734617807
2.82 0.77 0.17 69715

1734617808
2.82 0.77 0.17 1925

1734617809
2.31 0.75 0.17 15081

1734617810
2.31 0.75 0.17 38087

1734617811
2.25 0.79 0.18 1392

1734617812
2.39 0.86 0.2 446490

1734617814
5.58 1.49 0.34 35907

1734617816
5.58 1.49 0.34 526

1734617817
4.57 1.44 0.33 5111

1734617818
3.74 1.39 0.33 1286

1734617820
3.74 1.39 0.33 2136

1734617821
2.69 1.33 0.33 34454

1734617823
2.69 1.33 0.33 0

1734617824
2.69 1.33 0.33 650

1734617825
2.2 1.29 0.33 767

1734617826
1.8 1.25 0.33 9089

1734617827
1.8 1.25 0.33 431

1734617828
1.8 1.25 0.33 21756

1734617830
1.65 1.24 0.33 1733

1734617831
1.35 1.2 0.33 2721

1734617832
1.35 1.2 0.33 24418

1734617833
1.29 1.19 0.34 11940

1734617834
1.29 1.19 0.34 0

1734617835
1.05 1.15 0.33 455

1734617836
0.86 1.11 0.33 0

1734617838
0.86 1.11 0.33 0

1734617839
0.7 1.08 0.33 1144

1734617840
0.58 1.04 0.33 7097

1734617843
0.58 1.04 0.33 1

1734617844
0.47 1.01 0.32 716

1734617845
0.47 1.01 0.32 2365

1734617846
0.38 0.97 0.32 25322

1734617847
0.38 0.97 0.32 1904

1734617848
0.31 0.94 0.32 21216

1734617849
0.98 1.04 0.34 194199

1734617851
0.98 1.04 0.34 0

1734617852
1.89 1.2 0.38 129595

1734617853
2.63 1.36 0.42 26773

1734617854
2.63 1.36 0.42 2151

1734617855
2.15 1.32 0.42 116

1734617857
1.76 1.27 0.42 951

1734617859
1.76 1.27 0.42 0

1734617860
1.44 1.23 0.41 15054

1734617861
0.97 1.15 0.41 1

1734617864
0.97 1.15 0.41 667

1734617865
0.97 1.15 0.41 1409

1734617866
0.79 1.11 0.4 8766

1734617867
0.79 1.11 0.4 9062

1734617868
0.83 1.11 0.41 28097

1734617870
0.86 1.1 0.41 6157

1734617871
0.86 1.1 0.41 22388

1734617872
1.02 1.13 0.43 40352

1734617875
1.02 1.13 0.43 0

1734617876
0.56 1.02 0.42 1852

1734617879
0.45 0.99 0.42 0

1734617882
0.45 0.99 0.42 0

1734617883
0.45 0.99 0.42 2360

1734617884
0.37 0.95 0.41 1370

1734617885
0.3 0.92 0.41 0

1734617887
0.3 0.92 0.41 0

1734617888
0.25 0.89 0.41 0

1734617889
0.25 0.89 0.41 0

1734617890
0.2 0.86 0.4 0

1734617891
0.16 0.83 0.4 0

1734617892
0.16 0.83 0.4 2254

1734617893
0.16 0.83 0.4 4334

1734617894
0.13 0.8 0.4 23730

1734617895
0.13 0.8 0.4 1644

1734617896
0.29 0.81 0.4 1863

1734617897
0.24 0.78 0.4 11450

1734617898
0.24 0.78 0.4 0

1734617899
2.71 1.22 0.5 318203

1734617902
2.71 1.22 0.5 1210

1734617903
2.71 1.22 0.5 0

1734617904
2.22 1.18 0.49 559

1734617905
1.81 1.14 0.49 0

1734617906
1.81 1.14 0.49 957

1734617907
1.81 1.14 0.49 830

1734617908
1.48 1.1 0.49 0

1734617909
1.48 1.1 0.49 2691

1734617910
0.99 1.03 0.48 5604

1734617912
0.99 1.03 0.48 0

1734617913
0.99 1.03 0.48 0

1734617914
0.81 1.0 0.48 75968

1734617915
2.11 1.22 0.53 91596

1734617916
2.11 1.22 0.53 1540

1734617917
1.73 1.18 0.52 646

1734617918
1.73 1.18 0.52 0

1734617920
1.41 1.15 0.52 231361

1734617921
1.41 1.15 0.52 0

1734617922
3.15 1.47 0.59 781891

1734617923
3.15 1.47 0.59 28897

1734617924
9.83 2.73 0.86 64483

1734617925
9.83 2.73 0.86 359

1734617926
8.59 2.74 0.88 0

1734617927
7.21 2.68 0.88 30821

1734617928
7.21 2.68 0.88 352

1734617929
7.21 2.68 0.88 1053

1734617930
5.9 2.59 0.87 105

1734617931
5.9 2.59 0.87 4

1734617932
4.83 2.51 0.86 5

1734617933
3.96 2.42 0.86 152

1734617934
3.96 2.42 0.86 0

1734617935
3.96 2.42 0.86 1

1734617936
2.65 2.27 0.85 0

1734617938
2.65 2.27 0.85 0

1734617939
2.65 2.27 0.85 1

1734617940
2.17 2.19 0.84 0

1734617941
2.17 2.19 0.84 0

1734617942
1.78 2.12 0.83 0

1734617943
1.78 2.12 0.83 0

1734617944
1.45 2.05 0.83 0

1734617945
1.45 2.05 0.83 0

1734617946
1.19 1.98 0.82 0

1734617947
1.19 1.98 0.82 0

1734617948
0.97 1.92 0.82 0

1734617949
0.8 1.85 0.81 1

1734617950
0.8 1.85 0.81 0

1734617951
0.8 1.85 0.81 1253

1734617952
0.65 1.79 0.8 0

1734617953
0.65 1.79 0.8 0

1734617954
0.53 1.73 0.8 0

1734617955
0.53 1.73 0.8 0

1734617956
0.43 1.68 0.79 0

1734617957
0.43 1.68 0.79 1

1734617958
0.35 1.62 0.79 618220

1734617959
5.72 2.55 0.99 5132

1734617961
4.69 2.47 0.98 5278

1734617963
4.69 2.47 0.98 0

1734617964
3.84 2.39 0.97 3102

1734617965
3.84 2.39 0.97 0

1734617966
3.32 2.34 0.97 18609

1734617967
3.32 2.34 0.97 9534

1734617968
2.22 2.19 0.96 0

1734617970
2.22 2.19 0.96 425460

1734617971
5.62 2.8 1.1 611

1734617972
5.62 2.8 1.1 0

1734617973
18.95 5.37 1.66 2318578

1734617976
17.45 6.04 1.85 14812

1734617980
17.45 6.04 1.85 0

1734617981
14.29 5.84 1.84 506

1734617982
14.29 5.84 1.84 498

1734617983
7.84 5.28 1.8 0

1734617988
7.84 5.28 1.8 0

1734617989
7.84 5.28 1.8 2005

1734617990
6.42 5.11 1.79 18824

1734617991
13.05 6.35 2.07 1535453

1734617992
13.05 6.35 2.07 73473

1734617994
17.75 7.42 2.32 31228

1734617995
17.75 7.42 2.32 28300

1734617996
14.71 7.21 2.31 9138

1734617997
14.71 7.21 2.31 192417

1734617998
13.68 7.27 2.36 644

1734617999
13.68 7.27 2.36 2363

1734618000
9.17 6.8 2.32 5380

1734618002
9.17 6.8 2.32 0

1734618003
9.17 6.8 2.32 0

1734618004
7.51 6.57 2.31 0

1734618005
7.51 6.57 2.31 819

1734618006
6.15 6.36 2.29 0

1734618007
6.15 6.36 2.29 39

1734618008
5.03 6.15 2.28 128

1734618009
5.03 6.15 2.28 16966

1734618010
5.39 6.18 2.31 333492

1734618011
5.39 6.18 2.31 46655

1734618012
6.58 6.37 2.38 3194

1734618013
6.58 6.37 2.38 0

1734618014
5.39 6.16 2.36 0

1734618015
4.41 5.96 2.34 0

1734618016
3.61 5.76 2.33 0

1734618019
3.61 5.76 2.33 0

1734618020
2.96 5.57 2.31 56

1734618021
2.96 5.57 2.31 250

1734618022
2.42 5.39 2.29 33

1734618023
2.42 5.39 2.29 0

1734618024
1.98 5.21 2.28 59

1734618025
1.98 5.21 2.28 0

1734618026
1.62 5.04 2.26 0

1734618027
1.62 5.04 2.26 1

1734618028
1.33 4.88 2.25 10

1734618029
1.33 4.88 2.25 1

1734618030
1.08 4.72 2.23 0

1734618031
1.08 4.72 2.23 0

1734618032
0.89 4.56 2.22 1

1734618033
0.89 4.56 2.22 1

1734618034
0.73 4.41 2.2 1

1734618035
0.73 4.41 2.2 0

1734618036
0.59 4.27 2.18 1

1734618037
0.59 4.27 2.18 0

1734618038
0.4 3.99 2.15 0

1734618041
0.4 3.99 2.15 0

1734618042
0.32 3.86 2.14 871

1734618043
0.32 3.86 2.14 1

1734618044
0.26 3.73 2.12 0

1734618045
0.21 3.61 2.11 1

1734618046
0.21 3.61 2.11 0

1734618047
0.21 3.61 2.11 503

1734618048
0.17 3.49 2.09 0

1734618049
0.17 3.49 2.09 21

1734618050
0.14 3.38 2.08 1

1734618056
0.07 3.06 2.04 0

1734618057
0.06 2.96 2.02 687180

1734618059
0.06 2.96 2.02 38624

1734618060
7.11 4.14 2.28 55237

1734618061
5.82 4.0 2.26 12353

1734618063
5.82 4.0 2.26 0

1734618064
5.31 3.97 2.27 455882

1734618065
10.69 4.98 2.49 446936

1734618066
10.69 4.98 2.49 289153

1734618067
10.69 4.98 2.49 176759

1734618068
14.55 5.87 2.69 132781

1734618069
10.2 5.58 2.68 15370

1734618072
10.2 5.58 2.68 5

1734618073
23.41 8.34 3.29 2392092

1734618077
23.41 8.34 3.29 19

1734618078
23.69 8.88 3.44 761990

1734618079
29.91 10.49 3.82 1122398

1734618081
29.91 10.49 3.82 3497

1734618082
25.94 11.05 4.03 163834

1734618084
25.94 11.05 4.03 0

1734618085
25.94 11.05 4.03 109493

1734618087
23.23 11.05 4.08 544012

1734618088
23.01 11.41 4.2 7272

1734618089
23.01 11.41 4.2 20366

1734618090
19.02 11.07 4.18 33245

1734618092
25.35 12.47 4.52 2480441

1734618093
28.19 14.04 4.97 91314

1734618096
28.19 14.04 4.97 6139

1734618097
28.19 14.04 4.97 44200

1734618099
19.2 13.2 4.91 1364

1734618100
19.2 13.2 4.91 0

1734618102
15.72 12.77 4.88 2345

1734618103
15.72 12.77 4.88 0

1734618104
13.05 12.39 4.85 65682

1734618105
13.05 12.39 4.85 154226

1734618107
12.32 12.27 4.88 802

1734618108
10.08 11.87 4.85 2330

1734618109
10.08 11.87 4.85 1754

1734618111
6.76 11.11 4.78 0

1734618113
6.76 11.11 4.78 0

1734618114
5.53 10.74 4.75 1022

1734618115
5.53 10.74 4.75 0

1734618116
4.53 10.39 4.71 345

1734618117
4.53 10.39 4.71 0

1734618118
3.71 10.05 4.68 1

1734618119
3.71 10.05 4.68 0

1734618120
3.04 9.72 4.65 499

1734618121
3.04 9.72 4.65 225595

1734618122
4.84 9.83 4.71 56398

1734618123
3.96 9.51 4.67 297

1734618124
3.96 9.51 4.67 399

1734618126
3.96 9.51 4.67 86279

1734618128
3.97 9.33 4.67 334

1734618129
3.25 9.02 4.64 19193

1734618130
2.66 8.73 4.61 0

1734618131
2.66 8.73 4.61 1366

1734618133
2.18 8.44 4.57 24012

1734618134
3.41 8.46 4.6 166108

1734618135
3.41 8.46 4.6 601266

1734618136
3.41 8.46 4.6 556297

1734618137
13.3 10.08 4.97 601386

1734618138
16.87 10.83 5.16 102194

1734618140
16.87 10.83 5.16 2984

1734618141
13.81 10.47 5.13 9518

1734618142
13.81 10.47 5.13 1013

1734618143
11.31 10.13 5.09 1775

1734618144
11.31 10.13 5.09 737

1734618145
9.26 9.8 5.06 0

1734618146
9.26 9.8 5.06 180

1734618147
7.58 9.48 5.02 321

1734618148
7.58 9.48 5.02 5823

1734618149
6.21 9.17 4.99 2227

1734618150
9.61 9.69 5.12 679428

1734618151
9.61 9.69 5.12 333541

1734618152
9.61 9.69 5.12 21754

1734618153
12.4 10.19 5.26 17072

1734618154
12.4 10.19 5.26 26359

1734618155
10.33 9.89 5.23 243

1734618156
10.33 9.89 5.23 10856

1734618157
8.46 9.56 5.19 13983

1734618158
8.46 9.56 5.19 3072

1734618159
6.93 9.25 5.16 9024

1734618160
6.93 9.25 5.16 956

1734618161
5.67 8.95 5.12 2208

1734618162
5.67 8.95 5.12 5041

1734618163
4.64 8.65 5.09 8120

1734618164
4.64 8.65 5.09 5676

1734618166
3.8 8.37 5.05 5434

1734618167
3.11 8.1 5.02 351

1734618168
3.11 8.1 5.02 247

1734618169
2.55 7.83 4.98 0

1734618170
2.55 7.83 4.98 552

1734618171
2.08 7.57 4.95 0

1734618173
1.7 7.33 4.91 295

1734618174
1.7 7.33 4.91 0

1734618175
1.39 7.09 4.88 0

1734618176
1.39 7.09 4.88 0

1734618177
1.14 6.85 4.85 164

1734618178
1.14 6.85 4.85 0

1734618179
0.93 6.63 4.81 568

1734618180
0.76 6.41 4.78 177

1734618181
0.76 6.41 4.78 0

1734618182
0.76 6.41 4.78 6

1734618183
0.62 6.2 4.75 0

1734618184
0.62 6.2 4.75 0

1734618185
0.51 6.0 4.72 276

1734618186
0.51 6.0 4.72 0

1734618187
0.42 5.8 4.68 24

1734618188
0.42 5.8 4.68 0

1734618189
0.28 5.43 4.62 0

1734618190
0.28 5.43 4.62 0

1734618191
0.28 5.43 4.62 535

1734618193
0.23 5.25 4.59 162

1734618194
0.23 5.25 4.59 518

1734618195
0.18 5.08 4.55 0

1734618196
0.18 5.08 4.55 22

1734618197
0.15 4.91 4.52 0

1734618198
0.15 4.91 4.52 333

1734618199
0.12 4.75 4.49 0

1734618200
0.12 4.75 4.49 25

1734618201
0.1 4.59 4.46 0

1734618202
0.1 4.59 4.46 217

1734618203
0.08 4.44 4.43 13

1734618204
0.08 4.44 4.43 0

1734618205
0.06 4.3 4.4 0

1734618206
0.06 4.3 4.4 0

1734618207
0.05 4.16 4.37 0

1734618208
0.05 4.16 4.37 12

1734618209
0.04 4.02 4.34 283

1734618210
0.04 4.02 4.34 24

1734618211
0.03 3.89 4.31 6

1734618212
0.03 3.89 4.31 415

1734618213
0.03 3.76 4.28 679

1734618214
0.03 3.76 4.28 0

1734618215
0.02 3.64 4.25 0

1734618216
0.02 3.64 4.25 0

1734618217
0.01 3.52 4.22 0

1734618218
0.01 3.52 4.22 1174

1734618219
0.01 3.4 4.19 117

1734618220
0.01 3.4 4.19 658

1734618221
0.01 3.29 4.16 0

1734618222
0.01 3.29 4.16 484

1734618223
0.01 3.18 4.13 310

1734618224
0.0 3.08 4.11 230

1734618225
0.0 3.08 4.11 0

1734618226
0.0 3.08 4.11 408

1734618227
0.0 2.98 4.08 2314

1734618228
0.0 2.98 4.08 2433

1734618229
0.0 2.88 4.05 194

1734618230
0.0 2.88 4.05 419

1734618231
0.0 2.78 4.02 67

1734618232
0.0 2.78 4.02 652

1734618233
0.0 2.69 3.99 107

1734618234
0.0 2.69 3.99 165

1734618235
0.0 2.6 3.97 706

1734618236
0.0 2.6 3.97 772

1734618237
0.0 2.52 3.94 515

1734618238
0.0 2.52 3.94 907

1734618239
0.0 2.44 3.91 1565

1734618240
0.0 2.44 3.91 1051

1734618241
0.0 2.36 3.88 96

1734618242
0.0 2.36 3.88 729

1734618243
0.0 2.28 3.86 754

1734618244
0.0 2.28 3.86 0

1734618245
0.0 2.2 3.83 911

1734618246
0.0 2.2 3.83 0

1734618247
0.0 2.13 3.8 963

1734618248
0.0 2.13 3.8 1072

1734618249
0.0 2.06 3.78 879

1734618250
0.0 2.06 3.78 1878

1734618251
0.0 1.99 3.75 1049

1734618252
0.0 1.93 3.73 1915

1734618253
0.0 1.93 3.73 0

1734618255
0.0 1.86 3.7 1501

1734618256
0.0 1.86 3.7 2548

1734618257
0.0 1.8 3.68 205

1734618258
0.0 1.8 3.68 20

1734618260
0.0 1.74 3.65 31780

1734618261
0.18 1.72 3.63 6355

1734618262
0.18 1.72 3.63 1413

1734618263
0.14 1.66 3.61 415

1734618264
0.14 1.66 3.61 1016

1734618265
0.12 1.61 3.58 417

1734618266
0.12 1.61 3.58 3591

1734618267
0.09 1.55 3.56 14188

1734618268
0.08 1.5 3.53 711

1734618269
0.08 1.5 3.53 0

1734618270
0.08 1.5 3.53 558

1734618271
0.06 1.45 3.51 551

1734618272
0.05 1.41 3.48 5630

1734618273
0.05 1.41 3.48 88

1734618275
0.04 1.36 3.46 12605

1734618276
0.03 1.31 3.44 671

1734618277
0.03 1.31 3.44 0

1734618278
0.02 1.27 3.41 50

1734618279
0.02 1.27 3.41 388

1734618280
0.02 1.23 3.39 2215

1734618282
0.02 1.23 3.39 147

1734618283
0.01 1.19 3.36 189

1734618284
0.01 1.19 3.36 1296

1734618285
0.01 1.15 3.34 16187

1734618286
0.19 1.14 3.33 18832

1734618287
0.19 1.14 3.33 284

1734618288
0.15 1.11 3.3 2450

1734618291
0.12 1.07 3.28 14984

1734618292
0.12 1.07 3.28 230

1734618293
0.1 1.03 3.26 3402

1734618294
0.08 1.0 3.23 6280

1734618295
0.07 0.97 3.21 1392

1734618296
0.07 0.97 3.21 0

1734618298
0.05 0.93 3.19 467

1734618299
0.05 0.93 3.19 80

1734618300
0.05 0.93 3.19 0

1734618301
0.04 0.9 3.17 1970

1734618302
0.04 0.9 3.17 55

1734618303
0.03 0.87 3.15 31

1734618304
0.03 0.87 3.15 18

1734618305
0.03 0.85 3.12 428

1734618306
0.03 0.85 3.12 80

1734618307
0.02 0.82 3.1 601

1734618308
0.02 0.82 3.1 73

1734618309
0.02 0.79 3.08 590

1734618310
0.02 0.79 3.08 59

1734618311
0.01 0.76 3.06 0

1734618312
0.01 0.76 3.06 243

1734618313
0.01 0.74 3.04 245

1734618314
0.01 0.74 3.04 223

1734618315
0.01 0.71 3.02 649

1734618316
0.01 0.71 3.02 1

1734618317
0.0 0.69 3.0 0

1734618318
0.0 0.69 3.0 192

1734618319
0.0 0.64 2.95 548

1734618321
0.0 0.64 2.95 0

1734618322
0.0 0.64 2.95 584

1734618324
0.0 0.62 2.93 0

1734618325
0.0 0.6 2.91 257

1734618326
0.0 0.6 2.91 11

1734618327
0.0 0.58 2.89 677

1734618328
0.0 0.58 2.89 136

1734618329
0.0 0.56 2.87 3268

1734618330
0.0 0.56 2.87 0

1734618331
0.0 0.54 2.85 6427

1734618333
0.0 0.53 2.83 7253

1734618334
0.0 0.53 2.83 7891

1734618335
0.0 0.51 2.81 381

1734618336
0.0 0.51 2.81 46

1734618337
0.0 0.49 2.79 3004

1734618338
0.0 0.49 2.79 0

1734618342
0.0 0.46 2.76 33611

1734618343
0.0 0.44 2.74 285

1734618344
0.0 0.44 2.74 0

1734618346
0.0 0.43 2.72 90

1734618347
0.0 0.41 2.7 403

1734618348
0.0 0.41 2.7 8

1734618349
0.0 0.4 2.68 0

1734618350
0.0 0.4 2.68 0

1734618351
0.0 0.39 2.66 94

1734618352
0.0 0.37 2.64 0

1734618353
0.0 0.37 2.64 0

1734618354
0.0 0.37 2.64 0

1734618355
0.0 0.36 2.62 0

1734618356
0.0 0.35 2.61 1

1734618357
0.0 0.35 2.61 0

1734618359
0.0 0.34 2.59 0

1734618360
0.0 0.32 2.57 0

1734618361
0.0 0.32 2.57 0

1734618362
0.0 0.31 2.55 3

1734618363
0.0 0.3 2.53 222

1734618365
0.0 0.3 2.53 0

1734618366
0.0 0.3 2.53 0

1734618367
0.0 0.29 2.52 0

1734618368
0.0 0.28 2.5 16023

1734618369
0.0 0.28 2.5 152

1734618370
0.0 0.28 2.5 66

1734618371
0.0 0.27 2.48 108

1734618372
0.0 0.27 2.48 129

1734618373
0.0 0.26 2.46 265

1734618374
0.0 0.26 2.46 0

1734618375
0.0 0.25 2.45 78

1734618376
0.0 0.25 2.43 400

1734618377
0.0 0.25 2.43 198

1734618378
0.0 0.25 2.43 0

1734618379
0.0 0.24 2.41 0

1734618380
0.0 0.24 2.41 0

1734618381
0.0 0.23 2.4 137

1734618382
0.0 0.23 2.4 0

1734618383
0.0 0.22 2.38 0

1734618384
0.0 0.22 2.38 250

1734618385
0.0 0.21 2.36 0

1734618386
0.0 0.21 2.35 0

1734618387
0.0 0.21 2.35 0

1734618388
0.0 0.21 2.35 0

1734618389
0.0 0.2 2.33 0

1734618390
0.0 0.2 2.33 54

1734618391
0.0 0.19 2.31 434

1734618392
0.0 0.19 2.31 0

1734618393
0.0 0.19 2.3 0

1734618394
0.0 0.19 2.3 0

1734618395
0.0 0.18 2.28 3

1734618396
0.0 0.18 2.28 0

1734618397
0.0 0.17 2.27 36

1734618398
0.0 0.17 2.27 0

1734618399
0.0 0.17 2.25 0

1734618400
0.0 0.17 2.25 1

1734618401
0.0 0.16 2.24 0

1734618402
0.0 0.16 2.24 0

1734618403
0.0 0.16 2.22 382

1734618404
0.0 0.16 2.22 0

1734618405
0.0 0.15 2.2 1

1734618406
0.0 0.15 2.2 0

1734618407
0.0 0.14 2.19 8033

1734618408
0.0 0.14 2.19 12761

1734618409
0.0 0.14 2.17 10842

1734618410
0.0 0.14 2.17 1164

1734618411
0.0 0.13 2.16 42

1734618412
0.0 0.13 2.16 194

1734618413
0.0 0.13 2.14 0

1734618414
0.0 0.13 2.14 0

1734618415
0.0 0.12 2.13 0

1734618416
0.0 0.12 2.13 0

1734618417
0.0 0.12 2.11 239

1734618418
0.0 0.12 2.11 0

1734618419
0.0 0.12 2.1 0

1734618420
0.0 0.12 2.1 0

1734618421
0.0 0.11 2.08 0

1734618422
0.0 0.11 2.08 212

1734618423
0.0 0.11 2.07 1

1734618424
0.0 0.11 2.07 9

1734618425
0.0 0.1 2.06 0

1734618426
0.0 0.1 2.06 11

1734618427
0.0 0.1 2.04 251

1734618428
0.0 0.1 2.04 0

1734618429
0.0 0.1 2.03 0

1734618430
0.0 0.1 2.03 0

1734618431
0.0 0.09 2.01 20

1734618432
0.0 0.09 2.01 0

1734618433
0.0 0.09 2.0 0

1734618434
0.0 0.09 2.0 0

1734618435
0.0 0.09 1.98 0

1734618436
0.0 0.09 1.98 1

1734618437
0.0 0.08 1.97 0

1734618438
0.0 0.08 1.97 123

1734618439
0.0 0.08 1.96 0

1734618440
0.0 0.08 1.96 0

1734618441
0.0 0.08 1.94 0

1734618442
0.0 0.08 1.94 0

1734618443
0.0 0.07 1.93 0

1734618444
0.0 0.07 1.93 0

1734618445
0.0 0.07 1.92 234

1734618446
0.0 0.07 1.92 0

1734618447
0.0 0.07 1.9 0

1734618448
0.0 0.07 1.9 0

1734618449
0.0 0.07 1.89 0

1734618450
0.0 0.07 1.89 0

1734618451
0.0 0.06 1.88 12

1734618452
0.0 0.06 1.88 0

1734618453
0.0 0.06 1.86 0

1734618454
0.0 0.06 1.86 0

1734618455
0.0 0.06 1.85 0

1734618456
0.0 0.06 1.85 24

1734618457
0.0 0.06 1.84 0

1734618458
0.0 0.06 1.84 0

1734618459
0.0 0.05 1.82 0

1734618460
0.0 0.05 1.82 91

1734618461
0.0 0.05 1.81 7

1734618462
0.0 0.05 1.81 0

1734618463
0.0 0.05 1.8 0

1734618464
0.0 0.05 1.8 0

1734618465
0.0 0.05 1.79 0

1734618466
0.0 0.05 1.79 1

1734618467
0.0 0.05 1.77 0

1734618468
0.0 0.05 1.77 0

1734618469
0.0 0.04 1.76 0

1734618470
0.0 0.04 1.76 0

1734618471
0.0 0.04 1.75 0

1734618472
0.0 0.04 1.75 0

1734618473
0.0 0.04 1.74 0

1734618474
0.0 0.04 1.72 0

1734618475
0.0 0.04 1.72 0

1734618477
0.0 0.04 1.71 115

1734618478
0.0 0.04 1.71 0

1734618479
0.0 0.04 1.7 9

1734618480
0.0 0.04 1.7 0

1734618481
0.0 0.03 1.69 12

1734618482
0.0 0.03 1.69 0

1734618483
0.0 0.03 1.68 0

1734618484
0.0 0.03 1.68 0

1734618485
0.0 0.03 1.67 83

1734618486
0.0 0.03 1.67 27

1734618487
0.0 0.03 1.65 0

1734618488
0.0 0.03 1.65 0

1734618489
0.0 0.03 1.64 9

1734618490
0.0 0.03 1.64 2804

1734618491
0.0 0.03 1.63 4510

1734618492
0.0 0.03 1.63 0

1734618493
0.0 0.02 1.62 1

1734618494
0.0 0.02 1.62 0

1734618495
0.0 0.02 1.61 0

1734618496
0.0 0.02 1.61 0

1734618497
0.0 0.02 1.6 0

1734618498
0.0 0.02 1.6 0

1734618499
0.0 0.02 1.59 69

1734618500
0.0 0.02 1.59 1

1734618501
0.0 0.02 1.57 203

1734618502
0.0 0.02 1.57 0

1734618503
0.0 0.02 1.56 0

1734618504
0.0 0.02 1.56 212

1734618505
0.0 0.02 1.55 0

1734618506
0.0 0.02 1.55 0

1734618507
0.0 0.02 1.53 19059

1734618509
0.0 0.02 1.53 220

1734618510
0.0 0.02 1.53 1097

1734618511
0.0 0.02 1.52 44

1734618512
0.0 0.02 1.52 0

1734618513
0.0 0.02 1.51 0

1734618514
0.0 0.02 1.51 0

1734618515
0.0 0.01 1.5 0

1734618516
0.0 0.01 1.5 13

1734618517
0.0 0.01 1.49 0

1734618518
0.0 0.01 1.49 565

1734618519
0.0 0.01 1.48 0

1734618520
0.0 0.01 1.48 9

1734618521
0.0 0.01 1.47 7

1734618522
0.0 0.01 1.47 0

1734618523
0.0 0.01 1.46 0

1734618524
0.0 0.01 1.46 0

1734618525
0.0 0.01 1.45 185

1734618526
0.0 0.01 1.45 0

1734618527
0.0 0.01 1.44 0

1734618528
0.0 0.01 1.44 207

1734618529
0.0 0.01 1.43 0

1734618530
0.0 0.01 1.43 0

1734618531
0.0 0.01 1.42 0

1734618532
0.0 0.01 1.42 112

1734618533
0.0 0.01 1.41 0

1734618534
0.0 0.01 1.41 0

1734618535
0.0 0.01 1.4 0

1734618536
0.0 0.01 1.4 0

1734618537
0.0 0.01 1.39 0

1734618538
0.0 0.01 1.39 0

1734618539
0.0 0.01 1.38 0

1734618540
0.0 0.01 1.38 0

1734618541
0.0 0.01 1.37 230

1734618542
0.0 0.01 1.37 0

1734618543
0.0 0.0 1.36 0

1734618544
0.0 0.0 1.36 0

1734618545
0.0 0.0 1.35 0

1734618546
0.0 0.0 1.35 0

1734618547
0.0 0.0 1.34 0

1734618548
0.0 0.0 1.34 244

1734618549
0.0 0.0 1.33 0

1734618550
0.0 0.0 1.33 57

1734618551
0.0 0.0 1.32 0

1734618552
0.0 0.0 1.32 19

1734618553
0.0 0.0 1.31 0

1734618554
0.0 0.0 1.31 416

1734618555
0.0 0.0 1.3 0

1734618556
0.0 0.0 1.3 0

1734618557
0.0 0.0 1.29 0

1734618558
0.0 0.0 1.29 0

1734618559
0.0 0.0 1.28 10

1734618560
0.0 0.0 1.28 37

1734618561
0.0 0.0 1.27 0

1734618562
0.0 0.0 1.27 0

1734618563
0.0 0.0 1.26 0

1734618564
0.0 0.0 1.26 0

1734618565
0.0 0.0 1.26 0

1734618566
0.0 0.0 1.26 0

1734618567
0.0 0.0 1.25 0

1734618568
0.0 0.0 1.25 2428

1734618569
0.0 0.0 1.24 1433

1734618570
0.0 0.0 1.24 0

1734618571
0.0 0.0 1.23 0

1734618572
0.0 0.0 1.23 0

1734618573
0.0 0.0 1.22 0

1734618574
0.0 0.0 1.22 6394

1734618575
0.0 0.0 1.21 0

1734618576
0.0 0.0 1.21 10

1734618577
0.0 0.0 1.2 225

1734618578
0.0 0.0 1.2 0

1734618579
0.0 0.0 1.19 204

1734618580
0.0 0.0 1.19 0

1734618581
0.0 0.0 1.19 0

1734618582
0.0 0.0 1.19 0

1734618583
0.0 0.0 1.18 254

1734618584
0.0 0.0 1.18 0

1734618585
0.0 0.0 1.17 0

1734618586
0.0 0.0 1.17 0

1734618587
0.0 0.0 1.16 0

1734618588
0.0 0.0 1.16 7

1734618589
0.0 0.0 1.15 0

1734618590
0.0 0.0 1.15 228

1734618591
0.0 0.0 1.14 0

1734618592
0.0 0.0 1.14 0

1734618593
0.0 0.0 1.14 0

1734618594
0.0 0.0 1.14 38

1734618595
0.0 0.0 1.13 0

1734618596
0.0 0.0 1.13 0

1734618597
0.0 0.0 1.12 0

1734618598
0.0 0.0 1.12 0

1734618599
0.0 0.0 1.11 0

1734618600
0.0 0.0 1.11 0

1734618601
0.0 0.0 1.11 0

1734618602
0.0 0.0 1.11 64

1734618603
0.0 0.0 1.1 0

1734618604
0.0 0.0 1.1 0

1734618605
0.0 0.0 1.09 0

1734618606
0.0 0.0 1.09 0

1734618607
0.0 0.0 1.08 142

1734618608
0.0 0.0 1.08 185

1734618609
0.0 0.0 1.07 161

1734618610
0.0 0.0 1.07 0

1734618611
0.0 0.0 1.07 209

1734618612
0.0 0.0 1.07 0

1734618613
0.0 0.0 1.06 0

1734618614
0.0 0.0 1.06 0

1734618615
0.0 0.0 1.05 0

1734618616
0.0 0.0 1.05 0

1734618617
0.0 0.0 1.04 0

1734618618
0.0 0.0 1.04 0

1734618619
0.0 0.0 1.04 0

1734618620
0.0 0.0 1.04 0

1734618621
0.0 0.0 1.03 130

1734618622
0.0 0.0 1.03 0

1734618623
0.0 0.0 1.02 0

1734618624
0.0 0.0 1.02 136

1734618625
0.0 0.0 1.02 161

1734618626
0.0 0.0 1.02 0

1734618627
0.0 0.0 1.01 0

1734618628
0.0 0.0 1.01 67

1734618629
0.0 0.0 1.0 0

1734618630
0.0 0.0 1.0 26

1734618631
0.0 0.0 0.99 0

1734618632
0.0 0.0 0.99 0

1734618633
0.0 0.0 0.99 0

1734618634
0.0 0.0 0.99 0

1734618635
0.0 0.0 0.98 0

1734618636
0.0 0.0 0.98 0

1734618637
0.0 0.0 0.97 8

1734618638
0.0 0.0 0.97 0

1734618639
0.0 0.0 0.97 0

1734618640
0.0 0.0 0.97 0

1734618641
0.0 0.0 0.96 0

1734618642
0.0 0.0 0.96 0

1734618643
0.0 0.0 0.95 0

1734618644
0.0 0.0 0.95 0

1734618645
0.0 0.0 0.95 0

1734618646
0.0 0.0 0.95 14

1734618647
0.0 0.0 0.94 0

1734618648
0.0 0.0 0.94 0

1734618649
0.0 0.0 0.93 0

1734618650
0.0 0.0 0.93 0

1734618651
0.0 0.0 0.92 0

1734618652
0.0 0.0 0.92 0

1734618653
0.18 0.03 0.93 43240

1734618654
0.18 0.03 0.93 1206

1734618655
0.14 0.03 0.92 2580

1734618656
0.14 0.03 0.92 0

1734618657
0.12 0.02 0.91 0

1734618658
0.12 0.02 0.91 0

1734618659
0.09 0.02 0.91 8

1734618660
0.09 0.02 0.91 8271

1734618661
0.08 0.02 0.9 685

1734618662
0.08 0.02 0.9 0

1734618663
0.06 0.02 0.89 0

1734618664
0.06 0.02 0.89 0

1734618665
0.05 0.02 0.89 0

1734618666
0.05 0.02 0.89 0

1734618667
0.04 0.02 0.88 0

1734618668
0.04 0.02 0.88 0

1734618669
0.03 0.02 0.87 18

1734618670
0.03 0.02 0.87 0

1734618671
0.02 0.02 0.87 0

1734618672
0.02 0.02 0.87 0

1734618673
0.02 0.02 0.86 0

1734618674
0.02 0.02 0.86 1

1734618675
0.01 0.02 0.85 0

1734618676
0.01 0.02 0.85 0

1734618677
0.01 0.02 0.85 0

1734618678
0.01 0.02 0.85 0

1734618679
0.01 0.01 0.84 0

1734618680
0.01 0.01 0.84 0

1734618681
0.0 0.01 0.84 0

1734618682
0.0 0.01 0.84 0

1734618683
0.0 0.01 0.83 0

1734618684
0.0 0.01 0.83 0

1734618685
0.0 0.01 0.83 0

1734618686
0.0 0.01 0.83 0

1734618687
0.0 0.01 0.82 0

1734618688
0.0 0.01 0.82 0

1734618689
0.0 0.01 0.81 0

1734618690
0.0 0.01 0.81 0

1734618691
0.0 0.01 0.81 0

1734618692
0.0 0.01 0.81 0

1734618693
0.0 0.01 0.8 0

1734618694
0.0 0.01 0.8 0

1734618695
0.0 0.01 0.8 0

1734618696
0.0 0.01 0.8 0

1734618697
0.0 0.01 0.79 0

1734618698
0.0 0.01 0.79 0

1734618699
0.0 0.01 0.78 0

1734618700
0.0 0.01 0.78 0

1734618701
0.0 0.01 0.78 0

1734618702
0.0 0.01 0.78 0

1734618703
0.0 0.01 0.77 0

1734618704
0.0 0.01 0.77 0

1734618705
0.0 0.01 0.77 0

1734618706
0.0 0.01 0.77 0

1734618707
0.0 0.0 0.76 0

1734618708
0.0 0.0 0.76 0

1734618709
0.0 0.0 0.76 0

1734618710
0.0 0.0 0.76 0

1734618711
0.0 0.0 0.75 0

1734618712
0.0 0.0 0.75 0

1734618713
0.0 0.0 0.75 0

1734618714
0.0 0.0 0.75 0

1734618715
0.0 0.0 0.74 0

1734618716
0.0 0.0 0.74 0

1734618717
0.0 0.0 0.74 6

1734618718
0.0 0.0 0.74 0

1734618719
0.0 0.0 0.73 100

1734618720
0.0 0.0 0.73 0

1734618721
0.0 0.0 0.72 0

1734618722
0.0 0.0 0.72 0

1734618723
0.0 0.0 0.72 0

1734618724
0.0 0.0 0.72 0

1734618725
0.0 0.0 0.71 0

1734618726
0.0 0.0 0.71 0

1734618727
0.0 0.0 0.71 0

1734618728
0.0 0.0 0.71 0

1734618729
0.0 0.0 0.7 786

1734618730
0.0 0.0 0.7 0

1734618731
0.0 0.0 0.7 0

1734618732
0.0 0.0 0.7 0

1734618733
0.0 0.0 0.69 1710

1734618734
0.0 0.0 0.69 0

1734618735
0.0 0.0 0.69 0

1734618736
0.0 0.0 0.69 0

1734618737
0.0 0.0 0.68 0

1734618738
0.0 0.0 0.68 0

1734618739
0.0 0.0 0.68 0

1734618740
0.0 0.0 0.68 0

1734618741
0.0 0.0 0.67 144

1734618742
0.0 0.0 0.67 0

1734618743
0.0 0.0 0.67 0

1734618744
0.0 0.0 0.67 0

1734618745
0.0 0.0 0.66 0

1734618746
0.0 0.0 0.66 0

1734618747
0.0 0.0 0.66 0

1734618748
0.0 0.0 0.66 0

1734618749
0.0 0.0 0.65 0

1734618750
0.0 0.0 0.65 0

1734618751
0.0 0.0 0.65 0

1734618752
0.0 0.0 0.65 0

1734618753
0.0 0.0 0.64 0

1734618754
0.0 0.0 0.64 0

1734618755
0.0 0.0 0.64 0

1734618756
0.0 0.0 0.64 0

1734618757
0.0 0.0 0.64 0

1734618758
0.0 0.0 0.64 0

1734618759
0.0 0.0 0.63 0

1734618760
0.0 0.0 0.63 0

1734618761
0.0 0.0 0.63 6

1734618762
0.0 0.0 0.63 0

1734618763
0.0 0.0 0.62 0

1734618764
0.0 0.0 0.62 0

1734618765
0.0 0.0 0.62 1498

1734618767
0.0 0.0 0.62 34083

