1734617696
/dev/nvme0n1p2: 595188461568
overlay: 595188461568

1734617697
/dev/nvme0n1p2: 595258875904
overlay: 595258875904

1734617698
/dev/nvme0n1p2: 595442630656
overlay: 595442630656

1734617699
/dev/nvme0n1p2: 595576737792
overlay: 595576737792

1734617700
/dev/nvme0n1p2: 595899232256
overlay: 595899232256

1734617701
/dev/nvme0n1p2: 596755566592
overlay: 596755566592

1734617702
/dev/nvme0n1p2: 596985774080
overlay: 596985774080

1734617703
/dev/nvme0n1p2: 597039968256
overlay: 597039968256

1734617704
/dev/nvme0n1p2: 597236256768
overlay: 597236256768

1734617705
/dev/nvme0n1p2: 597375754240
overlay: 597375754240

1734617706
/dev/nvme0n1p2: 597702795264
overlay: 597702795264

1734617707
/dev/nvme0n1p2: 597827543040
overlay: 597827543040

1734617708
/dev/nvme0n1p2: 597924364288
overlay: 597924364288

1734617709
/dev/nvme0n1p2: 598048120832
overlay: 598048120832

1734617710
/dev/nvme0n1p2: 598090625024
overlay: 598090625024

1734617711
/dev/nvme0n1p2: 598120476672
overlay: 598120476672

1734617712
/dev/nvme0n1p2: 598159097856
overlay: 598159101952

1734617713
/dev/nvme0n1p2: 598296707072
overlay: 598296707072

1734617714
/dev/nvme0n1p2: 598380982272
overlay: 598380982272

1734617715
/dev/nvme0n1p2: 598432579584
overlay: 598432579584

1734617716
/dev/nvme0n1p2: 598494744576
overlay: 598494744576

1734617717
/dev/nvme0n1p2: 598581047296
overlay: 598581047296

1734617718
/dev/nvme0n1p2: 598865756160
overlay: 598865760256

1734617719
/dev/nvme0n1p2: 599071186944
overlay: 599071186944

1734617720
/dev/nvme0n1p2: 599251054592
overlay: 599251054592

1734617721
/dev/nvme0n1p2: 599332093952
overlay: 599332093952

1734617722
/dev/nvme0n1p2: 599376359424
overlay: 599376359424

1734617723
/dev/nvme0n1p2: 599425835008
overlay: 599425835008

1734617724
/dev/nvme0n1p2: 599543214080
overlay: 599543214080

1734617725
/dev/nvme0n1p2: 600053678080
overlay: 600053678080

1734617726
/dev/nvme0n1p2: 600272101376
overlay: 600272101376

1734617727
/dev/nvme0n1p2: 600339283968
overlay: 600339283968

1734617728
/dev/nvme0n1p2: 600390189056
overlay: 600390189056

1734617729
/dev/nvme0n1p2: 600509960192
overlay: 600509960192

1734617730
/dev/nvme0n1p2: 600652304384
overlay: 600652308480

1734617731
/dev/nvme0n1p2: 600714027008
overlay: 600714027008

1734617732
/dev/nvme0n1p2: 600758464512
overlay: 600758464512

1734617733
/dev/nvme0n1p2: 600788525056
overlay: 600788525056

1734617734
/dev/nvme0n1p2: 600827211776
overlay: 600827211776

1734617735
/dev/nvme0n1p2: 600860946432
overlay: 600860946432

1734617736
/dev/nvme0n1p2: 600932753408
overlay: 600932753408

1734617737
/dev/nvme0n1p2: 601010987008
overlay: 601010987008

1734617738
/dev/nvme0n1p2: 601236336640
overlay: 601236340736

1734617739
/dev/nvme0n1p2: 601313165312
overlay: 601313165312

1734617740
/dev/nvme0n1p2: 601325125632
overlay: 601325125632

1734617741
/dev/nvme0n1p2: 601342922752
overlay: 601342922752

1734617742
/dev/nvme0n1p2: 601361006592
overlay: 601361006592

1734617743
/dev/nvme0n1p2: 601375211520
overlay: 601375211520

1734617745
/dev/nvme0n1p2: 601389109248
overlay: 601389109248

1734617747
/dev/nvme0n1p2: 601414955008
overlay: 601414955008

1734617748
/dev/nvme0n1p2: 601461149696
overlay: 601461149696

1734617750
/dev/nvme0n1p2: 601486249984
overlay: 601486249984

1734617751
/dev/nvme0n1p2: 601641054208
overlay: 601641054208

1734617752
/dev/nvme0n1p2: 601828212736
overlay: 601828212736

1734617753
/dev/nvme0n1p2: 602286383104
overlay: 602286387200

1734617754
/dev/nvme0n1p2: 602859872256
overlay: 602859872256

1734617755
/dev/nvme0n1p2: 603112824832
overlay: 603112828928

1734617756
/dev/nvme0n1p2: 603528232960
overlay: 603528232960

1734617757
/dev/nvme0n1p2: 603779432448
overlay: 603779432448

1734617758
/dev/nvme0n1p2: 603899183104
overlay: 603899191296

1734617760
/dev/nvme0n1p2: 604248113152
overlay: 604248117248

1734617761
/dev/nvme0n1p2: 604529364992
overlay: 604529364992

1734617762
/dev/nvme0n1p2: 604992589824
overlay: 604992589824

1734617763
/dev/nvme0n1p2: 606114586624
overlay: 606114586624

1734617764
/dev/nvme0n1p2: 606380867584
overlay: 606380867584

1734617765
/dev/nvme0n1p2: 606619860992
overlay: 606619860992

1734617766
/dev/nvme0n1p2: 606958329856
overlay: 606958329856

1734617767
/dev/nvme0n1p2: 607185002496
overlay: 607185002496

1734617768
/dev/nvme0n1p2: 607416381440
overlay: 607416381440

1734617769
/dev/nvme0n1p2: 607661834240
overlay: 607661834240

1734617770
/dev/nvme0n1p2: 607887929344
overlay: 607887929344

1734617771
/dev/nvme0n1p2: 608143089664
overlay: 608143089664

1734617772
/dev/nvme0n1p2: 608544030720
overlay: 608544034816

1734617773
/dev/nvme0n1p2: 608875610112
overlay: 608875610112

1734617774
/dev/nvme0n1p2: 609114492928
overlay: 609114492928

1734617775
/dev/nvme0n1p2: 609317752832
overlay: 609317752832

1734617776
/dev/nvme0n1p2: 609504026624
overlay: 609504026624

1734617777
/dev/nvme0n1p2: 609632202752
overlay: 609632202752

1734617778
/dev/nvme0n1p2: 609735483392
overlay: 609735483392

1734617779
/dev/nvme0n1p2: 609919713280
overlay: 609919713280

1734617780
/dev/nvme0n1p2: 609936203776
overlay: 609936203776

1734617781
/dev/nvme0n1p2: 609959415808
overlay: 609959415808

1734617782
/dev/nvme0n1p2: 610362249216
overlay: 610362249216

1734617783
/dev/nvme0n1p2: 610774740992
overlay: 610774745088

1734617784
/dev/nvme0n1p2: 610947178496
overlay: 610947178496

1734617785
/dev/nvme0n1p2: 611059625984
overlay: 611059630080

1734617786
/dev/nvme0n1p2: 611306700800
overlay: 611306700800

1734617787
/dev/nvme0n1p2: 611533144064
overlay: 611533144064

1734617788
/dev/nvme0n1p2: 611686481920
overlay: 611686481920

1734617789
/dev/nvme0n1p2: 611892076544
overlay: 611892076544

1734617790
/dev/nvme0n1p2: 612234330112
overlay: 612234334208

1734617791
/dev/nvme0n1p2: 612861415424
overlay: 612861419520

1734617793
/dev/nvme0n1p2: 613643345920
overlay: 613643345920

1734617794
/dev/nvme0n1p2: 614321037312
overlay: 614321037312

1734617796
/dev/nvme0n1p2: 615345963008
overlay: 615345963008

1734617797
/dev/nvme0n1p2: 615806423040
overlay: 615806423040

1734617799
/dev/nvme0n1p2: 616572858368
overlay: 616572858368

1734617801
/dev/nvme0n1p2: 616863494144
overlay: 616863506432

1734617802
/dev/nvme0n1p2: 617507430400
overlay: 617507434496

1734617803
/dev/nvme0n1p2: 617761996800
overlay: 617761996800

1734617804
/dev/nvme0n1p2: 617916919808
overlay: 617916923904

1734617806
/dev/nvme0n1p2: 618227347456
overlay: 618227351552

1734617807
/dev/nvme0n1p2: 618319536128
overlay: 618319536128

1734617809
/dev/nvme0n1p2: 618494877696
overlay: 618494877696

1734617811
/dev/nvme0n1p2: 618826313728
overlay: 618826305536

1734617816
/dev/nvme0n1p2: 619675668480
overlay: 619675668480

1734617818
/dev/nvme0n1p2: 620150808576
overlay: 620150808576

1734617820
/dev/nvme0n1p2: 620309217280
overlay: 620309217280

1734617823
/dev/nvme0n1p2: 620456816640
overlay: 620456816640

1734617825
/dev/nvme0n1p2: 620608761856
overlay: 620608761856

1734617826
/dev/nvme0n1p2: 620764844032
overlay: 620764844032

1734617827
/dev/nvme0n1p2: 620987478016
overlay: 620987473920

1734617829
/dev/nvme0n1p2: 621320384512
overlay: 621320384512

1734617831
/dev/nvme0n1p2: 621353570304
overlay: 621353578496

1734617832
/dev/nvme0n1p2: 621478453248
overlay: 621478453248

1734617834
/dev/nvme0n1p2: 621608325120
overlay: 621608325120

1734617836
/dev/nvme0n1p2: 621785366528
overlay: 621785382912

1734617838
/dev/nvme0n1p2: 621826211840
overlay: 621826211840

1734617839
/dev/nvme0n1p2: 621899579392
overlay: 621899579392

1734617843
/dev/nvme0n1p2: 622155763712
overlay: 622155763712

1734617844
/dev/nvme0n1p2: 622350036992
overlay: 622350036992

1734617845
/dev/nvme0n1p2: 622509383680
overlay: 622509383680

1734617846
/dev/nvme0n1p2: 622677549056
overlay: 622677549056

1734617847
/dev/nvme0n1p2: 622782300160
overlay: 622782300160

1734617849
/dev/nvme0n1p2: 622947692544
overlay: 622947696640

1734617851
/dev/nvme0n1p2: 622962683904
overlay: 622962700288

1734617852
/dev/nvme0n1p2: 623123030016
overlay: 623123030016

1734617854
/dev/nvme0n1p2: 623192985600
overlay: 623192985600

1734617856
/dev/nvme0n1p2: 623395667968
overlay: 623395667968

1734617859
/dev/nvme0n1p2: 623412994048
overlay: 623412994048

1734617861
/dev/nvme0n1p2: 623808249856
overlay: 623808249856

1734617864
/dev/nvme0n1p2: 623988432896
overlay: 623988432896

1734617866
/dev/nvme0n1p2: 624273563648
overlay: 624273563648

1734617867
/dev/nvme0n1p2: 624537546752
overlay: 624537546752

1734617868
/dev/nvme0n1p2: 624733765632
overlay: 624733765632

1734617869
/dev/nvme0n1p2: 624833339392
overlay: 624833339392

1734617870
/dev/nvme0n1p2: 624937734144
overlay: 624937734144

1734617875
/dev/nvme0n1p2: 625266827264
overlay: 625266835456

1734617879
/dev/nvme0n1p2: 625717710848
overlay: 625717710848

1734617882
/dev/nvme0n1p2: 625744732160
overlay: 625744732160

1734617883
/dev/nvme0n1p2: 625853349888
overlay: 625853349888

1734617885
/dev/nvme0n1p2: 625918771200
overlay: 625918771200

1734617887
/dev/nvme0n1p2: 625935724544
overlay: 625935724544

1734617889
/dev/nvme0n1p2: 626115031040
overlay: 626114985984

1734617890
/dev/nvme0n1p2: 626173636608
overlay: 626173636608

1734617892
/dev/nvme0n1p2: 626310406144
overlay: 626310406144

1734617893
/dev/nvme0n1p2: 626859286528
overlay: 626859286528

1734617895
/dev/nvme0n1p2: 627049529344
overlay: 627049525248

1734617896
/dev/nvme0n1p2: 627099467776
overlay: 627099467776

1734617898
/dev/nvme0n1p2: 627130658816
overlay: 627130658816

1734617902
/dev/nvme0n1p2: 627238084608
overlay: 627238088704

1734617903
/dev/nvme0n1p2: 627266215936
overlay: 627266215936

1734617905
/dev/nvme0n1p2: 627291987968
overlay: 627291987968

1734617906
/dev/nvme0n1p2: 627300306944
overlay: 627300306944

1734617907
/dev/nvme0n1p2: 627377086464
overlay: 627377086464

1734617909
/dev/nvme0n1p2: 627627433984
overlay: 627627331584

1734617912
/dev/nvme0n1p2: 627711201280
overlay: 627711201280

1734617913
/dev/nvme0n1p2: 627747495936
overlay: 627747495936

1734617914
/dev/nvme0n1p2: 627854315520
overlay: 627854315520

1734617915
/dev/nvme0n1p2: 628029353984
overlay: 628029353984

1734617918
/dev/nvme0n1p2: 628158627840
overlay: 628158627840

1734617921
/dev/nvme0n1p2: 628156882944
overlay: 628156882944

1734617923
/dev/nvme0n1p2: 628176740352
overlay: 628176740352

1734617925
/dev/nvme0n1p2: 628205752320
overlay: 628205752320

1734617926
/dev/nvme0n1p2: 628236742656
overlay: 628236742656

1734617928
/dev/nvme0n1p2: 628271894528
overlay: 628271894528

1734617929
/dev/nvme0n1p2: 628323274752
overlay: 628323274752

1734617931
/dev/nvme0n1p2: 628365144064
overlay: 628365144064

1734617932
/dev/nvme0n1p2: 628738777088
overlay: 628738777088

1734617934
/dev/nvme0n1p2: 628859801600
overlay: 628859801600

1734617935
/dev/nvme0n1p2: 629001928704
overlay: 629001928704

1734617938
/dev/nvme0n1p2: 629317369856
overlay: 629317369856

1734617939
/dev/nvme0n1p2: 629347848192
overlay: 629347848192

1734617940
/dev/nvme0n1p2: 629365022720
overlay: 629365022720

1734617941
/dev/nvme0n1p2: 629414354944
overlay: 629414354944

1734617942
/dev/nvme0n1p2: 629705191424
overlay: 629705191424

1734617943
/dev/nvme0n1p2: 629792645120
overlay: 629792645120

1734617944
/dev/nvme0n1p2: 629827842048
overlay: 629827842048

1734617945
/dev/nvme0n1p2: 629948227584
overlay: 629948227584

1734617946
/dev/nvme0n1p2: 630118105088
overlay: 630118105088

1734617947
/dev/nvme0n1p2: 630235197440
overlay: 630235197440

1734617948
/dev/nvme0n1p2: 630153478144
overlay: 630153478144

1734617950
/dev/nvme0n1p2: 630205521920
overlay: 630205521920

1734617951
/dev/nvme0n1p2: 630360584192
overlay: 630360584192

1734617953
/dev/nvme0n1p2: 630459588608
overlay: 630459588608

1734617954
/dev/nvme0n1p2: 630514249728
overlay: 630514249728

1734617955
/dev/nvme0n1p2: 630607876096
overlay: 630607876096

1734617956
/dev/nvme0n1p2: 630645395456
overlay: 630645395456

1734617957
/dev/nvme0n1p2: 630867480576
overlay: 630867480576

1734617959
/dev/nvme0n1p2: 631691776000
overlay: 631691776000

1734617963
/dev/nvme0n1p2: 631895252992
overlay: 631895261184

1734617964
/dev/nvme0n1p2: 632189210624
overlay: 632189210624

1734617966
/dev/nvme0n1p2: 632659529728
overlay: 632659529728

1734617967
/dev/nvme0n1p2: 632983801856
overlay: 632983801856

1734617970
/dev/nvme0n1p2: 633087787008
overlay: 633087791104

1734617972
/dev/nvme0n1p2: 633840861184
overlay: 633840861184

1734617976
/dev/nvme0n1p2: 633715605504
overlay: 633715605504

1734617980
/dev/nvme0n1p2: 633731883008
overlay: 633731796992

1734617982
/dev/nvme0n1p2: 634040889344
overlay: 634040889344

1734617988
/dev/nvme0n1p2: 634288607232
overlay: 634288607232

1734617989
/dev/nvme0n1p2: 634347372544
overlay: 634347372544

1734617990
/dev/nvme0n1p2: 634413629440
overlay: 634413629440

1734617992
/dev/nvme0n1p2: 634469670912
overlay: 634469670912

1734617994
/dev/nvme0n1p2: 634492219392
overlay: 634492223488

1734617995
/dev/nvme0n1p2: 634502864896
overlay: 634502864896

1734617997
/dev/nvme0n1p2: 634539745280
overlay: 634539745280

1734617999
/dev/nvme0n1p2: 634582016000
overlay: 634582016000

1734618002
/dev/nvme0n1p2: 634618814464
overlay: 634618814464

1734618003
/dev/nvme0n1p2: 634630213632
overlay: 634630213632

1734618005
/dev/nvme0n1p2: 634650292224
overlay: 634650296320

1734618006
/dev/nvme0n1p2: 634660884480
overlay: 634660884480

1734618007
/dev/nvme0n1p2: 634677325824
overlay: 634677325824

1734618008
/dev/nvme0n1p2: 634773487616
overlay: 634773487616

1734618009
/dev/nvme0n1p2: 634841554944
overlay: 634841554944

1734618010
/dev/nvme0n1p2: 634851438592
overlay: 634851438592

1734618011
/dev/nvme0n1p2: 634862112768
overlay: 634862112768

1734618013
/dev/nvme0n1p2: 634965159936
overlay: 634965159936

1734618015
/dev/nvme0n1p2: 635011559424
overlay: 635011559424

1734618016
/dev/nvme0n1p2: 635028226048
overlay: 635028226048

1734618019
/dev/nvme0n1p2: 635043053568
overlay: 635043053568

1734618020
/dev/nvme0n1p2: 635084386304
overlay: 635084386304

1734618021
/dev/nvme0n1p2: 635184369664
overlay: 635184369664

1734618022
/dev/nvme0n1p2: 635232608256
overlay: 635232608256

1734618023
/dev/nvme0n1p2: 635249016832
overlay: 635249016832

1734618024
/dev/nvme0n1p2: 635262717952
overlay: 635262717952

1734618025
/dev/nvme0n1p2: 635280179200
overlay: 635280179200

1734618026
/dev/nvme0n1p2: 635292864512
overlay: 635292864512

1734618027
/dev/nvme0n1p2: 635334512640
overlay: 635334512640

1734618028
/dev/nvme0n1p2: 635373989888
overlay: 635373989888

1734618029
/dev/nvme0n1p2: 635387949056
overlay: 635387949056

1734618030
/dev/nvme0n1p2: 635411554304
overlay: 635411554304

1734618031
/dev/nvme0n1p2: 635437346816
overlay: 635437346816

1734618032
/dev/nvme0n1p2: 635518685184
overlay: 635518685184

1734618033
/dev/nvme0n1p2: 635901849600
overlay: 635901849600

1734618034
/dev/nvme0n1p2: 636310761472
overlay: 636310761472

1734618035
/dev/nvme0n1p2: 636539068416
overlay: 636539068416

1734618036
/dev/nvme0n1p2: 636783333376
overlay: 636783333376

1734618037
/dev/nvme0n1p2: 636842545152
overlay: 636842545152

1734618041
/dev/nvme0n1p2: 636931837952
overlay: 636931837952

1734618042
/dev/nvme0n1p2: 637140144128
overlay: 637140144128

1734618043
/dev/nvme0n1p2: 637249294336
overlay: 637249294336

1734618044
/dev/nvme0n1p2: 637325660160
overlay: 637325660160

1734618046
/dev/nvme0n1p2: 638365327360
overlay: 638365327360

1734618047
/dev/nvme0n1p2: 638612254720
overlay: 638612262912

1734618048
/dev/nvme0n1p2: 638789156864
overlay: 638789156864

1734618051
/dev/nvme0n1p2: 639191179264
overlay: 639191179264

1734618056
/dev/nvme0n1p2: 639326789632
overlay: 639326789632

1734618059
/dev/nvme0n1p2: 640075382784
overlay: 640075382784

1734618060
/dev/nvme0n1p2: 640429285376
overlay: 640429285376

1734618063
/dev/nvme0n1p2: 640517406720
overlay: 640517414912

1734618064
/dev/nvme0n1p2: 640653598720
overlay: 640653598720

1734618066
/dev/nvme0n1p2: 640863612928
overlay: 640863612928

1734618068
/dev/nvme0n1p2: 641046962176
overlay: 641046962176

1734618069
/dev/nvme0n1p2: 641318109184
overlay: 641318109184

1734618072
/dev/nvme0n1p2: 641362661376
overlay: 641362665472

1734618077
/dev/nvme0n1p2: 641639092224
overlay: 641639092224

1734618079
/dev/nvme0n1p2: 642116153344
overlay: 642116153344

1734618081
/dev/nvme0n1p2: 642121744384
overlay: 642121748480

1734618084
/dev/nvme0n1p2: 642724061184
overlay: 642724061184

1734618086
/dev/nvme0n1p2: 642881261568
overlay: 642881261568

1734618087
/dev/nvme0n1p2: 642882887680
overlay: 642882891776

1734618088
/dev/nvme0n1p2: 642942263296
overlay: 642942263296

1734618090
/dev/nvme0n1p2: 643138711552
overlay: 643138711552

1734618091
/dev/nvme0n1p2: 643464372224
overlay: 643464372224

1734618096
/dev/nvme0n1p2: 643714928640
overlay: 643714928640

1734618098
/dev/nvme0n1p2: 643851173888
overlay: 643851173888

1734618100
/dev/nvme0n1p2: 643865071616
overlay: 643865071616

1734618103
/dev/nvme0n1p2: 644047196160
overlay: 644047196160

1734618105
/dev/nvme0n1p2: 644108038144
overlay: 644108038144

1734618106
/dev/nvme0n1p2: 644157681664
overlay: 644157681664

1734618108
/dev/nvme0n1p2: 644297781248
overlay: 644297781248

1734618109
/dev/nvme0n1p2: 644328853504
overlay: 644328853504

1734618110
/dev/nvme0n1p2: 644339208192
overlay: 644339208192

1734618113
/dev/nvme0n1p2: 644415737856
overlay: 644415737856

1734618114
/dev/nvme0n1p2: 644442324992
overlay: 644442324992

1734618115
/dev/nvme0n1p2: 644460032000
overlay: 644460032000

1734618117
/dev/nvme0n1p2: 644488065024
overlay: 644488065024

1734618118
/dev/nvme0n1p2: 644505006080
overlay: 644505006080

1734618120
/dev/nvme0n1p2: 644534870016
overlay: 644534870016

1734618122
/dev/nvme0n1p2: 644571492352
overlay: 644571492352

1734618124
/dev/nvme0n1p2: 644587970560
overlay: 644587970560

1734618126
/dev/nvme0n1p2: 644606173184
overlay: 644606173184

1734618128
/dev/nvme0n1p2: 644619362304
overlay: 644619366400

1734618130
/dev/nvme0n1p2: 644656115712
overlay: 644656115712

1734618132
/dev/nvme0n1p2: 644679569408
overlay: 644679569408

1734618133
/dev/nvme0n1p2: 644695928832
overlay: 644695928832

1734618134
/dev/nvme0n1p2: 644712312832
overlay: 644712312832

1734618136
/dev/nvme0n1p2: 644735901696
overlay: 644735901696

1734618137
/dev/nvme0n1p2: 644748025856
overlay: 644748025856

1734618139
/dev/nvme0n1p2: 644774318080
overlay: 644774318080

1734618140
/dev/nvme0n1p2: 644793307136
overlay: 644793307136

1734618141
/dev/nvme0n1p2: 644806217728
overlay: 644806217728

1734618142
/dev/nvme0n1p2: 644817526784
overlay: 644817526784

1734618143
/dev/nvme0n1p2: 644833628160
overlay: 644833628160

1734618144
/dev/nvme0n1p2: 644879818752
overlay: 644879818752

1734618145
/dev/nvme0n1p2: 644920569856
overlay: 644920569856

1734618146
/dev/nvme0n1p2: 644968476672
overlay: 644968476672

1734618147
/dev/nvme0n1p2: 645005582336
overlay: 645005582336

1734618148
/dev/nvme0n1p2: 645035941888
overlay: 645035941888

1734618149
/dev/nvme0n1p2: 645076738048
overlay: 645076738048

1734618150
/dev/nvme0n1p2: 645144313856
overlay: 645144313856

1734618152
/dev/nvme0n1p2: 645180440576
overlay: 645180440576

1734618153
/dev/nvme0n1p2: 645205323776
overlay: 645205323776

1734618154
/dev/nvme0n1p2: 645247270912
overlay: 645247275008

1734618155
/dev/nvme0n1p2: 645301698560
overlay: 645301698560

1734618157
/dev/nvme0n1p2: 645366497280
overlay: 645366497280

1734618159
/dev/nvme0n1p2: 645532012544
overlay: 645532012544

1734618160
/dev/nvme0n1p2: 645757972480
overlay: 645757972480

1734618161
/dev/nvme0n1p2: 645941952512
overlay: 645941952512

1734618162
/dev/nvme0n1p2: 646047387648
overlay: 646047387648

1734618163
/dev/nvme0n1p2: 646084259840
overlay: 646084259840

1734618165
/dev/nvme0n1p2: 646113275904
overlay: 646113275904

1734618166
/dev/nvme0n1p2: 646126424064
overlay: 646126424064

1734618167
/dev/nvme0n1p2: 646148263936
overlay: 646148263936

1734618168
/dev/nvme0n1p2: 646174142464
overlay: 646174142464

1734618169
/dev/nvme0n1p2: 646200492032
overlay: 646200492032

1734618170
/dev/nvme0n1p2: 646216118272
overlay: 646216118272

1734618171
/dev/nvme0n1p2: 646232866816
overlay: 646232866816

1734618173
/dev/nvme0n1p2: 646260830208
overlay: 646260830208

1734618174
/dev/nvme0n1p2: 646271021056
overlay: 646271021056

1734618175
/dev/nvme0n1p2: 646284693504
overlay: 646284693504

1734618176
/dev/nvme0n1p2: 646293491712
overlay: 646293491712

1734618177
/dev/nvme0n1p2: 646301405184
overlay: 646301405184

1734618178
/dev/nvme0n1p2: 646308904960
overlay: 646308904960

1734618179
/dev/nvme0n1p2: 646316298240
overlay: 646316298240

1734618180
/dev/nvme0n1p2: 646330052608
overlay: 646330052608

1734618182
/dev/nvme0n1p2: 646344069120
overlay: 646344069120

1734618183
/dev/nvme0n1p2: 646353235968
overlay: 646353235968

1734618184
/dev/nvme0n1p2: 646363684864
overlay: 646363684864

1734618185
/dev/nvme0n1p2: 646376751104
overlay: 646376751104

1734618186
/dev/nvme0n1p2: 646391767040
overlay: 646391767040

1734618187
/dev/nvme0n1p2: 646420885504
overlay: 646420885504

1734618188
/dev/nvme0n1p2: 646435233792
overlay: 646435233792

1734618190
/dev/nvme0n1p2: 646448619520
overlay: 646448623616

1734618192
/dev/nvme0n1p2: 646523789312
overlay: 646523789312

1734618193
/dev/nvme0n1p2: 646531674112
overlay: 646531674112

1734618194
/dev/nvme0n1p2: 646544052224
overlay: 646544052224

1734618195
/dev/nvme0n1p2: 646563536896
overlay: 646563536896

1734618196
/dev/nvme0n1p2: 646582435840
overlay: 646582435840

1734618197
/dev/nvme0n1p2: 646673272832
overlay: 646673272832

1734618198
/dev/nvme0n1p2: 646776659968
overlay: 646776659968

1734618199
/dev/nvme0n1p2: 646881058816
overlay: 646881058816

1734618200
/dev/nvme0n1p2: 646982369280
overlay: 646982369280

1734618201
/dev/nvme0n1p2: 647006969856
overlay: 647006969856

1734618202
/dev/nvme0n1p2: 647015796736
overlay: 647015796736

1734618203
/dev/nvme0n1p2: 647024381952
overlay: 647024381952

1734618204
/dev/nvme0n1p2: 647052623872
overlay: 647052623872

1734618205
/dev/nvme0n1p2: 647062552576
overlay: 647062552576

1734618206
/dev/nvme0n1p2: 647072940032
overlay: 647072940032

1734618207
/dev/nvme0n1p2: 647084138496
overlay: 647084138496

1734618208
/dev/nvme0n1p2: 647112118272
overlay: 647112118272

1734618209
/dev/nvme0n1p2: 647127158784
overlay: 647127158784

1734618210
/dev/nvme0n1p2: 647178539008
overlay: 647178539008

1734618211
/dev/nvme0n1p2: 647200555008
overlay: 647200555008

1734618212
/dev/nvme0n1p2: 647247904768
overlay: 647247904768

1734618213
/dev/nvme0n1p2: 647265034240
overlay: 647265034240

1734618214
/dev/nvme0n1p2: 647276003328
overlay: 647276003328

1734618215
/dev/nvme0n1p2: 647285551104
overlay: 647285551104

1734618216
/dev/nvme0n1p2: 647296450560
overlay: 647296450560

1734618217
/dev/nvme0n1p2: 647344865280
overlay: 647344865280

1734618218
/dev/nvme0n1p2: 647358300160
overlay: 647358300160

1734618219
/dev/nvme0n1p2: 647377154048
overlay: 647377154048

1734618220
/dev/nvme0n1p2: 647403663360
overlay: 647403663360

1734618221
/dev/nvme0n1p2: 647430488064
overlay: 647430488064

1734618222
/dev/nvme0n1p2: 647528030208
overlay: 647528030208

1734618223
/dev/nvme0n1p2: 647625285632
overlay: 647625289728

1734618225
/dev/nvme0n1p2: 647666761728
overlay: 647666761728

1734618226
/dev/nvme0n1p2: 647725813760
overlay: 647725813760

1734618227
/dev/nvme0n1p2: 647767384064
overlay: 647767384064

1734618229
/dev/nvme0n1p2: 648106934272
overlay: 648106934272

1734618230
/dev/nvme0n1p2: 648245989376
overlay: 648245993472

1734618231
/dev/nvme0n1p2: 648432623616
overlay: 648432623616

1734618232
/dev/nvme0n1p2: 648478179328
overlay: 648478179328

1734618233
/dev/nvme0n1p2: 648530116608
overlay: 648530116608

1734618234
/dev/nvme0n1p2: 648604114944
overlay: 648604114944

1734618235
/dev/nvme0n1p2: 648751939584
overlay: 648751939584

1734618236
/dev/nvme0n1p2: 648914022400
overlay: 648914026496

1734618237
/dev/nvme0n1p2: 649053077504
overlay: 649053077504

1734618238
/dev/nvme0n1p2: 649194184704
overlay: 649194184704

1734618239
/dev/nvme0n1p2: 649231290368
overlay: 649231290368

1734618240
/dev/nvme0n1p2: 649260331008
overlay: 649260335104

1734618241
/dev/nvme0n1p2: 649289875456
overlay: 649289875456

1734618242
/dev/nvme0n1p2: 649313402880
overlay: 649313402880

1734618243
/dev/nvme0n1p2: 649342976000
overlay: 649342976000

1734618244
/dev/nvme0n1p2: 649370664960
overlay: 649370664960

1734618245
/dev/nvme0n1p2: 649398108160
overlay: 649398108160

1734618246
/dev/nvme0n1p2: 649427169280
overlay: 649427169280

1734618247
/dev/nvme0n1p2: 649450139648
overlay: 649450139648

1734618248
/dev/nvme0n1p2: 649476812800
overlay: 649476812800

1734618249
/dev/nvme0n1p2: 649519869952
overlay: 649519869952

1734618250
/dev/nvme0n1p2: 649550487552
overlay: 649550487552

1734618251
/dev/nvme0n1p2: 649569562624
overlay: 649569562624

1734618253
/dev/nvme0n1p2: 649612242944
overlay: 649612242944

1734618255
/dev/nvme0n1p2: 649657540608
overlay: 649657540608

1734618256
/dev/nvme0n1p2: 649683083264
overlay: 649683083264

1734618258
/dev/nvme0n1p2: 649734062080
overlay: 649734057984

1734618260
/dev/nvme0n1p2: 649785528320
overlay: 649785528320

1734618262
/dev/nvme0n1p2: 649863176192
overlay: 649863176192

1734618264
/dev/nvme0n1p2: 649919406080
overlay: 649919406080

1734618266
/dev/nvme0n1p2: 650200723456
overlay: 650200723456

1734618269
/dev/nvme0n1p2: 650404814848
overlay: 650404814848

1734618271
/dev/nvme0n1p2: 650554945536
overlay: 650554945536

1734618272
/dev/nvme0n1p2: 650643566592
overlay: 650643566592

1734618273
/dev/nvme0n1p2: 650673344512
overlay: 650673344512

1734618275
/dev/nvme0n1p2: 650713473024
overlay: 650713473024

1734618277
/dev/nvme0n1p2: 650811576320
overlay: 650811576320

1734618279
/dev/nvme0n1p2: 650922569728
overlay: 650922569728

1734618280
/dev/nvme0n1p2: 651124912128
overlay: 651124912128

1734618281
/dev/nvme0n1p2: 651344142336
overlay: 651344150528

1734618282
/dev/nvme0n1p2: 651438649344
overlay: 651438649344

1734618283
/dev/nvme0n1p2: 651558060032
overlay: 651558060032

1734618284
/dev/nvme0n1p2: 651624325120
overlay: 651624325120

1734618285
/dev/nvme0n1p2: 651725725696
overlay: 651725725696

1734618287
/dev/nvme0n1p2: 652095545344
overlay: 652095549440

1734618289
/dev/nvme0n1p2: 652260651008
overlay: 652260651008

1734618292
/dev/nvme0n1p2: 652465635328
overlay: 652465635328

1734618296
/dev/nvme0n1p2: 652964495360
overlay: 652964495360

1734618298
/dev/nvme0n1p2: 653241458688
overlay: 653241458688

1734618300
/dev/nvme0n1p2: 653337681920
overlay: 653337681920

1734618301
/dev/nvme0n1p2: 653350096896
overlay: 653350096896

1734618302
/dev/nvme0n1p2: 653441986560
overlay: 653441986560

1734618303
/dev/nvme0n1p2: 653556097024
overlay: 653556097024

1734618304
/dev/nvme0n1p2: 653674737664
overlay: 653674737664

1734618306
/dev/nvme0n1p2: 653826338816
overlay: 653826338816

1734618307
/dev/nvme0n1p2: 653892542464
overlay: 653892542464

1734618308
/dev/nvme0n1p2: 653951672320
overlay: 653951672320

1734618309
/dev/nvme0n1p2: 654011793408
overlay: 654011793408

1734618310
/dev/nvme0n1p2: 654079578112
overlay: 654079578112

1734618312
/dev/nvme0n1p2: 654194630656
overlay: 654194630656

1734618313
/dev/nvme0n1p2: 654252789760
overlay: 654252789760

1734618314
/dev/nvme0n1p2: 654316388352
overlay: 654316388352

1734618315
/dev/nvme0n1p2: 654378430464
overlay: 654378430464

1734618317
/dev/nvme0n1p2: 654487515136
overlay: 654487515136

1734618321
/dev/nvme0n1p2: 654695026688
overlay: 654695026688

1734618323
/dev/nvme0n1p2: 654867832832
overlay: 654867832832

1734618324
/dev/nvme0n1p2: 655087566848
overlay: 655087566848

1734618326
/dev/nvme0n1p2: 655189442560
overlay: 655189442560

1734618328
/dev/nvme0n1p2: 655334248448
overlay: 655334248448

1734618330
/dev/nvme0n1p2: 655429185536
overlay: 655429185536

1734618332
/dev/nvme0n1p2: 655478480896
overlay: 655478480896

1734618333
/dev/nvme0n1p2: 655535476736
overlay: 655535476736

1734618334
/dev/nvme0n1p2: 655593689088
overlay: 655593693184

1734618336
/dev/nvme0n1p2: 655743934464
overlay: 655743934464

1734618338
/dev/nvme0n1p2: 655981645824
overlay: 655981645824

1734618342
/dev/nvme0n1p2: 656227811328
overlay: 656227811328

1734618344
/dev/nvme0n1p2: 656528642048
overlay: 656528642048

1734618346
/dev/nvme0n1p2: 656833683456
overlay: 656833683456

1734618348
/dev/nvme0n1p2: 657065000960
overlay: 657065000960

1734618349
/dev/nvme0n1p2: 657281724416
overlay: 657281724416

1734618350
/dev/nvme0n1p2: 657534423040
overlay: 657534423040

1734618351
/dev/nvme0n1p2: 657760804864
overlay: 657760804864

1734618353
/dev/nvme0n1p2: 658037997568
overlay: 658038001664

1734618354
/dev/nvme0n1p2: 658207973376
overlay: 658207973376

1734618355
/dev/nvme0n1p2: 658219753472
overlay: 658219753472

1734618357
/dev/nvme0n1p2: 658229604352
overlay: 658229604352

1734618360
/dev/nvme0n1p2: 658245849088
overlay: 658245849088

1734618361
/dev/nvme0n1p2: 658251522048
overlay: 658251522048

1734618363
/dev/nvme0n1p2: 658080460800
overlay: 658080460800

1734618365
/dev/nvme0n1p2: 658086432768
overlay: 658086432768

1734618366
/dev/nvme0n1p2: 658096033792
overlay: 658096033792

1734618369
/dev/nvme0n1p2: 657903599616
overlay: 657903599616

1734618370
/dev/nvme0n1p2: 657964097536
overlay: 657964097536

1734618371
/dev/nvme0n1p2: 658030280704
overlay: 658030280704

1734618372
/dev/nvme0n1p2: 658092294144
overlay: 658092294144

1734618373
/dev/nvme0n1p2: 658159931392
overlay: 658159931392

1734618374
/dev/nvme0n1p2: 658364325888
overlay: 658364325888

1734618375
/dev/nvme0n1p2: 658431229952
overlay: 658431229952

1734618376
/dev/nvme0n1p2: 658501935104
overlay: 658501935104

1734618378
/dev/nvme0n1p2: 658518781952
overlay: 658518781952

1734618379
/dev/nvme0n1p2: 658534862848
overlay: 658534862848

1734618380
/dev/nvme0n1p2: 658549583872
overlay: 658549583872

1734618381
/dev/nvme0n1p2: 658561777664
overlay: 658561777664

1734618382
/dev/nvme0n1p2: 658572668928
overlay: 658572668928

1734618383
/dev/nvme0n1p2: 658582827008
overlay: 658582827008

1734618384
/dev/nvme0n1p2: 658593214464
overlay: 658593214464

1734618386
/dev/nvme0n1p2: 658611011584
overlay: 658611011584

1734618387
/dev/nvme0n1p2: 658621841408
overlay: 658621841408

1734618388
/dev/nvme0n1p2: 658628608000
overlay: 658628608000

1734618389
/dev/nvme0n1p2: 658641653760
overlay: 658641653760

1734618390
/dev/nvme0n1p2: 658648363008
overlay: 658648363008

1734618391
/dev/nvme0n1p2: 658654658560
overlay: 658654658560

1734618392
/dev/nvme0n1p2: 658661613568
overlay: 658661613568

1734618393
/dev/nvme0n1p2: 658670002176
overlay: 658670002176

1734618394
/dev/nvme0n1p2: 658678493184
overlay: 658678493184

1734618395
/dev/nvme0n1p2: 658687504384
overlay: 658687504384

1734618396
/dev/nvme0n1p2: 658697568256
overlay: 658697568256

1734618397
/dev/nvme0n1p2: 658707357696
overlay: 658707357696

1734618398
/dev/nvme0n1p2: 658715688960
overlay: 658715688960

1734618399
/dev/nvme0n1p2: 658723364864
overlay: 658723364864

1734618401
/dev/nvme0n1p2: 658738040832
overlay: 658738040832

1734618402
/dev/nvme0n1p2: 658744868864
overlay: 658744868864

1734618403
/dev/nvme0n1p2: 658754482176
overlay: 658754482176

1734618405
/dev/nvme0n1p2: 658765795328
overlay: 658765795328

1734618406
/dev/nvme0n1p2: 658773299200
overlay: 658773299200

1734618407
/dev/nvme0n1p2: 658781134848
overlay: 658781134848

1734618408
/dev/nvme0n1p2: 658787577856
overlay: 658787577856

1734618409
/dev/nvme0n1p2: 658796752896
overlay: 658796752896

1734618411
/dev/nvme0n1p2: 658812424192
overlay: 658812424192

1734618412
/dev/nvme0n1p2: 658821353472
overlay: 658821353472

1734618413
/dev/nvme0n1p2: 658831126528
overlay: 658831126528

1734618414
/dev/nvme0n1p2: 658840117248
overlay: 658840117248

1734618415
/dev/nvme0n1p2: 658847944704
overlay: 658847944704

1734618416
/dev/nvme0n1p2: 658853679104
overlay: 658853679104

1734618417
/dev/nvme0n1p2: 658860638208
overlay: 658860638208

1734618418
/dev/nvme0n1p2: 658870886400
overlay: 658870886400

1734618419
/dev/nvme0n1p2: 658879057920
overlay: 658879057920

1734618420
/dev/nvme0n1p2: 658886832128
overlay: 658886832128

1734618421
/dev/nvme0n1p2: 658894913536
overlay: 658894913536

1734618422
/dev/nvme0n1p2: 658903556096
overlay: 658903556096

1734618423
/dev/nvme0n1p2: 658914136064
overlay: 658914136064

1734618424
/dev/nvme0n1p2: 658924576768
overlay: 658924576768

1734618425
/dev/nvme0n1p2: 658933559296
overlay: 658933559296

1734618426
/dev/nvme0n1p2: 658943655936
overlay: 658943655936

1734618427
/dev/nvme0n1p2: 658954633216
overlay: 658954633216

1734618428
/dev/nvme0n1p2: 658965925888
overlay: 658965925888

1734618429
/dev/nvme0n1p2: 658977714176
overlay: 658977714176

1734618430
/dev/nvme0n1p2: 658989215744
overlay: 658989215744

1734618431
/dev/nvme0n1p2: 659001786368
overlay: 659001786368

1734618432
/dev/nvme0n1p2: 659012976640
overlay: 659012976640

1734618433
/dev/nvme0n1p2: 659018072064
overlay: 659018072064

1734618434
/dev/nvme0n1p2: 659025350656
overlay: 659025350656

1734618436
/dev/nvme0n1p2: 659034296320
overlay: 659034296320

1734618437
/dev/nvme0n1p2: 659043450880
overlay: 659043450880

1734618438
/dev/nvme0n1p2: 659047858176
overlay: 659047858176

1734618439
/dev/nvme0n1p2: 659052220416
overlay: 659052220416

1734618440
/dev/nvme0n1p2: 659057758208
overlay: 659057758208

1734618442
/dev/nvme0n1p2: 659068162048
overlay: 659068162048

1734618443
/dev/nvme0n1p2: 659075026944
overlay: 659075026944

1734618444
/dev/nvme0n1p2: 659080589312
overlay: 659080589312

1734618445
/dev/nvme0n1p2: 659086086144
overlay: 659086086144

1734618446
/dev/nvme0n1p2: 659092791296
overlay: 659092791296

1734618447
/dev/nvme0n1p2: 659102507008
overlay: 659102507008

1734618448
/dev/nvme0n1p2: 659108012032
overlay: 659108012032

1734618449
/dev/nvme0n1p2: 659114799104
overlay: 659114799104

1734618450
/dev/nvme0n1p2: 659121233920
overlay: 659121233920

1734618451
/dev/nvme0n1p2: 659130314752
overlay: 659130314752

1734618452
/dev/nvme0n1p2: 659138879488
overlay: 659138879488

1734618453
/dev/nvme0n1p2: 659149664256
overlay: 659149664256

1734618454
/dev/nvme0n1p2: 659163185152
overlay: 659163185152

1734618455
/dev/nvme0n1p2: 659177373696
overlay: 659177373696

1734618456
/dev/nvme0n1p2: 659183702016
overlay: 659183702016

1734618457
/dev/nvme0n1p2: 659200905216
overlay: 659200905216

1734618458
/dev/nvme0n1p2: 659208679424
overlay: 659208679424

1734618459
/dev/nvme0n1p2: 659216048128
overlay: 659216048128

1734618460
/dev/nvme0n1p2: 659229904896
overlay: 659229904896

1734618462
/dev/nvme0n1p2: 657466531840
overlay: 657466531840

1734618463
/dev/nvme0n1p2: 657473822720
overlay: 657473822720

1734618464
/dev/nvme0n1p2: 657480839168
overlay: 657480839168

1734618465
/dev/nvme0n1p2: 657487736832
overlay: 657487736832

1734618466
/dev/nvme0n1p2: 657493692416
overlay: 657493692416

1734618467
/dev/nvme0n1p2: 657499906048
overlay: 657499906048

1734618468
/dev/nvme0n1p2: 657506455552
overlay: 657506455552

1734618469
/dev/nvme0n1p2: 657513443328
overlay: 657513443328

1734618470
/dev/nvme0n1p2: 657518637056
overlay: 657518637056

1734618471
/dev/nvme0n1p2: 657522900992
overlay: 657522900992

1734618472
/dev/nvme0n1p2: 657528201216
overlay: 657528201216

1734618473
/dev/nvme0n1p2: 657533730816
overlay: 657533730816

1734618475
/dev/nvme0n1p2: 657543962624
overlay: 657543962624

1734618477
/dev/nvme0n1p2: 657557053440
overlay: 657557053440

1734618478
/dev/nvme0n1p2: 657562447872
overlay: 657562447872

1734618479
/dev/nvme0n1p2: 657566855168
overlay: 657566855168

1734618480
/dev/nvme0n1p2: 657580216320
overlay: 657580216320

1734618481
/dev/nvme0n1p2: 657607393280
overlay: 657607393280

1734618482
/dev/nvme0n1p2: 657623207936
overlay: 657623207936

1734618483
/dev/nvme0n1p2: 657643233280
overlay: 657643233280

1734618484
/dev/nvme0n1p2: 657647689728
overlay: 657647689728

1734618485
/dev/nvme0n1p2: 657651470336
overlay: 657651470336

1734618486
/dev/nvme0n1p2: 657656111104
overlay: 657656111104

1734618487
/dev/nvme0n1p2: 657660514304
overlay: 657660514304

1734618488
/dev/nvme0n1p2: 657665069056
overlay: 657665069056

1734618489
/dev/nvme0n1p2: 657669603328
overlay: 657669603328

1734618490
/dev/nvme0n1p2: 657674469376
overlay: 657674469376

1734618491
/dev/nvme0n1p2: 657680850944
overlay: 657680850944

1734618492
/dev/nvme0n1p2: 657687085056
overlay: 657687085056

1734618493
/dev/nvme0n1p2: 657693261824
overlay: 657693261824

1734618494
/dev/nvme0n1p2: 657698926592
overlay: 657698926592

1734618495
/dev/nvme0n1p2: 657703907328
overlay: 657703907328

1734618496
/dev/nvme0n1p2: 657714876416
overlay: 657714876416

1734618498
/dev/nvme0n1p2: 657729187840
overlay: 657729187840

1734618499
/dev/nvme0n1p2: 657736466432
overlay: 657736466432

1734618500
/dev/nvme0n1p2: 657743536128
overlay: 657743536128

1734618501
/dev/nvme0n1p2: 657751658496
overlay: 657751658496

1734618502
/dev/nvme0n1p2: 657759653888
overlay: 657759653888

1734618503
/dev/nvme0n1p2: 657768022016
overlay: 657768022016

1734618504
/dev/nvme0n1p2: 657777664000
overlay: 657777664000

1734618505
/dev/nvme0n1p2: 657785454592
overlay: 657785454592

1734618506
/dev/nvme0n1p2: 657793703936
overlay: 657793703936

1734618509
/dev/nvme0n1p2: 657805266944
overlay: 657805266944

1734618510
/dev/nvme0n1p2: 657815830528
overlay: 657815830528

1734618511
/dev/nvme0n1p2: 657819643904
overlay: 657819643904

1734618512
/dev/nvme0n1p2: 657824112640
overlay: 657824112640

1734618513
/dev/nvme0n1p2: 657829089280
overlay: 657829089280

1734618514
/dev/nvme0n1p2: 657834266624
overlay: 657834266624

1734618515
/dev/nvme0n1p2: 657840541696
overlay: 657840541696

1734618516
/dev/nvme0n1p2: 657849561088
overlay: 657849561088

1734618517
/dev/nvme0n1p2: 657855381504
overlay: 657855381504

1734618518
/dev/nvme0n1p2: 657864302592
overlay: 657864302592

1734618519
/dev/nvme0n1p2: 657877278720
overlay: 657877278720

1734618520
/dev/nvme0n1p2: 657892270080
overlay: 657892270080

1734618521
/dev/nvme0n1p2: 657901887488
overlay: 657901887488

1734618522
/dev/nvme0n1p2: 657908899840
overlay: 657908899840

1734618523
/dev/nvme0n1p2: 657917399040
overlay: 657917399040

1734618524
/dev/nvme0n1p2: 657923284992
overlay: 657923284992

1734618525
/dev/nvme0n1p2: 657930764288
overlay: 657930764288

1734618526
/dev/nvme0n1p2: 657938726912
overlay: 657938726912

1734618527
/dev/nvme0n1p2: 657946386432
overlay: 657946386432

1734618528
/dev/nvme0n1p2: 657952993280
overlay: 657952993280

1734618529
/dev/nvme0n1p2: 657959223296
overlay: 657959223296

1734618530
/dev/nvme0n1p2: 657966632960
overlay: 657966632960

1734618531
/dev/nvme0n1p2: 657977204736
overlay: 657977204736

1734618532
/dev/nvme0n1p2: 657982201856
overlay: 657982201856

1734618533
/dev/nvme0n1p2: 657986441216
overlay: 657986441216

1734618534
/dev/nvme0n1p2: 657991208960
overlay: 657991208960

1734618535
/dev/nvme0n1p2: 657996484608
overlay: 657996484608

1734618537
/dev/nvme0n1p2: 658007142400
overlay: 658007142400

1734618538
/dev/nvme0n1p2: 658013011968
overlay: 658013011968

1734618539
/dev/nvme0n1p2: 658020503552
overlay: 658020503552

1734618540
/dev/nvme0n1p2: 658026246144
overlay: 658026246144

1734618541
/dev/nvme0n1p2: 658032553984
overlay: 658032553984

1734618543
/dev/nvme0n1p2: 658042134528
overlay: 658042134528

1734618544
/dev/nvme0n1p2: 658049679360
overlay: 658049679360

1734618545
/dev/nvme0n1p2: 658057707520
overlay: 658057707520

1734618546
/dev/nvme0n1p2: 658075353088
overlay: 658075353088

1734618547
/dev/nvme0n1p2: 658090971136
overlay: 658090971136

1734618548
/dev/nvme0n1p2: 658100715520
overlay: 658100715520

1734618549
/dev/nvme0n1p2: 658131202048
overlay: 658131202048

1734618550
/dev/nvme0n1p2: 658140979200
overlay: 658140979200

1734618551
/dev/nvme0n1p2: 658182799360
overlay: 658182799360

1734618552
/dev/nvme0n1p2: 658194104320
overlay: 658194104320

1734618553
/dev/nvme0n1p2: 658201632768
overlay: 658201632768

1734618554
/dev/nvme0n1p2: 658225528832
overlay: 658225528832

1734618555
/dev/nvme0n1p2: 658244108288
overlay: 658244108288

1734618557
/dev/nvme0n1p2: 658275217408
overlay: 658275217408

1734618558
/dev/nvme0n1p2: 658283724800
overlay: 658283724800

1734618559
/dev/nvme0n1p2: 658293809152
overlay: 658293809152

1734618560
/dev/nvme0n1p2: 658299764736
overlay: 658299764736

1734618561
/dev/nvme0n1p2: 658305687552
overlay: 658305687552

1734618562
/dev/nvme0n1p2: 658311593984
overlay: 658311593984

1734618563
/dev/nvme0n1p2: 658318114816
overlay: 658318114816

1734618564
/dev/nvme0n1p2: 658325868544
overlay: 658325868544

1734618565
/dev/nvme0n1p2: 658333679616
overlay: 658333679616

1734618566
/dev/nvme0n1p2: 658341720064
overlay: 658341720064

1734618567
/dev/nvme0n1p2: 658351304704
overlay: 658351304704

1734618568
/dev/nvme0n1p2: 658363887616
overlay: 658363887616

1734618570
/dev/nvme0n1p2: 658379878400
overlay: 658379878400

1734618571
/dev/nvme0n1p2: 658386698240
overlay: 658386698240

1734618572
/dev/nvme0n1p2: 658392940544
overlay: 658392940544

1734618573
/dev/nvme0n1p2: 658396995584
overlay: 658396995584

1734618574
/dev/nvme0n1p2: 658401361920
overlay: 658401361920

1734618576
/dev/nvme0n1p2: 658411819008
overlay: 658411819008

1734618577
/dev/nvme0n1p2: 658415525888
overlay: 658415525888

1734618578
/dev/nvme0n1p2: 658419625984
overlay: 658419625984

1734618579
/dev/nvme0n1p2: 658424672256
overlay: 658424672256

1734618580
/dev/nvme0n1p2: 658429186048
overlay: 658429186048

1734618582
/dev/nvme0n1p2: 658438385664
overlay: 658438385664

1734618583
/dev/nvme0n1p2: 658445688832
overlay: 658445688832

1734618584
/dev/nvme0n1p2: 658450661376
overlay: 658450661376

1734618585
/dev/nvme0n1p2: 658457391104
overlay: 658457391104

1734618586
/dev/nvme0n1p2: 658475241472
overlay: 658475241472

1734618587
/dev/nvme0n1p2: 658506240000
overlay: 658506240000

1734618589
/dev/nvme0n1p2: 658640953344
overlay: 658640953344

1734618590
/dev/nvme0n1p2: 658649739264
overlay: 658649739264

1734618591
/dev/nvme0n1p2: 658661453824
overlay: 658661453824

1734618592
/dev/nvme0n1p2: 658686849024
overlay: 658686849024

1734618593
/dev/nvme0n1p2: 658693926912
overlay: 658693926912

1734618594
/dev/nvme0n1p2: 658728828928
overlay: 658728828928

1734618595
/dev/nvme0n1p2: 658737106944
overlay: 658737106944

1734618596
/dev/nvme0n1p2: 658742792192
overlay: 658742792192

1734618597
/dev/nvme0n1p2: 658756177920
overlay: 658756177920

1734618598
/dev/nvme0n1p2: 658796933120
overlay: 658796933120

1734618599
/dev/nvme0n1p2: 658812829696
overlay: 658812829696

1734618600
/dev/nvme0n1p2: 658822352896
overlay: 658822352896

1734618601
/dev/nvme0n1p2: 658862350336
overlay: 658862350336

1734618602
/dev/nvme0n1p2: 658867732480
overlay: 658867732480

1734618603
/dev/nvme0n1p2: 658873176064
overlay: 658873176064

1734618604
/dev/nvme0n1p2: 658880151552
overlay: 658880151552

1734618605
/dev/nvme0n1p2: 658890805248
overlay: 658890805248

1734618607
/dev/nvme0n1p2: 658897100800
overlay: 658897100800

1734618608
/dev/nvme0n1p2: 658925408256
overlay: 658925408256

1734618609
/dev/nvme0n1p2: 658944966656
overlay: 658944966656

1734618610
/dev/nvme0n1p2: 658980212736
overlay: 658980212736

1734618611
/dev/nvme0n1p2: 658983960576
overlay: 658983960576

1734618612
/dev/nvme0n1p2: 658994843648
overlay: 658994843648

1734618613
/dev/nvme0n1p2: 659001016320
overlay: 659001016320

1734618614
/dev/nvme0n1p2: 659024072704
overlay: 659024072704

1734618615
/dev/nvme0n1p2: 659029663744
overlay: 659029663744

1734618616
/dev/nvme0n1p2: 659036483584
overlay: 659036483584

1734618617
/dev/nvme0n1p2: 659041488896
overlay: 659041488896

1734618618
/dev/nvme0n1p2: 659088551936
overlay: 659088551936

1734618619
/dev/nvme0n1p2: 659113000960
overlay: 659113000960

1734618620
/dev/nvme0n1p2: 659118403584
overlay: 659118403584

1734618621
/dev/nvme0n1p2: 659124502528
overlay: 659124502528

1734618622
/dev/nvme0n1p2: 659150823424
overlay: 659150823424

1734618623
/dev/nvme0n1p2: 659158159360
overlay: 659158159360

1734618624
/dev/nvme0n1p2: 659164979200
overlay: 659164979200

1734618625
/dev/nvme0n1p2: 659172220928
overlay: 659172220928

1734618626
/dev/nvme0n1p2: 659205275648
overlay: 659205275648

1734618627
/dev/nvme0n1p2: 659222843392
overlay: 659222843392

1734618628
/dev/nvme0n1p2: 659257790464
overlay: 659257790464

1734618629
/dev/nvme0n1p2: 659275018240
overlay: 659275018240

1734618630
/dev/nvme0n1p2: 659630391296
overlay: 659630391296

1734618631
/dev/nvme0n1p2: 660142211072
overlay: 660142211072

1734618632
/dev/nvme0n1p2: 660425584640
overlay: 660425584640

1734618633
/dev/nvme0n1p2: 660432646144
overlay: 660432646144

1734618635
/dev/nvme0n1p2: 660442185728
overlay: 660442185728

1734618636
/dev/nvme0n1p2: 660539686912
overlay: 660539686912

1734618637
/dev/nvme0n1p2: 660555784192
overlay: 660555784192

1734618638
/dev/nvme0n1p2: 660563365888
overlay: 660563365888

1734618640
/dev/nvme0n1p2: 660575653888
overlay: 660575653888

1734618641
/dev/nvme0n1p2: 660581982208
overlay: 660581982208

1734618642
/dev/nvme0n1p2: 660601278464
overlay: 660601278464

1734618643
/dev/nvme0n1p2: 660608159744
overlay: 660608159744

1734618644
/dev/nvme0n1p2: 660613713920
overlay: 660613713920

1734618645
/dev/nvme0n1p2: 660619677696
overlay: 660619677696

1734618646
/dev/nvme0n1p2: 660625907712
overlay: 660625907712

1734618647
/dev/nvme0n1p2: 660631199744
overlay: 660631203840

1734618648
/dev/nvme0n1p2: 660637192192
overlay: 660637192192

1734618649
/dev/nvme0n1p2: 660643016704
overlay: 660643016704

1734618650
/dev/nvme0n1p2: 660646924288
overlay: 660646924288

1734618651
/dev/nvme0n1p2: 660650889216
overlay: 660650889216

1734618652
/dev/nvme0n1p2: 660655247360
overlay: 660655247360

1734618653
/dev/nvme0n1p2: 660658827264
overlay: 660658827264

1734618654
/dev/nvme0n1p2: 660659175424
overlay: 660659175424

1734618655
/dev/nvme0n1p2: 660659507200
overlay: 660659507200

1734618656
/dev/nvme0n1p2: 660659888128
overlay: 660659888128

1734618657
/dev/nvme0n1p2: 660660318208
overlay: 660660318208

1734618658
/dev/nvme0n1p2: 660660776960
overlay: 660660776960

1734618659
/dev/nvme0n1p2: 660661198848
overlay: 660661198848

1734618660
/dev/nvme0n1p2: 660661608448
overlay: 660661608448

1734618661
/dev/nvme0n1p2: 660661972992
overlay: 660661972992

1734618662
/dev/nvme0n1p2: 660662263808
overlay: 660662263808

1734618663
/dev/nvme0n1p2: 660662575104
overlay: 660662575104

1734618664
/dev/nvme0n1p2: 660662906880
overlay: 660662906880

1734618666
/dev/nvme0n1p2: 660663689216
overlay: 660663689216

1734618667
/dev/nvme0n1p2: 660664070144
overlay: 660664070144

1734618668
/dev/nvme0n1p2: 660664303616
overlay: 660664303616

1734618669
/dev/nvme0n1p2: 660664537088
overlay: 660664537088

1734618670
/dev/nvme0n1p2: 660664561664
overlay: 660664561664

1734618671
/dev/nvme0n1p2: 660664627200
overlay: 660664627200

1734618672
/dev/nvme0n1p2: 660664668160
overlay: 660664668160

1734618673
/dev/nvme0n1p2: 660664672256
overlay: 660664672256

1734618674
/dev/nvme0n1p2: 660664758272
overlay: 660664758272

1734618675
/dev/nvme0n1p2: 660664836096
overlay: 660664836096

1734618676
/dev/nvme0n1p2: 660664930304
overlay: 660664930304

1734618677
/dev/nvme0n1p2: 660664963072
overlay: 660664963072

1734618678
/dev/nvme0n1p2: 660665028608
overlay: 660665028608

1734618679
/dev/nvme0n1p2: 660665057280
overlay: 660665057280

1734618680
/dev/nvme0n1p2: 660665135104
overlay: 660665135104

1734618681
/dev/nvme0n1p2: 660665192448
overlay: 660665192448

1734618682
/dev/nvme0n1p2: 660665245696
overlay: 660665245696

1734618683
/dev/nvme0n1p2: 660665274368
overlay: 660665274368

1734618684
/dev/nvme0n1p2: 660665278464
overlay: 660665278464

1734618685
/dev/nvme0n1p2: 660665282560
overlay: 660665282560

1734618686
/dev/nvme0n1p2: 660665303040
overlay: 660665303040

1734618687
/dev/nvme0n1p2: 660665356288
overlay: 660665356288

1734618688
/dev/nvme0n1p2: 660665425920
overlay: 660665425920

1734618689
/dev/nvme0n1p2: 660665487360
overlay: 660665487360

1734618690
/dev/nvme0n1p2: 660665540608
overlay: 660665540608

1734618691
/dev/nvme0n1p2: 660665622528
overlay: 660665622528

1734618692
/dev/nvme0n1p2: 660665679872
overlay: 660665679872

1734618693
/dev/nvme0n1p2: 660665733120
overlay: 660665733120

1734618694
/dev/nvme0n1p2: 660665835520
overlay: 660665835520

1734618695
/dev/nvme0n1p2: 660665921536
overlay: 660665921536

1734618696
/dev/nvme0n1p2: 660665958400
overlay: 660665958400

1734618697
/dev/nvme0n1p2: 660665966592
overlay: 660665966592

1734618698
/dev/nvme0n1p2: 660666011648
overlay: 660666011648

1734618699
/dev/nvme0n1p2: 660666056704
overlay: 660666056704

1734618700
/dev/nvme0n1p2: 660666118144
overlay: 660666118144

1734618701
/dev/nvme0n1p2: 660666187776
overlay: 660666187776

1734618702
/dev/nvme0n1p2: 660666245120
overlay: 660666245120

1734618703
/dev/nvme0n1p2: 660666290176
overlay: 660666290176

1734618704
/dev/nvme0n1p2: 660666318848
overlay: 660666318848

1734618705
/dev/nvme0n1p2: 660666388480
overlay: 660666388480

1734618706
/dev/nvme0n1p2: 660666445824
overlay: 660666445824

1734618707
/dev/nvme0n1p2: 660666499072
overlay: 660666499072

1734618708
/dev/nvme0n1p2: 660666548224
overlay: 660666548224

1734618709
/dev/nvme0n1p2: 660666613760
overlay: 660666613760

1734618710
/dev/nvme0n1p2: 660666662912
overlay: 660666662912

1734618711
/dev/nvme0n1p2: 660666683392
overlay: 660666683392

1734618712
/dev/nvme0n1p2: 660666703872
overlay: 660666703872

1734618713
/dev/nvme0n1p2: 660666728448
overlay: 660666728448

1734618714
/dev/nvme0n1p2: 660666761216
overlay: 660666761216

1734618715
/dev/nvme0n1p2: 660666814464
overlay: 660666814464

1734618716
/dev/nvme0n1p2: 660666859520
overlay: 660666859520

1734618717
/dev/nvme0n1p2: 660666920960
overlay: 660666920960

1734618718
/dev/nvme0n1p2: 660667006976
overlay: 660667006976

1734618719
/dev/nvme0n1p2: 660667035648
overlay: 660667035648

1734618720
/dev/nvme0n1p2: 660667088896
overlay: 660667088896

1734618721
/dev/nvme0n1p2: 660667125760
overlay: 660667125760

1734618722
/dev/nvme0n1p2: 660667179008
overlay: 660667179008

1734618723
/dev/nvme0n1p2: 660667240448
overlay: 660667240448

1734618724
/dev/nvme0n1p2: 660667273216
overlay: 660667273216

1734618725
/dev/nvme0n1p2: 660667330560
overlay: 660667330560

1734618726
/dev/nvme0n1p2: 660667392000
overlay: 660667392000

1734618727
/dev/nvme0n1p2: 660667469824
overlay: 660667469824

1734618728
/dev/nvme0n1p2: 660667527168
overlay: 660667527168

1734618729
/dev/nvme0n1p2: 660669321216
overlay: 660669321216

1734618730
/dev/nvme0n1p2: 660669325312
overlay: 660669325312

1734618731
/dev/nvme0n1p2: 660669329408
overlay: 660669329408

1734618732
/dev/nvme0n1p2: 660669333504
overlay: 660669333504

1734618733
/dev/nvme0n1p2: 660669337600
overlay: 660669337600

1734618734
/dev/nvme0n1p2: 660669337600
overlay: 660669337600

1734618735
/dev/nvme0n1p2: 660669341696
overlay: 660669341696

1734618736
/dev/nvme0n1p2: 660669345792
overlay: 660669345792

1734618737
/dev/nvme0n1p2: 660669349888
overlay: 660669349888

1734618738
/dev/nvme0n1p2: 660669349888
overlay: 660669349888

1734618739
/dev/nvme0n1p2: 660669358080
overlay: 660669358080

1734618740
/dev/nvme0n1p2: 660669362176
overlay: 660669362176

1734618741
/dev/nvme0n1p2: 660669366272
overlay: 660669366272

1734618742
/dev/nvme0n1p2: 660669370368
overlay: 660669370368

1734618743
/dev/nvme0n1p2: 660669374464
overlay: 660669374464

1734618744
/dev/nvme0n1p2: 660669378560
overlay: 660669378560

1734618745
/dev/nvme0n1p2: 660669382656
overlay: 660669382656

1734618746
/dev/nvme0n1p2: 660669382656
overlay: 660669382656

1734618747
/dev/nvme0n1p2: 660669386752
overlay: 660669386752

1734618748
/dev/nvme0n1p2: 660669390848
overlay: 660669390848

1734618749
/dev/nvme0n1p2: 660669394944
overlay: 660669394944

1734618750
/dev/nvme0n1p2: 660669399040
overlay: 660669399040

1734618751
/dev/nvme0n1p2: 660669399040
overlay: 660669399040

1734618752
/dev/nvme0n1p2: 660669403136
overlay: 660669403136

1734618753
/dev/nvme0n1p2: 660669407232
overlay: 660669407232

1734618754
/dev/nvme0n1p2: 660669411328
overlay: 660669411328

1734618755
/dev/nvme0n1p2: 660669411328
overlay: 660669411328

1734618756
/dev/nvme0n1p2: 660669415424
overlay: 660669415424

1734618757
/dev/nvme0n1p2: 660669419520
overlay: 660669419520

1734618758
/dev/nvme0n1p2: 660669419520
overlay: 660669419520

1734618759
/dev/nvme0n1p2: 660669423616
overlay: 660669423616

1734618760
/dev/nvme0n1p2: 660669427712
overlay: 660669427712

1734618761
/dev/nvme0n1p2: 660732440576
overlay: 660732440576

1734618762
/dev/nvme0n1p2: 661007982592
overlay: 661007982592

1734618763
/dev/nvme0n1p2: 661101330432
overlay: 661101330432

1734618765
/dev/nvme0n1p2: 661101330432
overlay: 661101330432

