1734617696
lo: 0 0 0 0
eth0: 120361034 1197862 0 0

1734617697
lo: 0 0 0 0
eth0: 141298280 1405125 20937246 207263

1734617698
lo: 0 0 0 0
eth0: 234764147 2147459 93465867 742334

1734617699
lo: 0 0 0 0
eth0: 337953752 2833922 103189605 686463

1734617700
lo: 0 0 0 0
eth0: 448400444 3690491 110446692 856569

1734617701
lo: 0 0 0 0
eth0: 505634113 4133060 57233669 442569

1734617702
lo: 0 0 0 0
eth0: 557115910 4534657 51481797 401597

1734617703
lo: 0 0 0 0
eth0: 576514375 4878515 19398465 343858

1734617704
lo: 0 0 0 0
eth0: 621055822 5308953 44541447 430438

1734617705
lo: 0 0 0 0
eth0: 640057760 5554792 19001938 245839

1734617706
lo: 0 0 0 0
eth0: 673272019 5885713 33214259 330921

1734617707
lo: 0 0 0 0
eth0: 734806247 6366310 61534228 480597

1734617708
lo: 0 0 0 0
eth0: 828099912 6971354 93293665 605044

1734617709
lo: 0 0 0 0
eth0: 930317565 7545354 102217653 574000

1734617710
lo: 0 0 0 0
eth0: 984265080 7935954 53947515 390600

1734617711
lo: 0 0 0 0
eth0: 1021383669 8212124 37118589 276170

1734617712
lo: 0 0 0 0
eth0: 1028642625 8295826 7258956 83702

1734617713
lo: 0 0 0 0
eth0: 1062747382 8564753 34104757 268927

1734617714
lo: 0 0 0 0
eth0: 1133624429 8957303 70877047 392550

1734617715
lo: 0 0 0 0
eth0: 1162886124 9179073 29261695 221770

1734617716
lo: 0 0 0 0
eth0: 1172949549 9302091 10063425 123018

1734617717
lo: 0 0 0 0
eth0: 1207609850 9580675 34660301 278584

1734617718
lo: 0 0 0 0
eth0: 1233837409 9895492 26227559 314817

1734617719
lo: 0 0 0 0
eth0: 1237171814 9967442 3334405 71950

1734617720
lo: 154 154 154 154
eth0: 1245268051 10095509 8096237 128067

1734617721
lo: 154 154 0 0
eth0: 1252613982 10199765 7345931 104256

1734617722
lo: 154 154 0 0
eth0: 1272544032 10374626 19930050 174861

1734617723
lo: 154 154 0 0
eth0: 1306072428 10647173 33528396 272547

1734617724
lo: 440 440 286 286
eth0: 1328094920 10840401 22022492 193228

1734617725
lo: 440 440 0 0
eth0: 1338604730 11034644 10509810 194243

1734617726
lo: 440 440 0 0
eth0: 1347793361 11184222 9188631 149578

1734617727
lo: 440 440 0 0
eth0: 1369908098 11370844 22114737 186622

1734617728
lo: 572 572 132 132
eth0: 1413973772 11705724 44065674 334880

1734617729
lo: 572 572 0 0
eth0: 1473825314 12162279 59851542 456555

1734617730
lo: 572 572 0 0
eth0: 1576494247 12687488 102668933 525209

1734617731
lo: 572 572 0 0
eth0: 1595990762 12899916 19496515 212428

1734617732
lo: 572 572 0 0
eth0: 1634958912 13225378 38968150 325462

1734617733
lo: 783 783 211 211
eth0: 1664799006 13512461 29840094 287083

1734617734
lo: 783 783 0 0
eth0: 1694442660 13795322 29643654 282861

1734617735
lo: 783 783 0 0
eth0: 1720307743 14052023 25865083 256701

1734617736
lo: 783 783 0 0
eth0: 1786088590 14454079 65780847 402056

1734617737
lo: 1057 1057 274 274
eth0: 1837220465 14781877 51131875 327798

1734617738
lo: 1057 1057 0 0
eth0: 1858547033 14984666 21326568 202789

1734617739
lo: 1057 1057 0 0
eth0: 1880965796 15198712 22418763 214046

1734617740
lo: 1057 1057 0 0
eth0: 1887854741 15308845 6888945 110133

1734617741
lo: 1120 1120 63 63
eth0: 1894956495 15425104 7101754 116259

1734617742
lo: 1120 1120 0 0
eth0: 1901015345 15538257 6058850 113153

1734617743
lo: 1120 1120 0 0
eth0: 1906999374 15652210 5984029 113953

1734617744
lo: 1120 1120 0 0
eth0: 1913997500 15775147 6998126 122937

1734617745
lo: 1120 1120 0 0
eth0: 1920132123 15876738 6134623 101591

1734617746
lo: 1120 1120 0 0
eth0: 1926759158 15985210 6627035 108472

1734617747
lo: 1120 1120 0 0
eth0: 1932291064 16065600 5531906 80390

1734617748
lo: 1120 1120 0 0
eth0: 1936777522 16125132 4486458 59532

1734617749
lo: 1120 1120 0 0
eth0: 1940635247 16178172 3857725 53040

1734617750
lo: 1120 1120 0 0
eth0: 1944405851 16236582 3770604 58410

1734617751
lo: 1120 1120 0 0
eth0: 1946757493 16283202 2351642 46620

1734617752
lo: 1120 1120 0 0
eth0: 1949195167 16327464 2437674 44262

1734617753
lo: 1120 1120 0 0
eth0: 1951647549 16371606 2452382 44142

1734617754
lo: 1120 1120 0 0
eth0: 1954089440 16417212 2441891 45606

1734617755
lo: 1120 1120 0 0
eth0: 1956283600 16459914 2194160 42702

1734617756
lo: 1120 1120 0 0
eth0: 1958611096 16507896 2327496 47982

1734617757
lo: 1120 1120 0 0
eth0: 1960988684 16550532 2377588 42636

1734617758
lo: 1120 1120 0 0
eth0: 1965731771 16611244 4743087 60712

1734617759
lo: 1120 1120 0 0
eth0: 1967572184 16646290 1840413 35046

1734617760
lo: 1120 1120 0 0
eth0: 1969463370 16686286 1891186 39996

1734617761
lo: 1120 1120 0 0
eth0: 1971029243 16719748 1565873 33462

1734617762
lo: 1120 1120 0 0
eth0: 1972888985 16758622 1859742 38874

1734617763
lo: 1120 1120 0 0
eth0: 1975123931 16805482 2234946 46860

1734617764
lo: 1120 1120 0 0
eth0: 1977013381 16841386 1889450 35904

1734617765
lo: 1120 1120 0 0
eth0: 1980796772 16894054 3783391 52668

1734617766
lo: 1120 1120 0 0
eth0: 1988486566 16959262 7689794 65208

1734617767
lo: 1120 1120 0 0
eth0: 1995699668 17025500 7213102 66238

1734617768
lo: 1120 1120 0 0
eth0: 2032355413 17304416 36655745 278916

1734617769
lo: 1120 1120 0 0
eth0: 2038389339 17373026 6033926 68610

1734617770
lo: 1120 1120 0 0
eth0: 2073435206 17683760 35045867 310734

1734617771
lo: 1120 1120 0 0
eth0: 2123871252 18103850 50436046 420090

1734617772
lo: 1120 1120 0 0
eth0: 2174734724 18496880 50863472 393030

1734617773
lo: 1120 1120 0 0
eth0: 2226591974 18936836 51857250 439956

1734617774
lo: 1120 1120 0 0
eth0: 2274334416 19329866 47742442 393030

1734617775
lo: 1120 1120 0 0
eth0: 2321675514 19702040 47341098 372174

1734617776
lo: 1120 1120 0 0
eth0: 2350554716 19942041 28879202 240001

1734617777
lo: 1120 1120 0 0
eth0: 2399914118 20333487 49359402 391446

1734617778
lo: 1120 1120 0 0
eth0: 2432235302 20606691 32321184 273204

1734617779
lo: 1120 1120 0 0
eth0: 2436831474 20651769 4596172 45078

1734617780
lo: 1120 1120 0 0
eth0: 2440985896 20697903 4154422 46134

1734617781
lo: 1120 1120 0 0
eth0: 2445456138 20744895 4470242 46992

1734617782
lo: 1120 1120 0 0
eth0: 2450059820 20793915 4603682 49020

1734617783
lo: 1120 1120 0 0
eth0: 2454545470 20839125 4485650 45210

1734617784
lo: 1120 1120 0 0
eth0: 2459758396 20885127 5212926 46002

1734617785
lo: 1120 1120 0 0
eth0: 2464018556 20920965 4260160 35838

1734617786
lo: 1120 1120 0 0
eth0: 2468256264 20958915 4237708 37950

1734617787
lo: 1120 1120 0 0
eth0: 2472982688 21001485 4726424 42570

1734617788
lo: 1120 1120 0 0
eth0: 2478177416 21049467 5194728 47982

1734617789
lo: 1120 1120 0 0
eth0: 2483264186 21094677 5086770 45210

1734617790
lo: 1120 1120 0 0
eth0: 2487924050 21143253 4659864 48576

1734617791
lo: 1120 1120 0 0
eth0: 2492426950 21185559 4502900 42306

1734617792
lo: 1120 1120 0 0
eth0: 2495427876 21212685 3000926 27126

1734617793
lo: 1120 1120 0 0
eth0: 2497930194 21239679 2502318 26994

1734617794
lo: 1120 1120 0 0
eth0: 2500433438 21264033 2503244 24354

1734617795
lo: 1120 1120 0 0
eth0: 2502484420 21284955 2050982 20922

1734617796
lo: 1120 1120 0 0
eth0: 2505289882 21313467 2805462 28512

1734617797
lo: 1120 1120 0 0
eth0: 2508587348 21344421 3297466 30954

1734617798
lo: 1120 1120 0 0
eth0: 2512652194 21394053 4064846 49632

1734617799
lo: 1120 1120 0 0
eth0: 2519230476 21445269 6578282 51216

1734617801
lo: 1120 1120 0 0
eth0: 2519230476 21445269 0 0

1734617802
lo: 1120 1120 0 0
eth0: 2524401346 21491049 5170870 45780

1734617803
lo: 1120 1120 0 0
eth0: 2531323550 21556059 6922204 65010

1734617804
lo: 1120 1120 0 0
eth0: 2535557896 21589125 4234346 33066

1734617805
lo: 1120 1120 0 0
eth0: 2539084324 21626045 3526428 36920

1734617806
lo: 1120 1120 0 0
eth0: 2543624093 21668681 4539769 42636

1734617807
lo: 1120 1120 0 0
eth0: 2547744355 21698056 4120262 29375

1734617808
lo: 1120 1120 0 0
eth0: 2554035039 21742012 6290684 43956

1734617809
lo: 1120 1120 0 0
eth0: 2558341713 21763792 4306674 21780

1734617810
lo: 1120 1120 0 0
eth0: 2561825903 21782800 3484190 19008

1734617811
lo: 1120 1120 0 0
eth0: 2565375430 21804207 3549527 21407

1734617812
lo: 1120 1120 0 0
eth0: 2568741074 21824997 3365644 20790

1734617814
lo: 1120 1120 0 0
eth0: 2573398956 21850737 4657882 25740

1734617816
lo: 1120 1120 0 0
eth0: 2577208668 21895353 3809712 44616

1734617817
lo: 1120 1120 0 0
eth0: 2579860403 21930662 2651735 35309

1734617818
lo: 1120 1120 0 0
eth0: 2591193964 22033410 11333561 102748

1734617820
lo: 1120 1120 0 0
eth0: 2596430170 22095262 5236206 61852

1734617821
lo: 1120 1120 0 0
eth0: 2599977793 22137354 3547623 42092

1734617823
lo: 1120 1120 0 0
eth0: 2604350176 22171170 4372383 33816

1734617824
lo: 1120 1120 0 0
eth0: 2605513747 22193525 1163571 22355

1734617825
lo: 1120 1120 0 0
eth0: 2607758270 22233462 2244523 39937

1734617826
lo: 1120 1120 0 0
eth0: 2609675254 22262522 1916984 29060

1734617827
lo: 1120 1120 0 0
eth0: 2611888942 22283972 2213688 21450

1734617828
lo: 1120 1120 0 0
eth0: 2615649840 22385991 3760898 102019

1734617830
lo: 1120 1120 0 0
eth0: 2649007458 22536843 33357618 150852

1734617831
lo: 1120 1120 0 0
eth0: 2651753721 22550439 2746263 13596

1734617832
lo: 1120 1120 0 0
eth0: 2655401666 22592538 3647945 42099

1734617833
lo: 1120 1120 0 0
eth0: 2660541991 22660857 5140325 68319

1734617834
lo: 1120 1120 0 0
eth0: 2664578359 22710365 4036368 49508

1734617835
lo: 1120 1120 0 0
eth0: 2677400629 22831702 12822270 121337

1734617836
lo: 1120 1120 0 0
eth0: 2684734340 22900408 7333711 68706

1734617838
lo: 1120 1120 0 0
eth0: 2684763564 22900540 29224 132

1734617839
lo: 1120 1120 0 0
eth0: 2688429300 22955581 3665736 55041

1734617840
lo: 1120 1120 0 0
eth0: 2691384800 23007282 2955500 51701

1734617843
lo: 1120 1120 0 0
eth0: 2698690428 23103774 7305628 96492

1734617844
lo: 1120 1120 0 0
eth0: 2700151285 23124650 1460857 20876

1734617845
lo: 1120 1120 0 0
eth0: 2704114713 23172302 3963428 47652

1734617846
lo: 1120 1120 0 0
eth0: 2706732665 23204030 2617952 31728

1734617847
lo: 1120 1120 0 0
eth0: 2709797829 23245069 3065164 41039

1734617848
lo: 1120 1120 0 0
eth0: 2712977186 23286590 3179357 41521

1734617849
lo: 1120 1120 0 0
eth0: 2718548575 23342530 5571389 55940

1734617851
lo: 1120 1120 0 0
eth0: 2718548575 23342530 0 0

1734617852
lo: 1120 1120 0 0
eth0: 2721951745 23380174 3403170 37644

1734617853
lo: 1120 1120 0 0
eth0: 2724500637 23416474 2548892 36300

1734617854
lo: 1120 1120 0 0
eth0: 2727862675 23465446 3362038 48972

1734617855
lo: 1120 1120 0 0
eth0: 2730158829 23500864 2296154 35418

1734617857
lo: 1120 1120 0 0
eth0: 2737018099 23551882 6859270 51018

1734617859
lo: 1120 1120 0 0
eth0: 2737021013 23552014 2914 132

1734617860
lo: 1120 1120 0 0
eth0: 2742122408 23604716 5101395 52702

1734617861
lo: 1120 1120 0 0
eth0: 2744708856 23642270 2586448 37554

1734617864
lo: 1120 1120 0 0
eth0: 2750797442 23705564 6088586 63294

1734617865
lo: 1120 1120 0 0
eth0: 2753780060 23744480 2982618 38916

1734617866
lo: 1120 1120 0 0
eth0: 2757467365 23793659 3687305 49179

1734617867
lo: 1120 1120 0 0
eth0: 2764648029 23870474 7180664 76815

1734617868
lo: 1120 1120 0 0
eth0: 2772009247 23971912 7361218 101438

1734617870
lo: 1120 1120 0 0
eth0: 2787411023 24134800 15401776 162888

1734617871
lo: 1120 1120 0 0
eth0: 2798774415 24253798 11363392 118998

1734617872
lo: 1120 1120 0 0
eth0: 2811223667 24375304 12449252 121506

1734617875
lo: 1120 1120 0 0
eth0: 2821461066 24443614 10237399 68310

1734617876
lo: 1120 1120 0 0
eth0: 2828864362 24511167 7403296 67553

1734617879
lo: 1120 1120 0 0
eth0: 2857948731 24832713 29084369 321546

1734617882
lo: 1120 1120 0 0
eth0: 2862482893 24867825 4534162 35112

1734617883
lo: 1120 1120 0 0
eth0: 2869141722 24964025 6658829 96200

1734617884
lo: 1120 1120 0 0
eth0: 2872423879 24999203 3282157 35178

1734617885
lo: 1120 1120 0 0
eth0: 2876189225 25040453 3765346 41250

1734617887
lo: 1120 1120 0 0
eth0: 2881686069 25103219 5496844 62766

1734617888
lo: 1120 1120 0 0
eth0: 2885551440 25146163 3865371 42944

1734617889
lo: 1120 1120 0 0
eth0: 2888161956 25160071 2610516 13908

1734617890
lo: 1120 1120 0 0
eth0: 2893322662 25212360 5160706 52289

1734617891
lo: 1120 1120 0 0
eth0: 2907089812 25327474 13767150 115114

1734617892
lo: 1120 1120 0 0
eth0: 2911865195 25391895 4775383 64421

1734617893
lo: 1120 1120 0 0
eth0: 2920042414 25477766 8177219 85871

1734617894
lo: 1120 1120 0 0
eth0: 2926160667 25549948 6118253 72182

1734617895
lo: 1120 1120 0 0
eth0: 2937641426 25649288 11480759 99340

1734617896
lo: 1120 1120 0 0
eth0: 2943558349 25717323 5916923 68035

1734617897
lo: 1120 1120 0 0
eth0: 2947080472 25752171 3522123 34848

1734617898
lo: 1120 1120 0 0
eth0: 2950955971 25793281 3875499 41110

1734617899
lo: 1120 1120 0 0
eth0: 2985798776 26027824 34842805 234543

1734617902
lo: 1120 1120 0 0
eth0: 3002909062 26092108 17110286 64284

1734617903
lo: 1120 1120 0 0
eth0: 3008840981 26151310 5931919 59202

1734617904
lo: 1120 1120 0 0
eth0: 3013436075 26204660 4595094 53350

1734617905
lo: 1120 1120 0 0
eth0: 3021529936 26286250 8093861 81590

1734617906
lo: 1120 1120 0 0
eth0: 3024023444 26332685 2493508 46435

1734617907
lo: 1120 1120 0 0
eth0: 3037313528 26470682 13290084 137997

1734617908
lo: 1120 1120 0 0
eth0: 3047958253 26858496 10644725 387814

1734617909
lo: 1120 1120 0 0
eth0: 3060823784 26987436 12865531 128940

1734617910
lo: 1120 1120 0 0
eth0: 3071815890 27141211 10992106 153775

1734617912
lo: 1120 1120 0 0
eth0: 3086220863 27343194 14404973 201983

1734617913
lo: 1120 1120 0 0
eth0: 3107628885 27643914 21408022 300720

1734617914
lo: 1120 1120 0 0
eth0: 3119162176 27802575 11533291 158661

1734617915
lo: 1120 1120 0 0
eth0: 3129235306 27920913 10073130 118338

1734617916
lo: 1120 1120 0 0
eth0: 3135732290 28027295 6496984 106382

1734617917
lo: 1120 1120 0 0
eth0: 3142007734 28125635 6275444 98340

1734617918
lo: 1120 1120 0 0
eth0: 3148887932 28234997 6880198 109362

1734617920
lo: 1120 1120 0 0
eth0: 3157181513 28367648 8293581 132651

1734617921
lo: 1120 1120 0 0
eth0: 3166610433 28481564 9428920 113916

1734617922
lo: 1120 1120 0 0
eth0: 3173422404 28568170 6811971 86606

1734617923
lo: 1120 1120 0 0
eth0: 3184620338 28661124 11197934 92954

1734617924
lo: 1120 1120 0 0
eth0: 3192212834 28748564 7592496 87440

1734617925
lo: 1120 1120 0 0
eth0: 3200649924 28836659 8437090 88095

1734617926
lo: 1120 1120 0 0
eth0: 3208017168 28938431 7367244 101772

1734617927
lo: 1120 1120 0 0
eth0: 3215960781 29039543 7943613 101112

1734617928
lo: 1120 1120 0 0
eth0: 3224966554 29150237 9005773 110694

1734617929
lo: 1120 1120 0 0
eth0: 3246697457 29369868 21730903 219631

1734617930
lo: 1120 1120 0 0
eth0: 3274786874 29582264 28089417 212396

1734617931
lo: 1120 1120 0 0
eth0: 3285408342 29713530 10621468 131266

1734617932
lo: 1120 1120 0 0
eth0: 3298666432 29904681 13258090 191151

1734617933
lo: 1120 1120 0 0
eth0: 3312048561 30069054 13382129 164373

1734617934
lo: 1120 1120 0 0
eth0: 3327211703 30243978 15163142 174924

1734617935
lo: 1120 1120 0 0
eth0: 3342895039 30415450 15683336 171472

1734617936
lo: 1120 1120 0 0
eth0: 3354060189 30544612 11165150 129162

1734617938
lo: 1120 1120 0 0
eth0: 3370763571 30751984 16703382 207372

1734617939
lo: 1120 1120 0 0
eth0: 3382877763 30908338 12114192 156354

1734617940
lo: 1120 1120 0 0
eth0: 3394305259 31042978 11427496 134640

1734617941
lo: 1120 1120 0 0
eth0: 3406452145 31192376 12146886 149398

1734617942
lo: 1120 1120 0 0
eth0: 3438521746 31452611 32069601 260235

1734617943
lo: 1120 1120 0 0
eth0: 3457329773 31620977 18808027 168366

1734617944
lo: 1120 1120 0 0
eth0: 3465944150 31733003 8614377 112026

1734617945
lo: 1120 1120 0 0
eth0: 3473945112 31860329 8000962 127326

1734617946
lo: 1120 1120 0 0
eth0: 3482567453 31988855 8622341 128526

1734617947
lo: 1120 1120 0 0
eth0: 3491694261 32106269 9126808 117414

1734617948
lo: 1120 1120 0 0
eth0: 3501360064 32224832 9665803 118563

1734617949
lo: 1120 1120 0 0
eth0: 3512904073 32362883 11544009 138051

1734617950
lo: 1120 1120 0 0
eth0: 3523865044 32550948 10960971 188065

1734617951
lo: 1120 1120 0 0
eth0: 3533041043 32648313 9175999 97365

1734617952
lo: 1120 1120 0 0
eth0: 3539811481 32703159 6770438 54846

1734617953
lo: 1120 1120 0 0
eth0: 3545787635 32752089 5976154 48930

1734617954
lo: 1120 1120 0 0
eth0: 3552584727 32802975 6797092 50886

1734617955
lo: 1120 1120 0 0
eth0: 3558541065 32855972 5956338 52997

1734617956
lo: 1120 1120 0 0
eth0: 3565402185 32918564 6861120 62592

1734617957
lo: 1120 1120 0 0
eth0: 3572460910 32990294 7058725 71730

1734617958
lo: 1120 1120 0 0
eth0: 3579769845 33076643 7308935 86349

1734617959
lo: 1120 1120 0 0
eth0: 3587527209 33163021 7757364 86378

1734617961
lo: 1120 1120 0 0
eth0: 3594072399 33245334 6545190 82313

1734617963
lo: 1120 1120 0 0
eth0: 3599481630 33273431 5409231 28097

1734617964
lo: 1120 1120 0 0
eth0: 3604910694 33340487 5429064 67056

1734617965
lo: 1120 1120 0 0
eth0: 3609040311 33410191 4129617 69704

1734617966
lo: 1120 1120 0 0
eth0: 3616218810 33514241 7178499 104050

1734617967
lo: 1120 1120 0 0
eth0: 3644915369 33680088 28696559 165847

1734617968
lo: 1268 1268 148 148
eth0: 3657107440 33800597 12192071 120509

1734617970
lo: 1268 1268 0 0
eth0: 3657154106 33800729 46666 132

1734617971
lo: 1268 1268 0 0
eth0: 3667241461 33897367 10087355 96638

1734617972
lo: 1542 1542 274 274
eth0: 3674838959 34027574 7597498 130207

1734617973
lo: 1542 1542 0 0
eth0: 3684296768 34157807 9457809 130233

1734617976
lo: 1668 1668 126 126
eth0: 3702908225 34359749 18611457 201942

1734617980
lo: 1810 1810 142 142
eth0: 3718305313 34524457 15397088 164708

1734617981
lo: 2072 2072 262 262
eth0: 3730874822 34655960 12569509 131503

1734617982
lo: 2072 2072 0 0
eth0: 3736113075 34738358 5238253 82398

1734617983
lo: 2072 2072 0 0
eth0: 3742068117 34837263 5955042 98905

1734617988
lo: 2192 2192 120 120
eth0: 3825883319 35580343 83815202 743080

1734617989
lo: 2192 2192 0 0
eth0: 3831522588 35676699 5639269 96356

1734617990
lo: 2192 2192 0 0
eth0: 3846916882 35837450 15394294 160751

1734617991
lo: 2192 2192 0 0
eth0: 3854216925 35945315 7300043 107865

1734617992
lo: 2192 2192 0 0
eth0: 3864831233 36071045 10614308 125730

1734617994
lo: 2192 2192 0 0
eth0: 3875893984 36239825 11062751 168780

1734617995
lo: 2192 2192 0 0
eth0: 3883821395 36423048 7927411 183223

1734617996
lo: 2192 2192 0 0
eth0: 3892018258 36551386 8196863 128338

1734617997
lo: 2192 2192 0 0
eth0: 3902487926 36675272 10469668 123886

1734617998
lo: 2192 2192 0 0
eth0: 3913900865 36820291 11412939 145019

1734617999
lo: 2192 2192 0 0
eth0: 3927106456 36997054 13205591 176763

1734618000
lo: 2192 2192 0 0
eth0: 3941031609 37188968 13925153 191914

1734618002
lo: 2192 2192 0 0
eth0: 3960361458 37383268 19329849 194300

1734618003
lo: 2192 2192 0 0
eth0: 3970684808 37517995 10323350 134727

1734618004
lo: 2192 2192 0 0
eth0: 3978025653 37642185 7340845 124190

1734618005
lo: 2192 2192 0 0
eth0: 3985918781 37767627 7893128 125442

1734618006
lo: 2192 2192 0 0
eth0: 3993952765 37892370 8033984 124743

1734618007
lo: 2192 2192 0 0
eth0: 4001435695 38004126 7482930 111756

1734618008
lo: 2192 2192 0 0
eth0: 4010845371 38132835 9409676 128709

1734618009
lo: 2192 2192 0 0
eth0: 4020515169 38260226 9669798 127391

1734618010
lo: 2192 2192 0 0
eth0: 4029145696 38372437 8630527 112211

1734618011
lo: 2192 2192 0 0
eth0: 4036517791 38482145 7372095 109708

1734618012
lo: 2192 2192 0 0
eth0: 4041829506 38563465 5311715 81320

1734618013
lo: 2192 2192 0 0
eth0: 4047564338 38641183 5734832 77718

1734618014
lo: 2192 2192 0 0
eth0: 4052581350 38704816 5017012 63633

1734618015
lo: 2192 2192 0 0
eth0: 4057989515 38765124 5408165 60308

1734618016
lo: 2192 2192 0 0
eth0: 4065127881 38836209 7138366 71085

1734618019
lo: 2192 2192 0 0
eth0: 4078603331 39001377 13475450 165168

1734618020
lo: 2192 2192 0 0
eth0: 4088314478 39097090 9711147 95713

1734618021
lo: 2192 2192 0 0
eth0: 4095061181 39163748 6746703 66658

1734618022
lo: 2192 2192 0 0
eth0: 4107668240 39263444 12607059 99696

1734618023
lo: 2192 2192 0 0
eth0: 4115281972 39345012 7613732 81568

1734618024
lo: 2192 2192 0 0
eth0: 4124372504 39450820 9090532 105808

1734618025
lo: 2192 2192 0 0
eth0: 4133893399 39551774 9520895 100954

1734618026
lo: 2192 2192 0 0
eth0: 4143545121 39647867 9651722 96093

1734618027
lo: 2192 2192 0 0
eth0: 4151270138 39748296 7725017 100429

1734618028
lo: 2192 2192 0 0
eth0: 4155634034 39830814 4363896 82518

1734618029
lo: 2192 2192 0 0
eth0: 4159718175 39914336 4084141 83522

1734618030
lo: 2192 2192 0 0
eth0: 4168087926 40030331 8369751 115995

1734618031
lo: 2192 2192 0 0
eth0: 4177068068 40173739 8980142 143408

1734618032
lo: 2192 2192 0 0
eth0: 4184600602 40294680 7532534 120941

1734618033
lo: 2192 2192 0 0
eth0: 4192088389 40425584 7487787 130904

1734618034
lo: 2192 2192 0 0
eth0: 4205804871 40583736 13716482 158152

1734618035
lo: 2192 2192 0 0
eth0: 4216308632 40705508 10503761 121772

1734618036
lo: 2192 2192 0 0
eth0: 4224311025 40837936 8002393 132428

1734618037
lo: 2192 2192 0 0
eth0: 4237499149 40989644 13188124 151708

1734618038
lo: 2192 2192 0 0
eth0: 4245160858 41083149 7661709 93505

1734618041
lo: 2192 2192 0 0
eth0: 4261501673 41268117 16340815 184968

1734618042
lo: 2192 2192 0 0
eth0: 4268405541 41355904 6903868 87787

1734618043
lo: 2192 2192 0 0
eth0: 4274634956 41449721 6229415 93817

1734618044
lo: 2192 2192 0 0
eth0: 4278798418 41522325 4163462 72604

1734618045
lo: 2192 2192 0 0
eth0: 4286191168 41848223 7392750 325898

1734618046
lo: 2192 2192 0 0
eth0: 4314042361 42024137 27851193 175914

1734618047
lo: 2192 2192 0 0
eth0: 4346603533 42210699 32561172 186562

1734618048
lo: 2192 2192 0 0
eth0: 4355184824 42317711 8581291 107012

1734618049
lo: 2192 2192 0 0
eth0: 4360321120 42556409 5136296 238698

1734618050
lo: 2192 2192 0 0
eth0: 4370103275 42690628 9782155 134219

1734618056
lo: 2192 2192 0 0
eth0: 4385270948 43013968 15167673 323340

1734618057
lo: 2192 2192 0 0
eth0: 4432871981 43204427 47601033 190459

1734618059
lo: 2192 2192 0 0
eth0: 4461558713 43336788 28686732 132361

1734618060
lo: 2192 2192 0 0
eth0: 4477891393 43438893 16332680 102105

1734618061
lo: 2192 2192 0 0
eth0: 4482114043 43505582 4222650 66689

1734618063
lo: 2192 2192 0 0
eth0: 4489632920 43547975 7518877 42393

1734618064
lo: 2192 2192 0 0
eth0: 4495383985 43617930 5751065 69955

1734618065
lo: 2192 2192 0 0
eth0: 4501357619 43733454 5973634 115524

1734618066
lo: 2192 2192 0 0
eth0: 4513073081 43821694 11715462 88240

1734618067
lo: 2192 2192 0 0
eth0: 4517201523 43903172 4128442 81478

1734618068
lo: 2192 2192 0 0
eth0: 4526112026 44020101 8910503 116929

1734618069
lo: 2192 2192 0 0
eth0: 4530948103 44095358 4836077 75257

1734618072
lo: 2192 2192 0 0
eth0: 4545754726 44199606 14806623 104248

1734618073
lo: 2192 2192 0 0
eth0: 4553355854 44378036 7601128 178430

1734618077
lo: 2192 2192 0 0
eth0: 4566032926 44498882 12677072 120846

1734618078
lo: 2192 2192 0 0
eth0: 4573850455 44701806 7817529 202924

1734618079
lo: 2192 2192 0 0
eth0: 4598157210 44893394 24306755 191588

1734618081
lo: 2192 2192 0 0
eth0: 4601456595 44914029 3299385 20635

1734618082
lo: 2192 2192 0 0
eth0: 4672870531 45456422 71413936 542393

1734618084
lo: 2192 2192 0 0
eth0: 4761636923 45906665 88766392 450243

1734618085
lo: 2192 2192 0 0
eth0: 4770943493 46017285 9306570 110620

1734618087
lo: 2192 2192 0 0
eth0: 4777831972 46093041 6888479 75756

1734618088
lo: 2192 2192 0 0
eth0: 4786279617 46149339 8447645 56298

1734618089
lo: 2192 2192 0 0
eth0: 4794515140 46244554 8235523 95215

1734618090
lo: 2192 2192 0 0
eth0: 4801877286 47972856 7362146 1728302

1734618092
lo: 2192 2192 0 0
eth0: 4816916115 48445851 15038829 472995

1734618093
lo: 2192 2192 0 0
eth0: 4820338515 48463183 3422400 17332

1734618096
lo: 2192 2192 0 0
eth0: 4830979195 49186962 10640680 723779

1734618097
lo: 2192 2192 0 0
eth0: 4833542793 49242960 2563598 55998

1734618099
lo: 2192 2192 0 0
eth0: 4838316710 49338598 4773917 95638

1734618100
lo: 2192 2192 0 0
eth0: 4844410422 49440088 6093712 101490

1734618102
lo: 2192 2192 0 0
eth0: 4919252942 49831908 74842520 391820

1734618103
lo: 2192 2192 0 0
eth0: 5026281489 50397594 107028547 565686

1734618104
lo: 2192 2192 0 0
eth0: 5077754396 50594849 51472907 197255

1734618105
lo: 2192 2192 0 0
eth0: 5115031327 50794211 37276931 199362

1734618107
lo: 2192 2192 0 0
eth0: 5228271454 51190158 113240127 395947

1734618108
lo: 2192 2192 0 0
eth0: 5282393346 51415855 54121892 225697

1734618109
lo: 2192 2192 0 0
eth0: 5291747360 51935868 9354014 520013

1734618111
lo: 2192 2192 0 0
eth0: 5341608620 52289942 49861260 354074

1734618113
lo: 2192 2192 0 0
eth0: 5353626892 52478108 12018272 188166

1734618114
lo: 2192 2192 0 0
eth0: 5362866267 52662562 9239375 184454

1734618115
lo: 2192 2192 0 0
eth0: 5371560132 52861400 8693865 198838

1734618116
lo: 2192 2192 0 0
eth0: 5401084380 53211686 29524248 350286

1734618117
lo: 2192 2192 0 0
eth0: 5412922122 53351439 11837742 139753

1734618118
lo: 2192 2192 0 0
eth0: 5425996961 53533641 13074839 182202

1734618119
lo: 2192 2192 0 0
eth0: 5432897204 53647460 6900243 113819

1734618120
lo: 2192 2192 0 0
eth0: 5445629376 53815474 12732172 168014

1734618121
lo: 2192 2192 0 0
eth0: 5453972811 53959807 8343435 144333

1734618122
lo: 2192 2192 0 0
eth0: 5465789602 54103689 11816791 143882

1734618123
lo: 2192 2192 0 0
eth0: 5481671510 54242711 15881908 139022

1734618124
lo: 2192 2192 0 0
eth0: 5488928036 54300231 7256526 57520

1734618126
lo: 2192 2192 0 0
eth0: 5505050917 54584836 16122881 284605

1734618128
lo: 2192 2192 0 0
eth0: 5525916192 54838298 20865275 253462

1734618129
lo: 2192 2192 0 0
eth0: 5537865848 55012201 11949656 173903

1734618130
lo: 2192 2192 0 0
eth0: 5549653347 55191721 11787499 179520

1734618131
lo: 2192 2192 0 0
eth0: 5562616153 55399637 12962806 207916

1734618133
lo: 2192 2192 0 0
eth0: 5579052587 55606043 16436434 206406

1734618134
lo: 2192 2192 0 0
eth0: 5592105366 55782677 13052779 176634

1734618135
lo: 2391 2391 199 199
eth0: 5601963138 55894283 9857772 111606

1734618136
lo: 2391 2391 0 0
eth0: 5617702859 55987730 15739721 93447

1734618137
lo: 2391 2391 0 0
eth0: 5629222176 57688490 11519317 1700760

1734618138
lo: 2391 2391 0 0
eth0: 5643353022 62014531 14130846 4326041

1734618140
lo: 2649 2649 258 258
eth0: 5662930700 62307939 19577678 293408

1734618141
lo: 2649 2649 0 0
eth0: 5674081793 62474237 11151093 166298

1734618142
lo: 2649 2649 0 0
eth0: 5682529708 62602777 8447915 128540

1734618143
lo: 2708 2708 59 59
eth0: 5691540513 62750271 9010805 147494

1734618144
lo: 2708 2708 0 0
eth0: 5715336719 63072152 23796206 321881

1734618145
lo: 2708 2708 0 0
eth0: 5729574250 63462347 14237531 390195

1734618146
lo: 2708 2708 0 0
eth0: 5744967131 63648833 15392881 186486

1734618147
lo: 2708 2708 0 0
eth0: 5759069535 63822384 14102404 173551

1734618148
lo: 2708 2708 0 0
eth0: 5773065314 64008963 13995779 186579

1734618149
lo: 2708 2708 0 0
eth0: 5787636948 64203531 14571634 194568

1734618150
lo: 2708 2708 0 0
eth0: 5801231407 64384901 13594459 181370

1734618151
lo: 2708 2708 0 0
eth0: 5809353766 65798578 8122359 1413677

1734618152
lo: 2708 2708 0 0
eth0: 5821524630 65958283 12170864 159705

1734618153
lo: 2708 2708 0 0
eth0: 5832561967 66149114 11037337 190831

1734618154
lo: 2708 2708 0 0
eth0: 5844931039 66343682 12369072 194568

1734618155
lo: 2708 2708 0 0
eth0: 5857020731 66525116 12089692 181434

1734618156
lo: 2708 2708 0 0
eth0: 5868455352 66700874 11434621 175758

1734618157
lo: 2708 2708 0 0
eth0: 5879628440 66865280 11173088 164406

1734618158
lo: 2708 2708 0 0
eth0: 5890921550 67006808 11293110 141528

1734618159
lo: 2708 2708 0 0
eth0: 5903479629 67165006 12558079 158198

1734618160
lo: 2708 2708 0 0
eth0: 5917509405 67335880 14029776 170874

1734618161
lo: 2708 2708 0 0
eth0: 5930162332 67496788 12652927 160908

1734618162
lo: 2708 2708 0 0
eth0: 5939035926 67612882 8873594 116094

1734618163
lo: 2708 2708 0 0
eth0: 5948539938 67734190 9504012 121308

1734618164
lo: 2708 2708 0 0
eth0: 5957280047 67847565 8740109 113375

1734618166
lo: 2708 2708 0 0
eth0: 5975356175 68123383 18076128 275818

1734618167
lo: 2708 2708 0 0
eth0: 5994930490 68283011 19574315 159628

1734618168
lo: 2708 2708 0 0
eth0: 6017531993 68507823 22601503 224812

1734618169
lo: 2708 2708 0 0
eth0: 6043327957 68809417 25795964 301594

1734618170
lo: 2708 2708 0 0
eth0: 6058116567 68996131 14788610 186714

1734618171
lo: 2708 2708 0 0
eth0: 6074756349 69192715 16639782 196584

1734618173
lo: 2708 2708 0 0
eth0: 6101634553 69532503 26878204 339788

1734618174
lo: 2708 2708 0 0
eth0: 6111060508 69666681 9425955 134178

1734618175
lo: 2708 2708 0 0
eth0: 6117296873 69757035 6236365 90354

1734618176
lo: 2708 2708 0 0
eth0: 6123905713 69860259 6608840 103224

1734618177
lo: 2708 2708 0 0
eth0: 6131206357 69967971 7300644 107712

1734618178
lo: 2708 2708 0 0
eth0: 6137873979 70071465 6667622 103494

1734618179
lo: 2708 2708 0 0
eth0: 6144116773 70174497 6242794 103032

1734618180
lo: 2708 2708 0 0
eth0: 6150769765 70276371 6652992 101874

1734618181
lo: 2708 2708 0 0
eth0: 6158280127 70381872 7510362 105501

1734618182
lo: 2708 2708 0 0
eth0: 6166262963 70489584 7982836 107712

1734618183
lo: 2708 2708 0 0
eth0: 6174380951 70592082 8117988 102498

1734618184
lo: 2708 2708 0 0
eth0: 6183706307 70713456 9325356 121374

1734618185
lo: 2708 2708 0 0
eth0: 6193502924 70848253 9796617 134797

1734618186
lo: 2708 2708 0 0
eth0: 6207024888 71006231 13521964 157978

1734618187
lo: 2708 2708 0 0
eth0: 6234551827 71212886 27526939 206655

1734618188
lo: 2856 2856 148 148
eth0: 6247263328 71364595 12711501 151709

1734618189
lo: 2856 2856 0 0
eth0: 6266170082 71508747 18906754 144152

1734618190
lo: 2856 2856 0 0
eth0: 6266178976 71509518 8894 771

1734618191
lo: 2856 2856 0 0
eth0: 6278812415 71688708 12633439 179190

1734618193
lo: 3193 3193 337 337
eth0: 6292359647 71879609 13547232 190901

1734618194
lo: 3193 3193 0 0
eth0: 6303909200 72012029 11549553 132420

1734618195
lo: 3193 3193 0 0
eth0: 6316208410 72156122 12299210 144093

1734618196
lo: 3256 3256 63 63
eth0: 6328578597 72304502 12370187 148380

1734618197
lo: 3256 3256 0 0
eth0: 6414415687 72751621 85837090 447119

1734618198
lo: 3256 3256 0 0
eth0: 6518267847 73237449 103852160 485828

1734618199
lo: 3256 3256 0 0
eth0: 6622936584 73823103 104668737 585654

1734618200
lo: 3256 3256 0 0
eth0: 6722787522 74154027 99850938 330924

1734618201
lo: 3256 3256 0 0
eth0: 6744449846 74305629 21662324 151602

1734618202
lo: 3256 3256 0 0
eth0: 6752610218 74417829 8160372 112200

1734618203
lo: 3256 3256 0 0
eth0: 6760220850 74523693 7610632 105864

1734618204
lo: 3256 3256 0 0
eth0: 6769207498 74630481 8986648 106788

1734618205
lo: 3256 3256 0 0
eth0: 6778381560 74758365 9174062 127884

1734618206
lo: 3256 3256 0 0
eth0: 6787148450 74878485 8766890 120120

1734618207
lo: 3256 3256 0 0
eth0: 6795945648 74979225 8797198 100740

1734618208
lo: 3256 3256 0 0
eth0: 6805535263 75098271 9589615 119046

1734618209
lo: 3256 3256 0 0
eth0: 6818185622 75259994 12650359 161723

1734618210
lo: 3256 3256 0 0
eth0: 6829759145 75402430 11573523 142436

1734618211
lo: 3256 3256 0 0
eth0: 6840072087 75531196 10312942 128766

1734618212
lo: 3256 3256 0 0
eth0: 6850768033 75668410 10695946 137214

1734618213
lo: 3256 3256 0 0
eth0: 6860520133 75798364 9752100 129954

1734618214
lo: 3256 3256 0 0
eth0: 6870194735 75935512 9674602 137148

1734618215
lo: 3256 3256 0 0
eth0: 6878944089 76049428 8749354 113916

1734618216
lo: 3256 3256 0 0
eth0: 6888151079 76155424 9206990 105996

1734618217
lo: 3256 3256 0 0
eth0: 6897991703 76265814 9840624 110390

1734618218
lo: 3256 3256 0 0
eth0: 6909874983 76393062 11883280 127248

1734618219
lo: 3256 3256 0 0
eth0: 6925472296 76536480 15597313 143418

1734618220
lo: 3256 3256 0 0
eth0: 6935699236 76660296 10226940 123816

1734618221
lo: 3256 3256 0 0
eth0: 6944465510 76784046 8766274 123750

1734618222
lo: 3256 3256 0 0
eth0: 6953727008 76906476 9261498 122430

1734618223
lo: 3256 3256 0 0
eth0: 6962904820 77020722 9177812 114246

1734618224
lo: 3256 3256 0 0
eth0: 6976025195 77165364 13120375 144642

1734618225
lo: 3256 3256 0 0
eth0: 6978192000 77176056 2166805 10692

1734618226
lo: 3256 3256 0 0
eth0: 6985467156 77285286 7275156 109230

1734618227
lo: 3256 3256 0 0
eth0: 6993798180 77414754 8331024 129468

1734618228
lo: 3256 3256 0 0
eth0: 7002651157 77542573 8852977 127819

1734618229
lo: 3256 3256 0 0
eth0: 7011516623 77659657 8865466 117084

1734618230
lo: 3256 3256 0 0
eth0: 7019713987 77777203 8197364 117546

1734618231
lo: 3256 3256 0 0
eth0: 7027563187 77880031 7849200 102828

1734618232
lo: 3256 3256 0 0
eth0: 7036157205 77975995 8594018 95964

1734618233
lo: 3256 3256 0 0
eth0: 7045478627 78093013 9321422 117018

1734618234
lo: 3256 3256 0 0
eth0: 7055942093 78231877 10463466 138864

1734618235
lo: 3256 3256 0 0
eth0: 7066319233 78364801 10377140 132924

1734618236
lo: 3256 3256 0 0
eth0: 7076534309 78501589 10215076 136788

1734618237
lo: 3256 3256 0 0
eth0: 7085902945 78633655 9368636 132066

1734618238
lo: 3256 3256 0 0
eth0: 7096196943 78760903 10293998 127248

1734618239
lo: 3256 3256 0 0
eth0: 7106375913 78881714 10178970 120811

1734618240
lo: 3256 3256 0 0
eth0: 7115324217 78996884 8948304 115170

1734618241
lo: 3256 3256 0 0
eth0: 7124257491 79120304 8933274 123420

1734618242
lo: 3256 3256 0 0
eth0: 7133892109 79246628 9634618 126324

1734618243
lo: 3256 3256 0 0
eth0: 7144165113 79381598 10273004 134970

1734618244
lo: 3256 3256 0 0
eth0: 7155108537 79514456 10943424 132858

1734618245
lo: 3256 3256 0 0
eth0: 7166822391 79651010 11713854 136554

1734618246
lo: 3256 3256 0 0
eth0: 7177006213 79782704 10183822 131694

1734618247
lo: 3256 3256 0 0
eth0: 7187512085 79905860 10505872 123156

1734618248
lo: 3256 3256 0 0
eth0: 7196954509 80023856 9442424 117996

1734618249
lo: 3256 3256 0 0
eth0: 7206285683 80139224 9331174 115368

1734618250
lo: 3256 3256 0 0
eth0: 7214714509 80241590 8428826 102366

1734618251
lo: 3256 3256 0 0
eth0: 7221182295 80333066 6467786 91476

1734618252
lo: 3256 3256 0 0
eth0: 7227177121 80419790 5994826 86724

1734618253
lo: 3256 3256 0 0
eth0: 7235139153 80520308 7962032 100518

1734618255
lo: 3256 3256 0 0
eth0: 7248307623 80682626 13168470 162318

1734618256
lo: 3256 3256 0 0
eth0: 7256364605 80781824 8056982 99198

1734618257
lo: 3256 3256 0 0
eth0: 7264566447 80879936 8201842 98112

1734618258
lo: 3256 3256 0 0
eth0: 7273288335 80972072 8721888 92136

1734618260
lo: 3256 3256 0 0
eth0: 7284897045 81136544 11608710 164472

1734618261
lo: 3256 3256 0 0
eth0: 7290760881 81214094 5863836 77550

1734618262
lo: 3256 3256 0 0
eth0: 7297262369 81303062 6501488 88968

1734618263
lo: 3256 3256 0 0
eth0: 7304060715 81396782 6798346 93720

1734618264
lo: 3256 3256 0 0
eth0: 7311116431 81490238 7055716 93456

1734618265
lo: 3256 3256 0 0
eth0: 7318088905 81580658 6972474 90420

1734618266
lo: 3256 3256 0 0
eth0: 7325299749 81664280 7210844 83622

1734618267
lo: 3256 3256 0 0
eth0: 7332955619 81755624 7655870 91344

1734618268
lo: 3256 3256 0 0
eth0: 7340698141 81846704 7742522 91080

1734618269
lo: 3256 3256 0 0
eth0: 7349791971 81944120 9093830 97416

1734618270
lo: 3256 3256 0 0
eth0: 7360079971 82047014 10288000 102894

1734618271
lo: 3256 3256 0 0
eth0: 7368569769 82140074 8489798 93060

1734618272
lo: 3256 3256 0 0
eth0: 7380199251 82270754 11629482 130680

1734618273
lo: 3256 3256 0 0
eth0: 7391070061 82383680 10870810 112926

1734618275
lo: 3256 3256 0 0
eth0: 7403085561 82520036 12015500 136356

1734618276
lo: 3256 3256 0 0
eth0: 7406752587 82571780 3667026 51744

1734618277
lo: 3256 3256 0 0
eth0: 7415397043 82686092 8644456 114312

1734618278
lo: 3256 3256 0 0
eth0: 7422530147 82767734 7133104 81642

1734618279
lo: 3256 3256 0 0
eth0: 7429587143 82847594 7056996 79860

1734618280
lo: 3256 3256 0 0
eth0: 7438407041 82947056 8819898 99462

1734618282
lo: 3256 3256 0 0
eth0: 7446322171 83040182 7915130 93126

1734618283
lo: 3256 3256 0 0
eth0: 7454099095 83130536 7776924 90354

1734618284
lo: 3256 3256 0 0
eth0: 7463146105 83231516 9047010 100980

1734618285
lo: 3256 3256 0 0
eth0: 7469914535 83309858 6768430 78342

1734618286
lo: 3256 3256 0 0
eth0: 7476464935 83382920 6550400 73062

1734618287
lo: 3256 3256 0 0
eth0: 7483993961 83467994 7529026 85074

1734618288
lo: 3256 3256 0 0
eth0: 7495764103 83597948 11770142 129954

1734618291
lo: 3256 3256 0 0
eth0: 7513327111 83741606 17563008 143658

1734618292
lo: 3256 3256 0 0
eth0: 7518179957 83814386 4852846 72780

1734618293
lo: 3256 3256 0 0
eth0: 7523010853 83883884 4830896 69498

1734618294
lo: 3256 3256 0 0
eth0: 7528893523 83967506 5882670 83622

1734618295
lo: 3256 3256 0 0
eth0: 7534798509 84055550 5904986 88044

1734618296
lo: 3256 3256 0 0
eth0: 7540804233 84145286 6005724 89736

1734618298
lo: 3256 3256 0 0
eth0: 7547285265 84234584 6481032 89298

1734618299
lo: 3256 3256 0 0
eth0: 7553535109 84324740 6249844 90156

1734618300
lo: 3256 3256 0 0
eth0: 7560915575 84423974 7380466 99234

1734618301
lo: 3256 3256 0 0
eth0: 7565628805 84487555 4713230 63581

1734618302
lo: 3256 3256 0 0
eth0: 7606068471 84796567 40439666 309012

1734618303
lo: 3256 3256 0 0
eth0: 7663354585 85234411 57286114 437844

1734618304
lo: 3256 3256 0 0
eth0: 7723608561 85685917 60253976 451506

1734618305
lo: 3256 3256 0 0
eth0: 7778337719 86120131 54729158 434214

1734618306
lo: 3256 3256 0 0
eth0: 7833562871 86552839 55225152 432708

1734618307
lo: 3256 3256 0 0
eth0: 7888606917 86971411 55044046 418572

1734618308
lo: 3256 3256 0 0
eth0: 7944882217 87394933 56275300 423522

1734618309
lo: 3256 3256 0 0
eth0: 7999263163 87790735 54380946 395802

1734618310
lo: 3256 3256 0 0
eth0: 8056514683 88191289 57251520 400554

1734618311
lo: 3256 3256 0 0
eth0: 8114224375 88608145 57709692 416856

1734618312
lo: 3256 3256 0 0
eth0: 8169161339 88985665 54936964 377520

1734618313
lo: 3256 3256 0 0
eth0: 8219090413 89354935 49929074 369270

1734618314
lo: 3256 3256 0 0
eth0: 8272409649 89755359 53319236 400424

1734618315
lo: 3256 3256 0 0
eth0: 8324059813 90125487 51650164 370128

1734618316
lo: 3256 3256 0 0
eth0: 8377618667 90510399 53558854 384912

1734618317
lo: 3256 3256 0 0
eth0: 8432787951 90846207 55169284 335808

1734618318
lo: 3256 3256 0 0
eth0: 8491698935 91252503 58910984 406296

1734618319
lo: 3256 3256 0 0
eth0: 8545806379 91619925 54107444 367422

1734618321
lo: 3256 3256 0 0
eth0: 8710216812 92598701 164410433 978776

1734618322
lo: 3256 3256 0 0
eth0: 8826692100 93152215 116475288 553514

1734618324
lo: 3256 3256 0 0
eth0: 8934256816 93804559 107564716 652344

1734618325
lo: 3256 3256 0 0
eth0: 8975403966 94090777 41147150 286218

1734618326
lo: 3256 3256 0 0
eth0: 9030874160 94496677 55470194 405900

1734618327
lo: 3256 3256 0 0
eth0: 9084702808 94886209 53828648 389532

1734618328
lo: 3256 3256 0 0
eth0: 9140372684 95277787 55669876 391578

1734618329
lo: 3256 3256 0 0
eth0: 9198729818 95683489 58357134 405702

1734618330
lo: 3256 3256 0 0
eth0: 9246474320 96017515 47744502 334026

1734618331
lo: 3256 3256 0 0
eth0: 9314837436 96443623 68363116 426108

1734618333
lo: 3256 3256 0 0
eth0: 9396548507 97035181 81711071 591558

1734618334
lo: 3256 3256 0 0
eth0: 9463616243 97509739 67067736 474558

1734618335
lo: 3256 3256 0 0
eth0: 9556363547 98059055 92747304 549316

1734618336
lo: 3256 3256 0 0
eth0: 9653554505 98662079 97190958 603024

1734618337
lo: 3256 3256 0 0
eth0: 9711949783 99085139 58395278 423060

1734618338
lo: 3256 3256 0 0
eth0: 9804672902 99693445 92723119 608306

1734618342
lo: 3256 3256 0 0
eth0: 9875078855 100119703 70405953 426258

1734618343
lo: 3256 3256 0 0
eth0: 9929195273 100414063 54116418 294360

1734618344
lo: 3256 3256 0 0
eth0: 9940905198 100522765 11709925 108702

1734618346
lo: 3256 3256 0 0
eth0: 9947691144 100598005 6785946 75240

1734618347
lo: 3256 3256 0 0
eth0: 9952874055 100658536 5182911 60531

1734618348
lo: 3256 3256 0 0
eth0: 9958134776 100711723 5260721 53187

1734618349
lo: 3256 3256 0 0
eth0: 9963726112 100757395 5591336 45672

1734618350
lo: 3256 3256 0 0
eth0: 9969882744 100802143 6156632 44748

1734618351
lo: 3256 3256 0 0
eth0: 9976610016 100849465 6727272 47322

1734618352
lo: 3256 3256 0 0
eth0: 9982493770 100902595 5883754 53130

1734618353
lo: 3256 3256 0 0
eth0: 9988704888 100962325 6211118 59730

1734618354
lo: 3256 3256 0 0
eth0: 9995268842 101015917 6563954 53592

1734618355
lo: 3256 3256 0 0
eth0: 10001942032 101063379 6673190 47462

1734618356
lo: 3256 3256 0 0
eth0: 10008829706 101113869 6887674 50490

1734618357
lo: 3256 3256 0 0
eth0: 10014082093 101144625 5252387 30756

1734618359
lo: 3256 3256 0 0
eth0: 10025834694 101254446 11752601 109821

1734618360
lo: 3256 3256 0 0
eth0: 10033076384 101339652 7241690 85206

1734618361
lo: 3256 3256 0 0
eth0: 10039839375 101406444 6762991 66792

1734618362
lo: 3256 3256 0 0
eth0: 10045135937 101479176 5296562 72732

1734618363
lo: 3256 3256 0 0
eth0: 10047212597 101486370 2076660 7194

1734618365
lo: 3256 3256 0 0
eth0: 10051127003 101583812 3914406 97442

1734618366
lo: 3256 3256 0 0
eth0: 10057337817 101645918 6210814 62106

1734618367
lo: 3256 3256 0 0
eth0: 10064930397 101732708 7592580 86790

1734618368
lo: 3256 3256 0 0
eth0: 10071303895 101783168 6373498 50460

1734618369
lo: 3256 3256 0 0
eth0: 10085380720 101903963 14076825 120795

1734618370
lo: 3256 3256 0 0
eth0: 10140300296 102326627 54919576 422664

1734618371
lo: 3256 3256 0 0
eth0: 10200583262 102801497 60282966 474870

1734618372
lo: 3256 3256 0 0
eth0: 10262265866 103274057 61682604 472560

1734618373
lo: 3256 3256 0 0
eth0: 10322403282 103752887 60137416 478830

1734618374
lo: 3256 3256 0 0
eth0: 10331509556 103851425 9106274 98538

1734618375
lo: 3256 3256 0 0
eth0: 10341409933 103952240 9900377 100815

1734618376
lo: 3256 3256 0 0
eth0: 10353682925 104066708 12272992 114468

1734618377
lo: 3256 3256 0 0
eth0: 10365100445 104177258 11417520 110550

1734618378
lo: 3256 3256 0 0
eth0: 10377124907 104295728 12024462 118470

1734618379
lo: 3256 3256 0 0
eth0: 10391565605 104436488 14440698 140760

1734618380
lo: 3256 3256 0 0
eth0: 10405946235 104556812 14380630 120324

1734618381
lo: 3256 3256 0 0
eth0: 10417402209 104674946 11455974 118134

1734618382
lo: 3256 3256 0 0
eth0: 10427692131 104798960 10289922 124014

1734618383
lo: 3256 3256 0 0
eth0: 10437339769 104918552 9647638 119592

1734618384
lo: 3256 3256 0 0
eth0: 10447919939 105042500 10580170 123948

1734618385
lo: 3256 3256 0 0
eth0: 10458158449 105162554 10238510 120054

1734618386
lo: 3256 3256 0 0
eth0: 10467816151 105280826 9657702 118272

1734618387
lo: 3256 3256 0 0
eth0: 10478265837 105395798 10449686 114972

1734618388
lo: 3256 3256 0 0
eth0: 10486465859 105456254 8200022 60456

1734618389
lo: 3256 3256 0 0
eth0: 10493553113 105528128 7087254 71874

1734618390
lo: 3256 3256 0 0
eth0: 10500223231 105596834 6670118 68706

1734618391
lo: 3256 3256 0 0
eth0: 10505909033 105677090 5685802 80256

1734618392
lo: 3256 3256 0 0
eth0: 10512466959 105759854 6557926 82764

1734618393
lo: 3256 3256 0 0
eth0: 10519722465 105854762 7255506 94908

1734618394
lo: 3256 3256 0 0
eth0: 10527975631 105963200 8253166 108438

1734618395
lo: 3256 3256 0 0
eth0: 10537053729 106068800 9078098 105600

1734618396
lo: 3256 3256 0 0
eth0: 10547017251 106178888 9963522 110088

1734618397
lo: 3256 3256 0 0
eth0: 10556382495 106284440 9365244 105552

1734618398
lo: 3256 3256 0 0
eth0: 10564079107 106379150 7696612 94710

1734618399
lo: 3256 3256 0 0
eth0: 10571070885 106469834 6991778 90684

1734618400
lo: 3256 3256 0 0
eth0: 10578463823 106561610 7392938 91776

1734618401
lo: 3256 3256 0 0
eth0: 10585246155 106643750 6782332 82140

1734618402
lo: 3256 3256 0 0
eth0: 10591959339 106720346 6713184 76596

1734618403
lo: 3256 3256 0 0
eth0: 10598064897 106798952 6105558 78606

1734618404
lo: 3256 3256 0 0
eth0: 10604597127 106879274 6532230 80322

1734618405
lo: 3256 3256 0 0
eth0: 10611413387 106972004 6816260 92730

1734618406
lo: 3256 3256 0 0
eth0: 10619063185 107074700 7649798 102696

1734618407
lo: 3256 3256 0 0
eth0: 10626551707 107167760 7488522 93060

1734618408
lo: 3256 3256 0 0
eth0: 10633151393 107238380 6599686 70620

1734618409
lo: 3256 3256 0 0
eth0: 10640061375 107335686 6909982 97306

1734618410
lo: 3256 3256 0 0
eth0: 10647820303 107428548 7758928 92862

1734618411
lo: 3256 3256 0 0
eth0: 10656478177 107531838 8657874 103290

1734618412
lo: 3256 3256 0 0
eth0: 10665477615 107639616 8999438 107778

1734618413
lo: 3256 3256 0 0
eth0: 10674660035 107746998 9182420 107382

1734618414
lo: 3256 3256 0 0
eth0: 10682708403 107840982 8048368 93984

1734618415
lo: 3256 3256 0 0
eth0: 10689827893 107932062 7119490 91080

1734618416
lo: 3256 3256 0 0
eth0: 10695548375 108013308 5720482 81246

1734618417
lo: 3256 3256 0 0
eth0: 10701693819 108105486 6145444 92178

1734618418
lo: 3256 3256 0 0
eth0: 10708912265 108206862 7218446 101376

1734618419
lo: 3256 3256 0 0
eth0: 10716816483 108309006 7904218 102144

1734618420
lo: 3256 3256 0 0
eth0: 10724542751 108414936 7726268 105930

1734618421
lo: 3256 3256 0 0
eth0: 10731989707 108526542 7446956 111606

1734618422
lo: 3256 3256 0 0
eth0: 10740458789 108644616 8469082 118074

1734618423
lo: 3256 3256 0 0
eth0: 10749860787 108765132 9401998 120516

1734618424
lo: 3256 3256 0 0
eth0: 10760311499 108896406 10450712 131274

1734618425
lo: 3256 3256 0 0
eth0: 10769018979 109016262 8707480 119856

1734618426
lo: 3256 3256 0 0
eth0: 10778741551 109145028 9722572 128766

1734618427
lo: 3256 3256 0 0
eth0: 10789450611 109285458 10709060 140430

1734618428
lo: 3256 3256 0 0
eth0: 10800514393 109417392 11063782 131934

1734618429
lo: 3256 3256 0 0
eth0: 10811187711 109544310 10673318 126918

1734618430
lo: 3256 3256 0 0
eth0: 10822601961 109688784 11414250 144474

1734618431
lo: 3256 3256 0 0
eth0: 10834971571 109846194 12369610 157410

1734618432
lo: 3256 3256 0 0
eth0: 10846335992 109984896 11364421 138702

1734618433
lo: 3256 3256 0 0
eth0: 10851356066 110036310 5020074 51414

1734618434
lo: 3256 3256 0 0
eth0: 10856297648 110084292 4941582 47982

1734618435
lo: 3256 3256 0 0
eth0: 10861187202 110138676 4889554 54384

1734618436
lo: 3256 3256 0 0
eth0: 10865764656 110192598 4577454 53922

1734618437
lo: 3256 3256 0 0
eth0: 10870415226 110245794 4650570 53196

1734618438
lo: 3256 3256 0 0
eth0: 10874618776 110293116 4203550 47322

1734618439
lo: 3256 3256 0 0
eth0: 10878335932 110340768 3717156 47652

1734618440
lo: 3256 3256 0 0
eth0: 10882385694 110388486 4049762 47718

1734618441
lo: 3256 3256 0 0
eth0: 10886802306 110442276 4416612 53790

1734618442
lo: 3256 3256 0 0
eth0: 10891688618 110494614 4886312 52338

1734618443
lo: 3256 3256 0 0
eth0: 10896678046 110551374 4989428 56760

1734618444
lo: 3256 3256 0 0
eth0: 10901656688 110615328 4978642 63954

1734618445
lo: 3256 3256 0 0
eth0: 10905721410 110665158 4064722 49830

1734618446
lo: 3256 3256 0 0
eth0: 10910011564 110720928 4290154 55770

1734618447
lo: 3256 3256 0 0
eth0: 10914726458 110774586 4714894 53658

1734618448
lo: 3256 3256 0 0
eth0: 10919962454 110834088 5235996 59502

1734618449
lo: 3256 3256 0 0
eth0: 10925803554 110902170 5841100 68082

1734618450
lo: 3256 3256 0 0
eth0: 10931901120 110959590 6097566 57420

1734618451
lo: 3256 3256 0 0
eth0: 10937192546 111024228 5291426 64638

1734618452
lo: 3256 3256 0 0
eth0: 10942883402 111081120 5690856 56892

1734618453
lo: 3256 3256 0 0
eth0: 10949176600 111150222 6293198 69102

1734618454
lo: 3256 3256 0 0
eth0: 10955801732 111220842 6625132 70620

1734618455
lo: 3256 3256 0 0
eth0: 10962427074 111285126 6625342 64284

1734618456
lo: 3256 3256 0 0
eth0: 10967939786 111341160 5512712 56034

1734618457
lo: 3256 3256 0 0
eth0: 10974088056 111400032 6148270 58872

1734618458
lo: 3256 3256 0 0
eth0: 10980688320 111458748 6600264 58716

1734618459
lo: 3256 3256 0 0
eth0: 10987531738 111518940 6843418 60192

1734618460
lo: 3256 3256 0 0
eth0: 10992751614 111571236 5219876 52296

1734618461
lo: 3256 3256 0 0
eth0: 10998455806 111619408 5704192 48172

1734618462
lo: 3256 3256 0 0
eth0: 11003953862 111751994 5498056 132586

1734618463
lo: 3256 3256 0 0
eth0: 11010212436 111820280 6258574 68286

1734618464
lo: 3256 3256 0 0
eth0: 11016489980 111889514 6277544 69234

1734618465
lo: 3256 3256 0 0
eth0: 11022455562 111961850 5965582 72336

1734618466
lo: 3256 3256 0 0
eth0: 11027856196 112028510 5400634 66660

1734618467
lo: 3256 3256 0 0
eth0: 11033474580 112094114 5618384 65604

1734618468
lo: 3256 3256 0 0
eth0: 11039598334 112170674 6123754 76560

1734618469
lo: 3256 3256 0 0
eth0: 11046148198 112234760 6549864 64086

1734618470
lo: 3256 3256 0 0
eth0: 11050671212 112297262 4523014 62502

1734618471
lo: 3256 3256 0 0
eth0: 11054772582 112353032 4101370 55770

1734618472
lo: 3256 3256 0 0
eth0: 11058930678 112417448 4158096 64416

1734618473
lo: 3256 3256 0 0
eth0: 11063477862 112477772 4547184 60324

1734618474
lo: 3256 3256 0 0
eth0: 11068158896 112538162 4681034 60390

1734618475
lo: 3256 3256 0 0
eth0: 11073711760 112607990 5552864 69828

1734618477
lo: 3256 3256 0 0
eth0: 11085475218 112750682 11763458 142692

1734618478
lo: 3256 3256 0 0
eth0: 11090454330 112818392 4979112 67710

1734618479
lo: 3256 3256 0 0
eth0: 11094606688 112876736 4152358 58344

1734618480
lo: 3256 3256 0 0
eth0: 11099148638 112939370 4541950 62634

1734618481
lo: 3256 3256 0 0
eth0: 11104257858 113003258 5109220 63888

1734618482
lo: 3256 3256 0 0
eth0: 11109516324 113065232 5258466 61974

1734618483
lo: 3256 3256 0 0
eth0: 11114453038 113128394 4936714 63162

1734618484
lo: 3256 3256 0 0
eth0: 11119033190 113187596 4580152 59202

1734618485
lo: 3256 3256 0 0
eth0: 11122912822 113236964 3879632 49368

1734618486
lo: 3256 3256 0 0
eth0: 11126916768 113286926 4003946 49962

1734618487
lo: 3256 3256 0 0
eth0: 11131160628 113344874 4243860 57948

1734618488
lo: 3256 3256 0 0
eth0: 11135672112 113396684 4511484 51810

1734618489
lo: 3256 3256 0 0
eth0: 11139919128 113446910 4247016 50226

1734618490
lo: 3256 3256 0 0
eth0: 11144736818 113504462 4817690 57552

1734618491
lo: 3256 3256 0 0
eth0: 11149687418 113564126 4950600 59664

1734618492
lo: 3256 3256 0 0
eth0: 11155149864 113626430 5462446 62304

1734618493
lo: 3256 3256 0 0
eth0: 11161295498 113696588 6145634 70158

1734618494
lo: 3256 3256 0 0
eth0: 11167084880 113758100 5789382 61512

1734618495
lo: 3256 3256 0 0
eth0: 11171416032 113809778 4331152 51678

1734618496
lo: 3256 3256 0 0
eth0: 11175914012 113861258 4497980 51480

1734618497
lo: 3256 3256 0 0
eth0: 11180914642 113912342 5000630 51084

1734618498
lo: 3256 3256 0 0
eth0: 11186644094 113972138 5729452 59796

1734618499
lo: 3256 3256 0 0
eth0: 11193175486 114036818 6531392 64680

1734618500
lo: 3256 3256 0 0
eth0: 11200059296 114109418 6883810 72600

1734618501
lo: 3256 3256 0 0
eth0: 11207167234 114183536 7107938 74118

1734618502
lo: 3256 3256 0 0
eth0: 11215020458 114261218 7853224 77682

1734618503
lo: 3256 3256 0 0
eth0: 11223111984 114319736 8091526 58518

1734618504
lo: 3256 3256 0 0
eth0: 11231551810 114397916 8439826 78180

1734618505
lo: 3256 3256 0 0
eth0: 11239088700 114474872 7536890 76956

1734618506
lo: 3256 3256 0 0
eth0: 11247194076 114550814 8105376 75942

1734618507
lo: 3256 3256 0 0
eth0: 11255749738 114631730 8555662 80916

1734618509
lo: 3256 3256 0 0
eth0: 11259774047 114651476 4024309 19746

1734618510
lo: 3256 3256 0 0
eth0: 11266919360 114700826 7145313 49350

1734618511
lo: 3256 3256 0 0
eth0: 11270772358 114747356 3852998 46530

1734618512
lo: 3256 3256 0 0
eth0: 11275069434 114802928 4297076 55572

1734618513
lo: 3256 3256 0 0
eth0: 11280063390 114863318 4993956 60390

1734618514
lo: 3256 3256 0 0
eth0: 11285259688 114910574 5196298 47256

1734618515
lo: 3256 3256 0 0
eth0: 11290728248 114961724 5468560 51150

1734618516
lo: 3256 3256 0 0
eth0: 11297057996 115030298 6329748 68574

1734618517
lo: 3256 3256 0 0
eth0: 11302426283 115089566 5368287 59268

1734618518
lo: 3256 3256 0 0
eth0: 11307803913 115147340 5377630 57774

1734618519
lo: 3256 3256 0 0
eth0: 11313611423 115208192 5807510 60852

1734618520
lo: 3256 3256 0 0
eth0: 11319619647 115266074 6008224 57882

1734618521
lo: 3256 3256 0 0
eth0: 11326027201 115326860 6407554 60786

1734618522
lo: 3256 3256 0 0
eth0: 11332789733 115384940 6762532 58080

1734618523
lo: 3256 3256 0 0
eth0: 11339954063 115436094 7164330 51154

1734618524
lo: 3256 3256 0 0
eth0: 11345901353 115474440 5947290 38346

1734618525
lo: 3256 3256 0 0
eth0: 11352741877 115527966 6840524 53526

1734618526
lo: 3256 3256 0 0
eth0: 11360254579 115594692 7512702 66726

1734618527
lo: 3256 3256 0 0
eth0: 11367784923 115665708 7530344 71016

1734618528
lo: 3256 3256 0 0
eth0: 11373802511 115732830 6017588 67122

1734618529
lo: 3256 3256 0 0
eth0: 11380037843 115794804 6235332 61974

1734618530
lo: 3256 3256 0 0
eth0: 11386750241 115864500 6712398 69696

1734618531
lo: 3256 3256 0 0
eth0: 11393806481 115932678 7056240 68178

1734618532
lo: 3256 3256 0 0
eth0: 11398545831 115978350 4739350 45672

1734618533
lo: 3256 3256 0 0
eth0: 11402039177 116022570 3493346 44220

1734618534
lo: 3256 3256 0 0
eth0: 11406101239 116068308 4062062 45738

1734618535
lo: 3256 3256 0 0
eth0: 11410809229 116118864 4707990 50556

1734618536
lo: 3256 3256 0 0
eth0: 11416098853 116177406 5289624 58542

1734618537
lo: 3256 3256 0 0
eth0: 11421719511 116244066 5620658 66660

1734618538
lo: 3256 3256 0 0
eth0: 11427659591 116312574 5940080 68508

1734618539
lo: 3256 3256 0 0
eth0: 11433799967 116376660 6140376 64086

1734618540
lo: 3256 3256 0 0
eth0: 11439065017 116437446 5265050 60786

1734618541
lo: 3256 3256 0 0
eth0: 11444017531 116491896 4952514 54450

1734618542
lo: 3256 3256 0 0
eth0: 11448656891 116542716 4639360 50820

1734618543
lo: 3256 3256 0 0
eth0: 11453799829 116601852 5142938 59136

1734618544
lo: 3256 3256 0 0
eth0: 11459448665 116658216 5648836 56364

1734618545
lo: 3256 3256 0 0
eth0: 11465623719 116711676 6175054 53460

1734618546
lo: 3256 3256 0 0
eth0: 11472214731 116761704 6591012 50028

1734618547
lo: 3256 3256 0 0
eth0: 11479189343 116813712 6974612 52008

1734618548
lo: 3256 3256 0 0
eth0: 11486687745 116869350 7498402 55638

1734618549
lo: 3256 3256 0 0
eth0: 11494668053 116922456 7980308 53106

1734618550
lo: 3256 3256 0 0
eth0: 11503375475 116976354 8707422 53898

1734618551
lo: 3256 3256 0 0
eth0: 11512605677 117039318 9230202 62964

1734618552
lo: 3256 3256 0 0
eth0: 11523040103 117096672 10434426 57354

1734618553
lo: 3256 3256 0 0
eth0: 11529970297 117148350 6930194 51678

1734618554
lo: 3256 3256 0 0
eth0: 11536760543 117209598 6790246 61248

1734618555
lo: 3256 3256 0 0
eth0: 11543772855 117275070 7012312 65472

1734618556
lo: 3256 3256 0 0
eth0: 11551339021 117342588 7566166 67518

1734618557
lo: 3256 3256 0 0
eth0: 11559501331 117416508 8162310 73920

1734618558
lo: 3256 3256 0 0
eth0: 11568132139 117491220 8630808 74712

1734618559
lo: 3256 3256 0 0
eth0: 11576976783 117567006 8844644 75786

1734618560
lo: 3256 3256 0 0
eth0: 11582802693 117634194 5825910 67188

1734618561
lo: 3256 3256 0 0
eth0: 11588593761 117699204 5791068 65010

1734618562
lo: 3256 3256 0 0
eth0: 11594686673 117760980 6092912 61776

1734618563
lo: 3256 3256 0 0
eth0: 11601156043 117829422 6469370 68442

1734618564
lo: 3256 3256 0 0
eth0: 11608058783 117903936 6902740 74514

1734618565
lo: 3256 3256 0 0
eth0: 11615558881 117979176 7500098 75240

1734618566
lo: 3256 3256 0 0
eth0: 11623580273 118060488 8021392 81312

1734618567
lo: 3256 3256 0 0
eth0: 11632152805 118151700 8572532 91212

1734618568
lo: 3256 3256 0 0
eth0: 11639287461 118227600 7134656 75900

1734618569
lo: 3256 3256 0 0
eth0: 11646931677 118307526 7644216 79926

1734618570
lo: 3256 3256 0 0
eth0: 11654916723 118384086 7985046 76560

1734618571
lo: 3256 3256 0 0
eth0: 11661463141 118443024 6546418 58938

1734618572
lo: 3256 3256 0 0
eth0: 11667522745 118504998 6059604 61974

1734618573
lo: 3256 3256 0 0
eth0: 11671424179 118550340 3901434 45342

1734618574
lo: 3256 3256 0 0
eth0: 11674606113 118576278 3181934 25938

1734618575
lo: 3256 3256 0 0
eth0: 11678283397 118615944 3677284 39666

1734618576
lo: 3256 3256 0 0
eth0: 11682369927 118653300 4086530 37356

1734618577
lo: 3256 3256 0 0
eth0: 11685951713 118686102 3581786 32802

1734618578
lo: 3256 3256 0 0
eth0: 11689952711 118723260 4000998 37158

1734618579
lo: 3256 3256 0 0
eth0: 11694334107 118763124 4381396 39864

1734618580
lo: 3256 3256 0 0
eth0: 11698158735 118807212 3824628 44088

1734618581
lo: 3256 3256 0 0
eth0: 11701234913 118847340 3076178 40128

1734618582
lo: 3256 3256 0 0
eth0: 11706815069 118879020 5580156 31680

1734618583
lo: 3256 3256 0 0
eth0: 11714217665 118922820 7402596 43800

1734618584
lo: 3256 3256 0 0
eth0: 11718649099 118968360 4431434 45540

1734618585
lo: 3256 3256 0 0
eth0: 11723700581 119022084 5051482 53724

1734618586
lo: 3256 3256 0 0
eth0: 11729088639 119076072 5388058 53988

1734618587
lo: 3256 3256 0 0
eth0: 11734835633 119139234 5746994 63162

1734618588
lo: 3256 3256 0 0
eth0: 11741073013 119198832 6237380 59598

1734618589
lo: 3256 3256 0 0
eth0: 11747830049 119256582 6757036 57750

1734618590
lo: 3256 3256 0 0
eth0: 11753730841 119310372 5900792 53790

1734618591
lo: 3256 3256 0 0
eth0: 11760172053 119356572 6441212 46200

1734618592
lo: 3256 3256 0 0
eth0: 11766856607 119413002 6684554 56430

1734618593
lo: 3256 3256 0 0
eth0: 11773834233 119485542 6977626 72540

1734618594
lo: 3256 3256 0 0
eth0: 11780694945 119548704 6860712 63162

1734618595
lo: 3256 3256 0 0
eth0: 11786135757 119601348 5440812 52644

1734618596
lo: 3256 3256 0 0
eth0: 11791032697 119650716 4896940 49368

1734618597
lo: 3256 3256 0 0
eth0: 11795769195 119701932 4736498 51216

1734618598
lo: 3256 3256 0 0
eth0: 11800267015 119754006 4497820 52074

1734618599
lo: 3256 3256 0 0
eth0: 11805326075 119810568 5059060 56562

1734618600
lo: 3256 3256 0 0
eth0: 11810171413 119852346 4845338 41778

1734618601
lo: 3256 3256 0 0
eth0: 11814630106 119899338 4458693 46992

1734618602
lo: 3256 3256 0 0
eth0: 11819364220 119952204 4734114 52866

1734618603
lo: 3256 3256 0 0
eth0: 11824418396 120001044 5054176 48840

1734618604
lo: 3256 3256 0 0
eth0: 11828419604 120045858 4001208 44814

1734618605
lo: 3256 3256 0 0
eth0: 11832231182 120092982 3811578 47124

1734618606
lo: 3256 3256 0 0
eth0: 11835960554 120138390 3729372 45408

1734618607
lo: 3256 3256 0 0
eth0: 11838674004 120174756 2713450 36366

1734618608
lo: 3256 3256 0 0
eth0: 11841703952 120216006 3029948 41250

1734618609
lo: 3256 3256 0 0
eth0: 11845111674 120263592 3407722 47586

1734618610
lo: 3256 3256 0 0
eth0: 11848168780 120302730 3057106 39138

1734618611
lo: 3256 3256 0 0
eth0: 11851714536 120343056 3545756 40326

1734618612
lo: 3256 3256 0 0
eth0: 11855696648 120393150 3982112 50094

1734618613
lo: 3256 3256 0 0
eth0: 11860234428 120454002 4537780 60852

1734618614
lo: 3256 3256 0 0
eth0: 11865292588 120514392 5058160 60390

1734618615
lo: 3256 3256 0 0
eth0: 11870784434 120571152 5491846 56760

1734618616
lo: 3256 3256 0 0
eth0: 11875780534 120623334 4996100 52182

1734618617
lo: 3256 3256 0 0
eth0: 11879386354 120677322 3605820 53988

1734618618
lo: 3256 3256 0 0
eth0: 11883385088 120736392 3998734 59070

1734618619
lo: 3256 3256 0 0
eth0: 11887860168 120804174 4475080 67782

1734618620
lo: 3256 3256 0 0
eth0: 11892683464 120870438 4823296 66264

1734618621
lo: 3256 3256 0 0
eth0: 11898131996 120946404 5448532 75966

1734618622
lo: 3256 3256 0 0
eth0: 11904052466 121016166 5920470 69762

1734618623
lo: 3256 3256 0 0
eth0: 11910455912 121076688 6403446 60522

1734618624
lo: 3256 3256 0 0
eth0: 11915692232 121127904 5236320 51216

1734618625
lo: 3256 3256 0 0
eth0: 11921533554 121191924 5841322 64020

1734618626
lo: 3256 3256 0 0
eth0: 11927752886 121257330 6219332 65406

1734618627
lo: 3256 3256 0 0
eth0: 11933988002 121325178 6235116 67848

1734618628
lo: 3256 3256 0 0
eth0: 11939207730 121389594 5219728 64416

1734618629
lo: 3256 3256 0 0
eth0: 11944809416 121457772 5601686 68178

1734618630
lo: 3256 3256 0 0
eth0: 11950864280 121521660 6054864 63888

1734618631
lo: 3256 3256 0 0
eth0: 11955884880 121582908 5020600 61248

1734618632
lo: 3256 3256 0 0
eth0: 11961476946 121652406 5592066 69498

1734618633
lo: 3256 3256 0 0
eth0: 11967549788 121724478 6072842 72072

1734618634
lo: 3256 3256 0 0
eth0: 11972153038 121792590 4603250 68112

1734618635
lo: 3256 3256 0 0
eth0: 11977355374 121866510 5202336 73920

1734618636
lo: 3256 3256 0 0
eth0: 11982965670 121940760 5610296 74250

1734618637
lo: 3256 3256 0 0
eth0: 11989421938 122022864 6456268 82104

1734618638
lo: 3256 3256 0 0
eth0: 11997046058 122105826 7624120 82962

1734618639
lo: 3256 3256 0 0
eth0: 12003500326 122181028 6454268 75202

1734618640
lo: 3256 3256 0 0
eth0: 12009741354 122253670 6241028 72642

1734618641
lo: 3256 3256 0 0
eth0: 12016246746 122326204 6505392 72534

1734618642
lo: 3256 3256 0 0
eth0: 12023306622 122401642 7059876 75438

1734618643
lo: 3256 3256 0 0
eth0: 12030447244 122469754 7140622 68112

1734618644
lo: 3256 3256 0 0
eth0: 12036041146 122532850 5593902 63096

1734618645
lo: 3256 3256 0 0
eth0: 12042132520 122601754 6091374 68904

1734618646
lo: 3256 3256 0 0
eth0: 12048520828 122671054 6388308 69300

1734618647
lo: 3256 3256 0 0
eth0: 12053954832 122744050 5434004 72996

1734618648
lo: 3256 3256 0 0
eth0: 12060064142 122822062 6109310 78012

1734618649
lo: 3256 3256 0 0
eth0: 12066066722 122898796 6002580 76734

1734618650
lo: 3256 3256 0 0
eth0: 12070050920 122964268 3984198 65472

1734618651
lo: 3256 3256 0 0
eth0: 12074133052 123023008 4082132 58740

1734618652
lo: 3256 3256 0 0
eth0: 12078646854 123091384 4513802 68376

1734618653
lo: 3256 3256 0 0
eth0: 12082283399 123139894 3636545 48510

1734618654
lo: 3256 3256 0 0
eth0: 12082644029 123147682 360630 7788

1734618655
lo: 3256 3256 0 0
eth0: 12082984405 123154900 340376 7218

1734618656
lo: 3256 3256 0 0
eth0: 12083376777 123162952 392372 8052

1734618657
lo: 3256 3256 0 0
eth0: 12083817899 123172588 441122 9636

1734618658
lo: 3256 3256 0 0
eth0: 12084292145 123182488 474246 9900

1734618659
lo: 3256 3256 0 0
eth0: 12084730143 123192124 437998 9636

1734618660
lo: 3256 3256 0 0
eth0: 12085158365 123201826 428222 9702

1734618661
lo: 3256 3256 0 0
eth0: 12085519585 123209614 361220 7788

1734618662
lo: 3256 3256 0 0
eth0: 12085828231 123217072 308646 7458

1734618663
lo: 3256 3256 0 0
eth0: 12086151459 123224464 323228 7392

1734618664
lo: 3256 3256 0 0
eth0: 12086475499 123231658 324040 7194

1734618665
lo: 3256 3256 0 0
eth0: 12086896211 123240898 420712 9240

1734618666
lo: 3256 3256 0 0
eth0: 12087222853 123247960 326642 7062

1734618667
lo: 3256 3256 0 0
eth0: 12087611417 123255946 388564 7986

1734618668
lo: 3256 3256 0 0
eth0: 12087890859 123261952 279442 6006

1734618669
lo: 3256 3256 0 0
eth0: 12088027746 123265936 136887 3984

1734618670
lo: 3256 3256 0 0
eth0: 12088048546 123266464 20800 528

1734618671
lo: 3256 3256 0 0
eth0: 12088108380 123268246 59834 1782

1734618672
lo: 3256 3256 0 0
eth0: 12088154786 123269698 46406 1452

1734618673
lo: 3256 3256 0 0
eth0: 12088154786 123269698 0 0

1734618674
lo: 3256 3256 0 0
eth0: 12088232458 123271942 77672 2244

1734618675
lo: 3256 3256 0 0
eth0: 12088316186 123274582 83728 2640

1734618676
lo: 3256 3256 0 0
eth0: 12088407418 123277288 91232 2706

1734618677
lo: 3256 3256 0 0
eth0: 12088437170 123278080 29752 792

1734618678
lo: 3256 3256 0 0
eth0: 12088502598 123279796 65428 1716

1734618679
lo: 3256 3256 0 0
eth0: 12088522016 123280390 19418 594

1734618680
lo: 3256 3256 0 0
eth0: 12088598108 123282634 76092 2244

1734618681
lo: 3256 3256 0 0
eth0: 12088662088 123284350 63980 1716

1734618682
lo: 3256 3256 0 0
eth0: 12088715866 123286000 53778 1650

1734618683
lo: 3256 3256 0 0
eth0: 12088733770 123286528 17904 528

1734618684
lo: 3256 3256 0 0
eth0: 12088733770 123286528 0 0

1734618685
lo: 3256 3256 0 0
eth0: 12088741316 123286834 7546 306

1734618686
lo: 3256 3256 0 0
eth0: 12088753230 123287164 11914 330

1734618687
lo: 3256 3256 0 0
eth0: 12088806876 123288682 53646 1518

1734618688
lo: 3256 3256 0 0
eth0: 12088872304 123290398 65428 1716

1734618689
lo: 3256 3256 0 0
eth0: 12088929044 123292114 56740 1716

1734618690
lo: 3256 3256 0 0
eth0: 12088987166 123293764 58122 1650

1734618691
lo: 3256 3256 0 0
eth0: 12089061414 123295546 74248 1782

1734618692
lo: 3256 3256 0 0
eth0: 12089122696 123297460 61282 1914

1734618693
lo: 3256 3256 0 0
eth0: 12089168970 123298846 46274 1386

1734618694
lo: 3256 3256 0 0
eth0: 12089268824 123301684 99854 2838

1734618695
lo: 3256 3256 0 0
eth0: 12089356698 123304126 87874 2442

1734618696
lo: 3256 3256 0 0
eth0: 12089387964 123304984 31266 858

1734618697
lo: 3256 3256 0 0
eth0: 12089396982 123305314 9018 330

1734618698
lo: 3256 3256 0 0
eth0: 12089444836 123306832 47854 1518

1734618699
lo: 3256 3256 0 0
eth0: 12089482158 123307954 37322 1122

1734618700
lo: 3256 3256 0 0
eth0: 12089543242 123309538 61084 1584

1734618701
lo: 3256 3256 0 0
eth0: 12089613476 123311584 70234 2046

1734618702
lo: 3256 3256 0 0
eth0: 12089668678 123313210 55202 1626

1734618703
lo: 3256 3256 0 0
eth0: 12089717980 123314662 49302 1452

1734618704
lo: 3256 3256 0 0
eth0: 12089741940 123315454 23960 792

1734618705
lo: 3256 3256 0 0
eth0: 12089805920 123317170 63980 1716

1734618706
lo: 3256 3256 0 0
eth0: 12089856604 123318622 50684 1452

1734618707
lo: 3256 3256 0 0
eth0: 12089910316 123320206 53712 1584

1734618708
lo: 3256 3256 0 0
eth0: 12089962580 123321790 52264 1584

1734618709
lo: 3256 3256 0 0
eth0: 12090023664 123323506 61084 1716

1734618710
lo: 3256 3256 0 0
eth0: 12090060854 123324496 37190 990

1734618711
lo: 3256 3256 0 0
eth0: 12090084748 123325222 23894 726

1734618712
lo: 3256 3256 0 0
eth0: 12090099690 123325684 14942 462

1734618713
lo: 3256 3256 0 0
eth0: 12090122136 123326410 22446 726

1734618714
lo: 3256 3256 0 0
eth0: 12090147610 123327268 25474 858

1734618715
lo: 3256 3256 0 0
eth0: 12090202968 123329050 55358 1782

1734618716
lo: 3256 3256 0 0
eth0: 12090241738 123330172 38770 1122

1734618717
lo: 3256 3256 0 0
eth0: 12090301572 123332086 59834 1914

1734618718
lo: 3256 3256 0 0
eth0: 12090389710 123334594 88138 2508

1734618719
lo: 3256 3256 0 0
eth0: 12090411958 123335122 22248 528

1734618720
lo: 3256 3256 0 0
eth0: 12090465274 123336310 53316 1188

1734618721
lo: 3256 3256 0 0
eth0: 12090499502 123337234 34228 924

1734618722
lo: 3256 3256 0 0
eth0: 12090548672 123338554 49170 1320

1734618723
lo: 3256 3256 0 0
eth0: 12090609888 123340336 61216 1782

1734618724
lo: 3256 3256 0 0
eth0: 12090632268 123340996 22380 660

1734618725
lo: 3256 3256 0 0
eth0: 12090689008 123342646 56740 1650

1734618726
lo: 3256 3256 0 0
eth0: 12090750026 123344296 61018 1650

1734618727
lo: 3256 3256 0 0
eth0: 12090829014 123346540 78988 2244

1734618728
lo: 3256 3256 0 0
eth0: 12090879764 123348058 50750 1518

1734618729
lo: 3256 3256 0 0
eth0: 12090885292 123348478 5528 420

1734618730
lo: 3256 3256 0 0
eth0: 12090885292 123348478 0 0

1734618731
lo: 3256 3256 0 0
eth0: 12090885334 123348520 42 42

1734618732
lo: 3256 3256 0 0
eth0: 12090885334 123348520 0 0

1734618733
lo: 3256 3256 0 0
eth0: 12090885334 123348520 0 0

1734618734
lo: 3256 3256 0 0
eth0: 12090885334 123348520 0 0

1734618735
lo: 3256 3256 0 0
eth0: 12090885334 123348520 0 0

1734618736
lo: 3256 3256 0 0
eth0: 12090885334 123348520 0 0

1734618737
lo: 3256 3256 0 0
eth0: 12090885334 123348520 0 0

1734618738
lo: 3256 3256 0 0
eth0: 12090885334 123348520 0 0

1734618739
lo: 3256 3256 0 0
eth0: 12090885334 123348520 0 0

1734618740
lo: 3256 3256 0 0
eth0: 12090885334 123348520 0 0

1734618741
lo: 3256 3256 0 0
eth0: 12090885334 123348520 0 0

1734618742
lo: 3256 3256 0 0
eth0: 12090885334 123348520 0 0

1734618743
lo: 3256 3256 0 0
eth0: 12090885334 123348520 0 0

1734618744
lo: 3256 3256 0 0
eth0: 12090885334 123348520 0 0

1734618745
lo: 3256 3256 0 0
eth0: 12090885334 123348520 0 0

1734618746
lo: 3256 3256 0 0
eth0: 12090885334 123348520 0 0

1734618747
lo: 3256 3256 0 0
eth0: 12090885334 123348520 0 0

1734618748
lo: 3256 3256 0 0
eth0: 12090885334 123348520 0 0

1734618749
lo: 3256 3256 0 0
eth0: 12090885334 123348520 0 0

1734618750
lo: 3256 3256 0 0
eth0: 12090885334 123348520 0 0

1734618751
lo: 3256 3256 0 0
eth0: 12090885334 123348520 0 0

1734618752
lo: 3256 3256 0 0
eth0: 12090885334 123348520 0 0

1734618753
lo: 3256 3256 0 0
eth0: 12090885334 123348520 0 0

1734618754
lo: 3256 3256 0 0
eth0: 12090885334 123348520 0 0

1734618755
lo: 3256 3256 0 0
eth0: 12090885334 123348520 0 0

1734618756
lo: 3256 3256 0 0
eth0: 12090885334 123348520 0 0

1734618757
lo: 3256 3256 0 0
eth0: 12090885334 123348520 0 0

1734618758
lo: 3256 3256 0 0
eth0: 12090885334 123348520 0 0

1734618759
lo: 3256 3256 0 0
eth0: 12090885334 123348520 0 0

1734618760
lo: 3256 3256 0 0
eth0: 12090885334 123348520 0 0

1734618761
lo: 3256 3256 0 0
eth0: 12090885334 123348520 0 0

1734618762
lo: 3256 3256 0 0
eth0: 12090885334 123348520 0 0

1734618763
lo: 3256 3256 0 0
eth0: 12090885334 123348520 0 0

1734618764
lo: 3256 3256 0 0
eth0: 12090885334 123348520 0 0

1734618765
lo: 3256 3256 0 0
eth0: 12090885466 123348749 132 229

1734618767
lo: 3256 3256 0 0
eth0: 12090885466 123348749 0 0

