1734617696
32665984 24415308 4177412 1656620 2097148 1206156

1734617697
32665984 23929620 4177412 1681948 2097148 1206156

1734617698
32665984 23793460 4177448 1847392 2097148 1206156

1734617699
32665984 23585872 4177448 1988004 2097148 1206156

1734617700
32665984 23414048 4177448 2157684 2097148 1206156

1734617701
32665984 22422496 4178068 2967444 2097148 1206156

1734617702
32665984 22110536 4180912 3360220 2097148 1206156

1734617703
32665984 22024764 4180968 3410944 2097148 1206156

1734617704
32665984 21776052 4181060 3602864 2097148 1206156

1734617705
32665984 21662716 4181124 3670700 2097148 1206156

1734617706
32665984 21384228 4181584 3980708 2097148 1206156

1734617707
32665984 21171128 4181584 4160272 2097148 1206156

1734617708
32665984 21080108 4181692 4254176 2097148 1206156

1734617709
32665984 20958172 4181760 4379848 2097148 1206156

1734617710
32665984 20296216 4181792 4435544 2097148 1206156

1734617711
32665984 20033192 4181888 4474156 2097148 1206156

1734617712
32665984 20278076 4182188 4493352 2097148 1206156

1734617713
32665984 20352100 4182204 4611604 2097148 1206156

1734617714
32665984 20324976 4182224 4721340 2097148 1206156

1734617715
32665984 20081352 4182252 4771548 2097148 1206156

1734617716
32665984 20249120 4182272 4797872 2097148 1206156

1734617717
32665984 20243688 4182388 4912816 2097148 1206156

1734617718
32665984 19937364 4182428 5135248 2097148 1206156

1734617719
32665984 19437612 4182508 5382092 2097148 1206156

1734617720
32665984 19598668 4182652 5530636 2097148 1206156

1734617721
32665984 19430768 4182680 5634884 2097148 1206156

1734617722
32665984 19541492 4182700 5675312 2097148 1206156

1734617723
32665984 19393276 4182704 5728460 2097148 1206156

1734617724
32665984 19335372 4182752 5839748 2097148 1206156

1734617725
32665984 18728040 4182832 6332960 2097148 1206156

1734617726
32665984 18555972 4182848 6543256 2097148 1206156

1734617727
32665984 18462844 4182884 6608192 2097148 1206156

1734617728
32665984 18433512 4183016 6656200 2097148 1206156

1734617729
32665984 18314024 4183032 6771848 2097148 1206156

1734617730
32665984 18154952 4183076 6907244 2097148 1206156

1734617731
32665984 18075520 4183184 6964576 2097148 1206156

1734617732
32665984 18033564 4183184 7006568 2097148 1206156

1734617733
32665984 17989264 4183196 7036256 2097148 1206156

1734617734
32665984 17943604 4183324 7074152 2097148 1206156

1734617735
32665984 17904568 4184052 7106104 2097148 1206156

1734617736
32665984 17842244 4184208 7175960 2097148 1206156

1734617737
32665984 17798516 4185060 7251504 2097148 1206156

1734617738
32665984 17528284 4185948 7469152 2097148 1206156

1734617739
32665984 17377332 4185960 7545344 2097148 1206156

1734617740
32665984 17311600 4185960 7557292 2097148 1206156

1734617741
32665984 17211432 4185960 7574724 2097148 1206156

1734617742
32665984 17201976 4186036 7591088 2097148 1206156

1734617743
32665984 17267220 4186036 7604496 2097148 1206156

1734617744
32665984 17252288 4186040 7615644 2097148 1206156

1734617745
32665984 17244288 4186108 7626280 2097148 1206156

1734617746
32665984 17186700 4186120 7638700 2097148 1206156

1734617747
32665984 17127164 4186128 7653284 2097148 1206156

1734617748
32665984 17105320 4186388 7686204 2097148 1206156

1734617749
32665984 17079372 4186392 7700324 2097148 1206156

1734617750
32665984 17031948 4186560 7709836 2097148 1206156

1734617751
32665984 17013980 4186588 7856676 2097148 1206156

1734617752
32665984 16723932 4186588 8034120 2097148 1206156

1734617753
32665984 16218812 4186600 8474636 2097148 1206156

1734617754
32665984 15685644 4187296 9031816 2097148 1206156

1734617755
32665984 15336360 4187728 9274780 2097148 1206156

1734617756
32665984 14802952 4193772 9670484 2097148 1206156

1734617757
32665984 14217100 4196376 9917360 2097148 1206156

1734617758
32665984 14171688 4196684 10030572 2097148 1206156

1734617759
32665984 13894480 4199512 10348120 2097148 1206156

1734617760
32665984 13435424 4199668 10564140 2097148 1206156

1734617761
32665984 13230704 4218248 10738796 2097148 1206156

1734617762
32665984 12804548 4235820 11298696 2097148 1206156

1734617763
32665984 11937160 4237624 12048144 2097148 1206156

1734617764
32665984 10238192 4238252 12312796 2097148 1206156

1734617765
32665984 9816204 4238796 12544020 2097148 1206156

1734617766
32665984 9543900 4240480 12872424 2097148 1206156

1734617767
32665984 9380780 4241272 13089400 2097148 1206156

1734617768
32665984 8594084 4241952 13316764 2097148 1206156

1734617769
32665984 9296796 4243312 13554696 2097148 1206156

1734617770
32665984 9799092 4245912 13773932 2097148 1206156

1734617771
32665984 9460796 4250468 14022112 2097148 1206156

1734617772
32665984 9161040 4250644 14413028 2097148 1206156

1734617773
32665984 8596816 4252324 14736580 2097148 1206156

1734617774
32665984 8077752 4253012 14968960 2097148 1206156

1734617775
32665984 8075108 4255032 15166248 2097148 1206156

1734617776
32665984 7622844 4255896 15348036 2097148 1206156

1734617777
32665984 7745880 4256348 15472672 2097148 1206156

1734617778
32665984 7651688 4256832 15572528 2097148 1206156

1734617779
32665984 7450176 4257444 15747020 2097148 1206156

1734617780
32665984 7122796 4257468 15762656 2097148 1206156

1734617781
32665984 7358280 4257720 15780436 2097148 1206156

1734617782
32665984 6922352 4260112 16081756 2097148 1206156

1734617783
32665984 6662440 4261784 16482764 2097148 1206156

1734617784
32665984 6396492 4263052 16648836 2097148 1206156

1734617785
32665984 6211908 4263112 16758736 2097148 1206156

1734617786
32665984 5950924 4263380 16995480 2097148 1206156

1734617787
32665984 5683128 4263556 17215280 2097148 1206156

1734617788
32665984 5298280 4263972 17365436 2097148 1206156

1734617789
32665984 5349584 4264116 17562028 2097148 1206156

1734617790
32665984 4862652 4264508 17894484 2097148 1206156

1734617791
32665984 4195080 4264840 18502708 2097148 1206156

1734617792
32665984 3224508 4265116 19207556 2097148 1206156

1734617793
32665984 2722692 4266072 19692548 2097148 1206156

1734617794
32665984 1226828 4275320 19837760 2097148 1206156

1734617795
32665984 1808956 4275440 20193368 2097148 1206156

1734617796
32665984 1464480 4275628 20790436 2097148 1206156

1734617797
32665984 853484 4275880 21236780 2097148 1206156

1734617798
32665984 287884 4268192 21743632 2097148 1205988

1734617799
32665984 1270428 4218476 20947720 2097148 1198212

1734617801
32665984 1276796 4218476 20949176 2097148 1198212

1734617802
32665984 565272 4201056 20997720 2097148 1196608

1734617803
32665984 605428 4192144 21277824 2097148 1196252

1734617804
32665984 518364 4181204 21208424 2097148 1196252

1734617805
32665984 1105300 4180680 21313328 2097148 1196252

1734617806
32665984 338632 4180264 21456824 2097148 1196252

1734617807
32665984 590008 4137244 20680784 2097148 1195504

1734617808
32665984 706588 4139700 20769944 2097148 1195504

1734617809
32665984 443820 4131296 20743568 2097148 1195504

1734617810
32665984 752440 4100576 20365916 2097148 1195504

1734617811
32665984 554412 4100616 20594772 2097148 1195504

1734617812
32665984 498556 4101520 20775140 2097148 1195504

1734617814
32665984 812976 4080204 20591364 2097148 1194796

1734617816
32665984 1489260 4080684 20799488 2097148 1194796

1734617817
32665984 1420056 4081464 21054364 2097148 1194796

1734617818
32665984 1179692 4081588 21257844 2097148 1194796

1734617820
32665984 1034044 4082120 21382364 2097148 1194796

1734617821
32665984 800080 4082180 21466048 2097148 1194796

1734617823
32665984 651344 4081912 21543724 2097148 1194796

1734617824
32665984 557752 4080436 21628632 2097148 1194796

1734617825
32665984 539128 4078824 21728656 2097148 1194796

1734617826
32665984 448792 4077384 21812588 2097148 1194796

1734617827
32665984 316604 4107380 21878064 2097148 1194796

1734617828
32665984 380692 4093020 21774156 2097148 1194796

1734617830
32665984 293660 4088000 21835008 2097148 1194796

1734617831
32665984 292780 4088496 21849928 2097148 1194796

1734617832
32665984 506844 4065680 21519520 2097148 1194540

1734617833
32665984 238964 4059236 21310760 2097148 1194540

1734617834
32665984 727364 4059292 21406384 2097148 1194540

1734617835
32665984 549424 4059508 21493600 2097148 1194540

1734617836
32665984 522112 4059644 21563568 2097148 1194540

1734617838
32665984 528720 4059644 21563912 2097148 1194540

1734617839
32665984 394636 4059720 21633012 2097148 1194540

1734617840
32665984 344316 4059824 21728300 2097148 1194540

1734617843
32665984 388640 4045760 21648072 2097148 1194540

1734617844
32665984 316924 4042180 21624832 2097148 1194540

1734617845
32665984 288176 4039596 21781676 2097148 1194540

1734617846
32665984 426348 4024468 21706280 2097148 1194540

1734617847
32665984 385208 4024076 21812628 2097148 1194540

1734617848
32665984 281652 4018596 21848228 2097148 1194540

1734617849
32665984 340284 4006212 21661536 2097148 1198124

1734617851
32665984 338784 4006220 21663348 2097148 1198124

1734617852
32665984 284240 3914548 20407224 2097148 1200684

1734617853
32665984 754136 3908724 20329624 2097148 1200684

1734617854
32665984 1488628 3908788 20396552 2097148 1201196

1734617855
32665984 1440700 3908888 20485196 2097148 1201196

1734617857
32665984 1582732 3911092 20613124 2097148 1201196

1734617859
32665984 1582724 3911096 20613796 2097148 1201196

1734617860
32665984 1265428 3914204 20834012 2097148 1201196

1734617861
32665984 995788 3917728 21085804 2097148 1201196

1734617864
32665984 882144 3921200 21178228 2097148 1201196

1734617865
32665984 781124 3923204 21293924 2097148 1201196

1734617866
32665984 633680 3916616 21384808 2097148 1201196

1734617867
32665984 250628 3910068 21555228 2097148 1201196

1734617868
32665984 269192 3890792 21251428 2097148 1201196

1734617870
32665984 659768 3877260 21084716 2097148 1201196

1734617871
32665984 316464 3862780 20947324 2097148 1201196

1734617872
32665984 650788 3827424 20461828 2097148 1201196

1734617875
32665984 1480512 3828392 20505824 2097148 1201196

1734617876
32665984 860440 3831168 20755152 2097148 1201196

1734617879
32665984 1140420 3833052 20938752 2097148 1201196

1734617882
32665984 1091952 3833056 20948312 2097148 1201196

1734617883
32665984 976228 3831004 20972432 2097148 1201196

1734617884
32665984 700260 3831048 20996564 2097148 1201196

1734617885
32665984 815512 3831140 21040176 2097148 1201196

1734617887
32665984 853152 3831236 21046596 2097148 1201196

1734617888
32665984 705736 3831476 21217232 2097148 1201196

1734617889
32665984 619620 3831580 21221196 2097148 1201196

1734617890
32665984 793036 3831720 21277052 2097148 1201196

1734617891
32665984 693424 3831916 21386164 2097148 1201196

1734617892
32665984 558648 3830352 21528340 2097148 1201196

1734617893
32665984 260468 3827856 21728924 2097148 1201196

1734617894
32665984 268152 3814896 21519528 2097148 1201196

1734617895
32665984 433884 3815096 21596320 2097148 1201196

1734617896
32665984 374140 3809772 21517976 2097148 1201196

1734617897
32665984 269572 3803380 21390660 2097148 1201196

1734617898
32665984 439092 3797920 21286940 2097148 1201196

1734617899
32665984 260796 3799740 21366436 2097148 1201196

1734617902
32665984 930100 3780464 21016492 2097148 1201196

1734617903
32665984 739932 3780536 21045328 2097148 1201196

1734617904
32665984 813080 3780640 21064140 2097148 1201196

1734617905
32665984 1045624 3780704 21082228 2097148 1201196

1734617906
32665984 981704 3780772 21092584 2097148 1201196

1734617907
32665984 838944 3780896 21156448 2097148 1201196

1734617908
32665984 602788 3781032 21312084 2097148 1201196

1734617909
32665984 599176 3781528 21391400 2097148 1201196

1734617910
32665984 440500 3779416 21385172 2097148 1201196

1734617912
32665984 540896 3779432 21425120 2097148 1201196

1734617913
32665984 567128 3779512 21461672 2097148 1201196

1734617914
32665984 383432 3769528 21362008 2097148 1201196

1734617915
32665984 361592 3755436 21244252 2097148 1200980

1734617916
32665984 280420 3753856 21308408 2097148 1200980

1734617917
32665984 262452 3753964 21315440 2097148 1200980

1734617918
32665984 673716 3753448 21349696 2097148 1200980

1734617920
32665984 593572 3754436 21323660 2097148 1200980

1734617921
32665984 582592 3735556 21002292 2097148 1200724

1734617922
32665984 297880 3675800 19918744 2097148 1199992

1734617923
32665984 585108 3621128 19129648 2097148 1199992

1734617924
32665984 293228 3578988 18471352 2097148 1199992

1734617925
32665984 1249952 3565372 18278136 2097148 1199992

1734617926
32665984 946596 3565420 18298072 2097148 1199992

1734617927
32665984 469128 3533288 17832768 2097148 1199992

1734617928
32665984 1124712 3533812 17856932 2097148 1199992

1734617929
32665984 1631076 3534076 17893620 2097148 1199992

1734617930
32665984 1971628 3534176 17930052 2097148 1199992

1734617931
32665984 2730796 3534636 17986040 2097148 1199992

1734617932
32665984 2964720 3539280 18294060 2097148 1199992

1734617933
32665984 3154772 3544524 18605784 2097148 1199992

1734617934
32665984 3390180 3544948 18447516 2097148 1199992

1734617935
32665984 3292048 3546668 18554936 2097148 1199992

1734617936
32665984 3390704 3547280 18719144 2097148 1199992

1734617938
32665984 3303864 3547296 18867836 2097148 1199992

1734617939
32665984 2797488 3547504 18897812 2097148 1199992

1734617940
32665984 2618788 3547752 18915556 2097148 1199992

1734617941
32665984 2766524 3547896 18993832 2097148 1199992

1734617942
32665984 2316428 3548520 19287640 2097148 1199992

1734617943
32665984 2152936 3548848 19371652 2097148 1199992

1734617944
32665984 2005624 3549280 19406336 2097148 1199992

1734617945
32665984 2236608 3549876 19527800 2097148 1199992

1734617946
32665984 2022596 3551080 19683820 2097148 1199992

1734617947
32665984 1790692 3551292 19797248 2097148 1199992

1734617948
32665984 2144308 3552192 19720624 2097148 1199992

1734617949
32665984 1941172 3552300 19747620 2097148 1199992

1734617950
32665984 1705760 3552376 19779128 2097148 1199992

1734617951
32665984 1833600 3547432 19813692 2097148 1199992

1734617952
32665984 1832676 3547580 19862788 2097148 1199992

1734617953
32665984 1759840 3547712 19915832 2097148 1199992

1734617954
32665984 1522068 3547800 19969720 2097148 1199992

1734617955
32665984 1650392 3547888 20065600 2097148 1199992

1734617956
32665984 1669556 3547948 20100988 2097148 1199992

1734617957
32665984 947920 3590436 20225032 2097148 1199992

1734617958
32665984 666636 3591512 20482348 2097148 1199992

1734617959
32665984 522388 3578204 20697916 2097148 1198968

1734617961
32665984 297584 3568128 20669068 2097148 1198968

1734617963
32665984 513384 3557640 20503388 2097148 1198968

1734617964
32665984 629220 3551208 20603228 2097148 1198968

1734617965
32665984 603948 3551616 20773052 2097148 1198968

1734617966
32665984 621096 3534692 20645252 2097148 1198712

1734617967
32665984 787416 3527144 20728164 2097148 1198712

1734617968
32665984 639172 3528064 20696792 2097148 1198712

1734617970
32665984 650720 3528064 20697156 2097148 1198712

1734617971
32665984 659676 3519136 20840312 2097148 1198712

1734617972
32665984 548128 3518724 21209308 2097148 1198712

1734617973
32665984 279060 3508500 21297992 2097148 1198712

1734617976
32665984 1359656 3495524 20554940 2097148 1198532

1734617980
32665984 1574716 3495712 20503216 2097148 1198532

1734617981
32665984 1095892 3499884 20788876 2097148 1198532

1734617982
32665984 1038220 3499984 20818184 2097148 1198532

1734617983
32665984 890448 3500288 20942076 2097148 1198532

1734617988
32665984 831744 3500348 21039864 2097148 1198532

1734617989
32665984 782916 3497512 21033520 2097148 1198532

1734617990
32665984 324436 3497544 21079620 2097148 1198532

1734617991
32665984 412560 3411500 19632668 2097148 1197824

1734617992
32665984 503508 3363984 18944920 2097148 1196612

1734617994
32665984 551772 3361416 18896412 2097148 1196172

1734617995
32665984 518460 3338448 18567352 2097148 1196172

1734617996
32665984 379112 3315324 18168652 2097148 1196172

1734617997
32665984 1064832 3279000 17614092 2097148 1194636

1734617998
32665984 1142472 3279076 17648100 2097148 1194636

1734617999
32665984 877776 3274764 17475452 2097148 1194636

1734618000
32665984 1123996 3274796 17489912 2097148 1194636

1734618002
32665984 2804476 3267456 17354428 2097148 1194636

1734618003
32665984 902636 3267464 17366968 2097148 1194636

1734618004
32665984 792588 3267540 17376472 2097148 1194636

1734618005
32665984 1194552 3263020 17321816 2097148 1194636

1734618006
32665984 1713616 3263040 17332768 2097148 1194636

1734618007
32665984 1234628 3263112 17348684 2097148 1194636

1734618008
32665984 981608 3263448 17440604 2097148 1194636

1734618009
32665984 559908 3236348 17083176 2097148 1194636

1734618010
32665984 1375992 3199656 16592308 2097148 1180644

1734618011
32665984 1496844 3199772 16594636 2097148 1180388

1734618012
32665984 2161564 3190336 16617904 2097148 1180388

1734618013
32665984 4076460 3190852 16652136 2097148 1180388

1734618014
32665984 5153180 3191080 16677412 2097148 1180388

1734618015
32665984 5829476 3191220 16694912 2097148 1180388

1734618016
32665984 5849268 3191232 16708184 2097148 1180388

1734618019
32665984 5892712 3191264 16722224 2097148 1180388

1734618020
32665984 5494900 3191884 16764356 2097148 1180388

1734618021
32665984 5078440 3192388 16862616 2097148 1180388

1734618022
32665984 5026792 3192996 16910528 2097148 1180388

1734618023
32665984 5064004 3193688 16927552 2097148 1180388

1734618024
32665984 4997472 3193948 16944352 2097148 1180388

1734618025
32665984 4516152 3194244 16964792 2097148 1180388

1734618026
32665984 4839704 3194272 16979200 2097148 1180388

1734618027
32665984 5343012 3195256 17019424 2097148 1180388

1734618028
32665984 5055300 3195648 17060620 2097148 1180388

1734618029
32665984 4842964 3195876 17093760 2097148 1180388

1734618030
32665984 4945908 3196128 17125360 2097148 1180388

1734618031
32665984 4874916 3196580 17152396 2097148 1180388

1734618032
32665984 5176456 3197508 17231560 2097148 1180388

1734618033
32665984 4610984 3250856 17513992 2097148 1180388

1734618034
32665984 4297336 3251744 17912240 2097148 1180388

1734618035
32665984 4126064 3252364 18138728 2097148 1180388

1734618036
32665984 3835576 3252900 18376152 2097148 1180388

1734618037
32665984 3960824 3253308 18436108 2097148 1180388

1734618038
32665984 3951272 3253308 18442868 2097148 1180388

1734618041
32665984 3678196 3253388 18521728 2097148 1180388

1734618042
32665984 3122072 3253732 18729328 2097148 1180388

1734618043
32665984 2702264 3254160 18838660 2097148 1180388

1734618044
32665984 2594324 3254460 18916920 2097148 1180388

1734618045
32665984 2276556 3256872 19291372 2097148 1180388

1734618046
32665984 2287180 3257704 19937040 2097148 1180388

1734618047
32665984 1280560 3258808 20175396 2097148 1180388

1734618048
32665984 1839420 3259336 20324896 2097148 1180388

1734618049
32665984 1390240 3260656 20459004 2097148 1180388

1734618050
32665984 1325224 3261620 20658292 2097148 1180388

1734618056
32665984 1131796 3271392 20788168 2097148 1180388

1734618057
32665984 568268 3271672 21223052 2097148 1180388

1734618059
32665984 612692 3263900 21432000 2097148 1177872

1734618060
32665984 320868 3264644 21577284 2097148 1176824

1734618061
32665984 354648 3253756 21548696 2097148 1176160

1734618063
32665984 374608 3253964 21562340 2097148 1176160

1734618064
32665984 552820 3233808 21281020 2097148 1169636

1734618065
32665984 279968 3233244 21466532 2097148 1169380

1734618066
32665984 382028 3220632 21239656 2097148 1160448

1734618067
32665984 318832 3213292 21316800 2097148 1157612

1734618068
32665984 536888 3209016 21309620 2097148 1152540

1734618069
32665984 605888 3209216 21436672 2097148 1152540

1734618072
32665984 698820 3209412 21471396 2097148 1152540

1734618073
32665984 383224 3210104 21622828 2097148 1149340

1734618077
32665984 382208 3209372 21595540 2097148 1149128

1734618078
32665984 296400 3198384 21750588 2097148 1145404

1734618079
32665984 294172 3193008 21815980 2097148 1143636

1734618081
32665984 326516 3192856 21784056 2097148 1141496

1734618082
32665984 393680 3168360 21656528 2097148 1136928

1734618084
32665984 310476 3169820 21802204 2097148 1136416

1734618085
32665984 404292 3160156 21669084 2097148 1129100

1734618087
32665984 381356 3150072 21545580 2097148 1121012

1734618088
32665984 459404 3150196 21602604 2097148 1121012

1734618089
32665984 448264 3150340 21687236 2097148 1121012

1734618090
32665984 329008 3138404 21769196 2097148 1118628

1734618092
32665984 372452 3125804 21684216 2097148 1114476

1734618093
32665984 370208 3123204 21692884 2097148 1113664

1734618096
32665984 350904 3123472 21813756 2097148 1113664

1734618097
32665984 466156 3116348 21726072 2097148 1110376

1734618099
32665984 370420 3117108 21758664 2097148 1110376

1734618100
32665984 554736 3117168 21766792 2097148 1110376

1734618102
32665984 318576 3115024 21797612 2097148 1110376

1734618103
32665984 401780 3113628 21863380 2097148 1110376

1734618104
32665984 348276 3079608 21420424 2097148 1109876

1734618105
32665984 847324 3064820 21171800 2097148 1105056

1734618107
32665984 835712 3065124 21290868 2097148 1105056

1734618108
32665984 711968 3065444 21351432 2097148 1105056

1734618109
32665984 573984 3065600 21374640 2097148 1105056

1734618111
32665984 642048 3065652 21441232 2097148 1105056

1734618113
32665984 659160 3065676 21452508 2097148 1105056

1734618114
32665984 763996 3066372 21470180 2097148 1105056

1734618115
32665984 856180 3066448 21479048 2097148 1105056

1734618116
32665984 818108 3066496 21508760 2097148 1105056

1734618117
32665984 790972 3066512 21518636 2097148 1105056

1734618118
32665984 750312 3066820 21536476 2097148 1105056

1734618119
32665984 751676 3066836 21543440 2097148 1105056

1734618120
32665984 695084 3067072 21565148 2097148 1105056

1734618121
32665984 409280 3055464 21512708 2097148 1100536

1734618122
32665984 409292 3043632 20960944 2097148 1095336

1734618123
32665984 788080 3043440 20956776 2097148 1094112

1734618124
32665984 1106068 3043464 20971456 2097148 1094112

1734618126
32665984 545492 3015980 20439072 2097148 1086756

1734618128
32665984 526180 3015740 20429556 2097148 1086756

1734618129
32665984 1056340 3015768 20453880 2097148 1086756

1734618130
32665984 1074200 3015780 20466688 2097148 1086756

1734618131
32665984 1933816 3015812 20492156 2097148 1086756

1734618133
32665984 423320 2968236 19969968 2097148 1086756

1734618134
32665984 411944 2920224 19064696 2097148 1061704

1734618135
32665984 804180 2877780 18518932 2097148 1054196

1734618136
32665984 814408 2877792 18440172 2097148 1044052

1734618137
32665984 410900 2827000 17594272 2097148 1036568

1734618138
32665984 885084 2794888 16974612 2097148 1031380

1734618140
32665984 1571508 2788848 16895420 2097148 1031380

1734618141
32665984 664428 2772836 16537336 2097148 1031380

1734618142
32665984 2443736 2772928 16548904 2097148 1031380

1734618143
32665984 1036288 2773084 16564784 2097148 1031380

1734618144
32665984 1523512 2773200 16609868 2097148 1031380

1734618145
32665984 1416812 2773688 16648108 2097148 1031380

1734618146
32665984 1360452 2774664 16694084 2097148 1031380

1734618147
32665984 1321832 2775540 16729328 2097148 1031380

1734618148
32665984 1328128 2755400 16442324 2097148 1031380

1734618149
32665984 686916 2748360 16361812 2097148 1031380

1734618150
32665984 422020 2688252 15836936 2097148 1004232

1734618151
32665984 869024 2685528 15553756 2097148 983244

1734618152
32665984 706024 2647960 14985176 2097148 979252

1734618153
32665984 540856 2607248 14455844 2097148 950060

1734618154
32665984 518372 2536020 13623540 2097148 950060

1734618155
32665984 895112 2537716 13681208 2097148 950060

1734618156
32665984 871176 2515712 13442484 2097148 950060

1734618157
32665984 985356 2487624 13130148 2097148 950060

1734618158
32665984 943324 2488384 13164996 2097148 950060

1734618159
32665984 1246508 2467256 12963436 2097148 950060

1734618160
32665984 1725900 2469464 13182980 2097148 950060

1734618161
32665984 887884 2464892 13284492 2097148 950060

1734618162
32665984 1167788 2447200 13155156 2097148 950060

1734618163
32665984 824496 2421712 12850876 2097148 950060

1734618164
32665984 1082988 2395308 12519952 2097148 950060

1734618166
32665984 1143532 2376824 12294048 2097148 950060

1734618167
32665984 1537864 2376900 12315072 2097148 950060

1734618168
32665984 1844288 2376956 12340596 2097148 950060

1734618169
32665984 2429112 2376988 12367248 2097148 950060

1734618170
32665984 2720804 2376992 12383660 2097148 950060

1734618171
32665984 1699104 2376992 12400424 2097148 950060

1734618173
32665984 1784780 2377012 12430892 2097148 950060

1734618174
32665984 1544448 2377024 12440556 2097148 950060

1734618175
32665984 2233408 2377032 12454188 2097148 950060

1734618176
32665984 3873388 2377032 12464336 2097148 950060

1734618177
32665984 3387648 2377032 12472812 2097148 950060

1734618178
32665984 3024852 2377036 12480368 2097148 950060

1734618179
32665984 3018520 2377044 12487616 2097148 950060

1734618180
32665984 2303776 2377056 12498692 2097148 950060

1734618181
32665984 1882284 2377080 12507404 2097148 950316

1734618182
32665984 2922596 2377080 12515904 2097148 950316

1734618183
32665984 3034736 2377080 12525472 2097148 950316

1734618184
32665984 3212604 2377084 12536528 2097148 950316

1734618185
32665984 4429376 2377144 12549232 2097148 950316

1734618186
32665984 4616192 2377216 12563904 2097148 950316

1734618187
32665984 4962100 2377508 12593644 2097148 950316

1734618188
32665984 5998780 2377584 12607164 2097148 950316

1734618189
32665984 5403768 2377620 12622016 2097148 950316

1734618190
32665984 5403964 2377620 12622148 2097148 950316

1734618191
32665984 6927652 2377672 12684824 2097148 950316

1734618193
32665984 4837080 2377812 12706540 2097148 950316

1734618194
32665984 3796380 2377876 12719572 2097148 950316

1734618195
32665984 3380964 2377880 12738464 2097148 950316

1734618196
32665984 2548268 2377972 12758096 2097148 950316

1734618197
32665984 2936244 2378152 12845816 2097148 950316

1734618198
32665984 1719332 2378172 12947764 2097148 950316

1734618199
32665984 2105352 2378176 13050240 2097148 950316

1734618200
32665984 1951196 2378184 13149924 2097148 950316

1734618201
32665984 2476908 2378192 13175088 2097148 950316

1734618202
32665984 2119028 2378208 13184712 2097148 950316

1734618203
32665984 1856180 2378208 13193604 2097148 950316

1734618204
32665984 1991388 2378208 13221892 2097148 950316

1734618205
32665984 2155376 2378208 13231896 2097148 950316

1734618206
32665984 2834344 2378208 13243124 2097148 950316

1734618207
32665984 2937724 2378232 13255692 2097148 950316

1734618208
32665984 2829524 2378360 13282296 2097148 950316

1734618209
32665984 4682620 2378444 13296856 2097148 950316

1734618210
32665984 4921212 2380376 13346344 2097148 950316

1734618211
32665984 4452380 2380968 13368040 2097148 950316

1734618212
32665984 4533160 2381484 13413632 2097148 950316

1734618213
32665984 4844932 2381528 13431468 2097148 950316

1734618214
32665984 3748680 2381600 13442268 2097148 950316

1734618215
32665984 3717408 2381600 13452644 2097148 950316

1734618216
32665984 3931440 2381600 13464160 2097148 950316

1734618217
32665984 4203608 2381600 13511224 2097148 950316

1734618218
32665984 3854416 2381664 13524900 2097148 950316

1734618219
32665984 5025428 2381772 13542460 2097148 950316

1734618220
32665984 4214180 2382176 13569212 2097148 950316

1734618221
32665984 4033480 2382592 13597424 2097148 950316

1734618222
32665984 4862512 2383484 13694352 2097148 950316

1734618223
32665984 4658720 2384564 13798712 2097148 950316

1734618224
32665984 4657520 2385236 13840180 2097148 950316

1734618225
32665984 5115076 2385236 13844776 2097148 950316

1734618226
32665984 6091908 2385304 13893084 2097148 950316

1734618227
32665984 6698400 2385808 13933864 2097148 950316

1734618228
32665984 6429924 2388956 14168732 2097148 950316

1734618229
32665984 6336320 2391476 14284172 2097148 950316

1734618230
32665984 6135284 2401080 14431872 2097148 950572

1734618231
32665984 6642712 2408436 14622188 2097148 950572

1734618232
32665984 6430792 2409828 14668916 2097148 950572

1734618233
32665984 6311964 2410800 14720420 2097148 950572

1734618234
32665984 6626288 2414340 14792320 2097148 950572

1734618235
32665984 6540948 2424032 14935352 2097148 950572

1734618236
32665984 6240096 2434348 15096692 2097148 950572

1734618237
32665984 6075108 2439852 15235012 2097148 950572

1734618238
32665984 4327000 2443896 15373128 2097148 950572

1734618239
32665984 3792452 2444880 15409884 2097148 950572

1734618240
32665984 3350140 2445384 15438924 2097148 950572

1734618241
32665984 4101492 2445904 15469084 2097148 950572

1734618242
32665984 3962204 2446332 15492856 2097148 950572

1734618243
32665984 3397552 2447216 15523952 2097148 950572

1734618244
32665984 3701856 2448196 15551848 2097148 950572

1734618245
32665984 3461716 2449140 15580184 2097148 950572

1734618246
32665984 2921672 2450056 15610840 2097148 950572

1734618247
32665984 2525992 2450372 15633300 2097148 950572

1734618248
32665984 2590196 2450844 15661240 2097148 950572

1734618249
32665984 2264856 2452512 15700832 2097148 950572

1734618250
32665984 2703656 2453240 15732136 2097148 950572

1734618251
32665984 1511068 2453680 15753020 2097148 950572

1734618252
32665984 1374732 2454008 15769448 2097148 950572

1734618253
32665984 2428740 2453504 15783528 2097148 950572

1734618255
32665984 2973796 2454124 15829780 2097148 950572

1734618256
32665984 3029168 2454316 15856252 2097148 950572

1734618257
32665984 2503432 2454644 15882188 2097148 950572

1734618258
32665984 1655740 2455252 15910352 2097148 950572

1734618260
32665984 847428 2397636 14819968 2097148 950572

1734618261
32665984 854364 2360116 14222012 2097148 950572

1734618262
32665984 1843252 2352472 14135300 2097148 950572

1734618263
32665984 2542344 2353036 14164220 2097148 950828

1734618264
32665984 1624172 2353792 14200316 2097148 950828

1734618265
32665984 2196648 2355240 14272672 2097148 950828

1734618266
32665984 1021348 2350660 14344472 2097148 950828

1734618267
32665984 1283800 2313992 13778188 2097148 950828

1734618268
32665984 1533376 2316824 13835812 2097148 950828

1734618269
32665984 2174940 2318960 13892544 2097148 950828

1734618270
32665984 2708652 2319712 13967956 2097148 950828

1734618271
32665984 1880036 2320936 14068844 2097148 950828

1734618272
32665984 1370404 2311344 13978628 2097148 950828

1734618273
32665984 2189648 2311752 14012432 2097148 950828

1734618275
32665984 942124 2272416 13392564 2097148 950828

1734618276
32665984 2271572 2265556 13331720 2097148 950828

1734618277
32665984 2365408 2266252 13373192 2097148 950828

1734618278
32665984 2683844 2266836 13379692 2097148 950828

1734618279
32665984 2887112 2272060 13629780 2097148 950828

1734618280
32665984 3236660 2279060 13791620 2097148 950828

1734618282
32665984 2032784 2287060 13974164 2097148 950828

1734618283
32665984 1647612 2288624 14087588 2097148 950828

1734618284
32665984 1654772 2290436 14164736 2097148 950828

1734618285
32665984 900068 2256448 13415180 2097148 950828

1734618286
32665984 849896 2152920 12859696 2097148 950828

1734618287
32665984 2579808 2159912 13065180 2097148 950828

1734618288
32665984 1647504 2162912 13183000 2097148 951340

1734618291
32665984 3301616 2117432 12470888 2097148 951340

1734618292
32665984 7588504 2117652 12485472 2097148 951340

1734618293
32665984 6042660 2118576 12589328 2097148 951340

1734618294
32665984 4405432 2118988 12761180 2097148 951340

1734618295
32665984 4168708 2119272 12929880 2097148 951340

1734618296
32665984 5086604 2120092 12995824 2097148 951340

1734618298
32665984 5009712 2120884 13048176 2097148 951340

1734618299
32665984 6129076 2121444 13304948 2097148 951340

1734618300
32665984 3221476 2122020 13379540 2097148 951340

1734618301
32665984 3882748 2122656 13371076 2097148 951340

1734618302
32665984 4346100 2123580 13457916 2097148 951340

1734618303
32665984 4196012 2125380 13573276 2097148 951340

1734618304
32665984 3922984 2126652 13685168 2097148 951340

1734618305
32665984 3659772 2127328 13777060 2097148 951340

1734618306
32665984 4168160 2128136 13842548 2097148 951340

1734618307
32665984 3067996 2129420 13908596 2097148 951596

1734618308
32665984 3383264 2129788 13967388 2097148 951596

1734618309
32665984 4126464 2130568 14025368 2097148 951596

1734618310
32665984 3910436 2131920 14090708 2097148 951596

1734618311
32665984 3801428 2132532 14151020 2097148 951596

1734618312
32665984 2702108 2132676 14205816 2097148 951596

1734618313
32665984 1972296 2133432 14258840 2097148 951596

1734618314
32665984 2882108 2134280 14317412 2097148 951596

1734618315
32665984 3985532 2134884 14369728 2097148 951596

1734618316
32665984 3463752 2135260 14425644 2097148 951596

1734618317
32665984 3951112 2136080 14485676 2097148 951596

1734618318
32665984 3743564 2136812 14548324 2097148 951596

1734618319
32665984 4718160 2137440 14606276 2097148 951596

1734618321
32665984 3606368 2137600 14706628 2097148 951596

1734618322
32665984 3141136 2138076 14824740 2097148 951596

1734618324
32665984 3463916 2139572 15069692 2097148 951596

1734618325
32665984 2683216 2140212 15124180 2097148 951596

1734618326
32665984 2267572 2140620 15184032 2097148 951596

1734618327
32665984 3289372 2142944 15255416 2097148 951596

1734618328
32665984 2965864 2143312 15319980 2097148 951596

1734618329
32665984 2814888 2143476 15380244 2097148 951596

1734618330
32665984 1476576 2124356 15282604 2097148 951596

1734618331
32665984 1050448 2122400 15208756 2097148 951596

1734618333
32665984 1840268 2084420 14455148 2097148 951596

1734618334
32665984 2308824 2085068 14469568 2097148 951852

1734618335
32665984 2366848 2085396 14563992 2097148 951852

1734618336
32665984 2505080 2085508 14661312 2097148 951852

1734618337
32665984 2213824 2085568 14714968 2097148 951852

1734618338
32665984 1066760 2076620 14636432 2097148 951852

1734618342
32665984 525936 1964932 12084832 2097148 951852

1734618343
32665984 5717208 1964964 12153512 2097148 951852

1734618344
32665984 3590612 1964992 12406884 2097148 951852

1734618346
32665984 3113684 1965012 12679160 2097148 951852

1734618347
32665984 2453320 1965056 12790704 2097148 951852

1734618348
32665984 3056184 1965096 12976532 2097148 951852

1734618349
32665984 3223928 1965096 13189688 2097148 951852

1734618350
32665984 3790464 1965108 13438620 2097148 951852

1734618351
32665984 3648452 1965132 13659560 2097148 951852

1734618352
32665984 3508224 1965136 13768900 2097148 951852

1734618353
32665984 3589248 1965148 13954888 2097148 951852

1734618354
32665984 4186140 1965200 14100480 2097148 951852

1734618355
32665984 2689452 1965208 14109184 2097148 951852

1734618356
32665984 3997556 1965216 14117808 2097148 951852

1734618357
32665984 4999548 1965244 14123660 2097148 951852

1734618359
32665984 4545540 1965264 14135124 2097148 951852

1734618360
32665984 5191552 1965264 14140000 2097148 951852

1734618361
32665984 4060076 1965268 14146900 2097148 951852

1734618362
32665984 2498740 1965384 14154672 2097148 951852

1734618363
32665984 3671068 1965420 14104740 2097148 951852

1734618365
32665984 4418668 1965436 14109888 2097148 951852

1734618366
32665984 4838028 1965456 14117964 2097148 951852

1734618367
32665984 5532340 1965460 14129936 2097148 951852

1734618368
32665984 5342048 1965480 14137584 2097148 951852

1734618369
32665984 4820560 1965520 14102388 2097148 955436

1734618370
32665984 4276408 1965536 14160244 2097148 955692

1734618371
32665984 3570792 1965536 14229960 2097148 955692

1734618372
32665984 4061928 1965536 14291456 2097148 955948

1734618373
32665984 3681028 1965620 14421932 2097148 955948

1734618374
32665984 2917000 1965624 14627044 2097148 955948

1734618375
32665984 2059064 1965664 14693252 2097148 956204

1734618376
32665984 3555536 1965672 14756060 2097148 956204

1734618377
32665984 2118580 1966112 14767932 2097148 956204

1734618378
32665984 2293864 1966132 14780636 2097148 956204

1734618379
32665984 2212212 1966132 14794912 2097148 956204

1734618380
32665984 2190716 1966132 14809720 2097148 956204

1734618381
32665984 2388260 1966132 14821104 2097148 956204

1734618382
32665984 3096876 1966132 14831476 2097148 956204

1734618383
32665984 3007884 1966140 14842248 2097148 956204

1734618384
32665984 1907712 1966140 14852828 2097148 956204

1734618385
32665984 2676812 1966144 14864156 2097148 956204

1734618386
32665984 2874344 1966144 14874764 2097148 956204

1734618387
32665984 2672296 1966144 14884676 2097148 956204

1734618388
32665984 2131208 1966152 14893056 2097148 956204

1734618389
32665984 2359456 1966152 14901532 2097148 956204

1734618390
32665984 1225664 1966228 14908372 2097148 956204

1734618391
32665984 3085028 1966228 14914604 2097148 956204

1734618392
32665984 3788548 1966228 14921656 2097148 956204

1734618393
32665984 3878300 1966248 14930568 2097148 956204

1734618394
32665984 3529636 1966248 14939056 2097148 956204

1734618395
32665984 2071072 1966776 14949264 2097148 956204

1734618396
32665984 2120036 1966776 14960048 2097148 956204

1734618397
32665984 2897140 1966776 14969060 2097148 956204

1734618398
32665984 3433836 1966788 14977448 2097148 956204

1734618399
32665984 3456136 1966800 14985084 2097148 956204

1734618400
32665984 3883548 1966812 14993828 2097148 956204

1734618401
32665984 2489196 1966812 15000928 2097148 956204

1734618402
32665984 1687440 1966812 15007504 2097148 956204

1734618403
32665984 2025860 1965996 14990024 2097148 956204

1734618404
32665984 1869044 1966000 14996552 2097148 956204

1734618405
32665984 2435040 1966028 15004120 2097148 956204

1734618406
32665984 1140964 1966028 15011724 2097148 956204

1734618407
32665984 1018472 1948560 14486524 2097148 956204

1734618408
32665984 894312 1920160 13626072 2097148 956204

1734618409
32665984 776548 1894140 12920600 2097148 956204

1734618410
32665984 3511540 1888812 12773608 2097148 956204

1734618411
32665984 3144604 1888812 12783240 2097148 956204

1734618412
32665984 2455384 1888812 12791864 2097148 956204

1734618413
32665984 4007552 1888820 12801144 2097148 956204

1734618414
32665984 3588272 1888820 12810184 2097148 956204

1734618415
32665984 4341968 1888820 12817928 2097148 956204

1734618416
32665984 3531472 1888820 12823780 2097148 956204

1734618417
32665984 4872480 1888820 12830368 2097148 956204

1734618418
32665984 6000924 1888828 12841068 2097148 956204

1734618419
32665984 5555332 1888828 12849536 2097148 956204

1734618420
32665984 4984276 1888828 12857264 2097148 956204

1734618421
32665984 5258092 1888828 12865064 2097148 956204

1734618422
32665984 5045716 1888828 12874168 2097148 956204

1734618423
32665984 5173204 1888836 12884808 2097148 956204

1734618424
32665984 4654856 1888836 12895224 2097148 956204

1734618425
32665984 4641012 1888836 12903564 2097148 956204

1734618426
32665984 5453464 1888836 12913976 2097148 956204

1734618427
32665984 5315524 1888836 12925028 2097148 956204

1734618428
32665984 4823008 1888844 12936260 2097148 956204

1734618429
32665984 6827860 1888844 12948116 2097148 956204

1734618430
32665984 6247072 1888848 12959828 2097148 956204

1734618431
32665984 5975720 1888872 12972108 2097148 956204

1734618432
32665984 4959448 1888872 12983392 2097148 956204

1734618433
32665984 4939080 1888872 12989372 2097148 956204

1734618434
32665984 4746192 1888876 12994844 2097148 956204

1734618435
32665984 4320908 1888876 12999724 2097148 956204

1734618436
32665984 4705272 1888888 13005044 2097148 956204

1734618437
32665984 6330080 1888888 13013728 2097148 956204

1734618438
32665984 5158628 1888888 13018868 2097148 956204

1734618439
32665984 5598556 1888888 13023608 2097148 956204

1734618440
32665984 6715572 1888904 13028844 2097148 956204

1734618441
32665984 7548096 1888928 13033932 2097148 956204

1734618442
32665984 8660160 1888928 13040092 2097148 956204

1734618443
32665984 7533780 1888928 13047716 2097148 956204

1734618444
32665984 7787456 1888928 13053564 2097148 956204

1734618445
32665984 7066032 1888928 13058668 2097148 956204

1734618446
32665984 7098712 1888936 13065728 2097148 956204

1734618447
32665984 7360456 1888936 13075900 2097148 956204

1734618448
32665984 6691512 1888936 13081400 2097148 956204

1734618449
32665984 6126892 1888936 13088072 2097148 956204

1734618450
32665984 6146852 1888936 13094496 2097148 956204

1734618451
32665984 6183624 1888944 13103260 2097148 956204

1734618452
32665984 7411360 1888944 13111876 2097148 956204

1734618453
32665984 7795100 1888944 13123496 2097148 956204

1734618454
32665984 7319192 1888944 13135768 2097148 956204

1734618455
32665984 7288444 1888944 13150216 2097148 956204

1734618456
32665984 7387388 1888952 13157688 2097148 956204

1734618457
32665984 6544984 1888960 13174940 2097148 956204

1734618458
32665984 6942104 1888968 13182716 2097148 956204

1734618459
32665984 6944456 1888968 13190640 2097148 956204

1734618460
32665984 8063084 1889040 13203992 2097148 956204

1734618461
32665984 9124164 1889076 11477704 2097148 956204

1734618462
32665984 9076756 1889076 11482692 2097148 956204

1734618463
32665984 9958528 1889092 11489724 2097148 956204

1734618464
32665984 10221736 1889092 11496312 2097148 956204

1734618465
32665984 10009960 1889092 11503924 2097148 956204

1734618466
32665984 8914408 1889096 11510152 2097148 956204

1734618467
32665984 8755068 1889096 11516724 2097148 956204

1734618468
32665984 8449876 1889108 11523108 2097148 956204

1734618469
32665984 8278492 1889108 11530540 2097148 956204

1734618470
32665984 8436236 1889108 11535044 2097148 956204

1734618471
32665984 7841172 1889108 11540204 2097148 956204

1734618472
32665984 7167596 1889108 11544432 2097148 956204

1734618473
32665984 8147560 1889124 11550288 2097148 956204

1734618474
32665984 7669504 1889128 11555384 2097148 956204

1734618475
32665984 6365492 1889128 11561624 2097148 956204

1734618477
32665984 7291088 1889128 11574192 2097148 956204

1734618478
32665984 7284688 1889140 11579576 2097148 956204

1734618479
32665984 6312104 1889140 11586208 2097148 956204

1734618480
32665984 8420736 1889144 11599536 2097148 956204

1734618481
32665984 9022960 1889148 11628736 2097148 956204

1734618482
32665984 9476748 1889148 11647096 2097148 956204

1734618483
32665984 7244524 1889160 11668964 2097148 956204

1734618484
32665984 5085752 1889160 11673464 2097148 956204

1734618485
32665984 4031364 1889160 11677284 2097148 956204

1734618486
32665984 3562536 1889160 11681280 2097148 956204

1734618487
32665984 4477356 1889160 11685840 2097148 956204

1734618488
32665984 2738608 1889168 11690612 2097148 956204

1734618489
32665984 1956304 1889168 11695324 2097148 956204

1734618490
32665984 1134472 1882380 11519580 2097148 956204

1734618491
32665984 3509344 1868384 11258340 2097148 956204

1734618492
32665984 5591460 1868384 11263972 2097148 956204

1734618493
32665984 5318888 1868392 11270772 2097148 956204

1734618494
32665984 3909092 1868392 11276444 2097148 956204

1734618495
32665984 4344968 1868392 11281276 2097148 956204

1734618496
32665984 4077536 1868392 11292280 2097148 956204

1734618497
32665984 3931648 1868392 11300424 2097148 956204

1734618498
32665984 4872772 1868396 11306308 2097148 956204

1734618499
32665984 5641388 1868396 11314524 2097148 956204

1734618500
32665984 5553360 1868396 11321780 2097148 956204

1734618501
32665984 4395972 1868396 11329860 2097148 956204

1734618502
32665984 3306364 1868396 11337960 2097148 956204

1734618503
32665984 3408448 1868408 11346228 2097148 956204

1734618504
32665984 3116448 1868408 11355440 2097148 956204

1734618505
32665984 3398560 1868408 11362984 2097148 956204

1734618506
32665984 4470172 1868408 11372612 2097148 956204

1734618507
32665984 2811664 1868408 11381708 2097148 956204

1734618509
32665984 1887508 1825844 10303272 2097148 956204

1734618510
32665984 6253432 1825844 10314524 2097148 956204

1734618511
32665984 4132920 1825844 10318164 2097148 956204

1734618512
32665984 4030264 1825856 10322836 2097148 956204

1734618513
32665984 2582828 1825856 10327520 2097148 956204

1734618514
32665984 2867140 1825856 10333156 2097148 956204

1734618515
32665984 4819868 1825856 10339648 2097148 956204

1734618516
32665984 4339420 1825856 10348380 2097148 956204

1734618517
32665984 4785180 1825864 10354436 2097148 956204

1734618518
32665984 6474544 1825880 10362908 2097148 956204

1734618519
32665984 7167948 1825880 10376336 2097148 956204

1734618520
32665984 6736076 1825880 10393284 2097148 956204

1734618521
32665984 6150544 1825880 10402884 2097148 956204

1734618522
32665984 4674956 1825880 10410124 2097148 956204

1734618523
32665984 5618648 1825888 10418320 2097148 956204

1734618524
32665984 4825296 1825888 10423944 2097148 956204

1734618525
32665984 6270300 1825888 10431432 2097148 956204

1734618526
32665984 6498204 1825888 10439164 2097148 956204

1734618527
32665984 5449920 1825888 10446908 2097148 956204

1734618528
32665984 5885108 1825896 10454248 2097148 956460

1734618529
32665984 5681644 1825896 10460076 2097148 956460

1734618530
32665984 6129936 1825896 10467648 2097148 956460

1734618531
32665984 8771660 1825896 10478072 2097148 956460

1734618532
32665984 8404952 1825896 10483440 2097148 956460

1734618533
32665984 8832348 1825904 10489072 2097148 956460

1734618534
32665984 8157016 1825904 10494164 2097148 956460

1734618535
32665984 6014208 1825908 10498664 2097148 956460

1734618536
32665984 5894056 1825908 10504084 2097148 956460

1734618537
32665984 5316880 1825908 10509804 2097148 956460

1734618538
32665984 4671528 1825920 10515592 2097148 956460

1734618539
32665984 6070760 1825920 10522996 2097148 956460

1734618540
32665984 6038528 1825920 10529096 2097148 956460

1734618541
32665984 6728480 1825924 10534640 2097148 956460

1734618542
32665984 6229812 1825924 10539260 2097148 956460

1734618543
32665984 5538972 1825936 10544356 2097148 956460

1734618544
32665984 6517400 1825936 10552896 2097148 956460

1734618545
32665984 6767852 1825936 10562952 2097148 956460

1734618546
32665984 5629768 1825936 10580876 2097148 956460

1734618547
32665984 6056208 1825936 10596624 2097148 956460

1734618548
32665984 5811844 1825944 10606228 2097148 956460

1734618549
32665984 7129048 1825948 10636588 2097148 956460

1734618550
32665984 7147244 1825948 10645624 2097148 956460

1734618551
32665984 7886964 1825948 10686888 2097148 956460

1734618552
32665984 8386504 1825952 10698096 2097148 956460

1734618553
32665984 8115984 1825964 10705784 2097148 956460

1734618554
32665984 9409972 1825976 10732744 2097148 956460

1734618555
32665984 8157728 1825980 10753044 2097148 956460

1734618556
32665984 6578328 1825980 10762460 2097148 956460

1734618557
32665984 5505728 1825980 10783508 2097148 956460

1734618558
32665984 3557828 1825988 10791932 2097148 956460

1734618559
32665984 3450312 1825988 10801872 2097148 956460

1734618560
32665984 3532280 1825988 10807564 2097148 956460

1734618561
32665984 4102412 1825988 10813388 2097148 956460

1734618562
32665984 3188244 1825988 10819344 2097148 956460

1734618563
32665984 2934836 1825992 10825976 2097148 956460

1734618564
32665984 3729604 1825992 10833800 2097148 956460

1734618565
32665984 4353048 1825992 10841612 2097148 956460

1734618566
32665984 2549120 1825992 10849672 2097148 956460

1734618567
32665984 1583280 1825992 10858960 2097148 956460

1734618568
32665984 1717196 1821376 10744500 2097148 956460

1734618569
32665984 2302732 1818844 10679632 2097148 956460

1734618570
32665984 2782896 1818844 10688028 2097148 956460

1734618571
32665984 3530460 1818844 10694680 2097148 956460

1734618572
32665984 2156368 1818844 10703604 2097148 956460

1734618573
32665984 2920840 1818852 10708072 2097148 956460

1734618574
32665984 1200512 1818864 10711248 2097148 956460

1734618575
32665984 1938132 1810036 10460208 2097148 956460

1734618576
32665984 3613688 1810036 10468072 2097148 956460

1734618577
32665984 3543440 1810036 10471792 2097148 956460

1734618578
32665984 2656444 1810044 10475724 2097148 956460

1734618579
32665984 2671936 1810044 10480768 2097148 956460

1734618580
32665984 3279996 1810044 10485356 2097148 956460

1734618581
32665984 2954520 1810044 10489124 2097148 956460

1734618582
32665984 2211868 1810044 10495044 2097148 956460

1734618583
32665984 1630748 1810052 10502184 2097148 956460

1734618584
32665984 2237204 1810052 10507156 2097148 956460

1734618585
32665984 5176828 1810052 10513664 2097148 956460

1734618586
32665984 6689432 1810056 10531372 2097148 956460

1734618587
32665984 6716992 1810060 10561064 2097148 956460

1734618588
32665984 6208992 1810072 10589156 2097148 956460

1734618589
32665984 4858012 1810092 10696836 2097148 956460

1734618590
32665984 6074600 1810092 10705280 2097148 956460

1734618591
32665984 5956512 1810092 10718000 2097148 956460

1734618592
32665984 5105196 1810092 10743356 2097148 956460

1734618593
32665984 4185492 1810100 10750540 2097148 956460

1734618594
32665984 6005952 1810100 10780640 2097148 956460

1734618595
32665984 7985768 1810100 10793004 2097148 956460

1734618596
32665984 7943660 1810100 10798488 2097148 956460

1734618597
32665984 7982272 1810104 10812336 2097148 956460

1734618598
32665984 7623332 1810112 10852064 2097148 956460

1734618599
32665984 6646820 1810112 10867736 2097148 956460

1734618600
32665984 6305812 1810112 10877000 2097148 956460

1734618601
32665984 5595320 1810116 10916152 2097148 956460

1734618602
32665984 6886988 1810120 10922848 2097148 956460

1734618603
32665984 6008684 1810132 10928540 2097148 956460

1734618604
32665984 6726724 1810132 10935384 2097148 956460

1734618605
32665984 7094668 1810132 10945940 2097148 956460

1734618606
32665984 7783632 1810136 10950368 2097148 956460

1734618607
32665984 8885236 1810136 10954696 2097148 956460

1734618608
32665984 7540036 1810144 10981400 2097148 956460

1734618609
32665984 6507172 1810144 11000588 2097148 956460

1734618610
32665984 7141404 1810144 11034896 2097148 956460

1734618611
32665984 6124636 1810144 11038844 2097148 956460

1734618612
32665984 5478636 1810144 11049404 2097148 956460

1734618613
32665984 6358912 1810152 11055860 2097148 956460

1734618614
32665984 5330436 1810152 11078688 2097148 956460

1734618615
32665984 4604448 1810152 11084724 2097148 956460

1734618616
32665984 4502084 1810152 11091384 2097148 956460

1734618617
32665984 5468736 1810152 11096508 2097148 956460

1734618618
32665984 6890504 1810160 11142764 2097148 956460

1734618619
32665984 6047596 1810160 11166608 2097148 956460

1734618620
32665984 7457356 1810160 11171856 2097148 956460

1734618621
32665984 7091908 1810160 11177664 2097148 956460

1734618622
32665984 6949924 1810160 11203596 2097148 956460

1734618623
32665984 7653668 1810176 11211008 2097148 956460

1734618624
32665984 6997772 1810176 11217708 2097148 956460

1734618625
32665984 6577932 1810176 11224640 2097148 956460

1734618626
32665984 6916904 1810176 11257360 2097148 956460

1734618627
32665984 6843144 1810176 11274636 2097148 956460

1734618628
32665984 6660156 1810188 11308860 2097148 956460

1734618629
32665984 6136308 1810188 11326256 2097148 956460

1734618630
32665984 5252272 1810188 11679492 2097148 956460

1734618631
32665984 7580536 1810188 12172992 2097148 956460

1734618632
32665984 9253844 1810188 12449728 2097148 956460

1734618633
32665984 10456124 1810204 12456464 2097148 956460

1734618634
32665984 10888320 1810204 12461064 2097148 956460

1734618635
32665984 10675176 1810204 12466060 2097148 956460

1734618636
32665984 10930380 1810204 12561512 2097148 956460

1734618637
32665984 11611456 1810204 12577228 2097148 956460

1734618638
32665984 11594828 1810216 12584500 2097148 956460

1734618639
32665984 11566856 1810224 12590584 2097148 956460

1734618640
32665984 11552744 1810224 12596644 2097148 956460

1734618641
32665984 11540908 1810224 12602556 2097148 956460

1734618642
32665984 12588912 1810228 12621512 2097148 956460

1734618643
32665984 12574552 1810236 12628068 2097148 956460

1734618644
32665984 12563504 1810236 12633808 2097148 956460

1734618645
32665984 12553928 1810236 12639028 2097148 956460

1734618646
32665984 12544616 1810236 12645504 2097148 956460

1734618647
32665984 12537308 1810236 12650744 2097148 956460

1734618648
32665984 12531008 1810244 12656744 2097148 956460

1734618649
32665984 12523532 1810252 12662448 2097148 956460

1734618650
32665984 12519024 1810252 12666004 2097148 956460

1734618651
32665984 12513732 1810252 12670304 2097148 956460

1734618652
32665984 12504424 1810252 12674424 2097148 956460

1734618653
32665984 12486540 1810264 12677460 2097148 959276

1734618654
32665984 12457744 1810264 12723436 2097148 959532

1734618655
32665984 12316632 1810264 12857880 2097148 960044

1734618656
32665984 12216852 1810264 12954064 2097148 960044

1734618657
32665984 12156372 1810264 13002812 2097148 960044

1734618658
32665984 12129408 1810268 13025544 2097148 960044

1734618659
32665984 12100204 1810268 13046052 2097148 960044

1734618660
32665984 12069964 1810268 13072100 2097148 965164

1734618661
32665984 12040732 1810268 13098112 2097148 965420

1734618662
32665984 11968408 1810268 13154352 2097148 965420

1734618663
32665984 11935648 1810272 13185740 2097148 965420

1734618664
32665984 11906932 1810288 13209332 2097148 965420

1734618665
32665984 11884308 1810420 13229628 2097148 965420

1734618666
32665984 11856600 1810420 13247336 2097148 965420

1734618667
32665984 11831904 1810420 13272128 2097148 965420

1734618668
32665984 11701620 1810432 13294196 2097148 965420

1734618669
32665984 11742108 1810468 13317240 2097148 967212

1734618670
32665984 11722792 1810472 13338852 2097148 967212

1734618671
32665984 11703640 1810472 13358656 2097148 967212

1734618672
32665984 11689276 1810472 13373608 2097148 967212

1734618673
32665984 11672392 1810472 13391068 2097148 967212

1734618674
32665984 11660800 1810480 13402344 2097148 967212

1734618675
32665984 11650216 1810484 13413384 2097148 967212

1734618676
32665984 11637868 1810484 13426184 2097148 967212

1734618677
32665984 11625784 1810484 13438320 2097148 967212

1734618678
32665984 11607908 1810484 13456232 2097148 967212

1734618679
32665984 11595560 1810492 13468716 2097148 967212

1734618680
32665984 11579684 1810492 13484944 2097148 967212

1734618681
32665984 11570108 1810492 13494784 2097148 967212

1734618682
32665984 11556008 1810492 13508548 2097148 967212

1734618683
32665984 11548448 1810492 13516100 2097148 967212

1734618684
32665984 11537108 1810500 13528296 2097148 967212

1734618685
32665984 11527280 1810500 13538320 2097148 967212

1734618686
32665984 11518712 1810500 13546544 2097148 967212

1734618687
32665984 11511408 1810500 13553780 2097148 967212

1734618688
32665984 11502336 1810500 13563316 2097148 967212

1734618689
32665984 11490996 1810508 13574444 2097148 967212

1734618690
32665984 11474364 1810508 13590904 2097148 967212

1734618691
32665984 11457984 1810508 13595516 2097148 967212

1734618692
32665984 11451936 1810508 13601120 2097148 967212

1734618693
32665984 11435560 1810508 13609868 2097148 967212

1734618694
32665984 11426752 1810516 13613224 2097148 967212

1734618695
32665984 11423728 1810516 13616460 2097148 967212

1734618696
32665984 11422468 1810516 13617756 2097148 967212

1734618697
32665984 11421964 1810516 13618528 2097148 967212

1734618698
32665984 11414920 1810516 13619684 2097148 967212

1734618699
32665984 11413912 1810524 13620484 2097148 967212

1734618700
32665984 11412656 1810524 13621656 2097148 967212

1734618701
32665984 11410900 1810524 13623632 2097148 967212

1734618702
32665984 11410144 1810524 13624664 2097148 967212

1734618703
32665984 11399572 1810524 13625260 2097148 967212

1734618704
32665984 11398816 1810532 13625900 2097148 967212

1734618705
32665984 11397808 1810532 13626880 2097148 967212

1734618706
32665984 11395036 1810532 13630004 2097148 967212

1734618707
32665984 11260804 1810532 13630536 2097148 967212

1734618708
32665984 11260888 1810532 13630668 2097148 967212

1734618709
32665984 11260400 1810540 13630732 2097148 967212

1734618710
32665984 11254352 1810540 13630776 2097148 967212

1734618711
32665984 11253848 1810540 13630800 2097148 967212

1734618712
32665984 11253848 1810540 13630820 2097148 967212

1734618713
32665984 11248220 1810540 13630844 2097148 967212

1734618714
32665984 11248220 1810544 13630872 2097148 967212

1734618715
32665984 11248220 1810548 13630928 2097148 967212

1734618716
32665984 11243936 1810548 13630972 2097148 967212

1734618717
32665984 11240156 1810548 13631032 2097148 967212

1734618718
32665984 11235620 1810548 13631116 2097148 967212

1734618719
32665984 11228564 1810548 13631144 2097148 967212

1734618720
32665984 11203112 1810556 13631196 2097148 967212

1734618721
32665984 11191028 1810556 13631232 2097148 967212

1734618722
32665984 11189516 1810556 13631456 2097148 967212

1734618723
32665984 11189264 1810556 13631516 2097148 967212

1734618724
32665984 11181200 1810556 13631540 2097148 967212

1734618725
32665984 11176172 1810564 13631596 2097148 967212

1734618726
32665984 11170880 1810564 13631664 2097148 967212

1734618727
32665984 11162316 1810564 13631740 2097148 967212

1734618728
32665984 11162316 1810564 13631796 2097148 967212

1734618729
32665984 11207960 1810836 13645192 2097148 973356

1734618730
32665984 11206472 1810844 13645208 2097148 973356

1734618731
32665984 11206472 1810844 13645200 2097148 973356

1734618732
32665984 11197400 1810844 13645332 2097148 973356

1734618733
32665984 11197400 1810844 13645336 2097148 973356

1734618734
32665984 11197400 1810844 13645336 2097148 973356

1734618735
32665984 11193116 1810852 13645332 2097148 973356

1734618736
32665984 11190596 1810852 13645344 2097148 973356

1734618737
32665984 11173472 1810852 13645344 2097148 973356

1734618738
32665984 11173472 1810852 13645348 2097148 973356

1734618739
32665984 11173472 1810852 13645352 2097148 973356

1734618740
32665984 11162132 1810852 13645360 2097148 973356

1734618741
32665984 11158352 1810876 13647184 2097148 973356

1734618742
32665984 11153844 1810876 13647820 2097148 973356

1734618743
32665984 11149308 1810876 13647828 2097148 973356

1734618744
32665984 11143008 1810876 13647832 2097148 973356

1734618745
32665984 11134440 1810876 13647836 2097148 973356

1734618746
32665984 11124864 1810880 13647836 2097148 973356

1734618747
32665984 11124612 1810884 13647840 2097148 973356

1734618748
32665984 11121084 1810884 13647844 2097148 973356

1734618749
32665984 11118816 1810884 13647848 2097148 973356

1734618750
32665984 11111760 1810884 13647848 2097148 973356

1734618751
32665984 11111512 1810884 13647852 2097148 973356

1734618752
32665984 11107228 1810892 13647856 2097148 973356

1734618753
32665984 11098884 1810892 13647860 2097148 973356

1734618754
32665984 11094636 1810892 13647860 2097148 973356

1734618755
32665984 11094636 1810892 13647864 2097148 973356

1734618756
32665984 11089848 1810892 13647868 2097148 973356

1734618757
32665984 11235480 1810900 13647952 2097148 973356

1734618758
32665984 11116224 1810900 13647952 2097148 973356

1734618759
32665984 11076660 1810900 13647956 2097148 973356

1734618760
32665984 11076408 1810900 13647960 2097148 973356

1734618761
32665984 11068092 1811020 13709108 2097148 973356

1734618762
32665984 10798704 1811028 13978204 2097148 973356

1734618763
32665984 10707480 1811036 14069768 2097148 973356

1734618764
32665984 10706136 1811048 14069812 2097148 973356

1734618765
32665984 12825324 1811080 14075444 2097148 975404

1734618767
32665984 12981684 1811332 14078424 2097148 978476

