1734617697
0.32675709001233044 0.08179202630497329 0.0

1734617698
0.21884241656104775 0.08449514152936206 0.0038022813688212928

1734617699
0.16965012205044752 0.07729861676159479 0.0

1734617700
0.2132940681531342 0.11527135044173328 0.0

1734617701
0.5604260548955347 0.1638672675133142 0.007374027038099139

1734617702
0.4865206402695872 0.17565290648694187 0.018534119629317607

1734617703
0.3365066225165563 0.12334437086092716 0.004966887417218543

1734617704
0.2988745310546061 0.10754481033764068 0.0016673614005835765

1734617705
0.3608768971332209 0.12563237774030353 0.0

1734617706
0.34086156419907987 0.12086992890004182 0.013383521539104977

1734617707
0.30878763222131816 0.10048820179007323 0.004475183075671277

1734617708
0.2856560717196414 0.07579462102689487 0.034229828850855744

1734617709
0.3104013104013104 0.12285012285012285 0.0020475020475020475

1734617710
0.6630927835051547 0.08206185567010309 0.0

1734617711
0.8945165341146923 0.10046044370029301 0.0012557555462536626

1734617712
0.9112033195020747 0.07717842323651453 0.0008298755186721991

1734617713
0.4785976355483082 0.11618426416632695 0.0

1734617714
0.28673986486486486 0.06672297297297297 0.0

1734617715
0.45473000406008934 0.09947218838814453 0.0

1734617716
0.6323468111713214 0.08837015423092956 0.0

1734617717
0.20152413209144793 0.05334462320067739 0.0

1734617718
0.29254223320972395 0.09517923362175525 0.0

1734617719
0.47100840336134453 0.10336134453781512 0.0

1734617720
0.4554913294797688 0.0651252408477842 0.0015414258188824663

1734617721
0.132569558101473 0.023731587561374796 0.0

1734617722
0.13645876935956466 0.03641691084135622 0.0

1734617723
0.30407523510971785 0.08189655172413793 0.0

1734617724
0.2009189640768588 0.04093567251461988 0.002506265664160401

1734617725
0.13712374581939799 0.03971571906354515 0.0004180602006688963

1734617726
0.1165129924559933 0.05113160100586756 0.0

1734617727
0.1469608659450458 0.05453788509575354 0.0

1734617728
0.12489522212908634 0.04610226320201174 0.039396479463537304

1734617729
0.18016877637130801 0.06329113924050633 0.0

1734617730
0.11175979983319433 0.03628023352793995 0.0004170141784820684

1734617731
0.146218487394958 0.031932773109243695 0.0

1734617732
0.12468931234465618 0.0343827671913836 0.0

1734617733
0.09109991603694374 0.03610411418975651 0.0008396305625524769

1734617734
0.10970996216897856 0.05842791088692728 0.005044136191677175

1734617735
0.15177065767284992 0.050590219224283306 0.0

1734617736
0.12379757423672104 0.044751150146382264 0.0

1734617737
0.12728785357737105 0.040349417637271213 0.01622296173044925

1734617738
0.10433319310054691 0.02860748843079512 0.04669751787968027

1734617739
0.08434237995824635 0.01753653444676409 0.043006263048016705

1734617740
0.1170079398244881 0.012954450480568324 0.0

1734617741
0.16743600503566933 0.028955098615190935 0.000419639110365086

1734617742
0.20325542570951585 0.035058430717863104 0.024207011686143573

1734617743
0.240989103101425 0.09136630343671416 0.0

1734617744
0.20350291909924936 0.10216847372810675 0.02418682235195997

1734617745
0.10268231349538977 0.06244761106454317 0.17183570829840739

1734617746
0.38751571009635527 0.09928780896522832 0.0724759111855886

1734617747
0.1350104821802935 0.026834381551362682 0.19874213836477989

1734617748
0.3173198482932996 0.1972187104930468 0.036241045090602615

1734617749
0.6175851914177535 0.19267984854859066 0.002103491796381994

1734617750
0.42591810890671167 0.16251582946390883 0.00042211903756859433

1734617751
0.3848396501457726 0.17659308621407746 0.0

1734617752
0.4702181208053691 0.1912751677852349 0.00041946308724832214

1734617753
0.3391047297297297 0.16511824324324326 0.0

1734617754
0.35333613092740246 0.1859001258917331 0.0

1734617755
0.4117647058823529 0.1899159663865546 0.0

1734617756
0.43236409608091025 0.17361989043404974 0.0

1734617757
0.8313253012048193 0.16161196510178646 0.0

1734617758
0.8335419274092616 0.14601585314977056 0.0

1734617759
0.6453512831299958 0.15649978965082037 0.05174589819099706

1734617760
0.3183912861332216 0.07205697528278174 0.17553414327607875

1734617761
0.199163179916318 0.04184100418410042 0.28535564853556483

1734617762
0.28223435531289376 0.11717765644687106 0.1390172196556069

1734617763
0.2754237288135593 0.18983050847457628 0.03347457627118644

1734617764
0.7609958506224066 0.12365145228215768 0.0004149377593360996

1734617765
0.9006263048016702 0.09728601252609603 0.0

1734617766
0.8686952897040433 0.1288036681950813 0.00041684035014589413

1734617767
0.8753635230577482 0.12380556709597008 0.0

1734617768
0.8990364474235442 0.0980310012568077 0.0

1734617769
0.8603002502085071 0.13636363636363635 0.0

1734617770
0.6432477913336138 0.23559108119478334 0.004627681952040387

1734617771
0.638199411022297 0.2456878418174169 0.015565839293226757

1734617772
0.7680369127516778 0.19001677852348994 0.0

1734617773
0.6557100716392752 0.25663716814159293 0.0

1734617774
0.691046658259773 0.24884405212274066 0.0

1734617775
0.6986128625472888 0.2509457755359395 0.0

1734617776
0.7054133445237096 0.2610155266470835 0.001258917331095258

1734617777
0.7715481171548118 0.2125523012552301 0.0

1734617778
0.6921130324757486 0.24377899620413326 0.0

1734617779
0.6602671118530885 0.28505843071786313 0.002086811352253756

1734617780
0.7548117154811715 0.21841004184100418 0.00041841004184100416

1734617781
0.6496196111580727 0.26162299239222314 0.0

1734617782
0.5687103594080338 0.2904862579281184 0.004228329809725159

1734617783
0.46147403685092125 0.25879396984924624 0.09463986599664992

1734617784
0.6521920668058455 0.2697286012526096 0.01127348643006263

1734617785
0.6593591905564924 0.2828836424957841 0.0

1734617786
0.6832220367278798 0.2900667779632721 0.0

1734617787
0.6361333896158716 0.281975517095821 0.0

1734617788
0.7892095357590966 0.19489753241321622 0.0

1734617789
0.6466863655550865 0.23638666103841283 0.0

1734617790
0.5663716814159292 0.23640960809102401 0.0

1734617791
0.46999154691462386 0.2624683009298394 0.0033812341504649195

1734617792
0.50169779286927 0.2529711375212224 0.0050933786078098476

1734617793
0.559648388447049 0.3055671829217246 0.015487651737128506

1734617794
0.8290564547966838 0.15199368337939204 0.00039478878799842083

1734617795
0.7277183600713012 0.25 0.0017825311942959

1734617796
0.6482180293501049 0.30356394129979036 0.0020964360587002098

1734617797
0.649748322147651 0.27936241610738255 0.012164429530201342

1734617798
0.49643306756189676 0.20226605119597146 0.09693663449433487

1734617799
0.3619047619047619 0.12922502334267041 0.12156862745098039

1734617801
0.0 0.0 0.0

1734617802
0.8248652809853734 0.14780600461893764 0.013856812933025405

1734617803
0.8633416458852868 0.1341645885286783 0.0007481296758104738

1734617804
0.8584474885844748 0.1398920713989207 0.00041511000415110004

1734617805
0.7035175879396985 0.19556113902847572 0.03685092127303183

1734617806
0.6599241466498104 0.269700800674252 0.025705857564264644

1734617807
0.8379052369077307 0.15793848711554448 0.0029093931837073984

1734617808
0.8569037656903765 0.14225941422594143 0.00041841004184100416

1734617809
0.8794829024186822 0.11843202668890743 0.0008340283569641367

1734617810
0.8603002502085071 0.13761467889908258 0.0012510425354462051

1734617811
0.8828678616090038 0.11004585243851604 0.0020842017507294707

1734617812
0.8269954032595069 0.12118679481821981 0.03928123694107814

1734617814
0.6180185237159697 0.0701655907942745 0.2596126859388156

1734617816
0.4263270649845275 0.11068793144489407 0.22589859557248274

1734617817
0.20298026580749093 0.07007652033830045 0.3809907370116794

1734617818
0.07515708071532141 0.017158047365877234 0.4001933301111648

1734617820
0.26293446537543114 0.061820111435394 0.3361634385778721

1734617821
0.1086017934241116 0.033543673198273 0.4407173696446363

1734617823
0.061249241964827165 0.01293713361633313 0.4734182332726905

1734617824
0.6777270841974284 0.3015346329323932 0.00829531314807134

1734617825
0.34675710046629926 0.3052140737600678 0.16701992369648155

1734617826
0.13389830508474576 0.03516949152542373 0.36398305084745763

1734617827
0.05972045743329098 0.023718763235916984 0.43032613299449385

1734617828
0.3820270824784571 0.16947066064833813 0.1555190808370948

1734617830
0.10041682455475559 0.034482758620689655 0.34103827207275483

1734617831
0.017111567419575632 0.009582477754962354 0.2078485055897787

1734617832
0.3853367433930094 0.20630861040068202 0.11807331628303495

1734617833
0.1069023569023569 0.02356902356902357 0.34553872053872053

1734617834
0.08561788274989456 0.030788696752425137 0.3247574862927035

1734617835
0.10151642796967145 0.04254422914911542 0.2801179443976411

1734617836
0.023554301833568405 0.008039492242595205 0.5616361071932299

1734617838
0.0 0.0 0.5

1734617839
0.21299342105263158 0.09868421052631579 0.26274671052631576

1734617840
0.12579147319544112 0.06627268889826932 0.1553398058252427

1734617843
0.23305626598465473 0.09734654731457801 0.17263427109974425

1734617844
0.595903165735568 0.21042830540037244 0.06424581005586592

1734617845
0.3495803744351194 0.12201420271142673 0.24757908327953518

1734617846
0.28413284132841327 0.11521115211152111 0.21894218942189422

1734617847
0.10377358490566038 0.02480782669461915 0.36827393431167016

1734617848
0.15776796467282217 0.08189482135688479 0.281413087113609

1734617849
0.04286339116489284 0.024784954074938036 0.266802740924333

1734617851
0.0 0.0 0.0

1734617852
0.584870848708487 0.2022140221402214 0.08523985239852398

1734617853
0.8336120401337793 0.09197324414715718 0.03804347826086957

1734617854
0.3400129282482224 0.037168713639301874 0.33581124757595343

1734617855
0.35782881002087685 0.10062630480167015 0.25762004175365344

1734617857
0.059293429342934294 0.019576957695769576 0.16606660666066606

1734617859
0.5555555555555556 0.4444444444444444 0.0

1734617860
0.22793810121288163 0.08490171476369719 0.09117524048515266

1734617861
0.09208874005860193 0.023022185014650483 0.3591460862285475

1734617864
0.0411595131326073 0.006245996156310058 0.45451633568225497

1734617865
0.09017713365539452 0.04106280193236715 0.2926731078904992

1734617866
0.20151033386327505 0.09141494435612083 0.246422893481717

1734617867
0.29562643867148963 0.11871095034528116 0.22393949358763565

1734617868
0.681136543014996 0.22375690607734808 0.02999210734017364

1734617870
0.40759782919165954 0.10225649814338761 0.15309911453870323

1734617871
0.7515869657215404 0.20186203977994074 0.02073635209479475

1734617872
0.7165908150599917 0.20728175424079437 0.028961522548613984

1734617875
0.12576276231582081 0.008036910254502158 0.12576276231582081

1734617876
0.528174936921783 0.16820857863751051 0.11101766190075694

1734617879
0.03541222581310596 0.00955786288936258 0.5368218386852781

1734617882
0.09900990099009901 0.03217821782178218 0.4801980198019802

1734617883
0.5606435643564357 0.21905940594059406 0.07797029702970297

1734617884
0.5301957517700958 0.08829654310703873 0.1657642648896293

1734617885
0.15758058097890967 0.013131715081575806 0.37922801432550735

1734617887
0.08607160372731731 0.01888180480627759 0.4041196665031878

1734617888
0.15517241379310345 0.036535303776683084 0.2799671592775041

1734617889
0.06215213358070501 0.016079158936301793 0.23191094619666047

1734617890
0.4673684210526316 0.12126315789473684 0.25473684210526315

1734617891
0.24655244463017134 0.0931884663602173 0.24488090263267864

1734617892
0.0744902205576363 0.01581356637536413 0.28922180607573866

1734617893
0.23353293413173654 0.08126603934987169 0.2600513259195894

1734617894
0.44208333333333333 0.165 0.16208333333333333

1734617895
0.25961538461538464 0.16346153846153846 0.10033444816053512

1734617896
0.2679324894514768 0.0759493670886076 0.14472573839662448

1734617897
0.669601677148847 0.19035639412997904 0.04947589098532495

1734617898
0.6928213689482471 0.083889816360601 0.12604340567612687

1734617899
0.5955008488964346 0.25509337860780984 0.02928692699490662

1734617902
0.18415094339622642 0.02218867924528302 0.5968301886792453

1734617903
0.8682464454976303 0.12701421800947868 0.0018957345971563982

1734617904
0.7769423558897243 0.10442773600668337 0.06975772765246449

1734617905
0.1474288840262582 0.03801969365426696 0.5117614879649891

1734617906
0.38271604938271603 0.19753086419753085 0.08818342151675485

1734617907
0.2105704697986577 0.10192953020134228 0.2218959731543624

1734617908
0.35957894736842105 0.10652631578947368 0.15242105263157896

1734617909
0.2810924369747899 0.11092436974789915 0.20672268907563024

1734617910
0.26694386694386696 0.0760914760914761 0.3575883575883576

1734617912
0.09248191255111671 0.01730103806228374 0.5347593582887701

1734617913
0.09563409563409564 0.016632016632016633 0.3624393624393624

1734617914
0.6289391921881935 0.20994229915667997 0.0887705281846427

1734617915
0.6615323854660348 0.11848341232227488 0.10426540284360189

1734617916
0.40092359361880775 0.06801007556675064 0.18849706129303107

1734617917
0.19031719532554256 0.006260434056761269 0.33180300500834725

1734617918
0.03607620591811917 0.012160518848804215 0.37900283745439806

1734617920
0.20792682926829267 0.04878048780487805 0.19329268292682927

1734617921
0.17689345314505778 0.04955070603337612 0.2903722721437741

1734617922
0.511073965733389 0.1700793982448809 0.2762223150856665

1734617923
0.4987510407993339 0.09908409658617819 0.34096586178184846

1734617924
0.849624060150376 0.13784461152882205 0.003341687552213868

1734617925
0.8370154230929554 0.15839933305543977 0.0016673614005835765

1734617926
0.8459290187891441 0.14906054279749478 0.0008350730688935282

1734617927
0.8788638262322472 0.11027568922305764 0.004177109440267335

1734617928
0.8383711167086482 0.11167086481947942 0.021410579345088162

1734617929
0.8415551839464883 0.14381270903010032 0.005434782608695652

1734617930
0.8609492089925063 0.13821815154038303 0.0

1734617931
0.7777777777777778 0.12794612794612795 0.02861952861952862

1734617932
0.6317553414327608 0.11311269375785504 0.14537075827398407

1734617933
0.42393594605983986 0.07248209018120523 0.2203961230509903

1734617934
0.4228187919463087 0.13003355704697986 0.1782718120805369

1734617935
0.5749685006299874 0.1608567828643427 0.21293574128517428

1734617936
0.7991649269311065 0.1803757828810021 0.006263048016701462

1734617938
0.5574657752308182 0.10633556192295447 0.2145813435211716

1734617939
0.7281879194630873 0.2550335570469799 0.0008389261744966443

1734617940
0.7918231122236129 0.20275344180225283 0.00041718815185648727

1734617941
0.7303511705685619 0.2591973244147157 0.0

1734617942
0.7396400167434073 0.24654667224780244 0.0

1734617943
0.7717755443886097 0.2185929648241206 0.0

1734617944
0.7815333882934872 0.21187139323990106 0.00041220115416323167

1734617945
0.7675199328577423 0.2253462022660512 0.0

1734617946
0.768909318846636 0.22106142916840785 0.0004178854993731718

1734617947
0.8139145012573344 0.17644593461860855 0.0

1734617948
0.7495826377295493 0.2370617696160267 0.0

1734617949
0.7530398322851153 0.21090146750524108 0.011740041928721174

1734617950
0.8179907524169819 0.1471206389239176 0.020596889449348465

1734617951
0.7864605098203092 0.192227329711659 0.0071040534893439195

1734617952
0.7859840537138061 0.1863197650020982 0.016365925304238357

1734617953
0.8134171907756813 0.16981132075471697 0.0033542976939203353

1734617954
0.833821682712432 0.15027208036835496 0.0

1734617955
0.822668339606859 0.16938519447929737 0.0

1734617956
0.848180677540778 0.1413634462567963 0.0

1734617957
0.8285834031852473 0.1601005867560771 0.00041911148365465214

1734617958
0.8010865022983702 0.150856665273715 0.007521938988717091

1734617959
0.44585663446873414 0.09227249618708694 0.38357905439755974

1734617961
0.8555206571635661 0.11597004107272288 0.013288233872916163

1734617963
0.1980050933786078 0.029499151103565366 0.09168081494057725

1734617964
0.7510584250635055 0.19813717188823032 0.026248941574936496

1734617965
0.7785234899328859 0.17323825503355705 0.03104026845637584

1734617966
0.807098121085595 0.18580375782881003 0.0016701461377870565

1734617967
0.7725752508361204 0.21739130434782608 0.001254180602006689

1734617968
0.16151705959876994 0.05798799238541514 0.08039244398887099

1734617970
0.0 0.0 0.0

1734617971
0.5260814249363868 0.10082697201017812 0.3349236641221374

1734617972
0.335292084341514 0.06636709298306256 0.3052194953335638

1734617973
0.4877637130801688 0.2139240506329114 0.1388185654008439

1734617976
0.07997086671522215 0.03058994901675164 0.6814275309541151

1734617980
0.03498056635202665 0.009550249861188229 0.14425319267073847

1734617981
0.2629147417051659 0.17975640487190256 0.14909701805963882

1734617982
0.06417785234899329 0.041107382550335574 0.37961409395973156

1734617983
0.07544810337640684 0.026677782409337224 0.2963734889537307

1734617988
0.0274032187907786 0.015571987820791649 0.4083514571552849

1734617989
0.4509884678747941 0.1569192751235585 0.15650741350906094

1734617990
0.5488721804511278 0.05889724310776942 0.1620718462823726

1734617991
0.5180217937971501 0.1697401508801341 0.2527242246437552

1734617992
0.19094184251158003 0.05249613998970664 0.6654657745753989

1734617994
0.7255558939993908 0.06883947608894304 0.17605848309473043

1734617995
0.8648310387984981 0.08760951188986232 0.015853149770546516

1734617996
0.8793464599916213 0.11436950146627566 0.0025136154168412233

1734617997
0.7579166666666667 0.10708333333333334 0.11541666666666667

1734617998
0.8916215089620675 0.10421008753647353 0.0016673614005835765

1734617999
0.9070446019174656 0.09087119633180492 0.00041684035014589413

1734618000
0.8837792642140468 0.10744147157190635 0.005016722408026756

1734618002
0.5783655744176865 0.05428345834978287 0.2536517962889854

1734618003
0.8996458087367178 0.09759937032664305 0.0011806375442739079

1734618004
0.9032392026578073 0.09551495016611296 0.0008305647840531562

1734618005
0.894142259414226 0.10251046025104603 0.0020920502092050207

1734618006
0.8966376089663761 0.1012868410128684 0.0016604400166044002

1734618007
0.9011311269375786 0.09551738583996648 0.0025136154168412233

1734618008
0.8969243557772236 0.09808811305070657 0.0033250207813798837

1734618009
0.9031719532554258 0.09432387312186978 0.0012520868113522537

1734618010
0.6250523669878508 0.1009635525764558 0.20988688730624214

1734618011
0.87745713090757 0.08531994981179424 0.01589293182768716

1734618012
0.8157010915197314 0.1297229219143577 0.01595298068849706

1734618013
0.5729820158929319 0.0945211208699289 0.1794228356336261

1734618014
0.3313782991202346 0.057813154587348134 0.3129451193967323

1734618015
0.21818940342094284 0.04505632040050062 0.3537755527743012

1734618016
0.02384937238493724 0.022594142259414227 0.5322175732217573

1734618019
0.025 0.007575757575757576 0.4337878787878788

1734618020
0.5784436121514773 0.21681231793591343 0.05035372451102788

1734618021
0.8769742310889443 0.11886949293433084 0.0

1734618022
0.861029719547928 0.13604018417748012 0.0004185851820845542

1734618023
0.8814968814968815 0.11392931392931394 0.0

1734618024
0.887956357532522 0.10910616869492237 0.0

1734618025
0.8601836393989983 0.13689482470784642 0.0

1734618026
0.9124117891241179 0.08551266085512661 0.0

1734618027
0.774748322147651 0.2105704697986577 0.00041946308724832214

1734618028
0.6545226130653267 0.3015075376884422 0.0004187604690117253

1734618029
0.8402835696413679 0.1555462885738115 0.0

1734618030
0.8452481076534903 0.14970563498738435 0.0

1734618031
0.639751552795031 0.20248447204968945 0.0

1734618032
0.5994176372712147 0.17512479201331116 0.0024958402662229617

1734618033
0.3741097612065354 0.1864264767490574 0.00041893590280687055

1734618034
0.747165056698866 0.1755564888702226 0.012179756404871903

1734618035
0.4461985874532613 0.16244287494806814 0.0

1734618036
0.3678691275167785 0.13716442953020133 0.007969798657718121

1734618037
0.08354114713216958 0.021612635078969242 0.3557772236076476

1734618038
0.06840117498950903 0.007973143096936634 0.4494334872010071

1734618041
0.11596027416421877 0.024758707511540076 0.39921667366065183

1734618042
0.4711682103376158 0.11054675829100687 0.19958171496862862

1734618043
0.8486219662690251 0.14644179350061703 0.0008227067050596463

1734618044
0.8661122661122661 0.11268191268191269 0.011642411642411643

1734618045
0.8181059657905716 0.16854401335002087 0.0025031289111389237

1734618046
0.2492929292929293 0.050101010101010104 0.17212121212121212

1734618047
0.4016806722689076 0.10756302521008404 0.17647058823529413

1734618048
0.3696020321761219 0.10330228619813717 0.2286198137171888

1734618049
0.391232423490488 0.13647642679900746 0.14267990074441686

1734618050
0.45427852348993286 0.4886744966442953 0.012164429530201342

1734618056
0.08939580764488286 0.08254555418550487 0.7882586655706261

1734618057
0.44578815679733114 0.4153461217681401 0.0750625521267723

1734618059
0.20646268229911352 0.26022304832713755 0.47269087789533887

1734618060
0.48542458808618505 0.42501056189269115 0.036755386565272496

1734618061
0.41298057048367093 0.5378255477470029 0.021909880115750312

1734618063
0.017161925949467662 0.017956459558239313 0.6400762752264421

1734618064
0.2843302443133951 0.38331929233361417 0.2788542544229149

1734618065
0.4713804713804714 0.40446127946127947 0.06186868686868687

1734618066
0.21928721174004193 0.13878406708595387 0.5475890985324947

1734618067
0.6884970612930311 0.2678421494542401 0.031486146095717885

1734618068
0.6333892617449665 0.1967281879194631 0.12374161073825503

1734618069
0.598059890341628 0.1164065795023197 0.12526360185575705

1734618072
0.01456800807731141 0.008510024520409635 0.6334919948074427

1734618073
0.30824524312896406 0.1788583509513742 0.20634249471458774

1734618077
0.011470281543274244 0.006126173096976017 0.6458550573514077

1734618078
0.14901477832512317 0.11945812807881774 0.29802955665024633

1734618079
0.02282865389661506 0.026502230385725533 0.5114143269483076

1734618081
0.0036708473539308656 0.008871214438666258 0.8403181401040073

1734618082
0.23361344537815126 0.18529411764705883 0.18277310924369747

1734618084
0.05431021513464721 0.023318790431773734 0.34647209267338647

1734618085
0.16653225806451613 0.0875 0.31814516129032255

1734618087
0.05102551275637819 0.04852426213106553 0.7031015507753877

1734618088
0.16600529100529102 0.06481481481481481 0.5171957671957672

1734618089
0.17940335104209235 0.08173273395995095 0.275030649775235

1734618090
0.23363338788870705 0.1444353518821604 0.18003273322422259

1734618092
0.03773584905660377 0.027000650618087183 0.6509433962264151

1734618093
0.025974025974025976 0.0056022408963585435 0.7891520244461421

1734618096
0.031176061238691717 0.010160055671537925 0.4044537230340988

1734618097
0.2277799153520585 0.09811465948441708 0.1893035782993459

1734618099
0.196964586846543 0.10050590219224283 0.21989881956155144

1734618100
0.04342921601804851 0.012972363226170333 0.44585448392554994

1734618102
0.14415405777166437 0.03466299862448418 0.3075653370013755

1734618103
0.07027442934085663 0.01846627340343678 0.2333931777378815

1734618104
0.5986890021849963 0.2629278951201748 0.023670793882010197

1734618105
0.5739669421487603 0.15041322314049588 0.14297520661157026

1734618107
0.14925748804429903 0.03825824314120312 0.4012081550465643

1734618108
0.38653465346534654 0.1714851485148515 0.16871287128712872

1734618109
0.6348217376254759 0.14607130494980963 0.06992038767739703

1734618111
0.16923076923076924 0.02225859247135843 0.2978723404255319

1734618113
0.030095475300954754 0.007056870070568701 0.3410128684101287

1734618114
0.16553378648540584 0.07836865253898441 0.1323470611755298

1734618115
0.06691760769552489 0.020493517356754497 0.18987871183605187

1734618116
0.06209150326797386 0.014854426619132501 0.2608437314319667

1734618117
0.08888888888888889 0.02867383512544803 0.18351254480286738

1734618118
0.13645876935956466 0.024277940560904144 0.1992465466722478

1734618119
0.060656418778562524 0.008309098462816784 0.26838388034898214

1734618120
0.08661087866108787 0.0200836820083682 0.2192468619246862

1734618121
0.24227234753550542 0.0935672514619883 0.2656641604010025

1734618122
0.6495405179615706 0.13533834586466165 0.158312447786132

1734618123
0.716374269005848 0.11445279866332497 0.11570593149540517

1734618124
0.19001182033096928 0.027777777777777776 0.3953900709219858

1734618126
0.7838995147016843 0.1592920353982301 0.03996574364830146

1734618128
0.4394891944990177 0.053241650294695485 0.287426326129666

1734618129
0.17894298793175198 0.023304203079483977 0.24469413233458176

1734618130
0.20337035618536958 0.024511681348142474 0.3044810417464573

1734618131
0.1351419241396634 0.01456920371765888 0.34463702587289624

1734618133
0.7393205516313488 0.13218970736629668 0.02657248570467541

1734618134
0.7569473247615097 0.17669017005391954 0.05309000414765657

1734618135
0.36656891495601174 0.05362379555927943 0.5295349811478843

1734618136
0.4128978224455611 0.05988274706867672 0.47738693467336685

1734618137
0.4588100686498856 0.06331045003813883 0.41685736079328756

1734618138
0.8138016785825303 0.08082064034815045 0.08734846129934722

1734618140
0.9090179288199091 0.08777093925608777 0.0002675943270002676

1734618141
0.9179508538109121 0.08163265306122448 0.0

1734618142
0.9032392026578073 0.09634551495016612 0.0

1734618143
0.9246861924686193 0.07322175732217573 0.0

1734618144
0.9137140475197999 0.08420175072947061 0.00041684035014589413

1734618145
0.9037098791162984 0.09295539808253439 0.0

1734618146
0.9065108514190318 0.09223706176961603 0.0

1734618147
0.9233333333333333 0.07541666666666667 0.0004166666666666667

1734618148
0.921217173822426 0.0783659858274281 0.0

1734618149
0.9321116201582674 0.06705539358600583 0.0

1734618150
0.7182159233013756 0.0917048770320967 0.18716131721550647

1734618151
0.34365843449141903 0.041858518208455424 0.5881121808287987

1734618152
0.9120100083402836 0.08632193494578816 0.0012510425354462051

1734618153
0.9107589658048374 0.08798999165971642 0.0004170141784820684

1734618154
0.9133333333333333 0.08541666666666667 0.0004166666666666667

1734618155
0.9075385256143274 0.09246147438567263 0.0

1734618156
0.9374739474781159 0.062109212171738225 0.0

1734618157
0.922564529558701 0.07743547044129892 0.0

1734618158
0.9111389236545682 0.08635794743429287 0.00041718815185648727

1734618159
0.9261410788381743 0.07344398340248963 0.0

1734618160
0.9004166666666666 0.09916666666666667 0.0

1734618161
0.9241666666666667 0.07583333333333334 0.0

1734618162
0.9337775926697209 0.06622240733027905 0.0

1734618163
0.9325 0.0675 0.0

1734618164
0.9368334700574241 0.06316652994257588 0.0

1734618166
0.9307013859722806 0.06929861402771945 0.0

1734618167
0.9211843202668891 0.07839866555462886 0.0

1734618168
0.9275301957517701 0.07205331112036652 0.0

1734618169
0.9255230125523013 0.07447698744769875 0.0

1734618170
0.9281859692818597 0.07181403071814031 0.0

1734618171
0.945277665180381 0.05472233481961897 0.0

1734618173
0.936917866215072 0.06308213378492802 0.0

1734618174
0.9472810294728103 0.052718970527189705 0.0

1734618175
0.9446064139941691 0.05539358600583091 0.0

1734618176
0.9341392246769488 0.06586077532305128 0.0

1734618177
0.95125 0.04875 0.0

1734618178
0.9433333333333334 0.056666666666666664 0.0

1734618179
0.9433333333333334 0.056666666666666664 0.0

1734618180
0.94375 0.05625 0.0

1734618181
0.95 0.05 0.0

1734618182
0.9475 0.0525 0.0

1734618183
0.9508333333333333 0.049166666666666664 0.0

1734618184
0.9470391993327774 0.05129274395329441 0.0

1734618185
0.9333333333333333 0.06666666666666667 0.0

1734618186
0.9305439330543933 0.06861924686192468 0.0

1734618187
0.9293523969722456 0.06602186711522287 0.0

1734618188
0.9404220107571369 0.059577989242863054 0.0

1734618189
0.6688254857342902 0.021529844214948364 0.19061788902503063

1734618190
0.0 0.0 0.0

1734618191
0.8829750938246332 0.10781303309450699 0.0020470829068577278

1734618193
0.8993729471484025 0.09913406987160346 0.0008957897879964168

1734618194
0.9354166666666667 0.06458333333333334 0.0

1734618195
0.9304166666666667 0.06958333333333333 0.0

1734618196
0.9349729053772405 0.06502709462275948 0.0

1734618197
0.919535462463708 0.08004977187888843 0.0

1734618198
0.9358065860775323 0.0637765735723218 0.0

1734618199
0.9370833333333334 0.06291666666666666 0.0

1734618200
0.9141308878699458 0.0854522717799083 0.0

1734618201
0.9338912133891213 0.06610878661087866 0.0

1734618202
0.9390041493775934 0.06099585062240664 0.0

1734618203
0.9354166666666667 0.06458333333333334 0.0

1734618204
0.9404166666666667 0.059583333333333335 0.0

1734618205
0.9462723865056226 0.052894627238650564 0.0

1734618206
0.9470612755314715 0.05168820341809087 0.0

1734618207
0.9518627040602763 0.04813729593972373 0.0

1734618208
0.9404166666666667 0.058333333333333334 0.0

1734618209
0.9399749895789913 0.059191329720716966 0.0

1734618210
0.9145833333333333 0.08333333333333333 0.0

1734618211
0.9228523769808173 0.07673060884070058 0.0

1734618212
0.9246147438567264 0.07413577675968347 0.0

1734618213
0.9170487703209671 0.08253438932888704 0.0

1734618214
0.9090909090909091 0.09090909090909091 0.0

1734618215
0.9329446064139941 0.06705539358600583 0.0

1734618216
0.9375 0.06208333333333333 0.0

1734618217
0.9274697790746145 0.07253022092538558 0.0

1734618218
0.9368465077373483 0.06231702216645755 0.0

1734618219
0.9257714762301918 0.0725604670558799 0.0

1734618220
0.9282115869017632 0.06968933669185558 0.0

1734618221
0.9358974358974359 0.06327543424317618 0.0

1734618222
0.9224676948728637 0.07544810337640684 0.0

1734618223
0.9028761984160066 0.08670279283034597 0.00041684035014589413

1734618224
0.6263616557734205 0.04008714596949891 0.13115468409586056

1734618225
0.585 0.07 0.125

1734618226
0.42360820426956886 0.03809125156969443 0.204688154039347

1734618227
0.37943848059454993 0.08711808422791081 0.1531791907514451

1734618228
0.43091828138163435 0.14153327716933445 0.07118786857624262

1734618229
0.7055369127516778 0.2026006711409396 0.0020973154362416107

1734618230
0.45496056454960565 0.1041926110419261 0.0016604400166044002

1734618231
0.5572390572390572 0.13131313131313133 0.00042087542087542086

1734618232
0.8728707935189032 0.12339011217282925 0.0

1734618233
0.8118977796397151 0.09509844993715962 0.00041893590280687055

1734618234
0.4836409395973154 0.10570469798657718 0.0012583892617449664

1734618235
0.3704630788485607 0.164372131831456 0.0020859407592824365

1734618236
0.33808127356514456 0.10850439882697947 0.006284038542103058

1734618237
0.32443879711986445 0.10207539178314273 0.004235493434985175

1734618238
0.7365145228215768 0.104149377593361 0.0008298755186721991

1734618239
0.9208333333333333 0.07625 0.0004166666666666667

1734618240
0.9237182159233014 0.07503126302626094 0.0

1734618241
0.9086357947434293 0.08927826449728828 0.0

1734618242
0.8970404335139641 0.10129220508545227 0.0

1734618243
0.9028761984160066 0.09587328053355565 0.0

1734618244
0.893705710712797 0.09920800333472281 0.006252605252188412

1734618245
0.9045435598165903 0.09503959983326386 0.0

1734618246
0.9166666666666666 0.08208333333333333 0.0004166666666666667

1734618247
0.9136571191365712 0.08551266085512661 0.00041511000415110004

1734618248
0.9208211143695014 0.07875994972769167 0.0

1734618249
0.9136929460580913 0.08464730290456432 0.0004149377593360996

1734618250
0.9170159262363788 0.07963118189438391 0.0012573344509639564

1734618251
0.9057308970099668 0.0926079734219269 0.0012458471760797341

1734618252
0.9024593580658608 0.09754064193413922 0.0

1734618253
0.9064207650273224 0.09289617486338798 0.0006830601092896175

1734618255
0.8937118723603942 0.10511496949788832 0.0007038948850305022

1734618256
0.8979253112033195 0.1020746887966805 0.0

1734618257
0.9024593580658608 0.09712380158399334 0.0

1734618258
0.9137193937038477 0.08589195491643996 0.0

1734618260
0.909248429716266 0.08988520684427118 0.000649772579597141

1734618261
0.9240348692403487 0.0759651307596513 0.0

1734618262
0.9153108051731331 0.08302044221944097 0.00041718815185648727

1734618263
0.9276150627615063 0.06736401673640167 0.0012552301255230125

1734618264
0.920250521920668 0.07557411273486431 0.0012526096033402922

1734618265
0.9224676948728637 0.07669862442684452 0.0008336807002917883

1734618266
0.9279466888796335 0.07080383173677635 0.00041649312786339027

1734618267
0.8616090037515631 0.13797415589829096 0.0

1734618268
0.8600498338870431 0.13953488372093023 0.0004152823920265781

1734618269
0.9244851258581236 0.07475209763539283 0.00038138825324180017

1734618270
0.9236267870579383 0.07599699021820917 0.0003762227238525207

1734618271
0.914309143091431 0.08364083640836409 0.0008200082000820008

1734618272
0.9231003039513678 0.07173252279635259 0.003951367781155016

1734618273
0.9274537695590327 0.06650071123755334 0.005689900426742532

1734618275
0.8930114358322745 0.09326556543837357 0.005082592121982211

1734618276
0.8798043326345213 0.11250873515024458 0.005590496156533892

1734618277
0.9156589147286822 0.08186046511627906 0.00248062015503876

1734618278
0.9159820761762509 0.08289768483943241 0.0003734129947722181

1734618279
0.8921689216892169 0.1078310783107831 0.0

1734618280
0.8792742498255408 0.09351011863224006 0.008722958827634334

1734618282
0.9151493080844866 0.08448652585579024 0.0

1734618283
0.9206412825651302 0.07935871743486973 0.0

1734618284
0.9133600291226793 0.08591190389515835 0.0

1734618285
0.8990863787375415 0.1004983388704319 0.0

1734618286
0.9142618151401087 0.08448347971560016 0.0004182350480970305

1734618287
0.909629044988161 0.08918705603788477 0.0007892659826361484

1734618288
0.9311555075593952 0.06722462203023757 0.0016198704103671706

1734618291
0.839375 0.0528125 0.08640625

1734618292
0.7570833333333333 0.115 0.09708333333333333

1734618293
0.8674447686536056 0.13172155064610255 0.0008336807002917883

1734618294
0.9102990033222591 0.08803986710963455 0.0012458471760797341

1734618295
0.9318013343217197 0.06745737583395107 0.00037064492216456633

1734618296
0.9418803418803419 0.055384615384615386 0.002735042735042735

1734618298
0.9313055365686944 0.06630211893369788 0.001367053998632946

1734618299
0.9156841729188996 0.08038585209003216 0.0028581636298678098

1734618300
0.9564220183486238 0.04357798165137615 0.0

1734618301
0.9442148760330579 0.05454545454545454 0.00041322314049586776

1734618302
0.9228905934598305 0.07710940654016955 0.0

1734618303
0.9087221095334685 0.08884381338742393 0.0

1734618304
0.9 0.09561752988047809 0.0

1734618305
0.924896265560166 0.07427385892116183 0.0

1734618306
0.9074228523769808 0.09007506255212677 0.0004170141784820684

1734618307
0.9274697790746145 0.0716965402250938 0.0

1734618308
0.9275301957517701 0.07246980424822991 0.0

1734618309
0.9183333333333333 0.08 0.0

1734618310
0.8969545264914477 0.09970796829370046 0.0

1734618311
0.9148225469728601 0.08183716075156576 0.0004175365344467641

1734618312
0.932443703085905 0.05963302752293578 0.002085070892410342

1734618313
0.9407592824363789 0.058823529411764705 0.0

1734618314
0.9269102990033222 0.06852159468438539 0.0029069767441860465

1734618315
0.923238255033557 0.07256711409395973 0.0020973154362416107

1734618316
0.9294363256784969 0.06304801670146137 0.003340292275574113

1734618317
0.9119732999582811 0.0851063829787234 0.0008343763037129745

1734618318
0.9022964509394572 0.09102296450939457 0.0016701461377870565

1734618319
0.889727463312369 0.09014675052410902 0.010062893081761006

1734618321
0.91288056206089 0.06838407494145199 0.01053864168618267

1734618322
0.9209202012940331 0.07260963335729691 0.004672897196261682

1734618324
0.9134295227524972 0.08407325194228635 0.000832408435072142

1734618325
0.9279731993299832 0.06532663316582915 0.001256281407035176

1734618326
0.914095079232694 0.07881567973311093 0.006255212677231026

1734618327
0.9062890462307371 0.09037900874635568 0.0020824656393169513

1734618328
0.9277661795407098 0.05970772442588727 0.005427974947807933

1734618329
0.9053377814845704 0.09341117597998332 0.0012510425354462051

1734618330
0.9468026460859978 0.041345093715545754 0.008269018743109152

1734618331
0.9072039072039072 0.09157509157509157 0.0

1734618333
0.9189497716894978 0.07420091324200913 0.00228310502283105

1734618334
0.8836045056320401 0.10596579057154777 0.00458906967042136

1734618335
0.890004182350481 0.08490171476369719 0.009619406106231703

1734618336
0.9160050146259925 0.07814458838278311 0.004178854993731718

1734618337
0.9120603015075377 0.07788944723618091 0.0046063651591289785

1734618338
0.9342641070389761 0.057300756253635836 0.0075625363583478765

1734618342
0.7592325607186425 0.04003548852168127 0.02384385050460242

1734618343
0.7735613010842368 0.12760633861551293 0.058381984987489574

1734618344
0.9144107191687175 0.07820617992890347 0.0

1734618346
0.9254658385093167 0.06775832862789384 0.006493506493506494

1734618347
0.9391666666666667 0.057916666666666665 0.0020833333333333333

1734618348
0.9395581492288454 0.05960817007086286 0.0

1734618349
0.933997509339975 0.0655873806558738 0.0

1734618350
0.9358333333333333 0.06375 0.0

1734618351
0.9308333333333333 0.06666666666666667 0.0016666666666666668

1734618352
0.9481171548117154 0.05146443514644351 0.00041841004184100416

1734618353
0.9228523769808173 0.05629691409507923 0.017097581317764805

1734618354
0.9372923588039868 0.055232558139534885 0.004568106312292359

1734618355
0.9438860971524288 0.049413735343383586 0.002931323283082077

1734618356
0.9411764705882353 0.04380475594493116 0.011681268251981644

1734618357
0.801244167962675 0.03359253499222395 0.05598755832037325

1734618359
0.9267252195734003 0.06449184441656211 0.005520702634880803

1734618360
0.9377690802348336 0.055968688845401175 0.0011741682974559687

1734618361
0.9514632405424697 0.048179871520342615 0.00035688793718772306

1734618362
0.8657937806873978 0.03436988543371522 0.023458810692853247

1734618363
0.8861538461538462 0.09538461538461539 0.009230769230769232

1734618365
0.9467658843732112 0.04751001717229536 0.0005724098454493417

1734618366
0.9275 0.0525 0.019166666666666665

1734618367
0.9275 0.05875 0.012083333333333333

1734618368
0.9199332777314428 0.0658882402001668 0.006672226855713094

1734618369
0.940808670279283 0.05794080867027928 0.0012505210504376823

1734618370
0.9303876615256357 0.06752813672363485 0.0012505210504376823

1734618371
0.9366930445647647 0.06289046230737193 0.0

1734618372
0.9303876615256357 0.06877865777407254 0.0

1734618373
0.9303953871499177 0.06878088962108732 0.00041186161449752884

1734618374
0.9439055250948967 0.05609447490510333 0.0

1734618375
0.9470612755314715 0.04710295956648604 0.00041684035014589413

1734618376
0.9358600583090378 0.06330695543523532 0.0

1734618377
0.9575 0.0425 0.0

1734618378
0.9578815679733111 0.0408673894912427 0.0004170141784820684

1734618379
0.96125 0.03833333333333333 0.0

1734618380
0.92875 0.0625 0.0

1734618381
0.9462947543713572 0.05120732722731058 0.0

1734618382
0.939874739039666 0.05219206680584551 0.0

1734618383
0.9512703040399834 0.04831320283215327 0.0

1734618384
0.945822994210091 0.043837882547559964 0.0

1734618385
0.9571608567828643 0.041999160016799666 0.00041999160016799666

1734618386
0.9491454772822009 0.047936640266777825 0.0029178824510212586

1734618387
0.9566666666666667 0.0425 0.0008333333333333334

1734618388
0.945 0.03958333333333333 0.005

1734618389
0.9428928720300125 0.05377240516882034 0.00041684035014589413

1734618390
0.950354609929078 0.04755944931163955 0.0

1734618391
0.94375 0.055 0.0

1734618392
0.9416909620991254 0.05705955851728446 0.0

1734618393
0.9216013344453712 0.07631359466221851 0.0004170141784820684

1734618394
0.9379166666666666 0.059583333333333335 0.0004166666666666667

1734618395
0.9361968306922436 0.03711426188490409 0.0

1734618396
0.956268221574344 0.04123281965847563 0.00041649312786339027

1734618397
0.9452282157676348 0.044813278008298756 0.0004149377593360996

1734618398
0.9530988274706867 0.045644891122278056 0.0

1734618399
0.9345833333333333 0.050416666666666665 0.00875

1734618400
0.9398090493980905 0.052718970527189705 0.00041511000415110004

1734618401
0.9477643125783536 0.043877977434183035 0.0

1734618402
0.9378907878282617 0.03918299291371405 0.0

1734618403
0.9349457881567973 0.040450375312760634 0.0004170141784820684

1734618404
0.9337775926697209 0.06372344856309871 0.0020824656393169513

1734618405
0.92875 0.04708333333333333 0.0008333333333333334

1734618406
0.9579166666666666 0.041666666666666664 0.0

1734618407
0.95625 0.04375 0.0

1734618408
0.957065443934973 0.042934556065027094 0.0

1734618409
0.9073150457190358 0.03574397339983375 0.017040731504571905

1734618410
0.9217245709501883 0.059020510673922146 0.0050230221850146506

1734618411
0.9253112033195021 0.06887966804979254 0.0

1734618412
0.9605809128630706 0.03858921161825726 0.0004149377593360996

1734618413
0.9420411591768164 0.054178916421671566 0.00041999160016799666

1734618414
0.95875 0.04125 0.0

1734618415
0.9595664860358483 0.04043351396415173 0.0

1734618416
0.9516666666666667 0.03833333333333333 0.0

1734618417
0.9500206526228832 0.049153242461792646 0.0004130524576621231

1734618418
0.9483193277310924 0.05168067226890756 0.0

1734618419
0.9441666666666667 0.051666666666666666 0.0004166666666666667

1734618420
0.9478732276897415 0.05170975813177648 0.0004170141784820684

1734618421
0.9520633597332222 0.045018757815756566 0.0

1734618422
0.9404958677685951 0.05867768595041322 0.0

1734618423
0.9512296790329304 0.04835348061692372 0.0

1734618424
0.9571608567828643 0.04241915161696766 0.00041999160016799666

1734618425
0.9462275948311797 0.04085035431429762 0.00041684035014589413

1734618426
0.9477395271671506 0.048942347573620905 0.0

1734618427
0.9485477178423236 0.04854771784232365 0.0

1734618428
0.9538009239815204 0.04577908441831163 0.00041999160016799666

1734618429
0.9333610995418575 0.05705955851728446 0.0

1734618430
0.9274697790746145 0.05794080867027928 0.0

1734618431
0.9299708211754898 0.05543976656940392 0.00041684035014589413

1734618432
0.9420833333333334 0.04541666666666667 0.0

1734618433
0.9620833333333333 0.037083333333333336 0.0004166666666666667

1734618434
0.946843853820598 0.04568106312292359 0.0

1734618435
0.945583926329008 0.04688154039347007 0.0016743407283382169

1734618436
0.941884599418846 0.052303860523038606 0.00041511000415110004

1734618437
0.941816659690247 0.05776475512766848 0.0

1734618438
0.9468879668049792 0.04854771784232365 0.0004149377593360996

1734618439
0.9397489539748954 0.0497907949790795 0.00041841004184100416

1734618440
0.9316666666666666 0.06333333333333334 0.00125

1734618441
0.9370833333333334 0.06041666666666667 0.00125

1734618442
0.9283034597749062 0.0712796998749479 0.0

1734618443
0.9425 0.0575 0.0

1734618444
0.9408333333333333 0.0575 0.0

1734618445
0.9205955334987593 0.07237386269644334 0.0

1734618446
0.8987820243595128 0.09575808483830324 0.00041999160016799666

1734618447
0.9370833333333334 0.05708333333333333 0.0

1734618448
0.9532944120100083 0.045037531276063386 0.0

1734618449
0.9566666666666667 0.042083333333333334 0.0

1734618450
0.9616985845129059 0.03746877601998335 0.00041631973355537054

1734618451
0.954734219269103 0.04194352159468438 0.0

1734618452
0.9460251046025104 0.050627615062761505 0.0

1734618453
0.9387755102040817 0.060807996668054975 0.00041649312786339027

1734618454
0.94125 0.057916666666666665 0.0

1734618455
0.9416666666666667 0.058333333333333334 0.0

1734618456
0.9319502074688797 0.06597510373443984 0.0004149377593360996

1734618457
0.9451653411469234 0.052323147760569275 0.0016743407283382169

1734618458
0.9525 0.04708333333333333 0.0004166666666666667

1734618459
0.9458784346378019 0.05203996669442131 0.0

1734618460
0.9166319299708212 0.07753230512713631 0.0

1734618461
0.9032930387661525 0.08962067528136723 0.00041684035014589413

1734618462
0.9070446019174656 0.0921217173822426 0.0

1734618463
0.9304456476468138 0.06497292794668888 0.0008329862557267805

1734618464
0.93125 0.06833333333333333 0.0

1734618465
0.9303876615256357 0.06419341392246769 0.0

1734618466
0.9495623176323468 0.04835348061692372 0.00041684035014589413

1734618467
0.9362234264276782 0.05460608586911213 0.00041684035014589413

1734618468
0.95125 0.04625 0.0004166666666666667

1734618469
0.94125 0.051666666666666666 0.0

1734618470
0.9450229071220325 0.054144106622240736 0.00041649312786339027

1734618471
0.9374739474781159 0.04418507711546478 0.00041684035014589413

1734618472
0.9512296790329304 0.04668611921634014 0.0

1734618473
0.9323370693233707 0.0543794105437941 0.0008302200083022001

1734618474
0.9234629861982434 0.051024675867837724 0.0004182350480970305

1734618475
0.9481076863051112 0.042138119391338276 0.0007803355442840422

1734618477
0.9421915444348576 0.04637618636755824 0.00021570319240724764

1734618478
0.9507717980809345 0.049228201919065497 0.0

1734618479
0.9587843463780183 0.040383014154870944 0.00041631973355537054

1734618480
0.9466444351813256 0.05252188411838266 0.00041684035014589413

1734618481
0.9173931091739311 0.0805313408053134 0.0

1734618482
0.8982838007534534 0.08915864378401005 0.0

1734618483
0.9441899208663057 0.054977092877967516 0.00041649312786339027

1734618484
0.9683333333333334 0.03166666666666667 0.0

1734618485
0.9666666666666667 0.03333333333333333 0.0

1734618486
0.9647009966777409 0.03529900332225914 0.0

1734618487
0.9535564853556485 0.04560669456066946 0.0

1734618488
0.9625 0.0375 0.0

1734618489
0.9583333333333334 0.04041666666666666 0.0004166666666666667

1734618490
0.9608170070862859 0.03668195081283868 0.0

1734618491
0.9560165975103735 0.043568464730290454 0.0004149377593360996

1734618492
0.9133891213389121 0.08577405857740586 0.0

1734618493
0.9345833333333333 0.06416666666666666 0.0

1734618494
0.9333333333333333 0.05875 0.0

1734618495
0.9420591913297207 0.057107127969987494 0.0008336807002917883

1734618496
0.941274468971262 0.05705955851728446 0.0

1734618497
0.9383076281784076 0.03751563151313047 0.0

1734618498
0.92375 0.07583333333333334 0.0004166666666666667

1734618499
0.9190992493744787 0.07881567973311093 0.0

1734618500
0.9198347107438016 0.06611570247933884 0.0008264462809917355

1734618501
0.9558517284464806 0.03915035401915869 0.0

1734618502
0.9328577423415862 0.0360889634913974 0.002517834662190516

1734618503
0.9516666666666667 0.0475 0.0004166666666666667

1734618504
0.9558517284464806 0.044148271553519365 0.0

1734618505
0.9570833333333333 0.042916666666666665 0.0

1734618506
0.9399499582985822 0.05921601334445371 0.0004170141784820684

1734618507
0.9525197834235735 0.04748021657642649 0.0

1734618509
0.754870436920749 0.03442405901267259 0.14734253830149424

1734618510
0.8719153936545241 0.11750881316098707 0.0007833920877399138

1734618511
0.9079550187421908 0.08746355685131195 0.0

1734618512
0.9391666666666667 0.060833333333333336 0.0

1734618513
0.9241350562734473 0.04585243851604835 0.0

1734618514
0.9512703040399834 0.04581424406497293 0.0

1734618515
0.9441433930804501 0.05543976656940392 0.00041684035014589413

1734618516
0.956268221574344 0.043731778425655975 0.0

1734618517
0.950792326939116 0.04670558798999166 0.0

1734618518
0.90625 0.08958333333333333 0.0025

1734618519
0.9166319299708212 0.07919966652771988 0.00041684035014589413

1734618520
0.9325281132861308 0.059142024156601414 0.00041649312786339027

1734618521
0.9508128386827845 0.045018757815756566 0.0

1734618522
0.9666527719883284 0.03334722801167153 0.0

1734618523
0.9471053727613494 0.04206580591420241 0.00041649312786339027

1734618524
0.9666527719883284 0.03334722801167153 0.0

1734618525
0.9541857559350271 0.044148271553519365 0.0

1734618526
0.9520833333333333 0.0475 0.0004166666666666667

1734618527
0.9553794829024187 0.03794829024186822 0.0

1734618528
0.9526970954356846 0.046473029045643155 0.0

1734618529
0.934282126412725 0.044370029300962746 0.0

1734618530
0.9704166666666667 0.029166666666666667 0.0004166666666666667

1734618531
0.9312786339025406 0.06788837984173261 0.00041649312786339027

1734618532
0.9053772405168821 0.0917048770320967 0.0

1734618533
0.9266666666666666 0.06583333333333333 0.0004166666666666667

1734618534
0.9366666666666666 0.060833333333333336 0.0

1734618535
0.964568570237599 0.035431429762401004 0.0

1734618536
0.9591666666666666 0.04 0.0004166666666666667

1734618537
0.9558517284464806 0.044148271553519365 0.0

1734618538
0.96375 0.03625 0.0

1734618539
0.93875 0.055 0.0

1734618540
0.9425 0.04791666666666667 0.0

1734618541
0.9478732276897415 0.04962468723936614 0.0004170141784820684

1734618542
0.9571012078300708 0.04206580591420241 0.0008329862557267805

1734618543
0.9516666666666667 0.04833333333333333 0.0

1734618544
0.9479166666666666 0.05125 0.0004166666666666667

1734618545
0.9167013744273219 0.08246563931695126 0.00041649312786339027

1734618546
0.9241350562734473 0.0716965402250938 0.0

1734618547
0.9395581492288454 0.06002501042100875 0.0

1734618548
0.9631011608623549 0.03648424543946932 0.00041459369817578774

1734618549
0.9564489112227805 0.04313232830820771 0.0004187604690117253

1734618550
0.9645980841316119 0.03456892961266139 0.00041649312786339027

1734618551
0.9382819015846539 0.03753127606338615 0.0

1734618552
0.952897040433514 0.04335139641517299 0.00041684035014589413

1734618553
0.9491454772822009 0.04543559816590246 0.00041684035014589413

1734618554
0.8458646616541353 0.05764411027568922 0.030492898913951544

1734618555
0.8919482686691698 0.05214851898206091 0.02753441802252816

1734618556
0.9408333333333333 0.050833333333333335 0.005

1734618557
0.9545454545454546 0.045454545454545456 0.0

1734618558
0.9579341940857976 0.04039983340274885 0.0

1734618559
0.9566847147022074 0.042898792169929194 0.00041649312786339027

1734618560
0.9466666666666667 0.05291666666666667 0.0004166666666666667

1734618561
0.95375 0.04625 0.0

1734618562
0.9529166666666666 0.04708333333333333 0.0

1734618563
0.9553980825343893 0.04460191746561067 0.0

1734618564
0.92375 0.07625 0.0

1734618565
0.9020425177157149 0.08628595248020009 0.0

1734618566
0.9379166666666666 0.06125 0.0

1734618567
0.9358600583090378 0.0641399416909621 0.0

1734618568
0.9412010008340284 0.05379482902418682 0.0004170141784820684

1734618569
0.94 0.05583333333333333 0.0008333333333333334

1734618570
0.9262192580241767 0.05335556481867445 0.0

1734618571
0.9454394002498959 0.054144106622240736 0.0

1734618572
0.9525 0.04708333333333333 0.0004166666666666667

1734618573
0.9441433930804501 0.05543976656940392 0.00041684035014589413

1734618574
0.9529362765514369 0.042898792169929194 0.0

1734618575
0.9387244685285535 0.06127553147144644 0.0

1734618576
0.921634014172572 0.05794080867027928 0.0

1734618577
0.9348547717842324 0.05228215767634855 0.0004149377593360996

1734618578
0.9535564853556485 0.046443514644351466 0.0

1734618579
0.9510373443983402 0.046473029045643155 0.0

1734618580
0.930514859773964 0.056508999581414816 0.010046044370029301

1734618581
0.9474781158816173 0.05210504376823676 0.00041684035014589413

1734618582
0.95 0.04875 0.0004166666666666667

1734618583
0.9597343295973433 0.0402656704026567 0.0

1734618584
0.9523212045169385 0.03889585947302384 0.0004182350480970305

1734618585
0.9462275948311797 0.05210504376823676 0.0

1734618586
0.8498748957464554 0.05504587155963303 0.027522935779816515

1734618587
0.6773923944839114 0.03928123694107814 0.05223568742164647

1734618588
0.8526228143213989 0.058284762697751874 0.06452955870108243

1734618589
0.9270529387244685 0.062109212171738225 0.0016673614005835765

1734618590
0.9445833333333333 0.05125 0.0

1734618591
0.9220183486238532 0.05504587155963303 0.005421184320266889

1734618592
0.9524802000833681 0.04585243851604835 0.0

1734618593
0.9479166666666666 0.04375 0.0004166666666666667

1734618594
0.9412255106294289 0.054189245518966235 0.00041684035014589413

1734618595
0.9195498124218424 0.059191329720716966 0.0070862859524802

1734618596
0.9412255106294289 0.05377240516882034 0.00041684035014589413

1734618597
0.9295833333333333 0.059166666666666666 0.0

1734618598
0.944560233430596 0.04835348061692372 0.00041684035014589413

1734618599
0.9549812421842434 0.04418507711546478 0.0

1734618600
0.944560233430596 0.05210504376823676 0.00041684035014589413

1734618601
0.9608170070862859 0.03918299291371405 0.0

1734618602
0.9445833333333333 0.051666666666666666 0.0

1734618603
0.9492089925062448 0.043713572023313906 0.00041631973355537054

1734618604
0.9470391993327774 0.05129274395329441 0.0

1734618605
0.9475 0.050833333333333335 0.0

1734618606
0.9378389653733834 0.05089695452649145 0.001668752607425949

1734618607
0.9362234264276782 0.06002501042100875 0.0025010421008753647

1734618608
0.9323931978432186 0.05391953546246371 0.00041476565740356696

1734618609
0.920767306088407 0.07923269391159299 0.0

1734618610
0.9376308078694015 0.05860192549183759 0.0

1734618611
0.9568464730290457 0.04232365145228216 0.0004149377593360996

1734618612
0.9371859296482412 0.04103852596314908 0.0

1734618613
0.9341940857975843 0.054977092877967516 0.00041649312786339027

1734618614
0.9470612755314715 0.04043351396415173 0.0

1734618615
0.9366666666666666 0.03666666666666667 0.0

1734618616
0.9395833333333333 0.0425 0.0004166666666666667

1734618617
0.9333333333333333 0.050833333333333335 0.0004166666666666667

1734618618
0.9165971643035863 0.058798999165971644 0.0

1734618619
0.9499791579824927 0.04460191746561067 0.0

1734618620
0.9350270720533111 0.06289046230737193 0.0

1734618621
0.9431063122923588 0.05149501661129568 0.0

1734618622
0.9481388540359682 0.050606440819740695 0.0004182350480970305

1734618623
0.9370308590492077 0.05629691409507923 0.002085070892410342

1734618624
0.9410543794105438 0.053549190535491904 0.0

1734618625
0.9466666666666667 0.045 0.0

1734618626
0.945211208699289 0.05227938101212882 0.0

1734618627
0.9056367432150313 0.04676409185803758 0.0

1734618628
0.72375 0.12 0.00125

1734618629
0.94875 0.050833333333333335 0.0

1734618630
0.9249374478732277 0.07297748123436197 0.0

1734618631
0.6399666249478515 0.08260325406758448 0.0

1734618632
0.3641666666666667 0.03916666666666667 0.0

1734618633
0.1644518272425249 0.011627906976744186 0.0004152823920265781

1734618634
0.12860125260960334 0.03674321503131524 0.0025052192066805845

1734618635
0.12526096033402923 0.005010438413361169 0.0

1734618636
0.11032177183451734 0.010029251984956121 0.0

1734618637
0.0794314381270903 0.005852842809364548 0.0

1734618638
0.05107327905255366 0.0007401924500370096 0.014433752775721688

1734618639
0.04933586337760911 0.0023719165085388993 0.0056925996204933585

1734618640
0.04431438127090301 0.0016722408026755853 0.0

1734618641
0.044620517097581316 0.0012510425354462051 0.0

1734618642
0.034039020340390205 0.007471980074719801 0.00041511000415110004

1734618643
0.02542726135889954 0.005835764902042517 0.0

1734618644
0.015043877977434183 0.005014625992478061 0.0029251984956122023

1734618645
0.02334305960817007 0.006252605252188412 0.0

1734618646
0.021285475792988316 0.004590984974958264 0.0

1734618647
0.02671118530884808 0.005008347245409015 0.0

1734618648
0.022537562604340568 0.00333889816360601 0.0

1734618649
0.020911752404851526 0.0037641154328732747 0.002509410288582183

1734618650
0.01888375996642887 0.0029374737725556023 0.0

1734618651
0.022565816966151276 0.003343083994985374 0.0

1734618652
0.023779724655819776 0.0037546933667083854 0.0

1734618653
0.037822111388196175 0.004156275976724855 0.0033250207813798837

1734618654
0.04422194409678765 0.0020859407592824365 0.011681268251981644

1734618655
0.05733277939343581 0.007062733693394266 0.06813460739509763

1734618656
0.04072208228379513 0.010075566750629723 0.0743073047858942

1734618657
0.09181969949916527 0.006260434056761269 0.031302170283806344

1734618658
0.12056737588652482 0.001668752607425949 0.0050062578222778474

1734618659
0.12458471760797342 0.0020764119601328905 0.004152823920265781

1734618660
0.1184814351272424 0.0020859407592824365 0.0229453483521068

1734618661
0.1194340407823554 0.0020807324178110697 0.008322929671244279

1734618662
0.10796165068778658 0.0029178824510212586 0.016673614005835766

1734618663
0.11504793664026677 0.0029178824510212586 0.009587328053355566

1734618664
0.12031640299750208 0.0020815986677768525 0.00749375520399667

1734618665
0.11255230125523012 0.006276150627615063 0.02510460251046025

1734618666
0.12213422259274698 0.0025010421008753647 0.0029178824510212586

1734618667
0.1213511259382819 0.0025020850708924102 0.0029190992493744786

1734618668
0.1234927234927235 0.0033264033264033266 0.0029106029106029108

1734618669
0.12562604340567612 0.002086811352253756 0.0025041736227045075

1734618670
0.12030075187969924 0.001670843776106934 0.004594820384294068

1734618671
0.1241149521032903 0.0020824656393169513 0.001665972511453561

1734618672
0.12468723936613844 0.0004170141784820684 0.0012510425354462051

1734618673
0.12125 0.0016666666666666668 0.0025

1734618674
0.12353923205342238 0.0008347245409015025 0.0012520868113522537

1734618675
0.12603993344425957 0.0008319467554076539 0.0012479201331114808

1734618676
0.12421842434347645 0.0008336807002917883 0.0012505210504376823

1734618677
0.1256762380357886 0.0016645859342488557 0.0008322929671244278

1734618678
0.1213511259382819 0.0025020850708924102 0.0012510425354462051

1734618679
0.12338474364318466 0.0020842017507294707 0.0008336807002917883

1734618680
0.12338474364318466 0.0008336807002917883 0.0012505210504376823

1734618681
0.12468723936613844 0.0012510425354462051 0.0008340283569641367

1734618682
0.12312186978297161 0.0012520868113522537 0.0008347245409015025

1734618683
0.12541666666666668 0.0008333333333333334 0.0008333333333333334

1734618684
0.12296790329303876 0.0016673614005835765 0.0008336807002917883

1734618685
0.12421842434347645 0.0008336807002917883 0.0008336807002917883

1734618686
0.12385321100917432 0.0012510425354462051 0.0008340283569641367

1734618687
0.12619741774260726 0.0008329862557267805 0.00041649312786339027

1734618688
0.12656119900083265 0.00041631973355537054 0.00041631973355537054

1734618689
0.12494793835901707 0.0008329862557267805 0.00041649312786339027

1734618690
0.12260216847372811 0.0012510425354462051 0.0016680567139282735

1734618691
0.12265331664580725 0.00041718815185648727 0.0008343763037129745

1734618692
0.12546894539391412 0.00041684035014589413 0.0008336807002917883

1734618693
0.12390488110137672 0.0012515644555694619 0.0008343763037129745

1734618694
0.12265331664580725 0.0020859407592824365 0.0

1734618695
0.12780082987551866 0.0016597510373443983 0.0004149377593360996

1734618696
0.12228714524207011 0.0012520868113522537 0.0

1734618697
0.12301918265221018 0.0012510425354462051 0.0

1734618698
0.12343619683069225 0.0016680567139282735 0.0004170141784820684

1734618699
0.1251564455569462 0.00041718815185648727 0.0

1734618700
0.12312186978297161 0.0012520868113522537 0.0

1734618701
0.11759799833194329 0.0029190992493744786 0.0004170141784820684

1734618702
0.1098579782790309 0.005430242272347535 0.0

1734618703
0.11747491638795987 0.0033444816053511705 0.0004180602006688963

1734618704
0.12208333333333334 0.00125 0.0004166666666666667

1734618705
0.12160468031759299 0.002089427496865859 0.0

1734618706
0.11801501251042536 0.0029190992493744786 0.0012510425354462051

1734618707
0.09197324414715718 0.007525083612040134 0.0

1734618708
0.10790464240903387 0.004182350480970306 0.0

1734618709
0.11639549436795996 0.0020859407592824365 0.0

1734618710
0.12343619683069225 0.0008340283569641367 0.0

1734618711
0.12260216847372811 0.0012510425354462051 0.0

1734618712
0.1189482470784641 0.00333889816360601 0.0

1734618713
0.10155266470835082 0.007133864876206463 0.0

1734618714
0.10278818143986683 0.008322929671244279 0.0

1734618715
0.09441879983214435 0.008812421317666807 0.0

1734618716
0.10175879396984924 0.006700167504187605 0.0

1734618717
0.12223612849395077 0.0020859407592824365 0.00041718815185648727

1734618718
0.12494793835901707 0.001665972511453561 0.0

1734618719
0.09932942162615256 0.009220452640402346 0.0

1734618720
0.09613769941225861 0.010075566750629723 0.0008396305625524769

1734618721
0.11879949979157982 0.0029178824510212586 0.0

1734618722
0.12182952182952184 0.0037422037422037424 0.0

1734618723
0.12734082397003746 0.0012484394506866417 0.0

1734618724
0.12510425354462051 0.0004170141784820684 0.0

1734618725
0.125 0.00125 0.0

1734618726
0.12364243943191311 0.000835421888053467 0.0

1734618727
0.12421842434347645 0.0008336807002917883 0.0

1734618728
0.12520868113522537 0.0008347245409015025 0.0

1734618729
0.21214642262895175 0.0066555740432612314 0.0033277870216306157

1734618730
0.1181135225375626 0.001669449081803005 0.0

1734618731
0.12578092461474386 0.0012494793835901709 0.00041649312786339027

1734618732
0.1228143213988343 0.0016652789342214821 0.0

1734618733
0.1134278565471226 0.0050041701417848205 0.0

1734618734
0.09882747068676717 0.007537688442211055 0.0

1734618735
0.1184814351272424 0.002920317062995411 0.0

1734618736
0.11556111806424697 0.004171881518564873 0.0

1734618737
0.12130054189245519 0.0016673614005835765 0.00041684035014589413

1734618738
0.12103505843071787 0.002921535893155259 0.0

1734618739
0.11213389121338913 0.0041841004184100415 0.0

1734618740
0.11838265944143393 0.003751563151313047 0.0

1734618741
0.11416666666666667 0.00375 0.0016666666666666668

1734618742
0.10906811533639783 0.00459674049310489 0.0

1734618743
0.1153685964181591 0.0049979175343606835 0.0

1734618744
0.12380158399333055 0.0016673614005835765 0.0

1734618745
0.1264559068219634 0.0012479201331114808 0.0

1734618746
0.12458333333333334 0.0004166666666666667 0.0

1734618747
0.12156536219816819 0.002497918401332223 0.0

1734618748
0.10455876202425764 0.00794646591384358 0.0

1734618749
0.1086048454469507 0.004594820384294068 0.0

1734618750
0.12066805845511483 0.0012526096033402922 0.0

1734618751
0.11277569704535996 0.004993757802746567 0.0

1734618752
0.10530714584203928 0.007939824488090262 0.0

1734618753
0.11463109629012089 0.005002084201750729 0.0

1734618754
0.11843202668890743 0.0029190992493744786 0.0

1734618755
0.09551738583996648 0.010473397570171765 0.0

1734618756
0.09460025115110925 0.011720385098367517 0.0

1734618757
0.10263929618768329 0.006702974444909929 0.0

1734618758
0.041666666666666664 0.0008333333333333334 0.0

1734618759
0.041684035014589414 0.00041684035014589413 0.0

1734618760
0.042083333333333334 0.0 0.0

1734618761
0.04081632653061224 0.001665972511453561 0.0

1734618762
0.03916666666666667 0.0020833333333333333 0.0008333333333333334

1734618763
0.025811823480432972 0.0029142381348875937 0.014154870940882597

1734618764
0.0012520868113522537 0.004590984974958264 0.038397328881469114

1734618765
0.01211361737677527 0.010025062656641603 0.036758563074352546

1734618767
0.03506029477445288 0.006699419383653417 0.001786511835640911

