1734617696
0.0 0.0 0.0

1734617697
0.0 0.0 0.0

1734617698
0.0 0.0 0.0

1734617699
0.0 0.0 0.0

1734617700
0.0 0.0 0.0

1734617701
0.0 0.0 0.0

1734617702
0.0 0.0 0.0

1734617703
0.0 0.0 0.0

1734617704
0.0 0.0 0.0

1734617705
0.0 0.0 0.0

1734617706
0.0 0.0 0.0

1734617707
0.0 0.0 0.0

1734617708
0.0 0.0 0.0

1734617709
0.0 0.0 0.0

1734617710
0.0 0.0 0.0

1734617711
0.0 0.0 0.0

1734617712
0.0 0.0 0.0

1734617713
0.0 0.0 0.0

1734617714
0.0 0.0 0.0

1734617715
0.0 0.0 0.0

1734617716
0.0 0.0 0.0

1734617717
0.0 0.0 0.0

1734617718
0.0 0.0 0.0

1734617719
0.0 0.0 0.0

1734617720
0.0 0.0 0.0

1734617721
0.0 0.0 0.0

1734617722
0.0 0.0 0.0

1734617723
0.0 0.0 0.0

1734617724
0.0 0.0 0.0

1734617725
0.0 0.0 0.0

1734617726
0.0 0.0 0.0

1734617727
0.0 0.0 0.0

1734617728
0.0 0.0 0.0

1734617729
0.0 0.0 0.0

1734617730
0.0 0.0 0.0

1734617731
0.0 0.0 0.0

1734617732
0.0 0.0 0.0

1734617733
0.0 0.0 0.0

1734617734
0.0 0.0 0.0

1734617735
0.0 0.0 0.0

1734617736
0.0 0.0 0.0

1734617737
0.0 0.0 0.0

1734617738
0.0 0.0 0.0

1734617739
0.0 0.0 0.0

1734617740
0.0 0.0 0.0

1734617741
0.0 0.0 0.0

1734617742
0.0 0.0 0.0

1734617743
0.0 0.0 0.0

1734617744
0.0 0.0 0.0

1734617745
0.0 0.0 0.0

1734617746
0.0 0.0 0.0

1734617747
0.0 0.0 0.0

1734617748
0.0 0.0 0.0

1734617749
0.0 0.0 0.0

1734617750
0.0 0.0 0.0

1734617751
0.0 0.0 0.0

1734617752
0.0 0.0 0.0

1734617753
0.0 0.0 0.0

1734617754
0.0 0.0 0.0

1734617755
0.0 0.0 0.0

1734617756
0.0 0.0 0.0

1734617757
0.0 0.0 0.0

1734617758
0.0 0.0 0.0

1734617759
0.0 0.0 0.0

1734617760
0.0 0.0 0.0

1734617761
0.0 0.0 0.0

1734617762
0.0 0.0 0.0

1734617763
0.0 0.0 0.0

1734617764
0.0 0.0 0.0

1734617765
0.0 0.0 0.0

1734617766
0.0 0.0 0.0

1734617767
0.0 0.0 0.0

1734617768
0.0 0.0 0.0

1734617769
0.0 0.0 0.0

1734617770
0.0 0.0 0.0

1734617771
0.0 0.0 0.0

1734617772
0.0 0.0 0.0

1734617773
0.0 0.0 0.0

1734617774
0.0 0.0 0.0

1734617775
0.0 0.0 0.0

1734617776
0.0 0.0 0.0

1734617777
0.0 0.0 0.0

1734617778
0.0 0.0 0.0

1734617779
0.0 0.0 0.0

1734617780
0.0 0.0 0.0

1734617781
0.0 0.0 0.0

1734617782
0.0 0.0 0.0

1734617783
0.0 0.0 0.0

1734617784
0.0 0.0 0.0

1734617785
0.0 0.0 0.0

1734617786
0.0 0.0 0.0

1734617787
0.0 0.0 0.0

1734617788
0.0 0.0 0.0

1734617789
0.0 0.0 0.0

1734617790
0.0 0.0 0.0

1734617791
0.0 0.0 0.0

1734617792
0.0 0.0 0.0

1734617793
0.0 0.0 0.0

1734617794
0.0 0.0 0.0

1734617795
0.0 0.0 0.0

1734617796
0.0 0.0 0.0

1734617797
0.0 0.0 0.0

1734617798
0.0 0.0 0.0

1734617799
0.0 0.0 0.0

1734617801
0.0 0.0 0.0

1734617802
0.0 0.0 0.0

1734617803
0.0 0.0 0.0

1734617804
0.0 0.0 0.0

1734617805
0.0 0.0 0.0

1734617806
0.0 0.0 0.0

1734617807
0.0 0.0 0.0

1734617808
0.0 0.0 0.0

1734617809
0.0 0.0 0.0

1734617810
0.0 0.0 0.0

1734617811
0.0 0.0 0.0

1734617812
0.0 0.0 0.0

1734617814
0.0 0.0 0.0

1734617816
0.0 0.0 0.0

1734617817
0.0 0.0 0.0

1734617818
0.0 0.0 0.0

1734617820
0.0 0.0 0.0

1734617821
0.0 0.0 0.0

1734617823
0.0 0.0 0.0

1734617824
0.0 0.0 0.0

1734617825
0.0 0.0 0.0

1734617826
0.0 0.0 0.0

1734617827
0.0 0.0 0.0

1734617828
0.0 0.0 0.0

1734617830
0.0 0.0 0.0

1734617831
0.0 0.0 0.0

1734617832
0.0 0.0 0.0

1734617833
0.0 0.0 0.0

1734617834
0.0 0.0 0.0

1734617835
0.0 0.0 0.0

1734617836
0.0 0.0 0.0

1734617838
0.0 0.0 0.0

1734617839
0.0 0.0 0.0

1734617840
0.0 0.0 0.0

1734617843
0.0 0.0 0.0

1734617844
0.0 0.0 0.0

1734617845
0.0 0.0 0.0

1734617846
0.0 0.0 0.0

1734617847
0.0 0.0 0.0

1734617848
0.0 0.0 0.0

1734617849
0.0 0.0 0.0

1734617851
0.0 0.0 0.0

1734617852
0.0 0.0 0.0

1734617853
0.0 0.0 0.0

1734617854
0.0 0.0 0.0

1734617855
0.0 0.0 0.0

1734617857
0.0 0.0 0.0

1734617859
0.0 0.0 0.0

1734617860
0.0 0.0 0.0

1734617861
0.0 0.0 0.0

1734617864
0.0 0.0 0.0

1734617865
0.0 0.0 0.0

1734617866
0.0 0.0 0.0

1734617867
0.0 0.0 0.0

1734617868
0.0 0.0 0.0

1734617870
0.0 0.0 0.0

1734617871
0.0 0.0 0.0

1734617872
0.0 0.0 0.0

1734617875
0.0 0.0 0.0

1734617876
0.0 0.0 0.0

1734617879
0.0 0.0 0.0

1734617882
0.0 0.0 0.0

1734617883
0.0 0.0 0.0

1734617884
0.0 0.0 0.0

1734617885
0.0 0.0 0.0

1734617887
0.0 0.0 0.0

1734617888
0.0 0.0 0.0

1734617889
0.0 0.0 0.0

1734617890
0.0 0.0 0.0

1734617891
0.0 0.0 0.0

1734617892
0.0 0.0 0.0

1734617893
0.0 0.0 0.0

1734617894
0.0 0.0 0.0

1734617895
0.0 0.0 0.0

1734617896
0.0 0.0 0.0

1734617897
0.0 0.0 0.0

1734617898
0.0 0.0 0.0

1734617899
0.0 0.0 0.0

1734617902
0.0 0.0 0.0

1734617903
0.0 0.0 0.0

1734617904
0.0 0.0 0.0

1734617905
0.0 0.0 0.0

1734617906
0.0 0.0 0.0

1734617907
0.0 0.0 0.0

1734617908
0.0 0.0 0.0

1734617909
0.0 0.0 0.0

1734617910
0.0 0.0 0.0

1734617912
0.0 0.0 0.0

1734617913
0.0 0.0 0.0

1734617914
0.0 0.0 0.0

1734617915
0.0 0.0 0.0

1734617916
0.0 0.0 0.0

1734617917
0.0 0.0 0.0

1734617918
0.0 0.0 0.0

1734617920
0.0 0.0 0.0

1734617921
0.0 0.0 0.0

1734617922
0.0 0.0 0.0

1734617923
0.0 0.0 0.0

1734617924
0.0 0.0 0.0

1734617925
0.0 0.0 0.0

1734617926
0.0 0.0 0.0

1734617927
0.0 0.0 0.0

1734617928
0.0 0.0 0.0

1734617929
0.0 0.0 0.0

1734617930
0.0 0.0 0.0

1734617931
0.0 0.0 0.0

1734617932
0.0 0.0 0.0

1734617933
0.0 0.0 0.0

1734617934
0.0 0.0 0.0

1734617935
0.0 0.0 0.0

1734617936
0.0 0.0 0.0

1734617938
0.0 0.0 0.0

1734617939
0.0 0.0 0.0

1734617940
0.0 0.0 0.0

1734617941
0.0 0.0 0.0

1734617942
0.0 0.0 0.0

1734617943
0.0 0.0 0.0

1734617944
0.0 0.0 0.0

1734617945
0.0 0.0 0.0

1734617946
0.0 0.0 0.0

1734617947
0.0 0.0 0.0

1734617948
0.0 0.0 0.0

1734617949
0.0 0.0 0.0

1734617950
0.0 0.0 0.0

1734617951
0.0 0.0 0.0

1734617952
0.0 0.0 0.0

1734617953
0.0 0.0 0.0

1734617954
0.0 0.0 0.0

1734617955
0.0 0.0 0.0

1734617956
0.0 0.0 0.0

1734617957
0.0 0.0 0.0

1734617958
0.0 0.0 0.0

1734617959
0.0 0.0 0.0

1734617961
0.0 0.0 0.0

1734617963
0.0 0.0 0.0

1734617964
0.0 0.0 0.0

1734617965
0.0 0.0 0.0

1734617966
0.0 0.0 0.0

1734617967
0.0 0.0 0.0

1734617968
0.0 0.0 0.0

1734617970
0.0 0.0 0.0

1734617971
0.0 0.0 0.0

1734617972
0.0 0.0 0.0

1734617973
0.0 0.0 0.0

1734617976
0.0 0.0 0.0

1734617980
0.0 0.0 0.0

1734617981
0.0 0.0 0.0

1734617982
0.0 0.0 0.0

1734617983
0.0 0.0 0.0

1734617988
0.0 0.0 0.0

1734617989
0.0 0.0 0.0

1734617990
0.0 0.0 0.0

1734617991
0.0 0.0 0.0

1734617992
0.0 0.0 0.0

1734617994
0.0 0.0 0.0

1734617995
0.0 0.0 0.0

1734617996
0.0 0.0 0.0

1734617997
0.0 0.0 0.0

1734617998
0.0 0.0 0.0

1734617999
0.0 0.0 0.0

1734618000
0.0 0.0 0.0

1734618002
0.0 0.0 0.0

1734618003
0.0 0.0 0.0

1734618004
0.0 0.0 0.0

1734618005
0.0 0.0 0.0

1734618006
0.0 0.0 0.0

1734618007
0.0 0.0 0.0

1734618008
0.0 0.0 0.0

1734618009
0.0 0.0 0.0

1734618010
0.0 0.0 0.0

1734618011
0.0 0.0 0.0

1734618012
0.0 0.0 0.0

1734618013
0.0 0.0 0.0

1734618014
0.0 0.0 0.0

1734618015
0.0 0.0 0.0

1734618016
0.0 0.0 0.0

1734618019
0.0 0.0 0.0

1734618020
0.0 0.0 0.0

1734618021
0.0 0.0 0.0

1734618022
0.0 0.0 0.0

1734618023
0.0 0.0 0.0

1734618024
0.0 0.0 0.0

1734618025
0.0 0.0 0.0

1734618026
0.0 0.0 0.0

1734618027
0.0 0.0 0.0

1734618028
0.0 0.0 0.0

1734618029
0.0 0.0 0.0

1734618030
0.0 0.0 0.0

1734618031
0.0 0.0 0.0

1734618032
0.0 0.0 0.0

1734618033
0.0 0.0 0.0

1734618034
0.0 0.0 0.0

1734618035
0.0 0.0 0.0

1734618036
0.0 0.0 0.0

1734618037
0.0 0.0 0.0

1734618038
0.0 0.0 0.0

1734618041
0.0 0.0 0.0

1734618042
0.0 0.0 0.0

1734618043
0.0 0.0 0.0

1734618044
0.0 0.0 0.0

1734618045
0.0 0.0 0.0

1734618046
0.0 0.0 0.0

1734618047
0.0 0.0 0.0

1734618048
0.0 0.0 0.0

1734618049
0.0 0.0 0.0

1734618050
0.0 0.0 0.0

1734618056
0.0 0.0 0.0

1734618057
0.0 0.0 0.0

1734618059
0.0 0.0 0.0

1734618060
0.0 0.0 0.0

1734618061
0.0 0.0 0.0

1734618063
0.0 0.0 0.0

1734618064
0.0 0.0 0.0

1734618065
0.0 0.0 0.0

1734618066
0.0 0.0 0.0

1734618067
0.0 0.0 0.0

1734618068
0.0 0.0 0.0

1734618069
0.0 0.0 0.0

1734618072
0.0 0.0 0.0

1734618073
0.0 0.0 0.0

1734618077
0.0 0.0 0.0

1734618078
0.0 0.0 0.0

1734618079
0.0 0.0 0.0

1734618081
0.0 0.0 0.0

1734618082
0.0 0.0 0.0

1734618084
0.0 0.0 0.0

1734618085
0.0 0.0 0.0

1734618087
0.0 0.0 0.0

1734618088
0.0 0.0 0.0

1734618089
0.0 0.0 0.0

1734618090
0.0 0.0 0.0

1734618092
0.0 0.0 0.0

1734618093
0.0 0.0 0.0

1734618096
0.0 0.0 0.0

1734618097
0.0 0.0 0.0

1734618099
0.0 0.0 0.0

1734618100
0.0 0.0 0.0

1734618102
0.0 0.0 0.0

1734618103
0.0 0.0 0.0

1734618104
0.0 0.0 0.0

1734618105
0.0 0.0 0.0

1734618107
0.0 0.0 0.0

1734618108
0.0 0.0 0.0

1734618109
0.0 0.0 0.0

1734618111
0.0 0.0 0.0

1734618113
0.0 0.0 0.0

1734618114
0.0 0.0 0.0

1734618115
0.0 0.0 0.0

1734618116
0.0 0.0 0.0

1734618117
0.0 0.0 0.0

1734618118
0.0 0.0 0.0

1734618119
0.0 0.0 0.0

1734618120
0.0 0.0 0.0

1734618121
0.0 0.0 0.0

1734618122
0.0 0.0 0.0

1734618123
0.0 0.0 0.0

1734618124
0.0 0.0 0.0

1734618126
0.0 0.0 0.0

1734618128
0.0 0.0 0.0

1734618129
0.0 0.0 0.0

1734618130
0.0 0.0 0.0

1734618131
0.0 0.0 0.0

1734618133
0.0 0.0 0.0

1734618134
0.0 0.0 0.0

1734618135
0.0 0.0 0.0

1734618136
0.0 0.0 0.0

1734618137
0.0 0.0 0.0

1734618138
0.0 0.0 0.0

1734618140
0.0 0.0 0.0

1734618141
0.0 0.0 0.0

1734618142
0.0 0.0 0.0

1734618143
0.0 0.0 0.0

1734618144
0.0 0.0 0.0

1734618145
0.0 0.0 0.0

1734618146
0.0 0.0 0.0

1734618147
0.0 0.0 0.0

1734618148
0.0 0.0 0.0

1734618149
0.0 0.0 0.0

1734618150
0.0 0.0 0.0

1734618151
0.0 0.0 0.0

1734618152
0.0 0.0 0.0

1734618153
0.0 0.0 0.0

1734618154
0.0 0.0 0.0

1734618155
0.0 0.0 0.0

1734618156
0.0 0.0 0.0

1734618157
0.0 0.0 0.0

1734618158
0.0 0.0 0.0

1734618159
0.0 0.0 0.0

1734618160
0.0 0.0 0.0

1734618161
0.0 0.0 0.0

1734618162
0.0 0.0 0.0

1734618163
0.0 0.0 0.0

1734618164
0.0 0.0 0.0

1734618166
0.0 0.0 0.0

1734618167
0.0 0.0 0.0

1734618168
0.0 0.0 0.0

1734618169
0.0 0.0 0.0

1734618170
0.0 0.0 0.0

1734618171
0.0 0.0 0.0

1734618173
0.0 0.0 0.0

1734618174
0.0 0.0 0.0

1734618175
0.0 0.0 0.0

1734618176
0.0 0.0 0.0

1734618177
0.0 0.0 0.0

1734618178
0.0 0.0 0.0

1734618179
0.0 0.0 0.0

1734618180
0.0 0.0 0.0

1734618181
0.0 0.0 0.0

1734618182
0.0 0.0 0.0

1734618183
0.0 0.0 0.0

1734618184
0.0 0.0 0.0

1734618185
0.0 0.0 0.0

1734618186
0.0 0.0 0.0

1734618187
0.0 0.0 0.0

1734618188
0.0 0.0 0.0

1734618189
0.0 0.0 0.0

1734618190
0.0 0.0 0.0

1734618191
0.0 0.0 0.0

1734618193
0.0 0.0 0.0

1734618194
0.0 0.0 0.0

1734618195
0.0 0.0 0.0

1734618196
0.0 0.0 0.0

1734618197
0.0 0.0 0.0

1734618198
0.0 0.0 0.0

1734618199
0.0 0.0 0.0

1734618200
0.0 0.0 0.0

1734618201
0.0 0.0 0.0

1734618202
0.0 0.0 0.0

1734618203
0.0 0.0 0.0

1734618204
0.0 0.0 0.0

1734618205
0.0 0.0 0.0

1734618206
0.0 0.0 0.0

1734618207
0.0 0.0 0.0

1734618208
0.0 0.0 0.0

1734618209
0.0 0.0 0.0

1734618210
0.0 0.0 0.0

1734618211
0.0 0.0 0.0

1734618212
0.0 0.0 0.0

1734618213
0.0 0.0 0.0

1734618214
0.0 0.0 0.0

1734618215
0.0 0.0 0.0

1734618216
0.0 0.0 0.0

1734618217
0.0 0.0 0.0

1734618218
0.0 0.0 0.0

1734618219
0.0 0.0 0.0

1734618220
0.0 0.0 0.0

1734618221
0.0 0.0 0.0

1734618222
0.0 0.0 0.0

1734618223
0.0 0.0 0.0

1734618224
0.0 0.0 0.0

1734618225
0.0 0.0 0.0

1734618226
0.0 0.0 0.0

1734618227
0.0 0.0 0.0

1734618228
0.0 0.0 0.0

1734618229
0.0 0.0 0.0

1734618230
0.0 0.0 0.0

1734618231
0.0 0.0 0.0

1734618232
0.0 0.0 0.0

1734618233
0.0 0.0 0.0

1734618234
0.0 0.0 0.0

1734618235
0.0 0.0 0.0

1734618236
0.0 0.0 0.0

1734618237
0.0 0.0 0.0

1734618238
0.0 0.0 0.0

1734618239
0.0 0.0 0.0

1734618240
0.0 0.0 0.0

1734618241
0.0 0.0 0.0

1734618242
0.0 0.0 0.0

1734618243
0.0 0.0 0.0

1734618244
0.0 0.0 0.0

1734618245
0.0 0.0 0.0

1734618246
0.0 0.0 0.0

1734618247
0.0 0.0 0.0

1734618248
0.0 0.0 0.0

1734618249
0.0 0.0 0.0

1734618250
0.0 0.0 0.0

1734618251
0.0 0.0 0.0

1734618252
0.0 0.0 0.0

1734618253
0.0 0.0 0.0

1734618255
0.0 0.0 0.0

1734618256
0.0 0.0 0.0

1734618257
0.0 0.0 0.0

1734618258
0.0 0.0 0.0

1734618260
0.0 0.0 0.0

1734618261
0.0 0.0 0.0

1734618262
0.0 0.0 0.0

1734618263
0.0 0.0 0.0

1734618264
0.0 0.0 0.0

1734618265
0.0 0.0 0.0

1734618266
0.0 0.0 0.0

1734618267
0.0 0.0 0.0

1734618268
0.0 0.0 0.0

1734618269
0.0 0.0 0.0

1734618270
0.0 0.0 0.0

1734618271
0.0 0.0 0.0

1734618272
0.0 0.0 0.0

1734618273
0.0 0.0 0.0

1734618275
0.0 0.0 0.0

1734618276
0.0 0.0 0.0

1734618277
0.0 0.0 0.0

1734618278
0.0 0.0 0.0

1734618279
0.0 0.0 0.0

1734618280
0.0 0.0 0.0

1734618282
0.0 0.0 0.0

1734618283
0.0 0.0 0.0

1734618284
0.0 0.0 0.0

1734618285
0.0 0.0 0.0

1734618286
0.0 0.0 0.0

1734618287
0.0 0.0 0.0

1734618288
0.0 0.0 0.0

1734618291
0.0 0.0 0.0

1734618292
0.0 0.0 0.0

1734618293
0.0 0.0 0.0

1734618294
0.0 0.0 0.0

1734618295
0.0 0.0 0.0

1734618296
0.0 0.0 0.0

1734618298
0.0 0.0 0.0

1734618299
0.0 0.0 0.0

1734618300
0.0 0.0 0.0

1734618301
0.0 0.0 0.0

1734618302
0.0 0.0 0.0

1734618303
0.0 0.0 0.0

1734618304
0.0 0.0 0.0

1734618305
0.0 0.0 0.0

1734618306
0.0 0.0 0.0

1734618307
0.0 0.0 0.0

1734618308
0.0 0.0 0.0

1734618309
0.0 0.0 0.0

1734618310
0.0 0.0 0.0

1734618311
0.0 0.0 0.0

1734618312
0.0 0.0 0.0

1734618313
0.0 0.0 0.0

1734618314
0.0 0.0 0.0

1734618315
0.0 0.0 0.0

1734618316
0.0 0.0 0.0

1734618317
0.0 0.0 0.0

1734618318
0.0 0.0 0.0

1734618319
0.0 0.0 0.0

1734618321
0.0 0.0 0.0

1734618322
0.0 0.0 0.0

1734618324
0.0 0.0 0.0

1734618325
0.0 0.0 0.0

1734618326
0.0 0.0 0.0

1734618327
0.0 0.0 0.0

1734618328
0.0 0.0 0.0

1734618329
0.0 0.0 0.0

1734618330
0.0 0.0 0.0

1734618331
0.0 0.0 0.0

1734618333
0.0 0.0 0.0

1734618334
0.0 0.0 0.0

1734618335
0.0 0.0 0.0

1734618336
0.0 0.0 0.0

1734618337
0.0 0.0 0.0

1734618338
0.0 0.0 0.0

1734618342
0.0 0.0 0.0

1734618343
0.0 0.0 0.0

1734618344
0.0 0.0 0.0

1734618346
0.0 0.0 0.0

1734618347
0.0 0.0 0.0

1734618348
0.0 0.0 0.0

1734618349
0.0 0.0 0.0

1734618350
0.0 0.0 0.0

1734618351
0.0 0.0 0.0

1734618352
0.0 0.0 0.0

1734618353
0.0 0.0 0.0

1734618354
0.0 0.0 0.0

1734618355
0.0 0.0 0.0

1734618356
0.0 0.0 0.0

1734618357
0.0 0.0 0.0

1734618359
0.0 0.0 0.0

1734618360
0.0 0.0 0.0

1734618361
0.0 0.0 0.0

1734618362
0.0 0.0 0.0

1734618363
0.0 0.0 0.0

1734618365
0.0 0.0 0.0

1734618366
0.0 0.0 0.0

1734618367
0.0 0.0 0.0

1734618368
0.0 0.0 0.0

1734618369
0.0 0.0 0.0

1734618370
0.0 0.0 0.0

1734618371
0.0 0.0 0.0

1734618372
0.0 0.0 0.0

1734618373
0.0 0.0 0.0

1734618374
0.0 0.0 0.0

1734618375
0.0 0.0 0.0

1734618376
0.0 0.0 0.0

1734618377
0.0 0.0 0.0

1734618378
0.0 0.0 0.0

1734618379
0.0 0.0 0.0

1734618380
0.0 0.0 0.0

1734618381
0.0 0.0 0.0

1734618382
0.0 0.0 0.0

1734618383
0.0 0.0 0.0

1734618384
0.0 0.0 0.0

1734618385
0.0 0.0 0.0

1734618386
0.0 0.0 0.0

1734618387
0.0 0.0 0.0

1734618388
0.0 0.0 0.0

1734618389
0.0 0.0 0.0

1734618390
0.0 0.0 0.0

1734618391
0.0 0.0 0.0

1734618392
0.0 0.0 0.0

1734618393
0.0 0.0 0.0

1734618394
0.0 0.0 0.0

1734618395
0.0 0.0 0.0

1734618396
0.0 0.0 0.0

1734618397
0.0 0.0 0.0

1734618398
0.0 0.0 0.0

1734618399
0.0 0.0 0.0

1734618400
0.0 0.0 0.0

1734618401
0.0 0.0 0.0

1734618402
0.0 0.0 0.0

1734618403
0.0 0.0 0.0

1734618404
0.0 0.0 0.0

1734618405
0.0 0.0 0.0

1734618406
0.0 0.0 0.0

1734618407
0.0 0.0 0.0

1734618408
0.0 0.0 0.0

1734618409
0.0 0.0 0.0

1734618410
0.0 0.0 0.0

1734618411
0.0 0.0 0.0

1734618412
0.0 0.0 0.0

1734618413
0.0 0.0 0.0

1734618414
0.0 0.0 0.0

1734618415
0.0 0.0 0.0

1734618416
0.0 0.0 0.0

1734618417
0.0 0.0 0.0

1734618418
0.0 0.0 0.0

1734618419
0.0 0.0 0.0

1734618420
0.0 0.0 0.0

1734618421
0.0 0.0 0.0

1734618422
0.0 0.0 0.0

1734618423
0.0 0.0 0.0

1734618424
0.0 0.0 0.0

1734618425
0.0 0.0 0.0

1734618426
0.0 0.0 0.0

1734618427
0.0 0.0 0.0

1734618428
0.0 0.0 0.0

1734618429
0.0 0.0 0.0

1734618430
0.0 0.0 0.0

1734618431
0.0 0.0 0.0

1734618432
0.0 0.0 0.0

1734618433
0.0 0.0 0.0

1734618434
0.0 0.0 0.0

1734618435
0.0 0.0 0.0

1734618436
0.0 0.0 0.0

1734618437
0.0 0.0 0.0

1734618438
0.0 0.0 0.0

1734618439
0.0 0.0 0.0

1734618440
0.0 0.0 0.0

1734618441
0.0 0.0 0.0

1734618442
0.0 0.0 0.0

1734618443
0.0 0.0 0.0

1734618444
0.0 0.0 0.0

1734618445
0.0 0.0 0.0

1734618446
0.0 0.0 0.0

1734618447
0.0 0.0 0.0

1734618448
0.0 0.0 0.0

1734618449
0.0 0.0 0.0

1734618450
0.0 0.0 0.0

1734618451
0.0 0.0 0.0

1734618452
0.0 0.0 0.0

1734618453
0.0 0.0 0.0

1734618454
0.0 0.0 0.0

1734618455
0.0 0.0 0.0

1734618456
0.0 0.0 0.0

1734618457
0.0 0.0 0.0

1734618458
0.0 0.0 0.0

1734618459
0.0 0.0 0.0

1734618460
0.0 0.0 0.0

1734618461
0.0 0.0 0.0

1734618462
0.0 0.0 0.0

1734618463
0.0 0.0 0.0

1734618464
0.0 0.0 0.0

1734618465
0.0 0.0 0.0

1734618466
0.0 0.0 0.0

1734618467
0.0 0.0 0.0

1734618468
0.0 0.0 0.0

1734618469
0.0 0.0 0.0

1734618470
0.0 0.0 0.0

1734618471
0.0 0.0 0.0

1734618472
0.0 0.0 0.0

1734618473
0.0 0.0 0.0

1734618474
0.0 0.0 0.0

1734618475
0.0 0.0 0.0

1734618477
0.0 0.0 0.0

1734618478
0.0 0.0 0.0

1734618479
0.0 0.0 0.0

1734618480
0.0 0.0 0.0

1734618481
0.0 0.0 0.0

1734618482
0.0 0.0 0.0

1734618483
0.0 0.0 0.0

1734618484
0.0 0.0 0.0

1734618485
0.0 0.0 0.0

1734618486
0.0 0.0 0.0

1734618487
0.0 0.0 0.0

1734618488
0.0 0.0 0.0

1734618489
0.0 0.0 0.0

1734618490
0.0 0.0 0.0

1734618491
0.0 0.0 0.0

1734618492
0.0 0.0 0.0

1734618493
0.0 0.0 0.0

1734618494
0.0 0.0 0.0

1734618495
0.0 0.0 0.0

1734618496
0.0 0.0 0.0

1734618497
0.0 0.0 0.0

1734618498
0.0 0.0 0.0

1734618499
0.0 0.0 0.0

1734618500
0.0 0.0 0.0

1734618501
0.0 0.0 0.0

1734618502
0.0 0.0 0.0

1734618503
0.0 0.0 0.0

1734618504
0.0 0.0 0.0

1734618505
0.0 0.0 0.0

1734618506
0.0 0.0 0.0

1734618507
0.0 0.0 0.0

1734618509
0.0 0.0 0.0

1734618510
0.0 0.0 0.0

1734618511
0.0 0.0 0.0

1734618512
0.0 0.0 0.0

1734618513
0.0 0.0 0.0

1734618514
0.0 0.0 0.0

1734618515
0.0 0.0 0.0

1734618516
0.0 0.0 0.0

1734618517
0.0 0.0 0.0

1734618518
0.0 0.0 0.0

1734618519
0.0 0.0 0.0

1734618520
0.0 0.0 0.0

1734618521
0.0 0.0 0.0

1734618522
0.0 0.0 0.0

1734618523
0.0 0.0 0.0

1734618524
0.0 0.0 0.0

1734618525
0.0 0.0 0.0

1734618526
0.0 0.0 0.0

1734618527
0.0 0.0 0.0

1734618528
0.0 0.0 0.0

1734618529
0.0 0.0 0.0

1734618530
0.0 0.0 0.0

1734618531
0.0 0.0 0.0

1734618532
0.0 0.0 0.0

1734618533
0.0 0.0 0.0

1734618534
0.0 0.0 0.0

1734618535
0.0 0.0 0.0

1734618536
0.0 0.0 0.0

1734618537
0.0 0.0 0.0

1734618538
0.0 0.0 0.0

1734618539
0.0 0.0 0.0

1734618540
0.0 0.0 0.0

1734618541
0.0 0.0 0.0

1734618542
0.0 0.0 0.0

1734618543
0.0 0.0 0.0

1734618544
0.0 0.0 0.0

1734618545
0.0 0.0 0.0

1734618546
0.0 0.0 0.0

1734618547
0.0 0.0 0.0

1734618548
0.0 0.0 0.0

1734618549
0.0 0.0 0.0

1734618550
0.0 0.0 0.0

1734618551
0.0 0.0 0.0

1734618552
0.0 0.0 0.0

1734618553
0.0 0.0 0.0

1734618554
0.0 0.0 0.0

1734618555
0.0 0.0 0.0

1734618556
0.0 0.0 0.0

1734618557
0.0 0.0 0.0

1734618558
0.0 0.0 0.0

1734618559
0.0 0.0 0.0

1734618560
0.0 0.0 0.0

1734618561
0.0 0.0 0.0

1734618562
0.0 0.0 0.0

1734618563
0.0 0.0 0.0

1734618564
0.0 0.0 0.0

1734618565
0.0 0.0 0.0

1734618566
0.0 0.0 0.0

1734618567
0.0 0.0 0.0

1734618568
0.0 0.0 0.0

1734618569
0.0 0.0 0.0

1734618570
0.0 0.0 0.0

1734618571
0.0 0.0 0.0

1734618572
0.0 0.0 0.0

1734618573
0.0 0.0 0.0

1734618574
0.0 0.0 0.0

1734618575
0.0 0.0 0.0

1734618576
0.0 0.0 0.0

1734618577
0.0 0.0 0.0

1734618578
0.0 0.0 0.0

1734618579
0.0 0.0 0.0

1734618580
0.0 0.0 0.0

1734618581
0.0 0.0 0.0

1734618582
0.0 0.0 0.0

1734618583
0.0 0.0 0.0

1734618584
0.0 0.0 0.0

1734618585
0.0 0.0 0.0

1734618586
0.0 0.0 0.0

1734618587
0.0 0.0 0.0

1734618588
0.0 0.0 0.0

1734618589
0.0 0.0 0.0

1734618590
0.0 0.0 0.0

1734618591
0.0 0.0 0.0

1734618592
0.0 0.0 0.0

1734618593
0.0 0.0 0.0

1734618594
0.0 0.0 0.0

1734618595
0.0 0.0 0.0

1734618596
0.0 0.0 0.0

1734618597
0.0 0.0 0.0

1734618598
0.0 0.0 0.0

1734618599
0.0 0.0 0.0

1734618600
0.0 0.0 0.0

1734618601
0.0 0.0 0.0

1734618602
0.0 0.0 0.0

1734618603
0.0 0.0 0.0

1734618604
0.0 0.0 0.0

1734618605
0.0 0.0 0.0

1734618606
0.0 0.0 0.0

1734618607
0.0 0.0 0.0

1734618608
0.0 0.0 0.0

1734618609
0.0 0.0 0.0

1734618610
0.0 0.0 0.0

1734618611
0.0 0.0 0.0

1734618612
0.0 0.0 0.0

1734618613
0.0 0.0 0.0

1734618614
0.0 0.0 0.0

1734618615
0.0 0.0 0.0

1734618616
0.0 0.0 0.0

1734618617
0.0 0.0 0.0

1734618618
0.0 0.0 0.0

1734618619
0.0 0.0 0.0

1734618620
0.0 0.0 0.0

1734618621
0.0 0.0 0.0

1734618622
0.0 0.0 0.0

1734618623
0.0 0.0 0.0

1734618624
0.0 0.0 0.0

1734618625
0.0 0.0 0.0

1734618626
0.0 0.0 0.0

1734618627
0.0 0.0 0.0

1734618628
0.0 0.0 0.0

1734618629
0.0 0.0 0.0

1734618630
0.0 0.0 0.0

1734618631
0.0 0.0 0.0

1734618632
0.0 0.0 0.0

1734618633
0.0 0.0 0.0

1734618634
0.0 0.0 0.0

1734618635
0.0 0.0 0.0

1734618636
0.0 0.0 0.0

1734618637
0.0 0.0 0.0

1734618638
0.0 0.0 0.0

1734618639
0.0 0.0 0.0

1734618640
0.0 0.0 0.0

1734618641
0.0 0.0 0.0

1734618642
0.0 0.0 0.0

1734618643
0.0 0.0 0.0

1734618644
0.0 0.0 0.0

1734618645
0.0 0.0 0.0

1734618646
0.0 0.0 0.0

1734618647
0.0 0.0 0.0

1734618648
0.0 0.0 0.0

1734618649
0.0 0.0 0.0

1734618650
0.0 0.0 0.0

1734618651
0.0 0.0 0.0

1734618652
0.0 0.0 0.0

1734618653
0.0 0.0 0.0

1734618654
0.0 0.0 0.0

1734618655
0.0 0.0 0.0

1734618656
0.0 0.0 0.0

1734618657
0.0 0.0 0.0

1734618658
0.0 0.0 0.0

1734618659
0.0 0.0 0.0

1734618660
0.0 0.0 0.0

1734618661
0.0 0.0 0.0

1734618662
0.0 0.0 0.0

1734618663
0.0 0.0 0.0

1734618664
0.0 0.0 0.0

1734618665
0.0 0.0 0.0

1734618666
0.0 0.0 0.0

1734618667
0.0 0.0 0.0

1734618668
0.0 0.0 0.0

1734618669
0.0 0.0 0.0

1734618670
0.0 0.0 0.0

1734618671
0.0 0.0 0.0

1734618672
0.0 0.0 0.0

1734618673
0.0 0.0 0.0

1734618674
0.0 0.0 0.0

1734618675
0.0 0.0 0.0

1734618676
0.0 0.0 0.0

1734618677
0.0 0.0 0.0

1734618678
0.0 0.0 0.0

1734618679
0.0 0.0 0.0

1734618680
0.0 0.0 0.0

1734618681
0.0 0.0 0.0

1734618682
0.0 0.0 0.0

1734618683
0.0 0.0 0.0

1734618684
0.0 0.0 0.0

1734618685
0.0 0.0 0.0

1734618686
0.0 0.0 0.0

1734618687
0.0 0.0 0.0

1734618688
0.0 0.0 0.0

1734618689
0.0 0.0 0.0

1734618690
0.0 0.0 0.0

1734618691
0.0 0.0 0.0

1734618692
0.0 0.0 0.0

1734618693
0.0 0.0 0.0

1734618694
0.0 0.0 0.0

1734618695
0.0 0.0 0.0

1734618696
0.0 0.0 0.0

1734618697
0.0 0.0 0.0

1734618698
0.0 0.0 0.0

1734618699
0.0 0.0 0.0

1734618700
0.0 0.0 0.0

1734618701
0.0 0.0 0.0

1734618702
0.0 0.0 0.0

1734618703
0.0 0.0 0.0

1734618704
0.0 0.0 0.0

1734618705
0.0 0.0 0.0

1734618706
0.0 0.0 0.0

1734618707
0.0 0.0 0.0

1734618708
0.0 0.0 0.0

1734618709
0.0 0.0 0.0

1734618710
0.0 0.0 0.0

1734618711
0.0 0.0 0.0

1734618712
0.0 0.0 0.0

1734618713
0.0 0.0 0.0

1734618714
0.0 0.0 0.0

1734618715
0.0 0.0 0.0

1734618716
0.0 0.0 0.0

1734618717
0.0 0.0 0.0

1734618718
0.0 0.0 0.0

1734618719
0.0 0.0 0.0

1734618720
0.0 0.0 0.0

1734618721
0.0 0.0 0.0

1734618722
0.0 0.0 0.0

1734618723
0.0 0.0 0.0

1734618724
0.0 0.0 0.0

1734618725
0.0 0.0 0.0

1734618726
0.0 0.0 0.0

1734618727
0.0 0.0 0.0

1734618728
0.0 0.0 0.0

1734618729
0.0 0.0 0.0

1734618730
0.0 0.0 0.0

1734618731
0.0 0.0 0.0

1734618732
0.0 0.0 0.0

1734618733
0.0 0.0 0.0

1734618734
0.0 0.0 0.0

1734618735
0.0 0.0 0.0

1734618736
0.0 0.0 0.0

1734618737
0.0 0.0 0.0

1734618738
0.0 0.0 0.0

1734618739
0.0 0.0 0.0

1734618740
0.0 0.0 0.0

1734618741
0.0 0.0 0.0

1734618742
0.0 0.0 0.0

1734618743
0.0 0.0 0.0

1734618744
0.0 0.0 0.0

1734618745
0.0 0.0 0.0

1734618746
0.0 0.0 0.0

1734618747
0.0 0.0 0.0

1734618748
0.0 0.0 0.0

1734618749
0.0 0.0 0.0

1734618750
0.0 0.0 0.0

1734618751
0.0 0.0 0.0

1734618752
0.0 0.0 0.0

1734618753
0.0 0.0 0.0

1734618754
0.0 0.0 0.0

1734618755
0.0 0.0 0.0

1734618756
0.0 0.0 0.0

1734618757
0.0 0.0 0.0

1734618758
0.0 0.0 0.0

1734618759
0.0 0.0 0.0

1734618760
0.0 0.0 0.0

1734618761
0.0 0.0 0.0

1734618762
0.0 0.0 0.0

1734618763
0.0 0.0 0.0

1734618764
0.0 0.0 0.0

1734618765
0.0 0.0 0.0

