1734607524
0.0 0.0 0.0

1734607525
0.0 0.0 0.0

1734607526
0.0 0.0 0.0

1734607528
0.0 0.0 0.0

1734607529
0.0 0.0 0.0

1734607530
0.0 0.0 0.0

1734607531
0.0 0.0 0.0

1734607532
0.0 0.0 0.0

1734607533
0.0 0.0 0.0

1734607534
0.0 0.0 0.0

1734607535
0.0 0.0 0.0

1734607536
0.0 0.0 0.0

1734607537
0.0 0.0 0.0

1734607538
0.0 0.0 0.0

1734607539
0.0 0.0 0.0

1734607540
0.0 0.0 0.0

1734607541
0.0 0.0 0.0

1734607542
0.0 0.0 0.0

1734607543
0.0 0.0 0.0

1734607544
0.0 0.0 0.0

1734607545
0.0 0.0 0.0

1734607546
0.0 0.0 0.0

1734607547
0.0 0.0 0.0

1734607548
0.0 0.0 0.0

1734607549
0.0 0.0 0.0

1734607550
0.0 0.0 0.0

1734607551
0.0 0.0 0.0

1734607552
0.0 0.0 0.0

1734607553
0.0 0.0 0.0

1734607554
0.0 0.0 0.0

1734607555
0.0 0.0 0.0

1734607556
0.0 0.0 0.0

1734607557
0.0 0.0 0.0

1734607558
0.0 0.0 0.0

1734607559
0.0 0.0 0.0

1734607560
0.0 0.0 0.0

1734607561
0.0 0.0 0.0

1734607562
0.0 0.0 0.0

1734607563
0.0 0.0 0.0

1734607564
0.0 0.0 0.0

1734607565
0.0 0.0 0.0

1734607566
0.0 0.0 0.0

1734607567
0.0 0.0 0.0

1734607568
0.0 0.0 0.0

1734607569
0.0 0.0 0.0

1734607570
0.0 0.0 0.0

1734607571
0.0 0.0 0.0

1734607572
0.0 0.0 0.0

1734607573
0.0 0.0 0.0

1734607574
0.0 0.0 0.0

1734607575
0.0 0.0 0.0

1734607576
0.0 0.0 0.0

1734607577
0.0 0.0 0.0

1734607578
0.0 0.0 0.0

1734607579
0.0 0.0 0.0

1734607580
0.0 0.0 0.0

1734607582
0.0 0.0 0.0

1734607583
0.0 0.0 0.0

1734607584
0.0 0.0 0.0

1734607585
0.0 0.0 0.0

1734607586
0.0 0.0 0.0

1734607587
0.0 0.0 0.0

1734607588
0.0 0.0 0.0

1734607589
0.0 0.0 0.0

1734607590
0.0 0.0 0.0

1734607591
0.0 0.0 0.0

1734607592
0.0 0.0 0.0

1734607593
0.0 0.0 0.0

1734607594
0.0 0.0 0.0

1734607595
0.0 0.0 0.0

1734607596
0.0 0.0 0.0

1734607597
0.0 0.0 0.0

1734607598
0.0 0.0 0.0

1734607599
0.0 0.0 0.0

1734607600
0.0 0.0 0.0

1734607601
0.0 0.0 0.0

1734607602
0.0 0.0 0.0

1734607603
0.0 0.0 0.0

1734607604
0.0 0.0 0.0

1734607605
0.0 0.0 0.0

1734607606
0.0 0.0 0.0

1734607607
0.0 0.0 0.0

1734607608
0.0 0.0 0.0

1734607609
0.0 0.0 0.0

1734607610
0.0 0.0 0.0

1734607611
0.0 0.0 0.0

1734607612
0.0 0.0 0.0

1734607613
0.0 0.0 0.0

1734607614
0.0 0.0 0.0

1734607615
0.0 0.0 0.0

1734607616
0.0 0.0 0.0

1734607617
0.0 0.0 0.0

1734607618
0.0 0.0 0.0

1734607619
0.0 0.0 0.0

1734607620
0.0 0.0 0.0

1734607621
0.0 0.0 0.0

1734607622
0.0 0.0 0.0

1734607623
0.0 0.0 0.0

1734607624
0.0 0.0 0.0

1734607625
0.0 0.0 0.0

1734607626
0.0 0.0 0.0

1734607627
0.0 0.0 0.0

1734607628
0.0 0.0 0.0

1734607629
0.0 0.0 0.0

1734607630
0.0 0.0 0.0

1734607631
0.0 0.0 0.0

1734607632
0.0 0.0 0.0

1734607633
0.0 0.0 0.0

1734607634
0.0 0.0 0.0

1734607635
0.0 0.0 0.0

1734607636
0.0 0.0 0.0

1734607637
0.0 0.0 0.0

1734607638
0.0 0.0 0.0

1734607639
0.0 0.0 0.0

1734607640
0.0 0.0 0.0

1734607641
0.0 0.0 0.0

1734607642
0.0 0.0 0.0

1734607643
0.0 0.0 0.0

1734607644
0.0 0.0 0.0

1734607645
0.0 0.0 0.0

1734607646
0.0 0.0 0.0

1734607647
0.0 0.0 0.0

1734607648
0.0 0.0 0.0

1734607650
0.0 0.0 0.0

1734607651
0.0 0.0 0.0

1734607652
0.0 0.0 0.0

1734607653
0.0 0.0 0.0

1734607654
0.0 0.0 0.0

1734607655
0.0 0.0 0.0

1734607657
0.0 0.0 0.0

1734607658
0.0 0.0 0.0

1734607659
0.0 0.0 0.0

1734607660
0.0 0.0 0.0

1734607661
0.0 0.0 0.0

1734607662
0.0 0.0 0.0

1734607663
0.0 0.0 0.0

1734607664
0.0 0.0 0.0

1734607665
0.0 0.0 0.0

1734607666
0.0 0.0 0.0

1734607667
0.0 0.0 0.0

1734607668
0.0 0.0 0.0

1734607669
0.0 0.0 0.0

1734607670
0.0 0.0 0.0

1734607671
0.0 0.0 0.0

1734607672
0.0 0.0 0.0

1734607673
0.0 0.0 0.0

1734607674
0.0 0.0 0.0

1734607675
0.0 0.0 0.0

1734607676
0.0 0.0 0.0

1734607677
0.0 0.0 0.0

1734607678
0.0 0.0 0.0

1734607679
0.0 0.0 0.0

1734607680
0.0 0.0 0.0

1734607681
0.0 0.0 0.0

1734607682
0.0 0.0 0.0

1734607683
0.0 0.0 0.0

1734607684
0.0 0.0 0.0

1734607685
0.0 0.0 0.0

1734607686
0.0 0.0 0.0

1734607687
0.0 0.0 0.0

1734607688
0.0 0.0 0.0

1734607689
0.0 0.0 0.0

1734607690
0.0 0.0 0.0

1734607691
0.0 0.0 0.0

1734607692
0.0 0.0 0.0

1734607693
0.0 0.0 0.0

1734607694
0.0 0.0 0.0

1734607695
0.0 0.0 0.0

1734607696
0.0 0.0 0.0

1734607697
0.0 0.0 0.0

1734607698
0.0 0.0 0.0

1734607699
0.0 0.0 0.0

1734607700
0.0 0.0 0.0

1734607701
0.0 0.0 0.0

1734607702
0.0 0.0 0.0

1734607703
0.0 0.0 0.0

1734607704
0.0 0.0 0.0

1734607705
0.0 0.0 0.0

1734607706
0.0 0.0 0.0

1734607707
0.0 0.0 0.0

1734607708
0.0 0.0 0.0

1734607709
0.0 0.0 0.0

1734607710
0.0 0.0 0.0

1734607711
0.0 0.0 0.0

1734607712
0.0 0.0 0.0

1734607713
0.0 0.0 0.0

1734607714
0.0 0.0 0.0

1734607715
0.0 0.0 0.0

1734607716
0.0 0.0 0.0

1734607717
0.0 0.0 0.0

1734607718
0.0 0.0 0.0

1734607719
0.0 0.0 0.0

1734607720
0.0 0.0 0.0

1734607721
0.0 0.0 0.0

1734607722
0.0 0.0 0.0

1734607723
0.0 0.0 0.0

1734607724
0.0 0.0 0.0

1734607725
0.0 0.0 0.0

1734607726
0.0 0.0 0.0

1734607727
0.0 0.0 0.0

1734607728
0.0 0.0 0.0

1734607729
0.0 0.0 0.0

1734607730
0.0 0.0 0.0

1734607731
0.0 0.0 0.0

1734607732
0.0 0.0 0.0

1734607733
0.0 0.0 0.0

1734607734
0.0 0.0 0.0

1734607735
0.0 0.0 0.0

1734607736
0.0 0.0 0.0

1734607737
0.0 0.0 0.0

1734607738
0.0 0.0 0.0

1734607739
0.0 0.0 0.0

1734607740
0.0 0.0 0.0

1734607741
0.0 0.0 0.0

1734607742
0.0 0.0 0.0

1734607743
0.0 0.0 0.0

1734607744
0.0 0.0 0.0

1734607745
0.0 0.0 0.0

1734607746
0.0 0.0 0.0

1734607747
0.0 0.0 0.0

1734607748
0.0 0.0 0.0

1734607749
0.0 0.0 0.0

1734607750
0.0 0.0 0.0

1734607751
0.0 0.0 0.0

1734607752
0.0 0.0 0.0

1734607753
0.0 0.0 0.0

1734607754
0.0 0.0 0.0

1734607755
0.0 0.0 0.0

1734607756
0.0 0.0 0.0

1734607757
0.0 0.0 0.0

1734607758
0.0 0.0 0.0

1734607759
0.0 0.0 0.0

1734607760
0.0 0.0 0.0

1734607761
0.0 0.0 0.0

1734607762
0.0 0.0 0.0

1734607763
0.0 0.0 0.0

1734607764
0.0 0.0 0.0

1734607765
0.0 0.0 0.0

1734607766
0.0 0.0 0.0

1734607767
0.0 0.0 0.0

1734607768
0.0 0.0 0.0

1734607769
0.0 0.0 0.0

1734607770
0.0 0.0 0.0

1734607771
0.0 0.0 0.0

1734607772
0.0 0.0 0.0

1734607773
0.0 0.0 0.0

1734607774
0.0 0.0 0.0

1734607775
0.0 0.0 0.0

1734607776
0.0 0.0 0.0

1734607777
0.0 0.0 0.0

1734607778
0.0 0.0 0.0

1734607779
0.0 0.0 0.0

1734607780
0.0 0.0 0.0

1734607781
0.0 0.0 0.0

1734607782
0.0 0.0 0.0

1734607783
0.0 0.0 0.0

1734607784
0.0 0.0 0.0

1734607785
0.0 0.0 0.0

1734607786
0.0 0.0 0.0

1734607787
0.0 0.0 0.0

1734607788
0.0 0.0 0.0

1734607789
0.0 0.0 0.0

1734607790
0.0 0.0 0.0

1734607791
0.0 0.0 0.0

1734607792
0.0 0.0 0.0

1734607793
0.0 0.0 0.0

1734607794
0.0 0.0 0.0

1734607795
0.0 0.0 0.0

1734607796
0.0 0.0 0.0

1734607797
0.0 0.0 0.0

1734607798
0.0 0.0 0.0

1734607799
0.0 0.0 0.0

1734607800
0.0 0.0 0.0

1734607801
0.0 0.0 0.0

1734607802
0.0 0.0 0.0

1734607803
0.0 0.0 0.0

1734607804
0.0 0.0 0.0

1734607805
0.0 0.0 0.0

1734607806
0.0 0.0 0.0

1734607807
0.0 0.0 0.0

1734607808
0.0 0.0 0.0

1734607809
0.0 0.0 0.0

1734607810
0.0 0.0 0.0

1734607811
0.0 0.0 0.0

1734607812
0.0 0.0 0.0

1734607813
0.0 0.0 0.0

1734607814
0.0 0.0 0.0

1734607815
0.0 0.0 0.0

1734607816
0.0 0.0 0.0

1734607817
0.0 0.0 0.0

1734607818
0.0 0.0 0.0

1734607819
0.0 0.0 0.0

1734607820
0.0 0.0 0.0

1734607821
0.0 0.0 0.0

1734607822
0.0 0.0 0.0

1734607823
0.0 0.0 0.0

1734607824
0.0 0.0 0.0

1734607825
0.0 0.0 0.0

1734607826
0.0 0.0 0.0

1734607827
0.0 0.0 0.0

1734607828
0.0 0.0 0.0

1734607830
0.0 0.0 0.0

1734607831
0.0 0.0 0.0

1734607832
0.0 0.0 0.0

1734607833
0.0 0.0 0.0

1734607834
0.0 0.0 0.0

1734607835
0.0 0.0 0.0

1734607836
0.0 0.0 0.0

1734607837
0.0 0.0 0.0

1734607838
0.0 0.0 0.0

1734607839
0.0 0.0 0.0

1734607840
0.0 0.0 0.0

1734607841
0.0 0.0 0.0

1734607842
0.0 0.0 0.0

1734607843
0.0 0.0 0.0

1734607844
0.0 0.0 0.0

1734607845
0.0 0.0 0.0

1734607846
0.0 0.0 0.0

1734607847
0.0 0.0 0.0

1734607848
0.0 0.0 0.0

1734607849
0.0 0.0 0.0

1734607850
0.0 0.0 0.0

1734607851
0.0 0.0 0.0

1734607852
0.0 0.0 0.0

1734607853
0.0 0.0 0.0

1734607854
0.0 0.0 0.0

1734607855
0.0 0.0 0.0

1734607856
0.0 0.0 0.0

1734607857
0.0 0.0 0.0

1734607858
0.0 0.0 0.0

1734607859
0.0 0.0 0.0

1734607860
0.0 0.0 0.0

1734607861
0.0 0.0 0.0

1734607862
0.0 0.0 0.0

1734607863
0.0 0.0 0.0

1734607864
0.0 0.0 0.0

1734607865
0.0 0.0 0.0

1734607866
0.0 0.0 0.0

1734607867
0.0 0.0 0.0

1734607868
0.0 0.0 0.0

1734607869
0.0 0.0 0.0

1734607870
0.0 0.0 0.0

1734607871
0.0 0.0 0.0

1734607872
0.0 0.0 0.0

1734607873
0.0 0.0 0.0

1734607874
0.0 0.0 0.0

1734607875
0.0 0.0 0.0

1734607876
0.0 0.0 0.0

1734607877
0.0 0.0 0.0

1734607878
0.0 0.0 0.0

1734607879
0.0 0.0 0.0

1734607880
0.0 0.0 0.0

1734607881
0.0 0.0 0.0

1734607882
0.0 0.0 0.0

1734607883
0.0 0.0 0.0

1734607884
0.0 0.0 0.0

1734607885
0.0 0.0 0.0

1734607886
0.0 0.0 0.0

1734607887
0.0 0.0 0.0

1734607888
0.0 0.0 0.0

1734607889
0.0 0.0 0.0

1734607890
0.0 0.0 0.0

1734607891
0.0 0.0 0.0

1734607892
0.0 0.0 0.0

1734607893
0.0 0.0 0.0

1734607894
0.0 0.0 0.0

1734607895
0.0 0.0 0.0

1734607896
0.0 0.0 0.0

1734607897
0.0 0.0 0.0

1734607898
0.0 0.0 0.0

1734607899
0.0 0.0 0.0

1734607900
0.0 0.0 0.0

1734607901
0.0 0.0 0.0

1734607902
0.0 0.0 0.0

1734607903
0.0 0.0 0.0

1734607904
0.0 0.0 0.0

1734607905
0.0 0.0 0.0

1734607906
0.0 0.0 0.0

1734607907
0.0 0.0 0.0

1734607908
0.0 0.0 0.0

1734607909
0.0 0.0 0.0

1734607910
0.0 0.0 0.0

1734607911
0.0 0.0 0.0

1734607912
0.0 0.0 0.0

1734607913
0.0 0.0 0.0

1734607914
0.0 0.0 0.0

1734607915
0.0 0.0 0.0

1734607916
0.0 0.0 0.0

1734607917
0.0 0.0 0.0

1734607918
0.0 0.0 0.0

1734607919
0.0 0.0 0.0

1734607920
0.0 0.0 0.0

1734607921
0.0 0.0 0.0

1734607922
0.0 0.0 0.0

1734607923
0.0 0.0 0.0

1734607924
0.0 0.0 0.0

1734607925
0.0 0.0 0.0

1734607926
0.0 0.0 0.0

1734607927
0.0 0.0 0.0

1734607928
0.0 0.0 0.0

1734607929
0.0 0.0 0.0

1734607930
0.0 0.0 0.0

1734607931
0.0 0.0 0.0

1734607932
0.0 0.0 0.0

1734607933
0.0 0.0 0.0

1734607934
0.0 0.0 0.0

1734607935
0.0 0.0 0.0

1734607936
0.0 0.0 0.0

1734607937
0.0 0.0 0.0

1734607938
0.0 0.0 0.0

1734607939
0.0 0.0 0.0

1734607940
0.0 0.0 0.0

1734607941
0.0 0.0 0.0

1734607942
0.0 0.0 0.0

1734607943
0.0 0.0 0.0

1734607944
0.0 0.0 0.0

1734607945
0.0 0.0 0.0

1734607946
0.0 0.0 0.0

1734607947
0.0 0.0 0.0

1734607948
0.0 0.0 0.0

1734607949
0.0 0.0 0.0

1734607950
0.0 0.0 0.0

1734607951
0.0 0.0 0.0

1734607952
0.0 0.0 0.0

1734607953
0.0 0.0 0.0

1734607954
0.0 0.0 0.0

1734607955
0.0 0.0 0.0

1734607956
0.0 0.0 0.0

1734607957
0.0 0.0 0.0

1734607958
0.0 0.0 0.0

1734607959
0.0 0.0 0.0

1734607960
0.0 0.0 0.0

1734607961
0.0 0.0 0.0

1734607962
0.0 0.0 0.0

1734607963
0.0 0.0 0.0

1734607964
0.0 0.0 0.0

1734607965
0.0 0.0 0.0

1734607966
0.0 0.0 0.0

1734607967
0.0 0.0 0.0

1734607968
0.0 0.0 0.0

1734607969
0.0 0.0 0.0

1734607971
0.0 0.0 0.0

1734607972
0.0 0.0 0.0

1734607973
0.0 0.0 0.0

1734607974
0.0 0.0 0.0

1734607975
0.0 0.0 0.0

1734607976
0.0 0.0 0.0

1734607977
0.0 0.0 0.0

1734607978
0.0 0.0 0.0

1734607979
0.0 0.0 0.0

1734607980
0.0 0.0 0.0

1734607981
0.0 0.0 0.0

1734607982
0.0 0.0 0.0

1734607983
0.0 0.0 0.0

1734607984
0.0 0.0 0.0

1734607985
0.0 0.0 0.0

1734607986
0.0 0.0 0.0

1734607987
0.0 0.0 0.0

1734607988
0.0 0.0 0.0

1734607989
0.0 0.0 0.0

1734607990
0.0 0.0 0.0

1734607991
0.0 0.0 0.0

1734607992
0.0 0.0 0.0

1734607993
0.0 0.0 0.0

1734607994
0.0 0.0 0.0

1734607995
0.0 0.0 0.0

1734607996
0.0 0.0 0.0

1734607998
0.0 0.0 0.0

1734607999
0.0 0.0 0.0

1734608000
0.0 0.0 0.0

1734608001
0.0 0.0 0.0

1734608002
0.0 0.0 0.0

1734608003
0.0 0.0 0.0

1734608004
0.0 0.0 0.0

1734608005
0.0 0.0 0.0

1734608006
0.0 0.0 0.0

1734608008
0.0 0.0 0.0

1734608009
0.0 0.0 0.0

1734608010
0.0 0.0 0.0

1734608012
0.0 0.0 0.0

1734608013
0.0 0.0 0.0

1734608014
0.0 0.0 0.0

1734608015
0.0 0.0 0.0

1734608016
0.0 0.0 0.0

1734608017
0.0 0.0 0.0

1734608018
0.0 0.0 0.0

1734608019
0.0 0.0 0.0

1734608023
0.0 0.0 0.0

1734608024
0.0 0.0 0.0

1734608025
0.0 0.0 0.0

1734608026
0.0 0.0 0.0

1734608027
0.0 0.0 0.0

1734608028
0.0 0.0 0.0

1734608029
0.0 0.0 0.0

1734608030
0.0 0.0 0.0

1734608031
0.0 0.0 0.0

1734608032
0.0 0.0 0.0

1734608033
0.0 0.0 0.0

1734608034
0.0 0.0 0.0

1734608035
0.0 0.0 0.0

1734608036
0.0 0.0 0.0

1734608037
0.0 0.0 0.0

1734608038
0.0 0.0 0.0

1734608039
0.0 0.0 0.0

1734608040
0.0 0.0 0.0

1734608041
0.0 0.0 0.0

1734608042
0.0 0.0 0.0

1734608043
0.0 0.0 0.0

1734608044
0.0 0.0 0.0

1734608045
0.0 0.0 0.0

1734608046
0.0 0.0 0.0

1734608047
0.0 0.0 0.0

1734608048
0.0 0.0 0.0

1734608049
0.0 0.0 0.0

1734608050
0.0 0.0 0.0

1734608051
0.0 0.0 0.0

1734608052
0.0 0.0 0.0

1734608053
0.0 0.0 0.0

1734608054
0.0 0.0 0.0

1734608055
0.0 0.0 0.0

1734608057
0.0 0.0 0.0

1734608058
0.0 0.0 0.0

1734608059
0.0 0.0 0.0

1734608060
0.0 0.0 0.0

1734608061
0.0 0.0 0.0

1734608062
0.0 0.0 0.0

1734608063
0.0 0.0 0.0

1734608064
0.0 0.0 0.0

1734608065
0.0 0.0 0.0

1734608066
0.0 0.0 0.0

1734608067
0.0 0.0 0.0

1734608068
0.0 0.0 0.0

1734608069
0.0 0.0 0.0

1734608070
0.0 0.0 0.0

1734608071
0.0 0.0 0.0

1734608072
0.0 0.0 0.0

1734608073
0.0 0.0 0.0

1734608074
0.0 0.0 0.0

1734608075
0.0 0.0 0.0

1734608076
0.0 0.0 0.0

1734608077
0.0 0.0 0.0

1734608078
0.0 0.0 0.0

1734608079
0.0 0.0 0.0

1734608080
0.0 0.0 0.0

1734608081
0.0 0.0 0.0

1734608082
0.0 0.0 0.0

1734608084
0.0 0.0 0.0

1734608085
0.0 0.0 0.0

1734608086
0.0 0.0 0.0

1734608087
0.0 0.0 0.0

1734608088
0.0 0.0 0.0

1734608089
0.0 0.0 0.0

1734608090
0.0 0.0 0.0

1734608091
0.0 0.0 0.0

1734608092
0.0 0.0 0.0

1734608093
0.0 0.0 0.0

1734608094
0.0 0.0 0.0

1734608095
0.0 0.0 0.0

1734608096
0.0 0.0 0.0

1734608097
0.0 0.0 0.0

1734608098
0.0 0.0 0.0

1734608099
0.0 0.0 0.0

1734608100
0.0 0.0 0.0

1734608101
0.0 0.0 0.0

1734608102
0.0 0.0 0.0

1734608103
0.0 0.0 0.0

1734608104
0.0 0.0 0.0

1734608105
0.0 0.0 0.0

1734608106
0.0 0.0 0.0

1734608107
0.0 0.0 0.0

1734608108
0.0 0.0 0.0

1734608109
0.0 0.0 0.0

1734608111
0.0 0.0 0.0

1734608112
0.0 0.0 0.0

1734608114
0.0 0.0 0.0

1734608115
0.0 0.0 0.0

1734608116
0.0 0.0 0.0

1734608117
0.0 0.0 0.0

1734608118
0.0 0.0 0.0

1734608119
0.0 0.0 0.0

1734608120
0.0 0.0 0.0

1734608122
0.0 0.0 0.0

1734608123
0.0 0.0 0.0

1734608124
0.0 0.0 0.0

1734608125
0.0 0.0 0.0

1734608126
0.0 0.0 0.0

1734608127
0.0 0.0 0.0

1734608128
0.0 0.0 0.0

1734608129
0.0 0.0 0.0

1734608130
0.0 0.0 0.0

1734608131
0.0 0.0 0.0

1734608132
0.0 0.0 0.0

1734608133
0.0 0.0 0.0

1734608134
0.0 0.0 0.0

1734608135
0.0 0.0 0.0

1734608136
0.0 0.0 0.0

1734608137
0.0 0.0 0.0

1734608138
0.0 0.0 0.0

1734608139
0.0 0.0 0.0

1734608140
0.0 0.0 0.0

1734608141
0.0 0.0 0.0

1734608142
0.0 0.0 0.0

1734608143
0.0 0.0 0.0

1734608144
0.0 0.0 0.0

1734608145
0.0 0.0 0.0

1734608146
0.0 0.0 0.0

1734608147
0.0 0.0 0.0

1734608148
0.0 0.0 0.0

1734608149
0.0 0.0 0.0

1734608151
0.0 0.0 0.0

1734608152
0.0 0.0 0.0

1734608153
0.0 0.0 0.0

1734608154
0.0 0.0 0.0

1734608155
0.0 0.0 0.0

1734608156
0.0 0.0 0.0

1734608157
0.0 0.0 0.0

1734608158
0.0 0.0 0.0

1734608159
0.0 0.0 0.0

1734608160
0.0 0.0 0.0

1734608161
0.0 0.0 0.0

1734608162
0.0 0.0 0.0

1734608163
0.0 0.0 0.0

1734608164
0.0 0.0 0.0

1734608165
0.0 0.0 0.0

1734608166
0.0 0.0 0.0

1734608167
0.0 0.0 0.0

1734608168
0.0 0.0 0.0

1734608169
0.0 0.0 0.0

1734608170
0.0 0.0 0.0

1734608172
0.0 0.0 0.0

1734608173
0.0 0.0 0.0

1734608174
0.0 0.0 0.0

1734608175
0.0 0.0 0.0

1734608176
0.0 0.0 0.0

1734608177
0.0 0.0 0.0

1734608178
0.0 0.0 0.0

1734608179
0.0 0.0 0.0

1734608180
0.0 0.0 0.0

1734608181
0.0 0.0 0.0

1734608182
0.0 0.0 0.0

1734608183
0.0 0.0 0.0

1734608184
0.0 0.0 0.0

1734608185
0.0 0.0 0.0

1734608186
0.0 0.0 0.0

1734608187
0.0 0.0 0.0

1734608188
0.0 0.0 0.0

1734608189
0.0 0.0 0.0

1734608190
0.0 0.0 0.0

1734608191
0.0 0.0 0.0

1734608193
0.0 0.0 0.0

1734608194
0.0 0.0 0.0

1734608195
0.0 0.0 0.0

1734608196
0.0 0.0 0.0

1734608197
0.0 0.0 0.0

1734608198
0.0 0.0 0.0

1734608199
0.0 0.0 0.0

1734608200
0.0 0.0 0.0

1734608201
0.0 0.0 0.0

1734608202
0.0 0.0 0.0

1734608203
0.0 0.0 0.0

1734608204
0.0 0.0 0.0

1734608205
0.0 0.0 0.0

1734608206
0.0 0.0 0.0

1734608207
0.0 0.0 0.0

1734608208
0.0 0.0 0.0

1734608210
0.0 0.0 0.0

1734608211
0.0 0.0 0.0

1734608212
0.0 0.0 0.0

1734608213
0.0 0.0 0.0

1734608214
0.0 0.0 0.0

1734608215
0.0 0.0 0.0

1734608216
0.0 0.0 0.0

1734608217
0.0 0.0 0.0

1734608218
0.0 0.0 0.0

1734608219
0.0 0.0 0.0

1734608220
0.0 0.0 0.0

1734608221
0.0 0.0 0.0

1734608222
0.0 0.0 0.0

1734608223
0.0 0.0 0.0

1734608225
0.0 0.0 0.0

1734608226
0.0 0.0 0.0

1734608227
0.0 0.0 0.0

1734608228
0.0 0.0 0.0

1734608229
0.0 0.0 0.0

1734608230
0.0 0.0 0.0

1734608231
0.0 0.0 0.0

1734608232
0.0 0.0 0.0

1734608233
0.0 0.0 0.0

1734608234
0.0 0.0 0.0

1734608235
0.0 0.0 0.0

1734608236
0.0 0.0 0.0

1734608237
0.0 0.0 0.0

1734608238
0.0 0.0 0.0

1734608239
0.0 0.0 0.0

1734608240
0.0 0.0 0.0

1734608241
0.0 0.0 0.0

1734608242
0.0 0.0 0.0

1734608243
0.0 0.0 0.0

1734608244
0.0 0.0 0.0

1734608245
0.0 0.0 0.0

1734608246
0.0 0.0 0.0

1734608247
0.0 0.0 0.0

1734608248
0.0 0.0 0.0

1734608249
0.0 0.0 0.0

1734608250
0.0 0.0 0.0

1734608251
0.0 0.0 0.0

1734608252
0.0 0.0 0.0

1734608253
0.0 0.0 0.0

1734608254
0.0 0.0 0.0

1734608255
0.0 0.0 0.0

1734608256
0.0 0.0 0.0

1734608257
0.0 0.0 0.0

1734608258
0.0 0.0 0.0

1734608259
0.0 0.0 0.0

1734608260
0.0 0.0 0.0

1734608261
0.0 0.0 0.0

1734608262
0.0 0.0 0.0

1734608263
0.0 0.0 0.0

1734608264
0.0 0.0 0.0

1734608265
0.0 0.0 0.0

1734608266
0.0 0.0 0.0

1734608267
0.0 0.0 0.0

1734608268
0.0 0.0 0.0

1734608269
0.0 0.0 0.0

1734608270
0.0 0.0 0.0

1734608271
0.0 0.0 0.0

1734608272
0.0 0.0 0.0

1734608273
0.0 0.0 0.0

1734608274
0.0 0.0 0.0

1734608275
0.0 0.0 0.0

1734608276
0.0 0.0 0.0

1734608277
0.0 0.0 0.0

1734608278
0.0 0.0 0.0

1734608279
0.0 0.0 0.0

1734608280
0.0 0.0 0.0

1734608281
0.0 0.0 0.0

1734608282
0.0 0.0 0.0

1734608283
0.0 0.0 0.0

1734608284
0.0 0.0 0.0

1734608285
0.0 0.0 0.0

1734608286
0.0 0.0 0.0

1734608287
0.0 0.0 0.0

1734608288
0.0 0.0 0.0

1734608289
0.0 0.0 0.0

1734608290
0.0 0.0 0.0

1734608291
0.0 0.0 0.0

1734608292
0.0 0.0 0.0

1734608293
0.0 0.0 0.0

1734608294
0.0 0.0 0.0

1734608295
0.0 0.0 0.0

1734608296
0.0 0.0 0.0

1734608297
0.0 0.0 0.0

1734608298
0.0 0.0 0.0

1734608299
0.0 0.0 0.0

1734608300
0.0 0.0 0.0

1734608301
0.0 0.0 0.0

1734608302
0.0 0.0 0.0

1734608303
0.0 0.0 0.0

1734608304
0.0 0.0 0.0

1734608305
0.0 0.0 0.0

1734608306
0.0 0.0 0.0

1734608307
0.0 0.0 0.0

1734608308
0.0 0.0 0.0

1734608309
0.0 0.0 0.0

1734608310
0.0 0.0 0.0

1734608311
0.0 0.0 0.0

1734608312
0.0 0.0 0.0

1734608313
0.0 0.0 0.0

1734608314
0.0 0.0 0.0

1734608315
0.0 0.0 0.0

1734608316
0.0 0.0 0.0

1734608317
0.0 0.0 0.0

1734608318
0.0 0.0 0.0

1734608319
0.0 0.0 0.0

1734608320
0.0 0.0 0.0

1734608321
0.0 0.0 0.0

1734608322
0.0 0.0 0.0

1734608323
0.0 0.0 0.0

1734608324
0.0 0.0 0.0

1734608325
0.0 0.0 0.0

1734608326
0.0 0.0 0.0

1734608327
0.0 0.0 0.0

1734608328
0.0 0.0 0.0

1734608329
0.0 0.0 0.0

1734608330
0.0 0.0 0.0

1734608332
0.0 0.0 0.0

1734608333
0.0 0.0 0.0

1734608334
0.0 0.0 0.0

1734608335
0.0 0.0 0.0

1734608336
0.0 0.0 0.0

1734608337
0.0 0.0 0.0

1734608338
0.0 0.0 0.0

1734608339
0.0 0.0 0.0

1734608340
0.0 0.0 0.0

1734608341
0.0 0.0 0.0

1734608342
0.0 0.0 0.0

1734608343
0.0 0.0 0.0

1734608344
0.0 0.0 0.0

1734608345
0.0 0.0 0.0

1734608346
0.0 0.0 0.0

1734608347
0.0 0.0 0.0

1734608348
0.0 0.0 0.0

1734608349
0.0 0.0 0.0

1734608350
0.0 0.0 0.0

1734608351
0.0 0.0 0.0

1734608352
0.0 0.0 0.0

1734608353
0.0 0.0 0.0

1734608354
0.0 0.0 0.0

1734608355
0.0 0.0 0.0

1734608357
0.0 0.0 0.0

1734608358
0.0 0.0 0.0

1734608359
0.0 0.0 0.0

1734608360
0.0 0.0 0.0

1734608361
0.0 0.0 0.0

1734608362
0.0 0.0 0.0

1734608363
0.0 0.0 0.0

1734608364
0.0 0.0 0.0

1734608365
0.0 0.0 0.0

1734608366
0.0 0.0 0.0

1734608367
0.0 0.0 0.0

1734608368
0.0 0.0 0.0

1734608369
0.0 0.0 0.0

1734608370
0.0 0.0 0.0

1734608371
0.0 0.0 0.0

1734608372
0.0 0.0 0.0

1734608373
0.0 0.0 0.0

1734608374
0.0 0.0 0.0

1734608375
0.0 0.0 0.0

1734608376
0.0 0.0 0.0

1734608377
0.0 0.0 0.0

1734608378
0.0 0.0 0.0

1734608379
0.0 0.0 0.0

1734608380
0.0 0.0 0.0

1734608381
0.0 0.0 0.0

1734608382
0.0 0.0 0.0

1734608383
0.0 0.0 0.0

1734608384
0.0 0.0 0.0

1734608385
0.0 0.0 0.0

1734608386
0.0 0.0 0.0

1734608387
0.0 0.0 0.0

1734608388
0.0 0.0 0.0

1734608389
0.0 0.0 0.0

1734608390
0.0 0.0 0.0

1734608391
0.0 0.0 0.0

1734608392
0.0 0.0 0.0

1734608393
0.0 0.0 0.0

1734608394
0.0 0.0 0.0

1734608395
0.0 0.0 0.0

1734608396
0.0 0.0 0.0

1734608397
0.0 0.0 0.0

1734608398
0.0 0.0 0.0

1734608399
0.0 0.0 0.0

1734608400
0.0 0.0 0.0

1734608401
0.0 0.0 0.0

1734608402
0.0 0.0 0.0

1734608403
0.0 0.0 0.0

1734608405
0.0 0.0 0.0

1734608406
0.0 0.0 0.0

1734608407
0.0 0.0 0.0

1734608408
0.0 0.0 0.0

1734608409
0.0 0.0 0.0

1734608410
0.0 0.0 0.0

1734608411
0.0 0.0 0.0

1734608412
0.0 0.0 0.0

1734608413
0.0 0.0 0.0

1734608414
0.0 0.0 0.0

1734608415
0.0 0.0 0.0

1734608416
0.0 0.0 0.0

1734608417
0.0 0.0 0.0

1734608418
0.0 0.0 0.0

1734608419
0.0 0.0 0.0

1734608420
0.0 0.0 0.0

1734608421
0.0 0.0 0.0

1734608422
0.0 0.0 0.0

1734608423
0.0 0.0 0.0

1734608424
0.0 0.0 0.0

1734608425
0.0 0.0 0.0

1734608427
0.0 0.0 0.0

1734608428
0.0 0.0 0.0

1734608429
0.0 0.0 0.0

1734608430
0.0 0.0 0.0

1734608431
0.0 0.0 0.0

1734608432
0.0 0.0 0.0

1734608433
0.0 0.0 0.0

1734608434
0.0 0.0 0.0

1734608435
0.0 0.0 0.0

1734608436
0.0 0.0 0.0

1734608437
0.0 0.0 0.0

1734608438
0.0 0.0 0.0

1734608439
0.0 0.0 0.0

1734608440
0.0 0.0 0.0

1734608441
0.0 0.0 0.0

1734608442
0.0 0.0 0.0

1734608443
0.0 0.0 0.0

1734608444
0.0 0.0 0.0

1734608445
0.0 0.0 0.0

1734608446
0.0 0.0 0.0

1734608447
0.0 0.0 0.0

1734608448
0.0 0.0 0.0

1734608449
0.0 0.0 0.0

1734608450
0.0 0.0 0.0

1734608451
0.0 0.0 0.0

1734608452
0.0 0.0 0.0

1734608454
0.0 0.0 0.0

1734608455
0.0 0.0 0.0

1734608456
0.0 0.0 0.0

1734608457
0.0 0.0 0.0

1734608458
0.0 0.0 0.0

1734608459
0.0 0.0 0.0

1734608460
0.0 0.0 0.0

1734608461
0.0 0.0 0.0

1734608462
0.0 0.0 0.0

1734608463
0.0 0.0 0.0

1734608464
0.0 0.0 0.0

1734608465
0.0 0.0 0.0

1734608466
0.0 0.0 0.0

1734608467
0.0 0.0 0.0

1734608468
0.0 0.0 0.0

1734608469
0.0 0.0 0.0

1734608470
0.0 0.0 0.0

1734608471
0.0 0.0 0.0

1734608472
0.0 0.0 0.0

1734608473
0.0 0.0 0.0

1734608474
0.0 0.0 0.0

1734608475
0.0 0.0 0.0

1734608476
0.0 0.0 0.0

1734608477
0.0 0.0 0.0

1734608478
0.0 0.0 0.0

1734608479
0.0 0.0 0.0

1734608480
0.0 0.0 0.0

1734608481
0.0 0.0 0.0

1734608482
0.0 0.0 0.0

1734608483
0.0 0.0 0.0

1734608484
0.0 0.0 0.0

1734608485
0.0 0.0 0.0

1734608486
0.0 0.0 0.0

1734608487
0.0 0.0 0.0

1734608488
0.0 0.0 0.0

1734608489
0.0 0.0 0.0

1734608490
0.0 0.0 0.0

1734608491
0.0 0.0 0.0

1734608493
0.0 0.0 0.0

1734608494
0.0 0.0 0.0

1734608495
0.0 0.0 0.0

1734608496
0.0 0.0 0.0

1734608497
0.0 0.0 0.0

1734608498
0.0 0.0 0.0

1734608499
0.0 0.0 0.0

1734608501
0.0 0.0 0.0

1734608502
0.0 0.0 0.0

1734608503
0.0 0.0 0.0

1734608504
0.0 0.0 0.0

1734608505
0.0 0.0 0.0

1734608506
0.0 0.0 0.0

1734608507
0.0 0.0 0.0

1734608508
0.0 0.0 0.0

1734608509
0.0 0.0 0.0

1734608510
0.0 0.0 0.0

1734608511
0.0 0.0 0.0

1734608512
0.0 0.0 0.0

1734608513
0.0 0.0 0.0

1734608514
0.0 0.0 0.0

1734608515
0.0 0.0 0.0

1734608516
0.0 0.0 0.0

1734608517
0.0 0.0 0.0

1734608518
0.0 0.0 0.0

1734608519
0.0 0.0 0.0

1734608520
0.0 0.0 0.0

1734608521
0.0 0.0 0.0

1734608522
0.0 0.0 0.0

1734608523
0.0 0.0 0.0

1734608524
0.0 0.0 0.0

1734608525
0.0 0.0 0.0

1734608526
0.0 0.0 0.0

1734608527
0.0 0.0 0.0

1734608529
0.0 0.0 0.0

1734608530
0.0 0.0 0.0

1734608531
0.0 0.0 0.0

1734608532
0.0 0.0 0.0

1734608533
0.0 0.0 0.0

1734608534
0.0 0.0 0.0

1734608535
0.0 0.0 0.0

1734608536
0.0 0.0 0.0

1734608537
0.0 0.0 0.0

1734608538
0.0 0.0 0.0

1734608539
0.0 0.0 0.0

1734608540
0.0 0.0 0.0

1734608541
0.0 0.0 0.0

1734608542
0.0 0.0 0.0

1734608543
0.0 0.0 0.0

1734608544
0.0 0.0 0.0

1734608545
0.0 0.0 0.0

1734608546
0.0 0.0 0.0

1734608547
0.0 0.0 0.0

1734608548
0.0 0.0 0.0

1734608549
0.0 0.0 0.0

1734608550
0.0 0.0 0.0

1734608551
0.0 0.0 0.0

1734608552
0.0 0.0 0.0

1734608553
0.0 0.0 0.0

1734608554
0.0 0.0 0.0

1734608555
0.0 0.0 0.0

1734608556
0.0 0.0 0.0

1734608557
0.0 0.0 0.0

1734608558
0.0 0.0 0.0

1734608559
0.0 0.0 0.0

1734608560
0.0 0.0 0.0

1734608561
0.0 0.0 0.0

1734608562
0.0 0.0 0.0

1734608563
0.0 0.0 0.0

1734608564
0.0 0.0 0.0

1734608565
0.0 0.0 0.0

1734608566
0.0 0.0 0.0

1734608567
0.0 0.0 0.0

1734608568
0.0 0.0 0.0

1734608569
0.0 0.0 0.0

1734608570
0.0 0.0 0.0

1734608571
0.0 0.0 0.0

1734608572
0.0 0.0 0.0

1734608573
0.0 0.0 0.0

1734608574
0.0 0.0 0.0

1734608575
0.0 0.0 0.0

1734608576
0.0 0.0 0.0

1734608577
0.0 0.0 0.0

1734608578
0.0 0.0 0.0

1734608579
0.0 0.0 0.0

1734608580
0.0 0.0 0.0

1734608581
0.0 0.0 0.0

1734608582
0.0 0.0 0.0

1734608583
0.0 0.0 0.0

1734608584
0.0 0.0 0.0

1734608586
0.0 0.0 0.0

1734608587
0.0 0.0 0.0

1734608588
0.0 0.0 0.0

1734608589
0.0 0.0 0.0

1734608590
0.0 0.0 0.0

1734608591
0.0 0.0 0.0

1734608592
0.0 0.0 0.0

1734608593
0.0 0.0 0.0

1734608594
0.0 0.0 0.0

1734608595
0.0 0.0 0.0

1734608596
0.0 0.0 0.0

1734608597
0.0 0.0 0.0

1734608598
0.0 0.0 0.0

1734608599
0.0 0.0 0.0

1734608600
0.0 0.0 0.0

1734608602
0.0 0.0 0.0

1734608603
0.0 0.0 0.0

1734608604
0.0 0.0 0.0

1734608606
0.0 0.0 0.0

1734608607
0.0 0.0 0.0

1734608608
0.0 0.0 0.0

1734608609
0.0 0.0 0.0

1734608610
0.0 0.0 0.0

1734608611
0.0 0.0 0.0

1734608612
0.0 0.0 0.0

1734608613
0.0 0.0 0.0

1734608614
0.0 0.0 0.0

1734608615
0.0 0.0 0.0

1734608616
0.0 0.0 0.0

1734608617
0.0 0.0 0.0

1734608618
0.0 0.0 0.0

1734608619
0.0 0.0 0.0

1734608620
0.0 0.0 0.0

1734608621
0.0 0.0 0.0

1734608622
0.0 0.0 0.0

1734608623
0.0 0.0 0.0

1734608624
0.0 0.0 0.0

1734608625
0.0 0.0 0.0

1734608626
0.0 0.0 0.0

1734608627
0.0 0.0 0.0

1734608628
0.0 0.0 0.0

1734608629
0.0 0.0 0.0

1734608630
0.0 0.0 0.0

1734608632
0.0 0.0 0.0

1734608633
0.0 0.0 0.0

1734608634
0.0 0.0 0.0

1734608635
0.0 0.0 0.0

1734608636
0.0 0.0 0.0

1734608637
0.0 0.0 0.0

1734608638
0.0 0.0 0.0

1734608639
0.0 0.0 0.0

1734608640
0.0 0.0 0.0

1734608641
0.0 0.0 0.0

1734608642
0.0 0.0 0.0

1734608643
0.0 0.0 0.0

1734608644
0.0 0.0 0.0

1734608645
0.0 0.0 0.0

1734608646
0.0 0.0 0.0

1734608647
0.0 0.0 0.0

1734608648
0.0 0.0 0.0

1734608649
0.0 0.0 0.0

1734608650
0.0 0.0 0.0

1734608651
0.0 0.0 0.0

1734608652
0.0 0.0 0.0

1734608653
0.0 0.0 0.0

1734608654
0.0 0.0 0.0

1734608655
0.0 0.0 0.0

1734608656
0.0 0.0 0.0

1734608657
0.0 0.0 0.0

1734608659
0.0 0.0 0.0

1734608660
0.0 0.0 0.0

1734608661
0.0 0.0 0.0

1734608663
0.0 0.0 0.0

1734608664
0.0 0.0 0.0

1734608665
0.0 0.0 0.0

1734608667
0.0 0.0 0.0

1734608668
0.0 0.0 0.0

1734608669
0.0 0.0 0.0

1734608670
0.0 0.0 0.0

1734608673
0.0 0.0 0.0

1734608674
0.0 0.0 0.0

1734608676
0.0 0.0 0.0

1734608677
0.0 0.0 0.0

1734608679
0.0 0.0 0.0

1734608680
0.0 0.0 0.0

1734608681
0.0 0.0 0.0

1734608682
0.0 0.0 0.0

1734608683
0.0 0.0 0.0

1734608685
0.0 0.0 0.0

1734608686
0.0 0.0 0.0

1734608687
0.0 0.0 0.0

1734608688
0.0 0.0 0.0

1734608689
0.0 0.0 0.0

1734608690
0.0 0.0 0.0

1734608691
0.0 0.0 0.0

1734608692
0.0 0.0 0.0

1734608693
0.0 0.0 0.0

1734608694
0.0 0.0 0.0

1734608695
0.0 0.0 0.0

1734608696
0.0 0.0 0.0

1734608697
0.0 0.0 0.0

1734608698
0.0 0.0 0.0

1734608699
0.0 0.0 0.0

1734608700
0.0 0.0 0.0

1734608701
0.0 0.0 0.0

1734608703
0.0 0.0 0.0

1734608704
0.0 0.0 0.0

1734608705
0.0 0.0 0.0

1734608706
0.0 0.0 0.0

1734608707
0.0 0.0 0.0

1734608708
0.0 0.0 0.0

1734608709
0.0 0.0 0.0

1734608710
0.0 0.0 0.0

1734608712
0.0 0.0 0.0

1734608713
0.0 0.0 0.0

1734608714
0.0 0.0 0.0

1734608715
0.0 0.0 0.0

1734608716
0.0 0.0 0.0

1734608717
0.0 0.0 0.0

1734608718
0.0 0.0 0.0

1734608719
0.0 0.0 0.0

1734608720
0.0 0.0 0.0

1734608722
0.0 0.0 0.0

1734608724
0.0 0.0 0.0

1734608725
0.0 0.0 0.0

1734608726
0.0 0.0 0.0

1734608727
0.0 0.0 0.0

1734608728
0.0 0.0 0.0

1734608729
0.0 0.0 0.0

1734608730
0.0 0.0 0.0

1734608731
0.0 0.0 0.0

1734608733
0.0 0.0 0.0

1734608734
0.0 0.0 0.0

1734608736
0.0 0.0 0.0

1734608738
0.0 0.0 0.0

1734608739
0.0 0.0 0.0

1734608740
0.0 0.0 0.0

1734608742
0.0 0.0 0.0

1734608744
0.0 0.0 0.0

1734608745
0.0 0.0 0.0

1734608746
0.0 0.0 0.0

1734608749
0.0 0.0 0.0

1734608750
0.0 0.0 0.0

1734608751
0.0 0.0 0.0

1734608753
0.0 0.0 0.0

1734608754
0.0 0.0 0.0

1734608755
0.0 0.0 0.0

1734608757
0.0 0.0 0.0

1734608758
0.0 0.0 0.0

1734608759
0.0 0.0 0.0

1734608760
0.0 0.0 0.0

1734608761
0.0 0.0 0.0

1734608762
0.0 0.0 0.0

1734608766
0.0 0.0 0.0

1734608767
0.0 0.0 0.0

1734608768
0.0 0.0 0.0

1734608770
0.0 0.0 0.0

1734608771
0.0 0.0 0.0

1734608773
0.0 0.0 0.0

1734608775
0.0 0.0 0.0

1734608777
0.0 0.0 0.0

1734608778
0.0 0.0 0.0

1734608780
0.0 0.0 0.0

1734608781
0.0 0.0 0.0

1734608782
0.0 0.0 0.0

1734608783
0.0 0.0 0.0

1734608784
0.0 0.0 0.0

1734608785
0.0 0.0 0.0

1734608786
0.0 0.0 0.0

1734608787
0.0 0.0 0.0

1734608788
0.0 0.0 0.0

1734608789
0.0 0.0 0.0

1734608790
0.0 0.0 0.0

1734608791
0.0 0.0 0.0

1734608792
0.0 0.0 0.0

1734608793
0.0 0.0 0.0

1734608794
0.0 0.0 0.0

1734608795
0.0 0.0 0.0

1734608796
0.0 0.0 0.0

1734608797
0.0 0.0 0.0

1734608798
0.0 0.0 0.0

1734608799
0.0 0.0 0.0

1734608800
0.0 0.0 0.0

1734608801
0.0 0.0 0.0

1734608802
0.0 0.0 0.0

1734608804
0.0 0.0 0.0

1734608805
0.0 0.0 0.0

1734608806
0.0 0.0 0.0

1734608807
0.0 0.0 0.0

1734608808
0.0 0.0 0.0

1734608809
0.0 0.0 0.0

1734608810
0.0 0.0 0.0

1734608811
0.0 0.0 0.0

1734608812
0.0 0.0 0.0

1734608813
0.0 0.0 0.0

1734608814
0.0 0.0 0.0

1734608815
0.0 0.0 0.0

1734608816
0.0 0.0 0.0

1734608817
0.0 0.0 0.0

1734608818
0.0 0.0 0.0

1734608819
0.0 0.0 0.0

1734608820
0.0 0.0 0.0

1734608821
0.0 0.0 0.0

1734608822
0.0 0.0 0.0

1734608823
0.0 0.0 0.0

1734608824
0.0 0.0 0.0

1734608825
0.0 0.0 0.0

1734608826
0.0 0.0 0.0

1734608827
0.0 0.0 0.0

1734608828
0.0 0.0 0.0

1734608829
0.0 0.0 0.0

1734608830
0.0 0.0 0.0

1734608831
0.0 0.0 0.0

1734608832
0.0 0.0 0.0

1734608833
0.0 0.0 0.0

1734608834
0.0 0.0 0.0

1734608835
0.0 0.0 0.0

1734608836
0.0 0.0 0.0

1734608837
0.0 0.0 0.0

1734608838
0.0 0.0 0.0

1734608839
0.0 0.0 0.0

1734608840
0.0 0.0 0.0

1734608841
0.0 0.0 0.0

1734608842
0.0 0.0 0.0

1734608843
0.0 0.0 0.0

1734608844
0.0 0.0 0.0

1734608845
0.0 0.0 0.0

1734608846
0.0 0.0 0.0

1734608847
0.0 0.0 0.0

1734608848
0.0 0.0 0.0

1734608850
0.0 0.0 0.0

1734608851
0.0 0.0 0.0

1734608852
0.0 0.0 0.0

1734608855
0.0 0.0 0.0

1734608856
0.0 0.0 0.0

1734608857
0.0 0.0 0.0

1734608858
0.0 0.0 0.0

1734608859
0.0 0.0 0.0

1734608860
0.0 0.0 0.0

1734608861
0.0 0.0 0.0

1734608863
0.0 0.0 0.0

1734608864
0.0 0.0 0.0

1734608865
0.0 0.0 0.0

1734608866
0.0 0.0 0.0

1734608868
0.0 0.0 0.0

1734608869
0.0 0.0 0.0

1734608870
0.0 0.0 0.0

1734608871
0.0 0.0 0.0

1734608872
0.0 0.0 0.0

1734608873
0.0 0.0 0.0

1734608875
0.0 0.0 0.0

1734608876
0.0 0.0 0.0

1734608877
0.0 0.0 0.0

1734608878
0.0 0.0 0.0

1734608879
0.0 0.0 0.0

1734608880
0.0 0.0 0.0

1734608881
0.0 0.0 0.0

1734608882
0.0 0.0 0.0

1734608883
0.0 0.0 0.0

1734608884
0.0 0.0 0.0

1734608885
0.0 0.0 0.0

1734608886
0.0 0.0 0.0

1734608887
0.0 0.0 0.0

1734608888
0.0 0.0 0.0

1734608889
0.0 0.0 0.0

1734608890
0.0 0.0 0.0

1734608891
0.0 0.0 0.0

1734608892
0.0 0.0 0.0

1734608893
0.0 0.0 0.0

1734608894
0.0 0.0 0.0

1734608895
0.0 0.0 0.0

1734608896
0.0 0.0 0.0

1734608897
0.0 0.0 0.0

1734608898
0.0 0.0 0.0

1734608899
0.0 0.0 0.0

1734608901
0.0 0.0 0.0

1734608902
0.0 0.0 0.0

1734608903
0.0 0.0 0.0

1734608904
0.0 0.0 0.0

1734608905
0.0 0.0 0.0

1734608906
0.0 0.0 0.0

1734608908
0.0 0.0 0.0

1734608910
0.0 0.0 0.0

1734608911
0.0 0.0 0.0

1734608912
0.0 0.0 0.0

1734608913
0.0 0.0 0.0

1734608914
0.0 0.0 0.0

1734608915
0.0 0.0 0.0

1734608916
0.0 0.0 0.0

1734608917
0.0 0.0 0.0

1734608918
0.0 0.0 0.0

1734608919
0.0 0.0 0.0

1734608920
0.0 0.0 0.0

1734608921
0.0 0.0 0.0

1734608922
0.0 0.0 0.0

1734608923
0.0 0.0 0.0

1734608924
0.0 0.0 0.0

1734608925
0.0 0.0 0.0

1734608926
0.0 0.0 0.0

1734608927
0.0 0.0 0.0

1734608928
0.0 0.0 0.0

1734608929
0.0 0.0 0.0

1734608930
0.0 0.0 0.0

1734608931
0.0 0.0 0.0

1734608932
0.0 0.0 0.0

1734608933
0.0 0.0 0.0

1734608934
0.0 0.0 0.0

1734608935
0.0 0.0 0.0

1734608936
0.0 0.0 0.0

1734608937
0.0 0.0 0.0

1734608938
0.0 0.0 0.0

1734608939
0.0 0.0 0.0

1734608940
0.0 0.0 0.0

1734608941
0.0 0.0 0.0

1734608942
0.0 0.0 0.0

1734608943
0.0 0.0 0.0

1734608944
0.0 0.0 0.0

1734608945
0.0 0.0 0.0

1734608946
0.0 0.0 0.0

1734608947
0.0 0.0 0.0

1734608948
0.0 0.0 0.0

1734608949
0.0 0.0 0.0

1734608950
0.0 0.0 0.0

1734608951
0.0 0.0 0.0

1734608952
0.0 0.0 0.0

1734608953
0.0 0.0 0.0

1734608954
0.0 0.0 0.0

1734608955
0.0 0.0 0.0

1734608956
0.0 0.0 0.0

1734608958
0.0 0.0 0.0

1734608959
0.0 0.0 0.0

1734608960
0.0 0.0 0.0

1734608961
0.0 0.0 0.0

1734608962
0.0 0.0 0.0

1734608963
0.0 0.0 0.0

1734608964
0.0 0.0 0.0

1734608965
0.0 0.0 0.0

1734608966
0.0 0.0 0.0

1734608967
0.0 0.0 0.0

1734608968
0.0 0.0 0.0

1734608969
0.0 0.0 0.0

1734608970
0.0 0.0 0.0

1734608971
0.0 0.0 0.0

1734608972
0.0 0.0 0.0

1734608973
0.0 0.0 0.0

1734608974
0.0 0.0 0.0

1734608975
0.0 0.0 0.0

1734608976
0.0 0.0 0.0

1734608977
0.0 0.0 0.0

1734608978
0.0 0.0 0.0

1734608979
0.0 0.0 0.0

1734608980
0.0 0.0 0.0

1734608981
0.0 0.0 0.0

1734608982
0.0 0.0 0.0

1734608983
0.0 0.0 0.0

1734608984
0.0 0.0 0.0

1734608985
0.0 0.0 0.0

1734608986
0.0 0.0 0.0

1734608987
0.0 0.0 0.0

1734608988
0.0 0.0 0.0

1734608989
0.0 0.0 0.0

1734608990
0.0 0.0 0.0

1734608991
0.0 0.0 0.0

1734608992
0.0 0.0 0.0

1734608993
0.0 0.0 0.0

1734608994
0.0 0.0 0.0

1734608995
0.0 0.0 0.0

1734608996
0.0 0.0 0.0

1734608997
0.0 0.0 0.0

1734608999
0.0 0.0 0.0

1734609000
0.0 0.0 0.0

1734609001
0.0 0.0 0.0

1734609002
0.0 0.0 0.0

1734609003
0.0 0.0 0.0

1734609004
0.0 0.0 0.0

1734609005
0.0 0.0 0.0

1734609006
0.0 0.0 0.0

1734609007
0.0 0.0 0.0

1734609008
0.0 0.0 0.0

1734609009
0.0 0.0 0.0

1734609010
0.0 0.0 0.0

1734609011
0.0 0.0 0.0

1734609012
0.0 0.0 0.0

1734609013
0.0 0.0 0.0

1734609014
0.0 0.0 0.0

1734609015
0.0 0.0 0.0

1734609016
0.0 0.0 0.0

1734609017
0.0 0.0 0.0

1734609018
0.0 0.0 0.0

1734609019
0.0 0.0 0.0

1734609020
0.0 0.0 0.0

1734609021
0.0 0.0 0.0

1734609022
0.0 0.0 0.0

1734609023
0.0 0.0 0.0

1734609024
0.0 0.0 0.0

1734609025
0.0 0.0 0.0

1734609026
0.0 0.0 0.0

1734609027
0.0 0.0 0.0

1734609028
0.0 0.0 0.0

1734609029
0.0 0.0 0.0

1734609030
0.0 0.0 0.0

1734609031
0.0 0.0 0.0

1734609032
0.0 0.0 0.0

1734609033
0.0 0.0 0.0

1734609034
0.0 0.0 0.0

1734609035
0.0 0.0 0.0

1734609036
0.0 0.0 0.0

1734609037
0.0 0.0 0.0

1734609038
0.0 0.0 0.0

1734609039
0.0 0.0 0.0

1734609040
0.0 0.0 0.0

1734609041
0.0 0.0 0.0

1734609042
0.0 0.0 0.0

1734609043
0.0 0.0 0.0

1734609044
0.0 0.0 0.0

1734609045
0.0 0.0 0.0

1734609046
0.0 0.0 0.0

1734609047
0.0 0.0 0.0

1734609048
0.0 0.0 0.0

1734609049
0.0 0.0 0.0

1734609050
0.0 0.0 0.0

1734609051
0.0 0.0 0.0

1734609052
0.0 0.0 0.0

1734609053
0.0 0.0 0.0

1734609054
0.0 0.0 0.0

1734609055
0.0 0.0 0.0

1734609056
0.0 0.0 0.0

1734609057
0.0 0.0 0.0

1734609058
0.0 0.0 0.0

1734609059
0.0 0.0 0.0

1734609060
0.0 0.0 0.0

1734609061
0.0 0.0 0.0

1734609062
0.0 0.0 0.0

1734609063
0.0 0.0 0.0

1734609064
0.0 0.0 0.0

1734609065
0.0 0.0 0.0

1734609066
0.0 0.0 0.0

1734609067
0.0 0.0 0.0

1734609068
0.0 0.0 0.0

1734609069
0.0 0.0 0.0

1734609070
0.0 0.0 0.0

1734609071
0.0 0.0 0.0

1734609072
0.0 0.0 0.0

1734609074
0.0 0.0 0.0

1734609075
0.0 0.0 0.0

1734609076
0.0 0.0 0.0

1734609077
0.0 0.0 0.0

1734609078
0.0 0.0 0.0

1734609079
0.0 0.0 0.0

1734609080
0.0 0.0 0.0

1734609081
0.0 0.0 0.0

1734609082
0.0 0.0 0.0

1734609086
0.0 0.0 0.0

1734609087
0.0 0.0 0.0

1734609088
0.0 0.0 0.0

1734609091
0.0 0.0 0.0

1734609092
0.0 0.0 0.0

1734609093
0.0 0.0 0.0

1734609095
0.0 0.0 0.0

1734609096
0.0 0.0 0.0

1734609097
0.0 0.0 0.0

1734609099
0.0 0.0 0.0

1734609100
0.0 0.0 0.0

1734609102
0.0 0.0 0.0

1734609103
0.0 0.0 0.0

1734609104
0.0 0.0 0.0

1734609105
0.0 0.0 0.0

1734609106
0.0 0.0 0.0

1734609107
0.0 0.0 0.0

1734609108
0.0 0.0 0.0

1734609109
0.0 0.0 0.0

1734609110
0.0 0.0 0.0

1734609111
0.0 0.0 0.0

1734609112
0.0 0.0 0.0

1734609113
0.0 0.0 0.0

1734609115
0.0 0.0 0.0

1734609116
0.0 0.0 0.0

1734609117
0.0 0.0 0.0

1734609118
0.0 0.0 0.0

1734609119
0.0 0.0 0.0

1734609120
0.0 0.0 0.0

1734609121
0.0 0.0 0.0

1734609122
0.0 0.0 0.0

1734609123
0.0 0.0 0.0

1734609125
0.0 0.0 0.0

1734609126
0.0 0.0 0.0

1734609127
0.0 0.0 0.0

1734609128
0.0 0.0 0.0

1734609129
0.0 0.0 0.0

1734609130
0.0 0.0 0.0

1734609131
0.0 0.0 0.0

1734609132
0.0 0.0 0.0

1734609133
0.0 0.0 0.0

1734609134
0.0 0.0 0.0

1734609135
0.0 0.0 0.0

1734609136
0.0 0.0 0.0

1734609137
0.0 0.0 0.0

1734609138
0.0 0.0 0.0

1734609139
0.0 0.0 0.0

1734609140
0.0 0.0 0.0

1734609141
0.0 0.0 0.0

1734609142
0.0 0.0 0.0

1734609143
0.0 0.0 0.0

1734609144
0.0 0.0 0.0

1734609145
0.0 0.0 0.0

1734609146
0.0 0.0 0.0

1734609147
0.0 0.0 0.0

1734609148
0.0 0.0 0.0

1734609149
0.0 0.0 0.0

1734609150
0.0 0.0 0.0

1734609152
0.0 0.0 0.0

1734609153
0.0 0.0 0.0

1734609154
0.0 0.0 0.0

1734609155
0.0 0.0 0.0

1734609156
0.0 0.0 0.0

1734609157
0.0 0.0 0.0

1734609158
0.0 0.0 0.0

1734609159
0.0 0.0 0.0

1734609160
0.0 0.0 0.0

1734609161
0.0 0.0 0.0

1734609162
0.0 0.0 0.0

1734609163
0.0 0.0 0.0

1734609164
0.0 0.0 0.0

1734609165
0.0 0.0 0.0

1734609166
0.0 0.0 0.0

1734609167
0.0 0.0 0.0

1734609168
0.0 0.0 0.0

1734609169
0.0 0.0 0.0

1734609170
0.0 0.0 0.0

1734609171
0.0 0.0 0.0

1734609172
0.0 0.0 0.0

1734609173
0.0 0.0 0.0

1734609174
0.0 0.0 0.0

1734609175
0.0 0.0 0.0

1734609176
0.0 0.0 0.0

1734609177
0.0 0.0 0.0

1734609178
0.0 0.0 0.0

1734609179
0.0 0.0 0.0

1734609180
0.0 0.0 0.0

1734609181
0.0 0.0 0.0

1734609182
0.0 0.0 0.0

1734609183
0.0 0.0 0.0

1734609184
0.0 0.0 0.0

1734609185
0.0 0.0 0.0

1734609186
0.0 0.0 0.0

1734609187
0.0 0.0 0.0

1734609188
0.0 0.0 0.0

1734609189
0.0 0.0 0.0

1734609190
0.0 0.0 0.0

1734609191
0.0 0.0 0.0

1734609192
0.0 0.0 0.0

1734609193
0.0 0.0 0.0

1734609194
0.0 0.0 0.0

1734609195
0.0 0.0 0.0

1734609196
0.0 0.0 0.0

1734609197
0.0 0.0 0.0

1734609198
0.0 0.0 0.0

1734609199
0.0 0.0 0.0

1734609200
0.0 0.0 0.0

1734609201
0.0 0.0 0.0

1734609202
0.0 0.0 0.0

1734609203
0.0 0.0 0.0

1734609204
0.0 0.0 0.0

1734609205
0.0 0.0 0.0

1734609206
0.0 0.0 0.0

1734609207
0.0 0.0 0.0

1734609208
0.0 0.0 0.0

1734609209
0.0 0.0 0.0

1734609210
0.0 0.0 0.0

1734609211
0.0 0.0 0.0

1734609212
0.0 0.0 0.0

1734609213
0.0 0.0 0.0

1734609214
0.0 0.0 0.0

1734609215
0.0 0.0 0.0

1734609216
0.0 0.0 0.0

1734609217
0.0 0.0 0.0

1734609218
0.0 0.0 0.0

1734609219
0.0 0.0 0.0

1734609220
0.0 0.0 0.0

1734609221
0.0 0.0 0.0

1734609222
0.0 0.0 0.0

1734609223
0.0 0.0 0.0

1734609224
0.0 0.0 0.0

1734609225
0.0 0.0 0.0

1734609226
0.0 0.0 0.0

1734609227
0.0 0.0 0.0

1734609228
0.0 0.0 0.0

1734609229
0.0 0.0 0.0

1734609230
0.0 0.0 0.0

1734609231
0.0 0.0 0.0

1734609232
0.0 0.0 0.0

1734609233
0.0 0.0 0.0

1734609234
0.0 0.0 0.0

1734609235
0.0 0.0 0.0

1734609236
0.0 0.0 0.0

1734609237
0.0 0.0 0.0

1734609238
0.0 0.0 0.0

1734609239
0.0 0.0 0.0

1734609240
0.0 0.0 0.0

1734609241
0.0 0.0 0.0

1734609242
0.0 0.0 0.0

1734609243
0.0 0.0 0.0

1734609244
0.0 0.0 0.0

1734609245
0.0 0.0 0.0

1734609246
0.0 0.0 0.0

1734609247
0.0 0.0 0.0

1734609248
0.0 0.0 0.0

1734609249
0.0 0.0 0.0

1734609250
0.0 0.0 0.0

1734609251
0.0 0.0 0.0

1734609252
0.0 0.0 0.0

1734609253
0.0 0.0 0.0

1734609254
0.0 0.0 0.0

1734609255
0.0 0.0 0.0

1734609256
0.0 0.0 0.0

1734609257
0.0 0.0 0.0

1734609258
0.0 0.0 0.0

1734609259
0.0 0.0 0.0

1734609260
0.0 0.0 0.0

1734609261
0.0 0.0 0.0

1734609262
0.0 0.0 0.0

1734609263
0.0 0.0 0.0

1734609264
0.0 0.0 0.0

1734609265
0.0 0.0 0.0

1734609266
0.0 0.0 0.0

1734609267
0.0 0.0 0.0

1734609268
0.0 0.0 0.0

1734609269
0.0 0.0 0.0

1734609270
0.0 0.0 0.0

1734609271
0.0 0.0 0.0

1734609272
0.0 0.0 0.0

1734609273
0.0 0.0 0.0

1734609274
0.0 0.0 0.0

1734609275
0.0 0.0 0.0

1734609276
0.0 0.0 0.0

1734609277
0.0 0.0 0.0

1734609278
0.0 0.0 0.0

1734609279
0.0 0.0 0.0

1734609280
0.0 0.0 0.0

1734609281
0.0 0.0 0.0

1734609282
0.0 0.0 0.0

1734609283
0.0 0.0 0.0

1734609284
0.0 0.0 0.0

1734609285
0.0 0.0 0.0

1734609286
0.0 0.0 0.0

1734609287
0.0 0.0 0.0

1734609288
0.0 0.0 0.0

1734609289
0.0 0.0 0.0

1734609290
0.0 0.0 0.0

1734609291
0.0 0.0 0.0

1734609292
0.0 0.0 0.0

1734609293
0.0 0.0 0.0

1734609294
0.0 0.0 0.0

1734609295
0.0 0.0 0.0

1734609296
0.0 0.0 0.0

1734609297
0.0 0.0 0.0

1734609298
0.0 0.0 0.0

1734609299
0.0 0.0 0.0

1734609300
0.0 0.0 0.0

1734609301
0.0 0.0 0.0

1734609302
0.0 0.0 0.0

1734609303
0.0 0.0 0.0

1734609304
0.0 0.0 0.0

1734609305
0.0 0.0 0.0

1734609306
0.0 0.0 0.0

1734609307
0.0 0.0 0.0

1734609308
0.0 0.0 0.0

1734609309
0.0 0.0 0.0

1734609310
0.0 0.0 0.0

1734609311
0.0 0.0 0.0

1734609312
0.0 0.0 0.0

1734609313
0.0 0.0 0.0

1734609314
0.0 0.0 0.0

1734609315
0.0 0.0 0.0

1734609316
0.0 0.0 0.0

1734609317
0.0 0.0 0.0

1734609318
0.0 0.0 0.0

1734609319
0.0 0.0 0.0

1734609320
0.0 0.0 0.0

1734609321
0.0 0.0 0.0

1734609322
0.0 0.0 0.0

1734609323
0.0 0.0 0.0

1734609324
0.0 0.0 0.0

1734609325
0.0 0.0 0.0

1734609326
0.0 0.0 0.0

1734609327
0.0 0.0 0.0

1734609328
0.0 0.0 0.0

1734609331
0.0 0.0 0.0

1734609332
0.0 0.0 0.0

1734609333
0.0 0.0 0.0

1734609334
0.0 0.0 0.0

1734609335
0.0 0.0 0.0

1734609336
0.0 0.0 0.0

1734609337
0.0 0.0 0.0

1734609338
0.0 0.0 0.0

1734609339
0.0 0.0 0.0

1734609340
0.0 0.0 0.0

1734609341
0.0 0.0 0.0

1734609342
0.0 0.0 0.0

1734609343
0.0 0.0 0.0

1734609344
0.0 0.0 0.0

1734609345
0.0 0.0 0.0

1734609346
0.0 0.0 0.0

1734609347
0.0 0.0 0.0

1734609348
0.0 0.0 0.0

1734609349
0.0 0.0 0.0

1734609350
0.0 0.0 0.0

1734609351
0.0 0.0 0.0

1734609352
0.0 0.0 0.0

1734609353
0.0 0.0 0.0

1734609354
0.0 0.0 0.0

1734609355
0.0 0.0 0.0

1734609356
0.0 0.0 0.0

1734609357
0.0 0.0 0.0

1734609358
0.0 0.0 0.0

1734609359
0.0 0.0 0.0

1734609360
0.0 0.0 0.0

1734609361
0.0 0.0 0.0

1734609362
0.0 0.0 0.0

1734609363
0.0 0.0 0.0

1734609364
0.0 0.0 0.0

1734609365
0.0 0.0 0.0

1734609366
0.0 0.0 0.0

1734609367
0.0 0.0 0.0

1734609368
0.0 0.0 0.0

1734609369
0.0 0.0 0.0

1734609370
0.0 0.0 0.0

1734609371
0.0 0.0 0.0

1734609372
0.0 0.0 0.0

1734609373
0.0 0.0 0.0

1734609375
0.0 0.0 0.0

1734609376
0.0 0.0 0.0

1734609377
0.0 0.0 0.0

1734609378
0.0 0.0 0.0

1734609379
0.0 0.0 0.0

1734609380
0.0 0.0 0.0

1734609381
0.0 0.0 0.0

1734609382
0.0 0.0 0.0

1734609383
0.0 0.0 0.0

1734609384
0.0 0.0 0.0

1734609385
0.0 0.0 0.0

1734609386
0.0 0.0 0.0

1734609387
0.0 0.0 0.0

1734609388
0.0 0.0 0.0

1734609389
0.0 0.0 0.0

1734609390
0.0 0.0 0.0

1734609391
0.0 0.0 0.0

1734609392
0.0 0.0 0.0

1734609393
0.0 0.0 0.0

1734609394
0.0 0.0 0.0

1734609395
0.0 0.0 0.0

1734609396
0.0 0.0 0.0

1734609397
0.0 0.0 0.0

1734609399
0.0 0.0 0.0

1734609400
0.0 0.0 0.0

1734609401
0.0 0.0 0.0

1734609402
0.0 0.0 0.0

1734609403
0.0 0.0 0.0

1734609404
0.0 0.0 0.0

1734609405
0.0 0.0 0.0

1734609406
0.0 0.0 0.0

1734609407
0.0 0.0 0.0

1734609408
0.0 0.0 0.0

1734609409
0.0 0.0 0.0

1734609410
0.0 0.0 0.0

1734609411
0.0 0.0 0.0

1734609412
0.0 0.0 0.0

1734609413
0.0 0.0 0.0

1734609414
0.0 0.0 0.0

1734609415
0.0 0.0 0.0

1734609416
0.0 0.0 0.0

1734609417
0.0 0.0 0.0

1734609418
0.0 0.0 0.0

1734609419
0.0 0.0 0.0

1734609420
0.0 0.0 0.0

1734609421
0.0 0.0 0.0

1734609422
0.0 0.0 0.0

1734609423
0.0 0.0 0.0

1734609424
0.0 0.0 0.0

1734609425
0.0 0.0 0.0

1734609426
0.0 0.0 0.0

1734609427
0.0 0.0 0.0

1734609428
0.0 0.0 0.0

1734609429
0.0 0.0 0.0

1734609430
0.0 0.0 0.0

1734609431
0.0 0.0 0.0

1734609433
0.0 0.0 0.0

1734609434
0.0 0.0 0.0

1734609435
0.0 0.0 0.0

1734609436
0.0 0.0 0.0

1734609437
0.0 0.0 0.0

1734609438
0.0 0.0 0.0

1734609439
0.0 0.0 0.0

1734609440
0.0 0.0 0.0

1734609441
0.0 0.0 0.0

1734609442
0.0 0.0 0.0

1734609443
0.0 0.0 0.0

1734609444
0.0 0.0 0.0

1734609446
0.0 0.0 0.0

1734609447
0.0 0.0 0.0

1734609448
0.0 0.0 0.0

1734609449
0.0 0.0 0.0

1734609450
0.0 0.0 0.0

1734609451
0.0 0.0 0.0

1734609452
0.0 0.0 0.0

1734609453
0.0 0.0 0.0

1734609454
0.0 0.0 0.0

1734609455
0.0 0.0 0.0

1734609456
0.0 0.0 0.0

1734609457
0.0 0.0 0.0

1734609458
0.0 0.0 0.0

1734609459
0.0 0.0 0.0

1734609460
0.0 0.0 0.0

1734609461
0.0 0.0 0.0

1734609462
0.0 0.0 0.0

1734609463
0.0 0.0 0.0

1734609464
0.0 0.0 0.0

1734609465
0.0 0.0 0.0

1734609466
0.0 0.0 0.0

1734609467
0.0 0.0 0.0

1734609468
0.0 0.0 0.0

1734609469
0.0 0.0 0.0

1734609470
0.0 0.0 0.0

1734609471
0.0 0.0 0.0

1734609472
0.0 0.0 0.0

1734609473
0.0 0.0 0.0

1734609474
0.0 0.0 0.0

1734609475
0.0 0.0 0.0

1734609476
0.0 0.0 0.0

1734609477
0.0 0.0 0.0

1734609478
0.0 0.0 0.0

1734609479
0.0 0.0 0.0

1734609480
0.0 0.0 0.0

1734609481
0.0 0.0 0.0

1734609482
0.0 0.0 0.0

1734609483
0.0 0.0 0.0

1734609484
0.0 0.0 0.0

1734609485
0.0 0.0 0.0

1734609486
0.0 0.0 0.0

1734609488
0.0 0.0 0.0

1734609489
0.0 0.0 0.0

1734609490
0.0 0.0 0.0

1734609491
0.0 0.0 0.0

1734609492
0.0 0.0 0.0

1734609493
0.0 0.0 0.0

1734609494
0.0 0.0 0.0

1734609495
0.0 0.0 0.0

1734609496
0.0 0.0 0.0

1734609497
0.0 0.0 0.0

1734609498
0.0 0.0 0.0

1734609499
0.0 0.0 0.0

1734609500
0.0 0.0 0.0

1734609501
0.0 0.0 0.0

1734609502
0.0 0.0 0.0

1734609503
0.0 0.0 0.0

1734609504
0.0 0.0 0.0

1734609505
0.0 0.0 0.0

1734609506
0.0 0.0 0.0

1734609507
0.0 0.0 0.0

1734609508
0.0 0.0 0.0

1734609509
0.0 0.0 0.0

1734609510
0.0 0.0 0.0

1734609511
0.0 0.0 0.0

1734609512
0.0 0.0 0.0

1734609513
0.0 0.0 0.0

1734609514
0.0 0.0 0.0

1734609515
0.0 0.0 0.0

1734609516
0.0 0.0 0.0

1734609517
0.0 0.0 0.0

1734609518
0.0 0.0 0.0

1734609519
0.0 0.0 0.0

1734609520
0.0 0.0 0.0

1734609521
0.0 0.0 0.0

1734609522
0.0 0.0 0.0

1734609523
0.0 0.0 0.0

1734609524
0.0 0.0 0.0

1734609525
0.0 0.0 0.0

1734609526
0.0 0.0 0.0

1734609528
0.0 0.0 0.0

1734609529
0.0 0.0 0.0

1734609530
0.0 0.0 0.0

1734609532
0.0 0.0 0.0

1734609533
0.0 0.0 0.0

1734609534
0.0 0.0 0.0

1734609535
0.0 0.0 0.0

1734609536
0.0 0.0 0.0

1734609537
0.0 0.0 0.0

1734609538
0.0 0.0 0.0

1734609541
0.0 0.0 0.0

1734609543
0.0 0.0 0.0

1734609544
0.0 0.0 0.0

1734609545
0.0 0.0 0.0

1734609546
0.0 0.0 0.0

1734609547
0.0 0.0 0.0

1734609548
0.0 0.0 0.0

1734609549
0.0 0.0 0.0

1734609550
0.0 0.0 0.0

1734609551
0.0 0.0 0.0

1734609552
0.0 0.0 0.0

1734609553
0.0 0.0 0.0

1734609554
0.0 0.0 0.0

1734609555
0.0 0.0 0.0

1734609556
0.0 0.0 0.0

1734609557
0.0 0.0 0.0

1734609558
0.0 0.0 0.0

1734609560
0.0 0.0 0.0

1734609561
0.0 0.0 0.0

1734609562
0.0 0.0 0.0

1734609563
0.0 0.0 0.0

1734609564
0.0 0.0 0.0

1734609565
0.0 0.0 0.0

1734609566
0.0 0.0 0.0

1734609567
0.0 0.0 0.0

1734609568
0.0 0.0 0.0

1734609569
0.0 0.0 0.0

1734609570
0.0 0.0 0.0

1734609571
0.0 0.0 0.0

1734609572
0.0 0.0 0.0

1734609573
0.0 0.0 0.0

1734609574
0.0 0.0 0.0

1734609575
0.0 0.0 0.0

1734609576
0.0 0.0 0.0

1734609577
0.0 0.0 0.0

1734609578
0.0 0.0 0.0

1734609579
0.0 0.0 0.0

1734609580
0.0 0.0 0.0

1734609581
0.0 0.0 0.0

1734609582
0.0 0.0 0.0

1734609584
0.0 0.0 0.0

1734609585
0.0 0.0 0.0

1734609586
0.0 0.0 0.0

1734609587
0.0 0.0 0.0

1734609588
0.0 0.0 0.0

1734609589
0.0 0.0 0.0

1734609590
0.0 0.0 0.0

1734609591
0.0 0.0 0.0

1734609592
0.0 0.0 0.0

1734609593
0.0 0.0 0.0

1734609595
0.0 0.0 0.0

1734609596
0.0 0.0 0.0

1734609597
0.0 0.0 0.0

1734609599
0.0 0.0 0.0

1734609601
0.0 0.0 0.0

1734609602
0.0 0.0 0.0

1734609603
0.0 0.0 0.0

1734609604
0.0 0.0 0.0

1734609605
0.0 0.0 0.0

1734609606
0.0 0.0 0.0

1734609607
0.0 0.0 0.0

1734609608
0.0 0.0 0.0

1734609609
0.0 0.0 0.0

1734609610
0.0 0.0 0.0

1734609611
0.0 0.0 0.0

1734609612
0.0 0.0 0.0

1734609613
0.0 0.0 0.0

1734609614
0.0 0.0 0.0

1734609615
0.0 0.0 0.0

1734609616
0.0 0.0 0.0

1734609617
0.0 0.0 0.0

1734609618
0.0 0.0 0.0

1734609619
0.0 0.0 0.0

1734609620
0.0 0.0 0.0

1734609621
0.0 0.0 0.0

1734609622
0.0 0.0 0.0

1734609623
0.0 0.0 0.0

1734609624
0.0 0.0 0.0

1734609625
0.0 0.0 0.0

1734609626
0.0 0.0 0.0

1734609627
0.0 0.0 0.0

1734609628
0.0 0.0 0.0

1734609629
0.0 0.0 0.0

1734609630
0.0 0.0 0.0

1734609632
0.0 0.0 0.0

1734609633
0.0 0.0 0.0

1734609634
0.0 0.0 0.0

1734609635
0.0 0.0 0.0

1734609636
0.0 0.0 0.0

1734609637
0.0 0.0 0.0

1734609638
0.0 0.0 0.0

1734609639
0.0 0.0 0.0

1734609640
0.0 0.0 0.0

1734609641
0.0 0.0 0.0

1734609642
0.0 0.0 0.0

1734609643
0.0 0.0 0.0

1734609644
0.0 0.0 0.0

1734609645
0.0 0.0 0.0

1734609646
0.0 0.0 0.0

1734609647
0.0 0.0 0.0

1734609648
0.0 0.0 0.0

1734609649
0.0 0.0 0.0

1734609650
0.0 0.0 0.0

1734609651
0.0 0.0 0.0

1734609652
0.0 0.0 0.0

1734609653
0.0 0.0 0.0

1734609654
0.0 0.0 0.0

1734609655
0.0 0.0 0.0

1734609656
0.0 0.0 0.0

1734609657
0.0 0.0 0.0

1734609658
0.0 0.0 0.0

1734609659
0.0 0.0 0.0

1734609660
0.0 0.0 0.0

1734609661
0.0 0.0 0.0

1734609662
0.0 0.0 0.0

1734609663
0.0 0.0 0.0

1734609664
0.0 0.0 0.0

1734609665
0.0 0.0 0.0

1734609666
0.0 0.0 0.0

1734609667
0.0 0.0 0.0

1734609668
0.0 0.0 0.0

1734609669
0.0 0.0 0.0

1734609670
0.0 0.0 0.0

1734609671
0.0 0.0 0.0

1734609672
0.0 0.0 0.0

1734609673
0.0 0.0 0.0

1734609674
0.0 0.0 0.0

1734609675
0.0 0.0 0.0

1734609676
0.0 0.0 0.0

1734609677
0.0 0.0 0.0

1734609678
0.0 0.0 0.0

1734609679
0.0 0.0 0.0

1734609680
0.0 0.0 0.0

1734609681
0.0 0.0 0.0

1734609682
0.0 0.0 0.0

1734609683
0.0 0.0 0.0

1734609684
0.0 0.0 0.0

1734609685
0.0 0.0 0.0

1734609686
0.0 0.0 0.0

1734609687
0.0 0.0 0.0

1734609688
0.0 0.0 0.0

1734609689
0.0 0.0 0.0

1734609690
0.0 0.0 0.0

1734609691
0.0 0.0 0.0

1734609692
0.0 0.0 0.0

1734609693
0.0 0.0 0.0

1734609694
0.0 0.0 0.0

1734609695
0.0 0.0 0.0

1734609696
0.0 0.0 0.0

1734609697
0.0 0.0 0.0

1734609698
0.0 0.0 0.0

1734609704
0.0 0.0 0.0

1734609778
0.0 0.0 0.0

1734609779
0.0 0.0 0.0

1734609780
0.0 0.0 0.0

1734609781
0.0 0.0 0.0

1734609782
0.0 0.0 0.0

1734609783
0.0 0.0 0.0

1734609784
0.0 0.0 0.0

1734609785
0.0 0.0 0.0

1734609786
0.0 0.0 0.0

1734609787
0.0 0.0 0.0

1734609788
0.0 0.0 0.0

1734609789
0.0 0.0 0.0

1734609790
0.0 0.0 0.0

1734609791
0.0 0.0 0.0

1734609792
0.0 0.0 0.0

1734609793
0.0 0.0 0.0

1734609794
0.0 0.0 0.0

1734609795
0.0 0.0 0.0

1734609796
0.0 0.0 0.0

1734609797
0.0 0.0 0.0

1734609798
0.0 0.0 0.0

1734609799
0.0 0.0 0.0

1734609800
0.0 0.0 0.0

1734609801
0.0 0.0 0.0

1734609802
0.0 0.0 0.0

1734609803
0.0 0.0 0.0

1734609804
0.0 0.0 0.0

1734609805
0.0 0.0 0.0

1734609806
0.0 0.0 0.0

1734609807
0.0 0.0 0.0

1734609808
0.0 0.0 0.0

1734609809
0.0 0.0 0.0

1734609810
0.0 0.0 0.0

1734609811
0.0 0.0 0.0

1734609812
0.0 0.0 0.0

1734609813
0.0 0.0 0.0

1734609816
0.0 0.0 0.0

1734609817
0.0 0.0 0.0

1734609818
0.0 0.0 0.0

1734609819
0.0 0.0 0.0

1734609820
0.0 0.0 0.0

1734609821
0.0 0.0 0.0

1734609823
0.0 0.0 0.0

1734609824
0.0 0.0 0.0

1734609825
0.0 0.0 0.0

1734609827
0.0 0.0 0.0

1734609828
0.0 0.0 0.0

1734609829
0.0 0.0 0.0

1734609830
0.0 0.0 0.0

1734609831
0.0 0.0 0.0

1734609832
0.0 0.0 0.0

1734609833
0.0 0.0 0.0

1734609834
0.0 0.0 0.0

1734609835
0.0 0.0 0.0

1734609836
0.0 0.0 0.0

1734609837
0.0 0.0 0.0

1734609838
0.0 0.0 0.0

1734609840
0.0 0.0 0.0

1734609841
0.0 0.0 0.0

1734609842
0.0 0.0 0.0

1734609843
0.0 0.0 0.0

1734609844
0.0 0.0 0.0

1734609845
0.0 0.0 0.0

1734609846
0.0 0.0 0.0

1734609847
0.0 0.0 0.0

1734609848
0.0 0.0 0.0

1734609849
0.0 0.0 0.0

1734609850
0.0 0.0 0.0

1734609851
0.0 0.0 0.0

1734609853
0.0 0.0 0.0

1734609856
0.0 0.0 0.0

1734609858
0.0 0.0 0.0

1734609859
0.0 0.0 0.0

1734609861
0.0 0.0 0.0

1734609862
0.0 0.0 0.0

1734609864
0.0 0.0 0.0

1734609865
0.0 0.0 0.0

1734609866
0.0 0.0 0.0

1734609867
0.0 0.0 0.0

1734609868
0.0 0.0 0.0

1734609869
0.0 0.0 0.0

1734609870
0.0 0.0 0.0

1734609871
0.0 0.0 0.0

1734609872
0.0 0.0 0.0

1734609874
0.0 0.0 0.0

1734609875
0.0 0.0 0.0

1734609876
0.0 0.0 0.0

1734609877
0.0 0.0 0.0

1734609878
0.0 0.0 0.0

1734609879
0.0 0.0 0.0

1734609880
0.0 0.0 0.0

1734609881
0.0 0.0 0.0

1734609882
0.0 0.0 0.0

1734609883
0.0 0.0 0.0

1734609884
0.0 0.0 0.0

1734609885
0.0 0.0 0.0

1734609886
0.0 0.0 0.0

1734609887
0.0 0.0 0.0

1734609888
0.0 0.0 0.0

1734609889
0.0 0.0 0.0

1734609890
0.0 0.0 0.0

1734609891
0.0 0.0 0.0

1734609892
0.0 0.0 0.0

1734609893
0.0 0.0 0.0

1734609894
0.0 0.0 0.0

1734609895
0.0 0.0 0.0

1734609896
0.0 0.0 0.0

1734609897
0.0 0.0 0.0

1734609898
0.0 0.0 0.0

1734609899
0.0 0.0 0.0

1734609900
0.0 0.0 0.0

1734609901
0.0 0.0 0.0

1734609902
0.0 0.0 0.0

1734609903
0.0 0.0 0.0

1734609904
0.0 0.0 0.0

1734609905
0.0 0.0 0.0

1734609906
0.0 0.0 0.0

1734609907
0.0 0.0 0.0

1734609908
0.0 0.0 0.0

1734609909
0.0 0.0 0.0

1734609911
0.0 0.0 0.0

1734609912
0.0 0.0 0.0

1734609913
0.0 0.0 0.0

1734609914
0.0 0.0 0.0

1734609915
0.0 0.0 0.0

1734609916
0.0 0.0 0.0

1734609917
0.0 0.0 0.0

1734609918
0.0 0.0 0.0

1734609919
0.0 0.0 0.0

1734609920
0.0 0.0 0.0

1734609921
0.0 0.0 0.0

1734609922
0.0 0.0 0.0

1734609923
0.0 0.0 0.0

1734609924
0.0 0.0 0.0

1734609925
0.0 0.0 0.0

1734609926
0.0 0.0 0.0

1734609927
0.0 0.0 0.0

1734609928
0.0 0.0 0.0

1734609929
0.0 0.0 0.0

1734609930
0.0 0.0 0.0

1734609931
0.0 0.0 0.0

1734609932
0.0 0.0 0.0

1734609933
0.0 0.0 0.0

1734609934
0.0 0.0 0.0

1734609935
0.0 0.0 0.0

1734609936
0.0 0.0 0.0

1734609937
0.0 0.0 0.0

1734609938
0.0 0.0 0.0

1734609939
0.0 0.0 0.0

1734609940
0.0 0.0 0.0

1734609941
0.0 0.0 0.0

1734609942
0.0 0.0 0.0

1734609944
0.0 0.0 0.0

1734609945
0.0 0.0 0.0

1734609946
0.0 0.0 0.0

1734609947
0.0 0.0 0.0

1734609948
0.0 0.0 0.0

1734609949
0.0 0.0 0.0

1734609950
0.0 0.0 0.0

1734609951
0.0 0.0 0.0

1734609952
0.0 0.0 0.0

1734609953
0.0 0.0 0.0

1734609954
0.0 0.0 0.0

1734609955
0.0 0.0 0.0

1734609956
0.0 0.0 0.0

1734609957
0.0 0.0 0.0

1734609958
0.0 0.0 0.0

1734609959
0.0 0.0 0.0

1734609960
0.0 0.0 0.0

1734609961
0.0 0.0 0.0

1734609962
0.0 0.0 0.0

1734609963
0.0 0.0 0.0

1734609964
0.0 0.0 0.0

1734609965
0.0 0.0 0.0

1734609966
0.0 0.0 0.0

1734609967
0.0 0.0 0.0

1734609968
0.0 0.0 0.0

1734609969
0.0 0.0 0.0

1734609970
0.0 0.0 0.0

1734609971
0.0 0.0 0.0

1734609972
0.0 0.0 0.0

1734609973
0.0 0.0 0.0

1734609974
0.0 0.0 0.0

1734609975
0.0 0.0 0.0

1734609976
0.0 0.0 0.0

1734609977
0.0 0.0 0.0

1734609978
0.0 0.0 0.0

1734609979
0.0 0.0 0.0

1734609980
0.0 0.0 0.0

1734609981
0.0 0.0 0.0

1734609982
0.0 0.0 0.0

1734609983
0.0 0.0 0.0

1734609984
0.0 0.0 0.0

1734609985
0.0 0.0 0.0

1734609986
0.0 0.0 0.0

1734609987
0.0 0.0 0.0

1734609988
0.0 0.0 0.0

1734609989
0.0 0.0 0.0

1734609990
0.0 0.0 0.0

1734609991
0.0 0.0 0.0

1734609992
0.0 0.0 0.0

1734609993
0.0 0.0 0.0

1734609994
0.0 0.0 0.0

1734609995
0.0 0.0 0.0

1734609996
0.0 0.0 0.0

1734609997
0.0 0.0 0.0

1734609998
0.0 0.0 0.0

1734609999
0.0 0.0 0.0

1734610000
0.0 0.0 0.0

