1734616416
0.13 0.25 2.28 53449

1734616417
0.47 0.3 2.28 3392

1734616418
0.47 0.3 2.28 4827

1734616419
0.38 0.29 2.27 1347

1734616420
0.38 0.29 2.27 3637

1734616421
0.31 0.28 2.25 2577

1734616422
0.31 0.28 2.25 2747

1734616423
0.25 0.27 2.23 7511

1734616424
0.25 0.27 2.23 6262

1734616425
0.39 0.3 2.22 18415

1734616426
0.39 0.3 2.22 90435

1734616427
1.22 0.45 2.24 7347

1734616428
1.22 0.45 2.24 8378

1734616429
1.0 0.44 2.23 4506

1734616430
1.0 0.44 2.23 7916

1734616431
0.82 0.42 2.21 7846

1734616432
0.82 0.42 2.21 3274

1734616433
0.67 0.41 2.2 4127

1734616434
0.67 0.41 2.2 3262

1734616435
0.55 0.39 2.18 2833

1734616436
0.55 0.39 2.18 2997

1734616437
0.45 0.38 2.17 3584

1734616438
0.45 0.38 2.17 3063

1734616440
0.36 0.37 2.15 56459

1734616441
0.66 0.42 2.15 3597

1734616442
0.66 0.42 2.15 4089

1734616443
0.54 0.41 2.14 2239

1734616444
0.54 0.41 2.14 7360

1734616445
0.44 0.39 2.12 3730

1734616446
0.44 0.39 2.12 8122

1734616447
0.36 0.38 2.11 2420

1734616448
0.36 0.38 2.11 2466

1734616449
0.29 0.37 2.09 4916

1734616450
0.29 0.37 2.09 2275

1734616451
0.24 0.35 2.08 4428

1734616452
0.24 0.35 2.08 3457

1734616453
0.19 0.34 2.06 5426

1734616454
0.19 0.34 2.06 5586

1734616455
0.16 0.33 2.05 2423

1734616456
0.16 0.33 2.05 3216

1734616457
0.13 0.32 2.03 1896

1734616458
0.13 0.32 2.03 2122

1734616459
0.1 0.31 2.02 2522

1734616460
0.1 0.31 2.02 1691

1734616461
0.08 0.3 2.01 7031

1734616462
0.08 0.3 2.01 4181

1734616463
0.07 0.29 1.99 3611

1734616464
0.07 0.29 1.99 153110

1734616465
2.23 0.67 2.06 103210

1734616466
2.23 0.67 2.06 8404

1734616467
1.82 0.65 2.05 8619

1734616468
1.82 0.65 2.05 5930

1734616469
2.22 0.76 2.06 106201

1734616470
2.22 0.76 2.06 61067

1734616471
2.54 0.86 2.07 7969

1734616472
2.54 0.86 2.07 10481

1734616473
2.26 0.87 2.07 14302

1734616474
2.26 0.87 2.07 10965

1734616475
2.03 0.87 2.06 14380

1734616476
2.03 0.87 2.06 370600

1734616477
5.47 1.53 2.19 70894

1734616478
5.47 1.53 2.19 194122

1734616479
9.91 2.46 2.38 582402

1734616480
9.91 2.46 2.38 527852

1734616481
17.17 4.02 2.7 325180

1734616482
17.17 4.02 2.7 30299

1734616483
17.86 4.57 2.83 559678

1734616484
17.86 4.57 2.83 368929

1734616485
19.7 5.34 3.0 205351

1734616486
19.7 5.34 3.0 156154

1734616487
19.21 5.72 3.1 43972

1734616488
19.21 5.72 3.1 259779

1734616489
18.63 6.06 3.19 50075

1734616490
18.63 6.06 3.19 73973

1734616491
18.87 6.52 3.3 344545

1734616492
18.87 6.52 3.3 193115

1734616493
17.27 6.63 3.35 19520

1734616494
17.27 6.63 3.35 395868

1734616495
18.12 7.13 3.47 68140

1734616496
18.12 7.13 3.47 260598

1734616497
21.0 8.01 3.68 632219

1734616498
21.0 8.01 3.68 513934

1734616499
26.25 9.38 4.0 419955

1734616500
26.25 9.38 4.0 379662

1734616501
27.47 10.16 4.2 181319

1734616502
27.47 10.16 4.2 59124

1734616503
27.02 10.64 4.34 612027

1734616504
27.02 10.64 4.34 536363

1734616505
32.27 12.13 4.7 578910

1734616506
32.27 12.13 4.7 390082

1734616507
35.3 13.33 5.0 661247

1734616508
35.3 13.33 5.0 622873

1734616509
39.41 14.79 5.36 417282

1734616510
39.41 14.79 5.36 209197

1734616511
35.53 14.9 5.45 120838

1734616512
35.53 14.9 5.45 315433

1734616513
32.9 15.1 5.55 142106

1734616514
32.9 15.1 5.55 506152

1734616515
36.9 16.4 5.89 770520

1734616516
36.9 16.4 5.89 792278

1734616517
41.99 17.99 6.3 345653

1734616518
41.99 17.99 6.3 553148

1734616519
40.72 18.55 6.49 161246

1734616520
40.72 18.55 6.49 194828

1734616521
36.24 18.47 6.56 186705

1734616522
36.24 18.47 6.56 578858

1734616523
38.01 19.37 6.83 429498

1734616524
38.01 19.37 6.83 676504

1734616525
42.54 20.8 7.21 613914

1734616526
42.54 20.8 7.21 647963

1734616527
46.61 22.24 7.61 649083

1734616528
46.61 22.24 7.61 487680

1734616530
47.22 23.15 7.9 1391696

1734616531
52.98 24.98 8.38 748716

1734616532
52.98 24.98 8.38 768655

1734616533
57.69 26.75 8.87 807508

1734616534
57.69 26.75 8.87 566234

1734616535
55.39 27.34 9.11 326594

1734616536
55.39 27.34 9.11 1010573

1734616537
59.49 29.0 9.58 691124

1734616538
59.49 29.0 9.58 827468

1734616539
64.11 30.83 10.1 761858

1734616540
64.11 30.83 10.1 789573

1734616541
62.46 31.62 10.41 236051

1734616542
62.46 31.62 10.41 369200

1734616543
58.93 31.99 10.63 483570

1734616544
58.93 31.99 10.63 439106

1734616545
57.13 32.55 10.89 633764

1734616546
57.13 32.55 10.89 507646

1734616547
54.03 32.79 11.09 331830

1734616548
54.03 32.79 11.09 615011

1734616549
55.47 33.75 11.44 612458

1734616550
55.47 33.75 11.44 663933

1734616551
57.56 34.84 11.82 699718

1734616552
57.56 34.84 11.82 638831

1734616554
58.72 35.79 12.18 1033385

1734616555
57.14 36.26 12.44 509555

1734616556
57.14 36.26 12.44 283590

1734616557
52.22 36.05 12.56 372967

1734616558
52.22 36.05 12.56 433746

1734616559
51.28 36.41 12.79 567804

1734616560
51.28 36.41 12.79 658794

1734616561
54.85 37.54 13.19 725971

1734616562
54.85 37.54 13.19 646965

1734616563
56.14 38.34 13.52 610205

1734616564
56.14 38.34 13.52 615347

1734616565
58.11 39.28 13.89 795543

1734616566
58.11 39.28 13.89 395054

1734616567
53.2 39.01 14.01 111785

1734616568
53.2 39.01 14.01 416663

1734616569
49.9 38.88 14.15 409331

1734616570
49.9 38.88 14.15 842825

1734616571
51.73 39.57 14.46 256080

1734616572
51.73 39.57 14.46 196310

1734616573
45.44 38.83 14.48 210003

1734616574
45.44 38.83 14.48 550902

1734616575
46.26 39.19 14.72 411847

1734616576
46.26 39.19 14.72 30959

1734616577
38.61 38.04 14.65 71673

1734616578
38.61 38.04 14.65 16765

1734616579
33.78 37.19 14.63 289625

1734616580
33.78 37.19 14.63 589650

1734616581
37.99 37.84 14.92 474600

1734616582
37.99 37.84 14.92 51369

1734616583
32.74 36.89 14.88 151191

1734616584
32.74 36.89 14.88 175244

1734616585
29.52 36.18 14.88 139009

1734616586
29.52 36.18 14.88 9156

1734616587
24.17 34.99 14.78 4415

1734616588
24.17 34.99 14.78 7756

1734616589
19.79 33.85 14.68 4568

1734616590
19.79 33.85 14.68 11710

1734616591
17.66 33.0 14.63 172616

1734616592
17.66 33.0 14.63 40082

1734616593
15.18 32.05 14.56 41418

1734616594
15.18 32.05 14.56 129898

1734616595
15.51 31.56 14.58 252699

1734616596
15.51 31.56 14.58 513184

1734616597
21.03 32.03 14.79 411766

1734616598
21.03 32.03 14.79 408715

1734616599
24.47 32.29 14.97 396965

1734616600
24.47 32.29 14.97 356293

1734616601
24.56 32.05 15.03 143631

1734616602
24.56 32.05 15.03 211591

1734616603
23.01 31.53 15.04 125095

1734616604
23.01 31.53 15.04 446580

1734616605
27.36 32.04 15.26 556705

1734616606
27.36 32.04 15.26 554244

1734616607
32.91 32.89 15.55 628275

1734616608
32.91 32.89 15.55 537685

1734616609
37.63 33.74 15.85 627620

1734616610
37.63 33.74 15.85 639259

1734616611
41.5 34.57 16.14 568023

1734616612
41.5 34.57 16.14 471473

1734616613
42.68 35.01 16.36 488625

1734616614
42.68 35.01 16.36 601130

1734616615
45.64 35.79 16.65 598497

1734616616
45.64 35.79 16.65 835718

1734616617
52.77 37.4 17.12 878296

1734616618
52.77 37.4 17.12 799511

1734616619
58.42 38.93 17.58 890843

1734616620
58.42 38.93 17.58 851859

1734616621
61.79 40.17 17.99 685890

1734616622
61.79 40.17 17.99 672919

1734616623
63.09 41.11 18.33 721596

1734616624
63.09 41.11 18.33 761279

1734616625
65.61 42.29 18.74 779396

1734616626
65.61 42.29 18.74 666230

1734616627
66.23 43.16 19.08 990916

1734616628
66.23 43.16 19.08 413301

1734616629
66.55 43.97 19.41 690087

1734616630
66.55 43.97 19.41 741453

1734616631
67.71 44.92 19.78 714722

1734616632
67.71 44.92 19.78 785499

1734616633
68.85 45.88 20.15 712618

1734616634
68.85 45.88 20.15 759850

1734616635
69.97 46.83 20.53 749318

1734616636
69.97 46.83 20.53 657485

1734616637
70.51 47.68 20.89 811050

1734616638
70.51 47.68 20.89 883571

1734616639
73.68 49.0 21.34 891555

1734616640
73.68 49.0 21.34 901964

1734616641
76.46 50.31 21.81 886477

1734616642
76.46 50.31 21.81 791513

1734616643
76.55 51.19 22.18 767259

1734616644
76.55 51.19 22.18 903996

1734616645
79.17 52.49 22.66 1008530

1734616646
79.17 52.49 22.66 847561

1734616647
81.49 53.78 23.13 922663

1734616648
81.49 53.78 23.13 878155

1734616649
83.22 55.0 23.59 934572

1734616650
83.22 55.0 23.59 915678

1734616651
84.62 56.18 24.06 910794

1734616652
84.62 56.18 24.06 1030191

1734616653
85.42 57.25 24.5 775940

1734616654
85.42 57.25 24.5 909016

1734616655
85.42 57.25 24.5 863235

1734616656
86.07 58.29 24.94 886272

1734616657
86.6 59.29 25.38 937281

1734616658
86.6 59.29 25.38 1279430

1734616659
87.21 60.3 25.82 671933

1734616660
87.21 60.3 25.82 587696

1734616661
84.46 60.68 26.14 726410

1734616662
84.46 60.68 26.14 1178851

1734616663
85.28 61.61 26.57 964131

1734616664
85.28 61.61 26.57 534302

1734616665
85.28 61.61 26.57 826408

1734616666
85.41 62.41 26.97 934718

1734616667
85.41 62.41 26.97 905812

1734616668
86.6 63.37 27.42 920464

1734616669
86.6 63.37 27.42 873882

1734616670
87.04 64.21 27.84 745659

1734616671
87.04 64.21 27.84 646048

1734616672
83.77 64.37 28.12 754496

1734616673
83.77 64.37 28.12 636701

1734616674
81.09 64.52 28.4 916651

1734616675
81.09 64.52 28.4 627957

1734616676
80.17 64.9 28.73 739825

1734616677
80.17 64.9 28.73 632871

1734616678
77.78 64.96 28.99 685393

1734616679
75.83 65.03 29.25 947899

1734616680
66.26 63.66 29.21 465497

1734616681
66.26 63.66 29.21 163844

1734616682
66.26 63.66 29.21 555657

1734616684
65.67 63.63 29.44 787586

1734616685
65.67 63.63 29.44 708443

1734616686
65.0 63.58 29.66 497371

1734616687
62.83 63.23 29.82 869651

1734616688
62.83 63.23 29.82 112313

1734616689
62.49 63.16 30.03 1138296

1734616690
62.49 63.16 30.03 413392

1734616691
62.49 63.16 30.03 510461

1734616692
62.04 63.06 30.24 682571

1734616693
62.04 63.06 30.24 595209

1734616694
62.76 63.15 30.48 619662

1734616695
62.76 63.15 30.48 258191

1734616696
59.0 62.46 30.56 378887

1734616697
59.0 62.46 30.56 521385

1734616698
56.82 61.95 30.67 429409

1734616699
56.82 61.95 30.67 223095

1734616700
51.96 60.91 30.67 97710

1734616701
51.96 60.91 30.67 673245

1734616702
49.79 60.22 30.73 608136

1734616703
52.0 60.28 30.95 1229432

1734616704
52.0 60.28 30.95 203969

1734616705
50.73 59.78 31.04 440044

1734616707
50.73 59.78 31.04 644272

1734616708
51.33 59.59 31.2 625587

1734616709
51.33 59.59 31.2 737774

1734616710
53.26 59.67 31.41 1205053

1734616711
53.26 59.67 31.41 288161

1734616712
57.02 60.14 31.7 1448242

1734616713
57.02 60.14 31.7 259991

1734616714
61.9 60.92 32.06 782828

1734616715
66.27 61.74 32.43 1241551

1734616716
66.27 61.74 32.43 669982

1734616717
69.84 62.54 32.8 967515

1734616718
69.84 62.54 32.8 426223

1734616719
69.84 62.54 32.8 884513

1734616720
70.59 62.91 33.08 799521

1734616721
70.59 62.91 33.08 862901

1734616722
73.2 63.63 33.43 740183

1734616723
73.2 63.63 33.43 526903

1734616724
71.35 63.61 33.64 617786

1734616725
71.35 63.61 33.64 735324

1734616726
70.56 63.72 33.86 386734

1734616727
70.56 63.72 33.86 734341

1734616728
67.74 63.44 34.01 454505

1734616729
67.74 63.44 34.01 535599

1734616730
64.17 62.93 34.1 475973

1734616731
64.17 62.93 34.1 489912

1734616732
61.05 62.41 34.19 495640

1734616733
59.05 62.0 34.3 598790

1734616734
59.05 62.0 34.3 593725

1734616735
59.05 62.0 34.3 757355

1734616736
61.76 62.4 34.57 604992

1734616737
61.76 62.4 34.57 392369

1734616738
58.36 61.76 34.63 257312

1734616739
55.03 61.05 34.67 689969

1734616740
55.03 61.05 34.67 930

1734616742
46.33 59.28 34.48 20916

1734616743
39.75 57.67 34.31 210411

1734616744
39.75 57.67 34.31 982

1734616746
32.73 55.81 34.08 56793

1734616748
26.98 54.02 33.86 7730

1734616749
26.98 54.02 33.86 3073

1734616750
22.09 52.25 33.62 6823

1734616751
22.09 52.25 33.62 3602

1734616752
18.09 50.54 33.39 5404

1734616753
14.81 48.89 33.16 715

1734616754
14.81 48.89 33.16 26480

1734616755
12.31 47.32 32.94 6475

1734616756
12.31 47.32 32.94 6126

1734616757
10.08 45.77 32.72 5624

1734616758
10.08 45.77 32.72 5103

1734616760
8.25 44.28 32.5 4928

1734616761
8.25 44.28 32.5 3382

1734616762
6.75 42.83 32.27 6860

1734616763
6.75 42.83 32.27 4777

1734616764
5.53 41.43 32.05 6352

1734616765
5.53 41.43 32.05 5621

1734616766
4.53 40.07 31.83 9047

1734616767
3.7 38.76 31.62 3968

1734616768
3.7 38.76 31.62 1315

1734616769
3.7 38.76 31.62 7051

1734616770
3.03 37.49 31.4 8901

1734616772
2.48 36.26 31.18 2938

1734616773
2.03 35.08 30.97 92195

1734616774
2.03 35.08 30.97 19008

1734616776
2.57 34.09 30.79 1805

1734616777
2.57 34.09 30.79 5999

1734616778
2.28 33.01 30.59 53538

1734616779
2.05 31.96 30.39 7423

1734616780
2.05 31.96 30.39 2820

1734616781
1.68 30.92 30.18 6157

1734616782
1.37 29.9 29.97 3566

1734616784
1.37 29.9 29.97 3799

1734616785
1.12 28.93 29.77 101

1734616786
1.12 28.93 29.77 7337

1734616787
0.92 27.98 29.56 2525

1734616789
0.75 27.06 29.36 13765

1734616790
0.5 25.32 28.96 9557

1734616795
0.5 25.32 28.96 3197

1734616796
0.33 23.69 28.56 7336

1734616799
0.33 23.69 28.56 2897

1734616800
0.27 22.91 28.37 42648

1734616801
0.58 22.23 28.19 10249

1734616802
0.48 21.5 28.0 7088

1734616804
0.48 21.5 28.0 0

1734616805
0.48 21.5 28.0 7653

1734616806
0.39 20.8 27.8 10156

1734616807
0.32 20.12 27.61 472

1734616808
0.32 20.12 27.61 10548

1734616809
0.26 19.46 27.42 4891

1734616811
0.26 19.46 27.42 2793

1734616812
0.21 18.82 27.24 8139

1734616813
0.17 18.21 27.05 5420

1734616814
0.17 18.21 27.05 4865

1734616815
0.17 18.21 27.05 1863

1734616816
0.14 17.61 26.87 5596

1734616817
0.14 17.61 26.87 2801

1734616818
0.11 17.03 26.68 69811

1734616819
0.64 16.57 26.52 4278

1734616820
0.52 16.03 26.34 2654

1734616822
0.52 16.03 26.34 91

1734616823
0.52 16.03 26.34 4962

1734616824
0.42 15.51 26.16 4066

1734616825
0.42 15.51 26.16 4052

1734616826
0.35 15.0 25.98 3034

1734616827
0.28 14.51 25.8 3644

1734616828
0.28 14.51 25.8 2121

1734616830
0.23 14.03 25.62 3747

1734616831
0.23 14.03 25.62 3545

1734616832
0.19 13.57 25.45 4515

1734616833
0.19 13.57 25.45 3314

1734616834
0.15 13.13 25.27 3620

1734616835
0.15 13.13 25.27 4197

1734616836
0.12 12.7 25.1 7417

1734616837
0.12 12.7 25.1 123

1734616839
0.1 12.28 24.93 3976

1734616841
0.08 11.88 24.76 8905

1734616842
0.06 11.49 24.59 3334

1734616843
0.05 11.11 24.42 3973

1734616844
0.05 11.11 24.42 5527

1734616845
0.04 10.75 24.25 5109

1734616847
0.03 10.4 24.09 1139

1734616848
0.57 10.16 23.94 93641

1734616850
0.57 10.16 23.94 6005

1734616851
0.57 10.16 23.94 332

1734616852
0.65 9.86 23.79 293435

1734616853
0.65 9.86 23.79 651496

1734616854
9.22 11.1 23.95 494962

1734616855
9.22 11.1 23.95 672100

1734616856
18.06 12.64 24.18 736521

1734616857
18.06 12.64 24.18 576488

1734616858
26.38 14.32 24.46 93986

1734616859
26.38 14.32 24.46 253664

1734616860
24.68 14.41 24.41 322501

1734616861
24.68 14.41 24.41 158567

1734616862
24.37 14.69 24.4 337479

1734616863
24.37 14.69 24.4 261274

1734616864
25.21 15.16 24.43 57809

1734616865
25.21 15.16 24.43 375927

1734616866
24.81 15.41 24.42 1049962

1734616867
30.1 16.68 24.62 114827

1734616869
30.1 16.68 24.62 6929

1734616870
27.9 16.72 24.57 556848

1734616871
34.26 18.23 24.84 1350113

1734616872
25.79 17.66 24.63 176555

1734616877
25.79 17.66 24.63 0

1734616878
27.1 18.16 24.68 735822

1734616879
27.1 18.16 24.68 612721

1734616880
32.51 19.43 24.91 512931

1734616881
32.51 19.43 24.91 548694

1734616882
35.5 20.4 25.07 453834

1734616883
35.5 20.4 25.07 470441

1734616884
39.39 21.6 25.29 671808

1734616885
39.39 21.6 25.29 698062

1734616886
44.03 23.02 25.56 561486

1734616887
44.03 23.02 25.56 239252

1734616888
40.04 22.98 25.54 204888

1734616889
40.04 22.98 25.54 321422

1734616890
39.85 23.51 25.63 530790

1734616891
39.85 23.51 25.63 535208

1734616892
41.87 24.41 25.8 460214

1734616893
41.87 24.41 25.8 302590

1734616894
38.99 24.99 25.91 1023249

1734616896
38.99 24.99 25.91 5095

1734616897
38.99 24.99 25.91 553889

1734616898
41.17 25.84 26.08 615562

1734616899
41.17 25.84 26.08 528412

1734616900
41.86 26.47 26.21 440602

1734616901
39.17 26.48 26.21 323051

1734616903
39.17 26.48 26.21 11288

1734616904
32.07 25.62 26.03 61649

1734616905
26.99 24.91 25.88 88626

1734616906
22.64 24.19 25.73 13368

1734616908
22.64 24.19 25.73 4191

1734616909
20.53 23.76 25.63 364266

1734616911
20.07 23.57 25.57 265047

1734616912
20.07 23.57 25.57 41441

1734616913
20.07 23.57 25.57 109482

1734616914
18.25 23.13 25.47 776956

1734616915
18.25 23.13 25.47 666802

1734616916
27.98 24.73 25.79 201894

1734616917
25.09 24.31 25.69 94523

1734616920
20.54 23.51 25.51 17850

1734616921
20.54 23.51 25.51 140011

1734616922
18.09 22.97 25.39 796

1734616923
18.09 22.97 25.39 1886

1734616924
14.99 22.25 25.22 59683

1734616925
14.99 22.25 25.22 155035

1734616926
13.9 21.82 25.11 4701

1734616927
13.9 21.82 25.11 25388

1734616928
11.75 21.17 24.95 49841

1734616929
11.75 21.17 24.95 168406

1734616930
12.33 20.97 24.88 190540

1734616931
12.33 20.97 24.88 31954

1734616933
11.0 20.45 24.75 1200

1734616934
9.01 19.78 24.58 13379

1734616935
7.56 19.16 24.42 37708

1734616936
7.56 19.16 24.42 14405

1734616937
7.56 19.16 24.42 49727

1734616938
6.73 18.63 24.27 16788

1734616939
6.73 18.63 24.27 80577

1734616940
6.24 18.15 24.13 3589

1734616941
6.24 18.15 24.13 2803

1734616942
5.1 17.56 23.97 2017

1734616943
5.1 17.56 23.97 2365

1734616944
4.54 17.05 23.81 67371

1734616945
3.72 16.49 23.65 1679

1734616948
3.04 15.95 23.49 6432

1734616949
3.04 15.95 23.49 2138

1734616950
2.85 15.49 23.34 94827

1734616951
2.85 15.49 23.34 59090

1734616952
3.42 15.18 23.22 17472

1734616953
3.42 15.18 23.22 13191

1734616954
2.98 14.72 23.07 7585

1734616955
2.98 14.72 23.07 1526

1734616956
2.44 14.24 22.91 1995

1734616957
2.44 14.24 22.91 2216

1734616958
2.0 13.77 22.76 1242

1734616959
2.0 13.77 22.76 2588

1734616960
1.63 13.32 22.6 1985

1734616961
1.09 12.46 22.29 4304

1734616964
1.09 12.46 22.29 207

1734616965
1.09 12.46 22.29 896

1734616966
0.89 12.05 22.14 1928

1734616967
0.89 12.05 22.14 2112

1734616968
0.73 11.66 21.99 2066

1734616969
0.73 11.66 21.99 1516

1734616970
0.6 11.28 21.84 764

1734616971
0.6 11.28 21.84 1810

1734616972
0.49 10.91 21.69 619

1734616973
0.49 10.91 21.69 3005

1734616974
0.4 10.55 21.54 1601

1734616975
0.4 10.55 21.54 1624

1734616976
0.33 10.21 21.39 2084

1734616977
0.33 10.21 21.39 1311

1734616978
0.27 9.87 21.25 2155

1734616979
0.27 9.87 21.25 1718

1734616980
0.22 9.55 21.1 1355

1734616981
0.22 9.55 21.1 2234

1734616982
0.18 9.23 20.96 1762

1734616983
0.18 9.23 20.96 2238

1734616984
0.14 8.93 20.81 1898

1734616985
0.14 8.93 20.81 2975

1734616986
0.12 8.64 20.67 2097

1734616987
0.12 8.64 20.67 1687

1734616988
0.09 8.36 20.53 2416

1734616989
0.09 8.36 20.53 1796

1734616990
0.08 8.08 20.39 1945

1734616991
0.08 8.08 20.39 3103

1734616992
0.06 7.82 20.25 1599

1734616993
0.06 7.82 20.25 1221

1734616994
0.05 7.56 20.11 2368

1734616995
0.05 7.56 20.11 1804

1734616996
0.04 7.31 19.97 1716

1734616997
0.04 7.31 19.97 2987

1734616998
0.03 7.07 19.83 1954

1734616999
0.03 7.07 19.83 5046

1734617000
0.02 6.84 19.7 7506

1734617001
0.02 6.84 19.7 6121

1734617002
0.02 6.62 19.56 1427

1734617003
0.02 6.62 19.56 2227

1734617004
0.01 6.4 19.43 1790

1734617005
0.01 6.4 19.43 3513

1734617006
0.01 6.19 19.3 3298

1734617007
0.01 5.99 19.16 886

1734617009
0.01 5.99 19.16 2590

1734617010
0.0 5.79 19.03 1454

1734617011
0.0 5.79 19.03 147

1734617012
0.0 5.6 18.9 427

1734617013
0.0 5.6 18.9 29

1734617014
0.0 5.42 18.77 24

1734617015
0.0 5.42 18.77 54

1734617016
0.0 5.24 18.64 29

1734617017
0.0 5.24 18.64 113

1734617018
0.0 5.07 18.52 50

1734617019
0.0 5.07 18.52 67

1734617020
0.0 4.9 18.39 690

1734617021
0.0 4.9 18.39 183

1734617022
0.0 4.74 18.26 55

1734617023
0.0 4.74 18.26 1492

1734617024
0.0 4.59 18.14 1076

1734617025
0.0 4.59 18.14 313

1734617026
0.0 4.44 18.01 1458

1734617027
0.0 4.44 18.01 1622

1734617028
0.0 4.29 17.89 2426

1734617029
0.0 4.29 17.89 3005

1734617030
0.0 4.15 17.77 900

1734617031
0.0 4.15 17.77 1681

1734617032
0.0 4.01 17.65 980

1734617033
0.0 4.01 17.65 2047

1734617034
0.0 3.88 17.53 1054

1734617036
0.0 3.75 17.41 1175

1734617037
0.0 3.75 17.41 645

1734617038
0.0 3.63 17.29 870

1734617039
0.0 3.63 17.29 909

1734617040
0.0 3.51 17.17 1414

1734617041
0.0 3.51 17.17 732

1734617042
0.0 3.4 17.05 830

1734617043
0.0 3.4 17.05 887

1734617044
0.0 3.29 16.93 1225

1734617045
0.0 3.29 16.93 767

1734617046
0.0 3.18 16.82 1808

1734617047
0.0 3.18 16.82 1040

1734617048
0.0 3.07 16.7 842

1734617049
0.0 3.07 16.7 2753

1734617050
0.0 2.97 16.59 1063

1734617051
0.0 2.97 16.59 1005

1734617052
0.0 2.87 16.47 848

1734617053
0.0 2.87 16.47 1006

1734617054
0.0 2.78 16.36 842

1734617055
0.0 2.78 16.36 712

1734617056
0.0 2.69 16.25 780

1734617057
0.0 2.69 16.25 731

1734617058
0.0 2.6 16.14 1671

1734617059
0.0 2.6 16.14 1131

1734617060
0.0 2.52 16.03 1476

1734617061
0.0 2.52 16.03 2154

1734617062
0.0 2.43 15.92 1665

1734617063
0.0 2.43 15.92 1199

1734617064
0.0 2.35 15.81 984

1734617065
0.0 2.35 15.81 1029

1734617066
0.0 2.28 15.7 2115

1734617067
0.0 2.28 15.7 1911

1734617068
0.0 2.2 15.59 1427

1734617069
0.0 2.2 15.59 1288

1734617070
0.0 2.13 15.49 1304

1734617071
0.0 2.13 15.49 1194

1734617072
0.0 2.06 15.38 1490

1734617073
0.0 2.06 15.38 1468

1734617074
0.0 1.99 15.27 1193

1734617075
0.0 1.99 15.27 791

1734617076
0.0 1.93 15.17 1208

1734617077
0.0 1.93 15.17 1026

1734617078
0.0 1.86 15.07 1132

1734617079
0.0 1.86 15.07 968

1734617080
0.0 1.8 14.96 1288

1734617081
0.0 1.8 14.96 3122

1734617082
0.0 1.74 14.86 850

1734617083
0.0 1.74 14.86 779

1734617084
0.0 1.68 14.76 1134

1734617085
0.0 1.68 14.76 1621

1734617086
0.0 1.63 14.66 1234

1734617087
0.0 1.63 14.66 1882

1734617088
0.0 1.57 14.56 1768

1734617089
0.0 1.57 14.56 1481

1734617090
0.0 1.52 14.46 1033

1734617091
0.0 1.52 14.46 679

1734617092
0.0 1.47 14.36 3003

1734617093
0.0 1.47 14.36 1457

1734617094
0.0 1.42 14.26 1421

1734617095
0.0 1.42 14.26 977

1734617096
0.0 1.38 14.16 1145

1734617097
0.0 1.38 14.16 667

1734617098
0.0 1.33 14.06 709

1734617099
0.0 1.33 14.06 1297

1734617100
0.0 1.29 13.97 1329

1734617101
0.0 1.25 13.87 730

1734617102
0.0 1.25 13.87 541

1734617103
0.0 1.25 13.87 780

1734617104
0.0 1.2 13.78 749

1734617105
0.0 1.2 13.78 793

1734617106
0.0 1.16 13.68 530

1734617107
0.0 1.16 13.68 926

1734617108
0.0 1.13 13.59 1811

1734617109
0.0 1.13 13.59 715

1734617110
0.0 1.09 13.5 689

1734617111
0.0 1.09 13.5 784

1734617112
0.0 1.05 13.4 1067

1734617113
0.0 1.05 13.4 2979

1734617114
0.0 1.02 13.31 1205

1734617115
0.0 1.02 13.31 546

1734617116
0.0 0.98 13.22 1105

1734617117
0.0 0.98 13.22 1149

1734617118
0.0 0.95 13.13 1550

1734617119
0.0 0.95 13.13 783

1734617120
0.0 0.92 13.04 1297

1734617121
0.0 0.92 13.04 1206

1734617122
0.0 0.89 12.95 1023

1734617123
0.0 0.89 12.95 588

1734617124
0.0 0.86 12.86 541

1734617125
0.0 0.86 12.86 750

1734617126
0.0 0.83 12.77 641

1734617127
0.0 0.83 12.77 532

1734617128
0.0 0.8 12.69 589

1734617129
0.0 0.8 12.69 583

1734617130
0.0 0.78 12.6 1176

1734617131
0.0 0.78 12.6 711

1734617132
0.0 0.75 12.51 672

1734617133
0.0 0.75 12.51 1422

1734617134
0.0 0.73 12.43 712

1734617135
0.0 0.73 12.43 1424

1734617136
0.0 0.7 12.34 1154

1734617137
0.0 0.7 12.34 903

1734617140
0.0 0.68 12.26 1307

1734617141
0.0 0.66 12.17 660

1734617142
0.0 0.66 12.17 585

1734617143
0.0 0.63 12.09 864

1734617144
0.0 0.63 12.09 1442

1734617145
0.0 0.61 12.01 599

1734617146
0.0 0.61 12.01 1228

1734617147
0.0 0.59 11.92 1039

1734617148
0.0 0.59 11.92 1054

1734617149
0.0 0.57 11.84 1345

1734617150
0.0 0.57 11.84 965

1734617151
0.0 0.55 11.76 1065

1734617152
0.0 0.55 11.76 851

1734617153
0.0 0.54 11.68 596

1734617154
0.0 0.54 11.68 1151

1734617155
0.0 0.52 11.6 810

1734617156
0.0 0.52 11.6 600

1734617157
0.0 0.5 11.52 917

1734617158
0.0 0.5 11.52 1706

1734617159
0.0 0.48 11.44 1030

1734617160
0.0 0.48 11.44 1588

1734617161
0.0 0.47 11.36 1788

1734617162
0.0 0.47 11.36 1409

1734617163
0.0 0.45 11.28 1254

1734617164
0.0 0.44 11.21 1040

1734617165
0.0 0.44 11.21 503

1734617166
0.0 0.44 11.21 851

1734617167
0.0 0.42 11.13 1358

1734617168
0.0 0.42 11.13 1191

1734617169
0.0 0.41 11.05 831

1734617170
0.0 0.41 11.05 887

1734617171
0.0 0.39 10.98 768

1734617172
0.0 0.39 10.98 978

1734617173
0.0 0.38 10.9 1024

1734617174
0.0 0.38 10.9 1033

1734617175
0.0 0.37 10.83 2028

1734617176
0.0 0.37 10.83 1741

1734617177
0.0 0.36 10.75 2560

1734617178
0.0 0.36 10.75 1439

1734617179
0.0 0.34 10.68 1749

1734617180
0.0 0.34 10.68 756

1734617181
0.0 0.33 10.61 941

1734617182
0.0 0.33 10.61 1004

1734617183
0.0 0.32 10.53 1728

1734617184
0.0 0.32 10.53 846

1734617185
0.0 0.31 10.46 2195

1734617186
0.0 0.31 10.46 722

1734617187
0.0 0.3 10.39 1014

1734617188
0.0 0.3 10.39 858

1734617189
0.0 0.29 10.32 1530

1734617190
0.0 0.29 10.32 1350

1734617191
0.0 0.28 10.25 819

1734617192
0.0 0.28 10.25 730

1734617193
0.0 0.27 10.18 875

1734617194
0.0 0.27 10.18 1623

1734617195
0.0 0.26 10.11 663

1734617196
0.0 0.26 10.11 475

1734617197
0.0 0.25 10.04 1923

1734617198
0.0 0.25 10.04 896

1734617199
0.0 0.24 9.97 1124

1734617200
0.0 0.24 9.97 735

1734617201
0.0 0.23 9.9 1677

1734617202
0.0 0.23 9.83 2953

1734617203
0.0 0.23 9.83 266

1734617204
0.0 0.23 9.83 1113

1734617205
0.0 0.22 9.77 1403

1734617206
0.0 0.22 9.77 1119

1734617207
0.0 0.21 9.7 744

1734617208
0.0 0.21 9.7 1450

1734617209
0.0 0.2 9.63 1232

1734617210
0.0 0.2 9.63 959

1734617211
0.0 0.2 9.57 1021

1734617212
0.0 0.2 9.57 2559

1734617213
0.0 0.19 9.5 1373

1734617214
0.0 0.19 9.5 965

1734617215
0.0 0.18 9.44 898

1734617216
0.0 0.18 9.44 711

1734617217
0.0 0.18 9.37 798

1734617218
0.0 0.18 9.37 1141

1734617219
0.0 0.17 9.31 1081

1734617220
0.0 0.17 9.31 710

1734617221
0.0 0.16 9.24 821

1734617222
0.0 0.16 9.24 644

1734617223
0.0 0.16 9.18 776

1734617224
0.0 0.16 9.18 661

1734617225
0.0 0.15 9.12 1142

1734617226
0.0 0.15 9.12 725

1734617227
0.0 0.15 9.05 1528

1734617228
0.0 0.15 9.05 849

1734617229
0.0 0.14 8.99 798

1734617230
0.0 0.14 8.99 1429

1734617231
0.0 0.14 8.93 760

1734617232
0.0 0.14 8.93 2606

1734617233
0.0 0.13 8.87 853

1734617234
0.0 0.13 8.87 730

1734617235
0.0 0.13 8.81 746

1734617236
0.0 0.13 8.81 1016

1734617237
0.0 0.12 8.75 1243

1734617238
0.0 0.12 8.75 1384

1734617239
0.0 0.12 8.69 2189

1734617240
0.0 0.12 8.69 1016

1734617241
0.0 0.11 8.63 1123

1734617242
0.0 0.11 8.63 1150

1734617243
0.0 0.11 8.57 1093

1734617244
0.0 0.11 8.57 560

1734617245
0.0 0.11 8.51 866

1734617246
0.0 0.11 8.51 937

1734617247
0.0 0.1 8.45 1105

1734617248
0.0 0.1 8.45 1387

1734617249
0.0 0.1 8.39 1209

1734617250
0.0 0.1 8.39 1079

1734617251
0.0 0.1 8.33 893

1734617252
0.0 0.1 8.33 1625

1734617253
0.0 0.09 8.28 951

1734617254
0.0 0.09 8.28 1190

1734617255
0.0 0.09 8.22 1046

1734617256
0.0 0.09 8.22 749

1734617257
0.0 0.08 8.16 686

1734617258
0.0 0.08 8.16 886

1734617259
0.0 0.08 8.11 1291

1734617260
0.0 0.08 8.11 1201

1734617261
0.0 0.08 8.05 1721

1734617262
0.0 0.08 8.05 1474

1734617263
0.0 0.08 8.0 1821

1734617264
0.0 0.08 8.0 1012

1734617265
0.0 0.07 7.94 964

1734617266
0.0 0.07 7.94 742

1734617267
0.0 0.07 7.89 686

1734617268
0.0 0.07 7.89 997

1734617269
0.0 0.07 7.83 961

1734617270
0.0 0.07 7.83 592

1734617271
0.0 0.06 7.78 586

1734617272
0.0 0.06 7.78 517

1734617273
0.0 0.06 7.73 650

1734617274
0.0 0.06 7.73 645

1734617275
0.0 0.06 7.67 744

1734617276
0.0 0.06 7.67 578

1734617277
0.0 0.06 7.62 725

1734617278
0.0 0.06 7.62 778

1734617279
0.0 0.05 7.57 726

1734617280
0.0 0.05 7.57 695

1734617281
0.0 0.05 7.52 790

1734617282
0.0 0.05 7.52 461

1734617283
0.0 0.05 7.46 1045

1734617284
0.0 0.05 7.46 663

1734617285
0.0 0.05 7.41 805

1734617286
0.0 0.05 7.41 1077

1734617287
0.0 0.05 7.36 968

1734617288
0.0 0.05 7.36 524

1734617289
0.0 0.04 7.31 876

1734617290
0.0 0.04 7.31 933

1734617291
0.0 0.04 7.26 836

1734617292
0.0 0.04 7.26 758

1734617293
0.0 0.04 7.21 900

1734617294
0.0 0.04 7.21 1382

1734617295
0.0 0.04 7.16 973

1734617296
0.0 0.04 7.16 434

1734617297
0.0 0.04 7.11 492

1734617298
0.0 0.04 7.11 847

1734617299
0.0 0.04 7.06 818

1734617300
0.0 0.04 7.06 654

1734617301
0.0 0.03 7.02 951

1734617302
0.0 0.03 7.02 723

1734617303
0.0 0.03 6.97 1449

1734617304
0.0 0.03 6.97 690

1734617305
0.0 0.03 6.92 676

1734617306
0.0 0.03 6.92 865

1734617307
0.0 0.03 6.87 857

1734617308
0.0 0.03 6.87 742

1734617309
0.0 0.03 6.82 826

1734617310
0.0 0.03 6.82 497

1734617311
0.0 0.03 6.78 804

1734617312
0.0 0.03 6.78 751

1734617313
0.0 0.03 6.73 957

1734617314
0.0 0.03 6.73 885

1734617315
0.0 0.02 6.68 702

1734617316
0.0 0.02 6.68 641

1734617317
0.0 0.02 6.64 1138

1734617318
0.0 0.02 6.64 1078

1734617319
0.0 0.02 6.59 763

1734617320
0.0 0.02 6.59 713

1734617321
0.0 0.02 6.55 966

1734617322
0.0 0.02 6.55 762

1734617323
0.0 0.02 6.5 1023

1734617324
0.0 0.02 6.5 640

1734617325
0.0 0.02 6.46 1123

1734617326
0.0 0.02 6.46 1819

1734617327
0.0 0.02 6.41 754

1734617328
0.0 0.02 6.41 1130

1734617329
0.0 0.02 6.37 1234

1734617330
0.0 0.02 6.37 710

1734617331
0.0 0.02 6.33 573

1734617332
0.0 0.02 6.33 702

1734617333
0.0 0.02 6.28 1109

1734617334
0.0 0.02 6.28 1002

1734617335
0.0 0.01 6.24 803

1734617336
0.0 0.01 6.24 574

1734617337
0.0 0.01 6.2 895

1734617338
0.0 0.01 6.2 797

1734617339
0.0 0.01 6.15 1341

1734617340
0.0 0.01 6.15 1083

1734617341
0.0 0.01 6.11 1209

1734617342
0.0 0.01 6.11 766

1734617343
0.0 0.01 6.07 848

1734617344
0.0 0.01 6.07 903

1734617345
0.0 0.01 6.03 1061

1734617346
0.0 0.01 6.03 699

1734617347
0.0 0.01 5.98 847

1734617348
0.0 0.01 5.98 1110

1734617349
0.0 0.01 5.94 1162

1734617350
0.0 0.01 5.94 977

1734617351
0.0 0.01 5.9 992

1734617352
0.0 0.01 5.9 1240

1734617353
0.0 0.01 5.86 1147

1734617354
0.0 0.01 5.86 1066

1734617355
0.0 0.01 5.82 1159

1734617356
0.0 0.01 5.82 1537

1734617357
0.0 0.01 5.78 1377

1734617358
0.0 0.01 5.78 709

1734617359
0.0 0.01 5.74 1293

1734617360
0.0 0.01 5.74 1310

1734617361
0.0 0.01 5.7 2219

1734617362
0.0 0.01 5.7 1002

1734617363
0.0 0.01 5.66 1077

1734617364
0.0 0.01 5.66 1277

1734617365
0.0 0.0 5.62 1114

1734617366
0.0 0.0 5.62 921

1734617367
0.0 0.0 5.59 1083

1734617368
0.0 0.0 5.59 886

1734617369
0.0 0.0 5.55 833

1734617370
0.0 0.0 5.55 973

1734617371
0.0 0.0 5.51 1397

1734617372
0.0 0.0 5.51 1636

1734617373
0.0 0.0 5.47 988

1734617374
0.0 0.0 5.47 1181

1734617375
0.0 0.0 5.43 2288

1734617376
0.0 0.0 5.43 1523

1734617377
0.0 0.0 5.4 2498

1734617378
0.0 0.0 5.4 2922

1734617379
0.0 0.0 5.36 1414

1734617380
0.0 0.0 5.36 1008

1734617381
0.0 0.0 5.32 1739

1734617382
0.0 0.0 5.32 2380

1734617383
0.0 0.0 5.28 1247

1734617384
0.0 0.0 5.28 1621

1734617385
0.0 0.0 5.25 1369

1734617386
0.0 0.0 5.25 1525

1734617387
0.0 0.0 5.21 2739

1734617388
0.0 0.0 5.21 1548

1734617389
0.0 0.0 5.18 1657

1734617390
0.0 0.0 5.18 925

1734617391
0.0 0.0 5.14 840

1734617392
0.0 0.0 5.14 1821

1734617393
0.0 0.0 5.1 555

1734617394
0.0 0.0 5.1 1738

1734617395
0.0 0.0 5.07 1272

1734617396
0.0 0.0 5.07 847

1734617397
0.0 0.0 5.03 1133

1734617398
0.0 0.0 5.03 672

1734617399
0.0 0.0 5.0 980

1734617400
0.0 0.0 5.0 1435

1734617401
0.0 0.0 4.96 1481

1734617402
0.0 0.0 4.96 846

1734617403
0.0 0.0 4.93 1098

1734617404
0.0 0.0 4.93 1026

1734617405
0.0 0.0 4.9 1901

1734617406
0.0 0.0 4.9 827

1734617407
0.0 0.0 4.86 1547

1734617408
0.0 0.0 4.86 1341

1734617409
0.0 0.0 4.83 1797

1734617410
0.0 0.0 4.83 1111

1734617411
0.0 0.0 4.8 1180

1734617412
0.0 0.0 4.8 1073

1734617413
0.0 0.0 4.76 835

1734617414
0.0 0.0 4.76 816

1734617415
0.0 0.0 4.73 836

1734617416
0.0 0.0 4.73 962

1734617417
0.0 0.0 4.7 553

1734617418
0.0 0.0 4.7 710

1734617419
0.0 0.0 4.66 5281

1734617420
0.0 0.0 4.66 4177

1734617421
0.0 0.0 4.63 279

1734617422
0.0 0.0 4.63 83

1734617423
0.0 0.0 4.6 95

1734617424
0.0 0.0 4.6 254

1734617425
0.0 0.0 4.57 1123

1734617426
0.0 0.0 4.57 954

1734617427
0.0 0.0 4.54 184

1734617428
0.0 0.0 4.54 177

1734617429
0.0 0.0 4.51 148

1734617430
0.0 0.0 4.51 116

1734617431
0.0 0.0 4.47 64

1734617432
0.0 0.0 4.47 147

1734617433
0.0 0.0 4.44 120

1734617434
0.0 0.0 4.44 99

1734617435
0.0 0.0 4.41 146

1734617436
0.0 0.0 4.41 68

1734617437
0.0 0.0 4.38 31

1734617438
0.0 0.0 4.38 79

1734617439
0.0 0.0 4.35 70

1734617440
0.0 0.0 4.35 123

1734617441
0.0 0.0 4.32 80

1734617442
0.0 0.0 4.32 150

1734617443
0.0 0.0 4.29 141

1734617444
0.0 0.0 4.29 143

1734617445
0.0 0.0 4.26 117

1734617446
0.0 0.0 4.26 268

1734617447
0.0 0.0 4.23 138

1734617448
0.0 0.0 4.23 78

1734617449
0.0 0.0 4.2 106

1734617450
0.0 0.0 4.2 123

1734617451
0.0 0.0 4.18 128

1734617452
0.0 0.0 4.18 488

1734617453
0.0 0.0 4.15 489

1734617454
0.0 0.0 4.15 91

1734617455
0.0 0.0 4.12 173

1734617456
0.0 0.0 4.12 211

1734617457
0.0 0.0 4.09 733

1734617458
0.0 0.0 4.09 939

1734617459
0.0 0.0 4.06 192

1734617460
0.0 0.0 4.06 212

1734617461
0.0 0.0 4.03 76

1734617462
0.0 0.0 4.03 240

1734617463
0.0 0.0 4.01 5331

1734617464
0.0 0.0 4.01 7048

1734617465
0.0 0.0 3.98 1294

1734617466
0.0 0.0 3.98 1689

1734617467
0.0 0.0 3.95 4589

1734617468
0.0 0.0 3.95 4098

1734617469
0.0 0.0 3.92 6985

1734617470
0.0 0.0 3.92 5208

1734617471
0.0 0.0 3.9 1272

1734617472
0.0 0.0 3.9 434

1734617473
0.0 0.0 3.87 729

1734617474
0.0 0.0 3.87 4228

1734617475
0.0 0.0 3.84 12281

1734617476
0.0 0.0 3.84 11518

1734617477
0.18 0.03 3.82 12394

1734617478
0.18 0.03 3.82 6149

1734617479
0.14 0.03 3.8 468

1734617480
0.14 0.03 3.8 4775

1734617481
0.12 0.02 3.77 14907

1734617482
0.12 0.02 3.77 8198

1734617483
0.09 0.02 3.74 6253

1734617484
0.09 0.02 3.74 207

1734617485
0.08 0.02 3.72 220

1734617486
0.08 0.02 3.72 153

1734617487
0.06 0.02 3.69 147

1734617488
0.06 0.02 3.69 257

1734617489
0.05 0.02 3.67 154

1734617490
0.05 0.02 3.67 169

1734617491
0.04 0.02 3.64 3646

1734617492
0.04 0.02 3.64 2022

1734617493
0.03 0.02 3.62 106

1734617494
0.03 0.02 3.62 3316

1734617495
0.02 0.02 3.59 10457

1734617496
0.02 0.02 3.59 8480

1734617497
0.02 0.02 3.57 4414

1734617498
0.02 0.02 3.57 653

1734617499
0.01 0.02 3.54 2813

1734617500
0.01 0.02 3.54 463

1734617501
0.01 0.02 3.52 4511

1734617502
0.01 0.02 3.52 2940

1734617503
0.01 0.01 3.49 5727

1734617504
0.01 0.01 3.49 7701

1734617505
0.0 0.01 3.47 2368

1734617506
0.0 0.01 3.47 190

1734617507
0.0 0.01 3.45 138

1734617508
0.0 0.01 3.45 263

1734617509
0.0 0.01 3.42 5513

1734617510
0.0 0.01 3.42 11422

1734617511
0.0 0.01 3.4 6235

1734617512
0.0 0.01 3.4 2016

1734617513
0.0 0.01 3.37 9323

1734617514
0.0 0.01 3.37 5697

1734617515
0.0 0.01 3.35 6081

1734617516
0.0 0.01 3.35 7892

1734617517
0.18 0.04 3.33 14790

1734617518
0.18 0.04 3.33 14462

1734617519
0.14 0.04 3.31 4566

1734617520
0.14 0.04 3.31 20

1734617521
0.12 0.04 3.29 25

1734617522
0.12 0.04 3.29 38

1734617523
0.1 0.04 3.27 53

1734617524
0.1 0.04 3.27 65

1734617525
0.08 0.04 3.24 403

1734617526
0.08 0.04 3.24 1143

1734617527
0.06 0.03 3.22 363

