1734616416
0.0 3.57 12.94 387

1734616417
0.0 3.45 12.85 621

1734616418
0.0 3.45 12.85 94

1734616419
0.0 3.34 12.76 0

1734616420
0.0 3.34 12.76 54

1734616421
0.0 3.23 12.68 0

1734616422
0.0 3.23 12.68 287

1734616423
0.0 3.12 12.59 89

1734616424
0.0 3.12 12.59 1928

1734616425
0.0 3.02 12.5 851

1734616426
0.0 3.02 12.5 313

1734616427
0.0 2.92 12.42 2651

1734616428
0.0 2.92 12.42 342

1734616429
0.0 2.83 12.33 104

1734616430
0.0 2.83 12.33 653

1734616431
0.0 2.73 12.25 3

1734616432
0.0 2.73 12.25 11723

1734616433
0.0 2.64 12.16 61

1734616434
0.0 2.64 12.16 361

1734616435
0.0 2.56 12.08 427

1734616436
0.0 2.56 12.08 140

1734616437
0.0 2.47 12.0 447791

1734616438
0.0 2.47 12.0 556664

1734616440
8.87 3.99 12.25 57

1734616441
7.26 3.86 12.17 1

1734616442
7.26 3.86 12.17 5

1734616443
5.95 3.74 12.08 0

1734616444
5.95 3.74 12.08 375982

1734616445
8.13 4.2 12.12 14399

1734616446
8.13 4.2 12.12 325167

1734616447
9.92 4.65 12.16 148857

1734616448
9.92 4.65 12.16 30001

1734616449
11.56 5.12 12.21 917916

1734616450
11.56 5.12 12.21 101149

1734616451
17.26 6.36 12.42 124288

1734616452
17.26 6.36 12.42 3283

1734616453
14.31 6.19 12.34 159

1734616454
14.31 6.19 12.34 0

1734616455
11.72 5.98 12.26 0

1734616456
11.72 5.98 12.26 9

1734616457
9.59 5.79 12.17 3664

1734616458
9.59 5.79 12.17 1

1734616459
7.85 5.6 12.09 0

1734616460
7.85 5.6 12.09 0

1734616461
6.79 5.48 12.02 89455

1734616462
6.79 5.48 12.02 4281

1734616463
5.92 5.37 11.95 56

1734616464
5.92 5.37 11.95 23

1734616465
4.85 5.19 11.87 174

1734616466
4.85 5.19 11.87 10662

1734616467
3.97 5.02 11.79 17

1734616468
3.97 5.02 11.79 681

1734616469
3.25 4.86 11.71 112623

1734616470
3.25 4.86 11.71 233735

1734616471
7.01 5.48 11.79 261591

1734616472
7.01 5.48 11.79 33516

1734616473
7.01 5.53 11.76 44161

1734616474
7.01 5.53 11.76 275

1734616475
5.92 5.38 11.69 106

1734616476
5.92 5.38 11.69 17501

1734616477
5.02 5.24 11.61 9651

1734616478
5.02 5.24 11.61 17856

1734616479
4.29 5.1 11.54 6191

1734616480
4.29 5.1 11.54 11

1734616481
3.52 4.93 11.46 214906

1734616482
3.52 4.93 11.46 563438

1734616483
9.76 6.01 11.64 0

1734616484
9.76 6.01 11.64 87192

1734616485
8.9 5.98 11.6 18204

1734616486
8.9 5.98 11.6 3077

1734616487
8.92 6.08 11.58 248734

1734616488
8.92 6.08 11.58 227532

1734616489
9.84 6.34 11.6 11779

1734616490
9.84 6.34 11.6 23191

1734616491
8.42 6.2 11.53 29026

1734616492
8.42 6.2 11.53 745

1734616493
6.89 5.99 11.45 399

1734616494
6.89 5.99 11.45 106

1734616495
5.64 5.8 11.37 1875

1734616496
5.64 5.8 11.37 64

1734616497
4.62 5.61 11.29 17

1734616498
4.62 5.61 11.29 78

1734616499
3.78 5.42 11.22 7463

1734616500
3.78 5.42 11.22 3130

1734616501
3.09 5.25 11.14 8635

1734616502
3.09 5.25 11.14 49297

1734616503
3.08 5.17 11.08 2143

1734616504
3.08 5.17 11.08 3

1734616505
2.52 5.0 11.01 17404

1734616506
2.52 5.0 11.01 34

1734616507
2.06 4.84 10.93 106

1734616508
2.06 4.84 10.93 85

1734616509
1.69 4.68 10.86 4980

1734616510
1.69 4.68 10.86 11349

1734616511
1.38 4.53 10.78 4474

1734616512
1.38 4.53 10.78 11599

1734616513
1.31 4.41 10.71 51423

1734616514
1.31 4.41 10.71 16214

1734616515
1.43 4.33 10.65 186

1734616516
1.43 4.33 10.65 648

1734616517
1.17 4.19 10.58 15529

1734616518
1.17 4.19 10.58 629

1734616519
1.5 4.15 10.53 77633

1734616520
1.5 4.15 10.53 36037

1734616521
1.59 4.08 10.47 976

1734616522
1.59 4.08 10.47 346

1734616523
1.3 3.95 10.4 245

1734616524
1.3 3.95 10.4 2601

1734616525
1.07 3.82 10.33 633

1734616526
1.07 3.82 10.33 199

1734616527
0.87 3.69 10.26 2655

1734616528
0.87 3.69 10.26 8463

1734616530
0.71 3.57 10.19 40330

1734616531
0.94 3.52 10.13 26074

1734616532
0.94 3.52 10.13 10844

1734616533
0.95 3.43 10.07 628

1734616534
0.95 3.43 10.07 434436

1734616535
4.77 4.04 10.15 16363

1734616536
4.77 4.04 10.15 62330

1734616537
4.63 4.04 10.11 56072

1734616538
4.63 4.04 10.11 84677

1734616539
5.24 4.17 10.09 55072

1734616540
5.24 4.17 10.09 299

1734616541
4.47 4.07 10.03 23912

1734616542
4.47 4.07 10.03 1510

1734616543
3.66 3.93 9.96 22398

1734616544
3.66 3.93 9.96 710

1734616545
2.99 3.8 9.89 428

1734616546
2.99 3.8 9.89 380

1734616547
2.45 3.68 9.82 1192

1734616548
2.45 3.68 9.82 959

1734616549
2.01 3.56 9.76 184

1734616550
2.01 3.56 9.76 229

1734616551
1.64 3.44 9.69 26346

1734616552
1.64 3.44 9.69 4646

1734616554
1.34 3.33 9.62 1019

1734616555
1.1 3.22 9.56 98

1734616556
1.1 3.22 9.56 314

1734616557
0.9 3.11 9.49 293

1734616558
0.9 3.11 9.49 112

1734616559
0.73 3.01 9.43 213

1734616560
0.73 3.01 9.43 407

1734616561
0.6 2.91 9.36 1208

1734616562
0.6 2.91 9.36 618

1734616563
0.49 2.82 9.3 95

1734616564
0.49 2.82 9.3 289

1734616565
0.4 2.72 9.23 343

1734616566
0.4 2.72 9.23 868

1734616567
0.33 2.63 9.17 900

1734616568
0.33 2.63 9.17 1101

1734616569
0.27 2.55 9.11 706

1734616570
0.27 2.55 9.11 279

1734616571
0.22 2.46 9.04 568

1734616572
0.22 2.46 9.04 641

1734616573
0.18 2.38 8.98 334

1734616574
0.18 2.38 8.98 106

1734616575
0.14 2.3 8.92 39

1734616576
0.14 2.3 8.92 4279

1734616577
0.12 2.23 8.86 12748

1734616578
0.12 2.23 8.86 444

1734616579
0.09 2.16 8.8 28963

1734616580
0.09 2.16 8.8 12407

1734616581
0.26 2.12 8.75 30

1734616582
0.26 2.12 8.75 2133

1734616583
0.21 2.05 8.68 3198

1734616584
0.21 2.05 8.68 1049

1734616585
0.17 1.98 8.63 509

1734616586
0.17 1.98 8.63 102

1734616587
0.14 1.91 8.57 1494

1734616588
0.14 1.91 8.57 235

1734616589
0.11 1.85 8.51 273

1734616590
0.11 1.85 8.51 295

1734616591
0.09 1.79 8.45 67

1734616592
0.09 1.79 8.45 1225

1734616593
0.07 1.73 8.39 346

1734616594
0.07 1.73 8.39 2248

1734616595
0.06 1.67 8.33 2291

1734616596
0.06 1.67 8.33 91

1734616597
0.05 1.62 8.28 9651

1734616598
0.05 1.62 8.28 1763

1734616599
0.04 1.57 8.22 179

1734616600
0.04 1.57 8.22 768

1734616601
0.03 1.51 8.16 822

1734616602
0.03 1.51 8.16 9034

1734616603
0.57 1.56 8.13 74308

1734616604
0.57 1.56 8.13 1894

1734616605
0.46 1.51 8.07 960

1734616606
0.46 1.51 8.07 1323

1734616607
0.38 1.46 8.02 1339

1734616608
0.38 1.46 8.02 3513

1734616609
0.31 1.41 7.96 706

1734616610
0.31 1.41 7.96 663

1734616611
0.25 1.37 7.91 645

1734616612
0.25 1.37 7.91 1639

1734616613
0.2 1.32 7.85 930

1734616614
0.2 1.32 7.85 647

1734616615
0.17 1.28 7.8 1340

1734616616
0.17 1.28 7.8 517

1734616617
0.14 1.24 7.74 304

1734616618
0.14 1.24 7.74 586

1734616619
0.11 1.2 7.69 2162

1734616620
0.11 1.2 7.69 389

1734616621
0.09 1.16 7.64 409

1734616622
0.09 1.16 7.64 1627

1734616623
0.07 1.12 7.59 16515

1734616624
0.07 1.12 7.59 4569

1734616625
0.06 1.08 7.53 132

1734616626
0.06 1.08 7.53 96

1734616627
0.05 1.04 7.48 39291

1734616628
0.05 1.04 7.48 40264

1734616629
1.12 1.21 7.47 55538

1734616630
1.12 1.21 7.47 80284

1734616631
2.01 1.36 7.46 49379

1734616632
2.01 1.36 7.46 16588

1734616633
1.64 1.32 7.41 283

1734616634
1.64 1.32 7.41 534

1734616635
1.34 1.28 7.36 152

1734616636
1.34 1.28 7.36 105239

1734616637
2.0 1.4 7.34 4591

1734616638
2.0 1.4 7.34 400

1734616639
1.64 1.35 7.29 523

1734616640
1.64 1.35 7.29 87

1734616641
2.43 1.5 7.28 125474

1734616642
2.43 1.5 7.28 744

1734616643
1.99 1.45 7.23 318

1734616644
1.99 1.45 7.23 439

1734616645
1.63 1.41 7.18 25731

1734616646
1.63 1.41 7.18 40936

1734616647
2.06 1.49 7.16 37505

1734616648
2.06 1.49 7.16 31062

1734616649
1.86 1.47 7.12 152

1734616650
1.86 1.47 7.12 76548

1734616651
2.61 1.62 7.11 52403

1734616652
2.61 1.62 7.11 69273

1734616653
3.23 1.77 7.1 65435

1734616654
3.23 1.77 7.1 59523

1734616655
3.23 1.77 7.1 83121

1734616656
3.91 1.94 7.1 108360

1734616657
5.01 2.2 7.12 102600

1734616658
5.01 2.2 7.12 80102

1734616659
5.01 2.29 7.11 35166

1734616660
5.01 2.29 7.11 57679

1734616661
5.55 2.48 7.11 90947

1734616662
5.55 2.48 7.11 486473

1734616663
9.25 3.25 7.24 97275

1734616664
9.25 3.25 7.24 26572

1734616665
9.25 3.25 7.24 45814

1734616666
8.48 3.31 7.23 486

1734616667
8.48 3.31 7.23 399

1734616668
6.94 3.2 7.18 45155

1734616669
6.94 3.2 7.18 339

1734616670
6.05 3.16 7.14 5066

1734616671
6.05 3.16 7.14 12917

1734616672
4.95 3.05 7.09 3370

1734616673
4.95 3.05 7.09 127

1734616674
4.05 2.95 7.04 21669

1734616675
4.05 2.95 7.04 62019

1734616676
4.04 2.99 7.02 58763

1734616677
4.04 2.99 7.02 50291

1734616678
4.21 3.05 7.01 46573

1734616679
4.72 3.18 7.01 165331

1734616680
17.45 5.53 7.47 1530296

1734616681
17.45 5.53 7.47 65573

1734616682
17.45 5.53 7.47 233628

1734616684
18.64 6.14 7.59 235508

1734616685
18.64 6.14 7.59 55567

1734616686
16.89 6.23 7.6 153424

1734616687
16.55 6.52 7.65 438510

1734616688
16.55 6.52 7.65 8992

1734616689
16.81 6.89 7.72 182926

1734616690
16.81 6.89 7.72 150945

1734616691
16.81 6.89 7.72 107750

1734616692
16.84 7.22 7.78 86301

1734616693
16.84 7.22 7.78 48457

1734616694
14.88 7.18 7.77 269

1734616695
14.88 7.18 7.77 1841

1734616696
12.18 6.95 7.72 1942

1734616697
12.18 6.95 7.72 845

1734616698
9.97 6.72 7.66 34259

1734616699
9.97 6.72 7.66 72207

1734616700
9.07 6.66 7.64 1577

1734616701
9.07 6.66 7.64 1144

1734616702
7.43 6.45 7.59 1329

1734616703
6.26 6.27 7.55 428061

1734616704
6.26 6.27 7.55 176224

1734616705
10.38 7.01 7.69 47149

1734616707
10.38 7.01 7.69 125706

1734616708
10.49 7.14 7.72 174188

1734616709
10.49 7.14 7.72 116987

1734616710
10.58 7.27 7.74 184583

1734616711
10.58 7.27 7.74 207588

1734616712
12.11 7.65 7.81 551633

1734616713
12.11 7.65 7.81 26053

1734616714
14.99 8.32 7.95 59730

1734616715
14.08 8.37 7.97 184871

1734616716
14.08 8.37 7.97 48300

1734616717
12.62 8.29 7.95 74364

1734616718
12.62 8.29 7.95 21995

1734616719
12.62 8.29 7.95 243401

1734616720
12.87 8.48 8.0 63986

1734616721
12.87 8.48 8.0 287

1734616722
10.9 8.27 7.95 412

1734616723
10.9 8.27 7.95 122554

1734616724
10.01 8.19 7.94 949

1734616725
10.01 8.19 7.94 2332

1734616726
8.19 7.93 7.89 227686

1734616727
8.19 7.93 7.89 490

1734616728
8.7 8.03 7.91 47624

1734616729
8.7 8.03 7.91 1584

1734616730
7.49 7.83 7.87 1846

1734616731
7.49 7.83 7.87 1354

1734616732
6.13 7.57 7.81 669

1734616733
7.01 7.68 7.83 320524

1734616734
7.01 7.68 7.83 1704

1734616735
7.01 7.68 7.83 55

1734616736
6.46 7.56 7.81 61

1734616737
6.46 7.56 7.81 446

1734616738
5.29 7.31 7.75 16614

1734616739
5.96 7.37 7.76 485926

1734616740
5.96 7.37 7.76 150189

1734616742
12.85 8.57 8.01 940084

1734616743
19.94 9.99 8.31 1121030

1734616744
19.94 9.99 8.31 26441

1734616746
26.29 11.46 8.63 690086

1734616748
29.14 12.46 8.86 945559

1734616749
29.14 12.46 8.86 941174

1734616750
35.09 14.08 9.22 357311

1734616751
35.09 14.08 9.22 717380

1734616752
38.7 15.42 9.54 1431291

1734616753
44.19 17.17 9.94 19301

1734616754
44.19 17.17 9.94 357909

1734616755
41.61 17.59 10.08 342736

1734616756
41.61 17.59 10.08 358224

1734616757
40.42 18.16 10.25 359770

1734616758
40.42 18.16 10.25 536052

1734616760
41.06 19.01 10.48 629739

1734616761
41.06 19.01 10.48 640635

1734616762
43.77 20.22 10.79 663293

1734616763
43.77 20.22 10.79 601164

1734616764
46.89 21.55 11.14 598578

1734616765
46.89 21.55 11.14 312753

1734616766
46.73 22.35 11.37 463514

1734616767
49.13 23.58 11.71 1400389

1734616768
49.13 23.58 11.71 197331

1734616769
49.13 23.58 11.71 278750

1734616770
50.01 24.58 12.0 501363

1734616772
55.26 26.36 12.45 2586294

1734616773
60.29 28.21 12.94 460138

1734616774
60.29 28.21 12.94 610725

1734616776
59.33 29.09 13.22 861933

1734616777
59.33 29.09 13.22 300464

1734616778
57.27 29.71 13.46 383113

1734616779
55.05 30.21 13.68 752871

1734616780
55.05 30.21 13.68 356064

1734616781
53.05 30.66 13.89 750807

1734616782
59.56 32.57 14.4 2166834

1734616784
59.56 32.57 14.4 857894

1734616785
63.26 34.12 14.85 27429

1734616786
63.26 34.12 14.85 523575

1734616787
61.22 34.7 15.1 595486

1734616789
57.01 34.81 15.26 1801863

1734616790
69.23 38.62 16.33 4241485

1734616795
69.23 38.62 16.33 4216

1734616796
69.91 40.76 17.09 1828487

1734616799
69.91 40.76 17.09 1096765

1734616800
72.1 42.11 17.54 300732

1734616801
67.19 42.21 17.72 943323

1734616802
68.79 43.31 18.12 1836304

1734616804
68.79 43.31 18.12 0

1734616805
68.79 43.31 18.12 553566

1734616806
67.37 43.89 18.42 1259903

1734616807
66.4 44.48 18.71 84569

1734616808
66.4 44.48 18.71 530416

1734616809
61.98 44.4 18.87 612412

1734616811
61.98 44.4 18.87 1318453

1734616812
65.6 45.63 19.3 1177450

1734616813
66.58 46.46 19.66 313255

1734616814
66.58 46.46 19.66 897673

1734616815
66.58 46.46 19.66 100287

1734616816
65.21 46.87 19.93 676422

1734616817
65.21 46.87 19.93 437779

1734616818
62.27 46.94 20.13 501433

1734616819
57.87 46.65 20.25 1139930

1734616820
62.42 47.84 20.68 1102155

1734616822
62.42 47.84 20.68 60333

1734616823
62.42 47.84 20.68 536248

1734616824
60.53 47.98 20.89 541302

1734616825
60.53 47.98 20.89 468124

1734616826
58.81 48.07 21.1 347495

1734616827
55.22 47.78 21.22 695637

1734616828
55.22 47.78 21.22 415532

1734616830
58.08 48.54 21.56 1455373

1734616831
58.08 48.54 21.56 340268

1734616832
57.34 48.72 21.78 729313

1734616833
57.34 48.72 21.78 528073

1734616834
57.82 49.08 22.04 682138

1734616835
57.82 49.08 22.04 321611

1734616836
55.13 48.89 22.19 1161664

1734616837
55.13 48.89 22.19 21232

1734616839
56.01 49.25 22.45 805810

1734616841
53.29 48.98 22.57 806674

1734616842
51.97 48.88 22.73 734001

1734616843
55.78 49.67 23.08 1040100

1734616844
55.78 49.67 23.08 369250

1734616845
55.46 49.81 23.29 2597365

1734616847
62.98 51.36 23.79 83674

1734616848
56.64 50.59 23.82 952652

1734616850
56.64 50.59 23.82 644901

1734616851
56.64 50.59 23.82 29

1734616852
55.98 50.67 24.02 41093

1734616853
55.98 50.67 24.02 2001

1734616854
46.02 49.04 23.86 944

1734616855
46.02 49.04 23.86 1510

1734616856
37.68 47.44 23.7 923

1734616857
37.68 47.44 23.7 450

1734616858
30.85 45.89 23.54 1211

1734616859
30.85 45.89 23.54 815

1734616860
25.26 44.39 23.38 175

1734616861
25.26 44.39 23.38 1570

1734616862
20.69 42.93 23.22 1243

1734616863
20.69 42.93 23.22 85625

1734616864
17.84 41.69 23.09 20897

1734616865
17.84 41.69 23.09 260443

1734616866
16.97 40.75 23.02 281252

1734616867
17.88 40.14 23.02 1108513

1734616869
17.88 40.14 23.02 5014

1734616870
23.7 40.46 23.2 100200

1734616871
21.39 39.5 23.12 523760

1734616872
36.91 41.28 23.72 3450150

1734616877
36.91 41.28 23.72 0

1734616878
40.55 41.8 23.94 45239

1734616879
40.55 41.8 23.94 81

1734616880
33.2 40.43 23.78 489

1734616881
33.2 40.43 23.78 71

1734616882
27.19 39.11 23.62 358

1734616883
27.19 39.11 23.62 57465

1734616884
22.62 37.89 23.47 611

1734616885
22.62 37.89 23.47 232

1734616886
18.52 36.65 23.31 361

1734616887
18.52 36.65 23.31 111

1734616888
15.35 35.49 23.15 22144

1734616889
15.35 35.49 23.15 210

1734616890
12.57 34.32 23.0 592

1734616891
12.57 34.32 23.0 98

1734616892
10.29 33.2 22.84 183

1734616893
10.29 33.2 22.84 26716

1734616894
17.72 33.05 22.94 1348525

1734616896
17.72 33.05 22.94 2695

1734616897
17.72 33.05 22.94 47205

1734616898
16.32 32.3 22.85 41803

1734616899
16.32 32.3 22.85 60958

1734616900
14.27 31.4 22.73 78344

1734616901
13.49 30.7 22.64 535691

1734616903
13.49 30.7 22.64 326342

1734616904
17.39 30.84 22.73 205029

1734616905
16.59 30.26 22.66 178463

1734616906
25.18 31.36 22.95 1246323

1734616908
25.18 31.36 22.95 27461

1734616909
23.33 30.83 22.89 394892

1734616911
21.64 30.28 22.83 378378

1734616912
21.64 30.28 22.83 35121

1734616913
21.64 30.28 22.83 133722

1734616914
21.52 29.97 22.82 138891

1734616915
21.52 29.97 22.82 74376

1734616916
19.44 29.32 22.73 87310

1734616917
17.54 28.65 22.63 113604

1734616920
17.81 28.34 22.61 494180

1734616921
17.81 28.34 22.61 364332

1734616922
22.19 28.79 22.74 626183

1734616923
22.19 28.79 22.74 1278062

1734616924
31.94 30.33 23.11 15738

1734616925
31.94 30.33 23.11 15004

1734616926
26.33 29.37 22.96 286

1734616927
26.33 29.37 22.96 3898

1734616928
21.56 28.41 22.8 1438

1734616929
21.56 28.41 22.8 703

1734616930
17.65 27.48 22.64 423144

1734616931
17.65 27.48 22.64 87252

1734616933
19.89 27.56 22.69 1369223

1734616934
29.15 28.98 23.02 1002722

1734616935
33.29 29.74 23.22 327005

1734616936
33.29 29.74 23.22 35864

1734616937
33.29 29.74 23.22 398535

1734616938
32.87 29.78 23.27 409089

1734616939
32.87 29.78 23.27 8272

1734616940
29.63 29.29 23.22 23

1734616941
29.63 29.29 23.22 300

1734616942
24.26 28.33 23.06 184540

1734616943
24.26 28.33 23.06 9801

1734616944
21.5 27.7 22.96 1388701

1734616945
32.82 29.54 23.38 357021

1734616948
38.29 30.64 23.65 1479383

1734616949
38.29 30.64 23.65 1013161

1734616950
44.03 31.93 23.97 138886

1734616951
44.03 31.93 23.97 22618

1734616952
36.42 30.95 23.82 16522

1734616953
36.42 30.95 23.82 3167

1734616954
30.0 29.97 23.66 2298

1734616955
30.0 29.97 23.66 651959

1734616956
34.35 30.75 23.87 821366

1734616957
34.35 30.75 23.87 510217

1734616958
36.28 31.22 24.01 266875

1734616959
36.28 31.22 24.01 413553

1734616960
36.77 31.47 24.12 292380

1734616961
42.54 32.87 24.51 2155614

1734616964
42.54 32.87 24.51 1512

1734616965
42.54 32.87 24.51 516754

1734616966
44.8 33.6 24.72 574097

1734616967
44.8 33.6 24.72 243846

1734616968
41.94 33.45 24.75 280062

1734616969
41.94 33.45 24.75 783311

1734616970
43.94 34.09 24.94 328881

1734616971
43.94 34.09 24.94 551128

1734616972
44.49 34.51 25.09 358583

1734616973
44.49 34.51 25.09 242346

1734616974
40.06 34.03 25.06 32698

1734616975
40.06 34.03 25.06 5

1734616976
32.8 32.92 24.89 0

1734616977
32.8 32.92 24.89 0

1734616978
26.86 31.84 24.72 0

1734616979
26.86 31.84 24.72 108

1734616980
21.99 30.8 24.55 0

1734616981
21.99 30.8 24.55 0

1734616982
18.0 29.79 24.38 0

1734616983
18.0 29.79 24.38 0

1734616984
14.92 28.85 24.22 22717

1734616985
14.92 28.85 24.22 50

1734616986
12.22 27.91 24.05 0

1734616987
12.22 27.91 24.05 0

1734616988
10.0 26.99 23.89 0

1734616989
10.0 26.99 23.89 1107

1734616990
8.19 26.11 23.72 0

1734616991
8.19 26.11 23.72 0

1734616992
6.71 25.25 23.56 7

1734616993
6.71 25.25 23.56 341

1734616994
5.49 24.43 23.4 7

1734616995
5.49 24.43 23.4 2989

1734616996
4.49 23.63 23.24 0

1734616997
4.49 23.63 23.24 0

1734616998
3.68 22.85 23.08 0

1734616999
3.68 22.85 23.08 19

1734617000
3.01 22.11 22.92 0

1734617001
3.01 22.11 22.92 0

1734617002
2.46 21.38 22.77 109

1734617003
2.46 21.38 22.77 28

1734617004
2.02 20.68 22.61 26

1734617005
2.02 20.68 22.61 500808

1734617006
9.26 21.38 22.74 1370927

1734617007
22.62 23.4 23.15 681942

1734617009
22.62 23.4 23.15 1806

1734617010
18.52 22.63 23.0 0

1734617011
18.52 22.63 23.0 0

1734617012
15.16 21.89 22.84 0

1734617013
15.16 21.89 22.84 0

1734617014
12.41 21.17 22.68 2

1734617015
12.41 21.17 22.68 0

1734617016
10.16 20.48 22.53 0

1734617017
10.16 20.48 22.53 0

1734617018
8.32 19.81 22.37 0

1734617019
8.32 19.81 22.37 148

1734617020
6.81 19.16 22.22 2

1734617021
6.81 19.16 22.22 3319

1734617022
5.58 18.53 22.07 0

1734617023
5.58 18.53 22.07 705018

1734617024
12.9 19.43 22.23 234130

1734617025
12.9 19.43 22.23 12

1734617026
10.56 18.8 22.08 46

1734617027
10.56 18.8 22.08 0

1734617028
8.65 18.18 21.93 0

1734617029
8.65 18.18 21.93 475344

1734617030
11.43 18.37 21.94 2622

1734617031
11.43 18.37 21.94 0

1734617032
9.36 17.77 21.79 0

1734617033
9.36 17.77 21.79 0

1734617034
7.66 17.19 21.64 0

1734617036
15.69 18.33 21.85 1752112

1734617037
15.69 18.33 21.85 101818

1734617038
20.09 19.04 21.97 0

1734617039
20.09 19.04 21.97 0

1734617040
16.45 18.41 21.82 2394

1734617041
16.45 18.41 21.82 0

1734617042
14.2 17.94 21.7 319744

1734617043
14.2 17.94 21.7 0

1734617044
13.62 17.71 21.63 0

1734617045
13.62 17.71 21.63 168

1734617046
11.15 17.13 21.48 0

1734617047
11.15 17.13 21.48 0

1734617048
9.13 16.57 21.33 0

1734617049
9.13 16.57 21.33 0

1734617050
7.47 16.03 21.19 1790

1734617051
7.47 16.03 21.19 0

1734617052
6.12 15.51 21.04 5764

1734617053
6.12 15.51 21.04 28497

1734617054
5.19 15.03 20.9 0

1734617055
5.19 15.03 20.9 0

1734617056
4.25 14.54 20.76 0

1734617057
4.25 14.54 20.76 0

1734617058
3.48 14.06 20.62 542

1734617059
3.48 14.06 20.62 0

1734617060
2.85 13.6 20.48 0

1734617061
2.85 13.6 20.48 0

1734617062
2.33 13.16 20.34 0

1734617063
2.33 13.16 20.34 216

1734617064
1.91 12.73 20.2 0

1734617065
1.91 12.73 20.2 0

1734617066
1.56 12.31 20.06 0

1734617067
1.56 12.31 20.06 0

1734617068
1.28 11.91 19.92 28274

1734617069
1.28 11.91 19.92 0

1734617070
1.04 11.52 19.79 0

1734617071
1.04 11.52 19.79 0

1734617072
0.85 11.14 19.65 0

1734617073
0.85 11.14 19.65 379453

1734617074
6.31 11.79 19.73 920579

1734617075
6.31 11.79 19.73 0

1734617076
11.15 12.48 19.82 0

1734617077
11.15 12.48 19.82 19

1734617078
9.13 12.07 19.68 172

1734617079
9.13 12.07 19.68 0

1734617080
7.47 11.68 19.55 0

1734617081
7.47 11.68 19.55 0

1734617082
6.12 11.3 19.42 0

1734617083
6.12 11.3 19.42 174

1734617084
5.01 10.93 19.28 0

1734617085
5.01 10.93 19.28 0

1734617086
4.1 10.57 19.15 0

1734617087
4.1 10.57 19.15 0

1734617088
3.36 10.22 19.02 347

1734617089
3.36 10.22 19.02 0

1734617090
2.75 9.89 18.89 0

1734617091
2.75 9.89 18.89 0

1734617092
2.25 9.56 18.76 0

1734617093
2.25 9.56 18.76 0

1734617094
1.84 9.25 18.63 0

1734617095
1.84 9.25 18.63 347

1734617096
1.51 8.95 18.5 0

1734617097
1.51 8.95 18.5 0

1734617098
1.23 8.65 18.38 302

1734617099
1.23 8.65 18.38 0

1734617100
1.01 8.37 18.25 263323

1734617101
4.81 8.82 18.28 197916

1734617102
4.81 8.82 18.28 0

1734617103
4.81 8.82 18.28 485

1734617104
3.94 8.53 18.15 0

1734617105
3.94 8.53 18.15 44

1734617106
3.22 8.25 18.03 421150

1734617107
3.22 8.25 18.03 0

1734617108
6.26 8.63 18.04 258

1734617109
6.26 8.63 18.04 0

1734617110
5.13 8.35 17.92 0

1734617111
5.13 8.35 17.92 0

1734617112
4.2 8.08 17.79 0

1734617113
4.2 8.08 17.79 994

1734617114
3.43 7.81 17.67 0

1734617115
3.43 7.81 17.67 0

1734617116
2.81 7.56 17.55 0

1734617117
2.81 7.56 17.55 0

1734617118
2.3 7.31 17.43 306

1734617119
2.3 7.31 17.43 0

1734617120
1.88 7.07 17.31 0

1734617121
1.88 7.07 17.31 0

1734617122
1.54 6.84 17.19 0

1734617123
1.54 6.84 17.19 239

1734617124
1.26 6.61 17.08 0

1734617125
1.26 6.61 17.08 27

1734617126
1.03 6.4 16.96 0

1734617127
1.03 6.4 16.96 0

1734617128
0.84 6.19 16.84 0

1734617129
0.84 6.19 16.84 0

1734617130
0.69 5.98 16.73 0

1734617131
0.69 5.98 16.73 0

1734617132
0.56 5.79 16.61 360602

1734617133
0.56 5.79 16.61 51175

1734617134
4.08 6.25 16.64 0

1734617135
4.08 6.25 16.64 0

1734617136
3.34 6.05 16.52 0

1734617137
3.34 6.05 16.52 0

1734617140
2.74 5.85 16.41 1506476

1734617141
15.65 8.08 16.8 132

1734617142
15.65 8.08 16.8 0

1734617143
12.81 7.81 16.69 0

1734617144
12.81 7.81 16.69 7

1734617145
10.49 7.56 16.57 0

1734617146
10.49 7.56 16.57 0

1734617147
8.59 7.31 16.46 0

1734617148
8.59 7.31 16.46 0

1734617149
7.03 7.07 16.35 315

1734617150
7.03 7.07 16.35 0

1734617151
5.76 6.84 16.23 0

1734617152
5.76 6.84 16.23 0

1734617153
4.71 6.62 16.12 0

1734617154
4.71 6.62 16.12 172

1734617155
3.86 6.4 16.01 0

1734617156
3.86 6.4 16.01 0

1734617157
3.16 6.19 15.9 0

1734617158
3.16 6.19 15.9 0

1734617159
2.58 5.99 15.79 218

1734617160
2.58 5.99 15.79 24

1734617161
2.12 5.79 15.69 0

1734617162
2.12 5.79 15.69 0

1734617163
1.73 5.6 15.58 0

1734617164
5.76 6.2 15.64 666061

1734617165
5.76 6.2 15.64 74

1734617166
5.76 6.2 15.64 0

1734617167
6.35 6.29 15.59 0

1734617168
6.35 6.29 15.59 0

1734617169
5.2 6.09 15.48 107

1734617170
5.2 6.09 15.48 0

1734617171
4.26 5.89 15.38 0

1734617172
4.26 5.89 15.38 0

1734617173
3.48 5.69 15.27 0

1734617174
3.48 5.69 15.27 92

1734617175
2.85 5.51 15.17 0

1734617176
2.85 5.51 15.17 0

1734617177
2.33 5.33 15.06 0

1734617178
2.33 5.33 15.06 0

1734617179
1.91 5.15 14.96 0

1734617180
1.91 5.15 14.96 0

1734617181
1.56 4.98 14.86 0

1734617182
1.56 4.98 14.86 0

1734617183
1.28 4.82 14.76 0

1734617184
1.28 4.82 14.76 192

1734617185
1.05 4.66 14.65 0

1734617186
1.05 4.66 14.65 0

1734617187
0.86 4.51 14.55 0

1734617188
0.86 4.51 14.55 0

1734617189
0.7 4.36 14.45 101

1734617190
0.7 4.36 14.45 0

1734617191
0.57 4.22 14.36 0

1734617192
0.57 4.22 14.36 0

1734617193
0.47 4.08 14.26 0

1734617194
0.47 4.08 14.26 194

1734617195
0.38 3.95 14.16 396035

1734617196
0.38 3.95 14.16 0

1734617197
3.75 4.44 14.19 0

1734617198
3.75 4.44 14.19 0

1734617199
3.07 4.29 14.1 315

1734617200
3.07 4.29 14.1 0

1734617201
2.51 4.15 14.0 109709

1734617202
4.23 4.41 13.98 513468

1734617203
4.23 4.41 13.98 0

1734617204
4.23 4.41 13.98 199

1734617205
6.73 4.85 14.01 0

1734617206
6.73 4.85 14.01 0

1734617207
5.51 4.7 13.92 0

1734617208
5.51 4.7 13.92 0

1734617209
4.51 4.54 13.82 158

1734617210
4.51 4.54 13.82 0

1734617211
3.69 4.39 13.73 0

1734617212
3.69 4.39 13.73 0

1734617213
3.02 4.25 13.63 0

1734617214
3.02 4.25 13.63 241

1734617215
2.47 4.11 13.54 0

1734617216
2.47 4.11 13.54 0

1734617217
2.02 3.97 13.45 0

1734617218
2.02 3.97 13.45 0

1734617219
1.66 3.84 13.35 54

1734617220
1.66 3.84 13.35 0

1734617221
1.35 3.72 13.26 0

1734617222
1.35 3.72 13.26 205

1734617223
1.11 3.6 13.17 0

1734617224
1.11 3.6 13.17 132

1734617225
0.91 3.48 13.08 8

1734617226
0.91 3.48 13.08 0

1734617227
1.65 3.53 13.02 545984

1734617228
1.65 3.53 13.02 82480

1734617229
6.06 4.26 13.11 89

1734617230
6.06 4.26 13.11 0

1734617231
4.96 4.12 13.02 68376

1734617232
4.96 4.12 13.02 0

1734617233
4.6 4.09 12.95 0

1734617234
4.6 4.09 12.95 0

1734617235
3.77 3.95 12.87 0

1734617236
3.77 3.95 12.87 220

1734617237
3.08 3.82 12.78 0

1734617238
3.08 3.82 12.78 0

1734617239
2.52 3.7 12.69 0

1734617240
2.52 3.7 12.69 0

1734617241
2.07 3.58 12.6 161

1734617242
2.07 3.58 12.6 0

1734617243
1.69 3.46 12.52 71

1734617244
1.69 3.46 12.52 0

1734617245
1.38 3.34 12.43 0

1734617246
1.38 3.34 12.43 166

1734617247
1.13 3.23 12.35 0

1734617248
1.13 3.23 12.35 0

1734617249
0.93 3.13 12.26 0

1734617250
0.93 3.13 12.26 0

1734617251
0.76 3.03 12.18 0

1734617252
0.76 3.03 12.18 0

1734617253
0.62 2.93 12.09 13

1734617254
0.62 2.93 12.09 0

1734617255
0.5 2.83 12.01 0

1734617256
0.5 2.83 12.01 362

1734617257
0.41 2.74 11.93 0

1734617258
0.41 2.74 11.93 0

1734617259
0.34 2.65 11.85 0

1734617260
0.34 2.65 11.85 0

1734617261
0.27 2.56 11.77 251

1734617262
0.27 2.56 11.77 0

1734617263
0.22 2.48 11.68 0

1734617264
0.22 2.48 11.68 0

1734617265
0.18 2.39 11.6 0

1734617266
0.18 2.39 11.6 464

1734617267
0.15 2.32 11.52 0

1734617268
0.15 2.32 11.52 0

1734617269
0.12 2.24 11.45 0

1734617270
0.12 2.24 11.45 0

1734617271
0.1 2.17 11.37 116

1734617272
0.1 2.17 11.37 0

1734617273
0.08 2.09 11.29 0

1734617274
0.08 2.09 11.29 0

1734617275
0.06 2.03 11.21 0

1734617276
0.06 2.03 11.21 318

1734617277
0.05 1.96 11.13 0

1734617278
0.05 1.96 11.13 0

1734617279
0.04 1.89 11.06 422

1734617280
0.04 1.89 11.06 0

1734617281
0.03 1.83 10.98 175

1734617282
0.03 1.83 10.98 0

1734617283
0.03 1.77 10.91 0

1734617284
0.03 1.77 10.91 8

1734617285
0.02 1.71 10.83 0

1734617286
0.02 1.71 10.83 148

1734617287
0.01 1.66 10.76 0

1734617288
0.01 1.66 10.76 0

1734617289
0.01 1.6 10.68 0

1734617290
0.01 1.6 10.68 0

1734617291
0.01 1.55 10.61 25

1734617292
0.01 1.55 10.61 0

1734617293
0.01 1.5 10.54 1125

1734617294
0.01 1.5 10.54 0

1734617295
0.0 1.45 10.47 0

1734617296
0.0 1.45 10.47 0

1734617297
0.0 1.4 10.39 0

1734617298
0.0 1.4 10.39 0

1734617299
0.0 1.35 10.32 0

1734617300
0.0 1.35 10.32 0

1734617301
0.0 1.31 10.25 236

1734617302
0.0 1.31 10.25 0

1734617303
0.0 1.27 10.18 0

1734617304
0.0 1.27 10.18 0

1734617305
0.0 1.22 10.11 0

1734617306
0.0 1.22 10.11 1865

1734617307
0.0 1.18 10.04 0

1734617308
0.0 1.18 10.04 0

1734617309
0.0 1.14 9.97 164897

1734617310
0.0 1.14 9.97 31147

1734617311
1.63 1.4 9.97 314

1734617312
1.63 1.4 9.97 0

1734617313
1.33 1.35 9.9 144

1734617314
1.33 1.35 9.9 0

1734617315
1.09 1.31 9.83 0

1734617316
1.09 1.31 9.83 202

1734617317
0.89 1.27 9.76 0

1734617318
0.89 1.27 9.76 0

1734617319
0.73 1.22 9.7 0

1734617320
0.73 1.22 9.7 0

1734617321
0.59 1.18 9.63 302

1734617322
0.59 1.18 9.63 0

1734617323
0.49 1.14 9.56 0

1734617324
0.49 1.14 9.56 0

1734617325
0.4 1.11 9.5 0

1734617326
0.4 1.11 9.5 7

1734617327
0.32 1.07 9.43 0

1734617328
0.32 1.07 9.43 0

1734617329
0.26 1.03 9.37 0

1734617330
0.26 1.03 9.37 0

1734617331
0.22 1.0 9.3 235

1734617332
0.22 1.0 9.3 0

1734617333
0.18 0.97 9.24 0

1734617334
0.18 0.97 9.24 0

1734617335
0.14 0.93 9.18 0

1734617336
0.14 0.93 9.18 325753

1734617337
3.01 1.43 9.22 0

1734617338
3.01 1.43 9.22 0

1734617339
2.47 1.38 9.16 0

1734617340
2.47 1.38 9.16 0

1734617341
2.02 1.34 9.1 347

1734617342
2.02 1.34 9.1 0

1734617343
1.65 1.29 9.03 0

1734617344
1.65 1.29 9.03 0

1734617345
1.35 1.25 8.97 0

1734617346
1.35 1.25 8.97 720

1734617347
1.11 1.21 8.91 0

1734617348
1.11 1.21 8.91 0

1734617349
0.9 1.17 8.85 0

1734617350
0.9 1.17 8.85 0

1734617351
0.74 1.13 8.79 0

1734617352
0.74 1.13 8.79 0

1734617353
0.6 1.09 8.73 0

1734617354
0.6 1.09 8.73 0

1734617355
0.49 1.06 8.67 0

1734617356
0.49 1.06 8.67 0

1734617357
0.4 1.02 8.61 0

1734617358
0.4 1.02 8.61 0

1734617359
0.33 0.99 8.55 0

1734617360
0.33 0.99 8.55 0

1734617361
0.27 0.95 8.49 375

1734617362
0.27 0.95 8.49 68

1734617363
0.22 0.92 8.43 0

1734617364
0.22 0.92 8.43 0

1734617365
0.18 0.89 8.38 0

1734617366
0.18 0.89 8.38 963

1734617367
0.14 0.86 8.32 0

1734617368
0.14 0.86 8.32 0

1734617369
0.12 0.83 8.26 0

1734617370
0.12 0.83 8.26 0

1734617371
0.1 0.81 8.2 197

1734617372
0.1 0.81 8.2 0

1734617373
0.08 0.78 8.15 0

1734617374
0.08 0.78 8.15 0

1734617375
0.06 0.75 8.09 0

1734617376
0.06 0.75 8.09 1584

1734617377
0.05 0.73 8.04 0

1734617378
0.05 0.73 8.04 0

1734617379
0.04 0.7 7.98 0

1734617380
0.04 0.7 7.98 0

1734617381
0.03 0.68 7.93 287

1734617382
0.03 0.68 7.93 0

1734617383
0.02 0.66 7.87 0

1734617384
0.02 0.66 7.87 28

1734617385
0.02 0.64 7.82 0

1734617386
0.02 0.64 7.82 429

1734617387
0.01 0.61 7.76 71

1734617388
0.01 0.61 7.76 0

1734617389
0.01 0.59 7.71 0

1734617390
0.01 0.59 7.71 0

1734617391
0.01 0.57 7.66 0

1734617392
0.01 0.57 7.66 185361

1734617393
4.72 1.41 7.78 369653

1734617394
4.72 1.41 7.78 0

1734617395
3.86 1.36 7.73 0

1734617396
3.86 1.36 7.73 0

1734617397
3.16 1.31 7.68 0

1734617398
3.16 1.31 7.68 0

1734617399
2.59 1.27 7.62 0

1734617400
2.59 1.27 7.62 0

1734617401
2.12 1.23 7.57 360

1734617402
2.12 1.23 7.57 0

1734617403
1.73 1.19 7.52 0

1734617404
1.73 1.19 7.52 0

1734617405
1.42 1.15 7.47 0

1734617406
1.42 1.15 7.47 8

1734617407
1.16 1.11 7.42 0

1734617408
1.16 1.11 7.42 0

1734617409
0.95 1.07 7.36 0

1734617410
0.95 1.07 7.36 0

1734617411
0.78 1.04 7.31 0

1734617412
0.78 1.04 7.31 0

1734617413
0.63 1.0 7.26 0

1734617414
0.63 1.0 7.26 0

1734617415
0.52 0.97 7.21 0

1734617416
0.52 0.97 7.21 0

1734617417
0.42 0.94 7.16 515

1734617418
0.42 0.94 7.16 65421

1734617419
4.15 1.6 7.26 480937

1734617420
4.15 1.6 7.26 331517

1734617421
7.38 2.26 7.36 14740

1734617422
7.38 2.26 7.36 1398

1734617423
6.04 2.19 7.31 2005

1734617424
6.04 2.19 7.31 9826

1734617425
4.95 2.12 7.26 4317

1734617426
4.95 2.12 7.26 4905

1734617427
4.05 2.05 7.21 1252

1734617428
4.05 2.05 7.21 0

1734617429
3.32 1.98 7.16 0

1734617430
3.32 1.98 7.16 0

1734617431
2.71 1.91 7.11 0

1734617432
2.71 1.91 7.11 0

1734617433
2.22 1.85 7.06 0

1734617434
2.22 1.85 7.06 0

1734617435
1.82 1.79 7.01 0

1734617436
1.82 1.79 7.01 0

1734617437
1.49 1.73 6.96 65

1734617438
1.49 1.73 6.96 0

1734617439
1.22 1.67 6.92 0

1734617440
1.22 1.67 6.92 0

1734617441
1.0 1.62 6.87 0

1734617442
1.0 1.62 6.87 0

1734617443
0.81 1.57 6.82 0

1734617444
0.81 1.57 6.82 0

1734617445
0.67 1.51 6.78 0

1734617446
0.67 1.51 6.78 1

1734617447
0.54 1.46 6.73 56

1734617448
0.54 1.46 6.73 0

1734617449
0.44 1.42 6.68 50

1734617450
0.44 1.42 6.68 0

1734617451
0.36 1.37 6.64 10

1734617452
0.36 1.37 6.64 1

1734617453
0.3 1.32 6.59 0

1734617454
0.3 1.32 6.59 0

1734617455
0.24 1.28 6.55 0

1734617456
0.24 1.28 6.55 0

1734617457
0.2 1.24 6.5 92

1734617458
0.2 1.24 6.5 0

1734617459
0.16 1.2 6.46 0

1734617460
0.16 1.2 6.46 0

1734617461
0.13 1.16 6.41 0

1734617462
0.13 1.16 6.41 1

1734617463
0.1 1.12 6.37 0

1734617464
0.1 1.12 6.37 0

1734617465
0.08 1.08 6.32 0

1734617466
0.08 1.08 6.32 13

1734617467
0.07 1.05 6.28 1

1734617468
0.07 1.05 6.28 0

1734617469
0.05 1.01 6.24 0

1734617470
0.05 1.01 6.24 0

1734617471
0.04 0.98 6.19 2

1734617472
0.04 0.98 6.19 29

1734617473
0.03 0.95 6.15 0

1734617474
0.03 0.95 6.15 0

1734617475
0.03 0.91 6.11 0

1734617476
0.03 0.91 6.11 0

1734617477
0.02 0.88 6.07 76

1734617478
0.02 0.88 6.07 0

1734617479
0.02 0.85 6.03 0

1734617480
0.02 0.85 6.03 0

1734617481
0.01 0.83 5.98 0

1734617482
0.01 0.83 5.98 0

1734617483
0.01 0.8 5.94 0

1734617484
0.01 0.8 5.94 0

1734617485
0.01 0.77 5.9 0

1734617486
0.01 0.77 5.9 6

1734617487
0.0 0.75 5.86 0

1734617488
0.0 0.75 5.86 0

1734617489
0.0 0.72 5.82 0

1734617490
0.0 0.72 5.82 0

1734617491
0.0 0.7 5.78 0

1734617492
0.0 0.7 5.78 0

1734617493
0.0 0.67 5.74 0

1734617494
0.0 0.67 5.74 0

1734617495
0.0 0.65 5.7 0

1734617496
0.0 0.65 5.7 0

1734617497
0.0 0.63 5.66 0

1734617498
0.0 0.63 5.66 0

1734617499
0.0 0.61 5.62 0

1734617500
0.0 0.61 5.62 0

1734617501
0.0 0.59 5.58 0

1734617502
0.0 0.59 5.58 0

1734617503
0.0 0.57 5.55 0

1734617504
0.0 0.57 5.55 0

1734617505
0.0 0.55 5.51 0

1734617506
0.0 0.55 5.51 0

1734617507
0.0 0.53 5.47 0

1734617508
0.0 0.53 5.47 0

1734617509
0.0 0.51 5.43 0

1734617510
0.0 0.51 5.43 0

1734617511
0.0 0.5 5.39 0

1734617512
0.0 0.5 5.39 0

1734617513
0.0 0.48 5.36 0

1734617514
0.0 0.48 5.36 0

1734617515
0.0 0.46 5.32 0

1734617516
0.0 0.46 5.32 4

1734617517
0.0 0.45 5.28 0

1734617518
0.0 0.45 5.28 0

1734617519
0.0 0.43 5.25 0

1734617520
0.0 0.43 5.25 0

1734617521
0.0 0.42 5.21 0

1734617522
0.0 0.42 5.21 178

1734617523
0.0 0.4 5.18 667

1734617524
0.0 0.4 5.18 0

1734617525
6.15 1.5 5.37 1345086

1734617526
6.15 1.5 5.37 37795

1734617527
11.38 2.6 5.58 10407

