1734616416
0.0 0.0 0.16 0

1734616417
0.0 0.0 0.16 0

1734616418
0.0 0.0 0.16 0

1734616419
0.0 0.0 0.16 0

1734616420
0.0 0.0 0.16 0

1734616421
0.0 0.0 0.16 0

1734616422
0.0 0.0 0.16 0

1734616423
0.0 0.0 0.16 0

1734616424
0.0 0.0 0.16 0

1734616425
0.0 0.0 0.16 0

1734616426
0.0 0.0 0.16 0

1734616427
0.0 0.0 0.15 0

1734616428
0.0 0.0 0.15 0

1734616429
0.0 0.0 0.15 0

1734616430
0.0 0.0 0.15 12

1734616431
0.0 0.0 0.15 0

1734616432
0.0 0.0 0.15 18

1734616433
0.0 0.0 0.15 0

1734616434
0.0 0.0 0.15 0

1734616435
0.0 0.0 0.15 0

1734616436
0.0 0.0 0.15 0

1734616437
0.0 0.0 0.15 0

1734616438
0.0 0.0 0.15 0

1734616440
0.0 0.0 0.15 0

1734616441
0.0 0.0 0.14 0

1734616442
0.0 0.0 0.14 0

1734616443
0.0 0.0 0.14 0

1734616444
0.0 0.0 0.14 0

1734616445
0.0 0.0 0.14 0

1734616446
0.0 0.0 0.14 0

1734616447
0.0 0.0 0.14 54

1734616448
0.0 0.0 0.14 0

1734616449
0.0 0.0 0.14 0

1734616450
0.0 0.0 0.14 0

1734616451
0.0 0.0 0.14 368

1734616452
0.0 0.0 0.14 0

1734616453
0.0 0.0 0.14 0

1734616454
0.0 0.0 0.14 0

1734616455
0.0 0.0 0.14 0

1734616456
0.0 0.0 0.14 0

1734616457
0.0 0.0 0.13 0

1734616458
0.0 0.0 0.13 0

1734616459
0.0 0.0 0.13 0

1734616460
0.0 0.0 0.13 0

1734616461
0.0 0.0 0.13 0

1734616462
0.0 0.0 0.13 0

1734616463
0.0 0.0 0.13 0

1734616464
0.0 0.0 0.13 0

1734616465
0.0 0.0 0.13 0

1734616466
0.0 0.0 0.13 0

1734616467
0.0 0.0 0.13 0

1734616468
0.0 0.0 0.13 5

1734616469
0.0 0.0 0.13 0

1734616470
0.0 0.0 0.13 0

1734616471
0.0 0.0 0.13 0

1734616472
0.0 0.0 0.13 0

1734616473
0.0 0.0 0.13 0

1734616474
0.0 0.0 0.13 0

1734616475
0.0 0.0 0.13 0

1734616476
0.0 0.0 0.13 0

1734616477
0.0 0.0 0.12 0

1734616478
0.0 0.0 0.12 0

1734616479
0.0 0.0 0.12 0

1734616480
0.0 0.0 0.12 0

1734616481
0.0 0.0 0.12 0

1734616482
0.0 0.0 0.12 0

1734616483
0.0 0.0 0.12 0

1734616484
0.0 0.0 0.12 0

1734616485
0.0 0.0 0.12 0

1734616486
0.0 0.0 0.12 0

1734616487
0.0 0.0 0.12 0

1734616488
0.0 0.0 0.12 0

1734616489
0.0 0.0 0.12 0

1734616490
0.0 0.0 0.12 0

1734616491
0.0 0.0 0.12 0

1734616492
0.0 0.0 0.12 0

1734616493
0.0 0.0 0.12 0

1734616494
0.0 0.0 0.12 0

1734616495
0.0 0.0 0.12 0

1734616496
0.0 0.0 0.12 0

1734616497
0.0 0.0 0.11 0

1734616498
0.0 0.0 0.11 1

1734616499
0.0 0.0 0.11 283

1734616500
0.0 0.0 0.11 0

1734616501
0.0 0.0 0.11 0

1734616502
0.0 0.0 0.11 0

1734616503
0.0 0.0 0.11 0

1734616504
0.0 0.0 0.11 0

1734616505
0.0 0.0 0.11 9

1734616506
0.0 0.0 0.11 0

1734616507
0.0 0.0 0.11 0

1734616508
0.0 0.0 0.11 0

1734616509
0.0 0.0 0.11 0

1734616510
0.0 0.0 0.11 0

1734616511
0.0 0.0 0.11 0

1734616512
0.0 0.0 0.11 0

1734616513
0.0 0.0 0.11 17

1734616514
0.0 0.0 0.11 0

1734616515
0.0 0.0 0.11 3354

1734616516
0.0 0.0 0.11 191

1734616517
0.0 0.0 0.1 16

1734616518
0.0 0.0 0.1 8

1734616519
0.0 0.0 0.1 1915

1734616520
0.0 0.0 0.1 4601

1734616521
0.0 0.0 0.1 3776

1734616522
0.0 0.0 0.1 4400

1734616523
0.0 0.0 0.1 5442

1734616524
0.0 0.0 0.1 6486

1734616525
0.0 0.0 0.1 2802

1734616526
0.0 0.0 0.1 510

1734616527
0.0 0.0 0.1 2493

1734616528
0.0 0.0 0.1 478

1734616530
0.0 0.0 0.1 9048

1734616531
0.0 0.0 0.1 2476

1734616532
0.0 0.0 0.1 12231

1734616533
0.0 0.0 0.1 2433

1734616534
0.0 0.0 0.1 3027

1734616535
0.0 0.0 0.1 5933

1734616536
0.0 0.0 0.1 6119

1734616537
0.0 0.0 0.1 2749

1734616538
0.0 0.0 0.1 745

1734616539
0.0 0.0 0.09 1031

1734616540
0.0 0.0 0.09 1

1734616541
0.0 0.0 0.09 81

1734616542
0.0 0.0 0.09 35

1734616543
0.0 0.0 0.09 1349

1734616544
0.0 0.0 0.09 6022

1734616545
0.0 0.0 0.09 4350

1734616546
0.0 0.0 0.09 1611

1734616547
0.0 0.0 0.09 204

1734616548
0.0 0.0 0.09 3

1734616549
0.0 0.0 0.09 20559

1734616550
0.0 0.0 0.09 6593

1734616551
0.0 0.0 0.09 7505

1734616552
0.0 0.0 0.09 265

1734616554
0.0 0.0 0.09 156

1734616555
0.0 0.0 0.09 1

1734616556
0.0 0.0 0.09 10

1734616557
0.0 0.0 0.09 6

1734616558
0.0 0.0 0.09 3

1734616559
0.0 0.0 0.08 7

1734616560
0.0 0.0 0.08 7

1734616561
0.0 0.0 0.08 351

1734616562
0.0 0.0 0.08 2

1734616563
0.0 0.0 0.08 0

1734616564
0.0 0.0 0.08 17

1734616565
0.0 0.0 0.08 127

1734616566
0.0 0.0 0.08 266

1734616567
0.0 0.0 0.08 3

1734616568
0.0 0.0 0.08 3

1734616569
0.0 0.0 0.08 5

1734616570
0.0 0.0 0.08 6

1734616571
0.0 0.0 0.08 23

1734616572
0.0 0.0 0.08 4

1734616573
0.0 0.0 0.08 13

1734616574
0.0 0.0 0.08 3

1734616575
0.0 0.0 0.08 1

1734616576
0.0 0.0 0.08 2593

1734616577
0.0 0.0 0.08 1573

1734616578
0.0 0.0 0.08 394

1734616579
0.0 0.0 0.07 8

1734616580
0.0 0.0 0.07 41

1734616581
0.0 0.0 0.07 1

1734616582
0.0 0.0 0.07 3800

1734616583
0.0 0.0 0.07 1016

1734616584
0.0 0.0 0.07 5276

1734616585
0.0 0.0 0.07 4308

1734616586
0.0 0.0 0.07 3

1734616587
0.0 0.0 0.07 0

1734616588
0.0 0.0 0.07 5

1734616589
0.0 0.0 0.07 4

1734616590
0.0 0.0 0.07 109

1734616591
0.0 0.0 0.07 9880

1734616592
0.0 0.0 0.07 144

1734616593
0.0 0.0 0.07 0

1734616594
0.0 0.0 0.07 2975

1734616595
0.0 0.0 0.07 3

1734616596
0.0 0.0 0.07 3447

1734616597
0.0 0.0 0.07 894

1734616598
0.0 0.0 0.07 3

1734616599
0.0 0.0 0.07 115

1734616600
0.0 0.0 0.07 7268

1734616601
0.0 0.0 0.06 0

1734616602
0.0 0.0 0.06 3

1734616603
0.0 0.0 0.06 7282

1734616604
0.0 0.0 0.06 8323

1734616605
0.0 0.0 0.06 2

1734616606
0.0 0.0 0.06 0

1734616607
0.0 0.0 0.06 0

1734616608
0.0 0.0 0.06 2107

1734616609
0.0 0.0 0.06 5012

1734616610
0.0 0.0 0.06 3772

1734616611
0.0 0.0 0.06 2

1734616612
0.0 0.0 0.06 107

1734616613
0.0 0.0 0.06 576

1734616614
0.0 0.0 0.06 162

1734616615
0.0 0.0 0.06 1390

1734616616
0.0 0.0 0.06 34613

1734616617
0.36 0.06 0.08 19042

1734616618
0.36 0.06 0.08 661

1734616619
0.29 0.06 0.07 12480

1734616620
0.29 0.06 0.07 18184

1734616621
0.42 0.09 0.08 2397

1734616622
0.42 0.09 0.08 4322

1734616623
0.34 0.09 0.08 7432

1734616624
0.34 0.09 0.08 0

1734616625
0.28 0.08 0.08 0

1734616626
0.28 0.08 0.08 1

1734616627
0.23 0.08 0.08 4399

1734616628
0.23 0.08 0.08 1

1734616629
0.18 0.08 0.08 1874

1734616630
0.18 0.08 0.08 27700

1734616631
0.33 0.11 0.08 2173

1734616632
0.33 0.11 0.08 2

1734616633
0.27 0.1 0.08 425

1734616634
0.27 0.1 0.08 940

1734616635
0.22 0.1 0.08 399

1734616636
0.22 0.1 0.08 3691

1734616637
0.18 0.1 0.08 10159

1734616638
0.18 0.1 0.08 3492

1734616639
0.33 0.12 0.09 21024

1734616640
0.33 0.12 0.09 3145

1734616641
0.27 0.12 0.09 1537

1734616642
0.27 0.12 0.09 273

1734616643
0.22 0.12 0.08 24

1734616644
0.22 0.12 0.08 1

1734616645
0.18 0.11 0.08 0

1734616646
0.18 0.11 0.08 0

1734616647
0.14 0.11 0.08 3633

1734616648
0.14 0.11 0.08 1910

1734616649
0.12 0.1 0.08 1865

1734616650
0.12 0.1 0.08 2210

1734616651
0.09 0.1 0.08 1909

1734616652
0.09 0.1 0.08 1538

1734616653
0.08 0.1 0.08 1

1734616654
0.08 0.1 0.08 983

1734616655
0.08 0.1 0.08 2731

1734616656
0.06 0.09 0.08 0

1734616657
0.05 0.09 0.08 2

1734616658
0.05 0.09 0.08 1

1734616659
0.04 0.09 0.08 1

1734616660
0.04 0.09 0.08 1

1734616661
0.03 0.08 0.08 546

1734616662
0.03 0.08 0.08 787

1734616663
0.02 0.08 0.07 11846

1734616664
0.02 0.08 0.07 2098

1734616665
0.02 0.08 0.07 1

1734616666
0.02 0.08 0.07 774

1734616667
0.02 0.08 0.07 166

1734616668
0.01 0.07 0.07 1052

1734616669
0.01 0.07 0.07 0

1734616670
0.01 0.07 0.07 131

1734616671
0.01 0.07 0.07 534

1734616672
0.01 0.07 0.07 0

1734616673
0.01 0.07 0.07 0

1734616674
0.0 0.07 0.07 4109

1734616675
0.0 0.07 0.07 6727

1734616676
0.0 0.06 0.07 730

1734616677
0.0 0.06 0.07 1

1734616678
0.0 0.06 0.07 912

1734616679
0.0 0.06 0.07 9445

1734616680
0.0 0.06 0.07 6772

1734616681
0.0 0.06 0.07 110

1734616682
0.0 0.06 0.07 0

1734616684
0.0 0.05 0.07 1313

1734616685
0.0 0.05 0.07 0

1734616686
0.0 0.05 0.06 1

1734616687
0.0 0.05 0.06 286

1734616688
0.0 0.05 0.06 0

1734616689
0.0 0.05 0.06 1

1734616690
0.0 0.05 0.06 0

1734616691
0.0 0.05 0.06 1

1734616692
0.0 0.05 0.06 125

1734616693
0.0 0.05 0.06 0

1734616694
0.0 0.04 0.06 0

1734616695
0.0 0.04 0.06 42

1734616696
0.0 0.04 0.06 17

1734616697
0.0 0.04 0.06 1

1734616698
0.0 0.04 0.06 0

1734616699
0.0 0.04 0.06 0

1734616700
0.0 0.04 0.06 16

1734616701
0.0 0.04 0.06 2646

1734616702
0.0 0.04 0.06 5842

1734616703
0.0 0.04 0.06 20108

1734616704
0.0 0.04 0.06 1303

1734616705
0.0 0.03 0.06 611

1734616707
0.0 0.03 0.06 144

1734616708
0.0 0.03 0.06 0

1734616709
0.0 0.03 0.06 813

1734616710
0.0 0.03 0.06 649

1734616711
0.0 0.03 0.06 0

1734616712
0.0 0.03 0.06 237

1734616713
0.0 0.03 0.06 0

1734616714
0.0 0.03 0.06 1

1734616715
0.0 0.03 0.06 1006

1734616716
0.0 0.03 0.06 0

1734616717
0.0 0.02 0.06 1

1734616718
0.0 0.02 0.06 0

1734616719
0.0 0.02 0.06 0

1734616720
0.0 0.02 0.06 0

1734616721
0.0 0.02 0.06 4370

1734616722
0.0 0.02 0.06 5

1734616723
0.0 0.02 0.06 0

1734616724
0.0 0.02 0.06 1

1734616725
0.0 0.02 0.06 2

1734616726
0.0 0.02 0.06 1

1734616727
0.0 0.02 0.06 21

1734616728
0.0 0.02 0.05 0

1734616729
0.0 0.02 0.05 2

1734616730
0.0 0.02 0.05 40

1734616731
0.0 0.02 0.05 28

1734616732
0.0 0.02 0.05 28

1734616733
0.0 0.02 0.05 25

1734616734
0.0 0.02 0.05 77

1734616735
0.0 0.02 0.05 61

1734616736
0.0 0.02 0.05 0

1734616737
0.0 0.02 0.05 0

1734616738
0.0 0.02 0.05 1

1734616739
0.0 0.01 0.05 49

1734616740
0.0 0.01 0.05 129

1734616742
0.0 0.01 0.05 14

1734616743
0.0 0.01 0.05 0

1734616744
0.0 0.01 0.05 2116

1734616746
0.0 0.01 0.05 263

1734616748
0.0 0.01 0.05 1287

1734616749
0.0 0.01 0.05 0

1734616750
0.0 0.01 0.05 0

1734616751
0.0 0.01 0.05 1970

1734616752
0.0 0.01 0.05 0

1734616753
0.0 0.01 0.05 0

1734616754
0.0 0.01 0.05 0

1734616755
0.0 0.01 0.05 1152

1734616756
0.0 0.01 0.05 377

1734616757
0.0 0.01 0.05 0

1734616758
0.0 0.01 0.05 44

1734616760
0.0 0.01 0.05 0

1734616761
0.0 0.01 0.05 0

1734616762
0.0 0.01 0.05 13181

1734616763
0.0 0.01 0.05 327

1734616764
0.0 0.01 0.05 213

1734616765
0.0 0.01 0.05 1060

1734616766
0.0 0.01 0.05 2753

1734616767
0.0 0.0 0.04 1504

1734616768
0.0 0.0 0.04 0

1734616769
0.0 0.0 0.04 2745

1734616770
0.0 0.0 0.04 3930

1734616772
0.18 0.04 0.05 27649

1734616773
0.14 0.04 0.05 17846

1734616774
0.14 0.04 0.05 7967

1734616776
0.3 0.07 0.06 0

1734616777
0.3 0.07 0.06 2947

1734616778
0.61 0.13 0.07 57305

1734616779
0.68 0.16 0.08 15656

1734616780
0.68 0.16 0.08 11452

1734616781
0.73 0.19 0.08 8102

1734616782
0.6 0.18 0.08 1090

1734616784
0.6 0.18 0.08 12651

1734616785
0.49 0.17 0.08 1789

1734616786
0.49 0.17 0.08 25825

1734616787
0.58 0.2 0.09 626

1734616789
0.84 0.26 0.1 214545

1734616790
2.95 0.72 0.2 175346

1734616795
2.95 0.72 0.2 7861

1734616796
1.98 0.68 0.2 4712

1734616799
1.98 0.68 0.2 0

1734616800
1.62 0.65 0.2 9056

1734616801
1.32 0.63 0.2 0

1734616802
1.08 0.61 0.2 3238

1734616804
1.08 0.61 0.2 0

1734616805
1.08 0.61 0.2 2924

1734616806
0.89 0.59 0.19 2026

1734616807
0.72 0.57 0.19 0

1734616808
0.72 0.57 0.19 3279

1734616809
0.59 0.55 0.19 2203

1734616811
0.59 0.55 0.19 107207

1734616812
1.39 0.7 0.22 4856

1734616813
1.14 0.67 0.22 1580

1734616814
1.14 0.67 0.22 2503

1734616815
1.14 0.67 0.22 106

1734616816
0.93 0.65 0.22 1583

1734616817
0.93 0.65 0.22 727

1734616818
0.76 0.63 0.22 19184

1734616819
0.62 0.61 0.22 0

1734616820
0.51 0.59 0.21 0

1734616822
0.51 0.59 0.21 0

1734616823
0.51 0.59 0.21 1302

1734616824
0.41 0.57 0.21 22

1734616825
0.41 0.57 0.21 10447

1734616826
0.34 0.55 0.21 685

1734616827
0.28 0.53 0.21 291

1734616828
0.28 0.53 0.21 0

1734616830
0.22 0.51 0.21 599

1734616831
0.22 0.51 0.21 1003

1734616832
0.18 0.5 0.21 0

1734616833
0.18 0.5 0.21 0

1734616834
0.15 0.48 0.2 361

1734616835
0.15 0.48 0.2 629

1734616836
0.12 0.46 0.2 1756

1734616837
0.12 0.46 0.2 1

1734616839
0.1 0.45 0.2 135

1734616841
0.08 0.43 0.2 985

1734616842
0.06 0.42 0.2 154

1734616843
0.05 0.4 0.2 26

1734616844
0.05 0.4 0.2 334

1734616845
0.04 0.39 0.2 6366

1734616847
0.03 0.38 0.19 209

1734616848
0.03 0.36 0.19 16212

1734616850
0.03 0.36 0.19 219

1734616851
0.03 0.36 0.19 0

1734616852
0.02 0.35 0.19 4956

1734616853
0.02 0.35 0.19 7599

1734616854
0.01 0.34 0.19 1997

1734616855
0.01 0.34 0.19 813

1734616856
0.01 0.33 0.19 72

1734616857
0.01 0.33 0.19 5751

1734616858
0.01 0.32 0.19 1101

1734616859
0.01 0.32 0.19 6

1734616860
0.01 0.31 0.18 36

1734616861
0.01 0.31 0.18 4

1734616862
0.0 0.3 0.18 2412

1734616863
0.0 0.3 0.18 20

1734616864
0.0 0.29 0.18 315

1734616865
0.0 0.29 0.18 779

1734616866
0.0 0.28 0.18 47305

1734616867
0.36 0.33 0.19 444296

1734616869
0.36 0.33 0.19 899

1734616870
4.28 1.04 0.34 1211

1734616871
3.69 1.04 0.35 29032

1734616872
2.77 1.04 0.36 42236

1734616877
2.77 1.04 0.36 0

1734616878
2.26 1.0 0.35 3145

1734616879
2.26 1.0 0.35 1042

1734616880
1.85 0.97 0.35 16

1734616881
1.85 0.97 0.35 74

1734616882
1.52 0.94 0.35 23

1734616883
1.52 0.94 0.35 22

1734616884
1.24 0.91 0.35 75

1734616885
1.24 0.91 0.35 5431

1734616886
1.01 0.88 0.34 7346

1734616887
1.01 0.88 0.34 3769

1734616888
0.83 0.85 0.34 3923

1734616889
0.83 0.85 0.34 3

1734616890
0.68 0.82 0.34 463

1734616891
0.68 0.82 0.34 6332

1734616892
0.55 0.79 0.34 87

1734616893
0.55 0.79 0.34 495

1734616894
0.37 0.74 0.33 147

1734616896
0.37 0.74 0.33 0

1734616897
0.37 0.74 0.33 97

1734616898
0.3 0.71 0.33 1214

1734616899
0.3 0.71 0.33 6

1734616900
0.25 0.69 0.33 9

1734616901
0.2 0.67 0.32 3309

1734616903
0.2 0.67 0.32 2444

1734616904
0.16 0.65 0.32 312

1734616905
0.13 0.62 0.32 556

1734616906
0.11 0.6 0.32 3747

1734616908
0.11 0.6 0.32 1

1734616909
0.09 0.58 0.31 1712

1734616911
0.07 0.56 0.31 218

1734616912
0.07 0.56 0.31 0

1734616913
0.07 0.56 0.31 0

1734616914
0.06 0.54 0.31 292

1734616915
0.06 0.54 0.31 0

1734616916
0.04 0.53 0.31 0

1734616917
0.04 0.51 0.3 0

1734616920
0.03 0.49 0.3 3683

1734616921
0.03 0.49 0.3 0

1734616922
0.02 0.47 0.3 0

1734616923
0.02 0.47 0.3 0

1734616924
0.02 0.46 0.3 174

1734616925
0.02 0.46 0.3 0

1734616926
0.01 0.44 0.29 0

1734616927
0.01 0.44 0.29 0

1734616928
0.01 0.43 0.29 2

1734616929
0.01 0.43 0.29 0

1734616930
0.01 0.41 0.29 10

1734616931
0.01 0.41 0.29 0

1734616933
0.0 0.4 0.29 0

1734616934
0.0 0.39 0.28 1

1734616935
0.0 0.37 0.28 0

1734616936
0.0 0.37 0.28 0

1734616937
0.0 0.37 0.28 0

1734616938
0.0 0.36 0.28 0

1734616939
0.0 0.36 0.28 0

1734616940
0.0 0.35 0.28 0

1734616941
0.0 0.35 0.28 0

1734616942
0.0 0.34 0.28 0

1734616943
0.0 0.34 0.28 0

1734616944
0.0 0.32 0.27 273

1734616945
0.0 0.31 0.27 0

1734616948
0.0 0.3 0.27 0

1734616949
0.0 0.3 0.27 0

1734616950
0.0 0.29 0.27 0

1734616951
0.0 0.29 0.27 0

1734616952
0.0 0.28 0.27 0

1734616953
0.0 0.28 0.27 0

1734616954
0.0 0.27 0.26 0

1734616955
0.0 0.27 0.26 0

1734616956
0.0 0.26 0.26 0

1734616957
0.0 0.26 0.26 0

1734616958
0.0 0.25 0.26 0

1734616959
0.0 0.25 0.26 0

1734616960
0.0 0.25 0.26 0

1734616961
0.0 0.23 0.25 0

1734616964
0.0 0.23 0.25 0

1734616965
0.0 0.23 0.25 0

1734616966
0.0 0.22 0.25 0

1734616967
0.0 0.22 0.25 0

1734616968
0.0 0.21 0.25 0

1734616969
0.0 0.21 0.25 0

1734616970
0.0 0.21 0.25 0

1734616971
0.0 0.21 0.25 0

1734616972
0.0 0.2 0.25 0

1734616973
0.0 0.2 0.25 0

1734616974
0.0 0.19 0.24 0

1734616975
0.0 0.19 0.24 0

1734616976
0.0 0.19 0.24 0

1734616977
0.0 0.19 0.24 0

1734616978
0.0 0.18 0.24 0

1734616979
0.0 0.18 0.24 0

1734616980
0.0 0.17 0.24 0

1734616981
0.0 0.17 0.24 0

1734616982
0.0 0.17 0.24 0

1734616983
0.0 0.17 0.24 0

1734616984
0.0 0.16 0.23 0

1734616985
0.0 0.16 0.23 0

1734616986
0.0 0.16 0.23 0

1734616987
0.0 0.16 0.23 0

1734616988
0.0 0.15 0.23 0

1734616989
0.0 0.15 0.23 0

1734616990
0.0 0.14 0.23 0

1734616991
0.0 0.14 0.23 0

1734616992
0.0 0.14 0.23 0

1734616993
0.0 0.14 0.23 1

1734616994
0.0 0.13 0.22 0

1734616995
0.0 0.13 0.22 1849

1734616996
0.0 0.13 0.22 0

1734616997
0.0 0.13 0.22 0

1734616998
0.0 0.12 0.22 0

1734616999
0.0 0.12 0.22 0

1734617000
0.0 0.12 0.22 0

1734617001
0.0 0.12 0.22 0

1734617002
0.0 0.12 0.22 0

1734617003
0.0 0.12 0.22 31

1734617004
0.0 0.11 0.22 0

1734617005
0.0 0.11 0.22 0

1734617006
0.0 0.11 0.21 0

1734617007
0.0 0.1 0.21 0

1734617009
0.0 0.1 0.21 0

1734617010
0.0 0.1 0.21 0

1734617011
0.0 0.1 0.21 0

1734617012
0.0 0.1 0.21 0

1734617013
0.0 0.1 0.21 0

1734617014
0.0 0.09 0.21 0

1734617015
0.0 0.09 0.21 0

1734617016
0.0 0.09 0.2 0

1734617017
0.0 0.09 0.2 0

1734617018
0.0 0.09 0.2 0

1734617019
0.0 0.09 0.2 0

1734617020
0.0 0.08 0.2 0

1734617021
0.0 0.08 0.2 0

1734617022
0.0 0.08 0.2 0

1734617023
0.0 0.08 0.2 0

1734617024
0.0 0.08 0.2 0

1734617025
0.0 0.08 0.2 0

1734617026
0.0 0.07 0.2 0

1734617027
0.0 0.07 0.2 0

1734617028
0.0 0.07 0.2 0

1734617029
0.0 0.07 0.2 0

1734617030
0.0 0.07 0.19 0

1734617031
0.0 0.07 0.19 0

1734617032
0.0 0.07 0.19 0

1734617033
0.0 0.07 0.19 0

1734617034
0.0 0.06 0.19 0

1734617036
0.0 0.06 0.19 0

1734617037
0.0 0.06 0.19 0

1734617038
0.0 0.06 0.19 0

1734617039
0.0 0.06 0.19 0

1734617040
0.0 0.06 0.19 0

1734617041
0.0 0.06 0.19 0

1734617042
0.0 0.05 0.19 0

1734617043
0.0 0.05 0.19 0

1734617044
0.0 0.05 0.18 0

1734617045
0.0 0.05 0.18 73

1734617046
0.0 0.05 0.18 0

1734617047
0.0 0.05 0.18 0

1734617048
0.0 0.05 0.18 0

1734617049
0.0 0.05 0.18 0

1734617050
0.0 0.05 0.18 0

1734617051
0.0 0.05 0.18 0

1734617052
0.0 0.04 0.18 0

1734617053
0.0 0.04 0.18 9

1734617054
0.0 0.04 0.18 0

1734617055
0.0 0.04 0.18 0

1734617056
0.0 0.04 0.18 0

1734617057
0.0 0.04 0.18 0

1734617058
0.0 0.04 0.17 0

1734617059
0.0 0.04 0.17 0

1734617060
0.0 0.04 0.17 0

1734617061
0.0 0.04 0.17 0

1734617062
0.0 0.04 0.17 0

1734617063
0.0 0.04 0.17 0

1734617064
0.0 0.03 0.17 0

1734617065
0.0 0.03 0.17 0

1734617066
0.0 0.03 0.17 0

1734617067
0.0 0.03 0.17 0

1734617068
0.0 0.03 0.17 0

1734617069
0.0 0.03 0.17 0

1734617070
0.0 0.03 0.16 0

1734617071
0.0 0.03 0.16 0

1734617072
0.0 0.03 0.16 0

1734617073
0.0 0.03 0.16 0

1734617074
0.0 0.03 0.16 0

1734617075
0.0 0.03 0.16 0

1734617076
0.0 0.02 0.16 0

1734617077
0.0 0.02 0.16 20

1734617078
0.0 0.02 0.16 0

1734617079
0.0 0.02 0.16 0

1734617080
0.0 0.02 0.16 0

1734617081
0.0 0.02 0.16 0

1734617082
0.0 0.02 0.16 0

1734617083
0.0 0.02 0.16 0

1734617084
0.0 0.02 0.15 0

1734617085
0.0 0.02 0.15 0

1734617086
0.0 0.02 0.15 0

1734617087
0.0 0.02 0.15 0

1734617088
0.0 0.02 0.15 0

1734617089
0.0 0.02 0.15 0

1734617090
0.0 0.02 0.15 0

1734617091
0.0 0.02 0.15 0

1734617092
0.0 0.02 0.15 0

1734617093
0.0 0.02 0.15 0

1734617094
0.0 0.02 0.15 0

1734617095
0.0 0.02 0.15 0

1734617096
0.0 0.02 0.15 0

1734617097
0.0 0.02 0.15 0

1734617098
0.0 0.01 0.14 0

1734617099
0.0 0.01 0.14 0

1734617100
0.0 0.01 0.14 0

1734617101
0.0 0.01 0.14 0

1734617102
0.0 0.01 0.14 0

1734617103
0.0 0.01 0.14 0

1734617104
0.0 0.01 0.14 0

1734617105
0.0 0.01 0.14 0

1734617106
0.0 0.01 0.14 0

1734617107
0.0 0.01 0.14 0

1734617108
0.0 0.01 0.14 0

1734617109
0.0 0.01 0.14 0

1734617110
0.0 0.01 0.14 0

1734617111
0.0 0.01 0.14 0

1734617112
0.0 0.01 0.14 0

1734617113
0.0 0.01 0.14 413

1734617114
0.0 0.01 0.13 0

1734617115
0.0 0.01 0.13 0

1734617116
0.0 0.01 0.13 0

1734617117
0.0 0.01 0.13 0

1734617118
0.0 0.01 0.13 0

1734617119
0.0 0.01 0.13 0

1734617120
0.0 0.01 0.13 0

1734617121
0.0 0.01 0.13 0

1734617122
0.0 0.01 0.13 0

1734617123
0.0 0.01 0.13 0

1734617124
0.0 0.01 0.13 0

1734617125
0.0 0.01 0.13 3

1734617126
0.0 0.0 0.13 0

1734617127
0.0 0.0 0.13 0

1734617128
0.0 0.0 0.13 0

1734617129
0.0 0.0 0.13 0

1734617130
0.0 0.0 0.13 0

1734617131
0.0 0.0 0.13 0

1734617132
0.0 0.0 0.13 0

1734617133
0.0 0.0 0.13 0

1734617134
0.0 0.0 0.12 0

1734617135
0.0 0.0 0.12 0

1734617136
0.0 0.0 0.12 0

1734617137
0.0 0.0 0.12 0

1734617140
0.0 0.0 0.12 40

1734617141
0.0 0.0 0.12 0

1734617142
0.0 0.0 0.12 0

1734617143
0.0 0.0 0.12 0

1734617144
0.0 0.0 0.12 0

1734617145
0.0 0.0 0.12 0

1734617146
0.0 0.0 0.12 0

1734617147
0.0 0.0 0.12 0

1734617148
0.0 0.0 0.12 0

1734617149
0.0 0.0 0.12 0

1734617150
0.0 0.0 0.12 0

1734617151
0.0 0.0 0.12 0

1734617152
0.0 0.0 0.12 0

1734617153
0.0 0.0 0.12 0

1734617154
0.0 0.0 0.12 0

1734617155
0.0 0.0 0.11 0

1734617156
0.0 0.0 0.11 0

1734617157
0.0 0.0 0.11 0

1734617158
0.0 0.0 0.11 0

1734617159
0.0 0.0 0.11 0

1734617160
0.0 0.0 0.11 0

1734617161
0.0 0.0 0.11 0

1734617162
0.0 0.0 0.11 0

1734617163
0.0 0.0 0.11 0

1734617164
0.0 0.0 0.11 0

1734617165
0.0 0.0 0.11 0

1734617166
0.0 0.0 0.11 0

1734617167
0.0 0.0 0.11 0

1734617168
0.0 0.0 0.11 0

1734617169
0.0 0.0 0.11 0

1734617170
0.0 0.0 0.11 0

1734617171
0.0 0.0 0.11 0

1734617172
0.0 0.0 0.11 0

1734617173
0.0 0.0 0.11 0

1734617174
0.0 0.0 0.11 0

1734617175
0.0 0.0 0.1 0

1734617176
0.0 0.0 0.1 0

1734617177
0.0 0.0 0.1 0

1734617178
0.0 0.0 0.1 0

1734617179
0.0 0.0 0.1 0

1734617180
0.0 0.0 0.1 0

1734617181
0.0 0.0 0.1 0

1734617182
0.0 0.0 0.1 0

1734617183
0.0 0.0 0.1 0

1734617184
0.0 0.0 0.1 0

1734617185
0.0 0.0 0.1 0

1734617186
0.0 0.0 0.1 0

1734617187
0.0 0.0 0.1 0

1734617188
0.0 0.0 0.1 0

1734617189
0.0 0.0 0.1 0

1734617190
0.0 0.0 0.1 0

1734617191
0.0 0.0 0.1 0

1734617192
0.0 0.0 0.1 0

1734617193
0.0 0.0 0.1 0

1734617194
0.0 0.0 0.1 0

1734617195
0.0 0.0 0.1 0

1734617196
0.0 0.0 0.1 0

1734617197
0.0 0.0 0.09 0

1734617198
0.0 0.0 0.09 0

1734617199
0.0 0.0 0.09 0

1734617200
0.0 0.0 0.09 0

1734617201
0.0 0.0 0.09 0

1734617202
0.0 0.0 0.09 0

1734617203
0.0 0.0 0.09 0

1734617204
0.0 0.0 0.09 0

1734617205
0.0 0.0 0.09 0

1734617206
0.0 0.0 0.09 0

1734617207
0.0 0.0 0.09 0

1734617208
0.0 0.0 0.09 0

1734617209
0.0 0.0 0.09 0

1734617210
0.0 0.0 0.09 0

1734617211
0.0 0.0 0.09 0

1734617212
0.0 0.0 0.09 0

1734617213
0.0 0.0 0.09 0

1734617214
0.0 0.0 0.09 0

1734617215
0.0 0.0 0.09 0

1734617216
0.0 0.0 0.09 0

1734617217
0.0 0.0 0.08 0

1734617218
0.0 0.0 0.08 0

1734617219
0.0 0.0 0.08 0

1734617220
0.0 0.0 0.08 0

1734617221
0.0 0.0 0.08 0

1734617222
0.0 0.0 0.08 0

1734617223
0.0 0.0 0.08 0

1734617224
0.0 0.0 0.08 0

1734617225
0.0 0.0 0.08 0

1734617226
0.0 0.0 0.08 0

1734617227
0.0 0.0 0.08 0

1734617228
0.0 0.0 0.08 0

1734617229
0.0 0.0 0.08 3

1734617230
0.0 0.0 0.08 0

1734617231
0.0 0.0 0.08 525

1734617232
0.0 0.0 0.08 0

1734617233
0.0 0.0 0.08 0

1734617234
0.0 0.0 0.08 0

1734617235
0.0 0.0 0.08 0

1734617236
0.0 0.0 0.08 0

1734617237
0.0 0.0 0.07 0

1734617238
0.0 0.0 0.07 0

1734617239
0.0 0.0 0.07 0

1734617240
0.0 0.0 0.07 0

1734617241
0.0 0.0 0.07 0

1734617242
0.0 0.0 0.07 0

1734617243
0.0 0.0 0.07 76

1734617244
0.0 0.0 0.07 0

1734617245
0.0 0.0 0.07 0

1734617246
0.0 0.0 0.07 0

1734617247
0.0 0.0 0.07 0

1734617248
0.0 0.0 0.07 0

1734617249
0.0 0.0 0.07 0

1734617250
0.0 0.0 0.07 0

1734617251
0.0 0.0 0.07 0

1734617252
0.0 0.0 0.07 0

1734617253
0.0 0.0 0.07 0

1734617254
0.0 0.0 0.07 0

1734617255
0.0 0.0 0.07 0

1734617256
0.0 0.0 0.07 0

1734617257
0.0 0.0 0.07 0

1734617258
0.0 0.0 0.07 0

1734617259
0.0 0.0 0.06 0

1734617260
0.0 0.0 0.06 0

1734617261
0.0 0.0 0.06 0

1734617262
0.0 0.0 0.06 0

1734617263
0.0 0.0 0.06 0

1734617264
0.0 0.0 0.06 0

1734617265
0.0 0.0 0.06 0

1734617266
0.0 0.0 0.06 0

1734617267
0.0 0.0 0.06 0

1734617268
0.0 0.0 0.06 0

1734617269
0.0 0.0 0.06 0

1734617270
0.0 0.0 0.06 0

1734617271
0.0 0.0 0.06 0

1734617272
0.0 0.0 0.06 0

1734617273
0.0 0.0 0.06 0

1734617274
0.0 0.0 0.06 0

1734617275
0.0 0.0 0.06 0

1734617276
0.0 0.0 0.06 6

1734617277
0.0 0.0 0.06 0

1734617278
0.0 0.0 0.06 0

1734617279
0.0 0.0 0.06 0

1734617280
0.0 0.0 0.06 0

1734617281
0.0 0.0 0.06 0

1734617282
0.0 0.0 0.06 0

1734617283
0.0 0.0 0.06 0

1734617284
0.0 0.0 0.06 0

1734617285
0.0 0.0 0.06 0

1734617286
0.0 0.0 0.06 0

1734617287
0.0 0.0 0.06 0

1734617288
0.0 0.0 0.06 0

1734617289
0.0 0.0 0.06 0

1734617290
0.0 0.0 0.06 0

1734617291
0.0 0.0 0.06 0

1734617292
0.0 0.0 0.06 0

1734617293
0.0 0.0 0.06 1152

1734617294
0.0 0.0 0.06 0

1734617295
0.0 0.0 0.06 0

1734617296
0.0 0.0 0.06 0

1734617297
0.0 0.0 0.06 0

1734617298
0.0 0.0 0.06 0

1734617299
0.0 0.0 0.06 0

1734617300
0.0 0.0 0.06 0

1734617301
0.0 0.0 0.05 0

1734617302
0.0 0.0 0.05 0

1734617303
0.0 0.0 0.05 0

1734617304
0.0 0.0 0.05 0

1734617305
0.0 0.0 0.05 0

1734617306
0.0 0.0 0.05 0

1734617307
0.0 0.0 0.05 0

1734617308
0.0 0.0 0.05 0

1734617309
0.0 0.0 0.05 0

1734617310
0.0 0.0 0.05 0

1734617311
0.0 0.0 0.05 0

1734617312
0.0 0.0 0.05 0

1734617313
0.0 0.0 0.05 145

1734617314
0.0 0.0 0.05 0

1734617315
0.0 0.0 0.05 0

1734617316
0.0 0.0 0.05 0

1734617317
0.0 0.0 0.05 0

1734617318
0.0 0.0 0.05 0

1734617319
0.0 0.0 0.05 0

1734617320
0.0 0.0 0.05 0

1734617321
0.0 0.0 0.05 0

1734617322
0.0 0.0 0.05 0

1734617323
0.0 0.0 0.05 0

1734617324
0.0 0.0 0.05 0

1734617325
0.0 0.0 0.05 0

1734617326
0.0 0.0 0.05 0

1734617327
0.0 0.0 0.05 0

1734617328
0.0 0.0 0.05 0

1734617329
0.0 0.0 0.05 0

1734617330
0.0 0.0 0.05 0

1734617331
0.0 0.0 0.05 0

1734617332
0.0 0.0 0.05 0

1734617333
0.0 0.0 0.05 0

1734617334
0.0 0.0 0.05 0

1734617335
0.0 0.0 0.05 0

1734617336
0.0 0.0 0.05 0

1734617337
0.0 0.0 0.05 0

1734617338
0.0 0.0 0.05 0

1734617339
0.0 0.0 0.05 0

1734617340
0.0 0.0 0.05 0

1734617341
0.0 0.0 0.04 0

1734617342
0.0 0.0 0.04 0

1734617343
0.0 0.0 0.04 0

1734617344
0.0 0.0 0.04 0

1734617345
0.0 0.0 0.04 0

1734617346
0.0 0.0 0.04 0

1734617347
0.0 0.0 0.04 0

1734617348
0.0 0.0 0.04 0

1734617349
0.0 0.0 0.04 0

1734617350
0.0 0.0 0.04 0

1734617351
0.0 0.0 0.04 0

1734617352
0.0 0.0 0.04 0

1734617353
0.0 0.0 0.04 0

1734617354
0.0 0.0 0.04 0

1734617355
0.0 0.0 0.04 0

1734617356
0.0 0.0 0.04 0

1734617357
0.0 0.0 0.04 0

1734617358
0.0 0.0 0.04 0

1734617359
0.0 0.0 0.04 0

1734617360
0.0 0.0 0.04 0

1734617361
0.0 0.0 0.04 0

1734617362
0.0 0.0 0.04 0

1734617363
0.0 0.0 0.04 0

1734617364
0.0 0.0 0.04 0

1734617365
0.0 0.0 0.04 0

1734617366
0.0 0.0 0.04 0

1734617367
0.0 0.0 0.04 0

1734617368
0.0 0.0 0.04 0

1734617369
0.0 0.0 0.04 0

1734617370
0.0 0.0 0.04 0

1734617371
0.0 0.0 0.04 0

1734617372
0.0 0.0 0.04 0

1734617373
0.0 0.0 0.04 0

1734617374
0.0 0.0 0.04 0

1734617375
0.0 0.0 0.04 0

1734617376
0.0 0.0 0.04 0

1734617377
0.0 0.0 0.04 0

1734617378
0.0 0.0 0.04 0

1734617379
0.0 0.0 0.04 0

1734617380
0.0 0.0 0.04 0

1734617381
0.0 0.0 0.04 0

1734617382
0.0 0.0 0.04 0

1734617383
0.0 0.0 0.03 0

1734617384
0.0 0.0 0.03 30

1734617385
0.0 0.0 0.03 0

1734617386
0.0 0.0 0.03 0

1734617387
0.0 0.0 0.03 0

1734617388
0.0 0.0 0.03 0

1734617389
0.0 0.0 0.03 0

1734617390
0.0 0.0 0.03 0

1734617391
0.0 0.0 0.03 0

1734617392
0.0 0.0 0.03 0

1734617393
0.0 0.0 0.03 0

1734617394
0.0 0.0 0.03 0

1734617395
0.0 0.0 0.03 0

1734617396
0.0 0.0 0.03 0

1734617397
0.0 0.0 0.03 0

1734617398
0.0 0.0 0.03 0

1734617399
0.0 0.0 0.03 0

1734617400
0.0 0.0 0.03 0

1734617401
0.0 0.0 0.03 0

1734617402
0.0 0.0 0.03 0

1734617403
0.0 0.0 0.03 0

1734617404
0.0 0.0 0.03 0

1734617405
0.0 0.0 0.03 0

1734617406
0.0 0.0 0.03 0

1734617407
0.0 0.0 0.03 0

1734617408
0.0 0.0 0.03 0

1734617409
0.0 0.0 0.03 0

1734617410
0.0 0.0 0.03 0

1734617411
0.0 0.0 0.03 0

1734617412
0.0 0.0 0.03 0

1734617413
0.0 0.0 0.03 0

1734617414
0.0 0.0 0.03 0

1734617415
0.0 0.0 0.03 0

1734617416
0.0 0.0 0.03 0

1734617417
0.0 0.0 0.03 0

1734617418
0.0 0.0 0.03 0

1734617419
0.0 0.0 0.03 0

1734617420
0.0 0.0 0.03 0

1734617421
0.0 0.0 0.03 0

1734617422
0.0 0.0 0.03 0

1734617423
0.0 0.0 0.02 0

1734617424
0.0 0.0 0.02 0

1734617425
0.0 0.0 0.02 0

1734617426
0.0 0.0 0.02 0

1734617427
0.0 0.0 0.02 0

1734617428
0.0 0.0 0.02 0

1734617429
0.0 0.0 0.02 0

1734617430
0.0 0.0 0.02 0

1734617431
0.0 0.0 0.02 0

1734617432
0.0 0.0 0.02 0

1734617433
0.0 0.0 0.02 0

1734617434
0.0 0.0 0.02 0

1734617435
0.0 0.0 0.02 0

1734617436
0.0 0.0 0.02 0

1734617437
0.0 0.0 0.02 0

1734617438
0.0 0.0 0.02 0

1734617439
0.0 0.0 0.02 0

1734617440
0.0 0.0 0.02 0

1734617441
0.0 0.0 0.02 0

1734617442
0.0 0.0 0.02 0

1734617443
0.0 0.0 0.02 0

1734617444
0.0 0.0 0.02 0

1734617445
0.0 0.0 0.02 0

1734617446
0.0 0.0 0.02 0

1734617447
0.0 0.0 0.02 0

1734617448
0.0 0.0 0.02 0

1734617449
0.0 0.0 0.02 0

1734617450
0.0 0.0 0.02 0

1734617451
0.0 0.0 0.02 0

1734617452
0.0 0.0 0.02 0

1734617453
0.0 0.0 0.02 0

1734617454
0.0 0.0 0.02 0

1734617455
0.0 0.0 0.02 0

1734617456
0.0 0.0 0.02 0

1734617457
0.0 0.0 0.02 22

1734617458
0.0 0.0 0.02 0

1734617459
0.0 0.0 0.02 0

1734617460
0.0 0.0 0.02 0

1734617461
0.0 0.0 0.02 0

1734617462
0.0 0.0 0.02 0

1734617463
0.0 0.0 0.02 0

1734617464
0.0 0.0 0.02 0

1734617465
0.0 0.0 0.01 0

1734617466
0.0 0.0 0.01 0

1734617467
0.0 0.0 0.01 0

1734617468
0.0 0.0 0.01 0

1734617469
0.0 0.0 0.01 0

1734617470
0.0 0.0 0.01 0

1734617471
0.0 0.0 0.01 1

1734617472
0.0 0.0 0.01 0

1734617473
0.0 0.0 0.01 0

1734617474
0.0 0.0 0.01 0

1734617475
0.0 0.0 0.01 0

1734617476
0.0 0.0 0.01 0

1734617477
0.0 0.0 0.01 0

1734617478
0.0 0.0 0.01 0

1734617479
0.0 0.0 0.01 0

1734617480
0.0 0.0 0.01 0

1734617481
0.0 0.0 0.01 0

1734617482
0.0 0.0 0.01 0

1734617483
0.0 0.0 0.01 0

1734617484
0.0 0.0 0.01 0

1734617485
0.0 0.0 0.01 0

1734617486
0.0 0.0 0.01 0

1734617487
0.0 0.0 0.01 0

1734617488
0.0 0.0 0.01 0

1734617489
0.0 0.0 0.01 0

1734617490
0.0 0.0 0.01 0

1734617491
0.0 0.0 0.01 0

1734617492
0.0 0.0 0.01 0

1734617493
0.0 0.0 0.01 0

1734617494
0.0 0.0 0.01 0

1734617495
0.0 0.0 0.01 0

1734617496
0.0 0.0 0.01 0

1734617497
0.0 0.0 0.01 0

1734617498
0.0 0.0 0.01 0

1734617499
0.0 0.0 0.01 0

1734617500
0.0 0.0 0.01 0

1734617501
0.0 0.0 0.01 0

1734617502
0.0 0.0 0.01 0

1734617503
0.0 0.0 0.01 0

1734617504
0.0 0.0 0.01 0

1734617505
0.0 0.0 0.0 0

1734617506
0.0 0.0 0.0 0

1734617507
0.0 0.0 0.0 0

1734617508
0.0 0.0 0.0 0

1734617509
0.0 0.0 0.0 0

1734617510
0.0 0.0 0.0 0

1734617511
0.0 0.0 0.0 0

1734617512
0.0 0.0 0.0 0

1734617513
0.0 0.0 0.0 0

1734617514
0.0 0.0 0.0 0

1734617515
0.0 0.0 0.0 0

1734617516
0.0 0.0 0.0 0

1734617517
0.0 0.0 0.0 0

1734617518
0.0 0.0 0.0 0

1734617519
0.0 0.0 0.0 0

1734617520
0.0 0.0 0.0 0

1734617521
0.0 0.0 0.0 0

1734617522
0.0 0.0 0.0 0

1734617523
0.0 0.0 0.0 9

1734617524
0.0 0.0 0.0 0

1734617525
0.0 0.0 0.0 0

1734617526
0.0 0.0 0.0 40

1734617527
0.0 0.0 0.0 55

