1735225910
0.11 0.11 7.45 108691

1735225911
1.0 0.27 7.43 3959

1735225912
1.0 0.27 7.43 11833

1735225913
0.81 0.26 7.38 26691

1735225914
0.81 0.26 7.38 49624

1735225915
1.39 0.39 7.36 62207

1735225916
1.39 0.39 7.36 4555

1735225917
1.68 0.47 7.33 26936

1735225918
1.68 0.47 7.33 6729

1735225919
1.38 0.46 7.28 4443

1735225920
1.38 0.46 7.28 7585

1735225921
1.13 0.44 7.23 16080

1735225922
1.13 0.44 7.23 80644

1735225923
1.83 0.59 7.21 36053

1735225924
1.83 0.59 7.21 39564

1735225925
2.04 0.67 7.18 27789

1735225926
2.04 0.67 7.18 32705

1735225927
2.21 0.75 7.15 26576

1735225928
2.21 0.75 7.15 14687

1735225929
1.99 0.75 7.11 11222

1735225930
1.99 0.75 7.11 15329

1735225931
1.81 0.76 7.07 118679

1735225932
1.81 0.76 7.07 54008

1735225933
2.93 1.0 7.08 7719

1735225934
2.93 1.0 7.08 2953

1735225935
2.4 0.97 7.03 4173

1735225936
2.4 0.97 7.03 2568

1735225937
1.96 0.93 6.98 3636

1735225938
1.96 0.93 6.98 5634

1735225939
1.61 0.9 6.93 4079

1735225940
1.61 0.9 6.93 2744

1735225941
1.31 0.87 6.88 4584

1735225942
1.31 0.87 6.88 13442

1735225943
1.08 0.84 6.84 11375

1735225944
1.08 0.84 6.84 5362

1735225945
0.88 0.82 6.79 8907

1735225946
0.88 0.82 6.79 5481

1735225947
0.72 0.79 6.74 7081

1735225949
0.59 0.76 6.7 13318

1735225950
0.59 0.76 6.7 3470

1735225951
0.48 0.74 6.65 5465

1735225952
0.48 0.74 6.65 3245

1735225953
0.39 0.71 6.6 113895

1735225954
0.39 0.71 6.6 187904

1735225955
3.4 1.25 6.68 113523

1735225956
3.4 1.25 6.68 173588

1735225957
5.32 1.66 6.73 139539

1735225958
5.32 1.66 6.73 151208

1735225959
6.71 2.03 6.77 149047

1735225960
6.71 2.03 6.77 94739

1735225961
7.49 2.33 6.8 128854

1735225962
7.49 2.33 6.8 100736

1735225963
8.3 2.64 6.83 146281

1735225964
8.3 2.64 6.83 169047

1735225965
9.52 3.05 6.89 155892

1735225966
9.52 3.05 6.89 174895

1735225967
10.87 3.5 6.96 179472

1735225968
10.87 3.5 6.96 37101

1735225969
9.99 3.59 6.95 2154

1735225970
9.99 3.59 6.95 1298

1735225971
8.18 3.47 6.9 1406

1735225972
8.18 3.47 6.9 2194

1735225973
6.69 3.35 6.86 16879

1735225974
6.69 3.35 6.86 111708

1735225975
7.29 3.57 6.88 192853

1735225976
7.29 3.57 6.88 170495

1735225977
9.23 4.04 6.95 234820

1735225978
9.23 4.04 6.95 245121

1735225979
11.0 4.53 7.04 27508

1735225980
11.0 4.53 7.04 6059

1735225981
9.19 4.42 7.0 7349

1735225982
9.19 4.42 7.0 7507

1735225983
7.52 4.27 6.95 6252

1735225984
7.52 4.27 6.95 4684

1735225985
6.16 4.13 6.9 5171

1735225986
6.16 4.13 6.9 6394

1735225987
5.4 4.06 6.87 154031

1735225988
5.4 4.06 6.87 292725

1735225989
9.13 4.78 7.0 238746

1735225990
9.13 4.78 7.0 189542

1735225991
10.2 5.11 7.05 21135

1735225992
10.2 5.11 7.05 3842

1735225993
8.35 4.95 7.0 5354

1735225994
8.35 4.95 7.0 1368

1735225995
6.83 4.78 6.95 1631

1735225996
6.83 4.78 6.95 1394

1735225997
5.6 4.63 6.91 937

1735225998
5.6 4.63 6.91 11288

1735225999
4.58 4.48 6.86 9392

1735226000
4.58 4.48 6.86 7877

1735226001
4.66 4.49 6.85 285689

1735226002
4.66 4.49 6.85 385532

1735226003
8.88 5.26 6.99 10357

1735226004
8.88 5.26 6.99 1428

1735226005
7.27 5.09 6.94 33171

1735226006
7.27 5.09 6.94 61541

1735226007
6.68 5.05 6.92 4887

1735226008
6.68 5.05 6.92 9689

1735226009
5.47 4.89 6.88 4530

1735226010
5.47 4.89 6.88 2360

1735226011
4.48 4.73 6.83 3532

1735226012
4.48 4.73 6.83 20948

1735226013
3.85 4.61 6.79 14179

1735226014
3.85 4.61 6.79 4771

1735226015
3.15 4.45 6.74 2795

1735226016
3.15 4.45 6.74 2535

1735226017
2.58 4.31 6.7 4047

1735226018
2.58 4.31 6.7 39087

1735226019
2.47 4.23 6.66 12310

1735226020
2.47 4.23 6.66 7809

1735226021
2.2 4.13 6.62 3706

1735226022
2.2 4.13 6.62 2532

1735226023
1.8 3.99 6.58 1794

1735226024
1.8 3.99 6.58 2341

1735226025
1.48 3.86 6.53 4385

1735226026
1.48 3.86 6.53 858

1735226027
1.21 3.73 6.49 3392

1735226028
1.21 3.73 6.49 2311

1735226029
0.99 3.61 6.44 5214

1735226030
0.99 3.61 6.44 5095

1735226031
0.81 3.49 6.4 4609

1735226032
0.81 3.49 6.4 4279

1735226033
0.66 3.38 6.36 13548

1735226034
0.66 3.38 6.36 24695

1735226035
0.72 3.3 6.32 12338

1735226036
0.72 3.3 6.32 9847

1735226037
0.59 3.19 6.27 6658

1735226038
0.59 3.19 6.27 2877

1735226039
0.48 3.09 6.23 31849

1735226040
0.48 3.09 6.23 10855

1735226041
0.76 3.05 6.2 2585

1735226042
0.76 3.05 6.2 4059

1735226043
0.62 2.95 6.16 4044

1735226044
0.62 2.95 6.16 1208

1735226045
0.5 2.85 6.12 2405

1735226046
0.5 2.85 6.12 2255

1735226047
0.41 2.76 6.08 2487

1735226048
0.41 2.76 6.08 5697

1735226049
0.34 2.67 6.03 6017

1735226050
0.34 2.67 6.03 1409

1735226051
0.27 2.58 5.99 1615

1735226052
0.27 2.58 5.99 947

1735226053
0.22 2.5 5.95 2492

1735226054
0.22 2.5 5.95 2565

1735226055
0.18 2.41 5.91 2625

1735226056
0.18 2.41 5.91 2478

1735226057
0.15 2.33 5.87 2644

1735226058
0.15 2.33 5.87 1332

1735226059
0.12 2.26 5.83 2058

1735226060
0.12 2.26 5.83 1757

1735226061
0.1 2.18 5.79 3404

1735226062
0.1 2.18 5.79 7050

1735226063
0.08 2.11 5.75 4085

1735226064
0.08 2.11 5.75 4692

1735226065
0.06 2.04 5.71 5556

1735226066
0.06 2.04 5.71 6271

1735226067
0.05 1.97 5.67 10179

1735226068
0.05 1.97 5.67 7232

1735226069
0.22 1.94 5.64 20130

1735226070
0.22 1.94 5.64 168624

1735226071
1.99 2.21 5.67 63979

1735226072
1.99 2.21 5.67 30339

1735226073
1.99 2.2 5.64 84107

1735226074
1.99 2.2 5.64 447526

1735226075
8.7 3.4 5.87 436998

1735226076
8.7 3.4 5.87 336780

1735226077
13.82 4.5 6.08 327674

1735226078
13.82 4.5 6.08 114301

1735226079
13.85 4.81 6.14 119039

1735226080
13.85 4.81 6.14 10126

1735226081
11.71 4.72 6.11 26344

1735226082
11.71 4.72 6.11 22715

1735226083
9.77 4.6 6.07 22220

1735226084
9.77 4.6 6.07 22286

1735226085
8.36 4.51 6.05 25130

1735226086
8.36 4.51 6.05 34101

1735226087
7.2 4.43 6.02 25238

1735226088
7.2 4.43 6.02 17573

1735226089
6.08 4.32 5.98 17112

1735226090
6.08 4.32 5.98 25090

1735226091
5.88 4.34 5.98 217487

1735226092
5.88 4.34 5.98 454058

1735226093
12.24 5.54 6.22 240790

1735226094
12.24 5.54 6.22 11783

1735226095
10.21 5.39 6.18 12044

1735226096
10.21 5.39 6.18 5637

1735226097
8.54 5.25 6.14 19889

1735226098
8.54 5.25 6.14 20047

1735226099
7.35 5.14 6.12 25406

1735226100
7.35 5.14 6.12 20122

1735226101
6.2 5.0 6.08 14063

1735226102
6.2 5.0 6.08 12299

1735226103
5.26 4.87 6.05 16748

1735226104
5.26 4.87 6.05 15591

1735226105
4.48 4.75 6.01 24569

1735226106
4.48 4.75 6.01 23371

1735226107
4.03 4.66 5.98 16481

1735226108
4.03 4.66 5.98 20308

1735226109
3.66 4.57 5.96 30705

1735226110
3.66 4.57 5.96 27285

1735226111
3.36 4.48 5.93 24786

1735226112
3.36 4.48 5.93 161697

1735226113
6.74 5.06 6.04 415188

1735226114
6.74 5.06 6.04 446506

1735226115
13.49 6.33 6.3 441920

1735226116
13.49 6.33 6.3 446742

1735226117
18.83 7.53 6.55 417509

1735226118
18.83 7.53 6.55 15985

1735226119
16.69 7.51 6.55 9001

1735226120
16.69 7.51 6.55 52294

1735226121
14.39 7.4 6.53 35419

1735226122
14.39 7.4 6.53 29017

1735226123
12.14 7.22 6.5 24592

1735226124
12.14 7.22 6.5 21465

1735226125
10.49 7.08 6.48 162370

1735226126
10.49 7.08 6.48 684593

1735226127
18.73 8.68 6.82 542313

1735226128
18.73 8.68 6.82 565078

1735226129
25.3 10.2 7.15 458446

1735226130
25.3 10.2 7.15 460500

1735226131
29.05 11.37 7.41 477812

1735226132
29.05 11.37 7.41 475456

1735226133
32.3 12.54 7.68 479303

1735226134
32.3 12.54 7.68 504986

1735226135
34.24 13.53 7.93 246211

1735226136
34.24 13.53 7.93 264323

1735226137
32.74 13.94 8.05 387530

1735226138
32.74 13.94 8.05 196413

1735226139
29.71 14.01 8.1 35308

1735226140
29.71 14.01 8.1 71339

1735226141
25.96 13.84 8.11 239672

1735226142
25.96 13.84 8.11 29909

1735226143
23.25 13.75 8.13 280079

1735226144
23.25 13.75 8.13 191685

1735226145
22.84 13.99 8.22 18882

1735226146
22.84 13.99 8.22 132568

1735226147
19.79 13.73 8.2 5300

1735226148
19.79 13.73 8.2 2846

1735226149
17.29 13.47 8.19 129997

1735226150
17.29 13.47 8.19 377889

1735226151
17.96 13.72 8.28 134619

1735226152
17.96 13.72 8.28 3660

1735226153
15.43 13.4 8.25 2660

1735226154
15.43 13.4 8.25 191093

1735226155
14.26 13.26 8.25 12754

1735226156
14.26 13.26 8.25 7410

1735226157
11.68 12.82 8.2 10780

1735226158
11.68 12.82 8.2 1189

1735226159
9.56 12.4 8.14 4517

1735226160
9.56 12.4 8.14 2668

1735226161
7.83 12.0 8.08 8888

1735226162
6.41 11.6 8.03 8257

1735226163
6.41 11.6 8.03 447

1735226164
6.41 11.6 8.03 10429

1735226165
5.43 11.26 7.98 9827

1735226166
5.43 11.26 7.98 9700

1735226167
4.44 10.89 7.92 3081

1735226168
4.44 10.89 7.92 2733

1735226169
3.64 10.53 7.87 4907

1735226170
3.64 10.53 7.87 7360

1735226171
2.98 10.19 7.82 11115

1735226172
2.98 10.19 7.82 19423

1735226174
2.62 9.89 7.77 12210

1735226175
2.14 9.56 7.72 5938

1735226176
2.14 9.56 7.72 5899

1735226177
1.75 9.25 7.66 4940

1735226178
1.75 9.25 7.66 12012

1735226179
1.62 8.98 7.62 14886

1735226181
1.32 8.68 7.56 10240

1735226182
1.32 8.68 7.56 2099

1735226183
1.08 8.4 7.51 1928

1735226184
1.08 8.4 7.51 5908

1735226185
0.88 8.12 7.46 4861

1735226186
0.88 8.12 7.46 4469

1735226187
0.72 7.86 7.41 7819

1735226188
0.72 7.86 7.41 7522

1735226189
0.59 7.6 7.36 7875

1735226190
0.59 7.6 7.36 78059

1735226191
3.74 7.94 7.43 353887

1735226192
3.74 7.94 7.43 412268

1735226193
10.49 9.02 7.66 405350

1735226194
10.49 9.02 7.66 414763

1735226195
16.2 10.1 7.9 445833

1735226196
16.2 10.1 7.9 170801

1735226197
15.44 10.16 7.92 81822

1735226198
15.44 10.16 7.92 22950

1735226199
13.55 9.99 7.9 30419

1735226200
13.55 9.99 7.9 68245

1735226201
12.36 9.9 7.9 82988

1735226202
12.36 9.9 7.9 28059

1735226203
10.48 9.64 7.86 36729

1735226204
10.48 9.64 7.86 378458

1735226205
12.75 10.07 7.96 84015

1735226206
12.75 10.07 7.96 40855

1735226207
10.98 9.84 7.93 90178

1735226208
10.98 9.84 7.93 99872

1735226209
10.44 9.78 7.93 34117

1735226210
10.44 9.78 7.93 343390

1735226211
14.53 10.54 8.1 646582

1735226212
14.53 10.54 8.1 277494

1735226213
19.5 11.57 8.33 508387

1735226214
19.5 11.57 8.33 115091

1735226215
23.94 12.63 8.57 696128

1735226216
23.94 12.63 8.57 338285

1735226217
26.67 13.5 8.78 297089

1735226218
26.67 13.5 8.78 123745

1735226219
27.09 14.0 8.92 494127

1735226220
27.09 14.0 8.92 274838

1735226221
25.26 14.1 8.98 18901

1735226222
25.26 14.1 8.98 23039

1735226223
21.05 13.7 8.93 32727

1735226224
21.05 13.7 8.93 37317

1735226225
19.59 13.68 8.96 268054

1735226226
19.59 13.68 8.96 534055

1735226227
23.47 14.57 9.17 274943

1735226228
23.47 14.57 9.17 102561

1735226229
20.84 14.39 9.17 80363

1735226230
20.84 14.39 9.17 196710

1735226231
19.24 14.31 9.19 45649

1735226232
19.24 14.31 9.19 21539

1735226233
15.93 13.88 9.14 8298

1735226234
15.93 13.88 9.14 469353

1735226235
19.39 14.57 9.31 271584

1735226236
19.39 14.57 9.31 115105

1735226237
19.68 14.78 9.39 278858

1735226238
19.68 14.78 9.39 46260

1735226239
16.84 14.43 9.36 45430

1735226240
16.84 14.43 9.36 42148

1735226241
14.33 14.05 9.31 25829

1735226242
14.33 14.05 9.31 461613

1735226243
19.52 15.0 9.54 406352

1735226244
19.52 15.0 9.54 451367

1735226245
20.15 15.26 9.64 19787

1735226246
20.15 15.26 9.64 13548

1735226247
17.22 14.89 9.6 72064

1735226248
17.22 14.89 9.6 30005

1735226249
14.47 14.47 9.54 27146

1735226250
14.47 14.47 9.54 13528

1735226251
12.21 14.06 9.49 37309

1735226252
12.21 14.06 9.49 24122

1735226253
10.54 13.7 9.45 38949

1735226254
10.54 13.7 9.45 2919

1735226255
8.63 13.25 9.38 6171

1735226256
8.63 13.25 9.38 14108

1735226257
7.24 12.85 9.33 18275

1735226258
7.24 12.85 9.33 24280

1735226259
9.74 13.12 9.41 494227

1735226260
9.74 13.12 9.41 501400

1735226261
16.49 14.22 9.66 465906

1735226262
16.49 14.22 9.66 209844

1735226263
16.76 14.35 9.72 69291

1735226264
16.76 14.35 9.72 50300

1735226265
14.63 14.04 9.69 64659

1735226266
14.63 14.04 9.69 57101

1735226267
12.7 13.71 9.65 36388

1735226268
12.7 13.71 9.65 53751

1735226269
11.67 13.49 9.63 95630

1735226270
11.67 13.49 9.63 295995

1735226271
11.67 13.49 9.63 39438

1735226272
12.45 13.57 9.67 82591

1735226273
12.45 13.57 9.67 122079

1735226274
12.01 13.46 9.68 79438

1735226275
12.01 13.46 9.68 30976

1735226276
10.74 13.18 9.64 484467

1735226277
10.74 13.18 9.64 718737

1735226278
19.84 14.74 10.0 948071

1735226279
19.84 14.74 10.0 892224

1735226280
32.91 17.27 10.56 673503

1735226281
32.91 17.27 10.56 600287

1735226282
38.18 18.74 10.91 85071

1735226283
38.18 18.74 10.91 452967

1735226284
36.15 19.01 11.02 516713

1735226285
36.15 19.01 11.02 281819

1735226286
36.49 19.63 11.2 327282

1735226287
36.49 19.63 11.2 281079

1735226288
35.49 20.0 11.34 119215

1735226289
35.49 20.0 11.34 105360

1735226290
31.05 19.7 11.34 578527

1735226291
31.05 19.7 11.34 524326

1735226292
35.39 20.86 11.64 917731

1735226293
35.39 20.86 11.64 329161

1735226294
40.21 22.21 11.98 818506

1735226295
40.21 22.21 11.98 800029

1735226296
47.6 24.13 12.45 689473

1735226297
47.6 24.13 12.45 635516

1735226298
50.75 25.47 12.81 524945

1735226299
50.75 25.47 12.81 597163

1735226300
51.34 26.4 13.09 97491

1735226301
51.34 26.4 13.09 554576

1735226302
47.83 26.58 13.22 140855

1735226303
47.83 26.58 13.22 363264

1735226304
43.88 26.56 13.31 602402

1735226305
43.88 26.56 13.31 641557

1735226306
47.34 27.76 13.65 620702

1735226307
47.34 27.76 13.65 629983

1735226308
50.0 28.88 13.98 666684

1735226309
50.0 28.88 13.98 653833

1735226310
52.71 30.06 14.33 607284

1735226311
52.71 30.06 14.33 631565

1735226312
54.58 31.14 14.66 669869

1735226313
54.58 31.14 14.66 653057

1735226314
56.46 32.24 15.01 611817

1735226315
56.46 32.24 15.01 624668

1735226316
57.47 33.22 15.33 615106

1735226317
57.47 33.22 15.33 595363

1735226318
57.92 34.09 15.63 544610

1735226319
57.92 34.09 15.63 473897

1735226320
56.49 34.61 15.87 500971

1735226321
56.49 34.61 15.87 531466

1735226322
55.49 35.15 16.11 584152

1735226323
55.49 35.15 16.11 542368

1735226324
55.58 35.83 16.38 470108

1735226325
55.58 35.83 16.38 388203

1735226326
53.12 36.03 16.56 480727

1735226327
53.12 36.03 16.56 195221

1735226328
49.66 35.97 16.68 433653

1735226329
49.66 35.97 16.68 522038

1735226330
49.36 36.36 16.89 551455

1735226331
49.36 36.36 16.89 602497

1735226332
50.74 37.04 17.17 578761

1735226333
50.74 37.04 17.17 590675

1735226334
52.05 37.72 17.45 585104

1735226335
52.05 37.72 17.45 583180

1735226336
53.31 38.42 17.73 624014

1735226337
53.31 38.42 17.73 569458

1735226338
54.16 39.06 18.0 572547

1735226339
54.16 39.06 18.0 522107

1735226340
53.95 39.51 18.24 168631

1735226341
53.95 39.51 18.24 105547

1735226342
46.17 38.58 18.19 397186

1735226343
46.17 38.58 18.19 218752

1735226344
43.6 38.37 18.29 175974

1735226345
43.6 38.37 18.29 164525

1735226346
38.6 37.63 18.27 91822

1735226347
38.6 37.63 18.27 66310

1735226348
32.87 36.63 18.2 78237

1735226349
32.87 36.63 18.2 77213

1735226350
28.37 35.69 18.13 106216

1735226351
28.37 35.69 18.13 69540

1735226352
24.68 34.79 18.06 124733

1735226353
24.68 34.79 18.06 123209

1735226354
22.38 34.04 18.02 262840

1735226355
22.38 34.04 18.02 122891

1735226356
21.58 33.52 18.01 66554

1735226357
21.58 33.52 18.01 20719

1735226358
18.4 32.55 17.92 11876

1735226359
18.4 32.55 17.92 24310

1735226360
15.25 31.52 17.8 18420

1735226361
15.25 31.52 17.8 16384

1735226362
12.66 30.52 17.69 19891

1735226363
12.66 30.52 17.69 8879

1735226364
10.55 29.55 17.57 50750

1735226365
10.55 29.55 17.57 29034

1735226366
9.36 28.72 17.48 20905

1735226367
9.36 28.72 17.48 33133

1735226368
8.03 27.84 17.37 29228

1735226369
8.03 27.84 17.37 69757

1735226370
7.48 27.09 17.29 56068

1735226371
7.48 27.09 17.29 74413

1735226372
7.21 26.4 17.21 71680

1735226373
7.21 26.4 17.21 34421

1735226374
6.81 25.7 17.13 41427

1735226375
6.81 25.7 17.13 35375

1735226376
6.12 24.96 17.03 27195

1735226377
6.12 24.96 17.03 339047

1735226378
9.36 24.93 17.08 544000

1735226379
9.36 24.93 17.08 144004

1735226380
12.73 25.03 17.15 82706

1735226381
12.73 25.03 17.15 67914

1735226382
11.69 24.44 17.08 26493

1735226383
11.69 24.44 17.08 40836

1735226384
10.12 23.74 16.99 36783

1735226385
10.12 23.74 16.99 20450

1735226386
8.83 23.06 16.89 384135

1735226387
13.75 23.48 17.02 389683

1735226388
13.75 23.48 17.02 312385

1735226389
13.75 23.48 17.02 609929

1735226390
21.58 24.58 17.3 893177

1735226391
21.58 24.58 17.3 853019

1735226392
33.79 26.69 17.79 943506

1735226393
33.79 26.69 17.79 922298

1735226394
44.52 28.85 18.3 904186

1735226395
44.52 28.85 18.3 970349

1735226396
53.3 30.95 18.81 907702

1735226397
53.3 30.95 18.81 946300

1735226398
60.31 32.95 19.31 944494

1735226399
60.31 32.95 19.31 867052

1735226400
65.33 34.75 19.78 654899

1735226401
65.33 34.75 19.78 627750

1735226402
64.72 35.64 20.07 590844

1735226403
64.72 35.64 20.07 318969

1735226404
60.24 35.79 20.21 290763

1735226405
60.24 35.79 20.21 384644

1735226406
55.67 35.76 20.31 265724

1735226407
55.67 35.76 20.31 49607

1735226408
47.39 34.92 20.24 48023

1735226409
47.39 34.92 20.24 19802

1735226410
39.35 33.87 20.12 18303

1735226411
39.35 33.87 20.12 3968

1735226412
32.22 32.76 19.98 3947

1735226413
32.22 32.76 19.98 3810

1735226414
26.38 31.69 19.84 1876

1735226415
26.38 31.69 19.84 6570

1735226416
21.6 30.65 19.71 8597

1735226417
21.6 30.65 19.71 7202

1735226418
17.69 29.65 19.57 7243

1735226419
17.69 29.65 19.57 7382

1735226420
14.48 28.68 19.44 12414

1735226421
14.48 28.68 19.44 7096

1735226422
12.4 27.84 19.33 248275

1735226423
12.4 27.84 19.33 322070

1735226424
15.59 27.91 19.4 216290

1735226425
15.59 27.91 19.4 274619

1735226426
17.11 27.78 19.43 269261

1735226427
17.11 27.78 19.43 299470

1735226428
19.08 27.79 19.49 292462

1735226429
19.08 27.79 19.49 320011

1735226430
21.24 27.89 19.57 280714

1735226431
21.24 27.89 19.57 245833

1735226433
21.2 27.67 19.58 793736

1735226434
26.23 28.37 19.78 595339

1735226435
26.23 28.37 19.78 583463

1735226436
31.62 29.27 20.03 567425

1735226437
31.62 29.27 20.03 612924

1735226438
37.31 30.37 20.32 706301

1735226439
37.31 30.37 20.32 607000

1735226440
41.96 31.44 20.61 625428

1735226441
41.96 31.44 20.61 567034

1735226442
44.32 32.21 20.85 396874

1735226443
44.32 32.21 20.85 458703

1735226444
43.54 32.47 20.98 346223

1735226445
43.54 32.47 20.98 413975

1735226446
43.08 32.75 21.12 471526

1735226447
43.08 32.75 21.12 373272

1735226448
42.52 32.98 21.25 542481

1735226449
42.52 32.98 21.25 384243

1735226450
43.69 33.51 21.44 499984

1735226451
43.69 33.51 21.44 464497

1735226452
44.29 33.95 21.61 476735

1735226453
44.29 33.95 21.61 477945

1735226454
44.78 34.38 21.79 502252

1735226455
44.78 34.38 21.79 469511

1735226456
45.36 34.82 21.97 485163

1735226457
45.36 34.82 21.97 452216

1735226458
45.66 35.22 22.14 485603

1735226459
45.66 35.22 22.14 414111

1735226460
45.0 35.44 22.27 453647

1735226461
45.0 35.44 22.27 508419

1735226462
45.9 35.92 22.46 389207

1735226463
45.9 35.92 22.46 438526

1735226464
44.47 35.99 22.57 322930

1735226465
41.3 35.69 22.6 371365

1735226466
41.3 35.69 22.6 217906

1735226467
39.07 35.47 22.64 360638

1735226468
39.07 35.47 22.64 126625

1735226469
39.07 35.47 22.64 156743

1735226470
35.98 35.03 22.64 554037

1735226471
35.98 35.03 22.64 218817

1735226472
34.89 34.87 22.69 20396

1735226473
29.3 33.86 22.56 78166

1735226474
29.3 33.86 22.56 373706

1735226475
29.3 33.86 22.56 333577

1735226476
31.96 34.19 22.71 564751

1735226477
31.96 34.19 22.71 35254

1735226478
29.97 33.76 22.7 314240

1735226479
29.97 33.76 22.7 561353

1735226480
33.78 34.32 22.89 269508

1735226481
33.78 34.32 22.89 105756

1735226482
29.29 33.49 22.79 42859

1735226483
29.29 33.49 22.79 349365

1735226484
29.24 33.35 22.84 534474

1735226485
29.24 33.35 22.84 593608

1735226486
34.81 34.22 23.09 662879

1735226487
34.81 34.22 23.09 447788

1735226488
38.1 34.83 23.3 628735

1735226489
38.1 34.83 23.3 358558

1735226490
38.08 34.94 23.4 524454

1735226491
38.08 34.94 23.4 541117

1735226492
42.05 35.76 23.65 364125

1735226493
42.05 35.76 23.65 847644

1735226494
45.12 36.52 23.89 586555

1735226495
45.12 36.52 23.89 541133

1735226496
46.01 36.96 24.07 412357

1735226497
46.01 36.96 24.07 626061

1735226498
48.9 37.78 24.33 599801

1735226499
48.9 37.78 24.33 853649

1735226500
54.35 39.13 24.7 889846

1735226501
54.35 39.13 24.7 879813

1735226502
60.27 40.69 25.13 863500

1735226503
60.27 40.69 25.13 807435

1735226504
64.2 42.04 25.52 819984

1735226505
64.2 42.04 25.52 688684

1735226506
66.16 43.12 25.85 850490

1735226507
66.16 43.12 25.85 781684

1735226508
68.3 44.26 26.21 765607

1735226509
68.3 44.26 26.21 791190

1735226510
70.42 45.43 26.58 796930

1735226511
70.42 45.43 26.58 685775

1735226512
69.98 46.17 26.86 602517

1735226513
69.98 46.17 26.86 804800

1735226514
71.25 47.18 27.2 842808

1735226515
71.25 47.18 27.2 794180

1735226516
71.93 48.09 27.53 600084

1735226517
71.93 48.09 27.53 651185

1735226518
70.49 48.61 27.78 645704

1735226519
70.49 48.61 27.78 546967

1735226520
66.24 48.56 27.91 222865

1735226521
66.24 48.56 27.91 339154

1735226522
58.4 47.72 27.88 143027

1735226523
58.4 47.72 27.88 242661

1735226524
53.62 47.21 27.91 586266

1735226525
53.62 47.21 27.91 647850

1735226526
54.41 47.56 28.11 394990

1735226527
54.41 47.56 28.11 368159

1735226528
50.35 47.05 28.14 157781

1735226529
50.35 47.05 28.14 132777

1735226530
43.58 45.93 28.04 201555

1735226531
43.58 45.93 28.04 93365

1735226532
37.86 44.82 27.93 262991

1735226533
37.86 44.82 27.93 131745

1735226534
37.52 44.54 27.98 660371

1735226535
37.52 44.54 27.98 843737

1735226536
42.86 45.27 28.25 295832

1735226537
42.86 45.27 28.25 88315

1735226538
36.73 44.08 28.12 296410

1735226539
36.73 44.08 28.12 555140

1735226540
40.4 44.51 28.31 597161

1735226541
40.4 44.51 28.31 758232

1735226542
42.86 44.82 28.49 118851

1735226543
42.86 44.82 28.49 66707

1735226544
36.36 43.58 28.34 70374

1735226545
36.36 43.58 28.34 56927

1735226546
30.68 42.32 28.18 69064

1735226547
30.68 42.32 28.18 53498

1735226548
26.21 41.13 28.03 63669

1735226549
26.21 41.13 28.03 53906

1735226550
22.37 39.95 27.87 68039

1735226551
22.37 39.95 27.87 72861

1735226552
20.12 38.97 27.75 383040

1735226553
20.12 38.97 27.75 889241

1735226554
32.06 40.5 28.15 918921

1735226555
32.06 40.5 28.15 618812

1735226556
38.93 41.47 28.44 697171

1735226557
38.93 41.47 28.44 667426

1735226558
43.83 42.27 28.69 656043

1735226559
43.83 42.27 28.69 706863

1735226560
48.39 43.15 28.97 662783

1735226561
48.39 43.15 28.97 643784

1735226562
51.04 43.8 29.2 660192

1735226563
51.04 43.8 29.2 688180

1735226564
53.38 44.46 29.44 448162

1735226565
53.38 44.46 29.44 276496

1735226566
48.79 43.92 29.43 267500

1735226567
41.58 42.78 29.29 103592

1735226568
41.58 42.78 29.29 19968

1735226569
41.58 42.78 29.29 85034

1735226570
35.67 41.67 29.15 128310

1735226571
35.67 41.67 29.15 57755

1735226572
30.48 40.54 29.0 225265

1735226573
30.48 40.54 29.0 107896

1735226574
30.57 40.22 29.01 1156206

1735226575
30.57 40.22 29.01 626563

1735226576
39.89 41.59 29.37 613562

1735226577
39.89 41.59 29.37 817741

1735226578
45.89 42.62 29.67 510469

1735226579
45.89 42.62 29.67 784375

1735226580
48.8 43.25 29.89 416748

1735226581
48.8 43.25 29.89 545967

1735226582
50.47 43.73 30.09 927299

1735226583
51.47 44.14 30.26 796891

1735226584
51.47 44.14 30.26 495732

1735226585
51.47 44.14 30.26 71695

1735226586
49.75 44.07 30.34 602593

1735226587
49.75 44.07 30.34 544901

1735226588
55.32 45.46 30.82 1663392

1735226590
55.32 45.46 30.82 581936

1735226591
55.32 45.46 30.82 717130

1735226592
59.25 46.49 31.14 776578

1735226593
56.3 46.37 31.22 1066889

1735226594
61.5 47.64 31.59 1481557

1735226596
62.86 48.34 31.85 880040

1735226598
62.86 48.34 31.85 1149

1735226599
62.86 48.34 31.85 732479

1735226600
62.7 48.78 32.05 929572

1735226601
62.7 48.78 32.05 896799

1735226602
67.46 50.1 32.44 899801

1735226603
67.46 50.1 32.44 899944

1735226604
70.28 51.18 32.79 785856

1735226605
70.28 51.18 32.79 815197

1735226606
73.13 52.32 33.15 1150814

1735226607
76.0 53.52 33.53 1229395

1735226608
76.0 53.52 33.53 475364

1735226609
76.0 53.52 33.53 554964

1735226610
76.54 54.35 33.84 1319879

1735226611
76.54 54.35 33.84 352831

1735226612
77.53 55.25 34.17 1108250

1735226613
75.08 55.54 34.38 1316446

1735226615
75.08 55.54 34.38 463463

1735226616
73.61 55.92 34.6 1158995

1735226618
74.59 56.67 34.9 1421815

1735226619
75.93 57.5 35.23 1442050

1735226620
75.93 57.5 35.23 752925

1735226621
76.85 58.27 35.54 286316

1735226622
75.79 58.69 35.78 2115071

1735226625
75.79 58.69 35.78 67110

1735226626
73.83 58.89 35.98 988151

1735226627
73.83 58.89 35.98 719456

1735226628
74.77 59.55 36.28 779345

1735226629
74.77 59.55 36.28 548906

1735226630
73.54 59.83 36.49 813634

1735226631
73.54 59.83 36.49 865690

1735226632
75.07 60.55 36.81 794970

1735226633
75.07 60.55 36.81 923110

1735226634
75.78 61.16 37.09 705838

1735226635
75.78 61.16 37.09 948283

1735226636
77.81 62.0 37.43 812492

1735226637
77.81 62.0 37.43 866665

1735226638
79.66 62.85 37.78 880205

1735226639
79.66 62.85 37.78 887477

1735226640
81.35 63.71 38.13 902412

1735226641
81.35 63.71 38.13 881504

1735226642
82.37 64.47 38.47 813932

1735226643
82.37 64.47 38.47 721891

1735226644
81.04 64.81 38.72 837137

1735226645
81.04 64.81 38.72 840317

1735226646
80.67 65.28 38.99 728625

1735226647
80.67 65.28 38.99 806636

1735226648
80.36 65.73 39.27 814513

1735226649
80.36 65.73 39.27 821691

1735226650
80.66 66.26 39.56 807681

1735226651
80.66 66.26 39.56 809405

1735226652
80.36 66.68 39.83 795853

1735226653
80.36 66.68 39.83 845686

1735226654
81.02 67.24 40.13 838244

1735226655
81.02 67.24 40.13 827875

1735226656
81.01 67.69 40.41 806965

1735226657
81.01 67.69 40.41 874345

1735226658
81.92 68.29 40.72 857539

1735226659
81.92 68.29 40.72 731020

1735226660
81.2 68.61 40.98 766014

1735226661
81.2 68.61 40.98 724681

1735226662
78.99 68.62 41.17 607481

1735226663
78.99 68.62 41.17 663786

1735226665
75.73 68.37 41.3 1104804

1735226666
72.16 67.97 41.4 619596

1735226667
72.16 67.97 41.4 608646

1735226668
70.5 67.81 41.55 655385

1735226669
70.5 67.81 41.55 496518

1735226670
68.59 67.55 41.68 748812

1735226671
68.59 67.55 41.68 738687

1735226672
68.49 67.56 41.86 665652

1735226673
68.49 67.56 41.86 783707

1735226674
70.03 67.87 42.1 766973

1735226675
70.03 67.87 42.1 974621

1735226676
74.01 68.66 42.44 931421

1735226677
74.01 68.66 42.44 980456

1735226678
77.99 69.56 42.81 1008676

1735226679
77.99 69.56 42.81 873128

1735226680
80.89 70.36 43.16 972486

1735226681
80.89 70.36 43.16 879054

1735226682
82.72 71.03 43.48 890900

1735226683
82.72 71.03 43.48 780084

1735226684
82.59 71.39 43.75 852687

1735226685
82.59 71.39 43.75 883763

1735226686
83.21 71.87 44.04 848077

1735226687
83.21 71.87 44.04 882558

1735226688
83.89 72.36 44.33 859308

1735226689
83.89 72.36 44.33 863497

1735226690
84.27 72.81 44.62 876007

1735226691
84.27 72.81 44.62 827287

1735226692
84.04 73.14 44.88 810978

1735226693
84.04 73.14 44.88 798677

1735226694
82.95 73.3 45.11 743346

1735226695
82.95 73.3 45.11 807106

1735226696
80.6 73.19 45.28 563905

1735226697
80.6 73.19 45.28 664604

1735226698
78.5 73.06 45.44 772014

1735226699
78.5 73.06 45.44 629464

1735226700
76.23 72.83 45.58 663718

1735226701
76.23 72.83 45.58 599402

1735226702
73.65 72.47 45.69 641776

1735226703
73.65 72.47 45.69 706215

1735226704
71.72 72.16 45.81 644958

1735226705
71.72 72.16 45.81 614764

1735226706
70.87 71.99 45.95 693511

1735226707
70.87 71.99 45.95 662301

1735226708
68.71 71.57 46.04 671814

1735226709
68.71 71.57 46.04 500457

1735226710
67.86 71.32 46.17 739591

1735226711
67.86 71.32 46.17 482950

1735226712
66.62 70.98 46.27 663812

1735226713
66.62 70.98 46.27 392638

1735226714
63.97 70.36 46.31 626213

1735226715
63.97 70.36 46.31 616533

1735226716
63.79 70.12 46.42 697187

1735226717
63.79 70.12 46.42 558292

1735226718
62.92 69.75 46.51 622684

1735226719
62.92 69.75 46.51 703715

1735226720
64.2 69.76 46.67 699585

1735226721
64.2 69.76 46.67 605948

1735226722
63.98 69.54 46.78 644848

1735226723
63.98 69.54 46.78 618459

1735226724
64.17 69.39 46.91 699913

1735226725
64.17 69.39 46.91 615274

1735226726
64.32 69.25 47.03 681340

1735226727
64.32 69.25 47.03 623983

1735226728
64.26 69.08 47.15 675070

1735226729
64.26 69.08 47.15 715527

1735226730
65.12 69.07 47.3 709884

1735226731
65.12 69.07 47.3 846026

1735226732
68.9 69.63 47.56 881170

1735226733
68.9 69.63 47.56 735743

1735226734
68.92 69.6 47.71 618142

1735226735
68.92 69.6 47.71 597646

1735226736
67.66 69.36 47.81 712170

1735226737
67.66 69.36 47.81 565143

1735226738
66.82 69.15 47.91 617325

1735226739
66.82 69.15 47.91 610799

1735226740
65.58 68.85 47.99 730936

1735226741
65.58 68.85 47.99 527992

1735226742
64.75 68.59 48.08 803956

1735226743
64.75 68.59 48.08 222587

1735226744
61.9 67.95 48.09 576130

1735226746
62.46 67.85 48.2 1306958

1735226747
62.46 67.85 48.2 706098

1735226748
62.55 67.69 48.31 570489

1735226749
62.55 67.69 48.31 784031

1735226750
65.17 68.0 48.5 748064

1735226751
65.17 68.0 48.5 917294

1735226752
65.14 67.9 48.61 399962

1735226753
65.14 67.9 48.61 824854

1735226754
65.47 67.87 48.74 643951

1735226755
65.47 67.87 48.74 601307

1735226757
65.57 67.81 48.86 1126100

1735226758
60.57 66.83 48.78 153621

1735226759
60.57 66.83 48.78 132551

1735226760
51.41 64.97 48.52 100848

1735226761
51.41 64.97 48.52 72820

1735226762
43.0 63.01 48.22 18019

1735226763
43.0 63.01 48.22 29061

1735226764
36.48 61.18 47.94 119188

1735226765
36.48 61.18 47.94 42597

1735226766
30.59 59.31 47.64 40428

1735226767
30.59 59.31 47.64 15493

1735226768
25.41 57.43 47.33 161077

1735226769
25.41 57.43 47.33 4064

1735226770
24.43 56.21 47.14 643768

1735226771
24.43 56.21 47.14 265974

1735226772
27.61 55.74 47.1 476140

1735226773
31.49 55.52 47.12 724615

1735226774
31.49 55.52 47.12 53443

1735226775
31.49 55.52 47.12 227016

1735226776
31.22 54.68 47.0 460541

1735226777
31.22 54.68 47.0 646345

1735226778
34.62 54.53 47.02 501501

1735226779
34.62 54.53 47.02 262507

1735226780
33.06 53.6 46.88 13037

1735226781
33.06 53.6 46.88 79565

1735226782
27.79 51.97 46.58 41457

1735226783
27.79 51.97 46.58 38204

1735226784
23.48 50.4 46.29 22809

1735226785
19.41 48.79 45.98 18512

1735226786
19.41 48.79 45.98 14729

1735226787
19.41 48.79 45.98 24743

1735226788
16.25 47.26 45.68 14230

1735226789
13.31 45.71 45.37 13334

1735226790
13.31 45.71 45.37 14203

1735226791
13.31 45.71 45.37 73434

1735226792
11.62 44.35 45.08 15417

1735226793
9.7 42.93 44.78 12582

1735226794
9.7 42.93 44.78 11399

1735226795
9.7 42.93 44.78 2751

1735226796
8.12 41.55 44.48 30794

1735226797
8.12 41.55 44.48 41929

1735226798
7.37 40.33 44.21 84078

1735226799
6.76 39.14 43.93 32773

1735226800
6.76 39.14 43.93 58903

1735226801
6.76 39.14 43.93 458605

1735226802
12.96 39.2 43.91 808636

1735226803
17.5 39.16 43.87 323866

1735226804
19.22 38.76 43.75 588959

1735226806
19.22 38.76 43.75 19188

1735226807
19.22 38.76 43.75 957239

1735226808
26.6 39.45 43.87 485800

1735226809
26.6 39.45 43.87 555053

1735226810
32.29 40.06 43.96 541284

1735226811
32.29 40.06 43.96 714505

1735226812
38.58 40.94 44.12 594088

1735226813
38.58 40.94 44.12 345375

1735226814
38.29 40.81 44.07 348544

1735226815
38.29 40.81 44.07 327082

1735226816
36.97 40.49 43.98 283674

1735226817
36.97 40.49 43.98 252831

1735226818
35.16 40.05 43.86 294034

1735226819
35.16 40.05 43.86 246659

1735226820
33.68 39.62 43.75 355874

1735226821
33.68 39.62 43.75 402668

1735226822
35.37 39.73 43.74 725167

1735226823
35.37 39.73 43.74 431172

1735226824
39.83 40.4 43.85 970305

1735226825
39.83 40.4 43.85 576173

1735226826
47.65 41.79 44.12 871595

1735226827
47.65 41.79 44.12 868560

1735226828
54.42 43.2 44.4 863715

1735226829
54.42 43.2 44.4 791951

1735226830
58.33 44.28 44.62 631126

1735226831
58.33 44.28 44.62 691372

1735226832
59.53 44.96 44.76 602041

1735226833
59.53 44.96 44.76 255360

1735226834
55.45 44.69 44.7 546092

1735226835
55.45 44.69 44.7 595022

1735226836
56.82 45.29 44.83 691482

1735226837
56.82 45.29 44.83 864021

1735226838
61.92 46.59 45.11 813571

1735226839
61.92 46.59 45.11 522852

1735226840
61.21 46.97 45.19 547453

1735226841
61.21 46.97 45.19 599326

1735226842
60.27 47.26 45.27 583538

1735226843
60.27 47.26 45.27 570083

1735226844
59.85 47.61 45.36 596419

1735226845
59.85 47.61 45.36 915983

1735226846
63.87 48.74 45.61 874369

1735226847
63.87 48.74 45.61 896255

1735226848
68.6 50.09 45.91 870920

1735226849
68.6 50.09 45.91 881947

1735226850
72.11 51.33 46.2 885891

1735226851
72.11 51.33 46.2 869408

1735226852
74.81 52.5 46.48 891380

1735226853
74.81 52.5 46.48 869140

1735226854
77.02 53.62 46.75 886060

1735226855
77.02 53.62 46.75 882018

1735226856
79.01 54.75 47.04 850686

1735226857
79.01 54.75 47.04 869708

1735226858
79.37 55.61 47.27 791238

1735226859
79.37 55.61 47.27 871514

1735226860
80.21 56.54 47.52 707793

1735226861
80.21 56.54 47.52 351185

1735226862
73.46 56.09 47.49 495584

1735226863
73.46 56.09 47.49 543933

1735226864
69.21 55.89 47.51 420556

1735226865
69.21 55.89 47.51 544554

1735226866
65.55 55.67 47.52 455926

1735226867
65.55 55.67 47.52 567049

1735226868
64.0 55.71 47.58 620968

1735226869
64.0 55.71 47.58 535095

1735226870
62.19 55.65 47.63 542742

1735226871
62.19 55.65 47.63 474080

1735226872
59.62 55.4 47.63 458565

1735226873
59.62 55.4 47.63 542571

1735226874
58.42 55.32 47.67 531078

1735226875
58.42 55.32 47.67 583991

1735226876
57.98 55.35 47.72 563852

1735226877
57.98 55.35 47.72 619454

1735226878
58.16 55.47 47.8 639325

1735226879
58.16 55.47 47.8 386808

1735226880
56.5 55.25 47.81 396010

1735226881
56.5 55.25 47.81 503424

1735226882
53.69 54.79 47.76 409890

1735226883
53.69 54.79 47.76 402029

1735226884
51.03 54.27 47.7 408551

1735226885
51.03 54.27 47.7 392957

1735226886
48.85 53.77 47.64 304643

1735226887
48.85 53.77 47.64 329099

1735226888
46.52 53.19 47.56 504418

1735226889
46.52 53.19 47.56 479247

1735226890
46.06 52.89 47.54 328439

1735226891
46.06 52.89 47.54 275792

1735226892
42.06 51.94 47.38 228548

1735226893
42.06 51.94 47.38 161307

1735226894
38.25 50.93 47.2 231548

