1735225910
1.58 2.32 8.86 56236

1735225911
1.65 2.31 8.81 1160

1735225912
1.65 2.31 8.81 2750

1735225913
1.35 2.23 8.75 26115

1735225914
1.35 2.23 8.75 27998

1735225915
1.47 2.23 8.7 1878

1735225916
1.47 2.23 8.7 5409

1735225917
1.56 2.22 8.66 40559

1735225918
1.56 2.22 8.66 69359

1735225919
1.82 2.24 8.62 2827

1735225920
1.82 2.24 8.62 4541

1735225921
1.49 2.17 8.56 676

1735225922
1.49 2.17 8.56 42

1735225923
1.22 2.1 8.5 15260

1735225924
1.22 2.1 8.5 40

1735225925
1.18 2.06 8.45 42935

1735225926
1.18 2.06 8.45 54752

1735225927
1.69 2.13 8.42 23947

1735225928
1.69 2.13 8.42 2491

1735225929
1.56 2.09 8.37 113755

1735225930
1.56 2.09 8.37 99309

1735225931
3.09 2.35 8.38 5037

1735225932
3.09 2.35 8.38 18603

1735225933
3.8 2.5 8.37 153584

1735225934
3.8 2.5 8.37 3542

1735225935
3.29 2.45 8.32 0

1735225936
3.29 2.45 8.32 15

1735225937
3.42 2.5 8.29 168968

1735225938
3.42 2.5 8.29 0

1735225939
3.52 2.55 8.26 0

1735225940
3.52 2.55 8.26 11

1735225941
2.88 2.47 8.2 51264

1735225942
2.88 2.47 8.2 376783

1735225943
8.16 3.43 8.36 608191

1735225944
8.16 3.43 8.36 465338

1735225945
15.01 4.83 8.62 331985

1735225946
15.01 4.83 8.62 359564

1735225947
18.45 5.78 8.79 433499

1735225949
18.73 6.25 8.87 74231

1735225950
18.73 6.25 8.87 36113

1735225951
15.88 6.14 8.83 8677

1735225952
15.88 6.14 8.83 3507

1735225953
13.0 5.94 8.77 14278

1735225954
13.0 5.94 8.77 48062

1735225955
11.37 5.87 8.74 84928

1735225956
11.37 5.87 8.74 0

1735225957
9.67 5.75 8.69 40238

1735225958
9.67 5.75 8.69 127948

1735225959
9.91 5.92 8.71 255739

1735225960
9.91 5.92 8.71 164630

1735225961
11.56 6.35 8.78 174426

1735225962
11.56 6.35 8.78 154246

1735225963
12.18 6.63 8.82 15001

1735225964
12.18 6.63 8.82 9964

1735225965
9.97 6.41 8.76 2542

1735225966
9.97 6.41 8.76 1720

1735225967
8.16 6.2 8.7 688

1735225968
8.16 6.2 8.7 5029

1735225969
6.68 6.0 8.64 3379

1735225970
6.68 6.0 8.64 2527

1735225971
5.47 5.8 8.58 2724

1735225972
5.47 5.8 8.58 1379

1735225973
4.66 5.65 8.53 186824

1735225974
4.66 5.65 8.53 119616

1735225975
6.17 5.89 8.56 1878

1735225976
6.17 5.89 8.56 1146

1735225977
5.05 5.69 8.5 2684

1735225978
5.05 5.69 8.5 3435

1735225979
4.14 5.51 8.44 4006

1735225980
4.14 5.51 8.44 26532

1735225981
3.57 5.36 8.39 2245

1735225982
3.57 5.36 8.39 2

1735225983
2.92 5.18 8.33 338

1735225984
2.92 5.18 8.33 3585

1735225985
2.57 5.05 8.28 21441

1735225986
2.57 5.05 8.28 1060

1735225987
2.1 4.88 8.23 2249

1735225988
2.1 4.88 8.23 5159

1735225989
1.72 4.72 8.17 4091

1735225990
1.72 4.72 8.17 7131

1735225991
1.41 4.57 8.11 42

1735225992
1.41 4.57 8.11 2475

1735225993
1.15 4.42 8.06 159577

1735225994
1.15 4.42 8.06 7711

1735225995
2.39 4.53 8.06 2993

1735225996
2.39 4.53 8.06 0

1735225997
1.96 4.38 8.0 18

1735225998
1.96 4.38 8.0 12784

1735225999
1.78 4.27 7.95 33611

1735226000
1.78 4.27 7.95 11930

1735226001
1.64 4.16 7.91 1488

1735226002
1.64 4.16 7.91 809

1735226003
1.34 4.03 7.85 15

1735226004
1.34 4.03 7.85 6328

1735226005
1.1 3.9 7.8 1354

1735226006
1.1 3.9 7.8 2455

1735226007
0.9 3.77 7.74 1274

1735226008
0.9 3.77 7.74 25253

1735226009
0.92 3.68 7.7 16041

1735226010
0.92 3.68 7.7 8104

1735226011
0.93 3.59 7.65 7019

1735226012
0.93 3.59 7.65 160103

1735226013
2.21 3.73 7.65 42817

1735226014
2.21 3.73 7.65 7551

1735226015
2.17 3.68 7.62 2246

1735226016
2.17 3.68 7.62 1243

1735226017
1.78 3.56 7.56 2381

1735226018
1.78 3.56 7.56 12260

1735226019
1.63 3.47 7.52 13672

1735226020
1.63 3.47 7.52 1100

1735226021
1.34 3.36 7.47 7878

1735226022
1.34 3.36 7.47 21929

1735226023
1.28 3.28 7.42 7594

1735226024
1.28 3.28 7.42 11015

1735226025
2.86 3.5 7.44 326678

1735226026
2.86 3.5 7.44 8094

1735226027
3.42 3.58 7.43 4835

1735226028
3.42 3.58 7.43 2607

1735226029
2.8 3.46 7.38 1700

1735226030
2.8 3.46 7.38 807

1735226031
2.29 3.35 7.33 44176

1735226032
2.29 3.35 7.33 54299

1735226033
3.15 3.47 7.33 44199

1735226034
3.15 3.47 7.33 3170

1735226035
2.58 3.36 7.28 8572

1735226036
2.58 3.36 7.28 1

1735226037
2.11 3.25 7.23 46812

1735226038
2.11 3.25 7.23 399578

1735226039
7.52 4.19 7.39 390624

1735226040
7.52 4.19 7.39 270196

1735226041
13.04 5.29 7.6 597553

1735226042
13.04 5.29 7.6 449464

1735226043
19.74 6.76 7.89 450342

1735226044
19.74 6.76 7.89 233835

1735226045
19.6 7.16 7.97 51

1735226046
19.6 7.16 7.97 0

1735226047
16.05 6.92 7.92 4761

1735226048
16.05 6.92 7.92 1970

1735226049
13.14 6.7 7.86 30

1735226050
13.14 6.7 7.86 8496

1735226051
10.76 6.48 7.81 1809

1735226052
10.76 6.48 7.81 13496

1735226053
8.81 6.26 7.75 0

1735226054
8.81 6.26 7.75 0

1735226055
7.21 6.06 7.7 43

1735226056
7.21 6.06 7.7 4794

1735226057
5.9 5.86 7.65 1938

1735226058
5.9 5.86 7.65 0

1735226059
4.83 5.67 7.6 0

1735226060
4.83 5.67 7.6 0

1735226061
3.96 5.48 7.54 15

1735226062
3.96 5.48 7.54 9332

1735226063
3.24 5.3 7.49 39

1735226064
3.24 5.3 7.49 674

1735226065
3.01 5.19 7.45 52057

1735226066
3.01 5.19 7.45 742

1735226067
2.47 5.02 7.4 3316

1735226068
2.47 5.02 7.4 185

1735226069
2.2 4.89 7.36 181390

1735226070
2.2 4.89 7.36 167608

1735226071
4.52 5.22 7.41 5928

1735226072
4.52 5.22 7.41 14297

1735226073
3.7 5.05 7.36 869

1735226074
3.7 5.05 7.36 8001

1735226075
3.03 4.89 7.31 31971

1735226076
3.03 4.89 7.31 20799

1735226077
3.2 4.86 7.29 53199

1735226078
3.2 4.86 7.29 20102

1735226079
2.8 4.73 7.24 1922

1735226080
2.8 4.73 7.24 2156

1735226081
2.29 4.57 7.19 15972

1735226082
2.29 4.57 7.19 23716

1735226083
2.06 4.46 7.15 4728

1735226084
2.06 4.46 7.15 3814

1735226085
1.68 4.31 7.1 5401

1735226086
1.68 4.31 7.1 688

1735226087
1.38 4.17 7.05 44842

1735226088
1.38 4.17 7.05 3569

1735226089
1.49 4.1 7.02 1290

1735226090
1.49 4.1 7.02 1049

1735226091
1.22 3.96 6.97 11820

1735226092
1.22 3.96 6.97 14407

1735226093
1.0 3.83 6.92 82

1735226094
1.0 3.83 6.92 3350

1735226095
0.82 3.71 6.87 801

1735226096
0.82 3.71 6.87 7120

1735226097
0.67 3.59 6.83 23426

1735226098
0.67 3.59 6.83 402

1735226099
0.54 3.47 6.78 0

1735226100
0.54 3.47 6.78 869

1735226101
0.44 3.35 6.73 33771

1735226102
0.44 3.35 6.73 51777

1735226103
1.09 3.38 6.71 4620

1735226104
1.09 3.38 6.71 1890

1735226105
0.89 3.27 6.67 3181

1735226106
0.89 3.27 6.67 19064

1735226107
0.91 3.19 6.63 21088

1735226108
0.91 3.19 6.63 1232

1735226109
0.74 3.09 6.58 0

1735226110
0.74 3.09 6.58 121

1735226111
0.61 2.98 6.54 46236

1735226112
0.61 2.98 6.54 148792

1735226113
2.31 3.21 6.56 26010

1735226114
2.31 3.21 6.56 3359

1735226115
1.89 3.11 6.52 1043

1735226116
1.89 3.11 6.52 4476

1735226117
1.73 3.04 6.48 163595

1735226118
1.73 3.04 6.48 346510

1735226119
6.85 3.92 6.64 133909

1735226120
6.85 3.92 6.64 2487

1735226121
5.61 3.79 6.59 3651

1735226122
5.61 3.79 6.59 44133

1735226123
4.95 3.73 6.56 5325

1735226124
4.95 3.73 6.56 259

1735226125
4.05 3.61 6.52 19507

1735226126
4.05 3.61 6.52 13351

1735226127
3.5 3.52 6.48 14550

1735226128
3.5 3.52 6.48 372

1735226129
2.86 3.41 6.43 9

1735226130
2.86 3.41 6.43 4442

1735226131
2.34 3.3 6.39 428

1735226132
2.34 3.3 6.39 6619

1735226133
1.92 3.19 6.35 13439

1735226134
1.92 3.19 6.35 13339

1735226135
2.11 3.18 6.32 271589

1735226136
2.11 3.18 6.32 178755

1735226137
7.35 4.09 6.49 552079

1735226138
7.35 4.09 6.49 994715

1735226139
17.97 6.12 6.9 209251

1735226140
17.97 6.12 6.9 696643

1735226141
23.95 7.59 7.2 383255

1735226142
23.95 7.59 7.2 663001

1735226143
30.3 9.27 7.56 637848

1735226144
30.3 9.27 7.56 398389

1735226145
35.68 10.93 7.91 975798

1735226146
35.68 10.93 7.91 256621

1735226147
39.72 12.47 8.26 851176

1735226148
39.72 12.47 8.26 532926

1735226149
44.48 14.22 8.65 632670

1735226150
44.48 14.22 8.65 464447

1735226151
43.13 14.96 8.85 300023

1735226152
43.13 14.96 8.85 280288

1735226153
43.1 15.88 9.08 505165

1735226154
43.1 15.88 9.08 567500

1735226155
43.99 16.93 9.35 549439

1735226156
43.99 16.93 9.35 386513

1735226157
42.72 17.59 9.54 290791

1735226158
42.72 17.59 9.54 485756

1735226159
45.67 18.94 9.87 806886

1735226160
45.67 18.94 9.87 340455

1735226161
46.63 19.99 10.16 479788

1735226162
47.06 20.94 10.42 822989

1735226163
47.06 20.94 10.42 270180

1735226164
47.06 20.94 10.42 434442

1735226165
47.78 21.93 10.7 458961

1735226166
47.78 21.93 10.7 833603

1735226167
48.72 22.94 10.99 222193

1735226168
48.72 22.94 10.99 523976

1735226169
48.23 23.7 11.23 628884

1735226170
48.23 23.7 11.23 298712

1735226171
45.65 24.03 11.38 82922

1735226172
45.65 24.03 11.38 128695

1735226174
40.46 23.8 11.42 732048

1735226175
41.28 24.5 11.65 517560

1735226176
41.28 24.5 11.65 392244

1735226177
41.05 25.0 11.85 376235

1735226178
41.05 25.0 11.85 89373

1735226179
35.06 24.45 11.82 5474

1735226181
28.89 23.68 11.75 27989

1735226182
28.89 23.68 11.75 15985

1735226183
23.83 22.94 11.67 17055

1735226184
23.83 22.94 11.67 308

1735226185
19.52 22.19 11.59 296

1735226186
19.52 22.19 11.59 2770

1735226187
15.98 21.46 11.51 6422

1735226188
15.98 21.46 11.51 385

1735226189
13.08 20.76 11.43 12340

1735226190
13.08 20.76 11.43 21012

1735226191
11.07 20.14 11.37 25481

1735226192
11.07 20.14 11.37 28024

1735226193
9.43 19.55 11.3 17174

1735226194
9.43 19.55 11.3 5245

1735226195
7.72 18.91 11.23 11256

1735226196
7.72 18.91 11.23 10312

1735226197
6.32 18.29 11.15 22093

1735226198
6.32 18.29 11.15 22364

1735226199
5.54 17.76 11.09 15361

1735226200
5.54 17.76 11.09 13387

1735226201
5.08 17.27 11.03 51525

1735226202
5.08 17.27 11.03 39960

1735226203
7.42 17.3 11.08 335249

1735226204
7.42 17.3 11.08 27775

1735226205
6.62 16.83 11.02 42900

1735226206
6.62 16.83 11.02 237540

1735226207
9.76 17.06 11.11 329397

1735226208
9.76 17.06 11.11 811138

1735226209
19.23 18.53 11.46 490408

1735226210
19.23 18.53 11.46 449354

1735226211
23.17 19.27 11.66 484896

1735226212
23.17 19.27 11.66 371978

1735226213
27.12 20.11 11.89 780783

1735226214
27.12 20.11 11.89 62775

1735226215
28.55 20.6 12.05 384264

1735226216
28.55 20.6 12.05 238612

1735226217
28.81 20.91 12.17 167884

1735226218
28.81 20.91 12.17 628693

1735226219
32.11 21.76 12.41 342517

1735226220
32.11 21.76 12.41 449209

1735226221
33.72 22.39 12.61 495670

1735226222
33.72 22.39 12.61 326726

1735226223
34.49 22.9 12.78 352854

1735226224
34.49 22.9 12.78 92467

1735226225
29.69 22.41 12.75 22965

1735226226
29.69 22.41 12.75 14249

1735226227
24.49 21.71 12.67 9197

1735226228
24.49 21.71 12.67 77231

1735226229
20.78 21.13 12.61 13392

1735226230
20.78 21.13 12.61 19945

1735226231
17.2 20.47 12.53 10232

1735226232
17.2 20.47 12.53 10091

1735226233
14.26 19.84 12.45 25026

1735226234
14.26 19.84 12.45 54175

1735226235
12.58 19.35 12.4 49597

1735226236
12.58 19.35 12.4 1940

1735226237
10.3 18.72 12.31 6376

1735226238
10.3 18.72 12.31 2039

1735226239
8.43 18.1 12.23 4862

1735226240
8.43 18.1 12.23 12289

1735226241
7.09 17.54 12.15 11651

1735226242
7.09 17.54 12.15 13383

1735226243
5.98 17.0 12.07 13422

1735226244
5.98 17.0 12.07 77899

1735226245
9.25 17.23 12.15 439675

1735226246
9.25 17.23 12.15 453337

1735226247
12.46 17.55 12.26 50123

1735226248
12.46 17.55 12.26 16764

1735226249
10.2 16.98 12.17 2347

1735226250
10.2 16.98 12.17 23563

1735226251
8.53 16.45 12.1 11370

1735226252
8.53 16.45 12.1 67123

1735226253
8.07 16.11 12.05 277010

1735226254
8.07 16.11 12.05 421136

1735226255
14.4 16.99 12.27 238546

1735226256
14.4 16.99 12.27 24943

1735226257
16.14 17.22 12.35 481806

1735226258
16.14 17.22 12.35 393998

1735226259
19.55 17.8 12.5 369002

1735226260
19.55 17.8 12.5 179847

1735226261
20.54 18.04 12.59 350447

1735226262
20.54 18.04 12.59 224225

1735226263
20.62 18.13 12.64 179759

1735226264
20.62 18.13 12.64 203857

1735226265
21.23 18.33 12.72 245238

1735226266
21.23 18.33 12.72 317521

1735226267
24.45 19.0 12.9 462029

1735226268
24.45 19.0 12.9 262815

1735226269
22.56 18.84 12.91 26992

1735226270
22.56 18.84 12.91 115014

1735226271
22.56 18.84 12.91 223069

1735226272
21.37 18.75 12.93 129691

1735226273
21.37 18.75 12.93 9880

1735226274
18.76 18.36 12.89 1033

1735226275
18.76 18.36 12.89 17647

1735226276
15.36 17.76 12.8 23532

1735226277
15.36 17.76 12.8 51739

1735226278
13.12 17.28 12.73 9606

1735226279
13.12 17.28 12.73 7738

1735226280
10.75 16.71 12.65 5067

1735226281
10.75 16.71 12.65 7329

1735226282
8.8 16.16 12.56 19659

1735226283
8.8 16.16 12.56 17937

1735226284
7.38 15.67 12.48 27848

1735226285
7.38 15.67 12.48 136297

1735226286
7.49 15.42 12.45 208369

1735226287
7.49 15.42 12.45 385539

1735226288
11.39 15.86 12.56 223901

1735226289
11.39 15.86 12.56 266878

1735226290
13.67 16.13 12.64 130040

1735226291
13.67 16.13 12.64 205160

1735226292
14.09 16.12 12.66 496432

1735226293
14.09 16.12 12.66 65002

1735226294
16.43 16.48 12.76 158194

1735226295
16.43 16.48 12.76 175294

1735226296
16.35 16.46 12.79 13899

1735226297
16.35 16.46 12.79 55164

1735226298
13.93 16.02 12.72 3510

1735226299
13.93 16.02 12.72 6698

1735226300
11.41 15.5 12.63 13264

1735226301
11.41 15.5 12.63 15512

1735226302
9.52 15.02 12.55 26962

1735226303
9.52 15.02 12.55 11190

1735226304
7.98 14.56 12.47 36332

1735226305
7.98 14.56 12.47 11266

1735226306
6.89 14.15 12.4 2797

1735226307
6.89 14.15 12.4 43074

1735226308
6.01 13.75 12.33 1242

1735226309
6.01 13.75 12.33 1714

1735226310
4.92 13.3 12.24 380

1735226311
4.92 13.3 12.24 138

1735226312
4.02 12.87 12.16 8784

1735226313
4.02 12.87 12.16 5624

1735226314
3.29 12.45 12.08 3058

1735226315
3.29 12.45 12.08 3980

1735226316
2.7 12.04 11.99 2548

1735226317
2.7 12.04 11.99 8899

1735226318
2.21 11.64 11.91 22786

1735226319
2.21 11.64 11.91 2569

1735226320
1.99 11.3 11.84 2871

1735226321
1.99 11.3 11.84 6784

1735226322
1.63 10.93 11.76 10109

1735226323
1.63 10.93 11.76 1947

1735226324
1.33 10.57 11.68 160346

1735226325
1.33 10.57 11.68 314847

1735226326
5.62 11.04 11.77 339328

1735226327
5.62 11.04 11.77 408063

1735226328
11.3 11.89 11.94 283983

1735226329
11.3 11.89 11.94 1795

1735226330
11.43 11.89 11.94 5205

1735226331
11.43 11.89 11.94 3083

1735226332
9.36 11.5 11.86 7592

1735226333
9.36 11.5 11.86 522

1735226334
7.66 11.13 11.78 151

1735226335
7.66 11.13 11.78 5990

1735226336
6.27 10.76 11.7 178

1735226337
6.27 10.76 11.7 6731

1735226338
5.13 10.41 11.62 152

1735226339
5.13 10.41 11.62 2682

1735226340
4.2 10.07 11.54 942

1735226341
4.2 10.07 11.54 19472

1735226342
3.62 9.77 11.46 30631

1735226343
3.62 9.77 11.46 13196

1735226344
3.15 9.48 11.39 12436

1735226345
3.15 9.48 11.39 6636

1735226346
2.57 9.17 11.31 18731

1735226347
2.57 9.17 11.31 66230

1735226348
2.83 9.0 11.26 10437

1735226349
2.83 9.0 11.26 28064

1735226350
2.5 8.74 11.19 14610

1735226351
2.5 8.74 11.19 244178

1735226352
4.58 8.91 11.21 224247

1735226353
4.58 8.91 11.21 103960

1735226354
6.47 9.11 11.24 144765

1735226355
6.47 9.11 11.24 285377

1735226356
9.64 9.6 11.33 380173

1735226357
9.64 9.6 11.33 502645

1735226358
15.5 10.66 11.54 553448

1735226359
15.5 10.66 11.54 138784

1735226360
18.49 11.36 11.68 3710

1735226361
18.49 11.36 11.68 1728

1735226362
15.14 10.99 11.6 43804

1735226363
15.14 10.99 11.6 700

1735226364
12.76 10.69 11.53 33677

1735226365
12.76 10.69 11.53 7301

1735226366
10.81 10.41 11.47 2038

1735226367
10.81 10.41 11.47 0

1735226368
8.85 10.07 11.39 29669

1735226369
8.85 10.07 11.39 3514

1735226370
7.43 9.77 11.32 10902

1735226371
7.43 9.77 11.32 3966

1735226372
6.08 9.45 11.24 1201

1735226373
6.08 9.45 11.24 28095

1735226374
5.16 9.17 11.17 8420

1735226375
5.16 9.17 11.17 35

1735226376
4.22 8.87 11.09 546

1735226377
4.22 8.87 11.09 52415

1735226378
4.0 8.68 11.04 74175

1735226379
4.0 8.68 11.04 28878

1735226380
4.0 8.53 10.99 5564

1735226381
4.0 8.53 10.99 22161

1735226382
3.45 8.28 10.92 26492

1735226383
3.45 8.28 10.92 63285

1735226384
3.55 8.14 10.87 27181

1735226385
3.55 8.14 10.87 7521

1735226386
3.09 7.91 10.8 118956

1735226387
5.43 8.17 10.84 232771

1735226388
5.43 8.17 10.84 204841

1735226389
5.43 8.17 10.84 274714

1735226390
9.15 8.75 10.94 189739

1735226391
9.15 8.75 10.94 210210

1735226392
10.76 9.06 10.99 9399

1735226393
10.76 9.06 10.99 18956

1735226394
8.99 8.79 10.92 7906

1735226395
8.99 8.79 10.92 2993

1735226396
7.36 8.5 10.85 3008

1735226397
7.36 8.5 10.85 5552

1735226398
6.02 8.23 10.77 4311

1735226399
6.02 8.23 10.77 217857

1735226400
7.29 8.38 10.79 80319

1735226401
7.29 8.38 10.79 40884

1735226402
6.51 8.21 10.74 116510

1735226403
6.51 8.21 10.74 45162

1735226404
6.6 8.17 10.71 63829

1735226405
6.6 8.17 10.71 9762

1735226406
5.94 8.0 10.66 12239

1735226407
5.94 8.0 10.66 30105

1735226408
5.77 7.9 10.62 72657

1735226409
5.77 7.9 10.62 0

1735226410
4.73 7.64 10.54 41703

1735226411
4.73 7.64 10.54 5675

1735226412
4.23 7.45 10.49 7705

1735226413
4.23 7.45 10.49 10857

1735226414
3.46 7.21 10.41 1746

1735226415
3.46 7.21 10.41 8922

1735226416
2.83 6.97 10.34 44355

1735226417
2.83 6.97 10.34 39597

1735226418
2.86 6.84 10.29 12623

1735226419
2.86 6.84 10.29 4149

1735226420
2.34 6.62 10.22 84224

1735226421
2.34 6.62 10.22 73802

1735226422
3.37 6.66 10.21 61583

1735226423
3.37 6.66 10.21 22991

1735226424
3.84 6.64 10.18 195542

1735226425
3.84 6.64 10.18 109441

1735226426
5.86 6.92 10.21 186858

1735226427
5.86 6.92 10.21 191437

1735226428
8.06 7.28 10.26 162199

1735226429
8.06 7.28 10.26 188415

1735226430
9.86 7.63 10.32 413379

1735226431
9.86 7.63 10.32 260498

1735226433
13.51 8.36 10.45 146115

1735226434
12.51 8.35 10.43 26255

1735226435
12.51 8.35 10.43 40720

1735226436
11.51 8.3 10.41 97006

1735226437
11.51 8.3 10.41 31612

1735226438
9.61 8.07 10.35 4129

1735226439
9.61 8.07 10.35 52088

1735226440
8.41 7.9 10.3 26997

1735226441
8.41 7.9 10.3 61860

1735226442
7.97 7.84 10.27 64979

1735226443
7.97 7.84 10.27 121245

1735226444
8.34 7.91 10.26 245706

1735226445
8.34 7.91 10.26 189492

1735226446
10.45 8.3 10.33 150028

1735226447
10.45 8.3 10.33 203303

1735226448
12.18 8.69 10.4 192933

1735226449
12.18 8.69 10.4 7542

1735226450
10.88 8.56 10.36 11054

1735226451
10.88 8.56 10.36 19903

1735226452
9.09 8.32 10.3 36302

1735226453
9.09 8.32 10.3 6478

1735226454
7.8 8.11 10.24 10525

1735226455
7.8 8.11 10.24 16940

1735226456
6.57 7.88 10.18 9303

1735226457
6.57 7.88 10.18 26156

1735226458
5.56 7.65 10.11 3019

1735226459
5.56 7.65 10.11 1589

1735226460
4.55 7.4 10.04 7547

1735226461
4.55 7.4 10.04 64140

1735226462
4.81 7.35 10.02 417940

1735226463
4.81 7.35 10.02 77956

1735226464
8.47 7.93 10.12 337041

1735226465
15.27 9.18 10.36 712656

1735226466
15.27 9.18 10.36 147834

1735226467
18.3 9.92 10.51 493066

1735226468
18.3 9.92 10.51 256768

1735226469
18.3 9.92 10.51 494964

1735226470
22.95 11.04 10.74 441676

1735226471
22.95 11.04 10.74 316925

1735226472
25.13 11.82 10.91 716670

1735226473
31.63 13.43 11.25 548091

1735226474
31.63 13.43 11.25 393939

1735226475
31.63 13.43 11.25 316948

1735226476
33.51 14.37 11.46 586604

1735226477
33.51 14.37 11.46 779096

1735226478
40.12 16.19 11.86 472426

1735226479
40.12 16.19 11.86 314617

1735226480
38.83 16.74 12.0 227142

1735226481
38.83 16.74 12.0 253161

1735226482
36.68 17.07 12.11 397003

1735226483
36.68 17.07 12.11 287986

1735226484
36.2 17.63 12.26 269241

1735226485
36.2 17.63 12.26 70513

1735226486
31.45 17.38 12.24 10977

1735226487
31.45 17.38 12.24 161052

1735226488
27.74 17.17 12.23 170751

1735226489
27.74 17.17 12.23 230108

1735226490
26.88 17.36 12.31 334117

1735226491
26.88 17.36 12.31 125244

1735226492
25.82 17.48 12.37 425380

1735226493
25.82 17.48 12.37 162381

1735226494
25.49 17.69 12.45 49339

1735226495
25.49 17.69 12.45 7689

1735226496
21.05 17.14 12.37 5297

1735226497
21.05 17.14 12.37 33601

1735226498
17.42 16.62 12.29 2355

1735226499
17.42 16.62 12.29 5729

1735226500
14.26 16.07 12.2 10914

1735226501
14.26 16.07 12.2 3935

1735226502
11.86 15.58 12.13 19927

1735226503
11.86 15.58 12.13 7278

1735226504
9.71 15.07 12.04 758

1735226505
9.71 15.07 12.04 1221

1735226506
7.95 14.57 11.96 16898

1735226507
7.95 14.57 11.96 13010

1735226508
6.69 14.13 11.89 9092

1735226509
6.69 14.13 11.89 11749

1735226510
5.66 13.7 11.81 10990

1735226511
5.66 13.7 11.81 1352

1735226512
4.63 13.25 11.73 9359

1735226513
4.63 13.25 11.73 9678

1735226514
3.79 12.82 11.65 5614

1735226515
3.79 12.82 11.65 2596

1735226516
3.1 12.4 11.57 1796

1735226517
3.1 12.4 11.57 14684

1735226518
2.54 11.99 11.49 5052

1735226519
2.54 11.99 11.49 231461

1735226520
6.06 12.32 11.56 489607

1735226521
6.06 12.32 11.56 787677

1735226522
15.11 13.75 11.87 550662

1735226523
15.11 13.75 11.87 430787

1735226524
21.07 14.87 12.11 57453

1735226525
21.07 14.87 12.11 4163

1735226526
17.25 14.38 12.03 14500

1735226527
17.25 14.38 12.03 84221

1735226528
14.85 14.04 11.98 39

1735226529
14.85 14.04 11.98 12991

1735226530
12.16 13.58 11.89 3022

1735226531
12.16 13.58 11.89 1848

1735226532
10.14 13.17 11.82 37025

1735226533
10.14 13.17 11.82 724

1735226534
8.3 12.74 11.74 6269

1735226535
8.3 12.74 11.74 51

1735226536
7.34 12.42 11.68 244575

1735226537
7.34 12.42 11.68 169007

1735226538
9.09 12.57 11.72 352

1735226539
9.09 12.57 11.72 1330

1735226540
7.44 12.16 11.63 4095

1735226541
7.44 12.16 11.63 980

1735226542
7.0 11.92 11.59 158875

1735226543
7.0 11.92 11.59 12227

1735226544
6.27 11.63 11.53 30151

1735226545
6.27 11.63 11.53 25495

1735226546
5.5 11.32 11.46 7465

1735226547
5.5 11.32 11.46 107399

1735226548
5.41 11.11 11.42 1728

1735226549
5.41 11.11 11.42 7465

1735226550
4.42 10.75 11.34 10698

1735226551
4.42 10.75 11.34 38166

1735226552
4.53 10.56 11.3 62332

1735226553
4.53 10.56 11.3 4094

1735226554
3.71 10.21 11.22 1655

1735226555
3.71 10.21 11.22 303096

1735226556
6.3 10.47 11.27 101853

1735226557
6.3 10.47 11.27 52522

1735226558
6.06 10.29 11.22 38432

1735226559
6.06 10.29 11.22 2661

1735226560
4.96 9.95 11.15 19635

1735226561
4.96 9.95 11.15 30673

1735226562
5.51 9.89 11.13 130332

1735226563
5.51 9.89 11.13 8667

1735226564
4.87 9.63 11.06 46641

1735226565
4.87 9.63 11.06 56583

1735226566
5.44 9.57 11.04 202168

1735226567
15.14 11.19 11.37 1189695

1735226568
15.14 11.19 11.37 291779

1735226569
15.14 11.19 11.37 446470

1735226570
22.18 12.59 11.66 677007

1735226571
22.18 12.59 11.66 482837

1735226572
28.49 14.04 11.97 827384

1735226573
28.49 14.04 11.97 372522

1735226574
34.56 15.61 12.31 852309

1735226575
34.56 15.61 12.31 271881

1735226576
36.45 16.58 12.54 288524

1735226577
36.45 16.58 12.54 403992

1735226578
36.91 17.31 12.72 295854

1735226579
36.91 17.31 12.72 512466

1735226580
36.56 17.89 12.87 220288

1735226581
36.56 17.89 12.87 233291

1735226582
34.83 18.19 12.97 703569

1735226583
36.31 19.0 13.17 529768

1735226584
36.31 19.0 13.17 342898

1735226585
36.31 19.0 13.17 162705

1735226586
36.25 19.55 13.33 629659

1735226587
36.25 19.55 13.33 397887

1735226588
39.4 21.25 13.77 941538

1735226590
39.4 21.25 13.77 204664

1735226591
39.4 21.25 13.77 374790

1735226592
38.6 21.7 13.92 751196

1735226593
38.13 22.17 14.07 429315

1735226594
37.02 22.49 14.19 428431

1735226596
33.21 22.28 14.21 369098

1735226598
33.21 22.28 14.21 2320

1735226599
33.21 22.28 14.21 403328

1735226600
32.99 22.6 14.33 165262

1735226601
32.99 22.6 14.33 164965

1735226602
29.73 22.35 14.33 146562

1735226603
29.73 22.35 14.33 236682

1735226604
27.6 22.21 14.36 154281

1735226605
27.6 22.21 14.36 134521

1735226606
25.14 21.94 14.36 161384

1735226607
23.12 21.68 14.35 224888

1735226608
23.12 21.68 14.35 182528

1735226609
23.12 21.68 14.35 300689

1735226610
25.09 22.08 14.49 459334

1735226611
25.09 22.08 14.49 106819

1735226612
24.53 22.08 14.54 226150

1735226613
26.24 22.47 14.67 955773

1735226615
26.24 22.47 14.67 114753

1735226616
26.92 22.71 14.78 518577

1735226618
29.65 23.35 14.96 765072

1735226619
31.71 23.92 15.14 838364

1735226620
31.71 23.92 15.14 333409

1735226621
33.39 24.48 15.32 141601

1735226622
34.95 25.06 15.5 1635649

1735226625
34.95 25.06 15.5 13986

1735226626
36.95 25.74 15.71 283436

1735226627
36.95 25.74 15.71 566568

1735226628
38.41 26.37 15.91 573612

1735226629
38.41 26.37 15.91 422198

1735226630
40.69 27.18 16.15 419784

1735226631
40.69 27.18 16.15 373501

1735226632
39.48 27.4 16.27 198104

1735226633
39.48 27.4 16.27 316665

1735226634
37.03 27.35 16.34 203313

1735226635
37.03 27.35 16.34 195405

1735226636
33.04 26.95 16.33 100466

1735226637
33.04 26.95 16.33 10305

1735226638
27.42 26.13 16.23 14203

1735226639
27.42 26.13 16.23 3427

1735226640
22.45 25.28 16.12 5767

1735226641
22.45 25.28 16.12 2810

1735226642
18.38 24.45 16.01 29401

1735226643
18.38 24.45 16.01 91553

1735226644
16.32 23.88 15.95 33013

1735226645
16.32 23.88 15.95 3474

1735226646
13.36 23.1 15.84 20679

1735226647
13.36 23.1 15.84 20322

1735226648
11.3 22.41 15.74 14541

1735226649
11.3 22.41 15.74 34899

1735226650
9.8 21.77 15.66 27813

1735226651
9.8 21.77 15.66 10278

1735226652
8.38 21.12 15.56 63096

1735226653
8.38 21.12 15.56 81465

1735226654
7.77 20.6 15.49 14420

1735226655
7.77 20.6 15.49 12306

1735226656
7.27 20.09 15.42 95044

1735226657
7.27 20.09 15.42 13376

1735226658
6.13 19.46 15.32 13898

1735226659
6.13 19.46 15.32 20583

1735226660
5.38 18.89 15.23 64258

1735226661
5.38 18.89 15.23 20505

1735226662
4.95 18.37 15.15 20370

1735226663
4.95 18.37 15.15 89322

1735226665
4.96 17.93 15.08 125244

1735226666
5.69 17.64 15.03 100095

1735226667
5.69 17.64 15.03 108493

1735226668
6.11 17.32 14.99 102158

1735226669
6.11 17.32 14.99 312296

1735226670
8.44 17.38 15.01 20000

1735226671
8.44 17.38 15.01 188122

1735226672
8.72 17.14 14.98 48892

1735226673
8.72 17.14 14.98 128195

1735226674
8.95 16.9 14.94 69274

1735226675
8.95 16.9 14.94 137368

1735226676
9.51 16.74 14.92 154287

1735226677
9.51 16.74 14.92 204863

1735226678
10.86 16.75 14.94 186828

1735226679
10.86 16.75 14.94 183195

1735226680
12.34 16.82 14.97 171311

1735226681
12.34 16.82 14.97 162432

1735226682
12.82 16.76 14.97 157591

1735226683
12.82 16.76 14.97 217986

1735226684
13.21 16.71 14.97 31155

1735226685
13.21 16.71 14.97 3810

1735226686
10.82 16.16 14.86 18598

1735226687
10.82 16.16 14.86 7790

1735226688
9.04 15.66 14.77 36649

1735226689
9.04 15.66 14.77 6107

1735226690
7.76 15.22 14.68 18286

1735226691
7.76 15.22 14.68 9803

1735226692
6.54 14.75 14.59 10859

1735226693
6.54 14.75 14.59 25818

1735226694
5.53 14.3 14.49 13837

1735226695
5.53 14.3 14.49 23743

1735226696
4.89 13.9 14.41 26213

1735226697
4.89 13.9 14.41 36548

1735226698
4.55 13.54 14.33 65381

1735226699
4.55 13.54 14.33 38652

1735226700
4.45 13.23 14.26 30592

1735226701
4.45 13.23 14.26 12681

1735226702
4.0 12.86 14.18 81699

1735226703
4.0 12.86 14.18 259509

1735226704
7.62 13.22 14.24 233523

1735226705
7.62 13.22 14.24 43306

1735226706
7.15 12.95 14.18 19329

1735226707
7.15 12.95 14.18 45137

1735226708
8.75 13.05 14.19 465766

1735226709
8.75 13.05 14.19 175932

1735226710
11.51 13.41 14.26 196895

1735226711
11.51 13.41 14.26 39402

1735226712
11.42 13.33 14.24 181421

1735226713
11.42 13.33 14.24 407671

1735226714
14.97 13.91 14.35 209697

1735226715
14.97 13.91 14.35 246320

1735226716
16.06 14.14 14.4 242615

1735226717
16.06 14.14 14.4 155978

1735226718
16.23 14.24 14.42 94106

1735226719
16.23 14.24 14.42 19699

1735226720
13.47 13.8 14.32 6185

1735226721
13.47 13.8 14.32 30181

1735226722
11.39 13.42 14.24 30425

1735226723
11.39 13.42 14.24 52809

1735226724
9.87 13.08 14.16 13039

1735226725
9.87 13.08 14.16 3028

1735226726
8.08 12.65 14.07 34068

1735226727
8.08 12.65 14.07 8648

1735226728
7.16 12.33 13.99 32155

1735226729
7.16 12.33 13.99 15402

1735226730
6.04 11.96 13.9 24622

1735226731
6.04 11.96 13.9 6274

1735226732
4.95 11.57 13.81 2573

1735226733
4.95 11.57 13.81 18157

1735226734
4.77 11.32 13.74 78470

1735226735
4.77 11.32 13.74 55862

1735226736
5.9 11.31 13.72 266804

1735226737
5.9 11.31 13.72 50018

1735226738
6.64 11.27 13.69 60984

1735226739
6.64 11.27 13.69 155373

1735226740
7.97 11.36 13.7 214725

1735226741
7.97 11.36 13.7 151471

1735226742
9.79 11.57 13.73 408926

1735226743
9.79 11.57 13.73 355371

1735226744
15.08 12.47 13.9 168179

1735226746
13.25 12.23 13.84 118619

1735226747
13.25 12.23 13.84 42089

1735226748
12.48 12.12 13.8 141292

1735226749
12.48 12.12 13.8 2137

1735226750
10.22 11.72 13.71 1586

1735226751
10.22 11.72 13.71 155202

1735226752
11.27 11.86 13.72 244829

1735226753
11.27 11.86 13.72 372386

1735226754
14.12 12.36 13.82 156252

1735226755
14.12 12.36 13.82 123849

1735226757
15.54 12.67 13.87 1037574

1735226758
23.6 14.22 14.19 587578

1735226759
23.6 14.22 14.19 869460

1735226760
32.73 16.18 14.6 1017784

1735226761
32.73 16.18 14.6 513889

1735226762
40.38 18.1 15.01 807426

1735226763
40.38 18.1 15.01 799917

1735226764
46.65 19.96 15.42 717866

1735226765
46.65 19.96 15.42 592235

1735226766
51.79 21.76 15.83 896861

1735226767
51.79 21.76 15.83 656403

1735226768
56.35 23.57 16.25 1206609

1735226769
56.35 23.57 16.25 142767

1735226770
56.83 24.73 16.54 850520

1735226771
56.83 24.73 16.54 530220

1735226772
56.14 25.66 16.79 410527

1735226773
53.03 26.09 16.94 655619

1735226774
53.03 26.09 16.94 952094

1735226775
53.03 26.09 16.94 209850

1735226776
56.47 27.59 17.32 322303

1735226777
56.47 27.59 17.32 436869

1735226778
54.21 28.13 17.5 697589

1735226779
54.21 28.13 17.5 243435

1735226780
53.44 28.85 17.72 879438

1735226781
53.44 28.85 17.72 896751

1735226782
57.35 30.36 18.11 810493

1735226783
57.35 30.36 18.11 470211

1735226784
58.73 31.49 18.43 526331

1735226785
62.22 33.01 18.84 1359655

1735226786
62.22 33.01 18.84 537892

1735226787
62.22 33.01 18.84 544862

1735226788
63.45 34.19 19.18 628873

1735226789
66.09 35.62 19.59 1318433

1735226790
66.09 35.62 19.59 198825

1735226791
66.09 35.62 19.59 975638

1735226792
67.88 36.94 19.97 763612

1735226793
69.17 38.19 20.35 992072

1735226794
69.17 38.19 20.35 652163

1735226795
69.17 38.19 20.35 721277

1735226796
72.76 39.85 20.82 833974

1735226797
72.76 39.85 20.82 443539

1735226798
71.35 40.67 21.12 936775

1735226799
69.48 41.34 21.39 643384

1735226800
69.48 41.34 21.39 528749

1735226801
69.48 41.34 21.39 310603

1735226802
66.13 41.65 21.6 764009

1735226803
63.57 41.99 21.8 606882

1735226804
62.2 42.45 22.04 1046334

1735226806
62.2 42.45 22.04 8909

1735226807
62.2 42.45 22.04 535226

1735226808
57.09 42.17 22.12 229300

1735226809
57.09 42.17 22.12 371575

1735226810
52.54 41.84 22.19 177321

1735226811
52.54 41.84 22.19 46299

1735226812
44.29 40.7 22.08 31104

1735226813
44.29 40.7 22.08 64410

1735226814
36.99 39.5 21.96 37340

1735226815
36.99 39.5 21.96 202969

1735226816
32.83 38.67 21.91 167668

1735226817
32.83 38.67 21.91 251106

1735226818
30.86 38.12 21.91 209986

1735226819
30.86 38.12 21.91 68783

1735226820
27.08 37.2 21.82 140160

1735226821
27.08 37.2 21.82 198571

1735226822
25.8 36.64 21.81 304272

1735226823
25.8 36.64 21.81 185734

1735226824
25.83 36.29 21.84 349330

1735226825
25.83 36.29 21.84 61847

1735226826
23.69 35.56 21.79 15903

1735226827
23.69 35.56 21.79 8446

1735226828
19.58 34.43 21.64 7933

1735226829
19.58 34.43 21.64 4748

1735226830
16.03 33.3 21.5 26100

1735226831
16.03 33.3 21.5 56195

1735226832
13.85 32.34 21.38 16028

1735226833
13.85 32.34 21.38 4979

1735226834
12.06 31.41 21.26 131297

1735226835
12.06 31.41 21.26 29542

1735226836
10.78 30.55 21.15 122436

1735226837
10.78 30.55 21.15 92230

1735226838
11.37 30.01 21.1 180614

1735226839
11.37 30.01 21.1 174271

1735226840
11.66 29.45 21.04 55525

1735226841
11.66 29.45 21.04 14245

1735226842
10.09 28.59 20.92 14782

1735226843
10.09 28.59 20.92 21087

1735226844
8.44 27.68 20.78 10520

1735226845
8.44 27.68 20.78 198561

1735226846
9.81 27.3 20.75 185137

1735226847
9.81 27.3 20.75 114583

1735226848
9.66 26.7 20.67 2425

1735226849
9.66 26.7 20.67 30006

1735226850
8.09 25.86 20.53 15038

1735226851
8.09 25.86 20.53 761

1735226852
6.81 25.05 20.4 42577

1735226853
6.81 25.05 20.4 2671

1735226854
5.75 24.26 20.27 12490

1735226855
5.75 24.26 20.27 3039

1735226856
4.71 23.46 20.13 16411

1735226857
4.71 23.46 20.13 35549

1735226858
4.94 22.89 20.03 106659

1735226859
4.94 22.89 20.03 3654

1735226860
4.23 22.18 19.9 7285

1735226861
4.23 22.18 19.9 309198

1735226862
6.9 22.07 19.89 113049

1735226863
6.9 22.07 19.89 68132

1735226864
6.92 21.58 19.81 44823

1735226865
6.92 21.58 19.81 21316

1735226866
6.39 21.0 19.7 92409

1735226867
6.39 21.0 19.7 18391

1735226868
5.77 20.41 19.58 22951

1735226869
5.77 20.41 19.58 73663

1735226870
5.63 19.91 19.48 34661

1735226871
5.63 19.91 19.48 2916

1735226872
4.61 19.26 19.35 3691

1735226873
4.61 19.26 19.35 4560

1735226874
3.77 18.63 19.22 24440

1735226875
3.77 18.63 19.22 13183

1735226876
3.45 18.08 19.1 22017

1735226877
3.45 18.08 19.1 9277

1735226878
3.01 17.52 18.97 30305

1735226879
3.01 17.52 18.97 123949

1735226880
4.64 17.34 18.93 287952

1735226881
4.64 17.34 18.93 108936

1735226882
7.06 17.36 18.92 116444

1735226883
7.06 17.36 18.92 55661

1735226884
7.04 17.02 18.84 58290

1735226885
7.04 17.02 18.84 19315

1735226886
6.31 16.56 18.73 118005

1735226887
6.31 16.56 18.73 52840

1735226888
6.25 16.22 18.64 13748

1735226889
6.25 16.22 18.64 10078

1735226890
5.3 15.72 18.52 9895

1735226891
5.3 15.72 18.52 43011

1735226892
5.61 15.43 18.44 129918

1735226893
5.61 15.43 18.44 101

1735226894
4.95 14.99 18.33 40914

