1735196808
0.0 0.0 0.0

1735196809
0.0 0.0 0.0

1735196810
0.0 0.0 0.0

1735196811
0.0 0.0 0.0

1735196812
0.0 0.0 0.0

1735196813
0.0 0.0 0.0

1735196814
0.0 0.0 0.0

1735196815
0.0 0.0 0.0

1735196816
0.0 0.0 0.0

1735196817
0.0 0.0 0.0

1735196818
0.0 0.0 0.0

1735196819
0.0 0.0 0.0

1735196820
0.0 0.0 0.0

1735196821
0.0 0.0 0.0

1735196822
0.0 0.0 0.0

1735196823
0.0 0.0 0.0

1735196824
0.0 0.0 0.0

1735196825
0.0 0.0 0.0

1735196826
0.0 0.0 0.0

1735196827
0.0 0.0 0.0

1735196828
0.0 0.0 0.0

1735196829
0.0 0.0 0.0

1735196830
0.0 0.0 0.0

1735196831
0.0 0.0 0.0

1735196832
0.0 0.0 0.0

1735196833
0.0 0.0 0.0

1735196835
0.0 0.0 0.0

1735196836
0.0 0.0 0.0

1735196837
0.0 0.0 0.0

1735196838
0.0 0.0 0.0

1735196839
0.0 0.0 0.0

1735196840
0.0 0.0 0.0

1735196841
0.0 0.0 0.0

1735196842
0.0 0.0 0.0

1735196843
0.0 0.0 0.0

1735196844
0.0 0.0 0.0

1735196846
0.0 0.0 0.0

1735196847
0.0 0.0 0.0

1735196848
0.0 0.0 0.0

1735196849
0.0 0.0 0.0

1735196850
0.0 0.0 0.0

1735196851
0.0 0.0 0.0

1735196854
0.0 0.0 0.0

1735196855
0.0 0.0 0.0

1735196856
0.0 0.0 0.0

1735196857
0.0 0.0 0.0

1735196858
0.0 0.0 0.0

1735196859
0.0 0.0 0.0

1735196860
0.0 0.0 0.0

1735196861
0.0 0.0 0.0

1735196862
0.0 0.0 0.0

1735196863
0.0 0.0 0.0

1735196864
0.0 0.0 0.0

1735196865
0.0 0.0 0.0

1735196866
0.0 0.0 0.0

1735196867
0.0 0.0 0.0

1735196868
0.0 0.0 0.0

1735196871
0.0 0.0 0.0

1735196872
0.0 0.0 0.0

1735196873
0.0 0.0 0.0

1735196874
0.0 0.0 0.0

1735196875
0.0 0.0 0.0

1735196877
0.0 0.0 0.0

1735196878
0.0 0.0 0.0

1735196879
0.0 0.0 0.0

1735196880
0.0 0.0 0.0

1735196881
0.0 0.0 0.0

1735196882
0.0 0.0 0.0

1735196883
0.0 0.0 0.0

1735196884
0.0 0.0 0.0

1735196885
0.0 0.0 0.0

1735196886
0.0 0.0 0.0

1735196887
0.0 0.0 0.0

1735196888
0.0 0.0 0.0

1735196890
0.0 0.0 0.0

1735196891
0.0 0.0 0.0

1735196892
0.0 0.0 0.0

1735196894
0.0 0.0 0.0

1735196895
0.0 0.0 0.0

1735196898
0.0 0.0 0.0

1735196899
0.0 0.0 0.0

1735196900
0.0 0.0 0.0

1735196901
0.0 0.0 0.0

1735196902
0.0 0.0 0.0

1735196903
0.0 0.0 0.0

1735196904
0.0 0.0 0.0

1735196905
0.0 0.0 0.0

1735196908
0.0 0.0 0.0

1735196909
0.0 0.0 0.0

1735196910
0.0 0.0 0.0

1735196912
0.0 0.0 0.0

1735196915
0.0 0.0 0.0

1735196916
0.0 0.0 0.0

1735196918
0.0 0.0 0.0

1735196919
0.0 0.0 0.0

1735196920
0.0 0.0 0.0

1735196923
0.0 0.0 0.0

1735196924
0.0 0.0 0.0

1735196929
0.0 0.0 0.0

1735196930
0.0 0.0 0.0

1735196931
0.0 0.0 0.0

1735196934
0.0 0.0 0.0

1735196935
0.0 0.0 0.0

1735196938
0.0 0.0 0.0

1735196939
0.0 0.0 0.0

1735196942
0.0 0.0 0.0

1735196943
0.0 0.0 0.0

1735196944
0.0 0.0 0.0

1735196945
0.0 0.0 0.0

1735196946
0.0 0.0 0.0

1735196947
0.0 0.0 0.0

1735196948
0.0 0.0 0.0

1735196949
0.0 0.0 0.0

1735196950
0.0 0.0 0.0

1735196953
0.0 0.0 0.0

1735196954
0.0 0.0 0.0

1735196955
0.0 0.0 0.0

1735196956
0.0 0.0 0.0

1735196957
0.0 0.0 0.0

1735196958
0.0 0.0 0.0

1735196959
0.0 0.0 0.0

1735196960
0.0 0.0 0.0

1735196964
0.0 0.0 0.0

1735196965
0.0 0.0 0.0

1735196968
0.0 0.0 0.0

1735196969
0.0 0.0 0.0

1735196971
0.0 0.0 0.0

1735196972
0.0 0.0 0.0

1735196973
0.0 0.0 0.0

1735196974
0.0 0.0 0.0

1735196976
0.0 0.0 0.0

1735196979
0.0 0.0 0.0

1735196981
0.0 0.0 0.0

1735196982
0.0 0.0 0.0

1735196984
0.0 0.0 0.0

1735196985
0.0 0.0 0.0

1735196986
0.0 0.0 0.0

1735196988
0.0 0.0 0.0

1735196989
0.0 0.0 0.0

1735196990
0.0 0.0 0.0

1735196994
0.0 0.0 0.0

1735196995
0.0 0.0 0.0

1735196997
0.0 0.0 0.0

1735196998
0.0 0.0 0.0

1735197002
0.0 0.0 0.0

1735197003
0.0 0.0 0.0

1735197005
0.0 0.0 0.0

1735197006
0.0 0.0 0.0

1735197007
0.0 0.0 0.0

1735197010
0.0 0.0 0.0

1735197011
0.0 0.0 0.0

1735197012
0.0 0.0 0.0

1735197013
0.0 0.0 0.0

1735197014
0.0 0.0 0.0

1735197015
0.0 0.0 0.0

1735197016
0.0 0.0 0.0

1735197017
0.0 0.0 0.0

1735197021
0.0 0.0 0.0

1735197022
0.0 0.0 0.0

1735197023
0.0 0.0 0.0

1735197026
0.0 0.0 0.0

1735197027
0.0 0.0 0.0

1735197029
0.0 0.0 0.0

1735197030
0.0 0.0 0.0

1735197031
0.0 0.0 0.0

1735197033
0.0 0.0 0.0

1735197035
0.0 0.0 0.0

1735197036
0.0 0.0 0.0

1735197037
0.0 0.0 0.0

1735197038
0.0 0.0 0.0

1735197040
0.0 0.0 0.0

1735197041
0.0 0.0 0.0

1735197044
0.0 0.0 0.0

1735197045
0.0 0.0 0.0

1735197048
0.0 0.0 0.0

1735197050
0.0 0.0 0.0

1735197053
0.0 0.0 0.0

1735197054
0.0 0.0 0.0

1735197055
0.0 0.0 0.0

1735197057
0.0 0.0 0.0

1735197059
0.0 0.0 0.0

1735197061
0.0 0.0 0.0

1735197064
0.0 0.0 0.0

1735197065
0.0 0.0 0.0

1735197068
0.0 0.0 0.0

1735197069
0.0 0.0 0.0

1735197070
0.0 0.0 0.0

1735197071
0.0 0.0 0.0

1735197072
0.0 0.0 0.0

1735197074
0.0 0.0 0.0

1735197075
0.0 0.0 0.0

1735197076
0.0 0.0 0.0

1735197077
0.0 0.0 0.0

1735197078
0.0 0.0 0.0

1735197079
0.0 0.0 0.0

1735197083
0.0 0.0 0.0

1735197084
0.0 0.0 0.0

1735197085
0.0 0.0 0.0

1735197087
0.0 0.0 0.0

1735197088
0.0 0.0 0.0

1735197092
0.0 0.0 0.0

1735197095
0.0 0.0 0.0

1735197096
0.0 0.0 0.0

1735197097
0.0 0.0 0.0

1735197099
0.0 0.0 0.0

1735197100
0.0 0.0 0.0

1735197101
0.0 0.0 0.0

1735197102
0.0 0.0 0.0

1735197105
0.0 0.0 0.0

1735197106
0.0 0.0 0.0

1735197111
0.0 0.0 0.0

1735197112
0.0 0.0 0.0

1735197113
0.0 0.0 0.0

1735197114
0.0 0.0 0.0

1735197118
0.0 0.0 0.0

1735197119
0.0 0.0 0.0

1735197122
0.0 0.0 0.0

1735197125
0.0 0.0 0.0

1735197129
0.0 0.0 0.0

1735197130
0.0 0.0 0.0

1735197134
0.0 0.0 0.0

1735197136
0.0 0.0 0.0

1735197137
0.0 0.0 0.0

1735197138
0.0 0.0 0.0

1735197139
0.0 0.0 0.0

1735197140
0.0 0.0 0.0

1735197141
0.0 0.0 0.0

1735197142
0.0 0.0 0.0

1735197145
0.0 0.0 0.0

1735197146
0.0 0.0 0.0

1735197147
0.0 0.0 0.0

1735197148
0.0 0.0 0.0

1735197149
0.0 0.0 0.0

1735197150
0.0 0.0 0.0

1735197151
0.0 0.0 0.0

1735197152
0.0 0.0 0.0

1735197153
0.0 0.0 0.0

1735197154
0.0 0.0 0.0

1735197155
0.0 0.0 0.0

1735197156
0.0 0.0 0.0

1735197157
0.0 0.0 0.0

1735197158
0.0 0.0 0.0

1735197160
0.0 0.0 0.0

1735197161
0.0 0.0 0.0

1735197162
0.0 0.0 0.0

1735197163
0.0 0.0 0.0

1735197165
0.0 0.0 0.0

1735197169
0.0 0.0 0.0

1735197172
0.0 0.0 0.0

1735197174
0.0 0.0 0.0

1735197176
0.0 0.0 0.0

1735197177
0.0 0.0 0.0

1735197178
0.0 0.0 0.0

1735197179
0.0 0.0 0.0

1735197180
0.0 0.0 0.0

1735197182
0.0 0.0 0.0

1735197183
0.0 0.0 0.0

1735197184
0.0 0.0 0.0

1735197185
0.0 0.0 0.0

1735197186
0.0 0.0 0.0

1735197189
0.0 0.0 0.0

1735197191
0.0 0.0 0.0

1735197192
0.0 0.0 0.0

1735197193
0.0 0.0 0.0

1735197194
0.0 0.0 0.0

1735197195
0.0 0.0 0.0

1735197196
0.0 0.0 0.0

1735197197
0.0 0.0 0.0

1735197198
0.0 0.0 0.0

1735197200
0.0 0.0 0.0

1735197201
0.0 0.0 0.0

1735197206
0.0 0.0 0.0

1735197207
0.0 0.0 0.0

1735197208
0.0 0.0 0.0

1735197209
0.0 0.0 0.0

1735197210
0.0 0.0 0.0

1735197211
0.0 0.0 0.0

1735197214
0.0 0.0 0.0

1735197216
0.0 0.0 0.0

1735197217
0.0 0.0 0.0

1735197218
0.0 0.0 0.0

1735197219
0.0 0.0 0.0

1735197220
0.0 0.0 0.0

1735197221
0.0 0.0 0.0

1735197223
0.0 0.0 0.0

1735197224
0.0 0.0 0.0

1735197225
0.0 0.0 0.0

1735197226
0.0 0.0 0.0

1735197227
0.0 0.0 0.0

1735197230
0.0 0.0 0.0

1735197231
0.0 0.0 0.0

1735197233
0.0 0.0 0.0

1735197234
0.0 0.0 0.0

1735197235
0.0 0.0 0.0

1735197237
0.0 0.0 0.0

1735197238
0.0 0.0 0.0

1735197239
0.0 0.0 0.0

1735197240
0.0 0.0 0.0

1735197242
0.0 0.0 0.0

1735197243
0.0 0.0 0.0

1735197245
0.0 0.0 0.0

1735197246
0.0 0.0 0.0

1735197247
0.0 0.0 0.0

1735197248
0.0 0.0 0.0

1735197249
0.0 0.0 0.0

1735197250
0.0 0.0 0.0

1735197251
0.0 0.0 0.0

1735197252
0.0 0.0 0.0

1735197253
0.0 0.0 0.0

1735197254
0.0 0.0 0.0

1735197255
0.0 0.0 0.0

1735197256
0.0 0.0 0.0

1735197257
0.0 0.0 0.0

1735197258
0.0 0.0 0.0

1735197259
0.0 0.0 0.0

1735197260
0.0 0.0 0.0

1735197261
0.0 0.0 0.0

1735197262
0.0 0.0 0.0

1735197263
0.0 0.0 0.0

1735197264
0.0 0.0 0.0

1735197265
0.0 0.0 0.0

1735197267
0.0 0.0 0.0

1735197268
0.0 0.0 0.0

1735197269
0.0 0.0 0.0

1735197270
0.0 0.0 0.0

1735197271
0.0 0.0 0.0

1735197273
0.0 0.0 0.0

1735197275
0.0 0.0 0.0

1735197277
0.0 0.0 0.0

1735197278
0.0 0.0 0.0

1735197280
0.0 0.0 0.0

1735197281
0.0 0.0 0.0

1735197283
0.0 0.0 0.0

1735197284
0.0 0.0 0.0

1735197285
0.0 0.0 0.0

1735197286
0.0 0.0 0.0

1735197287
0.0 0.0 0.0

1735197288
0.0 0.0 0.0

1735197292
0.0 0.0 0.0

1735197293
0.0 0.0 0.0

1735197295
0.0 0.0 0.0

1735197296
0.0 0.0 0.0

1735197299
0.0 0.0 0.0

1735197300
0.0 0.0 0.0

1735197301
0.0 0.0 0.0

1735197305
0.0 0.0 0.0

1735197307
0.0 0.0 0.0

1735197309
0.0 0.0 0.0

1735197310
0.0 0.0 0.0

1735197315
0.0 0.0 0.0

1735197316
0.0 0.0 0.0

1735197320
0.0 0.0 0.0

1735197321
0.0 0.0 0.0

1735197322
0.0 0.0 0.0

1735197323
0.0 0.0 0.0

1735197324
0.0 0.0 0.0

1735197326
0.0 0.0 0.0

1735197327
0.0 0.0 0.0

1735197330
0.0 0.0 0.0

1735197331
0.0 0.0 0.0

1735197332
0.0 0.0 0.0

1735197333
0.0 0.0 0.0

1735197337
0.0 0.0 0.0

1735197338
0.0 0.0 0.0

1735197339
0.0 0.0 0.0

1735197340
0.0 0.0 0.0

1735197342
0.0 0.0 0.0

1735197343
0.0 0.0 0.0

1735197345
0.0 0.0 0.0

1735197346
0.0 0.0 0.0

1735197348
0.0 0.0 0.0

1735197349
0.0 0.0 0.0

1735197352
0.0 0.0 0.0

1735197353
0.0 0.0 0.0

1735197357
0.0 0.0 0.0

1735197358
0.0 0.0 0.0

1735197359
0.0 0.0 0.0

1735197361
0.0 0.0 0.0

1735197362
0.0 0.0 0.0

1735197363
0.0 0.0 0.0

1735197364
0.0 0.0 0.0

1735197368
0.0 0.0 0.0

1735197369
0.0 0.0 0.0

1735197372
0.0 0.0 0.0

1735197373
0.0 0.0 0.0

1735197374
0.0 0.0 0.0

1735197375
0.0 0.0 0.0

1735197377
0.0 0.0 0.0

1735197378
0.0 0.0 0.0

1735197379
0.0 0.0 0.0

1735197380
0.0 0.0 0.0

1735197382
0.0 0.0 0.0

1735197383
0.0 0.0 0.0

1735197384
0.0 0.0 0.0

1735197385
0.0 0.0 0.0

1735197387
0.0 0.0 0.0

1735197389
0.0 0.0 0.0

1735197390
0.0 0.0 0.0

1735197391
0.0 0.0 0.0

1735197392
0.0 0.0 0.0

1735197393
0.0 0.0 0.0

1735197396
0.0 0.0 0.0

1735197397
0.0 0.0 0.0

1735197398
0.0 0.0 0.0

1735197400
0.0 0.0 0.0

1735197401
0.0 0.0 0.0

1735197402
0.0 0.0 0.0

1735197407
0.0 0.0 0.0

1735197411
0.0 0.0 0.0

1735197412
0.0 0.0 0.0

1735197413
0.0 0.0 0.0

1735197415
0.0 0.0 0.0

1735197416
0.0 0.0 0.0

1735197417
0.0 0.0 0.0

1735197419
0.0 0.0 0.0

1735197420
0.0 0.0 0.0

1735197421
0.0 0.0 0.0

1735197423
0.0 0.0 0.0

1735197427
0.0 0.0 0.0

1735197428
0.0 0.0 0.0

1735197431
0.0 0.0 0.0

1735197432
0.0 0.0 0.0

1735197433
0.0 0.0 0.0

1735197435
0.0 0.0 0.0

1735197436
0.0 0.0 0.0

1735197437
0.0 0.0 0.0

1735197438
0.0 0.0 0.0

1735197444
0.0 0.0 0.0

1735197445
0.0 0.0 0.0

1735197446
0.0 0.0 0.0

1735197447
0.0 0.0 0.0

1735197448
0.0 0.0 0.0

1735197451
0.0 0.0 0.0

1735197452
0.0 0.0 0.0

1735197453
0.0 0.0 0.0

1735197455
0.0 0.0 0.0

1735197456
0.0 0.0 0.0

1735197457
0.0 0.0 0.0

1735197458
0.0 0.0 0.0

1735197461
0.0 0.0 0.0

1735197462
0.0 0.0 0.0

1735197463
0.0 0.0 0.0

1735197466
0.0 0.0 0.0

1735197468
0.0 0.0 0.0

1735197469
0.0 0.0 0.0

1735197470
0.0 0.0 0.0

1735197471
0.0 0.0 0.0

1735197473
0.0 0.0 0.0

1735197474
0.0 0.0 0.0

1735197475
0.0 0.0 0.0

1735197476
0.0 0.0 0.0

1735197477
0.0 0.0 0.0

1735197479
0.0 0.0 0.0

1735197480
0.0 0.0 0.0

1735197482
0.0 0.0 0.0

1735197483
0.0 0.0 0.0

1735197484
0.0 0.0 0.0

1735197485
0.0 0.0 0.0

1735197489
0.0 0.0 0.0

1735197490
0.0 0.0 0.0

1735197491
0.0 0.0 0.0

1735197492
0.0 0.0 0.0

1735197494
0.0 0.0 0.0

1735197495
0.0 0.0 0.0

1735197496
0.0 0.0 0.0

1735197498
0.0 0.0 0.0

1735197500
0.0 0.0 0.0

1735197501
0.0 0.0 0.0

1735197503
0.0 0.0 0.0

1735197504
0.0 0.0 0.0

1735197505
0.0 0.0 0.0

1735197507
0.0 0.0 0.0

1735197511
0.0 0.0 0.0

1735197512
0.0 0.0 0.0

1735197513
0.0 0.0 0.0

1735197514
0.0 0.0 0.0

1735197515
0.0 0.0 0.0

1735197516
0.0 0.0 0.0

1735197521
0.0 0.0 0.0

1735197522
0.0 0.0 0.0

1735197524
0.0 0.0 0.0

1735197527
0.0 0.0 0.0

1735197530
0.0 0.0 0.0

1735197531
0.0 0.0 0.0

1735197532
0.0 0.0 0.0

1735197533
0.0 0.0 0.0

1735197535
0.0 0.0 0.0

1735197536
0.0 0.0 0.0

1735197537
0.0 0.0 0.0

1735197541
0.0 0.0 0.0

1735197542
0.0 0.0 0.0

1735197543
0.0 0.0 0.0

1735197544
0.0 0.0 0.0

1735197545
0.0 0.0 0.0

1735197546
0.0 0.0 0.0

1735197547
0.0 0.0 0.0

1735197549
0.0 0.0 0.0

1735197550
0.0 0.0 0.0

1735197551
0.0 0.0 0.0

1735197552
0.0 0.0 0.0

1735197553
0.0 0.0 0.0

1735197554
0.0 0.0 0.0

1735197557
0.0 0.0 0.0

1735197563
0.0 0.0 0.0

1735197566
0.0 0.0 0.0

1735197567
0.0 0.0 0.0

1735197571
0.0 0.0 0.0

1735197572
0.0 0.0 0.0

1735197573
0.0 0.0 0.0

1735197574
0.0 0.0 0.0

1735197576
0.0 0.0 0.0

1735197577
0.0 0.0 0.0

1735197578
0.0 0.0 0.0

1735197579
0.0 0.0 0.0

1735197580
0.0 0.0 0.0

1735197581
0.0 0.0 0.0

1735197582
0.0 0.0 0.0

1735197583
0.0 0.0 0.0

1735197585
0.0 0.0 0.0

1735197586
0.0 0.0 0.0

1735197587
0.0 0.0 0.0

1735197588
0.0 0.0 0.0

1735197589
0.0 0.0 0.0

1735197590
0.0 0.0 0.0

1735197591
0.0 0.0 0.0

1735197592
0.0 0.0 0.0

1735197601
0.0 0.0 0.0

1735197602
0.0 0.0 0.0

1735197604
0.0 0.0 0.0

1735197610
0.0 0.0 0.0

1735197611
0.0 0.0 0.0

1735197612
0.0 0.0 0.0

1735197613
0.0 0.0 0.0

1735197614
0.0 0.0 0.0

1735197617
0.0 0.0 0.0

1735197618
0.0 0.0 0.0

1735197619
0.0 0.0 0.0

1735197620
0.0 0.0 0.0

1735197621
0.0 0.0 0.0

1735197622
0.0 0.0 0.0

1735197623
0.0 0.0 0.0

1735197625
0.0 0.0 0.0

1735197626
0.0 0.0 0.0

1735197627
0.0 0.0 0.0

1735197628
0.0 0.0 0.0

1735197629
0.0 0.0 0.0

1735197630
0.0 0.0 0.0

1735197633
0.0 0.0 0.0

1735197634
0.0 0.0 0.0

1735197635
0.0 0.0 0.0

1735197637
0.0 0.0 0.0

1735197638
0.0 0.0 0.0

1735197639
0.0 0.0 0.0

1735197640
0.0 0.0 0.0

1735197641
0.0 0.0 0.0

1735197642
0.0 0.0 0.0

1735197644
0.0 0.0 0.0

1735197645
0.0 0.0 0.0

1735197646
0.0 0.0 0.0

1735197647
0.0 0.0 0.0

1735197649
0.0 0.0 0.0

1735197650
0.0 0.0 0.0

1735197654
0.0 0.0 0.0

1735197655
0.0 0.0 0.0

1735197657
0.0 0.0 0.0

1735197658
0.0 0.0 0.0

1735197659
0.0 0.0 0.0

1735197661
0.0 0.0 0.0

1735197662
0.0 0.0 0.0

1735197663
0.0 0.0 0.0

1735197665
0.0 0.0 0.0

1735197667
0.0 0.0 0.0

1735197668
0.0 0.0 0.0

1735197669
0.0 0.0 0.0

1735197670
0.0 0.0 0.0

1735197672
0.0 0.0 0.0

1735197673
0.0 0.0 0.0

1735197677
0.0 0.0 0.0

1735197678
0.0 0.0 0.0

1735197680
0.0 0.0 0.0

1735197681
0.0 0.0 0.0

1735197685
0.0 0.0 0.0

1735197686
0.0 0.0 0.0

1735197687
0.0 0.0 0.0

1735197688
0.0 0.0 0.0

1735197690
0.0 0.0 0.0

1735197691
0.0 0.0 0.0

1735197692
0.0 0.0 0.0

1735197693
0.0 0.0 0.0

1735197694
0.0 0.0 0.0

1735197695
0.0 0.0 0.0

1735197696
0.0 0.0 0.0

1735197699
0.0 0.0 0.0

1735197702
0.0 0.0 0.0

1735197703
0.0 0.0 0.0

1735197704
0.0 0.0 0.0

1735197705
0.0 0.0 0.0

1735197706
0.0 0.0 0.0

1735197707
0.0 0.0 0.0

1735197708
0.0 0.0 0.0

1735197709
0.0 0.0 0.0

1735197710
0.0 0.0 0.0

1735197714
0.0 0.0 0.0

1735197715
0.0 0.0 0.0

1735197716
0.0 0.0 0.0

1735197717
0.0 0.0 0.0

1735197718
0.0 0.0 0.0

1735197720
0.0 0.0 0.0

1735197721
0.0 0.0 0.0

1735197723
0.0 0.0 0.0

1735197724
0.0 0.0 0.0

1735197725
0.0 0.0 0.0

1735197726
0.0 0.0 0.0

1735197727
0.0 0.0 0.0

1735197729
0.0 0.0 0.0

1735197730
0.0 0.0 0.0

1735197731
0.0 0.0 0.0

1735197736
0.0 0.0 0.0

1735197737
0.0 0.0 0.0

1735197738
0.0 0.0 0.0

1735197739
0.0 0.0 0.0

1735197741
0.0 0.0 0.0

1735197743
0.0 0.0 0.0

1735197744
0.0 0.0 0.0

1735197745
0.0 0.0 0.0

1735197746
0.0 0.0 0.0

1735197747
0.0 0.0 0.0

1735197748
0.0 0.0 0.0

1735197752
0.0 0.0 0.0

1735197756
0.0 0.0 0.0

1735197757
0.0 0.0 0.0

1735197758
0.0 0.0 0.0

1735197759
0.0 0.0 0.0

1735197760
0.0 0.0 0.0

1735197762
0.0 0.0 0.0

1735197765
0.0 0.0 0.0

1735197768
0.0 0.0 0.0

1735197769
0.0 0.0 0.0

1735197772
0.0 0.0 0.0

1735197774
0.0 0.0 0.0

1735197775
0.0 0.0 0.0

1735197777
0.0 0.0 0.0

1735197779
0.0 0.0 0.0

1735197780
0.0 0.0 0.0

1735197781
0.0 0.0 0.0

1735197782
0.0 0.0 0.0

1735197784
0.0 0.0 0.0

1735197785
0.0 0.0 0.0

1735197786
0.0 0.0 0.0

1735197787
0.0 0.0 0.0

1735197789
0.0 0.0 0.0

1735197790
0.0 0.0 0.0

1735197796
0.0 0.0 0.0

1735197798
0.0 0.0 0.0

1735197802
0.0 0.0 0.0

1735197804
0.0 0.0 0.0

1735197805
0.0 0.0 0.0

1735197807
0.0 0.0 0.0

1735197814
0.0 0.0 0.0

1735197815
0.0 0.0 0.0

1735197818
0.0 0.0 0.0

1735197820
0.0 0.0 0.0

1735197821
0.0 0.0 0.0

1735197824
0.0 0.0 0.0

1735197825
0.0 0.0 0.0

1735197826
0.0 0.0 0.0

1735197827
0.0 0.0 0.0

1735197828
0.0 0.0 0.0

1735197829
0.0 0.0 0.0

1735197831
0.0 0.0 0.0

1735197833
0.0 0.0 0.0

1735197834
0.0 0.0 0.0

1735197835
0.0 0.0 0.0

1735197836
0.0 0.0 0.0

1735197837
0.0 0.0 0.0

1735197842
0.0 0.0 0.0

1735197843
0.0 0.0 0.0

1735197845
0.0 0.0 0.0

1735197846
0.0 0.0 0.0

1735197847
0.0 0.0 0.0

1735197849
0.0 0.0 0.0

1735197850
0.0 0.0 0.0

1735197851
0.0 0.0 0.0

1735197856
0.0 0.0 0.0

1735197857
0.0 0.0 0.0

1735197858
0.0 0.0 0.0

1735197860
0.0 0.0 0.0

1735197861
0.0 0.0 0.0

1735197862
0.0 0.0 0.0

1735197863
0.0 0.0 0.0

1735197864
0.0 0.0 0.0

1735197865
0.0 0.0 0.0

1735197866
0.0 0.0 0.0

1735197867
0.0 0.0 0.0

1735197868
0.0 0.0 0.0

1735197869
0.0 0.0 0.0

1735197870
0.0 0.0 0.0

1735197871
0.0 0.0 0.0

1735197879
0.0 0.0 0.0

1735197880
0.0 0.0 0.0

1735197881
0.0 0.0 0.0

1735197882
0.0 0.0 0.0

1735197884
0.0 0.0 0.0

1735197885
0.0 0.0 0.0

1735197887
0.0 0.0 0.0

1735197888
0.0 0.0 0.0

1735197892
0.0 0.0 0.0

1735197893
0.0 0.0 0.0

1735197894
0.0 0.0 0.0

1735197896
0.0 0.0 0.0

1735197897
0.0 0.0 0.0

1735197898
0.0 0.0 0.0

1735197900
0.0 0.0 0.0

1735197901
0.0 0.0 0.0

1735197902
0.0 0.0 0.0

1735197904
0.0 0.0 0.0

1735197905
0.0 0.0 0.0

1735197906
0.0 0.0 0.0

1735197907
0.0 0.0 0.0

1735197908
0.0 0.0 0.0

1735197913
0.0 0.0 0.0

1735197914
0.0 0.0 0.0

1735197920
0.0 0.0 0.0

1735197921
0.0 0.0 0.0

1735197922
0.0 0.0 0.0

1735197923
0.0 0.0 0.0

1735197928
0.0 0.0 0.0

1735197929
0.0 0.0 0.0

1735197934
0.0 0.0 0.0

1735197935
0.0 0.0 0.0

1735197938
0.0 0.0 0.0

1735197941
0.0 0.0 0.0

1735197942
0.0 0.0 0.0

1735197943
0.0 0.0 0.0

1735197944
0.0 0.0 0.0

1735197947
0.0 0.0 0.0

1735197948
0.0 0.0 0.0

1735197956
0.0 0.0 0.0

1735197957
0.0 0.0 0.0

1735197958
0.0 0.0 0.0

1735197959
0.0 0.0 0.0

1735197960
0.0 0.0 0.0

1735197963
0.0 0.0 0.0

1735197964
0.0 0.0 0.0

1735197966
0.0 0.0 0.0

1735197969
0.0 0.0 0.0

1735197970
0.0 0.0 0.0

1735197977
0.0 0.0 0.0

1735197978
0.0 0.0 0.0

1735197984
0.0 0.0 0.0

1735197985
0.0 0.0 0.0

1735197986
0.0 0.0 0.0

1735197988
0.0 0.0 0.0

1735197990
0.0 0.0 0.0

1735197991
0.0 0.0 0.0

1735197993
0.0 0.0 0.0

1735197994
0.0 0.0 0.0

1735197995
0.0 0.0 0.0

1735197996
0.0 0.0 0.0

1735197997
0.0 0.0 0.0

1735198000
0.0 0.0 0.0

1735198001
0.0 0.0 0.0

1735198002
0.0 0.0 0.0

1735198004
0.0 0.0 0.0

1735198005
0.0 0.0 0.0

1735198012
0.0 0.0 0.0

1735198013
0.0 0.0 0.0

1735198015
0.0 0.0 0.0

1735198016
0.0 0.0 0.0

1735198018
0.0 0.0 0.0

1735198019
0.0 0.0 0.0

1735198020
0.0 0.0 0.0

1735198024
0.0 0.0 0.0

1735198025
0.0 0.0 0.0

1735198027
0.0 0.0 0.0

1735198028
0.0 0.0 0.0

1735198032
0.0 0.0 0.0

1735198033
0.0 0.0 0.0

1735198034
0.0 0.0 0.0

1735198036
0.0 0.0 0.0

1735198037
0.0 0.0 0.0

1735198038
0.0 0.0 0.0

1735198042
0.0 0.0 0.0

1735198044
0.0 0.0 0.0

1735198045
0.0 0.0 0.0

1735198046
0.0 0.0 0.0

1735198051
0.0 0.0 0.0

1735198052
0.0 0.0 0.0

1735198053
0.0 0.0 0.0

1735198054
0.0 0.0 0.0

1735198055
0.0 0.0 0.0

1735198056
0.0 0.0 0.0

1735198060
0.0 0.0 0.0

1735198061
0.0 0.0 0.0

1735198062
0.0 0.0 0.0

1735198066
0.0 0.0 0.0

1735198067
0.0 0.0 0.0

1735198068
0.0 0.0 0.0

1735198070
0.0 0.0 0.0

1735198072
0.0 0.0 0.0

1735198074
0.0 0.0 0.0

1735198075
0.0 0.0 0.0

1735198076
0.0 0.0 0.0

1735198077
0.0 0.0 0.0

1735198080
0.0 0.0 0.0

1735198081
0.0 0.0 0.0

1735198082
0.0 0.0 0.0

1735198086
0.0 0.0 0.0

1735198087
0.0 0.0 0.0

1735198088
0.0 0.0 0.0

1735198095
0.0 0.0 0.0

1735198096
0.0 0.0 0.0

1735198097
0.0 0.0 0.0

1735198098
0.0 0.0 0.0

1735198099
0.0 0.0 0.0

1735198100
0.0 0.0 0.0

1735198102
0.0 0.0 0.0

1735198103
0.0 0.0 0.0

1735198104
0.0 0.0 0.0

1735198105
0.0 0.0 0.0

1735198107
0.0 0.0 0.0

1735198108
0.0 0.0 0.0

1735198109
0.0 0.0 0.0

1735198110
0.0 0.0 0.0

1735198113
0.0 0.0 0.0

1735198114
0.0 0.0 0.0

1735198115
0.0 0.0 0.0

1735198116
0.0 0.0 0.0

1735198118
0.0 0.0 0.0

1735198119
0.0 0.0 0.0

1735198124
0.0 0.0 0.0

1735198125
0.0 0.0 0.0

1735198126
0.0 0.0 0.0

1735198134
0.0 0.0 0.0

1735198136
0.0 0.0 0.0

1735198140
0.0 0.0 0.0

1735198147
0.0 0.0 0.0

1735198148
0.0 0.0 0.0

1735198156
0.0 0.0 0.0

1735198157
0.0 0.0 0.0

1735198159
0.0 0.0 0.0

1735198160
0.0 0.0 0.0

1735198161
0.0 0.0 0.0

1735198162
0.0 0.0 0.0

1735198163
0.0 0.0 0.0

1735198164
0.0 0.0 0.0

1735198168
0.0 0.0 0.0

1735198169
0.0 0.0 0.0

1735198171
0.0 0.0 0.0

1735198172
0.0 0.0 0.0

1735198174
0.0 0.0 0.0

1735198175
0.0 0.0 0.0

1735198176
0.0 0.0 0.0

1735198177
0.0 0.0 0.0

1735198178
0.0 0.0 0.0

1735198179
0.0 0.0 0.0

1735198180
0.0 0.0 0.0

1735198181
0.0 0.0 0.0

1735198182
0.0 0.0 0.0

1735198183
0.0 0.0 0.0

1735198184
0.0 0.0 0.0

1735198186
0.0 0.0 0.0

1735198188
0.0 0.0 0.0

1735198189
0.0 0.0 0.0

1735198190
0.0 0.0 0.0

1735198191
0.0 0.0 0.0

1735198192
0.0 0.0 0.0

1735198193
0.0 0.0 0.0

1735198199
0.0 0.0 0.0

1735198200
0.0 0.0 0.0

1735198201
0.0 0.0 0.0

1735198202
0.0 0.0 0.0

1735198203
0.0 0.0 0.0

1735198204
0.0 0.0 0.0

1735198205
0.0 0.0 0.0

1735198208
0.0 0.0 0.0

1735198209
0.0 0.0 0.0

1735198211
0.0 0.0 0.0

1735198212
0.0 0.0 0.0

1735198213
0.0 0.0 0.0

1735198215
0.0 0.0 0.0

1735198218
0.0 0.0 0.0

1735198220
0.0 0.0 0.0

1735198221
0.0 0.0 0.0

1735198222
0.0 0.0 0.0

1735198223
0.0 0.0 0.0

1735198225
0.0 0.0 0.0

1735198226
0.0 0.0 0.0

1735198228
0.0 0.0 0.0

1735198229
0.0 0.0 0.0

1735198231
0.0 0.0 0.0

1735198232
0.0 0.0 0.0

1735198233
0.0 0.0 0.0

1735198234
0.0 0.0 0.0

1735198238
0.0 0.0 0.0

1735198239
0.0 0.0 0.0

1735198240
0.0 0.0 0.0

1735198241
0.0 0.0 0.0

1735198242
0.0 0.0 0.0

1735198243
0.0 0.0 0.0

1735198246
0.0 0.0 0.0

1735198247
0.0 0.0 0.0

1735198248
0.0 0.0 0.0

1735198249
0.0 0.0 0.0

1735198250
0.0 0.0 0.0

1735198251
0.0 0.0 0.0

1735198252
0.0 0.0 0.0

1735198255
0.0 0.0 0.0

1735198260
0.0 0.0 0.0

1735198261
0.0 0.0 0.0

1735198262
0.0 0.0 0.0

1735198263
0.0 0.0 0.0

1735198266
0.0 0.0 0.0

1735198268
0.0 0.0 0.0

1735198269
0.0 0.0 0.0

1735198270
0.0 0.0 0.0

1735198271
0.0 0.0 0.0

1735198274
0.0 0.0 0.0

1735198277
0.0 0.0 0.0

1735198281
0.0 0.0 0.0

1735198283
0.0 0.0 0.0

1735198284
0.0 0.0 0.0

1735198286
0.0 0.0 0.0

1735198289
0.0 0.0 0.0

1735198291
0.0 0.0 0.0

1735198292
0.0 0.0 0.0

1735198293
0.0 0.0 0.0

1735198294
0.0 0.0 0.0

1735198297
0.0 0.0 0.0

1735198298
0.0 0.0 0.0

1735198299
0.0 0.0 0.0

1735198302
0.0 0.0 0.0

1735198303
0.0 0.0 0.0

1735198304
0.0 0.0 0.0

1735198305
0.0 0.0 0.0

1735198306
0.0 0.0 0.0

1735198308
0.0 0.0 0.0

1735198313
0.0 0.0 0.0

1735198314
0.0 0.0 0.0

1735198315
0.0 0.0 0.0

1735198317
0.0 0.0 0.0

1735198318
0.0 0.0 0.0

1735198319
0.0 0.0 0.0

1735198320
0.0 0.0 0.0

1735198322
0.0 0.0 0.0

1735198323
0.0 0.0 0.0

1735198324
0.0 0.0 0.0

1735198325
0.0 0.0 0.0

1735198330
0.0 0.0 0.0

1735198331
0.0 0.0 0.0

1735198333
0.0 0.0 0.0

1735198335
0.0 0.0 0.0

1735198336
0.0 0.0 0.0

1735198337
0.0 0.0 0.0

1735198338
0.0 0.0 0.0

1735198339
0.0 0.0 0.0

1735198345
0.0 0.0 0.0

1735198346
0.0 0.0 0.0

1735198347
0.0 0.0 0.0

1735198348
0.0 0.0 0.0

1735198349
0.0 0.0 0.0

1735198354
0.0 0.0 0.0

1735198355
0.0 0.0 0.0

1735198356
0.0 0.0 0.0

1735198357
0.0 0.0 0.0

1735198359
0.0 0.0 0.0

1735198360
0.0 0.0 0.0

1735198361
0.0 0.0 0.0

1735198362
0.0 0.0 0.0

1735198363
0.0 0.0 0.0

1735198364
0.0 0.0 0.0

1735198365
0.0 0.0 0.0

1735198366
0.0 0.0 0.0

1735198367
0.0 0.0 0.0

1735198369
0.0 0.0 0.0

1735198370
0.0 0.0 0.0

1735198371
0.0 0.0 0.0

1735198372
0.0 0.0 0.0

1735198375
0.0 0.0 0.0

1735198377
0.0 0.0 0.0

1735198378
0.0 0.0 0.0

1735198381
0.0 0.0 0.0

1735198382
0.0 0.0 0.0

1735198383
0.0 0.0 0.0

1735198385
0.0 0.0 0.0

1735198386
0.0 0.0 0.0

1735198388
0.0 0.0 0.0

1735198390
0.0 0.0 0.0

1735198391
0.0 0.0 0.0

1735198393
0.0 0.0 0.0

1735198394
0.0 0.0 0.0

1735198397
0.0 0.0 0.0

1735198398
0.0 0.0 0.0

1735198399
0.0 0.0 0.0

1735198401
0.0 0.0 0.0

1735198402
0.0 0.0 0.0

1735198403
0.0 0.0 0.0

1735198404
0.0 0.0 0.0

1735198406
0.0 0.0 0.0

1735198407
0.0 0.0 0.0

1735198408
0.0 0.0 0.0

1735198410
0.0 0.0 0.0

1735198411
0.0 0.0 0.0

1735198414
0.0 0.0 0.0

1735198415
0.0 0.0 0.0

1735198416
0.0 0.0 0.0

1735198417
0.0 0.0 0.0

1735198419
0.0 0.0 0.0

1735198421
0.0 0.0 0.0

1735198423
0.0 0.0 0.0

1735198424
0.0 0.0 0.0

1735198425
0.0 0.0 0.0

1735198427
0.0 0.0 0.0

1735198428
0.0 0.0 0.0

1735198429
0.0 0.0 0.0

1735198431
0.0 0.0 0.0

1735198432
0.0 0.0 0.0

1735198433
0.0 0.0 0.0

1735198434
0.0 0.0 0.0

1735198435
0.0 0.0 0.0

1735198436
0.0 0.0 0.0

1735198437
0.0 0.0 0.0

1735198438
0.0 0.0 0.0

1735198439
0.0 0.0 0.0

1735198440
0.0 0.0 0.0

1735198441
0.0 0.0 0.0

1735198442
0.0 0.0 0.0

1735198443
0.0 0.0 0.0

1735198444
0.0 0.0 0.0

1735198445
0.0 0.0 0.0

1735198446
0.0 0.0 0.0

1735198447
0.0 0.0 0.0

1735198448
0.0 0.0 0.0

1735198449
0.0 0.0 0.0

1735198450
0.0 0.0 0.0

1735198451
0.0 0.0 0.0

1735198452
0.0 0.0 0.0

1735198453
0.0 0.0 0.0

1735198454
0.0 0.0 0.0

1735198455
0.0 0.0 0.0

1735198456
0.0 0.0 0.0

1735198457
0.0 0.0 0.0

1735198458
0.0 0.0 0.0

1735198459
0.0 0.0 0.0

1735198460
0.0 0.0 0.0

1735198461
0.0 0.0 0.0

1735198462
0.0 0.0 0.0

1735198463
0.0 0.0 0.0

1735198464
0.0 0.0 0.0

1735198466
0.0 0.0 0.0

1735198467
0.0 0.0 0.0

1735198468
0.0 0.0 0.0

1735198469
0.0 0.0 0.0

1735198470
0.0 0.0 0.0

1735198471
0.0 0.0 0.0

1735198472
0.0 0.0 0.0

1735198473
0.0 0.0 0.0

1735198474
0.0 0.0 0.0

1735198475
0.0 0.0 0.0

1735198476
0.0 0.0 0.0

1735198477
0.0 0.0 0.0

1735198478
0.0 0.0 0.0

1735198479
0.0 0.0 0.0

1735198480
0.0 0.0 0.0

1735198481
0.0 0.0 0.0

1735198482
0.0 0.0 0.0

1735198483
0.0 0.0 0.0

1735198484
0.0 0.0 0.0

1735198485
0.0 0.0 0.0

1735198486
0.0 0.0 0.0

1735198487
0.0 0.0 0.0

1735198488
0.0 0.0 0.0

1735198489
0.0 0.0 0.0

1735198490
0.0 0.0 0.0

1735198491
0.0 0.0 0.0

1735198492
0.0 0.0 0.0

1735198493
0.0 0.0 0.0

1735198494
0.0 0.0 0.0

1735198495
0.0 0.0 0.0

1735198496
0.0 0.0 0.0

1735198497
0.0 0.0 0.0

1735198498
0.0 0.0 0.0

1735198499
0.0 0.0 0.0

1735198500
0.0 0.0 0.0

1735198501
0.0 0.0 0.0

1735198502
0.0 0.0 0.0

1735198503
0.0 0.0 0.0

1735198504
0.0 0.0 0.0

1735198505
0.0 0.0 0.0

1735198506
0.0 0.0 0.0

1735198507
0.0 0.0 0.0

1735198508
0.0 0.0 0.0

1735198509
0.0 0.0 0.0

1735198510
0.0 0.0 0.0

1735198511
0.0 0.0 0.0

1735198512
0.0 0.0 0.0

1735198513
0.0 0.0 0.0

1735198514
0.0 0.0 0.0

1735198515
0.0 0.0 0.0

1735198516
0.0 0.0 0.0

1735198517
0.0 0.0 0.0

1735198518
0.0 0.0 0.0

1735198519
0.0 0.0 0.0

1735198520
0.0 0.0 0.0

1735198521
0.0 0.0 0.0

1735198522
0.0 0.0 0.0

1735198523
0.0 0.0 0.0

1735198524
0.0 0.0 0.0

1735198525
0.0 0.0 0.0

1735198526
0.0 0.0 0.0

1735198527
0.0 0.0 0.0

1735198528
0.0 0.0 0.0

1735198529
0.0 0.0 0.0

1735198530
0.0 0.0 0.0

1735198531
0.0 0.0 0.0

1735198532
0.0 0.0 0.0

1735198533
0.0 0.0 0.0

1735198534
0.0 0.0 0.0

1735198535
0.0 0.0 0.0

1735198536
0.0 0.0 0.0

1735198537
0.0 0.0 0.0

1735198538
0.0 0.0 0.0

1735198539
0.0 0.0 0.0

1735198540
0.0 0.0 0.0

1735198541
0.0 0.0 0.0

1735198542
0.0 0.0 0.0

1735198543
0.0 0.0 0.0

1735198544
0.0 0.0 0.0

1735198545
0.0 0.0 0.0

1735198546
0.0 0.0 0.0

1735198547
0.0 0.0 0.0

1735198548
0.0 0.0 0.0

1735198549
0.0 0.0 0.0

1735198551
0.0 0.0 0.0

1735198552
0.0 0.0 0.0

1735198553
0.0 0.0 0.0

1735198554
0.0 0.0 0.0

1735198555
0.0 0.0 0.0

1735198556
0.0 0.0 0.0

1735198557
0.0 0.0 0.0

1735198558
0.0 0.0 0.0

1735198559
0.0 0.0 0.0

1735198560
0.0 0.0 0.0

1735198561
0.0 0.0 0.0

1735198562
0.0 0.0 0.0

1735198563
0.0 0.0 0.0

1735198564
0.0 0.0 0.0

1735198565
0.0 0.0 0.0

1735198566
0.0 0.0 0.0

1735198567
0.0 0.0 0.0

1735198568
0.0 0.0 0.0

1735198569
0.0 0.0 0.0

1735198570
0.0 0.0 0.0

1735198571
0.0 0.0 0.0

1735198572
0.0 0.0 0.0

1735198573
0.0 0.0 0.0

1735198574
0.0 0.0 0.0

1735198575
0.0 0.0 0.0

1735198577
0.0 0.0 0.0

1735198579
0.0 0.0 0.0

1735198580
0.0 0.0 0.0

1735198581
0.0 0.0 0.0

1735198583
0.0 0.0 0.0

1735198584
0.0 0.0 0.0

1735198585
0.0 0.0 0.0

1735198586
0.0 0.0 0.0

1735198587
0.0 0.0 0.0

1735198588
0.0 0.0 0.0

1735198589
0.0 0.0 0.0

1735198590
0.0 0.0 0.0

1735198591
0.0 0.0 0.0

1735198592
0.0 0.0 0.0

1735198593
0.0 0.0 0.0

1735198594
0.0 0.0 0.0

1735198596
0.0 0.0 0.0

1735198598
0.0 0.0 0.0

1735198599
0.0 0.0 0.0

1735198600
0.0 0.0 0.0

1735198601
0.0 0.0 0.0

1735198602
0.0 0.0 0.0

1735198604
0.0 0.0 0.0

1735198605
0.0 0.0 0.0

1735198607
0.0 0.0 0.0

1735198608
0.0 0.0 0.0

1735198609
0.0 0.0 0.0

1735198610
0.0 0.0 0.0

1735198611
0.0 0.0 0.0

1735198612
0.0 0.0 0.0

1735198614
0.0 0.0 0.0

1735198615
0.0 0.0 0.0

1735198616
0.0 0.0 0.0

1735198617
0.0 0.0 0.0

1735198618
0.0 0.0 0.0

1735198619
0.0 0.0 0.0

1735198620
0.0 0.0 0.0

1735198621
0.0 0.0 0.0

1735198622
0.0 0.0 0.0

1735198623
0.0 0.0 0.0

1735198624
0.0 0.0 0.0

1735198625
0.0 0.0 0.0

1735198626
0.0 0.0 0.0

1735198627
0.0 0.0 0.0

1735198628
0.0 0.0 0.0

1735198629
0.0 0.0 0.0

1735198630
0.0 0.0 0.0

1735198631
0.0 0.0 0.0

1735198632
0.0 0.0 0.0

1735198634
0.0 0.0 0.0

1735198635
0.0 0.0 0.0

1735198636
0.0 0.0 0.0

1735198637
0.0 0.0 0.0

1735198638
0.0 0.0 0.0

1735198639
0.0 0.0 0.0

1735198640
0.0 0.0 0.0

1735198641
0.0 0.0 0.0

1735198642
0.0 0.0 0.0

1735198643
0.0 0.0 0.0

1735198644
0.0 0.0 0.0

1735198645
0.0 0.0 0.0

1735198646
0.0 0.0 0.0

1735198647
0.0 0.0 0.0

1735198648
0.0 0.0 0.0

1735198650
0.0 0.0 0.0

1735198651
0.0 0.0 0.0

1735198652
0.0 0.0 0.0

1735198653
0.0 0.0 0.0

1735198654
0.0 0.0 0.0

1735198655
0.0 0.0 0.0

1735198656
0.0 0.0 0.0

1735198657
0.0 0.0 0.0

1735198658
0.0 0.0 0.0

1735198659
0.0 0.0 0.0

1735198660
0.0 0.0 0.0

1735198661
0.0 0.0 0.0

1735198662
0.0 0.0 0.0

1735198663
0.0 0.0 0.0

1735198664
0.0 0.0 0.0

1735198665
0.0 0.0 0.0

1735198666
0.0 0.0 0.0

1735198667
0.0 0.0 0.0

1735198668
0.0 0.0 0.0

1735198669
0.0 0.0 0.0

1735198670
0.0 0.0 0.0

1735198671
0.0 0.0 0.0

1735198672
0.0 0.0 0.0

1735198673
0.0 0.0 0.0

1735198674
0.0 0.0 0.0

1735198675
0.0 0.0 0.0

1735198676
0.0 0.0 0.0

1735198677
0.0 0.0 0.0

1735198678
0.0 0.0 0.0

1735198679
0.0 0.0 0.0

1735198680
0.0 0.0 0.0

1735198681
0.0 0.0 0.0

1735198682
0.0 0.0 0.0

1735198683
0.0 0.0 0.0

1735198684
0.0 0.0 0.0

1735198685
0.0 0.0 0.0

1735198686
0.0 0.0 0.0

1735198687
0.0 0.0 0.0

1735198688
0.0 0.0 0.0

1735198689
0.0 0.0 0.0

1735198690
0.0 0.0 0.0

1735198691
0.0 0.0 0.0

1735198692
0.0 0.0 0.0

1735198693
0.0 0.0 0.0

1735198694
0.0 0.0 0.0

1735198695
0.0 0.0 0.0

1735198696
0.0 0.0 0.0

1735198697
0.0 0.0 0.0

1735198698
0.0 0.0 0.0

1735198699
0.0 0.0 0.0

1735198700
0.0 0.0 0.0

1735198701
0.0 0.0 0.0

1735198702
0.0 0.0 0.0

1735198703
0.0 0.0 0.0

1735198704
0.0 0.0 0.0

1735198705
0.0 0.0 0.0

1735198706
0.0 0.0 0.0

1735198707
0.0 0.0 0.0

1735198708
0.0 0.0 0.0

1735198709
0.0 0.0 0.0

1735198710
0.0 0.0 0.0

1735198711
0.0 0.0 0.0

1735198712
0.0 0.0 0.0

1735198713
0.0 0.0 0.0

1735198714
0.0 0.0 0.0

1735198715
0.0 0.0 0.0

1735198716
0.0 0.0 0.0

1735198717
0.0 0.0 0.0

1735198718
0.0 0.0 0.0

1735198719
0.0 0.0 0.0

1735198720
0.0 0.0 0.0

1735198721
0.0 0.0 0.0

1735198722
0.0 0.0 0.0

1735198723
0.0 0.0 0.0

1735198724
0.0 0.0 0.0

1735198725
0.0 0.0 0.0

1735198726
0.0 0.0 0.0

1735198727
0.0 0.0 0.0

1735198728
0.0 0.0 0.0

1735198729
0.0 0.0 0.0

1735198730
0.0 0.0 0.0

1735198731
0.0 0.0 0.0

1735198732
0.0 0.0 0.0

1735198733
0.0 0.0 0.0

1735198734
0.0 0.0 0.0

1735198735
0.0 0.0 0.0

1735198736
0.0 0.0 0.0

1735198737
0.0 0.0 0.0

1735198738
0.0 0.0 0.0

1735198739
0.0 0.0 0.0

1735198740
0.0 0.0 0.0

1735198741
0.0 0.0 0.0

1735198742
0.0 0.0 0.0

1735198743
0.0 0.0 0.0

1735198744
0.0 0.0 0.0

1735198745
0.0 0.0 0.0

1735198746
0.0 0.0 0.0

1735198747
0.0 0.0 0.0

1735198748
0.0 0.0 0.0

1735198749
0.0 0.0 0.0

1735198750
0.0 0.0 0.0

1735198751
0.0 0.0 0.0

1735198752
0.0 0.0 0.0

1735198753
0.0 0.0 0.0

1735198754
0.0 0.0 0.0

1735198755
0.0 0.0 0.0

1735198756
0.0 0.0 0.0

1735198757
0.0 0.0 0.0

1735198758
0.0 0.0 0.0

1735198759
0.0 0.0 0.0

1735198760
0.0 0.0 0.0

1735198761
0.0 0.0 0.0

1735198762
0.0 0.0 0.0

1735198763
0.0 0.0 0.0

1735198764
0.0 0.0 0.0

1735198765
0.0 0.0 0.0

1735198766
0.0 0.0 0.0

1735198767
0.0 0.0 0.0

1735198768
0.0 0.0 0.0

1735198769
0.0 0.0 0.0

1735198770
0.0 0.0 0.0

1735198771
0.0 0.0 0.0

1735198772
0.0 0.0 0.0

1735198773
0.0 0.0 0.0

1735198774
0.0 0.0 0.0

1735198775
0.0 0.0 0.0

1735198776
0.0 0.0 0.0

1735198777
0.0 0.0 0.0

1735198778
0.0 0.0 0.0

1735198779
0.0 0.0 0.0

1735198780
0.0 0.0 0.0

1735198781
0.0 0.0 0.0

1735198783
0.0 0.0 0.0

1735198784
0.0 0.0 0.0

1735198785
0.0 0.0 0.0

1735198786
0.0 0.0 0.0

1735198787
0.0 0.0 0.0

1735198788
0.0 0.0 0.0

1735198789
0.0 0.0 0.0

1735198790
0.0 0.0 0.0

1735198791
0.0 0.0 0.0

1735198792
0.0 0.0 0.0

1735198793
0.0 0.0 0.0

1735198794
0.0 0.0 0.0

1735198795
0.0 0.0 0.0

1735198796
0.0 0.0 0.0

1735198797
0.0 0.0 0.0

1735198798
0.0 0.0 0.0

1735198802
0.0 0.0 0.0

1735198803
0.0 0.0 0.0

1735198804
0.0 0.0 0.0

1735198805
0.0 0.0 0.0

1735198806
0.0 0.0 0.0

1735198807
0.0 0.0 0.0

1735198808
0.0 0.0 0.0

1735198809
0.0 0.0 0.0

1735198810
0.0 0.0 0.0

1735198811
0.0 0.0 0.0

1735198812
0.0 0.0 0.0

1735198813
0.0 0.0 0.0

1735198814
0.0 0.0 0.0

1735198815
0.0 0.0 0.0

1735198816
0.0 0.0 0.0

1735198817
0.0 0.0 0.0

1735198818
0.0 0.0 0.0

1735198819
0.0 0.0 0.0

1735198820
0.0 0.0 0.0

1735198821
0.0 0.0 0.0

1735198822
0.0 0.0 0.0

1735198823
0.0 0.0 0.0

1735198824
0.0 0.0 0.0

1735198825
0.0 0.0 0.0

1735198826
0.0 0.0 0.0

1735198827
0.0 0.0 0.0

1735198828
0.0 0.0 0.0

1735198829
0.0 0.0 0.0

1735198830
0.0 0.0 0.0

1735198831
0.0 0.0 0.0

1735198832
0.0 0.0 0.0

1735198833
0.0 0.0 0.0

1735198834
0.0 0.0 0.0

1735198835
0.0 0.0 0.0

1735198836
0.0 0.0 0.0

1735198838
0.0 0.0 0.0

1735198839
0.0 0.0 0.0

1735198840
0.0 0.0 0.0

1735198841
0.0 0.0 0.0

1735198842
0.0 0.0 0.0

1735198843
0.0 0.0 0.0

1735198844
0.0 0.0 0.0

1735198845
0.0 0.0 0.0

1735198846
0.0 0.0 0.0

1735198847
0.0 0.0 0.0

1735198848
0.0 0.0 0.0

1735198849
0.0 0.0 0.0

1735198851
0.0 0.0 0.0

1735198853
0.0 0.0 0.0

1735198854
0.0 0.0 0.0

1735198855
0.0 0.0 0.0

1735198856
0.0 0.0 0.0

1735198858
0.0 0.0 0.0

1735198860
0.0 0.0 0.0

1735198861
0.0 0.0 0.0

1735198862
0.0 0.0 0.0

1735198863
0.0 0.0 0.0

1735198865
0.0 0.0 0.0

1735198866
0.0 0.0 0.0

1735198867
0.0 0.0 0.0

1735198868
0.0 0.0 0.0

1735198869
0.0 0.0 0.0

1735198871
0.0 0.0 0.0

1735198872
0.0 0.0 0.0

1735198873
0.0 0.0 0.0

1735198874
0.0 0.0 0.0

1735198875
0.0 0.0 0.0

1735198876
0.0 0.0 0.0

1735198878
0.0 0.0 0.0

1735198879
0.0 0.0 0.0

1735198880
0.0 0.0 0.0

1735198881
0.0 0.0 0.0

1735198882
0.0 0.0 0.0

1735198883
0.0 0.0 0.0

1735198884
0.0 0.0 0.0

1735198885
0.0 0.0 0.0

1735198886
0.0 0.0 0.0

1735198887
0.0 0.0 0.0

1735198888
0.0 0.0 0.0

1735198889
0.0 0.0 0.0

1735198890
0.0 0.0 0.0

1735198891
0.0 0.0 0.0

1735198892
0.0 0.0 0.0

1735198893
0.0 0.0 0.0

1735198894
0.0 0.0 0.0

1735198895
0.0 0.0 0.0

1735198896
0.0 0.0 0.0

1735198897
0.0 0.0 0.0

1735198898
0.0 0.0 0.0

1735198899
0.0 0.0 0.0

1735198900
0.0 0.0 0.0

1735198901
0.0 0.0 0.0

1735198902
0.0 0.0 0.0

1735198903
0.0 0.0 0.0

1735198904
0.0 0.0 0.0

1735198905
0.0 0.0 0.0

1735198906
0.0 0.0 0.0

1735198907
0.0 0.0 0.0

1735198908
0.0 0.0 0.0

1735198909
0.0 0.0 0.0

1735198910
0.0 0.0 0.0

1735198911
0.0 0.0 0.0

1735198912
0.0 0.0 0.0

1735198913
0.0 0.0 0.0

1735198914
0.0 0.0 0.0

1735198916
0.0 0.0 0.0

1735198917
0.0 0.0 0.0

1735198918
0.0 0.0 0.0

1735198919
0.0 0.0 0.0

1735198920
0.0 0.0 0.0

1735198921
0.0 0.0 0.0

1735198922
0.0 0.0 0.0

1735198924
0.0 0.0 0.0

1735198925
0.0 0.0 0.0

1735198926
0.0 0.0 0.0

1735198927
0.0 0.0 0.0

1735198928
0.0 0.0 0.0

1735198929
0.0 0.0 0.0

1735198930
0.0 0.0 0.0

1735198931
0.0 0.0 0.0

1735198932
0.0 0.0 0.0

1735198933
0.0 0.0 0.0

1735198934
0.0 0.0 0.0

1735198935
0.0 0.0 0.0

1735198936
0.0 0.0 0.0

1735198937
0.0 0.0 0.0

1735198938
0.0 0.0 0.0

1735198939
0.0 0.0 0.0

1735198940
0.0 0.0 0.0

1735198942
0.0 0.0 0.0

1735198943
0.0 0.0 0.0

1735198944
0.0 0.0 0.0

1735198945
0.0 0.0 0.0

1735198946
0.0 0.0 0.0

1735198947
0.0 0.0 0.0

1735198948
0.0 0.0 0.0

1735198949
0.0 0.0 0.0

1735198950
0.0 0.0 0.0

1735198951
0.0 0.0 0.0

1735198952
0.0 0.0 0.0

1735198953
0.0 0.0 0.0

1735198954
0.0 0.0 0.0

1735198955
0.0 0.0 0.0

1735198956
0.0 0.0 0.0

1735198957
0.0 0.0 0.0

1735198958
0.0 0.0 0.0

1735198959
0.0 0.0 0.0

1735198960
0.0 0.0 0.0

1735198961
0.0 0.0 0.0

1735198962
0.0 0.0 0.0

1735198963
0.0 0.0 0.0

1735198964
0.0 0.0 0.0

1735198965
0.0 0.0 0.0

1735198966
0.0 0.0 0.0

1735198967
0.0 0.0 0.0

1735198968
0.0 0.0 0.0

1735198969
0.0 0.0 0.0

1735198970
0.0 0.0 0.0

1735198971
0.0 0.0 0.0

1735198972
0.0 0.0 0.0

1735198973
0.0 0.0 0.0

1735198974
0.0 0.0 0.0

1735198975
0.0 0.0 0.0

1735198976
0.0 0.0 0.0

1735198977
0.0 0.0 0.0

1735198978
0.0 0.0 0.0

1735198979
0.0 0.0 0.0

1735198980
0.0 0.0 0.0

1735198981
0.0 0.0 0.0

1735198982
0.0 0.0 0.0

1735198983
0.0 0.0 0.0

1735198984
0.0 0.0 0.0

1735198985
0.0 0.0 0.0

1735198986
0.0 0.0 0.0

1735198987
0.0 0.0 0.0

1735198988
0.0 0.0 0.0

1735198989
0.0 0.0 0.0

1735198990
0.0 0.0 0.0

1735198991
0.0 0.0 0.0

1735198992
0.0 0.0 0.0

1735198993
0.0 0.0 0.0

1735198994
0.0 0.0 0.0

1735198995
0.0 0.0 0.0

1735198996
0.0 0.0 0.0

1735198997
0.0 0.0 0.0

1735198998
0.0 0.0 0.0

1735198999
0.0 0.0 0.0

1735199000
0.0 0.0 0.0

1735199001
0.0 0.0 0.0

1735199002
0.0 0.0 0.0

1735199003
0.0 0.0 0.0

1735199004
0.0 0.0 0.0

1735199005
0.0 0.0 0.0

1735199006
0.0 0.0 0.0

1735199007
0.0 0.0 0.0

1735199008
0.0 0.0 0.0

1735199009
0.0 0.0 0.0

1735199010
0.0 0.0 0.0

1735199011
0.0 0.0 0.0

1735199012
0.0 0.0 0.0

1735199013
0.0 0.0 0.0

1735199014
0.0 0.0 0.0

1735199015
0.0 0.0 0.0

1735199016
0.0 0.0 0.0

1735199017
0.0 0.0 0.0

1735199018
0.0 0.0 0.0

1735199019
0.0 0.0 0.0

1735199020
0.0 0.0 0.0

1735199021
0.0 0.0 0.0

1735199022
0.0 0.0 0.0

1735199023
0.0 0.0 0.0

1735199024
0.0 0.0 0.0

1735199025
0.0 0.0 0.0

1735199026
0.0 0.0 0.0

1735199027
0.0 0.0 0.0

1735199028
0.0 0.0 0.0

1735199029
0.0 0.0 0.0

1735199030
0.0 0.0 0.0

1735199031
0.0 0.0 0.0

1735199032
0.0 0.0 0.0

1735199033
0.0 0.0 0.0

1735199034
0.0 0.0 0.0

1735199035
0.0 0.0 0.0

1735199036
0.0 0.0 0.0

1735199037
0.0 0.0 0.0

1735199038
0.0 0.0 0.0

1735199039
0.0 0.0 0.0

1735199040
0.0 0.0 0.0

1735199041
0.0 0.0 0.0

1735199042
0.0 0.0 0.0

1735199043
0.0 0.0 0.0

1735199044
0.0 0.0 0.0

1735199045
0.0 0.0 0.0

1735199046
0.0 0.0 0.0

1735199047
0.0 0.0 0.0

1735199048
0.0 0.0 0.0

1735199049
0.0 0.0 0.0

1735199050
0.0 0.0 0.0

1735199051
0.0 0.0 0.0

1735199052
0.0 0.0 0.0

1735199053
0.0 0.0 0.0

1735199054
0.0 0.0 0.0

1735199055
0.0 0.0 0.0

1735199056
0.0 0.0 0.0

1735199057
0.0 0.0 0.0

1735199058
0.0 0.0 0.0

1735199059
0.0 0.0 0.0

1735199060
0.0 0.0 0.0

1735199061
0.0 0.0 0.0

1735199062
0.0 0.0 0.0

1735199063
0.0 0.0 0.0

1735199064
0.0 0.0 0.0

1735199065
0.0 0.0 0.0

1735199066
0.0 0.0 0.0

1735199067
0.0 0.0 0.0

1735199068
0.0 0.0 0.0

1735199069
0.0 0.0 0.0

1735199070
0.0 0.0 0.0

1735199071
0.0 0.0 0.0

1735199072
0.0 0.0 0.0

1735199073
0.0 0.0 0.0

1735199074
0.0 0.0 0.0

1735199075
0.0 0.0 0.0

1735199076
0.0 0.0 0.0

1735199077
0.0 0.0 0.0

1735199078
0.0 0.0 0.0

1735199079
0.0 0.0 0.0

1735199080
0.0 0.0 0.0

1735199081
0.0 0.0 0.0

1735199082
0.0 0.0 0.0

1735199083
0.0 0.0 0.0

1735199084
0.0 0.0 0.0

1735199085
0.0 0.0 0.0

1735199086
0.0 0.0 0.0

1735199087
0.0 0.0 0.0

1735199088
0.0 0.0 0.0

1735199089
0.0 0.0 0.0

1735199090
0.0 0.0 0.0

1735199091
0.0 0.0 0.0

1735199092
0.0 0.0 0.0

1735199093
0.0 0.0 0.0

1735199094
0.0 0.0 0.0

1735199095
0.0 0.0 0.0

1735199096
0.0 0.0 0.0

1735199098
0.0 0.0 0.0

1735199099
0.0 0.0 0.0

1735199100
0.0 0.0 0.0

1735199101
0.0 0.0 0.0

1735199102
0.0 0.0 0.0

1735199103
0.0 0.0 0.0

1735199104
0.0 0.0 0.0

1735199105
0.0 0.0 0.0

1735199106
0.0 0.0 0.0

1735199107
0.0 0.0 0.0

1735199108
0.0 0.0 0.0

1735199109
0.0 0.0 0.0

1735199110
0.0 0.0 0.0

1735199111
0.0 0.0 0.0

1735199112
0.0 0.0 0.0

1735199113
0.0 0.0 0.0

1735199114
0.0 0.0 0.0

1735199115
0.0 0.0 0.0

1735199117
0.0 0.0 0.0

1735199118
0.0 0.0 0.0

1735199119
0.0 0.0 0.0

1735199120
0.0 0.0 0.0

1735199121
0.0 0.0 0.0

1735199122
0.0 0.0 0.0

1735199123
0.0 0.0 0.0

1735199124
0.0 0.0 0.0

1735199125
0.0 0.0 0.0

1735199126
0.0 0.0 0.0

1735199127
0.0 0.0 0.0

1735199128
0.0 0.0 0.0

1735199129
0.0 0.0 0.0

1735199130
0.0 0.0 0.0

1735199131
0.0 0.0 0.0

1735199132
0.0 0.0 0.0

1735199135
0.0 0.0 0.0

1735199136
0.0 0.0 0.0

1735199137
0.0 0.0 0.0

1735199138
0.0 0.0 0.0

1735199139
0.0 0.0 0.0

1735199140
0.0 0.0 0.0

1735199141
0.0 0.0 0.0

1735199142
0.0 0.0 0.0

1735199143
0.0 0.0 0.0

1735199144
0.0 0.0 0.0

1735199145
0.0 0.0 0.0

1735199146
0.0 0.0 0.0

1735199147
0.0 0.0 0.0

1735199148
0.0 0.0 0.0

1735199149
0.0 0.0 0.0

1735199150
0.0 0.0 0.0

1735199151
0.0 0.0 0.0

1735199152
0.0 0.0 0.0

1735199153
0.0 0.0 0.0

1735199154
0.0 0.0 0.0

1735199156
0.0 0.0 0.0

1735199157
0.0 0.0 0.0

1735199158
0.0 0.0 0.0

1735199159
0.0 0.0 0.0

1735199160
0.0 0.0 0.0

1735199161
0.0 0.0 0.0

1735199162
0.0 0.0 0.0

1735199163
0.0 0.0 0.0

1735199164
0.0 0.0 0.0

1735199165
0.0 0.0 0.0

1735199166
0.0 0.0 0.0

1735199167
0.0 0.0 0.0

1735199168
0.0 0.0 0.0

1735199169
0.0 0.0 0.0

1735199170
0.0 0.0 0.0

1735199171
0.0 0.0 0.0

1735199172
0.0 0.0 0.0

1735199173
0.0 0.0 0.0

1735199174
0.0 0.0 0.0

1735199175
0.0 0.0 0.0

1735199176
0.0 0.0 0.0

1735199177
0.0 0.0 0.0

1735199178
0.0 0.0 0.0

1735199179
0.0 0.0 0.0

1735199180
0.0 0.0 0.0

1735199181
0.0 0.0 0.0

1735199182
0.0 0.0 0.0

1735199183
0.0 0.0 0.0

1735199184
0.0 0.0 0.0

1735199185
0.0 0.0 0.0

1735199186
0.0 0.0 0.0

1735199187
0.0 0.0 0.0

1735199188
0.0 0.0 0.0

1735199189
0.0 0.0 0.0

1735199190
0.0 0.0 0.0

1735199191
0.0 0.0 0.0

1735199192
0.0 0.0 0.0

1735199193
0.0 0.0 0.0

1735199194
0.0 0.0 0.0

1735199195
0.0 0.0 0.0

1735199196
0.0 0.0 0.0

1735199197
0.0 0.0 0.0

1735199198
0.0 0.0 0.0

1735199199
0.0 0.0 0.0

1735199200
0.0 0.0 0.0

1735199201
0.0 0.0 0.0

1735199202
0.0 0.0 0.0

1735199203
0.0 0.0 0.0

1735199204
0.0 0.0 0.0

1735199205
0.0 0.0 0.0

1735199206
0.0 0.0 0.0

1735199207
0.0 0.0 0.0

1735199208
0.0 0.0 0.0

1735199209
0.0 0.0 0.0

1735199210
0.0 0.0 0.0

1735199211
0.0 0.0 0.0

1735199212
0.0 0.0 0.0

1735199213
0.0 0.0 0.0

1735199214
0.0 0.0 0.0

1735199215
0.0 0.0 0.0

1735199216
0.0 0.0 0.0

1735199217
0.0 0.0 0.0

1735199218
0.0 0.0 0.0

1735199219
0.0 0.0 0.0

1735199220
0.0 0.0 0.0

1735199221
0.0 0.0 0.0

1735199222
0.0 0.0 0.0

1735199223
0.0 0.0 0.0

1735199224
0.0 0.0 0.0

1735199225
0.0 0.0 0.0

1735199226
0.0 0.0 0.0

1735199227
0.0 0.0 0.0

1735199228
0.0 0.0 0.0

1735199229
0.0 0.0 0.0

1735199230
0.0 0.0 0.0

1735199231
0.0 0.0 0.0

1735199232
0.0 0.0 0.0

1735199233
0.0 0.0 0.0

1735199234
0.0 0.0 0.0

1735199235
0.0 0.0 0.0

1735199236
0.0 0.0 0.0

1735199237
0.0 0.0 0.0

1735199238
0.0 0.0 0.0

1735199239
0.0 0.0 0.0

1735199240
0.0 0.0 0.0

1735199241
0.0 0.0 0.0

1735199242
0.0 0.0 0.0

1735199243
0.0 0.0 0.0

1735199244
0.0 0.0 0.0

1735199245
0.0 0.0 0.0

1735199246
0.0 0.0 0.0

1735199247
0.0 0.0 0.0

1735199248
0.0 0.0 0.0

1735199249
0.0 0.0 0.0

1735199250
0.0 0.0 0.0

1735199251
0.0 0.0 0.0

1735199252
0.0 0.0 0.0

1735199253
0.0 0.0 0.0

1735199254
0.0 0.0 0.0

1735199255
0.0 0.0 0.0

1735199256
0.0 0.0 0.0

1735199258
0.0 0.0 0.0

1735199259
0.0 0.0 0.0

1735199260
0.0 0.0 0.0

1735199261
0.0 0.0 0.0

1735199262
0.0 0.0 0.0

1735199263
0.0 0.0 0.0

1735199264
0.0 0.0 0.0

1735199265
0.0 0.0 0.0

1735199266
0.0 0.0 0.0

1735199267
0.0 0.0 0.0

1735199268
0.0 0.0 0.0

1735199269
0.0 0.0 0.0

1735199270
0.0 0.0 0.0

1735199271
0.0 0.0 0.0

1735199272
0.0 0.0 0.0

1735199273
0.0 0.0 0.0

1735199274
0.0 0.0 0.0

1735199275
0.0 0.0 0.0

1735199276
0.0 0.0 0.0

1735199277
0.0 0.0 0.0

1735199278
0.0 0.0 0.0

1735199279
0.0 0.0 0.0

1735199280
0.0 0.0 0.0

1735199281
0.0 0.0 0.0

1735199282
0.0 0.0 0.0

1735199283
0.0 0.0 0.0

1735199284
0.0 0.0 0.0

1735199285
0.0 0.0 0.0

1735199286
0.0 0.0 0.0

1735199287
0.0 0.0 0.0

1735199288
0.0 0.0 0.0

1735199289
0.0 0.0 0.0

1735199291
0.0 0.0 0.0

1735199292
0.0 0.0 0.0

1735199293
0.0 0.0 0.0

1735199294
0.0 0.0 0.0

1735199295
0.0 0.0 0.0

1735199296
0.0 0.0 0.0

1735199297
0.0 0.0 0.0

1735199298
0.0 0.0 0.0

1735199299
0.0 0.0 0.0

1735199300
0.0 0.0 0.0

1735199301
0.0 0.0 0.0

1735199302
0.0 0.0 0.0

1735199303
0.0 0.0 0.0

1735199304
0.0 0.0 0.0

1735199305
0.0 0.0 0.0

1735199306
0.0 0.0 0.0

1735199307
0.0 0.0 0.0

1735199308
0.0 0.0 0.0

1735199309
0.0 0.0 0.0

1735199310
0.0 0.0 0.0

1735199311
0.0 0.0 0.0

1735199312
0.0 0.0 0.0

1735199313
0.0 0.0 0.0

1735199314
0.0 0.0 0.0

1735199315
0.0 0.0 0.0

1735199316
0.0 0.0 0.0

1735199317
0.0 0.0 0.0

1735199318
0.0 0.0 0.0

1735199319
0.0 0.0 0.0

1735199320
0.0 0.0 0.0

1735199321
0.0 0.0 0.0

1735199322
0.0 0.0 0.0

1735199323
0.0 0.0 0.0

1735199324
0.0 0.0 0.0

1735199325
0.0 0.0 0.0

1735199326
0.0 0.0 0.0

1735199327
0.0 0.0 0.0

1735199329
0.0 0.0 0.0

1735199330
0.0 0.0 0.0

1735199331
0.0 0.0 0.0

1735199332
0.0 0.0 0.0

1735199333
0.0 0.0 0.0

1735199334
0.0 0.0 0.0

1735199335
0.0 0.0 0.0

1735199336
0.0 0.0 0.0

1735199337
0.0 0.0 0.0

1735199338
0.0 0.0 0.0

1735199339
0.0 0.0 0.0

1735199340
0.0 0.0 0.0

1735199341
0.0 0.0 0.0

1735199342
0.0 0.0 0.0

1735199343
0.0 0.0 0.0

1735199344
0.0 0.0 0.0

1735199345
0.0 0.0 0.0

1735199346
0.0 0.0 0.0

1735199347
0.0 0.0 0.0

1735199348
0.0 0.0 0.0

1735199349
0.0 0.0 0.0

1735199350
0.0 0.0 0.0

1735199351
0.0 0.0 0.0

1735199352
0.0 0.0 0.0

1735199353
0.0 0.0 0.0

1735199354
0.0 0.0 0.0

1735199355
0.0 0.0 0.0

1735199356
0.0 0.0 0.0

1735199357
0.0 0.0 0.0

1735199358
0.0 0.0 0.0

1735199359
0.0 0.0 0.0

1735199360
0.0 0.0 0.0

1735199361
0.0 0.0 0.0

1735199362
0.0 0.0 0.0

1735199363
0.0 0.0 0.0

1735199364
0.0 0.0 0.0

1735199365
0.0 0.0 0.0

1735199366
0.0 0.0 0.0

1735199368
0.0 0.0 0.0

1735199369
0.0 0.0 0.0

1735199370
0.0 0.0 0.0

1735199371
0.0 0.0 0.0

1735199372
0.0 0.0 0.0

1735199373
0.0 0.0 0.0

1735199374
0.0 0.0 0.0

1735199375
0.0 0.0 0.0

1735199376
0.0 0.0 0.0

1735199377
0.0 0.0 0.0

1735199378
0.0 0.0 0.0

1735199379
0.0 0.0 0.0

1735199380
0.0 0.0 0.0

1735199381
0.0 0.0 0.0

1735199382
0.0 0.0 0.0

1735199383
0.0 0.0 0.0

1735199384
0.0 0.0 0.0

1735199385
0.0 0.0 0.0

1735199386
0.0 0.0 0.0

1735199387
0.0 0.0 0.0

1735199388
0.0 0.0 0.0

1735199389
0.0 0.0 0.0

1735199390
0.0 0.0 0.0

1735199391
0.0 0.0 0.0

1735199392
0.0 0.0 0.0

1735199393
0.0 0.0 0.0

1735199394
0.0 0.0 0.0

1735199395
0.0 0.0 0.0

1735199396
0.0 0.0 0.0

1735199397
0.0 0.0 0.0

1735199398
0.0 0.0 0.0

1735199399
0.0 0.0 0.0

1735199400
0.0 0.0 0.0

1735199401
0.0 0.0 0.0

1735199402
0.0 0.0 0.0

1735199403
0.0 0.0 0.0

1735199404
0.0 0.0 0.0

1735199405
0.0 0.0 0.0

1735199406
0.0 0.0 0.0

1735199407
0.0 0.0 0.0

1735199408
0.0 0.0 0.0

1735199409
0.0 0.0 0.0

1735199410
0.0 0.0 0.0

1735199411
0.0 0.0 0.0

1735199412
0.0 0.0 0.0

1735199413
0.0 0.0 0.0

1735199414
0.0 0.0 0.0

1735199415
0.0 0.0 0.0

1735199416
0.0 0.0 0.0

1735199417
0.0 0.0 0.0

1735199418
0.0 0.0 0.0

1735199419
0.0 0.0 0.0

1735199420
0.0 0.0 0.0

1735199421
0.0 0.0 0.0

1735199422
0.0 0.0 0.0

1735199423
0.0 0.0 0.0

1735199424
0.0 0.0 0.0

1735199425
0.0 0.0 0.0

1735199426
0.0 0.0 0.0

1735199427
0.0 0.0 0.0

1735199428
0.0 0.0 0.0

1735199429
0.0 0.0 0.0

1735199430
0.0 0.0 0.0

1735199431
0.0 0.0 0.0

1735199432
0.0 0.0 0.0

1735199433
0.0 0.0 0.0

1735199434
0.0 0.0 0.0

1735199435
0.0 0.0 0.0

1735199436
0.0 0.0 0.0

1735199437
0.0 0.0 0.0

1735199438
0.0 0.0 0.0

1735199439
0.0 0.0 0.0

1735199440
0.0 0.0 0.0

1735199441
0.0 0.0 0.0

1735199442
0.0 0.0 0.0

1735199443
0.0 0.0 0.0

1735199444
0.0 0.0 0.0

1735199445
0.0 0.0 0.0

1735199446
0.0 0.0 0.0

1735199447
0.0 0.0 0.0

1735199448
0.0 0.0 0.0

1735199449
0.0 0.0 0.0

1735199450
0.0 0.0 0.0

1735199451
0.0 0.0 0.0

1735199452
0.0 0.0 0.0

1735199453
0.0 0.0 0.0

1735199454
0.0 0.0 0.0

1735199455
0.0 0.0 0.0

1735199456
0.0 0.0 0.0

1735199457
0.0 0.0 0.0

1735199458
0.0 0.0 0.0

1735199460
0.0 0.0 0.0

1735199461
0.0 0.0 0.0

1735199462
0.0 0.0 0.0

1735199463
0.0 0.0 0.0

1735199464
0.0 0.0 0.0

1735199466
0.0 0.0 0.0

1735199467
0.0 0.0 0.0

1735199468
0.0 0.0 0.0

1735199469
0.0 0.0 0.0

1735199470
0.0 0.0 0.0

1735199471
0.0 0.0 0.0

1735199472
0.0 0.0 0.0

1735199473
0.0 0.0 0.0

1735199474
0.0 0.0 0.0

1735199475
0.0 0.0 0.0

1735199476
0.0 0.0 0.0

1735199477
0.0 0.0 0.0

1735199478
0.0 0.0 0.0

1735199479
0.0 0.0 0.0

1735199481
0.0 0.0 0.0

1735199482
0.0 0.0 0.0

1735199483
0.0 0.0 0.0

1735199484
0.0 0.0 0.0

1735199486
0.0 0.0 0.0

1735199488
0.0 0.0 0.0

1735199489
0.0 0.0 0.0

1735199490
0.0 0.0 0.0

1735199491
0.0 0.0 0.0

1735199492
0.0 0.0 0.0

1735199493
0.0 0.0 0.0

1735199494
0.0 0.0 0.0

1735199495
0.0 0.0 0.0

1735199496
0.0 0.0 0.0

1735199497
0.0 0.0 0.0

1735199498
0.0 0.0 0.0

1735199499
0.0 0.0 0.0

1735199500
0.0 0.0 0.0

1735199501
0.0 0.0 0.0

1735199502
0.0 0.0 0.0

1735199503
0.0 0.0 0.0

1735199504
0.0 0.0 0.0

1735199505
0.0 0.0 0.0

1735199506
0.0 0.0 0.0

1735199507
0.0 0.0 0.0

1735199508
0.0 0.0 0.0

1735199509
0.0 0.0 0.0

1735199510
0.0 0.0 0.0

1735199511
0.0 0.0 0.0

1735199512
0.0 0.0 0.0

1735199513
0.0 0.0 0.0

1735199514
0.0 0.0 0.0

1735199515
0.0 0.0 0.0

1735199516
0.0 0.0 0.0

1735199517
0.0 0.0 0.0

1735199518
0.0 0.0 0.0

1735199520
0.0 0.0 0.0

1735199521
0.0 0.0 0.0

1735199522
0.0 0.0 0.0

1735199523
0.0 0.0 0.0

1735199524
0.0 0.0 0.0

1735199528
0.0 0.0 0.0

1735199530
0.0 0.0 0.0

1735199531
0.0 0.0 0.0

1735199532
0.0 0.0 0.0

1735199533
0.0 0.0 0.0

1735199534
0.0 0.0 0.0

1735199535
0.0 0.0 0.0

1735199536
0.0 0.0 0.0

1735199537
0.0 0.0 0.0

1735199538
0.0 0.0 0.0

1735199539
0.0 0.0 0.0

1735199540
0.0 0.0 0.0

1735199541
0.0 0.0 0.0

1735199542
0.0 0.0 0.0

1735199543
0.0 0.0 0.0

1735199544
0.0 0.0 0.0

1735199545
0.0 0.0 0.0

1735199547
0.0 0.0 0.0

1735199548
0.0 0.0 0.0

1735199549
0.0 0.0 0.0

1735199551
0.0 0.0 0.0

1735199552
0.0 0.0 0.0

1735199553
0.0 0.0 0.0

1735199554
0.0 0.0 0.0

1735199555
0.0 0.0 0.0

1735199556
0.0 0.0 0.0

1735199557
0.0 0.0 0.0

1735199558
0.0 0.0 0.0

1735199560
0.0 0.0 0.0

1735199561
0.0 0.0 0.0

1735199562
0.0 0.0 0.0

1735199563
0.0 0.0 0.0

1735199564
0.0 0.0 0.0

1735199565
0.0 0.0 0.0

1735199566
0.0 0.0 0.0

1735199567
0.0 0.0 0.0

1735199569
0.0 0.0 0.0

1735199570
0.0 0.0 0.0

1735199571
0.0 0.0 0.0

1735199573
0.0 0.0 0.0

1735199575
0.0 0.0 0.0

1735199576
0.0 0.0 0.0

1735199577
0.0 0.0 0.0

1735199578
0.0 0.0 0.0

1735199579
0.0 0.0 0.0

1735199581
0.0 0.0 0.0

1735199582
0.0 0.0 0.0

1735199583
0.0 0.0 0.0

1735199584
0.0 0.0 0.0

1735199586
0.0 0.0 0.0

1735199588
0.0 0.0 0.0

1735199589
0.0 0.0 0.0

1735199590
0.0 0.0 0.0

1735199591
0.0 0.0 0.0

1735199592
0.0 0.0 0.0

1735199593
0.0 0.0 0.0

1735199594
0.0 0.0 0.0

1735199595
0.0 0.0 0.0

1735199601
0.0 0.0 0.0

1735199602
0.0 0.0 0.0

1735199604
0.0 0.0 0.0

1735199605
0.0 0.0 0.0

1735199609
0.0 0.0 0.0

1735199613
0.0 0.0 0.0

1735199614
0.0 0.0 0.0

1735199615
0.0 0.0 0.0

1735199616
0.0 0.0 0.0

1735199618
0.0 0.0 0.0

1735199621
0.0 0.0 0.0

1735199622
0.0 0.0 0.0

1735199623
0.0 0.0 0.0

1735199625
0.0 0.0 0.0

1735199628
0.0 0.0 0.0

1735199629
0.0 0.0 0.0

1735199630
0.0 0.0 0.0

1735199631
0.0 0.0 0.0

1735199632
0.0 0.0 0.0

1735199636
0.0 0.0 0.0

1735199637
0.0 0.0 0.0

1735199638
0.0 0.0 0.0

1735199639
0.0 0.0 0.0

1735199641
0.0 0.0 0.0

1735199642
0.0 0.0 0.0

1735199643
0.0 0.0 0.0

1735199645
0.0 0.0 0.0

1735199646
0.0 0.0 0.0

1735199649
0.0 0.0 0.0

1735199650
0.0 0.0 0.0

1735199651
0.0 0.0 0.0

1735199652
0.0 0.0 0.0

1735199653
0.0 0.0 0.0

1735199654
0.0 0.0 0.0

1735199655
0.0 0.0 0.0

1735199656
0.0 0.0 0.0

1735199659
0.0 0.0 0.0

1735199660
0.0 0.0 0.0

1735199661
0.0 0.0 0.0

1735199664
0.0 0.0 0.0

1735199665
0.0 0.0 0.0

1735199666
0.0 0.0 0.0

1735199667
0.0 0.0 0.0

1735199668
0.0 0.0 0.0

1735199669
0.0 0.0 0.0

1735199670
0.0 0.0 0.0

1735199680
0.0 0.0 0.0

1735199682
0.0 0.0 0.0

1735199683
0.0 0.0 0.0

1735199689
0.0 0.0 0.0

1735199701
0.0 0.0 0.0

1735199702
0.0 0.0 0.0

1735199703
0.0 0.0 0.0

1735199706
0.0 0.0 0.0

1735199707
0.0 0.0 0.0

1735199708
0.0 0.0 0.0

1735199710
0.0 0.0 0.0

1735199711
0.0 0.0 0.0

1735199712
0.0 0.0 0.0

1735199713
0.0 0.0 0.0

1735199715
0.0 0.0 0.0

1735199716
0.0 0.0 0.0

1735199717
0.0 0.0 0.0

1735199718
0.0 0.0 0.0

1735199719
0.0 0.0 0.0

1735199720
0.0 0.0 0.0

1735199721
0.0 0.0 0.0

1735199722
0.0 0.0 0.0

1735199723
0.0 0.0 0.0

1735199724
0.0 0.0 0.0

1735199725
0.0 0.0 0.0

1735199726
0.0 0.0 0.0

1735199727
0.0 0.0 0.0

1735199728
0.0 0.0 0.0

1735199729
0.0 0.0 0.0

1735199730
0.0 0.0 0.0

1735199731
0.0 0.0 0.0

1735199732
0.0 0.0 0.0

1735199733
0.0 0.0 0.0

1735199734
0.0 0.0 0.0

1735199735
0.0 0.0 0.0

1735199736
0.0 0.0 0.0

1735199737
0.0 0.0 0.0

1735199738
0.0 0.0 0.0

1735199739
0.0 0.0 0.0

1735199740
0.0 0.0 0.0

1735199741
0.0 0.0 0.0

1735199742
0.0 0.0 0.0

1735199743
0.0 0.0 0.0

1735199744
0.0 0.0 0.0

1735199745
0.0 0.0 0.0

1735199746
0.0 0.0 0.0

1735199747
0.0 0.0 0.0

1735199748
0.0 0.0 0.0

1735199749
0.0 0.0 0.0

1735199750
0.0 0.0 0.0

1735199751
0.0 0.0 0.0

1735199752
0.0 0.0 0.0

1735199753
0.0 0.0 0.0

1735199754
0.0 0.0 0.0

1735199755
0.0 0.0 0.0

1735199756
0.0 0.0 0.0

1735199757
0.0 0.0 0.0

1735199758
0.0 0.0 0.0

1735199759
0.0 0.0 0.0

1735199760
0.0 0.0 0.0

1735199761
0.0 0.0 0.0

1735199762
0.0 0.0 0.0

1735199763
0.0 0.0 0.0

1735199764
0.0 0.0 0.0

1735199765
0.0 0.0 0.0

1735199766
0.0 0.0 0.0

1735199767
0.0 0.0 0.0

1735199768
0.0 0.0 0.0

1735199769
0.0 0.0 0.0

1735199770
0.0 0.0 0.0

1735199771
0.0 0.0 0.0

1735199772
0.0 0.0 0.0

1735199773
0.0 0.0 0.0

1735199774
0.0 0.0 0.0

1735199775
0.0 0.0 0.0

1735199776
0.0 0.0 0.0

1735199777
0.0 0.0 0.0

1735199778
0.0 0.0 0.0

1735199779
0.0 0.0 0.0

1735199780
0.0 0.0 0.0

1735199781
0.0 0.0 0.0

1735199783
0.0 0.0 0.0

1735199784
0.0 0.0 0.0

1735199785
0.0 0.0 0.0

1735199787
0.0 0.0 0.0

1735199788
0.0 0.0 0.0

1735199789
0.0 0.0 0.0

1735199790
0.0 0.0 0.0

1735199791
0.0 0.0 0.0

1735199792
0.0 0.0 0.0

1735199793
0.0 0.0 0.0

1735199794
0.0 0.0 0.0

1735199795
0.0 0.0 0.0

1735199796
0.0 0.0 0.0

1735199797
0.0 0.0 0.0

1735199798
0.0 0.0 0.0

1735199799
0.0 0.0 0.0

1735199800
0.0 0.0 0.0

1735199801
0.0 0.0 0.0

1735199802
0.0 0.0 0.0

1735199803
0.0 0.0 0.0

1735199804
0.0 0.0 0.0

1735199805
0.0 0.0 0.0

1735199806
0.0 0.0 0.0

1735199807
0.0 0.0 0.0

1735199808
0.0 0.0 0.0

1735199809
0.0 0.0 0.0

1735199810
0.0 0.0 0.0

1735199811
0.0 0.0 0.0

1735199812
0.0 0.0 0.0

1735199813
0.0 0.0 0.0

1735199814
0.0 0.0 0.0

1735199815
0.0 0.0 0.0

1735199816
0.0 0.0 0.0

1735199817
0.0 0.0 0.0

1735199818
0.0 0.0 0.0

1735199819
0.0 0.0 0.0

1735199820
0.0 0.0 0.0

1735199821
0.0 0.0 0.0

1735199822
0.0 0.0 0.0

1735199823
0.0 0.0 0.0

1735199824
0.0 0.0 0.0

1735199825
0.0 0.0 0.0

1735199826
0.0 0.0 0.0

1735199827
0.0 0.0 0.0

1735199828
0.0 0.0 0.0

1735199829
0.0 0.0 0.0

1735199830
0.0 0.0 0.0

1735199831
0.0 0.0 0.0

1735199832
0.0 0.0 0.0

1735199833
0.0 0.0 0.0

1735199834
0.0 0.0 0.0

1735199835
0.0 0.0 0.0

1735199836
0.0 0.0 0.0

1735199837
0.0 0.0 0.0

1735199838
0.0 0.0 0.0

1735199839
0.0 0.0 0.0

1735199840
0.0 0.0 0.0

1735199841
0.0 0.0 0.0

1735199842
0.0 0.0 0.0

1735199843
0.0 0.0 0.0

1735199845
0.0 0.0 0.0

1735199846
0.0 0.0 0.0

1735199847
0.0 0.0 0.0

1735199848
0.0 0.0 0.0

1735199849
0.0 0.0 0.0

1735199850
0.0 0.0 0.0

1735199851
0.0 0.0 0.0

1735199852
0.0 0.0 0.0

1735199853
0.0 0.0 0.0

1735199854
0.0 0.0 0.0

1735199855
0.0 0.0 0.0

1735199856
0.0 0.0 0.0

1735199857
0.0 0.0 0.0

1735199858
0.0 0.0 0.0

1735199859
0.0 0.0 0.0

1735199860
0.0 0.0 0.0

1735199861
0.0 0.0 0.0

1735199862
0.0 0.0 0.0

1735199863
0.0 0.0 0.0

1735199864
0.0 0.0 0.0

1735199865
0.0 0.0 0.0

1735199866
0.0 0.0 0.0

1735199867
0.0 0.0 0.0

1735199868
0.0 0.0 0.0

1735199869
0.0 0.0 0.0

1735199871
0.0 0.0 0.0

1735199872
0.0 0.0 0.0

1735199873
0.0 0.0 0.0

1735199874
0.0 0.0 0.0

1735199875
0.0 0.0 0.0

1735199876
0.0 0.0 0.0

1735199877
0.0 0.0 0.0

1735199878
0.0 0.0 0.0

1735199879
0.0 0.0 0.0

1735199880
0.0 0.0 0.0

1735199881
0.0 0.0 0.0

1735199882
0.0 0.0 0.0

1735199883
0.0 0.0 0.0

1735199884
0.0 0.0 0.0

1735199885
0.0 0.0 0.0

1735199886
0.0 0.0 0.0

1735199887
0.0 0.0 0.0

1735199888
0.0 0.0 0.0

1735199889
0.0 0.0 0.0

1735199890
0.0 0.0 0.0

1735199891
0.0 0.0 0.0

1735199892
0.0 0.0 0.0

1735199893
0.0 0.0 0.0

1735199894
0.0 0.0 0.0

1735199895
0.0 0.0 0.0

1735199896
0.0 0.0 0.0

1735199897
0.0 0.0 0.0

1735199898
0.0 0.0 0.0

1735199899
0.0 0.0 0.0

1735199900
0.0 0.0 0.0

1735199901
0.0 0.0 0.0

1735199902
0.0 0.0 0.0

1735199903
0.0 0.0 0.0

1735199904
0.0 0.0 0.0

1735199905
0.0 0.0 0.0

1735199906
0.0 0.0 0.0

1735199907
0.0 0.0 0.0

1735199908
0.0 0.0 0.0

1735199909
0.0 0.0 0.0

1735199910
0.0 0.0 0.0

1735199911
0.0 0.0 0.0

1735199912
0.0 0.0 0.0

1735199913
0.0 0.0 0.0

1735199914
0.0 0.0 0.0

1735199915
0.0 0.0 0.0

1735199916
0.0 0.0 0.0

1735199917
0.0 0.0 0.0

1735199918
0.0 0.0 0.0

1735199919
0.0 0.0 0.0

1735199920
0.0 0.0 0.0

1735199921
0.0 0.0 0.0

1735199922
0.0 0.0 0.0

1735199923
0.0 0.0 0.0

1735199924
0.0 0.0 0.0

1735199925
0.0 0.0 0.0

1735199926
0.0 0.0 0.0

1735199927
0.0 0.0 0.0

1735199928
0.0 0.0 0.0

1735199932
0.0 0.0 0.0

1735199933
0.0 0.0 0.0

1735199934
0.0 0.0 0.0

1735199935
0.0 0.0 0.0

1735199936
0.0 0.0 0.0

1735199937
0.0 0.0 0.0

1735199938
0.0 0.0 0.0

1735199939
0.0 0.0 0.0

1735199940
0.0 0.0 0.0

1735199941
0.0 0.0 0.0

1735199942
0.0 0.0 0.0

1735199943
0.0 0.0 0.0

1735199944
0.0 0.0 0.0

1735199945
0.0 0.0 0.0

1735199946
0.0 0.0 0.0

1735199947
0.0 0.0 0.0

1735199948
0.0 0.0 0.0

1735199949
0.0 0.0 0.0

1735199950
0.0 0.0 0.0

1735199951
0.0 0.0 0.0

1735199952
0.0 0.0 0.0

1735199953
0.0 0.0 0.0

1735199954
0.0 0.0 0.0

1735199955
0.0 0.0 0.0

1735199956
0.0 0.0 0.0

1735199957
0.0 0.0 0.0

1735199958
0.0 0.0 0.0

1735199959
0.0 0.0 0.0

1735199960
0.0 0.0 0.0

1735199961
0.0 0.0 0.0

1735199962
0.0 0.0 0.0

1735199963
0.0 0.0 0.0

1735199964
0.0 0.0 0.0

1735199965
0.0 0.0 0.0

1735199966
0.0 0.0 0.0

1735199967
0.0 0.0 0.0

1735199968
0.0 0.0 0.0

1735199969
0.0 0.0 0.0

1735199970
0.0 0.0 0.0

1735199971
0.0 0.0 0.0

1735199972
0.0 0.0 0.0

1735199973
0.0 0.0 0.0

1735199974
0.0 0.0 0.0

1735199975
0.0 0.0 0.0

1735199976
0.0 0.0 0.0

1735199977
0.0 0.0 0.0

1735199978
0.0 0.0 0.0

1735199979
0.0 0.0 0.0

1735199980
0.0 0.0 0.0

1735199981
0.0 0.0 0.0

1735199982
0.0 0.0 0.0

1735199983
0.0 0.0 0.0

1735199984
0.0 0.0 0.0

1735199985
0.0 0.0 0.0

1735199986
0.0 0.0 0.0

1735199987
0.0 0.0 0.0

1735199988
0.0 0.0 0.0

1735199989
0.0 0.0 0.0

1735199990
0.0 0.0 0.0

1735199991
0.0 0.0 0.0

1735199992
0.0 0.0 0.0

1735199993
0.0 0.0 0.0

1735199994
0.0 0.0 0.0

1735199995
0.0 0.0 0.0

1735199996
0.0 0.0 0.0

1735199997
0.0 0.0 0.0

1735199998
0.0 0.0 0.0

1735199999
0.0 0.0 0.0

1735200000
0.0 0.0 0.0

1735200001
0.0 0.0 0.0

1735200002
0.0 0.0 0.0

1735200003
0.0 0.0 0.0

1735200004
0.0 0.0 0.0

1735200005
0.0 0.0 0.0

1735200006
0.0 0.0 0.0

1735200007
0.0 0.0 0.0

1735200008
0.0 0.0 0.0

1735200009
0.0 0.0 0.0

1735200010
0.0 0.0 0.0

1735200011
0.0 0.0 0.0

1735200012
0.0 0.0 0.0

1735200013
0.0 0.0 0.0

1735200014
0.0 0.0 0.0

1735200015
0.0 0.0 0.0

1735200016
0.0 0.0 0.0

1735200017
0.0 0.0 0.0

1735200018
0.0 0.0 0.0

1735200019
0.0 0.0 0.0

1735200020
0.0 0.0 0.0

1735200021
0.0 0.0 0.0

1735200022
0.0 0.0 0.0

1735200023
0.0 0.0 0.0

1735200024
0.0 0.0 0.0

1735200025
0.0 0.0 0.0

1735200026
0.0 0.0 0.0

1735200027
0.0 0.0 0.0

1735200028
0.0 0.0 0.0

1735200029
0.0 0.0 0.0

1735200030
0.0 0.0 0.0

1735200031
0.0 0.0 0.0

1735200032
0.0 0.0 0.0

1735200033
0.0 0.0 0.0

1735200034
0.0 0.0 0.0

1735200035
0.0 0.0 0.0

1735200036
0.0 0.0 0.0

1735200037
0.0 0.0 0.0

1735200038
0.0 0.0 0.0

1735200039
0.0 0.0 0.0

1735200040
0.0 0.0 0.0

1735200041
0.0 0.0 0.0

1735200042
0.0 0.0 0.0

1735200043
0.0 0.0 0.0

1735200044
0.0 0.0 0.0

1735200045
0.0 0.0 0.0

1735200046
0.0 0.0 0.0

1735200047
0.0 0.0 0.0

1735200048
0.0 0.0 0.0

1735200049
0.0 0.0 0.0

1735200050
0.0 0.0 0.0

1735200051
0.0 0.0 0.0

1735200052
0.0 0.0 0.0

1735200053
0.0 0.0 0.0

1735200054
0.0 0.0 0.0

1735200055
0.0 0.0 0.0

1735200056
0.0 0.0 0.0

1735200057
0.0 0.0 0.0

1735200058
0.0 0.0 0.0

1735200059
0.0 0.0 0.0

1735200060
0.0 0.0 0.0

1735200061
0.0 0.0 0.0

1735200062
0.0 0.0 0.0

1735200063
0.0 0.0 0.0

1735200064
0.0 0.0 0.0

1735200065
0.0 0.0 0.0

1735200066
0.0 0.0 0.0

1735200067
0.0 0.0 0.0

1735200069
0.0 0.0 0.0

1735200070
0.0 0.0 0.0

1735200071
0.0 0.0 0.0

1735200072
0.0 0.0 0.0

1735200073
0.0 0.0 0.0

1735200074
0.0 0.0 0.0

1735200075
0.0 0.0 0.0

1735200077
0.0 0.0 0.0

1735200079
0.0 0.0 0.0

1735200081
0.0 0.0 0.0

1735200082
0.0 0.0 0.0

1735200083
0.0 0.0 0.0

1735200084
0.0 0.0 0.0

1735200085
0.0 0.0 0.0

1735200086
0.0 0.0 0.0

1735200088
0.0 0.0 0.0

1735200089
0.0 0.0 0.0

1735200090
0.0 0.0 0.0

1735200091
0.0 0.0 0.0

1735200093
0.0 0.0 0.0

1735200094
0.0 0.0 0.0

1735200095
0.0 0.0 0.0

1735200096
0.0 0.0 0.0

1735200097
0.0 0.0 0.0

1735200098
0.0 0.0 0.0

1735200099
0.0 0.0 0.0

1735200100
0.0 0.0 0.0

1735200101
0.0 0.0 0.0

1735200102
0.0 0.0 0.0

1735200103
0.0 0.0 0.0

1735200104
0.0 0.0 0.0

1735200105
0.0 0.0 0.0

1735200106
0.0 0.0 0.0

1735200107
0.0 0.0 0.0

1735200108
0.0 0.0 0.0

1735200109
0.0 0.0 0.0

1735200110
0.0 0.0 0.0

1735200111
0.0 0.0 0.0

1735200112
0.0 0.0 0.0

1735200113
0.0 0.0 0.0

1735200114
0.0 0.0 0.0

1735200115
0.0 0.0 0.0

1735200117
0.0 0.0 0.0

1735200118
0.0 0.0 0.0

1735200119
0.0 0.0 0.0

1735200120
0.0 0.0 0.0

1735200121
0.0 0.0 0.0

1735200122
0.0 0.0 0.0

1735200123
0.0 0.0 0.0

1735200125
0.0 0.0 0.0

1735200126
0.0 0.0 0.0

1735200127
0.0 0.0 0.0

1735200129
0.0 0.0 0.0

1735200130
0.0 0.0 0.0

1735200131
0.0 0.0 0.0

1735200132
0.0 0.0 0.0

1735200133
0.0 0.0 0.0

1735200134
0.0 0.0 0.0

1735200136
0.0 0.0 0.0

1735200137
0.0 0.0 0.0

1735200138
0.0 0.0 0.0

1735200139
0.0 0.0 0.0

1735200140
0.0 0.0 0.0

1735200141
0.0 0.0 0.0

1735200142
0.0 0.0 0.0

1735200143
0.0 0.0 0.0

1735200144
0.0 0.0 0.0

1735200145
0.0 0.0 0.0

1735200146
0.0 0.0 0.0

1735200147
0.0 0.0 0.0

1735200148
0.0 0.0 0.0

1735200149
0.0 0.0 0.0

1735200150
0.0 0.0 0.0

1735200151
0.0 0.0 0.0

1735200152
0.0 0.0 0.0

1735200153
0.0 0.0 0.0

1735200154
0.0 0.0 0.0

1735200155
0.0 0.0 0.0

1735200156
0.0 0.0 0.0

1735200157
0.0 0.0 0.0

1735200158
0.0 0.0 0.0

1735200159
0.0 0.0 0.0

1735200160
0.0 0.0 0.0

1735200161
0.0 0.0 0.0

1735200162
0.0 0.0 0.0

1735200163
0.0 0.0 0.0

1735200164
0.0 0.0 0.0

1735200165
0.0 0.0 0.0

1735200166
0.0 0.0 0.0

1735200167
0.0 0.0 0.0

1735200168
0.0 0.0 0.0

1735200169
0.0 0.0 0.0

1735200170
0.0 0.0 0.0

1735200171
0.0 0.0 0.0

1735200172
0.0 0.0 0.0

1735200173
0.0 0.0 0.0

1735200174
0.0 0.0 0.0

1735200175
0.0 0.0 0.0

1735200176
0.0 0.0 0.0

1735200177
0.0 0.0 0.0

1735200178
0.0 0.0 0.0

1735200179
0.0 0.0 0.0

1735200180
0.0 0.0 0.0

1735200181
0.0 0.0 0.0

1735200182
0.0 0.0 0.0

1735200183
0.0 0.0 0.0

1735200184
0.0 0.0 0.0

1735200185
0.0 0.0 0.0

1735200186
0.0 0.0 0.0

1735200187
0.0 0.0 0.0

1735200188
0.0 0.0 0.0

1735200189
0.0 0.0 0.0

1735200190
0.0 0.0 0.0

1735200191
0.0 0.0 0.0

1735200192
0.0 0.0 0.0

1735200193
0.0 0.0 0.0

1735200194
0.0 0.0 0.0

1735200195
0.0 0.0 0.0

1735200196
0.0 0.0 0.0

1735200197
0.0 0.0 0.0

1735200198
0.0 0.0 0.0

1735200199
0.0 0.0 0.0

1735200200
0.0 0.0 0.0

1735200201
0.0 0.0 0.0

1735200202
0.0 0.0 0.0

1735200203
0.0 0.0 0.0

1735200204
0.0 0.0 0.0

1735200205
0.0 0.0 0.0

1735200206
0.0 0.0 0.0

1735200207
0.0 0.0 0.0

1735200208
0.0 0.0 0.0

1735200209
0.0 0.0 0.0

1735200210
0.0 0.0 0.0

1735200211
0.0 0.0 0.0

1735200212
0.0 0.0 0.0

1735200213
0.0 0.0 0.0

1735200214
0.0 0.0 0.0

1735200215
0.0 0.0 0.0

1735200216
0.0 0.0 0.0

1735200217
0.0 0.0 0.0

1735200218
0.0 0.0 0.0

1735200219
0.0 0.0 0.0

1735200220
0.0 0.0 0.0

1735200221
0.0 0.0 0.0

1735200222
0.0 0.0 0.0

1735200223
0.0 0.0 0.0

1735200224
0.0 0.0 0.0

1735200225
0.0 0.0 0.0

1735200226
0.0 0.0 0.0

1735200227
0.0 0.0 0.0

1735200228
0.0 0.0 0.0

1735200229
0.0 0.0 0.0

1735200230
0.0 0.0 0.0

1735200231
0.0 0.0 0.0

1735200232
0.0 0.0 0.0

1735200234
0.0 0.0 0.0

1735200235
0.0 0.0 0.0

1735200236
0.0 0.0 0.0

1735200237
0.0 0.0 0.0

1735200238
0.0 0.0 0.0

1735200242
0.0 0.0 0.0

1735200243
0.0 0.0 0.0

1735200244
0.0 0.0 0.0

1735200246
0.0 0.0 0.0

1735200248
0.0 0.0 0.0

1735200249
0.0 0.0 0.0

1735200250
0.0 0.0 0.0

1735200251
0.0 0.0 0.0

1735200252
0.0 0.0 0.0

1735200253
0.0 0.0 0.0

1735200254
0.0 0.0 0.0

1735200255
0.0 0.0 0.0

1735200256
0.0 0.0 0.0

1735200257
0.0 0.0 0.0

1735200258
0.0 0.0 0.0

1735200259
0.0 0.0 0.0

1735200260
0.0 0.0 0.0

1735200261
0.0 0.0 0.0

1735200262
0.0 0.0 0.0

1735200263
0.0 0.0 0.0

1735200264
0.0 0.0 0.0

1735200265
0.0 0.0 0.0

1735200266
0.0 0.0 0.0

1735200267
0.0 0.0 0.0

1735200268
0.0 0.0 0.0

1735200269
0.0 0.0 0.0

1735200270
0.0 0.0 0.0

1735200271
0.0 0.0 0.0

1735200272
0.0 0.0 0.0

1735200273
0.0 0.0 0.0

1735200274
0.0 0.0 0.0

1735200275
0.0 0.0 0.0

1735200276
0.0 0.0 0.0

1735200277
0.0 0.0 0.0

1735200278
0.0 0.0 0.0

1735200279
0.0 0.0 0.0

1735200280
0.0 0.0 0.0

1735200281
0.0 0.0 0.0

1735200283
0.0 0.0 0.0

1735200284
0.0 0.0 0.0

1735200285
0.0 0.0 0.0

1735200286
0.0 0.0 0.0

1735200287
0.0 0.0 0.0

1735200288
0.0 0.0 0.0

1735200290
0.0 0.0 0.0

1735200293
0.0 0.0 0.0

1735200295
0.0 0.0 0.0

1735200296
0.0 0.0 0.0

1735200297
0.0 0.0 0.0

1735200298
0.0 0.0 0.0

1735200299
0.0 0.0 0.0

1735200300
0.0 0.0 0.0

1735200302
0.0 0.0 0.0

1735200303
0.0 0.0 0.0

1735200304
0.0 0.0 0.0

1735200305
0.0 0.0 0.0

1735200308
0.0 0.0 0.0

1735200309
0.0 0.0 0.0

1735200310
0.0 0.0 0.0

1735200311
0.0 0.0 0.0

1735200312
0.0 0.0 0.0

1735200314
0.0 0.0 0.0

1735200315
0.0 0.0 0.0

1735200316
0.0 0.0 0.0

1735200317
0.0 0.0 0.0

1735200318
0.0 0.0 0.0

1735200319
0.0 0.0 0.0

1735200320
0.0 0.0 0.0

1735200321
0.0 0.0 0.0

1735200322
0.0 0.0 0.0

1735200323
0.0 0.0 0.0

1735200325
0.0 0.0 0.0

1735200326
0.0 0.0 0.0

1735200327
0.0 0.0 0.0

1735200328
0.0 0.0 0.0

1735200329
0.0 0.0 0.0

1735200330
0.0 0.0 0.0

1735200331
0.0 0.0 0.0

1735200332
0.0 0.0 0.0

1735200333
0.0 0.0 0.0

1735200334
0.0 0.0 0.0

1735200335
0.0 0.0 0.0

1735200336
0.0 0.0 0.0

1735200337
0.0 0.0 0.0

1735200338
0.0 0.0 0.0

1735200339
0.0 0.0 0.0

1735200340
0.0 0.0 0.0

1735200341
0.0 0.0 0.0

1735200342
0.0 0.0 0.0

1735200343
0.0 0.0 0.0

1735200344
0.0 0.0 0.0

1735200345
0.0 0.0 0.0

1735200346
0.0 0.0 0.0

1735200347
0.0 0.0 0.0

1735200348
0.0 0.0 0.0

1735200349
0.0 0.0 0.0

1735200350
0.0 0.0 0.0

1735200351
0.0 0.0 0.0

1735200356
0.0 0.0 0.0

1735200357
0.0 0.0 0.0

1735200358
0.0 0.0 0.0

1735200359
0.0 0.0 0.0

1735200360
0.0 0.0 0.0

1735200361
0.0 0.0 0.0

1735200362
0.0 0.0 0.0

1735200363
0.0 0.0 0.0

1735200364
0.0 0.0 0.0

1735200365
0.0 0.0 0.0

1735200366
0.0 0.0 0.0

1735200367
0.0 0.0 0.0

1735200368
0.0 0.0 0.0

1735200369
0.0 0.0 0.0

1735200370
0.0 0.0 0.0

1735200371
0.0 0.0 0.0

1735200372
0.0 0.0 0.0

1735200373
0.0 0.0 0.0

1735200374
0.0 0.0 0.0

1735200375
0.0 0.0 0.0

1735200376
0.0 0.0 0.0

1735200377
0.0 0.0 0.0

1735200378
0.0 0.0 0.0

1735200379
0.0 0.0 0.0

1735200380
0.0 0.0 0.0

1735200381
0.0 0.0 0.0

1735200382
0.0 0.0 0.0

1735200383
0.0 0.0 0.0

1735200384
0.0 0.0 0.0

1735200385
0.0 0.0 0.0

1735200386
0.0 0.0 0.0

1735200387
0.0 0.0 0.0

1735200388
0.0 0.0 0.0

1735200389
0.0 0.0 0.0

1735200390
0.0 0.0 0.0

1735200391
0.0 0.0 0.0

1735200392
0.0 0.0 0.0

1735200393
0.0 0.0 0.0

1735200394
0.0 0.0 0.0

1735200395
0.0 0.0 0.0

1735200396
0.0 0.0 0.0

1735200397
0.0 0.0 0.0

1735200398
0.0 0.0 0.0

1735200399
0.0 0.0 0.0

1735200400
0.0 0.0 0.0

1735200401
0.0 0.0 0.0

1735200402
0.0 0.0 0.0

1735200403
0.0 0.0 0.0

1735200404
0.0 0.0 0.0

1735200405
0.0 0.0 0.0

1735200406
0.0 0.0 0.0

1735200407
0.0 0.0 0.0

1735200408
0.0 0.0 0.0

1735200409
0.0 0.0 0.0

1735200410
0.0 0.0 0.0

1735200411
0.0 0.0 0.0

1735200412
0.0 0.0 0.0

1735200413
0.0 0.0 0.0

1735200414
0.0 0.0 0.0

1735200415
0.0 0.0 0.0

1735200416
0.0 0.0 0.0

1735200417
0.0 0.0 0.0

1735200418
0.0 0.0 0.0

1735200419
0.0 0.0 0.0

1735200420
0.0 0.0 0.0

1735200421
0.0 0.0 0.0

1735200422
0.0 0.0 0.0

1735200423
0.0 0.0 0.0

1735200424
0.0 0.0 0.0

1735200425
0.0 0.0 0.0

1735200426
0.0 0.0 0.0

1735200427
0.0 0.0 0.0

1735200428
0.0 0.0 0.0

1735200429
0.0 0.0 0.0

1735200430
0.0 0.0 0.0

1735200431
0.0 0.0 0.0

1735200432
0.0 0.0 0.0

1735200433
0.0 0.0 0.0

1735200434
0.0 0.0 0.0

1735200435
0.0 0.0 0.0

1735200436
0.0 0.0 0.0

1735200437
0.0 0.0 0.0

1735200438
0.0 0.0 0.0

1735200439
0.0 0.0 0.0

1735200440
0.0 0.0 0.0

1735200441
0.0 0.0 0.0

1735200442
0.0 0.0 0.0

1735200443
0.0 0.0 0.0

1735200444
0.0 0.0 0.0

1735200445
0.0 0.0 0.0

1735200446
0.0 0.0 0.0

1735200447
0.0 0.0 0.0

1735200448
0.0 0.0 0.0

1735200449
0.0 0.0 0.0

1735200450
0.0 0.0 0.0

1735200451
0.0 0.0 0.0

1735200452
0.0 0.0 0.0

1735200453
0.0 0.0 0.0

1735200454
0.0 0.0 0.0

1735200455
0.0 0.0 0.0

1735200456
0.0 0.0 0.0

1735200457
0.0 0.0 0.0

1735200458
0.0 0.0 0.0

1735200460
0.0 0.0 0.0

1735200461
0.0 0.0 0.0

1735200462
0.0 0.0 0.0

1735200463
0.0 0.0 0.0

1735200464
0.0 0.0 0.0

1735200466
0.0 0.0 0.0

1735200472
0.0 0.0 0.0

1735200474
0.0 0.0 0.0

1735200476
0.0 0.0 0.0

1735200477
0.0 0.0 0.0

1735200478
0.0 0.0 0.0

1735200479
0.0 0.0 0.0

1735200480
0.0 0.0 0.0

1735200481
0.0 0.0 0.0

1735200483
0.0 0.0 0.0

1735200488
0.0 0.0 0.0

1735200489
0.0 0.0 0.0

1735200490
0.0 0.0 0.0

1735200491
0.0 0.0 0.0

1735200492
0.0 0.0 0.0

1735200493
0.0 0.0 0.0

1735200494
0.0 0.0 0.0

1735200498
0.0 0.0 0.0

1735200500
0.0 0.0 0.0

1735200501
0.0 0.0 0.0

1735200502
0.0 0.0 0.0

1735200504
0.0 0.0 0.0

1735200505
0.0 0.0 0.0

1735200506
0.0 0.0 0.0

1735200507
0.0 0.0 0.0

1735200508
0.0 0.0 0.0

1735200509
0.0 0.0 0.0

1735200510
0.0 0.0 0.0

1735200511
0.0 0.0 0.0

1735200512
0.0 0.0 0.0

1735200514
0.0 0.0 0.0

1735200518
0.0 0.0 0.0

1735200519
0.0 0.0 0.0

1735200520
0.0 0.0 0.0

1735200521
0.0 0.0 0.0

1735200522
0.0 0.0 0.0

1735200523
0.0 0.0 0.0

1735200525
0.0 0.0 0.0

1735200526
0.0 0.0 0.0

1735200527
0.0 0.0 0.0

1735200529
0.0 0.0 0.0

1735200530
0.0 0.0 0.0

1735200531
0.0 0.0 0.0

1735200532
0.0 0.0 0.0

1735200533
0.0 0.0 0.0

1735200534
0.0 0.0 0.0

1735200535
0.0 0.0 0.0

1735200536
0.0 0.0 0.0

1735200538
0.0 0.0 0.0

1735200539
0.0 0.0 0.0

1735200540
0.0 0.0 0.0

1735200541
0.0 0.0 0.0

1735200542
0.0 0.0 0.0

1735200543
0.0 0.0 0.0

1735200544
0.0 0.0 0.0

1735200545
0.0 0.0 0.0

1735200546
0.0 0.0 0.0

1735200547
0.0 0.0 0.0

1735200548
0.0 0.0 0.0

1735200551
0.0 0.0 0.0

1735200552
0.0 0.0 0.0

1735200553
0.0 0.0 0.0

1735200554
0.0 0.0 0.0

1735200555
0.0 0.0 0.0

1735200556
0.0 0.0 0.0

1735200557
0.0 0.0 0.0

1735200558
0.0 0.0 0.0

1735200559
0.0 0.0 0.0

1735200560
0.0 0.0 0.0

1735200561
0.0 0.0 0.0

1735200562
0.0 0.0 0.0

1735200563
0.0 0.0 0.0

1735200565
0.0 0.0 0.0

1735200566
0.0 0.0 0.0

1735200567
0.0 0.0 0.0

1735200568
0.0 0.0 0.0

1735200569
0.0 0.0 0.0

1735200570
0.0 0.0 0.0

1735200571
0.0 0.0 0.0

1735200572
0.0 0.0 0.0

1735200574
0.0 0.0 0.0

1735200575
0.0 0.0 0.0

1735200576
0.0 0.0 0.0

1735200577
0.0 0.0 0.0

1735200578
0.0 0.0 0.0

1735200579
0.0 0.0 0.0

1735200580
0.0 0.0 0.0

1735200581
0.0 0.0 0.0

1735200582
0.0 0.0 0.0

1735200583
0.0 0.0 0.0

1735200584
0.0 0.0 0.0

1735200585
0.0 0.0 0.0

1735200586
0.0 0.0 0.0

1735200587
0.0 0.0 0.0

1735200588
0.0 0.0 0.0

1735200589
0.0 0.0 0.0

1735200590
0.0 0.0 0.0

1735200592
0.0 0.0 0.0

1735200593
0.0 0.0 0.0

1735200594
0.0 0.0 0.0

1735200595
0.0 0.0 0.0

1735200596
0.0 0.0 0.0

1735200597
0.0 0.0 0.0

1735200598
0.0 0.0 0.0

1735200599
0.0 0.0 0.0

1735200600
0.0 0.0 0.0

1735200601
0.0 0.0 0.0

1735200602
0.0 0.0 0.0

1735200603
0.0 0.0 0.0

1735200604
0.0 0.0 0.0

1735200605
0.0 0.0 0.0

1735200606
0.0 0.0 0.0

1735200607
0.0 0.0 0.0

1735200608
0.0 0.0 0.0

1735200609
0.0 0.0 0.0

1735200610
0.0 0.0 0.0

1735200611
0.0 0.0 0.0

1735200612
0.0 0.0 0.0

1735200613
0.0 0.0 0.0

1735200614
0.0 0.0 0.0

1735200615
0.0 0.0 0.0

1735200617
0.0 0.0 0.0

1735200618
0.0 0.0 0.0

1735200619
0.0 0.0 0.0

1735200620
0.0 0.0 0.0

1735200621
0.0 0.0 0.0

1735200623
0.0 0.0 0.0

1735200624
0.0 0.0 0.0

1735200625
0.0 0.0 0.0

1735200627
0.0 0.0 0.0

1735200628
0.0 0.0 0.0

1735200629
0.0 0.0 0.0

1735200631
0.0 0.0 0.0

1735200632
0.0 0.0 0.0

1735200633
0.0 0.0 0.0

1735200634
0.0 0.0 0.0

1735200635
0.0 0.0 0.0

1735200636
0.0 0.0 0.0

1735200638
0.0 0.0 0.0

1735200639
0.0 0.0 0.0

1735200640
0.0 0.0 0.0

1735200641
0.0 0.0 0.0

1735200642
0.0 0.0 0.0

1735200644
0.0 0.0 0.0

1735200646
0.0 0.0 0.0

1735200647
0.0 0.0 0.0

1735200648
0.0 0.0 0.0

1735200649
0.0 0.0 0.0

1735200651
0.0 0.0 0.0

1735200652
0.0 0.0 0.0

1735200654
0.0 0.0 0.0

1735200655
0.0 0.0 0.0

1735200656
0.0 0.0 0.0

1735200657
0.0 0.0 0.0

1735200658
0.0 0.0 0.0

1735200659
0.0 0.0 0.0

1735200660
0.0 0.0 0.0

1735200661
0.0 0.0 0.0

1735200662
0.0 0.0 0.0

1735200663
0.0 0.0 0.0

1735200664
0.0 0.0 0.0

1735200665
0.0 0.0 0.0

1735200667
0.0 0.0 0.0

1735200668
0.0 0.0 0.0

1735200669
0.0 0.0 0.0

1735200670
0.0 0.0 0.0

1735200671
0.0 0.0 0.0

1735200673
0.0 0.0 0.0

1735200674
0.0 0.0 0.0

1735200675
0.0 0.0 0.0

1735200676
0.0 0.0 0.0

1735200677
0.0 0.0 0.0

1735200678
0.0 0.0 0.0

1735200680
0.0 0.0 0.0

1735200681
0.0 0.0 0.0

1735200682
0.0 0.0 0.0

1735200683
0.0 0.0 0.0

1735200684
0.0 0.0 0.0

1735200685
0.0 0.0 0.0

1735200686
0.0 0.0 0.0

1735200687
0.0 0.0 0.0

1735200688
0.0 0.0 0.0

1735200689
0.0 0.0 0.0

1735200690
0.0 0.0 0.0

1735200691
0.0 0.0 0.0

1735200692
0.0 0.0 0.0

1735200693
0.0 0.0 0.0

1735200694
0.0 0.0 0.0

1735200695
0.0 0.0 0.0

1735200696
0.0 0.0 0.0

1735200697
0.0 0.0 0.0

1735200698
0.0 0.0 0.0

1735200700
0.0 0.0 0.0

1735200701
0.0 0.0 0.0

1735200703
0.0 0.0 0.0

1735200704
0.0 0.0 0.0

1735200705
0.0 0.0 0.0

1735200706
0.0 0.0 0.0

1735200707
0.0 0.0 0.0

1735200708
0.0 0.0 0.0

1735200710
0.0 0.0 0.0

1735200711
0.0 0.0 0.0

1735200712
0.0 0.0 0.0

1735200713
0.0 0.0 0.0

1735200714
0.0 0.0 0.0

1735200715
0.0 0.0 0.0

1735200716
0.0 0.0 0.0

1735200718
0.0 0.0 0.0

1735200719
0.0 0.0 0.0

1735200720
0.0 0.0 0.0

1735200721
0.0 0.0 0.0

1735200722
0.0 0.0 0.0

1735200724
0.0 0.0 0.0

1735200725
0.0 0.0 0.0

1735200726
0.0 0.0 0.0

1735200727
0.0 0.0 0.0

1735200728
0.0 0.0 0.0

1735200729
0.0 0.0 0.0

1735200730
0.0 0.0 0.0

1735200731
0.0 0.0 0.0

1735200732
0.0 0.0 0.0

1735200733
0.0 0.0 0.0

1735200734
0.0 0.0 0.0

1735200735
0.0 0.0 0.0

1735200736
0.0 0.0 0.0

1735200737
0.0 0.0 0.0

1735200738
0.0 0.0 0.0

1735200739
0.0 0.0 0.0

1735200740
0.0 0.0 0.0

1735200741
0.0 0.0 0.0

1735200742
0.0 0.0 0.0

1735200743
0.0 0.0 0.0

1735200744
0.0 0.0 0.0

1735200745
0.0 0.0 0.0

1735200746
0.0 0.0 0.0

1735200747
0.0 0.0 0.0

1735200748
0.0 0.0 0.0

1735200749
0.0 0.0 0.0

1735200750
0.0 0.0 0.0

1735200751
0.0 0.0 0.0

1735200752
0.0 0.0 0.0

1735200753
0.0 0.0 0.0

1735200754
0.0 0.0 0.0

1735200755
0.0 0.0 0.0

1735200756
0.0 0.0 0.0

1735200757
0.0 0.0 0.0

1735200758
0.0 0.0 0.0

1735200759
0.0 0.0 0.0

1735200760
0.0 0.0 0.0

1735200761
0.0 0.0 0.0

1735200762
0.0 0.0 0.0

1735200763
0.0 0.0 0.0

1735200764
0.0 0.0 0.0

1735200765
0.0 0.0 0.0

1735200766
0.0 0.0 0.0

1735200767
0.0 0.0 0.0

1735200768
0.0 0.0 0.0

1735200769
0.0 0.0 0.0

1735200770
0.0 0.0 0.0

1735200771
0.0 0.0 0.0

1735200772
0.0 0.0 0.0

1735200773
0.0 0.0 0.0

1735200774
0.0 0.0 0.0

1735200775
0.0 0.0 0.0

1735200776
0.0 0.0 0.0

1735200777
0.0 0.0 0.0

1735200778
0.0 0.0 0.0

1735200779
0.0 0.0 0.0

1735200780
0.0 0.0 0.0

1735200781
0.0 0.0 0.0

1735200782
0.0 0.0 0.0

1735200783
0.0 0.0 0.0

1735200784
0.0 0.0 0.0

1735200785
0.0 0.0 0.0

1735200786
0.0 0.0 0.0

1735200787
0.0 0.0 0.0

1735200788
0.0 0.0 0.0

1735200789
0.0 0.0 0.0

1735200790
0.0 0.0 0.0

1735200791
0.0 0.0 0.0

1735200792
0.0 0.0 0.0

1735200793
0.0 0.0 0.0

1735200794
0.0 0.0 0.0

1735200795
0.0 0.0 0.0

1735200796
0.0 0.0 0.0

1735200797
0.0 0.0 0.0

1735200798
0.0 0.0 0.0

1735200799
0.0 0.0 0.0

1735200800
0.0 0.0 0.0

1735200801
0.0 0.0 0.0

1735200802
0.0 0.0 0.0

1735200803
0.0 0.0 0.0

1735200804
0.0 0.0 0.0

1735200805
0.0 0.0 0.0

1735200808
0.0 0.0 0.0

1735200810
0.0 0.0 0.0

1735200812
0.0 0.0 0.0

1735200814
0.0 0.0 0.0

1735200815
0.0 0.0 0.0

1735200816
0.0 0.0 0.0

1735200817
0.0 0.0 0.0

1735200818
0.0 0.0 0.0

1735200819
0.0 0.0 0.0

1735200821
0.0 0.0 0.0

1735200822
0.0 0.0 0.0

1735200823
0.0 0.0 0.0

1735200824
0.0 0.0 0.0

1735200825
0.0 0.0 0.0

1735200826
0.0 0.0 0.0

1735200827
0.0 0.0 0.0

1735200828
0.0 0.0 0.0

1735200829
0.0 0.0 0.0

1735200830
0.0 0.0 0.0

1735200831
0.0 0.0 0.0

1735200832
0.0 0.0 0.0

1735200833
0.0 0.0 0.0

1735200834
0.0 0.0 0.0

1735200835
0.0 0.0 0.0

1735200836
0.0 0.0 0.0

1735200837
0.0 0.0 0.0

1735200838
0.0 0.0 0.0

1735200839
0.0 0.0 0.0

1735200840
0.0 0.0 0.0

1735200841
0.0 0.0 0.0

1735200842
0.0 0.0 0.0

1735200843
0.0 0.0 0.0

1735200844
0.0 0.0 0.0

1735200845
0.0 0.0 0.0

1735200846
0.0 0.0 0.0

1735200847
0.0 0.0 0.0

1735200848
0.0 0.0 0.0

1735200849
0.0 0.0 0.0

1735200850
0.0 0.0 0.0

1735200851
0.0 0.0 0.0

1735200852
0.0 0.0 0.0

1735200853
0.0 0.0 0.0

1735200854
0.0 0.0 0.0

1735200855
0.0 0.0 0.0

1735200856
0.0 0.0 0.0

1735200857
0.0 0.0 0.0

1735200858
0.0 0.0 0.0

1735200859
0.0 0.0 0.0

1735200860
0.0 0.0 0.0

1735200861
0.0 0.0 0.0

1735200862
0.0 0.0 0.0

1735200863
0.0 0.0 0.0

1735200864
0.0 0.0 0.0

1735200865
0.0 0.0 0.0

1735200867
0.0 0.0 0.0

1735200868
0.0 0.0 0.0

1735200870
0.0 0.0 0.0

1735200871
0.0 0.0 0.0

1735200872
0.0 0.0 0.0

1735200873
0.0 0.0 0.0

1735200875
0.0 0.0 0.0

1735200876
0.0 0.0 0.0

1735200877
0.0 0.0 0.0

1735200878
0.0 0.0 0.0

1735200879
0.0 0.0 0.0

1735200880
0.0 0.0 0.0

1735200881
0.0 0.0 0.0

1735200882
0.0 0.0 0.0

1735200883
0.0 0.0 0.0

1735200884
0.0 0.0 0.0

1735200885
0.0 0.0 0.0

1735200886
0.0 0.0 0.0

1735200887
0.0 0.0 0.0

1735200888
0.0 0.0 0.0

1735200889
0.0 0.0 0.0

1735200890
0.0 0.0 0.0

1735200891
0.0 0.0 0.0

1735200892
0.0 0.0 0.0

1735200893
0.0 0.0 0.0

1735200894
0.0 0.0 0.0

1735200895
0.0 0.0 0.0

1735200896
0.0 0.0 0.0

1735200897
0.0 0.0 0.0

1735200898
0.0 0.0 0.0

1735200899
0.0 0.0 0.0

1735200900
0.0 0.0 0.0

1735200901
0.0 0.0 0.0

1735200902
0.0 0.0 0.0

1735200903
0.0 0.0 0.0

1735200906
0.0 0.0 0.0

1735200907
0.0 0.0 0.0

1735200908
0.0 0.0 0.0

1735200909
0.0 0.0 0.0

1735200910
0.0 0.0 0.0

1735200911
0.0 0.0 0.0

1735200912
0.0 0.0 0.0

1735200913
0.0 0.0 0.0

1735200914
0.0 0.0 0.0

1735200915
0.0 0.0 0.0

1735200916
0.0 0.0 0.0

1735200917
0.0 0.0 0.0

1735200918
0.0 0.0 0.0

1735200919
0.0 0.0 0.0

1735200920
0.0 0.0 0.0

1735200921
0.0 0.0 0.0

1735200922
0.0 0.0 0.0

1735200923
0.0 0.0 0.0

1735200924
0.0 0.0 0.0

1735200925
0.0 0.0 0.0

1735200926
0.0 0.0 0.0

1735200927
0.0 0.0 0.0

1735200928
0.0 0.0 0.0

1735200929
0.0 0.0 0.0

1735200930
0.0 0.0 0.0

1735200931
0.0 0.0 0.0

1735200932
0.0 0.0 0.0

1735200933
0.0 0.0 0.0

1735200934
0.0 0.0 0.0

1735200935
0.0 0.0 0.0

1735200936
0.0 0.0 0.0

1735200937
0.0 0.0 0.0

1735200938
0.0 0.0 0.0

1735200939
0.0 0.0 0.0

1735200940
0.0 0.0 0.0

1735200941
0.0 0.0 0.0

1735200942
0.0 0.0 0.0

1735200943
0.0 0.0 0.0

1735200944
0.0 0.0 0.0

1735200945
0.0 0.0 0.0

1735200946
0.0 0.0 0.0

1735200947
0.0 0.0 0.0

1735200948
0.0 0.0 0.0

1735200949
0.0 0.0 0.0

1735200950
0.0 0.0 0.0

1735200951
0.0 0.0 0.0

1735200952
0.0 0.0 0.0

1735200953
0.0 0.0 0.0

1735200954
0.0 0.0 0.0

1735200955
0.0 0.0 0.0

1735200956
0.0 0.0 0.0

1735200957
0.0 0.0 0.0

1735200958
0.0 0.0 0.0

1735200959
0.0 0.0 0.0

1735200960
0.0 0.0 0.0

1735200961
0.0 0.0 0.0

1735200962
0.0 0.0 0.0

1735200963
0.0 0.0 0.0

1735200964
0.0 0.0 0.0

1735200965
0.0 0.0 0.0

1735200966
0.0 0.0 0.0

1735200967
0.0 0.0 0.0

1735200968
0.0 0.0 0.0

1735200969
0.0 0.0 0.0

1735200970
0.0 0.0 0.0

1735200971
0.0 0.0 0.0

1735200972
0.0 0.0 0.0

1735200973
0.0 0.0 0.0

1735200974
0.0 0.0 0.0

1735200975
0.0 0.0 0.0

1735200976
0.0 0.0 0.0

1735200977
0.0 0.0 0.0

1735200978
0.0 0.0 0.0

1735200979
0.0 0.0 0.0

1735200980
0.0 0.0 0.0

1735200981
0.0 0.0 0.0

1735200983
0.0 0.0 0.0

1735200985
0.0 0.0 0.0

1735200986
0.0 0.0 0.0

1735200987
0.0 0.0 0.0

1735200988
0.0 0.0 0.0

1735200989
0.0 0.0 0.0

1735200990
0.0 0.0 0.0

1735200991
0.0 0.0 0.0

1735200999
0.0 0.0 0.0

1735201001
0.0 0.0 0.0

1735201002
0.0 0.0 0.0

1735201003
0.0 0.0 0.0

1735201004
0.0 0.0 0.0

1735201005
0.0 0.0 0.0

1735201006
0.0 0.0 0.0

1735201007
0.0 0.0 0.0

1735201008
0.0 0.0 0.0

1735201009
0.0 0.0 0.0

1735201010
0.0 0.0 0.0

1735201011
0.0 0.0 0.0

1735201012
0.0 0.0 0.0

1735201013
0.0 0.0 0.0

1735201014
0.0 0.0 0.0

1735201015
0.0 0.0 0.0

1735201016
0.0 0.0 0.0

1735201017
0.0 0.0 0.0

1735201018
0.0 0.0 0.0

1735201019
0.0 0.0 0.0

1735201020
0.0 0.0 0.0

1735201021
0.0 0.0 0.0

1735201022
0.0 0.0 0.0

1735201023
0.0 0.0 0.0

1735201024
0.0 0.0 0.0

1735201025
0.0 0.0 0.0

1735201026
0.0 0.0 0.0

1735201027
0.0 0.0 0.0

1735201028
0.0 0.0 0.0

1735201029
0.0 0.0 0.0

1735201030
0.0 0.0 0.0

1735201031
0.0 0.0 0.0

1735201032
0.0 0.0 0.0

1735201033
0.0 0.0 0.0

1735201034
0.0 0.0 0.0

1735201035
0.0 0.0 0.0

1735201036
0.0 0.0 0.0

1735201037
0.0 0.0 0.0

1735201038
0.0 0.0 0.0

1735201039
0.0 0.0 0.0

1735201040
0.0 0.0 0.0

1735201041
0.0 0.0 0.0

1735201042
0.0 0.0 0.0

1735201043
0.0 0.0 0.0

1735201044
0.0 0.0 0.0

1735201045
0.0 0.0 0.0

1735201046
0.0 0.0 0.0

1735201047
0.0 0.0 0.0

1735201048
0.0 0.0 0.0

1735201049
0.0 0.0 0.0

1735201050
0.0 0.0 0.0

1735201051
0.0 0.0 0.0

1735201052
0.0 0.0 0.0

1735201053
0.0 0.0 0.0

1735201054
0.0 0.0 0.0

1735201055
0.0 0.0 0.0

1735201056
0.0 0.0 0.0

1735201057
0.0 0.0 0.0

1735201058
0.0 0.0 0.0

1735201059
0.0 0.0 0.0

1735201060
0.0 0.0 0.0

1735201061
0.0 0.0 0.0

1735201062
0.0 0.0 0.0

1735201063
0.0 0.0 0.0

1735201064
0.0 0.0 0.0

1735201065
0.0 0.0 0.0

1735201066
0.0 0.0 0.0

1735201067
0.0 0.0 0.0

1735201068
0.0 0.0 0.0

1735201069
0.0 0.0 0.0

1735201070
0.0 0.0 0.0

1735201071
0.0 0.0 0.0

1735201072
0.0 0.0 0.0

1735201073
0.0 0.0 0.0

1735201074
0.0 0.0 0.0

1735201076
0.0 0.0 0.0

1735201077
0.0 0.0 0.0

1735201078
0.0 0.0 0.0

1735201079
0.0 0.0 0.0

1735201080
0.0 0.0 0.0

1735201081
0.0 0.0 0.0

1735201082
0.0 0.0 0.0

1735201083
0.0 0.0 0.0

1735201084
0.0 0.0 0.0

1735201085
0.0 0.0 0.0

1735201086
0.0 0.0 0.0

1735201087
0.0 0.0 0.0

1735201088
0.0 0.0 0.0

1735201089
0.0 0.0 0.0

1735201090
0.0 0.0 0.0

1735201091
0.0 0.0 0.0

1735201092
0.0 0.0 0.0

1735201093
0.0 0.0 0.0

1735201094
0.0 0.0 0.0

1735201095
0.0 0.0 0.0

1735201096
0.0 0.0 0.0

1735201097
0.0 0.0 0.0

1735201098
0.0 0.0 0.0

1735201099
0.0 0.0 0.0

1735201100
0.0 0.0 0.0

1735201101
0.0 0.0 0.0

1735201102
0.0 0.0 0.0

1735201103
0.0 0.0 0.0

1735201104
0.0 0.0 0.0

1735201105
0.0 0.0 0.0

1735201106
0.0 0.0 0.0

1735201107
0.0 0.0 0.0

1735201108
0.0 0.0 0.0

1735201109
0.0 0.0 0.0

1735201110
0.0 0.0 0.0

1735201111
0.0 0.0 0.0

1735201112
0.0 0.0 0.0

1735201114
0.0 0.0 0.0

1735201115
0.0 0.0 0.0

1735201116
0.0 0.0 0.0

1735201118
0.0 0.0 0.0

1735201119
0.0 0.0 0.0

1735201120
0.0 0.0 0.0

1735201122
0.0 0.0 0.0

1735201123
0.0 0.0 0.0

1735201125
0.0 0.0 0.0

1735201126
0.0 0.0 0.0

1735201127
0.0 0.0 0.0

1735201128
0.0 0.0 0.0

1735201130
0.0 0.0 0.0

1735201131
0.0 0.0 0.0

1735201132
0.0 0.0 0.0

1735201133
0.0 0.0 0.0

1735201134
0.0 0.0 0.0

1735201135
0.0 0.0 0.0

1735201136
0.0 0.0 0.0

1735201137
0.0 0.0 0.0

1735201138
0.0 0.0 0.0

1735201139
0.0 0.0 0.0

1735201140
0.0 0.0 0.0

1735201141
0.0 0.0 0.0

1735201142
0.0 0.0 0.0

1735201143
0.0 0.0 0.0

1735201144
0.0 0.0 0.0

1735201145
0.0 0.0 0.0

1735201146
0.0 0.0 0.0

1735201147
0.0 0.0 0.0

1735201148
0.0 0.0 0.0

1735201149
0.0 0.0 0.0

1735201150
0.0 0.0 0.0

1735201151
0.0 0.0 0.0

1735201152
0.0 0.0 0.0

1735201153
0.0 0.0 0.0

1735201154
0.0 0.0 0.0

1735201155
0.0 0.0 0.0

1735201156
0.0 0.0 0.0

1735201157
0.0 0.0 0.0

1735201158
0.0 0.0 0.0

1735201159
0.0 0.0 0.0

1735201160
0.0 0.0 0.0

1735201161
0.0 0.0 0.0

1735201162
0.0 0.0 0.0

1735201163
0.0 0.0 0.0

1735201164
0.0 0.0 0.0

1735201165
0.0 0.0 0.0

1735201166
0.0 0.0 0.0

1735201167
0.0 0.0 0.0

1735201168
0.0 0.0 0.0

1735201169
0.0 0.0 0.0

1735201170
0.0 0.0 0.0

1735201171
0.0 0.0 0.0

1735201172
0.0 0.0 0.0

1735201173
0.0 0.0 0.0

1735201175
0.0 0.0 0.0

1735201176
0.0 0.0 0.0

1735201177
0.0 0.0 0.0

1735201178
0.0 0.0 0.0

1735201179
0.0 0.0 0.0

1735201180
0.0 0.0 0.0

1735201181
0.0 0.0 0.0

1735201182
0.0 0.0 0.0

1735201183
0.0 0.0 0.0

1735201184
0.0 0.0 0.0

1735201186
0.0 0.0 0.0

1735201187
0.0 0.0 0.0

1735201188
0.0 0.0 0.0

1735201189
0.0 0.0 0.0

1735201190
0.0 0.0 0.0

1735201191
0.0 0.0 0.0

1735201192
0.0 0.0 0.0

1735201194
0.0 0.0 0.0

1735201197
0.0 0.0 0.0

1735201198
0.0 0.0 0.0

1735201199
0.0 0.0 0.0

1735201200
0.0 0.0 0.0

1735201201
0.0 0.0 0.0

1735201202
0.0 0.0 0.0

1735201203
0.0 0.0 0.0

1735201205
0.0 0.0 0.0

1735201206
0.0 0.0 0.0

1735201207
0.0 0.0 0.0

1735201208
0.0 0.0 0.0

1735201209
0.0 0.0 0.0

1735201212
0.0 0.0 0.0

1735201213
0.0 0.0 0.0

1735201214
0.0 0.0 0.0

1735201215
0.0 0.0 0.0

1735201217
0.0 0.0 0.0

1735201218
0.0 0.0 0.0

1735201219
0.0 0.0 0.0

1735201221
0.0 0.0 0.0

1735201222
0.0 0.0 0.0

1735201223
0.0 0.0 0.0

1735201225
0.0 0.0 0.0

