1735173217
0.1 0.2 0.73 98255

1735173218
0.81 0.33 0.75 4371

1735173219
0.81 0.33 0.75 15545

1735173220
1.02 0.38 0.76 71650

1735173221
1.02 0.38 0.76 34680

1735173222
1.74 0.53 0.79 51210

1735173223
1.74 0.53 0.79 41619

1735173224
2.33 0.68 0.82 71096

1735173225
2.33 0.68 0.82 20763

1735173226
3.0 0.85 0.85 104972

1735173227
3.0 0.85 0.85 28787

1735173228
3.0 0.92 0.87 47502

1735173229
3.0 0.92 0.87 110913

1735173230
3.72 1.12 0.91 39129

1735173231
3.72 1.12 0.91 63758

1735173232
4.5 1.35 0.96 131235

1735173233
4.5 1.35 0.96 167585

1735173234
6.22 1.76 1.05 113940

1735173235
6.22 1.76 1.05 56593

1735173236
6.0 1.87 1.08 1807

1735173237
6.0 1.87 1.08 19367

1735173238
5.09 1.84 1.08 15195

1735173239
5.09 1.84 1.08 8485

1735173240
4.35 1.81 1.07 26041

1735173241
4.35 1.81 1.07 9014

1735173242
3.74 1.78 1.07 180541

1735173243
3.74 1.78 1.07 213228

1735173244
6.5 2.35 1.2 20226

1735173245
6.5 2.35 1.2 20747

1735173246
5.69 2.34 1.2 23072

1735173247
4.66 2.26 1.19 13264

1735173248
4.66 2.26 1.19 13159

1735173249
4.66 2.26 1.19 11466

1735173250
3.99 2.22 1.19 9355

1735173251
3.99 2.22 1.19 12215

1735173252
3.45 2.18 1.19 14647

1735173253
3.45 2.18 1.19 7206

1735173254
2.82 2.11 1.18 6490

1735173255
2.82 2.11 1.18 8465

1735173256
2.31 2.04 1.17 8483

1735173257
2.31 2.04 1.17 8854

1735173258
2.07 2.0 1.17 14931

1735173259
2.07 2.0 1.17 28642

1735173260
1.88 1.97 1.17 13014

1735173261
1.88 1.97 1.17 27000

1735173262
1.9 1.97 1.18 5527

1735173263
1.9 1.97 1.18 17507

1735173264
1.73 1.94 1.18 12919

1735173265
1.73 1.94 1.18 4326

1735173266
1.42 1.87 1.17 5148

1735173267
1.42 1.87 1.17 5026

1735173268
1.16 1.81 1.16 8033

1735173269
1.16 1.81 1.16 8534

1735173270
1.13 1.79 1.16 13111

1735173271
1.13 1.79 1.16 19483

1735173272
1.11 1.76 1.16 23131

1735173273
1.11 1.76 1.16 5787

1735173274
1.09 1.73 1.15 15764

1735173275
1.09 1.73 1.15 17515

1735173276
1.07 1.71 1.15 15779

1735173278
1.06 1.69 1.15 84243

1735173279
1.06 1.69 1.15 486997

1735173280
7.57 2.84 1.4 407199

1735173281
7.57 2.84 1.4 453243

1735173282
14.35 4.22 1.7 517630

1735173283
14.35 4.22 1.7 358021

1735173284
20.62 5.69 2.02 576978

1735173285
20.62 5.69 2.02 596331

1735173286
26.67 7.27 2.37 317592

1735173287
26.67 7.27 2.37 579439

1735173288
31.8 8.83 2.73 724583

1735173289
31.8 8.83 2.73 835654

1735173290
38.18 10.73 3.17 454025

1735173291
38.18 10.73 3.17 614493

1735173292
43.04 12.51 3.6 677350

1735173293
43.04 12.51 3.6 647713

1735173294
47.01 14.22 4.02 644782

1735173295
47.01 14.22 4.02 564649

1735173296
48.28 15.52 4.36 515130

1735173297
48.28 15.52 4.36 531744

1735173298
49.31 16.78 4.7 609661

1735173299
49.31 16.78 4.7 423356

1735173300
47.08 17.45 4.92 200831

1735173301
47.08 17.45 4.92 115361

1735173302
40.36 17.2 4.95 93033

1735173303
40.36 17.2 4.95 66264

1735173304
34.32 16.87 4.97 132932

1735173305
34.32 16.87 4.97 330813

1735173306
35.35 17.62 5.21 595797

1735173307
35.35 17.62 5.21 598367

1735173308
39.09 18.88 5.56 416761

1735173309
39.09 18.88 5.56 487719

1735173310
41.97 20.06 5.89 671741

1735173311
41.97 20.06 5.89 609990

1735173312
43.79 21.11 6.21 397852

1735173313
43.79 21.11 6.21 166362

1735173314
37.66 20.74 6.24 8016

1735173315
37.66 20.74 6.24 20422

1735173316
31.38 20.16 6.21 74869

1735173317
31.38 20.16 6.21 47330

1735173318
26.42 19.63 6.2 47967

1735173319
26.42 19.63 6.2 73489

1735173320
23.08 19.25 6.21 99659

1735173321
23.08 19.25 6.21 27296

1735173322
19.63 18.75 6.19 52926

1735173323
19.63 18.75 6.19 410433

1735173324
22.95 19.38 6.41 553240

1735173325
22.95 19.38 6.41 392060

1735173326
27.67 20.35 6.7 452470

1735173327
27.67 20.35 6.7 134645

1735173328
24.65 20.04 6.73 55293

1735173329
24.65 20.04 6.73 90011

1735173330
21.45 19.62 6.74 64416

1735173331
21.45 19.62 6.74 62187

1735173332
18.47 19.14 6.72 57967

1735173333
18.47 19.14 6.72 55441

1735173334
16.21 18.71 6.72 79132

1735173335
16.21 18.71 6.72 119960

1735173336
15.99 18.59 6.77 204793

1735173337
15.99 18.59 6.77 88509

1735173338
14.72 18.27 6.79 86608

1735173339
14.72 18.27 6.79 141268

1735173340
14.05 18.03 6.82 81036

1735173341
14.05 18.03 6.82 42114

1735173342
12.77 17.67 6.82 117195

1735173343
12.77 17.67 6.82 61574

1735173344
11.9 17.36 6.83 95465

1735173345
11.9 17.36 6.83 197851

1735173346
13.91 17.54 6.94 264718

1735173347
13.91 17.54 6.94 250548

1735173348
15.56 17.72 7.05 231933

1735173349
15.56 17.72 7.05 259872

1735173350
17.09 17.93 7.17 272041

1735173351
17.09 17.93 7.17 423156

1735173352
23.95 19.14 7.49 670665

1735173353
23.95 19.14 7.49 569081

1735173354
26.32 19.72 7.69 143673

1735173355
26.32 19.72 7.69 189272

1735173356
23.72 19.47 7.72 76928

1735173357
23.72 19.47 7.72 346862

1735173358
23.41 19.55 7.82 188960

1735173359
22.25 19.47 7.89 212718

1735173360
22.25 19.47 7.89 77855

1735173361
19.85 19.13 7.89 116449

1735173363
19.85 19.13 7.89 81810

1735173364
17.34 18.7 7.88 52847

1735173365
17.34 18.7 7.88 19407

1735173366
14.74 18.18 7.85 62100

1735173367
14.74 18.18 7.85 63897

1735173368
13.15 17.78 7.83 53028

1735173369
13.15 17.78 7.83 77136

1735173370
11.5 17.33 7.81 9986

1735173371
11.5 17.33 7.81 20131

1735173372
9.59 16.8 7.76 18052

1735173373
9.59 16.8 7.76 7446

1735173374
8.04 16.28 7.71 24427

1735173375
8.04 16.28 7.71 34921

1735173376
6.94 15.81 7.67 12242

1735173377
6.94 15.81 7.67 83814

1735173378
6.95 15.52 7.67 59033

1735173379
6.95 15.52 7.67 33479

1735173380
6.23 15.11 7.64 46082

1735173381
6.23 15.11 7.64 51594

1735173382
5.65 14.72 7.61 22032

1735173383
5.65 14.72 7.61 45386

1735173384
5.17 14.33 7.57 19251

1735173385
5.17 14.33 7.57 18270

1735173386
4.41 13.9 7.53 13880

1735173387
4.41 13.9 7.53 41984

1735173388
4.15 13.54 7.5 26299

1735173389
4.15 13.54 7.5 11027

1735173390
3.94 13.2 7.47 43627

1735173391
3.94 13.2 7.47 35483

1735173392
3.77 12.86 7.43 42001

1735173393
3.77 12.86 7.43 14358

1735173394
3.63 12.54 7.4 49130

1735173395
3.63 12.54 7.4 56654

1735173396
4.06 12.32 7.39 82642

1735173397
4.06 12.32 7.39 33335

1735173398
3.87 12.02 7.36 26076

1735173399
3.87 12.02 7.36 28002

1735173400
3.71 11.72 7.33 41262

1735173401
3.71 11.72 7.33 28484

1735173402
3.94 11.5 7.32 73237

1735173403
3.94 11.5 7.32 100590

1735173404
4.13 11.29 7.3 15427

1735173405
4.13 11.29 7.3 44526

1735173406
4.11 11.05 7.28 41343

1735173407
4.11 11.05 7.28 26351

1735173408
3.72 10.75 7.24 27485

1735173409
3.72 10.75 7.24 41418

1735173410
3.95 10.57 7.23 60337

1735173411
3.95 10.57 7.23 33240

1735173412
4.14 10.38 7.21 78603

1735173413
4.14 10.38 7.21 89855

1735173414
5.02 10.34 7.22 123053

1735173415
5.02 10.34 7.22 48975

1735173416
4.84 10.13 7.2 30844

1735173417
4.84 10.13 7.2 40163

1735173418
4.32 9.86 7.17 9816

1735173419
4.32 9.86 7.17 45897

1735173420
3.9 9.61 7.13 7493

1735173421
3.9 9.61 7.13 33668

1735173422
3.55 9.36 7.09 10992

1735173423
3.55 9.36 7.09 15164

1735173424
3.45 9.15 7.07 45253

1735173425
3.45 9.15 7.07 39370

1735173426
3.37 8.95 7.04 35032

1735173427
3.37 8.95 7.04 78776

1735173428
3.66 8.82 7.02 30968

1735173429
3.66 8.82 7.02 35973

1735173430
3.66 8.82 7.02 42051

1735173431
3.72 8.66 7.0 40306

1735173432
3.59 8.47 6.98 36898

1735173433
3.59 8.47 6.98 11695

1735173434
3.3 8.26 6.94 37464

1735173435
3.3 8.26 6.94 52401

1735173436
3.3 8.26 6.94 109973

1735173437
4.15 8.25 6.95 150140

1735173438
4.15 8.25 6.95 112651

1735173439
5.75 8.41 6.99 238841

1735173440
5.75 8.41 6.99 551260

1735173441
12.14 9.47 7.22 457578

1735173442
12.14 9.47 7.22 304922

1735173443
16.46 10.34 7.42 293276

1735173444
16.46 10.34 7.42 296283

1735173445
18.73 10.95 7.57 436386

1735173446
18.73 10.95 7.57 327792

1735173447
22.4 11.87 7.78 398317

1735173448
22.4 11.87 7.78 248157

1735173449
23.96 12.5 7.94 379700

1735173450
23.96 12.5 7.94 791657

1735173451
30.49 14.05 8.3 782404

1735173452
30.49 14.05 8.3 543299

1735173453
36.38 15.65 8.67 259983

1735173454
36.38 15.65 8.67 189616

1735173455
33.59 15.83 8.76 232383

1735173456
33.59 15.83 8.76 38621

1735173457
29.68 15.7 8.78 546537

1735173458
29.68 15.7 8.78 697616

1735173459
36.08 17.31 9.16 607411

1735173460
36.08 17.31 9.16 601570

1735173461
40.41 18.71 9.51 629803

1735173462
40.41 18.71 9.51 418501

1735173463
41.78 19.67 9.77 226572

1735173464
41.78 19.67 9.77 285308

1735173465
38.74 19.84 9.88 87047

1735173466
38.74 19.84 9.88 169462

1735173467
34.08 19.62 9.9 163650

1735173468
34.08 19.62 9.9 147146

1735173469
30.62 19.47 9.93 126983

1735173470
30.62 19.47 9.93 68736

1735173471
26.7 19.12 9.93 111116

1735173472
26.7 19.12 9.93 142017

1735173473
24.04 18.89 9.94 126542

1735173474
24.04 18.89 9.94 377253

1735173475
24.39 19.12 10.05 448086

1735173476
29.94 20.3 10.36 756379

1735173477
29.94 20.3 10.36 445376

1735173478
33.57 21.27 10.63 666906

1735173479
33.57 21.27 10.63 334661

1735173480
33.57 21.27 10.63 272612

1735173481
34.55 21.85 10.83 424906

1735173482
36.63 22.64 11.07 549306

1735173483
36.63 22.64 11.07 16366

1735173484
36.63 22.64 11.07 185025

1735173485
32.16 22.29 11.07 338998

1735173486
32.5 22.67 11.23 456822

1735173487
32.5 22.67 11.23 309279

1735173488
32.5 22.67 11.23 526128

1735173489
34.94 23.44 11.47 63697

1735173491
28.79 22.7 11.4 344678

1735173492
26.65 22.52 11.43 7842

1735173493
26.65 22.52 11.43 226391

1735173494
27.8 22.86 11.58 493032

1735173496
27.8 22.86 11.58 161482

1735173497
24.94 22.5 11.58 208000

1735173498
24.94 22.5 11.58 189078

1735173499
20.77 21.88 11.6 190007

1735173500
20.77 21.88 11.6 24

1735173502
17.01 21.17 11.52 19233

1735173503
17.01 21.17 11.52 201222

1735173504
17.01 21.17 11.52 16438

1735173505
15.92 20.83 11.52 16204

1735173506
13.22 20.18 11.45 23251

1735173507
13.22 20.18 11.45 29167

1735173508
11.18 19.59 11.38 13811

1735173509
11.18 19.59 11.38 22345

1735173510
9.34 18.98 11.31 8739

1735173511
9.34 18.98 11.31 9626

1735173512
7.83 18.39 11.24 13562

1735173513
7.83 18.39 11.24 10406

1735173514
7.83 18.39 11.24 71670

1735173515
8.04 18.08 11.22 159184

1735173516
8.76 17.89 11.23 283023

1735173517
8.76 17.89 11.23 82856

1735173518
8.76 17.89 11.23 40111

1735173519
8.98 17.63 11.22 47971

1735173520
8.98 17.63 11.22 368

1735173521
7.53 17.08 11.15 22908

1735173522
6.53 16.59 11.09 31202

1735173523
6.53 16.59 11.09 10671

1735173524
5.53 16.08 11.02 10509

1735173525
5.53 16.08 11.02 7099

1735173526
4.89 15.62 10.96 40442

1735173527
4.89 15.62 10.96 1434

1735173528
4.89 15.62 10.96 14877

1735173529
4.18 15.14 10.89 25099

1735173530
4.18 15.14 10.89 3089

1735173531
3.79 14.71 10.83 200637

1735173532
6.0 14.75 10.86 194000

1735173533
6.0 14.75 10.86 233844

1735173534
11.25 15.41 11.03 626284

1735173535
11.25 15.41 11.03 57767

1735173536
16.28 16.19 11.22 582295

1735173537
16.28 16.19 11.22 108617

1735173538
14.78 15.92 11.2 19304

1735173539
14.78 15.92 11.2 33151

1735173540
12.46 15.46 11.13 24417

1735173541
12.46 15.46 11.13 12484

1735173542
10.38 14.99 11.06 20891

1735173543
10.38 14.99 11.06 15064

1735173544
10.38 14.99 11.06 19083

1735173545
9.23 14.63 11.02 78893

1735173546
9.23 14.63 11.02 7965

1735173547
7.92 14.21 10.95 54903

1735173548
7.92 14.21 10.95 26938

1735173549
7.21 13.88 10.91 74960

1735173550
7.21 13.88 10.91 49654

1735173551
7.89 13.79 10.91 495058

1735173552
7.89 13.79 10.91 44215

1735173553
10.27 14.02 10.98 49394

1735173554
10.27 14.02 10.98 158154

1735173555
10.22 13.89 10.97 4463

1735173556
8.36 13.44 10.89 5894

1735173557
8.36 13.44 10.89 18906

1735173559
7.21 13.06 10.83 52490

1735173560
7.21 13.06 10.83 12212

1735173561
6.27 12.7 10.77 35045

1735173562
5.31 12.32 10.71 8621

1735173563
5.31 12.32 10.71 11576

1735173564
7.79 12.53 10.76 403447

1735173565
7.79 12.53 10.76 70617

1735173566
7.79 12.53 10.76 34748

1735173567
7.65 12.35 10.74 33467

1735173568
7.65 12.35 10.74 9380

1735173569
6.44 11.98 10.67 29872

1735173570
6.44 11.98 10.67 12287

1735173571
5.45 11.62 10.6 14898

1735173572
4.65 11.27 10.54 27888

1735173573
4.65 11.27 10.54 15130

1735173574
4.65 11.27 10.54 17866

1735173575
4.16 10.97 10.48 20822

1735173576
4.16 10.97 10.48 39371

1735173577
3.95 10.71 10.43 59431

1735173578
3.95 10.71 10.43 91431

1735173579
4.68 10.62 10.41 58199

1735173580
4.68 10.62 10.41 67253

1735173581
4.74 10.44 10.37 29805

1735173582
4.74 10.44 10.37 333506

1735173583
8.77 10.98 10.49 639688

1735173584
8.77 10.98 10.49 598968

1735173585
18.41 12.65 10.84 471216

1735173586
18.41 12.65 10.84 596530

1735173587
25.04 14.03 11.14 739482

1735173588
25.04 14.03 11.14 409212

1735173589
30.47 15.37 11.44 662662

1735173590
30.47 15.37 11.44 239876

1735173591
33.28 16.37 11.68 588309

1735173592
33.28 16.37 11.68 579356

1735173593
37.58 17.7 11.99 643499

1735173594
37.58 17.7 11.99 636747

1735173595
42.36 19.22 12.34 567807

1735173596
42.36 19.22 12.34 660040

1735173597
45.92 20.62 12.68 501616

1735173598
45.92 20.62 12.68 99685

1735173599
41.04 20.57 12.73 114925

1735173600
41.04 20.57 12.73 521956

1735173601
41.21 21.27 12.93 669212

1735173602
41.21 21.27 12.93 653255

1735173603
45.7 22.73 13.29 627343

1735173604
45.7 22.73 13.29 332757

1735173605
43.76 23.13 13.44 95590

1735173606
43.76 23.13 13.44 140243

1735173607
38.01 22.77 13.43 120149

1735173608
38.01 22.77 13.43 141347

1735173609
33.48 22.45 13.43 105913

1735173610
33.48 22.45 13.43 469068

1735173611
33.03 22.73 13.55 122818

1735173612
33.03 22.73 13.55 77844

1735173613
29.4 22.41 13.54 612165

1735173614
29.4 22.41 13.54 566107

1735173615
33.49 23.38 13.81 117302

1735173616
33.49 23.38 13.81 88623

1735173617
29.96 23.07 13.81 315198

1735173618
29.96 23.07 13.81 568845

1735173619
32.68 23.79 14.02 512686

1735173620
32.68 23.79 14.02 503125

1735173621
36.54 24.77 14.29 557773

1735173622
36.54 24.77 14.29 597779

1735173623
40.61 25.89 14.6 388017

1735173624
40.61 25.89 14.6 98400

1735173625
36.33 25.6 14.62 153719

1735173626
36.33 25.6 14.62 57438

1735173627
30.48 24.9 14.54 183888

1735173628
30.48 24.9 14.54 508374

1735173630
31.66 25.29 14.7 723620

1735173631
34.44 26.0 14.92 549272

1735173632
34.44 26.0 14.92 141265

1735173633
32.36 25.9 14.97 133542

1735173634
32.36 25.9 14.97 130406

1735173635
28.67 25.45 14.95 126404

1735173636
28.67 25.45 14.95 114920

1735173637
25.47 24.98 14.93 117357

1735173638
25.47 24.98 14.93 424315

1735173639
29.19 25.66 15.14 860981

1735173640
29.19 25.66 15.14 858527

1735173641
39.12 27.57 15.61 857301

1735173642
39.12 27.57 15.61 792339

1735173643
45.98 29.19 16.03 613830

1735173644
45.98 29.19 16.03 714585

1735173645
50.69 30.59 16.41 883375

1735173646
50.69 30.59 16.41 841107

1735173647
56.91 32.37 16.88 866410

1735173648
56.91 32.37 16.88 882128

1735173649
62.36 34.16 17.36 867133

1735173650
62.36 34.16 17.36 798106

1735173651
64.83 35.53 17.76 634593

1735173652
64.83 35.53 17.76 799206

1735173653
67.03 36.88 18.17 779078

1735173654
67.03 36.88 18.17 861039

1735173655
68.66 38.16 18.56 646425

1735173656
68.66 38.16 18.56 368438

1735173657
63.64 38.26 18.72 579109

1735173658
63.64 38.26 18.72 700562

1735173659
64.98 39.33 19.07 739240

1735173660
64.98 39.33 19.07 814137

1735173661
67.15 40.56 19.47 595919

1735173662
67.15 40.56 19.47 742831

1735173663
68.57 41.69 19.85 945436

1735173664
68.57 41.69 19.85 1395127

1735173665
73.0 43.37 20.35 645982

1735173667
76.8 45.02 20.85 1732822

1735173668
76.8 45.02 20.85 983951

1735173669
80.46 46.72 21.37 968102

1735173670
80.46 46.72 21.37 956192

1735173671
83.09 48.3 21.88 938520

1735173672
83.09 48.3 21.88 910752

1735173673
84.71 49.73 22.36 936413

1735173674
84.71 49.73 22.36 916825

1735173675
85.48 51.02 22.81 793810

1735173676
85.48 51.02 22.81 758437

1735173677
84.49 51.96 23.2 809794

1735173678
84.49 51.96 23.2 924310

1735173679
84.4 53.01 23.62 822975

1735173680
84.4 53.01 23.62 910389

1735173681
85.05 54.16 24.06 887522

1735173682
85.05 54.16 24.06 709731

1735173683
82.69 54.74 24.39 677421

1735173684
82.69 54.74 24.39 793699

1735173685
82.74 55.67 24.79 978800

1735173686
82.74 55.67 24.79 901335

1735173687
83.15 56.63 25.2 678113

1735173688
83.15 56.63 25.2 797132

1735173689
81.85 57.26 25.55 777764

1735173690
81.85 57.26 25.55 668751

1735173691
79.16 57.58 25.83 618918

1735173692
79.16 57.58 25.83 723374

1735173693
77.5 57.98 26.13 720093

1735173694
77.5 57.98 26.13 741326

1735173695
76.32 58.41 26.44 674379

1735173696
76.32 58.41 26.44 678733

1735173697
74.45 58.66 26.71 630263

1735173698
74.45 58.66 26.71 702934

1735173699
74.01 59.1 27.02 831329

1735173700
74.01 59.1 27.02 756869

1735173705
71.1 59.93 27.86 3909324

1735173706
74.89 60.98 28.29 952203

1735173707
74.89 60.98 28.29 944725

1735173708
77.99 62.0 28.73 903121

1735173709
77.99 62.0 28.73 957947

1735173710
79.44 62.78 29.12 771622

1735173711
79.44 62.78 29.12 754312

1735173712
77.91 63.05 29.41 672669

1735173713
77.91 63.05 29.41 586763

1735173714
77.91 63.05 29.41 615095

1735173715
74.66 62.95 29.62 599239

1735173716
74.66 62.95 29.62 629178

1735173717
72.19 62.89 29.83 589701

1735173718
72.19 62.89 29.83 545816

1735173719
69.25 62.66 30.01 632821

1735173720
69.25 62.66 30.01 635164

1735173721
68.12 62.67 30.24 652545

1735173722
68.12 62.67 30.24 601892

1735173723
67.01 62.65 30.45 285244

1735173724
67.01 62.65 30.45 163049

1735173725
58.67 61.29 30.39 197932

1735173726
58.67 61.29 30.39 205995

1735173727
51.67 59.94 30.32 271692

1735173728
51.67 59.94 30.32 255170

1735173729
47.2 58.86 30.3 552508

1735173730
47.2 58.86 30.3 690821

1735173731
49.88 58.96 30.51 665671

1735173732
49.88 58.96 30.51 610568

1735173733
52.25 59.09 30.73 620302

1735173734
52.25 59.09 30.73 620544

1735173735
53.84 59.16 30.94 629155

1735173736
53.84 59.16 30.94 651806

1735173737
55.68 59.32 31.17 328528

1735173738
55.68 59.32 31.17 124788

1735173739
49.39 58.06 31.1 356750

1735173740
49.39 58.06 31.1 502591

1735173741
48.05 57.54 31.17 175452

1735173742
48.05 57.54 31.17 127552

1735173743
41.88 56.11 31.06 268799

1735173744
41.88 56.11 31.06 650690

1735173745
42.99 55.85 31.17 638397

1735173746
42.99 55.85 31.17 643652

1735173747
46.8 56.11 31.4 334313

1735173748
46.8 56.11 31.4 144908

1735173749
42.3 55.0 31.33 184894

1735173750
42.3 55.0 31.33 168589

1735173751
37.72 53.75 31.23 173203

1735173752
37.72 53.75 31.23 123465

1735173753
33.42 52.45 31.12 428029

1735173754
33.42 52.45 31.12 643027

1735173755
37.51 52.57 31.29 667031

1735173756
37.51 52.57 31.29 622137

1735173757
42.49 52.97 31.52 809691

1735173758
46.93 53.43 31.76 834455

1735173759
46.93 53.43 31.76 558843

1735173760
50.56 53.88 32.0 649442

1735173761
50.56 53.88 32.0 564842

1735173762
50.56 53.88 32.0 609365

1735173764
53.18 54.24 32.23 1122389

1735173765
54.23 54.4 32.41 739772

1735173766
54.23 54.4 32.41 748596

1735173767
57.63 55.01 32.69 1058681

1735173768
57.63 55.01 32.69 785030

1735173769
63.49 56.15 33.08 902008

1735173770
69.2 57.42 33.5 1186562

1735173771
69.2 57.42 33.5 738410

1735173772
69.2 57.42 33.5 947104

1735173773
73.87 58.65 33.92 1097212

1735173996
0.0 0.0 0.2 5507127

