1735173217
2.01 3.27 32.01 79294

1735173218
2.55 3.33 31.83 41208

1735173219
2.55 3.33 31.83 391564

1735173220
6.8 4.07 31.79 549205

1735173221
6.8 4.07 31.79 260703

1735173222
12.09 5.12 31.82 58056

1735173223
12.09 5.12 31.82 22064

1735173224
10.08 4.98 31.6 34546

1735173225
10.08 4.98 31.6 18046

1735173226
8.98 4.95 31.42 29600

1735173227
8.98 4.95 31.42 740

1735173228
7.35 4.79 31.2 59

1735173229
7.35 4.79 31.2 323492

1735173230
11.27 5.58 31.19 468212

1735173231
11.27 5.58 31.19 417839

1735173232
15.93 6.61 31.23 234827

1735173233
15.93 6.61 31.23 179301

1735173234
16.3 6.98 31.14 177928

1735173235
16.3 6.98 31.14 594066

1735173236
20.42 8.03 31.19 431923

1735173237
20.42 8.03 31.19 898132

1735173238
29.22 10.02 31.45 859434

1735173239
29.22 10.02 31.45 354933

1735173240
35.7 11.82 31.68 525062

1735173241
35.7 11.82 31.68 736705

1735173242
41.19 13.59 31.91 760769

1735173243
41.19 13.59 31.91 332633

1735173244
42.6 14.75 32.03 746826

1735173245
42.6 14.75 32.03 320259

1735173246
43.58 15.84 32.14 422250

1735173247
47.82 17.51 32.38 1107407

1735173248
47.82 17.51 32.38 261702

1735173249
47.82 17.51 32.38 450105

1735173250
46.77 18.31 32.44 491087

1735173251
46.77 18.31 32.44 475968

1735173252
50.79 19.97 32.69 1414324

1735173253
50.79 19.97 32.69 440659

1735173254
53.91 21.54 32.93 376108

1735173255
53.91 21.54 32.93 666836

1735173256
54.29 22.67 33.09 379039

1735173257
54.29 22.67 33.09 906611

1735173258
55.86 23.99 33.3 428435

1735173259
55.86 23.99 33.3 415516

1735173260
51.9 24.32 33.3 276843

1735173261
51.9 24.32 33.3 321577

1735173262
48.84 24.67 33.31 418446

1735173263
48.84 24.67 33.31 544492

1735173264
51.22 25.89 33.51 720091

1735173265
51.22 25.89 33.51 733022

1735173266
55.17 27.43 33.78 822500

1735173267
55.17 27.43 33.78 509441

1735173268
57.31 28.72 34.01 940909

1735173269
57.31 28.72 34.01 406793

1735173270
56.35 29.49 34.13 401006

1735173271
56.35 29.49 34.13 715737

1735173272
56.28 30.35 34.28 593401

1735173273
56.28 30.35 34.28 348799

1735173274
54.6 30.9 34.37 679125

1735173275
54.6 30.9 34.37 691751

1735173276
56.3 31.98 34.57 519543

1735173278
50.81 31.79 34.51 136450

1735173279
50.81 31.79 34.51 241236

1735173280
45.05 31.37 34.41 258346

1735173281
45.05 31.37 34.41 319186

1735173282
42.5 31.35 34.38 409023

1735173283
42.5 31.35 34.38 157962

1735173284
40.24 31.31 34.35 317620

1735173285
40.24 31.31 34.35 170582

1735173286
37.66 31.14 34.29 413043

1735173287
37.66 31.14 34.29 273880

1735173288
35.36 30.93 34.23 160242

1735173289
35.36 30.93 34.23 196510

1735173290
32.03 30.48 34.11 101983

1735173291
32.03 30.48 34.11 50879

1735173292
26.59 29.55 33.89 3147

1735173293
26.59 29.55 33.89 2713

1735173294
21.77 28.58 33.66 4020

1735173295
21.77 28.58 33.66 5679

1735173296
18.01 27.68 33.44 14987

1735173297
18.01 27.68 33.44 28744

1735173298
14.93 26.8 33.21 4448

1735173299
14.93 26.8 33.21 68855

1735173300
12.95 26.06 33.01 12342

1735173301
12.95 26.06 33.01 10500

1735173302
11.14 25.3 32.81 208025

1735173303
11.14 25.3 32.81 776388

1735173304
19.63 26.37 32.98 307319

1735173305
19.63 26.37 32.98 404149

1735173306
21.69 26.52 32.97 283475

1735173307
21.69 26.52 32.97 239233

1735173308
21.56 26.34 32.89 190757

1735173309
21.56 26.34 32.89 146743

1735173310
19.83 25.87 32.74 18379

1735173311
19.83 25.87 32.74 5327

1735173312
16.78 25.12 32.54 77739

1735173313
16.78 25.12 32.54 670078

1735173314
22.8 25.94 32.66 407571

1735173315
22.8 25.94 32.66 676211

1735173316
27.54 26.69 32.77 300784

1735173317
27.54 26.69 32.77 493427

1735173318
29.07 27.0 32.79 230459

1735173319
29.07 27.0 32.79 477910

1735173320
30.51 27.32 32.82 287913

1735173321
30.51 27.32 32.82 690160

1735173322
36.21 28.46 33.02 504429

1735173323
36.21 28.46 33.02 457637

1735173324
35.63 28.61 33.02 212472

1735173325
35.63 28.61 33.02 148579

1735173326
32.8 28.33 32.93 284025

1735173327
32.8 28.33 32.93 420391

1735173328
32.83 28.48 32.93 187061

1735173329
32.83 28.48 32.93 36586

1735173330
27.43 27.64 32.73 2735

1735173331
27.43 27.64 32.73 6327

1735173332
22.46 26.74 32.5 3440

1735173333
22.46 26.74 32.5 5347

1735173334
18.57 25.9 32.29 24567

1735173335
18.57 25.9 32.29 93202

1735173336
16.11 25.21 32.1 59691

1735173337
16.11 25.21 32.1 298401

1735173338
18.26 25.3 32.07 318050

1735173339
18.26 25.3 32.07 365882

1735173340
20.93 25.56 32.08 269562

1735173341
20.93 25.56 32.08 475965

1735173342
23.66 25.9 32.1 360965

1735173343
23.66 25.9 32.1 209777

1735173344
23.18 25.74 32.03 72622

1735173345
23.18 25.74 32.03 48043

1735173346
19.34 24.96 31.82 4723

1735173347
19.34 24.96 31.82 11676

1735173348
16.02 24.18 31.61 25284

1735173349
16.02 24.18 31.61 39238

1735173350
16.74 24.04 31.53 416543

1735173351
16.74 24.04 31.53 373839

1735173352
17.51 23.94 31.46 20901

1735173353
17.51 23.94 31.46 25251

1735173354
14.52 23.19 31.25 14340

1735173355
14.52 23.19 31.25 400290

1735173356
16.42 23.25 31.21 694612

1735173357
16.42 23.25 31.21 341129

1735173358
22.14 24.06 31.32 250320

1735173359
21.93 23.96 31.25 238075

1735173360
21.93 23.96 31.25 616787

1735173361
24.84 24.42 31.3 116368

1735173363
24.84 24.42 31.3 44284

1735173364
21.43 23.81 31.13 97013

1735173365
21.43 23.81 31.13 54204

1735173366
18.63 23.23 30.95 80337

1735173367
18.63 23.23 30.95 361268

1735173368
19.6 23.26 30.91 99121

1735173369
19.6 23.26 30.91 232035

1735173370
20.76 23.35 30.87 488579

1735173371
20.76 23.35 30.87 153587

1735173372
21.71 23.43 30.84 309645

1735173373
21.71 23.43 30.84 257266

1735173374
24.84 23.94 30.9 508824

1735173375
24.84 23.94 30.9 487722

1735173376
26.86 24.34 30.93 169048

1735173377
26.86 24.34 30.93 48099

1735173378
22.72 23.67 30.75 39640

1735173379
22.72 23.67 30.75 720

1735173380
18.6 22.9 30.54 4129

1735173381
18.6 22.9 30.54 68476

1735173382
16.32 22.34 30.37 93073

1735173383
16.32 22.34 30.37 230530

1735173384
15.72 22.04 30.25 3268

1735173385
15.72 22.04 30.25 173199

1735173386
14.86 21.68 30.12 51904

1735173387
14.86 21.68 30.12 102533

1735173388
15.43 21.56 30.03 472438

1735173389
15.43 21.56 30.03 333748

1735173390
20.79 22.32 30.14 391472

1735173391
20.79 22.32 30.14 362034

1735173392
22.09 22.51 30.12 194683

1735173393
22.09 22.51 30.12 66625

1735173394
18.99 21.93 29.95 50200

1735173395
18.99 21.93 29.95 58166

1735173396
16.28 21.35 29.77 14511

1735173397
16.28 21.35 29.77 122275

1735173398
14.6 20.88 29.62 22999

1735173399
14.6 20.88 29.62 1981

1735173400
13.04 20.39 29.45 134927

1735173401
13.04 20.39 29.45 72583

1735173402
11.76 19.92 29.29 64845

1735173403
11.76 19.92 29.29 587493

1735173404
18.87 20.94 29.44 436171

1735173405
18.87 20.94 29.44 405006

1735173406
20.88 21.23 29.45 288459

1735173407
20.88 21.23 29.45 347504

1735173408
24.17 21.81 29.51 362989

1735173409
24.17 21.81 29.51 1922

1735173410
19.79 21.1 29.31 5174

1735173411
19.79 21.1 29.31 1759

1735173412
17.83 20.7 29.17 191260

1735173413
17.83 20.7 29.17 206457

1735173414
18.22 20.68 29.11 319830

1735173415
18.22 20.68 29.11 376660

1735173416
22.17 21.31 29.18 460723

1735173417
22.17 21.31 29.18 459091

1735173418
29.2 22.61 29.4 710979

1735173419
29.2 22.61 29.4 428193

1735173420
35.69 24.0 29.64 1103964

1735173421
35.69 24.0 29.64 437701

1735173422
37.01 24.62 29.73 524605

1735173423
37.01 24.62 29.73 136839

1735173424
36.83 24.99 29.78 251757

1735173425
36.83 24.99 29.78 276673

1735173426
34.86 25.03 29.75 238453

1735173427
34.86 25.03 29.75 394826

1735173428
35.07 25.38 29.79 318225

1735173429
35.07 25.38 29.79 321789

1735173430
35.07 25.38 29.79 247669

1735173431
33.97 25.5 29.79 425810

1735173432
33.79 25.75 29.81 379160

1735173433
33.79 25.75 29.81 366494

1735173434
34.92 26.21 29.88 386776

1735173435
34.92 26.21 29.88 199170

1735173436
34.92 26.21 29.88 8023

1735173437
30.94 25.78 29.77 59319

1735173438
30.94 25.78 29.77 207759

1735173439
27.69 25.36 29.65 13288

1735173440
27.69 25.36 29.65 15981

1735173441
22.86 24.57 29.45 2249

1735173442
22.86 24.57 29.45 88635

1735173443
19.44 23.89 29.28 32670

1735173444
19.44 23.89 29.28 7825

1735173445
16.1 23.14 29.09 14280

1735173446
16.1 23.14 29.09 15007

1735173447
13.36 22.42 28.89 5055

1735173448
13.36 22.42 28.89 48834

1735173449
11.3 21.75 28.71 12787

1735173450
11.3 21.75 28.71 10321

1735173451
9.43 21.07 28.52 4169

1735173452
9.43 21.07 28.52 1725

1735173453
7.72 20.38 28.32 15647

1735173454
7.72 20.38 28.32 1135

1735173455
6.32 19.71 28.13 214740

1735173456
6.32 19.71 28.13 362761

1735173457
10.43 20.02 28.14 41825

1735173458
10.43 20.02 28.14 36161

1735173459
9.08 19.46 27.97 85990

1735173460
9.08 19.46 27.97 104210

1735173461
9.07 19.12 27.84 10080

1735173462
9.07 19.12 27.84 52803

1735173463
7.97 18.59 27.67 26829

1735173464
7.97 18.59 27.67 16343

1735173465
6.89 18.05 27.49 43159

1735173466
6.89 18.05 27.49 957

1735173467
6.0 17.52 27.32 48515

1735173468
6.0 17.52 27.32 3444

1735173469
5.27 17.01 27.14 10929

1735173470
5.27 17.01 27.14 46532

1735173471
4.68 16.52 26.97 19372

1735173472
4.68 16.52 26.97 9661

1735173473
4.01 16.01 26.79 12016

1735173474
4.01 16.01 26.79 12722

1735173475
3.47 15.52 26.62 181708

1735173476
6.64 15.7 26.58 275021

1735173477
6.64 15.7 26.58 282952

1735173478
11.78 16.33 26.63 590389

1735173479
11.78 16.33 26.63 228989

1735173480
11.78 16.33 26.63 480624

1735173481
17.8 17.27 26.76 380268

1735173482
21.64 17.98 26.84 547229

1735173483
21.64 17.98 26.84 540709

1735173484
21.64 17.98 26.84 408053

1735173485
27.14 19.09 27.02 537907

1735173486
31.82 20.2 27.19 605671

1735173487
31.82 20.2 27.19 293775

1735173488
31.82 20.2 27.19 480044

1735173489
33.85 20.95 27.3 707064

1735173491
39.49 22.39 27.56 1700231

1735173492
43.57 23.69 27.8 312922

1735173493
43.57 23.69 27.8 421992

1735173494
44.91 24.58 27.95 497542

1735173496
44.91 24.58 27.95 1111732

1735173497
48.01 25.8 28.19 600028

1735173498
48.01 25.8 28.19 426901

1735173499
51.74 27.92 28.6 1662410

1735173500
51.74 27.92 28.6 106568

1735173502
55.95 29.46 28.92 1192970

1735173503
55.95 29.46 28.92 697268

1735173504
55.95 29.46 28.92 371792

1735173505
56.14 30.36 29.11 974497

1735173506
59.38 31.79 29.42 654169

1735173507
59.38 31.79 29.42 937942

1735173508
61.12 33.0 29.69 569351

1735173509
61.12 33.0 29.69 430000

1735173510
62.0 34.08 29.94 1262728

1735173511
62.0 34.08 29.94 596060

1735173512
64.72 35.49 30.26 628016

1735173513
64.72 35.49 30.26 554757

1735173514
64.72 35.49 30.26 565422

1735173515
65.68 36.62 30.53 803339

1735173516
62.47 36.99 30.65 471502

1735173517
62.47 36.99 30.65 468949

1735173518
62.47 36.99 30.65 525223

1735173519
62.02 37.74 30.85 811146

1735173520
62.02 37.74 30.85 268143

1735173521
62.2 38.57 31.07 884086

1735173522
62.89 39.47 31.31 893382

1735173523
62.89 39.47 31.31 464632

1735173524
65.26 40.66 31.62 1192755

1735173525
65.26 40.66 31.62 309215

1735173526
67.03 41.78 31.91 1152994

1735173527
67.03 41.78 31.91 514476

1735173528
67.03 41.78 31.91 342375

1735173529
66.29 42.48 32.13 782698

1735173530
66.29 42.48 32.13 731084

1735173531
67.33 43.44 32.4 918295

1735173532
66.18 44.02 32.6 482671

1735173533
66.18 44.02 32.6 426757

1735173534
62.34 44.05 32.68 625169

1735173535
62.34 44.05 32.68 63029

1735173536
59.38 44.12 32.77 684682

1735173537
59.38 44.12 32.77 325202

1735173538
59.49 44.63 32.96 876069

1735173539
59.49 44.63 32.96 379106

1735173540
60.49 45.3 33.18 1208433

1735173541
60.49 45.3 33.18 752490

1735173542
63.66 46.37 33.48 514580

1735173543
63.66 46.37 33.48 609272

1735173544
63.66 46.37 33.48 602364

1735173545
64.08 47.01 33.71 683482

1735173546
64.08 47.01 33.71 258293

1735173547
60.44 46.91 33.78 309844

1735173548
60.44 46.91 33.78 536165

1735173549
57.83 46.88 33.86 923904

1735173550
57.83 46.88 33.86 174785

1735173551
57.5 47.18 34.01 1006582

1735173552
57.5 47.18 34.01 300345

1735173553
57.59 47.54 34.18 756850

1735173554
57.59 47.54 34.18 338381

1735173555
57.3 47.81 34.33 1180131

1735173556
62.86 49.13 34.69 723141

1735173557
62.86 49.13 34.69 447238

1735173559
63.25 49.65 34.9 1338037

1735173560
63.25 49.65 34.9 736073

1735173561
64.83 50.38 35.15 1281837

1735173562
65.77 51.02 35.39 526943

1735173563
65.77 51.02 35.39 406784

1735173564
64.9 51.35 35.57 657105

1735173565
64.9 51.35 35.57 590691

1735173566
64.9 51.35 35.57 456209

1735173567
64.37 51.7 35.75 852814

1735173568
64.37 51.7 35.75 336895

1735173569
63.58 51.97 35.91 871570

1735173570
63.58 51.97 35.91 617675

1735173571
65.11 52.62 36.16 837744

1735173572
66.72 53.32 36.42 1036674

1735173573
66.72 53.32 36.42 448174

1735173574
66.72 53.32 36.42 529953

1735173575
66.59 53.74 36.62 926062

1735173576
66.59 53.74 36.62 358681

1735173577
66.48 54.14 36.82 498824

1735173578
66.48 54.14 36.82 313058

1735173579
60.96 53.55 36.82 352881

1735173580
60.96 53.55 36.82 322489

1735173581
56.8 53.04 36.83 690209

1735173582
56.8 53.04 36.83 315110

1735173583
54.66 52.77 36.88 194360

1735173584
54.66 52.77 36.88 193327

1735173585
47.65 51.57 36.74 233310

1735173586
47.65 51.57 36.74 201153

1735173587
43.01 50.6 36.64 396382

1735173588
43.01 50.6 36.64 135389

1735173589
40.1 49.83 36.57 446855

1735173590
40.1 49.83 36.57 304134

1735173591
38.82 49.28 36.55 163521

1735173592
38.82 49.28 36.55 187318

1735173593
35.41 48.32 36.43 161498

1735173594
35.41 48.32 36.43 109155

1735173595
31.17 47.13 36.27 179975

1735173596
31.17 47.13 36.27 12449

1735173597
26.61 45.79 36.06 7708

1735173598
26.61 45.79 36.06 17332

1735173599
21.97 44.32 35.82 39558

1735173600
21.97 44.32 35.82 53740

1735173601
18.71 43.0 35.6 5863

1735173602
18.71 43.0 35.6 12115

1735173603
15.32 41.59 35.36 28160

1735173604
15.32 41.59 35.36 26806

1735173605
12.91 40.3 35.13 10722

1735173606
12.91 40.3 35.13 17102

1735173607
10.75 39.01 34.9 17655

1735173608
10.75 39.01 34.9 25318

1735173609
9.34 37.83 34.68 49182

1735173610
9.34 37.83 34.68 12954

1735173611
7.83 36.63 34.45 295913

1735173612
7.83 36.63 34.45 280809

1735173613
12.21 36.48 34.43 239046

1735173614
12.21 36.48 34.43 244615

1735173615
14.16 36.03 34.35 206665

1735173616
14.16 36.03 34.35 237556

1735173617
16.12 35.67 34.29 264534

1735173618
16.12 35.67 34.29 138250

1735173619
16.46 35.09 34.18 122111

1735173620
16.46 35.09 34.18 215270

1735173621
16.2 34.44 34.04 161451

1735173622
16.2 34.44 34.04 150485

1735173623
15.98 33.8 33.91 152432

1735173624
15.98 33.8 33.91 184282

1735173625
16.34 33.28 33.81 267470

1735173626
16.34 33.28 33.81 510126

1735173627
19.9 33.37 33.82 254953

1735173628
19.9 33.37 33.82 321233

1735173630
23.0 33.49 33.84 721967

1735173631
23.54 33.25 33.79 43336

1735173632
23.54 33.25 33.79 16702

1735173633
19.46 32.19 33.56 21339

1735173634
19.46 32.19 33.56 35562

1735173635
16.48 31.23 33.36 21282

1735173636
16.48 31.23 33.36 38663

1735173637
14.21 30.34 33.15 79075

1735173638
14.21 30.34 33.15 25839

1735173639
12.54 29.51 32.96 81965

1735173640
12.54 29.51 32.96 8822

1735173641
10.45 28.58 32.74 3639

1735173642
10.45 28.58 32.74 10182

1735173643
8.56 27.64 32.52 6947

1735173644
8.56 27.64 32.52 32796

1735173645
7.37 26.81 32.31 10777

1735173646
7.37 26.81 32.31 6787

1735173647
6.03 25.93 32.09 4308

1735173648
6.03 25.93 32.09 12408

1735173649
4.94 25.08 31.87 5931

1735173650
4.94 25.08 31.87 26313

1735173651
4.22 24.29 31.66 20554

1735173652
4.22 24.29 31.66 7531

1735173653
3.46 23.5 31.44 8552

1735173654
3.46 23.5 31.44 23024

1735173655
3.01 22.76 31.23 63919

1735173656
3.01 22.76 31.23 388523

1735173657
8.99 23.19 31.26 473487

1735173658
8.99 23.19 31.26 443665

1735173659
13.88 23.61 31.3 171579

1735173660
13.88 23.61 31.3 8818

1735173661
12.09 22.97 31.11 9392

1735173662
12.09 22.97 31.11 13231

1735173663
9.9 22.22 30.9 12446

1735173664
9.9 22.22 30.9 299551

1735173665
10.82 21.98 30.79 245335

1735173667
11.76 21.79 30.69 89235

1735173668
11.76 21.79 30.69 5515

1735173669
9.63 21.07 30.48 10740

1735173670
9.63 21.07 30.48 2665

1735173671
7.88 20.38 30.27 19396

1735173672
7.88 20.38 30.27 22442

1735173673
6.63 19.75 30.07 6733

1735173674
6.63 19.75 30.07 7276

1735173675
5.43 19.1 29.86 7048

1735173676
5.43 19.1 29.86 11

1735173677
4.45 18.48 29.66 56

1735173678
4.45 18.48 29.66 2333

1735173679
3.64 17.87 29.45 8470

1735173680
3.64 17.87 29.45 657

1735173681
2.98 17.29 29.25 7213

1735173682
2.98 17.29 29.25 2336

1735173683
2.44 16.72 29.05 7921

1735173684
2.44 16.72 29.05 9407

1735173685
2.0 16.17 28.85 9027

1735173686
2.0 16.17 28.85 1106

1735173687
1.63 15.64 28.66 4948

1735173688
1.63 15.64 28.66 2213

1735173689
1.34 15.13 28.46 10603

1735173690
1.34 15.13 28.46 5141

1735173691
1.09 14.64 28.27 2038

1735173692
1.09 14.64 28.27 13916

1735173693
0.89 14.16 28.07 3228

1735173694
0.89 14.16 28.07 6020

1735173695
0.73 13.69 27.88 93

1735173696
0.73 13.69 27.88 2763

1735173697
0.6 13.25 27.69 731

1735173698
0.6 13.25 27.69 3938

1735173699
0.49 12.81 27.5 11696

1735173700
0.49 12.81 27.5 6405

1735173705
2.54 12.04 27.03 314013

1735173706
2.26 11.68 26.85 7686

1735173707
2.26 11.68 26.85 15110

1735173708
2.03 11.33 26.68 18285

1735173709
2.03 11.33 26.68 2882

1735173710
1.66 10.96 26.5 2197

1735173711
1.66 10.96 26.5 13058

1735173712
1.54 10.63 26.32 10845

1735173713
1.54 10.63 26.32 48573

1735173714
1.54 10.63 26.32 18288

1735173715
1.8 10.38 26.16 21140

1735173716
1.8 10.38 26.16 31866

1735173717
1.84 10.11 26.0 18458

1735173718
1.84 10.11 26.0 61780

1735173719
2.23 9.91 25.84 18533

1735173720
2.23 9.91 25.84 3792

1735173721
2.01 9.62 25.67 6483

1735173722
2.01 9.62 25.67 16944

1735173723
1.82 9.34 25.51 57260

1735173724
1.82 9.34 25.51 3001

1735173725
2.04 9.13 25.35 10713

1735173726
2.04 9.13 25.35 29066

1735173727
2.03 8.89 25.19 34253

1735173728
2.03 8.89 25.19 66123

1735173729
2.57 8.77 25.05 24483

1735173730
2.57 8.77 25.05 7807

1735173731
2.28 8.51 24.89 14807

1735173732
2.28 8.51 24.89 5556

1735173733
1.87 8.23 24.72 16820

1735173734
1.87 8.23 24.72 1964

1735173735
1.53 7.96 24.55 1454

1735173736
1.53 7.96 24.55 1666

1735173737
1.25 7.7 24.38 228937

1735173738
1.25 7.7 24.38 195090

1735173739
4.83 8.14 24.36 33002

1735173740
4.83 8.14 24.36 14136

1735173741
4.31 7.94 24.2 55312

1735173742
4.31 7.94 24.2 4563

1735173743
3.89 7.74 24.05 250723

1735173744
3.89 7.74 24.05 56983

1735173745
5.9 7.98 23.99 33728

1735173746
5.9 7.98 23.99 17457

1735173747
5.2 7.78 23.84 34397

1735173748
5.2 7.78 23.84 220977

1735173749
6.61 7.95 23.77 77350

1735173750
6.61 7.95 23.77 19894

1735173751
6.14 7.82 23.63 22644

1735173752
6.14 7.82 23.63 17438

1735173753
5.39 7.63 23.48 257324

1735173754
5.39 7.63 23.48 16488

1735173755
6.76 7.81 23.41 13926

1735173756
6.76 7.81 23.41 30839

1735173757
5.9 7.62 23.26 62000

1735173758
8.45 8.02 23.24 455470

1735173759
8.45 8.02 23.24 210162

1735173760
11.45 8.58 23.25 204982

1735173761
11.45 8.58 23.25 180171

1735173762
11.45 8.58 23.25 199632

1735173764
13.0 8.95 23.23 122650

1735173765
11.73 8.86 23.11 50232

1735173766
11.73 8.86 23.11 20797

1735173767
10.15 8.66 22.98 185086

1735173768
10.15 8.66 22.98 420132

1735173769
13.92 9.4 23.03 162802

1735173770
13.03 9.38 22.93 81657

1735173771
13.03 9.38 22.93 84630

1735173772
13.03 9.38 22.93 23560

1735173773
11.76 9.27 22.82 136052

1735173996
87.36 87.25 86.81 1458981340

