1735173217
0.0 0.1 16.58 0

1735173218
0.0 0.09 16.47 0

1735173219
0.0 0.09 16.47 0

1735173220
0.0 0.09 16.36 0

1735173221
0.0 0.09 16.36 0

1735173222
0.0 0.09 16.25 0

1735173223
0.0 0.09 16.25 0

1735173224
0.0 0.08 16.13 0

1735173225
0.0 0.08 16.13 0

1735173226
0.0 0.08 16.02 0

1735173227
0.0 0.08 16.02 0

1735173228
0.0 0.08 15.91 0

1735173229
0.0 0.08 15.91 5847

1735173230
0.0 0.07 15.8 5668

1735173231
0.0 0.07 15.8 0

1735173232
0.0 0.07 15.7 608

1735173233
0.0 0.07 15.7 0

1735173234
0.0 0.07 15.59 2688

1735173235
0.0 0.07 15.59 5542

1735173236
0.0 0.06 15.48 739

1735173237
0.0 0.06 15.48 1124

1735173238
0.0 0.06 15.38 1743

1735173239
0.0 0.06 15.38 0

1735173240
0.0 0.06 15.27 0

1735173241
0.0 0.06 15.27 0

1735173242
0.0 0.06 15.17 12236

1735173243
0.0 0.06 15.17 1211

1735173244
0.0 0.06 15.06 0

1735173245
0.0 0.06 15.06 0

1735173246
0.0 0.05 14.96 0

1735173247
0.0 0.05 14.86 4074

1735173248
0.0 0.05 14.86 239

1735173249
0.0 0.05 14.86 2140

1735173250
0.0 0.05 14.75 2280

1735173251
0.0 0.05 14.75 5

1735173252
0.0 0.05 14.65 6038

1735173253
0.0 0.05 14.65 354

1735173254
0.0 0.04 14.55 349

1735173255
0.0 0.04 14.55 406

1735173256
0.0 0.04 14.45 0

1735173257
0.0 0.04 14.45 1975

1735173258
0.0 0.04 14.35 4

1735173259
0.0 0.04 14.35 0

1735173260
0.0 0.04 14.26 0

1735173261
0.0 0.04 14.26 1306

1735173262
0.0 0.04 14.16 1768

1735173263
0.0 0.04 14.16 2717

1735173264
0.0 0.04 14.06 6124

1735173265
0.0 0.04 14.06 6

1735173266
0.0 0.03 13.96 282

1735173267
0.0 0.03 13.96 966

1735173268
0.0 0.03 13.87 3322

1735173269
0.0 0.03 13.87 0

1735173270
0.0 0.03 13.77 131

1735173271
0.0 0.03 13.77 1820

1735173272
0.0 0.03 13.68 0

1735173273
0.0 0.03 13.68 0

1735173274
0.0 0.03 13.59 18

1735173275
0.0 0.03 13.59 2

1735173276
0.0 0.03 13.49 0

1735173278
0.0 0.03 13.4 2873

1735173279
0.0 0.03 13.4 11521

1735173280
0.0 0.02 13.31 1185

1735173281
0.0 0.02 13.31 0

1735173282
0.0 0.02 13.22 11017

1735173283
0.0 0.02 13.22 0

1735173284
0.0 0.02 13.13 5166

1735173285
0.0 0.02 13.13 0

1735173286
0.0 0.02 13.04 3124

1735173287
0.0 0.02 13.04 0

1735173288
0.0 0.02 12.95 2258

1735173289
0.0 0.02 12.95 7823

1735173290
0.0 0.02 12.86 5526

1735173291
0.0 0.02 12.86 4988

1735173292
0.0 0.02 12.77 0

1735173293
0.0 0.02 12.77 4

1735173294
0.0 0.02 12.68 2368

1735173295
0.0 0.02 12.68 1234

1735173296
0.0 0.02 12.6 5

1735173297
0.0 0.02 12.6 3

1735173298
0.0 0.02 12.51 0

1735173299
0.0 0.02 12.51 0

1735173300
0.0 0.01 12.42 0

1735173301
0.0 0.01 12.42 0

1735173302
0.0 0.01 12.34 22971

1735173303
0.0 0.01 12.34 9801

1735173304
0.18 0.05 12.26 12

1735173305
0.18 0.05 12.26 0

1735173306
0.14 0.04 12.18 6

1735173307
0.14 0.04 12.18 8

1735173308
0.12 0.04 12.09 2902

1735173309
0.12 0.04 12.09 7

1735173310
0.09 0.04 12.01 4437

1735173311
0.09 0.04 12.01 4

1735173312
0.08 0.04 11.93 12

1735173313
0.08 0.04 11.93 15254

1735173314
0.06 0.04 11.85 1557

1735173315
0.06 0.04 11.85 258

1735173316
0.05 0.04 11.76 1009

1735173317
0.05 0.04 11.76 2163

1735173318
0.04 0.03 11.68 6

1735173319
0.04 0.03 11.68 4758

1735173320
0.03 0.03 11.6 11646

1735173321
0.03 0.03 11.6 0

1735173322
0.02 0.03 11.52 0

1735173323
0.02 0.03 11.52 7047

1735173324
0.02 0.03 11.44 2843

1735173325
0.02 0.03 11.44 8158

1735173326
0.01 0.03 11.37 3716

1735173327
0.01 0.03 11.37 0

1735173328
0.01 0.03 11.29 0

1735173329
0.01 0.03 11.29 0

1735173330
0.01 0.02 11.21 0

1735173331
0.01 0.02 11.21 0

1735173332
0.0 0.02 11.13 0

1735173333
0.0 0.02 11.13 4

1735173334
0.0 0.02 11.06 3

1735173335
0.0 0.02 11.06 0

1735173336
0.0 0.02 10.98 0

1735173337
0.0 0.02 10.98 0

1735173338
0.0 0.02 10.91 0

1735173339
0.0 0.02 10.91 9

1735173340
0.0 0.02 10.83 0

1735173341
0.0 0.02 10.83 0

1735173342
0.0 0.02 10.76 4

1735173343
0.0 0.02 10.76 4

1735173344
0.0 0.02 10.68 2149

1735173345
0.0 0.02 10.68 2281

1735173346
0.0 0.02 10.61 11

1735173347
0.0 0.02 10.61 538

1735173348
0.0 0.02 10.54 17

1735173349
0.0 0.02 10.54 16

1735173350
0.0 0.02 10.47 8399

1735173351
0.0 0.02 10.47 0

1735173352
0.0 0.01 10.39 0

1735173353
0.0 0.01 10.39 0

1735173354
0.0 0.01 10.32 3918

1735173355
0.0 0.01 10.32 0

1735173356
0.0 0.01 10.25 0

1735173357
0.0 0.01 10.25 14056

1735173358
0.0 0.01 10.18 0

1735173359
0.0 0.01 10.11 650

1735173360
0.0 0.01 10.11 0

1735173361
0.0 0.01 10.04 565

1735173363
0.0 0.01 10.04 31332

1735173364
0.36 0.07 9.99 10436

1735173365
0.36 0.07 9.99 2566

1735173366
0.29 0.07 9.92 22640

1735173367
0.29 0.07 9.92 37408

1735173368
0.6 0.13 9.86 0

1735173369
0.6 0.13 9.86 0

1735173370
0.49 0.13 9.8 1824

1735173371
0.49 0.13 9.8 2

1735173372
0.4 0.12 9.73 3393

1735173373
0.4 0.12 9.73 0

1735173374
0.33 0.12 9.66 0

1735173375
0.33 0.12 9.66 0

1735173376
0.27 0.12 9.6 8

1735173377
0.27 0.12 9.6 752

1735173378
0.22 0.11 9.53 0

1735173379
0.22 0.11 9.53 0

1735173380
0.18 0.11 9.46 0

1735173381
0.18 0.11 9.46 6533

1735173382
0.14 0.1 9.4 835

1735173383
0.14 0.1 9.4 4692

1735173384
0.12 0.1 9.33 0

1735173385
0.12 0.1 9.33 0

1735173386
0.09 0.1 9.27 4

1735173387
0.09 0.1 9.27 3688

1735173388
0.08 0.09 9.21 5897

1735173389
0.08 0.09 9.21 0

1735173390
0.06 0.09 9.14 2986

1735173391
0.06 0.09 9.14 0

1735173392
0.05 0.09 9.08 6299

1735173393
0.05 0.09 9.08 1954

1735173394
0.04 0.08 9.02 2820

1735173395
0.04 0.08 9.02 1406

1735173396
0.03 0.08 8.96 3322

1735173397
0.03 0.08 8.96 0

1735173398
0.02 0.08 8.9 1006

1735173399
0.02 0.08 8.9 1036

1735173400
0.02 0.07 8.83 1318

1735173401
0.02 0.07 8.83 0

1735173402
0.01 0.07 8.77 4516

1735173403
0.01 0.07 8.77 29414

1735173404
0.19 0.1 8.72 1257

1735173405
0.19 0.1 8.72 1473

1735173406
0.16 0.1 8.66 0

1735173407
0.16 0.1 8.66 0

1735173408
0.13 0.09 8.6 0

1735173409
0.13 0.09 8.6 0

1735173410
0.1 0.09 8.54 0

1735173411
0.1 0.09 8.54 0

1735173412
0.08 0.09 8.48 2118

1735173413
0.08 0.09 8.48 17175

1735173414
0.25 0.12 8.43 10202

1735173415
0.25 0.12 8.43 69767

1735173416
0.75 0.21 8.39 9223

1735173417
0.75 0.21 8.39 2513

1735173418
0.61 0.2 8.34 2829

1735173419
0.61 0.2 8.34 0

1735173420
0.5 0.2 8.28 3

1735173421
0.5 0.2 8.28 4556

1735173422
0.41 0.19 8.22 3088

1735173423
0.41 0.19 8.22 2628

1735173424
0.33 0.18 8.17 5921

1735173425
0.33 0.18 8.17 1961

1735173426
0.27 0.18 8.11 5224

1735173427
0.27 0.18 8.11 2458

1735173428
0.22 0.17 8.05 0

1735173429
0.22 0.17 8.05 2684

1735173430
0.22 0.17 8.05 0

1735173431
0.18 0.16 8.0 4946

1735173432
0.69 0.26 7.96 63216

1735173433
0.69 0.26 7.96 4308

1735173434
0.56 0.25 7.91 1493

1735173435
0.56 0.25 7.91 0

1735173436
0.56 0.25 7.91 0

1735173437
0.46 0.24 7.86 0

1735173438
0.46 0.24 7.86 1818

1735173439
0.38 0.23 7.8 1411

1735173440
0.38 0.23 7.8 3277

1735173441
0.31 0.22 7.75 579

1735173442
0.31 0.22 7.75 41344

1735173443
0.61 0.28 7.71 0

1735173444
0.61 0.28 7.71 2

1735173445
0.5 0.27 7.66 11

1735173446
0.5 0.27 7.66 3

1735173447
0.41 0.26 7.6 0

1735173448
0.41 0.26 7.6 817

1735173449
0.33 0.25 7.55 10810

1735173450
0.33 0.25 7.55 5103

1735173451
0.27 0.25 7.5 18

1735173452
0.27 0.25 7.5 5

1735173453
0.22 0.24 7.45 2

1735173454
0.22 0.24 7.45 0

1735173455
0.18 0.23 7.4 0

1735173456
0.18 0.23 7.4 10314

1735173457
0.15 0.22 7.35 9

1735173458
0.15 0.22 7.35 0

1735173459
0.12 0.21 7.29 0

1735173460
0.12 0.21 7.29 911

1735173461
0.1 0.21 7.24 0

1735173462
0.1 0.21 7.24 13

1735173463
0.08 0.2 7.19 8

1735173464
0.08 0.2 7.19 0

1735173465
0.06 0.19 7.15 6

1735173466
0.06 0.19 7.15 0

1735173467
0.05 0.18 7.1 597

1735173468
0.05 0.18 7.1 0

1735173469
0.04 0.18 7.05 0

1735173470
0.04 0.18 7.05 0

1735173471
0.03 0.17 7.0 1

1735173472
0.03 0.17 7.0 0

1735173473
0.02 0.17 6.95 8

1735173474
0.02 0.17 6.95 2879

1735173475
0.02 0.16 6.9 6126

1735173476
0.01 0.15 6.86 14771

1735173477
0.01 0.15 6.86 8965

1735173478
0.01 0.15 6.81 5288

1735173479
0.01 0.15 6.81 7404

1735173480
0.01 0.15 6.81 0

1735173481
0.01 0.14 6.76 0

1735173482
0.01 0.14 6.71 8

1735173483
0.01 0.14 6.71 0

1735173484
0.01 0.14 6.71 0

1735173485
0.0 0.13 6.67 0

1735173486
0.0 0.13 6.62 649

1735173487
0.0 0.13 6.62 2350

1735173488
0.0 0.13 6.62 3506

1735173489
0.0 0.12 6.58 79

1735173491
0.0 0.12 6.53 11852

1735173492
0.0 0.12 6.49 0

1735173493
0.0 0.12 6.49 3632

1735173494
0.0 0.11 6.44 3816

1735173496
0.0 0.11 6.44 11945

1735173497
0.0 0.11 6.4 8679

1735173498
0.0 0.11 6.4 4982

1735173499
0.18 0.13 6.32 33693

1735173500
0.18 0.13 6.32 0

1735173502
0.14 0.13 6.27 2

1735173503
0.14 0.13 6.27 719

1735173504
0.14 0.13 6.27 1

1735173505
0.12 0.12 6.23 3

1735173506
0.09 0.12 6.19 0

1735173507
0.09 0.12 6.19 10

1735173508
0.08 0.12 6.14 2442

1735173509
0.08 0.12 6.14 1868

1735173510
0.24 0.14 6.11 24430

1735173511
0.24 0.14 6.11 6616

1735173512
0.56 0.2 6.08 37393

1735173513
0.56 0.2 6.08 1327

1735173514
0.56 0.2 6.08 24394

1735173515
0.64 0.23 6.05 6493

1735173516
0.52 0.22 6.0 0

1735173517
0.52 0.22 6.0 3330

1735173518
0.52 0.22 6.0 1709

1735173519
0.43 0.22 5.96 5197

1735173520
0.43 0.22 5.96 0

1735173521
0.35 0.21 5.92 831

1735173522
0.28 0.2 5.88 17097

1735173523
0.28 0.2 5.88 5208

1735173524
0.23 0.19 5.84 15

1735173525
0.23 0.19 5.84 0

1735173526
0.19 0.19 5.8 11921

1735173527
0.19 0.19 5.8 1320

1735173528
0.19 0.19 5.8 3060

1735173529
0.15 0.18 5.76 3954

1735173530
0.15 0.18 5.76 0

1735173531
0.12 0.17 5.72 9170

1735173532
0.1 0.17 5.68 0

1735173533
0.1 0.17 5.68 0

1735173534
0.08 0.16 5.64 0

1735173535
0.08 0.16 5.64 0

1735173536
0.07 0.16 5.6 0

1735173537
0.07 0.16 5.6 0

1735173538
0.05 0.15 5.56 0

1735173539
0.05 0.15 5.56 5416

1735173540
0.04 0.15 5.53 2457

1735173541
0.04 0.15 5.53 2504

1735173542
0.4 0.21 5.5 41660

1735173543
0.4 0.21 5.5 7460

1735173544
0.4 0.21 5.5 5541

1735173545
0.32 0.2 5.46 10007

1735173546
0.32 0.2 5.46 0

1735173547
0.26 0.19 5.43 0

1735173548
0.26 0.19 5.43 1680

1735173549
0.21 0.18 5.39 19682

1735173550
0.21 0.18 5.39 35034

1735173551
0.9 0.31 5.38 103061

1735173552
0.9 0.31 5.38 17262

1735173553
1.46 0.43 5.37 5346

1735173554
1.46 0.43 5.37 3493

1735173555
1.19 0.42 5.33 0

1735173556
0.98 0.4 5.3 1097

1735173557
0.98 0.4 5.3 2634

1735173559
0.8 0.39 5.26 7019

1735173560
0.8 0.39 5.26 1490

1735173561
0.65 0.37 5.22 14153

1735173562
0.53 0.36 5.19 1808

1735173563
0.53 0.36 5.19 12601

1735173564
0.62 0.38 5.16 18639

1735173565
0.62 0.38 5.16 3435

1735173566
0.62 0.38 5.16 3132

1735173567
0.5 0.37 5.12 6439

1735173568
0.5 0.37 5.12 0

1735173569
0.41 0.36 5.09 12379

1735173570
0.41 0.36 5.09 0

1735173571
0.34 0.35 5.05 3

1735173572
0.27 0.33 5.02 3275

1735173573
0.27 0.33 5.02 0

1735173574
0.27 0.33 5.02 5603

1735173575
0.41 0.36 4.99 16299

1735173576
0.41 0.36 4.99 0

1735173577
0.33 0.34 4.96 1299

1735173578
0.33 0.34 4.96 1175

1735173579
0.27 0.33 4.92 6462

1735173580
0.27 0.33 4.92 11406

1735173581
0.22 0.32 4.89 4706

1735173582
0.22 0.32 4.89 11017

1735173583
0.18 0.31 4.85 0

1735173584
0.18 0.31 4.85 2790

1735173585
0.14 0.3 4.82 5308

1735173586
0.14 0.3 4.82 3658

1735173587
0.3 0.32 4.79 13603

1735173588
0.3 0.32 4.79 0

1735173589
0.24 0.31 4.76 6126

1735173590
0.24 0.31 4.76 33770

1735173591
0.56 0.37 4.74 11614

1735173592
0.56 0.37 4.74 2

1735173593
0.46 0.35 4.71 558

1735173594
0.46 0.35 4.71 1053

1735173595
0.37 0.34 4.68 13

1735173596
0.37 0.34 4.68 2303

1735173597
0.31 0.33 4.64 0

1735173598
0.31 0.33 4.64 713

1735173599
0.25 0.32 4.61 0

1735173600
0.25 0.32 4.61 1474

1735173601
0.2 0.31 4.58 2681

1735173602
0.2 0.31 4.58 0

1735173603
0.16 0.3 4.55 0

1735173604
0.16 0.3 4.55 13387

1735173605
0.13 0.29 4.52 4566

1735173606
0.13 0.29 4.52 3

1735173607
0.11 0.28 4.49 0

1735173608
0.11 0.28 4.49 0

1735173609
0.09 0.27 4.46 0

1735173610
0.09 0.27 4.46 0

1735173611
0.07 0.26 4.42 3361

1735173612
0.07 0.26 4.42 16428

1735173613
0.24 0.28 4.4 24620

1735173614
0.24 0.28 4.4 3345

1735173615
0.38 0.31 4.38 1498

1735173616
0.38 0.31 4.38 0

1735173617
0.31 0.3 4.35 4

1735173618
0.31 0.3 4.35 1312

1735173619
0.25 0.29 4.32 4

1735173620
0.25 0.29 4.32 8438

1735173621
0.2 0.28 4.29 7549

1735173622
0.2 0.28 4.29 2206

1735173623
0.16 0.27 4.26 1075

1735173624
0.16 0.27 4.26 5

1735173625
0.13 0.26 4.23 4

1735173626
0.13 0.26 4.23 0

1735173627
0.11 0.25 4.2 2224

1735173628
0.11 0.25 4.2 1644

1735173630
0.09 0.24 4.17 7567

1735173631
0.07 0.23 4.14 0

1735173632
0.07 0.23 4.14 3

1735173633
0.06 0.22 4.11 5

1735173634
0.06 0.22 4.11 2

1735173635
0.05 0.22 4.08 2007

1735173636
0.05 0.22 4.08 10

1735173637
0.04 0.21 4.06 3

1735173638
0.04 0.21 4.06 0

1735173639
0.03 0.2 4.03 0

1735173640
0.03 0.2 4.03 0

1735173641
0.02 0.2 4.0 3899

1735173642
0.02 0.2 4.0 7313

1735173643
0.02 0.19 3.97 0

1735173644
0.02 0.19 3.97 0

1735173645
0.01 0.18 3.95 0

1735173646
0.01 0.18 3.95 0

1735173647
0.01 0.18 3.92 0

1735173648
0.01 0.18 3.92 0

1735173649
0.01 0.17 3.89 0

1735173650
0.01 0.17 3.89 0

1735173651
0.0 0.16 3.86 6

1735173652
0.0 0.16 3.86 0

1735173653
0.0 0.16 3.84 0

1735173654
0.0 0.16 3.84 0

1735173655
0.0 0.15 3.81 0

1735173656
0.0 0.15 3.81 0

1735173657
0.0 0.15 3.78 3202

1735173658
0.0 0.15 3.78 2925

1735173659
0.0 0.14 3.76 0

1735173660
0.0 0.14 3.76 2

1735173661
0.0 0.14 3.73 0

1735173662
0.0 0.14 3.73 6

1735173663
0.0 0.13 3.71 2

1735173664
0.0 0.13 3.71 26259

1735173665
0.18 0.16 3.69 9210

1735173667
0.33 0.19 3.67 34034

1735173668
0.33 0.19 3.67 0

1735173669
0.27 0.18 3.64 0

1735173670
0.27 0.18 3.64 0

1735173671
0.22 0.17 3.62 1518

1735173672
0.22 0.17 3.62 14046

1735173673
0.18 0.17 3.59 0

1735173674
0.18 0.17 3.59 0

1735173675
0.14 0.16 3.57 3906

1735173676
0.14 0.16 3.57 0

1735173677
0.12 0.16 3.54 0

1735173678
0.12 0.16 3.54 0

1735173679
0.09 0.15 3.52 0

1735173680
0.09 0.15 3.52 0

1735173681
0.08 0.15 3.5 1958

1735173682
0.08 0.15 3.5 0

1735173683
0.06 0.14 3.47 5196

1735173684
0.06 0.14 3.47 2

1735173685
0.05 0.14 3.45 2

1735173686
0.05 0.14 3.45 0

1735173687
0.04 0.13 3.42 480

1735173688
0.04 0.13 3.42 0

1735173689
0.03 0.13 3.4 0

1735173690
0.03 0.13 3.4 0

1735173691
0.02 0.12 3.38 0

1735173692
0.02 0.12 3.38 8

1735173693
0.02 0.12 3.35 0

1735173694
0.02 0.12 3.35 0

1735173695
0.01 0.11 3.33 0

1735173696
0.01 0.11 3.33 0

1735173697
0.01 0.11 3.31 0

1735173698
0.01 0.11 3.31 0

1735173699
0.01 0.1 3.28 0

1735173700
0.01 0.1 3.28 1397

1735173705
0.0 0.09 3.22 438

1735173706
0.0 0.09 3.19 0

1735173707
0.0 0.09 3.19 1

1735173708
0.0 0.09 3.17 0

1735173709
0.0 0.09 3.17 0

1735173710
0.0 0.08 3.15 0

1735173711
0.0 0.08 3.15 732

1735173712
0.0 0.08 3.13 0

1735173713
0.0 0.08 3.13 0

1735173714
0.0 0.08 3.13 0

1735173715
0.0 0.08 3.11 0

1735173716
0.0 0.08 3.11 0

1735173717
0.0 0.07 3.08 0

1735173718
0.0 0.07 3.08 0

1735173719
0.0 0.07 3.06 0

1735173720
0.0 0.07 3.06 0

1735173721
0.0 0.07 3.04 0

1735173722
0.0 0.07 3.04 0

1735173723
0.0 0.07 3.02 0

1735173724
0.0 0.07 3.02 0

1735173725
0.0 0.06 3.0 0

1735173726
0.0 0.06 3.0 4

1735173727
0.0 0.06 2.98 0

1735173728
0.0 0.06 2.98 0

1735173729
0.0 0.06 2.96 0

1735173730
0.0 0.06 2.96 0

1735173731
0.0 0.06 2.94 0

1735173732
0.0 0.06 2.94 0

1735173733
0.0 0.05 2.92 0

1735173734
0.0 0.05 2.92 0

1735173735
0.0 0.05 2.9 0

1735173736
0.0 0.05 2.9 0

1735173737
0.0 0.05 2.88 0

1735173738
0.0 0.05 2.88 0

1735173739
0.0 0.05 2.86 5

1735173740
0.0 0.05 2.86 0

1735173741
0.0 0.05 2.84 0

1735173742
0.0 0.05 2.84 0

1735173743
0.0 0.04 2.82 0

1735173744
0.0 0.04 2.82 284

1735173745
0.0 0.04 2.8 4

1735173746
0.0 0.04 2.8 0

1735173747
0.0 0.04 2.78 7

1735173748
0.0 0.04 2.78 251

1735173749
0.0 0.04 2.76 552

1735173750
0.0 0.04 2.76 0

1735173751
0.0 0.04 2.74 7

1735173752
0.0 0.04 2.74 0

1735173753
0.0 0.04 2.72 2752

1735173754
0.0 0.04 2.72 0

1735173755
0.0 0.03 2.7 5

1735173756
0.0 0.03 2.7 0

1735173757
0.0 0.03 2.68 10110

1735173758
0.18 0.06 2.67 33530

1735173759
0.18 0.06 2.67 14568

1735173760
0.32 0.1 2.66 0

1735173761
0.32 0.1 2.66 9865

1735173762
0.32 0.1 2.66 47976

1735173764
0.63 0.16 2.66 0

1735173765
0.51 0.15 2.64 6

1735173766
0.51 0.15 2.64 15465

1735173767
0.42 0.15 2.62 46953

1735173768
0.42 0.15 2.62 57367

1735173769
1.25 0.31 2.64 12955

1735173770
1.2 0.33 2.62 24099

1735173771
1.2 0.33 2.62 24889

1735173772
1.2 0.33 2.62 4140

1735173773
1.35 0.38 2.62 45437

1735173996
60.6 60.14 59.22 1099055632

