1735194557
/dev/sda1: 25022210048
overlay: 25022210048

1735194558
/dev/sda1: 25024286720
overlay: 25024286720

1735194559
/dev/sda1: 25026441216
overlay: 25026441216

1735194560
/dev/sda1: 25038974976
overlay: 25038974976

1735194561
/dev/sda1: 25098756096
overlay: 25098756096

1735194562
/dev/sda1: 25120694272
overlay: 25120694272

1735194564
/dev/sda1: 25135194112
overlay: 25135194112

1735194565
/dev/sda1: 25153785856
overlay: 25153785856

1735194566
/dev/sda1: 25162309632
overlay: 25162309632

1735194567
/dev/sda1: 25178112000
overlay: 25178112000

1735194568
/dev/sda1: 25291091968
overlay: 25291091968

1735194569
/dev/sda1: 25342857216
overlay: 25342861312

1735194570
/dev/sda1: 25345572864
overlay: 25345572864

1735194572
/dev/sda1: 25363333120
overlay: 25363333120

1735194573
/dev/sda1: 25388781568
overlay: 25388781568

1735194575
/dev/sda1: 25409699840
overlay: 25409699840

1735194576
/dev/sda1: 25422376960
overlay: 25422376960

1735194577
/dev/sda1: 25434406912
overlay: 25434406912

1735194578
/dev/sda1: 25446748160
overlay: 25446748160

1735194579
/dev/sda1: 25465163776
overlay: 25465163776

1735194580
/dev/sda1: 25483128832
overlay: 25483128832

1735194582
/dev/sda1: 25511899136
overlay: 25511899136

1735194584
/dev/sda1: 25535926272
overlay: 25535926272

1735194585
/dev/sda1: 25548607488
overlay: 25548607488

1735194587
/dev/sda1: 25797500928
overlay: 25797500928

1735194589
/dev/sda1: 25882894336
overlay: 25882894336

1735194590
/dev/sda1: 25960640512
overlay: 25960644608

1735194592
/dev/sda1: 26040459264
overlay: 26040459264

1735194593
/dev/sda1: 26093142016
overlay: 26093142016

1735194595
/dev/sda1: 26148917248
overlay: 26148917248

1735194597
/dev/sda1: 26208083968
overlay: 26208083968

1735194599
/dev/sda1: 26242646016
overlay: 26242646016

1735194600
/dev/sda1: 26329759744
overlay: 26329763840

1735194602
/dev/sda1: 26389200896
overlay: 26389200896

1735194603
/dev/sda1: 26424909824
overlay: 26424909824

1735194605
/dev/sda1: 26477674496
overlay: 26477674496

1735194607
/dev/sda1: 26519060480
overlay: 26519060480

1735194609
/dev/sda1: 26572509184
overlay: 26572509184

1735194610
/dev/sda1: 26635378688
overlay: 26635378688

1735194612
/dev/sda1: 26690945024
overlay: 26690945024

1735194613
/dev/sda1: 26729693184
overlay: 26729693184

1735194615
/dev/sda1: 26769195008
overlay: 26769195008

1735194616
/dev/sda1: 26790862848
overlay: 26790862848

1735194618
/dev/sda1: 26793943040
overlay: 26793943040

1735194619
/dev/sda1: 26802892800
overlay: 26802892800

1735194621
/dev/sda1: 26820558848
overlay: 26820558848

1735194623
/dev/sda1: 26858033152
overlay: 26858033152

1735194624
/dev/sda1: 26968756224
overlay: 26968756224

1735194626
/dev/sda1: 26986815488
overlay: 26986815488

1735194627
/dev/sda1: 27009056768
overlay: 27009056768

1735194629
/dev/sda1: 27026771968
overlay: 27026771968

1735194630
/dev/sda1: 27096711168
overlay: 27096711168

1735194631
/dev/sda1: 27098787840
overlay: 27098787840

1735194633
/dev/sda1: 27105792000
overlay: 27105792000

1735194634
/dev/sda1: 27108237312
overlay: 27108237312

1735194635
/dev/sda1: 27109666816
overlay: 27109666816

1735194636
/dev/sda1: 27110744064
overlay: 27110744064

1735194637
/dev/sda1: 27111776256
overlay: 27111776256

1735194639
/dev/sda1: 27124707328
overlay: 27124707328

1735194640
/dev/sda1: 27133984768
overlay: 27133984768

1735194641
/dev/sda1: 27144138752
overlay: 27144138752

1735194642
/dev/sda1: 27156250624
overlay: 27156250624

1735194643
/dev/sda1: 27169341440
overlay: 27169341440

1735194644
/dev/sda1: 27173920768
overlay: 27173920768

1735194645
/dev/sda1: 27182473216
overlay: 27182473216

1735194646
/dev/sda1: 27188117504
overlay: 27188117504

1735194648
/dev/sda1: 27191504896
overlay: 27191504896

1735194649
/dev/sda1: 27193528320
overlay: 27193528320

1735194650
/dev/sda1: 27195133952
overlay: 27195133952

1735194651
/dev/sda1: 27201728512
overlay: 27201728512

1735194652
/dev/sda1: 27211755520
overlay: 27211755520

1735194653
/dev/sda1: 27230048256
overlay: 27230052352

1735194655
/dev/sda1: 27386458112
overlay: 27386458112

1735194656
/dev/sda1: 27391328256
overlay: 27391328256

1735194658
/dev/sda1: 27399356416
overlay: 27399356416

1735194659
/dev/sda1: 27406450688
overlay: 27406450688

1735194660
/dev/sda1: 27491254272
overlay: 27491254272

1735194663
/dev/sda1: 27562553344
overlay: 27562553344

1735194664
/dev/sda1: 27579883520
overlay: 27579883520

1735194665
/dev/sda1: 27580469248
overlay: 27580469248

1735194667
/dev/sda1: 27586760704
overlay: 27586760704

1735194668
/dev/sda1: 27594113024
overlay: 27594113024

1735194669
/dev/sda1: 27607134208
overlay: 27607134208

1735194671
/dev/sda1: 27628675072
overlay: 27628675072

1735194673
/dev/sda1: 27643727872
overlay: 27643727872

1735194674
/dev/sda1: 27651096576
overlay: 27651096576

1735194675
/dev/sda1: 27657490432
overlay: 27657490432

1735194676
/dev/sda1: 27668676608
overlay: 27668676608

1735194677
/dev/sda1: 27680329728
overlay: 27680329728

1735194678
/dev/sda1: 27691511808
overlay: 27691511808

1735194679
/dev/sda1: 27728642048
overlay: 27728642048

1735194680
/dev/sda1: 27836067840
overlay: 27836071936

1735194682
/dev/sda1: 27860844544
overlay: 27860844544

1735194683
/dev/sda1: 27873972224
overlay: 27873972224

1735194685
/dev/sda1: 27886538752
overlay: 27886546944

1735194686
/dev/sda1: 27893547008
overlay: 27893547008

1735194688
/dev/sda1: 27896455168
overlay: 27896455168

1735194689
/dev/sda1: 27912921088
overlay: 27912921088

1735194690
/dev/sda1: 27916505088
overlay: 27916505088

1735194691
/dev/sda1: 27946577920
overlay: 27946577920

1735194692
/dev/sda1: 27956035584
overlay: 27956035584

1735194693
/dev/sda1: 27957788672
overlay: 27957788672

1735194694
/dev/sda1: 27967512576
overlay: 27967512576

1735194695
/dev/sda1: 27970232320
overlay: 27970232320

1735194696
/dev/sda1: 28003966976
overlay: 28003971072

1735194697
/dev/sda1: 28029902848
overlay: 28029902848

1735194698
/dev/sda1: 28032389120
overlay: 28032389120

1735194699
/dev/sda1: 28046225408
overlay: 28046225408

1735194700
/dev/sda1: 28055048192
overlay: 28055048192

1735194701
/dev/sda1: 28070617088
overlay: 28070617088

1735194702
/dev/sda1: 28086325248
overlay: 28086325248

1735194703
/dev/sda1: 28099817472
overlay: 28099817472

1735194705
/dev/sda1: 28130459648
overlay: 28130459648

1735194706
/dev/sda1: 28156166144
overlay: 28156166144

1735194708
/dev/sda1: 28175065088
overlay: 28175065088

1735194709
/dev/sda1: 28193193984
overlay: 28193193984

1735194710
/dev/sda1: 28205518848
overlay: 28205518848

1735194711
/dev/sda1: 28220391424
overlay: 28220391424

1735194712
/dev/sda1: 28232777728
overlay: 28232777728

1735194713
/dev/sda1: 28253138944
overlay: 28253138944

1735194714
/dev/sda1: 28267122688
overlay: 28267122688

1735194716
/dev/sda1: 28291624960
overlay: 28291624960

1735194717
/dev/sda1: 28304957440
overlay: 28304957440

1735194719
/dev/sda1: 28328714240
overlay: 28328714240

1735194721
/dev/sda1: 28348780544
overlay: 28348780544

1735194722
/dev/sda1: 28364804096
overlay: 28364804096

1735194724
/dev/sda1: 28406943744
overlay: 28406943744

1735194725
/dev/sda1: 28442025984
overlay: 28442025984

1735194726
/dev/sda1: 28472029184
overlay: 28472029184

1735194727
/dev/sda1: 28484329472
overlay: 28484329472

1735194728
/dev/sda1: 28503494656
overlay: 28503494656

1735194729
/dev/sda1: 28519424000
overlay: 28519424000

1735194730
/dev/sda1: 28544606208
overlay: 28544606208

1735194732
/dev/sda1: 28592459776
overlay: 28592459776

1735194733
/dev/sda1: 28593975296
overlay: 28593975296

1735194734
/dev/sda1: 28595212288
overlay: 28595212288

1735194735
/dev/sda1: 28596432896
overlay: 28596432896

1735194736
/dev/sda1: 28597903360
overlay: 28597903360

1735194737
/dev/sda1: 28615299072
overlay: 28615299072

1735194738
/dev/sda1: 28627517440
overlay: 28627521536

1735194739
/dev/sda1: 28650897408
overlay: 28650897408

1735194740
/dev/sda1: 28664537088
overlay: 28664537088

1735194741
/dev/sda1: 28676685824
overlay: 28676685824

1735194742
/dev/sda1: 28688662528
overlay: 28688662528

1735194743
/dev/sda1: 28700418048
overlay: 28700418048

1735194744
/dev/sda1: 28714921984
overlay: 28714921984

1735194745
/dev/sda1: 28739305472
overlay: 28739305472

1735194748
/dev/sda1: 28776472576
overlay: 28776472576

1735194749
/dev/sda1: 28794888192
overlay: 28794888192

1735194751
/dev/sda1: 28823396352
overlay: 28823396352

1735194753
/dev/sda1: 28845219840
overlay: 28845219840

1735194754
/dev/sda1: 28859068416
overlay: 28859068416

1735194755
/dev/sda1: 28872728576
overlay: 28872728576

1735194756
/dev/sda1: 28887343104
overlay: 28887343104

1735194757
/dev/sda1: 28900552704
overlay: 28900552704

1735194758
/dev/sda1: 28913283072
overlay: 28913283072

1735194759
/dev/sda1: 28927766528
overlay: 28927766528

1735194760
/dev/sda1: 28939943936
overlay: 28939943936

1735194761
/dev/sda1: 28947222528
overlay: 28947222528

1735194762
/dev/sda1: 28957331456
overlay: 28957331456

1735194764
/dev/sda1: 28977954816
overlay: 28977954816

1735194766
/dev/sda1: 28990906368
overlay: 28990906368

1735194768
/dev/sda1: 29002924032
overlay: 29002924032

1735194769
/dev/sda1: 29009031168
overlay: 29009031168

1735194771
/dev/sda1: 29019516928
overlay: 29019516928

1735194772
/dev/sda1: 29025566720
overlay: 29025566720

1735194773
/dev/sda1: 29033230336
overlay: 29033230336

1735194774
/dev/sda1: 29038612480
overlay: 29038612480

1735194775
/dev/sda1: 29045960704
overlay: 29045960704

1735194776
/dev/sda1: 29053091840
overlay: 29053091840

1735194777
/dev/sda1: 29061341184
overlay: 29061341184

1735194778
/dev/sda1: 29070159872
overlay: 29070159872

1735194779
/dev/sda1: 29080985600
overlay: 29080985600

1735194780
/dev/sda1: 29089947648
overlay: 29089947648

1735194781
/dev/sda1: 29099118592
overlay: 29099118592

1735194782
/dev/sda1: 29111324672
overlay: 29111324672

1735194783
/dev/sda1: 29120835584
overlay: 29120835584

1735194784
/dev/sda1: 29121695744
overlay: 29121695744

1735194785
/dev/sda1: 29124603904
overlay: 29124603904

1735194786
/dev/sda1: 29124775936
overlay: 29124775936

1735194787
/dev/sda1: 29126004736
overlay: 29126004736

1735194788
/dev/sda1: 29126184960
overlay: 29126184960

1735194789
/dev/sda1: 29127643136
overlay: 29127643136

1735194790
/dev/sda1: 29129564160
overlay: 29129564160

1735194791
/dev/sda1: 29131739136
overlay: 29131739136

1735194792
/dev/sda1: 29132189696
overlay: 29132189696

1735194793
/dev/sda1: 29134217216
overlay: 29134217216

1735194794
/dev/sda1: 29135978496
overlay: 29135978496

1735194795
/dev/sda1: 29137567744
overlay: 29137567744

1735194796
/dev/sda1: 29140606976
overlay: 29140606976

1735194797
/dev/sda1: 29142654976
overlay: 29142654976

1735194798
/dev/sda1: 29143760896
overlay: 29143760896

1735194799
/dev/sda1: 29144895488
overlay: 29144895488

1735194800
/dev/sda1: 29187035136
overlay: 29187035136

1735194801
/dev/sda1: 29188648960
overlay: 29188648960

1735194802
/dev/sda1: 29193154560
overlay: 29193154560

1735194803
/dev/sda1: 29194633216
overlay: 29194633216

1735194804
/dev/sda1: 29204037632
overlay: 29204037632

1735194805
/dev/sda1: 29228806144
overlay: 29228806144

1735194807
/dev/sda1: 29255434240
overlay: 29255434240

1735194808
/dev/sda1: 29298823168
overlay: 29298823168

1735194810
/dev/sda1: 29442424832
overlay: 29442424832

1735194812
/dev/sda1: 29579153408
overlay: 29579153408

1735194814
/dev/sda1: 29623398400
overlay: 29623398400

1735194816
/dev/sda1: 29648601088
overlay: 29648601088

1735194817
/dev/sda1: 29679702016
overlay: 29679702016

1735194820
/dev/sda1: 29746122752
overlay: 29746122752

1735194821
/dev/sda1: 29778710528
overlay: 29778710528

1735194823
/dev/sda1: 29820030976
overlay: 29820030976

1735194825
/dev/sda1: 29859725312
overlay: 29859725312

1735194826
/dev/sda1: 29899087872
overlay: 29899087872

1735194828
/dev/sda1: 29932716032
overlay: 29932724224

1735194829
/dev/sda1: 29986914304
overlay: 29986914304

1735194832
/dev/sda1: 30044889088
overlay: 30044889088

1735194833
/dev/sda1: 30087553024
overlay: 30087553024

1735194834
/dev/sda1: 30116331520
overlay: 30116335616

1735194836
/dev/sda1: 30164127744
overlay: 30164127744

1735194838
/dev/sda1: 30202499072
overlay: 30202499072

1735194840
/dev/sda1: 30233513984
overlay: 30233513984

1735194842
/dev/sda1: 30295998464
overlay: 30296002560

1735194844
/dev/sda1: 30356422656
overlay: 30356422656

1735194845
/dev/sda1: 30390644736
overlay: 30390644736

1735194846
/dev/sda1: 30418808832
overlay: 30418808832

1735194847
/dev/sda1: 30447165440
overlay: 30447169536

1735194848
/dev/sda1: 30473441280
overlay: 30473441280

1735194851
/dev/sda1: 30522515456
overlay: 30522515456

1735194852
/dev/sda1: 30567280640
overlay: 30567280640

1735194854
/dev/sda1: 30580854784
overlay: 30580854784

1735194856
/dev/sda1: 30644088832
overlay: 30644088832

1735194857
/dev/sda1: 30692229120
overlay: 30692229120

1735194859
/dev/sda1: 30731632640
overlay: 30731632640

1735194860
/dev/sda1: 30767738880
overlay: 30767738880

1735194862
/dev/sda1: 30826971136
overlay: 30826971136

1735194866
/dev/sda1: 30935764992
overlay: 30935764992

1735194868
/dev/sda1: 31014662144
overlay: 31014670336

1735194870
/dev/sda1: 31046909952
overlay: 31046909952

1735194872
/dev/sda1: 31118561280
overlay: 31118561280

1735194874
/dev/sda1: 31178416128
overlay: 31178416128

1735194876
/dev/sda1: 31231201280
overlay: 31231205376

1735194878
/dev/sda1: 31289823232
overlay: 31289823232

1735194880
/dev/sda1: 31334281216
overlay: 31334100992

1735194882
/dev/sda1: 31401508864
overlay: 31401508864

1735194883
/dev/sda1: 31438163968
overlay: 31438163968

1735194885
/dev/sda1: 31463079936
overlay: 31463079936

1735194886
/dev/sda1: 31494774784
overlay: 31494774784

1735194888
/dev/sda1: 31552929792
overlay: 31552929792

1735194889
/dev/sda1: 31581523968
overlay: 31581523968

1735194891
/dev/sda1: 31631052800
overlay: 31631052800

1735194893
/dev/sda1: 31665115136
overlay: 31665115136

1735194895
/dev/sda1: 31691325440
overlay: 31691325440

1735194896
/dev/sda1: 31728484352
overlay: 31728484352

1735194897
/dev/sda1: 31756009472
overlay: 31756009472

1735194898
/dev/sda1: 31776014336
overlay: 31776014336

1735194900
/dev/sda1: 31801044992
overlay: 31801044992

1735194902
/dev/sda1: 31855726592
overlay: 31855726592

1735194903
/dev/sda1: 31869308928
overlay: 31869308928

1735194905
/dev/sda1: 31941013504
overlay: 31941013504

1735194907
/dev/sda1: 31991091200
overlay: 31991091200

1735194908
/dev/sda1: 32028028928
overlay: 32028028928

1735194909
/dev/sda1: 32055840768
overlay: 32055840768

1735194911
/dev/sda1: 32100171776
overlay: 32100171776

1735194913
/dev/sda1: 32143761408
overlay: 32143765504

1735194915
/dev/sda1: 32155774976
overlay: 32155774976

1735194916
/dev/sda1: 32206577664
overlay: 32206577664

1735194918
/dev/sda1: 32238620672
overlay: 32238620672

1735194920
/dev/sda1: 32239562752
overlay: 32239562752

1735194921
/dev/sda1: 32239788032
overlay: 32239788032

1735194922
/dev/sda1: 32240607232
overlay: 32240607232

1735194923
/dev/sda1: 32241606656
overlay: 32241606656

1735194925
/dev/sda1: 32241778688
overlay: 32241778688

1735194926
/dev/sda1: 32243400704
overlay: 32243400704

1735194927
/dev/sda1: 32244006912
overlay: 32244006912

1735194928
/dev/sda1: 32244535296
overlay: 32244535296

1735194930
/dev/sda1: 32246022144
overlay: 32246022144

1735194932
/dev/sda1: 32247541760
overlay: 32247541760

1735194934
/dev/sda1: 32248623104
overlay: 32248623104

1735194935
/dev/sda1: 32249204736
overlay: 32249204736

1735194936
/dev/sda1: 32249774080
overlay: 32249774080

1735194937
/dev/sda1: 32250425344
overlay: 32250425344

1735194938
/dev/sda1: 32251396096
overlay: 32251396096

1735194939
/dev/sda1: 32252088320
overlay: 32252088320

1735194940
/dev/sda1: 32253972480
overlay: 32253972480

1735194941
/dev/sda1: 32254472192
overlay: 32254472192

1735194942
/dev/sda1: 32255913984
overlay: 32255913984

1735194943
/dev/sda1: 32256417792
overlay: 32256417792

1735194945
/dev/sda1: 32258772992
overlay: 32258772992

1735194946
/dev/sda1: 32260710400
overlay: 32260710400

1735194947
/dev/sda1: 32263344128
overlay: 32263344128

1735194948
/dev/sda1: 32267530240
overlay: 32267530240

1735194949
/dev/sda1: 32269701120
overlay: 32269701120

1735194950
/dev/sda1: 32271155200
overlay: 32271155200

1735194951
/dev/sda1: 32292954112
overlay: 32292962304

1735194952
/dev/sda1: 32302161920
overlay: 32302161920

1735194953
/dev/sda1: 32321396736
overlay: 32321396736

1735194954
/dev/sda1: 32337563648
overlay: 32337563648

1735194955
/dev/sda1: 32351637504
overlay: 32351637504

1735194956
/dev/sda1: 32368529408
overlay: 32368529408

1735194957
/dev/sda1: 32377294848
overlay: 32377294848

1735194959
/dev/sda1: 32383901696
overlay: 32383901696

1735194961
/dev/sda1: 32403689472
overlay: 32403689472

1735194963
/dev/sda1: 32404492288
overlay: 32404492288

1735194964
/dev/sda1: 32405934080
overlay: 32405934080

1735194966
/dev/sda1: 32406953984
overlay: 32406953984

1735194967
/dev/sda1: 32409370624
overlay: 32409370624

1735194968
/dev/sda1: 32410374144
overlay: 32410374144

1735194969
/dev/sda1: 32411340800
overlay: 32411340800

1735194970
/dev/sda1: 32412348416
overlay: 32412348416

1735194971
/dev/sda1: 32414973952
overlay: 32414973952

1735194972
/dev/sda1: 32415805440
overlay: 32415805440

1735194973
/dev/sda1: 32417812480
overlay: 32417812480

1735194974
/dev/sda1: 32418496512
overlay: 32418496512

1735194975
/dev/sda1: 32418824192
overlay: 32418824192

1735194976
/dev/sda1: 32419176448
overlay: 32419176448

1735194977
/dev/sda1: 32420139008
overlay: 32420139008

1735194978
/dev/sda1: 32422260736
overlay: 32422260736

1735194979
/dev/sda1: 32422871040
overlay: 32422871040

1735194980
/dev/sda1: 32422969344
overlay: 32422969344

1735194981
/dev/sda1: 32423571456
overlay: 32423571456

1735194982
/dev/sda1: 32424140800
overlay: 32424140800

1735194983
/dev/sda1: 32425439232
overlay: 32425439232

1735194984
/dev/sda1: 32426528768
overlay: 32426528768

1735194985
/dev/sda1: 32426942464
overlay: 32426942464

1735194986
/dev/sda1: 32432840704
overlay: 32432840704

1735194987
/dev/sda1: 32432386048
overlay: 32432386048

1735194988
/dev/sda1: 32434262016
overlay: 32434262016

1735194989
/dev/sda1: 32437182464
overlay: 32437182464

1735194990
/dev/sda1: 32437555200
overlay: 32437555200

1735194991
/dev/sda1: 32438812672
overlay: 32438812672

1735194992
/dev/sda1: 32439201792
overlay: 32439201792

1735194993
/dev/sda1: 32439320576
overlay: 32439320576

1735194994
/dev/sda1: 32440832000
overlay: 32440832000

1735194995
/dev/sda1: 32441585664
overlay: 32441585664

1735194996
/dev/sda1: 32443121664
overlay: 32443121664

1735194997
/dev/sda1: 32441901056
overlay: 32441901056

1735194999
/dev/sda1: 32442585088
overlay: 32442585088

1735195000
/dev/sda1: 32443379712
overlay: 32443379712

1735195001
/dev/sda1: 32444534784
overlay: 32444534784

1735195002
/dev/sda1: 32445992960
overlay: 32445992960

1735195003
/dev/sda1: 32446775296
overlay: 32446775296

1735195004
/dev/sda1: 32447684608
overlay: 32447684608

1735195005
/dev/sda1: 32448962560
overlay: 32448962560

1735195006
/dev/sda1: 32447987712
overlay: 32447987712

1735195007
/dev/sda1: 32449437696
overlay: 32449437696

1735195008
/dev/sda1: 32450887680
overlay: 32450887680

1735195009
/dev/sda1: 32451137536
overlay: 32451137536

1735195010
/dev/sda1: 32451383296
overlay: 32451383296

1735195011
/dev/sda1: 32452673536
overlay: 32452673536

1735195012
/dev/sda1: 32451883008
overlay: 32451883008

1735195013
/dev/sda1: 32452505600
overlay: 32452505600

1735195015
/dev/sda1: 32452927488
overlay: 32452927488

1735195016
/dev/sda1: 32452812800
overlay: 32452812800

1735195017
/dev/sda1: 32452878336
overlay: 32452878336

1735195018
/dev/sda1: 32453173248
overlay: 32453173248

1735195020
/dev/sda1: 32453369856
overlay: 32453369856

1735195021
/dev/sda1: 32454205440
overlay: 32454205440

1735195022
/dev/sda1: 32455581696
overlay: 32455581696

1735195023
/dev/sda1: 32456876032
overlay: 32456876032

1735195024
/dev/sda1: 32458321920
overlay: 32458321920

1735195025
/dev/sda1: 32458551296
overlay: 32458551296

1735195026
/dev/sda1: 32459657216
overlay: 32459657216

1735195027
/dev/sda1: 32459231232
overlay: 32459231232

1735195028
/dev/sda1: 32459784192
overlay: 32459784192

1735195029
/dev/sda1: 32460193792
overlay: 32460193792

1735195030
/dev/sda1: 32460939264
overlay: 32460939264

1735195031
/dev/sda1: 32466124800
overlay: 32466124800

1735195032
/dev/sda1: 32468340736
overlay: 32468340736

1735195033
/dev/sda1: 32470511616
overlay: 32470511616

1735195034
/dev/sda1: 32473227264
overlay: 32473227264

1735195035
/dev/sda1: 32474705920
overlay: 32474705920

1735195036
/dev/sda1: 32477716480
overlay: 32477716480

1735195037
/dev/sda1: 32478347264
overlay: 32478347264

1735195038
/dev/sda1: 32480022528
overlay: 32480022528

1735195040
/dev/sda1: 32483356672
overlay: 32483356672

1735195041
/dev/sda1: 32487235584
overlay: 32487235584

1735195042
/dev/sda1: 32490188800
overlay: 32490188800

1735195043
/dev/sda1: 32490475520
overlay: 32490475520

1735195045
/dev/sda1: 32493383680
overlay: 32493383680

1735195046
/dev/sda1: 32493817856
overlay: 32493817856

1735195048
/dev/sda1: 32498376704
overlay: 32498376704

1735195049
/dev/sda1: 32494243840
overlay: 32494243840

1735195053
/dev/sda1: 32498417664
overlay: 32498417664

1735195054
/dev/sda1: 32499683328
overlay: 32499683328

1735195055
/dev/sda1: 32502927360
overlay: 32502927360

1735195056
/dev/sda1: 32507727872
overlay: 32507727872

1735195057
/dev/sda1: 32509911040
overlay: 32509911040

1735195058
/dev/sda1: 32514359296
overlay: 32514359296

1735195059
/dev/sda1: 32518520832
overlay: 32518520832

1735195060
/dev/sda1: 32518631424
overlay: 32518631424

1735195061
/dev/sda1: 32521441280
overlay: 32521441280

1735195062
/dev/sda1: 32523202560
overlay: 32523202560

1735195063
/dev/sda1: 32523841536
overlay: 32523841536

1735195064
/dev/sda1: 32559661056
overlay: 32559661056

1735195066
/dev/sda1: 32592818176
overlay: 32592818176

1735195067
/dev/sda1: 32595931136
overlay: 32595931136

1735195068
/dev/sda1: 32597856256
overlay: 32597856256

1735195069
/dev/sda1: 32622735360
overlay: 32622735360

1735195070
/dev/sda1: 32624635904
overlay: 32624635904

1735195071
/dev/sda1: 32627400704
overlay: 32627400704

1735195072
/dev/sda1: 32636657664
overlay: 32636657664

1735195073
/dev/sda1: 32641388544
overlay: 32641388544

1735195074
/dev/sda1: 32649981952
overlay: 32649981952

1735195075
/dev/sda1: 32652402688
overlay: 32652402688

1735195076
/dev/sda1: 32654667776
overlay: 32654667776

1735195077
/dev/sda1: 32655790080
overlay: 32655790080

1735195078
/dev/sda1: 32657391616
overlay: 32657391616

1735195080
/dev/sda1: 32660037632
overlay: 32660037632

1735195082
/dev/sda1: 32663187456
overlay: 32663187456

1735195083
/dev/sda1: 32663715840
overlay: 32663715840

1735195085
/dev/sda1: 32668758016
overlay: 32668758016

1735195086
/dev/sda1: 32670482432
overlay: 32670482432

1735195087
/dev/sda1: 32692174848
overlay: 32692174848

1735195088
/dev/sda1: 32694235136
overlay: 32694235136

1735195089
/dev/sda1: 32698212352
overlay: 32698212352

1735195090
/dev/sda1: 32700825600
overlay: 32700825600

1735195091
/dev/sda1: 32714027008
overlay: 32714027008

1735195092
/dev/sda1: 32706347008
overlay: 32706347008

1735195093
/dev/sda1: 32707268608
overlay: 32707268608

1735195094
/dev/sda1: 32707678208
overlay: 32707678208

1735195095
/dev/sda1: 32708087808
overlay: 32708087808

1735195096
/dev/sda1: 32709181440
overlay: 32709181440

1735195097
/dev/sda1: 32708538368
overlay: 32708538368

1735195098
/dev/sda1: 32708444160
overlay: 32708444160

1735195099
/dev/sda1: 32705884160
overlay: 32705884160

1735195100
/dev/sda1: 32709079040
overlay: 32709079040

1735195101
/dev/sda1: 32718479360
overlay: 32718479360

1735195102
/dev/sda1: 32722501632
overlay: 32722501632

1735195104
/dev/sda1: 32725164032
overlay: 32725164032

1735195105
/dev/sda1: 32726851584
overlay: 32726851584

1735195106
/dev/sda1: 32728449024
overlay: 32728449024

1735195107
/dev/sda1: 32729649152
overlay: 32729649152

1735195108
/dev/sda1: 32733036544
overlay: 32733036544

1735195109
/dev/sda1: 32733630464
overlay: 32733630464

1735195110
/dev/sda1: 32734638080
overlay: 32734638080

1735195111
/dev/sda1: 32735367168
overlay: 32735367168

1735195112
/dev/sda1: 32735551488
overlay: 32735551488

1735195113
/dev/sda1: 32735625216
overlay: 32735625216

1735195114
/dev/sda1: 32737808384
overlay: 32737808384

1735195115
/dev/sda1: 32740716544
overlay: 32740716544

1735195117
/dev/sda1: 32750309376
overlay: 32750309376

1735195118
/dev/sda1: 32750149632
overlay: 32750149632

1735195119
/dev/sda1: 32750432256
overlay: 32750432256

1735195120
/dev/sda1: 32751407104
overlay: 32751407104

1735195121
/dev/sda1: 32752242688
overlay: 32752242688

1735195122
/dev/sda1: 32752746496
overlay: 32752746496

1735195123
/dev/sda1: 32753008640
overlay: 32753008640

1735195124
/dev/sda1: 32753651712
overlay: 32753651712

1735195125
/dev/sda1: 32755068928
overlay: 32755068928

1735195126
/dev/sda1: 32755367936
overlay: 32755367936

1735195127
/dev/sda1: 32755732480
overlay: 32755732480

1735195129
/dev/sda1: 32756666368
overlay: 32756666368

1735195130
/dev/sda1: 32757047296
overlay: 32757047296

1735195131
/dev/sda1: 32757190656
overlay: 32757190656

1735195132
/dev/sda1: 32757440512
overlay: 32757440512

1735195133
/dev/sda1: 32757592064
overlay: 32757592064

1735195134
/dev/sda1: 32758063104
overlay: 32758063104

1735195135
/dev/sda1: 32758251520
overlay: 32758251520

1735195136
/dev/sda1: 32758501376
overlay: 32758501376

1735195137
/dev/sda1: 32758767616
overlay: 32758767616

1735195138
/dev/sda1: 32758886400
overlay: 32758886400

1735195139
/dev/sda1: 32759209984
overlay: 32759209984

1735195140
/dev/sda1: 32759287808
overlay: 32759287808

1735195141
/dev/sda1: 32759492608
overlay: 32759492608

1735195142
/dev/sda1: 32760139776
overlay: 32760139776

1735195143
/dev/sda1: 32760598528
overlay: 32760598528

1735195144
/dev/sda1: 32760680448
overlay: 32760680448

1735195145
/dev/sda1: 32761077760
overlay: 32761077760

1735195146
/dev/sda1: 32761176064
overlay: 32761176064

1735195147
/dev/sda1: 32761376768
overlay: 32761376768

1735195148
/dev/sda1: 32761528320
overlay: 32761528320

