1735194557
4006768 518016 322712 1558992 0 0

1735194558
4006768 387476 322840 1563476 0 0

1735194559
4006768 369412 322840 1567040 0 0

1735194560
4006768 335344 322848 1578924 0 0

1735194561
4006768 267136 322856 1637232 0 0

1735194562
4006768 238900 322868 1657928 0 0

1735194563
4006768 252264 322888 1665192 0 0

1735194564
4006768 230712 322892 1675384 0 0

1735194565
4006768 228144 322900 1693412 0 0

1735194566
4006768 197720 322940 1706628 0 0

1735194567
4006768 191048 322976 1721536 0 0

1735194568
4006768 117280 323112 1787632 0 0

1735194569
4006768 131324 323188 1779452 0 0

1735194570
4006768 198980 323204 1703688 0 0

1735194571
4006768 188036 323256 1706340 0 0

1735194572
4006768 161928 323260 1720160 0 0

1735194573
4006768 167760 323296 1744452 0 0

1735194574
4006768 136164 323300 1739720 0 0

1735194575
4006768 132036 323596 1751092 0 0

1735194576
4006768 127840 323620 1745204 0 0

1735194577
4006768 146796 323608 1621784 0 0

1735194578
4006768 230096 323636 1634144 0 0

1735194579
4006768 198312 323652 1652208 0 0

1735194580
4006768 183372 323660 1669660 0 0

1735194581
4006768 174168 323660 1685764 0 0

1735194582
4006768 128624 323660 1697692 0 0

1735194583
4006768 125728 323672 1708672 0 0

1735194584
4006768 116504 323672 1720332 0 0

1735194585
4006768 131700 323672 1732972 0 0

1735194586
4006768 108040 323092 1718420 0 0

1735194587
4006768 178952 313480 1658084 0 0

1735194588
4006768 130448 313604 1694272 0 0

1735194589
4006768 115100 308448 1695232 0 0

1735194590
4006768 204072 305372 1606980 0 0

1735194591
4006768 126456 305548 1662952 0 0

1735194592
4006768 112656 302132 1663920 0 0

1735194593
4006768 125724 297624 1658924 0 0

1735194594
4006768 125088 293764 1654408 0 0

1735194595
4006768 116144 289968 1646452 0 0

1735194596
4006768 117772 285996 1639772 0 0

1735194597
4006768 114032 282952 1649980 0 0

1735194599
4006768 118344 280652 1641516 0 0

1735194600
4006768 138676 273424 1626652 0 0

1735194601
4006768 112984 266896 1630784 0 0

1735194602
4006768 170856 264596 1628148 0 0

1735194603
4006768 143676 264668 1659900 0 0

1735194604
4006768 115436 262852 1671644 0 0

1735194605
4006768 136084 262996 1700288 0 0

1735194606
4006768 112584 263024 1724096 0 0

1735194607
4006768 129592 260884 1712568 0 0

1735194609
4006768 130444 261104 1737792 0 0

1735194610
4006768 147996 253044 1703748 0 0

1735194611
4006768 115340 245444 1705368 0 0

1735194612
4006768 117736 242732 1707600 0 0

1735194613
4006768 108548 240168 1694076 0 0

1735194614
4006768 131508 233968 1679576 0 0

1735194615
4006768 174480 234324 1698648 0 0

1735194616
4006768 161932 234532 1710612 0 0

1735194617
4006768 149008 234564 1714616 0 0

1735194618
4006768 130068 228776 1636636 0 0

1735194619
4006768 163652 220788 1569976 0 0

1735194620
4006768 147844 218916 1565388 0 0

1735194621
4006768 178204 210636 1498004 0 0

1735194622
4006768 141068 209900 1495792 0 0

1735194623
4006768 119996 208224 1485244 0 0

1735194624
4006768 170224 201208 1518760 0 0

1735194625
4006768 151624 194136 1466628 0 0

1735194626
4006768 195480 192468 1459808 0 0

1735194627
4006768 158812 191840 1440168 0 0

1735194628
4006768 120068 190188 1422476 0 0

1735194630
4006768 130064 180768 1417572 0 0

1735194631
4006768 113180 175984 1374860 0 0

1735194632
4006768 285192 169676 1314148 0 0

1735194633
4006768 327420 169788 1318212 0 0

1735194634
4006768 251960 170176 1321000 0 0

1735194635
4006768 250668 170260 1363056 0 0

1735194636
4006768 231340 170388 1364632 0 0

1735194637
4006768 164276 170480 1365012 0 0

1735194638
4006768 268556 170584 1368040 0 0

1735194639
4006768 438932 170656 1378748 0 0

1735194640
4006768 403472 170884 1388984 0 0

1735194641
4006768 459488 171232 1414164 0 0

1735194642
4006768 255356 171284 1433532 0 0

1735194643
4006768 175744 171352 1447752 0 0

1735194644
4006768 264268 171372 1452996 0 0

1735194645
4006768 191588 171876 1461316 0 0

1735194646
4006768 112184 170540 1450840 0 0

1735194647
4006768 190528 166956 1416832 0 0

1735194648
4006768 172124 167056 1419116 0 0

1735194649
4006768 378616 167668 1420800 0 0

1735194650
4006768 456428 168492 1422472 0 0

1735194651
4006768 456836 169108 1430612 0 0

1735194652
4006768 409576 169448 1442168 0 0

1735194653
4006768 382840 170300 1450672 0 0

1735194654
4006768 240440 172220 1567376 0 0

1735194655
4006768 154636 172944 1636460 0 0

1735194656
4006768 297344 173460 1646616 0 0

1735194657
4006768 308796 173620 1652336 0 0

1735194658
4006768 294620 173756 1655428 0 0

1735194659
4006768 178356 173936 1660884 0 0

1735194660
4006768 147716 167652 1609556 0 0

1735194661
4006768 118548 164316 1575364 0 0

1735194662
4006768 124828 159056 1523000 0 0

1735194663
4006768 155092 157316 1513660 0 0

1735194664
4006768 228244 156224 1504380 0 0

1735194665
4006768 298864 156380 1505288 0 0

1735194666
4006768 296584 156476 1506076 0 0

1735194667
4006768 289284 156652 1511776 0 0

1735194668
4006768 248332 156812 1518628 0 0

1735194669
4006768 225632 156840 1529856 0 0

1735194670
4006768 214388 156840 1541284 0 0

1735194671
4006768 182188 157048 1553316 0 0

1735194672
4006768 349088 157468 1559064 0 0

1735194673
4006768 356152 157880 1567948 0 0

1735194674
4006768 312120 158144 1575472 0 0

1735194675
4006768 332908 158500 1583984 0 0

1735194676
4006768 299284 158640 1595228 0 0

1735194677
4006768 278472 158900 1606956 0 0

1735194678
4006768 291508 159164 1618160 0 0

1735194679
4006768 261248 159904 1654176 0 0

1735194680
4006768 139648 163100 1759140 0 0

1735194681
4006768 150492 162080 1747424 0 0

1735194682
4006768 125696 162648 1767216 0 0

1735194683
4006768 115528 163548 1780600 0 0

1735194684
4006768 109124 163180 1770852 0 0

1735194685
4006768 170520 162124 1762380 0 0

1735194686
4006768 169200 154660 1679260 0 0

1735194687
4006768 262432 154860 1680872 0 0

1735194688
4006768 239420 155084 1683092 0 0

1735194689
4006768 167816 155428 1700540 0 0

1735194690
4006768 131224 155560 1704128 0 0

1735194691
4006768 150108 152360 1668776 0 0

1735194692
4006768 121860 150624 1646952 0 0

1735194693
4006768 303800 150868 1647920 0 0

1735194694
4006768 309452 151552 1659092 0 0

1735194695
4006768 287260 152096 1661508 0 0

1735194696
4006768 274600 159972 1688116 0 0

1735194697
4006768 246036 162200 1715060 0 0

1735194698
4006768 224472 162400 1717564 0 0

1735194699
4006768 212000 162960 1734028 0 0

1735194700
4006768 200916 163972 1742704 0 0

1735194701
4006768 194676 164756 1757860 0 0

1735194702
4006768 144576 165780 1774040 0 0

1735194703
4006768 118272 163964 1750976 0 0

1735194704
4006768 160768 164164 1763540 0 0

1735194705
4006768 235160 165384 1781876 0 0

1735194706
4006768 111236 165916 1806744 0 0

1735194707
4006768 150824 164136 1785984 0 0

1735194708
4006768 123496 163124 1777520 0 0

1735194709
4006768 131132 163188 1789608 0 0

1735194710
4006768 135564 163236 1801768 0 0

1735194711
4006768 112656 163736 1816648 0 0

1735194712
4006768 124212 161524 1788032 0 0

1735194713
4006768 118852 162088 1807920 0 0

1735194714
4006768 121424 161316 1804348 0 0

1735194715
4006768 292120 159816 1635764 0 0

1735194716
4006768 267556 160068 1649032 0 0

1735194717
4006768 246492 160092 1660672 0 0

1735194718
4006768 264468 160120 1671240 0 0

1735194719
4006768 225408 160212 1684408 0 0

1735194720
4006768 221768 160224 1696524 0 0

1735194721
4006768 217280 160432 1705416 0 0

1735194722
4006768 205496 160532 1719392 0 0

1735194723
4006768 211960 161016 1734992 0 0

1735194724
4006768 143144 161204 1761312 0 0

1735194725
4006768 142176 162100 1796808 0 0

1735194726
4006768 121028 160440 1794844 0 0

1735194727
4006768 122128 160580 1811108 0 0

1735194728
4006768 132564 158528 1798048 0 0

1735194729
4006768 130408 158880 1813036 0 0

1735194730
4006768 153280 157660 1808836 0 0

1735194731
4006768 153024 154720 1798876 0 0

1735194732
4006768 129400 155276 1815052 0 0

1735194734
4006768 142960 153424 1799176 0 0

1735194735
4006768 147676 153548 1800812 0 0

1735194736
4006768 150792 152264 1789392 0 0

1735194737
4006768 119036 152752 1806900 0 0

1735194738
4006768 193004 143876 1724720 0 0

1735194739
4006768 172276 144604 1755004 0 0

1735194740
4006768 143536 144812 1767992 0 0

1735194741
4006768 138712 144916 1779900 0 0

1735194742
4006768 111348 144956 1791164 0 0

1735194743
4006768 147904 141000 1777816 0 0

1735194744
4006768 141048 141184 1792568 0 0

1735194745
4006768 116508 139228 1784388 0 0

1735194746
4006768 113868 139628 1800744 0 0

1735194747
4006768 128220 137224 1789044 0 0

1735194748
4006768 124204 137296 1800800 0 0

1735194749
4006768 169016 135128 1789364 0 0

1735194750
4006768 136344 135656 1805008 0 0

1735194751
4006768 128824 130500 1762396 0 0

1735194752
4006768 121872 128352 1746768 0 0

1735194753
4006768 125740 125080 1704980 0 0

1735194754
4006768 207756 124768 1627836 0 0

1735194755
4006768 201588 124800 1641920 0 0

1735194756
4006768 157612 124828 1656956 0 0

1735194757
4006768 137688 124840 1670332 0 0

1735194758
4006768 147216 124860 1682456 0 0

1735194759
4006768 119472 124936 1696176 0 0

1735194760
4006768 112840 124248 1688512 0 0

1735194761
4006768 128756 118908 1616636 0 0

1735194762
4006768 124504 118952 1628368 0 0

1735194763
4006768 154288 118996 1639448 0 0

1735194764
4006768 145880 119000 1648624 0 0

1735194765
4006768 127156 119000 1655540 0 0

1735194766
4006768 121816 118244 1651448 0 0

1735194767
4006768 154448 118296 1658456 0 0

1735194768
4006768 194104 116612 1588116 0 0

1735194769
4006768 179028 116724 1592560 0 0

1735194770
4006768 184816 116784 1601668 0 0

1735194771
4006768 233696 116868 1608112 0 0

1735194772
4006768 266468 116992 1614316 0 0

1735194773
4006768 235964 117088 1621988 0 0

1735194774
4006768 203828 117224 1628040 0 0

1735194775
4006768 205484 117248 1634768 0 0

1735194776
4006768 128196 117272 1609552 0 0

1735194777
4006768 113384 117268 1594884 0 0

1735194778
4006768 115596 117212 1563504 0 0

1735194779
4006768 241236 117220 1568644 0 0

1735194780
4006768 253308 117324 1578564 0 0

1735194781
4006768 204624 117496 1587108 0 0

1735194782
4006768 197020 117952 1605620 0 0

1735194783
4006768 149904 118100 1617104 0 0

1735194784
4006768 140268 118100 1594208 0 0

1735194785
4006768 170700 118132 1583456 0 0

1735194786
4006768 193840 118168 1584388 0 0

1735194787
4006768 199764 117884 1539932 0 0

1735194788
4006768 221540 117904 1540800 0 0

1735194789
4006768 264004 118052 1543008 0 0

1735194790
4006768 241444 118260 1545336 0 0

1735194791
4006768 259964 118560 1547704 0 0

1735194792
4006768 217976 118656 1548960 0 0

1735194793
4006768 267304 118792 1550696 0 0

1735194794
4006768 260700 118832 1553680 0 0

1735194795
4006768 233252 119044 1555612 0 0

1735194796
4006768 265216 119380 1558348 0 0

1735194797
4006768 242768 119468 1561916 0 0

1735194798
4006768 241920 119516 1564040 0 0

1735194799
4006768 225328 119584 1565152 0 0

1735194800
4006768 199996 120200 1609148 0 0

1735194801
4006768 183356 120372 1610764 0 0

1735194802
4006768 183752 120796 1618852 0 0

1735194803
4006768 202816 120840 1620720 0 0

1735194804
4006768 171200 121248 1630960 0 0

1735194805
4006768 167672 121660 1645596 0 0

1735194806
4006768 154320 121740 1660496 0 0

1735194807
4006768 116600 122460 1659656 0 0

1735194808
4006768 123124 123620 1635452 0 0

1735194809
4006768 134612 129596 1618304 0 0

1735194810
4006768 128216 143340 1596380 0 0

1735194812
4006768 130836 149012 1541572 0 0

1735194813
4006768 119696 149824 1573404 0 0

1735194814
4006768 129812 148596 1564952 0 0

1735194815
4006768 114184 132724 1487272 0 0

1735194816
4006768 299884 126700 1492208 0 0

1735194817
4006768 343136 127388 1515808 0 0

1735194818
4006768 303924 128432 1548716 0 0

1735194819
4006768 220224 128928 1572104 0 0

1735194820
4006768 162388 129488 1598236 0 0

1735194821
4006768 201580 130328 1621540 0 0

1735194822
4006768 140460 130520 1616440 0 0

1735194823
4006768 160956 123472 1623084 0 0

1735194824
4006768 174220 123996 1645284 0 0

1735194825
4006768 141976 124768 1673600 0 0

1735194826
4006768 120176 125648 1701424 0 0

1735194827
4006768 213712 126904 1565708 0 0

1735194828
4006768 181400 127748 1584196 0 0

1735194829
4006768 184452 129204 1620516 0 0

1735194830
4006768 157484 129840 1640576 0 0

1735194831
4006768 114048 130256 1636796 0 0

1735194832
4006768 141988 131372 1651492 0 0

1735194833
4006768 113340 133396 1684448 0 0

1735194834
4006768 226352 134244 1526632 0 0

1735194835
4006768 213492 135784 1562304 0 0

1735194836
4006768 148724 137164 1592104 0 0

1735194837
4006768 172456 134808 1575644 0 0

1735194838
4006768 139640 135424 1578992 0 0

1735194839
4006768 185016 135464 1575344 0 0

1735194840
4006768 203452 136500 1606616 0 0

1735194841
4006768 240248 136012 1537936 0 0

1735194842
4006768 205172 137176 1571216 0 0

1735194843
4006768 206652 138680 1599188 0 0

1735194844
4006768 343216 136536 1441244 0 0

1735194846
4006768 254996 127308 1461644 0 0

1735194847
4006768 353680 123116 1390900 0 0

1735194848
4006768 387900 124448 1424632 0 0

1735194849
4006768 337544 121588 1406616 0 0

1735194850
4006768 378212 120328 1420016 0 0

1735194851
4006768 350452 121072 1425632 0 0

1735194852
4006768 350096 121948 1453688 0 0

1735194853
4006768 352824 122248 1439452 0 0

1735194854
4006768 351592 122252 1439448 0 0

1735194856
4006768 327112 123856 1445772 0 0

1735194857
4006768 316884 124644 1455216 0 0

1735194858
4006768 286264 125684 1469736 0 0

1735194859
4006768 271852 125912 1487960 0 0

1735194860
4006768 275420 126168 1467120 0 0

1735194861
4006768 175744 128208 1493100 0 0

1735194862
4006768 220992 128080 1493972 0 0

1735194863
4006768 228112 127944 1499536 0 0

1735194864
4006768 216976 128284 1558676 0 0

1735194866
4006768 269348 127368 1516960 0 0

1735194867
4006768 225228 127244 1528912 0 0

1735194868
4006768 227988 127908 1556696 0 0

1735194869
4006768 224660 128044 1561772 0 0

1735194870
4006768 181072 128640 1590172 0 0

1735194871
4006768 118584 129480 1596148 0 0

1735194872
4006768 186912 125476 1511356 0 0

1735194873
4006768 199648 126036 1546128 0 0

1735194874
4006768 186696 126568 1574780 0 0

1735194876
4006768 134444 127036 1605424 0 0

1735194878
4006768 234344 124932 1591632 0 0

1735194879
4006768 189696 125748 1624124 0 0

1735194880
4006768 116580 126356 1645948 0 0

1735194881
4006768 193812 127804 1685404 0 0

1735194882
4006768 120464 128444 1720804 0 0

1735194883
4006768 116572 125344 1694308 0 0

1735194884
4006768 107136 125060 1702924 0 0

1735194885
4006768 124084 125012 1695864 0 0

1735194886
4006768 158632 124732 1675828 0 0

1735194887
4006768 188376 124988 1631660 0 0

1735194888
4006768 169704 126068 1647156 0 0

1735194889
4006768 129472 126104 1621672 0 0

1735194890
4006768 129200 126808 1649732 0 0

1735194891
4006768 195840 123920 1566940 0 0

1735194892
4006768 154224 124156 1571048 0 0

1735194893
4006768 123732 123912 1558084 0 0

1735194894
4006768 241580 123792 1535564 0 0

1735194895
4006768 373820 123976 1397732 0 0

1735194897
4006768 322336 125408 1446008 0 0

1735194898
4006768 416048 125168 1406276 0 0

1735194899
4006768 394096 125928 1410860 0 0

1735194900
4006768 451804 125812 1379204 0 0

1735194901
4006768 361716 126424 1384616 0 0

1735194902
4006768 427996 127772 1313396 0 0

1735194903
4006768 470852 129352 1287188 0 0

1735194904
4006768 509424 129352 1273852 0 0

1735194905
4006768 465432 130784 1301692 0 0

1735194906
4006768 461816 131752 1314224 0 0

1735194907
4006768 425468 133516 1336300 0 0

1735194908
4006768 401176 135144 1371880 0 0

1735194909
4006768 364688 135628 1395596 0 0

1735194910
4006768 388308 136120 1373552 0 0

1735194911
4006768 388212 136648 1361428 0 0

1735194912
4006768 386552 137756 1379304 0 0

1735194913
4006768 374728 138532 1379396 0 0

1735194914
4006768 383040 138700 1390608 0 0

1735194915
4006768 378028 139016 1400780 0 0

1735194916
4006768 338744 141212 1418920 0 0

1735194917
4006768 306732 143136 1443216 0 0

1735194918
4006768 229048 144392 1428072 0 0

1735194919
4006768 112892 144432 1427280 0 0

1735194920
4006768 164384 142320 1306164 0 0

1735194922
4006768 136000 142400 1289860 0 0

1735194923
4006768 122004 142656 1283216 0 0

1735194924
4006768 134556 141776 1219976 0 0

1735194925
4006768 162596 141368 1175672 0 0

1735194926
4006768 289188 142208 1177692 0 0

1735194927
4006768 307280 142580 1178648 0 0

1735194928
4006768 257688 142932 1179788 0 0

1735194929
4006768 271936 143128 1181232 0 0

1735194930
4006768 246028 143596 1181904 0 0

1735194931
4006768 216956 143960 1182516 0 0

1735194932
4006768 223816 144168 1184148 0 0

1735194933
4006768 217724 144240 1185180 0 0

1735194934
4006768 205572 145840 1186320 0 0

1735194935
4006768 204532 150392 1186980 0 0

1735194936
4006768 248588 151268 1188424 0 0

1735194937
4006768 260976 151716 1189260 0 0

1735194938
4006768 223832 151964 1190668 0 0

1735194939
4006768 253220 152056 1192376 0 0

1735194940
4006768 146808 152192 1165856 0 0

1735194941
4006768 194180 152212 1166284 0 0

1735194942
4006768 218988 152244 1168212 0 0

1735194943
4006768 195308 152300 1169912 0 0

1735194944
4006768 278408 152924 1172024 0 0

1735194945
4006768 162280 153232 1173964 0 0

1735194946
4006768 156464 153420 1177152 0 0

1735194947
4006768 223576 153880 1180196 0 0

1735194948
4006768 188224 154368 1185176 0 0

1735194949
4006768 188224 155040 1188624 0 0

1735194950
4006768 175704 156296 1190984 0 0

1735194951
4006768 136780 156180 1202180 0 0

1735194952
4006768 164108 156760 1187848 0 0

1735194953
4006768 140868 158420 1194628 0 0

1735194954
4006768 136840 160792 1223060 0 0

1735194955
4006768 110380 162328 1215624 0 0

1735194956
4006768 151588 163768 1217604 0 0

1735194957
4006768 187880 163472 1187536 0 0

1735194958
4006768 162756 163568 1156996 0 0

1735194959
4006768 134620 163956 1165464 0 0

1735194960
4006768 125572 163908 1140736 0 0

1735194961
4006768 142328 164408 1130264 0 0

1735194962
4006768 121360 164416 1131588 0 0

1735194963
4006768 177380 164420 1117492 0 0

1735194964
4006768 260576 164552 1118428 0 0

1735194965
4006768 271968 164636 1119600 0 0

1735194966
4006768 263052 164644 1120252 0 0

1735194967
4006768 234048 164824 1124036 0 0

1735194968
4006768 243152 164856 1125944 0 0

1735194969
4006768 256476 165044 1127264 0 0

1735194970
4006768 291956 165120 1128924 0 0

1735194971
4006768 270168 165704 1131500 0 0

1735194972
4006768 206884 166140 1133672 0 0

1735194973
4006768 244224 167588 1136044 0 0

1735194974
4006768 245012 167600 1137164 0 0

1735194975
4006768 269212 167748 1137652 0 0

1735194976
4006768 617980 167760 1138316 0 0

1735194977
4006768 383456 167892 1140024 0 0

1735194978
4006768 150000 167928 1142220 0 0

1735194979
4006768 212504 167144 1046488 0 0

1735194980
4006768 399016 167216 1046760 0 0

1735194981
4006768 250388 167248 1047728 0 0

1735194982
4006768 322804 167284 1048864 0 0

1735194983
4006768 294700 167316 1050336 0 0

1735194984
4006768 378380 167340 1051784 0 0

1735194985
4006768 306036 167348 1052084 0 0

1735194986
4006768 597768 167476 1060088 0 0

1735194987
4006768 415896 167540 1059876 0 0

1735194988
4006768 352672 173176 1061864 0 0

1735194989
4006768 403212 178896 1064672 0 0

1735194990
4006768 271644 179048 1065256 0 0

1735194991
4006768 228532 179140 1067100 0 0

1735194992
4006768 210616 179260 1068016 0 0

1735194993
4006768 108552 179020 1006120 0 0

1735194994
4006768 278712 178784 959460 0 0

1735194995
4006768 250284 178796 960172 0 0

1735194996
4006768 283412 178808 961492 0 0

1735194997
4006768 431224 178816 960704 0 0

1735194998
4006768 667224 178828 961996 0 0

1735194999
4006768 362988 178832 961924 0 0

1735195000
4006768 396352 179436 962684 0 0

1735195001
4006768 483648 179440 963884 0 0

1735195002
4006768 512288 179440 965592 0 0

1735195003
4006768 531952 179448 966720 0 0

1735195004
4006768 438512 179460 967620 0 0

1735195005
4006768 271164 179460 968576 0 0

1735195006
4006768 492404 179460 968368 0 0

1735195007
4006768 412832 179472 970496 0 0

1735195008
4006768 244476 179496 971736 0 0

1735195009
4006768 265824 179500 972348 0 0

1735195010
4006768 272828 179500 972624 0 0

1735195011
4006768 382792 179500 973916 0 0

1735195012
4006768 297984 179500 973288 0 0

1735195013
4006768 561788 179508 975300 0 0

1735195014
4006768 630172 179520 976140 0 0

1735195015
4006768 494388 179520 976244 0 0

1735195016
4006768 426632 179520 976224 0 0

1735195017
4006768 454312 179524 976232 0 0

1735195018
4006768 487764 179524 976700 0 0

1735195019
4006768 579460 179540 976764 0 0

1735195020
4006768 441600 179540 976940 0 0

1735195021
4006768 599324 179540 978380 0 0

1735195022
4006768 666240 179540 979888 0 0

1735195023
4006768 819344 179572 981484 0 0

1735195024
4006768 663432 179596 984276 0 0

1735195025
4006768 802080 179600 985040 0 0

1735195026
4006768 729832 179720 986844 0 0

1735195027
4006768 798204 179732 986748 0 0

1735195028
4006768 792840 179748 988004 0 0

1735195029
4006768 804812 179764 988520 0 0

1735195030
4006768 795996 179804 989360 0 0

1735195031
4006768 688840 180476 994680 0 0

1735195032
4006768 704064 180596 998224 0 0

1735195033
4006768 713232 180632 1002864 0 0

1735195034
4006768 732112 180656 1006116 0 0

1735195035
4006768 757640 180680 1008452 0 0

1735195036
4006768 598576 180900 1011380 0 0

1735195037
4006768 514728 180924 1012428 0 0

1735195038
4006768 647436 181176 1014308 0 0

1735195039
4006768 625912 181460 1017260 0 0

1735195040
4006768 711496 181568 1018404 0 0

1735195041
4006768 635688 181620 1023404 0 0

1735195042
4006768 602932 181880 1026100 0 0

1735195043
4006768 625740 181880 1026548 0 0

1735195044
4006768 605524 181892 1026772 0 0

1735195045
4006768 735188 181892 1029464 0 0

1735195046
4006768 709476 181892 1029804 0 0

1735195047
4006768 721932 183076 1035240 0 0

1735195048
4006768 586632 186200 1035736 0 0

1735195049
4006768 633892 187084 1038500 0 0

1735195053
4006768 235240 190896 1054292 0 0

1735195054
4006768 376504 190908 1055948 0 0

1735195055
4006768 496348 191448 1061040 0 0

1735195056
4006768 561412 192208 1065644 0 0

1735195057
4006768 500716 192268 1070184 0 0

1735195058
4006768 569908 192344 1074312 0 0

1735195059
4006768 550032 192396 1078256 0 0

1735195060
4006768 527164 192472 1078756 0 0

1735195061
4006768 563696 192548 1081960 0 0

1735195062
4006768 504772 192608 1083364 0 0

1735195063
4006768 501656 192680 1083768 0 0

1735195064
4006768 414788 193444 1100588 0 0

1735195065
4006768 476012 196624 1156104 0 0

1735195066
4006768 503720 196752 1158316 0 0

1735195067
4006768 466808 196820 1161304 0 0

1735195068
4006768 483780 197212 1163284 0 0

1735195069
4006768 471920 198428 1188372 0 0

1735195070
4006768 403444 198896 1190464 0 0

1735195071
4006768 358000 200096 1194512 0 0

1735195072
4006768 445772 201176 1204488 0 0

1735195073
4006768 345448 202112 1211092 0 0

1735195074
4006768 235360 202676 1220492 0 0

1735195075
4006768 243076 202868 1224504 0 0

1735195076
4006768 337672 202900 1227168 0 0

1735195077
4006768 289972 202912 1228780 0 0

1735195078
4006768 164472 202948 1231016 0 0

1735195079
4006768 254560 202992 1204736 0 0

1735195080
4006768 136580 203016 1192688 0 0

1735195081
4006768 250856 203236 1166640 0 0

1735195082
4006768 171716 203260 1168280 0 0

1735195083
4006768 174808 203480 1162768 0 0

1735195084
4006768 335484 203548 1163584 0 0

1735195085
4006768 463916 203596 1168524 0 0

1735195086
4006768 475096 203644 1170260 0 0

1735195087
4006768 387704 203836 1191280 0 0

1735195088
4006768 288528 204000 1194660 0 0

1735195089
4006768 242768 204192 1199232 0 0

1735195090
4006768 209488 204492 1201520 0 0

1735195091
4006768 281188 204776 1216112 0 0

1735195092
4006768 109784 204596 1092060 0 0

1735195093
4006768 110296 204500 928416 0 0

1735195094
4006768 132040 201628 753624 0 0

1735195095
4006768 224832 201632 757248 0 0

1735195096
4006768 118296 194980 676244 0 0

1735195097
4006768 444608 195012 675812 0 0

1735195098
4006768 366380 195052 676404 0 0

1735195099
4006768 162500 195052 674336 0 0

1735195100
4006768 300904 164372 579244 0 0

1735195101
4006768 823032 164528 588812 0 0

1735195102
4006768 837868 164768 592444 0 0

1735195103
4006768 794476 164796 592992 0 0

1735195104
4006768 978060 164844 596064 0 0

1735195105
4006768 948412 164932 597596 0 0

1735195106
4006768 940624 164960 603548 0 0

1735195107
4006768 1143752 164980 604228 0 0

1735195108
4006768 1140260 165216 607528 0 0

1735195109
4006768 1066508 165228 609120 0 0

1735195110
4006768 868188 165232 610544 0 0

1735195111
4006768 551348 165244 612184 0 0

1735195112
4006768 238788 165248 612432 0 0

1735195113
4006768 123896 165192 580968 0 0

1735195114
4006768 391564 165196 584036 0 0

1735195115
4006768 696260 165204 587244 0 0

1735195116
4006768 378884 165208 587900 0 0

1735195117
4006768 487396 165264 597472 0 0

1735195118
4006768 630392 165292 603096 0 0

1735195119
4006768 360820 165304 605508 0 0

1735195120
4006768 164404 165328 607376 0 0

1735195121
4006768 181704 165084 505220 0 0

1735195122
4006768 127300 165044 433000 0 0

1735195123
4006768 111084 153064 345592 0 0

1735195124
4006768 262588 116968 312556 0 0

1735195125
4006768 240588 117472 315472 0 0

1735195126
4006768 105368 116876 313268 0 0

1735195127
4006768 164312 91620 288756 0 0

1735195128
4006768 221180 65084 230616 0 0

1735195129
4006768 192668 65088 232452 0 0

1735195130
4006768 313912 65096 233376 0 0

1735195131
4006768 118588 56860 216508 0 0

1735195132
4006768 376860 22668 156324 0 0

1735195133
4006768 299304 23160 157324 0 0

1735195134
4006768 567836 23176 157624 0 0

1735195135
4006768 584116 23180 158500 0 0

1735195136
4006768 587464 23348 168120 0 0

1735195137
4006768 409188 23596 180564 0 0

1735195138
4006768 300600 23608 185920 0 0

1735195139
4006768 291244 23608 186168 0 0

1735195140
4006768 123776 23612 189120 0 0

1735195141
4006768 297948 13448 183396 0 0

1735195142
4006768 520828 13616 192688 0 0

1735195143
4006768 335888 13812 194508 0 0

1735195144
4006768 228900 13952 195040 0 0

1735195145
4006768 408504 13964 196196 0 0

1735195146
4006768 228116 13972 196624 0 0

1735195147
4006768 120508 6116 177924 0 0

1735195148
4006768 121648 5780 115108 0 0

1735195366
4006768 113744 1052 68508 0 0

1735195439
4006768 109236 636 49688 0 0

1735196837
4006768 91308 452 49528 0 0

