1735194558
0.5633626097867002 0.2547051442910916 0.06649937264742785

1735194559
0.13861386138613863 0.07673267326732673 0.022277227722772276

1735194560
0.14232209737827714 0.11235955056179775 0.026217228464419477

1735194561
0.43820224719101125 0.2184769038701623 0.10237203495630462

1735194562
0.37346437346437344 0.20393120393120392 0.20024570024570024

1735194563
0.22347066167290885 0.1560549313358302 0.13607990012484394

1735194564
0.34711779448621555 0.20300751879699247 0.0037593984962406013

1735194565
0.36981132075471695 0.20251572327044026 0.0012578616352201257

1735194566
0.29197994987468673 0.29949874686716793 0.02631578947368421

1735194567
0.4767879548306148 0.2258469259723965 0.013801756587202008

1735194568
0.41435768261964734 0.2506297229219144 0.1473551637279597

1735194569
0.4475703324808184 0.37084398976982097 0.054987212276214836

1735194570
0.48792884371029227 0.34815756035578144 0.062261753494282084

1735194571
0.43522012578616354 0.2880503144654088 0.07421383647798742

1735194572
0.4527112232030265 0.33039092055485497 0.006305170239596469

1735194573
0.2722710163111669 0.19071518193224593 0.22208281053952322

1735194574
0.43308080808080807 0.2159090909090909 0.10858585858585859

1735194575
0.33500627352572143 0.17440401505646172 0.12672521957340024

1735194576
0.35031055900621116 0.2248447204968944 0.040993788819875775

1735194577
0.6966292134831461 0.1972534332084894 0.00749063670411985

1735194578
0.5 0.1658354114713217 0.028678304239401497

1735194579
0.28004956629491945 0.20322180916976457 0.006195786864931847

1735194580
0.2371007371007371 0.17076167076167076 0.13513513513513514

1735194581
0.18238213399503722 0.17866004962779156 0.15260545905707196

1735194582
0.19254658385093168 0.1267080745341615 0.14285714285714285

1735194583
0.0530209617755857 0.07398273736128237 0.3563501849568434

1735194584
0.18392204628501826 0.15347137637028013 0.25943970767356883

1735194585
0.20613496932515338 0.1521472392638037 0.26993865030674846

1735194586
0.23587223587223588 0.1855036855036855 0.14864864864864866

1735194587
0.17206982543640897 0.17331670822942644 0.08104738154613467

1735194588
0.0675 0.065 0.4025

1735194589
0.09811320754716982 0.10314465408805032 0.3484276729559748

1735194590
0.07196969696969698 0.07323232323232323 0.3345959595959596

1735194591
0.13114754098360656 0.11979823455233292 0.3026481715006305

1735194592
0.08883248730964467 0.09771573604060914 0.4213197969543147

1735194593
0.045627376425855515 0.07477820025348543 0.48542458808618505

1735194594
0.10292249047013977 0.10165184243964422 0.4104193138500635

1735194595
0.09266409266409266 0.07979407979407979 0.42084942084942084

1735194596
0.09284818067754078 0.09912170639899624 0.4077791718946048

1735194597
0.20322180916976457 0.09789343246592318 0.35315985130111527

1735194599
0.38553191489361704 0.06042553191489362 0.4076595744680851

1735194600
0.2058526740665994 0.09788092835519677 0.4772956609485368

1735194601
0.05108055009823183 0.055992141453831044 0.4793713163064833

1735194602
0.045 0.0675 0.535

1735194603
0.12280701754385964 0.11278195488721804 0.37218045112781956

1735194604
0.0906832298136646 0.14161490683229813 0.40248447204968946

1735194605
0.14762516046213095 0.09370988446726572 0.5096277278562259

1735194606
0.2644110275689223 0.12781954887218044 0.3107769423558897

1735194607
0.09746192893401015 0.026395939086294416 0.5289340101522843

1735194609
0.20528455284552846 0.09146341463414634 0.4176829268292683

1735194610
0.23722627737226276 0.10218978102189781 0.3126520681265207

1735194611
0.13923013923013924 0.07452907452907453 0.3882063882063882

1735194612
0.08087291399229782 0.07188703465982028 0.540436456996149

1735194613
0.302915082382763 0.08238276299112801 0.4207858048162231

1735194614
0.5444162436548223 0.12055837563451777 0.24111675126903553

1735194615
0.43036386449184444 0.09410288582183186 0.2823086574654956

1735194616
0.2140221402214022 0.16359163591635917 0.24846248462484624

1735194617
0.07924528301886792 0.042767295597484274 0.5836477987421383

1735194618
0.4443069306930693 0.17698019801980197 0.2301980198019802

1735194619
0.8714107365792759 0.11735330836454431 0.004993757802746567

1735194620
0.868421052631579 0.13032581453634084 0.0012531328320802004

1735194621
0.90375 0.09625 0.0

1735194622
0.8965952080706179 0.1021437578814628 0.0012610340479192938

1735194623
0.890818858560794 0.08933002481389578 0.0037220843672456576

1735194624
0.8439450686641697 0.1560549313358302 0.0

1735194625
0.8655778894472361 0.13442211055276382 0.0

1735194626
0.8980099502487562 0.10074626865671642 0.0012437810945273632

1735194627
0.8729763387297634 0.12702366127023662 0.0

1735194628
0.8333333333333334 0.0761904761904762 0.09047619047619047

1735194630
0.8243933588761175 0.11749680715197956 0.0491698595146871

1735194631
0.875 0.125 0.0

1735194632
0.912826899128269 0.08717310087173101 0.0

1735194633
0.8907035175879398 0.10678391959798995 0.002512562814070352

1735194634
0.8898623279098874 0.11013767209011265 0.0

1735194635
0.8695652173913043 0.12919254658385093 0.0012422360248447205

1735194636
0.8983688833124216 0.10163111668757842 0.0

1735194637
0.9173967459324155 0.08260325406758448 0.0

1735194638
0.8423028785982478 0.11639549436795996 0.023779724655819776

1735194639
0.5012468827930174 0.1483790523690773 0.07356608478802992

1735194640
0.4882280049566295 0.15613382899628253 0.02973977695167286

1735194641
0.4748743718592965 0.2236180904522613 0.10175879396984924

1735194642
0.7957393483709273 0.19298245614035087 0.007518796992481203

1735194643
0.8555417185554172 0.1432129514321295 0.0

1735194644
0.8660826032540676 0.13141426783479349 0.0

1735194645
0.878140703517588 0.12185929648241206 0.0

1735194646
0.89375 0.10625 0.0

1735194647
0.8876404494382022 0.10112359550561797 0.008739076154806492

1735194648
0.8701622971285893 0.12983770287141075 0.0

1735194649
0.7872340425531915 0.18272841051314143 0.025031289111389236

1735194650
0.6721105527638191 0.2449748743718593 0.0037688442211055275

1735194651
0.6256345177664975 0.23730964467005075 0.011421319796954314

1735194652
0.45603015075376885 0.20351758793969849 0.09673366834170855

1735194653
0.49002493765586036 0.20698254364089774 0.10349127182044887

1735194654
0.35365853658536583 0.2121951219512195 0.2475609756097561

1735194655
0.389937106918239 0.1610062893081761 0.30943396226415093

1735194656
0.37926675094816686 0.23640960809102401 0.1845764854614412

1735194657
0.3493064312736444 0.3669609079445145 0.10466582597730138

1735194658
0.1884422110552764 0.19472361809045227 0.33291457286432163

1735194659
0.5619524405506884 0.21401752190237797 0.10638297872340426

1735194660
0.8377028714107366 0.16104868913857678 0.0

1735194661
0.8560700876095119 0.1439299123904881 0.0

1735194662
0.8717310087173101 0.11955168119551682 0.008717310087173101

1735194663
0.8745294855708908 0.12547051442910917 0.0

1735194664
0.8525 0.14625 0.0

1735194665
0.44862385321100917 0.05688073394495413 0.3110091743119266

1735194666
0.38461538461538464 0.2145748987854251 0.1700404858299595

1735194667
0.3954943679599499 0.20400500625782228 0.22403003754693368

1735194668
0.3570536828963795 0.14606741573033707 0.22347066167290885

1735194669
0.2455919395465995 0.12846347607052896 0.21914357682619648

1735194670
0.218249075215783 0.11097410604192355 0.26633785450061653

1735194671
0.2636103151862464 0.10315186246418338 0.3046800382043935

1735194672
0.13303437967115098 0.07772795216741404 0.547085201793722

1735194673
0.48424068767908307 0.21060171919770773 0.06876790830945559

1735194674
0.6063291139240506 0.28227848101265823 0.012658227848101266

1735194675
0.43407960199004975 0.19651741293532338 0.01616915422885572

1735194676
0.4691823899371069 0.18364779874213835 0.0025157232704402514

1735194677
0.44388398486759145 0.1853720050441362 0.006305170239596469

1735194678
0.5659203980099502 0.2027363184079602 0.009950248756218905

1735194679
0.46057571964956195 0.1964956195244055 0.04630788485607009

1735194680
0.4440251572327044 0.2540880503144654 0.05786163522012579

1735194681
0.3634085213032581 0.15914786967418545 0.16666666666666666

1735194682
0.4722222222222222 0.2904040404040404 0.026515151515151516

1735194683
0.45663265306122447 0.30994897959183676 0.039540816326530615

1735194684
0.43370508054522927 0.23915737298636927 0.11771995043370508

1735194685
0.3046192259675406 0.18851435705368288 0.2546816479400749

1735194686
0.726474278544542 0.2547051442910916 0.012547051442910916

1735194687
0.8121890547263682 0.1865671641791045 0.0

1735194688
0.78375 0.21625 0.0

1735194689
0.8345864661654135 0.15037593984962405 0.005012531328320802

1735194690
0.8655778894472361 0.12939698492462312 0.0

1735194691
0.8195488721804511 0.16917293233082706 0.0012531328320802004

1735194692
0.7822277847309136 0.19774718397997496 0.0037546933667083854

1735194693
0.6875784190715182 0.191969887076537 0.006273525721455458

1735194694
0.5755305867665418 0.34207240948813983 0.006242197253433208

1735194695
0.5944584382871536 0.2682619647355164 0.008816120906801008

1735194696
0.5746835443037974 0.32531645569620254 0.002531645569620253

1735194697
0.5253807106598984 0.32741116751269034 0.017766497461928935

1735194698
0.4269521410579345 0.18765743073047858 0.29974811083123426

1735194699
0.638676844783715 0.26717557251908397 0.029262086513994912

1735194700
0.5377833753148614 0.2682619647355164 0.0163727959697733

1735194701
0.5670886075949367 0.2911392405063291 0.0379746835443038

1735194702
0.5643939393939394 0.2601010101010101 0.10984848484848485

1735194703
0.2518891687657431 0.1309823677581864 0.40302267002518893

1735194704
0.4107365792759051 0.22846441947565543 0.19101123595505617

1735194705
0.5082592121982211 0.3062261753494282 0.07750952986022872

1735194706
0.5556962025316455 0.2683544303797468 0.06455696202531645

1735194707
0.410288582183187 0.23086574654956085 0.10915934755332497

1735194708
0.17763975155279504 0.11428571428571428 0.2236024844720497

1735194709
0.199252801992528 0.10087173100871731 0.1506849315068493

1735194710
0.24691358024691357 0.18518518518518517 0.05555555555555555

1735194711
0.3742255266418835 0.24039653035935563 0.01982651796778191

1735194712
0.2088998763906057 0.18294190358467244 0.054388133498145856

1735194713
0.36711990111248455 0.17676143386897405 0.0407911001236094

1735194714
0.28268991282689915 0.15442092154420922 0.048567870485678705

1735194715
0.16522811344019728 0.21085080147965474 0.08014796547472257

1735194716
0.2343558282208589 0.12883435582822086 0.08957055214723926

1735194717
0.11757425742574257 0.07673267326732673 0.1782178217821782

1735194718
0.23076923076923078 0.08188585607940446 0.1774193548387097

1735194719
0.36991368680641185 0.10974106041923551 0.1159062885326757

1735194720
0.2853628536285363 0.07134071340713408 0.16359163591635917

1735194721
0.3054187192118227 0.09359605911330049 0.21798029556650247

1735194722
0.32521315468940315 0.11693057247259439 0.1705237515225335

1735194723
0.3754646840148699 0.18463444857496902 0.11648079306071871

1735194724
0.44597989949748745 0.15577889447236182 0.0037688442211055275

1735194725
0.43333333333333335 0.17777777777777778 0.01728395061728395

1735194726
0.36363636363636365 0.20833333333333334 0.005050505050505051

1735194727
0.2871287128712871 0.18935643564356436 0.022277227722772276

1735194728
0.2956521739130435 0.22857142857142856 0.08074534161490683

1735194729
0.3165829145728643 0.20728643216080403 0.03015075376884422

1735194730
0.3829296424452134 0.17301038062283736 0.12918108419838523

1735194731
0.4072657743785851 0.2179732313575526 0.08221797323135756

1735194732
0.29234629861982436 0.14052697616060225 0.09661229611041405

1735194734
0.351431391905232 0.2063178677196446 0.0947680157946693

1735194735
0.24446902654867256 0.18915929203539822 0.19579646017699115

1735194736
0.1923536439665472 0.14814814814814814 0.21505376344086022

1735194737
0.29947089947089944 0.17671957671957672 0.012698412698412698

1735194738
0.43929912390488113 0.2565707133917397 0.02753441802252816

1735194739
0.41331658291457285 0.17462311557788945 0.020100502512562814

1735194740
0.4779874213836478 0.17861635220125785 0.0025157232704402514

1735194741
0.23707440100882723 0.18032786885245902 0.0

1735194742
0.17314930991217065 0.15934755332496864 0.0012547051442910915

1735194743
0.2926208651399491 0.17938931297709923 0.027989821882951654

1735194744
0.26256281407035176 0.21733668341708542 0.031407035175879394

1735194745
0.32954545454545453 0.2537878787878788 0.013888888888888888

1735194746
0.3240857503152585 0.223203026481715 0.0403530895334174

1735194747
0.29316770186335406 0.17515527950310558 0.16273291925465838

1735194748
0.13357843137254902 0.1482843137254902 0.3590686274509804

1735194749
0.2078239608801956 0.15036674816625917 0.16992665036674817

1735194750
0.22926829268292684 0.13414634146341464 0.2097560975609756

1735194751
0.2829028290282903 0.12177121771217712 0.21033210332103322

1735194752
0.17249698431845598 0.11459589867310012 0.158021712907117

1735194753
0.27439024390243905 0.08536585365853659 0.1573170731707317

1735194754
0.4774665042630938 0.09622411693057248 0.0060901339829476245

1735194755
0.3526510480887793 0.10727496917385944 0.0

1735194756
0.548306148055207 0.14303638644918445 0.005018820577164366

1735194757
0.5685785536159601 0.13092269326683292 0.0

1735194758
0.5831295843520783 0.10513447432762836 0.0024449877750611247

1735194759
0.5432873274780426 0.18193224592220827 0.0012547051442910915

1735194760
0.6666666666666666 0.14411027568922305 0.02756892230576441

1735194761
0.58875 0.13625 0.05875

1735194762
0.5955056179775281 0.11735330836454431 0.056179775280898875

1735194763
0.5288944723618091 0.18216080402010051 0.08793969849246232

1735194764
0.5580808080808081 0.26515151515151514 0.02904040404040404

1735194765
0.35069885641677256 0.22363405336721728 0.17534942820838628

1735194766
0.45949367088607596 0.22531645569620254 0.15063291139240506

1735194767
0.43929912390488113 0.23404255319148937 0.1414267834793492

1735194768
0.48064918851435706 0.23720349563046192 0.14357053682896379

1735194769
0.4993757802746567 0.2759051186017478 0.14107365792759052

1735194770
0.5969773299748111 0.21788413098236775 0.07682619647355164

1735194771
0.5166240409207161 0.26342710997442453 0.008951406649616368

1735194772
0.42820838627700125 0.4167725540025413 0.0025412960609911056

1735194773
0.4523809523809524 0.37844611528822053 0.02631578947368421

1735194774
0.4305555555555556 0.4128787878787879 0.010101010101010102

1735194775
0.3470661672908864 0.4444444444444444 0.0024968789013732834

1735194776
0.5069356872635561 0.3770491803278688 0.013871374527112233

1735194777
0.7927590511860175 0.20474406991260924 0.0

1735194778
0.7925 0.2075 0.0

1735194779
0.5151133501259446 0.3916876574307305 0.010075566750629723

1735194780
0.5146124523506989 0.3392630241423126 0.01397712833545108

1735194781
0.49550706033376124 0.22593068035943517 0.10141206675224647

1735194782
0.6737766624843162 0.3074027603513174 0.0037641154328732747

1735194783
0.71375 0.28 0.00125

1735194784
0.73875 0.26125 0.0

1735194785
0.7490636704119851 0.250936329588015 0.0

1735194786
0.8244084682440846 0.17434620174346202 0.0

1735194787
0.8728179551122195 0.12718204488778054 0.0

1735194788
0.8720200752823086 0.12797992471769135 0.0

1735194789
0.797979797979798 0.19823232323232323 0.0

1735194790
0.7196495619524406 0.2690863579474343 0.0

1735194791
0.788293897882939 0.20921544209215442 0.0012453300124533001

1735194792
0.783375314861461 0.20906801007556675 0.0

1735194793
0.85625 0.14 0.00125

1735194794
0.7562814070351759 0.22236180904522612 0.0

1735194795
0.7493702770780857 0.21914357682619648 0.0012594458438287153

1735194796
0.739294710327456 0.24055415617128464 0.0012594458438287153

1735194797
0.7368421052631579 0.24060150375939848 0.002506265664160401

1735194798
0.58898847631242 0.323943661971831 0.02176696542893726

1735194799
0.6915297092288243 0.24905183312262957 0.0037926675094816687

1735194800
0.6973518284993695 0.23707440100882723 0.031525851197982346

1735194801
0.6273764258555133 0.30164765525982257 0.008871989860583017

1735194802
0.670468948035488 0.27756653992395436 0.0076045627376425855

1735194803
0.582798459563543 0.30166880616174585 0.010269576379974325

1735194804
0.6327827191867853 0.3138500635324015 0.005082592121982211

1735194805
0.4873417721518987 0.2810126582278481 0.15316455696202533

1735194806
0.28732747804265996 0.25972396486825594 0.2521957340025094

1735194807
0.3244949494949495 0.3143939393939394 0.16792929292929293

1735194808
0.1771356783919598 0.2814070351758794 0.32663316582914576

1735194809
0.41709183673469385 0.30739795918367346 0.125

1735194810
0.2943305186972256 0.2243667068757539 0.31242460796139926

1735194812
0.2774451097804391 0.2102461743180306 0.31869594145043245

1735194813
0.0625 0.03625 0.545

1735194814
0.03184713375796178 0.04076433121019108 0.664968152866242

1735194815
0.37012987012987014 0.08181818181818182 0.41688311688311686

1735194816
0.07215189873417721 0.056962025316455694 0.7417721518987341

1735194817
0.21979434447300772 0.08997429305912596 0.5437017994858612

1735194818
0.4691823899371069 0.31949685534591193 0.15723270440251572

1735194819
0.6010165184243964 0.37738246505717915 0.020330368487928845

1735194820
0.6595477386934674 0.31909547738693467 0.016331658291457288

1735194821
0.6297229219143576 0.3337531486146096 0.022670025188916875

1735194822
0.6951066499372648 0.28983688833124216 0.011292346298619825

1735194823
0.6210392902408112 0.3472750316856781 0.025348542458808618

1735194824
0.3850063532401525 0.2770012706480305 0.33163913595933925

1735194825
0.41968911917098445 0.2759067357512953 0.18652849740932642

1735194826
0.15344603381014305 0.08972691807542263 0.6046814044213265

1735194827
0.5734355044699873 0.31417624521072796 0.07535121328224777

1735194828
0.25605095541401274 0.1681528662420382 0.4535031847133758

1735194829
0.35964912280701755 0.24686716791979949 0.37593984962406013

1735194830
0.5642317380352645 0.4181360201511335 0.012594458438287154

1735194831
0.5658720200752823 0.4203262233375157 0.0075282308657465494

1735194832
0.5544303797468354 0.41139240506329117 0.024050632911392405

1735194833
0.22054665409990576 0.09519321394910461 0.5636192271442035

1735194834
0.31844660194174756 0.2621359223300971 0.3339805825242718

1735194835
0.47081218274111675 0.3223350253807107 0.1218274111675127

1735194836
0.46954314720812185 0.3362944162436548 0.1484771573604061

1735194837
0.6445556946182729 0.35544430538172717 0.0

1735194838
0.34026465028355385 0.19659735349716445 0.4612476370510397

1735194839
0.26605504587155965 0.24403669724770644 0.48623853211009177

1735194840
0.5216836734693877 0.3903061224489796 0.05357142857142857

1735194841
0.42929936305732486 0.33503184713375794 0.17579617834394903

1735194842
0.39514066496163686 0.32864450127877237 0.19053708439897699

1735194843
0.16281512605042017 0.10189075630252101 0.4852941176470588

1735194844
0.034074074074074076 0.08148148148148149 0.7659259259259259

1735194846
0.35566037735849054 0.3311320754716981 0.2169811320754717

1735194847
0.5701394585726005 0.2059064807219032 0.19360131255127153

1735194848
0.19452590420332355 0.15542521994134897 0.4731182795698925

1735194849
0.558303886925795 0.42226148409893993 0.015901060070671377

1735194850
0.4943109987357775 0.3173198482932996 0.10872313527180784

1735194851
0.5489199491740788 0.17153748411689962 0.17662007623888182

1735194852
0.14980793854033292 0.18309859154929578 0.5211267605633803

1735194853
0.1159502262443439 0.11368778280542986 0.19796380090497737

1735194854
0.0 1.0 0.0

1735194856
0.2858176555716353 0.243849493487699 0.2590448625180897

1735194857
0.3508322663252241 0.24839948783610755 0.2266325224071703

1735194858
0.16538461538461538 0.09487179487179487 0.6256410256410256

1735194859
0.11363636363636363 0.041666666666666664 0.7664141414141414

1735194860
0.18853503184713377 0.1592356687898089 0.4445859872611465

1735194861
0.31887755102040816 0.14668367346938777 0.4017857142857143

1735194862
0.601010101010101 0.050505050505050504 0.21464646464646464

1735194863
0.320659062103929 0.08111533586818757 0.3776932826362484

1735194864
0.15098634294385432 0.09028831562974203 0.5918057663125948

1735194866
0.1965065502183406 0.17612809315866085 0.4672489082969432

1735194867
0.13043478260869565 0.1584852734922861 0.43548387096774194

1735194868
0.17302798982188294 0.09541984732824428 0.47837150127226463

1735194869
0.0967741935483871 0.08064516129032258 0.5397022332506204

1735194870
0.31994818652849744 0.30569948186528495 0.2422279792746114

1735194871
0.5057034220532319 0.2623574144486692 0.16603295310519645

1735194872
0.7815656565656566 0.20833333333333334 0.007575757575757576

1735194873
0.6302382908792111 0.13968775677896467 0.20213640098603122

1735194874
0.3994708994708995 0.1455026455026455 0.3783068783068783

1735194876
0.7872146118721461 0.19817351598173516 0.00821917808219178

1735194878
0.6666666666666666 0.1703056768558952 0.09606986899563319

1735194879
0.1575492341356674 0.0886214442013129 0.44091903719912473

1735194880
0.21888412017167383 0.1630901287553648 0.43061516452074394

1735194881
0.32349165596919127 0.21822849807445444 0.3119383825417201

1735194882
0.31994818652849744 0.19041450777202074 0.33549222797927464

1735194883
0.29224904701397714 0.16518424396442186 0.3799237611181703

1735194884
0.18575063613231552 0.12468193384223919 0.4770992366412214

1735194885
0.02311111111111111 0.014222222222222223 0.7413333333333333

1735194886
0.1879049676025918 0.19222462203023757 0.4060475161987041

1735194887
0.24967824967824967 0.15958815958815958 0.3758043758043758

1735194888
0.20155038759689922 0.17054263565891473 0.3863049095607235

1735194889
0.22639068564036222 0.0944372574385511 0.4411384217335058

1735194890
0.2506493506493506 0.13766233766233765 0.35974025974025975

1735194891
0.3049095607235142 0.13565891472868216 0.417312661498708

1735194892
0.21739130434782608 0.07544757033248081 0.4462915601023018

1735194893
0.23385012919896642 0.07235142118863049 0.4405684754521964

1735194894
0.16688396349413298 0.12646675358539766 0.41851368970013036

1735194895
0.04720496894409938 0.058385093167701865 0.7366459627329193

1735194897
0.2056921086675291 0.11448900388098318 0.48641655886157825

1735194898
0.17237008871989862 0.18124207858048164 0.43979721166032953

1735194899
0.1434010152284264 0.1065989847715736 0.618020304568528

1735194900
0.11194029850746269 0.07338308457711443 0.6057213930348259

1735194901
0.3622641509433962 0.2037735849056604 0.3220125786163522

1735194902
0.6930817610062893 0.2540880503144654 0.0389937106918239

1735194903
0.3670886075949367 0.10669077757685352 0.3471971066907776

1735194904
0.04897959183673469 0.03877551020408163 0.6265306122448979

1735194905
0.30112923462986196 0.17691342534504392 0.3588456712672522

1735194906
0.25605095541401274 0.1643312101910828 0.3019108280254777

1735194907
0.2707535121328225 0.1583652618135377 0.351213282247765

1735194908
0.25096525096525096 0.14157014157014158 0.35006435006435005

1735194909
0.15404040404040403 0.08585858585858586 0.5378787878787878

1735194910
0.14634146341463414 0.19383825417201542 0.49037227214377405

1735194911
0.1524547803617571 0.14470284237726097 0.49870801033591733

1735194912
0.12467532467532468 0.19350649350649352 0.4675324675324675

1735194913
0.13932291666666666 0.18489583333333334 0.4674479166666667

1735194914
0.048407643312101914 0.05732484076433121 0.6369426751592356

1735194915
0.21683673469387754 0.22066326530612246 0.4119897959183674

1735194916
0.15708812260536398 0.26947637292464877 0.42528735632183906

1735194917
0.14980793854033292 0.1203585147247119 0.5057618437900128

1735194918
0.2878787878787879 0.11742424242424243 0.398989898989899

1735194919
0.26601941747572816 0.04466019417475728 0.5407766990291262

1735194920
0.43688524590163935 0.23934426229508196 0.23524590163934425

1735194922
0.47956989247311826 0.2709677419354839 0.15591397849462366

1735194923
0.6308470290771175 0.28824273072060685 0.04424778761061947

1735194924
0.4829329962073325 0.22376738305941846 0.16687737041719342

1735194925
0.6157697121401752 0.24155193992490614 0.07634543178973717

1735194926
0.704630788485607 0.2928660826032541 0.0012515644555694619

1735194927
0.6704119850187266 0.3283395755305868 0.0

1735194928
0.663981588032221 0.2911392405063291 0.04372842347525892

1735194929
0.6483516483516484 0.3475274725274725 0.0027472527472527475

1735194930
0.6326276463262764 0.36488169364881695 0.0

1735194931
0.6792452830188679 0.3169811320754717 0.0012578616352201257

1735194932
0.6307884856070087 0.36545682102628285 0.0025031289111389237

1735194933
0.6732186732186732 0.31695331695331697 0.007371007371007371

1735194934
0.6717752234993615 0.31800766283524906 0.006385696040868455

1735194935
0.685857321652065 0.31289111389236546 0.0

1735194936
0.6924034869240349 0.30635118306351183 0.0

1735194937
0.6549560853199499 0.3437892095357591 0.0

1735194938
0.6670854271356784 0.32537688442211055 0.005025125628140704

1735194939
0.6712328767123288 0.29763387297633875 0.0224159402241594

1735194940
0.7246558197747184 0.2753441802252816 0.0

1735194941
0.8525 0.1475 0.0

1735194942
0.8233830845771144 0.17661691542288557 0.0

1735194943
0.81 0.18625 0.0025

1735194944
0.7321652065081352 0.2327909887359199 0.006257822277847309

1735194945
0.7196969696969697 0.21338383838383837 0.015151515151515152

1735194946
0.8435544430538173 0.15644555694618273 0.0

1735194947
0.8253768844221105 0.157035175879397 0.002512562814070352

1735194948
0.6287878787878788 0.273989898989899 0.021464646464646464

1735194949
0.5448798988621998 0.2528445006321112 0.04298356510745891

1735194950
0.6662468513853904 0.19899244332493704 0.018891687657430732

1735194951
0.6442185514612452 0.17789072426937738 0.04066073697585769

1735194952
0.6392405063291139 0.21139240506329113 0.026582278481012658

1735194953
0.6468354430379747 0.21518987341772153 0.04050632911392405

1735194954
0.5656565656565656 0.24116161616161616 0.04924242424242424

1735194955
0.5576679340937896 0.19391634980988592 0.07731305449936629

1735194956
0.5834378920953576 0.17189460476787954 0.06900878293601004

1735194957
0.5524652338811631 0.16434892541087232 0.1529709228824273

1735194958
0.72875 0.2625 0.0075

1735194959
0.5258511979823455 0.23329129886506936 0.19924337957124844

1735194960
0.70125 0.29375 0.005

1735194961
0.85 0.15 0.0

1735194962
0.84875 0.15125 0.0

1735194963
0.750968992248062 0.15891472868217055 0.061046511627906974

1735194964
0.39823008849557523 0.3327433628318584 0.184070796460177

1735194965
0.275092936802974 0.15861214374225527 0.3655514250309789

1735194966
0.5444305381727159 0.31289111389236546 0.11264080100125157

1735194967
0.5994993742177722 0.4005006257822278 0.0

1735194968
0.6641604010025063 0.3333333333333333 0.0012531328320802004

1735194969
0.6275 0.36125 0.00625

1735194970
0.49120603015075376 0.44597989949748745 0.0037688442211055275

1735194971
0.45534591194968554 0.4767295597484277 0.006289308176100629

1735194972
0.49304677623261695 0.450063211125158 0.006321112515802781

1735194973
0.6106965174129353 0.3880597014925373 0.0

1735194974
0.5732165206508135 0.42177722152690866 0.0025031289111389237

1735194975
0.595 0.4025 0.0

1735194976
0.6355611601513241 0.3467843631778058 0.0

1735194977
0.7105590062111802 0.2782608695652174 0.0012422360248447205

1735194978
0.867334167709637 0.13266583229036297 0.0

1735194979
0.885143570536829 0.11485642946317104 0.0

1735194980
0.855 0.14375 0.0

1735194981
0.8569636135508155 0.14303638644918445 0.0

1735194982
0.8306351183063512 0.16936488169364883 0.0

1735194983
0.86875 0.13125 0.0

1735194984
0.8623279098873592 0.1376720901126408 0.0

1735194985
0.8675 0.1325 0.0

1735194986
0.8325 0.1675 0.0

1735194987
0.8571428571428571 0.14285714285714285 0.0

1735194988
0.85625 0.14375 0.0

1735194989
0.8360450563204005 0.1639549436795995 0.0

1735194990
0.84875 0.15125 0.0

1735194991
0.8405977584059776 0.15940224159402241 0.0

1735194992
0.8102372034956304 0.18976279650436953 0.0

1735194993
0.835 0.165 0.0

1735194994
0.8203517587939698 0.17964824120603015 0.0

1735194995
0.8383084577114428 0.16169154228855723 0.0

1735194996
0.8197747183979975 0.1802252816020025 0.0

1735194997
0.82375 0.17625 0.0

1735194998
0.77125 0.22875 0.0

1735194999
0.8002496878901373 0.19975031210986266 0.0

1735195000
0.7797246558197747 0.2202753441802253 0.0

1735195001
0.8002496878901373 0.19975031210986266 0.0

1735195002
0.81875 0.18125 0.0

1735195003
0.81625 0.18375 0.0

1735195004
0.81875 0.18125 0.0

1735195005
0.8475 0.1525 0.0

1735195006
0.8160200250312891 0.18397997496871088 0.0

1735195007
0.79875 0.20125 0.0

1735195008
0.8345771144278606 0.1654228855721393 0.0

1735195009
0.8067754077791719 0.1932245922208281 0.0

1735195010
0.8225 0.1775 0.0

1735195011
0.84 0.16 0.0

1735195012
0.825 0.175 0.0

1735195013
0.8122653316645807 0.18773466833541927 0.0

1735195014
0.80625 0.19375 0.0

1735195015
0.8027465667915106 0.1972534332084894 0.0

1735195016
0.8225 0.1775 0.0

1735195017
0.78 0.22 0.0

1735195018
0.7834793491864831 0.2165206508135169 0.0

1735195019
0.7702871410736579 0.22971285892634208 0.0

1735195020
0.78625 0.21375 0.0

1735195021
0.7822277847309136 0.21777221526908636 0.0

1735195022
0.68375 0.31625 0.0

1735195023
0.5707196029776674 0.42431761786600497 0.0012406947890818859

1735195024
0.6396965865992414 0.36030341340075855 0.0

1735195025
0.6878901373283396 0.3121098626716604 0.0

1735195026
0.6983729662077597 0.3016270337922403 0.0

1735195027
0.71625 0.28375 0.0

1735195028
0.6836861768368617 0.3163138231631382 0.0

1735195029
0.5959849435382685 0.4027603513174404 0.0012547051442910915

1735195030
0.6020025031289111 0.39173967459324155 0.0

1735195031
0.5495608531994981 0.44291091593475534 0.0012547051442910915

1735195032
0.5965130759651308 0.40099626400996263 0.0

1735195033
0.7667493796526055 0.23325062034739455 0.0

1735195034
0.6452830188679245 0.3522012578616352 0.0012578616352201257

1735195035
0.6131479140328698 0.36536030341340076 0.0012642225031605564

1735195036
0.575 0.41625 0.0

1735195037
0.8135168961201502 0.18648310387984982 0.0

1735195038
0.6815365551425031 0.3159851301115242 0.0

1735195039
0.6844106463878327 0.2953105196451204 0.005069708491761723

1735195040
0.67125 0.3 0.005

1735195041
0.6925 0.3075 0.0

1735195042
0.73375 0.26625 0.0

1735195043
0.7808219178082192 0.2191780821917808 0.0

1735195044
0.75125 0.24875 0.0

1735195045
0.6675 0.33125 0.0

1735195046
0.7322540473225405 0.26774595267745954 0.0

1735195047
0.6198979591836735 0.350765306122449 0.00510204081632653

1735195048
0.6525 0.3325 0.00375

1735195049
0.7406483790523691 0.2543640897755611 0.003740648379052369

1735195053
0.7492455418381344 0.23045267489711935 0.0032921810699588477

1735195054
0.8872366790582404 0.1127633209417596 0.0

1735195055
0.6949367088607595 0.289873417721519 0.0037974683544303796

1735195056
0.5725 0.41125 0.00125

1735195057
0.47058823529411764 0.5181476846057572 0.0012515644555694619

1735195058
0.5050125313283208 0.46867167919799496 0.008771929824561403

1735195059
0.48427672955974843 0.5069182389937107 0.0

1735195060
0.48 0.51125 0.0

1735195061
0.49624060150375937 0.4949874686716792 0.0

1735195062
0.47191011235955055 0.519350811485643 0.0

1735195063
0.4490566037735849 0.5169811320754717 0.010062893081761006

1735195064
0.5081761006289308 0.4691823899371069 0.00880503144654088

1735195065
0.41265822784810124 0.5151898734177215 0.03670886075949367

1735195066
0.506900878293601 0.48180677540777916 0.0012547051442910915

1735195067
0.4708860759493671 0.5050632911392405 0.0

1735195068
0.418227215980025 0.4431960049937578 0.08614232209737828

1735195069
0.49107142857142855 0.3826530612244898 0.006377551020408163

1735195070
0.43384223918575066 0.42493638676844786 0.008905852417302799

1735195071
0.42012578616352203 0.4389937106918239 0.04654088050314465

1735195072
0.5710659898477157 0.3362944162436548 0.021573604060913704

1735195073
0.5200501253132832 0.33458646616541354 0.08771929824561403

1735195074
0.688360450563204 0.2928660826032541 0.0012515644555694619

1735195075
0.690176322418136 0.3047858942065491 0.0

1735195076
0.787765293383271 0.21223470661672908 0.0

1735195077
0.7725 0.2275 0.0

1735195078
0.8281053952321205 0.16938519447929737 0.0012547051442910915

1735195079
0.8244084682440846 0.17559153175591533 0.0

1735195080
0.8473091364205256 0.15269086357947434 0.0

1735195081
0.8764044943820225 0.12359550561797752 0.0

1735195082
0.8592964824120602 0.1407035175879397 0.0

1735195083
0.7640449438202247 0.13358302122347065 0.09488139825218476

1735195084
0.775 0.21875 0.00125

1735195085
0.5741444866920152 0.37515842839036756 0.0025348542458808617

1735195086
0.5683814303638645 0.39021329987452946 0.0

1735195087
0.5676691729323309 0.37092731829573933 0.015037593984962405

1735195088
0.5888324873096447 0.35406091370558374 0.021573604060913704

1735195089
0.6805555555555556 0.28535353535353536 0.003787878787878788

1735195090
0.6708542713567839 0.2864321608040201 0.00628140703517588

1735195091
0.6289707750952986 0.33163913595933925 0.008894536213468869

1735195092
0.7825 0.2175 0.0

1735195093
0.8526841448189763 0.14731585518102372 0.0

1735195094
0.8625 0.1375 0.0

1735195095
0.85625 0.14375 0.0

1735195096
0.88875 0.11125 0.0

1735195097
0.87625 0.12375 0.0

1735195098
0.8739076154806492 0.12609238451935081 0.0

1735195099
0.8775 0.1225 0.0

1735195100
0.8848560700876095 0.11514392991239049 0.0

1735195101
0.7844611528822055 0.20802005012531327 0.0

1735195102
0.7506265664160401 0.23182957393483708 0.002506265664160401

1735195103
0.7018867924528301 0.29056603773584905 0.0012578616352201257

1735195104
0.7359900373599004 0.2640099626400996 0.0

1735195105
0.65 0.35 0.0

1735195106
0.6271820448877805 0.37281795511221943 0.0

1735195107
0.6978776529338327 0.30087390761548066 0.0

1735195108
0.671267252195734 0.328732747804266 0.0

1735195109
0.6733167082294265 0.3266832917705736 0.0

1735195110
0.8005018820577164 0.19949811794228356 0.0

1735195111
0.8544776119402985 0.1455223880597015 0.0

1735195112
0.87625 0.12375 0.0

1735195113
0.8657465495608532 0.1342534504391468 0.0

1735195114
0.8478802992518704 0.15211970074812967 0.0

1735195115
0.79875 0.20125 0.0

1735195116
0.8456712672521958 0.15432873274780426 0.0

1735195117
0.7902621722846442 0.20973782771535582 0.0

1735195118
0.7185554171855542 0.28144458281444584 0.0

1735195119
0.813200498132005 0.18679950186799502 0.0

1735195120
0.8373266078184111 0.1626733921815889 0.0

1735195121
0.8393524283935243 0.16064757160647572 0.0

1735195122
0.8175 0.1825 0.0

1735195123
0.8526841448189763 0.14731585518102372 0.0

1735195124
0.8297872340425532 0.1702127659574468 0.0

1735195125
0.8352059925093633 0.1647940074906367 0.0

1735195126
0.83125 0.16875 0.0

1735195127
0.8010012515644556 0.19899874843554444 0.0

1735195128
0.8164794007490637 0.18352059925093633 0.0

1735195129
0.86875 0.13125 0.0

1735195130
0.9032663316582915 0.09673366834170855 0.0

1735195131
0.8779576587795765 0.12204234122042341 0.0

1735195132
0.8664169787765293 0.13358302122347065 0.0

1735195133
0.867334167709637 0.13266583229036297 0.0

1735195134
0.87 0.13 0.0

1735195135
0.8525 0.1475 0.0

1735195136
0.8589263420724095 0.14107365792759052 0.0

1735195137
0.8379396984924623 0.1620603015075377 0.0

1735195138
0.86625 0.13375 0.0

1735195139
0.8644278606965174 0.13557213930348258 0.0

1735195140
0.864321608040201 0.135678391959799 0.0

1735195141
0.8681592039800995 0.1318407960199005 0.0

1735195142
0.86375 0.13625 0.0

1735195143
0.8748435544430538 0.1251564455569462 0.0

1735195144
0.89375 0.10625 0.0

1735195145
0.850187265917603 0.149812734082397 0.0

1735195146
0.86 0.14 0.0

1735195147
0.8360450563204005 0.1639549436795995 0.0

1735195148
0.8483796296296297 0.15162037037037038 0.0

1735195366
0.0064762855368759465 0.17217286343510077 0.8190528142246157

1735195439
0.0020052745210570907 0.1661132518925419 0.8291656418244924

1735196837
0.005619711045063591 0.23989370091038403 0.7530595654323772

