1735194557
0.0 0.0 0.0

1735194558
0.0 0.0 0.0

1735194559
0.0 0.0 0.0

1735194560
0.0 0.0 0.0

1735194561
0.0 0.0 0.0

1735194562
0.0 0.0 0.0

1735194563
0.0 0.0 0.0

1735194564
0.0 0.0 0.0

1735194565
0.0 0.0 0.0

1735194566
0.0 0.0 0.0

1735194567
0.0 0.0 0.0

1735194568
0.0 0.0 0.0

1735194569
0.0 0.0 0.0

1735194570
0.0 0.0 0.0

1735194571
0.0 0.0 0.0

1735194572
0.0 0.0 0.0

1735194573
0.0 0.0 0.0

1735194574
0.0 0.0 0.0

1735194575
0.0 0.0 0.0

1735194576
0.0 0.0 0.0

1735194577
0.0 0.0 0.0

1735194578
0.0 0.0 0.0

1735194579
0.0 0.0 0.0

1735194580
0.0 0.0 0.0

1735194581
0.0 0.0 0.0

1735194582
0.0 0.0 0.0

1735194583
0.0 0.0 0.0

1735194584
0.0 0.0 0.0

1735194585
0.0 0.0 0.0

1735194586
0.0 0.0 0.0

1735194587
0.0 0.0 0.0

1735194588
0.0 0.0 0.0

1735194589
0.0 0.0 0.0

1735194590
0.0 0.0 0.0

1735194591
0.0 0.0 0.0

1735194592
0.0 0.0 0.0

1735194593
0.0 0.0 0.0

1735194594
0.0 0.0 0.0

1735194595
0.0 0.0 0.0

1735194596
0.0 0.0 0.0

1735194597
0.0 0.0 0.0

1735194599
0.0 0.0 0.0

1735194600
0.0 0.0 0.0

1735194601
0.0 0.0 0.0

1735194602
0.0 0.0 0.0

1735194603
0.0 0.0 0.0

1735194604
0.0 0.0 0.0

1735194605
0.0 0.0 0.0

1735194606
0.0 0.0 0.0

1735194607
0.0 0.0 0.0

1735194609
0.0 0.0 0.0

1735194610
0.0 0.0 0.0

1735194611
0.0 0.0 0.0

1735194612
0.0 0.0 0.0

1735194613
0.0 0.0 0.0

1735194614
0.0 0.0 0.0

1735194615
0.0 0.0 0.0

1735194616
0.0 0.0 0.0

1735194617
0.0 0.0 0.0

1735194618
0.0 0.0 0.0

1735194619
0.0 0.0 0.0

1735194620
0.0 0.0 0.0

1735194621
0.0 0.0 0.0

1735194622
0.0 0.0 0.0

1735194623
0.0 0.0 0.0

1735194624
0.0 0.0 0.0

1735194625
0.0 0.0 0.0

1735194626
0.0 0.0 0.0

1735194627
0.0 0.0 0.0

1735194628
0.0 0.0 0.0

1735194630
0.0 0.0 0.0

1735194631
0.0 0.0 0.0

1735194632
0.0 0.0 0.0

1735194633
0.0 0.0 0.0

1735194634
0.0 0.0 0.0

1735194635
0.0 0.0 0.0

1735194636
0.0 0.0 0.0

1735194637
0.0 0.0 0.0

1735194638
0.0 0.0 0.0

1735194639
0.0 0.0 0.0

1735194640
0.0 0.0 0.0

1735194641
0.0 0.0 0.0

1735194642
0.0 0.0 0.0

1735194643
0.0 0.0 0.0

1735194644
0.0 0.0 0.0

1735194645
0.0 0.0 0.0

1735194646
0.0 0.0 0.0

1735194647
0.0 0.0 0.0

1735194648
0.0 0.0 0.0

1735194649
0.0 0.0 0.0

1735194650
0.0 0.0 0.0

1735194651
0.0 0.0 0.0

1735194652
0.0 0.0 0.0

1735194653
0.0 0.0 0.0

1735194654
0.0 0.0 0.0

1735194655
0.0 0.0 0.0

1735194656
0.0 0.0 0.0

1735194657
0.0 0.0 0.0

1735194658
0.0 0.0 0.0

1735194659
0.0 0.0 0.0

1735194660
0.0 0.0 0.0

1735194661
0.0 0.0 0.0

1735194662
0.0 0.0 0.0

1735194663
0.0 0.0 0.0

1735194664
0.0 0.0 0.0

1735194665
0.0 0.0 0.0

1735194666
0.0 0.0 0.0

1735194667
0.0 0.0 0.0

1735194668
0.0 0.0 0.0

1735194669
0.0 0.0 0.0

1735194670
0.0 0.0 0.0

1735194671
0.0 0.0 0.0

1735194672
0.0 0.0 0.0

1735194673
0.0 0.0 0.0

1735194674
0.0 0.0 0.0

1735194675
0.0 0.0 0.0

1735194676
0.0 0.0 0.0

1735194677
0.0 0.0 0.0

1735194678
0.0 0.0 0.0

1735194679
0.0 0.0 0.0

1735194680
0.0 0.0 0.0

1735194681
0.0 0.0 0.0

1735194682
0.0 0.0 0.0

1735194683
0.0 0.0 0.0

1735194684
0.0 0.0 0.0

1735194685
0.0 0.0 0.0

1735194686
0.0 0.0 0.0

1735194687
0.0 0.0 0.0

1735194688
0.0 0.0 0.0

1735194689
0.0 0.0 0.0

1735194690
0.0 0.0 0.0

1735194691
0.0 0.0 0.0

1735194692
0.0 0.0 0.0

1735194693
0.0 0.0 0.0

1735194694
0.0 0.0 0.0

1735194695
0.0 0.0 0.0

1735194696
0.0 0.0 0.0

1735194697
0.0 0.0 0.0

1735194698
0.0 0.0 0.0

1735194699
0.0 0.0 0.0

1735194700
0.0 0.0 0.0

1735194701
0.0 0.0 0.0

1735194702
0.0 0.0 0.0

1735194703
0.0 0.0 0.0

1735194704
0.0 0.0 0.0

1735194705
0.0 0.0 0.0

1735194706
0.0 0.0 0.0

1735194707
0.0 0.0 0.0

1735194708
0.0 0.0 0.0

1735194709
0.0 0.0 0.0

1735194710
0.0 0.0 0.0

1735194711
0.0 0.0 0.0

1735194712
0.0 0.0 0.0

1735194713
0.0 0.0 0.0

1735194714
0.0 0.0 0.0

1735194715
0.0 0.0 0.0

1735194716
0.0 0.0 0.0

1735194717
0.0 0.0 0.0

1735194718
0.0 0.0 0.0

1735194719
0.0 0.0 0.0

1735194720
0.0 0.0 0.0

1735194721
0.0 0.0 0.0

1735194722
0.0 0.0 0.0

1735194723
0.0 0.0 0.0

1735194724
0.0 0.0 0.0

1735194725
0.0 0.0 0.0

1735194726
0.0 0.0 0.0

1735194727
0.0 0.0 0.0

1735194728
0.0 0.0 0.0

1735194729
0.0 0.0 0.0

1735194730
0.0 0.0 0.0

1735194731
0.0 0.0 0.0

1735194732
0.0 0.0 0.0

1735194734
0.0 0.0 0.0

1735194735
0.0 0.0 0.0

1735194736
0.0 0.0 0.0

1735194737
0.0 0.0 0.0

1735194738
0.0 0.0 0.0

1735194739
0.0 0.0 0.0

1735194740
0.0 0.0 0.0

1735194741
0.0 0.0 0.0

1735194742
0.0 0.0 0.0

1735194743
0.0 0.0 0.0

1735194744
0.0 0.0 0.0

1735194745
0.0 0.0 0.0

1735194746
0.0 0.0 0.0

1735194747
0.0 0.0 0.0

1735194748
0.0 0.0 0.0

1735194749
0.0 0.0 0.0

1735194750
0.0 0.0 0.0

1735194751
0.0 0.0 0.0

1735194752
0.0 0.0 0.0

1735194753
0.0 0.0 0.0

1735194754
0.0 0.0 0.0

1735194755
0.0 0.0 0.0

1735194756
0.0 0.0 0.0

1735194757
0.0 0.0 0.0

1735194758
0.0 0.0 0.0

1735194759
0.0 0.0 0.0

1735194760
0.0 0.0 0.0

1735194761
0.0 0.0 0.0

1735194762
0.0 0.0 0.0

1735194763
0.0 0.0 0.0

1735194764
0.0 0.0 0.0

1735194765
0.0 0.0 0.0

1735194766
0.0 0.0 0.0

1735194767
0.0 0.0 0.0

1735194768
0.0 0.0 0.0

1735194769
0.0 0.0 0.0

1735194770
0.0 0.0 0.0

1735194771
0.0 0.0 0.0

1735194772
0.0 0.0 0.0

1735194773
0.0 0.0 0.0

1735194774
0.0 0.0 0.0

1735194775
0.0 0.0 0.0

1735194776
0.0 0.0 0.0

1735194777
0.0 0.0 0.0

1735194778
0.0 0.0 0.0

1735194779
0.0 0.0 0.0

1735194780
0.0 0.0 0.0

1735194781
0.0 0.0 0.0

1735194782
0.0 0.0 0.0

1735194783
0.0 0.0 0.0

1735194784
0.0 0.0 0.0

1735194785
0.0 0.0 0.0

1735194786
0.0 0.0 0.0

1735194787
0.0 0.0 0.0

1735194788
0.0 0.0 0.0

1735194789
0.0 0.0 0.0

1735194790
0.0 0.0 0.0

1735194791
0.0 0.0 0.0

1735194792
0.0 0.0 0.0

1735194793
0.0 0.0 0.0

1735194794
0.0 0.0 0.0

1735194795
0.0 0.0 0.0

1735194796
0.0 0.0 0.0

1735194797
0.0 0.0 0.0

1735194798
0.0 0.0 0.0

1735194799
0.0 0.0 0.0

1735194800
0.0 0.0 0.0

1735194801
0.0 0.0 0.0

1735194802
0.0 0.0 0.0

1735194803
0.0 0.0 0.0

1735194804
0.0 0.0 0.0

1735194805
0.0 0.0 0.0

1735194806
0.0 0.0 0.0

1735194807
0.0 0.0 0.0

1735194808
0.0 0.0 0.0

1735194809
0.0 0.0 0.0

1735194810
0.0 0.0 0.0

1735194812
0.0 0.0 0.0

1735194813
0.0 0.0 0.0

1735194814
0.0 0.0 0.0

1735194815
0.0 0.0 0.0

1735194816
0.0 0.0 0.0

1735194817
0.0 0.0 0.0

1735194818
0.0 0.0 0.0

1735194819
0.0 0.0 0.0

1735194820
0.0 0.0 0.0

1735194821
0.0 0.0 0.0

1735194822
0.0 0.0 0.0

1735194823
0.0 0.0 0.0

1735194824
0.0 0.0 0.0

1735194825
0.0 0.0 0.0

1735194826
0.0 0.0 0.0

1735194827
0.0 0.0 0.0

1735194828
0.0 0.0 0.0

1735194829
0.0 0.0 0.0

1735194830
0.0 0.0 0.0

1735194831
0.0 0.0 0.0

1735194832
0.0 0.0 0.0

1735194833
0.0 0.0 0.0

1735194834
0.0 0.0 0.0

1735194835
0.0 0.0 0.0

1735194836
0.0 0.0 0.0

1735194837
0.0 0.0 0.0

1735194838
0.0 0.0 0.0

1735194839
0.0 0.0 0.0

1735194840
0.0 0.0 0.0

1735194841
0.0 0.0 0.0

1735194842
0.0 0.0 0.0

1735194843
0.0 0.0 0.0

1735194844
0.0 0.0 0.0

1735194846
0.0 0.0 0.0

1735194847
0.0 0.0 0.0

1735194848
0.0 0.0 0.0

1735194849
0.0 0.0 0.0

1735194850
0.0 0.0 0.0

1735194851
0.0 0.0 0.0

1735194852
0.0 0.0 0.0

1735194853
0.0 0.0 0.0

1735194854
0.0 0.0 0.0

1735194856
0.0 0.0 0.0

1735194857
0.0 0.0 0.0

1735194858
0.0 0.0 0.0

1735194859
0.0 0.0 0.0

1735194860
0.0 0.0 0.0

1735194861
0.0 0.0 0.0

1735194862
0.0 0.0 0.0

1735194863
0.0 0.0 0.0

1735194864
0.0 0.0 0.0

1735194866
0.0 0.0 0.0

1735194867
0.0 0.0 0.0

1735194868
0.0 0.0 0.0

1735194869
0.0 0.0 0.0

1735194870
0.0 0.0 0.0

1735194871
0.0 0.0 0.0

1735194872
0.0 0.0 0.0

1735194873
0.0 0.0 0.0

1735194874
0.0 0.0 0.0

1735194876
0.0 0.0 0.0

1735194878
0.0 0.0 0.0

1735194879
0.0 0.0 0.0

1735194880
0.0 0.0 0.0

1735194881
0.0 0.0 0.0

1735194882
0.0 0.0 0.0

1735194883
0.0 0.0 0.0

1735194884
0.0 0.0 0.0

1735194885
0.0 0.0 0.0

1735194886
0.0 0.0 0.0

1735194887
0.0 0.0 0.0

1735194888
0.0 0.0 0.0

1735194889
0.0 0.0 0.0

1735194890
0.0 0.0 0.0

1735194891
0.0 0.0 0.0

1735194892
0.0 0.0 0.0

1735194893
0.0 0.0 0.0

1735194894
0.0 0.0 0.0

1735194895
0.0 0.0 0.0

1735194897
0.0 0.0 0.0

1735194898
0.0 0.0 0.0

1735194899
0.0 0.0 0.0

1735194900
0.0 0.0 0.0

1735194901
0.0 0.0 0.0

1735194902
0.0 0.0 0.0

1735194903
0.0 0.0 0.0

1735194904
0.0 0.0 0.0

1735194905
0.0 0.0 0.0

1735194906
0.0 0.0 0.0

1735194907
0.0 0.0 0.0

1735194908
0.0 0.0 0.0

1735194909
0.0 0.0 0.0

1735194910
0.0 0.0 0.0

1735194911
0.0 0.0 0.0

1735194912
0.0 0.0 0.0

1735194913
0.0 0.0 0.0

1735194914
0.0 0.0 0.0

1735194915
0.0 0.0 0.0

1735194916
0.0 0.0 0.0

1735194917
0.0 0.0 0.0

1735194918
0.0 0.0 0.0

1735194919
0.0 0.0 0.0

1735194920
0.0 0.0 0.0

1735194922
0.0 0.0 0.0

1735194923
0.0 0.0 0.0

1735194924
0.0 0.0 0.0

1735194925
0.0 0.0 0.0

1735194926
0.0 0.0 0.0

1735194927
0.0 0.0 0.0

1735194928
0.0 0.0 0.0

1735194929
0.0 0.0 0.0

1735194930
0.0 0.0 0.0

1735194931
0.0 0.0 0.0

1735194932
0.0 0.0 0.0

1735194933
0.0 0.0 0.0

1735194934
0.0 0.0 0.0

1735194935
0.0 0.0 0.0

1735194936
0.0 0.0 0.0

1735194937
0.0 0.0 0.0

1735194938
0.0 0.0 0.0

1735194939
0.0 0.0 0.0

1735194940
0.0 0.0 0.0

1735194941
0.0 0.0 0.0

1735194942
0.0 0.0 0.0

1735194943
0.0 0.0 0.0

1735194944
0.0 0.0 0.0

1735194945
0.0 0.0 0.0

1735194946
0.0 0.0 0.0

1735194947
0.0 0.0 0.0

1735194948
0.0 0.0 0.0

1735194949
0.0 0.0 0.0

1735194950
0.0 0.0 0.0

1735194951
0.0 0.0 0.0

1735194952
0.0 0.0 0.0

1735194953
0.0 0.0 0.0

1735194954
0.0 0.0 0.0

1735194955
0.0 0.0 0.0

1735194956
0.0 0.0 0.0

1735194957
0.0 0.0 0.0

1735194958
0.0 0.0 0.0

1735194959
0.0 0.0 0.0

1735194960
0.0 0.0 0.0

1735194961
0.0 0.0 0.0

1735194962
0.0 0.0 0.0

1735194963
0.0 0.0 0.0

1735194964
0.0 0.0 0.0

1735194965
0.0 0.0 0.0

1735194966
0.0 0.0 0.0

1735194967
0.0 0.0 0.0

1735194968
0.0 0.0 0.0

1735194969
0.0 0.0 0.0

1735194970
0.0 0.0 0.0

1735194971
0.0 0.0 0.0

1735194972
0.0 0.0 0.0

1735194973
0.0 0.0 0.0

1735194974
0.0 0.0 0.0

1735194975
0.0 0.0 0.0

1735194976
0.0 0.0 0.0

1735194977
0.0 0.0 0.0

1735194978
0.0 0.0 0.0

1735194979
0.0 0.0 0.0

1735194980
0.0 0.0 0.0

1735194981
0.0 0.0 0.0

1735194982
0.0 0.0 0.0

1735194983
0.0 0.0 0.0

1735194984
0.0 0.0 0.0

1735194985
0.0 0.0 0.0

1735194986
0.0 0.0 0.0

1735194987
0.0 0.0 0.0

1735194988
0.0 0.0 0.0

1735194989
0.0 0.0 0.0

1735194990
0.0 0.0 0.0

1735194991
0.0 0.0 0.0

1735194992
0.0 0.0 0.0

1735194993
0.0 0.0 0.0

1735194994
0.0 0.0 0.0

1735194995
0.0 0.0 0.0

1735194996
0.0 0.0 0.0

1735194997
0.0 0.0 0.0

1735194998
0.0 0.0 0.0

1735194999
0.0 0.0 0.0

1735195000
0.0 0.0 0.0

1735195001
0.0 0.0 0.0

1735195002
0.0 0.0 0.0

1735195003
0.0 0.0 0.0

1735195004
0.0 0.0 0.0

1735195005
0.0 0.0 0.0

1735195006
0.0 0.0 0.0

1735195007
0.0 0.0 0.0

1735195008
0.0 0.0 0.0

1735195009
0.0 0.0 0.0

1735195010
0.0 0.0 0.0

1735195011
0.0 0.0 0.0

1735195012
0.0 0.0 0.0

1735195013
0.0 0.0 0.0

1735195014
0.0 0.0 0.0

1735195015
0.0 0.0 0.0

1735195016
0.0 0.0 0.0

1735195017
0.0 0.0 0.0

1735195018
0.0 0.0 0.0

1735195019
0.0 0.0 0.0

1735195020
0.0 0.0 0.0

1735195021
0.0 0.0 0.0

1735195022
0.0 0.0 0.0

1735195023
0.0 0.0 0.0

1735195024
0.0 0.0 0.0

1735195025
0.0 0.0 0.0

1735195026
0.0 0.0 0.0

1735195027
0.0 0.0 0.0

1735195028
0.0 0.0 0.0

1735195029
0.0 0.0 0.0

1735195030
0.0 0.0 0.0

1735195031
0.0 0.0 0.0

1735195032
0.0 0.0 0.0

1735195033
0.0 0.0 0.0

1735195034
0.0 0.0 0.0

1735195035
0.0 0.0 0.0

1735195036
0.0 0.0 0.0

1735195037
0.0 0.0 0.0

1735195038
0.0 0.0 0.0

1735195039
0.0 0.0 0.0

1735195040
0.0 0.0 0.0

1735195041
0.0 0.0 0.0

1735195042
0.0 0.0 0.0

1735195043
0.0 0.0 0.0

1735195044
0.0 0.0 0.0

1735195045
0.0 0.0 0.0

1735195046
0.0 0.0 0.0

1735195047
0.0 0.0 0.0

1735195048
0.0 0.0 0.0

1735195049
0.0 0.0 0.0

1735195053
0.0 0.0 0.0

1735195054
0.0 0.0 0.0

1735195055
0.0 0.0 0.0

1735195056
0.0 0.0 0.0

1735195057
0.0 0.0 0.0

1735195058
0.0 0.0 0.0

1735195059
0.0 0.0 0.0

1735195060
0.0 0.0 0.0

1735195061
0.0 0.0 0.0

1735195062
0.0 0.0 0.0

1735195063
0.0 0.0 0.0

1735195064
0.0 0.0 0.0

1735195065
0.0 0.0 0.0

1735195066
0.0 0.0 0.0

1735195067
0.0 0.0 0.0

1735195068
0.0 0.0 0.0

1735195069
0.0 0.0 0.0

1735195070
0.0 0.0 0.0

1735195071
0.0 0.0 0.0

1735195072
0.0 0.0 0.0

1735195073
0.0 0.0 0.0

1735195074
0.0 0.0 0.0

1735195075
0.0 0.0 0.0

1735195076
0.0 0.0 0.0

1735195077
0.0 0.0 0.0

1735195078
0.0 0.0 0.0

1735195079
0.0 0.0 0.0

1735195080
0.0 0.0 0.0

1735195081
0.0 0.0 0.0

1735195082
0.0 0.0 0.0

1735195083
0.0 0.0 0.0

1735195084
0.0 0.0 0.0

1735195085
0.0 0.0 0.0

1735195086
0.0 0.0 0.0

1735195087
0.0 0.0 0.0

1735195088
0.0 0.0 0.0

1735195089
0.0 0.0 0.0

1735195090
0.0 0.0 0.0

1735195091
0.0 0.0 0.0

1735195092
0.0 0.0 0.0

1735195093
0.0 0.0 0.0

1735195094
0.0 0.0 0.0

1735195095
0.0 0.0 0.0

1735195096
0.0 0.0 0.0

1735195097
0.0 0.0 0.0

1735195098
0.0 0.0 0.0

1735195099
0.0 0.0 0.0

1735195100
0.0 0.0 0.0

1735195101
0.0 0.0 0.0

1735195102
0.0 0.0 0.0

1735195103
0.0 0.0 0.0

1735195104
0.0 0.0 0.0

1735195105
0.0 0.0 0.0

1735195106
0.0 0.0 0.0

1735195107
0.0 0.0 0.0

1735195108
0.0 0.0 0.0

1735195109
0.0 0.0 0.0

1735195110
0.0 0.0 0.0

1735195111
0.0 0.0 0.0

1735195112
0.0 0.0 0.0

1735195113
0.0 0.0 0.0

1735195114
0.0 0.0 0.0

1735195115
0.0 0.0 0.0

1735195116
0.0 0.0 0.0

1735195117
0.0 0.0 0.0

1735195118
0.0 0.0 0.0

1735195119
0.0 0.0 0.0

1735195120
0.0 0.0 0.0

1735195121
0.0 0.0 0.0

1735195122
0.0 0.0 0.0

1735195123
0.0 0.0 0.0

1735195124
0.0 0.0 0.0

1735195125
0.0 0.0 0.0

1735195126
0.0 0.0 0.0

1735195127
0.0 0.0 0.0

1735195128
0.0 0.0 0.0

1735195129
0.0 0.0 0.0

1735195130
0.0 0.0 0.0

1735195131
0.0 0.0 0.0

1735195132
0.0 0.0 0.0

1735195133
0.0 0.0 0.0

1735195134
0.0 0.0 0.0

1735195135
0.0 0.0 0.0

1735195136
0.0 0.0 0.0

1735195137
0.0 0.0 0.0

1735195138
0.0 0.0 0.0

1735195139
0.0 0.0 0.0

1735195140
0.0 0.0 0.0

1735195141
0.0 0.0 0.0

1735195142
0.0 0.0 0.0

1735195143
0.0 0.0 0.0

1735195144
0.0 0.0 0.0

1735195145
0.0 0.0 0.0

1735195146
0.0 0.0 0.0

1735195147
0.0 0.0 0.0

1735195148
0.0 0.0 0.0

1735195366
0.0 0.0 0.0

1735195439
0.0 0.0 0.0

