1735194557
eth0: 122337582 2778788 0 0
lo: 0 0 0 0

1735194558
eth0: 122338142 2780024 560 1236
lo: 0 0 0 0

1735194559
eth0: 124036545 2831284 1698403 51260
lo: 0 0 0 0

1735194560
eth0: 134238308 3060152 10201763 228868
lo: 0 0 0 0

1735194561
eth0: 146015218 3300384 11776910 240232
lo: 0 0 0 0

1735194562
eth0: 154393786 3452514 8378568 152130
lo: 0 0 0 0

1735194563
eth0: 158344298 3550353 3950512 97839
lo: 0 0 0 0

1735194564
eth0: 165651475 3714833 7307177 164480
lo: 0 0 0 0

1735194565
eth0: 169073859 3790494 3422384 75661
lo: 0 0 0 0

1735194566
eth0: 176926646 3955410 7852787 164916
lo: 0 0 0 0

1735194567
eth0: 179623652 4017263 2697006 61853
lo: 0 0 0 0

1735194568
eth0: 179743831 4020134 120179 2871
lo: 0 0 0 0

1735194569
eth0: 179743831 4020134 0 0
lo: 0 0 0 0

1735194570
eth0: 179743831 4020134 0 0
lo: 0 0 0 0

1735194571
eth0: 179743831 4020134 0 0
lo: 0 0 0 0

1735194572
eth0: 187603524 4181674 7859693 161540
lo: 0 0 0 0

1735194573
eth0: 198987489 4393280 11383965 211606
lo: 0 0 0 0

1735194574
eth0: 210455772 4618556 11468283 225276
lo: 0 0 0 0

1735194575
eth0: 218523930 4790499 8068158 171943
lo: 0 0 0 0

1735194576
eth0: 230663185 5049018 12139255 258519
lo: 0 0 0 0

1735194577
eth0: 242764312 5377248 12101127 328230
lo: 0 0 0 0

1735194578
eth0: 254849651 5627761 12085339 250513
lo: 0 0 0 0

1735194579
eth0: 266979727 5883889 12130076 256128
lo: 0 0 0 0

1735194580
eth0: 279099166 6137941 12119439 254052
lo: 0 0 0 0

1735194581
eth0: 291242338 6396825 12143172 258884
lo: 0 0 0 0

1735194582
eth0: 303382566 6652753 12140228 255928
lo: 0 0 0 0

1735194583
eth0: 314886285 6887131 11503719 234378
lo: 0 0 0 0

1735194584
eth0: 327000325 7138877 12114040 251746
lo: 0 0 0 0

1735194585
eth0: 339118433 7395145 12118108 256268
lo: 0 0 0 0

1735194586
eth0: 351236526 7655982 12118093 260837
lo: 0 0 0 0

1735194587
eth0: 363367975 7907940 12131449 251958
lo: 0 0 0 0

1735194588
eth0: 375502224 8160936 12134249 252996
lo: 0 0 0 0

1735194589
eth0: 387641440 8413774 12139216 252838
lo: 0 0 0 0

1735194590
eth0: 399775373 8668748 12133933 254974
lo: 0 0 0 0

1735194591
eth0: 411916612 8923748 12141239 255000
lo: 0 0 0 0

1735194592
eth0: 424045732 9176380 12129120 252632
lo: 0 0 0 0

1735194593
eth0: 436173980 9429788 12128248 253408
lo: 0 0 0 0

1735194594
eth0: 448308633 9684296 12134653 254508
lo: 0 0 0 0

1735194595
eth0: 460424097 9939572 12115464 255276
lo: 0 0 0 0

1735194596
eth0: 472554175 10192826 12130078 253254
lo: 0 0 0 0

1735194597
eth0: 484674126 10444934 12119951 252108
lo: 0 0 0 0

1735194599
eth0: 498246226 10723172 13572100 278238
lo: 0 0 0 0

1735194600
eth0: 509546352 10970870 11300126 247698
lo: 0 0 0 0

1735194601
eth0: 522175911 11251698 12629559 280828
lo: 0 0 0 0

1735194602
eth0: 533577278 11496954 11401367 245256
lo: 0 0 0 0

1735194603
eth0: 544766172 11736864 11188894 239910
lo: 0 0 0 0

1735194604
eth0: 554187918 11943510 9421746 206646
lo: 0 0 0 0

1735194605
eth0: 555289080 11968986 1101162 25476
lo: 0 0 0 0

1735194606
eth0: 556433391 11999343 1144311 30357
lo: 0 0 0 0

1735194607
eth0: 561160437 12090027 4727046 90684
lo: 0 0 0 0

1735194609
eth0: 568096019 12243939 6935582 153912
lo: 0 0 0 0

1735194610
eth0: 574518021 12383661 6422002 139722
lo: 0 0 0 0

1735194611
eth0: 585073112 12621194 10555091 237533
lo: 0 0 0 0

1735194612
eth0: 594554492 12830430 9481380 209236
lo: 0 0 0 0

1735194613
eth0: 599175582 12937571 4621090 107141
lo: 0 0 0 0

1735194614
eth0: 600245397 12962753 1069815 25182
lo: 0 0 0 0

1735194615
eth0: 609485255 13167472 9239858 204719
lo: 0 0 0 0

1735194616
eth0: 621561440 13423105 12076185 255633
lo: 0 0 0 0

1735194617
eth0: 625320826 13504579 3759386 81474
lo: 0 0 0 0

1735194618
eth0: 626477482 13535739 1156656 31160
lo: 0 0 0 0

1735194619
eth0: 633075048 13687311 6597566 151572
lo: 0 0 0 0

1735194620
eth0: 645162851 13948762 12087803 261451
lo: 0 0 0 0

1735194621
eth0: 652518056 14104084 7355205 155322
lo: 0 0 0 0

1735194622
eth0: 653575576 14125996 1057520 21912
lo: 0 0 0 0

1735194623
eth0: 654670290 14150812 1094714 24816
lo: 0 0 0 0

1735194624
eth0: 655905274 14178497 1234984 27685
lo: 0 0 0 0

1735194625
eth0: 659904149 14270187 3998875 91690
lo: 0 0 0 0

1735194626
eth0: 661205419 14299557 1301270 29370
lo: 0 0 0 0

1735194627
eth0: 662489173 14328069 1283754 28512
lo: 0 0 0 0

1735194628
eth0: 663582167 14344107 1092994 16038
lo: 0 0 0 0

1735194630
eth0: 666505247 14406345 2923080 62238
lo: 0 0 0 0

1735194631
eth0: 667824871 14434065 1319624 27720
lo: 0 0 0 0

1735194632
eth0: 668956177 14458525 1131306 24460
lo: 0 0 0 0

1735194633
eth0: 670105954 14483622 1149777 25097
lo: 0 0 0 0

1735194634
eth0: 671977132 14528636 1871178 45014
lo: 0 0 0 0

1735194635
eth0: 672740191 14545862 763059 17226
lo: 0 0 0 0

1735194636
eth0: 672740191 14545862 0 0
lo: 0 0 0 0

1735194637
eth0: 672756852 14549907 16661 4045
lo: 0 0 0 0

1735194638
eth0: 674676547 14594844 1919695 44937
lo: 0 0 0 0

1735194639
eth0: 678390179 14681279 3713632 86435
lo: 0 0 0 0

1735194640
eth0: 687252142 14930295 8861963 249016
lo: 0 0 0 0

1735194641
eth0: 695012105 15095307 7759963 165012
lo: 0 0 0 0

1735194642
eth0: 707117134 15344749 12105029 249442
lo: 0 0 0 0

1735194643
eth0: 719262475 15603799 12145341 259050
lo: 0 0 0 0

1735194644
eth0: 723560142 15679195 4297667 75396
lo: 0 0 0 0

1735194645
eth0: 724325456 15692527 765314 13332
lo: 0 0 0 0

1735194646
eth0: 725157712 15709555 832256 17028
lo: 0 0 0 0

1735194647
eth0: 725991482 15727243 833770 17688
lo: 0 0 0 0

1735194648
eth0: 726762258 15743875 770776 16632
lo: 0 0 0 0

1735194649
eth0: 726901570 15746977 139312 3102
lo: 0 0 0 0

1735194650
eth0: 726901570 15746977 0 0
lo: 0 0 0 0

1735194651
eth0: 726904227 15748056 2657 1079
lo: 0 0 0 0

1735194652
eth0: 727062666 15755339 158439 7283
lo: 0 0 0 0

1735194653
eth0: 729176287 15807061 2113621 51722
lo: 0 0 0 0

1735194654
eth0: 729958804 15826781 782517 19720
lo: 0 0 0 0

1735194655
eth0: 730891574 15847769 932770 20988
lo: 0 0 0 0

1735194656
eth0: 731661364 15862157 769790 14388
lo: 0 0 0 0

1735194657
eth0: 732449660 15879656 788296 17499
lo: 0 0 0 0

1735194658
eth0: 733009890 15894786 560230 15130
lo: 0 0 0 0

1735194659
eth0: 738364975 16006322 5355085 111536
lo: 0 0 0 0

1735194660
eth0: 742338722 16089152 3973747 82830
lo: 0 0 0 0

1735194661
eth0: 742338722 16089152 0 0
lo: 0 0 0 0

1735194662
eth0: 742338722 16089152 0 0
lo: 0 0 0 0

1735194663
eth0: 742357772 16096518 19050 7366
lo: 0 0 0 0

1735194664
eth0: 746512073 16177450 4154301 80932
lo: 0 0 0 0

1735194665
eth0: 746681863 16183521 169790 6071
lo: 0 0 0 0

1735194666
eth0: 746798451 16245573 116588 62052
lo: 0 0 0 0

1735194667
eth0: 751746081 16346817 4947630 101244
lo: 0 0 0 0

1735194668
eth0: 758434539 16498001 6688458 151184
lo: 0 0 0 0

1735194669
eth0: 770144709 16754657 11710170 256656
lo: 0 0 0 0

1735194670
eth0: 782225498 17009435 12080789 254778
lo: 0 0 0 0

1735194671
eth0: 794550889 17277197 12325391 267762
lo: 0 0 0 0

1735194672
eth0: 799646398 17383655 5095509 106458
lo: 0 0 0 0

1735194673
eth0: 803045632 17457467 3399234 73812
lo: 0 0 0 0

1735194674
eth0: 807011016 17539835 3965384 82368
lo: 0 0 0 0

1735194675
eth0: 812082302 17666336 5071286 126501
lo: 0 0 0 0

1735194676
eth0: 823002246 17901710 10919944 235374
lo: 0 0 0 0

1735194677
eth0: 834401003 18150991 11398757 249281
lo: 0 0 0 0

1735194678
eth0: 842602073 18334959 8201070 183968
lo: 0 0 0 0

1735194679
eth0: 847488297 18443553 4886224 108594
lo: 0 0 0 0

1735194680
eth0: 852783541 18559515 5295244 115962
lo: 0 0 0 0

1735194681
eth0: 858547983 18686037 5764442 126522
lo: 0 0 0 0

1735194682
eth0: 864668277 18818631 6120294 132594
lo: 0 0 0 0

1735194683
eth0: 871239175 18958023 6570898 139392
lo: 0 0 0 0

1735194684
eth0: 878490275 19116565 7251100 158542
lo: 0 0 0 0

1735194685
eth0: 886123199 19285789 7632924 169224
lo: 0 0 0 0

1735194686
eth0: 887908147 19322485 1784948 36696
lo: 0 0 0 0

1735194687
eth0: 888028990 19325299 120843 2814
lo: 0 0 0 0

1735194688
eth0: 888028990 19325299 0 0
lo: 0 0 0 0

1735194689
eth0: 888029235 19326157 245 858
lo: 0 0 0 0

1735194690
eth0: 890658630 19384108 2629395 57951
lo: 0 0 0 0

1735194691
eth0: 890845130 19388266 186500 4158
lo: 0 0 0 0

1735194692
eth0: 890845130 19388266 0 0
lo: 0 0 0 0

1735194693
eth0: 890872084 19394674 26954 6408
lo: 0 0 0 0

1735194694
eth0: 893591467 19455780 2719383 61106
lo: 0 0 0 0

1735194695
eth0: 893830808 19462696 239341 6916
lo: 0 0 0 0

1735194696
eth0: 894072695 19470035 241887 7339
lo: 0 0 0 0

1735194697
eth0: 895926967 19510100 1854272 40065
lo: 0 0 0 0

1735194698
eth0: 896041770 19510760 114803 660
lo: 0 0 0 0

1735194699
eth0: 896041770 19510760 0 0
lo: 0 0 0 0

1735194700
eth0: 902917698 19654960 6875928 144200
lo: 0 0 0 0

1735194701
eth0: 914969063 19908202 12051365 253242
lo: 0 0 0 0

1735194702
eth0: 927004099 20140358 12035036 232156
lo: 0 0 0 0

1735194703
eth0: 939067968 20382907 12063869 242549
lo: 0 0 0 0

1735194704
eth0: 951146250 20642461 12078282 259554
lo: 0 0 0 0

1735194705
eth0: 963193370 20893789 12047120 251328
lo: 0 0 0 0

1735194706
eth0: 975284159 21138979 12090789 245190
lo: 0 0 0 0

1735194707
eth0: 987358061 21406683 12073902 267704
lo: 0 0 0 0

1735194708
eth0: 997582793 21615320 10224732 208637
lo: 0 0 0 0

1735194709
eth0: 1009687659 21870495 12104866 255175
lo: 0 0 0 0

1735194710
eth0: 1021787305 22121766 12099646 251271
lo: 0 0 0 0

1735194711
eth0: 1033874998 22372901 12087693 251135
lo: 0 0 0 0

1735194712
eth0: 1045975819 22622237 12100821 249336
lo: 0 0 0 0

1735194713
eth0: 1058077644 22868033 12101825 245796
lo: 0 0 0 0

1735194714
eth0: 1070179195 23120652 12101551 252619
lo: 0 0 0 0

1735194715
eth0: 1082281088 23397244 12101893 276592
lo: 0 0 0 0

1735194716
eth0: 1094391639 23649258 12110551 252014
lo: 0 0 0 0

1735194717
eth0: 1106504982 23905330 12113343 256072
lo: 0 0 0 0

1735194718
eth0: 1116588538 24099328 10083556 193998
lo: 0 0 0 0

1735194719
eth0: 1128675238 24338735 12086700 239407
lo: 0 0 0 0

1735194720
eth0: 1140753045 24601879 12077807 263144
lo: 0 0 0 0

1735194721
eth0: 1149811201 24770113 9058156 168234
lo: 0 0 0 0

1735194722
eth0: 1161652607 25002936 11841406 232823
lo: 0 0 0 0

1735194723
eth0: 1173690246 25223246 12037639 220310
lo: 0 0 0 0

1735194724
eth0: 1185746473 25457019 12056227 233773
lo: 0 0 0 0

1735194725
eth0: 1197833093 25680131 12086620 223112
lo: 0 0 0 0

1735194726
eth0: 1209906634 25931956 12073541 251825
lo: 0 0 0 0

1735194727
eth0: 1221992380 26188266 12085746 256310
lo: 0 0 0 0

1735194728
eth0: 1234051399 26423411 12059019 235145
lo: 0 0 0 0

1735194729
eth0: 1244709153 26640787 10657754 217376
lo: 0 0 0 0

1735194730
eth0: 1247070519 26690881 2361366 50094
lo: 0 0 0 0

1735194731
eth0: 1247116066 26693359 45547 2478
lo: 0 0 0 0

1735194732
eth0: 1248000046 26715275 883980 21916
lo: 0 0 0 0

1735194734
eth0: 1248898277 26741284 898231 26009
lo: 0 0 0 0

1735194735
eth0: 1249812942 26765073 914665 23789
lo: 0 0 0 0

1735194736
eth0: 1250387736 26818968 574794 53895
lo: 0 0 0 0

1735194737
eth0: 1258116550 26992992 7728814 174024
lo: 0 0 0 0

1735194738
eth0: 1270237199 27250845 12120649 257853
lo: 0 0 0 0

1735194739
eth0: 1282384630 27507811 12147431 256966
lo: 0 0 0 0

1735194740
eth0: 1294449473 27750213 12064843 242402
lo: 0 0 0 0

1735194741
eth0: 1306550423 28015178 12100950 264965
lo: 0 0 0 0

1735194742
eth0: 1318675074 28273460 12124651 258282
lo: 0 0 0 0

1735194743
eth0: 1330672864 28525645 11997790 252185
lo: 0 0 0 0

1735194744
eth0: 1342797000 28787529 12124136 261884
lo: 0 0 0 0

1735194745
eth0: 1354902985 29043957 12105985 256428
lo: 0 0 0 0

1735194746
eth0: 1366998422 29299757 12095437 255800
lo: 0 0 0 0

1735194747
eth0: 1379102891 29556394 12104469 256637
lo: 0 0 0 0

1735194748
eth0: 1391213492 29813215 12110601 256821
lo: 0 0 0 0

1735194749
eth0: 1403340168 30068184 12126676 254969
lo: 0 0 0 0

1735194750
eth0: 1415442395 30316044 12102227 247860
lo: 0 0 0 0

1735194751
eth0: 1427555615 30562022 12113220 245978
lo: 0 0 0 0

1735194752
eth0: 1439666144 30814768 12110529 252746
lo: 0 0 0 0

1735194753
eth0: 1451769453 31064704 12103309 249936
lo: 0 0 0 0

1735194754
eth0: 1462764646 31298899 10995193 234195
lo: 0 0 0 0

1735194755
eth0: 1474404237 31555067 11639591 256168
lo: 0 0 0 0

1735194756
eth0: 1486500394 31806593 12096157 251526
lo: 0 0 0 0

1735194757
eth0: 1498602923 32057231 12102529 250638
lo: 0 0 0 0

1735194758
eth0: 1509865674 32292807 11262751 235576
lo: 0 0 0 0

1735194759
eth0: 1521269754 32529223 11404080 236416
lo: 0 0 0 0

1735194760
eth0: 1527154500 32651653 5884746 122430
lo: 0 0 0 0

1735194761
eth0: 1533551970 32793157 6397470 141504
lo: 0 0 0 0

1735194762
eth0: 1540385746 32944495 6833776 151338
lo: 0 0 0 0

1735194763
eth0: 1547717272 33099265 7331526 154770
lo: 0 0 0 0

1735194764
eth0: 1554414814 33245389 6697542 146124
lo: 0 0 0 0

1735194765
eth0: 1560978078 33390787 6563264 145398
lo: 0 0 0 0

1735194766
eth0: 1566869490 33519157 5891412 128370
lo: 0 0 0 0

1735194767
eth0: 1571836824 33630895 4967334 111738
lo: 0 0 0 0

1735194768
eth0: 1575758300 33703165 3921476 72270
lo: 0 0 0 0

1735194769
eth0: 1579749240 33789295 3990940 86130
lo: 0 0 0 0

1735194770
eth0: 1584144278 33884863 4395038 95568
lo: 0 0 0 0

1735194771
eth0: 1588937484 33992311 4793206 107448
lo: 0 0 0 0

1735194772
eth0: 1594211624 34106359 5274140 114048
lo: 0 0 0 0

1735194773
eth0: 1600009344 34234111 5797720 127752
lo: 0 0 0 0

1735194774
eth0: 1606188526 34367101 6179182 132990
lo: 0 0 0 0

1735194775
eth0: 1612831010 34512037 6642484 144936
lo: 0 0 0 0

1735194776
eth0: 1620021918 34667269 7190908 155232
lo: 0 0 0 0

1735194777
eth0: 1627601356 34830619 7579438 163350
lo: 0 0 0 0

1735194778
eth0: 1635643724 35003737 8042368 173118
lo: 0 0 0 0

1735194779
eth0: 1644444902 35194543 8801178 190806
lo: 0 0 0 0

1735194780
eth0: 1652359710 35365417 7914808 170874
lo: 0 0 0 0

1735194781
eth0: 1661213414 35552461 8853704 187044
lo: 0 0 0 0

1735194782
eth0: 1670801218 35741287 9587804 188826
lo: 0 0 0 0

1735194783
eth0: 1679695790 35914801 8894572 173514
lo: 0 0 0 0

1735194784
eth0: 1679695790 35914801 0 0
lo: 0 0 0 0

1735194785
eth0: 1679695790 35914801 0 0
lo: 0 0 0 0

1735194786
eth0: 1679695790 35914801 0 0
lo: 0 0 0 0

1735194787
eth0: 1679695790 35914801 0 0
lo: 0 0 0 0

1735194788
eth0: 1679695832 35914843 42 42
lo: 0 0 0 0

1735194789
eth0: 1679695832 35914843 0 0
lo: 0 0 0 0

1735194790
eth0: 1679695832 35914843 0 0
lo: 0 0 0 0

1735194791
eth0: 1679695832 35914843 0 0
lo: 0 0 0 0

1735194792
eth0: 1679695832 35914843 0 0
lo: 0 0 0 0

1735194793
eth0: 1679695832 35914843 0 0
lo: 0 0 0 0

1735194794
eth0: 1679695832 35914843 0 0
lo: 0 0 0 0

1735194795
eth0: 1679695832 35914843 0 0
lo: 0 0 0 0

1735194796
eth0: 1679695832 35914843 0 0
lo: 0 0 0 0

1735194797
eth0: 1679695832 35914843 0 0
lo: 0 0 0 0

1735194798
eth0: 1679695832 35914843 0 0
lo: 0 0 0 0

1735194799
eth0: 1679695832 35914843 0 0
lo: 0 0 0 0

1735194800
eth0: 1679695832 35914843 0 0
lo: 0 0 0 0

1735194801
eth0: 1679695832 35914843 0 0
lo: 0 0 0 0

1735194802
eth0: 1679695832 35914843 0 0
lo: 0 0 0 0

1735194803
eth0: 1679695832 35914843 0 0
lo: 0 0 0 0

1735194804
eth0: 1679695832 35914843 0 0
lo: 0 0 0 0

1735194805
eth0: 1679695832 35914843 0 0
lo: 0 0 0 0

1735194806
eth0: 1679695832 35914843 0 0
lo: 0 0 0 0

1735194807
eth0: 1679695832 35914843 0 0
lo: 0 0 0 0

1735194808
eth0: 1679695832 35914843 0 0
lo: 0 0 0 0

1735194809
eth0: 1679695832 35914843 0 0
lo: 0 0 0 0

1735194810
eth0: 1679695832 35914843 0 0
lo: 0 0 0 0

1735194812
eth0: 1679695832 35914843 0 0
lo: 0 0 0 0

1735194813
eth0: 1679696093 35915041 261 198
lo: 0 0 0 0

1735194814
eth0: 1679696093 35915041 0 0
lo: 0 0 0 0

1735194815
eth0: 1679696093 35915041 0 0
lo: 0 0 0 0

1735194816
eth0: 1679696093 35915041 0 0
lo: 0 0 0 0

1735194817
eth0: 1679696147 35915131 54 90
lo: 0 0 0 0

1735194818
eth0: 1679696231 35915215 84 84
lo: 0 0 0 0

1735194819
eth0: 1679696231 35915215 0 0
lo: 0 0 0 0

1735194820
eth0: 1679696231 35915215 0 0
lo: 0 0 0 0

1735194821
eth0: 1679696231 35915215 0 0
lo: 0 0 0 0

1735194822
eth0: 1679696231 35915215 0 0
lo: 0 0 0 0

1735194823
eth0: 1679696231 35915215 0 0
lo: 0 0 0 0

1735194824
eth0: 1679696231 35915215 0 0
lo: 0 0 0 0

1735194825
eth0: 1679696231 35915215 0 0
lo: 0 0 0 0

1735194826
eth0: 1679696231 35915215 0 0
lo: 0 0 0 0

1735194827
eth0: 1679696231 35915215 0 0
lo: 0 0 0 0

1735194828
eth0: 1679696231 35915215 0 0
lo: 0 0 0 0

1735194829
eth0: 1679696231 35915215 0 0
lo: 0 0 0 0

1735194830
eth0: 1679696231 35915215 0 0
lo: 0 0 0 0

1735194831
eth0: 1679696231 35915215 0 0
lo: 0 0 0 0

1735194832
eth0: 1679696231 35915215 0 0
lo: 0 0 0 0

1735194833
eth0: 1679696231 35915215 0 0
lo: 0 0 0 0

1735194834
eth0: 1679696231 35915215 0 0
lo: 0 0 0 0

1735194835
eth0: 1679696231 35915215 0 0
lo: 0 0 0 0

1735194836
eth0: 1679696231 35915215 0 0
lo: 0 0 0 0

1735194837
eth0: 1679696231 35915215 0 0
lo: 0 0 0 0

1735194838
eth0: 1679696231 35915215 0 0
lo: 0 0 0 0

1735194839
eth0: 1679696231 35915215 0 0
lo: 0 0 0 0

1735194840
eth0: 1679696231 35915215 0 0
lo: 0 0 0 0

1735194841
eth0: 1679696231 35915215 0 0
lo: 0 0 0 0

1735194842
eth0: 1679696231 35915215 0 0
lo: 0 0 0 0

1735194843
eth0: 1679696231 35915215 0 0
lo: 0 0 0 0

1735194844
eth0: 1679696231 35915215 0 0
lo: 0 0 0 0

1735194846
eth0: 1679696231 35915215 0 0
lo: 0 0 0 0

1735194847
eth0: 1679696231 35915215 0 0
lo: 0 0 0 0

1735194848
eth0: 1679696231 35915215 0 0
lo: 0 0 0 0

1735194849
eth0: 1679696231 35915215 0 0
lo: 0 0 0 0

1735194850
eth0: 1679696231 35915215 0 0
lo: 0 0 0 0

1735194851
eth0: 1679696231 35915215 0 0
lo: 0 0 0 0

1735194852
eth0: 1679696231 35915215 0 0
lo: 0 0 0 0

1735194853
eth0: 1679696231 35915215 0 0
lo: 0 0 0 0

1735194854
eth0: 1679696231 35915215 0 0
lo: 0 0 0 0

1735194856
eth0: 1679696231 35915215 0 0
lo: 0 0 0 0

1735194857
eth0: 1679696231 35915215 0 0
lo: 0 0 0 0

1735194858
eth0: 1679696231 35915215 0 0
lo: 0 0 0 0

1735194859
eth0: 1679696231 35915215 0 0
lo: 0 0 0 0

1735194860
eth0: 1679696301 35915215 70 0
lo: 0 0 0 0

1735194861
eth0: 1679696301 35915215 0 0
lo: 0 0 0 0

1735194862
eth0: 1679696301 35915215 0 0
lo: 0 0 0 0

1735194863
eth0: 1679696301 35915215 0 0
lo: 0 0 0 0

1735194864
eth0: 1679696301 35915215 0 0
lo: 0 0 0 0

1735194866
eth0: 1679696301 35915215 0 0
lo: 0 0 0 0

1735194867
eth0: 1679696301 35915215 0 0
lo: 0 0 0 0

1735194868
eth0: 1679696301 35915215 0 0
lo: 0 0 0 0

1735194869
eth0: 1679696301 35915215 0 0
lo: 0 0 0 0

1735194870
eth0: 1679696301 35915215 0 0
lo: 0 0 0 0

1735194871
eth0: 1679696301 35915215 0 0
lo: 0 0 0 0

1735194872
eth0: 1679696301 35915215 0 0
lo: 0 0 0 0

1735194873
eth0: 1679696301 35915215 0 0
lo: 0 0 0 0

1735194874
eth0: 1679696301 35915215 0 0
lo: 0 0 0 0

1735194876
eth0: 1679696301 35915215 0 0
lo: 0 0 0 0

1735194878
eth0: 1679696301 35915215 0 0
lo: 0 0 0 0

1735194879
eth0: 1679696301 35915215 0 0
lo: 0 0 0 0

1735194880
eth0: 1679696301 35915215 0 0
lo: 0 0 0 0

1735194881
eth0: 1679696301 35915215 0 0
lo: 0 0 0 0

1735194882
eth0: 1679696301 35915215 0 0
lo: 0 0 0 0

1735194883
eth0: 1679696301 35915215 0 0
lo: 0 0 0 0

1735194884
eth0: 1679696301 35915215 0 0
lo: 0 0 0 0

1735194885
eth0: 1679696301 35915215 0 0
lo: 0 0 0 0

1735194886
eth0: 1679696301 35915215 0 0
lo: 0 0 0 0

1735194887
eth0: 1679696301 35915215 0 0
lo: 0 0 0 0

1735194888
eth0: 1679696301 35915215 0 0
lo: 0 0 0 0

1735194889
eth0: 1679696301 35915215 0 0
lo: 0 0 0 0

1735194890
eth0: 1679696301 35915215 0 0
lo: 0 0 0 0

1735194891
eth0: 1679696301 35915215 0 0
lo: 0 0 0 0

1735194892
eth0: 1679696301 35915215 0 0
lo: 0 0 0 0

1735194893
eth0: 1679696301 35915215 0 0
lo: 0 0 0 0

1735194894
eth0: 1679696301 35915215 0 0
lo: 0 0 0 0

1735194895
eth0: 1679696301 35915215 0 0
lo: 0 0 0 0

1735194897
eth0: 1679696301 35915215 0 0
lo: 0 0 0 0

1735194898
eth0: 1679696301 35915215 0 0
lo: 0 0 0 0

1735194899
eth0: 1679696301 35915215 0 0
lo: 0 0 0 0

1735194900
eth0: 1679696301 35915215 0 0
lo: 0 0 0 0

1735194901
eth0: 1679696301 35915215 0 0
lo: 0 0 0 0

1735194902
eth0: 1679696301 35915215 0 0
lo: 0 0 0 0

1735194903
eth0: 1679696301 35915215 0 0
lo: 0 0 0 0

1735194904
eth0: 1679696301 35915215 0 0
lo: 0 0 0 0

1735194905
eth0: 1679696301 35915215 0 0
lo: 0 0 0 0

1735194906
eth0: 1679696301 35915215 0 0
lo: 0 0 0 0

1735194907
eth0: 1679696301 35915215 0 0
lo: 0 0 0 0

1735194908
eth0: 1679696301 35915215 0 0
lo: 0 0 0 0

1735194909
eth0: 1679696301 35915215 0 0
lo: 0 0 0 0

1735194910
eth0: 1679696301 35915215 0 0
lo: 0 0 0 0

1735194911
eth0: 1679696301 35915215 0 0
lo: 0 0 0 0

1735194912
eth0: 1679696301 35915215 0 0
lo: 0 0 0 0

1735194913
eth0: 1679696301 35915215 0 0
lo: 0 0 0 0

1735194914
eth0: 1679696301 35915215 0 0
lo: 0 0 0 0

1735194915
eth0: 1679696301 35915215 0 0
lo: 0 0 0 0

1735194916
eth0: 1679696301 35915215 0 0
lo: 0 0 0 0

1735194917
eth0: 1679696301 35915215 0 0
lo: 0 0 0 0

1735194918
eth0: 1679696301 35915215 0 0
lo: 0 0 0 0

1735194919
eth0: 1679696301 35915215 0 0
lo: 0 0 0 0

1735194920
eth0: 1679696301 35915215 0 0
lo: 0 0 0 0

1735194922
eth0: 1679696301 35915215 0 0
lo: 0 0 0 0

1735194923
eth0: 1679696301 35915215 0 0
lo: 0 0 0 0

1735194924
eth0: 1679696301 35915215 0 0
lo: 0 0 0 0

1735194925
eth0: 1679696301 35915215 0 0
lo: 0 0 0 0

1735194926
eth0: 1679696301 35915215 0 0
lo: 0 0 0 0

1735194927
eth0: 1679696301 35915215 0 0
lo: 0 0 0 0

1735194928
eth0: 1679696301 35915215 0 0
lo: 0 0 0 0

1735194929
eth0: 1679696301 35915215 0 0
lo: 0 0 0 0

1735194930
eth0: 1679696301 35915215 0 0
lo: 0 0 0 0

1735194931
eth0: 1679696301 35915215 0 0
lo: 0 0 0 0

1735194932
eth0: 1679696301 35915215 0 0
lo: 0 0 0 0

1735194933
eth0: 1679696301 35915215 0 0
lo: 0 0 0 0

1735194934
eth0: 1679696301 35915215 0 0
lo: 0 0 0 0

1735194935
eth0: 1679696301 35915215 0 0
lo: 0 0 0 0

1735194936
eth0: 1679696301 35915215 0 0
lo: 0 0 0 0

1735194937
eth0: 1679696301 35915215 0 0
lo: 0 0 0 0

1735194938
eth0: 1679696301 35915215 0 0
lo: 0 0 0 0

1735194939
eth0: 1679696301 35915215 0 0
lo: 0 0 0 0

1735194940
eth0: 1679696301 35915215 0 0
lo: 0 0 0 0

1735194941
eth0: 1679696301 35915215 0 0
lo: 0 0 0 0

1735194942
eth0: 1679696301 35915215 0 0
lo: 0 0 0 0

1735194943
eth0: 1679696301 35915215 0 0
lo: 0 0 0 0

1735194944
eth0: 1679696301 35915215 0 0
lo: 0 0 0 0

1735194945
eth0: 1679696301 35915215 0 0
lo: 0 0 0 0

1735194946
eth0: 1679696301 35915215 0 0
lo: 0 0 0 0

1735194947
eth0: 1679696301 35915215 0 0
lo: 0 0 0 0

1735194948
eth0: 1679696301 35915215 0 0
lo: 0 0 0 0

1735194949
eth0: 1679696301 35915215 0 0
lo: 0 0 0 0

1735194950
eth0: 1679696301 35915215 0 0
lo: 0 0 0 0

1735194951
eth0: 1679696301 35915215 0 0
lo: 0 0 0 0

1735194952
eth0: 1679696301 35915215 0 0
lo: 0 0 0 0

1735194953
eth0: 1679696301 35915215 0 0
lo: 0 0 0 0

1735194954
eth0: 1679696301 35915215 0 0
lo: 0 0 0 0

1735194955
eth0: 1679696301 35915215 0 0
lo: 0 0 0 0

1735194956
eth0: 1679696301 35915215 0 0
lo: 0 0 0 0

1735194957
eth0: 1679696301 35915215 0 0
lo: 0 0 0 0

1735194958
eth0: 1679696301 35915215 0 0
lo: 0 0 0 0

1735194959
eth0: 1679696301 35915215 0 0
lo: 0 0 0 0

1735194960
eth0: 1679696301 35915215 0 0
lo: 0 0 0 0

1735194961
eth0: 1679696301 35915215 0 0
lo: 0 0 0 0

1735194962
eth0: 1679696301 35915215 0 0
lo: 0 0 0 0

1735194963
eth0: 1679696301 35915215 0 0
lo: 0 0 0 0

1735194964
eth0: 1679696301 35915215 0 0
lo: 0 0 0 0

1735194965
eth0: 1679696301 35915215 0 0
lo: 0 0 0 0

1735194966
eth0: 1679696301 35915215 0 0
lo: 0 0 0 0

1735194967
eth0: 1679696301 35915215 0 0
lo: 0 0 0 0

1735194968
eth0: 1679696301 35915215 0 0
lo: 0 0 0 0

1735194969
eth0: 1679696301 35915215 0 0
lo: 0 0 0 0

1735194970
eth0: 1679696301 35915215 0 0
lo: 0 0 0 0

1735194971
eth0: 1679696301 35915215 0 0
lo: 0 0 0 0

1735194972
eth0: 1679696301 35915215 0 0
lo: 0 0 0 0

1735194973
eth0: 1679696301 35915215 0 0
lo: 0 0 0 0

1735194974
eth0: 1679696301 35915215 0 0
lo: 0 0 0 0

1735194975
eth0: 1679696301 35915215 0 0
lo: 0 0 0 0

1735194976
eth0: 1679696301 35915215 0 0
lo: 0 0 0 0

1735194977
eth0: 1679696301 35915215 0 0
lo: 0 0 0 0

1735194978
eth0: 1679696301 35915215 0 0
lo: 0 0 0 0

1735194979
eth0: 1679696301 35915215 0 0
lo: 0 0 0 0

1735194980
eth0: 1679696301 35915215 0 0
lo: 0 0 0 0

1735194981
eth0: 1679696301 35915215 0 0
lo: 0 0 0 0

1735194982
eth0: 1679696301 35915215 0 0
lo: 0 0 0 0

1735194983
eth0: 1679696301 35915215 0 0
lo: 0 0 0 0

1735194984
eth0: 1679696301 35915215 0 0
lo: 0 0 0 0

1735194985
eth0: 1679696301 35915215 0 0
lo: 0 0 0 0

1735194986
eth0: 1679696301 35915215 0 0
lo: 0 0 0 0

1735194987
eth0: 1679696301 35915215 0 0
lo: 0 0 0 0

1735194988
eth0: 1679696301 35915215 0 0
lo: 0 0 0 0

1735194989
eth0: 1679696301 35915215 0 0
lo: 0 0 0 0

1735194990
eth0: 1679696301 35915215 0 0
lo: 0 0 0 0

1735194991
eth0: 1679696301 35915215 0 0
lo: 0 0 0 0

1735194992
eth0: 1679696301 35915215 0 0
lo: 0 0 0 0

1735194993
eth0: 1679696301 35915215 0 0
lo: 0 0 0 0

1735194994
eth0: 1679696301 35915215 0 0
lo: 0 0 0 0

1735194995
eth0: 1679696301 35915215 0 0
lo: 0 0 0 0

1735194996
eth0: 1679696301 35915215 0 0
lo: 0 0 0 0

1735194997
eth0: 1679696301 35915215 0 0
lo: 0 0 0 0

1735194998
eth0: 1679696301 35915215 0 0
lo: 0 0 0 0

1735194999
eth0: 1679696301 35915215 0 0
lo: 0 0 0 0

1735195000
eth0: 1679696301 35915215 0 0
lo: 0 0 0 0

1735195001
eth0: 1679696301 35915215 0 0
lo: 0 0 0 0

1735195002
eth0: 1679696301 35915215 0 0
lo: 0 0 0 0

1735195003
eth0: 1679696301 35915215 0 0
lo: 0 0 0 0

1735195004
eth0: 1679696301 35915215 0 0
lo: 0 0 0 0

1735195005
eth0: 1679696301 35915215 0 0
lo: 0 0 0 0

1735195006
eth0: 1679696301 35915215 0 0
lo: 0 0 0 0

1735195007
eth0: 1679696301 35915215 0 0
lo: 0 0 0 0

1735195008
eth0: 1679696301 35915215 0 0
lo: 0 0 0 0

1735195009
eth0: 1679696301 35915215 0 0
lo: 0 0 0 0

1735195010
eth0: 1679696301 35915215 0 0
lo: 0 0 0 0

1735195011
eth0: 1679696301 35915215 0 0
lo: 0 0 0 0

1735195012
eth0: 1679696301 35915215 0 0
lo: 0 0 0 0

1735195013
eth0: 1679696301 35915215 0 0
lo: 0 0 0 0

1735195014
eth0: 1679696301 35915215 0 0
lo: 0 0 0 0

1735195015
eth0: 1679696301 35915215 0 0
lo: 0 0 0 0

1735195016
eth0: 1679696301 35915215 0 0
lo: 0 0 0 0

1735195017
eth0: 1679696301 35915215 0 0
lo: 0 0 0 0

1735195018
eth0: 1679696301 35915215 0 0
lo: 0 0 0 0

1735195019
eth0: 1679696301 35915215 0 0
lo: 0 0 0 0

1735195020
eth0: 1679696301 35915215 0 0
lo: 0 0 0 0

1735195021
eth0: 1679696301 35915215 0 0
lo: 0 0 0 0

1735195022
eth0: 1679696301 35915215 0 0
lo: 0 0 0 0

1735195023
eth0: 1679696301 35915215 0 0
lo: 0 0 0 0

1735195024
eth0: 1679696301 35915215 0 0
lo: 0 0 0 0

1735195025
eth0: 1679696301 35915215 0 0
lo: 0 0 0 0

1735195026
eth0: 1679696301 35915215 0 0
lo: 0 0 0 0

1735195027
eth0: 1679696301 35915215 0 0
lo: 0 0 0 0

1735195028
eth0: 1679696301 35915215 0 0
lo: 0 0 0 0

1735195029
eth0: 1679696301 35915215 0 0
lo: 0 0 0 0

1735195030
eth0: 1679696301 35915215 0 0
lo: 0 0 0 0

1735195031
eth0: 1679696301 35915215 0 0
lo: 0 0 0 0

1735195032
eth0: 1679696301 35915215 0 0
lo: 0 0 0 0

1735195033
eth0: 1679696301 35915215 0 0
lo: 0 0 0 0

1735195034
eth0: 1679696301 35915215 0 0
lo: 0 0 0 0

1735195035
eth0: 1679696301 35915215 0 0
lo: 0 0 0 0

1735195036
eth0: 1679696301 35915215 0 0
lo: 0 0 0 0

1735195037
eth0: 1679696301 35915215 0 0
lo: 0 0 0 0

1735195038
eth0: 1679696301 35915215 0 0
lo: 0 0 0 0

1735195039
eth0: 1679696301 35915215 0 0
lo: 0 0 0 0

1735195040
eth0: 1679696301 35915215 0 0
lo: 0 0 0 0

1735195041
eth0: 1679696301 35915215 0 0
lo: 0 0 0 0

1735195042
eth0: 1679696301 35915215 0 0
lo: 0 0 0 0

1735195043
eth0: 1679696301 35915215 0 0
lo: 0 0 0 0

1735195044
eth0: 1679696301 35915215 0 0
lo: 0 0 0 0

1735195045
eth0: 1679696301 35915215 0 0
lo: 0 0 0 0

1735195046
eth0: 1679696301 35915215 0 0
lo: 0 0 0 0

1735195047
eth0: 1679696301 35915215 0 0
lo: 0 0 0 0

1735195048
eth0: 1679696301 35915215 0 0
lo: 0 0 0 0

1735195049
eth0: 1679696301 35915215 0 0
lo: 0 0 0 0

1735195053
eth0: 1679696301 35915215 0 0
lo: 0 0 0 0

1735195054
eth0: 1679696301 35915215 0 0
lo: 0 0 0 0

1735195055
eth0: 1679696301 35915215 0 0
lo: 0 0 0 0

1735195056
eth0: 1679696301 35915215 0 0
lo: 0 0 0 0

1735195057
eth0: 1679696301 35915215 0 0
lo: 0 0 0 0

1735195058
eth0: 1679696301 35915215 0 0
lo: 0 0 0 0

1735195059
eth0: 1679696301 35915215 0 0
lo: 0 0 0 0

1735195060
eth0: 1679696301 35915215 0 0
lo: 0 0 0 0

1735195061
eth0: 1679696301 35915215 0 0
lo: 0 0 0 0

1735195062
eth0: 1679696301 35915215 0 0
lo: 0 0 0 0

1735195063
eth0: 1679696301 35915215 0 0
lo: 0 0 0 0

1735195064
eth0: 1679696301 35915215 0 0
lo: 0 0 0 0

1735195065
eth0: 1679696301 35915215 0 0
lo: 0 0 0 0

1735195066
eth0: 1679696301 35915215 0 0
lo: 0 0 0 0

1735195067
eth0: 1679696301 35915215 0 0
lo: 0 0 0 0

1735195068
eth0: 1679696301 35915215 0 0
lo: 0 0 0 0

1735195069
eth0: 1679696301 35915215 0 0
lo: 0 0 0 0

1735195070
eth0: 1679696301 35915215 0 0
lo: 0 0 0 0

1735195071
eth0: 1679696301 35915215 0 0
lo: 0 0 0 0

1735195072
eth0: 1679696301 35915215 0 0
lo: 0 0 0 0

1735195073
eth0: 1679696301 35915215 0 0
lo: 0 0 0 0

1735195074
eth0: 1679696301 35915215 0 0
lo: 0 0 0 0

1735195075
eth0: 1679696301 35915215 0 0
lo: 0 0 0 0

1735195076
eth0: 1679696301 35915215 0 0
lo: 0 0 0 0

1735195077
eth0: 1679696301 35915215 0 0
lo: 0 0 0 0

1735195078
eth0: 1679696301 35915215 0 0
lo: 0 0 0 0

1735195079
eth0: 1679696301 35915215 0 0
lo: 0 0 0 0

1735195080
eth0: 1679696301 35915215 0 0
lo: 0 0 0 0

1735195081
eth0: 1679696301 35915215 0 0
lo: 0 0 0 0

1735195082
eth0: 1679696301 35915215 0 0
lo: 0 0 0 0

1735195083
eth0: 1679696301 35915215 0 0
lo: 0 0 0 0

1735195084
eth0: 1679696301 35915215 0 0
lo: 0 0 0 0

1735195085
eth0: 1679696301 35915215 0 0
lo: 0 0 0 0

1735195086
eth0: 1679696301 35915215 0 0
lo: 0 0 0 0

1735195087
eth0: 1679696301 35915215 0 0
lo: 0 0 0 0

1735195088
eth0: 1679696301 35915215 0 0
lo: 0 0 0 0

1735195089
eth0: 1679696301 35915215 0 0
lo: 0 0 0 0

1735195090
eth0: 1679696301 35915215 0 0
lo: 0 0 0 0

1735195091
eth0: 1679696301 35915215 0 0
lo: 0 0 0 0

1735195092
eth0: 1679696301 35915215 0 0
lo: 0 0 0 0

1735195093
eth0: 1679696301 35915215 0 0
lo: 0 0 0 0

1735195094
eth0: 1679696301 35915215 0 0
lo: 0 0 0 0

1735195095
eth0: 1679696301 35915215 0 0
lo: 0 0 0 0

1735195096
eth0: 1679696301 35915215 0 0
lo: 0 0 0 0

1735195097
eth0: 1679696301 35915215 0 0
lo: 0 0 0 0

1735195098
eth0: 1679696301 35915215 0 0
lo: 0 0 0 0

1735195099
eth0: 1679696301 35915215 0 0
lo: 0 0 0 0

1735195100
eth0: 1679696301 35915215 0 0
lo: 0 0 0 0

1735195101
eth0: 1679696301 35915215 0 0
lo: 0 0 0 0

1735195102
eth0: 1679696301 35915215 0 0
lo: 0 0 0 0

1735195103
eth0: 1679696301 35915215 0 0
lo: 0 0 0 0

1735195104
eth0: 1679696301 35915215 0 0
lo: 0 0 0 0

1735195105
eth0: 1679696301 35915215 0 0
lo: 0 0 0 0

1735195106
eth0: 1679696301 35915215 0 0
lo: 0 0 0 0

1735195107
eth0: 1679696301 35915215 0 0
lo: 0 0 0 0

1735195108
eth0: 1679696301 35915215 0 0
lo: 0 0 0 0

1735195109
eth0: 1679696301 35915215 0 0
lo: 0 0 0 0

1735195110
eth0: 1679696301 35915215 0 0
lo: 0 0 0 0

1735195111
eth0: 1679696301 35915215 0 0
lo: 0 0 0 0

1735195112
eth0: 1679696301 35915215 0 0
lo: 0 0 0 0

1735195113
eth0: 1679696301 35915215 0 0
lo: 0 0 0 0

1735195114
eth0: 1679696301 35915215 0 0
lo: 0 0 0 0

1735195115
eth0: 1679696301 35915215 0 0
lo: 0 0 0 0

1735195116
eth0: 1679696301 35915215 0 0
lo: 0 0 0 0

1735195117
eth0: 1679696301 35915215 0 0
lo: 0 0 0 0

1735195118
eth0: 1679696301 35915215 0 0
lo: 0 0 0 0

1735195119
eth0: 1679696301 35915215 0 0
lo: 0 0 0 0

1735195120
eth0: 1679696301 35915215 0 0
lo: 0 0 0 0

1735195121
eth0: 1679696301 35915215 0 0
lo: 0 0 0 0

1735195122
eth0: 1679696301 35915215 0 0
lo: 0 0 0 0

1735195123
eth0: 1679696301 35915215 0 0
lo: 0 0 0 0

1735195124
eth0: 1679696301 35915215 0 0
lo: 0 0 0 0

1735195125
eth0: 1679696301 35915215 0 0
lo: 0 0 0 0

1735195126
eth0: 1679696301 35915215 0 0
lo: 0 0 0 0

1735195127
eth0: 1679696301 35915215 0 0
lo: 0 0 0 0

1735195128
eth0: 1679696301 35915215 0 0
lo: 0 0 0 0

1735195129
eth0: 1679696301 35915215 0 0
lo: 0 0 0 0

1735195130
eth0: 1679696301 35915215 0 0
lo: 0 0 0 0

1735195131
eth0: 1679696301 35915215 0 0
lo: 0 0 0 0

1735195132
eth0: 1679696301 35915215 0 0
lo: 0 0 0 0

1735195133
eth0: 1679696301 35915215 0 0
lo: 0 0 0 0

1735195134
eth0: 1679696301 35915215 0 0
lo: 0 0 0 0

1735195135
eth0: 1679696301 35915215 0 0
lo: 0 0 0 0

1735195136
eth0: 1679696301 35915215 0 0
lo: 0 0 0 0

1735195137
eth0: 1679696301 35915215 0 0
lo: 0 0 0 0

1735195138
eth0: 1679696301 35915215 0 0
lo: 0 0 0 0

1735195139
eth0: 1679696301 35915215 0 0
lo: 0 0 0 0

1735195140
eth0: 1679696301 35915215 0 0
lo: 0 0 0 0

1735195141
eth0: 1679696301 35915215 0 0
lo: 0 0 0 0

1735195142
eth0: 1679696301 35915215 0 0
lo: 0 0 0 0

1735195143
eth0: 1679696301 35915215 0 0
lo: 0 0 0 0

1735195144
eth0: 1679696301 35915215 0 0
lo: 0 0 0 0

1735195145
eth0: 1679696301 35915215 0 0
lo: 0 0 0 0

1735195146
eth0: 1679696301 35915215 0 0
lo: 0 0 0 0

1735195147
eth0: 1679696301 35915215 0 0
lo: 0 0 0 0

1735195148
eth0: 1679696301 35915215 0 0
lo: 0 0 0 0

1735195366
eth0: 1679696301 35915215 0 0
lo: 0 0 0 0

1735195439
eth0: 1679696371 35915215 70 0
lo: 0 0 0 0

