1735227511
/dev/sda1: 25022140416
overlay: 25022140416

1735227512
/dev/sda1: 25024323584
overlay: 25024323584

1735227513
/dev/sda1: 25027211264
overlay: 25027305472

1735227514
/dev/sda1: 25038036992
overlay: 25038036992

1735227515
/dev/sda1: 25074126848
overlay: 25074126848

1735227517
/dev/sda1: 25109508096
overlay: 25109508096

1735227518
/dev/sda1: 25125031936
overlay: 25125031936

1735227519
/dev/sda1: 25130270720
overlay: 25130270720

1735227520
/dev/sda1: 25153581056
overlay: 25153581056

1735227521
/dev/sda1: 25160003584
overlay: 25160003584

1735227522
/dev/sda1: 25167073280
overlay: 25167073280

1735227523
/dev/sda1: 25171128320
overlay: 25171128320

1735227524
/dev/sda1: 25174855680
overlay: 25174855680

1735227525
/dev/sda1: 25181736960
overlay: 25181736960

1735227526
/dev/sda1: 25198092288
overlay: 25198092288

1735227527
/dev/sda1: 25201475584
overlay: 25201475584

1735227528
/dev/sda1: 25204461568
overlay: 25204461568

1735227529
/dev/sda1: 25208029184
overlay: 25208029184

1735227530
/dev/sda1: 25215971328
overlay: 25215971328

1735227531
/dev/sda1: 25228222464
overlay: 25228222464

1735227532
/dev/sda1: 25240449024
overlay: 25240449024

1735227533
/dev/sda1: 25252888576
overlay: 25252888576

1735227534
/dev/sda1: 25270591488
overlay: 25270591488

1735227536
/dev/sda1: 25365630976
overlay: 25365630976

1735227537
/dev/sda1: 25479544832
overlay: 25479544832

1735227538
/dev/sda1: 25492557824
overlay: 25492557824

1735227540
/dev/sda1: 25510072320
overlay: 25510072320

1735227541
/dev/sda1: 25522499584
overlay: 25522499584

1735227542
/dev/sda1: 25532493824
overlay: 25532493824

1735227544
/dev/sda1: 25555034112
overlay: 25555034112

1735227545
/dev/sda1: 25567068160
overlay: 25567068160

1735227547
/dev/sda1: 25589940224
overlay: 25589940224

1735227548
/dev/sda1: 25599193088
overlay: 25599193088

1735227549
/dev/sda1: 25602138112
overlay: 25602138112

1735227551
/dev/sda1: 25608015872
overlay: 25608015872

1735227552
/dev/sda1: 25612386304
overlay: 25612386304

1735227554
/dev/sda1: 25620586496
overlay: 25620586496

1735227555
/dev/sda1: 25629700096
overlay: 25629700096

1735227556
/dev/sda1: 25635340288
overlay: 25635340288

1735227557
/dev/sda1: 25640902656
overlay: 25640902656

1735227558
/dev/sda1: 25646829568
overlay: 25646829568

1735227559
/dev/sda1: 25653354496
overlay: 25653354496

1735227560
/dev/sda1: 25662062592
overlay: 25662062592

1735227561
/dev/sda1: 25670369280
overlay: 25670369280

1735227562
/dev/sda1: 25679085568
overlay: 25679089664

1735227563
/dev/sda1: 25686138880
overlay: 25686138880

1735227564
/dev/sda1: 25693028352
overlay: 25693028352

1735227565
/dev/sda1: 25699176448
overlay: 25699176448

1735227566
/dev/sda1: 25709391872
overlay: 25709391872

1735227567
/dev/sda1: 25720938496
overlay: 25720938496

1735227568
/dev/sda1: 25730977792
overlay: 25730977792

1735227569
/dev/sda1: 25737945088
overlay: 25737945088

1735227570
/dev/sda1: 25740926976
overlay: 25740926976

1735227571
/dev/sda1: 25743298560
overlay: 25743298560

1735227572
/dev/sda1: 25747681280
overlay: 25747681280

1735227573
/dev/sda1: 25759379456
overlay: 25759379456

1735227574
/dev/sda1: 25769594880
overlay: 25769594880

1735227575
/dev/sda1: 25772077056
overlay: 25772077056

1735227576
/dev/sda1: 25776463872
overlay: 25776463872

1735227577
/dev/sda1: 25778003968
overlay: 25778003968

1735227578
/dev/sda1: 25789632512
overlay: 25789632512

1735227579
/dev/sda1: 25797976064
overlay: 25797976064

1735227580
/dev/sda1: 25828978688
overlay: 25828978688

1735227581
/dev/sda1: 25944817664
overlay: 25944817664

1735227582
/dev/sda1: 25947078656
overlay: 25947078656

1735227584
/dev/sda1: 25948446720
overlay: 25948446720

1735227585
/dev/sda1: 25949519872
overlay: 25949519872

1735227587
/dev/sda1: 25978114048
overlay: 25978114048

1735227588
/dev/sda1: 26029842432
overlay: 26029842432

1735227589
/dev/sda1: 26031198208
overlay: 26031198208

1735227590
/dev/sda1: 26053840896
overlay: 26053840896

1735227592
/dev/sda1: 26056228864
overlay: 26056228864

1735227594
/dev/sda1: 26063323136
overlay: 26063323136

1735227596
/dev/sda1: 26066956288
overlay: 26066956288

1735227598
/dev/sda1: 26069082112
overlay: 26069082112

1735227599
/dev/sda1: 26071822336
overlay: 26071822336

1735227600
/dev/sda1: 26072608768
overlay: 26072608768

1735227601
/dev/sda1: 26073960448
overlay: 26073960448

1735227602
/dev/sda1: 26077143040
overlay: 26077143040

1735227603
/dev/sda1: 26082533376
overlay: 26082533376

1735227604
/dev/sda1: 26087141376
overlay: 26087141376

1735227605
/dev/sda1: 26091216896
overlay: 26091216896

1735227606
/dev/sda1: 26096664576
overlay: 26096664576

1735227607
/dev/sda1: 26106204160
overlay: 26106204160

1735227608
/dev/sda1: 26115821568
overlay: 26115821568

1735227609
/dev/sda1: 26123763712
overlay: 26123763712

1735227610
/dev/sda1: 26135425024
overlay: 26135425024

1735227611
/dev/sda1: 26137161728
overlay: 26137161728

1735227612
/dev/sda1: 26138918912
overlay: 26138918912

1735227613
/dev/sda1: 26141642752
overlay: 26141642752

1735227614
/dev/sda1: 26150498304
overlay: 26150498304

1735227615
/dev/sda1: 26163949568
overlay: 26163949568

1735227616
/dev/sda1: 26168692736
overlay: 26168692736

1735227617
/dev/sda1: 26174136320
overlay: 26174136320

1735227618
/dev/sda1: 26175942656
overlay: 26175942656

1735227619
/dev/sda1: 26179317760
overlay: 26179317760

1735227620
/dev/sda1: 26200436736
overlay: 26200436736

1735227621
/dev/sda1: 26333188096
overlay: 26333188096

1735227622
/dev/sda1: 26337841152
overlay: 26337841152

1735227623
/dev/sda1: 26339610624
overlay: 26339610624

1735227625
/dev/sda1: 26341060608
overlay: 26341060608

1735227626
/dev/sda1: 26341974016
overlay: 26341974016

1735227628
/dev/sda1: 26351493120
overlay: 26351493120

1735227629
/dev/sda1: 26361925632
overlay: 26361925632

1735227631
/dev/sda1: 26374455296
overlay: 26374455296

1735227632
/dev/sda1: 26395000832
overlay: 26395000832

1735227633
/dev/sda1: 26518417408
overlay: 26518417408

1735227634
/dev/sda1: 26543636480
overlay: 26543640576

1735227635
/dev/sda1: 26548731904
overlay: 26548736000

1735227637
/dev/sda1: 26553815040
overlay: 26553815040

1735227639
/dev/sda1: 26554699776
overlay: 26554699776

1735227640
/dev/sda1: 26565378048
overlay: 26565378048

1735227641
/dev/sda1: 26568933376
overlay: 26568933376

1735227642
/dev/sda1: 26593312768
overlay: 26593312768

1735227643
/dev/sda1: 26599407616
overlay: 26599407616

1735227644
/dev/sda1: 26605494272
overlay: 26605494272

1735227645
/dev/sda1: 26612342784
overlay: 26612342784

1735227646
/dev/sda1: 26621636608
overlay: 26621636608

1735227648
/dev/sda1: 26634428416
overlay: 26634428416

1735227649
/dev/sda1: 26640207872
overlay: 26640207872

1735227650
/dev/sda1: 26646888448
overlay: 26646888448

1735227652
/dev/sda1: 26658918400
overlay: 26658918400

1735227653
/dev/sda1: 26662785024
overlay: 26662785024

1735227655
/dev/sda1: 26671259648
overlay: 26671259648

1735227657
/dev/sda1: 26682695680
overlay: 26682695680

1735227658
/dev/sda1: 26690080768
overlay: 26690080768

1735227659
/dev/sda1: 26693689344
overlay: 26693689344

1735227660
/dev/sda1: 26697654272
overlay: 26697654272

1735227661
/dev/sda1: 26712584192
overlay: 26712584192

1735227662
/dev/sda1: 26736029696
overlay: 26736029696

1735227663
/dev/sda1: 26742407168
overlay: 26742407168

1735227664
/dev/sda1: 26744107008
overlay: 26744107008

1735227665
/dev/sda1: 26746437632
overlay: 26746437632

1735227666
/dev/sda1: 26752167936
overlay: 26752167936

1735227667
/dev/sda1: 26758086656
overlay: 26758086656

1735227668
/dev/sda1: 26762788864
overlay: 26762788864

1735227669
/dev/sda1: 26766831616
overlay: 26766831616

1735227670
/dev/sda1: 26771156992
overlay: 26771156992

1735227671
/dev/sda1: 26777411584
overlay: 26777411584

1735227672
/dev/sda1: 26780528640
overlay: 26780528640

1735227673
/dev/sda1: 26784657408
overlay: 26784657408

1735227674
/dev/sda1: 26787221504
overlay: 26787221504

1735227675
/dev/sda1: 26791497728
overlay: 26791497728

1735227676
/dev/sda1: 26793799680
overlay: 26793799680

1735227677
/dev/sda1: 26796380160
overlay: 26796380160

1735227678
/dev/sda1: 26799063040
overlay: 26799063040

1735227679
/dev/sda1: 26802180096
overlay: 26802180096

1735227680
/dev/sda1: 26805796864
overlay: 26805796864

1735227681
/dev/sda1: 26809294848
overlay: 26809294848

1735227682
/dev/sda1: 26811518976
overlay: 26811518976

1735227683
/dev/sda1: 26814607360
overlay: 26814607360

1735227684
/dev/sda1: 26818322432
overlay: 26818322432

1735227685
/dev/sda1: 26821255168
overlay: 26821255168

1735227686
/dev/sda1: 26825404416
overlay: 26825404416

1735227688
/dev/sda1: 26829471744
overlay: 26829471744

1735227690
/dev/sda1: 26832277504
overlay: 26832277504

1735227691
/dev/sda1: 26833281024
overlay: 26833281024

1735227692
/dev/sda1: 26833887232
overlay: 26833887232

1735227693
/dev/sda1: 26839601152
overlay: 26839601152

1735227694
/dev/sda1: 26843045888
overlay: 26843045888

1735227696
/dev/sda1: 26848063488
overlay: 26848063488

1735227697
/dev/sda1: 26887442432
overlay: 26887442432

1735227698
/dev/sda1: 26891890688
overlay: 26891890688

1735227699
/dev/sda1: 26902859776
overlay: 26902859776

1735227700
/dev/sda1: 26917195776
overlay: 26917195776

1735227701
/dev/sda1: 26918629376
overlay: 26918629376

1735227702
/dev/sda1: 26922045440
overlay: 26922053632

1735227703
/dev/sda1: 26950324224
overlay: 26950324224

1735227704
/dev/sda1: 27025129472
overlay: 27025485824

1735227705
/dev/sda1: 27146375168
overlay: 27146375168

1735227707
/dev/sda1: 27267678208
overlay: 27267678208

1735227709
/dev/sda1: 27268382720
overlay: 27268382720

1735227710
/dev/sda1: 27295207424
overlay: 27295207424

1735227711
/dev/sda1: 27332767744
overlay: 27332767744

1735227713
/dev/sda1: 27377811456
overlay: 27377811456

1735227714
/dev/sda1: 27402010624
overlay: 27402010624

1735227715
/dev/sda1: 27429851136
overlay: 27429855232

1735227716
/dev/sda1: 27470155776
overlay: 27470151680

1735227718
/dev/sda1: 27517861888
overlay: 27517861888

1735227720
/dev/sda1: 27577544704
overlay: 27577552896

1735227721
/dev/sda1: 27605843968
overlay: 27605843968

1735227722
/dev/sda1: 27643469824
overlay: 27643469824

1735227724
/dev/sda1: 27694473216
overlay: 27694473216

1735227725
/dev/sda1: 27732578304
overlay: 27732578304

1735227727
/dev/sda1: 27782316032
overlay: 27782316032

1735227729
/dev/sda1: 27784826880
overlay: 27784826880

1735227730
/dev/sda1: 27838853120
overlay: 27838853120

1735227732
/dev/sda1: 27903885312
overlay: 27903885312

1735227733
/dev/sda1: 27938852864
overlay: 27938852864

1735227735
/dev/sda1: 27979468800
overlay: 27979468800

1735227737
/dev/sda1: 28050866176
overlay: 28050862080

1735227739
/dev/sda1: 28068876288
overlay: 28068876288

1735227740
/dev/sda1: 28069519360
overlay: 28069519360

1735227742
/dev/sda1: 28072140800
overlay: 28072140800

1735227743
/dev/sda1: 28073185280
overlay: 28073185280

1735227745
/dev/sda1: 28199059456
overlay: 28199063552

1735227747
/dev/sda1: 28308828160
overlay: 28308828160

1735227749
/dev/sda1: 28309520384
overlay: 28309520384

1735227750
/dev/sda1: 28346060800
overlay: 28346060800

1735227751
/dev/sda1: 28380123136
overlay: 28380123136

1735227752
/dev/sda1: 28405391360
overlay: 28405391360

1735227754
/dev/sda1: 28456009728
overlay: 28456009728

1735227756
/dev/sda1: 28504633344
overlay: 28504633344

1735227758
/dev/sda1: 28537536512
overlay: 28537544704

1735227760
/dev/sda1: 28606103552
overlay: 28606103552

1735227761
/dev/sda1: 28635656192
overlay: 28635656192

1735227762
/dev/sda1: 28678156288
overlay: 28678156288

1735227764
/dev/sda1: 28727918592
overlay: 28727918592

1735227766
/dev/sda1: 28800704512
overlay: 28800704512

1735227768
/dev/sda1: 28860792832
overlay: 28860792832

1735227769
/dev/sda1: 28890001408
overlay: 28890001408

1735227771
/dev/sda1: 28943298560
overlay: 28943298560

1735227772
/dev/sda1: 28970201088
overlay: 28970201088

1735227773
/dev/sda1: 29024636928
overlay: 29024636928

1735227775
/dev/sda1: 29077340160
overlay: 29077340160

1735227777
/dev/sda1: 29150924800
overlay: 29150924800

1735227778
/dev/sda1: 29188878336
overlay: 29188878336

1735227780
/dev/sda1: 29241622528
overlay: 29241622528

1735227782
/dev/sda1: 29292367872
overlay: 29292367872

1735227784
/dev/sda1: 29351030784
overlay: 29351030784

1735227786
/dev/sda1: 29390614528
overlay: 29390614528

1735227787
/dev/sda1: 29444919296
overlay: 29444919296

1735227789
/dev/sda1: 29507977216
overlay: 29507977216

1735227790
/dev/sda1: 29532753920
overlay: 29532753920

1735227791
/dev/sda1: 29566681088
overlay: 29566681088

1735227793
/dev/sda1: 29629390848
overlay: 29629390848

1735227794
/dev/sda1: 29657448448
overlay: 29657448448

1735227796
/dev/sda1: 29682528256
overlay: 29682528256

1735227797
/dev/sda1: 29682753536
overlay: 29682753536

1735227799
/dev/sda1: 29684875264
overlay: 29684875264

1735227800
/dev/sda1: 29684662272
overlay: 29684662272

1735227801
/dev/sda1: 29684899840
overlay: 29684899840

1735227802
/dev/sda1: 29685485568
overlay: 29685485568

1735227804
/dev/sda1: 29689438208
overlay: 29689438208

1735227805
/dev/sda1: 29690044416
overlay: 29690044416

1735227807
/dev/sda1: 29692108800
overlay: 29692108800

1735227808
/dev/sda1: 29695655936
overlay: 29695655936

1735227810
/dev/sda1: 29730902016
overlay: 29730902016

1735227811
/dev/sda1: 29800787968
overlay: 29800787968

1735227813
/dev/sda1: 29970722816
overlay: 29970722816

1735227814
/dev/sda1: 30020149248
overlay: 30020149248

1735227816
/dev/sda1: 30036348928
overlay: 30036348928

1735227817
/dev/sda1: 30037725184
overlay: 30037725184

1735227818
/dev/sda1: 30039433216
overlay: 30039433216

1735227820
/dev/sda1: 30040936448
overlay: 30040936448

1735227821
/dev/sda1: 30041137152
overlay: 30041137152

1735227822
/dev/sda1: 30042857472
overlay: 30042857472

1735227824
/dev/sda1: 30045478912
overlay: 30045478912

1735227825
/dev/sda1: 30047674368
overlay: 30047674368

1735227827
/dev/sda1: 30049980416
overlay: 30049980416

1735227828
/dev/sda1: 30050492416
overlay: 30050492416

1735227829
/dev/sda1: 30050885632
overlay: 30050885632

1735227830
/dev/sda1: 30052118528
overlay: 30052118528

1735227831
/dev/sda1: 30052257792
overlay: 30052257792

1735227832
/dev/sda1: 30053470208
overlay: 30053470208

1735227833
/dev/sda1: 30054588416
overlay: 30054588416

1735227834
/dev/sda1: 30056493056
overlay: 30056493056

1735227835
/dev/sda1: 30058012672
overlay: 30058012672

1735227836
/dev/sda1: 30060011520
overlay: 30060011520

1735227837
/dev/sda1: 30064041984
overlay: 30064041984

1735227838
/dev/sda1: 30068318208
overlay: 30068318208

1735227839
/dev/sda1: 30071279616
overlay: 30071279616

1735227840
/dev/sda1: 30073352192
overlay: 30073352192

1735227841
/dev/sda1: 30075424768
overlay: 30075424768

1735227842
/dev/sda1: 30078525440
overlay: 30078525440

1735227843
/dev/sda1: 30079152128
overlay: 30079152128

1735227844
/dev/sda1: 30084612096
overlay: 30084612096

1735227846
/dev/sda1: 30088245248
overlay: 30088245248

1735227847
/dev/sda1: 30088810496
overlay: 30088810496

1735227848
/dev/sda1: 30090649600
overlay: 30090649600

1735227849
/dev/sda1: 30091247616
overlay: 30091247616

1735227850
/dev/sda1: 30091870208
overlay: 30091870208

1735227851
/dev/sda1: 30092517376
overlay: 30092517376

1735227852
/dev/sda1: 30093389824
overlay: 30093389824

1735227853
/dev/sda1: 30094135296
overlay: 30094135296

1735227855
/dev/sda1: 30102777856
overlay: 30102777856

1735227856
/dev/sda1: 30111252480
overlay: 30111252480

1735227857
/dev/sda1: 30117830656
overlay: 30117830656

1735227858
/dev/sda1: 30121390080
overlay: 30121390080

1735227859
/dev/sda1: 30124339200
overlay: 30124339200

1735227860
/dev/sda1: 30167592960
overlay: 30167592960

1735227861
/dev/sda1: 30169837568
overlay: 30169837568

1735227862
/dev/sda1: 30229016576
overlay: 30229016576

1735227863
/dev/sda1: 30261489664
overlay: 30261489664

1735227864
/dev/sda1: 30291361792
overlay: 30291361792

1735227865
/dev/sda1: 30356283392
overlay: 30356283392

1735227866
/dev/sda1: 30379425792
overlay: 30379425792

1735227867
/dev/sda1: 30385999872
overlay: 30386012160

1735227869
/dev/sda1: 30389456896
overlay: 30389456896

1735227870
/dev/sda1: 30392623104
overlay: 30392623104

1735227872
/dev/sda1: 30393290752
overlay: 30393290752

1735227873
/dev/sda1: 30395015168
overlay: 30395015168

1735227874
/dev/sda1: 30397534208
overlay: 30397534208

1735227875
/dev/sda1: 30400126976
overlay: 30400126976

1735227876
/dev/sda1: 30402379776
overlay: 30402379776

1735227877
/dev/sda1: 30403457024
overlay: 30403457024

1735227878
/dev/sda1: 30405111808
overlay: 30405111808

1735227879
/dev/sda1: 30406623232
overlay: 30406623232

1735227880
/dev/sda1: 30408261632
overlay: 30408261632

1735227881
/dev/sda1: 30409834496
overlay: 30409834496

1735227882
/dev/sda1: 30412066816
overlay: 30412066816

1735227883
/dev/sda1: 30413352960
overlay: 30413352960

1735227884
/dev/sda1: 30415704064
overlay: 30415704064

1735227885
/dev/sda1: 30417809408
overlay: 30417809408

1735227886
/dev/sda1: 30446247936
overlay: 30446247936

1735227892
/dev/sda1: 30750326784
overlay: 30750326784

1735227893
/dev/sda1: 30779641856
overlay: 30779641856

1735227895
/dev/sda1: 30825803776
overlay: 30825803776

1735227897
/dev/sda1: 30872702976
overlay: 30872702976

1735227898
/dev/sda1: 30881689600
overlay: 30881689600

1735227899
/dev/sda1: 30905348096
overlay: 30905348096

1735227900
/dev/sda1: 30966288384
overlay: 30966288384

1735227902
/dev/sda1: 31012548608
overlay: 31012548608

1735227904
/dev/sda1: 31037476864
overlay: 31037476864

1735227907
/dev/sda1: 31071768576
overlay: 31071768576

1735227908
/dev/sda1: 31089397760
overlay: 31089393664

1735227910
/dev/sda1: 31105712128
overlay: 31105712128

1735227912
/dev/sda1: 31134695424
overlay: 31134695424

1735227914
/dev/sda1: 31153516544
overlay: 31153516544

1735227915
/dev/sda1: 31167684608
overlay: 31167684608

1735227916
/dev/sda1: 31173222400
overlay: 31173222400

1735227918
/dev/sda1: 31182966784
overlay: 31182966784

1735227920
/dev/sda1: 31186288640
overlay: 31186288640

1735227921
/dev/sda1: 31187038208
overlay: 31187038208

1735227922
/dev/sda1: 31190151168
overlay: 31190151168

1735227924
/dev/sda1: 31190896640
overlay: 31190896640

1735227925
/dev/sda1: 31191543808
overlay: 31191543808

1735227927
/dev/sda1: 31193899008
overlay: 31193899008

1735227928
/dev/sda1: 31194775552
overlay: 31194775552

1735227929
/dev/sda1: 31196012544
overlay: 31196012544

1735227930
/dev/sda1: 31195193344
overlay: 31195193344

1735227931
/dev/sda1: 31195947008
overlay: 31195947008

1735227932
/dev/sda1: 31196516352
overlay: 31196516352

1735227934
/dev/sda1: 31199371264
overlay: 31199371264

1735227935
/dev/sda1: 31202004992
overlay: 31202004992

1735227936
/dev/sda1: 31201992704
overlay: 31201992704

1735227937
/dev/sda1: 31203569664
overlay: 31203569664

1735227938
/dev/sda1: 31203414016
overlay: 31203414016

1735227939
/dev/sda1: 31203905536
overlay: 31203905536

1735227940
/dev/sda1: 31205609472
overlay: 31205609472

1735227941
/dev/sda1: 31205797888
overlay: 31205797888

1735227942
/dev/sda1: 31206522880
overlay: 31206522880

1735227943
/dev/sda1: 31209771008
overlay: 31209771008

1735227944
/dev/sda1: 31208390656
overlay: 31208390656

1735227945
/dev/sda1: 31209000960
overlay: 31209000960

1735227946
/dev/sda1: 31209107456
overlay: 31209107456

1735227947
/dev/sda1: 31209979904
overlay: 31209979904

1735227948
/dev/sda1: 31210340352
overlay: 31210340352

1735227949
/dev/sda1: 31210491904
overlay: 31210491904

1735227950
/dev/sda1: 31210979328
overlay: 31210979328

1735227951
/dev/sda1: 31211134976
overlay: 31211134976

1735227952
/dev/sda1: 31211294720
overlay: 31211294720

1735227953
/dev/sda1: 31211499520
overlay: 31211499520

1735227954
/dev/sda1: 31211524096
overlay: 31211524096

1735227955
/dev/sda1: 31211720704
overlay: 31211720704

1735227956
/dev/sda1: 31211827200
overlay: 31211827200

1735227957
/dev/sda1: 31212060672
overlay: 31212060672

1735227958
/dev/sda1: 31212085248
overlay: 31212085248

1735227959
/dev/sda1: 31213854720
overlay: 31213854720

1735227960
/dev/sda1: 31213916160
overlay: 31213916160

1735227961
/dev/sda1: 31214247936
overlay: 31214247936

1735227962
/dev/sda1: 31215587328
overlay: 31215587328

1735227963
/dev/sda1: 31216312320
overlay: 31216312320

1735227964
/dev/sda1: 31219453952
overlay: 31219453952

1735227965
/dev/sda1: 31219773440
overlay: 31219773440

1735227966
/dev/sda1: 31219728384
overlay: 31219728384

1735227967
/dev/sda1: 31220105216
overlay: 31220105216

1735227968
/dev/sda1: 31220420608
overlay: 31220420608

1735227969
/dev/sda1: 31221161984
overlay: 31221161984

1735227970
/dev/sda1: 31222566912
overlay: 31222566912

1735227971
/dev/sda1: 31225729024
overlay: 31225729024

1735227972
/dev/sda1: 31226236928
overlay: 31226236928

1735227973
/dev/sda1: 31227187200
overlay: 31227187200

1735227974
/dev/sda1: 31227138048
overlay: 31227138048

1735227975
/dev/sda1: 31227637760
overlay: 31227637760

1735227976
/dev/sda1: 31228964864
overlay: 31228964864

1735227977
/dev/sda1: 31229292544
overlay: 31229292544

1735227978
/dev/sda1: 31229812736
overlay: 31229812736

1735227979
/dev/sda1: 31230234624
overlay: 31230234624

1735227980
/dev/sda1: 31230685184
overlay: 31230685184

1735227981
/dev/sda1: 31231377408
overlay: 31231377408

1735227982
/dev/sda1: 31232352256
overlay: 31232352256

1735227983
/dev/sda1: 31232851968
overlay: 31232851968

1735227984
/dev/sda1: 31233732608
overlay: 31233732608

1735227985
/dev/sda1: 31233994752
overlay: 31233994752

1735227986
/dev/sda1: 31234260992
overlay: 31234260992

1735227987
/dev/sda1: 31235461120
overlay: 31235461120

1735227988
/dev/sda1: 31237480448
overlay: 31237480448

1735227989
/dev/sda1: 31239704576
overlay: 31239704576

1735227990
/dev/sda1: 31242510336
overlay: 31242510336

1735227991
/dev/sda1: 31245344768
overlay: 31245344768

1735227992
/dev/sda1: 31249141760
overlay: 31249141760

1735227993
/dev/sda1: 31242665984
overlay: 31242665984

1735227994
/dev/sda1: 31244075008
overlay: 31244075008

1735227995
/dev/sda1: 31247319040
overlay: 31247319040

1735227996
/dev/sda1: 31253852160
overlay: 31253852160

1735227997
/dev/sda1: 31258140672
overlay: 31258140672

1735227998
/dev/sda1: 31289335808
overlay: 31289339904

1735227999
/dev/sda1: 31322857472
overlay: 31322857472

1735228000
/dev/sda1: 31325302784
overlay: 31325302784

1735228001
/dev/sda1: 31327612928
overlay: 31327612928

1735228002
/dev/sda1: 31342039040
overlay: 31342039040

1735228003
/dev/sda1: 31399440384
overlay: 31399440384

1735228004
/dev/sda1: 31439032320
overlay: 31439024128

1735228006
/dev/sda1: 31459176448
overlay: 31459176448

1735228007
/dev/sda1: 31462072320
overlay: 31462072320

1735228009
/dev/sda1: 31466672128
overlay: 31466672128

1735228011
/dev/sda1: 31477882880
overlay: 31477882880

1735228013
/dev/sda1: 31501774848
overlay: 31501774848

1735228014
/dev/sda1: 31512240128
overlay: 31512240128

1735228015
/dev/sda1: 31516467200
overlay: 31516467200

1735228016
/dev/sda1: 31522316288
overlay: 31522316288

1735228017
/dev/sda1: 31526363136
overlay: 31526363136

1735228018
/dev/sda1: 31527010304
overlay: 31527010304

1735228019
/dev/sda1: 31529091072
overlay: 31529091072

1735228020
/dev/sda1: 31532920832
overlay: 31532920832

1735228021
/dev/sda1: 31533232128
overlay: 31533232128

1735228022
/dev/sda1: 31534850048
overlay: 31534850048

1735228023
/dev/sda1: 31535329280
overlay: 31535329280

1735228024
/dev/sda1: 31538356224
overlay: 31538356224

1735228025
/dev/sda1: 31538589696
overlay: 31538589696

1735228026
/dev/sda1: 31539814400
overlay: 31539814400

1735228028
/dev/sda1: 31541096448
overlay: 31541096448

1735228029
/dev/sda1: 31543611392
overlay: 31543611392

1735228030
/dev/sda1: 31546884096
overlay: 31546884096

1735228031
/dev/sda1: 31549190144
overlay: 31549190144

1735228032
/dev/sda1: 31570862080
overlay: 31570862080

1735228033
/dev/sda1: 31573995520
overlay: 31573995520

1735228035
/dev/sda1: 31578165248
overlay: 31578165248

1735228036
/dev/sda1: 31582871552
overlay: 31582871552

1735228037
/dev/sda1: 31586844672
overlay: 31586795520

1735228039
/dev/sda1: 31583707136
overlay: 31583707136

1735228040
/dev/sda1: 31582310400
overlay: 31582310400

1735228041
/dev/sda1: 31583494144
overlay: 31583494144

1735228042
/dev/sda1: 31583891456
overlay: 31583891456

1735228043
/dev/sda1: 31585148928
overlay: 31585148928

1735228044
/dev/sda1: 31584546816
overlay: 31584546816

1735228045
/dev/sda1: 31584571392
overlay: 31584571392

1735228046
/dev/sda1: 31581863936
overlay: 31581863936

1735228047
/dev/sda1: 31582310400
overlay: 31582310400

1735228048
/dev/sda1: 31585181696
overlay: 31585181696

1735228049
/dev/sda1: 31589507072
overlay: 31589507072

1735228050
/dev/sda1: 31595474944
overlay: 31595474944

1735228051
/dev/sda1: 31596961792
overlay: 31596961792

1735228052
/dev/sda1: 31599226880
overlay: 31599226880

1735228053
/dev/sda1: 31601934336
overlay: 31601942528

1735228054
/dev/sda1: 31606792192
overlay: 31606792192

1735228055
/dev/sda1: 31618113536
overlay: 31618113536

1735228056
/dev/sda1: 31618465792
overlay: 31618465792

1735228057
/dev/sda1: 31618658304
overlay: 31618658304

1735228058
/dev/sda1: 31619080192
overlay: 31619080192

1735228059
/dev/sda1: 31619899392
overlay: 31619899392

1735228060
/dev/sda1: 31620825088
overlay: 31620825088

1735228062
/dev/sda1: 31622361088
overlay: 31622361088

1735228064
/dev/sda1: 31625293824
overlay: 31625293824

1735228065
/dev/sda1: 31626551296
overlay: 31626551296

1735228066
/dev/sda1: 31628058624
overlay: 31628058624

1735228067
/dev/sda1: 31629127680
overlay: 31629127680

1735228068
/dev/sda1: 31630028800
overlay: 31630028800

1735228069
/dev/sda1: 31631597568
overlay: 31631597568

1735228070
/dev/sda1: 31631822848
overlay: 31631822848

1735228071
/dev/sda1: 31632375808
overlay: 31632375808

1735228072
/dev/sda1: 31632695296
overlay: 31632695296

1735228073
/dev/sda1: 31633031168
overlay: 31633031168

1735228074
/dev/sda1: 31634456576
overlay: 31634456576

1735228075
/dev/sda1: 31635410944
overlay: 31635410944

1735228076
/dev/sda1: 31637319680
overlay: 31637319680

1735228077
/dev/sda1: 31637643264
overlay: 31637643264

1735228078
/dev/sda1: 31638228992
overlay: 31638228992

1735228079
/dev/sda1: 31638642688
overlay: 31638642688

1735228080
/dev/sda1: 31638945792
overlay: 31638945792

1735228081
/dev/sda1: 31639093248
overlay: 31639093248

1735228082
/dev/sda1: 31639412736
overlay: 31639412736

1735228083
/dev/sda1: 31639638016
overlay: 31639638016

1735228084
/dev/sda1: 31639822336
overlay: 31639822336

1735228085
/dev/sda1: 31639977984
overlay: 31639977984

1735228086
/dev/sda1: 31640449024
overlay: 31640449024

1735228087
/dev/sda1: 31640653824
overlay: 31640653824

1735228088
/dev/sda1: 31641260032
overlay: 31641260032

1735228089
/dev/sda1: 31641448448
overlay: 31641448448

1735228090
/dev/sda1: 31641550848
overlay: 31641550848

1735228091
/dev/sda1: 31643963392
overlay: 31643963392

1735228092
/dev/sda1: 31644807168
overlay: 31644807168

1735228094
/dev/sda1: 31645470720
overlay: 31645470720

1735228096
/dev/sda1: 31646806016
overlay: 31646806016

1735228097
/dev/sda1: 31646949376
overlay: 31646949376

1735228098
/dev/sda1: 31647076352
overlay: 31647076352

1735228104
/dev/sda1: 31647379456
overlay: 31647379456

1735228106
/dev/sda1: 31647830016
overlay: 31647830016

1735230931
/dev/sda1: 31647907840
overlay: 31647907840

