1735227511
0.0 0.0 0.0

1735227512
0.0 0.0 0.0

1735227513
0.0 0.0 0.0

1735227514
0.0 0.0 0.0

1735227515
0.0 0.0 0.0

1735227516
0.0 0.0 0.0

1735227517
0.0 0.0 0.0

1735227518
0.0 0.0 0.0

1735227519
0.0 0.0 0.0

1735227520
0.0 0.0 0.0

1735227521
0.0 0.0 0.0

1735227522
0.0 0.0 0.0

1735227523
0.0 0.0 0.0

1735227524
0.0 0.0 0.0

1735227525
0.0 0.0 0.0

1735227526
0.0 0.0 0.0

1735227527
0.0 0.0 0.0

1735227528
0.0 0.0 0.0

1735227529
0.0 0.0 0.0

1735227530
0.0 0.0 0.0

1735227531
0.0 0.0 0.0

1735227532
0.0 0.0 0.0

1735227533
0.0 0.0 0.0

1735227534
0.0 0.0 0.0

1735227535
0.0 0.0 0.0

1735227536
0.0 0.0 0.0

1735227537
0.0 0.0 0.0

1735227538
0.0 0.0 0.0

1735227539
0.0 0.0 0.0

1735227540
0.0 0.0 0.0

1735227541
0.0 0.0 0.0

1735227542
0.0 0.0 0.0

1735227543
0.0 0.0 0.0

1735227544
0.0 0.0 0.0

1735227545
0.0 0.0 0.0

1735227546
0.0 0.0 0.0

1735227547
0.0 0.0 0.0

1735227548
0.0 0.0 0.0

1735227549
0.0 0.0 0.0

1735227550
0.0 0.0 0.0

1735227551
0.0 0.0 0.0

1735227552
0.0 0.0 0.0

1735227553
0.0 0.0 0.0

1735227554
0.0 0.0 0.0

1735227555
0.0 0.0 0.0

1735227556
0.0 0.0 0.0

1735227557
0.0 0.0 0.0

1735227558
0.0 0.0 0.0

1735227559
0.0 0.0 0.0

1735227560
0.0 0.0 0.0

1735227561
0.0 0.0 0.0

1735227562
0.0 0.0 0.0

1735227563
0.0 0.0 0.0

1735227564
0.0 0.0 0.0

1735227565
0.0 0.0 0.0

1735227566
0.0 0.0 0.0

1735227567
0.0 0.0 0.0

1735227568
0.0 0.0 0.0

1735227569
0.0 0.0 0.0

1735227570
0.0 0.0 0.0

1735227571
0.0 0.0 0.0

1735227572
0.0 0.0 0.0

1735227573
0.0 0.0 0.0

1735227574
0.0 0.0 0.0

1735227575
0.0 0.0 0.0

1735227576
0.0 0.0 0.0

1735227577
0.0 0.0 0.0

1735227578
0.0 0.0 0.0

1735227579
0.0 0.0 0.0

1735227580
0.0 0.0 0.0

1735227581
0.0 0.0 0.0

1735227582
0.0 0.0 0.0

1735227583
0.0 0.0 0.0

1735227584
0.0 0.0 0.0

1735227585
0.0 0.0 0.0

1735227586
0.0 0.0 0.0

1735227587
0.0 0.0 0.0

1735227588
0.0 0.0 0.0

1735227589
0.0 0.0 0.0

1735227590
0.0 0.0 0.0

1735227591
0.0 0.0 0.0

1735227592
0.0 0.0 0.0

1735227593
0.0 0.0 0.0

1735227594
0.0 0.0 0.0

1735227595
0.0 0.0 0.0

1735227596
0.0 0.0 0.0

1735227597
0.0 0.0 0.0

1735227598
0.0 0.0 0.0

1735227599
0.0 0.0 0.0

1735227600
0.0 0.0 0.0

1735227601
0.0 0.0 0.0

1735227602
0.0 0.0 0.0

1735227603
0.0 0.0 0.0

1735227604
0.0 0.0 0.0

1735227605
0.0 0.0 0.0

1735227606
0.0 0.0 0.0

1735227607
0.0 0.0 0.0

1735227608
0.0 0.0 0.0

1735227609
0.0 0.0 0.0

1735227610
0.0 0.0 0.0

1735227611
0.0 0.0 0.0

1735227612
0.0 0.0 0.0

1735227613
0.0 0.0 0.0

1735227614
0.0 0.0 0.0

1735227615
0.0 0.0 0.0

1735227616
0.0 0.0 0.0

1735227617
0.0 0.0 0.0

1735227618
0.0 0.0 0.0

1735227619
0.0 0.0 0.0

1735227620
0.0 0.0 0.0

1735227621
0.0 0.0 0.0

1735227622
0.0 0.0 0.0

1735227623
0.0 0.0 0.0

1735227624
0.0 0.0 0.0

1735227625
0.0 0.0 0.0

1735227626
0.0 0.0 0.0

1735227627
0.0 0.0 0.0

1735227628
0.0 0.0 0.0

1735227629
0.0 0.0 0.0

1735227630
0.0 0.0 0.0

1735227631
0.0 0.0 0.0

1735227632
0.0 0.0 0.0

1735227633
0.0 0.0 0.0

1735227634
0.0 0.0 0.0

1735227635
0.0 0.0 0.0

1735227636
0.0 0.0 0.0

1735227637
0.0 0.0 0.0

1735227638
0.0 0.0 0.0

1735227639
0.0 0.0 0.0

1735227640
0.0 0.0 0.0

1735227641
0.0 0.0 0.0

1735227642
0.0 0.0 0.0

1735227643
0.0 0.0 0.0

1735227644
0.0 0.0 0.0

1735227645
0.0 0.0 0.0

1735227646
0.0 0.0 0.0

1735227647
0.0 0.0 0.0

1735227648
0.0 0.0 0.0

1735227649
0.0 0.0 0.0

1735227650
0.0 0.0 0.0

1735227651
0.0 0.0 0.0

1735227652
0.0 0.0 0.0

1735227653
0.0 0.0 0.0

1735227654
0.0 0.0 0.0

1735227655
0.0 0.0 0.0

1735227656
0.0 0.0 0.0

1735227657
0.0 0.0 0.0

1735227658
0.0 0.0 0.0

1735227660
0.0 0.0 0.0

1735227661
0.0 0.0 0.0

1735227662
0.0 0.0 0.0

1735227663
0.0 0.0 0.0

1735227664
0.0 0.0 0.0

1735227665
0.0 0.0 0.0

1735227666
0.0 0.0 0.0

1735227667
0.0 0.0 0.0

1735227668
0.0 0.0 0.0

1735227669
0.0 0.0 0.0

1735227670
0.0 0.0 0.0

1735227671
0.0 0.0 0.0

1735227672
0.0 0.0 0.0

1735227673
0.0 0.0 0.0

1735227674
0.0 0.0 0.0

1735227675
0.0 0.0 0.0

1735227676
0.0 0.0 0.0

1735227677
0.0 0.0 0.0

1735227678
0.0 0.0 0.0

1735227679
0.0 0.0 0.0

1735227680
0.0 0.0 0.0

1735227681
0.0 0.0 0.0

1735227682
0.0 0.0 0.0

1735227683
0.0 0.0 0.0

1735227684
0.0 0.0 0.0

1735227685
0.0 0.0 0.0

1735227686
0.0 0.0 0.0

1735227687
0.0 0.0 0.0

1735227688
0.0 0.0 0.0

1735227689
0.0 0.0 0.0

1735227690
0.0 0.0 0.0

1735227691
0.0 0.0 0.0

1735227692
0.0 0.0 0.0

1735227693
0.0 0.0 0.0

1735227694
0.0 0.0 0.0

1735227695
0.0 0.0 0.0

1735227696
0.0 0.0 0.0

1735227697
0.0 0.0 0.0

1735227698
0.0 0.0 0.0

1735227699
0.0 0.0 0.0

1735227700
0.0 0.0 0.0

1735227701
0.0 0.0 0.0

1735227702
0.0 0.0 0.0

1735227703
0.0 0.0 0.0

1735227704
0.0 0.0 0.0

1735227705
0.0 0.0 0.0

1735227706
0.0 0.0 0.0

1735227707
0.0 0.0 0.0

1735227708
0.0 0.0 0.0

1735227709
0.0 0.0 0.0

1735227710
0.0 0.0 0.0

1735227711
0.0 0.0 0.0

1735227712
0.0 0.0 0.0

1735227713
0.0 0.0 0.0

1735227714
0.0 0.0 0.0

1735227715
0.0 0.0 0.0

1735227716
0.0 0.0 0.0

1735227717
0.0 0.0 0.0

1735227718
0.0 0.0 0.0

1735227719
0.0 0.0 0.0

1735227721
0.0 0.0 0.0

1735227722
0.0 0.0 0.0

1735227723
0.0 0.0 0.0

1735227724
0.0 0.0 0.0

1735227725
0.0 0.0 0.0

1735227726
0.0 0.0 0.0

1735227727
0.0 0.0 0.0

1735227729
0.0 0.0 0.0

1735227730
0.0 0.0 0.0

1735227731
0.0 0.0 0.0

1735227732
0.0 0.0 0.0

1735227733
0.0 0.0 0.0

1735227734
0.0 0.0 0.0

1735227735
0.0 0.0 0.0

1735227736
0.0 0.0 0.0

1735227737
0.0 0.0 0.0

1735227738
0.0 0.0 0.0

1735227739
0.0 0.0 0.0

1735227740
0.0 0.0 0.0

1735227741
0.0 0.0 0.0

1735227742
0.0 0.0 0.0

1735227743
0.0 0.0 0.0

1735227744
0.0 0.0 0.0

1735227745
0.0 0.0 0.0

1735227746
0.0 0.0 0.0

1735227747
0.0 0.0 0.0

1735227748
0.0 0.0 0.0

1735227749
0.0 0.0 0.0

1735227750
0.0 0.0 0.0

1735227751
0.0 0.0 0.0

1735227752
0.0 0.0 0.0

1735227753
0.0 0.0 0.0

1735227754
0.0 0.0 0.0

1735227755
0.0 0.0 0.0

1735227756
0.0 0.0 0.0

1735227757
0.0 0.0 0.0

1735227758
0.0 0.0 0.0

1735227759
0.0 0.0 0.0

1735227760
0.0 0.0 0.0

1735227761
0.0 0.0 0.0

1735227762
0.0 0.0 0.0

1735227763
0.0 0.0 0.0

1735227764
0.0 0.0 0.0

1735227765
0.0 0.0 0.0

1735227766
0.0 0.0 0.0

1735227767
0.0 0.0 0.0

1735227768
0.0 0.0 0.0

1735227769
0.0 0.0 0.0

1735227770
0.0 0.0 0.0

1735227771
0.0 0.0 0.0

1735227772
0.0 0.0 0.0

1735227773
0.0 0.0 0.0

1735227775
0.0 0.0 0.0

1735227776
0.0 0.0 0.0

1735227777
0.0 0.0 0.0

1735227778
0.0 0.0 0.0

1735227779
0.0 0.0 0.0

1735227780
0.0 0.0 0.0

1735227781
0.0 0.0 0.0

1735227782
0.0 0.0 0.0

1735227783
0.0 0.0 0.0

1735227784
0.0 0.0 0.0

1735227785
0.0 0.0 0.0

1735227786
0.0 0.0 0.0

1735227787
0.0 0.0 0.0

1735227788
0.0 0.0 0.0

1735227789
0.0 0.0 0.0

1735227790
0.0 0.0 0.0

1735227791
0.0 0.0 0.0

1735227792
0.0 0.0 0.0

1735227793
0.0 0.0 0.0

1735227794
0.0 0.0 0.0

1735227795
0.0 0.0 0.0

1735227796
0.0 0.0 0.0

1735227797
0.0 0.0 0.0

1735227798
0.0 0.0 0.0

1735227799
0.0 0.0 0.0

1735227800
0.0 0.0 0.0

1735227801
0.0 0.0 0.0

1735227802
0.0 0.0 0.0

1735227803
0.0 0.0 0.0

1735227804
0.0 0.0 0.0

1735227805
0.0 0.0 0.0

1735227806
0.0 0.0 0.0

1735227807
0.0 0.0 0.0

1735227808
0.0 0.0 0.0

1735227809
0.0 0.0 0.0

1735227810
0.0 0.0 0.0

1735227811
0.0 0.0 0.0

1735227812
0.0 0.0 0.0

1735227813
0.0 0.0 0.0

1735227814
0.0 0.0 0.0

1735227815
0.0 0.0 0.0

1735227816
0.0 0.0 0.0

1735227817
0.0 0.0 0.0

1735227818
0.0 0.0 0.0

1735227819
0.0 0.0 0.0

1735227820
0.0 0.0 0.0

1735227821
0.0 0.0 0.0

1735227822
0.0 0.0 0.0

1735227823
0.0 0.0 0.0

1735227824
0.0 0.0 0.0

1735227825
0.0 0.0 0.0

1735227826
0.0 0.0 0.0

1735227827
0.0 0.0 0.0

1735227828
0.0 0.0 0.0

1735227829
0.0 0.0 0.0

1735227830
0.0 0.0 0.0

1735227831
0.0 0.0 0.0

1735227832
0.0 0.0 0.0

1735227833
0.0 0.0 0.0

1735227834
0.0 0.0 0.0

1735227835
0.0 0.0 0.0

1735227836
0.0 0.0 0.0

1735227837
0.0 0.0 0.0

1735227838
0.0 0.0 0.0

1735227839
0.0 0.0 0.0

1735227840
0.0 0.0 0.0

1735227841
0.0 0.0 0.0

1735227842
0.0 0.0 0.0

1735227843
0.0 0.0 0.0

1735227844
0.0 0.0 0.0

1735227845
0.0 0.0 0.0

1735227846
0.0 0.0 0.0

1735227847
0.0 0.0 0.0

1735227848
0.0 0.0 0.0

1735227849
0.0 0.0 0.0

1735227850
0.0 0.0 0.0

1735227851
0.0 0.0 0.0

1735227852
0.0 0.0 0.0

1735227853
0.0 0.0 0.0

1735227854
0.0 0.0 0.0

1735227855
0.0 0.0 0.0

1735227856
0.0 0.0 0.0

1735227857
0.0 0.0 0.0

1735227859
0.0 0.0 0.0

1735227860
0.0 0.0 0.0

1735227861
0.0 0.0 0.0

1735227862
0.0 0.0 0.0

1735227863
0.0 0.0 0.0

1735227864
0.0 0.0 0.0

1735227865
0.0 0.0 0.0

1735227866
0.0 0.0 0.0

1735227867
0.0 0.0 0.0

1735227868
0.0 0.0 0.0

1735227869
0.0 0.0 0.0

1735227870
0.0 0.0 0.0

1735227871
0.0 0.0 0.0

1735227872
0.0 0.0 0.0

1735227873
0.0 0.0 0.0

1735227874
0.0 0.0 0.0

1735227875
0.0 0.0 0.0

1735227876
0.0 0.0 0.0

1735227877
0.0 0.0 0.0

1735227878
0.0 0.0 0.0

1735227879
0.0 0.0 0.0

1735227880
0.0 0.0 0.0

1735227881
0.0 0.0 0.0

1735227882
0.0 0.0 0.0

1735227883
0.0 0.0 0.0

1735227884
0.0 0.0 0.0

1735227885
0.0 0.0 0.0

1735227886
0.0 0.0 0.0

1735227892
0.0 0.0 0.0

1735227893
0.0 0.0 0.0

1735227895
0.0 0.0 0.0

1735227896
0.0 0.0 0.0

1735227897
0.0 0.0 0.0

1735227898
0.0 0.0 0.0

1735227899
0.0 0.0 0.0

1735227900
0.0 0.0 0.0

1735227901
0.0 0.0 0.0

1735227902
0.0 0.0 0.0

1735227903
0.0 0.0 0.0

1735227904
0.0 0.0 0.0

1735227905
0.0 0.0 0.0

1735227906
0.0 0.0 0.0

1735227907
0.0 0.0 0.0

1735227908
0.0 0.0 0.0

1735227909
0.0 0.0 0.0

1735227910
0.0 0.0 0.0

1735227911
0.0 0.0 0.0

1735227912
0.0 0.0 0.0

1735227913
0.0 0.0 0.0

1735227914
0.0 0.0 0.0

1735227915
0.0 0.0 0.0

1735227916
0.0 0.0 0.0

1735227917
0.0 0.0 0.0

1735227918
0.0 0.0 0.0

1735227919
0.0 0.0 0.0

1735227920
0.0 0.0 0.0

1735227921
0.0 0.0 0.0

1735227922
0.0 0.0 0.0

1735227923
0.0 0.0 0.0

1735227924
0.0 0.0 0.0

1735227925
0.0 0.0 0.0

1735227926
0.0 0.0 0.0

1735227927
0.0 0.0 0.0

1735227928
0.0 0.0 0.0

1735227929
0.0 0.0 0.0

1735227930
0.0 0.0 0.0

1735227931
0.0 0.0 0.0

1735227932
0.0 0.0 0.0

1735227933
0.0 0.0 0.0

1735227934
0.0 0.0 0.0

1735227935
0.0 0.0 0.0

1735227936
0.0 0.0 0.0

1735227937
0.0 0.0 0.0

1735227938
0.0 0.0 0.0

1735227939
0.0 0.0 0.0

1735227940
0.0 0.0 0.0

1735227941
0.0 0.0 0.0

1735227942
0.0 0.0 0.0

1735227943
0.0 0.0 0.0

1735227944
0.0 0.0 0.0

1735227945
0.0 0.0 0.0

1735227946
0.0 0.0 0.0

1735227947
0.0 0.0 0.0

1735227948
0.0 0.0 0.0

1735227949
0.0 0.0 0.0

1735227950
0.0 0.0 0.0

1735227951
0.0 0.0 0.0

1735227952
0.0 0.0 0.0

1735227953
0.0 0.0 0.0

1735227954
0.0 0.0 0.0

1735227955
0.0 0.0 0.0

1735227956
0.0 0.0 0.0

1735227957
0.0 0.0 0.0

1735227958
0.0 0.0 0.0

1735227959
0.0 0.0 0.0

1735227960
0.0 0.0 0.0

1735227961
0.0 0.0 0.0

1735227962
0.0 0.0 0.0

1735227963
0.0 0.0 0.0

1735227964
0.0 0.0 0.0

1735227965
0.0 0.0 0.0

1735227966
0.0 0.0 0.0

1735227967
0.0 0.0 0.0

1735227968
0.0 0.0 0.0

1735227969
0.0 0.0 0.0

1735227970
0.0 0.0 0.0

1735227971
0.0 0.0 0.0

1735227972
0.0 0.0 0.0

1735227973
0.0 0.0 0.0

1735227974
0.0 0.0 0.0

1735227975
0.0 0.0 0.0

1735227976
0.0 0.0 0.0

1735227977
0.0 0.0 0.0

1735227978
0.0 0.0 0.0

1735227979
0.0 0.0 0.0

1735227980
0.0 0.0 0.0

1735227981
0.0 0.0 0.0

1735227982
0.0 0.0 0.0

1735227983
0.0 0.0 0.0

1735227984
0.0 0.0 0.0

1735227985
0.0 0.0 0.0

1735227986
0.0 0.0 0.0

1735227987
0.0 0.0 0.0

1735227988
0.0 0.0 0.0

1735227989
0.0 0.0 0.0

1735227990
0.0 0.0 0.0

1735227991
0.0 0.0 0.0

1735227992
0.0 0.0 0.0

1735227993
0.0 0.0 0.0

1735227994
0.0 0.0 0.0

1735227995
0.0 0.0 0.0

1735227996
0.0 0.0 0.0

1735227997
0.0 0.0 0.0

1735227998
0.0 0.0 0.0

1735227999
0.0 0.0 0.0

1735228000
0.0 0.0 0.0

1735228001
0.0 0.0 0.0

1735228002
0.0 0.0 0.0

1735228003
0.0 0.0 0.0

1735228004
0.0 0.0 0.0

1735228005
0.0 0.0 0.0

1735228006
0.0 0.0 0.0

1735228007
0.0 0.0 0.0

1735228008
0.0 0.0 0.0

1735228009
0.0 0.0 0.0

1735228010
0.0 0.0 0.0

1735228011
0.0 0.0 0.0

1735228012
0.0 0.0 0.0

1735228013
0.0 0.0 0.0

1735228014
0.0 0.0 0.0

1735228015
0.0 0.0 0.0

1735228016
0.0 0.0 0.0

1735228017
0.0 0.0 0.0

1735228018
0.0 0.0 0.0

1735228019
0.0 0.0 0.0

1735228020
0.0 0.0 0.0

1735228021
0.0 0.0 0.0

1735228022
0.0 0.0 0.0

1735228023
0.0 0.0 0.0

1735228024
0.0 0.0 0.0

1735228025
0.0 0.0 0.0

1735228026
0.0 0.0 0.0

1735228027
0.0 0.0 0.0

1735228028
0.0 0.0 0.0

1735228029
0.0 0.0 0.0

1735228030
0.0 0.0 0.0

1735228031
0.0 0.0 0.0

1735228032
0.0 0.0 0.0

1735228033
0.0 0.0 0.0

1735228034
0.0 0.0 0.0

1735228035
0.0 0.0 0.0

1735228036
0.0 0.0 0.0

1735228037
0.0 0.0 0.0

1735228038
0.0 0.0 0.0

1735228039
0.0 0.0 0.0

1735228040
0.0 0.0 0.0

1735228041
0.0 0.0 0.0

1735228042
0.0 0.0 0.0

1735228043
0.0 0.0 0.0

1735228044
0.0 0.0 0.0

1735228045
0.0 0.0 0.0

1735228046
0.0 0.0 0.0

1735228047
0.0 0.0 0.0

1735228048
0.0 0.0 0.0

1735228049
0.0 0.0 0.0

1735228050
0.0 0.0 0.0

1735228051
0.0 0.0 0.0

1735228052
0.0 0.0 0.0

1735228053
0.0 0.0 0.0

1735228054
0.0 0.0 0.0

1735228055
0.0 0.0 0.0

1735228056
0.0 0.0 0.0

1735228057
0.0 0.0 0.0

1735228058
0.0 0.0 0.0

1735228059
0.0 0.0 0.0

1735228060
0.0 0.0 0.0

1735228061
0.0 0.0 0.0

1735228062
0.0 0.0 0.0

1735228063
0.0 0.0 0.0

1735228064
0.0 0.0 0.0

1735228065
0.0 0.0 0.0

1735228066
0.0 0.0 0.0

1735228067
0.0 0.0 0.0

1735228068
0.0 0.0 0.0

1735228069
0.0 0.0 0.0

1735228070
0.0 0.0 0.0

1735228071
0.0 0.0 0.0

1735228072
0.0 0.0 0.0

1735228073
0.0 0.0 0.0

1735228074
0.0 0.0 0.0

1735228075
0.0 0.0 0.0

1735228076
0.0 0.0 0.0

1735228077
0.0 0.0 0.0

1735228078
0.0 0.0 0.0

1735228079
0.0 0.0 0.0

1735228080
0.0 0.0 0.0

1735228081
0.0 0.0 0.0

1735228082
0.0 0.0 0.0

1735228083
0.0 0.0 0.0

1735228084
0.0 0.0 0.0

1735228085
0.0 0.0 0.0

1735228086
0.0 0.0 0.0

1735228087
0.0 0.0 0.0

1735228088
0.0 0.0 0.0

1735228089
0.0 0.0 0.0

1735228090
0.0 0.0 0.0

1735228091
0.0 0.0 0.0

1735228092
0.0 0.0 0.0

1735228093
0.0 0.0 0.0

1735228094
0.0 0.0 0.0

1735228096
0.0 0.0 0.0

1735228097
0.0 0.0 0.0

1735228098
0.0 0.0 0.0

1735228104
0.0 0.0 0.0

1735228105
0.0 0.0 0.0

1735228106
0.0 0.0 0.0

1735228995
0.0 0.0 0.0

1735230931
0.0 0.0 0.0

