1735227511
eth0: 122520883 2846738 0 0
lo: 0 0 0 0

1735227512
eth0: 122521443 2847974 560 1236
lo: 0 0 0 0

1735227513
eth0: 124728611 2914455 2207168 66481
lo: 0 0 0 0

1735227514
eth0: 133428686 3109844 8700075 195389
lo: 0 0 0 0

1735227515
eth0: 139834964 3258162 6406278 148318
lo: 0 0 0 0

1735227516
eth0: 141337625 3292111 1502661 33949
lo: 0 0 0 0

1735227517
eth0: 142675983 3331371 1338358 39260
lo: 0 0 0 0

1735227518
eth0: 147963098 3454506 5287115 123135
lo: 0 0 0 0

1735227519
eth0: 151648221 3540105 3685123 85599
lo: 0 0 0 0

1735227520
eth0: 158605995 3695281 6957774 155176
lo: 0 0 0 0

1735227521
eth0: 161346736 3755585 2740741 60304
lo: 0 0 0 0

1735227522
eth0: 162679466 3785253 1332730 29668
lo: 0 0 0 0

1735227523
eth0: 163818082 3809385 1138616 24132
lo: 0 0 0 0

1735227524
eth0: 165022918 3835480 1204836 26095
lo: 0 0 0 0

1735227525
eth0: 165023058 3835812 140 332
lo: 0 0 0 0

1735227526
eth0: 167611829 3905511 2588771 69699
lo: 0 0 0 0

1735227527
eth0: 170023395 3963789 2411566 58278
lo: 0 0 0 0

1735227528
eth0: 172874706 4031217 2851311 67428
lo: 0 0 0 0

1735227529
eth0: 175663337 4096238 2788631 65021
lo: 0 0 0 0

1735227530
eth0: 183423755 4271762 7760418 175524
lo: 0 0 0 0

1735227531
eth0: 195212988 4604071 11789233 332309
lo: 0 0 0 0

1735227532
eth0: 207317630 4865307 12104642 261236
lo: 0 0 0 0

1735227533
eth0: 219383517 5124542 12065887 259235
lo: 0 0 0 0

1735227534
eth0: 231164948 5387478 11781431 262936
lo: 0 0 0 0

1735227535
eth0: 243055856 5645834 11890908 258356
lo: 0 0 0 0

1735227536
eth0: 255120439 5907806 12064583 261972
lo: 0 0 0 0

1735227537
eth0: 267106703 6166020 11986264 258214
lo: 0 0 0 0

1735227538
eth0: 279117288 6420388 12010585 254368
lo: 0 0 0 0

1735227539
eth0: 291038218 6678882 11920930 258494
lo: 0 0 0 0

1735227540
eth0: 303124452 6940822 12086234 261940
lo: 0 0 0 0

1735227541
eth0: 315187032 7200812 12062580 259990
lo: 0 0 0 0

1735227542
eth0: 324054616 7394342 8867584 193530
lo: 0 0 0 0

1735227543
eth0: 336076793 7657606 12022177 263264
lo: 0 0 0 0

1735227544
eth0: 347550199 7906233 11473406 248627
lo: 0 0 0 0

1735227545
eth0: 359559214 8168313 12009015 262080
lo: 0 0 0 0

1735227546
eth0: 371465878 8425405 11906664 257092
lo: 0 0 0 0

1735227547
eth0: 383135914 8684333 11670036 258928
lo: 0 0 0 0

1735227548
eth0: 392647899 8893147 9511985 208814
lo: 0 0 0 0

1735227549
eth0: 395519057 8960105 2871158 66958
lo: 0 0 0 0

1735227550
eth0: 398483265 9028739 2964208 68634
lo: 0 0 0 0

1735227551
eth0: 401750289 9103301 3267024 74562
lo: 0 0 0 0

1735227552
eth0: 405786713 9195593 4036424 92292
lo: 0 0 0 0

1735227553
eth0: 410054741 9288965 4268028 93372
lo: 0 0 0 0

1735227554
eth0: 414172937 9380701 4118196 91736
lo: 0 0 0 0

1735227555
eth0: 419116855 9491527 4943918 110826
lo: 0 0 0 0

1735227556
eth0: 424465161 9610289 5348306 118762
lo: 0 0 0 0

1735227557
eth0: 429601291 9725917 5136130 115628
lo: 0 0 0 0

1735227558
eth0: 435102062 9849473 5500771 123556
lo: 0 0 0 0

1735227559
eth0: 441621939 9997182 6519877 147709
lo: 0 0 0 0

1735227560
eth0: 450319748 10190389 8697809 193207
lo: 0 0 0 0

1735227561
eth0: 458892672 10384385 8572924 193996
lo: 0 0 0 0

1735227562
eth0: 467863049 10584629 8970377 200244
lo: 0 0 0 0

1735227563
eth0: 474827906 10742555 6964857 157926
lo: 0 0 0 0

1735227564
eth0: 481922140 10904740 7094234 162185
lo: 0 0 0 0

1735227565
eth0: 488030454 11043546 6108314 138806
lo: 0 0 0 0

1735227566
eth0: 498573322 11274653 10542868 231107
lo: 0 0 0 0

1735227567
eth0: 510433652 11527719 11860330 253066
lo: 0 0 0 0

1735227568
eth0: 520711933 11746583 10278281 218864
lo: 0 0 0 0

1735227569
eth0: 522618971 11791199 1907038 44616
lo: 0 0 0 0

1735227570
eth0: 524908633 11845193 2289662 53994
lo: 0 0 0 0

1735227571
eth0: 527181131 11900613 2272498 55420
lo: 0 0 0 0

1735227572
eth0: 531684049 12005165 4502918 104552
lo: 0 0 0 0

1735227573
eth0: 543722207 12257095 12038158 251930
lo: 0 0 0 0

1735227574
eth0: 554183148 12474683 10460941 217588
lo: 0 0 0 0

1735227575
eth0: 556494144 12526619 2310996 51936
lo: 0 0 0 0

1735227576
eth0: 558551827 12575974 2057683 49355
lo: 0 0 0 0

1735227577
eth0: 559861037 12608878 1309210 32904
lo: 0 0 0 0

1735227578
eth0: 561267069 12641944 1406032 33066
lo: 0 0 0 0

1735227579
eth0: 565775867 12745640 4508798 103696
lo: 0 0 0 0

1735227580
eth0: 566799593 12769598 1023726 23958
lo: 0 0 0 0

1735227581
eth0: 568223969 12802346 1424376 32748
lo: 0 0 0 0

1735227582
eth0: 569879509 12841082 1655540 38736
lo: 0 0 0 0

1735227583
eth0: 570247224 12850322 367715 9240
lo: 0 0 0 0

1735227584
eth0: 570593852 12858962 346628 8640
lo: 0 0 0 0

1735227585
eth0: 571119520 12872576 525668 13614
lo: 0 0 0 0

1735227586
eth0: 571541122 12883334 421602 10758
lo: 0 0 0 0

1735227587
eth0: 571931614 12892550 390492 9216
lo: 0 0 0 0

1735227588
eth0: 572546146 12906086 614532 13536
lo: 0 0 0 0

1735227589
eth0: 573276456 12922910 730310 16824
lo: 0 0 0 0

1735227590
eth0: 573654812 12932582 378356 9672
lo: 0 0 0 0

1735227591
eth0: 573814974 12936974 160162 4392
lo: 0 0 0 0

1735227592
eth0: 574205376 12946940 390402 9966
lo: 0 0 0 0

1735227593
eth0: 574340250 12951062 134874 4122
lo: 0 0 0 0

1735227594
eth0: 574473676 12954914 133426 3852
lo: 0 0 0 0

1735227595
eth0: 574993624 12972063 519948 17149
lo: 0 0 0 0

1735227596
eth0: 576089602 12996889 1095978 24826
lo: 0 0 0 0

1735227597
eth0: 576723842 13011511 634240 14622
lo: 0 0 0 0

1735227598
eth0: 576948170 13017241 224328 5730
lo: 0 0 0 0

1735227599
eth0: 577366678 13026877 418508 9636
lo: 0 0 0 0

1735227600
eth0: 577636294 13033723 269616 6846
lo: 0 0 0 0

1735227601
eth0: 578216117 13048072 579823 14349
lo: 0 0 0 0

1735227602
eth0: 578850347 13125621 634230 77549
lo: 0 0 0 0

1735227603
eth0: 583497956 13230246 4647609 104625
lo: 0 0 0 0

1735227604
eth0: 586994368 13308582 3496412 78336
lo: 0 0 0 0

1735227605
eth0: 590136862 13384326 3142494 75744
lo: 0 0 0 0

1735227606
eth0: 594823358 13494514 4686496 110188
lo: 0 0 0 0

1735227607
eth0: 601764131 13641518 6940773 147004
lo: 0 0 0 0

1735227608
eth0: 611461747 13847631 9697616 206113
lo: 0 0 0 0

1735227609
eth0: 615833111 13943613 4371364 95982
lo: 0 0 0 0

1735227610
eth0: 617155577 13975251 1322466 31638
lo: 0 0 0 0

1735227611
eth0: 618180243 13999051 1024666 23800
lo: 0 0 0 0

1735227612
eth0: 619281066 14026452 1100823 27401
lo: 0 0 0 0

1735227613
eth0: 621328181 14078424 2047115 51972
lo: 0 0 0 0

1735227614
eth0: 629423480 14252701 8095299 174277
lo: 0 0 0 0

1735227615
eth0: 638423975 14440481 9000495 187780
lo: 0 0 0 0

1735227616
eth0: 642573721 14533727 4149746 93246
lo: 0 0 0 0

1735227617
eth0: 645855319 14612363 3281598 78636
lo: 0 0 0 0

1735227618
eth0: 646763437 14634035 908118 21672
lo: 0 0 0 0

1735227619
eth0: 648045167 14664613 1281730 30578
lo: 0 0 0 0

1735227620
eth0: 648556123 14676163 510956 11550
lo: 0 0 0 0

1735227621
eth0: 648838879 14683201 282756 7038
lo: 0 0 0 0

1735227622
eth0: 649064799 14688847 225920 5646
lo: 0 0 0 0

1735227623
eth0: 649307031 14694721 242232 5874
lo: 0 0 0 0

1735227624
eth0: 649574617 14701885 267586 7164
lo: 0 0 0 0

1735227625
eth0: 649801973 14708191 227356 6306
lo: 0 0 0 0

1735227626
eth0: 650106539 14716675 304566 8484
lo: 0 0 0 0

1735227627
eth0: 650200931 14719381 94392 2706
lo: 0 0 0 0

1735227628
eth0: 650768162 14735412 567231 16031
lo: 0 0 0 0

1735227629
eth0: 651670481 14762595 902319 27183
lo: 0 0 0 0

1735227630
eth0: 652629031 14787747 958550 25152
lo: 0 0 0 0

1735227631
eth0: 652842488 14795256 213457 7509
lo: 0 0 0 0

1735227632
eth0: 653622525 14816626 780037 21370
lo: 0 0 0 0

1735227633
eth0: 653970337 14825206 347812 8580
lo: 0 0 0 0

1735227634
eth0: 654598557 14839990 628220 14784
lo: 0 0 0 0

1735227635
eth0: 654778389 14845450 179832 5460
lo: 0 0 0 0

1735227636
eth0: 654935775 14849872 157386 4422
lo: 0 0 0 0

1735227637
eth0: 655134195 14856601 198420 6729
lo: 0 0 0 0

1735227638
eth0: 655528071 14863178 393876 6577
lo: 0 0 0 0

1735227639
eth0: 656946197 14902316 1418126 39138
lo: 0 0 0 0

1735227640
eth0: 664576514 15068622 7630317 166306
lo: 0 0 0 0

1735227641
eth0: 665906777 15099378 1330263 30756
lo: 0 0 0 0

1735227642
eth0: 666818982 15130461 912205 31083
lo: 0 0 0 0

1735227643
eth0: 672475557 15316001 5656575 185540
lo: 0 0 0 0

1735227644
eth0: 677820329 15431729 5344772 115728
lo: 0 0 0 0

1735227645
eth0: 684172441 15576701 6352112 144972
lo: 0 0 0 0

1735227646
eth0: 692457782 15764983 8285341 188282
lo: 0 0 0 0

1735227647
eth0: 701747295 15967505 9289513 202522
lo: 0 0 0 0

1735227648
eth0: 706290010 16072348 4542715 104843
lo: 0 0 0 0

1735227649
eth0: 711827076 16201614 5537066 129266
lo: 0 0 0 0

1735227650
eth0: 716802238 16313602 4975162 111988
lo: 0 0 0 0

1735227651
eth0: 720432407 16394950 3630169 81348
lo: 0 0 0 0

1735227652
eth0: 723045521 16453288 2613114 58338
lo: 0 0 0 0

1735227653
eth0: 726184223 16525270 3138702 71982
lo: 0 0 0 0

1735227654
eth0: 729775909 16610610 3591686 85340
lo: 0 0 0 0

1735227655
eth0: 734013704 16701240 4237795 90630
lo: 0 0 0 0

1735227656
eth0: 737428529 16787582 3414825 86342
lo: 0 0 0 0

1735227657
eth0: 747253697 17006299 9825168 218717
lo: 0 0 0 0

1735227658
eth0: 753893124 17158330 6639427 152031
lo: 0 0 0 0

1735227660
eth0: 756557697 17222530 2664573 64200
lo: 0 0 0 0

1735227661
eth0: 758406378 17266452 1848681 43922
lo: 0 0 0 0

1735227662
eth0: 760612870 17316516 2206492 50064
lo: 0 0 0 0

1735227663
eth0: 763016678 17372004 2403808 55488
lo: 0 0 0 0

1735227664
eth0: 765599686 17431208 2583008 59204
lo: 0 0 0 0

1735227665
eth0: 768010976 17487598 2411290 56390
lo: 0 0 0 0

1735227666
eth0: 770788768 17551972 2777792 64374
lo: 0 0 0 0

1735227667
eth0: 773855566 17620192 3066798 68220
lo: 0 0 0 0

1735227668
eth0: 777841238 17710272 3985672 90080
lo: 0 0 0 0

1735227669
eth0: 781504512 17793252 3663274 82980
lo: 0 0 0 0

1735227670
eth0: 783945020 17850110 2440508 56858
lo: 0 0 0 0

1735227671
eth0: 786411070 17906726 2466050 56616
lo: 0 0 0 0

1735227672
eth0: 789061502 17967550 2650432 60824
lo: 0 0 0 0

1735227673
eth0: 791650538 18026698 2589036 59148
lo: 0 0 0 0

1735227674
eth0: 793695252 18074566 2044714 47868
lo: 0 0 0 0

1735227675
eth0: 796048128 18129238 2352876 54672
lo: 0 0 0 0

1735227676
eth0: 798152684 18177208 2104556 47970
lo: 0 0 0 0

1735227677
eth0: 800123930 18222628 1971246 45420
lo: 0 0 0 0

1735227678
eth0: 802115394 18270256 1991464 47628
lo: 0 0 0 0

1735227679
eth0: 804532054 18326650 2416660 56394
lo: 0 0 0 0

1735227680
eth0: 806959916 18383638 2427862 56988
lo: 0 0 0 0

1735227681
eth0: 809470868 18442188 2510952 58550
lo: 0 0 0 0

1735227682
eth0: 811783438 18495186 2312570 52998
lo: 0 0 0 0

1735227683
eth0: 813753558 18542004 1970120 46818
lo: 0 0 0 0

1735227684
eth0: 815466834 18582732 1713276 40728
lo: 0 0 0 0

1735227685
eth0: 817516932 18628932 2050098 46200
lo: 0 0 0 0

1735227686
eth0: 819726542 18676800 2209610 47868
lo: 0 0 0 0

1735227687
eth0: 822502736 18736254 2776194 59454
lo: 0 0 0 0

1735227688
eth0: 823290143 18754206 787407 17952
lo: 0 0 0 0

1735227689
eth0: 823639865 18763296 349722 9090
lo: 0 0 0 0

1735227690
eth0: 824527301 18784434 887436 21138
lo: 0 0 0 0

1735227691
eth0: 825174853 18800772 647552 16338
lo: 0 0 0 0

1735227692
eth0: 825544587 18810702 369734 9930
lo: 0 0 0 0

1735227693
eth0: 825843757 18819306 299170 8604
lo: 0 0 0 0

1735227694
eth0: 826168203 18827556 324446 8250
lo: 0 0 0 0

1735227695
eth0: 826712633 18841608 544430 14052
lo: 0 0 0 0

1735227696
eth0: 827410959 18858738 698326 17130
lo: 0 0 0 0

1735227697
eth0: 827827755 18870018 416796 11280
lo: 0 0 0 0

1735227698
eth0: 828150982 18878268 323227 8250
lo: 0 0 0 0

1735227699
eth0: 828496690 18887498 345708 9230
lo: 0 0 0 0

1735227700
eth0: 829176452 18903924 679762 16426
lo: 0 0 0 0

1735227701
eth0: 829825344 18919638 648892 15714
lo: 0 0 0 0

1735227702
eth0: 830260242 18930012 434898 10374
lo: 0 0 0 0

1735227703
eth0: 830442112 18934698 181870 4686
lo: 0 0 0 0

1735227704
eth0: 830827786 18944466 385674 9768
lo: 0 0 0 0

1735227705
eth0: 831278352 18955422 450566 10956
lo: 0 0 0 0

1735227706
eth0: 831558038 18962640 279686 7218
lo: 0 0 0 0

1735227707
eth0: 832074494 18975726 516456 13086
lo: 0 0 0 0

1735227708
eth0: 832792036 18992316 717542 16590
lo: 0 0 0 0

1735227709
eth0: 833345942 19005912 553906 13596
lo: 0 0 0 0

1735227710
eth0: 833831008 19018188 485066 12276
lo: 0 0 0 0

1735227711
eth0: 834503662 19034358 672654 16170
lo: 0 0 0 0

1735227712
eth0: 834893932 19044360 390270 10002
lo: 0 0 0 0

1735227713
eth0: 835650512 19063236 756580 18876
lo: 0 0 0 0

1735227714
eth0: 836101800 19074466 451288 11230
lo: 0 0 0 0

1735227715
eth0: 836312502 19079812 210702 5346
lo: 0 0 0 0

1735227716
eth0: 836787816 19092022 475314 12210
lo: 0 0 0 0

1735227717
eth0: 837589152 19110682 801336 18660
lo: 0 0 0 0

1735227718
eth0: 838295110 19127446 705958 16764
lo: 0 0 0 0

1735227719
eth0: 838932352 19143754 637242 16308
lo: 0 0 0 0

1735227721
eth0: 839896474 19168072 964122 24318
lo: 0 0 0 0

1735227722
eth0: 840190640 19176208 294166 8136
lo: 0 0 0 0

1735227723
eth0: 840442022 19183270 251382 7062
lo: 0 0 0 0

1735227724
eth0: 840856582 19194142 414560 10872
lo: 0 0 0 0

1735227725
eth0: 841421878 19208038 565296 13896
lo: 0 0 0 0

1735227726
eth0: 841981094 19222264 559216 14226
lo: 0 0 0 0

1735227727
eth0: 842625048 19236964 643954 14700
lo: 0 0 0 0

1735227729
eth0: 843588708 19256962 963660 19998
lo: 0 0 0 0

1735227730
eth0: 844483582 19279498 894874 22536
lo: 0 0 0 0

1735227731
eth0: 844920064 19291378 436482 11880
lo: 0 0 0 0

1735227732
eth0: 845733450 19311310 813386 19932
lo: 0 0 0 0

1735227733
eth0: 846490752 19328914 757302 17604
lo: 0 0 0 0

1735227734
eth0: 846869042 19338748 378290 9834
lo: 0 0 0 0

1735227735
eth0: 847265080 19348624 396038 9876
lo: 0 0 0 0

1735227736
eth0: 847533904 19355224 268824 6600
lo: 0 0 0 0

1735227737
eth0: 847979400 19366510 445496 11286
lo: 0 0 0 0

1735227738
eth0: 848540088 19379956 560688 13446
lo: 0 0 0 0

1735227739
eth0: 848910478 19389328 370390 9372
lo: 0 0 0 0

1735227740
eth0: 849401786 19401688 491308 12360
lo: 0 0 0 0

1735227741
eth0: 849985444 19416010 583658 14322
lo: 0 0 0 0

1735227742
eth0: 850220172 19422082 234728 6072
lo: 0 0 0 0

1735227743
eth0: 850716682 19433530 496510 11448
lo: 0 0 0 0

1735227744
eth0: 850746566 19434454 29884 924
lo: 0 0 0 0

1735227745
eth0: 850992618 19441714 246052 7260
lo: 0 0 0 0

1735227746
eth0: 851341156 19451218 348538 9504
lo: 0 0 0 0

1735227747
eth0: 851809758 19462702 468602 11484
lo: 0 0 0 0

1735227748
eth0: 852294750 19474714 484992 12012
lo: 0 0 0 0

1735227749
eth0: 852885454 19488862 590704 14148
lo: 0 0 0 0

1735227750
eth0: 853245642 19497832 360188 8970
lo: 0 0 0 0

1735227751
eth0: 853800996 19511230 555354 13398
lo: 0 0 0 0

1735227752
eth0: 854326074 19524112 525078 12882
lo: 0 0 0 0

1735227753
eth0: 854762816 19535884 436742 11772
lo: 0 0 0 0

1735227754
eth0: 854985828 19541824 223012 5940
lo: 0 0 0 0

1735227755
eth0: 855312118 19548694 326290 6870
lo: 0 0 0 0

1735227756
eth0: 856089195 19566630 777077 17936
lo: 0 0 0 0

1735227757
eth0: 856511057 19576728 421862 10098
lo: 0 0 0 0

1735227758
eth0: 856799167 19581348 288110 4620
lo: 0 0 0 0

1735227759
eth0: 856982617 19585854 183450 4506
lo: 0 0 0 0

1735227760
eth0: 857052851 19587834 70234 1980
lo: 0 0 0 0

1735227761
eth0: 857277179 19594242 224328 6408
lo: 0 0 0 0

1735227762
eth0: 857609261 19602558 332082 8316
lo: 0 0 0 0

1735227763
eth0: 857905535 19609998 296274 7440
lo: 0 0 0 0

1735227764
eth0: 858356031 19620904 450496 10906
lo: 0 0 0 0

1735227765
eth0: 858606753 19626910 250722 6006
lo: 0 0 0 0

1735227766
eth0: 858948575 19631830 341822 4920
lo: 0 0 0 0

1735227767
eth0: 859185081 19637374 236506 5544
lo: 0 0 0 0

1735227768
eth0: 859441265 19643578 256184 6204
lo: 0 0 0 0

1735227769
eth0: 859614645 19648000 173380 4422
lo: 0 0 0 0

1735227770
eth0: 859771437 19651996 156792 3996
lo: 0 0 0 0

1735227771
eth0: 859934327 19656196 162890 4200
lo: 0 0 0 0

1735227772
eth0: 860289251 19665238 354924 9042
lo: 0 0 0 0

1735227773
eth0: 860546953 19669930 257702 4692
lo: 0 0 0 0

1735227775
eth0: 860823611 19676854 276658 6924
lo: 0 0 0 0

1735227776
eth0: 861339473 19689328 515862 12474
lo: 0 0 0 0

1735227777
eth0: 861517527 19693948 178054 4620
lo: 0 0 0 0

1735227778
eth0: 861801623 19701274 284096 7326
lo: 0 0 0 0

1735227779
eth0: 861987181 19705498 185558 4224
lo: 0 0 0 0

1735227780
eth0: 862319791 19713748 332610 8250
lo: 0 0 0 0

1735227781
eth0: 862427743 19716850 107952 3102
lo: 0 0 0 0

1735227782
eth0: 862817683 19725694 389940 8844
lo: 0 0 0 0

1735227783
eth0: 863055571 19732114 237888 6420
lo: 0 0 0 0

1735227784
eth0: 863205189 19735678 149618 3564
lo: 0 0 0 0

1735227785
eth0: 863395289 19740430 190100 4752
lo: 0 0 0 0

1735227786
eth0: 863546727 19744498 151438 4068
lo: 0 0 0 0

1735227787
eth0: 863685813 19747732 139086 3234
lo: 0 0 0 0

1735227788
eth0: 863960561 19754464 274748 6732
lo: 0 0 0 0

1735227789
eth0: 864157637 19759348 197076 4884
lo: 0 0 0 0

1735227790
eth0: 864236889 19761856 79252 2508
lo: 0 0 0 0

1735227791
eth0: 864355571 19765852 118682 3996
lo: 0 0 0 0

1735227792
eth0: 864887493 19778560 531922 12708
lo: 0 0 0 0

1735227793
eth0: 865205619 19786546 318126 7986
lo: 0 0 0 0

1735227794
eth0: 865337531 19790242 131912 3696
lo: 0 0 0 0

1735227795
eth0: 865650525 19797892 312994 7650
lo: 0 0 0 0

1735227796
eth0: 865998275 19806874 347750 8982
lo: 0 0 0 0

1735227797
eth0: 866269933 19814290 271658 7416
lo: 0 0 0 0

1735227798
eth0: 866495907 19820554 225974 6264
lo: 0 0 0 0

1735227799
eth0: 866780795 19827574 284888 7020
lo: 0 0 0 0

1735227800
eth0: 867116103 19835494 335308 7920
lo: 0 0 0 0

1735227801
eth0: 867276715 19840018 160612 4524
lo: 0 0 0 0

1735227802
eth0: 867558967 19846750 282252 6732
lo: 0 0 0 0

1735227803
eth0: 868162454 19859818 603487 13068
lo: 0 0 0 0

1735227804
eth0: 868309122 19863778 146668 3960
lo: 0 0 0 0

1735227805
eth0: 868628828 19870984 319706 7206
lo: 0 0 0 0

1735227806
eth0: 868943794 19878238 314966 7254
lo: 0 0 0 0

1735227807
eth0: 869289238 19887004 345444 8766
lo: 0 0 0 0

1735227808
eth0: 869507840 19892134 218602 5130
lo: 0 0 0 0

1735227809
eth0: 869699128 19896754 191288 4620
lo: 0 0 0 0

1735227810
eth0: 869984082 19904360 284954 7606
lo: 0 0 0 0

1735227811
eth0: 870114480 19907498 130398 3138
lo: 0 0 0 0

1735227812
eth0: 870183476 19909676 68996 2178
lo: 0 0 0 0

1735227813
eth0: 870399182 19915484 215706 5808
lo: 0 0 0 0

1735227814
eth0: 870699074 19922348 299892 6864
lo: 0 0 0 0

1735227815
eth0: 871089736 19931150 390662 8802
lo: 0 0 0 0

1735227816
eth0: 871462932 19938188 373196 7038
lo: 0 0 0 0

1735227817
eth0: 871581416 19940960 118484 2772
lo: 0 0 0 0

1735227818
eth0: 871621832 19942214 40416 1254
lo: 0 0 0 0

1735227819
eth0: 871707338 19944722 85506 2508
lo: 0 0 0 0

1735227820
eth0: 872047844 19952254 340506 7532
lo: 0 0 0 0

1735227821
eth0: 872539614 19963294 491770 11040
lo: 0 0 0 0

1735227822
eth0: 872785596 19967914 245982 4620
lo: 0 0 0 0

1735227823
eth0: 872896510 19971010 110914 3096
lo: 0 0 0 0

1735227824
eth0: 873110108 19975696 213598 4686
lo: 0 0 0 0

1735227825
eth0: 873432380 19982338 322272 6642
lo: 0 0 0 0

1735227826
eth0: 873560868 19985740 128488 3402
lo: 0 0 0 0

1735227827
eth0: 873682050 19988890 121182 3150
lo: 0 0 0 0

1735227828
eth0: 873836540 19992748 154490 3858
lo: 0 0 0 0

1735227829
eth0: 873863660 19993804 27120 1056
lo: 0 0 0 0

1735227830
eth0: 874013608 19997500 149948 3696
lo: 0 0 0 0

1735227831
eth0: 874175470 20001394 161862 3894
lo: 0 0 0 0

1735227832
eth0: 874298562 20004100 123092 2706
lo: 0 0 0 0

1735227833
eth0: 874415718 20007508 117156 3408
lo: 0 0 0 0

1735227834
eth0: 874610426 20012260 194708 4752
lo: 0 0 0 0

1735227835
eth0: 874771628 20016406 161202 4146
lo: 0 0 0 0

1735227836
eth0: 875145376 20024892 373748 8486
lo: 0 0 0 0

1735227837
eth0: 875350880 20029908 205504 5016
lo: 0 0 0 0

1735227838
eth0: 875503988 20033706 153108 3798
lo: 0 0 0 0

1735227839
eth0: 875714690 20038524 210702 4818
lo: 0 0 0 0

1735227840
eth0: 875813702 20041362 99012 2838
lo: 0 0 0 0

1735227841
eth0: 876260316 20051124 446614 9762
lo: 0 0 0 0

1735227842
eth0: 876398742 20054262 138426 3138
lo: 0 0 0 0

1735227843
eth0: 876564618 20058024 165876 3762
lo: 0 0 0 0

1735227844
eth0: 876787564 20063502 222946 5478
lo: 0 0 0 0

1735227845
eth0: 877007416 20068518 219852 5016
lo: 0 0 0 0

1735227846
eth0: 877178164 20072346 170748 3828
lo: 0 0 0 0

1735227847
eth0: 877325084 20075844 146920 3498
lo: 0 0 0 0

1735227848
eth0: 877609114 20082546 284030 6702
lo: 0 0 0 0

1735227849
eth0: 877781046 20086440 171932 3894
lo: 0 0 0 0

1735227850
eth0: 878102068 20093304 321022 6864
lo: 0 0 0 0

1735227851
eth0: 878205226 20095812 103158 2508
lo: 0 0 0 0

1735227852
eth0: 878440218 20101422 234992 5610
lo: 0 0 0 0

1735227853
eth0: 878721550 20107560 281332 6138
lo: 0 0 0 0

1735227854
eth0: 879162046 20117196 440496 9636
lo: 0 0 0 0

1735227855
eth0: 879471814 20124294 309768 7098
lo: 0 0 0 0

1735227856
eth0: 879731360 20130666 259546 6372
lo: 0 0 0 0

1735227857
eth0: 880127488 20139114 396128 8448
lo: 0 0 0 0

1735227859
eth0: 880781578 20153088 654090 13974
lo: 0 0 0 0

1735227860
eth0: 881200086 20162460 418508 9372
lo: 0 0 0 0

1735227861
eth0: 881315320 20165868 115234 3408
lo: 0 0 0 0

1735227862
eth0: 881558868 20171412 243548 5544
lo: 0 0 0 0

1735227863
eth0: 881898888 20179242 340020 7830
lo: 0 0 0 0

1735227864
eth0: 881984064 20181684 85176 2442
lo: 0 0 0 0

1735227865
eth0: 882269344 20188416 285280 6732
lo: 0 0 0 0

1735227866
eth0: 882447134 20192442 177790 4026
lo: 0 0 0 0

1735227867
eth0: 882873344 20202474 426210 10032
lo: 0 0 0 0

1735227868
eth0: 883079240 20207028 205896 4554
lo: 0 0 0 0

1735227869
eth0: 883266246 20211696 187006 4668
lo: 0 0 0 0

1735227870
eth0: 883912110 20226546 645864 14850
lo: 0 0 0 0

1735227871
eth0: 884346484 20236842 434374 10296
lo: 0 0 0 0

1735227872
eth0: 884643744 20243112 297260 6270
lo: 0 0 0 0

1735227873
eth0: 885011700 20251212 367956 8100
lo: 0 0 0 0

1735227874
eth0: 885571006 20263752 559306 12540
lo: 0 0 0 0

1735227875
eth0: 886176912 20277870 605906 14118
lo: 0 0 0 0

1735227876
eth0: 886455414 20284206 278502 6336
lo: 0 0 0 0

1735227877
eth0: 886630308 20288430 174894 4224
lo: 0 0 0 0

1735227878
eth0: 886803292 20292516 172984 4086
lo: 0 0 0 0

1735227879
eth0: 887120432 20299866 317140 7350
lo: 0 0 0 0

1735227880
eth0: 887345288 20305500 224856 5634
lo: 0 0 0 0

1735227881
eth0: 887717130 20314254 371842 8754
lo: 0 0 0 0

1735227882
eth0: 888034794 20321382 317664 7128
lo: 0 0 0 0

1735227883
eth0: 888383464 20329896 348670 8514
lo: 0 0 0 0

1735227884
eth0: 888627540 20335746 244076 5850
lo: 0 0 0 0

1735227885
eth0: 889283221 20350266 655681 14520
lo: 0 0 0 0

1735227886
eth0: 889283287 20350398 66 132
lo: 0 0 0 0

1735227892
eth0: 889283287 20350398 0 0
lo: 0 0 0 0

1735227893
eth0: 889283287 20350398 0 0
lo: 0 0 0 0

1735227895
eth0: 889283287 20350398 0 0
lo: 0 0 0 0

1735227896
eth0: 889283287 20350398 0 0
lo: 0 0 0 0

1735227897
eth0: 889283287 20350398 0 0
lo: 0 0 0 0

1735227898
eth0: 889283287 20350398 0 0
lo: 0 0 0 0

1735227899
eth0: 889283287 20350398 0 0
lo: 0 0 0 0

1735227900
eth0: 889283287 20350398 0 0
lo: 0 0 0 0

1735227901
eth0: 889283287 20350398 0 0
lo: 0 0 0 0

1735227902
eth0: 889283287 20350398 0 0
lo: 0 0 0 0

1735227903
eth0: 889283287 20350398 0 0
lo: 0 0 0 0

1735227904
eth0: 889283287 20350398 0 0
lo: 0 0 0 0

1735227905
eth0: 889283287 20350398 0 0
lo: 0 0 0 0

1735227906
eth0: 889283287 20350398 0 0
lo: 0 0 0 0

1735227907
eth0: 889283287 20350398 0 0
lo: 0 0 0 0

1735227908
eth0: 889283287 20350398 0 0
lo: 0 0 0 0

1735227909
eth0: 889283287 20350398 0 0
lo: 0 0 0 0

1735227910
eth0: 889283287 20350398 0 0
lo: 0 0 0 0

1735227911
eth0: 889283287 20350398 0 0
lo: 0 0 0 0

1735227912
eth0: 889283287 20350398 0 0
lo: 0 0 0 0

1735227913
eth0: 889283287 20350398 0 0
lo: 0 0 0 0

1735227914
eth0: 889283287 20350398 0 0
lo: 0 0 0 0

1735227915
eth0: 889283287 20350398 0 0
lo: 0 0 0 0

1735227916
eth0: 889283287 20350398 0 0
lo: 0 0 0 0

1735227917
eth0: 889283287 20350398 0 0
lo: 0 0 0 0

1735227918
eth0: 889283287 20350398 0 0
lo: 0 0 0 0

1735227919
eth0: 889283287 20350398 0 0
lo: 0 0 0 0

1735227920
eth0: 889283287 20350398 0 0
lo: 0 0 0 0

1735227921
eth0: 889283287 20350398 0 0
lo: 0 0 0 0

1735227922
eth0: 889283287 20350398 0 0
lo: 0 0 0 0

1735227923
eth0: 889283287 20350398 0 0
lo: 0 0 0 0

1735227924
eth0: 889283287 20350398 0 0
lo: 0 0 0 0

1735227925
eth0: 889283287 20350398 0 0
lo: 0 0 0 0

1735227926
eth0: 889283287 20350398 0 0
lo: 0 0 0 0

1735227927
eth0: 889283287 20350398 0 0
lo: 0 0 0 0

1735227928
eth0: 889283287 20350398 0 0
lo: 0 0 0 0

1735227929
eth0: 889283287 20350398 0 0
lo: 0 0 0 0

1735227930
eth0: 889283287 20350398 0 0
lo: 0 0 0 0

1735227931
eth0: 889283287 20350398 0 0
lo: 0 0 0 0

1735227932
eth0: 889283287 20350398 0 0
lo: 0 0 0 0

1735227933
eth0: 889283287 20350398 0 0
lo: 0 0 0 0

1735227934
eth0: 889283287 20350398 0 0
lo: 0 0 0 0

1735227935
eth0: 889283287 20350398 0 0
lo: 0 0 0 0

1735227936
eth0: 889283287 20350398 0 0
lo: 0 0 0 0

1735227937
eth0: 889283287 20350398 0 0
lo: 0 0 0 0

1735227938
eth0: 889283287 20350398 0 0
lo: 0 0 0 0

1735227939
eth0: 889283287 20350398 0 0
lo: 0 0 0 0

1735227940
eth0: 889283287 20350398 0 0
lo: 0 0 0 0

1735227941
eth0: 889283287 20350398 0 0
lo: 0 0 0 0

1735227942
eth0: 889283287 20350398 0 0
lo: 0 0 0 0

1735227943
eth0: 889283287 20350398 0 0
lo: 0 0 0 0

1735227944
eth0: 889283287 20350398 0 0
lo: 0 0 0 0

1735227945
eth0: 889283287 20350398 0 0
lo: 0 0 0 0

1735227946
eth0: 889283287 20350398 0 0
lo: 0 0 0 0

1735227947
eth0: 889283287 20350398 0 0
lo: 0 0 0 0

1735227948
eth0: 889283287 20350398 0 0
lo: 0 0 0 0

1735227949
eth0: 889283287 20350398 0 0
lo: 0 0 0 0

1735227950
eth0: 889283287 20350398 0 0
lo: 0 0 0 0

1735227951
eth0: 889283287 20350398 0 0
lo: 0 0 0 0

1735227952
eth0: 889283287 20350398 0 0
lo: 0 0 0 0

1735227953
eth0: 889283287 20350398 0 0
lo: 0 0 0 0

1735227954
eth0: 889283287 20350398 0 0
lo: 0 0 0 0

1735227955
eth0: 889283287 20350398 0 0
lo: 0 0 0 0

1735227956
eth0: 889283287 20350398 0 0
lo: 0 0 0 0

1735227957
eth0: 889283287 20350398 0 0
lo: 0 0 0 0

1735227958
eth0: 889283287 20350398 0 0
lo: 0 0 0 0

1735227959
eth0: 889283287 20350398 0 0
lo: 0 0 0 0

1735227960
eth0: 889283287 20350398 0 0
lo: 0 0 0 0

1735227961
eth0: 889283287 20350398 0 0
lo: 0 0 0 0

1735227962
eth0: 889283287 20350398 0 0
lo: 0 0 0 0

1735227963
eth0: 889283287 20350398 0 0
lo: 0 0 0 0

1735227964
eth0: 889283287 20350398 0 0
lo: 0 0 0 0

1735227965
eth0: 889283287 20350398 0 0
lo: 0 0 0 0

1735227966
eth0: 889283287 20350398 0 0
lo: 0 0 0 0

1735227967
eth0: 889283287 20350398 0 0
lo: 0 0 0 0

1735227968
eth0: 889283287 20350398 0 0
lo: 0 0 0 0

1735227969
eth0: 889283287 20350398 0 0
lo: 0 0 0 0

1735227970
eth0: 889283287 20350398 0 0
lo: 0 0 0 0

1735227971
eth0: 889283287 20350398 0 0
lo: 0 0 0 0

1735227972
eth0: 889283287 20350398 0 0
lo: 0 0 0 0

1735227973
eth0: 889283287 20350398 0 0
lo: 0 0 0 0

1735227974
eth0: 889283287 20350398 0 0
lo: 0 0 0 0

1735227975
eth0: 889283287 20350398 0 0
lo: 0 0 0 0

1735227976
eth0: 889283287 20350398 0 0
lo: 0 0 0 0

1735227977
eth0: 889283287 20350398 0 0
lo: 0 0 0 0

1735227978
eth0: 889283287 20350398 0 0
lo: 0 0 0 0

1735227979
eth0: 889283287 20350398 0 0
lo: 0 0 0 0

1735227980
eth0: 889283287 20350398 0 0
lo: 0 0 0 0

1735227981
eth0: 889283287 20350398 0 0
lo: 0 0 0 0

1735227982
eth0: 889283287 20350398 0 0
lo: 0 0 0 0

1735227983
eth0: 889283287 20350398 0 0
lo: 0 0 0 0

1735227984
eth0: 889283287 20350398 0 0
lo: 0 0 0 0

1735227985
eth0: 889283287 20350398 0 0
lo: 0 0 0 0

1735227986
eth0: 889283287 20350398 0 0
lo: 0 0 0 0

1735227987
eth0: 889283287 20350398 0 0
lo: 0 0 0 0

1735227988
eth0: 889283287 20350398 0 0
lo: 0 0 0 0

1735227989
eth0: 889283287 20350398 0 0
lo: 0 0 0 0

1735227990
eth0: 889283287 20350398 0 0
lo: 0 0 0 0

1735227991
eth0: 889283287 20350398 0 0
lo: 0 0 0 0

1735227992
eth0: 889283287 20350398 0 0
lo: 0 0 0 0

1735227993
eth0: 889283287 20350398 0 0
lo: 0 0 0 0

1735227994
eth0: 889283287 20350398 0 0
lo: 0 0 0 0

1735227995
eth0: 889283287 20350398 0 0
lo: 0 0 0 0

1735227996
eth0: 889283287 20350398 0 0
lo: 0 0 0 0

1735227997
eth0: 889283287 20350398 0 0
lo: 0 0 0 0

1735227998
eth0: 889283287 20350398 0 0
lo: 0 0 0 0

1735227999
eth0: 889283287 20350398 0 0
lo: 0 0 0 0

1735228000
eth0: 889283287 20350398 0 0
lo: 0 0 0 0

1735228001
eth0: 889283287 20350398 0 0
lo: 0 0 0 0

1735228002
eth0: 889283287 20350398 0 0
lo: 0 0 0 0

1735228003
eth0: 889283287 20350398 0 0
lo: 0 0 0 0

1735228004
eth0: 889283287 20350398 0 0
lo: 0 0 0 0

1735228005
eth0: 889283287 20350398 0 0
lo: 0 0 0 0

1735228006
eth0: 889283287 20350398 0 0
lo: 0 0 0 0

1735228007
eth0: 889283287 20350398 0 0
lo: 0 0 0 0

1735228008
eth0: 889283287 20350398 0 0
lo: 0 0 0 0

1735228009
eth0: 889283287 20350398 0 0
lo: 0 0 0 0

1735228010
eth0: 889283287 20350398 0 0
lo: 0 0 0 0

1735228011
eth0: 889283287 20350398 0 0
lo: 0 0 0 0

1735228012
eth0: 889283287 20350398 0 0
lo: 0 0 0 0

1735228013
eth0: 889283287 20350398 0 0
lo: 0 0 0 0

1735228014
eth0: 889283287 20350398 0 0
lo: 0 0 0 0

1735228015
eth0: 889283287 20350398 0 0
lo: 0 0 0 0

1735228016
eth0: 889283287 20350398 0 0
lo: 0 0 0 0

1735228017
eth0: 889283287 20350398 0 0
lo: 0 0 0 0

1735228018
eth0: 889393008 20355358 109721 4960
lo: 0 0 0 0

1735228019
eth0: 889393008 20355358 0 0
lo: 0 0 0 0

1735228020
eth0: 889393008 20355358 0 0
lo: 0 0 0 0

1735228021
eth0: 889393008 20355358 0 0
lo: 0 0 0 0

1735228022
eth0: 889393008 20355358 0 0
lo: 0 0 0 0

1735228023
eth0: 889393050 20355400 42 42
lo: 0 0 0 0

1735228024
eth0: 889393050 20355400 0 0
lo: 0 0 0 0

1735228025
eth0: 889393050 20355400 0 0
lo: 0 0 0 0

1735228026
eth0: 889393050 20355400 0 0
lo: 0 0 0 0

1735228027
eth0: 889393050 20355400 0 0
lo: 0 0 0 0

1735228028
eth0: 889393050 20355400 0 0
lo: 0 0 0 0

1735228029
eth0: 889393050 20355400 0 0
lo: 0 0 0 0

1735228030
eth0: 889393050 20355400 0 0
lo: 0 0 0 0

1735228031
eth0: 889393050 20355400 0 0
lo: 0 0 0 0

1735228032
eth0: 889393050 20355400 0 0
lo: 0 0 0 0

1735228033
eth0: 889393050 20355400 0 0
lo: 0 0 0 0

1735228034
eth0: 889393050 20355400 0 0
lo: 0 0 0 0

1735228035
eth0: 889393050 20355400 0 0
lo: 0 0 0 0

1735228036
eth0: 889393050 20355400 0 0
lo: 0 0 0 0

1735228037
eth0: 889393050 20355400 0 0
lo: 0 0 0 0

1735228038
eth0: 889393050 20355400 0 0
lo: 0 0 0 0

1735228039
eth0: 889393050 20355400 0 0
lo: 0 0 0 0

1735228040
eth0: 889393050 20355400 0 0
lo: 0 0 0 0

1735228041
eth0: 889393050 20355400 0 0
lo: 0 0 0 0

1735228042
eth0: 889393050 20355400 0 0
lo: 0 0 0 0

1735228043
eth0: 889393050 20355400 0 0
lo: 0 0 0 0

1735228044
eth0: 889393050 20355400 0 0
lo: 0 0 0 0

1735228045
eth0: 889393050 20355400 0 0
lo: 0 0 0 0

1735228046
eth0: 889393050 20355400 0 0
lo: 0 0 0 0

1735228047
eth0: 889393050 20355400 0 0
lo: 0 0 0 0

1735228048
eth0: 889393050 20355400 0 0
lo: 0 0 0 0

1735228049
eth0: 889393050 20355400 0 0
lo: 0 0 0 0

1735228050
eth0: 889393050 20355400 0 0
lo: 0 0 0 0

1735228051
eth0: 889393050 20355400 0 0
lo: 0 0 0 0

1735228052
eth0: 889393050 20355400 0 0
lo: 0 0 0 0

1735228053
eth0: 889393050 20355400 0 0
lo: 0 0 0 0

1735228054
eth0: 889393050 20355400 0 0
lo: 0 0 0 0

1735228055
eth0: 889393050 20355400 0 0
lo: 0 0 0 0

1735228056
eth0: 889393050 20355400 0 0
lo: 0 0 0 0

1735228057
eth0: 889393050 20355400 0 0
lo: 0 0 0 0

1735228058
eth0: 889393050 20355400 0 0
lo: 0 0 0 0

1735228059
eth0: 889393050 20355400 0 0
lo: 0 0 0 0

1735228060
eth0: 889393050 20355400 0 0
lo: 0 0 0 0

1735228061
eth0: 889393050 20355400 0 0
lo: 0 0 0 0

1735228062
eth0: 889393050 20355400 0 0
lo: 0 0 0 0

1735228063
eth0: 889393050 20355400 0 0
lo: 0 0 0 0

1735228064
eth0: 889393050 20355400 0 0
lo: 0 0 0 0

1735228065
eth0: 889393050 20355400 0 0
lo: 0 0 0 0

1735228066
eth0: 889393050 20355400 0 0
lo: 0 0 0 0

1735228067
eth0: 889393050 20355400 0 0
lo: 0 0 0 0

1735228068
eth0: 889393050 20355400 0 0
lo: 0 0 0 0

1735228069
eth0: 889393050 20355400 0 0
lo: 0 0 0 0

1735228070
eth0: 889393050 20355400 0 0
lo: 0 0 0 0

1735228071
eth0: 889393050 20355400 0 0
lo: 0 0 0 0

1735228072
eth0: 889393050 20355400 0 0
lo: 0 0 0 0

1735228073
eth0: 889393050 20355400 0 0
lo: 0 0 0 0

1735228074
eth0: 889393050 20355400 0 0
lo: 0 0 0 0

1735228075
eth0: 889393050 20355400 0 0
lo: 0 0 0 0

1735228076
eth0: 889393050 20355400 0 0
lo: 0 0 0 0

1735228077
eth0: 889393050 20355400 0 0
lo: 0 0 0 0

1735228078
eth0: 889393050 20355400 0 0
lo: 0 0 0 0

1735228079
eth0: 889393050 20355400 0 0
lo: 0 0 0 0

1735228080
eth0: 889393050 20355400 0 0
lo: 0 0 0 0

1735228081
eth0: 889393050 20355400 0 0
lo: 0 0 0 0

1735228082
eth0: 889393050 20355400 0 0
lo: 0 0 0 0

1735228083
eth0: 889393050 20355400 0 0
lo: 0 0 0 0

1735228084
eth0: 889393050 20355400 0 0
lo: 0 0 0 0

1735228085
eth0: 889393050 20355400 0 0
lo: 0 0 0 0

1735228086
eth0: 889393050 20355400 0 0
lo: 0 0 0 0

1735228087
eth0: 889393050 20355400 0 0
lo: 0 0 0 0

1735228088
eth0: 889393050 20355400 0 0
lo: 0 0 0 0

1735228089
eth0: 889393050 20355400 0 0
lo: 0 0 0 0

1735228090
eth0: 889393050 20355400 0 0
lo: 0 0 0 0

1735228091
eth0: 889393050 20355400 0 0
lo: 0 0 0 0

1735228092
eth0: 889393050 20355400 0 0
lo: 0 0 0 0

1735228093
eth0: 889393050 20355400 0 0
lo: 0 0 0 0

1735228094
eth0: 889393050 20355400 0 0
lo: 0 0 0 0

1735228096
eth0: 889393050 20355400 0 0
lo: 0 0 0 0

1735228097
eth0: 889393050 20355400 0 0
lo: 0 0 0 0

1735228098
eth0: 889393050 20355400 0 0
lo: 0 0 0 0

1735228104
eth0: 889393050 20355400 0 0
lo: 0 0 0 0

1735228105
eth0: 889393050 20355400 0 0
lo: 0 0 0 0

1735228106
eth0: 889393050 20355400 0 0
lo: 0 0 0 0

1735228995
eth0: 889393190 20355400 140 0
lo: 0 0 0 0

1735230931
eth0: 889393190 20355400 0 0
lo: 0 0 0 0

