1735227511
4006768 436124 390840 1573288 0 0

1735227512
4006768 300300 390968 1577596 0 0

1735227513
4006768 290724 390968 1580240 0 0

1735227514
4006768 265372 390976 1590424 0 0

1735227515
4006768 209984 390984 1625972 0 0

1735227516
4006768 204068 391024 1657504 0 0

1735227517
4006768 175056 391048 1663144 0 0

1735227518
4006768 183032 391056 1678280 0 0

1735227519
4006768 148048 391136 1688172 0 0

1735227520
4006768 146224 391196 1710584 0 0

1735227521
4006768 185768 391068 1697324 0 0

1735227522
4006768 133508 391104 1703840 0 0

1735227523
4006768 120600 391112 1707412 0 0

1735227524
4006768 119620 390840 1694216 0 0

1735227525
4006768 167096 390852 1700564 0 0

1735227526
4006768 122624 390864 1716460 0 0

1735227527
4006768 154080 390876 1701992 0 0

1735227528
4006768 107372 391152 1727080 0 0

1735227529
4006768 129420 391180 1711540 0 0

1735227530
4006768 132132 391192 1611252 0 0

1735227531
4006768 202360 391216 1623420 0 0

1735227532
4006768 180116 391240 1635744 0 0

1735227533
4006768 182456 391248 1647924 0 0

1735227534
4006768 170680 391252 1664792 0 0

1735227535
4006768 155468 391252 1680848 0 0

1735227536
4006768 141464 391252 1686484 0 0

1735227537
4006768 121748 391276 1688216 0 0

1735227538
4006768 125540 391308 1679484 0 0

1735227539
4006768 122812 391276 1672304 0 0

1735227540
4006768 110304 391276 1684156 0 0

1735227541
4006768 116368 391272 1657164 0 0

1735227542
4006768 125716 391292 1665752 0 0

1735227543
4006768 109008 391440 1658672 0 0

1735227544
4006768 137884 391444 1650860 0 0

1735227545
4006768 120912 391452 1662824 0 0

1735227546
4006768 117392 391464 1674412 0 0

1735227547
4006768 138568 389676 1648244 0 0

1735227548
4006768 134696 389692 1657268 0 0

1735227549
4006768 128800 389692 1660016 0 0

1735227550
4006768 119624 389692 1662812 0 0

1735227551
4006768 123064 389692 1666024 0 0

1735227552
4006768 121996 389692 1669868 0 0

1735227553
4006768 122448 389700 1676208 0 0

1735227554
4006768 155824 385820 1648228 0 0

1735227555
4006768 143672 385824 1657188 0 0

1735227556
4006768 154744 385824 1662744 0 0

1735227557
4006768 118872 385824 1667896 0 0

1735227558
4006768 146216 383768 1657936 0 0

1735227559
4006768 112096 383768 1664728 0 0

1735227560
4006768 125392 382680 1654048 0 0

1735227561
4006768 119824 382680 1661680 0 0

1735227562
4006768 120692 381476 1662616 0 0

1735227563
4006768 111768 381488 1669944 0 0

1735227564
4006768 129300 379320 1658256 0 0

1735227565
4006768 117348 379320 1664016 0 0

1735227566
4006768 140188 374924 1641804 0 0

1735227567
4006768 136416 374928 1653328 0 0

1735227568
4006768 115656 374940 1663056 0 0

1735227569
4006768 116780 374940 1669872 0 0

1735227570
4006768 147532 372036 1639844 0 0

1735227571
4006768 141664 372048 1642176 0 0

1735227572
4006768 135220 372048 1646524 0 0

1735227573
4006768 125852 372064 1657920 0 0

1735227574
4006768 231976 371000 1540556 0 0

1735227575
4006768 223732 371016 1543068 0 0

1735227576
4006768 203852 371036 1547548 0 0

1735227577
4006768 257116 371172 1549076 0 0

1735227578
4006768 249632 371204 1559784 0 0

1735227579
4006768 231120 371212 1567552 0 0

1735227580
4006768 214136 371920 1597256 0 0

1735227581
4006768 179036 355860 1545988 0 0

1735227582
4006768 138784 353176 1529436 0 0

1735227583
4006768 198824 352468 1424284 0 0

1735227584
4006768 189316 352476 1425032 0 0

1735227585
4006768 124404 352476 1425896 0 0

1735227586
4006768 123368 352476 1426664 0 0

1735227587
4006768 194952 340064 1397108 0 0

1735227588
4006768 124384 330220 1399396 0 0

1735227589
4006768 144728 323944 1366632 0 0

1735227590
4006768 135752 320080 1372716 0 0

1735227591
4006768 134844 315148 1342832 0 0

1735227592
4006768 234924 304676 1293816 0 0

1735227593
4006768 207988 305424 1299784 0 0

1735227594
4006768 142076 305824 1312516 0 0

1735227595
4006768 143944 289912 1249308 0 0

1735227596
4006768 121344 284996 1234232 0 0

1735227597
4006768 132056 282588 1228876 0 0

1735227598
4006768 287980 277440 1219564 0 0

1735227599
4006768 243164 277588 1223384 0 0

1735227600
4006768 273088 277736 1224024 0 0

1735227601
4006768 321856 277740 1225892 0 0

1735227602
4006768 496072 277744 1230684 0 0

1735227603
4006768 516444 277768 1236256 0 0

1735227604
4006768 544384 277784 1240988 0 0

1735227605
4006768 523792 277788 1245408 0 0

1735227606
4006768 472592 277828 1253976 0 0

1735227607
4006768 501768 278240 1279856 0 0

1735227608
4006768 326076 278268 1297004 0 0

1735227609
4006768 364276 278292 1305396 0 0

1735227610
4006768 246616 278332 1317336 0 0

1735227611
4006768 163536 278776 1319120 0 0

1735227612
4006768 158932 278776 1320712 0 0

1735227613
4006768 420780 278828 1323204 0 0

1735227614
4006768 398056 279012 1333424 0 0

1735227615
4006768 456208 279040 1348448 0 0

1735227616
4006768 428700 279064 1352848 0 0

1735227617
4006768 414536 279384 1358316 0 0

1735227618
4006768 397028 279428 1360044 0 0

1735227619
4006768 370008 279636 1363172 0 0

1735227620
4006768 550592 279828 1382936 0 0

1735227621
4006768 358432 279888 1503816 0 0

1735227622
4006768 328784 280208 1507244 0 0

1735227623
4006768 148352 280368 1512400 0 0

1735227624
4006768 160416 275356 1485672 0 0

1735227625
4006768 126200 268216 1447844 0 0

1735227626
4006768 192620 268228 1448476 0 0

1735227627
4006768 233660 268244 1450156 0 0

1735227628
4006768 340676 268448 1457772 0 0

1735227629
4006768 289352 268472 1469076 0 0

1735227630
4006768 279388 268488 1478160 0 0

1735227631
4006768 246228 268508 1481540 0 0

1735227632
4006768 218308 268540 1501212 0 0

1735227633
4006768 117208 260840 1567444 0 0

1735227634
4006768 293052 254932 1544552 0 0

1735227635
4006768 316632 254940 1547832 0 0

1735227636
4006768 307884 254968 1550616 0 0

1735227637
4006768 290968 255384 1555224 0 0

1735227638
4006768 290320 255384 1555508 0 0

1735227639
4006768 327304 255388 1556996 0 0

1735227640
4006768 304608 255552 1567080 0 0

1735227641
4006768 269520 255984 1570668 0 0

1735227642
4006768 254324 256280 1599304 0 0

1735227643
4006768 233268 256284 1605020 0 0

1735227644
4006768 240592 256324 1611284 0 0

1735227645
4006768 222196 256324 1617772 0 0

1735227646
4006768 190376 256324 1626848 0 0

1735227647
4006768 196864 256348 1635556 0 0

1735227648
4006768 188808 256348 1640092 0 0

1735227649
4006768 200628 256364 1646116 0 0

1735227650
4006768 180548 256380 1652256 0 0

1735227651
4006768 139648 256384 1657900 0 0

1735227652
4006768 180920 256416 1664720 0 0

1735227653
4006768 163904 256420 1668476 0 0

1735227654
4006768 147976 256428 1672784 0 0

1735227655
4006768 159524 256440 1676648 0 0

1735227656
4006768 199816 256464 1680136 0 0

1735227657
4006768 167916 256488 1690332 0 0

1735227658
4006768 154724 256508 1697792 0 0

1735227660
4006768 166456 256536 1702356 0 0

1735227661
4006768 135828 256540 1716716 0 0

1735227662
4006768 157048 254456 1719812 0 0

1735227663
4006768 131100 250320 1693596 0 0

1735227664
4006768 118404 249360 1684136 0 0

1735227665
4006768 107592 245132 1646588 0 0

1735227666
4006768 160400 238748 1604676 0 0

1735227667
4006768 189828 238748 1610512 0 0

1735227668
4006768 151660 238756 1616040 0 0

1735227669
4006768 162872 238788 1619928 0 0

1735227670
4006768 154764 238788 1624200 0 0

1735227671
4006768 168972 238788 1630252 0 0

1735227672
4006768 135428 238788 1633760 0 0

1735227673
4006768 153344 238792 1638176 0 0

1735227674
4006768 169508 238816 1640844 0 0

1735227675
4006768 162296 238828 1645444 0 0

1735227676
4006768 214664 230044 1585876 0 0

1735227677
4006768 243888 230044 1588268 0 0

1735227678
4006768 236680 230052 1593180 0 0

1735227679
4006768 246448 230104 1596228 0 0

1735227680
4006768 213092 230168 1600036 0 0

1735227681
4006768 177384 230168 1603628 0 0

1735227682
4006768 203800 230168 1606452 0 0

1735227683
4006768 208184 230168 1609540 0 0

1735227684
4006768 214420 230184 1612896 0 0

1735227685
4006768 209116 230208 1616248 0 0

1735227686
4006768 138532 230208 1618844 0 0

1735227687
4006768 177784 226012 1595136 0 0

1735227688
4006768 197184 210452 1505952 0 0

1735227689
4006768 300800 210468 1506592 0 0

1735227690
4006768 311160 210468 1509820 0 0

1735227691
4006768 324044 210468 1511348 0 0

1735227692
4006768 323312 210468 1512292 0 0

1735227693
4006768 366996 210488 1517768 0 0

1735227694
4006768 355060 210528 1522464 0 0

1735227695
4006768 349200 210592 1524000 0 0

1735227696
4006768 319116 210664 1528268 0 0

1735227697
4006768 309276 210672 1567116 0 0

1735227698
4006768 284812 210712 1571180 0 0

1735227699
4006768 293600 210952 1581692 0 0

1735227700
4006768 265884 211080 1595452 0 0

1735227701
4006768 185128 211124 1598420 0 0

1735227702
4006768 145596 211260 1602464 0 0

1735227703
4006768 167688 201428 1558600 0 0

1735227704
4006768 120164 202744 1613372 0 0

1735227705
4006768 112304 201800 1629388 0 0

1735227706
4006768 127816 192492 1609072 0 0

1735227707
4006768 239944 190796 1508528 0 0

1735227708
4006768 226692 190876 1540068 0 0

1735227709
4006768 230516 190876 1540600 0 0

1735227710
4006768 237148 190880 1566932 0 0

1735227711
4006768 173476 190904 1592860 0 0

1735227712
4006768 158764 190976 1618216 0 0

1735227713
4006768 152592 191016 1642800 0 0

1735227714
4006768 122316 190336 1636980 0 0

1735227715
4006768 128716 188420 1620200 0 0

1735227716
4006768 128932 186940 1631288 0 0

1735227717
4006768 110892 185284 1649188 0 0

1735227718
4006768 118612 179800 1632424 0 0

1735227719
4006768 131564 175164 1623828 0 0

1735227721
4006768 123848 170680 1622500 0 0

1735227722
4006768 135164 167864 1613120 0 0

1735227723
4006768 114084 169368 1629404 0 0

1735227724
4006768 135484 167388 1606424 0 0

1735227725
4006768 134080 163280 1573800 0 0

1735227726
4006768 170288 163356 1535340 0 0

1735227727
4006768 231656 161580 1476776 0 0

1735227729
4006768 230924 161824 1485812 0 0

1735227730
4006768 257592 158656 1463476 0 0

1735227731
4006768 266908 156800 1451504 0 0

1735227732
4006768 262376 155684 1463620 0 0

1735227733
4006768 276600 152764 1450912 0 0

1735227734
4006768 263632 153176 1481252 0 0

1735227735
4006768 243312 152780 1493916 0 0

1735227736
4006768 258536 151268 1483800 0 0

1735227737
4006768 278032 148124 1458964 0 0

1735227738
4006768 250712 148388 1485028 0 0

1735227739
4006768 302472 148336 1495300 0 0

1735227740
4006768 274224 148336 1497172 0 0

1735227741
4006768 312080 148340 1497604 0 0

1735227742
4006768 355240 148928 1502972 0 0

1735227743
4006768 353224 149124 1503872 0 0

1735227744
4006768 284416 151192 1542360 0 0

1735227745
4006768 197692 154712 1613388 0 0

1735227746
4006768 136140 157068 1664080 0 0

1735227747
4006768 124268 158436 1686968 0 0

1735227748
4006768 127608 156572 1659948 0 0

1735227749
4006768 127788 156572 1660708 0 0

1735227750
4006768 144216 151708 1583284 0 0

1735227751
4006768 117704 148472 1532452 0 0

1735227752
4006768 166840 146868 1492804 0 0

1735227753
4006768 175484 147248 1510324 0 0

1735227754
4006768 129444 148056 1554500 0 0

1735227755
4006768 183136 147848 1562748 0 0

1735227756
4006768 195744 147804 1588792 0 0

1735227757
4006768 183692 147880 1610200 0 0

1735227758
4006768 202732 147056 1616484 0 0

1735227759
4006768 150988 146544 1645592 0 0

1735227760
4006768 123836 146432 1666320 0 0

1735227761
4006768 112132 145352 1668264 0 0

1735227762
4006768 116828 143436 1667352 0 0

1735227763
4006768 112076 142460 1674096 0 0

1735227764
4006768 129936 140260 1660980 0 0

1735227765
4006768 116128 138984 1662908 0 0

1735227766
4006768 130012 135840 1638808 0 0

1735227767
4006768 110360 133860 1634088 0 0

1735227768
4006768 134492 133080 1653064 0 0

1735227769
4006768 124556 132716 1661920 0 0

1735227770
4006768 130776 132820 1667012 0 0

1735227771
4006768 115956 132552 1674188 0 0

1735227772
4006768 111776 132264 1681676 0 0

1735227773
4006768 210456 131112 1622744 0 0

1735227775
4006768 120644 131996 1655820 0 0

1735227776
4006768 156520 131564 1619620 0 0

1735227777
4006768 134076 132528 1667652 0 0

1735227778
4006768 126396 131708 1680088 0 0

1735227779
4006768 116228 130916 1671816 0 0

1735227780
4006768 128420 129800 1657860 0 0

1735227781
4006768 113212 129800 1671520 0 0

1735227782
4006768 113616 127576 1635364 0 0

1735227783
4006768 148600 128596 1647592 0 0

1735227784
4006768 142456 128384 1652144 0 0

1735227785
4006768 146548 127336 1635816 0 0

1735227786
4006768 127636 126376 1624444 0 0

1735227787
4006768 186764 126188 1631916 0 0

1735227788
4006768 133468 128200 1676388 0 0

1735227789
4006768 126880 128524 1677568 0 0

1735227790
4006768 115700 129360 1695524 0 0

1735227791
4006768 117584 130216 1659972 0 0

1735227792
4006768 116392 131284 1693408 0 0

1735227793
4006768 106372 133620 1709888 0 0

1735227794
4006768 114096 134340 1690132 0 0

1735227795
4006768 114336 135812 1614052 0 0

1735227796
4006768 121684 136892 1544608 0 0

1735227797
4006768 114992 136888 1473788 0 0

1735227798
4006768 129652 136072 1427280 0 0

1735227799
4006768 126536 136372 1409960 0 0

1735227800
4006768 131828 135640 1357888 0 0

1735227801
4006768 128428 135640 1340968 0 0

1735227802
4006768 112164 135636 1308356 0 0

1735227803
4006768 226816 135660 1313908 0 0

1735227804
4006768 291448 136012 1316432 0 0

1735227805
4006768 205816 136024 1317296 0 0

1735227806
4006768 202260 136040 1318244 0 0

1735227807
4006768 222996 136444 1319376 0 0

1735227808
4006768 204536 136664 1322276 0 0

1735227809
4006768 191336 137864 1327008 0 0

1735227810
4006768 160692 138324 1388408 0 0

1735227811
4006768 127740 138824 1416328 0 0

1735227812
4006768 105660 141076 1396020 0 0

1735227813
4006768 129880 143696 1395676 0 0

1735227814
4006768 116820 145724 1263752 0 0

1735227815
4006768 279868 146416 1278888 0 0

1735227816
4006768 275752 146456 1279776 0 0

1735227817
4006768 258524 146656 1281264 0 0

1735227818
4006768 201468 146696 1282688 0 0

1735227819
4006768 227700 146732 1283420 0 0

1735227820
4006768 225896 146940 1284548 0 0

1735227821
4006768 184968 147828 1285976 0 0

1735227822
4006768 180568 147852 1287076 0 0

1735227823
4006768 128256 147896 1289916 0 0

1735227824
4006768 146984 147924 1292656 0 0

1735227825
4006768 185880 148104 1293908 0 0

1735227826
4006768 150924 147616 1263144 0 0

1735227827
4006768 236344 147660 1264456 0 0

1735227828
4006768 249836 147696 1265464 0 0

1735227829
4006768 238484 147716 1266060 0 0

1735227830
4006768 241212 147736 1267664 0 0

1735227831
4006768 217988 147752 1267816 0 0

1735227832
4006768 219732 147840 1269160 0 0

1735227833
4006768 267520 147888 1270608 0 0

1735227834
4006768 215264 148088 1272536 0 0

1735227835
4006768 254264 148396 1274728 0 0

1735227836
4006768 225028 148520 1277324 0 0

1735227837
4006768 220312 148820 1284800 0 0

1735227838
4006768 200092 149024 1291840 0 0

1735227839
4006768 214860 149372 1295288 0 0

1735227840
4006768 182752 149764 1297536 0 0

1735227841
4006768 196616 149972 1299760 0 0

1735227842
4006768 170096 150248 1304044 0 0

1735227843
4006768 260716 142492 1076568 0 0

1735227844
4006768 407944 142668 1085488 0 0

1735227845
4006768 427264 143064 1088264 0 0

1735227846
4006768 368376 143320 1091896 0 0

1735227847
4006768 342308 143524 1093628 0 0

1735227848
4006768 315964 143628 1096020 0 0

1735227849
4006768 383388 143648 1097524 0 0

1735227850
4006768 385320 143656 1098712 0 0

1735227851
4006768 313808 143680 1099676 0 0

1735227852
4006768 399688 143736 1101744 0 0

1735227853
4006768 657684 143764 1103276 0 0

1735227854
4006768 777212 144032 1109048 0 0

1735227855
4006768 829672 144224 1112804 0 0

1735227856
4006768 798172 145320 1123764 0 0

1735227857
4006768 728640 146628 1136284 0 0

1735227859
4006768 716792 147364 1140232 0 0

1735227860
4006768 619280 149356 1184628 0 0

1735227861
4006768 570324 149428 1188080 0 0

1735227862
4006768 499572 149932 1251916 0 0

1735227863
4006768 459312 151384 1285668 0 0

1735227864
4006768 386752 151864 1318684 0 0

1735227865
4006768 282024 153496 1393412 0 0

1735227866
4006768 307072 154032 1420952 0 0

1735227867
4006768 425132 154236 1427712 0 0

1735227868
4006768 406328 154376 1428452 0 0

1735227869
4006768 397736 154448 1430596 0 0

1735227870
4006768 400860 154868 1433860 0 0

1735227871
4006768 325072 154960 1435128 0 0

1735227872
4006768 367904 155084 1435792 0 0

1735227873
4006768 372196 155184 1437620 0 0

1735227874
4006768 354992 155296 1440264 0 0

1735227875
4006768 368568 155420 1443736 0 0

1735227876
4006768 357140 156136 1446200 0 0

1735227877
4006768 362204 156800 1448124 0 0

1735227878
4006768 247228 156848 1451244 0 0

1735227879
4006768 202972 156860 1454096 0 0

1735227880
4006768 246256 156872 1455260 0 0

1735227881
4006768 175772 157020 1458568 0 0

1735227882
4006768 319932 157036 1462044 0 0

1735227883
4006768 346272 157120 1463692 0 0

1735227884
4006768 226236 157156 1467384 0 0

1735227885
4006768 283688 157260 1469460 0 0

1735227886
4006768 302200 157640 1519832 0 0

1735227892
4006768 122064 162340 1659568 0 0

1735227893
4006768 125748 161788 1643588 0 0

1735227895
4006768 148372 160216 1502856 0 0

1735227896
4006768 157380 159412 1469152 0 0

1735227897
4006768 204564 160464 1505080 0 0

1735227898
4006768 184940 161172 1514152 0 0

1735227899
4006768 135000 162908 1532220 0 0

1735227900
4006768 118860 163448 1521004 0 0

1735227901
4006768 199436 162676 1499780 0 0

1735227902
4006768 147912 163336 1525460 0 0

1735227903
4006768 148408 163096 1494168 0 0

1735227904
4006768 176680 163340 1496984 0 0

1735227905
4006768 168308 164572 1528444 0 0

1735227906
4006768 147396 165892 1563676 0 0

1735227907
4006768 129592 167384 1574968 0 0

1735227908
4006768 200368 167640 1527724 0 0

1735227909
4006768 110476 169036 1538628 0 0

1735227910
4006768 185148 169924 1523988 0 0

1735227911
4006768 153388 171344 1553752 0 0

1735227912
4006768 129520 170744 1530496 0 0

1735227913
4006768 125172 171124 1544140 0 0

1735227914
4006768 165144 170964 1529800 0 0

1735227915
4006768 175884 169708 1537608 0 0

1735227916
4006768 185400 170228 1533276 0 0

1735227917
4006768 116384 170948 1541680 0 0

1735227918
4006768 114628 165900 1253844 0 0

1735227919
4006768 116208 161420 1040776 0 0

1735227920
4006768 217828 161552 1012424 0 0

1735227921
4006768 323260 161652 1013044 0 0

1735227922
4006768 233232 161796 1016068 0 0

1735227923
4006768 328856 162048 1017344 0 0

1735227924
4006768 310640 162092 1018048 0 0

1735227925
4006768 359192 162532 1019096 0 0

1735227926
4006768 369368 162568 1021864 0 0

1735227927
4006768 329728 162592 1022132 0 0

1735227928
4006768 218584 162600 1022888 0 0

1735227929
4006768 234144 162768 1024936 0 0

1735227930
4006768 345928 162776 1024132 0 0

1735227931
4006768 201692 162776 1025440 0 0

1735227932
4006768 185604 161912 921164 0 0

1735227933
4006768 256220 161916 921484 0 0

1735227934
4006768 353928 161992 924084 0 0

1735227935
4006768 362272 162020 926928 0 0

1735227936
4006768 425204 162036 926452 0 0

1735227937
4006768 421472 162064 928464 0 0

1735227938
4006768 368760 162064 928540 0 0

1735227939
4006768 519556 162064 928812 0 0

1735227940
4006768 512456 162064 930336 0 0

1735227941
4006768 292184 162080 931168 0 0

1735227942
4006768 461388 162092 932560 0 0

1735227943
4006768 311784 162096 937824 0 0

1735227944
4006768 405180 162096 936484 0 0

1735227945
4006768 238152 162220 938556 0 0

1735227946
4006768 366288 162300 938720 0 0

1735227947
4006768 285056 162372 941796 0 0

1735227948
4006768 342328 162384 942444 0 0

1735227949
4006768 314180 162392 942872 0 0

1735227950
4006768 524592 162400 943244 0 0

1735227951
4006768 473584 162452 943408 0 0

1735227952
4006768 434052 162476 943616 0 0

1735227953
4006768 523140 162480 943700 0 0

1735227954
4006768 278556 162484 944516 0 0

1735227955
4006768 476264 162484 944632 0 0

1735227956
4006768 274292 162484 944728 0 0

1735227957
4006768 478500 162500 944856 0 0

1735227958
4006768 303884 162500 945016 0 0

1735227959
4006768 638968 162500 946476 0 0

1735227960
4006768 612380 162500 946876 0 0

1735227961
4006768 831792 162880 947532 0 0

1735227962
4006768 867172 162932 948540 0 0

1735227963
4006768 856652 163096 949336 0 0

1735227964
4006768 814188 163112 953188 0 0

1735227965
4006768 803984 163124 953916 0 0

1735227966
4006768 790864 163128 954384 0 0

1735227967
4006768 829560 163148 954712 0 0

1735227968
4006768 854772 163156 955320 0 0

1735227969
4006768 783440 163164 956732 0 0

1735227970
4006768 828816 163220 958024 0 0

1735227971
4006768 705900 163372 961696 0 0

1735227972
4006768 771144 163428 962500 0 0

1735227973
4006768 773800 163440 963468 0 0

1735227974
4006768 819992 163452 963976 0 0

1735227975
4006768 850688 163632 964244 0 0

1735227976
4006768 772448 163672 965932 0 0

1735227977
4006768 563420 163692 966744 0 0

1735227978
4006768 811364 163700 967264 0 0

1735227979
4006768 804596 163708 967900 0 0

1735227980
4006768 825720 163716 968824 0 0

1735227981
4006768 841280 163740 969564 0 0

1735227982
4006768 806972 163768 970736 0 0

1735227983
4006768 783892 163784 971116 0 0

1735227984
4006768 828292 163792 971964 0 0

1735227985
4006768 829848 163796 972292 0 0

1735227986
4006768 857092 163808 972584 0 0

1735227987
4006768 778704 164084 973716 0 0

1735227988
4006768 764708 164712 976152 0 0

1735227989
4006768 640896 165092 978932 0 0

1735227990
4006768 678564 165456 983104 0 0

1735227991
4006768 609204 166040 986376 0 0

1735227992
4006768 768352 166304 989936 0 0

1735227993
4006768 527208 169308 991728 0 0

1735227994
4006768 708228 169556 993132 0 0

1735227995
4006768 659164 170156 1004792 0 0

1735227996
4006768 602188 170980 1014940 0 0

1735227997
4006768 676704 171508 1019788 0 0

1735227998
4006768 497196 172628 1052568 0 0

1735227999
4006768 524456 175456 1091452 0 0

1735228000
4006768 492936 175608 1093832 0 0

1735228001
4006768 633960 175732 1098240 0 0

1735228002
4006768 536320 176768 1113608 0 0

1735228003
4006768 521628 178944 1178752 0 0

1735228004
4006768 422916 180084 1228312 0 0

1735228005
4006768 491232 180524 1237168 0 0

1735228006
4006768 433660 181012 1252348 0 0

1735228007
4006768 467872 181256 1258088 0 0

1735228008
4006768 397448 181348 1258948 0 0

1735228009
4006768 397660 181700 1264988 0 0

1735228010
4006768 359340 182092 1267184 0 0

1735228011
4006768 408044 182384 1276860 0 0

1735228012
4006768 451404 183212 1280968 0 0

1735228013
4006768 403324 183612 1306136 0 0

1735228014
4006768 370472 184580 1316792 0 0

1735228015
4006768 340648 184984 1320088 0 0

1735228016
4006768 299112 185260 1327008 0 0

1735228017
4006768 327208 185552 1332028 0 0

1735228018
4006768 303020 185736 1333288 0 0

1735228019
4006768 153860 186008 1339196 0 0

1735228020
4006768 276752 185820 1324592 0 0

1735228021
4006768 354808 185884 1325564 0 0

1735228022
4006768 205460 185904 1328016 0 0

1735228023
4006768 147968 185904 1328408 0 0

1735228024
4006768 163124 185964 1325032 0 0

1735228025
4006768 168600 185584 1280628 0 0

1735228026
4006768 170968 185604 1281660 0 0

1735228027
4006768 192628 185684 1282344 0 0

1735228028
4006768 367372 185700 1283152 0 0

1735228029
4006768 294556 185728 1285904 0 0

1735228030
4006768 382700 185788 1289192 0 0

1735228031
4006768 331300 185832 1291360 0 0

1735228032
4006768 265852 186008 1312876 0 0

1735228033
4006768 239772 186040 1316396 0 0

1735228034
4006768 184268 186112 1320644 0 0

1735228035
4006768 120628 185056 1256280 0 0

1735228036
4006768 299888 183948 1238676 0 0

1735228037
4006768 255220 183992 1248116 0 0

1735228038
4006768 151228 178712 1065216 0 0

1735228039
4006768 145140 168896 882988 0 0

1735228040
4006768 206312 143356 738924 0 0

1735228041
4006768 208156 143360 740288 0 0

1735228042
4006768 214732 143432 741160 0 0

1735228043
4006768 142448 143440 742664 0 0

1735228044
4006768 343000 143440 742688 0 0

1735228045
4006768 272344 143444 742848 0 0

1735228046
4006768 160480 143456 740384 0 0

1735228047
4006768 138096 108984 650780 0 0

1735228048
4006768 515788 108856 565664 0 0

1735228049
4006768 602904 108860 569912 0 0

1735228050
4006768 935656 108868 575816 0 0

1735228051
4006768 966980 108932 577440 0 0

1735228052
4006768 866924 109452 581636 0 0

1735228053
4006768 991536 110012 584708 0 0

1735228054
4006768 1208940 110312 590384 0 0

1735228055
4006768 1237408 110400 602368 0 0

1735228056
4006768 981564 110412 604596 0 0

1735228057
4006768 726888 110436 605092 0 0

1735228058
4006768 501296 110444 605548 0 0

1735228059
4006768 301880 110452 606556 0 0

1735228060
4006768 301068 110456 601556 0 0

1735228061
4006768 478512 110464 604308 0 0

1735228062
4006768 436088 110552 603212 0 0

1735228063
4006768 519216 110580 606636 0 0

1735228064
4006768 626732 110596 606776 0 0

1735228065
4006768 821736 110656 609604 0 0

1735228066
4006768 532732 110696 611896 0 0

1735228067
4006768 377620 110720 616872 0 0

1735228068
4006768 337832 110724 617956 0 0

1735228069
4006768 217004 110856 619564 0 0

1735228070
4006768 137800 110688 519580 0 0

1735228071
4006768 111464 110548 410448 0 0

1735228072
4006768 480344 110460 351308 0 0

1735228073
4006768 699096 110464 351844 0 0

1735228074
4006768 528452 110472 353288 0 0

1735228075
4006768 549564 110476 354640 0 0

1735228076
4006768 1022804 110952 357332 0 0

1735228077
4006768 765960 110980 358712 0 0

1735228078
4006768 570728 110988 359836 0 0

1735228079
4006768 427820 110992 360492 0 0

1735228080
4006768 297888 111000 361160 0 0

1735228081
4006768 308216 111004 361392 0 0

1735228082
4006768 534128 111024 361888 0 0

1735228083
4006768 398980 111072 362496 0 0

1735228084
4006768 249236 111076 362804 0 0

1735228085
4006768 139464 104268 345108 0 0

1735228086
4006768 343240 84616 328984 0 0

1735228087
4006768 351068 84636 329548 0 0

1735228088
4006768 572060 84644 330380 0 0

1735228089
4006768 447412 84648 330532 0 0

1735228090
4006768 275932 84764 330596 0 0

1735228091
4006768 227604 84772 333020 0 0

1735228092
4006768 117552 52280 233068 0 0

1735228093
4006768 150680 11820 160308 0 0

1735228094
4006768 175504 4420 104904 0 0

1735228096
4006768 459272 13644 140584 0 0

1735228097
4006768 139616 15824 157032 0 0

1735228098
4006768 150012 2172 110680 0 0

1735228104
4006768 356064 4276 119016 0 0

1735228105
4006768 152808 11748 144972 0 0

1735228106
4006768 127240 12412 133652 0 0

1735228995
4006768 98368 556 49940 0 0

1735230931
4006768 97992 516 50420 0 0

1735235672
4006768 88264 488 51816 0 0

