1735227512
0.5739348370927319 0.2606516290726817 0.05639097744360902

1735227513
0.13011152416356878 0.07434944237918216 0.006195786864931847

1735227514
0.1263803680981595 0.09938650306748466 0.1460122699386503

1735227515
0.30223880597014924 0.16666666666666666 0.24378109452736318

1735227516
0.4424778761061947 0.25663716814159293 0.09481668773704172

1735227517
0.3921815889029004 0.19924337957124844 0.031525851197982346

1735227518
0.3071253071253071 0.214987714987715 0.0

1735227519
0.27812113720642767 0.1965389369592089 0.05315203955500618

1735227520
0.2784019975031211 0.28714107365792757 0.0

1735227521
0.38149556400506973 0.2813688212927757 0.0038022813688212928

1735227522
0.44289340101522845 0.33121827411167515 0.0012690355329949238

1735227523
0.44218551461245237 0.35578144853875476 0.0

1735227524
0.36637390213299875 0.28858218318695106 0.0903387703889586

1735227525
0.38910012674271227 0.24841571609632446 0.0

1735227526
0.3391304347826087 0.13043478260869565 0.012422360248447204

1735227527
0.3093167701863354 0.16273291925465838 0.01987577639751553

1735227528
0.1125 0.045 0.095

1735227529
0.2580246913580247 0.1345679012345679 0.027160493827160494

1735227530
0.8082706766917294 0.15538847117794485 0.0012531328320802004

1735227531
0.26990049751243783 0.11567164179104478 0.0037313432835820895

1735227532
0.14002478314745972 0.09293680297397769 0.040892193308550186

1735227533
0.20512820512820512 0.13553113553113552 0.0

1735227534
0.11344019728729964 0.10357583230579531 0.02096177558569667

1735227535
0.1630170316301703 0.12408759124087591 0.006082725060827251

1735227536
0.17037037037037037 0.1345679012345679 0.10493827160493827

1735227537
0.18181818181818182 0.1444582814445828 0.23785803237858033

1735227538
0.12919254658385093 0.1093167701863354 0.19006211180124225

1735227539
0.12672521957340024 0.07151819322459223 0.2810539523212045

1735227540
0.20121951219512196 0.13414634146341464 0.12317073170731707

1735227541
0.2076167076167076 0.12653562653562653 0.0773955773955774

1735227542
0.1325153374233129 0.09693251533742331 0.27607361963190186

1735227543
0.17310087173100872 0.14072229140722292 0.11581569115815692

1735227544
0.11330049261083744 0.11206896551724138 0.06896551724137931

1735227545
0.09336609336609336 0.11179361179361179 0.020884520884520884

1735227546
0.17866004962779156 0.13647642679900746 0.028535980148883373

1735227547
0.0851581508515815 0.12287104622871046 0.04257907542579075

1735227548
0.11693057247259439 0.12423873325213154 0.0097442143727162

1735227549
0.15547263681592038 0.043532338308457715 0.20024875621890548

1735227550
0.14622057001239158 0.042131350681536554 0.22304832713754646

1735227551
0.14411027568922305 0.043859649122807015 0.20802005012531327

1735227552
0.13266583229036297 0.02252816020025031 0.24405506883604505

1735227553
0.10902255639097744 0.03132832080200501 0.3533834586466165

1735227554
0.11837237977805179 0.0998766954377312 0.24290998766954378

1735227555
0.16769420468557336 0.15906288532675708 0.03945745992601726

1735227556
0.1925925925925926 0.14444444444444443 0.003703703703703704

1735227557
0.2765957446808511 0.1677096370463079 0.0012515644555694619

1735227558
0.23934837092731828 0.14285714285714285 0.013784461152882205

1735227559
0.13316892725030827 0.12083847102342787 0.009864364981504316

1735227560
0.19390243902439025 0.1548780487804878 0.0

1735227561
0.1100244498777506 0.12591687041564792 0.0012224938875305623

1735227562
0.12009803921568628 0.11029411764705882 0.006127450980392157

1735227563
0.16069221260815822 0.1260815822002472 0.04449938195302843

1735227564
0.12747524752475248 0.10643564356435643 0.0012376237623762376

1735227565
0.16808769792935443 0.14007308160779536 0.0

1735227566
0.12039312039312039 0.10810810810810811 0.002457002457002457

1735227567
0.2119760479041916 0.1473053892215569 0.003592814371257485

1735227568
0.2557856272838002 0.13032886723507917 0.0048721071863581

1735227569
0.312807881773399 0.11945812807881774 0.0

1735227570
0.28606658446362515 0.15906288532675708 0.0036991368680641184

1735227571
0.15451174289245984 0.10630407911001236 0.0

1735227572
0.1003627569528416 0.11487303506650544 0.0

1735227573
0.11633663366336634 0.12376237623762376 0.006188118811881188

1735227574
0.3891625615763547 0.12192118226600986 0.0

1735227575
0.5621890547263682 0.09577114427860696 0.0024875621890547263

1735227576
0.25866336633663367 0.1150990099009901 0.05198019801980198

1735227577
0.12974296205630356 0.12239902080783353 0.04528763769889841

1735227578
0.12851897184822522 0.12974296205630356 0.044063647490820076

1735227579
0.2972636815920398 0.1480099502487562 0.0012437810945273632

1735227580
0.2428035043804756 0.11639549436795996 0.06132665832290363

1735227581
0.29763387297633875 0.261519302615193 0.14196762141967623

1735227582
0.814214463840399 0.13216957605985039 0.048628428927680795

1735227583
0.9098873591989988 0.08010012515644556 0.0

1735227584
0.915 0.085 0.0

1735227585
0.9188514357053683 0.08114856429463171 0.0

1735227586
0.9178082191780822 0.0821917808219178 0.0

1735227587
0.9196988707653702 0.07904642409033877 0.0012547051442910915

1735227588
0.8784461152882206 0.11152882205513784 0.010025062656641603

1735227589
0.9275 0.0725 0.0

1735227590
0.9026217228464419 0.09612983770287141 0.0

1735227591
0.9129353233830846 0.08706467661691543 0.0

1735227592
0.909433962264151 0.08679245283018867 0.0037735849056603774

1735227593
0.846441947565543 0.07615480649188515 0.07740324594257178

1735227594
0.89125 0.10875 0.0

1735227595
0.8397997496871089 0.16020025031289112 0.0

1735227596
0.8532338308457711 0.14676616915422885 0.0

1735227597
0.87625 0.12375 0.0

1735227598
0.864321608040201 0.135678391959799 0.0

1735227599
0.8717310087173101 0.12826899128268993 0.0

1735227600
0.9322459222082811 0.06775407779171895 0.0

1735227601
0.9101123595505618 0.08489388264669163 0.0024968789013732834

1735227602
0.40648379052369077 0.03366583541147132 0.014962593516209476

1735227603
0.5769712140175219 0.08635794743429287 0.0037546933667083854

1735227604
0.44569288389513106 0.15980024968789014 0.006242197253433208

1735227605
0.2589395807644883 0.09124537607891492 0.006165228113440197

1735227606
0.2672413793103448 0.10467980295566502 0.023399014778325122

1735227607
0.4962962962962963 0.16913580246913582 0.14074074074074075

1735227608
0.8803526448362721 0.1070528967254408 0.010075566750629723

1735227609
0.88 0.11875 0.0

1735227610
0.8888888888888888 0.10986267166042447 0.0012484394506866417

1735227611
0.9188514357053683 0.08114856429463171 0.0

1735227612
0.9311639549436797 0.0688360450563204 0.0

1735227613
0.825 0.1 0.0125

1735227614
0.5733830845771144 0.16044776119402984 0.05721393034825871

1735227615
0.33748443337484435 0.14819427148194272 0.0049813200498132005

1735227616
0.3248175182481752 0.15693430656934307 0.0

1735227617
0.3247549019607843 0.15073529411764705 0.006127450980392157

1735227618
0.40914709517923364 0.11866501854140915 0.014833127317676144

1735227619
0.37420986093552466 0.1592920353982301 0.006321112515802781

1735227620
0.41375 0.2125 0.0125

1735227621
0.3793969849246231 0.35804020100502515 0.0678391959798995

1735227622
0.38107098381070986 0.2328767123287671 0.1133250311332503

1735227623
0.8693244739756367 0.12956810631229235 0.0011074197120708748

1735227624
0.9166666666666666 0.08189655172413793 0.0014367816091954023

1735227625
0.8626716604244694 0.09238451935081149 0.04244694132334582

1735227626
0.87875 0.12125 0.0

1735227627
0.8756281407035176 0.10552763819095477 0.011306532663316583

1735227628
0.5714285714285714 0.13032581453634084 0.03884711779448621

1735227629
0.36180904522613067 0.12814070351758794 0.06030150753768844

1735227630
0.37453183520599254 0.1198501872659176 0.11735330836454431

1735227631
0.4600760456273764 0.1634980988593156 0.010139416983523447

1735227632
0.3680203045685279 0.14086294416243655 0.05456852791878172

1735227633
0.4369426751592357 0.21528662420382166 0.08917197452229299

1735227634
0.39097744360902253 0.17418546365914786 0.12907268170426064

1735227635
0.2781954887218045 0.16165413533834586 0.19674185463659147

1735227636
0.2757352941176471 0.12867647058823528 0.30637254901960786

1735227637
0.31542857142857145 0.13028571428571428 0.21371428571428572

1735227638
0.001366120218579235 0.006830601092896175 0.7117486338797814

1735227639
0.17440401505646172 0.10790464240903387 0.32747804265997493

1735227640
0.3910828025477707 0.23312101910828026 0.011464968152866241

1735227641
0.5404040404040404 0.22348484848484848 0.012626262626262626

1735227642
0.435 0.15875 0.0525

1735227643
0.37957124842370743 0.22068095838587642 0.027742749054224466

1735227644
0.3880407124681934 0.2430025445292621 0.05343511450381679

1735227645
0.38345864661654133 0.17919799498746866 0.0012531328320802004

1735227646
0.2034956304619226 0.1585518102372035 0.006242197253433208

1735227647
0.22547770700636943 0.18089171974522292 0.02165605095541401

1735227648
0.22085889570552147 0.19263803680981595 0.0

1735227649
0.24039653035935563 0.11400247831474597 0.009913258983890954

1735227650
0.2546816479400749 0.17478152309612985 0.07865168539325842

1735227651
0.3454317897371715 0.23153942428035043 0.11514392991239049

1735227652
0.3375 0.145 0.22125

1735227653
0.23910336239103364 0.09464508094645081 0.1519302615193026

1735227654
0.15835411471321695 0.046134663341645885 0.2855361596009975

1735227655
0.09790979097909791 0.09350935093509351 0.23432343234323433

1735227656
0.20613496932515338 0.15828220858895706 0.05889570552147239

1735227657
0.3190751445086705 0.2023121387283237 0.004624277456647399

1735227658
0.29757462686567165 0.13899253731343283 0.021455223880597014

1735227660
0.2414721723518851 0.16427289048473967 0.01615798922800718

1735227661
0.23821339950372208 0.20347394540942929 0.007444168734491315

1735227662
0.23514851485148514 0.1608910891089109 0.009900990099009901

1735227663
0.3065512978986403 0.10754017305315204 0.0173053152039555

1735227664
0.13669950738916256 0.0603448275862069 0.01847290640394089

1735227665
0.20372670807453416 0.03354037267080745 0.012422360248447204

1735227666
0.35828220858895704 0.06134969325153374 0.00245398773006135

1735227667
0.25842696629213485 0.07990012484394507 0.0012484394506866417

1735227668
0.2730673316708229 0.10473815461346633 0.003740648379052369

1735227669
0.3671970624235006 0.05385556915544676 0.004895960832313341

1735227670
0.3525091799265606 0.06487148102815178 0.0

1735227671
0.3131188118811881 0.09900990099009901 0.0037128712871287127

1735227672
0.29584352078239606 0.13691931540342298 0.0024449877750611247

1735227673
0.3165644171779141 0.11042944785276074 0.006134969325153374

1735227674
0.264669163545568 0.1647940074906367 0.008739076154806492

1735227675
0.2327909887359199 0.21151439299123906 0.0012515644555694619

1735227676
0.44375 0.22625 0.00875

1735227677
0.2947103274559194 0.27329974811083124 0.0012594458438287153

1735227678
0.27427184466019416 0.17475728155339806 0.01820388349514563

1735227679
0.23580246913580247 0.22098765432098766 0.013580246913580247

1735227680
0.28431372549019607 0.15318627450980393 0.0024509803921568627

1735227681
0.26243781094527363 0.0708955223880597 0.0012437810945273632

1735227682
0.2325870646766169 0.14427860696517414 0.004975124378109453

1735227683
0.25875 0.1725 0.00125

1735227684
0.20901126408010012 0.21777221526908636 0.016270337922403004

1735227685
0.20906801007556675 0.2367758186397985 0.003778337531486146

1735227686
0.6037735849056604 0.3622641509433962 0.011320754716981131

1735227687
0.6083123425692695 0.33753148614609574 0.0163727959697733

1735227688
0.82625 0.16875 0.00125

1735227689
0.8560700876095119 0.14017521902377972 0.0

1735227690
0.698870765370138 0.17440401505646172 0.0037641154328732747

1735227691
0.7286432160804021 0.20100502512562815 0.001256281407035176

1735227692
0.5784810126582278 0.2 0.0012658227848101266

1735227693
0.33753148614609574 0.2594458438287154 0.02392947103274559

1735227694
0.20802005012531327 0.3032581453634085 0.09398496240601503

1735227695
0.17552533992583436 0.20519159456118666 0.16934487021013597

1735227696
0.24937965260545905 0.1935483870967742 0.034739454094292806

1735227697
0.35168961201501875 0.20901126408010012 0.0037546933667083854

1735227698
0.3184634448574969 0.18835192069392812 0.04708798017348203

1735227699
0.4090338770388959 0.2584692597239649 0.0075282308657465494

1735227700
0.4253164556962025 0.24430379746835443 0.005063291139240506

1735227701
0.4228356336260979 0.19949811794228356 0.006273525721455458

1735227702
0.8260325406758448 0.1739674593241552 0.0

1735227703
0.84125 0.14875 0.00375

1735227704
0.6027568922305765 0.17418546365914786 0.03508771929824561

1735227705
0.3186951066499373 0.1355081555834379 0.22082810539523212

1735227706
0.32663316582914576 0.11306532663316583 0.2952261306532663

1735227707
0.31954887218045114 0.10150375939849623 0.22055137844611528

1735227708
0.12774193548387097 0.01806451612903226 0.5225806451612903

1735227709
0.0037546933667083854 0.0012515644555694619 0.7434292866082604

1735227710
0.24461343472750316 0.10392902408111533 0.2991128010139417

1735227711
0.22593068035943517 0.1116816431322208 0.26187419768934533

1735227712
0.15532734274711169 0.06290115532734275 0.4454428754813864

1735227713
0.09923664122137404 0.05089058524173028 0.4758269720101781

1735227714
0.27939317319848295 0.14791403286978508 0.27939317319848295

1735227715
0.1685823754789272 0.09195402298850575 0.35759897828863346

1735227716
0.13419354838709677 0.07354838709677419 0.42838709677419357

1735227717
0.1598984771573604 0.05456852791878172 0.43274111675126903

1735227718
0.15433673469387754 0.05357142857142857 0.4885204081632653

1735227719
0.03711558854718982 0.043478260869565216 0.6786850477200425

1735227721
0.13875262789067974 0.050455501051156273 0.45409950946040645

1735227722
0.0990990990990991 0.06435006435006435 0.4942084942084942

1735227723
0.17113665389527458 0.04469987228607918 0.5363984674329502

1735227724
0.21437740693196405 0.08472400513478819 0.42233632862644416

1735227725
0.14414414414414414 0.07593307593307594 0.4157014157014157

1735227726
0.06994818652849741 0.04145077720207254 0.5310880829015544

1735227727
0.08004926108374384 0.07019704433497537 0.5566502463054187

1735227729
0.09654731457800511 0.06969309462915602 0.5562659846547314

1735227730
0.13400758533501897 0.10619469026548672 0.35145385587863465

1735227731
0.10230179028132992 0.08312020460358056 0.3938618925831202

1735227732
0.2185089974293059 0.10796915167095116 0.34061696658097684

1735227733
0.16602809706257982 0.070242656449553 0.36270753512132825

1735227734
0.11054637865311309 0.04701397712833545 0.5819567979669632

1735227735
0.23604060913705585 0.12436548223350254 0.4010152284263959

1735227736
0.10344827586206896 0.06385696040868455 0.4508301404853129

1735227737
0.11210191082802548 0.09936305732484077 0.4484076433121019

1735227738
0.13700384122919335 0.02560819462227913 0.528809218950064

1735227739
0.10736579275905118 0.09488139825218476 0.5268414481897628

1735227740
0.18671679197994986 0.09523809523809523 0.42606516290726815

1735227741
0.17647058823529413 0.13016270337922403 0.4405506883604506

1735227742
0.2615769712140175 0.1639549436795995 0.2903629536921151

1735227743
0.04837364470391994 0.04670558798999166 0.2677231025854879

1735227744
0.23325062034739455 0.27543424317617865 0.1761786600496278

1735227745
0.25925925925925924 0.2822477650063857 0.10727969348659004

1735227746
0.13824289405684753 0.17958656330749354 0.3178294573643411

1735227747
0.18333333333333332 0.1564102564102564 0.3

1735227748
0.1125158027812895 0.11378002528445007 0.4879898862199747

1735227749
0.1259351620947631 0.19077306733167082 0.40523690773067333

1735227750
0.29292929292929293 0.1830808080808081 0.2840909090909091

1735227751
0.7575757575757576 0.1893939393939394 0.03409090909090909

1735227752
0.7787610619469026 0.19469026548672566 0.01390644753476612

1735227753
0.7060301507537688 0.20477386934673367 0.052763819095477386

1735227754
0.663727959697733 0.23299748110831234 0.07808564231738035

1735227755
0.6805555555555556 0.1452020202020202 0.09343434343434344

1735227756
0.0951188986232791 0.11013767209011265 0.4230287859824781

1735227757
0.21744627054361568 0.08849557522123894 0.40075853350189633

1735227758
0.06454316848281642 0.05280804694048617 0.28499580888516346

1735227759
0.23636363636363636 0.2545454545454545 0.23376623376623376

1735227760
0.09205548549810845 0.07692307692307693 0.5737704918032787

1735227761
0.25 0.1326530612244898 0.3201530612244898

1735227762
0.08868894601542417 0.08226221079691516 0.45629820051413883

1735227763
0.08269720101781171 0.04961832061068702 0.5381679389312977

1735227764
0.11802030456852793 0.07868020304568528 0.46954314720812185

1735227765
0.16035353535353536 0.06818181818181818 0.4671717171717172

1735227766
0.11282051282051282 0.06538461538461539 0.5448717948717948

1735227767
0.18490566037735848 0.1471698113207547 0.38616352201257864

1735227768
0.09125964010282776 0.033419023136246784 0.5591259640102828

1735227769
0.08491761723700887 0.06590621039290241 0.5285171102661597

1735227770
0.16645489199491742 0.12452350698856417 0.4548919949174079

1735227771
0.08076923076923077 0.05897435897435897 0.5333333333333333

1735227772
0.16983523447401774 0.08998732572877059 0.47782002534854245

1735227773
0.13939838591342626 0.07850330154071901 0.6001467351430667

1735227775
0.1829145728643216 0.07135678391959799 0.4

1735227776
0.05761843790012804 0.03969270166453265 0.5902688860435339

1735227777
0.12706480304955528 0.10800508259212198 0.48792884371029227

1735227778
0.09215017064846416 0.06911262798634812 0.5264505119453925

1735227779
0.13705583756345177 0.10152284263959391 0.4847715736040609

1735227780
0.06402048655569782 0.05761843790012804 0.5736235595390525

1735227781
0.14762516046213095 0.07060333761232349 0.3632862644415918

1735227782
0.15809284818067754 0.07528230865746549 0.3739021329987453

1735227783
0.18191964285714285 0.1015625 0.42410714285714285

1735227784
0.18795888399412627 0.1395007342143906 0.3406754772393539

1735227785
0.19005102040816327 0.09183673469387756 0.31760204081632654

1735227786
0.2674271229404309 0.07984790874524715 0.4005069708491762

1735227787
0.1598984771573604 0.07487309644670051 0.4517766497461929

1735227788
0.1548223350253807 0.06852791878172589 0.46446700507614214

1735227789
0.060075093867334166 0.0425531914893617 0.45431789737171463

1735227790
0.08998732572877059 0.06844106463878327 0.5754119138149556

1735227791
0.16010165184243966 0.054637865311308764 0.4841168996188056

1735227792
0.17624521072796934 0.08684546615581099 0.4891443167305236

1735227793
0.07592190889370933 0.12581344902386118 0.5943600867678959

1735227794
0.1625 0.071875 0.51875

1735227795
0.2987179487179487 0.057692307692307696 0.4282051282051282

1735227796
0.4177215189873418 0.1341772151898734 0.2620253164556962

1735227797
0.3858764186633039 0.14754098360655737 0.3354350567465322

1735227798
0.42785445420326224 0.15683814303638646 0.26348808030112925

1735227799
0.4053030303030303 0.21085858585858586 0.2398989898989899

1735227800
0.5228426395939086 0.25888324873096447 0.10025380710659898

1735227801
0.4379746835443038 0.2708860759493671 0.08354430379746836

1735227802
0.5368020304568528 0.28045685279187815 0.04949238578680203

1735227803
0.38616352201257864 0.24779874213836478 0.25534591194968553

1735227804
0.4334170854271357 0.2638190954773869 0.12060301507537688

1735227805
0.5916561314791403 0.2718078381795196 0.06447534766118837

1735227806
0.5629722921914357 0.3047858942065491 0.04659949622166247

1735227807
0.5357590966122961 0.3312421580928482 0.03513174404015056

1735227808
0.49809885931558934 0.23447401774397972 0.1520912547528517

1735227809
0.37267080745341613 0.20745341614906831 0.2062111801242236

1735227810
0.3148614609571788 0.18513853904282115 0.21914357682619648

1735227811
0.4517766497461929 0.3020304568527919 0.0901015228426396

1735227812
0.4263959390862944 0.2639593908629442 0.14213197969543148

1735227813
0.27122940430925224 0.14195183776932827 0.3472750316856781

1735227814
0.5714285714285714 0.1997471554993679 0.1554993678887484

1735227815
0.3320659062103929 0.10519645120405577 0.5057034220532319

1735227816
0.48 0.435 0.04625

1735227817
0.6486825595984943 0.342534504391468 0.005018820577164366

1735227818
0.6444723618090452 0.3341708542713568 0.007537688442211055

1735227819
0.6608260325406758 0.3191489361702128 0.01376720901126408

1735227820
0.6491228070175439 0.33959899749373434 0.005012531328320802

1735227821
0.6821026282853567 0.3166458072590738 0.0

1735227822
0.6345431789737171 0.360450563204005 0.0012515644555694619

1735227823
0.6466165413533834 0.32205513784461154 0.02631578947368421

1735227824
0.7075 0.2575 0.0275

1735227825
0.5260545905707196 0.21215880893300249 0.16129032258064516

1735227826
0.83375 0.165 0.0

1735227827
0.6924034869240349 0.30759651307596514 0.0

1735227828
0.60625 0.39375 0.0

1735227829
0.6295369211514393 0.3704630788485607 0.0

1735227830
0.66375 0.33375 0.0

1735227831
0.6771356783919598 0.32160804020100503 0.0

1735227832
0.6433915211970075 0.3566084788029925 0.0

1735227833
0.63625 0.3525 0.00375

1735227834
0.6574307304785895 0.2972292191435768 0.005037783375314861

1735227835
0.6132665832290363 0.3429286608260325 0.006257822277847309

1735227836
0.5486725663716814 0.3893805309734513 0.0037926675094816687

1735227837
0.56875 0.42625 0.00125

1735227838
0.6007509386733417 0.39424280350438046 0.0025031289111389237

1735227839
0.5586380832282472 0.39344262295081966 0.0012610340479192938

1735227840
0.59 0.39375 0.0

1735227841
0.4987405541561713 0.36523929471032746 0.005037783375314861

1735227842
0.5932415519399249 0.34167709637046306 0.0025031289111389237

1735227843
0.7275 0.27125 0.0

1735227844
0.5335018963337548 0.3122629582806574 0.07206068268015171

1735227845
0.5383647798742138 0.3132075471698113 0.08553459119496855

1735227846
0.6042446941323346 0.2209737827715356 0.08239700374531835

1735227847
0.7825 0.215 0.0

1735227848
0.7206982543640897 0.2793017456359102 0.0

1735227849
0.69125 0.30875 0.0

1735227850
0.82625 0.17375 0.0

1735227851
0.8682559598494354 0.13174404015056462 0.0

1735227852
0.8318804483188045 0.16811955168119552 0.0

1735227853
0.8567901234567902 0.14320987654320988 0.0

1735227854
0.7387978142076502 0.24918032786885247 0.001092896174863388

1735227855
0.574468085106383 0.40425531914893614 0.0025031289111389237

1735227856
0.5474226804123712 0.33814432989690724 0.009278350515463918

1735227857
0.5168831168831168 0.2658008658008658 0.07272727272727272

1735227859
0.4857142857142857 0.2549450549450549 0.03406593406593406

1735227860
0.48737373737373735 0.2563131313131313 0.039141414141414144

1735227861
0.8792029887920298 0.11706102117061021 0.0012453300124533001

1735227862
0.6975857687420585 0.19822109275730623 0.0038119440914866584

1735227863
0.5818639798488665 0.22795969773299748 0.07304785894206549

1735227864
0.5877192982456141 0.14786967418546365 0.10401002506265664

1735227865
0.39012345679012345 0.08641975308641975 0.27530864197530863

1735227866
0.41488020176544765 0.21059268600252207 0.1450189155107188

1735227867
0.33799237611181704 0.31639135959339265 0.13214739517153748

1735227868
0.42641509433962266 0.25660377358490566 0.1509433962264151

1735227869
0.33290978398983484 0.3951715374841169 0.1613722998729352

1735227870
0.29093198992443325 0.2531486146095718 0.23299748110831234

1735227871
0.7320754716981132 0.2138364779874214 0.03522012578616352

1735227872
0.5699873896595208 0.27112232030264816 0.006305170239596469

1735227873
0.4866920152091255 0.302915082382763 0.030418250950570342

1735227874
0.5910828025477707 0.27770700636942675 0.0025477707006369425

1735227875
0.5178117048346056 0.2900763358778626 0.002544529262086514

1735227876
0.46124523506988563 0.35324015247776364 0.008894536213468869

1735227877
0.6025316455696202 0.2481012658227848 0.008860759493670886

1735227878
0.656641604010025 0.22180451127819548 0.018796992481203006

1735227879
0.8648310387984981 0.13516896120150187 0.0

1735227880
0.845 0.155 0.0

1735227881
0.8010012515644556 0.19899874843554444 0.0

1735227882
0.648171500630517 0.27112232030264816 0.0012610340479192938

1735227883
0.5510718789407314 0.3114754098360656 0.012610340479192938

1735227884
0.7531328320802005 0.22431077694235588 0.002506265664160401

1735227885
0.8646616541353384 0.13157894736842105 0.0

1735227886
0.6078184110970997 0.29129886506935687 0.027742749054224466

1735227892
0.21834496510468593 0.173678963110668 0.30827517447657027

1735227893
0.04508566275924256 0.04418394950405771 0.6221821460775473

1735227895
0.5515342250196695 0.3422501966955153 0.07159716758457907

1735227896
0.5949685534591195 0.38616352201257864 0.013836477987421384

1735227897
0.532156368221942 0.44640605296343 0.013871374527112233

1735227898
0.15954773869346733 0.20603015075376885 0.2675879396984925

1735227899
0.25 0.36809045226130654 0.28266331658291455

1735227900
0.5211970074812967 0.4775561097256858 0.0012468827930174563

1735227901
0.5373134328358209 0.4614427860696517 0.0012437810945273632

1735227902
0.5345911949685535 0.46163522012578617 0.0025157232704402514

1735227903
0.49936305732484076 0.3235668789808917 0.14904458598726114

1735227904
0.53625 0.44625 0.01375

1735227905
0.541927409261577 0.45807259073842305 0.0

1735227906
0.5330012453300125 0.4669987546699875 0.0

1735227907
0.5113924050632911 0.4316455696202532 0.05189873417721519

1735227908
0.5068836045056321 0.4067584480600751 0.0851063829787234

1735227909
0.5118601747815231 0.4868913857677903 0.0012484394506866417

1735227910
0.5292652552926526 0.47073474470734744 0.0

1735227911
0.5050125313283208 0.49373433583959897 0.0012531328320802004

1735227912
0.48120300751879697 0.42606516290726815 0.08897243107769423

1735227913
0.545 0.455 0.0

1735227914
0.5657071339173968 0.43429286608260326 0.0

1735227915
0.5068664169787765 0.49063670411985016 0.0

1735227916
0.5340050377833753 0.43954659949622166 0.005037783375314861

1735227917
0.410062893081761 0.3635220125786163 0.12830188679245283

1735227918
0.7917189460476788 0.20075282308657466 0.006273525721455458

1735227919
0.8764044943820225 0.12359550561797752 0.0

1735227920
0.87 0.12875 0.0

1735227921
0.8375 0.1625 0.0

1735227922
0.86 0.14 0.0

1735227923
0.81375 0.18625 0.0

1735227924
0.8425 0.1575 0.0

1735227925
0.8523153942428036 0.1476846057571965 0.0

1735227926
0.8049689440993789 0.19503105590062111 0.0

1735227927
0.8628930817610063 0.1371069182389937 0.0

1735227928
0.8639200998751561 0.13607990012484394 0.0

1735227929
0.8792029887920298 0.12079701120797011 0.0

1735227930
0.86 0.14 0.0

1735227931
0.88875 0.11125 0.0

1735227932
0.8982412060301508 0.10175879396984924 0.0

1735227933
0.8926342072409488 0.10736579275905118 0.0

1735227934
0.875 0.125 0.0

1735227935
0.88625 0.11375 0.0

1735227936
0.8904109589041096 0.1095890410958904 0.0

1735227937
0.83 0.17 0.0

1735227938
0.88 0.12 0.0

1735227939
0.86375 0.13625 0.0

1735227940
0.88875 0.11125 0.0

1735227941
0.87375 0.12625 0.0

1735227942
0.87125 0.12875 0.0

1735227943
0.89875 0.10125 0.0

1735227944
0.88 0.12 0.0

1735227945
0.90375 0.09625 0.0

1735227946
0.8682559598494354 0.13174404015056462 0.0

1735227947
0.8325 0.1675 0.0

1735227948
0.8107098381070984 0.18929016189290163 0.0

1735227949
0.81125 0.18875 0.0

1735227950
0.755 0.245 0.0

1735227951
0.75375 0.24625 0.0

1735227952
0.7934918648310388 0.2065081351689612 0.0

1735227953
0.7540574282147315 0.2459425717852684 0.0

1735227954
0.81125 0.18875 0.0

1735227955
0.72125 0.27875 0.0

1735227956
0.79375 0.20625 0.0

1735227957
0.7675 0.2325 0.0

1735227958
0.7675 0.2325 0.0

1735227959
0.6365914786967418 0.3634085213032581 0.0

1735227960
0.5506883604505632 0.44806007509386736 0.0

1735227961
0.5175 0.48125 0.0

1735227962
0.4215809284818068 0.5759096612296111 0.0

1735227963
0.4668335419274093 0.5269086357947435 0.0012515644555694619

1735227964
0.6242197253433208 0.37453183520599254 0.0

1735227965
0.66875 0.33125 0.0

1735227966
0.72 0.28 0.0

1735227967
0.61 0.39 0.0

1735227968
0.61875 0.38125 0.0

1735227969
0.62625 0.37375 0.0

1735227970
0.5809284818067754 0.41656210790464243 0.0

1735227971
0.56125 0.4375 0.0

1735227972
0.6264009962640099 0.37359900373599003 0.0

1735227973
0.6290726817042607 0.36967418546365916 0.0

1735227974
0.6925 0.3075 0.0

1735227975
0.6775 0.32 0.0

1735227976
0.5885286783042394 0.4102244389027431 0.0

1735227977
0.7311557788944724 0.26884422110552764 0.0

1735227978
0.6575 0.3425 0.0

1735227979
0.70625 0.29375 0.0

1735227980
0.6500622665006227 0.34993773349937735 0.0

1735227981
0.5972396486825596 0.4027603513174404 0.0

1735227982
0.635 0.365 0.0

1735227983
0.6783479349186483 0.3216520650813517 0.0

1735227984
0.7340823970037453 0.26591760299625467 0.0

1735227985
0.6779026217228464 0.3196004993757803 0.0012484394506866417

1735227986
0.6620428751576293 0.3379571248423707 0.0

1735227987
0.6940298507462687 0.29850746268656714 0.0012437810945273632

1735227988
0.609511889862328 0.3692115143929912 0.0037546933667083854

1735227989
0.6240601503759399 0.36967418546365916 0.0

1735227990
0.6428571428571429 0.34461152882205515 0.0012531328320802004

1735227991
0.6737235367372354 0.32627646326276466 0.0

1735227992
0.6392405063291139 0.3227848101265823 0.012658227848101266

1735227993
0.5825977301387137 0.37578814627994955 0.008827238335435058

1735227994
0.7701005025125628 0.22236180904522612 0.001256281407035176

1735227995
0.48435544430538174 0.39424280350438046 0.03379224030037547

1735227996
0.7117794486215538 0.2756892230576441 0.002506265664160401

1735227997
0.5579617834394904 0.36178343949044584 0.04203821656050955

1735227998
0.7205513784461153 0.2681704260651629 0.0012531328320802004

1735227999
0.7599502487562189 0.24004975124378108 0.0

1735228000
0.825 0.175 0.0

1735228001
0.5477386934673367 0.40326633165829145 0.008793969849246231

1735228002
0.4790874524714829 0.320659062103929 0.12040557667934093

1735228003
0.5354430379746835 0.36835443037974686 0.01139240506329114

1735228004
0.33877038895859474 0.15307402760351319 0.3575909661229611

1735228005
0.38373570520965694 0.289707750952986 0.17916137229987295

1735228006
0.45754119138149557 0.31685678073510776 0.11153358681875793

1735228007
0.40632911392405063 0.21645569620253163 0.25949367088607594

1735228008
0.31778058007566207 0.21059268600252207 0.2812105926860025

1735228009
0.5365239294710328 0.3261964735516373 0.0654911838790932

1735228010
0.5150753768844221 0.2864321608040201 0.09045226130653267

1735228011
0.6383248730964467 0.2652284263959391 0.02918781725888325

1735228012
0.4825 0.20125 0.21375

1735228013
0.5764854614412137 0.2895069532237674 0.03792667509481669

1735228014
0.6469849246231156 0.24748743718592964 0.007537688442211055

1735228015
0.6279650436953808 0.3258426966292135 0.0012484394506866417

1735228016
0.583756345177665 0.34390862944162437 0.006345177664974619

1735228017
0.5341772151898734 0.3822784810126582 0.0379746835443038

1735228018
0.6595208070617906 0.30012610340479196 0.0037831021437578815

1735228019
0.6854636591478697 0.29699248120300753 0.0037593984962406013

1735228020
0.8216957605985037 0.17830423940149626 0.0

1735228021
0.7777777777777778 0.2222222222222222 0.0

1735228022
0.85 0.14875 0.00125

1735228023
0.8526841448189763 0.14606741573033707 0.0

1735228024
0.8801498127340824 0.1198501872659176 0.0

1735228025
0.8591022443890274 0.14089775561097256 0.0

1735228026
0.871536523929471 0.12846347607052896 0.0

1735228027
0.8244084682440846 0.17559153175591533 0.0

1735228028
0.5757575757575758 0.3813131313131313 0.0

1735228029
0.5182849936948297 0.43631778058007564 0.0012610340479192938

1735228030
0.6360201511335013 0.3350125944584383 0.0

1735228031
0.6385390428211587 0.3337531486146096 0.0

1735228032
0.5642946317103621 0.2784019975031211 0.09987515605493133

1735228033
0.5417721518987342 0.189873417721519 0.16075949367088607

1735228034
0.533249686323714 0.15683814303638646 0.21455457967377667

1735228035
0.8062893081761007 0.16477987421383647 0.026415094339622643

1735228036
0.7995018679950187 0.20049813200498132 0.0

1735228037
0.7656641604010025 0.23308270676691728 0.0012531328320802004

1735228038
0.7634543178973717 0.23654568210262827 0.0

1735228039
0.846441947565543 0.15355805243445692 0.0

1735228040
0.8097622027534418 0.1902377972465582 0.0

1735228041
0.8206724782067247 0.1793275217932752 0.0

1735228042
0.81875 0.18125 0.0

1735228043
0.83375 0.16625 0.0

1735228044
0.82125 0.17875 0.0

1735228045
0.7927590511860175 0.20724094881398253 0.0

1735228046
0.8122653316645807 0.18773466833541927 0.0

1735228047
0.81875 0.18125 0.0

1735228048
0.815 0.185 0.0

1735228049
0.79625 0.20375 0.0

1735228050
0.7625 0.2375 0.0

1735228051
0.7018867924528301 0.28679245283018867 0.0025157232704402514

1735228052
0.818523153942428 0.17772215269086358 0.0025031289111389237

1735228053
0.76375 0.22875 0.00125

1735228054
0.664572864321608 0.3241206030150754 0.0

1735228055
0.6127023661270237 0.386052303860523 0.0

1735228056
0.7203495630461922 0.27965043695380776 0.0

1735228057
0.81625 0.18375 0.0

1735228058
0.82125 0.17875 0.0

1735228059
0.81375 0.18625 0.0

1735228060
0.8097622027534418 0.1902377972465582 0.0

1735228061
0.8193224592220828 0.178168130489335 0.002509410288582183

1735228062
0.8214731585518102 0.17852684144818975 0.0

1735228063
0.7775 0.2225 0.0

1735228064
0.7559449311639549 0.24405506883604505 0.0

1735228065
0.7810945273631841 0.21890547263681592 0.0

1735228066
0.855 0.145 0.0

1735228067
0.82 0.18 0.0

1735228068
0.8775 0.1225 0.0

1735228069
0.82625 0.17375 0.0

1735228070
0.87125 0.12875 0.0

1735228071
0.86625 0.13375 0.0

1735228072
0.8425 0.1575 0.0

1735228073
0.81125 0.18875 0.0

1735228074
0.8405977584059776 0.15940224159402241 0.0

1735228075
0.8745294855708908 0.12547051442910917 0.0

1735228076
0.8304020100502513 0.16959798994974876 0.0

1735228077
0.8331257783312578 0.16687422166874222 0.0

1735228078
0.8314606741573034 0.16853932584269662 0.0

1735228079
0.8225 0.1775 0.0

1735228080
0.8235294117647058 0.17647058823529413 0.0

1735228081
0.797752808988764 0.20224719101123595 0.0

1735228082
0.7759699624530664 0.22403003754693368 0.0

1735228083
0.815230961298377 0.18476903870162298 0.0

1735228084
0.83729662077597 0.16270337922403003 0.0

1735228085
0.818976279650437 0.18102372034956304 0.0

1735228086
0.78625 0.21375 0.0

1735228087
0.8075 0.1925 0.0

1735228088
0.80875 0.19125 0.0

1735228089
0.8197747183979975 0.1802252816020025 0.0

1735228090
0.83375 0.16625 0.0

1735228091
0.84125 0.15875 0.0

1735228092
0.8306451612903226 0.1693548387096774 0.0

1735228093
0.7626886145404664 0.23731138545953362 0.0

1735228094
0.774685816876122 0.1813285457809695 0.04129263913824058

1735228096
0.77000777000777 0.21056721056721056 0.019425019425019424

1735228097
0.83125 0.16875 0.0

1735228098
0.9149700598802395 0.08502994011976048 0.0

1735228104
0.15171288743882544 0.13601141924959217 0.7073817292006526

1735228105
0.8818984547461368 0.11810154525386314 0.0

1735228106
0.8585732165206508 0.1414267834793492 0.0

1735228995
0.0031138437646083842 0.18964239980987882 0.8057482060795254

1735230931
0.003244291945958196 0.19325864111142807 0.8002674357021164

1735235672
0.0033420022328066678 0.21852647573731473 0.7768875144889504

