1735234240
0.43 0.18 0.04 40867

1735234241
0.43 0.18 0.04 2329

1735234242
0.35 0.18 0.04 2409

1735234243
0.35 0.18 0.04 12883

1735234244
0.29 0.17 0.04 1748

1735234245
0.29 0.17 0.04 2061

1735234246
0.24 0.17 0.04 2925

1735234247
0.24 0.17 0.04 2146

1735234248
0.19 0.16 0.04 4742

1735234249
0.19 0.16 0.04 4160

1735234250
0.16 0.15 0.04 3110

1735234251
0.16 0.15 0.04 1956

1735234252
0.13 0.15 0.04 6530

1735234253
0.13 0.15 0.04 6671

1735234254
0.1 0.14 0.04 8597

1735234255
0.1 0.14 0.04 5315

1735234256
0.08 0.14 0.04 4228

1735234257
0.08 0.14 0.04 3208

1735234258
0.07 0.13 0.04 3383

1735234259
0.07 0.13 0.04 4077

1735234260
0.05 0.13 0.04 3033

1735234261
0.05 0.13 0.04 2978

1735234262
0.04 0.12 0.04 3307

1735234263
0.04 0.12 0.04 2849

1735234264
0.03 0.12 0.04 2592

1735234265
0.03 0.12 0.04 1564

1735234266
0.03 0.12 0.04 2199

1735234267
0.03 0.12 0.04 52227

1735234268
0.38 0.18 0.05 5388

1735234269
0.38 0.18 0.05 1916

1735234270
0.31 0.17 0.05 2707

1735234271
0.31 0.17 0.05 2254

1735234272
0.26 0.17 0.05 1625

1735234273
0.26 0.17 0.05 2674

1735234274
0.21 0.16 0.05 1276

1735234275
0.21 0.16 0.05 1342

1735234276
0.17 0.15 0.05 1459

1735234277
0.17 0.15 0.05 2131

1735234278
0.14 0.15 0.05 2405

1735234279
0.14 0.15 0.05 2319

1735234280
0.11 0.14 0.05 5432

1735234281
0.11 0.14 0.05 3023

1735234282
0.09 0.14 0.05 1508

1735234283
0.09 0.14 0.05 123

1735234284
0.07 0.13 0.05 1815

1735234285
0.07 0.13 0.05 1619

1735234286
0.06 0.13 0.05 1382

1735234287
0.06 0.13 0.05 2084

1735234288
0.05 0.12 0.05 1048

1735234289
0.05 0.12 0.05 1937

1735234290
0.04 0.12 0.05 1726

1735234291
0.04 0.12 0.05 2074

1735234292
0.03 0.12 0.05 4249

1735234293
0.03 0.12 0.05 2052

1735234294
0.02 0.11 0.05 5049

1735234295
0.02 0.11 0.05 219312

1735234296
4.55 0.93 0.22 296107

1735234297
4.55 0.93 0.22 60916

1735234298
4.45 1.03 0.24 21110

1735234299
4.45 1.03 0.24 3671

1735234300
4.55 1.16 0.28 110509

1735234301
4.55 1.16 0.28 12968

1735234302
3.9 1.15 0.28 17781

1735234303
3.9 1.15 0.28 331848

1735234304
8.99 2.16 0.5 323732

1735234305
8.99 2.16 0.5 132232

1735234306
11.17 2.78 0.64 338927

1735234307
11.17 2.78 0.64 49891

1735234308
10.05 2.85 0.67 15482

1735234309
10.05 2.85 0.67 40849

1735234310
9.45 3.51 0.86 564604

1735234315
9.45 3.51 0.86 2047

1735234316
10.64 3.92 0.96 348649

1735234317
10.64 3.92 0.96 34369

1735234318
9.07 3.85 0.97 6374

1735234319
9.07 3.85 0.97 236117

1735234320
13.41 4.81 1.19 462023

1735234321
13.41 4.81 1.19 726989

1735234322
25.29 7.23 1.72 878661

1735234323
25.29 7.23 1.72 783125

1735234324
33.57 9.32 2.19 749585

1735234325
33.57 9.32 2.19 11074

1735234326
28.39 9.18 2.21 774

1735234327
19.04 8.59 2.18 1596

1735234330
19.04 8.59 2.18 505

1735234331
19.04 8.59 2.18 332

1735234332
15.59 8.31 2.17 89016

1735234334
16.93 8.79 2.31 388521

1735234335
16.93 8.79 2.31 156585

1735234336
16.03 8.89 2.38 114495

1735234337
10.75 8.32 2.34 555

1735234340
10.75 8.32 2.34 78

1735234341
10.75 8.32 2.34 3930

1735234342
8.8 8.05 2.33 1146

1735234343
8.8 8.05 2.33 143310

1735234345
9.2 8.14 2.39 96974

1735234346
9.2 8.14 2.39 32646

1735234347
7.71 7.91 2.38 3234

1735234348
7.58 7.88 2.41 316598

1735234349
7.58 7.88 2.41 339998

1735234350
13.64 8.96 2.67 571587

1735234351
13.64 8.96 2.67 159048

1735234352
12.29 9.05 2.78 30081

1735234355
12.29 9.05 2.78 2415

1735234356
10.06 8.75 2.76 2733

1735234357
6.74 8.19 2.72 4900

1735234361
5.52 7.92 2.7 667

1735234362
5.52 7.92 2.7 2077

1735234363
5.52 7.92 2.7 9012

1735234364
4.7 7.69 2.69 17727

1735234365
4.7 7.69 2.69 120315

1735234366
5.12 7.67 2.72 26557

1735234367
5.12 7.67 2.72 3503

1735234371
3.43 7.18 2.68 3978

1735234372
2.81 6.94 2.66 23891

1735234373
2.81 6.94 2.66 396616

1735234374
6.28 7.43 2.8 35668

1735234375
6.28 7.43 2.8 312551

1735234378
6.48 7.49 2.91 204743

1735234381
8.57 7.84 3.01 414039

1735234383
17.52 9.48 3.39 1128805

1735234385
17.52 9.48 3.39 326021

1735234386
17.52 9.48 3.39 429912

1735234387
21.41 10.44 3.63 445264

1735234388
20.42 10.99 3.84 344733

1735234390
20.42 10.99 3.84 266067

1735234391
20.42 10.99 3.84 346205

1735234393
22.88 11.74 4.05 541661

1735234394
22.88 11.74 4.05 488573

1735234395
27.97 13.03 4.37 522558

1735234396
27.97 13.03 4.37 505772

1735234397
32.14 14.27 4.69 132187

1735234398
23.18 13.7 4.7 187010

1735234401
23.18 13.7 4.7 78

1735234402
23.18 13.7 4.7 6166

1735234403
18.98 13.25 4.66 2536

1735234404
18.98 13.25 4.66 529

1735234405
15.54 12.81 4.63 7899

1735234406
12.73 12.39 4.6 3128

1735234407
12.73 12.39 4.6 1439

1735234408
12.73 12.39 4.6 1469

1735234414
6.98 11.22 4.51 4973

1735234415
5.72 10.85 4.47 3901

1735234416
3.83 10.15 4.41 3209

1735234418
3.83 10.15 4.41 448

1735234419
3.14 9.82 4.38 3395

1735234421
3.14 9.82 4.38 826

1735234422
3.14 9.82 4.38 1595

1735234423
2.57 9.5 4.35 3410

1735234424
2.57 9.5 4.35 2466

1735234425
2.1 9.18 4.32 2624

1735234426
1.15 8.31 4.23 2237

1735234430
1.15 8.31 4.23 0

1735234431
1.15 8.31 4.23 3317

1735234432
0.94 8.04 4.2 463

1735234433
0.94 8.04 4.2 2380

1735234434
0.77 7.78 4.18 2625

1735234435
1.06 7.37 4.14 76528

1735234439
1.06 7.37 4.14 248

1735234441
0.86 7.13 4.11 2411

1735234442
0.86 7.13 4.11 207

1735234443
0.71 6.9 4.08 21533

1735234444
1.3 6.8 4.08 90120

1735234445
1.3 6.8 4.08 30673

1735234446
3.24 6.97 4.13 201416

1735234447
3.24 6.97 4.13 149894

1735234448
3.92 6.97 4.15 2629

1735234452
3.21 6.74 4.13 6319

1735234453
2.81 6.56 4.1 41533

1735234454
2.81 6.56 4.1 4072

1735234455
2.3 6.34 4.08 1337

1735234456
1.54 5.93 4.02 4749

1735234458
1.54 5.93 4.02 280

1735234459
1.54 5.93 4.02 439650

1735234461
9.77 7.28 4.31 812109

1735234462
9.77 7.28 4.31 185003

1735234463
12.17 7.79 4.44 5452

1735234464
6.83 7.08 4.36 34481

1735234469
6.83 7.08 4.36 5092

1735234470
7.22 7.14 4.39 188700

1735234471
5.91 6.91 4.36 1764

1735234473
4.84 6.68 4.33 3241

1735234475
3.96 6.46 4.3 1410

1735234478
3.96 6.46 4.3 1311

1735234479
3.24 6.25 4.27 8989

1735234480
1.78 5.66 4.18 3910

1735234484
1.78 5.66 4.18 0

1735234485
1.78 5.66 4.18 27628

1735234486
2.54 5.67 4.19 126207

1735234487
6.79 6.33 4.34 644760

1735234489
6.65 6.32 4.35 2066

1735234490
4.45 5.91 4.29 1622

1735234494
4.45 5.91 4.29 1835

1735234495
4.45 5.91 4.29 3998

1735234496
2.98 5.53 4.24 4248

1735234499
2.98 5.53 4.24 5984

1735234500
2.98 5.53 4.24 6528

1735234501
2.44 5.35 4.21 443

1735234502
2.44 5.35 4.21 1916

1735234503
2.0 5.18 4.18 1601

1735234504
2.0 5.18 4.18 2363

1735234505
1.34 4.84 4.12 2780

1735234508
1.34 4.84 4.12 3398

1735234509
1.09 4.68 4.09 16838

1735234510
1.09 4.68 4.09 23971

1735234511
1.08 4.56 4.07 5342

1735234512
1.08 4.56 4.07 9080

1735234513
0.72 4.27 4.01 7382

1735234514
0.72 4.27 4.01 3489

1735234517
0.59 4.13 3.99 5448

1735234518
0.48 3.99 3.96 4771

1735234519
0.48 3.99 3.96 2534

1735234520
0.39 3.86 3.93 2931

1735234522
0.39 3.86 3.93 9817

1735234523
0.32 3.73 3.9 4332

1735234524
1.55 3.78 3.91 184942

1735234527
1.55 3.78 3.91 0

1735234528
1.55 3.78 3.91 1061

1735234529
1.27 3.65 3.89 4131

1735234531
1.04 3.53 3.86 2504

1735234532
0.85 3.42 3.83 2076

1735234533
0.85 3.42 3.83 1941

1735234534
0.69 3.31 3.81 3777

1735234535
0.69 3.31 3.81 4920

1735234536
0.57 3.2 3.78 75844

1735234537
0.57 3.2 3.78 128899

1735234538
2.82 3.52 3.84 73863

1735234539
1.89 3.29 3.79 11126

1735234542
1.89 3.29 3.79 1388

1735234543
1.89 3.29 3.79 11491

1735234545
1.54 3.18 3.76 3605

1735234546
1.54 3.18 3.76 1056

1735234547
1.26 3.08 3.74 4466

1735234548
1.03 2.98 3.71 3873

1735234549
0.69 2.79 3.66 1201

1735234554
0.69 2.79 3.66 257

1735234555
0.56 2.69 3.63 12795

1735234557
0.46 2.61 3.61 3887

1735234558
0.38 2.52 3.58 3415

1735234559
0.38 2.52 3.58 5392

1735234560
0.31 2.44 3.56 10267

1735234561
0.31 2.44 3.56 67951

1735234562
2.06 2.68 3.6 187993

1735234568
3.9 3.05 3.67 303130

1735234570
3.56 3.01 3.66 49762

1735234571
2.91 2.92 3.63 2677

1735234572
2.38 2.82 3.61 6244

1735234574
1.95 2.73 3.58 7653

1735234575
1.95 2.73 3.58 5336

1735234576
1.31 2.55 3.53 3222

1735234578
1.31 2.55 3.53 42400

1735234580
1.17 2.45 3.5 4022

1735234584
1.17 2.45 3.5 0

1735234585
0.96 2.37 3.47 2951

1735234586
0.96 2.37 3.47 26929

1735234587
0.96 2.32 3.46 12290

1735234588
0.96 2.32 3.46 8118

1735234589
0.58 2.06 3.37 47651

1735234594
0.58 2.06 3.37 0

1735234596
0.58 2.06 3.37 9009

1735234597
1.62 2.16 3.37 140717

1735234599
1.62 2.16 3.37 2954

1735234600
1.62 2.16 3.37 4684

1735234601
1.33 2.09 3.35 12316

1735234602
1.33 2.09 3.35 2256

1735234603
1.09 2.02 3.33 2898

1735234606
0.89 1.95 3.3 5235

1735234607
0.73 1.89 3.28 2793

1735234608
0.59 1.83 3.26 1995

1735234609
0.59 1.83 3.26 1866

1735234610
0.48 1.77 3.23 2584

1735234611
0.48 1.77 3.23 1659

1735234612
0.48 1.77 3.23 3236

1735234613
0.21 1.54 3.15 10776

1735234619
0.21 1.54 3.15 1798

1735234620
0.09 1.35 3.06 3217

1735234626
0.09 1.35 3.06 0

1735234628
0.09 1.35 3.06 3963

1735234629
0.05 1.22 3.0 19389

1735234634
0.05 1.22 3.0 0

1735234635
0.04 1.18 2.97 33523

1735234636
0.04 1.18 2.97 59259

1735234637
0.76 1.27 2.98 67130

1735234638
1.34 1.36 2.99 22825

1735234639
0.9 1.27 2.95 4743

1735234643
0.9 1.27 2.95 0

1735234644
0.73 1.23 2.93 3904

1735234649
0.49 1.15 2.89 5663

1735234650
0.58 1.15 2.87 26171

1735234651
0.48 1.11 2.85 4440

1735234653
0.32 1.04 2.81 9476

1735234657
0.32 1.04 2.81 634

1735234658
0.32 1.04 2.81 77175

1735234659
0.98 1.13 2.82 19202

1735234660
0.98 1.13 2.82 0

1735234661
0.8 1.1 2.8 12973

1735234662
0.8 1.1 2.8 14061

1735234663
0.84 1.09 2.79 10964

1735234667
0.56 1.02 2.75 3914

1735234668
0.37 0.96 2.71 5531

1735234672
0.25 0.89 2.68 25925

1735234675
0.16 0.83 2.64 28266

1735234679
0.16 0.83 2.64 34957

1735234680
0.16 0.83 2.64 23921

1735234681
0.68 0.91 2.64 29335

1735234682
0.6 0.88 2.61 5091

1735234685
0.6 0.88 2.61 2430

1735234686
0.6 0.88 2.61 346446

1735234687
4.84 1.63 2.76 148947

1735234688
4.84 1.63 2.76 26315

1735234689
4.32 1.65 2.75 9308

1735234690
4.32 1.65 2.75 97966

1735234694
3.94 1.76 2.76 47470

1735234695
3.58 1.77 2.76 52337

1735234696
3.58 1.77 2.76 158769

1735234697
4.56 2.01 2.8 93194

1735234698
4.56 2.01 2.8 241

1735234699
4.46 2.07 2.81 1073

1735234700
4.46 2.07 2.81 17143

1735234701
3.83 2.04 2.8 70080

1735234702
3.01 2.0 2.78 3475

1735234705
3.01 2.0 2.78 16718

1735234706
2.65 1.97 2.77 20813

1735234708
2.65 1.97 2.77 178

1735234709
2.17 1.9 2.75 2255

1735234710
2.17 1.9 2.75 933

1735234712
1.77 1.84 2.73 152171

1735234713
3.44 2.14 2.78 419500

1735234714
7.17 2.85 2.93 269136

1735234716
7.17 2.85 2.93 40309

1735234717
8.76 3.5 3.07 389376

1735234719
8.76 3.5 3.07 0

1735234720
10.98 4.07 3.19 435389

1735234721
10.98 4.07 3.19 50278

1735234722
10.98 4.07 3.19 91

1735234724
9.35 4.0 3.18 4620

1735234725
7.65 3.87 3.16 1650

1735234726
6.45 3.78 3.14 36435

1735234728
6.45 3.78 3.14 61685

1735234729
4.77 3.63 3.12 1711

1735234731
4.77 3.63 3.12 23490

1735234732
4.77 3.63 3.12 76889

1735234733
4.81 3.67 3.13 1831

1735234734
4.81 3.67 3.13 2234

1735234735
3.94 3.55 3.11 2850

1735234736
3.94 3.55 3.11 3174

1735234738
2.64 3.32 3.07 1321

1735234739
2.64 3.32 3.07 307

1735234740
2.64 3.32 3.07 1777

1735234741
2.16 3.21 3.05 3074

1735234744
1.77 3.11 3.03 3466

1735234745
1.63 3.04 3.01 29192

1735234746
1.33 2.94 2.99 7383

1735234748
1.33 2.94 2.99 109

1735234749
1.09 2.84 2.97 4480

1735234750
1.09 2.84 2.97 2632

1735234751
0.89 2.75 2.95 4456

1735234752
0.89 2.75 2.95 8649

1735234753
0.73 2.66 2.93 1536

1735234757
0.49 2.49 2.89 1357

1735234758
0.49 2.49 2.89 643

1735234759
0.4 2.4 2.87 2015

1735234760
0.32 2.33 2.85 312

1735234762
0.26 2.25 2.83 1266

1735234763
0.22 2.17 2.81 1284

1735234765
0.22 2.17 2.81 0

1735234766
0.18 2.1 2.79 2555

1735234767
0.14 2.03 2.77 3041

1735234771
0.12 1.97 2.75 273

1735234772
0.12 1.97 2.75 1871

1735234773
0.09 1.9 2.73 1970

1735234774
0.09 1.9 2.73 0

1735234776
0.08 1.84 2.71 2550

1735234777
0.06 1.78 2.69 1864

1735234778
0.06 1.78 2.69 4502

1735234779
0.02 1.56 2.62 2264

1735234785
0.02 1.56 2.62 0

1735234786
0.02 1.56 2.62 1349

1735234787
0.01 1.41 2.57 9844

1735234792
0.0 1.27 2.51 923

1735234797
0.0 1.27 2.51 802

1735234798
0.18 1.26 2.5 35640

1735234800
0.18 1.26 2.5 9255

1735234801
0.87 1.35 2.51 166795

1735234802
0.87 1.35 2.51 236689

1735234803
3.61 1.83 2.61 34773

1735234804
5.86 2.3 2.7 364381

1735234806
4.67 2.31 2.69 54305

1735234811
4.67 2.31 2.69 4653

1735234812
3.49 2.28 2.68 147962

1735234816
3.49 2.28 2.68 0

1735234817
6.41 2.88 2.8 502655

1735234820
6.41 2.88 2.8 789

1735234821
6.15 2.95 2.82 152542

1735234822
7.39 3.28 2.89 231270

1735234823
6.77 3.3 2.89 80263

1735234825
6.77 3.3 2.89 36611

1735234826
6.77 3.3 2.89 78509

1735234827
7.9 3.62 2.96 352949

1735234828
7.9 3.62 2.96 120236

1735234829
10.27 4.19 3.09 129358

1735234830
8.95 4.15 3.09 78710

1735234831
7.51 4.05 3.07 1161

1735234833
6.15 3.91 3.05 1307

1735234836
6.15 3.91 3.05 1012

1735234837
5.04 3.78 3.03 2682

1735234838
5.04 3.78 3.03 1191

1735234839
4.12 3.66 3.01 2035

1735234841
3.37 3.54 2.99 1865

1735234842
2.76 3.42 2.97 1420

1735234843
2.76 3.42 2.97 152

1735234844
2.76 3.42 2.97 1287

1735234845
2.26 3.31 2.95 1843

1735234846
1.24 3.0 2.88 5432

1735234851
1.24 3.0 2.88 0

1735234852
1.24 3.0 2.88 50269

1735234853
1.74 3.03 2.89 33338

1735234854
1.74 3.03 2.89 5941

1735234855
1.42 2.93 2.87 662

1735234856
0.78 2.65 2.81 3610

1735234861
0.78 2.65 2.81 0

1735234862
0.78 2.65 2.81 2758

1735234863
0.64 2.56 2.79 2791

1735234865
0.64 2.56 2.79 0

1735234866
0.52 2.48 2.77 1900

1735234868
0.42 2.4 2.75 1787

1735234869
0.35 2.32 2.74 837

1735234870
0.23 2.17 2.7 3085

1735234875
0.23 2.17 2.7 176

1735234876
0.19 2.1 2.68 747

1735234877
0.19 2.1 2.68 900

1735234878
0.15 2.03 2.66 3155

1735234879
0.12 1.96 2.64 32994

1735234880
0.43 1.87 2.61 53082

1735234886
0.43 1.87 2.61 0

1735234887
0.35 1.81 2.59 11320

1735234888
1.25 1.9 2.59 232240

1735234896
1.25 1.9 2.59 20451

1735234897
3.38 2.27 2.66 410584

1735234898
3.31 2.42 2.69 94588

1735234904
4.7 2.7 2.75 429803

1735234906
6.75 3.14 2.84 177702

1735234907
6.43 3.2 2.85 66797

1735234910
6.43 3.2 2.85 49328

1735234911
6.53 3.32 2.88 116352

1735234912
6.53 3.32 2.88 205117

1735234914
7.88 3.67 2.96 315665

1735234915
9.29 4.29 3.1 331739

1735234918
9.29 4.29 3.1 88163

1735234920
8.87 4.38 3.13 68675

1735234921
7.27 4.23 3.11 1754

1735234922
5.95 4.09 3.08 1800

1735234924
4.87 3.96 3.06 1316

1735234927
4.87 3.96 3.06 0

1735234928
3.99 3.83 3.04 4469

1735234929
3.99 3.83 3.04 2762

1735234930
3.26 3.7 3.02 2956

1735234931
2.67 3.58 3.0 2237

1735234937
1.79 3.35 2.96 2569

1735234939
1.2 3.14 2.92 2271

1735234940
1.2 3.14 2.92 5035

1735234941
1.2 3.14 2.92 10373

1735234942
0.98 3.03 2.9 48907

1735234943
0.95 2.9 2.87 4056

1735234945
0.95 2.9 2.87 854

1735234946
0.95 2.9 2.87 1703

1735234947
0.78 2.8 2.85 20464

1735234949
0.82 2.75 2.84 624

1735234951
0.82 2.75 2.84 0

1735234952
1.03 2.72 2.83 91809

1735234953
0.81 2.52 2.79 2988

1735234957
0.81 2.52 2.79 54561

1735234959
0.81 2.52 2.79 24010

1735234960
0.98 2.45 2.77 2394

1735234961
0.98 2.45 2.77 246

1735234963
0.8 2.37 2.75 6256

1735234965
0.8 2.37 2.75 221

1735234966
0.66 2.3 2.73 3385

1735234967
0.66 2.3 2.73 5659

1735234968
0.54 2.22 2.71 147311

1735234969
0.54 2.22 2.71 14279

1735234970
1.29 2.25 2.71 35188

1735234974
1.29 2.25 2.71 3343

1735234975
1.06 2.18 2.69 2386

1735234976
1.06 2.18 2.69 2161

1735234977
1.06 2.18 2.69 908

1735234978
0.71 2.04 2.65 4516

1735234980
0.71 2.04 2.65 0

1735234981
0.58 1.97 2.64 3771

1735234982
0.58 1.97 2.64 2045

1735234983
0.47 1.91 2.62 4060

1735234984
0.39 1.84 2.6 4142

1735234985
0.39 1.84 2.6 1386

1735234986
0.86 1.88 2.6 74828

1735234987
1.25 1.92 2.61 55997

1735234990
1.25 1.92 2.61 0

1735234991
1.02 1.86 2.59 104354

1735234992
1.02 1.86 2.59 44823

1735234993
3.01 2.19 2.65 102501

1735234994
3.01 2.19 2.65 2779

1735234995
2.46 2.12 2.63 1946

1735234996
2.01 2.05 2.62 2148

1735234998
2.01 2.05 2.62 31

1735235000
1.65 1.98 2.6 3968

1735235001
1.1 1.85 2.56 8526

1735235003
0.9 1.79 2.54 2017

1735235007
0.9 1.79 2.54 774

1735235008
0.49 1.62 2.49 7555

1735235012
0.27 1.46 2.44 6090

1735235018
0.27 1.46 2.44 303

1735235019
0.18 1.37 2.41 4465

1735235021
0.14 1.32 2.39 1124

1735235024
0.14 1.32 2.39 561

1735235025
0.09 1.24 2.36 6040

1735235028
0.09 1.24 2.36 0

1735235029
0.09 1.24 2.36 2981

1735235030
0.08 1.2 2.34 2650

1735235031
0.08 1.2 2.34 6629

1735235032
0.06 1.16 2.32 105007

1735235033
2.04 1.48 2.38 140834

1735235034
2.94 1.66 2.41 155821

1735235036
2.77 1.67 2.41 14718

1735235038
2.77 1.67 2.41 21561

1735235039
3.72 1.88 2.45 139672

1735235040
3.72 1.88 2.45 109

1735235041
3.72 1.88 2.45 2587

1735235043
3.04 1.82 2.43 1979

1735235044
2.49 1.76 2.42 2482

1735235045
2.04 1.7 2.4 2849

1735235046
0.91 1.48 2.33 1898

1735235054
0.91 1.48 2.33 2782

1735235055
0.91 1.48 2.33 4683

1735235056
0.75 1.44 2.32 128183

1735235057
0.75 1.44 2.32 755353

1735235058
10.39 3.16 2.67 312312

1735235059
7.34 3.23 2.7 144069

1735235065
7.34 3.23 2.7 0

1735235066
6.37 3.19 2.69 54883

1735235068
3.5 2.88 2.64 15982

1735235072
3.5 2.88 2.64 8988

1735235074
2.86 2.79 2.62 23889

1735235075
2.86 2.79 2.62 37372

1735235076
2.7 2.76 2.62 3884

1735235077
2.7 2.76 2.62 1124

1735235079
1.81 2.58 2.58 9709

1735235080
1.48 2.5 2.56 4631

1735235082
1.39 2.45 2.55 30986

1735235084
1.39 2.45 2.55 637

1735235086
1.14 2.37 2.53 2475

1735235087
1.14 2.37 2.53 2293

1735235088
0.93 2.29 2.52 2030

1735235089
0.93 2.29 2.52 11773

1735235090
1.49 2.35 2.53 89926

1735235091
1.0 2.2 2.49 15416

1735235094
1.0 2.2 2.49 13570

1735235095
1.0 2.2 2.49 13525

1735235096
1.0 2.16 2.48 4314

1735235097
1.0 2.16 2.48 6769

1735235098
0.81 2.09 2.46 10875

1735235099
0.67 2.02 2.45 6613

1735235100
0.54 1.95 2.43 12698

1735235103
0.44 1.89 2.41 1320

1735235104
0.91 1.92 2.42 63787

1735235106
0.61 1.8 2.38 11315

1735235110
0.61 1.8 2.38 35519

1735235111
0.61 1.8 2.38 48719

1735235113
1.4 1.9 2.4 19293

1735235114
1.15 1.84 2.38 7786

1735235115
0.94 1.78 2.37 4424

1735235117
0.77 1.72 2.35 3711

1735235119
0.77 1.72 2.35 1035

1735235120
0.63 1.66 2.33 10990

1735235121
0.63 1.66 2.33 1955

1735235122
0.51 1.61 2.32 2942

1735235123
0.28 1.46 2.27 6579

1735235128
0.28 1.46 2.27 0

1735235129
0.23 1.41 2.25 9373

1735235130
0.23 1.41 2.25 2192

1735235131
0.18 1.36 2.24 6014

1735235134
0.12 1.27 2.21 6988

1735235136
0.1 1.23 2.19 4640

1735235139
0.06 1.15 2.16 11674

1735235142
0.06 1.15 2.16 4301

1735235143
0.93 1.27 2.17 114395

1735235145
0.93 1.27 2.17 45147

1735235147
2.21 1.49 2.21 195971

1735235148
2.21 1.49 2.21 0

1735235149
4.89 1.99 2.31 414570

1735235150
4.89 1.99 2.31 90202

1735235151
7.81 2.62 2.44 302772

1735235153
7.2 3.1 2.55 395592

1735235158
7.2 3.1 2.55 0

1735235159
5.89 3.0 2.54 3602

1735235161
4.82 2.9 2.52 1854

1735235162
4.82 2.9 2.52 10498

1735235163
3.95 2.81 2.5 6045

1735235165
3.95 2.81 2.5 543

1735235166
3.23 2.71 2.48 7148

1735235167
3.23 2.71 2.48 11674

1735235168
2.83 2.66 2.47 20941

1735235169
2.31 2.57 2.46 8157

1735235171
1.55 2.4 2.42 727

1735235175
1.55 2.4 2.42 0

1735235176
1.27 2.32 2.41 11457

1735235177
1.27 2.32 2.41 1553

1735235180
0.85 2.17 2.37 5721

1735235181
0.69 2.1 2.36 4974

1735235182
0.69 2.1 2.36 273

1735235183
0.69 2.1 2.36 4050

1735235184
0.57 2.03 2.34 4901

1735235185
0.57 2.03 2.34 8460

1735235186
0.25 1.78 2.27 8908

1735235192
0.25 1.78 2.27 0

1735235193
0.25 1.78 2.27 6471

1735235194
0.2 1.72 2.26 2736

1735235195
0.2 1.72 2.26 3512

1735235196
0.17 1.66 2.24 901

1735235197
0.17 1.66 2.24 4455

1735235198
0.11 1.56 2.21 3872

1735235200
0.11 1.56 2.21 0

1735235201
0.11 1.56 2.21 1525

1735235202
0.09 1.5 2.2 2183

1735235203
0.09 1.5 2.2 1658

1735235204
0.06 1.41 2.17 3504

1735235206
0.05 1.36 2.15 1514

1735235208
0.05 1.36 2.15 1126

1735235209
0.05 1.36 2.15 3334

1735235210
0.04 1.31 2.14 4199

1735235211
0.04 1.31 2.14 50786

1735235214
0.47 1.32 2.13 17589

1735235215
0.31 1.24 2.1 4766

1735235219
0.31 1.24 2.1 0

1735235220
0.25 1.2 2.08 2431

1735235221
0.21 1.16 2.07 8275

1735235225
0.17 1.12 2.05 4457

1735235226
0.14 1.08 2.04 83273

1735235227
0.14 1.08 2.04 71464

1735235228
1.38 1.28 2.07 6262

1735235229
1.38 1.28 2.07 104155

1735235230
2.4 1.46 2.11 159561

1735235231
3.23 1.64 2.14 38677

1735235233
3.23 1.64 2.14 0

1735235234
2.64 1.59 2.13 28401

1735235235
2.64 1.59 2.13 7669

1735235236
2.34 1.57 2.12 13835

1735235238
2.1 1.55 2.11 21455

1735235239
1.41 1.45 2.08 24147

1735235242
1.41 1.45 2.08 893

1735235243
2.06 1.57 2.1 111963

1735235245
2.06 1.57 2.1 0

1735235246
3.21 1.82 2.15 225757

1735235248
3.21 1.82 2.15 0

1735235249
10.96 3.27 2.45 987250

1735235251
10.96 3.27 2.45 203

1735235252
10.72 3.97 2.62 616914

1735235257
10.72 3.97 2.62 0

1735235258
9.32 3.93 2.62 164135

1735235260
9.32 3.93 2.62 10433

1735235261
8.53 3.97 2.64 988502

1735235262
21.66 6.49 3.17 833320

1735235263
21.66 6.49 3.17 957248

1735235264
32.77 8.99 3.72 639116

1735235265
32.77 8.99 3.72 1032189

1735235266
42.23 11.48 4.27 699158

1735235267
42.23 11.48 4.27 884789

1735235268
49.8 13.85 4.82 1936594

1735235269
55.81 16.11 5.35 1022297

1735235270
55.81 16.11 5.35 71272

1735235271
55.81 16.11 5.35 795423

1735235272
60.92 18.34 5.89 1259872

1735235273
65.82 20.61 6.45 1282955

1735235274
65.82 20.61 6.45 190823

1735235275
69.48 22.75 7.0 998737

1735235276
71.38 24.63 7.5 2478468

1735235279
71.38 24.63 7.5 268965

1735235280
74.03 26.63 8.03 943442

1735235281
75.84 28.51 8.55 2706830

1735235283
77.68 30.39 9.08 818512

1735235285
77.68 30.39 9.08 901110

1735235287
79.18 32.21 9.61 1708430

1735235288
80.78 34.04 10.14 879206

1735235289
73.77 35.81 10.85 2094223

1735235293
60.69 35.53 11.13 2038997

1735235297
60.69 35.53 11.13 283281

1735235298
65.28 37.18 11.64 901453

1735235299
65.28 37.18 11.64 1328499

1735235300
69.39 38.85 12.16 667351

1735235301
69.39 38.85 12.16 687459

1735235306
44.44 37.59 12.63 1318131

1735235308
51.61 39.1 13.12 2518372

1735235311
53.83 40.51 13.78 1637448

1735235315
53.83 40.51 13.78 44408

1735235316
38.6 38.41 13.7 294389

1735235318
38.6 38.41 13.7 0

1735235319
35.41 37.84 13.75 473566

1735235320
35.41 37.84 13.75 11686

1735235321
35.41 37.84 13.75 436868

1735235323
35.15 37.72 13.89 316969

1735235324
30.78 36.84 13.87 138841

1735235325
30.78 36.84 13.87 657256

1735235326
36.43 37.67 14.2 635097

1735235327
36.43 37.67 14.2 608373

1735235332
28.07 36.06 14.34 981805

1735235333
28.07 36.06 14.34 17368

1735235334
29.51 36.06 14.49 560343

1735235335
29.51 36.06 14.49 54899

1735235336
25.97 35.2 14.46 27401

1735235337
25.97 35.2 14.46 13706

1735235340
21.27 34.05 14.36 5880

1735235341
17.41 32.94 14.26 14079

1735235342
17.7 32.48 14.29 649822

1735235343
19.38 32.3 14.38 309725

1735235344
19.38 32.3 14.38 0

1735235345
16.41 31.34 14.3 59829

1735235346
16.41 31.34 14.3 6236

1735235347
15.43 30.68 14.28 300925

1735235348
15.43 30.68 14.28 140746

1735235350
15.43 30.68 14.28 195328

1735235351
16.44 30.36 14.32 182982

1735235352
16.44 30.36 14.32 21975

1735235353
15.27 29.69 14.29 13480

1735235355
12.5 28.72 14.2 3580

1735235356
10.24 27.78 14.1 15208

1735235357
8.38 26.87 14.0 5821

1735235358
8.38 26.87 14.0 1899

1735235359
8.38 26.87 14.0 3242

1735235360
6.86 25.99 13.91 2667

1735235362
3.77 23.52 13.62 4529

1735235366
3.77 23.52 13.62 124

1735235367
2.52 22.01 13.44 6595

1735235370
2.52 22.01 13.44 315

1735235372
1.69 20.59 13.25 1089

1735235374
1.69 20.59 13.25 0

1735235375
1.69 20.59 13.25 159901

1735235376
2.83 20.18 13.22 6585

1735235377
2.83 20.18 13.22 4514

1735235378
1.9 18.88 13.04 4957

1735235382
1.9 18.88 13.04 0

1735235383
1.27 17.66 12.86 5911

1735235384
1.04 17.09 12.77 3590

1735235387
1.04 17.09 12.77 159

1735235388
1.04 17.09 12.77 4591

1735235389
0.85 16.53 12.68 186441

1735235390
0.85 16.53 12.68 471572

1735235391
7.67 16.9 12.81 277788

1735235393
7.67 16.9 12.81 2070

1735235394
5.14 15.81 12.64 4078

1735235397
4.21 15.29 12.55 2837

1735235398
4.21 15.29 12.55 244

1735235399
3.44 14.79 12.47 5909

1735235401
2.82 14.31 12.38 1447

1735235402
2.31 13.84 12.3 6884

1735235407
1.89 13.39 12.21 3324

1735235408
1.26 12.52 12.04 5431

1735235410
1.03 12.11 11.96 2042

1735235412
1.03 12.11 11.96 169

1735235413
1.03 12.11 11.96 6451

1735235414
0.85 11.72 11.88 2473

1735235415
0.85 11.72 11.88 4902

1735235416
0.69 11.33 11.8 6168

1735235417
0.69 11.33 11.8 6317

1735235418
0.56 10.96 11.72 3293

1735235420
0.38 10.26 11.56 2823

1735235422
0.38 10.26 11.56 133

1735235423
0.31 9.92 11.48 2112

1735235425
0.25 9.6 11.4 3561

1735235427
0.25 9.6 11.4 1354

1735235428
0.17 8.98 11.24 2438

1735235430
0.13 8.68 11.17 2356

1735235432
0.13 8.68 11.17 1414

1735235433
0.11 8.4 11.09 3280

1735235435
0.09 8.12 11.01 3044

1735235437
0.09 8.12 11.01 0

1735235438
0.07 7.86 10.94 7316

1735235439
0.07 7.86 10.94 202187

1735235440
1.87 7.93 10.93 7415

1735235441
1.25 7.42 10.78 13581

1735235445
1.25 7.42 10.78 1297

1735235446
1.02 7.17 10.71 7789

1735235448
1.2 7.0 10.65 34975

1735235449
5.33 7.56 10.74 528053

1735235450
6.17 7.64 10.73 210943

1735235453
5.24 7.42 10.67 2835

1735235454
5.24 7.42 10.67 66025

1735235455
5.24 7.42 10.67 649962

1735235456
14.07 8.95 10.96 527062

1735235457
14.07 8.95 10.96 627047

1735235459
23.29 10.78 11.33 1326963

1735235460
31.39 12.65 11.72 618182

1735235461
31.39 12.65 11.72 584740

1735235462
36.57 14.2 12.05 624476

1735235463
36.57 14.2 12.05 606849

1735235464
41.36 15.8 12.4 666620

1735235465
41.36 15.8 12.4 537854

1735235466
44.92 17.28 12.73 700441

1735235467
44.92 17.28 12.73 775850

1735235468
50.91 19.26 13.18 791129

1735235469
50.91 19.26 13.18 565771

1735235470
53.82 20.83 13.55 785484

1735235471
53.82 20.83 13.55 648396

1735235472
55.67 22.24 13.89 617561

1735235473
55.67 22.24 13.89 726347

1735235474
57.72 23.7 14.25 626131

1735235475
57.72 23.7 14.25 582304

1735235476
57.77 24.82 14.55 691239

1735235478
48.57 24.24 14.5 59152

1735235480
40.31 23.55 14.42 205526

1735235481
40.31 23.55 14.42 35005

1735235482
38.08 23.69 14.52 640142

1735235484
38.08 23.69 14.52 292700

1735235485
38.97 24.32 14.71 1068115

1735235486
43.69 25.65 15.06 660107

1735235487
43.69 25.65 15.06 723570

1735235488
46.82 26.81 15.37 593326

1735235489
46.82 26.81 15.37 606516

1735235490
49.21 27.9 15.67 602277

1735235491
49.21 27.9 15.67 602427

1735235492
51.89 29.08 16.01 697763

1735235493
51.89 29.08 16.01 582951

1735235494
53.54 30.12 16.31 612507

1735235495
53.54 30.12 16.31 546750

1735235496
53.62 30.9 16.57 514450

1735235497
53.62 30.9 16.57 640616

1735235498
54.96 31.89 16.87 609762

1735235499
54.96 31.89 16.87 610058

1735235500
56.59 32.94 17.2 702291

1735235501
56.59 32.94 17.2 632821

1735235502
57.03 33.79 17.48 551085

1735235503
57.03 33.79 17.48 641375

1735235504
57.75 34.68 17.78 613507

1735235505
57.75 34.68 17.78 624637

1735235506
59.24 35.71 18.11 693783

1735235507
59.24 35.71 18.11 660818

1735235508
60.29 36.66 18.43 627977

1735235509
60.29 36.66 18.43 674977

1735235510
60.41 37.46 18.72 585381

1735235511
60.41 37.46 18.72 647162

1735235512
62.15 38.53 19.07 715717

1735235513
62.15 38.53 19.07 602698

1735235514
62.48 39.36 19.38 743490

1735235515
62.48 39.36 19.38 684489

1735235516
63.85 40.36 19.73 690718

1735235517
63.85 40.36 19.73 752269

1735235518
60.43 40.51 19.9 534434

1735235520
60.43 40.51 19.9 26468

1735235521
57.09 40.56 20.05 732875

1735235522
57.09 40.56 20.05 4504

1735235523
51.28 40.05 20.08 742883

1735235524
50.14 40.21 20.26 408579

1735235525
51.02 40.7 20.49 1173086

1735235528
45.22 39.99 20.48 633723

1735235530
43.36 39.82 20.58 645397

1735235531
42.93 39.86 20.72 920856

1735235533
42.93 39.86 20.72 255370

1735235535
44.21 40.19 20.92 711552

1735235536
44.21 40.19 20.92 674529

1735235537
49.07 41.2 21.27 717528

1735235538
49.07 41.2 21.27 711598

1735235539
53.04 42.18 21.61 668197

1735235540
53.04 42.18 21.61 671803

1735235541
55.2 42.92 21.9 688337

1735235542
55.2 42.92 21.9 736171

1735235543
58.25 43.88 22.25 732159

1735235544
58.25 43.88 22.25 769063

1735235545
60.92 44.83 22.59 822039

1735235546
60.92 44.83 22.59 827318

1735235547
64.74 46.04 23.0 895610

1735235548
64.74 46.04 23.0 688771

1735235549
66.23 46.93 23.34 576130

1735235550
67.28 47.75 23.67 1840299

1735235551
67.28 47.75 23.67 70521

1735235553
64.22 48.46 24.15 1635156

1735235555
64.22 48.46 24.15 243217

1735235556
64.22 48.46 24.15 22905

1735235557
59.47 48.12 24.25 865598

1735235559
63.01 49.13 24.62 2522180

1735235560
63.01 49.13 24.62 72092

1735235562
65.18 49.97 24.97 1338749

1735235563
68.22 51.02 25.36 848258

1735235565
72.71 52.4 25.82 1917003

1735235566
72.71 52.4 25.82 897689

1735235567
76.93 53.82 26.3 970250

1735235568
76.93 53.82 26.3 976207

1735235569
80.38 55.2 26.78 947829

1735235570
80.38 55.2 26.78 968137

1735235571
83.21 56.54 27.25 980173

1735235572
83.21 56.54 27.25 970547

1735235573
85.53 57.83 27.72 961802

1735235574
85.53 57.83 27.72 927622

1735235575
87.06 59.01 28.17 952330

1735235576
87.06 59.01 28.17 966212

1735235577
88.68 60.22 28.64 896548

1735235578
88.68 60.22 28.64 780725

1735235579
86.93 60.84 28.98 827175

1735235580
86.93 60.84 28.98 681056

1735235581
83.68 61.1 29.26 699728

1735235582
83.68 61.1 29.26 912901

1735235583
83.74 61.85 29.63 769276

1735235584
83.74 61.85 29.63 756438

1735235585
81.61 62.18 29.92 709932

1735235586
81.61 62.18 29.92 953745

1735235587
83.49 63.16 30.35 824040

1735235588
83.49 63.16 30.35 622942

1735235589
79.78 63.15 30.57 670431

1735235590
79.78 63.15 30.57 722098

1735235591
78.91 63.54 30.87 789067

1735235592
78.91 63.54 30.87 812420

1735235593
78.38 63.95 31.18 626381

1735235594
78.38 63.95 31.18 462367

1735235595
73.78 63.59 31.33 667281

1735235596
73.78 63.59 31.33 721744

1735235597
73.46 63.87 31.61 714657

1735235598
73.46 63.87 31.61 468832

1735235599
69.93 63.54 31.76 502833

1735235600
69.93 63.54 31.76 508575

1735235601
66.68 63.17 31.9 635011

1735235602
66.92 63.32 32.15 1229709

1735235603
66.92 63.32 32.15 386382

1735235604
66.92 63.32 32.15 364241

1735235605
66.21 63.31 32.36 601139

1735235606
66.21 63.31 32.36 667440

1735235607
67.44 63.63 32.64 950524

1735235608
67.44 63.63 32.64 724345

1735235609
67.36 63.74 32.87 551857

1735235610
60.95 62.7 32.87 493112

1735235611
59.87 62.45 33.02 1195269

1735235613
59.87 62.45 33.02 91956

1735235614
56.63 61.78 33.08 569066

1735235615
56.63 61.78 33.08 560215

1735235616
58.33 61.92 33.3 763624

1735235617
58.33 61.92 33.3 567001

1735235618
59.18 61.95 33.51 707383

1735235619
59.18 61.95 33.51 885755

1735235620
63.85 62.71 33.86 819386

1735235621
63.85 62.71 33.86 701758

1735235622
65.33 63.01 34.12 753245

1735235623
65.33 63.01 34.12 715202

1735235624
64.91 63.01 34.32 588716

1735235625
64.91 63.01 34.32 649619

1735235626
64.2 62.94 34.5 538974

1735235627
64.2 62.94 34.5 876736

1735235628
67.24 63.54 34.82 751111

1735235629
67.24 63.54 34.82 293831

1735235631
59.22 62.21 34.74 466472

1735235632
53.57 61.09 34.69 289882

1735235633
53.57 61.09 34.69 814334

1735235634
58.9 61.81 35.02 852621

1735235635
58.9 61.81 35.02 830097

1735235636
58.9 61.81 35.02 805600

1735235637
62.9 62.43 35.34 690930

1735235638
62.9 62.43 35.34 559977

1735235639
62.56 62.39 35.51 472211

1735235640
62.56 62.39 35.51 308393

1735235641
58.11 61.59 35.53 239758

1735235642
58.11 61.59 35.53 210592

1735235643
51.56 60.29 35.44 234502

1735235644
51.56 60.29 35.44 428789

1735235645
48.2 59.4 35.42 308016

1735235646
48.2 59.4 35.42 353081

1735235647
45.63 58.57 35.41 685769

1735235648
45.63 58.57 35.41 316744

1735235649
46.06 58.22 35.5 225198

1735235650
46.06 58.22 35.5 389528

1735235651
43.33 57.33 35.46 503695

1735235652
43.33 57.33 35.46 449807

1735235653
43.99 56.99 35.54 433412

1735235654
43.99 56.99 35.54 584599

1735235655
45.62 56.86 35.66 919145

1735235656
45.62 56.86 35.66 925332

1735235657
53.84 57.98 36.04 900816

1735235658
53.84 57.98 36.04 880120

1735235659
60.21 58.99 36.4 929614

1735235660
60.21 58.99 36.4 950561

1735235661
66.33 60.14 36.8 776990

1735235662
64.64 60.04 36.94 927005

1735235664
47.53 57.06 36.62 104628

1735235667
47.53 57.06 36.62 3286

1735235668
47.53 57.06 36.62 89499

1735235669
41.45 55.65 36.47 275721

1735235670
42.09 55.3 36.53 1058365

1735235671
39.18 54.34 36.45 303719

1735235674
35.88 53.25 36.35 982326

1735235675
35.88 53.25 36.35 0

1735235677
39.53 53.34 36.48 1093537

1735235678
39.53 53.34 36.48 83525

1735235679
37.26 52.0 36.43 775028

1735235681
37.26 52.0 36.43 834209

1735235682
37.26 52.0 36.43 2647

1735235683
39.75 51.97 36.53 532048

1735235684
39.75 51.97 36.53 593588

1735235685
42.51 52.06 36.65 571452

1735235686
42.51 52.06 36.65 801940

1735235687
46.95 52.55 36.86 620531

1735235688
46.95 52.55 36.86 657898

1735235689
49.85 52.9 37.04 618831

1735235690
49.85 52.9 37.04 573260

1735235691
51.69 53.13 37.2 756146

1735235692
51.69 53.13 37.2 682153

1735235693
55.55 53.78 37.44 642725

1735235694
55.55 53.78 37.44 728355

1735235695
57.99 54.28 37.66 552181

1735235696
57.99 54.28 37.66 607453

1735235697
57.63 54.33 37.78 587878

1735235698
57.63 54.33 37.78 623097

1735235699
58.24 54.55 37.94 652400

1735235700
58.24 54.55 37.94 642027

1735235701
59.28 54.86 38.12 609165

1735235702
59.28 54.86 38.12 623901

1735235703
59.59 55.06 38.28 656424

1735235704
59.59 55.06 38.28 634719

1735235705
60.39 55.35 38.45 635367

1735235706
60.39 55.35 38.45 598041

1735235707
60.5 55.54 38.61 559868

1735235708
60.5 55.54 38.61 577398

1735235709
59.14 55.45 38.71 531930

1735235710
59.14 55.45 38.71 805591

1735235711
61.29 55.96 38.93 621738

1735235712
61.29 55.96 38.93 852333

1735235713
63.77 56.59 39.17 798636

1735235714
63.77 56.59 39.17 709741

1735235715
65.62 57.16 39.41 654173

1735235716
65.62 57.16 39.41 577529

1735235717
64.97 57.32 39.57 766189

1735235718
64.97 57.32 39.57 638523

1735235719
65.33 57.63 39.76 644391

1735235720
65.33 57.63 39.76 656308

1735235721
64.91 57.81 39.91 614715

1735235722
64.91 57.81 39.91 618030

1735235723
64.38 57.95 40.07 626338

1735235724
64.38 57.95 40.07 656826

1735235725
64.85 58.24 40.25 795782

1735235726
64.85 58.24 40.25 751821

1735235727
66.51 58.76 40.48 657119

1735235728
66.51 58.76 40.48 691310

1735235729
66.78 59.06 40.67 654138

1735235730
66.78 59.06 40.67 706989

1735235731
67.72 59.48 40.88 960489

1735235732
67.72 59.48 40.88 978977

1735235733
72.85 60.68 41.26 915990

1735235734
72.85 60.68 41.26 739490

1735235735
73.78 61.24 41.51 656086

1735235736
73.78 61.24 41.51 677471

1735235737
72.37 61.4 41.68 739166

1735235738
72.37 61.4 41.68 681900

1735235739
73.03 61.88 41.91 911089

1735235740
76.28 62.83 42.25 1808398

1735235741
76.28 62.83 42.25 1185536

1735235742
79.31 63.82 42.6 923916

1735235744
74.9 63.53 42.68 1145320

1735235746
74.9 63.53 42.68 32163

1735235747
78.0 64.46 43.02 1028650

1735235748
78.0 64.46 43.02 1414457

1735235749
80.35 65.33 43.35 939870

1735235750
80.35 65.33 43.35 904214

1735235751
82.28 66.17 43.67 895690

1735235752
82.28 66.17 43.67 1089038

1735235753
83.68 66.95 43.99 769593

1735235754
83.68 66.95 43.99 956460

1735235755
85.37 67.8 44.33 905883

1735235756
86.21 68.53 44.64 1956457

1735235757
86.21 68.53 44.64 24395

1735235759
86.71 69.2 44.94 1859746

1735235760
86.71 69.2 44.94 772645

1735235761
87.49 69.91 45.26 807331

1735235762
87.49 69.91 45.26 877766

1735235763
87.76 70.54 45.56 908675

1735235764
87.76 70.54 45.56 930882

1735235765
88.71 71.27 45.88 941206

1735235766
88.71 71.27 45.88 959688

1735235767
89.85 72.05 46.22 954611

1735235768
89.85 72.05 46.22 952299

1735235769
90.78 72.8 46.55 945589

1735235770
90.78 72.8 46.55 962530

1735235771
91.54 73.52 46.88 950799

1735235772
91.54 73.52 46.88 873704

1735235773
90.9 74.0 47.16 861822

1735235774
90.9 74.0 47.16 931696

1735235775
90.92 74.55 47.46 1229469

1735235776
90.92 74.55 47.46 748877

1735235777
90.93 75.09 47.76 773836

1735235778
90.93 75.09 47.76 951789

1735235779
91.31 75.68 48.07 918287

1735235780
91.31 75.68 48.07 905708

1735235781
91.07 76.15 48.36 913346

1735235782
91.07 76.15 48.36 946161

1735235783
91.6 76.73 48.67 958271

1735235784
91.6 76.73 48.67 916514

1735235785
91.67 77.23 48.97 910497

1735235786
91.67 77.23 48.97 918063

1735235787
91.37 77.65 49.25 900796

1735235788
91.37 77.65 49.25 938788

1735235789
91.66 78.15 49.55 947132

1735235790
91.66 78.15 49.55 966246

1735235791
92.45 78.73 49.86 947636

1735235792
92.45 78.73 49.86 942180

1735235793
92.73 79.23 50.17 968168

1735235794
92.73 79.23 50.17 946202

1735235795
92.96 79.72 50.47 888632

1735235796
92.96 79.72 50.47 915509

1735235797
92.42 80.05 50.74 935914

1735235798
92.42 80.05 50.74 931245

