1735234240
0.0 2.26 2.09 491

1735234241
0.0 2.26 2.09 141

1735234242
0.0 2.19 2.07 0

1735234243
0.0 2.19 2.07 0

1735234244
0.0 2.11 2.06 0

1735234245
0.0 2.11 2.06 525

1735234246
0.0 2.04 2.04 368

1735234247
0.0 2.04 2.04 8

1735234248
0.0 1.98 2.03 319

1735234249
0.0 1.98 2.03 78

1735234250
0.0 1.91 2.01 76

1735234251
0.0 1.91 2.01 1987

1735234252
0.0 1.85 2.0 0

1735234253
0.0 1.85 2.0 379

1735234254
0.0 1.79 1.99 8000

1735234255
0.0 1.79 1.99 1

1735234256
0.0 1.73 1.97 11799

1735234257
0.0 1.73 1.97 137885

1735234258
1.99 2.03 2.03 72161

1735234259
1.99 2.03 2.03 0

1735234260
1.63 1.97 2.02 419

1735234261
1.63 1.97 2.02 0

1735234262
1.33 1.9 2.01 0

1735234263
1.33 1.9 2.01 16

1735234264
1.09 1.84 1.99 1237

1735234265
1.09 1.84 1.99 40

1735234266
0.89 1.78 1.98 1

1735234267
0.89 1.78 1.98 38

1735234268
0.73 1.72 1.96 1

1735234269
0.73 1.72 1.96 115127

1735234270
1.5 1.83 1.98 77

1735234271
1.5 1.83 1.98 0

1735234272
1.23 1.77 1.97 0

1735234273
1.23 1.77 1.97 110221

1735234274
1.91 1.87 1.99 1410

1735234275
1.91 1.87 1.99 14

1735234276
1.56 1.81 1.98 0

1735234277
1.56 1.81 1.98 12461

1735234278
1.28 1.75 1.96 0

1735234279
1.28 1.75 1.96 48

1735234280
2.13 1.89 1.99 200728

1735234281
2.13 1.89 1.99 216194

1735234282
4.64 2.35 2.09 27488

1735234283
4.64 2.35 2.09 0

1735234284
3.8 2.28 2.07 10468

1735234285
3.8 2.28 2.07 220336

1735234286
5.65 2.66 2.16 337823

1735234287
5.65 2.66 2.16 673098

1735234288
16.58 4.73 2.59 532146

1735234289
16.58 4.73 2.59 200384

1735234290
18.83 5.53 2.77 338916

1735234291
18.83 5.53 2.77 334387

1735234292
20.31 6.23 2.94 407982

1735234293
20.31 6.23 2.94 297822

1735234294
22.97 7.17 3.16 135880

1735234295
22.97 7.17 3.16 3

1735234296
19.17 7.0 3.15 1

1735234297
19.17 7.0 3.15 1

1735234298
15.7 6.77 3.13 3

1735234299
15.7 6.77 3.13 71

1735234300
12.85 6.55 3.11 1383

1735234301
12.85 6.55 3.11 2

1735234302
10.52 6.33 3.08 3

1735234303
10.52 6.33 3.08 1

1735234304
9.16 6.22 3.08 589916

1735234305
9.16 6.22 3.08 53581

1735234306
14.02 7.2 3.31 357350

1735234307
14.02 7.2 3.31 119770

1735234308
14.74 7.55 3.41 226694

1735234309
14.74 7.55 3.41 220390

1735234310
37.31 12.61 4.57 4231164

1735234315
37.31 12.61 4.57 296

1735234316
41.42 14.16 4.95 252035

1735234317
41.42 14.16 4.95 129461

1735234318
36.63 14.19 5.01 163194

1735234319
36.63 14.19 5.01 255835

1735234320
34.71 14.57 5.16 274615

1735234321
34.71 14.57 5.16 142974

1735234322
30.59 14.49 5.2 98945

1735234323
30.59 14.49 5.2 148104

1735234324
28.13 14.57 5.29 311786

1735234325
28.13 14.57 5.29 565765

1735234326
33.36 15.96 5.64 1454440

1735234327
46.88 19.75 6.58 2267523

1735234330
46.88 19.75 6.58 714070

1735234331
46.88 19.75 6.58 142884

1735234332
50.34 21.27 6.99 310194

1735234334
46.11 21.45 7.13 594655

1735234335
46.11 21.45 7.13 764981

1735234336
46.45 22.32 7.41 862709

1735234337
53.8 25.24 8.23 2260615

1735234340
53.8 25.24 8.23 30346

1735234341
53.8 25.24 8.23 582580

1735234342
56.73 26.71 8.65 915138

1735234343
56.73 26.71 8.65 443053

1735234345
55.87 27.54 8.95 694370

1735234346
55.87 27.54 8.95 860876

1735234347
58.61 28.96 9.37 1153439

1735234348
58.86 29.97 9.72 168491

1735234349
58.86 29.97 9.72 273960

1735234350
52.18 29.71 9.8 164200

1735234351
52.18 29.71 9.8 381597

1735234352
52.96 31.25 10.4 2398904

1735234355
52.96 31.25 10.4 1277

1735234356
58.58 32.98 10.9 1457443

1735234357
66.49 36.14 11.87 4319472

1735234361
72.38 38.2 12.47 891920

1735234362
72.38 38.2 12.47 38362

1735234363
72.38 38.2 12.47 476300

1735234364
68.51 38.62 12.73 506262

1735234365
68.51 38.62 12.73 332774

1735234366
64.61 38.89 12.96 601944

1735234367
64.61 38.89 12.96 853129

1735234371
69.71 41.48 13.86 2901243

1735234372
68.68 42.22 14.21 647321

1735234373
68.68 42.22 14.21 112124

1735234374
61.49 41.79 14.31 321146

1735234375
61.49 41.79 14.31 379581

1735234378
70.13 45.17 15.58 5694433

1735234381
72.46 46.4 16.04 202631

1735234383
69.3 46.68 16.31 1619709

1735234385
69.3 46.68 16.31 121549

1735234386
69.3 46.68 16.31 301364

1735234387
65.8 46.79 16.54 536272

1735234388
65.91 47.95 17.2 2082017

1735234390
65.91 47.95 17.2 554317

1735234391
65.91 47.95 17.2 317636

1735234393
62.85 47.98 17.41 456066

1735234394
62.85 47.98 17.41 371191

1735234395
57.98 47.59 17.54 278072

1735234396
57.98 47.59 17.54 356333

1735234397
53.27 47.08 17.64 692363

1735234398
57.63 48.25 18.29 2549501

1735234401
57.63 48.25 18.29 153036

1735234402
57.63 48.25 18.29 433173

1735234403
59.69 48.93 18.63 1210713

1735234404
59.69 48.93 18.63 549711

1735234405
63.0 49.88 19.04 529103

1735234406
63.0 50.31 19.34 1025853

1735234407
63.0 50.31 19.34 325197

1735234408
63.0 50.31 19.34 753471

1735234414
75.01 53.92 20.74 5385698

1735234415
76.64 54.9 21.17 1061142

1735234416
79.66 56.85 22.04 2729734

1735234418
79.66 56.85 22.04 504397

1735234419
80.99 57.83 22.49 1868413

1735234421
80.99 57.83 22.49 263641

1735234422
80.99 57.83 22.49 395216

1735234423
79.36 58.3 22.83 495668

1735234424
79.36 58.3 22.83 485345

1735234425
73.49 57.93 22.99 529443

1735234426
78.84 60.42 24.24 4631633

1735234430
78.84 60.42 24.24 0

1735234431
78.84 60.42 24.24 712933

1735234432
78.68 61.0 24.6 875663

1735234433
78.68 61.0 24.6 714824

1735234434
78.74 61.59 24.98 1640609

1735234435
76.57 62.34 25.64 3314386

1735234439
76.57 62.34 25.64 319141

1735234441
78.82 63.21 26.07 1396600

1735234442
78.82 63.21 26.07 189885

1735234443
75.95 63.2 26.32 530136

1735234444
73.06 63.1 26.55 710647

1735234445
73.06 63.1 26.55 438841

1735234446
67.25 62.38 26.65 456923

1735234447
67.25 62.38 26.65 627476

1735234448
65.94 62.3 26.88 838553

1735234452
61.96 61.7 27.0 1557104

1735234453
60.88 61.51 27.2 534735

1735234454
60.88 61.51 27.2 629240

1735234455
60.54 61.43 27.41 630519

1735234456
63.11 61.88 27.97 2519689

1735234458
63.11 61.88 27.97 300001

1735234459
63.11 61.88 27.97 274901

1735234461
60.74 61.49 28.13 437066

1735234462
60.74 61.49 28.13 342200

1735234463
56.62 60.72 28.19 983406

1735234464
64.18 61.87 29.1 3995771

1735234469
64.18 61.87 29.1 36421

1735234470
62.88 61.71 29.29 777855

1735234471
68.7 62.8 29.74 2410003

1735234473
72.19 63.62 30.14 1702891

1735234475
73.79 64.19 30.49 2682978

1735234478
73.79 64.19 30.49 171

1735234479
76.18 64.94 30.87 801665

1735234480
69.33 64.67 31.51 3247293

1735234484
69.33 64.67 31.51 0

1735234485
69.33 64.67 31.51 502910

1735234486
66.74 64.35 31.67 601958

1735234487
63.52 63.85 31.79 1317392

1735234489
62.7 63.69 31.98 1200281

1735234490
73.56 65.74 32.84 3532789

1735234494
73.56 65.74 32.84 765

1735234495
73.56 65.74 32.84 870211

1735234496
79.57 67.37 33.64 3579704

1735234499
79.57 67.37 33.64 61513

1735234500
79.57 67.37 33.64 623226

1735234501
79.46 67.76 33.95 1520210

1735234502
79.46 67.76 33.95 375822

1735234503
81.55 68.52 34.34 1063848

1735234504
81.55 68.52 34.34 522540

1735234505
83.28 69.65 35.04 3412426

1735234508
83.28 69.65 35.04 1567

1735234509
83.59 70.15 35.39 787265

1735234510
83.59 70.15 35.39 539703

1735234511
80.22 69.98 35.59 821492

1735234512
80.22 69.98 35.59 284517

1735234513
78.25 70.16 36.09 2097486

1735234514
78.25 70.16 36.09 872402

1735234517
78.38 70.45 36.39 1757846

1735234518
80.67 71.13 36.76 706871

1735234519
80.67 71.13 36.76 720296

1735234520
81.45 71.58 37.09 1337295

1735234522
81.45 71.58 37.09 784011

1735234523
81.19 71.85 37.38 1091453

1735234524
81.8 72.55 38.0 3151076

1735234527
81.8 72.55 38.0 0

1735234528
81.8 72.55 38.0 806103

1735234529
82.2 72.92 38.31 1312028

1735234531
81.62 73.12 38.59 2351125

1735234532
81.87 73.44 38.89 311866

1735234533
81.87 73.44 38.89 614256

1735234534
80.08 73.4 39.12 695930

1735234535
80.08 73.4 39.12 578062

1735234536
75.35 72.76 39.22 470931

1735234537
75.35 72.76 39.22 512601

1735234538
70.76 72.02 39.3 612158

1735234539
76.54 73.05 39.96 3372633

1735234542
76.54 73.05 39.96 319232

1735234543
76.54 73.05 39.96 820110

1735234545
75.71 73.01 40.18 2030680

1735234546
75.71 73.01 40.18 741

1735234547
78.66 73.63 40.53 873073

1735234548
79.45 73.94 40.82 1717039

1735234549
81.92 74.75 41.45 4021326

1735234554
81.92 74.75 41.45 74113

1735234555
82.84 75.15 41.76 698043

1735234557
79.42 74.79 41.91 2112773

1735234558
80.25 75.09 42.2 707309

1735234559
80.25 75.09 42.2 643761

1735234560
76.58 74.6 42.32 504720

1735234561
76.58 74.6 42.32 406183

1735234562
69.05 73.3 42.27 258070

1735234568
68.98 72.89 42.6 3565824

1735234570
67.89 72.56 42.74 1769972

1735234571
70.81 72.94 43.03 1243349

1735234572
72.66 73.2 43.29 1078964

1735234574
71.27 72.93 43.43 1146063

1735234575
71.27 72.93 43.43 1221487

1735234576
74.7 73.46 43.95 1912813

1735234578
74.7 73.46 43.95 862555

1735234580
74.44 73.44 44.34 3452994

1735234584
74.44 73.44 44.34 0

1735234585
76.89 73.92 44.64 658113

1735234586
76.89 73.92 44.64 846319

1735234587
75.1 73.69 44.79 381325

1735234588
75.1 73.69 44.79 1019340

1735234589
74.97 73.53 45.53 4726960

1735234594
74.97 73.53 45.53 0

1735234596
74.97 73.53 45.53 1219811

1735234597
74.94 73.68 45.95 2138523

1735234599
74.94 73.68 45.95 201936

1735234600
74.94 73.68 45.95 459765

1735234601
73.5 73.46 46.09 762223

1735234602
73.5 73.46 46.09 893837

1735234603
73.96 73.55 46.3 906863

1735234606
74.33 73.63 46.5 1547994

1735234607
68.47 72.59 46.47 1136584

1735234608
71.28 72.96 46.73 1333045

1735234609
71.28 72.96 46.73 17970

1735234610
72.14 73.06 46.93 958307

1735234611
72.14 73.06 46.93 521532

1735234612
72.14 73.06 46.93 648826

1735234613
75.15 73.38 47.69 5114130

1735234619
75.15 73.38 47.69 14470

1735234620
77.43 73.85 48.48 5865351

1735234626
77.43 73.85 48.48 0

1735234628
77.43 73.85 48.48 1304412

1735234629
74.56 73.69 48.97 4842338

1735234634
74.56 73.69 48.97 0

1735234635
78.26 74.38 49.28 499187

1735234636
78.26 74.38 49.28 525165

1735234637
73.32 73.62 49.3 415125

1735234638
68.19 72.68 49.27 569788

1735234639
70.15 72.69 49.58 3854772

1735234643
70.15 72.69 49.58 0

1735234644
73.2 73.16 49.84 1047235

1735234649
80.33 74.53 50.45 4511023

1735234650
81.0 74.84 50.68 1440701

1735234651
79.73 74.82 50.84 995555

1735234653
72.81 73.82 50.96 2490439

1735234657
72.81 73.82 50.96 846

1735234658
72.81 73.82 50.96 795931

1735234659
70.13 73.3 51.01 1210151

1735234660
70.13 73.3 51.01 0

1735234661
70.11 73.19 51.14 665019

1735234662
70.11 73.19 51.14 544048

1735234663
67.37 72.6 51.16 628529

1735234667
72.15 73.1 51.56 2964923

1735234668
72.97 73.24 51.88 3831331

1735234672
74.84 73.63 52.26 2454916

1735234675
75.3 73.76 52.58 3011665

1735234679
75.3 73.76 52.58 300526

1735234680
75.3 73.76 52.58 373137

1735234681
72.35 73.28 52.62 1219031

1735234682
76.76 74.01 53.06 2690024

1735234685
76.76 74.01 53.06 15875

1735234686
76.76 74.01 53.06 377855

1735234687
69.92 72.87 52.96 262328

1735234688
69.92 72.87 52.96 330984

1735234689
62.69 71.46 52.8 362830

1735234690
62.69 71.46 52.8 342130

1735234694
64.55 71.11 52.98 2788269

1735234695
65.53 71.07 53.09 870757

1735234696
65.53 71.07 53.09 775631

1735234697
62.18 70.29 53.05 665841

1735234698
62.18 70.29 53.05 124341

1735234699
61.24 69.85 53.08 561496

1735234700
61.24 69.85 53.08 651448

1735234701
63.37 69.95 53.22 1447615

1735234702
62.68 69.33 53.31 1867264

1735234705
62.68 69.33 53.31 19732

1735234706
58.57 68.37 53.22 1412829

1735234708
58.57 68.37 53.22 180446

1735234709
59.55 68.22 53.29 1576212

1735234710
59.55 68.22 53.29 23801

1735234712
60.54 68.12 53.37 1528254

1735234713
63.52 68.41 53.53 361793

1735234714
57.81 67.22 53.38 818872

1735234716
57.81 67.22 53.38 14585

1735234717
55.38 66.09 53.33 2156266

1735234719
55.38 66.09 53.33 0

1735234720
57.12 66.05 53.41 743405

1735234721
57.12 66.05 53.41 952711

1735234722
57.12 66.05 53.41 69580

1735234724
56.74 65.69 53.42 850072

1735234725
58.05 65.63 53.5 1129030

1735234726
60.04 65.74 53.6 1881737

1735234728
60.04 65.74 53.6 199125

1735234729
63.93 66.12 53.85 1708247

1735234731
63.93 66.12 53.85 210227

1735234732
63.93 66.12 53.85 250514

1735234733
62.13 65.72 53.85 713627

1735234734
62.13 65.72 53.85 743418

1735234735
62.83 65.73 53.93 679882

1735234736
62.83 65.73 53.93 970549

1735234738
71.56 67.2 54.4 2362064

1735234739
71.56 67.2 54.4 60147

1735234740
71.56 67.2 54.4 845908

1735234741
74.54 67.88 54.63 1296580

1735234744
74.8 68.15 54.78 1915567

1735234745
76.65 68.7 54.99 756973

1735234746
74.18 68.51 55.04 2582925

1735234748
74.18 68.51 55.04 91518

1735234749
73.78 68.63 55.16 542830

1735234750
73.78 68.63 55.16 545366

1735234751
70.74 68.25 55.17 661511

1735234752
70.74 68.25 55.17 386095

1735234753
67.16 67.68 55.14 1032906

1735234757
73.45 68.84 55.56 3070832

1735234758
73.45 68.84 55.56 140352

1735234759
73.19 68.94 55.67 1665689

1735234760
74.78 69.37 55.85 1808419

1735234762
75.18 69.62 55.99 567219

1735234763
72.79 69.37 56.04 1744333

1735234765
72.79 69.37 56.04 0

1735234766
71.38 69.23 56.1 1203412

1735234767
69.32 68.92 56.12 2431230

1735234771
72.34 69.48 56.33 94777

1735234772
72.34 69.48 56.33 1193221

1735234773
74.99 70.06 56.54 1791486

1735234774
74.99 70.06 56.54 0

1735234776
75.36 70.28 56.68 1124994

1735234777
75.65 70.5 56.82 909051

1735234778
75.65 70.5 56.82 957801

1735234779
82.2 72.47 57.61 5997792

1735234785
82.2 72.47 57.61 0

1735234786
82.2 72.47 57.61 815492

1735234787
74.2 71.85 57.79 3922042

1735234792
80.26 73.14 58.34 4683009

1735234797
80.26 73.14 58.34 1260

1735234798
79.66 73.27 58.47 1442459

1735234800
79.66 73.27 58.47 10726

1735234801
75.74 72.77 58.47 881204

1735234802
75.74 72.77 58.47 820596

1735234803
70.71 71.96 58.4 411182

1735234804
66.23 71.11 58.31 1425582

1735234806
67.6 70.99 58.46 2593888

1735234811
67.6 70.99 58.46 6747

1735234812
62.65 69.47 58.38 4291282

1735234816
62.65 69.47 58.38 0

1735234817
64.66 69.52 58.55 1803230

1735234820
64.66 69.52 58.55 101906

1735234821
65.63 69.53 58.62 923934

1735234822
63.7 69.06 58.6 1080087

1735234823
61.4 68.47 58.55 835755

1735234825
61.4 68.47 58.55 368550

1735234826
61.4 68.47 58.55 452499

1735234827
58.97 67.8 58.47 662492

1735234828
58.97 67.8 58.47 188924

1735234829
57.52 67.25 58.42 948066

1735234830
63.04 67.92 58.63 1732439

1735234831
67.56 68.58 58.83 1809247

1735234833
71.45 69.25 59.03 1903684

1735234836
71.45 69.25 59.03 1196

1735234837
69.19 68.91 59.03 837827

1735234838
69.19 68.91 59.03 1356312

1735234839
72.6 69.54 59.23 1749853

1735234841
75.39 70.14 59.43 1314262

1735234842
77.85 70.76 59.63 938021

1735234843
77.85 70.76 59.63 23889

1735234844
77.85 70.76 59.63 977037

1735234845
79.87 71.36 59.83 1103477

1735234846
82.75 72.75 60.37 4561599

1735234851
82.75 72.75 60.37 0

1735234852
82.75 72.75 60.37 533325

1735234853
76.63 71.97 60.29 465871

1735234854
76.63 71.97 60.29 839569

1735234855
74.7 71.78 60.33 520401

1735234856
81.87 73.49 60.93 5482041

1735234861
81.87 73.49 60.93 0

1735234862
81.87 73.49 60.93 743263

1735234863
79.9 73.41 60.99 2146311

1735234865
79.9 73.41 60.99 0

1735234866
80.1 73.66 61.13 1531338

1735234868
80.99 74.03 61.3 1036257

1735234869
81.17 74.29 61.44 1334910

1735234870
76.86 73.89 61.53 3933007

1735234875
76.86 73.89 61.53 53104

1735234876
80.15 74.58 61.76 1070674

1735234877
80.15 74.58 61.76 463305

1735234878
79.39 74.62 61.85 514411

1735234879
72.62 73.56 61.72 605323

1735234880
80.78 75.1 62.29 6711159

1735234886
80.78 75.1 62.29 0

1735234887
80.82 75.3 62.42 450117

1735234888
82.93 75.99 62.9 6863797

1735234896
82.93 75.99 62.9 144323

1735234897
78.05 75.33 62.85 734146

1735234898
81.52 76.08 63.26 5859782

1735234904
79.79 75.94 63.32 657540

1735234906
72.22 74.7 63.14 475545

1735234907
71.82 74.55 63.19 2284112

1735234910
71.82 74.55 63.19 55117

1735234911
69.31 74.01 63.15 338745

1735234912
69.31 74.01 63.15 395979

1735234914
63.64 72.83 62.98 424083

1735234915
52.83 70.11 62.54 1609728

1735234918
52.83 70.11 62.54 86696

1735234920
50.15 69.06 62.37 338761

1735234921
48.85 68.2 62.24 1189612

1735234922
52.14 68.16 62.27 1708857

1735234924
59.0 68.88 62.46 2408822

1735234927
59.0 68.88 62.46 0

1735234928
64.07 69.47 62.63 525363

1735234929
64.07 69.47 62.63 1026442

1735234930
64.6 69.39 62.66 658869

1735234931
66.48 69.57 62.74 1220456

1735234937
74.13 70.83 63.1 4792958

1735234939
80.71 72.32 63.52 2242906

1735234940
80.71 72.32 63.52 579774

1735234941
80.71 72.32 63.52 423904

1735234942
75.69 71.69 63.45 359778

1735234943
74.29 71.52 63.52 2773681

1735234945
74.29 71.52 63.52 5213

1735234946
74.29 71.52 63.52 931503

1735234947
74.05 71.57 63.58 1174431

1735234949
71.69 71.22 63.57 2039225

1735234951
71.69 71.22 63.57 0

1735234952
75.0 71.83 63.75 911722

1735234953
80.16 73.05 64.17 4257258

1735234957
80.16 73.05 64.17 198647

1735234959
80.16 73.05 64.17 599847

1735234960
79.1 73.23 64.32 2375753

1735234961
79.1 73.23 64.32 126773

1735234963
79.26 73.45 64.43 2462493

1735234965
79.26 73.45 64.43 118393

1735234966
78.12 73.43 64.49 447722

1735234967
78.12 73.43 64.49 652111

1735234968
73.57 72.76 64.41 462691

1735234969
73.57 72.76 64.41 789723

1735234970
70.96 72.28 64.48 3333609

1735234974
70.96 72.28 64.48 380869

1735234975
68.98 71.88 64.45 587708

1735234976
68.98 71.88 64.45 1087254

1735234977
68.98 71.88 64.45 177680

1735234978
68.11 71.53 64.47 1850988

1735234980
68.11 71.53 64.47 0

1735234981
63.56 70.6 64.33 1077188

1735234982
63.56 70.6 64.33 259320

1735234983
64.36 70.51 64.35 618739

1735234984
63.39 70.14 64.32 1041243

1735234985
63.39 70.14 64.32 139857

1735234986
61.33 69.54 64.23 881527

1735234987
59.45 68.94 64.14 2366559

1735234990
59.45 68.94 64.14 0

1735234991
63.9 69.43 64.28 475381

1735234992
63.9 69.43 64.28 477680

1735234993
59.93 68.53 64.12 452570

1735234994
59.93 68.53 64.12 442209

1735234995
57.77 67.86 64.01 886536

1735234996
61.07 68.12 64.1 1508781

1735234998
61.07 68.12 64.1 6117

1735235000
59.06 67.53 64.0 1730607

1735235001
66.97 68.56 64.27 2146219

1735235003
69.69 69.0 64.39 2928540

1735235007
69.69 69.0 64.39 271

1735235008
74.68 70.08 64.71 4302989

1735235012
75.35 70.69 64.96 4587210

1735235018
75.35 70.69 64.96 286666

1735235019
78.46 71.56 65.22 2560126

1735235021
79.46 71.97 65.34 2105114

1735235024
79.46 71.97 65.34 44387

1735235025
77.6 72.04 65.45 2838847

1735235028
77.6 72.04 65.45 0

1735235029
77.6 72.04 65.45 951563

1735235030
77.85 72.27 65.54 202788

1735235031
77.85 72.27 65.54 340464

1735235032
69.54 70.95 65.31 320476

1735235033
64.55 70.0 65.15 722728

1735235034
60.28 69.05 64.99 918879

1735235036
60.41 68.79 64.96 1570567

1735235038
60.41 68.79 64.96 30125

1735235039
58.89 68.24 64.87 960428

1735235040
58.89 68.24 64.87 16169

1735235041
58.89 68.24 64.87 664761

1735235043
59.09 67.97 64.84 1515888

1735235044
63.96 68.56 64.98 784869

1735235045
65.42 68.67 65.03 1774209

1735235046
79.6 71.49 65.74 7078307

1735235054
79.6 71.49 65.74 534

1735235055
79.6 71.49 65.74 707611

1735235056
78.04 71.47 65.78 362136

1735235057
78.04 71.47 65.78 191155

1735235058
67.34 69.75 65.46 222128

1735235059
68.53 69.62 65.51 5220824

1735235065
68.53 69.62 65.51 0

1735235066
70.25 69.89 65.6 1332736

1735235068
73.06 70.51 65.82 4045245

1735235072
73.06 70.51 65.82 471026

1735235074
71.23 70.26 65.8 1092899

1735235075
71.23 70.26 65.8 556326

1735235076
72.64 70.55 65.89 1651477

1735235077
72.64 70.55 65.89 231917

1735235079
74.01 70.96 66.04 1819430

1735235080
78.54 71.88 66.26 1989183

1735235082
77.17 71.85 66.3 1557222

1735235084
77.17 71.85 66.3 777159

1735235086
78.59 72.28 66.42 1367826

1735235087
78.59 72.28 66.42 224628

1735235088
78.84 72.53 66.52 1002405

1735235089
78.84 72.53 66.52 628608

1735235090
77.06 72.42 66.53 1693398

1735235091
78.57 73.0 66.74 2090224

1735235094
78.57 73.0 66.74 16332

1735235095
78.57 73.0 66.74 709330

1735235096
75.57 72.64 66.71 477543

1735235097
75.57 72.64 66.71 611414

1735235098
72.38 72.16 66.65 629117

1735235099
72.68 72.22 66.7 1404992

1735235100
74.0 72.48 66.79 2655431

1735235103
74.54 72.63 66.86 904688

1735235104
75.89 72.93 66.96 1506450

1735235106
77.48 73.45 67.15 3157510

1735235110
77.48 73.45 67.15 949858

1735235111
77.48 73.45 67.15 97787

1735235113
76.85 73.47 67.2 1417712

1735235114
78.5 73.88 67.33 1148391

1735235115
81.13 74.5 67.5 2458784

1735235117
82.55 74.98 67.65 2068045

1735235119
82.55 74.98 67.65 19447

1735235120
82.45 75.21 67.75 606089

1735235121
82.45 75.21 67.75 906715

1735235122
80.02 75.0 67.76 552653

1735235123
80.34 75.38 67.98 4937481

1735235128
80.34 75.38 67.98 0

1735235129
80.82 75.63 68.09 1839847

1735235130
80.82 75.63 68.09 415430

1735235131
81.03 75.84 68.18 1629025

1735235134
76.66 75.41 68.2 2270706

1735235136
77.08 75.53 68.27 2263334

1735235139
80.91 76.34 68.54 2493482

1735235142
80.91 76.34 68.54 2236

1735235143
81.23 76.65 68.71 2918268

1735235145
81.23 76.65 68.71 211099

1735235147
78.65 76.33 68.7 1619251

1735235148
78.65 76.33 68.7 0

1735235149
73.1 75.41 68.56 1005679

1735235150
73.1 75.41 68.56 105027

1735235151
67.1 74.25 68.36 355604

1735235153
69.5 73.75 68.37 4339664

1735235158
69.5 73.75 68.37 0

1735235159
71.95 74.05 68.47 1524815

1735235161
73.77 74.31 68.56 1482731

1735235162
73.77 74.31 68.56 459755

1735235163
73.81 74.3 68.6 2514211

1735235165
73.81 74.3 68.6 86754

1735235166
76.38 74.75 68.73 712336

1735235167
76.38 74.75 68.73 676919

1735235168
74.68 74.5 68.72 493370

1735235169
71.48 73.93 68.64 2228169

1735235171
75.29 74.48 68.83 2806643

1735235175
75.29 74.48 68.83 0

1735235176
71.07 73.75 68.71 860080

1735235177
71.07 73.75 68.71 651745

1735235180
75.56 74.41 68.92 2746626

1735235181
77.27 74.76 69.03 1752449

1735235182
77.27 74.76 69.03 93470

1735235183
77.27 74.76 69.03 661782

1735235184
77.94 74.96 69.11 696699

1735235185
77.94 74.96 69.11 653911

1735235186
82.58 76.11 69.51 5527578

1735235192
82.58 76.11 69.51 0

1735235193
82.58 76.11 69.51 1623189

1735235194
82.47 76.31 69.6 24725

1735235195
82.47 76.31 69.6 1365556

1735235196
82.75 76.56 69.69 412459

1735235197
82.75 76.56 69.69 771972

1735235198
83.24 77.07 69.9 2611090

1735235200
83.24 77.07 69.9 0

1735235201
83.24 77.07 69.9 820072

1735235202
82.83 77.2 69.97 1098412

1735235203
82.83 77.2 69.97 653062

1735235204
84.11 77.82 70.21 2608492

1735235206
86.08 78.39 70.38 1783787

1735235208
86.08 78.39 70.38 2406

1735235209
86.08 78.39 70.38 737107

1735235210
83.89 78.24 70.4 750903

1735235211
83.89 78.24 70.4 613318

1735235214
69.97 75.93 70.02 1371963

1735235215
76.37 76.78 70.28 5103567

1735235219
76.37 76.78 70.28 0

1735235220
79.2 77.28 70.43 771092

1735235221
79.53 77.4 70.5 1075459

1735235225
80.34 77.61 70.59 2842881

1735235226
79.73 77.59 70.64 703674

1735235227
79.73 77.59 70.64 587581

1735235228
75.79 76.95 70.55 1005677

1735235229
75.79 76.95 70.55 348184

1735235230
74.38 76.66 70.53 457202

1735235231
72.32 76.21 70.48 2554881

1735235233
72.32 76.21 70.48 0

1735235234
73.89 76.37 70.55 503863

1735235235
73.89 76.37 70.55 493989

1735235236
69.56 75.51 70.41 564836

1735235238
66.2 74.7 70.28 1250183

1735235239
70.88 75.05 70.41 2504876

1735235242
70.88 75.05 70.41 250813

1735235243
71.8 75.08 70.45 2252052

1735235245
71.8 75.08 70.45 0

1735235246
66.86 73.97 70.28 1667587

1735235248
66.86 73.97 70.28 0

1735235249
63.99 73.21 70.15 1980360

1735235251
63.99 73.21 70.15 156730

1735235252
71.3 73.89 70.36 4384102

1735235257
71.3 73.89 70.36 0

1735235258
71.61 73.86 70.37 1689432

1735235260
71.61 73.86 70.37 19272

1735235261
69.87 73.47 70.32 497624

1735235262
63.91 72.28 70.09 344742

1735235263
63.91 72.28 70.09 338750

1735235264
57.22 70.8 69.79 187404

1735235265
57.22 70.8 69.79 283971

1735235266
50.84 69.2 69.47 174524

1735235267
50.84 69.2 69.47 213107

1735235268
46.7 67.85 69.18 925397

1735235269
45.31 66.91 68.98 472282

1735235270
45.31 66.91 68.98 20039

1735235271
45.31 66.91 68.98 267587

1735235272
42.89 65.77 68.72 429039

1735235273
40.2 64.53 68.44 401673

1735235274
40.2 64.53 68.44 52879

1735235275
37.8 63.3 68.16 328853

1735235276
38.38 62.57 67.97 1229516

1735235279
38.38 62.57 67.97 119711

1735235280
38.31 61.77 67.77 386223

1735235281
37.71 60.89 67.55 1112650

1735235283
37.22 60.04 67.32 340024

1735235285
37.22 60.04 67.32 429586

1735235287
37.18 59.29 67.12 632499

1735235288
36.24 58.4 66.87 284597

1735235289
34.72 56.67 66.39 2208944

1735235293
38.69 56.12 66.15 1048559

1735235297
38.69 56.12 66.15 65449

1735235298
33.85 54.68 65.78 96540

1735235299
33.85 54.68 65.78 180162

1735235300
29.71 53.25 65.4 69187

1735235301
29.71 53.25 65.4 83955

1735235306
48.76 54.21 65.27 4888099

1735235308
43.19 53.03 64.94 295241

1735235311
34.21 50.62 64.27 1054164

1735235315
34.21 50.62 64.27 29004

1735235316
34.81 49.65 63.88 965055

1735235318
34.81 49.65 63.88 0

1735235319
31.59 48.58 63.56 374776

1735235320
31.59 48.58 63.56 8974

1735235321
31.59 48.58 63.56 226265

1735235323
29.12 47.58 63.25 551780

1735235324
29.64 47.07 63.03 170404

1735235325
29.64 47.07 63.03 145830

1735235326
26.08 45.86 62.67 50810

1735235327
26.08 45.86 62.67 62804

1735235332
40.68 46.68 62.49 3521492

1735235333
40.68 46.68 62.49 61274

1735235334
38.2 46.03 62.25 212322

1735235335
38.2 46.03 62.25 125569

1735235336
34.9 45.18 61.96 259649

1735235337
34.9 45.18 61.96 322445

1735235340
34.02 44.68 61.74 679087

1735235341
32.02 43.97 61.47 623720

1735235342
33.64 43.87 61.33 522417

1735235343
34.43 43.68 61.17 858882

1735235344
34.43 43.68 61.17 0

1735235345
38.34 44.09 61.14 733448

1735235346
38.34 44.09 61.14 153482

1735235347
37.73 43.79 60.96 834240

1735235348
37.73 43.79 60.96 135310

1735235350
37.73 43.79 60.96 212669

1735235351
36.87 43.43 60.77 392137

1735235352
36.87 43.43 60.77 206177

1735235353
35.27 42.93 60.54 826696

1735235355
39.93 43.52 60.55 1155393

1735235356
45.56 44.42 60.62 1564102

1735235357
53.06 45.81 60.8 1306286

1735235358
53.06 45.81 60.8 351203

1735235359
53.06 45.81 60.8 107815

1735235360
53.78 46.18 60.77 1206667

1735235362
55.34 47.37 60.74 3199266

1735235366
55.34 47.37 60.74 240936

1735235367
59.51 48.75 60.85 2120574

1735235370
59.51 48.75 60.85 1552305

1735235372
69.13 51.34 61.23 2321809

1735235374
69.13 51.34 61.23 0

1735235375
69.13 51.34 61.23 274801

1735235376
63.31 50.87 61.07 364098

1735235377
63.31 50.87 61.07 472613

1735235378
61.95 51.34 61.02 3538329

1735235382
61.95 51.34 61.02 0

1735235383
70.75 53.79 61.41 1706812

1735235384
70.43 54.28 61.47 1918041

1735235387
70.43 54.28 61.47 11196

1735235388
70.43 54.28 61.47 590693

1735235389
69.08 54.57 61.48 421939

1735235390
69.08 54.57 61.48 95620

1735235391
56.25 52.96 61.04 1477577

1735235393
56.25 52.96 61.04 296269

1735235394
64.6 54.77 61.31 2829296

1735235397
66.85 55.5 61.42 1404785

1735235398
66.85 55.5 61.42 236

1735235399
67.78 56.04 61.49 1428546

1735235401
70.35 56.89 61.63 1404640

1735235402
70.11 57.29 61.68 2337067

1735235407
71.54 57.96 61.8 1819373

1735235408
71.93 58.9 61.94 1804011

1735235410
74.3 59.76 62.1 1730946

1735235412
74.3 59.76 62.1 813

1735235413
74.3 59.76 62.1 602759

1735235414
70.26 59.5 62.03 458622

1735235415
70.26 59.5 62.03 577947

1735235416
67.49 59.35 61.98 951499

1735235417
67.49 59.35 61.98 410651

1735235418
69.58 60.0 62.1 2290361

1735235420
75.3 61.76 62.45 2259015

1735235422
75.3 61.76 62.45 20425

1735235423
76.51 62.42 62.58 1226794

1735235425
79.5 63.42 62.79 2376389

1735235427
79.5 63.42 62.79 694257

1735235428
77.31 64.07 62.93 1749289

1735235430
75.44 64.16 62.96 1436045

1735235432
75.44 64.16 62.96 906835

1735235433
77.17 64.84 63.11 1624546

1735235435
77.68 65.34 63.23 1545284

1735235437
77.68 65.34 63.23 0

1735235438
76.29 65.49 63.27 512154

1735235439
76.29 65.49 63.27 292380

1735235440
68.81 64.49 63.08 517804

1735235441
70.02 64.98 63.2 4014893

1735235445
70.02 64.98 63.2 189681

1735235446
71.29 65.38 63.3 313505

1735235448
67.25 64.84 63.2 799973

1735235449
61.59 63.9 63.01 839292

1735235450
55.14 62.66 62.76 950892

1735235453
54.03 62.21 62.67 500883

1735235454
54.03 62.21 62.67 65506

1735235455
54.03 62.21 62.67 161511

1735235456
48.04 60.86 62.38 294687

1735235457
48.04 60.86 62.38 58658

1735235459
41.15 59.2 62.02 10503

1735235460
33.69 57.26 61.6 637

1735235461
33.69 57.26 61.6 22772

1735235462
27.77 55.42 61.18 1151

1735235463
27.77 55.42 61.18 50104

1735235464
23.1 53.67 60.78 733

1735235465
23.1 53.67 60.78 808

1735235466
18.91 51.91 60.36 728

1735235467
18.91 51.91 60.36 185550

1735235468
17.3 50.54 60.02 26631

1735235469
17.3 50.54 60.02 2219

1735235470
14.16 48.89 59.61 436

1735235471
14.16 48.89 59.61 3006

1735235472
11.78 47.32 59.21 36256

1735235473
11.78 47.32 59.21 128718

1735235474
10.73 45.97 58.84 5050

1735235475
10.73 45.97 58.84 426

1735235476
8.97 44.5 58.45 885925

1735235478
15.67 44.55 58.36 1242940

1735235480
23.88 45.08 58.38 351695

1735235481
23.88 45.08 58.38 12780

1735235482
22.45 44.13 58.09 244661

1735235484
22.45 44.13 58.09 226968

1735235485
22.55 43.44 57.85 247976

1735235486
21.0 42.48 57.55 118203

1735235487
21.0 42.48 57.55 24296

1735235488
17.38 41.12 57.16 3605

1735235489
17.38 41.12 57.16 11832

1735235490
14.23 39.77 56.77 1086

1735235491
14.23 39.77 56.77 1397

1735235492
11.65 38.47 56.38 7625

1735235493
11.65 38.47 56.38 909

1735235494
9.54 37.21 56.0 798

1735235495
9.54 37.21 56.0 489

1735235496
7.81 36.0 55.61 414

1735235497
7.81 36.0 55.61 110

1735235498
6.39 34.82 55.23 9419

1735235499
6.39 34.82 55.23 144

1735235500
5.23 33.68 54.86 262

1735235501
5.23 33.68 54.86 191

1735235502
4.29 32.58 54.48 152

1735235503
4.29 32.58 54.48 3678

1735235504
3.51 31.51 54.11 499

1735235505
3.51 31.51 54.11 13970

1735235506
2.87 30.48 53.74 745

1735235507
2.87 30.48 53.74 754

1735235508
2.35 29.48 53.37 7934

1735235509
2.35 29.48 53.37 745

1735235510
1.92 28.52 53.01 1011

1735235511
1.92 28.52 53.01 620

1735235512
1.57 27.58 52.64 511

1735235513
1.57 27.58 52.64 11403

1735235514
1.29 26.68 52.28 263

1735235515
1.29 26.68 52.28 824

1735235516
1.05 25.81 51.92 303

1735235517
1.05 25.81 51.92 502774

1735235518
5.57 25.81 51.75 827160

1735235520
5.57 25.81 51.75 5031

1735235521
12.53 26.41 51.69 1083072

1735235522
12.53 26.41 51.69 912

1735235523
19.32 27.18 51.68 452608

1735235524
19.99 27.04 51.49 79773

1735235525
25.42 27.79 51.47 2349433

1735235528
34.58 29.37 51.64 1179971

1735235530
40.27 30.57 51.74 791488

1735235531
44.21 31.6 51.81 1435316

1735235533
44.21 31.6 51.81 184567

1735235535
44.17 32.0 51.76 35802

1735235536
44.17 32.0 51.76 24764

1735235537
36.53 31.02 51.42 7099

1735235538
36.53 31.02 51.42 6927

1735235539
29.91 30.01 51.07 11691

1735235540
29.91 30.01 51.07 2725

1735235541
24.49 29.03 50.72 3265

1735235542
24.49 29.03 50.72 27370

1735235543
20.23 28.11 50.38 181056

1735235544
20.23 28.11 50.38 12834

1735235545
18.2 27.48 50.09 2152

1735235546
18.2 27.48 50.09 2037

1735235547
15.26 26.65 49.76 318296

1735235548
15.26 26.65 49.76 225426

1735235549
17.21 26.63 49.6 165518

1735235550
20.79 26.97 49.52 1272826

1735235551
20.79 26.97 49.52 34544

1735235553
34.37 29.22 49.69 2149401

1735235555
34.37 29.22 49.69 714498

1735235556
34.37 29.22 49.69 6972

1735235557
39.37 30.29 49.77 791344

1735235559
42.57 31.17 49.82 1333748

1735235560
42.57 31.17 49.82 36468

1735235562
42.1 31.46 49.75 568036

1735235563
39.91 31.41 49.62 110380

1735235565
34.13 30.64 49.33 183127

1735235566
34.13 30.64 49.33 45121

1735235567
29.03 29.84 49.04 33532

1735235568
29.03 29.84 49.04 7947

1735235569
23.95 28.89 48.71 6039

1735235570
23.95 28.89 48.71 7408

1735235571
19.61 27.95 48.37 8467

1735235572
19.61 27.95 48.37 5051

1735235573
16.06 27.03 48.04 3476

1735235574
16.06 27.03 48.04 5773

1735235575
13.15 26.15 47.71 5453

1735235576
13.15 26.15 47.71 4178

1735235577
10.76 25.29 47.39 12550

1735235578
10.76 25.29 47.39 27442

1735235579
9.18 24.53 47.08 9020

1735235580
9.18 24.53 47.08 12261

1735235581
7.51 23.73 46.76 4791

1735235582
7.51 23.73 46.76 6288

1735235583
6.15 22.95 46.44 10588

1735235584
6.15 22.95 46.44 4385

1735235585
5.04 22.2 46.12 9703

1735235586
5.04 22.2 46.12 5272

1735235587
4.12 21.47 45.8 8992

1735235588
4.12 21.47 45.8 3048

1735235589
4.46 20.97 45.53 115375

1735235590
4.46 20.97 45.53 3450

1735235591
3.65 20.28 45.22 3000

1735235592
3.65 20.28 45.22 6141

1735235593
3.17 19.65 44.92 19801

1735235594
3.17 19.65 44.92 2830

1735235595
2.59 19.0 44.61 10888

1735235596
2.59 19.0 44.61 812

1735235597
2.3 18.42 44.31 93237

1735235598
2.3 18.42 44.31 110469

1735235599
3.34 18.07 44.06 3416

1735235600
3.34 18.07 44.06 63992

1735235601
3.27 17.58 43.78 3700

1735235602
5.94 17.59 43.6 501452

1735235603
5.94 17.59 43.6 185963

1735235604
5.94 17.59 43.6 3486

1735235605
7.94 17.57 43.42 17785

1735235606
7.94 17.57 43.42 9878

1735235607
6.5 17.0 43.13 1910

1735235608
6.5 17.0 43.13 2559

1735235609
5.87 16.54 42.85 254162

1735235610
7.52 16.49 42.66 143721

1735235611
9.42 16.54 42.49 466607

1735235613
9.42 16.54 42.49 103778

1735235614
10.07 16.42 42.29 25970

1735235615
10.07 16.42 42.29 4182

1735235616
8.24 15.89 42.0 4842

1735235617
8.24 15.89 42.0 2897

1735235618
6.75 15.37 41.71 2652

1735235619
6.75 15.37 41.71 90445

1735235620
6.25 14.99 41.45 3115

1735235621
6.25 14.99 41.45 2376

1735235622
5.12 14.5 41.17 2444

1735235623
5.12 14.5 41.17 2722

1735235624
4.37 14.06 40.9 51697

1735235625
4.37 14.06 40.9 3530

1735235626
3.76 13.63 40.62 2419

1735235627
3.76 13.63 40.62 2541

1735235628
3.08 13.19 40.35 2318

1735235629
3.08 13.19 40.35 53136

1735235631
3.79 12.98 40.12 107445

1735235632
3.1 12.56 39.84 1813

1735235633
3.1 12.56 39.84 1584

1735235634
2.54 12.15 39.57 17621

1735235635
2.54 12.15 39.57 2679

1735235636
2.54 12.15 39.57 7492

1735235637
2.08 11.75 39.3 1798

1735235638
2.08 11.75 39.3 2122

1735235639
1.7 11.36 39.03 7651

1735235640
1.7 11.36 39.03 1350

1735235641
1.39 10.99 38.76 3231

1735235642
1.39 10.99 38.76 11740

1735235643
1.14 10.63 38.5 2708

1735235644
1.14 10.63 38.5 5278

1735235645
0.93 10.28 38.23 2212

1735235646
0.93 10.28 38.23 4042

1735235647
0.76 9.95 37.97 1499

1735235648
0.76 9.95 37.97 1401

1735235649
0.62 9.62 37.71 2176

1735235650
0.62 9.62 37.71 2755

1735235651
0.51 9.31 37.45 8716

1735235652
0.51 9.31 37.45 2025

1735235653
0.41 9.0 37.2 2012

1735235654
0.41 9.0 37.2 1619

1735235655
0.34 8.71 36.94 1343

1735235656
0.34 8.71 36.94 10892

1735235657
0.28 8.42 36.69 1789

1735235658
0.28 8.42 36.69 2485

1735235659
0.22 8.15 36.44 4978

1735235660
0.22 8.15 36.44 2192

1735235661
0.18 7.88 36.19 14686

1735235662
1.05 7.78 35.98 215309

1735235664
3.34 7.8 35.6 252210

1735235667
3.34 7.8 35.6 567

1735235668
3.34 7.8 35.6 275829

1735235669
6.0 8.13 35.47 84756

1735235670
8.71 8.55 35.38 685855

1735235671
11.66 9.09 35.3 979693

1735235674
17.52 10.23 35.36 350263

1735235675
17.52 10.23 35.36 0

1735235677
17.79 10.52 35.25 428569

1735235678
17.79 10.52 35.25 473532

1735235679
19.83 11.44 35.11 324879

1735235681
19.83 11.44 35.11 349592

1735235682
19.83 11.44 35.11 718

1735235683
19.68 11.69 35.0 125036

1735235684
19.68 11.69 35.0 2047

1735235685
17.02 11.47 34.79 2156

1735235686
17.02 11.47 34.79 38443

1735235687
14.12 11.13 34.56 741

1735235688
14.12 11.13 34.56 4427

1735235689
11.56 10.76 34.33 490

1735235690
11.56 10.76 34.33 938

1735235691
9.46 10.41 34.09 3316

1735235692
9.46 10.41 34.09 2982

1735235693
7.93 10.1 33.87 33150

1735235694
7.93 10.1 33.87 8884

1735235695
6.67 9.8 33.64 3422

1735235696
6.67 9.8 33.64 2612

1735235697
5.46 9.48 33.41 939

1735235698
5.46 9.48 33.41 23511

1735235699
4.65 9.2 33.19 778

1735235700
4.65 9.2 33.19 836

1735235701
3.81 8.9 32.96 777

1735235702
3.81 8.9 32.96 1128

1735235703
3.12 8.61 32.74 5128

1735235704
3.12 8.61 32.74 498

1735235705
2.55 8.33 32.51 602

1735235706
2.55 8.33 32.51 550

1735235707
2.09 8.06 32.29 1616

1735235708
2.09 8.06 32.29 83984

1735235709
2.43 7.92 32.1 13668

1735235710
2.43 7.92 32.1 1618

1735235711
1.99 7.66 31.88 573

1735235712
1.99 7.66 31.88 1026

1735235713
1.63 7.41 31.66 18099

1735235714
1.63 7.41 31.66 171828

1735235715
2.78 7.43 31.5 681

1735235716
2.78 7.43 31.5 315

1735235717
2.28 7.19 31.28 953

1735235718
2.28 7.19 31.28 8999

1735235719
1.86 6.95 31.07 1358

1735235720
1.86 6.95 31.07 558

1735235721
1.53 6.72 30.85 980

1735235722
1.53 6.72 30.85 462

1735235723
1.25 6.5 30.64 10119

1735235724
1.25 6.5 30.64 333

1735235725
1.02 6.29 30.43 1394

1735235726
1.02 6.29 30.43 1255

1735235727
0.83 6.09 30.22 874

1735235728
0.83 6.09 30.22 58208

1735235729
1.05 5.95 30.03 508

1735235730
1.05 5.95 30.03 8461

1735235731
0.85 5.76 29.82 1323

1735235732
0.85 5.76 29.82 861

1735235733
0.7 5.57 29.62 9466

1735235734
0.7 5.57 29.62 15208

1735235735
0.75 5.42 29.42 39290

1735235736
0.75 5.42 29.42 36240

1735235737
1.16 5.34 29.24 39295

1735235738
1.16 5.34 29.24 134762

1735235739
2.22 5.39 29.09 2023

1735235740
5.98 5.97 29.05 938780

1735235741
5.98 5.97 29.05 655519

1735235742
15.77 7.74 29.26 1366960

1735235744
26.31 9.9 29.57 871298

1735235746
26.31 9.9 29.57 7157

1735235747
29.52 11.02 29.67 254977

1735235748
29.52 11.02 29.67 188772

1735235749
25.98 10.99 29.53 450

1735235750
25.98 10.99 29.53 835

1735235751
21.27 10.63 29.33 9800

1735235752
21.27 10.63 29.33 35710

1735235753
18.14 10.41 29.16 108143

1735235754
18.14 10.41 29.16 82572

1735235755
16.3 10.33 29.01 84609

1735235756
15.89 10.45 28.91 456554

1735235757
15.89 10.45 28.91 1659

1735235759
15.72 10.6 28.81 227714

1735235760
15.72 10.6 28.81 95428

1735235761
14.87 10.61 28.69 51396

1735235762
14.87 10.61 28.69 30590

1735235763
12.72 10.36 28.51 9352

1735235764
12.72 10.36 28.51 352

1735235765
10.41 10.02 28.32 305

1735235766
10.41 10.02 28.32 1012

1735235767
8.52 9.7 28.13 1090

1735235768
8.52 9.7 28.13 887

1735235769
6.98 9.38 27.93 679

1735235770
6.98 9.38 27.93 705

1735235771
5.71 9.07 27.74 1151

1735235772
5.71 9.07 27.74 863

1735235773
4.68 8.77 27.55 2940

1735235774
4.68 8.77 27.55 4306

1735235775
3.83 8.49 27.36 63977

1735235776
3.83 8.49 27.36 95672

1735235777
4.4 8.44 27.22 1068

1735235778
4.4 8.44 27.22 2030

1735235779
3.6 8.16 27.04 2583

1735235780
3.6 8.16 27.04 3058

1735235781
2.95 7.89 26.85 2893

1735235782
2.95 7.89 26.85 705

1735235783
2.41 7.63 26.67 1687

1735235784
2.41 7.63 26.67 14982

1735235785
1.98 7.38 26.49 1527

1735235786
1.98 7.38 26.49 737

1735235787
1.62 7.14 26.3 203

1735235788
1.62 7.14 26.3 2076

1735235789
1.32 6.91 26.12 347

1735235790
1.32 6.91 26.12 152

1735235791
1.08 6.68 25.95 108

1735235792
1.08 6.68 25.95 470

1735235793
0.89 6.46 25.77 1682

1735235794
0.89 6.46 25.77 1025

1735235795
0.72 6.25 25.59 1362

1735235796
0.72 6.25 25.59 1750

1735235797
0.59 6.05 25.42 17252

1735235798
0.59 6.05 25.42 17643

