1735234240
0.0 0.0 0.0 0

1735234241
0.0 0.0 0.0 0

1735234242
0.0 0.0 0.0 0

1735234243
0.0 0.0 0.0 0

1735234244
0.0 0.0 0.0 0

1735234245
0.0 0.0 0.0 0

1735234246
0.0 0.0 0.0 0

1735234247
0.0 0.0 0.0 0

1735234248
0.0 0.0 0.0 0

1735234249
0.0 0.0 0.0 0

1735234250
0.0 0.0 0.0 22

1735234251
0.0 0.0 0.0 24

1735234252
0.0 0.0 0.0 0

1735234253
0.0 0.0 0.0 0

1735234254
0.0 0.0 0.0 0

1735234255
0.0 0.0 0.0 0

1735234256
0.0 0.0 0.0 0

1735234257
0.0 0.0 0.0 0

1735234258
0.0 0.0 0.0 0

1735234259
0.0 0.0 0.0 0

1735234260
0.0 0.0 0.0 0

1735234261
0.0 0.0 0.0 0

1735234262
0.0 0.0 0.0 0

1735234263
0.0 0.0 0.0 0

1735234264
0.0 0.0 0.0 0

1735234265
0.0 0.0 0.0 0

1735234266
0.0 0.0 0.0 0

1735234267
0.0 0.0 0.0 13

1735234268
0.0 0.0 0.0 0

1735234269
0.0 0.0 0.0 0

1735234270
0.0 0.0 0.0 0

1735234271
0.0 0.0 0.0 0

1735234272
0.0 0.0 0.0 0

1735234273
0.0 0.0 0.0 0

1735234274
0.0 0.0 0.0 0

1735234275
0.0 0.0 0.0 0

1735234276
0.0 0.0 0.0 0

1735234277
0.0 0.0 0.0 0

1735234278
0.0 0.0 0.0 0

1735234279
0.0 0.0 0.0 0

1735234280
0.0 0.0 0.0 0

1735234281
0.0 0.0 0.0 0

1735234282
0.0 0.0 0.0 0

1735234283
0.0 0.0 0.0 0

1735234284
0.0 0.0 0.0 0

1735234285
0.0 0.0 0.0 0

1735234286
0.0 0.0 0.0 0

1735234287
0.0 0.0 0.0 0

1735234288
0.0 0.0 0.0 0

1735234289
0.0 0.0 0.0 0

1735234290
0.0 0.0 0.0 0

1735234291
0.0 0.0 0.0 0

1735234292
0.0 0.0 0.0 0

1735234293
0.0 0.0 0.0 0

1735234294
0.0 0.0 0.0 0

1735234295
0.0 0.0 0.0 0

1735234296
0.0 0.0 0.0 0

1735234297
0.0 0.0 0.0 0

1735234298
0.0 0.0 0.0 0

1735234299
0.0 0.0 0.0 0

1735234300
0.0 0.0 0.0 0

1735234301
0.0 0.0 0.0 0

1735234302
0.0 0.0 0.0 0

1735234303
0.0 0.0 0.0 0

1735234304
0.0 0.0 0.0 0

1735234305
0.0 0.0 0.0 0

1735234306
0.0 0.0 0.0 0

1735234307
0.0 0.0 0.0 0

1735234308
0.0 0.0 0.0 0

1735234309
0.0 0.0 0.0 0

1735234310
0.0 0.0 0.0 0

1735234315
0.0 0.0 0.0 0

1735234316
0.0 0.0 0.0 0

1735234317
0.0 0.0 0.0 0

1735234318
0.0 0.0 0.0 0

1735234319
0.0 0.0 0.0 0

1735234320
0.0 0.0 0.0 0

1735234321
0.0 0.0 0.0 0

1735234322
0.0 0.0 0.0 0

1735234323
0.0 0.0 0.0 0

1735234324
0.0 0.0 0.0 0

1735234325
0.0 0.0 0.0 197

1735234326
0.0 0.0 0.0 0

1735234327
0.0 0.0 0.0 0

1735234330
0.0 0.0 0.0 0

1735234331
0.0 0.0 0.0 0

1735234332
0.0 0.0 0.0 0

1735234334
0.0 0.0 0.0 0

1735234335
0.0 0.0 0.0 0

1735234336
0.0 0.0 0.0 0

1735234337
0.0 0.0 0.0 0

1735234340
0.0 0.0 0.0 0

1735234341
0.0 0.0 0.0 0

1735234342
0.0 0.0 0.0 0

1735234343
0.0 0.0 0.0 0

1735234345
0.0 0.0 0.0 0

1735234346
0.0 0.0 0.0 0

1735234347
0.0 0.0 0.0 0

1735234348
0.0 0.0 0.0 0

1735234349
0.0 0.0 0.0 0

1735234350
0.0 0.0 0.0 0

1735234351
0.0 0.0 0.0 0

1735234352
0.0 0.0 0.0 0

1735234355
0.0 0.0 0.0 0

1735234356
0.0 0.0 0.0 0

1735234357
0.0 0.0 0.0 0

1735234361
0.0 0.0 0.0 0

1735234362
0.0 0.0 0.0 0

1735234363
0.0 0.0 0.0 0

1735234364
0.0 0.0 0.0 0

1735234365
0.0 0.0 0.0 0

1735234366
0.0 0.0 0.0 0

1735234367
0.0 0.0 0.0 0

1735234371
0.0 0.0 0.0 0

1735234372
0.0 0.0 0.0 0

1735234373
0.0 0.0 0.0 0

1735234374
0.0 0.0 0.0 0

1735234375
0.0 0.0 0.0 0

1735234378
0.0 0.0 0.0 0

1735234381
0.0 0.0 0.0 0

1735234383
0.0 0.0 0.0 0

1735234385
0.0 0.0 0.0 0

1735234386
0.0 0.0 0.0 0

1735234387
0.0 0.0 0.0 0

1735234388
0.0 0.0 0.0 0

1735234390
0.0 0.0 0.0 0

1735234391
0.0 0.0 0.0 0

1735234393
0.0 0.0 0.0 0

1735234394
0.0 0.0 0.0 230

1735234395
0.0 0.0 0.0 0

1735234396
0.0 0.0 0.0 0

1735234397
0.0 0.0 0.0 0

1735234398
0.0 0.0 0.0 0

1735234401
0.0 0.0 0.0 0

1735234402
0.0 0.0 0.0 0

1735234403
0.0 0.0 0.0 0

1735234404
0.0 0.0 0.0 0

1735234405
0.0 0.0 0.0 0

1735234406
0.0 0.0 0.0 0

1735234407
0.0 0.0 0.0 0

1735234408
0.0 0.0 0.0 0

1735234414
0.0 0.0 0.0 0

1735234415
0.0 0.0 0.0 0

1735234416
0.0 0.0 0.0 0

1735234418
0.0 0.0 0.0 0

1735234419
0.0 0.0 0.0 0

1735234421
0.0 0.0 0.0 0

1735234422
0.0 0.0 0.0 0

1735234423
0.0 0.0 0.0 0

1735234424
0.0 0.0 0.0 0

1735234425
0.0 0.0 0.0 0

1735234426
0.0 0.0 0.0 0

1735234430
0.0 0.0 0.0 0

1735234431
0.0 0.0 0.0 0

1735234432
0.0 0.0 0.0 0

1735234433
0.0 0.0 0.0 0

1735234434
0.0 0.0 0.0 0

1735234435
0.0 0.0 0.0 0

1735234439
0.0 0.0 0.0 0

1735234441
0.0 0.0 0.0 0

1735234442
0.0 0.0 0.0 0

1735234443
0.0 0.0 0.0 0

1735234444
0.0 0.0 0.0 63

1735234445
0.0 0.0 0.0 29896

1735234446
0.18 0.03 0.0 2963

1735234447
0.18 0.03 0.0 1982

1735234448
0.14 0.03 0.0 2301

1735234452
0.12 0.02 0.0 299

1735234453
0.09 0.02 0.0 17458

1735234454
0.09 0.02 0.0 24918

1735234455
0.26 0.06 0.01 418

1735234456
0.17 0.05 0.01 7439

1735234458
0.17 0.05 0.01 0

1735234459
0.17 0.05 0.01 10254

1735234461
0.14 0.05 0.01 4077

1735234462
0.14 0.05 0.01 3414

1735234463
0.11 0.05 0.01 61

1735234464
0.06 0.04 0.0 3499

1735234469
0.06 0.04 0.0 0

1735234470
0.05 0.04 0.0 4269

1735234471
0.04 0.04 0.0 2358

1735234473
0.03 0.04 0.0 3770

1735234475
0.02 0.04 0.0 0

1735234478
0.02 0.04 0.0 0

1735234479
0.02 0.03 0.0 2554

1735234480
0.49 0.15 0.03 87869

1735234484
0.49 0.15 0.03 0

1735234485
0.49 0.15 0.03 6871

1735234486
0.4 0.15 0.03 7683

1735234487
0.69 0.21 0.04 59420

1735234489
1.29 0.33 0.07 112475

1735234490
1.79 0.5 0.11 119181

1735234494
1.79 0.5 0.11 0

1735234495
1.79 0.5 0.11 2468

1735234496
1.86 0.6 0.13 101565

1735234499
1.86 0.6 0.13 194

1735234500
1.86 0.6 0.13 5448

1735234501
1.52 0.58 0.13 0

1735234502
1.52 0.58 0.13 0

1735234503
1.24 0.56 0.13 260

1735234504
1.24 0.56 0.13 195

1735234505
0.83 0.52 0.13 255

1735234508
0.83 0.52 0.13 0

1735234509
0.68 0.5 0.13 8108

1735234510
0.68 0.5 0.13 972

1735234511
0.56 0.49 0.13 3058

1735234512
0.56 0.49 0.13 73517

1735234513
2.78 0.91 0.22 236108

1735234514
2.78 0.91 0.22 5806

1735234517
2.45 0.91 0.23 8234

1735234518
2.01 0.88 0.23 6403

1735234519
2.01 0.88 0.23 541

1735234520
1.64 0.85 0.22 3416

1735234522
1.64 0.85 0.22 10624

1735234523
1.34 0.83 0.22 914

1735234524
2.0 1.0 0.27 163680

1735234527
2.0 1.0 0.27 0

1735234528
2.0 1.0 0.27 494

1735234529
1.64 0.96 0.27 935

1735234531
1.34 0.93 0.26 3652

1735234532
1.1 0.9 0.26 2850

1735234533
1.1 0.9 0.26 16

1735234534
0.9 0.87 0.26 0

1735234535
0.9 0.87 0.26 6072

1735234536
0.73 0.84 0.26 12719

1735234537
0.73 0.84 0.26 984

1735234538
0.78 0.85 0.26 8310

1735234539
0.52 0.79 0.26 1213

1735234542
0.52 0.79 0.26 1303

1735234543
0.52 0.79 0.26 8194

1735234545
0.43 0.77 0.26 1709

1735234546
0.43 0.77 0.26 81

1735234547
0.35 0.74 0.26 3769

1735234548
0.28 0.72 0.25 4347

1735234549
0.19 0.67 0.25 735

1735234554
0.19 0.67 0.25 1211

1735234555
0.15 0.65 0.25 10542

1735234557
0.12 0.62 0.25 245

1735234558
0.1 0.6 0.24 14499

1735234559
0.1 0.6 0.24 4272

1735234560
0.08 0.58 0.24 12687

1735234561
0.08 0.58 0.24 9447

1735234562
0.25 0.6 0.25 12530

1735234568
0.16 0.56 0.24 14912

1735234570
0.13 0.54 0.24 8449

1735234571
0.11 0.52 0.24 0

1735234572
0.09 0.5 0.24 16609

1735234574
0.07 0.49 0.24 4074

1735234575
0.07 0.49 0.24 257356

1735234576
4.15 1.26 0.4 254899

1735234578
4.15 1.26 0.4 23000

1735234580
2.93 1.21 0.4 111

1735234584
2.93 1.21 0.4 0

1735234585
2.4 1.17 0.4 13754

1735234586
2.4 1.17 0.4 113004

1735234587
3.05 1.33 0.44 3512

1735234588
3.05 1.33 0.44 9060

1735234589
1.66 1.22 0.44 77417

1735234594
1.66 1.22 0.44 0

1735234596
1.66 1.22 0.44 2359

1735234597
1.29 1.18 0.44 26476

1735234599
1.29 1.18 0.44 4082

1735234600
1.29 1.18 0.44 6934

1735234601
1.06 1.14 0.44 31131

1735234602
1.06 1.14 0.44 36124

1735234603
1.41 1.2 0.45 3594

1735234606
1.15 1.16 0.45 0

1735234607
0.94 1.12 0.45 0

1735234608
0.77 1.08 0.44 0

1735234609
0.77 1.08 0.44 0

1735234610
0.63 1.05 0.44 3519

1735234611
0.63 1.05 0.44 947

1735234612
0.63 1.05 0.44 0

1735234613
0.28 0.92 0.43 1052

1735234619
0.28 0.92 0.43 27

1735234620
0.12 0.8 0.41 0

1735234626
0.12 0.8 0.41 0

1735234628
0.12 0.8 0.41 3700

1735234629
0.43 0.79 0.42 72727

1735234634
0.43 0.79 0.42 0

1735234635
0.35 0.76 0.42 21127

1735234636
0.35 0.76 0.42 64534

1735234637
1.01 0.87 0.44 18786

1735234638
1.01 0.87 0.45 10223

1735234639
0.67 0.82 0.44 7213

1735234643
0.67 0.82 0.44 0

1735234644
0.55 0.79 0.44 402

1735234649
0.37 0.74 0.43 6200

1735234650
0.3 0.71 0.43 24334

1735234651
0.24 0.69 0.42 1430

1735234653
0.16 0.64 0.42 4557

1735234657
0.16 0.64 0.42 0

1735234658
0.16 0.64 0.42 39804

1735234659
0.49 0.69 0.43 4254

1735234660
0.49 0.69 0.43 0

1735234661
0.4 0.67 0.42 4150

1735234662
0.4 0.67 0.42 10183

1735234663
0.33 0.64 0.42 20123

1735234667
0.22 0.6 0.41 2502

1735234668
0.14 0.56 0.41 11711

1735234672
0.46 0.59 0.42 42977

1735234675
0.31 0.55 0.41 2130

1735234679
0.31 0.55 0.41 12982

1735234680
0.31 0.55 0.41 8750

1735234681
0.43 0.57 0.42 33824

1735234682
1.51 0.79 0.47 147701

1735234685
1.51 0.79 0.47 0

1735234686
1.51 0.79 0.47 10153

1735234687
1.23 0.76 0.46 1990

1735234688
1.23 0.76 0.46 10837

1735234689
1.01 0.73 0.46 4312

1735234690
1.01 0.73 0.46 64532

1735234694
1.56 0.88 0.49 64792

1735234695
7.62 1.99 0.73 798820

1735234696
7.62 1.99 0.73 89421

1735234697
7.69 2.19 0.78 1169

1735234698
7.69 2.19 0.78 1163

1735234699
6.29 2.12 0.77 112

1735234700
6.29 2.12 0.77 19482

1735234701
10.59 3.03 0.97 930917

1735234702
10.28 3.5 1.1 104708

1735234705
10.28 3.5 1.1 3568

1735234706
8.41 3.39 1.1 5648

1735234708
8.41 3.39 1.1 0

1735234709
6.89 3.27 1.09 4177

1735234710
6.89 3.27 1.09 0

1735234712
5.64 3.17 1.08 18581

1735234713
4.62 3.06 1.07 1566

1735234714
3.78 2.96 1.06 1783

1735234716
3.78 2.96 1.06 0

1735234717
2.53 2.77 1.05 1146

1735234719
2.53 2.77 1.05 0

1735234720
2.07 2.68 1.04 914

1735234721
2.07 2.68 1.04 1447

1735234722
2.07 2.68 1.04 354

1735234724
1.7 2.59 1.04 3160

1735234725
1.39 2.51 1.03 0

1735234726
1.14 2.42 1.02 338

1735234728
1.14 2.42 1.02 155

1735234729
0.76 2.27 1.01 9611

1735234731
0.76 2.27 1.01 196

1735234732
0.76 2.27 1.01 0

1735234733
0.62 2.19 1.0 0

1735234734
0.62 2.19 1.0 974

1735234735
0.51 2.12 0.99 0

1735234736
0.51 2.12 0.99 0

1735234738
0.34 1.98 0.98 0

1735234739
0.34 1.98 0.98 0

1735234740
0.34 1.98 0.98 0

1735234741
0.28 1.92 0.97 0

1735234744
0.22 1.85 0.96 0

1735234745
0.18 1.79 0.96 1

1735234746
0.15 1.73 0.95 506

1735234748
0.15 1.73 0.95 0

1735234749
0.12 1.68 0.94 0

1735234750
0.12 1.68 0.94 0

1735234751
0.1 1.62 0.94 748

1735234752
0.1 1.62 0.94 2518

1735234753
0.08 1.57 0.93 0

1735234757
0.05 1.47 0.92 0

1735234758
0.05 1.47 0.92 0

1735234759
0.04 1.42 0.91 0

1735234760
0.03 1.37 0.9 0

1735234762
0.03 1.33 0.9 0

1735234763
0.02 1.28 0.89 558

1735234765
0.02 1.28 0.89 0

1735234766
0.01 1.24 0.88 1

1735234767
0.01 1.2 0.88 0

1735234771
0.01 1.16 0.87 0

1735234772
0.01 1.16 0.87 1

1735234773
0.01 1.12 0.87 1

1735234774
0.01 1.12 0.87 0

1735234776
0.0 1.08 0.86 68

1735234777
0.0 1.05 0.85 4716

1735234778
0.0 1.05 0.85 0

1735234779
0.0 0.92 0.83 1

1735234785
0.0 0.92 0.83 0

1735234786
0.0 0.92 0.83 0

1735234787
0.12 0.86 0.82 42940

1735234792
2.8 1.38 0.93 415140

1735234797
2.8 1.38 0.93 158

1735234798
2.47 1.36 0.93 28274

1735234800
2.47 1.36 0.93 0

1735234801
6.01 2.04 1.08 467317

1735234802
6.01 2.04 1.08 95547

1735234803
5.83 2.14 1.1 585

1735234804
4.95 2.1 1.1 47777

1735234806
3.32 1.96 1.09 4295

1735234811
3.32 1.96 1.09 884

1735234812
8.46 3.15 1.36 903350

1735234816
8.46 3.15 1.36 0

1735234817
5.85 2.97 1.34 47456

1735234820
5.85 2.97 1.34 2730

1735234821
4.79 2.88 1.33 382

1735234822
4.1 2.81 1.33 22909

1735234823
3.36 2.72 1.32 7961

1735234825
3.36 2.72 1.32 18028

1735234826
3.36 2.72 1.32 6580

1735234827
2.93 2.67 1.32 130401

1735234828
2.93 2.67 1.32 8256

1735234829
3.67 2.81 1.36 15498

1735234830
3.36 2.78 1.36 54639

1735234831
2.75 2.69 1.35 13016

1735234833
3.52 2.83 1.39 131800

1735234836
3.52 2.83 1.39 9

1735234837
2.88 2.74 1.38 5533

1735234838
2.88 2.74 1.38 500

1735234839
2.36 2.65 1.37 273

1735234841
1.93 2.56 1.36 0

1735234842
1.58 2.48 1.35 0

1735234843
1.58 2.48 1.35 0

1735234844
1.58 2.48 1.35 0

1735234845
1.29 2.4 1.34 0

1735234846
0.71 2.17 1.32 36

1735234851
0.71 2.17 1.32 0

1735234852
0.71 2.17 1.32 834

1735234853
0.58 2.1 1.31 88

1735234854
0.58 2.1 1.31 380

1735234855
0.47 2.03 1.3 0

1735234856
0.26 1.83 1.27 0

1735234861
0.26 1.83 1.27 0

1735234862
0.26 1.83 1.27 0

1735234863
0.21 1.77 1.26 2572

1735234865
0.21 1.77 1.26 0

1735234866
0.17 1.71 1.25 6400

1735234868
0.14 1.66 1.24 2

1735234869
0.11 1.6 1.23 1

1735234870
0.07 1.5 1.22 0

1735234875
0.07 1.5 1.22 0

1735234876
0.06 1.45 1.21 0

1735234877
0.06 1.45 1.21 0

1735234878
0.05 1.4 1.2 898

1735234879
0.22 1.39 1.2 102131

1735234880
18.75 5.42 2.08 2629314

1735234886
18.75 5.42 2.08 0

1735234887
15.89 5.34 2.08 81125

1735234888
43.74 12.42 3.69 5426951

1735234896
43.74 12.42 3.69 24217

1735234897
41.61 13.06 3.88 177807

1735234898
23.33 11.94 3.83 40825

1735234904
19.1 11.55 3.8 36648

1735234906
16.0 11.24 3.79 38352

1735234907
21.26 12.34 4.07 1675706

1735234910
21.26 12.34 4.07 5225

1735234911
24.29 13.18 4.31 3846

1735234912
24.29 13.18 4.31 24382

1735234914
20.07 12.78 4.28 8546

1735234915
13.75 12.02 4.24 68116

1735234918
13.75 12.02 4.24 28190

1735234920
11.44 11.66 4.21 10671

1735234921
9.37 11.28 4.19 1140

1735234922
7.67 10.91 4.16 7256

1735234924
6.28 10.55 4.13 92

1735234927
6.28 10.55 4.13 0

1735234928
5.14 10.21 4.1 38960

1735234929
5.14 10.21 4.1 1484

1735234930
4.39 9.91 4.08 15575

1735234931
3.59 9.58 4.05 3720

1735234937
2.41 8.96 3.99 410

1735234939
1.61 8.39 3.94 1227

1735234940
1.61 8.39 3.94 636

1735234941
1.61 8.39 3.94 4755

1735234942
1.32 8.11 3.91 3825

1735234943
0.88 7.59 3.86 2199

1735234945
0.88 7.59 3.86 0

1735234946
0.88 7.59 3.86 13445

1735234947
0.72 7.34 3.83 8570

1735234949
0.59 7.1 3.81 0

1735234951
0.59 7.1 3.81 0

1735234952
0.48 6.87 3.78 4683

1735234953
0.26 6.21 3.7 0

1735234957
0.26 6.21 3.7 662

1735234959
0.26 6.21 3.7 0

1735234960
0.17 5.81 3.65 0

1735234961
0.17 5.81 3.65 0

1735234963
0.14 5.62 3.62 4284

1735234965
0.14 5.62 3.62 0

1735234966
0.11 5.44 3.6 1181

1735234967
0.11 5.44 3.6 3121

1735234968
0.09 5.26 3.58 1430

1735234969
0.09 5.26 3.58 32388

1735234970
0.17 4.79 3.51 5075

1735234974
0.17 4.79 3.51 0

1735234975
0.14 4.63 3.48 8810

1735234976
0.14 4.63 3.48 11499

1735234977
0.14 4.63 3.48 1138

1735234978
0.09 4.33 3.44 477

1735234980
0.09 4.33 3.44 0

1735234981
0.07 4.19 3.41 1644

1735234982
0.07 4.19 3.41 0

1735234983
0.06 4.05 3.39 1

1735234984
0.05 3.92 3.37 2095

1735234985
0.05 3.92 3.37 705

1735234986
0.04 3.79 3.34 4057

1735234987
0.03 3.67 3.32 2057

1735234990
0.03 3.67 3.32 0

1735234991
0.02 3.55 3.3 4348

1735234992
0.02 3.55 3.3 596

1735234993
0.02 3.43 3.27 1567

1735234994
0.02 3.43 3.27 1459

1735234995
0.01 3.32 3.25 267

1735234996
0.01 3.21 3.23 0

1735234998
0.01 3.21 3.23 0

1735235000
0.01 3.1 3.21 0

1735235001
0.15 2.93 3.17 28347

1735235003
0.12 2.84 3.15 1842

1735235007
0.12 2.84 3.15 0

1735235008
0.06 2.57 3.08 116511

1735235012
2.6 2.94 3.15 326333

1735235018
2.6 2.94 3.15 3

1735235019
1.74 2.75 3.11 14417

1735235021
1.42 2.66 3.09 4432

1735235024
1.42 2.66 3.09 0

1735235025
0.95 2.49 3.05 2697

1735235028
0.95 2.49 3.05 0

1735235029
0.95 2.49 3.05 15210

1735235030
0.78 2.41 3.02 260

1735235031
0.78 2.41 3.02 12656

1735235032
0.64 2.33 3.0 44072

1735235033
1.06 2.35 3.0 33087

1735235034
2.14 2.5 3.03 160800

1735235036
1.75 2.42 3.01 1207

1735235038
1.75 2.42 3.01 964

1735235039
1.43 2.34 2.99 1874

1735235040
1.43 2.34 2.99 0

1735235041
1.43 2.34 2.99 2678

1735235043
1.17 2.26 2.97 0

1735235044
0.96 2.19 2.95 892

1735235045
0.78 2.12 2.93 15109

1735235046
0.35 1.85 2.85 190

1735235054
0.35 1.85 2.85 0

1735235055
0.35 1.85 2.85 4697

1735235056
0.28 1.79 2.83 10220

1735235057
0.28 1.79 2.83 187406

1735235058
2.04 2.06 2.88 7741

1735235059
4.17 2.52 2.96 460094

1735235065
4.17 2.52 2.96 0

1735235066
3.59 2.47 2.95 33871

1735235068
7.07 3.24 3.1 656882

1735235072
7.07 3.24 3.1 2703

1735235074
5.97 3.16 3.08 31951

1735235075
5.97 3.16 3.08 2561

1735235076
5.07 3.09 3.07 6037

1735235077
5.07 3.09 3.07 0

1735235079
3.39 2.89 3.03 1664

1735235080
3.32 2.89 3.03 61928

1735235082
2.72 2.8 3.0 12301

1735235084
2.72 2.8 3.0 492

1735235086
2.22 2.71 2.98 15991

1735235087
2.22 2.71 2.98 2171

1735235088
1.82 2.62 2.96 2

1735235089
1.82 2.62 2.96 4170

1735235090
1.67 2.57 2.95 373567

1735235091
12.14 4.5 3.35 970462

1735235094
12.14 4.5 3.35 1

1735235095
12.14 4.5 3.35 4159

1735235096
9.94 4.35 3.33 1168

1735235097
9.94 4.35 3.33 1390

1735235098
8.14 4.21 3.31 441

1735235099
6.84 4.11 3.29 23779

1735235100
6.69 4.17 3.31 228904

1735235103
6.2 4.16 3.31 12

1735235104
5.08 4.03 3.29 9965

1735235106
5.33 4.12 3.32 236361

1735235110
5.33 4.12 3.32 13157

1735235111
5.33 4.12 3.32 3077

1735235113
4.54 4.02 3.3 20014

1735235114
3.72 3.89 3.28 15110

1735235115
3.04 3.76 3.26 539

1735235117
2.49 3.64 3.24 915

1735235119
2.49 3.64 3.24 0

1735235120
2.04 3.52 3.21 1932

1735235121
2.04 3.52 3.21 6674

1735235122
1.67 3.4 3.19 10

1735235123
2.02 3.33 3.18 173422

1735235128
2.02 3.33 3.18 0

1735235129
2.74 3.42 3.2 142428

1735235130
2.74 3.42 3.2 1

1735235131
2.42 3.34 3.18 11470

1735235134
1.62 3.12 3.14 1567

1735235136
1.87 3.12 3.14 96103

1735235139
1.4 2.95 3.1 1151

1735235142
1.4 2.95 3.1 452

1735235143
2.42 3.07 3.13 209198

1735235145
2.42 3.07 3.13 183

1735235147
2.34 3.04 3.12 69590

1735235148
2.34 3.04 3.12 0

1735235149
1.92 2.94 3.1 31908

1735235150
1.92 2.94 3.1 304

1735235151
1.93 2.91 3.09 19009

1735235153
1.69 2.78 3.06 101482

1735235158
1.69 2.78 3.06 0

1735235159
1.38 2.69 3.04 2291

1735235161
1.13 2.6 3.02 951

1735235162
1.13 2.6 3.02 75418

1735235163
3.1 2.91 3.08 202662

1735235165
3.1 2.91 3.08 326

1735235166
2.72 2.85 3.07 5334

1735235167
2.72 2.85 3.07 20561

1735235168
2.41 2.79 3.05 57128

1735235169
3.24 2.93 3.08 146807

1735235171
2.47 2.8 3.05 1

1735235175
2.47 2.8 3.05 0

1735235176
2.02 2.71 3.03 14827

1735235177
2.02 2.71 3.03 3

1735235180
1.35 2.53 2.99 2328

1735235181
1.1 2.45 2.97 4544

1735235182
1.1 2.45 2.97 0

1735235183
1.1 2.45 2.97 3658

1735235184
0.9 2.37 2.95 2106

1735235185
0.9 2.37 2.95 3271

1735235186
0.4 2.07 2.86 6974

1735235192
0.4 2.07 2.86 0

1735235193
0.4 2.07 2.86 8398

1735235194
0.33 2.0 2.84 1179

1735235195
0.33 2.0 2.84 3226

1735235196
0.27 1.94 2.83 66

1735235197
0.27 1.94 2.83 6322

1735235198
0.18 1.81 2.79 194

1735235200
0.18 1.81 2.79 0

1735235201
0.18 1.81 2.79 2287

1735235202
0.14 1.75 2.77 2065

1735235203
0.14 1.75 2.77 1026

1735235204
0.1 1.64 2.73 1463

1735235206
0.08 1.59 2.71 2480

1735235208
0.08 1.59 2.71 0

1735235209
0.08 1.59 2.71 766

1735235210
0.06 1.53 2.69 1211

1735235211
0.06 1.53 2.69 13989

1735235214
0.19 1.47 2.66 11991

1735235215
0.12 1.37 2.62 139

1735235219
0.12 1.37 2.62 0

1735235220
0.1 1.33 2.6 151

1735235221
0.08 1.28 2.59 20153

1735235225
0.07 1.24 2.57 3556

1735235226
0.05 1.2 2.55 24504

1735235227
0.05 1.2 2.55 79794

1735235228
0.95 1.32 2.57 296

1735235229
0.95 1.32 2.57 9540

1735235230
0.77 1.28 2.55 26487

1735235231
5.34 2.09 2.71 1442433

1735235233
5.34 2.09 2.71 0

1735235234
12.89 3.56 3.01 8346

1735235235
12.89 3.56 3.01 893

1735235236
10.55 3.44 2.99 2348

1735235238
8.64 3.33 2.97 737

1735235239
19.49 5.6 3.45 1553791

1735235242
19.49 5.6 3.45 237967

1735235243
25.02 7.05 3.77 795750

1735235245
25.02 7.05 3.77 0

1735235246
17.07 6.66 3.73 34071

1735235248
17.07 6.66 3.73 0

1735235249
14.34 6.51 3.72 1181945

1735235251
14.34 6.51 3.72 141923

1735235252
32.48 11.24 4.8 2242170

1735235257
32.48 11.24 4.8 0

1735235258
30.4 11.56 4.91 858124

1735235260
30.4 11.56 4.91 977

1735235261
29.24 11.96 5.04 4390

1735235262
23.94 11.57 5.0 1058

1735235263
23.94 11.57 5.0 286

1735235264
19.6 11.19 4.97 2243

1735235265
19.6 11.19 4.97 3516

1735235266
16.05 10.83 4.93 1792

1735235267
16.05 10.83 4.93 7222

1735235268
13.14 10.47 4.9 5863

1735235269
10.76 10.13 4.87 1157

1735235270
10.76 10.13 4.87 551

1735235271
10.76 10.13 4.87 295

1735235272
8.81 9.8 4.83 1125

1735235273
7.21 9.48 4.8 305

1735235274
7.21 9.48 4.8 202

1735235275
5.9 9.17 4.77 19208

1735235276
4.83 8.87 4.73 16214

1735235279
4.83 8.87 4.73 671

1735235280
3.96 8.58 4.7 12874

1735235281
3.24 8.29 4.67 23217

1735235283
2.83 8.06 4.64 927

1735235285
2.83 8.06 4.64 186

1735235287
2.32 7.79 4.61 4132

1735235288
1.9 7.54 4.58 8799

1735235289
2.14 7.21 4.55 494291

1735235293
8.21 8.12 4.78 490986

1735235297
8.21 8.12 4.78 1

1735235298
6.72 7.86 4.75 3800

1735235299
6.72 7.86 4.75 3525

1735235300
5.5 7.6 4.72 3

1735235301
5.5 7.6 4.72 251

1735235306
2.47 6.65 4.59 22675

1735235308
2.02 6.43 4.55 765

1735235311
1.53 6.05 4.5 34744

1735235315
1.53 6.05 4.5 1623

1735235316
2.62 5.95 4.5 194068

1735235318
2.62 5.95 4.5 0

1735235319
2.15 5.76 4.47 6499

1735235320
2.15 5.76 4.47 0

1735235321
2.15 5.76 4.47 959

1735235323
1.76 5.57 4.44 8175

1735235324
1.62 5.42 4.41 29162

1735235325
1.62 5.42 4.41 6610

1735235326
1.33 5.24 4.38 824

1735235327
1.33 5.24 4.38 476

1735235332
0.72 4.74 4.29 639

1735235333
0.72 4.74 4.29 0

1735235334
0.59 4.59 4.26 0

1735235335
0.59 4.59 4.26 0

1735235336
0.48 4.44 4.23 423

1735235337
0.48 4.44 4.23 1870

1735235340
0.4 4.29 4.2 3093

1735235341
0.32 4.15 4.18 5826

1735235342
0.26 4.01 4.15 3475

1735235343
0.21 3.88 4.12 2179

1735235344
0.21 3.88 4.12 0

1735235345
0.17 3.76 4.09 7272

1735235346
0.17 3.76 4.09 3525

1735235347
0.14 3.63 4.06 19975

1735235348
0.14 3.63 4.06 230

1735235350
0.14 3.63 4.06 1582

1735235351
0.11 3.51 4.03 2211

1735235352
0.11 3.51 4.03 2602

1735235353
0.09 3.4 4.01 2186

1735235355
0.07 3.29 3.98 0

1735235356
0.06 3.18 3.95 814

1735235357
0.05 3.07 3.92 0

1735235358
0.05 3.07 3.92 0

1735235359
0.05 3.07 3.92 2065

1735235360
0.04 2.97 3.9 6462

1735235362
0.02 2.69 3.82 632

1735235366
0.02 2.69 3.82 0

1735235367
0.01 2.52 3.76 1

1735235370
0.01 2.52 3.76 0

1735235372
0.0 2.35 3.71 0

1735235374
0.0 2.35 3.71 0

1735235375
0.0 2.35 3.71 6838

1735235376
0.0 2.28 3.69 7087

1735235377
0.0 2.28 3.69 7826

1735235378
0.0 2.13 3.63 1369

1735235382
0.0 2.13 3.63 0

1735235383
0.0 1.99 3.58 1380

1735235384
0.0 1.93 3.56 234

1735235387
0.0 1.93 3.56 547

1735235388
0.0 1.93 3.56 1401

1735235389
0.0 1.86 3.54 1

1735235390
0.0 1.86 3.54 1050

1735235391
0.0 1.74 3.49 3983

1735235393
0.0 1.74 3.49 1194

1735235394
0.0 1.63 3.44 2364

1735235397
0.0 1.57 3.41 0

1735235398
0.0 1.57 3.41 0

1735235399
0.0 1.52 3.39 4093

1735235401
0.0 1.47 3.37 0

1735235402
0.0 1.42 3.34 0

1735235407
0.0 1.38 3.32 949

1735235408
0.0 1.29 3.28 1582

1735235410
0.0 1.25 3.25 0

1735235412
0.0 1.25 3.25 0

1735235413
0.0 1.25 3.25 4337

1735235414
0.0 1.2 3.23 7391

1735235415
0.0 1.2 3.23 3895

1735235416
0.0 1.16 3.21 3503

1735235417
0.0 1.16 3.21 2966

1735235418
0.0 1.13 3.19 6058

1735235420
0.0 1.05 3.14 0

1735235422
0.0 1.05 3.14 0

1735235423
0.0 1.02 3.12 3106

1735235425
0.0 0.98 3.1 718

1735235427
0.0 0.98 3.1 0

1735235428
0.0 0.92 3.06 0

1735235430
0.0 0.89 3.04 0

1735235432
0.0 0.89 3.04 0

1735235433
0.0 0.86 3.01 0

1735235435
0.0 0.83 2.99 0

1735235437
0.0 0.83 2.99 0

1735235438
0.0 0.8 2.97 10897

1735235439
0.0 0.8 2.97 1481

1735235440
0.0 0.78 2.95 3033

1735235441
0.0 0.73 2.91 1546

1735235445
0.0 0.73 2.91 440

1735235446
0.0 0.7 2.89 7242

1735235448
0.0 0.68 2.87 291

1735235449
0.0 0.66 2.85 5410

1735235450
0.0 0.63 2.83 0

1735235453
0.0 0.61 2.81 0

1735235454
0.0 0.61 2.81 2842

1735235455
0.0 0.61 2.81 8440

1735235456
0.0 0.59 2.79 94

1735235457
0.0 0.59 2.79 2223

1735235459
0.0 0.57 2.77 275

1735235460
0.0 0.55 2.75 161

1735235461
0.0 0.55 2.75 368

1735235462
0.0 0.54 2.73 216

1735235463
0.0 0.54 2.73 1363

1735235464
0.0 0.52 2.72 773

1735235465
0.0 0.52 2.72 84

1735235466
0.0 0.5 2.7 14

1735235467
0.0 0.5 2.7 190

1735235468
0.0 0.48 2.68 0

1735235469
0.0 0.48 2.68 118

1735235470
0.0 0.47 2.66 1

1735235471
0.0 0.47 2.66 72

1735235472
0.0 0.45 2.64 3078

1735235473
0.0 0.45 2.64 16258

1735235474
0.0 0.44 2.62 3276

1735235475
0.0 0.44 2.62 7615

1735235476
0.0 0.42 2.6 9363

1735235478
0.0 0.41 2.59 10980

1735235480
0.0 0.39 2.57 0

1735235481
0.0 0.39 2.57 0

1735235482
0.0 0.38 2.55 1010

1735235484
0.0 0.38 2.55 0

1735235485
0.0 0.37 2.53 3737

1735235486
0.0 0.36 2.52 348

1735235487
0.0 0.36 2.52 70

1735235488
0.0 0.34 2.5 515

1735235489
0.0 0.34 2.5 132

1735235490
0.0 0.33 2.48 1459

1735235491
0.0 0.33 2.48 47

1735235492
0.0 0.32 2.46 200

1735235493
0.0 0.32 2.46 525

1735235494
0.0 0.31 2.45 418

1735235495
0.0 0.31 2.45 1068

1735235496
0.0 0.3 2.43 5321

1735235497
0.0 0.3 2.43 513

1735235498
0.0 0.29 2.41 395

1735235499
0.0 0.29 2.41 351

1735235500
0.0 0.28 2.39 12

1735235501
0.0 0.28 2.39 2

1735235502
0.0 0.27 2.38 4106

1735235503
0.0 0.27 2.38 380

1735235504
0.0 0.26 2.36 4

1735235505
0.0 0.26 2.36 10851

1735235506
0.0 0.25 2.35 608

1735235507
0.0 0.25 2.35 7137

1735235508
0.0 0.24 2.33 0

1735235509
0.0 0.24 2.33 746

1735235510
0.0 0.23 2.31 527

1735235511
0.0 0.23 2.31 420

1735235512
0.0 0.23 2.3 0

1735235513
0.0 0.23 2.3 1

1735235514
0.0 0.22 2.28 10

1735235515
0.0 0.22 2.28 3327

1735235516
0.0 0.21 2.27 484

1735235517
0.0 0.21 2.27 27030

1735235518
0.18 0.24 2.26 0

1735235520
0.18 0.24 2.26 0

1735235521
0.14 0.23 2.24 1321

1735235522
0.14 0.23 2.24 0

1735235523
0.12 0.22 2.22 1022

1735235524
0.09 0.21 2.21 909

1735235525
0.08 0.21 2.19 5549

1735235528
0.06 0.2 2.18 621

1735235530
0.05 0.19 2.16 1882

1735235531
0.04 0.18 2.15 6818

1735235533
0.04 0.18 2.15 237

1735235535
0.03 0.18 2.13 1182

1735235536
0.03 0.18 2.13 155

1735235537
0.02 0.17 2.12 0

1735235538
0.02 0.17 2.12 0

1735235539
0.02 0.17 2.1 0

1735235540
0.02 0.17 2.1 2

1735235541
0.01 0.16 2.09 0

1735235542
0.01 0.16 2.09 0

1735235543
0.01 0.15 2.07 0

1735235544
0.01 0.15 2.07 0

1735235545
0.01 0.15 2.06 0

1735235546
0.01 0.15 2.06 381

1735235547
0.0 0.14 2.05 102496

1735235548
0.0 0.14 2.05 9203

1735235549
0.91 0.3 2.07 8147

1735235550
0.74 0.29 2.05 11194

1735235551
0.74 0.29 2.05 0

1735235553
0.5 0.27 2.02 1769

1735235555
0.5 0.27 2.02 851

1735235556
0.5 0.27 2.02 0

1735235557
0.41 0.26 2.01 15598

1735235559
0.51 0.29 2.0 16730

1735235560
0.51 0.29 2.0 1774

1735235562
0.42 0.28 1.99 12771

1735235563
0.34 0.27 1.97 2613

1735235565
0.28 0.26 1.96 17236

1735235566
0.28 0.26 1.96 4591

1735235567
0.23 0.25 1.95 2637

1735235568
0.23 0.25 1.95 1031

1735235569
0.18 0.24 1.93 3

1735235570
0.18 0.24 1.93 140

1735235571
0.15 0.23 1.92 1

1735235572
0.15 0.23 1.92 894

1735235573
0.12 0.23 1.91 5953

1735235574
0.12 0.23 1.91 444

1735235575
0.1 0.22 1.89 1436

1735235576
0.1 0.22 1.89 1750

1735235577
0.08 0.21 1.88 14330

1735235578
0.08 0.21 1.88 7352

1735235579
0.25 0.24 1.87 24189

1735235580
0.25 0.24 1.87 17223

1735235581
0.38 0.26 1.87 2794

1735235582
0.38 0.26 1.87 2607

1735235583
0.31 0.25 1.85 752

1735235584
0.31 0.25 1.85 2

1735235585
0.25 0.24 1.84 494

1735235586
0.25 0.24 1.84 36

1735235587
0.21 0.24 1.83 26

1735235588
0.21 0.24 1.83 83

1735235589
0.17 0.23 1.82 14

1735235590
0.17 0.23 1.82 0

1735235591
0.14 0.22 1.8 9

1735235592
0.14 0.22 1.8 764

1735235593
0.11 0.21 1.79 1

1735235594
0.11 0.21 1.79 161

1735235595
0.09 0.2 1.78 0

1735235596
0.09 0.2 1.78 6

1735235597
0.07 0.2 1.77 0

1735235598
0.07 0.2 1.77 0

1735235599
0.06 0.19 1.75 1

1735235600
0.06 0.19 1.75 0

1735235601
0.05 0.18 1.74 77

1735235602
0.04 0.18 1.73 0

1735235603
0.04 0.18 1.73 256

1735235604
0.04 0.18 1.73 1

1735235605
0.03 0.17 1.72 0

1735235606
0.03 0.17 1.72 1

1735235607
0.02 0.16 1.7 0

1735235608
0.02 0.16 1.7 1

1735235609
0.02 0.16 1.69 0

1735235610
0.01 0.15 1.68 244

1735235611
0.01 0.15 1.67 4

1735235613
0.01 0.15 1.67 0

1735235614
0.01 0.14 1.66 3

1735235615
0.01 0.14 1.66 1

1735235616
0.0 0.14 1.65 0

1735235617
0.0 0.14 1.65 0

1735235618
0.0 0.13 1.63 1

1735235619
0.0 0.13 1.63 0

1735235620
0.0 0.13 1.62 0

1735235621
0.0 0.13 1.62 1

1735235622
0.0 0.12 1.61 0

1735235623
0.0 0.12 1.61 24

1735235624
0.0 0.12 1.6 204

1735235625
0.0 0.12 1.6 0

1735235626
0.0 0.12 1.59 0

1735235627
0.0 0.12 1.59 0

1735235628
0.0 0.11 1.58 0

1735235629
0.0 0.11 1.58 4721

1735235631
0.0 0.11 1.57 0

1735235632
0.0 0.1 1.56 9

1735235633
0.0 0.1 1.56 0

1735235634
0.0 0.1 1.54 8

1735235635
0.0 0.1 1.54 0

1735235636
0.0 0.1 1.54 9

1735235637
0.0 0.1 1.53 0

1735235638
0.0 0.1 1.53 0

1735235639
0.0 0.09 1.52 0

1735235640
0.0 0.09 1.52 121

1735235641
0.0 0.09 1.51 568

1735235642
0.0 0.09 1.51 0

1735235643
0.0 0.09 1.5 0

1735235644
0.0 0.09 1.5 0

1735235645
0.0 0.08 1.49 0

1735235646
0.0 0.08 1.49 0

1735235647
0.0 0.08 1.48 0

1735235648
0.0 0.08 1.48 0

1735235649
0.0 0.08 1.47 0

1735235650
0.0 0.08 1.47 16

1735235651
0.0 0.07 1.46 0

1735235652
0.0 0.07 1.46 0

1735235653
0.0 0.07 1.45 0

1735235654
0.0 0.07 1.45 2288

1735235655
0.0 0.07 1.44 8043

1735235656
0.0 0.07 1.44 26

1735235657
0.0 0.06 1.43 5243

1735235658
0.0 0.06 1.43 0

1735235659
0.0 0.06 1.42 0

1735235660
0.0 0.06 1.42 0

1735235661
0.0 0.06 1.41 0

1735235662
0.0 0.06 1.4 73

1735235664
0.0 0.05 1.38 3623

1735235667
0.0 0.05 1.38 1

1735235668
0.0 0.05 1.38 0

1735235669
0.0 0.05 1.37 0

1735235670
0.0 0.05 1.36 0

1735235671
0.0 0.05 1.35 0

1735235674
0.0 0.04 1.34 0

1735235675
0.0 0.04 1.34 0

1735235677
0.0 0.04 1.33 0

1735235678
0.0 0.04 1.33 0

1735235679
0.0 0.04 1.31 0

1735235681
0.0 0.04 1.31 0

1735235682
0.0 0.04 1.31 0

1735235683
0.0 0.04 1.3 243

1735235684
0.0 0.04 1.3 484

1735235685
0.0 0.04 1.3 0

1735235686
0.0 0.04 1.3 100

1735235687
0.0 0.03 1.29 0

1735235688
0.0 0.03 1.29 0

1735235689
0.0 0.03 1.28 0

1735235690
0.0 0.03 1.28 0

1735235691
0.0 0.03 1.27 0

1735235692
0.0 0.03 1.27 1410

1735235693
0.0 0.03 1.26 19

1735235694
0.0 0.03 1.26 2451

1735235695
0.0 0.03 1.25 7

1735235696
0.0 0.03 1.25 5

1735235697
0.0 0.03 1.24 0

1735235698
0.0 0.03 1.24 0

1735235699
0.0 0.03 1.23 1

1735235700
0.0 0.03 1.23 76

1735235701
0.0 0.02 1.22 1

1735235702
0.0 0.02 1.22 7

1735235703
0.0 0.02 1.22 9

1735235704
0.0 0.02 1.22 0

1735235705
0.0 0.02 1.21 0

1735235706
0.0 0.02 1.21 0

1735235707
0.0 0.02 1.2 0

1735235708
0.0 0.02 1.2 2283

1735235709
0.0 0.02 1.19 1

1735235710
0.0 0.02 1.19 1

1735235711
0.0 0.02 1.18 0

1735235712
0.0 0.02 1.18 0

1735235713
0.0 0.02 1.17 0

1735235714
0.0 0.02 1.17 88

1735235715
0.0 0.02 1.16 8

1735235716
0.0 0.02 1.16 0

1735235717
0.0 0.02 1.16 0

1735235718
0.0 0.02 1.16 0

1735235719
0.0 0.02 1.15 1

1735235720
0.0 0.02 1.15 53

1735235721
0.0 0.01 1.14 0

1735235722
0.0 0.01 1.14 1567

1735235723
0.0 0.01 1.13 3

1735235724
0.0 0.01 1.13 20

1735235725
0.0 0.01 1.12 0

1735235726
0.0 0.01 1.12 6

1735235727
0.0 0.01 1.12 0

1735235728
0.0 0.01 1.12 0

1735235729
0.0 0.01 1.11 0

1735235730
0.0 0.01 1.11 199

1735235731
0.0 0.01 1.1 0

1735235732
0.0 0.01 1.1 0

1735235733
0.0 0.01 1.09 633

1735235734
0.0 0.01 1.09 1

1735235735
0.0 0.01 1.08 11

1735235736
0.0 0.01 1.08 1115

1735235737
0.0 0.01 1.08 23

1735235738
0.0 0.01 1.08 484

1735235739
0.0 0.01 1.07 43

1735235740
0.0 0.01 1.06 868

1735235741
0.0 0.01 1.06 3

1735235742
0.0 0.01 1.05 2539

1735235744
0.0 0.01 1.05 726

1735235746
0.0 0.01 1.05 0

1735235747
0.0 0.01 1.04 43

1735235748
0.0 0.01 1.04 155

1735235749
0.0 0.01 1.03 1

1735235750
0.0 0.01 1.03 5932

1735235751
0.0 0.0 1.02 15957

1735235752
0.0 0.0 1.02 4346

1735235753
0.0 0.0 1.02 2260

1735235754
0.0 0.0 1.02 9861

1735235755
0.0 0.0 1.01 7907

1735235756
0.0 0.0 1.0 14042

1735235757
0.0 0.0 1.0 0

1735235759
0.0 0.0 1.0 1

1735235760
0.0 0.0 1.0 133

1735235761
0.0 0.0 0.99 1

1735235762
0.0 0.0 0.99 1

1735235763
0.0 0.0 0.98 8

1735235764
0.0 0.0 0.98 0

1735235765
0.0 0.0 0.97 3

1735235766
0.0 0.0 0.97 1

1735235767
0.0 0.0 0.97 0

1735235768
0.0 0.0 0.97 0

1735235769
0.0 0.0 0.96 8

1735235770
0.0 0.0 0.96 0

1735235771
0.0 0.0 0.95 0

1735235772
0.0 0.0 0.95 3966

1735235773
0.0 0.0 0.95 9088

1735235774
0.0 0.0 0.95 27511

1735235775
0.18 0.03 0.95 11874

1735235776
0.18 0.03 0.95 2883

1735235777
0.14 0.03 0.94 1573

1735235778
0.14 0.03 0.94 3369

1735235779
0.12 0.03 0.93 0

1735235780
0.12 0.03 0.93 2062

1735235781
0.09 0.03 0.93 1746

1735235782
0.09 0.03 0.93 21

1735235783
0.08 0.03 0.92 9488

1735235784
0.08 0.03 0.92 20661

1735235785
0.24 0.06 0.92 15331

1735235786
0.24 0.06 0.92 496

1735235787
0.2 0.06 0.91 738

1735235788
0.2 0.06 0.91 0

1735235789
0.16 0.05 0.91 138

1735235790
0.16 0.05 0.91 0

1735235791
0.13 0.05 0.9 0

1735235792
0.13 0.05 0.9 0

1735235793
0.11 0.05 0.9 0

1735235794
0.11 0.05 0.9 0

1735235795
0.09 0.05 0.89 2488

1735235796
0.09 0.05 0.89 446

1735235797
0.07 0.05 0.88 510

1735235798
0.07 0.05 0.88 445

