1735237245
/dev/sda1: 25026060288
overlay: 25026060288

1735237246
/dev/sda1: 25028194304
overlay: 25028194304

1735237247
/dev/sda1: 25032044544
overlay: 25032044544

1735237248
/dev/sda1: 25054629888
overlay: 25054629888

1735237249
/dev/sda1: 25104785408
overlay: 25104785408

1735237250
/dev/sda1: 25125040128
overlay: 25125040128

1735237252
/dev/sda1: 25156321280
overlay: 25156321280

1735237253
/dev/sda1: 25163476992
overlay: 25163476992

1735237254
/dev/sda1: 25212772352
overlay: 25212772352

1735237255
/dev/sda1: 25333825536
overlay: 25333829632

1735237256
/dev/sda1: 25371738112
overlay: 25371738112

1735237257
/dev/sda1: 25387544576
overlay: 25387544576

1735237260
/dev/sda1: 25425047552
overlay: 25425047552

1735237262
/dev/sda1: 25446404096
overlay: 25446404096

1735237263
/dev/sda1: 25594077184
overlay: 25594077184

1735237265
/dev/sda1: 25677254656
overlay: 25677254656

1735237267
/dev/sda1: 25764315136
overlay: 25764315136

1735237269
/dev/sda1: 25837432832
overlay: 25837432832

1735237271
/dev/sda1: 25908772864
overlay: 25908772864

1735237273
/dev/sda1: 25957740544
overlay: 25957740544

1735237274
/dev/sda1: 26006396928
overlay: 26006396928

1735237275
/dev/sda1: 26043912192
overlay: 26043912192

1735237277
/dev/sda1: 26095554560
overlay: 26095558656

1735237279
/dev/sda1: 26140143616
overlay: 26140143616

1735237280
/dev/sda1: 26177650688
overlay: 26177650688

1735237281
/dev/sda1: 26214707200
overlay: 26214707200

1735237282
/dev/sda1: 26246320128
overlay: 26246320128

1735237284
/dev/sda1: 26270048256
overlay: 26270048256

1735237285
/dev/sda1: 26283384832
overlay: 26283384832

1735237287
/dev/sda1: 26291003392
overlay: 26291003392

1735237288
/dev/sda1: 26310381568
overlay: 26310381568

1735237289
/dev/sda1: 26314113024
overlay: 26314113024

1735237291
/dev/sda1: 26318721024
overlay: 26318721024

1735237292
/dev/sda1: 26330636288
overlay: 26330636288

1735237293
/dev/sda1: 26347208704
overlay: 26347208704

1735237295
/dev/sda1: 26373050368
overlay: 26373050368

1735237296
/dev/sda1: 26428665856
overlay: 26428665856

1735237297
/dev/sda1: 26545475584
overlay: 26545475584

1735237299
/dev/sda1: 26663329792
overlay: 26663329792

1735237300
/dev/sda1: 26737848320
overlay: 26737848320

1735237301
/dev/sda1: 26745917440
overlay: 26745921536

1735237303
/dev/sda1: 26751406080
overlay: 26751406080

1735237304
/dev/sda1: 26767556608
overlay: 26767556608

1735237306
/dev/sda1: 26776944640
overlay: 26776944640

1735237308
/dev/sda1: 26779189248
overlay: 26779189248

1735237309
/dev/sda1: 26783477760
overlay: 26783477760

1735237310
/dev/sda1: 26787004416
overlay: 26787004416

1735237312
/dev/sda1: 26799194112
overlay: 26799194112

1735237313
/dev/sda1: 26808782848
overlay: 26808782848

1735237314
/dev/sda1: 26845569024
overlay: 26845569024

1735237315
/dev/sda1: 26853724160
overlay: 26853724160

1735237316
/dev/sda1: 26857345024
overlay: 26857345024

1735237317
/dev/sda1: 26860220416
overlay: 26860220416

1735237318
/dev/sda1: 26869088256
overlay: 26869088256

1735237319
/dev/sda1: 26880954368
overlay: 26880954368

1735237320
/dev/sda1: 26896392192
overlay: 26896392192

1735237321
/dev/sda1: 26979897344
overlay: 26979901440

1735237323
/dev/sda1: 26992660480
overlay: 26992660480

1735237324
/dev/sda1: 26994053120
overlay: 26994053120

1735237325
/dev/sda1: 27001864192
overlay: 27001864192

1735237326
/dev/sda1: 27009814528
overlay: 27009814528

1735237327
/dev/sda1: 27015143424
overlay: 27015143424

1735237329
/dev/sda1: 27021660160
overlay: 27021660160

1735237330
/dev/sda1: 27030220800
overlay: 27030220800

1735237331
/dev/sda1: 27032453120
overlay: 27032453120

1735237332
/dev/sda1: 27035332608
overlay: 27035332608

1735237333
/dev/sda1: 27047354368
overlay: 27047354368

1735237334
/dev/sda1: 27061653504
overlay: 27061653504

1735237335
/dev/sda1: 27065110528
overlay: 27065110528

1735237336
/dev/sda1: 27074367488
overlay: 27074367488

1735237337
/dev/sda1: 27079413760
overlay: 27079413760

1735237338
/dev/sda1: 27081990144
overlay: 27081990144

1735237339
/dev/sda1: 27083530240
overlay: 27083530240

1735237340
/dev/sda1: 27090341888
overlay: 27090341888

1735237341
/dev/sda1: 27091865600
overlay: 27091865600

1735237342
/dev/sda1: 27103227904
overlay: 27103227904

1735237343
/dev/sda1: 27209342976
overlay: 27209342976

1735237345
/dev/sda1: 27247063040
overlay: 27247063040

1735237347
/dev/sda1: 27305652224
overlay: 27305652224

1735237349
/dev/sda1: 27409268736
overlay: 27409268736

1735237350
/dev/sda1: 27410833408
overlay: 27410833408

1735237351
/dev/sda1: 27416076288
overlay: 27416080384

1735237354
/dev/sda1: 27424624640
overlay: 27424624640

1735237355
/dev/sda1: 27433377792
overlay: 27433377792

1735237357
/dev/sda1: 27458404352
overlay: 27458404352

1735237358
/dev/sda1: 27467616256
overlay: 27467616256

1735237360
/dev/sda1: 27487555584
overlay: 27487555584

1735237361
/dev/sda1: 27506692096
overlay: 27506692096

1735237362
/dev/sda1: 27617894400
overlay: 27617894400

1735237363
/dev/sda1: 27625525248
overlay: 27625525248

1735237365
/dev/sda1: 27635167232
overlay: 27635167232

1735237366
/dev/sda1: 27638923264
overlay: 27638923264

1735237367
/dev/sda1: 27644129280
overlay: 27644129280

1735237368
/dev/sda1: 27651301376
overlay: 27651305472

1735237369
/dev/sda1: 27663093760
overlay: 27663093760

1735237371
/dev/sda1: 27674955776
overlay: 27674955776

1735237372
/dev/sda1: 27701776384
overlay: 27701776384

1735237373
/dev/sda1: 27794288640
overlay: 27794288640

1735237374
/dev/sda1: 27815710720
overlay: 27815710720

1735237376
/dev/sda1: 27831148544
overlay: 27831148544

1735237377
/dev/sda1: 27839062016
overlay: 27839062016

1735237378
/dev/sda1: 27842871296
overlay: 27842871296

1735237379
/dev/sda1: 27846221824
overlay: 27846221824

1735237380
/dev/sda1: 27849601024
overlay: 27849601024

1735237381
/dev/sda1: 27854372864
overlay: 27854372864

1735237382
/dev/sda1: 27862421504
overlay: 27862421504

1735237383
/dev/sda1: 27867295744
overlay: 27867295744

1735237384
/dev/sda1: 27882098688
overlay: 27882098688

1735237386
/dev/sda1: 27916587008
overlay: 27916587008

1735237387
/dev/sda1: 27932008448
overlay: 27932008448

1735237388
/dev/sda1: 27941265408
overlay: 27941265408

1735237390
/dev/sda1: 27946266624
overlay: 27946266624

1735237391
/dev/sda1: 27949076480
overlay: 27949076480

1735237392
/dev/sda1: 27957829632
overlay: 27957829632

1735237393
/dev/sda1: 27990765568
overlay: 27990765568

1735237394
/dev/sda1: 28015878144
overlay: 28015878144

1735237395
/dev/sda1: 28035457024
overlay: 28035457024

1735237396
/dev/sda1: 28036988928
overlay: 28036988928

1735237397
/dev/sda1: 28038197248
overlay: 28038197248

1735237398
/dev/sda1: 28044759040
overlay: 28044759040

1735237399
/dev/sda1: 28053053440
overlay: 28053053440

1735237400
/dev/sda1: 28066029568
overlay: 28066029568

1735237401
/dev/sda1: 28079230976
overlay: 28079230976

1735237402
/dev/sda1: 28093394944
overlay: 28093394944

1735237404
/dev/sda1: 28121321472
overlay: 28121321472

1735237405
/dev/sda1: 28134629376
overlay: 28134629376

1735237406
/dev/sda1: 28154286080
overlay: 28154286080

1735237408
/dev/sda1: 28171137024
overlay: 28171767808

1735237409
/dev/sda1: 28205940736
overlay: 28205940736

1735237410
/dev/sda1: 28216246272
overlay: 28216246272

1735237412
/dev/sda1: 28224892928
overlay: 28224892928

1735237414
/dev/sda1: 28229128192
overlay: 28229128192

1735237415
/dev/sda1: 28233547776
overlay: 28233547776

1735237416
/dev/sda1: 28236435456
overlay: 28236435456

1735237417
/dev/sda1: 28242161664
overlay: 28242161664

1735237418
/dev/sda1: 28249440256
overlay: 28249440256

1735237419
/dev/sda1: 28256686080
overlay: 28256686080

1735237420
/dev/sda1: 28261986304
overlay: 28261986304

1735237421
/dev/sda1: 28268089344
overlay: 28268089344

1735237422
/dev/sda1: 28273987584
overlay: 28273987584

1735237423
/dev/sda1: 28277215232
overlay: 28277215232

1735237424
/dev/sda1: 28282171392
overlay: 28282171392

1735237425
/dev/sda1: 28287836160
overlay: 28287836160

1735237426
/dev/sda1: 28293840896
overlay: 28293840896

1735237427
/dev/sda1: 28299235328
overlay: 28299235328

1735237428
/dev/sda1: 28303618048
overlay: 28303618048

1735237429
/dev/sda1: 28310732800
overlay: 28310732800

1735237430
/dev/sda1: 28315439104
overlay: 28315439104

1735237431
/dev/sda1: 28321144832
overlay: 28321144832

1735237432
/dev/sda1: 28326895616
overlay: 28326895616

1735237433
/dev/sda1: 28331008000
overlay: 28331008000

1735237434
/dev/sda1: 28335337472
overlay: 28335337472

1735237435
/dev/sda1: 28340989952
overlay: 28340989952

1735237436
/dev/sda1: 28345286656
overlay: 28345286656

1735237437
/dev/sda1: 28348919808
overlay: 28348919808

1735237438
/dev/sda1: 28353826816
overlay: 28353826816

1735237439
/dev/sda1: 28359254016
overlay: 28359254016

1735237441
/dev/sda1: 28365664256
overlay: 28365664256

1735237442
/dev/sda1: 28370960384
overlay: 28370960384

1735237443
/dev/sda1: 28375343104
overlay: 28375343104

1735237444
/dev/sda1: 28380991488
overlay: 28380991488

1735237446
/dev/sda1: 28385714176
overlay: 28385714176

1735237447
/dev/sda1: 28388651008
overlay: 28388651008

1735237449
/dev/sda1: 28395429888
overlay: 28395429888

1735237450
/dev/sda1: 28399742976
overlay: 28399742976

1735237451
/dev/sda1: 28403703808
overlay: 28403703808

1735237452
/dev/sda1: 28410859520
overlay: 28410859520

1735237453
/dev/sda1: 28417363968
overlay: 28417363968

1735237454
/dev/sda1: 28461940736
overlay: 28461940736

1735237455
/dev/sda1: 28468137984
overlay: 28468137984

1735237456
/dev/sda1: 28475105280
overlay: 28475105280

1735237457
/dev/sda1: 28488708096
overlay: 28488708096

1735237458
/dev/sda1: 28505137152
overlay: 28505137152

1735237459
/dev/sda1: 28508577792
overlay: 28508577792

1735237460
/dev/sda1: 28520165376
overlay: 28520165376

1735237461
/dev/sda1: 28591771648
overlay: 28591779840

1735237463
/dev/sda1: 28710125568
overlay: 28710125568

1735237464
/dev/sda1: 28775047168
overlay: 28775047168

1735237466
/dev/sda1: 28855689216
overlay: 28855689216

1735237468
/dev/sda1: 28897255424
overlay: 28897255424

1735237469
/dev/sda1: 28923785216
overlay: 28923785216

1735237471
/dev/sda1: 28962127872
overlay: 28962127872

1735237472
/dev/sda1: 29013762048
overlay: 29013762048

1735237474
/dev/sda1: 29053042688
overlay: 29053050880

1735237475
/dev/sda1: 29084880896
overlay: 29084880896

1735237476
/dev/sda1: 29127020544
overlay: 29127020544

1735237478
/dev/sda1: 29170085888
overlay: 29170085888

1735237479
/dev/sda1: 29219405824
overlay: 29219405824

1735237480
/dev/sda1: 29257646080
overlay: 29257646080

1735237482
/dev/sda1: 29308715008
overlay: 29308715008

1735237483
/dev/sda1: 29318955008
overlay: 29318955008

1735237485
/dev/sda1: 29392220160
overlay: 29392220160

1735237486
/dev/sda1: 29423783936
overlay: 29423783936

1735237487
/dev/sda1: 29437661184
overlay: 29437661184

1735237488
/dev/sda1: 29455249408
overlay: 29455249408

1735237490
/dev/sda1: 29492215808
overlay: 29492215808

1735237491
/dev/sda1: 29524180992
overlay: 29524180992

1735237493
/dev/sda1: 29569204224
overlay: 29569204224

1735237494
/dev/sda1: 29599670272
overlay: 29599674368

1735237496
/dev/sda1: 29644853248
overlay: 29644853248

1735237498
/dev/sda1: 29685833728
overlay: 29685837824

1735237500
/dev/sda1: 29751492608
overlay: 29751492608

1735237501
/dev/sda1: 29777182720
overlay: 29777182720

1735237502
/dev/sda1: 29809979392
overlay: 29809979392

1735237504
/dev/sda1: 29840052224
overlay: 29840052224

1735237506
/dev/sda1: 29878685696
overlay: 29878685696

1735237507
/dev/sda1: 29906034688
overlay: 29906034688

1735237508
/dev/sda1: 29944586240
overlay: 29944586240

1735237510
/dev/sda1: 29970276352
overlay: 29970276352

1735237512
/dev/sda1: 30027038720
overlay: 30027046912

1735237513
/dev/sda1: 30063005696
overlay: 30063005696

1735237515
/dev/sda1: 30116622336
overlay: 30116622336

1735237517
/dev/sda1: 30162939904
overlay: 30162939904

1735237518
/dev/sda1: 30188044288
overlay: 30188044288

1735237520
/dev/sda1: 30225108992
overlay: 30225108992

1735237522
/dev/sda1: 30274433024
overlay: 30274433024

1735237524
/dev/sda1: 30301966336
overlay: 30301966336

1735237526
/dev/sda1: 30376644608
overlay: 30376644608

1735237527
/dev/sda1: 30422671360
overlay: 30422671360

1735237528
/dev/sda1: 30457348096
overlay: 30457348096

1735237529
/dev/sda1: 30510772224
overlay: 30510772224

1735237531
/dev/sda1: 30569603072
overlay: 30569607168

1735237533
/dev/sda1: 30622236672
overlay: 30622236672

1735237535
/dev/sda1: 30682820608
overlay: 30682820608

1735237537
/dev/sda1: 30761488384
overlay: 30761488384

1735237539
/dev/sda1: 30817804288
overlay: 30817804288

1735237540
/dev/sda1: 30851661824
overlay: 30851661824

1735237541
/dev/sda1: 30899601408
overlay: 30899601408

1735237543
/dev/sda1: 30932230144
overlay: 30932230144

1735237544
/dev/sda1: 30961868800
overlay: 30961885184

1735237546
/dev/sda1: 31020896256
overlay: 31020896256

1735237548
/dev/sda1: 31083286528
overlay: 31083286528

1735237550
/dev/sda1: 31141675008
overlay: 31141675008

1735237552
/dev/sda1: 31196110848
overlay: 31196110848

1735237554
/dev/sda1: 31254986752
overlay: 31254986752

1735237555
/dev/sda1: 31284391936
overlay: 31284391936

1735237556
/dev/sda1: 31318368256
overlay: 31318368256

1735237558
/dev/sda1: 31353372672
overlay: 31353372672

1735237559
/dev/sda1: 31370387456
overlay: 31370387456

1735237560
/dev/sda1: 31370932224
overlay: 31370932224

1735237561
/dev/sda1: 31371714560
overlay: 31371714560

1735237563
/dev/sda1: 31375462400
overlay: 31375462400

1735237565
/dev/sda1: 31375761408
overlay: 31375761408

1735237566
/dev/sda1: 31377403904
overlay: 31377403904

1735237567
/dev/sda1: 31381057536
overlay: 31381057536

1735237568
/dev/sda1: 31383285760
overlay: 31383285760

1735237570
/dev/sda1: 31382966272
overlay: 31382966272

1735237571
/dev/sda1: 31385849856
overlay: 31385849856

1735237572
/dev/sda1: 31387021312
overlay: 31387021312

1735237573
/dev/sda1: 31389032448
overlay: 31389032448

1735237575
/dev/sda1: 31389024256
overlay: 31389024256

1735237576
/dev/sda1: 31390826496
overlay: 31390826496

1735237577
/dev/sda1: 31403245568
overlay: 31403245568

1735237578
/dev/sda1: 31433723904
overlay: 31433723904

1735237579
/dev/sda1: 31434149888
overlay: 31434149888

1735237580
/dev/sda1: 31434674176
overlay: 31434674176

1735237581
/dev/sda1: 31435128832
overlay: 31435128832

1735237582
/dev/sda1: 31435591680
overlay: 31435591680

1735237583
/dev/sda1: 31438606336
overlay: 31438606336

1735237584
/dev/sda1: 31438143488
overlay: 31438143488

1735237585
/dev/sda1: 31439953920
overlay: 31439953920

1735237586
/dev/sda1: 31473192960
overlay: 31473201152

1735237587
/dev/sda1: 31526727680
overlay: 31526727680

1735237588
/dev/sda1: 31527321600
overlay: 31527321600

1735237589
/dev/sda1: 31528189952
overlay: 31528189952

1735237590
/dev/sda1: 31551676416
overlay: 31551676416

1735237592
/dev/sda1: 31643918336
overlay: 31643918336

1735237594
/dev/sda1: 31647072256
overlay: 31647072256

1735237596
/dev/sda1: 31651307520
overlay: 31651307520

1735237597
/dev/sda1: 31652737024
overlay: 31652737024

1735237598
/dev/sda1: 31654023168
overlay: 31654023168

1735237600
/dev/sda1: 31655907328
overlay: 31655907328

1735237601
/dev/sda1: 31658106880
overlay: 31658106880

1735237602
/dev/sda1: 31660650496
overlay: 31660650496

1735237603
/dev/sda1: 31662555136
overlay: 31662555136

1735237604
/dev/sda1: 31669325824
overlay: 31669325824

1735237605
/dev/sda1: 31672250368
overlay: 31672250368

1735237606
/dev/sda1: 31674130432
overlay: 31674130432

1735237607
/dev/sda1: 31675387904
overlay: 31675387904

1735237608
/dev/sda1: 31677595648
overlay: 31677595648

1735237609
/dev/sda1: 31680122880
overlay: 31680122880

1735237610
/dev/sda1: 31683047424
overlay: 31683047424

1735237611
/dev/sda1: 31685300224
overlay: 31685300224

1735237612
/dev/sda1: 31687081984
overlay: 31687081984

1735237613
/dev/sda1: 31688179712
overlay: 31688179712

1735237614
/dev/sda1: 31689531392
overlay: 31689531392

1735237615
/dev/sda1: 31690010624
overlay: 31690010624

1735237616
/dev/sda1: 31690612736
overlay: 31690612736

1735237618
/dev/sda1: 31691231232
overlay: 31691231232

1735237619
/dev/sda1: 31691923456
overlay: 31691923456

1735237620
/dev/sda1: 31694688256
overlay: 31694688256

1735237621
/dev/sda1: 31696850944
overlay: 31696850944

1735237623
/dev/sda1: 31700344832
overlay: 31700344832

1735237624
/dev/sda1: 31705448448
overlay: 31705448448

1735237625
/dev/sda1: 31706443776
overlay: 31706443776

1735237627
/dev/sda1: 31707422720
overlay: 31707422720

1735237628
/dev/sda1: 31707631616
overlay: 31707631616

1735237630
/dev/sda1: 31709679616
overlay: 31709679616

1735237631
/dev/sda1: 31711506432
overlay: 31711506432

1735237632
/dev/sda1: 31712915456
overlay: 31712915456

1735237633
/dev/sda1: 31716888576
overlay: 31716888576

1735237634
/dev/sda1: 31720935424
overlay: 31720935424

1735237635
/dev/sda1: 31745699840
overlay: 31745699840

1735237636
/dev/sda1: 31772581888
overlay: 31772581888

1735237637
/dev/sda1: 31789391872
overlay: 31789391872

1735237638
/dev/sda1: 31805108224
overlay: 31805108224

1735237639
/dev/sda1: 31822295040
overlay: 31822295040

1735237640
/dev/sda1: 31845158912
overlay: 31845158912

1735237642
/dev/sda1: 31848726528
overlay: 31848726528

1735237643
/dev/sda1: 31852941312
overlay: 31852941312

1735237644
/dev/sda1: 31851405312
overlay: 31851405312

1735237645
/dev/sda1: 31851999232
overlay: 31851999232

1735237646
/dev/sda1: 31852306432
overlay: 31852306432

1735237647
/dev/sda1: 31852503040
overlay: 31852503040

1735237648
/dev/sda1: 31852773376
overlay: 31852773376

1735237649
/dev/sda1: 31853129728
overlay: 31853129728

1735237651
/dev/sda1: 31853502464
overlay: 31853502464

1735237652
/dev/sda1: 31855099904
overlay: 31855099904

1735237653
/dev/sda1: 31855681536
overlay: 31855681536

1735237654
/dev/sda1: 31856390144
overlay: 31856390144

1735237655
/dev/sda1: 31856537600
overlay: 31856537600

1735237656
/dev/sda1: 31857070080
overlay: 31857070080

1735237657
/dev/sda1: 31857729536
overlay: 31857729536

1735237658
/dev/sda1: 31858016256
overlay: 31858016256

1735237659
/dev/sda1: 31860178944
overlay: 31860178944

1735237660
/dev/sda1: 31859445760
overlay: 31859445760

1735237662
/dev/sda1: 31859712000
overlay: 31859712000

1735237663
/dev/sda1: 31859929088
overlay: 31859929088

1735237664
/dev/sda1: 31860097024
overlay: 31860097024

1735237665
/dev/sda1: 31861010432
overlay: 31861010432

1735237666
/dev/sda1: 31861186560
overlay: 31861186560

1735237667
/dev/sda1: 31862489088
overlay: 31862493184

1735237668
/dev/sda1: 31862173696
overlay: 31862173696

1735237669
/dev/sda1: 31862779904
overlay: 31862779904

1735237670
/dev/sda1: 31862939648
overlay: 31862939648

1735237671
/dev/sda1: 31863488512
overlay: 31863488512

1735237673
/dev/sda1: 31863828480
overlay: 31863828480

1735237674
/dev/sda1: 31864008704
overlay: 31864008704

1735237675
/dev/sda1: 31864332288
overlay: 31864332288

1735237676
/dev/sda1: 31864721408
overlay: 31864721408

1735237677
/dev/sda1: 31865434112
overlay: 31865434112

1735237678
/dev/sda1: 31865520128
overlay: 31865520128

1735237679
/dev/sda1: 31865778176
overlay: 31865778176

1735237680
/dev/sda1: 31866077184
overlay: 31866077184

1735237681
/dev/sda1: 31866245120
overlay: 31866245120

1735237682
/dev/sda1: 31866470400
overlay: 31866470400

1735237683
/dev/sda1: 31866621952
overlay: 31866621952

1735237684
/dev/sda1: 31866839040
overlay: 31866839040

1735237685
/dev/sda1: 31867179008
overlay: 31867179008

1735237686
/dev/sda1: 31867637760
overlay: 31867637760

1735237687
/dev/sda1: 31867830272
overlay: 31867830272

1735237688
/dev/sda1: 31868174336
overlay: 31868174336

1735237689
/dev/sda1: 31868399616
overlay: 31868399616

1735237690
/dev/sda1: 31869190144
overlay: 31869190144

1735237691
/dev/sda1: 31869652992
overlay: 31869652992

1735237692
/dev/sda1: 31871565824
overlay: 31871565824

1735237693
/dev/sda1: 31873490944
overlay: 31873490944

1735237694
/dev/sda1: 31873658880
overlay: 31873658880

1735237695
/dev/sda1: 31874592768
overlay: 31874592768

1735237696
/dev/sda1: 31875354624
overlay: 31875354624

1735237697
/dev/sda1: 31878332416
overlay: 31878332416

1735237698
/dev/sda1: 31879794688
overlay: 31879794688

1735237699
/dev/sda1: 31880306688
overlay: 31880306688

1735237700
/dev/sda1: 31880609792
overlay: 31880609792

1735237701
/dev/sda1: 31880949760
overlay: 31880949760

1735237702
/dev/sda1: 31883042816
overlay: 31883042816

1735237703
/dev/sda1: 31883452416
overlay: 31883452416

1735237704
/dev/sda1: 31885074432
overlay: 31885074432

1735237705
/dev/sda1: 31885213696
overlay: 31885213696

1735237706
/dev/sda1: 31885602816
overlay: 31885602816

1735237707
/dev/sda1: 31886655488
overlay: 31886655488

1735237708
/dev/sda1: 31889326080
overlay: 31889326080

1735237709
/dev/sda1: 31889997824
overlay: 31889997824

1735237710
/dev/sda1: 31890640896
overlay: 31890640896

1735237711
/dev/sda1: 31890567168
overlay: 31890567168

1735237712
/dev/sda1: 31892197376
overlay: 31892197376

1735237713
/dev/sda1: 31893831680
overlay: 31893831680

1735237715
/dev/sda1: 31896268800
overlay: 31896268800

1735237716
/dev/sda1: 31896682496
overlay: 31896682496

1735237717
/dev/sda1: 31901040640
overlay: 31901040640

1735237718
/dev/sda1: 31901720576
overlay: 31901720576

1735237719
/dev/sda1: 31902765056
overlay: 31902765056

1735237720
/dev/sda1: 31903313920
overlay: 31903313920

1735237721
/dev/sda1: 31904600064
overlay: 31904600064

1735237722
/dev/sda1: 31904698368
overlay: 31904698368

1735237723
/dev/sda1: 31909105664
overlay: 31909105664

1735237724
/dev/sda1: 31911550976
overlay: 31911550976

1735237725
/dev/sda1: 31918153728
overlay: 31918153728

1735237726
/dev/sda1: 31924940800
overlay: 31924940800

1735237727
/dev/sda1: 31926145024
overlay: 31926145024

1735237731
/dev/sda1: 31931420672
overlay: 31931420672

1735237732
/dev/sda1: 31932280832
overlay: 31932280832

1735237733
/dev/sda1: 31933587456
overlay: 31933591552

1735237734
/dev/sda1: 31934676992
overlay: 31934676992

1735237735
/dev/sda1: 31935201280
overlay: 31935201280

1735237736
/dev/sda1: 31935930368
overlay: 31935930368

1735237737
/dev/sda1: 31936471040
overlay: 31936471040

1735237738
/dev/sda1: 31939497984
overlay: 31939497984

1735237739
/dev/sda1: 31940108288
overlay: 31940108288

1735237740
/dev/sda1: 31940841472
overlay: 31940841472

1735237741
/dev/sda1: 31942836224
overlay: 31942836224

1735237742
/dev/sda1: 31944216576
overlay: 31944216576

1735237743
/dev/sda1: 31944949760
overlay: 31944949760

1735237745
/dev/sda1: 31947255808
overlay: 31947255808

1735237746
/dev/sda1: 31950024704
overlay: 31950024704

1735237747
/dev/sda1: 31951392768
overlay: 31951392768

1735237748
/dev/sda1: 31952711680
overlay: 31952711680

1735237749
/dev/sda1: 31955120128
overlay: 31955120128

1735237750
/dev/sda1: 31957053440
overlay: 31957053440

1735237751
/dev/sda1: 31959261184
overlay: 31959261184

1735237752
/dev/sda1: 31960039424
overlay: 31960039424

1735237753
/dev/sda1: 31960772608
overlay: 31960772608

1735237754
/dev/sda1: 31970385920
overlay: 31970385920

1735237755
/dev/sda1: 31973900288
overlay: 31973900288

1735237756
/dev/sda1: 31974522880
overlay: 31974518784

1735237757
/dev/sda1: 31976198144
overlay: 31976198144

1735237758
/dev/sda1: 31976841216
overlay: 31976841216

1735237759
/dev/sda1: 31977910272
overlay: 31977910272

1735237760
/dev/sda1: 31978696704
overlay: 31978696704

1735237761
/dev/sda1: 31979065344
overlay: 31979065344

1735237762
/dev/sda1: 31981547520
overlay: 31981547520

1735237763
/dev/sda1: 31983333376
overlay: 31983333376

1735237764
/dev/sda1: 31984828416
overlay: 31984828416

1735237765
/dev/sda1: 31991697408
overlay: 31991697408

1735237766
/dev/sda1: 31995097088
overlay: 31995097088

1735237767
/dev/sda1: 31990915072
overlay: 31990915072

1735237768
/dev/sda1: 31992037376
overlay: 31992037376

1735237769
/dev/sda1: 32039530496
overlay: 32039530496

1735237770
/dev/sda1: 32071921664
overlay: 32071921664

1735237771
/dev/sda1: 32077455360
overlay: 32077455360

1735237772
/dev/sda1: 32079826944
overlay: 32079826944

1735237773
/dev/sda1: 32082690048
overlay: 32082690048

1735237774
/dev/sda1: 32083972096
overlay: 32083972096

1735237775
/dev/sda1: 32093433856
overlay: 32093433856

1735237776
/dev/sda1: 32102244352
overlay: 32102244352

1735237778
/dev/sda1: 32122257408
overlay: 32122257408

1735237779
/dev/sda1: 32123588608
overlay: 32123588608

1735237780
/dev/sda1: 32127262720
overlay: 32127262720

1735237781
/dev/sda1: 32127684608
overlay: 32127684608

1735237782
/dev/sda1: 32139046912
overlay: 32139046912

1735237783
/dev/sda1: 32152846336
overlay: 32152846336

1735237785
/dev/sda1: 32155303936
overlay: 32155303936

1735237787
/dev/sda1: 32158298112
overlay: 32158298112

1735237788
/dev/sda1: 32157876224
overlay: 32157876224

1735237789
/dev/sda1: 32171831296
overlay: 32171831296

1735237790
/dev/sda1: 32165687296
overlay: 32165687296

1735237791
/dev/sda1: 32166334464
overlay: 32166334464

1735237792
/dev/sda1: 32164044800
overlay: 32164044800

1735237793
/dev/sda1: 32164372480
overlay: 32164372480

1735237794
/dev/sda1: 32165588992
overlay: 32165588992

1735237795
/dev/sda1: 32165208064
overlay: 32165208064

1735237796
/dev/sda1: 32164810752
overlay: 32164810752

1735237798
/dev/sda1: 32165683200
overlay: 32165683200

1735237805
/dev/sda1: 32163930112
overlay: 32163930112

