1735237245
0.0 0.0 0.0

1735237246
0.0 0.0 0.0

1735237247
0.0 0.0 0.0

1735237248
0.0 0.0 0.0

1735237249
0.0 0.0 0.0

1735237250
0.0 0.0 0.0

1735237251
0.0 0.0 0.0

1735237252
0.0 0.0 0.0

1735237253
0.0 0.0 0.0

1735237254
0.0 0.0 0.0

1735237255
0.0 0.0 0.0

1735237256
0.0 0.0 0.0

1735237257
0.0 0.0 0.0

1735237258
0.0 0.0 0.0

1735237259
0.0 0.0 0.0

1735237260
0.0 0.0 0.0

1735237261
0.0 0.0 0.0

1735237262
0.0 0.0 0.0

1735237263
0.0 0.0 0.0

1735237264
0.0 0.0 0.0

1735237265
0.0 0.0 0.0

1735237266
0.0 0.0 0.0

1735237267
0.0 0.0 0.0

1735237268
0.0 0.0 0.0

1735237269
0.0 0.0 0.0

1735237270
0.0 0.0 0.0

1735237271
0.0 0.0 0.0

1735237272
0.0 0.0 0.0

1735237273
0.0 0.0 0.0

1735237274
0.0 0.0 0.0

1735237275
0.0 0.0 0.0

1735237276
0.0 0.0 0.0

1735237277
0.0 0.0 0.0

1735237278
0.0 0.0 0.0

1735237279
0.0 0.0 0.0

1735237281
0.0 0.0 0.0

1735237282
0.0 0.0 0.0

1735237283
0.0 0.0 0.0

1735237284
0.0 0.0 0.0

1735237285
0.0 0.0 0.0

1735237286
0.0 0.0 0.0

1735237287
0.0 0.0 0.0

1735237288
0.0 0.0 0.0

1735237289
0.0 0.0 0.0

1735237290
0.0 0.0 0.0

1735237291
0.0 0.0 0.0

1735237292
0.0 0.0 0.0

1735237293
0.0 0.0 0.0

1735237294
0.0 0.0 0.0

1735237295
0.0 0.0 0.0

1735237296
0.0 0.0 0.0

1735237297
0.0 0.0 0.0

1735237298
0.0 0.0 0.0

1735237299
0.0 0.0 0.0

1735237300
0.0 0.0 0.0

1735237301
0.0 0.0 0.0

1735237302
0.0 0.0 0.0

1735237303
0.0 0.0 0.0

1735237304
0.0 0.0 0.0

1735237305
0.0 0.0 0.0

1735237306
0.0 0.0 0.0

1735237307
0.0 0.0 0.0

1735237308
0.0 0.0 0.0

1735237309
0.0 0.0 0.0

1735237310
0.0 0.0 0.0

1735237311
0.0 0.0 0.0

1735237312
0.0 0.0 0.0

1735237313
0.0 0.0 0.0

1735237314
0.0 0.0 0.0

1735237315
0.0 0.0 0.0

1735237316
0.0 0.0 0.0

1735237317
0.0 0.0 0.0

1735237318
0.0 0.0 0.0

1735237319
0.0 0.0 0.0

1735237320
0.0 0.0 0.0

1735237321
0.0 0.0 0.0

1735237322
0.0 0.0 0.0

1735237323
0.0 0.0 0.0

1735237324
0.0 0.0 0.0

1735237325
0.0 0.0 0.0

1735237326
0.0 0.0 0.0

1735237327
0.0 0.0 0.0

1735237328
0.0 0.0 0.0

1735237329
0.0 0.0 0.0

1735237330
0.0 0.0 0.0

1735237331
0.0 0.0 0.0

1735237332
0.0 0.0 0.0

1735237333
0.0 0.0 0.0

1735237334
0.0 0.0 0.0

1735237335
0.0 0.0 0.0

1735237336
0.0 0.0 0.0

1735237337
0.0 0.0 0.0

1735237338
0.0 0.0 0.0

1735237339
0.0 0.0 0.0

1735237340
0.0 0.0 0.0

1735237341
0.0 0.0 0.0

1735237342
0.0 0.0 0.0

1735237343
0.0 0.0 0.0

1735237344
0.0 0.0 0.0

1735237345
0.0 0.0 0.0

1735237346
0.0 0.0 0.0

1735237348
0.0 0.0 0.0

1735237349
0.0 0.0 0.0

1735237350
0.0 0.0 0.0

1735237351
0.0 0.0 0.0

1735237352
0.0 0.0 0.0

1735237353
0.0 0.0 0.0

1735237354
0.0 0.0 0.0

1735237355
0.0 0.0 0.0

1735237356
0.0 0.0 0.0

1735237357
0.0 0.0 0.0

1735237358
0.0 0.0 0.0

1735237359
0.0 0.0 0.0

1735237360
0.0 0.0 0.0

1735237361
0.0 0.0 0.0

1735237362
0.0 0.0 0.0

1735237363
0.0 0.0 0.0

1735237364
0.0 0.0 0.0

1735237365
0.0 0.0 0.0

1735237366
0.0 0.0 0.0

1735237367
0.0 0.0 0.0

1735237368
0.0 0.0 0.0

1735237369
0.0 0.0 0.0

1735237370
0.0 0.0 0.0

1735237371
0.0 0.0 0.0

1735237372
0.0 0.0 0.0

1735237373
0.0 0.0 0.0

1735237374
0.0 0.0 0.0

1735237375
0.0 0.0 0.0

1735237376
0.0 0.0 0.0

1735237377
0.0 0.0 0.0

1735237378
0.0 0.0 0.0

1735237379
0.0 0.0 0.0

1735237380
0.0 0.0 0.0

1735237381
0.0 0.0 0.0

1735237382
0.0 0.0 0.0

1735237383
0.0 0.0 0.0

1735237384
0.0 0.0 0.0

1735237385
0.0 0.0 0.0

1735237386
0.0 0.0 0.0

1735237387
0.0 0.0 0.0

1735237388
0.0 0.0 0.0

1735237389
0.0 0.0 0.0

1735237390
0.0 0.0 0.0

1735237391
0.0 0.0 0.0

1735237392
0.0 0.0 0.0

1735237393
0.0 0.0 0.0

1735237394
0.0 0.0 0.0

1735237395
0.0 0.0 0.0

1735237396
0.0 0.0 0.0

1735237397
0.0 0.0 0.0

1735237398
0.0 0.0 0.0

1735237399
0.0 0.0 0.0

1735237400
0.0 0.0 0.0

1735237401
0.0 0.0 0.0

1735237402
0.0 0.0 0.0

1735237403
0.0 0.0 0.0

1735237404
0.0 0.0 0.0

1735237405
0.0 0.0 0.0

1735237406
0.0 0.0 0.0

1735237407
0.0 0.0 0.0

1735237408
0.0 0.0 0.0

1735237409
0.0 0.0 0.0

1735237410
0.0 0.0 0.0

1735237411
0.0 0.0 0.0

1735237412
0.0 0.0 0.0

1735237413
0.0 0.0 0.0

1735237414
0.0 0.0 0.0

1735237415
0.0 0.0 0.0

1735237416
0.0 0.0 0.0

1735237417
0.0 0.0 0.0

1735237418
0.0 0.0 0.0

1735237419
0.0 0.0 0.0

1735237420
0.0 0.0 0.0

1735237421
0.0 0.0 0.0

1735237422
0.0 0.0 0.0

1735237423
0.0 0.0 0.0

1735237424
0.0 0.0 0.0

1735237425
0.0 0.0 0.0

1735237426
0.0 0.0 0.0

1735237427
0.0 0.0 0.0

1735237428
0.0 0.0 0.0

1735237429
0.0 0.0 0.0

1735237430
0.0 0.0 0.0

1735237431
0.0 0.0 0.0

1735237432
0.0 0.0 0.0

1735237433
0.0 0.0 0.0

1735237434
0.0 0.0 0.0

1735237435
0.0 0.0 0.0

1735237436
0.0 0.0 0.0

1735237437
0.0 0.0 0.0

1735237438
0.0 0.0 0.0

1735237439
0.0 0.0 0.0

1735237440
0.0 0.0 0.0

1735237441
0.0 0.0 0.0

1735237442
0.0 0.0 0.0

1735237443
0.0 0.0 0.0

1735237444
0.0 0.0 0.0

1735237445
0.0 0.0 0.0

1735237446
0.0 0.0 0.0

1735237447
0.0 0.0 0.0

1735237448
0.0 0.0 0.0

1735237449
0.0 0.0 0.0

1735237450
0.0 0.0 0.0

1735237451
0.0 0.0 0.0

1735237452
0.0 0.0 0.0

1735237453
0.0 0.0 0.0

1735237454
0.0 0.0 0.0

1735237455
0.0 0.0 0.0

1735237456
0.0 0.0 0.0

1735237457
0.0 0.0 0.0

1735237458
0.0 0.0 0.0

1735237459
0.0 0.0 0.0

1735237460
0.0 0.0 0.0

1735237461
0.0 0.0 0.0

1735237462
0.0 0.0 0.0

1735237463
0.0 0.0 0.0

1735237464
0.0 0.0 0.0

1735237465
0.0 0.0 0.0

1735237466
0.0 0.0 0.0

1735237467
0.0 0.0 0.0

1735237468
0.0 0.0 0.0

1735237469
0.0 0.0 0.0

1735237470
0.0 0.0 0.0

1735237471
0.0 0.0 0.0

1735237472
0.0 0.0 0.0

1735237473
0.0 0.0 0.0

1735237474
0.0 0.0 0.0

1735237475
0.0 0.0 0.0

1735237476
0.0 0.0 0.0

1735237477
0.0 0.0 0.0

1735237478
0.0 0.0 0.0

1735237479
0.0 0.0 0.0

1735237480
0.0 0.0 0.0

1735237481
0.0 0.0 0.0

1735237482
0.0 0.0 0.0

1735237483
0.0 0.0 0.0

1735237484
0.0 0.0 0.0

1735237485
0.0 0.0 0.0

1735237486
0.0 0.0 0.0

1735237487
0.0 0.0 0.0

1735237488
0.0 0.0 0.0

1735237489
0.0 0.0 0.0

1735237490
0.0 0.0 0.0

1735237491
0.0 0.0 0.0

1735237492
0.0 0.0 0.0

1735237493
0.0 0.0 0.0

1735237494
0.0 0.0 0.0

1735237495
0.0 0.0 0.0

1735237496
0.0 0.0 0.0

1735237497
0.0 0.0 0.0

1735237498
0.0 0.0 0.0

1735237499
0.0 0.0 0.0

1735237500
0.0 0.0 0.0

1735237501
0.0 0.0 0.0

1735237502
0.0 0.0 0.0

1735237503
0.0 0.0 0.0

1735237504
0.0 0.0 0.0

1735237505
0.0 0.0 0.0

1735237506
0.0 0.0 0.0

1735237507
0.0 0.0 0.0

1735237508
0.0 0.0 0.0

1735237509
0.0 0.0 0.0

1735237510
0.0 0.0 0.0

1735237511
0.0 0.0 0.0

1735237512
0.0 0.0 0.0

1735237513
0.0 0.0 0.0

1735237514
0.0 0.0 0.0

1735237515
0.0 0.0 0.0

1735237516
0.0 0.0 0.0

1735237517
0.0 0.0 0.0

1735237518
0.0 0.0 0.0

1735237519
0.0 0.0 0.0

1735237520
0.0 0.0 0.0

1735237521
0.0 0.0 0.0

1735237522
0.0 0.0 0.0

1735237523
0.0 0.0 0.0

1735237524
0.0 0.0 0.0

1735237525
0.0 0.0 0.0

1735237526
0.0 0.0 0.0

1735237527
0.0 0.0 0.0

1735237528
0.0 0.0 0.0

1735237529
0.0 0.0 0.0

1735237530
0.0 0.0 0.0

1735237531
0.0 0.0 0.0

1735237532
0.0 0.0 0.0

1735237533
0.0 0.0 0.0

1735237534
0.0 0.0 0.0

1735237535
0.0 0.0 0.0

1735237536
0.0 0.0 0.0

1735237537
0.0 0.0 0.0

1735237538
0.0 0.0 0.0

1735237539
0.0 0.0 0.0

1735237540
0.0 0.0 0.0

1735237541
0.0 0.0 0.0

1735237542
0.0 0.0 0.0

1735237543
0.0 0.0 0.0

1735237544
0.0 0.0 0.0

1735237545
0.0 0.0 0.0

1735237546
0.0 0.0 0.0

1735237547
0.0 0.0 0.0

1735237548
0.0 0.0 0.0

1735237549
0.0 0.0 0.0

1735237550
0.0 0.0 0.0

1735237551
0.0 0.0 0.0

1735237552
0.0 0.0 0.0

1735237553
0.0 0.0 0.0

1735237554
0.0 0.0 0.0

1735237556
0.0 0.0 0.0

1735237557
0.0 0.0 0.0

1735237558
0.0 0.0 0.0

1735237559
0.0 0.0 0.0

1735237560
0.0 0.0 0.0

1735237561
0.0 0.0 0.0

1735237562
0.0 0.0 0.0

1735237563
0.0 0.0 0.0

1735237564
0.0 0.0 0.0

1735237565
0.0 0.0 0.0

1735237566
0.0 0.0 0.0

1735237567
0.0 0.0 0.0

1735237568
0.0 0.0 0.0

1735237569
0.0 0.0 0.0

1735237570
0.0 0.0 0.0

1735237571
0.0 0.0 0.0

1735237572
0.0 0.0 0.0

1735237573
0.0 0.0 0.0

1735237574
0.0 0.0 0.0

1735237575
0.0 0.0 0.0

1735237576
0.0 0.0 0.0

1735237577
0.0 0.0 0.0

1735237578
0.0 0.0 0.0

1735237579
0.0 0.0 0.0

1735237580
0.0 0.0 0.0

1735237581
0.0 0.0 0.0

1735237582
0.0 0.0 0.0

1735237583
0.0 0.0 0.0

1735237584
0.0 0.0 0.0

1735237585
0.0 0.0 0.0

1735237586
0.0 0.0 0.0

1735237587
0.0 0.0 0.0

1735237588
0.0 0.0 0.0

1735237589
0.0 0.0 0.0

1735237590
0.0 0.0 0.0

1735237591
0.0 0.0 0.0

1735237592
0.0 0.0 0.0

1735237593
0.0 0.0 0.0

1735237594
0.0 0.0 0.0

1735237595
0.0 0.0 0.0

1735237596
0.0 0.0 0.0

1735237597
0.0 0.0 0.0

1735237598
0.0 0.0 0.0

1735237599
0.0 0.0 0.0

1735237600
0.0 0.0 0.0

1735237601
0.0 0.0 0.0

1735237602
0.0 0.0 0.0

1735237603
0.0 0.0 0.0

1735237604
0.0 0.0 0.0

1735237605
0.0 0.0 0.0

1735237606
0.0 0.0 0.0

1735237607
0.0 0.0 0.0

1735237608
0.0 0.0 0.0

1735237609
0.0 0.0 0.0

1735237610
0.0 0.0 0.0

1735237611
0.0 0.0 0.0

1735237612
0.0 0.0 0.0

1735237613
0.0 0.0 0.0

1735237614
0.0 0.0 0.0

1735237615
0.0 0.0 0.0

1735237616
0.0 0.0 0.0

1735237617
0.0 0.0 0.0

1735237618
0.0 0.0 0.0

1735237619
0.0 0.0 0.0

1735237620
0.0 0.0 0.0

1735237621
0.0 0.0 0.0

1735237622
0.0 0.0 0.0

1735237623
0.0 0.0 0.0

1735237624
0.0 0.0 0.0

1735237625
0.0 0.0 0.0

1735237626
0.0 0.0 0.0

1735237627
0.0 0.0 0.0

1735237628
0.0 0.0 0.0

1735237629
0.0 0.0 0.0

1735237630
0.0 0.0 0.0

1735237631
0.0 0.0 0.0

1735237632
0.0 0.0 0.0

1735237633
0.0 0.0 0.0

1735237634
0.0 0.0 0.0

1735237635
0.0 0.0 0.0

1735237636
0.0 0.0 0.0

1735237637
0.0 0.0 0.0

1735237638
0.0 0.0 0.0

1735237639
0.0 0.0 0.0

1735237640
0.0 0.0 0.0

1735237641
0.0 0.0 0.0

1735237642
0.0 0.0 0.0

1735237643
0.0 0.0 0.0

1735237644
0.0 0.0 0.0

1735237645
0.0 0.0 0.0

1735237646
0.0 0.0 0.0

1735237647
0.0 0.0 0.0

1735237648
0.0 0.0 0.0

1735237649
0.0 0.0 0.0

1735237650
0.0 0.0 0.0

1735237651
0.0 0.0 0.0

1735237652
0.0 0.0 0.0

1735237653
0.0 0.0 0.0

1735237654
0.0 0.0 0.0

1735237655
0.0 0.0 0.0

1735237656
0.0 0.0 0.0

1735237657
0.0 0.0 0.0

1735237658
0.0 0.0 0.0

1735237659
0.0 0.0 0.0

1735237660
0.0 0.0 0.0

1735237662
0.0 0.0 0.0

1735237663
0.0 0.0 0.0

1735237664
0.0 0.0 0.0

1735237665
0.0 0.0 0.0

1735237666
0.0 0.0 0.0

1735237667
0.0 0.0 0.0

1735237668
0.0 0.0 0.0

1735237669
0.0 0.0 0.0

1735237670
0.0 0.0 0.0

1735237671
0.0 0.0 0.0

1735237672
0.0 0.0 0.0

1735237673
0.0 0.0 0.0

1735237674
0.0 0.0 0.0

1735237675
0.0 0.0 0.0

1735237676
0.0 0.0 0.0

1735237677
0.0 0.0 0.0

1735237678
0.0 0.0 0.0

1735237679
0.0 0.0 0.0

1735237680
0.0 0.0 0.0

1735237681
0.0 0.0 0.0

1735237682
0.0 0.0 0.0

1735237683
0.0 0.0 0.0

1735237684
0.0 0.0 0.0

1735237685
0.0 0.0 0.0

1735237686
0.0 0.0 0.0

1735237687
0.0 0.0 0.0

1735237688
0.0 0.0 0.0

1735237689
0.0 0.0 0.0

1735237690
0.0 0.0 0.0

1735237691
0.0 0.0 0.0

1735237692
0.0 0.0 0.0

1735237693
0.0 0.0 0.0

1735237694
0.0 0.0 0.0

1735237695
0.0 0.0 0.0

1735237696
0.0 0.0 0.0

1735237697
0.0 0.0 0.0

1735237698
0.0 0.0 0.0

1735237699
0.0 0.0 0.0

1735237700
0.0 0.0 0.0

1735237701
0.0 0.0 0.0

1735237702
0.0 0.0 0.0

1735237703
0.0 0.0 0.0

1735237704
0.0 0.0 0.0

1735237705
0.0 0.0 0.0

1735237706
0.0 0.0 0.0

1735237707
0.0 0.0 0.0

1735237708
0.0 0.0 0.0

1735237709
0.0 0.0 0.0

1735237710
0.0 0.0 0.0

1735237711
0.0 0.0 0.0

1735237712
0.0 0.0 0.0

1735237713
0.0 0.0 0.0

1735237714
0.0 0.0 0.0

1735237715
0.0 0.0 0.0

1735237716
0.0 0.0 0.0

1735237717
0.0 0.0 0.0

1735237718
0.0 0.0 0.0

1735237719
0.0 0.0 0.0

1735237720
0.0 0.0 0.0

1735237721
0.0 0.0 0.0

1735237722
0.0 0.0 0.0

1735237723
0.0 0.0 0.0

1735237724
0.0 0.0 0.0

1735237725
0.0 0.0 0.0

1735237726
0.0 0.0 0.0

1735237727
0.0 0.0 0.0

1735237731
0.0 0.0 0.0

1735237732
0.0 0.0 0.0

1735237733
0.0 0.0 0.0

1735237734
0.0 0.0 0.0

1735237735
0.0 0.0 0.0

1735237736
0.0 0.0 0.0

1735237737
0.0 0.0 0.0

1735237738
0.0 0.0 0.0

1735237739
0.0 0.0 0.0

1735237740
0.0 0.0 0.0

1735237741
0.0 0.0 0.0

1735237742
0.0 0.0 0.0

1735237743
0.0 0.0 0.0

1735237744
0.0 0.0 0.0

1735237745
0.0 0.0 0.0

1735237746
0.0 0.0 0.0

1735237747
0.0 0.0 0.0

1735237748
0.0 0.0 0.0

1735237749
0.0 0.0 0.0

1735237750
0.0 0.0 0.0

1735237751
0.0 0.0 0.0

1735237752
0.0 0.0 0.0

1735237753
0.0 0.0 0.0

1735237754
0.0 0.0 0.0

1735237755
0.0 0.0 0.0

1735237756
0.0 0.0 0.0

1735237757
0.0 0.0 0.0

1735237758
0.0 0.0 0.0

1735237759
0.0 0.0 0.0

1735237760
0.0 0.0 0.0

1735237761
0.0 0.0 0.0

1735237762
0.0 0.0 0.0

1735237763
0.0 0.0 0.0

1735237764
0.0 0.0 0.0

1735237765
0.0 0.0 0.0

1735237766
0.0 0.0 0.0

1735237767
0.0 0.0 0.0

1735237768
0.0 0.0 0.0

1735237769
0.0 0.0 0.0

1735237770
0.0 0.0 0.0

1735237771
0.0 0.0 0.0

1735237772
0.0 0.0 0.0

1735237773
0.0 0.0 0.0

1735237774
0.0 0.0 0.0

1735237775
0.0 0.0 0.0

1735237776
0.0 0.0 0.0

1735237777
0.0 0.0 0.0

1735237778
0.0 0.0 0.0

1735237779
0.0 0.0 0.0

1735237780
0.0 0.0 0.0

1735237781
0.0 0.0 0.0

1735237782
0.0 0.0 0.0

1735237783
0.0 0.0 0.0

1735237784
0.0 0.0 0.0

1735237785
0.0 0.0 0.0

1735237786
0.0 0.0 0.0

1735237788
0.0 0.0 0.0

1735237789
0.0 0.0 0.0

1735237790
0.0 0.0 0.0

1735237791
0.0 0.0 0.0

1735237792
0.0 0.0 0.0

1735237793
0.0 0.0 0.0

1735237794
0.0 0.0 0.0

1735237795
0.0 0.0 0.0

1735237796
0.0 0.0 0.0

1735237797
0.0 0.0 0.0

1735237798
0.0 0.0 0.0

1735237801
0.0 0.0 0.0

