1735237245
4006768 406664 287604 1696016 0 0

1735237246
4006768 266768 287604 1700176 0 0

1735237247
4006768 250528 287604 1704004 0 0

1735237248
4006768 226428 287612 1726344 0 0

1735237249
4006768 183744 287636 1775520 0 0

1735237250
4006768 131712 287640 1794356 0 0

1735237251
4006768 133768 287644 1804372 0 0

1735237252
4006768 145956 287264 1797308 0 0

1735237253
4006768 129160 287312 1806332 0 0

1735237254
4006768 132788 287476 1813508 0 0

1735237255
4006768 107564 287592 1813772 0 0

1735237256
4006768 182092 287632 1792936 0 0

1735237257
4006768 174612 287648 1768000 0 0

1735237258
4006768 158164 287648 1781392 0 0

1735237259
4006768 136220 287704 1777700 0 0

1735237260
4006768 153024 287708 1789420 0 0

1735237261
4006768 142748 287712 1762388 0 0

1735237262
4006768 108224 287976 1799960 0 0

1735237263
4006768 142012 287984 1759816 0 0

1735237264
4006768 116384 287992 1748180 0 0

1735237265
4006768 202604 286516 1651048 0 0

1735237266
4006768 141468 286540 1701212 0 0

1735237267
4006768 111308 284988 1711116 0 0

1735237268
4006768 110872 283864 1729448 0 0

1735237269
4006768 121084 281660 1718292 0 0

1735237270
4006768 158776 272492 1610340 0 0

1735237271
4006768 190088 272920 1641188 0 0

1735237272
4006768 128640 273040 1672612 0 0

1735237273
4006768 121420 270684 1684744 0 0

1735237274
4006768 108632 266892 1693000 0 0

1735237275
4006768 185412 266916 1612300 0 0

1735237276
4006768 142508 266924 1641696 0 0

1735237277
4006768 136708 266936 1671048 0 0

1735237278
4006768 114252 264928 1681584 0 0

1735237279
4006768 125400 260872 1667876 0 0

1735237281
4006768 162520 256832 1650236 0 0

1735237282
4006768 135920 254116 1677856 0 0

1735237283
4006768 160900 252428 1678112 0 0

1735237284
4006768 156032 252444 1687180 0 0

1735237285
4006768 168972 252472 1695360 0 0

1735237286
4006768 162404 252480 1699520 0 0

1735237287
4006768 124668 252492 1716316 0 0

1735237288
4006768 147904 252500 1721268 0 0

1735237289
4006768 177932 250768 1707124 0 0

1735237290
4006768 152492 250788 1710988 0 0

1735237291
4006768 164308 250832 1715008 0 0

1735237292
4006768 134160 250848 1722936 0 0

1735237293
4006768 113132 250852 1734388 0 0

1735237294
4006768 216828 247408 1626088 0 0

1735237295
4006768 233716 247452 1640548 0 0

1735237296
4006768 195080 247492 1693776 0 0

1735237297
4006768 111724 240424 1730188 0 0

1735237298
4006768 120144 228028 1707164 0 0

1735237299
4006768 110292 222360 1701160 0 0

1735237300
4006768 105652 220076 1700800 0 0

1735237301
4006768 123812 212784 1629380 0 0

1735237302
4006768 132340 208704 1589600 0 0

1735237303
4006768 112896 204868 1558668 0 0

1735237304
4006768 124848 201284 1522280 0 0

1735237305
4006768 187900 197448 1489456 0 0

1735237306
4006768 155940 195752 1476020 0 0

1735237307
4006768 122252 194092 1461356 0 0

1735237308
4006768 121652 186544 1381140 0 0

1735237309
4006768 158812 186556 1383432 0 0

1735237310
4006768 188576 183280 1359292 0 0

1735237311
4006768 160508 183440 1364888 0 0

1735237312
4006768 149556 180108 1344464 0 0

1735237313
4006768 137920 180136 1353820 0 0

1735237314
4006768 154380 172960 1290944 0 0

1735237315
4006768 184084 173128 1298780 0 0

1735237316
4006768 329084 173156 1302972 0 0

1735237317
4006768 261320 173172 1305920 0 0

1735237318
4006768 248340 173176 1314396 0 0

1735237319
4006768 231044 173200 1326728 0 0

1735237320
4006768 472024 173212 1341552 0 0

1735237321
4006768 386724 173380 1419924 0 0

1735237322
4006768 366972 173732 1430472 0 0

1735237323
4006768 475064 174032 1441516 0 0

1735237324
4006768 274068 174244 1454528 0 0

1735237325
4006768 213428 174268 1468160 0 0

1735237326
4006768 219428 172744 1462036 0 0

1735237327
4006768 118696 168916 1427536 0 0

1735237328
4006768 130860 159812 1356296 0 0

1735237329
4006768 213924 159860 1362672 0 0

1735237330
4006768 429644 159916 1365936 0 0

1735237331
4006768 501056 159984 1368492 0 0

1735237332
4006768 478428 160032 1371832 0 0

1735237333
4006768 457816 160160 1383540 0 0

1735237334
4006768 417364 160396 1397512 0 0

1735237335
4006768 423820 160400 1400948 0 0

1735237336
4006768 563248 160564 1409700 0 0

1735237337
4006768 538148 160796 1414492 0 0

1735237338
4006768 448056 160816 1417100 0 0

1735237339
4006768 376656 160944 1418600 0 0

1735237340
4006768 295568 160968 1426560 0 0

1735237341
4006768 225276 161108 1428124 0 0

1735237342
4006768 193608 161128 1440948 0 0

1735237343
4006768 190000 166020 1524076 0 0

1735237344
4006768 270656 168904 1570312 0 0

1735237345
4006768 225996 169044 1571536 0 0

1735237346
4006768 148692 169728 1629504 0 0

1735237348
4006768 135284 162176 1639200 0 0

1735237349
4006768 126260 160924 1635508 0 0

1735237350
4006768 293560 160144 1617708 0 0

1735237351
4006768 283560 160380 1623500 0 0

1735237352
4006768 268108 160412 1629392 0 0

1735237353
4006768 261780 160468 1634020 0 0

1735237354
4006768 277652 160548 1638856 0 0

1735237355
4006768 303676 160984 1647352 0 0

1735237356
4006768 237560 161380 1671644 0 0

1735237357
4006768 215652 161804 1679432 0 0

1735237358
4006768 206376 162108 1682592 0 0

1735237359
4006768 157080 162240 1692408 0 0

1735237360
4006768 165784 162304 1704328 0 0

1735237361
4006768 120944 162444 1724028 0 0

1735237362
4006768 124684 158412 1748876 0 0

1735237363
4006768 115328 156056 1722936 0 0

1735237364
4006768 169376 156096 1727368 0 0

1735237365
4006768 216964 153440 1700496 0 0

1735237366
4006768 239568 153472 1704032 0 0

1735237367
4006768 198832 153504 1709972 0 0

1735237368
4006768 187560 153520 1716908 0 0

1735237369
4006768 172196 153548 1728324 0 0

1735237370
4006768 156880 153592 1738304 0 0

1735237371
4006768 135800 154196 1753500 0 0

1735237372
4006768 115712 154236 1766516 0 0

1735237373
4006768 146780 146228 1732952 0 0

1735237374
4006768 161604 146488 1754592 0 0

1735237375
4006768 159752 146712 1758780 0 0

1735237376
4006768 173328 147036 1770148 0 0

1735237377
4006768 115632 147460 1777576 0 0

1735237378
4006768 110440 147572 1783576 0 0

1735237379
4006768 138580 145284 1752892 0 0

1735237380
4006768 147228 145504 1756528 0 0

1735237381
4006768 179320 144624 1745168 0 0

1735237382
4006768 108848 144512 1749124 0 0

1735237383
4006768 127664 142980 1725904 0 0

1735237384
4006768 214700 143236 1739716 0 0

1735237385
4006768 140784 144420 1766640 0 0

1735237386
4006768 172908 141552 1749968 0 0

1735237387
4006768 124092 141724 1757452 0 0

1735237388
4006768 115800 142136 1766284 0 0

1735237389
4006768 128964 139456 1737960 0 0

1735237390
4006768 135536 139592 1740416 0 0

1735237391
4006768 137512 139844 1744704 0 0

1735237392
4006768 119392 140196 1751848 0 0

1735237393
4006768 116668 145804 1728648 0 0

1735237394
4006768 193476 145028 1736868 0 0

1735237395
4006768 169692 145788 1755660 0 0

1735237396
4006768 157072 146048 1756952 0 0

1735237397
4006768 178388 146344 1762396 0 0

1735237398
4006768 154332 145592 1751736 0 0

1735237399
4006768 150116 145704 1759564 0 0

1735237400
4006768 135212 145928 1772220 0 0

1735237401
4006768 141720 145172 1768468 0 0

1735237402
4006768 144848 145588 1782224 0 0

1735237403
4006768 146932 144816 1776932 0 0

1735237404
4006768 166216 145216 1792356 0 0

1735237405
4006768 143840 144572 1787640 0 0

1735237406
4006768 139180 145104 1807160 0 0

1735237407
4006768 125404 145380 1820428 0 0

1735237408
4006768 123936 144364 1815428 0 0

1735237409
4006768 243060 142900 1669260 0 0

1735237410
4006768 230508 143036 1680888 0 0

1735237411
4006768 222544 143092 1686888 0 0

1735237412
4006768 229100 143152 1689468 0 0

1735237413
4006768 240216 143236 1691468 0 0

1735237414
4006768 254460 143252 1693980 0 0

1735237415
4006768 252504 143600 1698084 0 0

1735237416
4006768 241704 143736 1700680 0 0

1735237417
4006768 243136 143884 1706300 0 0

1735237418
4006768 220760 144344 1712988 0 0

1735237419
4006768 208580 144520 1720556 0 0

1735237420
4006768 206852 144676 1725544 0 0

1735237421
4006768 184344 144984 1731880 0 0

1735237422
4006768 174860 145100 1738160 0 0

1735237423
4006768 138108 145160 1742484 0 0

1735237424
4006768 123420 145164 1747608 0 0

1735237425
4006768 175052 142740 1696508 0 0

1735237426
4006768 182684 142752 1702932 0 0

1735237427
4006768 146292 142752 1708332 0 0

1735237428
4006768 172316 142752 1712480 0 0

1735237429
4006768 150764 142752 1719540 0 0

1735237430
4006768 136696 142780 1724172 0 0

1735237431
4006768 168840 142824 1730152 0 0

1735237432
4006768 161600 143180 1736284 0 0

1735237433
4006768 144880 143200 1740196 0 0

1735237434
4006768 126684 143212 1744180 0 0

1735237435
4006768 132748 141964 1735048 0 0

1735237436
4006768 143192 139516 1711112 0 0

1735237437
4006768 170988 139600 1714976 0 0

1735237438
4006768 169476 139740 1719712 0 0

1735237439
4006768 142852 139916 1724732 0 0

1735237440
4006768 179088 138692 1713840 0 0

1735237441
4006768 165940 138708 1717300 0 0

1735237442
4006768 137468 138708 1722944 0 0

1735237443
4006768 176124 138736 1727092 0 0

1735237444
4006768 161128 134088 1673884 0 0

1735237445
4006768 175024 134088 1678256 0 0

1735237446
4006768 185892 121292 1543412 0 0

1735237447
4006768 242684 121316 1545132 0 0

1735237448
4006768 344396 121676 1550468 0 0

1735237449
4006768 319168 121808 1553828 0 0

1735237450
4006768 315328 121848 1558440 0 0

1735237451
4006768 274812 121984 1563352 0 0

1735237452
4006768 254208 122144 1572648 0 0

1735237453
4006768 301948 122336 1579144 0 0

1735237454
4006768 249508 123000 1625692 0 0

1735237455
4006768 247312 123576 1632332 0 0

1735237456
4006768 248488 123764 1639536 0 0

1735237457
4006768 228624 124304 1653060 0 0

1735237458
4006768 203552 124724 1669788 0 0

1735237459
4006768 195620 124780 1673712 0 0

1735237460
4006768 170616 124964 1685616 0 0

1735237461
4006768 119292 126240 1722748 0 0

1735237462
4006768 108608 131840 1709900 0 0

1735237463
4006768 150872 130560 1606892 0 0

1735237464
4006768 134644 128548 1594620 0 0

1735237465
4006768 202044 128824 1632420 0 0

1735237466
4006768 144796 128828 1656308 0 0

1735237467
4006768 155528 128916 1692440 0 0

1735237468
4006768 154912 128920 1695308 0 0

1735237469
4006768 127824 129116 1717668 0 0

1735237470
4006768 119152 127816 1710144 0 0

1735237471
4006768 115900 127252 1721744 0 0

1735237472
4006768 113840 126632 1716028 0 0

1735237473
4006768 115288 127596 1729124 0 0

1735237474
4006768 112396 128468 1735116 0 0

1735237475
4006768 150216 127580 1693840 0 0

1735237476
4006768 117468 129808 1699272 0 0

1735237477
4006768 118784 131396 1694804 0 0

1735237478
4006768 115792 133848 1687360 0 0

1735237479
4006768 122280 132496 1655968 0 0

1735237480
4006768 133204 134156 1652292 0 0

1735237481
4006768 113796 136184 1656960 0 0

1735237482
4006768 121448 136892 1664528 0 0

1735237483
4006768 133040 137432 1636256 0 0

1735237484
4006768 130568 140364 1607544 0 0

1735237485
4006768 137292 142068 1584004 0 0

1735237486
4006768 103520 143640 1605024 0 0

1735237487
4006768 161936 144324 1572324 0 0

1735237488
4006768 163072 144820 1585748 0 0

1735237489
4006768 145472 146120 1589812 0 0

1735237490
4006768 147220 147728 1589704 0 0

1735237491
4006768 124380 149284 1618932 0 0

1735237492
4006768 141684 150400 1618956 0 0

1735237493
4006768 131744 150404 1622428 0 0

1735237494
4006768 127280 151768 1619192 0 0

1735237495
4006768 120296 153060 1603992 0 0

1735237496
4006768 117924 153912 1603096 0 0

1735237497
4006768 185384 156528 1542220 0 0

1735237498
4006768 150280 157616 1574416 0 0

1735237499
4006768 126924 159104 1606308 0 0

1735237500
4006768 137424 159900 1572092 0 0

1735237501
4006768 124752 161392 1575004 0 0

1735237502
4006768 110324 162072 1593280 0 0

1735237503
4006768 252620 162688 1450296 0 0

1735237504
4006768 200880 163056 1468472 0 0

1735237505
4006768 199372 163384 1495112 0 0

1735237506
4006768 158436 163832 1521908 0 0

1735237507
4006768 138308 164188 1547012 0 0

1735237508
4006768 152000 164784 1539036 0 0

1735237509
4006768 118828 165144 1561476 0 0

1735237510
4006768 123536 165860 1564988 0 0

1735237511
4006768 127796 166256 1557592 0 0

1735237512
4006768 145204 165996 1553012 0 0

1735237513
4006768 138648 166672 1579424 0 0

1735237514
4006768 108376 166824 1605008 0 0

1735237515
4006768 109696 165932 1599868 0 0

1735237516
4006768 129940 166268 1600352 0 0

1735237517
4006768 184816 165708 1606388 0 0

1735237518
4006768 188208 166000 1617328 0 0

1735237519
4006768 120568 166280 1643616 0 0

1735237520
4006768 115648 159840 1602492 0 0

1735237521
4006768 140864 154348 1607824 0 0

1735237522
4006768 119132 151240 1597964 0 0

1735237523
4006768 128404 151284 1605228 0 0

1735237524
4006768 125516 150256 1603028 0 0

1735237525
4006768 121340 149420 1609168 0 0

1735237526
4006768 118940 145984 1594388 0 0

1735237527
4006768 137984 146040 1613240 0 0

1735237528
4006768 118060 146156 1628232 0 0

1735237529
4006768 123268 141900 1630264 0 0

1735237530
4006768 123536 139280 1623464 0 0

1735237531
4006768 139892 138976 1598516 0 0

1735237532
4006768 117632 139452 1617544 0 0

1735237533
4006768 118384 132564 1614796 0 0

1735237534
4006768 115956 124160 1609528 0 0

1735237535
4006768 115976 124792 1624068 0 0

1735237536
4006768 250192 125104 1489532 0 0

1735237537
4006768 220640 125992 1526040 0 0

1735237538
4006768 160948 126816 1563500 0 0

1735237539
4006768 134284 127380 1591032 0 0

1735237540
4006768 112672 128092 1632064 0 0

1735237541
4006768 133912 127780 1614320 0 0

1735237542
4006768 144280 127892 1613852 0 0

1735237543
4006768 127956 128376 1627224 0 0

1735237544
4006768 129704 128376 1633592 0 0

1735237545
4006768 149744 129204 1585760 0 0

1735237546
4006768 151836 130016 1612696 0 0

1735237547
4006768 106220 130800 1645344 0 0

1735237548
4006768 118764 131472 1637972 0 0

1735237549
4006768 116008 132696 1643000 0 0

1735237550
4006768 111708 133140 1654928 0 0

1735237551
4006768 161056 131924 1587428 0 0

1735237552
4006768 159372 132796 1624056 0 0

1735237553
4006768 122516 134328 1654588 0 0

1735237554
4006768 220412 135024 1555756 0 0

1735237556
4006768 178264 137812 1598772 0 0

1735237557
4006768 142064 139320 1603000 0 0

1735237558
4006768 142388 140728 1605380 0 0

1735237559
4006768 175368 140788 1605892 0 0

1735237560
4006768 138816 140980 1606928 0 0

1735237561
4006768 106936 139924 1580756 0 0

1735237562
4006768 204604 138084 1525540 0 0

1735237563
4006768 121808 136264 1509612 0 0

1735237564
4006768 239300 135648 1471372 0 0

1735237565
4006768 168860 135832 1472772 0 0

1735237566
4006768 258556 138184 1476208 0 0

1735237567
4006768 241280 139600 1479532 0 0

1735237568
4006768 206140 139840 1482868 0 0

1735237569
4006768 162876 139872 1483440 0 0

1735237570
4006768 190548 139912 1485996 0 0

1735237571
4006768 167796 139304 1450364 0 0

1735237572
4006768 164308 138980 1433772 0 0

1735237573
4006768 281420 133308 1382644 0 0

1735237574
4006768 263136 133328 1383236 0 0

1735237575
4006768 261952 133436 1383436 0 0

1735237576
4006768 280584 133608 1385828 0 0

1735237577
4006768 222564 135272 1398512 0 0

1735237578
4006768 278660 136000 1429360 0 0

1735237579
4006768 272352 136028 1429892 0 0

1735237580
4006768 246464 136036 1434260 0 0

1735237581
4006768 279208 136052 1434904 0 0

1735237582
4006768 324996 136064 1435428 0 0

1735237583
4006768 321756 136080 1438380 0 0

1735237584
4006768 343028 136236 1439176 0 0

1735237585
4006768 331124 136316 1440464 0 0

1735237586
4006768 253132 137004 1476064 0 0

1735237587
4006768 228060 138708 1532764 0 0

1735237588
4006768 319328 138896 1533856 0 0

1735237589
4006768 172520 139292 1535288 0 0

1735237590
4006768 122880 124804 1516820 0 0

1735237591
4006768 140072 126244 1573108 0 0

1735237592
4006768 208408 126532 1586316 0 0

1735237593
4006768 150660 126708 1590656 0 0

1735237594
4006768 167416 127116 1591888 0 0

1735237595
4006768 155432 127736 1597264 0 0

1735237596
4006768 193392 127824 1598024 0 0

1735237597
4006768 167416 125868 1552380 0 0

1735237598
4006768 133624 125612 1534276 0 0

1735237599
4006768 193680 125708 1536880 0 0

1735237600
4006768 178568 125732 1538532 0 0

1735237601
4006768 196524 125836 1541344 0 0

1735237602
4006768 229376 125912 1544040 0 0

1735237603
4006768 224408 126388 1547376 0 0

1735237604
4006768 233896 126644 1559172 0 0

1735237605
4006768 123464 122316 1415700 0 0

1735237606
4006768 327584 119660 1386276 0 0

1735237607
4006768 430624 119760 1387908 0 0

1735237608
4006768 420404 121312 1390380 0 0

1735237609
4006768 393908 122660 1394192 0 0

1735237610
4006768 424832 123552 1398668 0 0

1735237611
4006768 415476 129288 1401204 0 0

1735237612
4006768 324116 133000 1414496 0 0

1735237613
4006768 278708 133664 1417672 0 0

1735237614
4006768 124400 133840 1419236 0 0

1735237615
4006768 147952 130756 1387976 0 0

1735237616
4006768 130956 130224 1354620 0 0

1735237617
4006768 154744 129044 1275136 0 0

1735237618
4006768 248288 128676 1252012 0 0

1735237619
4006768 232920 128780 1253328 0 0

1735237620
4006768 200340 129360 1256068 0 0

1735237621
4006768 173420 129616 1259636 0 0

1735237622
4006768 280524 130612 1262548 0 0

1735237623
4006768 254544 131248 1266960 0 0

1735237624
4006768 215560 131412 1269036 0 0

1735237625
4006768 161792 131528 1271716 0 0

1735237626
4006768 135792 131604 1273760 0 0

1735237627
4006768 138036 131636 1275776 0 0

1735237628
4006768 188852 123596 1176036 0 0

1735237629
4006768 281964 123776 1177356 0 0

1735237630
4006768 221132 123780 1178972 0 0

1735237631
4006768 182456 123876 1181552 0 0

1735237632
4006768 252752 123908 1183428 0 0

1735237633
4006768 309276 124472 1187560 0 0

1735237634
4006768 267812 126428 1194124 0 0

1735237635
4006768 192100 128300 1239744 0 0

1735237636
4006768 186156 132064 1286836 0 0

1735237637
4006768 131172 134112 1315124 0 0

1735237638
4006768 122368 136928 1336316 0 0

1735237639
4006768 116112 136252 1339104 0 0

1735237640
4006768 137180 136360 1332720 0 0

1735237641
4006768 150248 136932 1328160 0 0

1735237642
4006768 116088 137040 1324684 0 0

1735237643
4006768 145440 136572 1295720 0 0

1735237644
4006768 183108 139372 1295028 0 0

1735237645
4006768 171800 146192 1295580 0 0

1735237646
4006768 170168 146108 1279780 0 0

1735237647
4006768 131632 146132 1281240 0 0

1735237648
4006768 138060 145924 1266984 0 0

1735237649
4006768 145792 145980 1267924 0 0

1735237650
4006768 189416 146004 1268716 0 0

1735237651
4006768 181024 146044 1269892 0 0

1735237652
4006768 179204 146096 1271020 0 0

1735237653
4006768 186088 146236 1271364 0 0

1735237654
4006768 233060 146392 1272332 0 0

1735237655
4006768 243040 146412 1272840 0 0

1735237656
4006768 207940 146456 1273408 0 0

1735237657
4006768 234896 146540 1274604 0 0

1735237658
4006768 175960 146540 1274628 0 0

1735237659
4006768 105020 146456 1262228 0 0

1735237660
4006768 148936 144228 1074100 0 0

1735237662
4006768 113604 133396 812556 0 0

1735237663
4006768 189824 129704 709412 0 0

1735237664
4006768 182800 129524 641580 0 0

1735237665
4006768 299440 129536 643444 0 0

1735237666
4006768 206500 129540 643800 0 0

1735237667
4006768 252248 129568 645004 0 0

1735237668
4006768 294824 129656 645392 0 0

1735237669
4006768 442184 129676 645924 0 0

1735237670
4006768 457856 129680 646708 0 0

1735237671
4006768 476260 129688 647588 0 0

1735237672
4006768 497652 129692 648644 0 0

1735237673
4006768 443160 129832 648756 0 0

1735237674
4006768 321172 129848 648980 0 0

1735237675
4006768 451128 129864 649816 0 0

1735237676
4006768 426160 129872 650312 0 0

1735237677
4006768 376248 129880 651220 0 0

1735237678
4006768 518740 129888 651648 0 0

1735237679
4006768 623368 129904 651976 0 0

1735237680
4006768 554208 129908 652512 0 0

1735237681
4006768 594396 129912 652864 0 0

1735237682
4006768 408980 129916 653248 0 0

1735237683
4006768 377136 129920 653592 0 0

1735237684
4006768 419008 130068 653816 0 0

1735237685
4006768 401648 130080 654320 0 0

1735237686
4006768 370128 130096 655472 0 0

1735237687
4006768 338616 130104 655352 0 0

1735237688
4006768 482932 130108 655652 0 0

1735237689
4006768 308576 130136 655988 0 0

1735237690
4006768 640180 130148 660608 0 0

1735237691
4006768 784708 130160 661096 0 0

1735237692
4006768 668788 130168 663364 0 0

1735237693
4006768 939036 130176 665152 0 0

1735237694
4006768 892708 130192 665352 0 0

1735237695
4006768 987764 130196 666848 0 0

1735237696
4006768 886396 130224 667628 0 0

1735237697
4006768 863936 130432 670960 0 0

1735237698
4006768 881336 130472 672344 0 0

1735237699
4006768 965832 130632 673308 0 0

1735237700
4006768 973748 130640 673504 0 0

1735237701
4006768 830180 130668 673668 0 0

1735237702
4006768 805520 131088 677200 0 0

1735237703
4006768 786440 131248 678048 0 0

1735237704
4006768 762508 131324 679656 0 0

1735237705
4006768 673588 131460 679788 0 0

1735237706
4006768 888456 131688 680680 0 0

1735237707
4006768 819852 132052 681880 0 0

1735237708
4006768 1006272 132324 684280 0 0

1735237709
4006768 1008320 132368 685184 0 0

1735237710
4006768 887200 132392 685848 0 0

1735237711
4006768 808228 132512 686500 0 0

1735237712
4006768 883444 132796 688780 0 0

1735237713
4006768 744760 132796 690940 0 0

1735237714
4006768 870824 132808 692468 0 0

1735237715
4006768 748896 132812 694488 0 0

1735237716
4006768 833504 132820 697696 0 0

1735237717
4006768 943904 133032 702572 0 0

1735237718
4006768 883344 133048 703768 0 0

1735237719
4006768 864300 133168 705888 0 0

1735237720
4006768 925504 133176 706856 0 0

1735237721
4006768 871340 133184 708572 0 0

1735237722
4006768 1031768 133192 709228 0 0

1735237723
4006768 1116936 133224 713828 0 0

1735237724
4006768 1102128 133324 716796 0 0

1735237725
4006768 1147616 133532 723056 0 0

1735237726
4006768 1122548 133676 729672 0 0

1735237727
4006768 1110732 133904 731456 0 0

1735237731
4006768 1029496 137804 748100 0 0

1735237732
4006768 972808 137836 749556 0 0

1735237733
4006768 908456 138048 752468 0 0

1735237734
4006768 876828 138088 754564 0 0

1735237735
4006768 806608 138112 755020 0 0

1735237736
4006768 816088 138132 755948 0 0

1735237737
4006768 785828 138160 756616 0 0

1735237738
4006768 979380 138184 760148 0 0

1735237739
4006768 904296 138220 760976 0 0

1735237740
4006768 856540 138248 762156 0 0

1735237741
4006768 988056 138280 764644 0 0

1735237742
4006768 897348 138316 766696 0 0

1735237743
4006768 849412 138348 767320 0 0

1735237744
4006768 903160 138396 770576 0 0

1735237745
4006768 948568 138416 771648 0 0

1735237746
4006768 979236 138480 774188 0 0

1735237747
4006768 868668 138520 776316 0 0

1735237748
4006768 961056 138544 777668 0 0

1735237749
4006768 1034584 138732 781320 0 0

1735237750
4006768 972880 138876 784024 0 0

1735237751
4006768 1001504 138900 786628 0 0

1735237752
4006768 937848 138912 788032 0 0

1735237753
4006768 924336 138964 789100 0 0

1735237754
4006768 992456 139388 798464 0 0

1735237755
4006768 968972 139496 804264 0 0

1735237756
4006768 812816 139552 805312 0 0

1735237757
4006768 972944 139580 807396 0 0

1735237758
4006768 915852 139608 809172 0 0

1735237759
4006768 764484 139804 810320 0 0

1735237760
4006768 675180 139948 811312 0 0

1735237761
4006768 685284 139976 812392 0 0

1735237762
4006768 761396 140008 814928 0 0

1735237763
4006768 742024 140456 816420 0 0

1735237764
4006768 797400 140764 818288 0 0

1735237765
4006768 990808 141780 826588 0 0

1735237766
4006768 981492 142660 830824 0 0

1735237767
4006768 902964 146200 834484 0 0

1735237768
4006768 845584 146684 836224 0 0

1735237769
4006768 879644 148748 885380 0 0

1735237770
4006768 787180 151760 923604 0 0

1735237771
4006768 607244 152172 929348 0 0

1735237772
4006768 740236 152648 933596 0 0

1735237773
4006768 721152 153232 938208 0 0

1735237774
4006768 683804 153412 942120 0 0

1735237775
4006768 644340 154412 955328 0 0

1735237776
4006768 638904 155408 964236 0 0

1735237777
4006768 616928 155668 984236 0 0

1735237778
4006768 598284 155816 987444 0 0

1735237779
4006768 535488 155872 988932 0 0

1735237780
4006768 457060 155916 992536 0 0

1735237781
4006768 560788 155976 993200 0 0

1735237782
4006768 611060 156036 1006140 0 0

1735237783
4006768 514016 156208 1020312 0 0

1735237784
4006768 317144 156248 1022408 0 0

1735237785
4006768 119992 151120 888348 0 0

1735237786
4006768 117188 121784 611332 0 0

1735237788
4006768 674064 105096 449676 0 0

1735237789
4006768 802024 105120 463584 0 0

1735237790
4006768 628816 105120 466148 0 0

1735237791
4006768 488508 105124 466816 0 0

1735237792
4006768 457784 105124 469168 0 0

1735237793
4006768 294692 105236 469516 0 0

1735237794
4006768 187720 105232 422292 0 0

1735237795
4006768 313196 105268 390056 0 0

1735237796
4006768 138016 105268 389488 0 0

1735237797
4006768 107368 105276 354292 0 0

1735237798
4006768 106852 85404 231948 0 0

1735237801
4006768 118416 1708 94588 0 0

1735237805
4006768 88088 1888 80024 0 0

