1735237245
eth0: 122234132 2757286 0 0
lo: 0 0 0 0

1735237246
eth0: 122234863 2759045 731 1759
lo: 0 0 0 0

1735237247
eth0: 125585820 2845939 3350957 86894
lo: 0 0 0 0

1735237248
eth0: 137393990 3106184 11808170 260245
lo: 0 0 0 0

1735237249
eth0: 148127118 3317331 10733128 211147
lo: 0 0 0 0

1735237250
eth0: 154249817 3454453 6122699 137122
lo: 0 0 0 0

1735237251
eth0: 162026866 3631433 7777049 176980
lo: 0 0 0 0

1735237252
eth0: 168942685 3780520 6915819 149087
lo: 0 0 0 0

1735237253
eth0: 175333807 3926466 6391122 145946
lo: 0 0 0 0

1735237254
eth0: 179484430 4011688 4150623 85222
lo: 0 0 0 0

1735237255
eth0: 183844485 4089070 4360055 77382
lo: 0 0 0 0

1735237256
eth0: 193786824 4286230 9942339 197160
lo: 0 0 0 0

1735237257
eth0: 205727254 4508188 11940430 221958
lo: 0 0 0 0

1735237258
eth0: 217748944 4750588 12021690 242400
lo: 0 0 0 0

1735237259
eth0: 230839792 5018878 13090848 268290
lo: 0 0 0 0

1735237260
eth0: 241267490 5241298 10427698 222420
lo: 0 0 0 0

1735237261
eth0: 253084876 5490850 11817386 249552
lo: 0 0 0 0

1735237262
eth0: 254465423 5517783 1380547 26933
lo: 0 0 0 0

1735237263
eth0: 255243173 5538984 777750 21201
lo: 0 0 0 0

1735237264
eth0: 256941809 5578985 1698636 40001
lo: 0 0 0 0

1735237265
eth0: 259771534 5640881 2829725 61896
lo: 0 0 0 0

1735237266
eth0: 271835649 5896949 12064115 256068
lo: 0 0 0 0

1735237267
eth0: 283910327 6154866 12074678 257917
lo: 0 0 0 0

1735237268
eth0: 295976941 6414243 12066614 259377
lo: 0 0 0 0

1735237269
eth0: 308055637 6747593 12078696 333350
lo: 0 0 0 0

1735237270
eth0: 320064219 7004327 12008582 256734
lo: 0 0 0 0

1735237271
eth0: 332217999 7258439 12153780 254112
lo: 0 0 0 0

1735237272
eth0: 344310609 7514069 12092610 255630
lo: 0 0 0 0

1735237273
eth0: 356402448 7771142 12091839 257073
lo: 0 0 0 0

1735237274
eth0: 368496983 8032190 12094535 261048
lo: 0 0 0 0

1735237275
eth0: 380421297 8279368 11924314 247178
lo: 0 0 0 0

1735237276
eth0: 392163491 8519936 11742194 240568
lo: 0 0 0 0

1735237277
eth0: 403887109 8755598 11723618 235662
lo: 0 0 0 0

1735237278
eth0: 415928337 9007892 12041228 252294
lo: 0 0 0 0

1735237279
eth0: 425823957 9203912 9895620 196020
lo: 0 0 0 0

1735237281
eth0: 442426657 9563030 16602700 359118
lo: 0 0 0 0

1735237282
eth0: 459598329 9939046 17171672 376016
lo: 0 0 0 0

1735237283
eth0: 473358789 10228574 13760460 289528
lo: 0 0 0 0

1735237284
eth0: 479538963 10366646 6180174 138072
lo: 0 0 0 0

1735237285
eth0: 485065733 10489142 5526770 122496
lo: 0 0 0 0

1735237286
eth0: 489439337 10587218 4373604 98076
lo: 0 0 0 0

1735237287
eth0: 494202353 10692290 4763016 105072
lo: 0 0 0 0

1735237288
eth0: 498720389 10793468 4518036 101178
lo: 0 0 0 0

1735237289
eth0: 501931687 10865276 3211298 71808
lo: 0 0 0 0

1735237290
eth0: 505577737 10944014 3646050 78738
lo: 0 0 0 0

1735237291
eth0: 509066416 11027867 3488679 83853
lo: 0 0 0 0

1735237292
eth0: 517277831 11204583 8211415 176716
lo: 0 0 0 0

1735237293
eth0: 529130309 11429577 11852478 224994
lo: 0 0 0 0

1735237294
eth0: 541217093 11657079 12086784 227502
lo: 0 0 0 0

1735237295
eth0: 552758489 11887261 11541396 230182
lo: 0 0 0 0

1735237296
eth0: 556673543 11964177 3915054 76916
lo: 0 0 0 0

1735237297
eth0: 558398909 12005202 1725366 41025
lo: 0 0 0 0

1735237298
eth0: 566549038 12182799 8150129 177597
lo: 0 0 0 0

1735237299
eth0: 573438791 12333081 6889753 150282
lo: 0 0 0 0

1735237300
eth0: 576166255 12394659 2727464 61578
lo: 0 0 0 0

1735237301
eth0: 579491745 12465609 3325490 70950
lo: 0 0 0 0

1735237302
eth0: 583298786 12543651 3807041 78042
lo: 0 0 0 0

1735237303
eth0: 589096598 12673321 5797812 129670
lo: 0 0 0 0

1735237304
eth0: 594984200 12796387 5887602 123066
lo: 0 0 0 0

1735237305
eth0: 600102216 12895519 5118016 99132
lo: 0 0 0 0

1735237306
eth0: 604874693 13001977 4772477 106458
lo: 0 0 0 0

1735237307
eth0: 606590961 13040521 1716268 38544
lo: 0 0 0 0

1735237308
eth0: 608514279 13083619 1923318 43098
lo: 0 0 0 0

1735237309
eth0: 610821657 13136067 2307378 52448
lo: 0 0 0 0

1735237310
eth0: 614152641 13212880 3330984 76813
lo: 0 0 0 0

1735237311
eth0: 618399792 13300726 4247151 87846
lo: 0 0 0 0

1735237312
eth0: 625193883 13450658 6794091 149932
lo: 0 0 0 0

1735237313
eth0: 633749919 13629182 8556036 178524
lo: 0 0 0 0

1735237314
eth0: 635619944 13668615 1870025 39433
lo: 0 0 0 0

1735237315
eth0: 636006408 13677723 386464 9108
lo: 0 0 0 0

1735237316
eth0: 636550530 13690997 544122 13274
lo: 0 0 0 0

1735237317
eth0: 637075769 13708615 525239 17618
lo: 0 0 0 0

1735237318
eth0: 645408701 13895635 8332932 187020
lo: 0 0 0 0

1735237319
eth0: 656066293 14124385 10657592 228750
lo: 0 0 0 0

1735237320
eth0: 656670094 14141774 603801 17389
lo: 0 0 0 0

1735237321
eth0: 657507449 14161136 837355 19362
lo: 0 0 0 0

1735237322
eth0: 657940088 14172505 432639 11369
lo: 0 0 0 0

1735237323
eth0: 658891486 14197649 951398 25144
lo: 0 0 0 0

1735237324
eth0: 659874875 14280846 983389 83197
lo: 0 0 0 0

1735237325
eth0: 667995652 14448742 8120777 167896
lo: 0 0 0 0

1735237326
eth0: 675206047 14579522 7210395 130780
lo: 0 0 0 0

1735237327
eth0: 679899217 14688100 4693170 108578
lo: 0 0 0 0

1735237328
eth0: 685543690 14817590 5644473 129490
lo: 0 0 0 0

1735237329
eth0: 688640458 14887946 3096768 70356
lo: 0 0 0 0

1735237330
eth0: 690063543 14920418 1423085 32472
lo: 0 0 0 0

1735237331
eth0: 691362219 14953251 1298676 32833
lo: 0 0 0 0

1735237332
eth0: 693725656 15008630 2363437 55379
lo: 0 0 0 0

1735237333
eth0: 705645084 15255072 11919428 246442
lo: 0 0 0 0

1735237334
eth0: 716949474 15484224 11304390 229152
lo: 0 0 0 0

1735237335
eth0: 717981604 15507126 1032130 22902
lo: 0 0 0 0

1735237336
eth0: 718995766 15529974 1014162 22848
lo: 0 0 0 0

1735237337
eth0: 719828326 15548388 832560 18414
lo: 0 0 0 0

1735237338
eth0: 720383064 15561522 554738 13134
lo: 0 0 0 0

1735237339
eth0: 721354456 15583434 971392 21912
lo: 0 0 0 0

1735237340
eth0: 722360324 15608700 1005868 25266
lo: 0 0 0 0

1735237341
eth0: 723430315 15635706 1069991 27006
lo: 0 0 0 0

1735237342
eth0: 723981065 15648708 550750 13002
lo: 0 0 0 0

1735237343
eth0: 724461645 15659400 480580 10692
lo: 0 0 0 0

1735237344
eth0: 725155805 15676056 694160 16656
lo: 0 0 0 0

1735237345
eth0: 725728468 15691287 572663 15231
lo: 0 0 0 0

1735237346
eth0: 726931553 15721602 1203085 30315
lo: 0 0 0 0

1735237348
eth0: 727329853 15731436 398300 9834
lo: 0 0 0 0

1735237349
eth0: 727554409 15736518 224556 5082
lo: 0 0 0 0

1735237350
eth0: 727987989 15747769 433580 11251
lo: 0 0 0 0

1735237351
eth0: 728361778 15757843 373789 10074
lo: 0 0 0 0

1735237352
eth0: 729288653 15782107 926875 24264
lo: 0 0 0 0

1735237353
eth0: 734879491 15907509 5590838 125402
lo: 0 0 0 0

1735237354
eth0: 738979070 15997335 4099579 89826
lo: 0 0 0 0

1735237355
eth0: 739311128 16006311 332058 8976
lo: 0 0 0 0

1735237356
eth0: 739629106 16021069 317978 14758
lo: 0 0 0 0

1735237357
eth0: 744286709 16185870 4657603 164801
lo: 0 0 0 0

1735237358
eth0: 747081653 16246700 2794944 60830
lo: 0 0 0 0

1735237359
eth0: 754532435 16415079 7450782 168379
lo: 0 0 0 0

1735237360
eth0: 765288891 16643895 10756456 228816
lo: 0 0 0 0

1735237361
eth0: 770770207 16768636 5481316 124741
lo: 0 0 0 0

1735237362
eth0: 777545659 16920322 6775452 151686
lo: 0 0 0 0

1735237363
eth0: 783735089 17057744 6189430 137422
lo: 0 0 0 0

1735237364
eth0: 787344415 17142172 3609326 84428
lo: 0 0 0 0

1735237365
eth0: 792402523 17251162 5058108 108990
lo: 0 0 0 0

1735237366
eth0: 794262170 17296093 1859647 44931
lo: 0 0 0 0

1735237367
eth0: 798450225 17405406 4188055 109313
lo: 0 0 0 0

1735237368
eth0: 804771671 17549008 6321446 143602
lo: 0 0 0 0

1735237369
eth0: 810364117 17674012 5592446 125004
lo: 0 0 0 0

1735237370
eth0: 815500167 17790832 5136050 116820
lo: 0 0 0 0

1735237371
eth0: 818657806 17862244 3157639 71412
lo: 0 0 0 0

1735237372
eth0: 821542416 17927188 2884610 64944
lo: 0 0 0 0

1735237373
eth0: 824864872 17999062 3322456 71874
lo: 0 0 0 0

1735237374
eth0: 828130218 18072610 3265346 73548
lo: 0 0 0 0

1735237375
eth0: 831258932 18139930 3128714 67320
lo: 0 0 0 0

1735237376
eth0: 834802734 18217414 3543802 77484
lo: 0 0 0 0

1735237377
eth0: 838442568 18297736 3639834 80322
lo: 0 0 0 0

1735237378
eth0: 841845590 18374494 3403022 76758
lo: 0 0 0 0

1735237379
eth0: 844482693 18436280 2637103 61786
lo: 0 0 0 0

1735237380
eth0: 847296509 18499502 2813816 63222
lo: 0 0 0 0

1735237381
eth0: 850302307 18565568 3005798 66066
lo: 0 0 0 0

1735237382
eth0: 855374992 18679641 5072685 114073
lo: 0 0 0 0

1735237383
eth0: 859790027 18774789 4415035 95148
lo: 0 0 0 0

1735237384
eth0: 864688702 18882437 4898675 107648
lo: 0 0 0 0

1735237385
eth0: 869485126 18987599 4796424 105162
lo: 0 0 0 0

1735237386
eth0: 874389480 19095239 4904354 107640
lo: 0 0 0 0

1735237387
eth0: 879512973 19211799 5123493 116560
lo: 0 0 0 0

1735237388
eth0: 885997808 19360325 6484835 148526
lo: 0 0 0 0

1735237389
eth0: 889796355 19438505 3798547 78180
lo: 0 0 0 0

1735237390
eth0: 890354928 19452761 558573 14256
lo: 0 0 0 0

1735237391
eth0: 890426676 19454939 71748 2178
lo: 0 0 0 0

1735237392
eth0: 890483155 19457929 56479 2990
lo: 0 0 0 0

1735237393
eth0: 891400718 19480893 917563 22964
lo: 0 0 0 0

1735237394
eth0: 892641931 19509825 1241213 28932
lo: 0 0 0 0

1735237395
eth0: 892707689 19511475 65758 1650
lo: 0 0 0 0

1735237396
eth0: 892793983 19513785 86294 2310
lo: 0 0 0 0

1735237397
eth0: 892835913 19515171 41930 1386
lo: 0 0 0 0

1735237398
eth0: 898409498 19627417 5573585 112246
lo: 0 0 0 0

1735237399
eth0: 905627321 19777857 7217823 150440
lo: 0 0 0 0

1735237400
eth0: 917692616 20000993 12065295 223136
lo: 0 0 0 0

1735237401
eth0: 929762589 20236895 12069973 235902
lo: 0 0 0 0

1735237402
eth0: 941836083 20483405 12073494 246510
lo: 0 0 0 0

1735237403
eth0: 953900848 20741729 12064765 258324
lo: 0 0 0 0

1735237404
eth0: 965839141 20992983 11938293 251254
lo: 0 0 0 0

1735237405
eth0: 977929177 21255216 12090036 262233
lo: 0 0 0 0

1735237406
eth0: 990010109 21513948 12080932 258732
lo: 0 0 0 0

1735237407
eth0: 1002078606 21772080 12068497 258132
lo: 0 0 0 0

1735237408
eth0: 1013999981 22009816 11921375 237736
lo: 0 0 0 0

1735237409
eth0: 1024458129 22211048 10458148 201232
lo: 0 0 0 0

1735237410
eth0: 1033486586 22409699 9028457 198651
lo: 0 0 0 0

1735237411
eth0: 1038197075 22530328 4710489 120629
lo: 0 0 0 0

1735237412
eth0: 1040109596 22573843 1912521 43515
lo: 0 0 0 0

1735237413
eth0: 1042021979 22620953 1912383 47110
lo: 0 0 0 0

1735237414
eth0: 1044513237 22681232 2491258 60279
lo: 0 0 0 0

1735237415
eth0: 1046295397 22724687 1782160 43455
lo: 0 0 0 0

1735237416
eth0: 1048689978 22782050 2394581 57363
lo: 0 0 0 0

1735237417
eth0: 1051157172 22842095 2467194 60045
lo: 0 0 0 0

1735237418
eth0: 1052962674 22889320 1805502 47225
lo: 0 0 0 0

1735237419
eth0: 1058017147 23010185 5054473 120865
lo: 0 0 0 0

1735237420
eth0: 1062083114 23108779 4065967 98594
lo: 0 0 0 0

1735237421
eth0: 1067354256 23233144 5271142 124365
lo: 0 0 0 0

1735237422
eth0: 1071868902 23338546 4514646 105402
lo: 0 0 0 0

1735237423
eth0: 1075855306 23431738 3986404 93192
lo: 0 0 0 0

1735237424
eth0: 1079828093 23527768 3972787 96030
lo: 0 0 0 0

1735237425
eth0: 1083901597 23627230 4073504 99462
lo: 0 0 0 0

1735237426
eth0: 1088433671 23737186 4532074 109956
lo: 0 0 0 0

1735237427
eth0: 1093584020 23858890 5150349 121704
lo: 0 0 0 0

1735237428
eth0: 1098517336 23969836 4933316 110946
lo: 0 0 0 0

1735237429
eth0: 1102842374 24071806 4325038 101970
lo: 0 0 0 0

1735237430
eth0: 1107006150 24170146 4163776 98340
lo: 0 0 0 0

1735237431
eth0: 1111651270 24278740 4645120 108594
lo: 0 0 0 0

1735237432
eth0: 1115722862 24374572 4071592 95832
lo: 0 0 0 0

1735237433
eth0: 1119951612 24473308 4228750 98736
lo: 0 0 0 0

1735237434
eth0: 1124206270 24573034 4254658 99726
lo: 0 0 0 0

1735237435
eth0: 1128292482 24668536 4086212 95502
lo: 0 0 0 0

1735237436
eth0: 1131874796 24752158 3582314 83622
lo: 0 0 0 0

1735237437
eth0: 1135035122 24827176 3160326 75018
lo: 0 0 0 0

1735237438
eth0: 1138380602 24907102 3345480 79926
lo: 0 0 0 0

1735237439
eth0: 1141547134 24983068 3166532 75966
lo: 0 0 0 0

1735237440
eth0: 1144473492 25052500 2926358 69432
lo: 0 0 0 0

1735237441
eth0: 1147244878 25117906 2771386 65406
lo: 0 0 0 0

1735237442
eth0: 1150387518 25192948 3142640 75042
lo: 0 0 0 0

1735237443
eth0: 1153381876 25265812 2994358 72864
lo: 0 0 0 0

1735237444
eth0: 1156493292 25336432 3111416 70620
lo: 0 0 0 0

1735237445
eth0: 1158993506 25395304 2500214 58872
lo: 0 0 0 0

1735237446
eth0: 1160988281 25430770 1994775 35466
lo: 0 0 0 0

1735237447
eth0: 1162714863 25468456 1726582 37686
lo: 0 0 0 0

1735237448
eth0: 1164504920 25509574 1790057 41118
lo: 0 0 0 0

1735237449
eth0: 1166869840 25562968 2364920 53394
lo: 0 0 0 0

1735237450
eth0: 1169193008 25617022 2323168 54054
lo: 0 0 0 0

1735237451
eth0: 1171436088 25668502 2243080 51480
lo: 0 0 0 0

1735237452
eth0: 1173486820 25715164 2050732 46662
lo: 0 0 0 0

1735237453
eth0: 1176088274 25774960 2601454 59796
lo: 0 0 0 0

1735237454
eth0: 1179302632 25848286 3214358 73326
lo: 0 0 0 0

1735237455
eth0: 1182311374 25917388 3008742 69102
lo: 0 0 0 0

1735237456
eth0: 1185523364 25990120 3211990 72732
lo: 0 0 0 0

1735237457
eth0: 1188745198 26063842 3221834 73722
lo: 0 0 0 0

1735237458
eth0: 1191600250 26129710 2855052 65868
lo: 0 0 0 0

1735237459
eth0: 1194278252 26191618 2678002 61908
lo: 0 0 0 0

1735237460
eth0: 1197449546 26264878 3171294 73260
lo: 0 0 0 0

1735237461
eth0: 1201027534 26346784 3577988 81906
lo: 0 0 0 0

1735237462
eth0: 1204586640 26427964 3559106 81180
lo: 0 0 0 0

1735237463
eth0: 1207666208 26490928 3079568 62964
lo: 0 0 0 0

1735237464
eth0: 1209988790 26542672 2322582 51744
lo: 0 0 0 0

1735237465
eth0: 1212576358 26601652 2587568 58980
lo: 0 0 0 0

1735237466
eth0: 1215072356 26654896 2495998 53244
lo: 0 0 0 0

1735237467
eth0: 1217279614 26704660 2207258 49764
lo: 0 0 0 0

1735237468
eth0: 1220295320 26773894 3015706 69234
lo: 0 0 0 0

1735237469
eth0: 1223717902 26850388 3422582 76494
lo: 0 0 0 0

1735237470
eth0: 1227223074 26927080 3505172 76692
lo: 0 0 0 0

1735237471
eth0: 1229505480 26980408 2282406 53328
lo: 0 0 0 0

1735237472
eth0: 1231579712 27027862 2074232 47454
lo: 0 0 0 0

1735237473
eth0: 1233823370 27080134 2243658 52272
lo: 0 0 0 0

1735237474
eth0: 1234960607 27106798 1137237 26664
lo: 0 0 0 0

1735237475
eth0: 1234960607 27106798 0 0
lo: 0 0 0 0

1735237476
eth0: 1234960607 27106798 0 0
lo: 0 0 0 0

1735237477
eth0: 1234960607 27106798 0 0
lo: 0 0 0 0

1735237478
eth0: 1234960607 27106798 0 0
lo: 0 0 0 0

1735237479
eth0: 1234960607 27106798 0 0
lo: 0 0 0 0

1735237480
eth0: 1235932469 27127501 971862 20703
lo: 0 0 0 0

1735237481
eth0: 1247850649 27379369 11918180 251868
lo: 0 0 0 0

1735237482
eth0: 1263311832 27712147 15461183 332778
lo: 0 0 0 0

1735237483
eth0: 1263311832 27712147 0 0
lo: 0 0 0 0

1735237484
eth0: 1266553081 27780829 3241249 68682
lo: 0 0 0 0

1735237485
eth0: 1277381225 28010631 10828144 229802
lo: 0 0 0 0

1735237486
eth0: 1286338863 28207047 8957638 196416
lo: 0 0 0 0

1735237487
eth0: 1291176468 28300173 4837605 93126
lo: 0 0 0 0

1735237488
eth0: 1300206211 28497183 9029743 197010
lo: 0 0 0 0

1735237489
eth0: 1306502709 28632549 6296498 135366
lo: 0 0 0 0

1735237490
eth0: 1311755577 28750293 5252868 117744
lo: 0 0 0 0

1735237491
eth0: 1316950533 28868031 5194956 117738
lo: 0 0 0 0

1735237492
eth0: 1322504473 28983135 5553940 115104
lo: 0 0 0 0

1735237493
eth0: 1325704757 29050191 3200284 67056
lo: 0 0 0 0

1735237494
eth0: 1326755705 29075361 1050948 25170
lo: 0 0 0 0

1735237495
eth0: 1326755705 29075361 0 0
lo: 0 0 0 0

1735237496
eth0: 1326755705 29075361 0 0
lo: 0 0 0 0

1735237497
eth0: 1328691248 29107743 1935543 32382
lo: 0 0 0 0

1735237498
eth0: 1335572817 29255197 6881569 147454
lo: 0 0 0 0

1735237499
eth0: 1335572817 29255197 0 0
lo: 0 0 0 0

1735237500
eth0: 1335572817 29255197 0 0
lo: 0 0 0 0

1735237501
eth0: 1335572817 29255197 0 0
lo: 0 0 0 0

1735237502
eth0: 1335572817 29255197 0 0
lo: 0 0 0 0

1735237503
eth0: 1335572817 29255197 0 0
lo: 0 0 0 0

1735237504
eth0: 1335572817 29255197 0 0
lo: 0 0 0 0

1735237505
eth0: 1335572817 29255197 0 0
lo: 0 0 0 0

1735237506
eth0: 1335572817 29255197 0 0
lo: 0 0 0 0

1735237507
eth0: 1335572817 29255197 0 0
lo: 0 0 0 0

1735237508
eth0: 1335572817 29255197 0 0
lo: 0 0 0 0

1735237509
eth0: 1335572817 29255197 0 0
lo: 0 0 0 0

1735237510
eth0: 1335572817 29255197 0 0
lo: 0 0 0 0

1735237511
eth0: 1335572817 29255197 0 0
lo: 0 0 0 0

1735237512
eth0: 1335572817 29255197 0 0
lo: 0 0 0 0

1735237513
eth0: 1335572817 29255197 0 0
lo: 0 0 0 0

1735237514
eth0: 1335572817 29255197 0 0
lo: 0 0 0 0

1735237515
eth0: 1335572817 29255197 0 0
lo: 0 0 0 0

1735237516
eth0: 1335572817 29255197 0 0
lo: 0 0 0 0

1735237517
eth0: 1335572817 29255197 0 0
lo: 0 0 0 0

1735237518
eth0: 1335572817 29255197 0 0
lo: 0 0 0 0

1735237519
eth0: 1335572817 29255197 0 0
lo: 0 0 0 0

1735237520
eth0: 1335572817 29255197 0 0
lo: 0 0 0 0

1735237521
eth0: 1335572817 29255197 0 0
lo: 0 0 0 0

1735237522
eth0: 1335572817 29255197 0 0
lo: 0 0 0 0

1735237523
eth0: 1335572817 29255197 0 0
lo: 0 0 0 0

1735237524
eth0: 1335572817 29255197 0 0
lo: 0 0 0 0

1735237525
eth0: 1335572817 29255197 0 0
lo: 0 0 0 0

1735237526
eth0: 1335572817 29255197 0 0
lo: 0 0 0 0

1735237527
eth0: 1335572817 29255197 0 0
lo: 0 0 0 0

1735237528
eth0: 1335572817 29255197 0 0
lo: 0 0 0 0

1735237529
eth0: 1335572817 29255197 0 0
lo: 0 0 0 0

1735237530
eth0: 1335572817 29255197 0 0
lo: 0 0 0 0

1735237531
eth0: 1335572817 29255197 0 0
lo: 0 0 0 0

1735237532
eth0: 1335572817 29255197 0 0
lo: 0 0 0 0

1735237533
eth0: 1335572817 29255197 0 0
lo: 0 0 0 0

1735237534
eth0: 1335572817 29255197 0 0
lo: 0 0 0 0

1735237535
eth0: 1335572817 29255197 0 0
lo: 0 0 0 0

1735237536
eth0: 1335572817 29255197 0 0
lo: 0 0 0 0

1735237537
eth0: 1335572817 29255197 0 0
lo: 0 0 0 0

1735237538
eth0: 1335572817 29255197 0 0
lo: 0 0 0 0

1735237539
eth0: 1335572817 29255197 0 0
lo: 0 0 0 0

1735237540
eth0: 1335572817 29255197 0 0
lo: 0 0 0 0

1735237541
eth0: 1335572817 29255197 0 0
lo: 0 0 0 0

1735237542
eth0: 1335572817 29255197 0 0
lo: 0 0 0 0

1735237543
eth0: 1335572817 29255197 0 0
lo: 0 0 0 0

1735237544
eth0: 1335572817 29255197 0 0
lo: 0 0 0 0

1735237545
eth0: 1335572817 29255197 0 0
lo: 0 0 0 0

1735237546
eth0: 1335572817 29255197 0 0
lo: 0 0 0 0

1735237547
eth0: 1335572817 29255197 0 0
lo: 0 0 0 0

1735237548
eth0: 1335572817 29255197 0 0
lo: 0 0 0 0

1735237549
eth0: 1335572817 29255197 0 0
lo: 0 0 0 0

1735237550
eth0: 1335572817 29255197 0 0
lo: 0 0 0 0

1735237551
eth0: 1335572817 29255197 0 0
lo: 0 0 0 0

1735237552
eth0: 1335572817 29255197 0 0
lo: 0 0 0 0

1735237553
eth0: 1335572817 29255197 0 0
lo: 0 0 0 0

1735237554
eth0: 1335572817 29255197 0 0
lo: 0 0 0 0

1735237556
eth0: 1335572817 29255197 0 0
lo: 0 0 0 0

1735237557
eth0: 1335572817 29255197 0 0
lo: 0 0 0 0

1735237558
eth0: 1335572817 29255197 0 0
lo: 0 0 0 0

1735237559
eth0: 1335572817 29255197 0 0
lo: 0 0 0 0

1735237560
eth0: 1335572817 29255197 0 0
lo: 0 0 0 0

1735237561
eth0: 1335572817 29255197 0 0
lo: 0 0 0 0

1735237562
eth0: 1335572817 29255197 0 0
lo: 0 0 0 0

1735237563
eth0: 1335572817 29255197 0 0
lo: 0 0 0 0

1735237564
eth0: 1335572817 29255197 0 0
lo: 0 0 0 0

1735237565
eth0: 1335572817 29255197 0 0
lo: 0 0 0 0

1735237566
eth0: 1335572817 29255197 0 0
lo: 0 0 0 0

1735237567
eth0: 1335572817 29255197 0 0
lo: 0 0 0 0

1735237568
eth0: 1335572817 29255197 0 0
lo: 0 0 0 0

1735237569
eth0: 1335572817 29255197 0 0
lo: 0 0 0 0

1735237570
eth0: 1335572817 29255197 0 0
lo: 0 0 0 0

1735237571
eth0: 1335572817 29255197 0 0
lo: 0 0 0 0

1735237572
eth0: 1335572817 29255197 0 0
lo: 0 0 0 0

1735237573
eth0: 1335572817 29255197 0 0
lo: 0 0 0 0

1735237574
eth0: 1335572817 29255197 0 0
lo: 0 0 0 0

1735237575
eth0: 1335572817 29255197 0 0
lo: 0 0 0 0

1735237576
eth0: 1335572817 29255197 0 0
lo: 0 0 0 0

1735237577
eth0: 1335572817 29255197 0 0
lo: 0 0 0 0

1735237578
eth0: 1335572817 29255197 0 0
lo: 0 0 0 0

1735237579
eth0: 1335572817 29255197 0 0
lo: 0 0 0 0

1735237580
eth0: 1335572817 29255197 0 0
lo: 0 0 0 0

1735237581
eth0: 1335572817 29255197 0 0
lo: 0 0 0 0

1735237582
eth0: 1335572817 29255197 0 0
lo: 0 0 0 0

1735237583
eth0: 1335572817 29255197 0 0
lo: 0 0 0 0

1735237584
eth0: 1335572817 29255197 0 0
lo: 0 0 0 0

1735237585
eth0: 1335572817 29255197 0 0
lo: 0 0 0 0

1735237586
eth0: 1335572817 29255197 0 0
lo: 0 0 0 0

1735237587
eth0: 1335572817 29255197 0 0
lo: 0 0 0 0

1735237588
eth0: 1335572817 29255197 0 0
lo: 0 0 0 0

1735237589
eth0: 1335572817 29255197 0 0
lo: 0 0 0 0

1735237590
eth0: 1335572817 29255197 0 0
lo: 0 0 0 0

1735237591
eth0: 1335572817 29255197 0 0
lo: 0 0 0 0

1735237592
eth0: 1335572817 29255197 0 0
lo: 0 0 0 0

1735237593
eth0: 1335572817 29255197 0 0
lo: 0 0 0 0

1735237594
eth0: 1335572817 29255197 0 0
lo: 0 0 0 0

1735237595
eth0: 1335572817 29255197 0 0
lo: 0 0 0 0

1735237596
eth0: 1335572817 29255197 0 0
lo: 0 0 0 0

1735237597
eth0: 1335572817 29255197 0 0
lo: 0 0 0 0

1735237598
eth0: 1335572817 29255197 0 0
lo: 0 0 0 0

1735237599
eth0: 1335572817 29255197 0 0
lo: 0 0 0 0

1735237600
eth0: 1335572817 29255197 0 0
lo: 0 0 0 0

1735237601
eth0: 1335572817 29255197 0 0
lo: 0 0 0 0

1735237602
eth0: 1335572817 29255197 0 0
lo: 0 0 0 0

1735237603
eth0: 1335572817 29255197 0 0
lo: 0 0 0 0

1735237604
eth0: 1335572817 29255197 0 0
lo: 0 0 0 0

1735237605
eth0: 1335572817 29255197 0 0
lo: 0 0 0 0

1735237606
eth0: 1335572817 29255197 0 0
lo: 0 0 0 0

1735237607
eth0: 1335572817 29255197 0 0
lo: 0 0 0 0

1735237608
eth0: 1335572817 29255197 0 0
lo: 0 0 0 0

1735237609
eth0: 1335572817 29255197 0 0
lo: 0 0 0 0

1735237610
eth0: 1335572817 29255197 0 0
lo: 0 0 0 0

1735237611
eth0: 1335572817 29255197 0 0
lo: 0 0 0 0

1735237612
eth0: 1335572817 29255197 0 0
lo: 0 0 0 0

1735237613
eth0: 1335572817 29255197 0 0
lo: 0 0 0 0

1735237614
eth0: 1335572817 29255197 0 0
lo: 0 0 0 0

1735237615
eth0: 1335572817 29255197 0 0
lo: 0 0 0 0

1735237616
eth0: 1335572817 29255197 0 0
lo: 0 0 0 0

1735237617
eth0: 1335572817 29255197 0 0
lo: 0 0 0 0

1735237618
eth0: 1335572817 29255197 0 0
lo: 0 0 0 0

1735237619
eth0: 1335572817 29255197 0 0
lo: 0 0 0 0

1735237620
eth0: 1335572817 29255197 0 0
lo: 0 0 0 0

1735237621
eth0: 1335572817 29255197 0 0
lo: 0 0 0 0

1735237622
eth0: 1335572817 29255197 0 0
lo: 0 0 0 0

1735237623
eth0: 1335572817 29255197 0 0
lo: 0 0 0 0

1735237624
eth0: 1335572817 29255197 0 0
lo: 0 0 0 0

1735237625
eth0: 1335572817 29255197 0 0
lo: 0 0 0 0

1735237626
eth0: 1335572817 29255197 0 0
lo: 0 0 0 0

1735237627
eth0: 1335572817 29255197 0 0
lo: 0 0 0 0

1735237628
eth0: 1335572817 29255197 0 0
lo: 0 0 0 0

1735237629
eth0: 1335572817 29255197 0 0
lo: 0 0 0 0

1735237630
eth0: 1335572817 29255197 0 0
lo: 0 0 0 0

1735237631
eth0: 1335572817 29255197 0 0
lo: 0 0 0 0

1735237632
eth0: 1335572817 29255197 0 0
lo: 0 0 0 0

1735237633
eth0: 1335572817 29255197 0 0
lo: 0 0 0 0

1735237634
eth0: 1335572817 29255197 0 0
lo: 0 0 0 0

1735237635
eth0: 1335572817 29255197 0 0
lo: 0 0 0 0

1735237636
eth0: 1335572817 29255197 0 0
lo: 0 0 0 0

1735237637
eth0: 1335572817 29255197 0 0
lo: 0 0 0 0

1735237638
eth0: 1335572817 29255197 0 0
lo: 0 0 0 0

1735237639
eth0: 1335572817 29255197 0 0
lo: 0 0 0 0

1735237640
eth0: 1335572817 29255197 0 0
lo: 0 0 0 0

1735237641
eth0: 1335572817 29255197 0 0
lo: 0 0 0 0

1735237642
eth0: 1335572817 29255197 0 0
lo: 0 0 0 0

1735237643
eth0: 1335572817 29255197 0 0
lo: 0 0 0 0

1735237644
eth0: 1335572817 29255197 0 0
lo: 0 0 0 0

1735237645
eth0: 1335572817 29255197 0 0
lo: 0 0 0 0

1735237646
eth0: 1335572817 29255197 0 0
lo: 0 0 0 0

1735237647
eth0: 1335572817 29255197 0 0
lo: 0 0 0 0

1735237648
eth0: 1335572817 29255197 0 0
lo: 0 0 0 0

1735237649
eth0: 1335572817 29255197 0 0
lo: 0 0 0 0

1735237650
eth0: 1335572817 29255197 0 0
lo: 0 0 0 0

1735237651
eth0: 1335572817 29255197 0 0
lo: 0 0 0 0

1735237652
eth0: 1335572817 29255197 0 0
lo: 0 0 0 0

1735237653
eth0: 1335572817 29255197 0 0
lo: 0 0 0 0

1735237654
eth0: 1335572817 29255197 0 0
lo: 0 0 0 0

1735237655
eth0: 1335572817 29255197 0 0
lo: 0 0 0 0

1735237656
eth0: 1335572817 29255197 0 0
lo: 0 0 0 0

1735237657
eth0: 1335572817 29255197 0 0
lo: 0 0 0 0

1735237658
eth0: 1335572817 29255197 0 0
lo: 0 0 0 0

1735237659
eth0: 1335572817 29255197 0 0
lo: 0 0 0 0

1735237660
eth0: 1335572817 29255197 0 0
lo: 0 0 0 0

1735237662
eth0: 1335572817 29255197 0 0
lo: 0 0 0 0

1735237663
eth0: 1335572817 29255197 0 0
lo: 0 0 0 0

1735237664
eth0: 1335572817 29255197 0 0
lo: 0 0 0 0

1735237665
eth0: 1335572817 29255197 0 0
lo: 0 0 0 0

1735237666
eth0: 1335572817 29255197 0 0
lo: 0 0 0 0

1735237667
eth0: 1335572817 29255197 0 0
lo: 0 0 0 0

1735237668
eth0: 1335572817 29255197 0 0
lo: 0 0 0 0

1735237669
eth0: 1335572817 29255197 0 0
lo: 0 0 0 0

1735237670
eth0: 1335572817 29255197 0 0
lo: 0 0 0 0

1735237671
eth0: 1335572817 29255197 0 0
lo: 0 0 0 0

1735237672
eth0: 1335572817 29255197 0 0
lo: 0 0 0 0

1735237673
eth0: 1335572817 29255197 0 0
lo: 0 0 0 0

1735237674
eth0: 1335572817 29255197 0 0
lo: 0 0 0 0

1735237675
eth0: 1335572817 29255197 0 0
lo: 0 0 0 0

1735237676
eth0: 1335572817 29255197 0 0
lo: 0 0 0 0

1735237677
eth0: 1335572817 29255197 0 0
lo: 0 0 0 0

1735237678
eth0: 1335572817 29255197 0 0
lo: 0 0 0 0

1735237679
eth0: 1335572817 29255197 0 0
lo: 0 0 0 0

1735237680
eth0: 1335572817 29255197 0 0
lo: 0 0 0 0

1735237681
eth0: 1335572817 29255197 0 0
lo: 0 0 0 0

1735237682
eth0: 1335572817 29255197 0 0
lo: 0 0 0 0

1735237683
eth0: 1335572817 29255197 0 0
lo: 0 0 0 0

1735237684
eth0: 1335572817 29255197 0 0
lo: 0 0 0 0

1735237685
eth0: 1335572817 29255197 0 0
lo: 0 0 0 0

1735237686
eth0: 1335572817 29255197 0 0
lo: 0 0 0 0

1735237687
eth0: 1335572817 29255197 0 0
lo: 0 0 0 0

1735237688
eth0: 1335572817 29255197 0 0
lo: 0 0 0 0

1735237689
eth0: 1335572817 29255197 0 0
lo: 0 0 0 0

1735237690
eth0: 1335572817 29255197 0 0
lo: 0 0 0 0

1735237691
eth0: 1335572817 29255197 0 0
lo: 0 0 0 0

1735237692
eth0: 1335572817 29255197 0 0
lo: 0 0 0 0

1735237693
eth0: 1335572817 29255197 0 0
lo: 0 0 0 0

1735237694
eth0: 1335572817 29255197 0 0
lo: 0 0 0 0

1735237695
eth0: 1335572817 29255197 0 0
lo: 0 0 0 0

1735237696
eth0: 1335572817 29255197 0 0
lo: 0 0 0 0

1735237697
eth0: 1335572817 29255197 0 0
lo: 0 0 0 0

1735237698
eth0: 1335572817 29255197 0 0
lo: 0 0 0 0

1735237699
eth0: 1335572817 29255197 0 0
lo: 0 0 0 0

1735237700
eth0: 1335572817 29255197 0 0
lo: 0 0 0 0

1735237701
eth0: 1335572817 29255197 0 0
lo: 0 0 0 0

1735237702
eth0: 1335572817 29255197 0 0
lo: 0 0 0 0

1735237703
eth0: 1335572817 29255197 0 0
lo: 0 0 0 0

1735237704
eth0: 1335572817 29255197 0 0
lo: 0 0 0 0

1735237705
eth0: 1335572817 29255197 0 0
lo: 0 0 0 0

1735237706
eth0: 1335572817 29255197 0 0
lo: 0 0 0 0

1735237707
eth0: 1335572817 29255197 0 0
lo: 0 0 0 0

1735237708
eth0: 1335572817 29255197 0 0
lo: 0 0 0 0

1735237709
eth0: 1335572817 29255197 0 0
lo: 0 0 0 0

1735237710
eth0: 1335572817 29255197 0 0
lo: 0 0 0 0

1735237711
eth0: 1335572817 29255197 0 0
lo: 0 0 0 0

1735237712
eth0: 1335572817 29255197 0 0
lo: 0 0 0 0

1735237713
eth0: 1335572817 29255197 0 0
lo: 0 0 0 0

1735237714
eth0: 1335572817 29255197 0 0
lo: 0 0 0 0

1735237715
eth0: 1335572817 29255197 0 0
lo: 0 0 0 0

1735237716
eth0: 1335572817 29255197 0 0
lo: 0 0 0 0

1735237717
eth0: 1335572817 29255197 0 0
lo: 0 0 0 0

1735237718
eth0: 1335572817 29255197 0 0
lo: 0 0 0 0

1735237719
eth0: 1335572817 29255197 0 0
lo: 0 0 0 0

1735237720
eth0: 1335572817 29255197 0 0
lo: 0 0 0 0

1735237721
eth0: 1335572817 29255197 0 0
lo: 0 0 0 0

1735237722
eth0: 1335572817 29255197 0 0
lo: 0 0 0 0

1735237723
eth0: 1335572817 29255197 0 0
lo: 0 0 0 0

1735237724
eth0: 1335572817 29255197 0 0
lo: 0 0 0 0

1735237725
eth0: 1335572817 29255197 0 0
lo: 0 0 0 0

1735237726
eth0: 1335572817 29255197 0 0
lo: 0 0 0 0

1735237727
eth0: 1335572817 29255197 0 0
lo: 0 0 0 0

1735237731
eth0: 1335572817 29255197 0 0
lo: 0 0 0 0

1735237732
eth0: 1335572817 29255197 0 0
lo: 0 0 0 0

1735237733
eth0: 1335572817 29255197 0 0
lo: 0 0 0 0

1735237734
eth0: 1335572817 29255197 0 0
lo: 0 0 0 0

1735237735
eth0: 1335572817 29255197 0 0
lo: 0 0 0 0

1735237736
eth0: 1335572817 29255197 0 0
lo: 0 0 0 0

1735237737
eth0: 1335572817 29255197 0 0
lo: 0 0 0 0

1735237738
eth0: 1335572817 29255197 0 0
lo: 0 0 0 0

1735237739
eth0: 1335572817 29255197 0 0
lo: 0 0 0 0

1735237740
eth0: 1335572817 29255197 0 0
lo: 0 0 0 0

1735237741
eth0: 1335572817 29255197 0 0
lo: 0 0 0 0

1735237742
eth0: 1335572817 29255197 0 0
lo: 0 0 0 0

1735237743
eth0: 1335572817 29255197 0 0
lo: 0 0 0 0

1735237744
eth0: 1335572817 29255197 0 0
lo: 0 0 0 0

1735237745
eth0: 1335572817 29255197 0 0
lo: 0 0 0 0

1735237746
eth0: 1335572817 29255197 0 0
lo: 0 0 0 0

1735237747
eth0: 1335572817 29255197 0 0
lo: 0 0 0 0

1735237748
eth0: 1335572817 29255197 0 0
lo: 0 0 0 0

1735237749
eth0: 1335572817 29255197 0 0
lo: 0 0 0 0

1735237750
eth0: 1335572817 29255197 0 0
lo: 0 0 0 0

1735237751
eth0: 1335572817 29255197 0 0
lo: 0 0 0 0

1735237752
eth0: 1335572817 29255197 0 0
lo: 0 0 0 0

1735237753
eth0: 1335572817 29255197 0 0
lo: 0 0 0 0

1735237754
eth0: 1335572817 29255197 0 0
lo: 0 0 0 0

1735237755
eth0: 1335572817 29255197 0 0
lo: 0 0 0 0

1735237756
eth0: 1335572817 29255197 0 0
lo: 0 0 0 0

1735237757
eth0: 1335572817 29255197 0 0
lo: 0 0 0 0

1735237758
eth0: 1335572817 29255197 0 0
lo: 0 0 0 0

1735237759
eth0: 1335572817 29255197 0 0
lo: 0 0 0 0

1735237760
eth0: 1335572817 29255197 0 0
lo: 0 0 0 0

1735237761
eth0: 1335572817 29255197 0 0
lo: 0 0 0 0

1735237762
eth0: 1335572817 29255197 0 0
lo: 0 0 0 0

1735237763
eth0: 1335572817 29255197 0 0
lo: 0 0 0 0

1735237764
eth0: 1335572817 29255197 0 0
lo: 0 0 0 0

1735237765
eth0: 1335572817 29255197 0 0
lo: 0 0 0 0

1735237766
eth0: 1335572817 29255197 0 0
lo: 0 0 0 0

1735237767
eth0: 1335572817 29255197 0 0
lo: 0 0 0 0

1735237768
eth0: 1335572817 29255197 0 0
lo: 0 0 0 0

1735237769
eth0: 1335572817 29255197 0 0
lo: 0 0 0 0

1735237770
eth0: 1335572817 29255197 0 0
lo: 0 0 0 0

1735237771
eth0: 1335572817 29255197 0 0
lo: 0 0 0 0

1735237772
eth0: 1335572817 29255197 0 0
lo: 0 0 0 0

1735237773
eth0: 1335572817 29255197 0 0
lo: 0 0 0 0

1735237774
eth0: 1335572817 29255197 0 0
lo: 0 0 0 0

1735237775
eth0: 1335572817 29255197 0 0
lo: 0 0 0 0

1735237776
eth0: 1335572817 29255197 0 0
lo: 0 0 0 0

1735237777
eth0: 1335572817 29255197 0 0
lo: 0 0 0 0

1735237778
eth0: 1335572817 29255197 0 0
lo: 0 0 0 0

1735237779
eth0: 1335572817 29255197 0 0
lo: 0 0 0 0

1735237780
eth0: 1335572817 29255197 0 0
lo: 0 0 0 0

1735237781
eth0: 1335572817 29255197 0 0
lo: 0 0 0 0

1735237782
eth0: 1335572817 29255197 0 0
lo: 0 0 0 0

1735237783
eth0: 1335572817 29255197 0 0
lo: 0 0 0 0

1735237784
eth0: 1335572817 29255197 0 0
lo: 0 0 0 0

1735237785
eth0: 1335572817 29255197 0 0
lo: 0 0 0 0

1735237786
eth0: 1335572817 29255197 0 0
lo: 0 0 0 0

1735237788
eth0: 1335572817 29255197 0 0
lo: 0 0 0 0

1735237789
eth0: 1335572817 29255197 0 0
lo: 0 0 0 0

1735237790
eth0: 1335572817 29255197 0 0
lo: 0 0 0 0

1735237791
eth0: 1335572817 29255197 0 0
lo: 0 0 0 0

1735237792
eth0: 1335572817 29255197 0 0
lo: 0 0 0 0

1735237793
eth0: 1335572817 29255197 0 0
lo: 0 0 0 0

1735237794
eth0: 1335572817 29255197 0 0
lo: 0 0 0 0

1735237795
eth0: 1335572817 29255197 0 0
lo: 0 0 0 0

1735237796
eth0: 1335572817 29255197 0 0
lo: 0 0 0 0

1735237797
eth0: 1335572817 29255197 0 0
lo: 0 0 0 0

1735237798
eth0: 1335572817 29255197 0 0
lo: 0 0 0 0

1735237801
eth0: 1335572817 29255197 0 0
lo: 0 0 0 0

1735237805
eth0: 1335572817 29255197 0 0
lo: 0 0 0 0

