1735237246
0.58 0.26375 0.04875

1735237247
0.1432129514321295 0.08468244084682441 0.0

1735237248
0.26373626373626374 0.16971916971916973 0.003663003663003663

1735237249
0.5125 0.26875 0.06875

1735237250
0.3877038895859473 0.1656210790464241 0.22208281053952322

1735237251
0.2041564792176039 0.1295843520782396 0.21271393643031786

1735237252
0.3556962025316456 0.22151898734177214 0.035443037974683546

1735237253
0.2936802973977695 0.15737298636926889 0.024783147459727387

1735237254
0.4656679151061174 0.20474406991260924 0.052434456928838954

1735237255
0.3756218905472637 0.38308457711442784 0.09950248756218906

1735237256
0.389873417721519 0.2468354430379747 0.09873417721518987

1735237257
0.46776232616940583 0.29835651074589126 0.05562579013906448

1735237258
0.4714104193138501 0.3062261753494282 0.054637865311308764

1735237259
0.39 0.29555555555555557 0.13444444444444445

1735237260
0.20937042459736457 0.20497803806734993 0.3118594436310395

1735237261
0.42045454545454547 0.35984848484848486 0.022727272727272728

1735237262
0.4110970996216898 0.24968474148802017 0.14123581336696092

1735237263
0.33962264150943394 0.189937106918239 0.13584905660377358

1735237264
0.1866151866151866 0.11068211068211069 0.2471042471042471

1735237265
0.07261146496815286 0.07643312101910828 0.5006369426751592

1735237266
0.09640102827763496 0.08611825192802057 0.40359897172236503

1735237267
0.12151898734177215 0.10126582278481013 0.3594936708860759

1735237268
0.05717916137229987 0.06734434561626429 0.4815756035578145

1735237269
0.07711757269279393 0.07332490518331226 0.5006321112515802

1735237270
0.6918238993710691 0.20251572327044026 0.07421383647798742

1735237271
0.3535980148883375 0.12779156327543426 0.24937965260545905

1735237272
0.155893536121673 0.12547528517110265 0.32953105196451205

1735237273
0.13653603034134007 0.10998735777496839 0.2895069532237674

1735237274
0.14122137404580154 0.06870229007633588 0.3575063613231552

1735237275
0.03501945525291829 0.04409857328145266 0.5447470817120622

1735237276
0.04342273307790549 0.05874840357598978 0.43167305236270753

1735237277
0.06064516129032258 0.04903225806451613 0.49290322580645163

1735237278
0.09433962264150944 0.07044025157232704 0.3635220125786163

1735237279
0.09963547995139732 0.07411907654921021 0.35479951397326853

1735237281
0.04178019981834696 0.055404178019981834 0.5912806539509536

1735237282
0.07773851590106007 0.08480565371024736 0.36925795053003535

1735237283
0.09230769230769231 0.1054945054945055 0.34285714285714286

1735237284
0.10957178841309824 0.0906801007556675 0.36523929471032746

1735237285
0.1794228356336261 0.050188205771643665 0.4065244667503137

1735237286
0.15185185185185185 0.056790123456790124 0.4308641975308642

1735237287
0.2425 0.1775 0.23125

1735237288
0.3124215809284818 0.16938519447929737 0.17314930991217065

1735237289
0.3379571248423707 0.12988650693568726 0.16393442622950818

1735237290
0.11344019728729964 0.08261405672009864 0.5067817509247842

1735237291
0.2546816479400749 0.13607990012484394 0.24968789013732834

1735237292
0.24436090225563908 0.11152882205513784 0.16791979949874686

1735237293
0.5548628428927681 0.11596009975062344 0.1396508728179551

1735237294
0.5220680958385876 0.1601513240857503 0.09205548549810845

1735237295
0.25842696629213485 0.16978776529338327 0.2184769038701623

1735237296
0.3258426966292135 0.20599250936329588 0.008739076154806492

1735237297
0.32625 0.205 0.0575

1735237298
0.20465686274509803 0.13602941176470587 0.2659313725490196

1735237299
0.08650065530799476 0.09043250327653997 0.43905635648754915

1735237300
0.05583756345177665 0.0583756345177665 0.5609137055837563

1735237301
0.7769423558897243 0.16290726817042606 0.042606516290726815

1735237302
0.8863920099875156 0.1111111111111111 0.0012484394506866417

1735237303
0.8984962406015038 0.09774436090225563 0.0012531328320802004

1735237304
0.8963795255930087 0.10237203495630462 0.0

1735237305
0.8898623279098874 0.09011264080100125 0.011264080100125156

1735237306
0.9198998748435544 0.07884856070087609 0.0

1735237307
0.9213483146067416 0.07865168539325842 0.0

1735237308
0.9374217772215269 0.0625782227784731 0.0

1735237309
0.925 0.075 0.0

1735237310
0.93875 0.06125 0.0

1735237311
0.9161451814768461 0.07133917396745933 0.006257822277847309

1735237312
0.9161451814768461 0.08135168961201501 0.0

1735237313
0.9023779724655819 0.09762202753441802 0.0

1735237314
0.8991282689912827 0.10087173100871731 0.0

1735237315
0.9032663316582915 0.09673366834170855 0.0

1735237316
0.885286783042394 0.11346633416458853 0.0

1735237317
0.9111389236545682 0.08886107634543179 0.0

1735237318
0.875 0.125 0.0

1735237319
0.8582183186951067 0.12672521957340024 0.0037641154328732747

1735237320
0.7069182389937106 0.16855345911949685 0.0037735849056603774

1735237321
0.4679245283018868 0.23522012578616353 0.03647798742138365

1735237322
0.4593241551939925 0.2202753441802253 0.10387984981226533

1735237323
0.41466498103666244 0.23893805309734514 0.0493046776232617

1735237324
0.685069008782936 0.16938519447929737 0.11292346298619825

1735237325
0.8925 0.10625 0.00125

1735237326
0.8685857321652065 0.13141426783479349 0.0

1735237327
0.9308755760368663 0.06797235023041474 0.001152073732718894

1735237328
0.9085948158253752 0.08049113233287858 0.010914051841746248

1735237329
0.916354556803995 0.08239700374531835 0.0

1735237330
0.7078651685393258 0.12609238451935081 0.04868913857677903

1735237331
0.5156445556946183 0.15769712140175218 0.011264080100125156

1735237332
0.42375 0.15125 0.0075

1735237333
0.4405506883604506 0.1639549436795995 0.0050062578222778474

1735237334
0.4181360201511335 0.1964735516372796 0.003778337531486146

1735237335
0.5018773466833542 0.18397997496871088 0.0

1735237336
0.4345088161209068 0.22040302267002518 0.011335012594458438

1735237337
0.40350877192982454 0.21553884711779447 0.06015037593984962

1735237338
0.49622166246851385 0.2506297229219144 0.0025188916876574307

1735237339
0.8785982478097623 0.1214017521902378 0.0

1735237340
0.9025 0.0975 0.0

1735237341
0.92125 0.07875 0.0

1735237342
0.9025 0.0975 0.0

1735237343
0.82375 0.17 0.0025

1735237344
0.46307884856070086 0.18898623279098872 0.15018773466833543

1735237345
0.31025957972805934 0.11742892459826947 0.2558714462299135

1735237346
0.3745743473325766 0.17253121452894438 0.10329171396140749

1735237348
0.2697228144989339 0.12153518123667377 0.2942430703624733

1735237349
0.15979899497487438 0.035175879396984924 0.4623115577889447

1735237350
0.2758936755270394 0.1622364802933089 0.2538955087076077

1735237351
0.31263858093126384 0.19623059866962306 0.18957871396895787

1735237352
0.20869565217391303 0.11801242236024845 0.284472049689441

1735237353
0.16755602988260407 0.096051227321238 0.3233724653148346

1735237354
0.1469265367316342 0.07196401799100449 0.424287856071964

1735237355
0.3442211055276382 0.1984924623115578 0.17839195979899497

1735237356
0.41903584672435107 0.1619283065512979 0.18541409147095178

1735237357
0.3117206982543641 0.18703241895261846 0.18703241895261846

1735237358
0.20202020202020202 0.14898989898989898 0.26515151515151514

1735237359
0.34005037783375314 0.23551637279596976 0.0982367758186398

1735237360
0.7286432160804021 0.2550251256281407 0.002512562814070352

1735237361
0.69 0.3025 0.00125

1735237362
0.478643216080402 0.20100502512562815 0.03015075376884422

1735237363
0.4079601990049751 0.17412935323383086 0.024875621890547265

1735237364
0.201765447667087 0.1021437578814628 0.2597730138713745

1735237365
0.6328320802005013 0.19423558897243107 0.017543859649122806

1735237366
0.5851197982345523 0.2471626733921816 0.006305170239596469

1735237367
0.2667493796526055 0.13027295285359802 0.007444168734491315

1735237368
0.25590062111801243 0.14906832298136646 0.0012422360248447205

1735237369
0.18034825870646767 0.11940298507462686 0.20771144278606965

1735237370
0.11572327044025157 0.08679245283018867 0.3559748427672956

1735237371
0.31493099121706397 0.11041405269761606 0.26474278544542035

1735237372
0.20719602977667495 0.1513647642679901 0.29404466501240695

1735237373
0.20426065162907267 0.15413533834586465 0.4473684210526316

1735237374
0.2727272727272727 0.199252801992528 0.1581569115815691

1735237375
0.22373300370828184 0.20148331273176762 0.14215080346106304

1735237376
0.3142493638676845 0.23282442748091603 0.015267175572519083

1735237377
0.37218045112781956 0.18671679197994986 0.0037593984962406013

1735237378
0.33827160493827163 0.16913580246913582 0.05802469135802469

1735237379
0.3324968632371393 0.18695106649937265 0.0075282308657465494

1735237380
0.36888331242158096 0.16311166875784192 0.03513174404015056

1735237381
0.5049751243781094 0.22014925373134328 0.046019900497512436

1735237382
0.39486552567237165 0.13814180929095354 0.035452322738386305

1735237383
0.3163138231631382 0.17434620174346202 0.1232876712328767

1735237384
0.4089775561097257 0.16084788029925187 0.0773067331670823

1735237385
0.3866498740554156 0.2128463476070529 0.12720403022670027

1735237386
0.23173803526448364 0.24055415617128464 0.16876574307304787

1735237387
0.3888888888888889 0.22474747474747475 0.09343434343434344

1735237388
0.27994955863808324 0.17906683480453972 0.17276166456494324

1735237389
0.5566750629722922 0.15113350125944586 0.11460957178841309

1735237390
0.7531486146095718 0.12342569269521411 0.05919395465994962

1735237391
0.6828358208955224 0.12437810945273632 0.13930348258706468

1735237392
0.7693282636248415 0.16223067173637515 0.0076045627376425855

1735237393
0.645 0.14 0.08625

1735237394
0.4962311557788945 0.22236180904522612 0.035175879396984924

1735237395
0.4377358490566038 0.17735849056603772 0.08930817610062892

1735237396
0.49812734082397003 0.25218476903870163 0.016229712858926344

1735237397
0.4708860759493671 0.28227848101265823 0.021518987341772152

1735237398
0.49936628643852976 0.23827629911280102 0.008871989860583017

1735237399
0.46329113924050636 0.19367088607594937 0.039240506329113925

1735237400
0.4609571788413098 0.24055415617128464 0.007556675062972292

1735237401
0.4466750313676286 0.24968632371392724 0.01756587202007528

1735237402
0.2630272952853598 0.12655086848635236 0.27667493796526055

1735237403
0.3702770780856423 0.2695214105793451 0.03400503778337532

1735237404
0.3632911392405063 0.28607594936708863 0.05063291139240506

1735237405
0.24283935242839352 0.2590286425902864 0.0273972602739726

1735237406
0.44950738916256155 0.24753694581280788 0.05788177339901478

1735237407
0.46134347275031684 0.2864385297845374 0.08871989860583017

1735237408
0.4455569461827284 0.28035043804755944 0.1113892365456821

1735237409
0.5932415519399249 0.19524405506883605 0.14267834793491865

1735237410
0.4049382716049383 0.19135802469135801 0.16790123456790124

1735237411
0.3428927680798005 0.12219451371571072 0.19825436408977556

1735237412
0.0975 0.03 0.36

1735237413
0.1639751552795031 0.09565217391304348 0.2956521739130435

1735237414
0.2675 0.14875 0.06

1735237415
0.3420398009950249 0.20522388059701493 0.004975124378109453

1735237416
0.35382685069008785 0.17691342534504392 0.002509410288582183

1735237417
0.25566750629722923 0.1561712846347607 0.0025188916876574307

1735237418
0.38022813688212925 0.22053231939163498 0.0063371356147021544

1735237419
0.18453865336658354 0.1259351620947631 0.026184538653366583

1735237420
0.17135862913096694 0.14443084455324356 0.0

1735237421
0.1539408866995074 0.07142857142857142 0.0332512315270936

1735237422
0.14883148831488316 0.06888068880688807 0.0024600246002460025

1735237423
0.13266583229036297 0.03879849812265332 0.008760951188986232

1735237424
0.16978776529338327 0.02746566791510612 0.003745318352059925

1735237425
0.2386780905752754 0.0587515299877601 0.006119951040391677

1735237426
0.18463444857496902 0.12019826517967781 0.004956629491945477

1735237427
0.22783251231527094 0.07389162561576355 0.0

1735237428
0.24290998766954378 0.055487053020961775 0.0

1735237429
0.24069478908188585 0.043424317617866005 0.0

1735237430
0.22478736330498178 0.0692588092345079 0.0036452004860267314

1735237431
0.2506172839506173 0.1259259259259259 0.018518518518518517

1735237432
0.26956521739130435 0.14658385093167703 0.012422360248447204

1735237433
0.1791044776119403 0.18781094527363185 0.0012437810945273632

1735237434
0.1620603015075377 0.20477386934673367 0.028894472361809045

1735237435
0.286783042394015 0.2144638403990025 0.004987531172069825

1735237436
0.3635220125786163 0.24025157232704403 0.03270440251572327

1735237437
0.24539877300613497 0.18404907975460122 0.007361963190184049

1735237438
0.2830423940149626 0.16957605985037408 0.0012468827930174563

1735237439
0.256857855361596 0.11221945137157108 0.10099750623441396

1735237440
0.28428927680798005 0.1059850374064838 0.05112219451371571

1735237441
0.15647921760391198 0.15770171149144255 0.011002444987775062

1735237442
0.2614622057001239 0.1623296158612144 0.0024783147459727386

1735237443
0.30198019801980197 0.12004950495049505 0.0049504950495049506

1735237444
0.585820895522388 0.2562189054726368 0.0024875621890547263

1735237445
0.6549560853199499 0.3212045169385194 0.005018820577164366

1735237446
0.6683354192740926 0.19774718397997496 0.07008760951188986

1735237447
0.7584480600750939 0.22403003754693368 0.007509386733416771

1735237448
0.45760598503740646 0.18329177057356608 0.15835411471321695

1735237449
0.5818858560794045 0.1935483870967742 0.0794044665012407

1735237450
0.3247232472324723 0.15990159901599016 0.05289052890528905

1735237451
0.43017456359102246 0.15087281795511223 0.04738154613466334

1735237452
0.5347394540942928 0.14267990074441686 0.02357320099255583

1735237453
0.4477987421383648 0.19622641509433963 0.007547169811320755

1735237454
0.4240102171136654 0.26053639846743293 0.0038314176245210726

1735237455
0.41719342604298354 0.23767383059418457 0.01390644753476612

1735237456
0.36363636363636365 0.2676767676767677 0.03787878787878788

1735237457
0.41448189762796506 0.25842696629213485 0.004993757802746567

1735237458
0.4348370927318296 0.21428571428571427 0.010025062656641603

1735237459
0.4426229508196721 0.22194199243379573 0.005044136191677175

1735237460
0.359039190897598 0.30214917825537296 0.0037926675094816687

1735237461
0.38305941845764857 0.2553729456384324 0.061946902654867256

1735237462
0.15404040404040403 0.22474747474747475 0.27146464646464646

1735237463
0.7045454545454546 0.2159090909090909 0.054292929292929296

1735237464
0.7982456140350878 0.19674185463659147 0.0037593984962406013

1735237465
0.30179028132992325 0.11253196930946291 0.2710997442455243

1735237466
0.13298791018998274 0.03367875647668394 0.39378238341968913

1735237467
0.1531322505800464 0.05568445475638051 0.4408352668213457

1735237468
0.005018820577164366 0.012547051442910916 0.560853199498118

1735237469
0.07944514501891552 0.0832282471626734 0.48297604035308955

1735237470
0.17258883248730963 0.16751269035532995 0.3286802030456853

1735237471
0.15994962216624686 0.13224181360201512 0.40428211586901763

1735237472
0.09370988446726572 0.08087291399229782 0.5198973042362003

1735237473
0.16709844559585493 0.16580310880829016 0.32512953367875647

1735237474
0.11068211068211069 0.07207207207207207 0.5598455598455598

1735237475
0.22727272727272727 0.08964646464646464 0.3371212121212121

1735237476
0.17070063694267515 0.05987261146496815 0.36178343949044584

1735237477
0.2374839537869063 0.024390243902439025 0.4993581514762516

1735237478
0.26841448189762795 0.0449438202247191 0.4282147315855181

1735237479
0.2949367088607595 0.1 0.36455696202531646

1735237480
0.2601010101010101 0.09974747474747475 0.38636363636363635

1735237481
0.13788659793814434 0.1095360824742268 0.4536082474226804

1735237482
0.0648854961832061 0.05248091603053435 0.6517175572519084

1735237483
0.3252336448598131 0.14392523364485982 0.4224299065420561

1735237484
0.23177083333333334 0.10416666666666667 0.4713541666666667

1735237485
0.17994858611825193 0.10796915167095116 0.45629820051413883

1735237486
0.06572164948453608 0.05670103092783505 0.6262886597938144

1735237487
0.037037037037037035 0.033205619412515965 0.5070242656449553

1735237488
0.060225846925972396 0.025094102885821833 0.7289836888331243

1735237489
0.21119592875318066 0.09541984732824428 0.4720101781170484

1735237490
0.17806451612903226 0.09548387096774194 0.5535483870967742

1735237491
0.055412371134020616 0.05412371134020619 0.6404639175257731

1735237492
0.10069713400464755 0.05112316034082107 0.5034856700232379

1735237493
0.19655172413793104 0.24482758620689654 0.38275862068965516

1735237494
0.19767441860465115 0.09302325581395349 0.3875968992248062

1735237495
0.15552699228791775 0.055269922879177376 0.4601542416452442

1735237496
0.29389312977099236 0.10178117048346055 0.42493638676844786

1735237497
0.11512844909609896 0.03615604186489058 0.5080875356803045

1735237498
0.12720156555772993 0.09784735812133072 0.6262230919765166

1735237499
0.2987012987012987 0.2038961038961039 0.3077922077922078

1735237500
0.30256410256410254 0.14487179487179488 0.4205128205128205

1735237501
0.2922077922077922 0.13116883116883116 0.43506493506493504

1735237502
0.15494791666666666 0.07291666666666667 0.5729166666666666

1735237503
0.10465116279069768 0.037209302325581395 0.7046511627906977

1735237504
0.25806451612903225 0.2114695340501792 0.2939068100358423

1735237505
0.08846153846153847 0.07564102564102564 0.517948717948718

1735237506
0.18974358974358974 0.07435897435897436 0.42948717948717946

1735237507
0.11818181818181818 0.04935064935064935 0.6480519480519481

1735237508
0.07819905213270142 0.061611374407582936 0.6445497630331753

1735237509
0.07560627674750357 0.047075606276747506 0.5677603423680456

1735237510
0.18424396442185514 0.1372299872935197 0.45743329097839897

1735237511
0.23273657289002558 0.17263427109974425 0.4156010230179028

1735237512
0.17419354838709677 0.1032258064516129 0.48129032258064514

1735237513
0.11847133757961784 0.0980891719745223 0.4764331210191083

1735237514
0.21292775665399238 0.10899873257287707 0.5069708491761724

1735237515
0.14634146341463414 0.1258023106546855 0.5750962772785623

1735237516
0.18877551020408162 0.10204081632653061 0.48596938775510207

1735237517
0.15756035578144853 0.11308767471410419 0.4777636594663278

1735237518
0.1830808080808081 0.12121212121212122 0.5391414141414141

1735237519
0.20426065162907267 0.13659147869674185 0.47869674185463656

1735237520
0.15558343789209536 0.1028858218318695 0.5533249686323714

1735237521
0.2 0.13121019108280255 0.42547770700636944

1735237522
0.14194373401534527 0.08567774936061381 0.48081841432225064

1735237523
0.047619047619047616 0.017006802721088437 0.30272108843537415

1735237524
0.33414634146341465 0.16829268292682928 0.3829268292682927

1735237525
0.20154043645699615 0.10911424903722722 0.5070603337612324

1735237526
0.2455470737913486 0.15903307888040713 0.36768447837150126

1735237527
0.1668806161745828 0.14249037227214378 0.4313222079589217

1735237528
0.06524466750313676 0.04140526976160602 0.4366373902132999

1735237529
0.12452350698856417 0.1423125794155019 0.5463786531130876

1735237530
0.15167095115681234 0.08354755784061697 0.5668380462724936

1735237531
0.14487179487179488 0.06794871794871794 0.5794871794871795

1735237532
0.15463917525773196 0.07345360824742268 0.422680412371134

1735237533
0.08072289156626505 0.04819277108433735 0.6180722891566265

1735237534
0.18972332015810275 0.08168642951251646 0.41238471673254284

1735237535
0.11311053984575835 0.04755784061696658 0.5501285347043702

1735237536
0.15943877551020408 0.07397959183673469 0.514030612244898

1735237537
0.07087628865979381 0.059278350515463915 0.5837628865979382

1735237538
0.12886597938144329 0.06443298969072164 0.5

1735237539
0.1288265306122449 0.05102040816326531 0.5318877551020408

1735237540
0.14522292993630573 0.06496815286624204 0.5439490445859873

1735237541
0.12179487179487179 0.09230769230769231 0.6064102564102564

1735237542
0.08439897698209718 0.08567774936061381 0.5051150895140665

1735237543
0.08914728682170543 0.06201550387596899 0.5839793281653747

1735237544
0.148005148005148 0.11969111969111969 0.5778635778635779

1735237545
0.21566110397946084 0.1668806161745828 0.5057766367137355

1735237546
0.08236808236808237 0.0682110682110682 0.462033462033462

1735237547
0.13239074550128535 0.09897172236503857 0.4537275064267352

1735237548
0.14543114543114544 0.1879021879021879 0.40540540540540543

1735237549
0.05161290322580645 0.07612903225806451 0.6206451612903225

1735237550
0.17435897435897435 0.15512820512820513 0.4794871794871795

1735237551
0.329923273657289 0.20971867007672634 0.30434782608695654

1735237552
0.24645161290322581 0.3638709677419355 0.2787096774193548

1735237553
0.19458762886597938 0.17525773195876287 0.4639175257731959

1735237554
0.115527950310559 0.0782608695652174 0.746583850931677

1735237556
0.15702479338842976 0.1893313298271976 0.4658151765589782

1735237557
0.35020242914979755 0.2145748987854251 0.29453441295546556

1735237558
0.4943253467843632 0.47540983606557374 0.015132408575031526

1735237559
0.17228464419475656 0.2222222222222222 0.3096129837702871

1735237560
0.25949367088607594 0.2417721518987342 0.25443037974683547

1735237561
0.4068010075566751 0.4093198992443325 0.09571788413098237

1735237562
0.3670886075949367 0.31772151898734174 0.16075949367088607

1735237563
0.4345088161209068 0.3765743073047859 0.08312342569269521

1735237564
0.2878980891719745 0.310828025477707 0.2789808917197452

1735237565
0.30038022813688214 0.22306717363751585 0.3472750316856781

1735237566
0.3265822784810127 0.2772151898734177 0.1911392405063291

1735237567
0.541191381495564 0.22686945500633712 0.09252217997465145

1735237568
0.6817610062893081 0.17735849056603772 0.12327044025157233

1735237569
0.6246851385390428 0.3035264483627204 0.05163727959697733

1735237570
0.645 0.3525 0.00125

1735237571
0.6961394769613948 0.3038605230386052 0.0

1735237572
0.7865168539325843 0.21348314606741572 0.0

1735237573
0.78125 0.21875 0.0

1735237574
0.2518796992481203 0.06641604010025062 0.5902255639097744

1735237575
0.1320049813200498 0.0759651307596513 0.6214196762141968

1735237576
0.77125 0.22875 0.0

1735237577
0.77 0.23 0.0

1735237578
0.7334993773349938 0.26650062266500624 0.0

1735237579
0.745 0.255 0.0

1735237580
0.75 0.25 0.0

1735237581
0.74875 0.25125 0.0

1735237582
0.66375 0.33625 0.0

1735237583
0.5692883895131086 0.4282147315855181 0.0

1735237584
0.556390977443609 0.4423558897243108 0.0

1735237585
0.467680608365019 0.47782002534854245 0.0038022813688212928

1735237586
0.57 0.42625 0.0

1735237587
0.5572139303482587 0.43905472636815923 0.0012437810945273632

1735237588
0.5456821026282853 0.44806007509386736 0.0

1735237589
0.6265664160401002 0.3684210526315789 0.002506265664160401

1735237590
0.7368421052631579 0.2631578947368421 0.0

1735237591
0.7008760951188986 0.29912390488110135 0.0

1735237592
0.66625 0.32875 0.0025

1735237593
0.5619524405506884 0.43679599499374216 0.0

1735237594
0.6238993710691824 0.28553459119496855 0.06415094339622641

1735237595
0.6475 0.35 0.00125

1735237596
0.7340025094102886 0.22710163111668757 0.0037641154328732747

1735237597
0.65875 0.33375 0.0

1735237598
0.67125 0.32875 0.0

1735237599
0.5811320754716981 0.3672955974842767 0.0389937106918239

1735237600
0.6770573566084788 0.3229426433915212 0.0

1735237601
0.6800501882057717 0.30363864491844417 0.0012547051442910915

1735237602
0.606516290726817 0.38596491228070173 0.0

1735237603
0.59875 0.39 0.00125

1735237604
0.47858942065491183 0.45591939546599497 0.018891687657430732

1735237605
0.6268844221105527 0.34045226130653267 0.005025125628140704

1735237606
0.6470588235294118 0.3379224030037547 0.0012515644555694619

1735237607
0.47924528301886793 0.47924528301886793 0.0025157232704402514

1735237608
0.46279949558638084 0.47414880201765447 0.006305170239596469

1735237609
0.3896595208070618 0.47162673392181587 0.03026481715006305

1735237610
0.32747804265997493 0.45545796737766625 0.03513174404015056

1735237611
0.3630573248407643 0.3834394904458599 0.05477707006369427

1735237612
0.5131744040150564 0.32747804265997493 0.053952321204516936

1735237613
0.6771356783919598 0.2814070351758794 0.013819095477386936

1735237614
0.7922885572139303 0.19402985074626866 0.008706467661691543

1735237615
0.8605527638190955 0.13944723618090452 0.0

1735237616
0.8421052631578947 0.15789473684210525 0.0

1735237617
0.79 0.20875 0.0

1735237618
0.7884856070087609 0.2002503128911139 0.0

1735237619
0.7153748411689962 0.24015247776365947 0.005082592121982211

1735237620
0.6758793969849246 0.3065326633165829 0.001256281407035176

1735237621
0.7496855345911949 0.22641509433962265 0.0025157232704402514

1735237622
0.6073697585768743 0.2617534942820839 0.08259212198221093

1735237623
0.5699745547073791 0.28880407124681934 0.06997455470737914

1735237624
0.5296343001261034 0.22698612862547288 0.19798234552332913

1735237625
0.7346683354192741 0.26533166458072593 0.0

1735237626
0.7198007471980075 0.2777085927770859 0.0012453300124533001

1735237627
0.8406524466750314 0.15934755332496864 0.0

1735237628
0.8485607008760951 0.15143929912390489 0.0

1735237629
0.7793017456359103 0.11970074812967581 0.09850374064837905

1735237630
0.8751560549313359 0.12484394506866417 0.0

1735237631
0.8915211970074813 0.1084788029925187 0.0

1735237632
0.8907035175879398 0.10804020100502512 0.0

1735237633
0.7622641509433963 0.19119496855345913 0.007547169811320755

1735237634
0.6759142496847415 0.19546027742749053 0.07440100882723834

1735237635
0.5919395465994962 0.21536523929471033 0.05415617128463476

1735237636
0.6779874213836478 0.16729559748427672 0.055345911949685536

1735237637
0.6836086404066074 0.156289707750953 0.05590851334180432

1735237638
0.4981132075471698 0.33584905660377357 0.04779874213836478

1735237639
0.461441213653603 0.1959544879898862 0.23135271807838179

1735237640
0.516497461928934 0.34517766497461927 0.04568527918781726

1735237641
0.43144654088050316 0.34465408805031444 0.11949685534591195

1735237642
0.4255050505050505 0.2803030303030303 0.19065656565656566

1735237643
0.547979797979798 0.3851010101010101 0.0012626262626262627

1735237644
0.4713375796178344 0.37579617834394907 0.05605095541401274

1735237645
0.47341772151898737 0.3810126582278481 0.024050632911392405

1735237646
0.6354556803995006 0.3620474406991261 0.0

1735237647
0.55125 0.44875 0.0

1735237648
0.5869837296620776 0.4130162703379224 0.0

1735237649
0.5875 0.41125 0.00125

1735237650
0.5056603773584906 0.42641509433962266 0.052830188679245285

1735237651
0.44556962025316454 0.43037974683544306 0.10379746835443038

1735237652
0.51625 0.48375 0.0

1735237653
0.48625 0.5125 0.0

1735237654
0.4627791563275434 0.533498759305211 0.0012406947890818859

1735237655
0.48055207026348806 0.5156838143036386 0.0

1735237656
0.45864661654135336 0.5375939849624061 0.0

1735237657
0.4674185463659148 0.5275689223057645 0.0

1735237658
0.6158690176322418 0.38161209068010077 0.0

1735237659
0.6027397260273972 0.39476961394769616 0.0

1735237660
0.6814814814814815 0.31851851851851853 0.0

1735237662
0.7710691823899372 0.2289308176100629 0.0

1735237663
0.7884856070087609 0.21151439299123906 0.0

1735237664
0.79875 0.20125 0.0

1735237665
0.7686567164179104 0.23134328358208955 0.0

1735237666
0.8258145363408521 0.17418546365914786 0.0

1735237667
0.8122653316645807 0.18773466833541927 0.0

1735237668
0.7945205479452054 0.2054794520547945 0.0

1735237669
0.794228356336261 0.205771643663739 0.0

1735237670
0.77875 0.22125 0.0

1735237671
0.79875 0.20125 0.0

1735237672
0.7984981226533167 0.20150187734668334 0.0

1735237673
0.79125 0.20875 0.0

1735237674
0.8277153558052435 0.17228464419475656 0.0

1735237675
0.8019925280199253 0.1980074719800747 0.0

1735237676
0.7892095357590966 0.2107904642409034 0.0

1735237677
0.78375 0.21625 0.0

1735237678
0.7834793491864831 0.2165206508135169 0.0

1735237679
0.8064918851435705 0.19350811485642946 0.0

1735237680
0.8025 0.1975 0.0

1735237681
0.82 0.18 0.0

1735237682
0.8175 0.1825 0.0

1735237683
0.8175 0.1825 0.0

1735237684
0.80375 0.19625 0.0

1735237685
0.8225 0.1775 0.0

1735237686
0.825 0.175 0.0

1735237687
0.8575 0.1425 0.0

1735237688
0.7975 0.2025 0.0

1735237689
0.8385481852315394 0.16145181476846057 0.0

1735237690
0.8239700374531835 0.1760299625468165 0.0

1735237691
0.805 0.195 0.0

1735237692
0.83375 0.16625 0.0

1735237693
0.7984981226533167 0.20150187734668334 0.0

1735237694
0.8489388264669163 0.15106117353308365 0.0

1735237695
0.82875 0.17125 0.0

1735237696
0.8343789209535759 0.1656210790464241 0.0

1735237697
0.80625 0.19375 0.0

1735237698
0.7932752179327521 0.20672478206724781 0.0

1735237699
0.842964824120603 0.157035175879397 0.0

1735237700
0.849502487562189 0.15049751243781095 0.0

1735237701
0.8431618569636136 0.15683814303638646 0.0

1735237702
0.8210262828535669 0.17897371714643304 0.0

1735237703
0.8526841448189763 0.14731585518102372 0.0

1735237704
0.8455790784557908 0.15442092154420922 0.0

1735237705
0.8973717146433041 0.10262828535669587 0.0

1735237706
0.8526841448189763 0.14731585518102372 0.0

1735237707
0.8670012547051443 0.1329987452948557 0.0

1735237708
0.8619402985074627 0.13805970149253732 0.0

1735237709
0.849624060150376 0.15037593984962405 0.0

1735237710
0.85625 0.14375 0.0

1735237711
0.87875 0.12125 0.0

1735237712
0.8476903870162297 0.1523096129837703 0.0

1735237713
0.899874843554443 0.10012515644555695 0.0

1735237714
0.895 0.105 0.0

1735237715
0.8875 0.1125 0.0

1735237716
0.855 0.145 0.0

1735237717
0.8517587939698492 0.1444723618090452 0.001256281407035176

1735237718
0.7890137328339576 0.21098626716604243 0.0

1735237719
0.7932752179327521 0.20672478206724781 0.0

1735237720
0.81 0.19 0.0

1735237721
0.83125 0.16875 0.0

1735237722
0.80375 0.19625 0.0

1735237723
0.7571964956195244 0.2428035043804756 0.0

1735237724
0.7361809045226131 0.2638190954773869 0.0

1735237725
0.7443324937027708 0.2367758186397985 0.0

1735237726
0.6215538847117794 0.34711779448621555 0.002506265664160401

1735237727
0.6716604244694132 0.3046192259675406 0.003745318352059925

1735237731
0.7204132748904195 0.2132122730118973 0.025046963055729492

1735237732
0.6994949494949495 0.2563131313131313 0.005050505050505051

1735237733
0.6691919191919192 0.31186868686868685 0.0025252525252525255

1735237734
0.6267166042446941 0.3732833957553059 0.0

1735237735
0.67875 0.32125 0.0

1735237736
0.7146433041301627 0.2853566958698373 0.0

1735237737
0.6217228464419475 0.3782771535580524 0.0

1735237738
0.6433041301627034 0.3566958698372966 0.0

1735237739
0.6239103362391034 0.37608966376089664 0.0

1735237740
0.6486825595984943 0.35131744040150564 0.0

1735237741
0.58375 0.415 0.0

1735237742
0.4699248120300752 0.5175438596491229 0.0012531328320802004

1735237743
0.5757196495619524 0.42052565707133915 0.0

1735237744
0.5711402623612513 0.42885973763874874 0.0

1735237745
0.5901639344262295 0.4081967213114754 0.0

1735237746
0.5162907268170426 0.47619047619047616 0.0

1735237747
0.45056320400500627 0.5344180225281602 0.0

1735237748
0.7344139650872819 0.2630922693266833 0.0012468827930174563

1735237749
0.4552332912988651 0.510718789407314 0.006305170239596469

1735237750
0.5236907730673317 0.4713216957605985 0.0

1735237751
0.51625 0.4825 0.0

1735237752
0.51875 0.48125 0.0

1735237753
0.5481852315394243 0.4518147684605757 0.0

1735237754
0.59 0.40875 0.0

1735237755
0.5548549810844893 0.41740226986128626 0.011349306431273645

1735237756
0.7440699126092385 0.25593008739076156 0.0

1735237757
0.7319201995012469 0.26807980049875313 0.0

1735237758
0.7228464419475655 0.2759051186017478 0.0

1735237759
0.8289308176100629 0.1710691823899371 0.0

1735237760
0.8318804483188045 0.16811955168119552 0.0

1735237761
0.85375 0.145 0.0

1735237762
0.8701134930643127 0.12988650693568726 0.0

1735237763
0.8443337484433375 0.15566625155666253 0.0

1735237764
0.8022528160200251 0.1964956195244055 0.0

1735237765
0.5369211514392991 0.4130162703379224 0.007509386733416771

1735237766
0.4450063211125158 0.4690265486725664 0.02402022756005057

1735237767
0.4740177439797212 0.4423320659062104 0.025348542458808618

1735237768
0.5893536121673004 0.3561470215462611 0.010139416983523447

1735237769
0.5369897959183674 0.30739795918367346 0.07525510204081633

1735237770
0.5780856423173804 0.3677581863979849 0.010075566750629723

1735237771
0.6466165413533834 0.3157894736842105 0.011278195488721804

1735237772
0.7915106117353309 0.20848938826466917 0.0

1735237773
0.795 0.205 0.0

1735237774
0.8310387984981227 0.15894868585732166 0.007509386733416771

1735237775
0.6419597989949749 0.292713567839196 0.026381909547738693

1735237776
0.6791979949874687 0.2982456140350877 0.0012531328320802004

1735237777
0.5670886075949367 0.2810126582278481 0.0620253164556962

1735237778
0.5472887767969735 0.3076923076923077 0.0617906683480454

1735237779
0.5576441102756893 0.3333333333333333 0.06641604010025062

1735237780
0.6483103879849812 0.3304130162703379 0.0012515644555694619

1735237781
0.5909090909090909 0.3611111111111111 0.0012626262626262627

1735237782
0.6386449184441656 0.30363864491844417 0.00878293601003764

1735237783
0.8425 0.15625 0.0

1735237784
0.8475 0.13875 0.00875

1735237785
0.8601747815230961 0.13982521847690388 0.0

1735237786
0.8808705612829324 0.11912943871706758 0.0

1735237788
0.8597640891218873 0.13958060288335516 0.000655307994757536

1735237789
0.8585732165206508 0.1414267834793492 0.0

1735237790
0.835 0.165 0.0

1735237791
0.87 0.13 0.0

1735237792
0.88625 0.11375 0.0

1735237793
0.8725 0.1275 0.0

1735237794
0.89375 0.10625 0.0

1735237795
0.8675 0.1325 0.0

1735237796
0.87 0.13 0.0

1735237797
0.8813982521847691 0.11860174781523096 0.0

1735237798
0.85375 0.14625 0.0

1735237801
0.2943743937924345 0.14209505334626577 0.5635305528612997

1735237805
0.03827460510328068 0.13608748481166463 0.8089307411907655

