1735192418
/dev/sda1: 25014988800
overlay: 25014988800

1735192419
/dev/sda1: 25017016320
overlay: 25017016320

1735192420
/dev/sda1: 25019330560
overlay: 25019330560

1735192421
/dev/sda1: 25031307264
overlay: 25031307264

1735192422
/dev/sda1: 25072427008
overlay: 25072427008

1735192424
/dev/sda1: 25113538560
overlay: 25113538560

1735192425
/dev/sda1: 25127145472
overlay: 25127145472

1735192426
/dev/sda1: 25147293696
overlay: 25147293696

1735192427
/dev/sda1: 25152823296
overlay: 25152823296

1735192428
/dev/sda1: 25232244736
overlay: 25232244736

1735192429
/dev/sda1: 25323032576
overlay: 25323032576

1735192431
/dev/sda1: 25329496064
overlay: 25329496064

1735192433
/dev/sda1: 25363058688
overlay: 25363058688

1735192434
/dev/sda1: 25374998528
overlay: 25374998528

1735192436
/dev/sda1: 25409511424
overlay: 25409511424

1735192437
/dev/sda1: 25420939264
overlay: 25420939264

1735192438
/dev/sda1: 25433096192
overlay: 25433096192

1735192439
/dev/sda1: 25445076992
overlay: 25445076992

1735192440
/dev/sda1: 25461243904
overlay: 25461243904

1735192441
/dev/sda1: 25556267008
overlay: 25556267008

1735192442
/dev/sda1: 25638998016
overlay: 25638998016

1735192443
/dev/sda1: 25682059264
overlay: 25682059264

1735192444
/dev/sda1: 25734430720
overlay: 25734430720

1735192446
/dev/sda1: 25790550016
overlay: 25790550016

1735192447
/dev/sda1: 25845846016
overlay: 25845846016

1735192449
/dev/sda1: 25904500736
overlay: 25904504832

1735192451
/dev/sda1: 25975058432
overlay: 25975058432

1735192452
/dev/sda1: 26031763456
overlay: 26031763456

1735192454
/dev/sda1: 26069401600
overlay: 26069401600

1735192456
/dev/sda1: 26111344640
overlay: 26111344640

1735192457
/dev/sda1: 26162442240
overlay: 26162442240

1735192459
/dev/sda1: 26215542784
overlay: 26215542784

1735192461
/dev/sda1: 26286870528
overlay: 26286874624

1735192462
/dev/sda1: 26339520512
overlay: 26339524608

1735192465
/dev/sda1: 26378010624
overlay: 26378010624

1735192466
/dev/sda1: 26449559552
overlay: 26449559552

1735192468
/dev/sda1: 26496389120
overlay: 26496389120

1735192469
/dev/sda1: 26546102272
overlay: 26546102272

1735192472
/dev/sda1: 26639081472
overlay: 26639081472

1735192473
/dev/sda1: 26666520576
overlay: 26666520576

1735192475
/dev/sda1: 26712932352
overlay: 26712928256

1735192477
/dev/sda1: 26753937408
overlay: 26753937408

1735192479
/dev/sda1: 26786463744
overlay: 26786463744

1735192481
/dev/sda1: 26804871168
overlay: 26804871168

1735192482
/dev/sda1: 26809085952
overlay: 26809081856

1735192483
/dev/sda1: 26822262784
overlay: 26822262784

1735192485
/dev/sda1: 26845249536
overlay: 26845249536

1735192486
/dev/sda1: 26889670656
overlay: 26889670656

1735192488
/dev/sda1: 26979991552
overlay: 26979991552

1735192490
/dev/sda1: 27016421376
overlay: 27016421376

1735192491
/dev/sda1: 27078520832
overlay: 27078520832

1735192494
/dev/sda1: 27093188608
overlay: 27093188608

1735192495
/dev/sda1: 27096043520
overlay: 27096043520

1735192496
/dev/sda1: 27099922432
overlay: 27099922432

1735192497
/dev/sda1: 27100749824
overlay: 27100749824

1735192498
/dev/sda1: 27102126080
overlay: 27102126080

1735192499
/dev/sda1: 27103154176
overlay: 27103154176

1735192501
/dev/sda1: 27106349056
overlay: 27106349056

1735192502
/dev/sda1: 27122814976
overlay: 27122814976

1735192503
/dev/sda1: 27129384960
overlay: 27129384960

1735192504
/dev/sda1: 27141234688
overlay: 27141234688

1735192505
/dev/sda1: 27155869696
overlay: 27155869696

1735192506
/dev/sda1: 27174141952
overlay: 27174141952

1735192507
/dev/sda1: 27178598400
overlay: 27178598400

1735192508
/dev/sda1: 27180847104
overlay: 27180847104

1735192509
/dev/sda1: 27182678016
overlay: 27182678016

1735192510
/dev/sda1: 27185688576
overlay: 27185688576

1735192511
/dev/sda1: 27187200000
overlay: 27187200000

1735192514
/dev/sda1: 27196366848
overlay: 27196366848

1735192515
/dev/sda1: 27211403264
overlay: 27211403264

1735192517
/dev/sda1: 27338657792
overlay: 27338657792

1735192519
/dev/sda1: 27491966976
overlay: 27491966976

1735192520
/dev/sda1: 27526889472
overlay: 27526893568

1735192522
/dev/sda1: 27537178624
overlay: 27537178624

1735192524
/dev/sda1: 27543728128
overlay: 27543728128

1735192525
/dev/sda1: 27557416960
overlay: 27557416960

1735192526
/dev/sda1: 27578224640
overlay: 27578224640

1735192527
/dev/sda1: 27585253376
overlay: 27585253376

1735192528
/dev/sda1: 27597590528
overlay: 27597590528

1735192530
/dev/sda1: 27613720576
overlay: 27613720576

1735192531
/dev/sda1: 27623456768
overlay: 27623456768

1735192532
/dev/sda1: 27631357952
overlay: 27631362048

1735192533
/dev/sda1: 27642011648
overlay: 27642011648

1735192534
/dev/sda1: 27649937408
overlay: 27649937408

1735192535
/dev/sda1: 27662204928
overlay: 27662204928

1735192537
/dev/sda1: 27684179968
overlay: 27684179968

1735192538
/dev/sda1: 27691872256
overlay: 27691872256

1735192539
/dev/sda1: 27704041472
overlay: 27704041472

1735192540
/dev/sda1: 27829555200
overlay: 27837943808

1735192541
/dev/sda1: 27844321280
overlay: 27844321280

1735192542
/dev/sda1: 27878440960
overlay: 27878440960

1735192543
/dev/sda1: 27887271936
overlay: 27887271936

1735192545
/dev/sda1: 27900166144
overlay: 27900166144

1735192546
/dev/sda1: 27901349888
overlay: 27901349888

1735192548
/dev/sda1: 27903905792
overlay: 27903905792

1735192549
/dev/sda1: 27928346624
overlay: 27928346624

1735192550
/dev/sda1: 27937714176
overlay: 27937714176

1735192551
/dev/sda1: 27947331584
overlay: 27947331584

1735192552
/dev/sda1: 27956449280
overlay: 27956449280

1735192553
/dev/sda1: 27958702080
overlay: 27958702080

1735192554
/dev/sda1: 28013715456
overlay: 28013715456

1735192556
/dev/sda1: 28032921600
overlay: 28032921600

1735192557
/dev/sda1: 28036009984
overlay: 28036009984

1735192558
/dev/sda1: 28047003648
overlay: 28047003648

1735192559
/dev/sda1: 28059951104
overlay: 28059951104

1735192560
/dev/sda1: 28079132672
overlay: 28079132672

1735192562
/dev/sda1: 28104699904
overlay: 28104699904

1735192563
/dev/sda1: 28120096768
overlay: 28120096768

1735192565
/dev/sda1: 28153184256
overlay: 28153184256

1735192566
/dev/sda1: 28170342400
overlay: 28170342400

1735192567
/dev/sda1: 28183605248
overlay: 28183605248

1735192568
/dev/sda1: 28196646912
overlay: 28196646912

1735192569
/dev/sda1: 28211417088
overlay: 28211417088

1735192570
/dev/sda1: 28223725568
overlay: 28223725568

1735192571
/dev/sda1: 28235853824
overlay: 28235853824

1735192572
/dev/sda1: 28255322112
overlay: 28255322112

1735192573
/dev/sda1: 28267520000
overlay: 28267520000

1735192575
/dev/sda1: 28294914048
overlay: 28294914048

1735192576
/dev/sda1: 28307705856
overlay: 28307705856

1735192577
/dev/sda1: 28320014336
overlay: 28320014336

1735192579
/dev/sda1: 28342841344
overlay: 28342841344

1735192580
/dev/sda1: 28355784704
overlay: 28355784704

1735192582
/dev/sda1: 28377542656
overlay: 28377542656

1735192583
/dev/sda1: 28390371328
overlay: 28390371328

1735192584
/dev/sda1: 28417974272
overlay: 28417974272

1735192585
/dev/sda1: 28448649216
overlay: 28448649216

1735192586
/dev/sda1: 28486176768
overlay: 28486176768

1735192587
/dev/sda1: 28490977280
overlay: 28490977280

1735192588
/dev/sda1: 28498059264
overlay: 28498059264

1735192589
/dev/sda1: 28503760896
overlay: 28503760896

1735192590
/dev/sda1: 28524675072
overlay: 28524675072

1735192591
/dev/sda1: 28557684736
overlay: 28557684736

1735192592
/dev/sda1: 28585779200
overlay: 28585779200

1735192593
/dev/sda1: 28600680448
overlay: 28600680448

1735192595
/dev/sda1: 28630081536
overlay: 28630081536

1735192597
/dev/sda1: 28649754624
overlay: 28649754624

1735192599
/dev/sda1: 28682280960
overlay: 28682280960

1735192600
/dev/sda1: 28700557312
overlay: 28700557312

1735192601
/dev/sda1: 28713267200
overlay: 28713267200

1735192602
/dev/sda1: 28726267904
overlay: 28726272000

1735192603
/dev/sda1: 28739063808
overlay: 28739063808

1735192604
/dev/sda1: 28761219072
overlay: 28761219072

1735192605
/dev/sda1: 28772696064
overlay: 28772696064

1735192607
/dev/sda1: 28800643072
overlay: 28800643072

1735192608
/dev/sda1: 28813033472
overlay: 28813033472

1735192609
/dev/sda1: 28826406912
overlay: 28826406912

1735192611
/dev/sda1: 28847169536
overlay: 28847173632

1735192612
/dev/sda1: 28892790784
overlay: 28892790784

1735192614
/dev/sda1: 28970520576
overlay: 28970520576

1735192615
/dev/sda1: 28982845440
overlay: 28982845440

1735192616
/dev/sda1: 28991475712
overlay: 28991475712

1735192617
/dev/sda1: 29041586176
overlay: 29041590272

1735192618
/dev/sda1: 29135720448
overlay: 29135720448

1735192620
/dev/sda1: 29215952896
overlay: 29215952896

1735192621
/dev/sda1: 29282697216
overlay: 29282697216

1735192623
/dev/sda1: 29313626112
overlay: 29313626112

1735192626
/dev/sda1: 29353840640
overlay: 29353840640

1735192627
/dev/sda1: 29378424832
overlay: 29378424832

1735192630
/dev/sda1: 29393469440
overlay: 29393469440

1735192631
/dev/sda1: 29404106752
overlay: 29404098560

1735192632
/dev/sda1: 29417123840
overlay: 29417119744

1735192633
/dev/sda1: 29428273152
overlay: 29428273152

1735192635
/dev/sda1: 29449023488
overlay: 29449023488

1735192636
/dev/sda1: 29459910656
overlay: 29459910656

1735192637
/dev/sda1: 29475311616
overlay: 29475311616

1735192638
/dev/sda1: 29488852992
overlay: 29488852992

1735192640
/dev/sda1: 29512486912
overlay: 29512486912

1735192642
/dev/sda1: 29528035328
overlay: 29528035328

1735192643
/dev/sda1: 29535678464
overlay: 29535678464

1735192644
/dev/sda1: 29536808960
overlay: 29536808960

1735192645
/dev/sda1: 29537337344
overlay: 29537337344

1735192646
/dev/sda1: 29538295808
overlay: 29538295808

1735192647
/dev/sda1: 29538492416
overlay: 29538492416

1735192648
/dev/sda1: 29538729984
overlay: 29538729984

1735192649
/dev/sda1: 29540007936
overlay: 29540007936

1735192650
/dev/sda1: 29541134336
overlay: 29541134336

1735192651
/dev/sda1: 29541834752
overlay: 29541834752

1735192652
/dev/sda1: 29542424576
overlay: 29542424576

1735192653
/dev/sda1: 29544243200
overlay: 29544243200

1735192654
/dev/sda1: 29544030208
overlay: 29544030208

1735192655
/dev/sda1: 29545308160
overlay: 29545308160

1735192656
/dev/sda1: 29547118592
overlay: 29547118592

1735192657
/dev/sda1: 29547757568
overlay: 29547757568

1735192658
/dev/sda1: 29548716032
overlay: 29548716032

1735192659
/dev/sda1: 29551607808
overlay: 29551607808

1735192660
/dev/sda1: 29550850048
overlay: 29550854144

1735192661
/dev/sda1: 29551538176
overlay: 29551538176

1735192662
/dev/sda1: 29554794496
overlay: 29554794496

1735192663
/dev/sda1: 29557207040
overlay: 29557207040

1735192664
/dev/sda1: 29559787520
overlay: 29559787520

1735192665
/dev/sda1: 29560840192
overlay: 29560840192

1735192666
/dev/sda1: 29573685248
overlay: 29573685248

1735192667
/dev/sda1: 29579354112
overlay: 29579354112

1735192668
/dev/sda1: 29583466496
overlay: 29583466496

1735192669
/dev/sda1: 29582966784
overlay: 29582966784

1735192671
/dev/sda1: 29586640896
overlay: 29586640896

1735192672
/dev/sda1: 29588275200
overlay: 29588275200

1735192673
/dev/sda1: 29590134784
overlay: 29590134784

1735192674
/dev/sda1: 29592207360
overlay: 29592207360

1735192675
/dev/sda1: 29598404608
overlay: 29598404608

1735192676
/dev/sda1: 29636722688
overlay: 29636722688

1735192677
/dev/sda1: 29640675328
overlay: 29640675328

1735192678
/dev/sda1: 29650407424
overlay: 29650407424

1735192679
/dev/sda1: 29664305152
overlay: 29664305152

1735192680
/dev/sda1: 29664366592
overlay: 29664366592

1735192681
/dev/sda1: 29679329280
overlay: 29679329280

1735192682
/dev/sda1: 29728534528
overlay: 29728534528

1735192683
/dev/sda1: 29808230400
overlay: 29808230400

1735192685
/dev/sda1: 29925085184
overlay: 29925085184

1735192686
/dev/sda1: 29973442560
overlay: 29973442560

1735192688
/dev/sda1: 30007939072
overlay: 30007939072

1735192689
/dev/sda1: 30042497024
overlay: 30042492928

1735192690
/dev/sda1: 30068510720
overlay: 30068510720

1735192693
/dev/sda1: 30129803264
overlay: 30129803264

1735192694
/dev/sda1: 30167343104
overlay: 30167343104

1735192696
/dev/sda1: 30203215872
overlay: 30203219968

1735192698
/dev/sda1: 30261719040
overlay: 30261719040

1735192699
/dev/sda1: 30315573248
overlay: 30315573248

1735192701
/dev/sda1: 30369034240
overlay: 30369034240

1735192702
/dev/sda1: 30408957952
overlay: 30408998912

1735192704
/dev/sda1: 30447783936
overlay: 30447788032

1735192705
/dev/sda1: 30499631104
overlay: 30499631104

1735192707
/dev/sda1: 30551769088
overlay: 30551769088

1735192709
/dev/sda1: 30578343936
overlay: 30578343936

1735192711
/dev/sda1: 30611279872
overlay: 30611279872

1735192712
/dev/sda1: 30629691392
overlay: 30629691392

1735192715
/dev/sda1: 30692425728
overlay: 30692438016

1735192716
/dev/sda1: 30703726592
overlay: 30703726592

1735192718
/dev/sda1: 30748565504
overlay: 30748565504

1735192719
/dev/sda1: 30795673600
overlay: 30795673600

1735192721
/dev/sda1: 30841892864
overlay: 30841892864

1735192723
/dev/sda1: 30870110208
overlay: 30870110208

1735192724
/dev/sda1: 30910406656
overlay: 30910406656

1735192726
/dev/sda1: 30916308992
overlay: 30916308992

1735192728
/dev/sda1: 30964097024
overlay: 30964097024

1735192730
/dev/sda1: 31014838272
overlay: 31014838272

1735192732
/dev/sda1: 31071666176
overlay: 31071666176

1735192733
/dev/sda1: 31112065024
overlay: 31112065024

1735192736
/dev/sda1: 31177252864
overlay: 31177252864

1735192737
/dev/sda1: 31217197056
overlay: 31217197056

1735192738
/dev/sda1: 31255289856
overlay: 31255289856

1735192740
/dev/sda1: 31286685696
overlay: 31286685696

1735192742
/dev/sda1: 31332405248
overlay: 31332405248

1735192744
/dev/sda1: 31370776576
overlay: 31370776576

1735192745
/dev/sda1: 31406424064
overlay: 31406424064

1735192746
/dev/sda1: 31456522240
overlay: 31456522240

1735192748
/dev/sda1: 31494402048
overlay: 31494402048

1735192750
/dev/sda1: 31537913856
overlay: 31537913856

1735192751
/dev/sda1: 31580315648
overlay: 31580315648

1735192752
/dev/sda1: 31615324160
overlay: 31615324160

1735192755
/dev/sda1: 31691046912
overlay: 31691046912

1735192756
/dev/sda1: 31694041088
overlay: 31694041088

1735192757
/dev/sda1: 31755513856
overlay: 31755513856

1735192759
/dev/sda1: 31812136960
overlay: 31812136960

1735192760
/dev/sda1: 31873335296
overlay: 31873335296

1735192762
/dev/sda1: 31922749440
overlay: 31922749440

1735192763
/dev/sda1: 31982723072
overlay: 31982723072

1735192765
/dev/sda1: 32020754432
overlay: 32020754432

1735192767
/dev/sda1: 32097923072
overlay: 32097923072

1735192768
/dev/sda1: 32153374720
overlay: 32153374720

1735192770
/dev/sda1: 32189624320
overlay: 32189624320

1735192772
/dev/sda1: 32240865280
overlay: 32240865280

1735192773
/dev/sda1: 32289452032
overlay: 32289452032

1735192775
/dev/sda1: 32322539520
overlay: 32322539520

1735192776
/dev/sda1: 32349499392
overlay: 32349503488

1735192778
/dev/sda1: 32411033600
overlay: 32411033600

1735192779
/dev/sda1: 32465010688
overlay: 32465010688

1735192780
/dev/sda1: 32501395456
overlay: 32501395456

1735192783
/dev/sda1: 32563286016
overlay: 32563286016

1735192784
/dev/sda1: 32609275904
overlay: 32609280000

1735192786
/dev/sda1: 32645255168
overlay: 32645255168

1735192788
/dev/sda1: 32700231680
overlay: 32700231680

1735192789
/dev/sda1: 32732184576
overlay: 32732184576

1735192790
/dev/sda1: 32753860608
overlay: 32753860608

1735192792
/dev/sda1: 32780677120
overlay: 32780677120

1735192793
/dev/sda1: 32810377216
overlay: 32810377216

1735192795
/dev/sda1: 32846901248
overlay: 32846901248

1735192797
/dev/sda1: 32881381376
overlay: 32881381376

1735192799
/dev/sda1: 32922615808
overlay: 32922615808

1735192801
/dev/sda1: 32974934016
overlay: 32974934016

1735192803
/dev/sda1: 33029246976
overlay: 33029251072

1735192804
/dev/sda1: 33071513600
overlay: 33071513600

1735192806
/dev/sda1: 33107542016
overlay: 33107542016

1735192807
/dev/sda1: 33143586816
overlay: 33143586816

1735192808
/dev/sda1: 33152241664
overlay: 33152241664

1735192810
/dev/sda1: 33168441344
overlay: 33168441344

1735192811
/dev/sda1: 33181077504
overlay: 33181077504

1735192813
/dev/sda1: 33189371904
overlay: 33189371904

1735192814
/dev/sda1: 33195573248
overlay: 33195573248

1735192815
/dev/sda1: 33201676288
overlay: 33201676288

1735192816
/dev/sda1: 33206394880
overlay: 33206394880

1735192818
/dev/sda1: 33217294336
overlay: 33217294336

1735192819
/dev/sda1: 33223675904
overlay: 33223675904

1735192820
/dev/sda1: 33230278656
overlay: 33230278656

1735192821
/dev/sda1: 33236713472
overlay: 33236713472

1735192822
/dev/sda1: 33243394048
overlay: 33243394048

1735192823
/dev/sda1: 33250459648
overlay: 33250459648

1735192824
/dev/sda1: 33258921984
overlay: 33258921984

1735192825
/dev/sda1: 33267249152
overlay: 33267249152

1735192826
/dev/sda1: 33275801600
overlay: 33275801600

1735192827
/dev/sda1: 33284841472
overlay: 33284841472

1735192828
/dev/sda1: 33296674816
overlay: 33296674816

1735192829
/dev/sda1: 33306021888
overlay: 33306021888

1735192831
/dev/sda1: 33317306368
overlay: 33317306368

1735192832
/dev/sda1: 33322971136
overlay: 33322971136

1735192833
/dev/sda1: 33329094656
overlay: 33329094656

1735192834
/dev/sda1: 33335877632
overlay: 33335877632

1735192835
/dev/sda1: 33343467520
overlay: 33343467520

1735192837
/dev/sda1: 33357127680
overlay: 33357127680

1735192838
/dev/sda1: 33366200320
overlay: 33366200320

1735192839
/dev/sda1: 33375023104
overlay: 33375023104

1735192840
/dev/sda1: 33381879808
overlay: 33381879808

1735192841
/dev/sda1: 33429696512
overlay: 33429696512

1735192842
/dev/sda1: 33478221824
overlay: 33478221824

1735192843
/dev/sda1: 33512038400
overlay: 33512038400

1735192844
/dev/sda1: 33533489152
overlay: 33533489152

1735192845
/dev/sda1: 33548562432
overlay: 33548562432

1735192846
/dev/sda1: 33611177984
overlay: 33611177984

1735192848
/dev/sda1: 33677148160
overlay: 33677148160

1735192849
/dev/sda1: 33685815296
overlay: 33685815296

1735192851
/dev/sda1: 33717374976
overlay: 33717374976

1735192853
/dev/sda1: 33740451840
overlay: 33740451840

1735192854
/dev/sda1: 33754787840
overlay: 33754787840

1735192855
/dev/sda1: 33765552128
overlay: 33765552128

1735192856
/dev/sda1: 33777303552
overlay: 33777303552

1735192858
/dev/sda1: 33814163456
overlay: 33814163456

1735192860
/dev/sda1: 33856929792
overlay: 33856929792

1735192861
/dev/sda1: 33879068672
overlay: 33879068672

1735192862
/dev/sda1: 33906356224
overlay: 33906356224

1735192863
/dev/sda1: 33927794688
overlay: 33927794688

1735192864
/dev/sda1: 33937940480
overlay: 33937940480

1735192866
/dev/sda1: 33952681984
overlay: 33952681984

1735192867
/dev/sda1: 33961086976
overlay: 33961086976

1735192868
/dev/sda1: 33968861184
overlay: 33968861184

1735192869
/dev/sda1: 33977196544
overlay: 33977196544

1735192875
/dev/sda1: 34025431040
overlay: 34025431040

1735192876
/dev/sda1: 34033127424
overlay: 34033127424

1735192877
/dev/sda1: 34040856576
overlay: 34040856576

1735192878
/dev/sda1: 34048811008
overlay: 34048811008

1735192879
/dev/sda1: 34058416128
overlay: 34058416128

1735192880
/dev/sda1: 34067591168
overlay: 34067591168

1735192881
/dev/sda1: 34075058176
overlay: 34075058176

1735192882
/dev/sda1: 34083753984
overlay: 34083753984

1735192883
/dev/sda1: 34090397696
overlay: 34090397696

1735192884
/dev/sda1: 34096259072
overlay: 34096259072

1735192885
/dev/sda1: 34102116352
overlay: 34102116352

1735192886
/dev/sda1: 34108608512
overlay: 34108608512

1735192887
/dev/sda1: 34116243456
overlay: 34116243456

1735192888
/dev/sda1: 34122334208
overlay: 34122334208

1735192889
/dev/sda1: 34128789504
overlay: 34128789504

1735192891
/dev/sda1: 34139373568
overlay: 34139373568

1735192892
/dev/sda1: 34151071744
overlay: 34151071744

1735192893
/dev/sda1: 34160144384
overlay: 34160144384

1735192894
/dev/sda1: 34168066048
overlay: 34168066048

1735192895
/dev/sda1: 34178117632
overlay: 34178117632

1735192897
/dev/sda1: 34206322688
overlay: 34206322688

1735192898
/dev/sda1: 34216890368
overlay: 34216890368

1735192899
/dev/sda1: 34223890432
overlay: 34223890432

1735192901
/dev/sda1: 34232422400
overlay: 34232422400

1735192902
/dev/sda1: 34237128704
overlay: 34237128704

1735192903
/dev/sda1: 34243162112
overlay: 34243162112

1735192904
/dev/sda1: 34249281536
overlay: 34249281536

1735192905
/dev/sda1: 34256048128
overlay: 34256048128

1735192906
/dev/sda1: 34262683648
overlay: 34262683648

1735192907
/dev/sda1: 34269401088
overlay: 34269401088

1735192908
/dev/sda1: 34275479552
overlay: 34275479552

1735192909
/dev/sda1: 34280751104
overlay: 34280751104

1735192910
/dev/sda1: 34287030272
overlay: 34287030272

1735192911
/dev/sda1: 34293358592
overlay: 34293358592

1735192912
/dev/sda1: 34299351040
overlay: 34299351040

1735192914
/dev/sda1: 34313007104
overlay: 34313007104

1735192915
/dev/sda1: 34320580608
overlay: 34320580608

1735192916
/dev/sda1: 34329260032
overlay: 34329260032

1735192917
/dev/sda1: 34340040704
overlay: 34340040704

1735192919
/dev/sda1: 34353573888
overlay: 34353573888

1735192920
/dev/sda1: 34360963072
overlay: 34360963072

1735192921
/dev/sda1: 34373009408
overlay: 34373009408

1735192923
/dev/sda1: 34389688320
overlay: 34389688320

1735192924
/dev/sda1: 34399059968
overlay: 34399059968

1735192925
/dev/sda1: 34408812544
overlay: 34408812544

1735192926
/dev/sda1: 34420162560
overlay: 34420162560

1735192927
/dev/sda1: 34430869504
overlay: 34430869504

1735192928
/dev/sda1: 34439811072
overlay: 34439811072

1735192929
/dev/sda1: 34448777216
overlay: 34448777216

1735192930
/dev/sda1: 34456399872
overlay: 34456399872

1735192931
/dev/sda1: 34461986816
overlay: 34461986816

1735192932
/dev/sda1: 34468241408
overlay: 34468241408

1735192933
/dev/sda1: 34474876928
overlay: 34474876928

1735192934
/dev/sda1: 34481811456
overlay: 34481811456

1735192935
/dev/sda1: 34490015744
overlay: 34490015744

1735192937
/dev/sda1: 34502676480
overlay: 34502676480

1735192938
/dev/sda1: 34508861440
overlay: 34508861440

1735192939
/dev/sda1: 34515443712
overlay: 34515443712

1735192940
/dev/sda1: 34520735744
overlay: 34520735744

1735192941
/dev/sda1: 34526666752
overlay: 34526666752

1735192942
/dev/sda1: 34533130240
overlay: 34533130240

1735192943
/dev/sda1: 34540040192
overlay: 34540040192

1735192944
/dev/sda1: 34547593216
overlay: 34547593216

1735192945
/dev/sda1: 34555576320
overlay: 34555576320

1735192946
/dev/sda1: 34563878912
overlay: 34563878912

1735192947
/dev/sda1: 34571489280
overlay: 34571489280

1735192948
/dev/sda1: 34578968576
overlay: 34578968576

1735192949
/dev/sda1: 34587918336
overlay: 34587918336

1735192950
/dev/sda1: 34594410496
overlay: 34594410496

1735192952
/dev/sda1: 34607845376
overlay: 34607845376

1735192953
/dev/sda1: 34616266752
overlay: 34616266752

1735192954
/dev/sda1: 34624745472
overlay: 34624745472

1735192955
/dev/sda1: 34633281536
overlay: 34633281536

1735192956
/dev/sda1: 34641063936
overlay: 34641063936

1735192957
/dev/sda1: 34650234880
overlay: 34650234880

1735192958
/dev/sda1: 34661588992
overlay: 34661588992

1735192959
/dev/sda1: 34672947200
overlay: 34672947200

1735192960
/dev/sda1: 34686537728
overlay: 34686537728

1735192961
/dev/sda1: 34699653120
overlay: 34699653120

1735192962
/dev/sda1: 34716168192
overlay: 34716168192

1735192963
/dev/sda1: 34731659264
overlay: 34731659264

1735192964
/dev/sda1: 34744332288
overlay: 34744332288

1735192965
/dev/sda1: 34757955584
overlay: 34757955584

1735192967
/dev/sda1: 34780880896
overlay: 34780880896

1735192968
/dev/sda1: 34795139072
overlay: 34795139072

1735192970
/dev/sda1: 34816679936
overlay: 34816679936

1735192971
/dev/sda1: 34824581120
overlay: 34824581120

1735192972
/dev/sda1: 34836344832
overlay: 34836344832

1735192973
/dev/sda1: 34840911872
overlay: 34840911872

1735192974
/dev/sda1: 34846056448
overlay: 34846056448

1735192975
/dev/sda1: 34851033088
overlay: 34851033088

1735192976
/dev/sda1: 34856325120
overlay: 34856329216

1735192977
/dev/sda1: 34861703168
overlay: 34861703168

1735192978
/dev/sda1: 34868166656
overlay: 34868166656

1735192979
/dev/sda1: 34876493824
overlay: 34876493824

1735192981
/dev/sda1: 34890903552
overlay: 34890903552

1735192982
/dev/sda1: 34905726976
overlay: 34905726976

1735192984
/dev/sda1: 34909310976
overlay: 34909310976

1735192985
/dev/sda1: 34915127296
overlay: 34915127296

1735192986
/dev/sda1: 34922889216
overlay: 34922889216

1735192987
/dev/sda1: 34974597120
overlay: 34974593024

1735192988
/dev/sda1: 34998943744
overlay: 34998943744

1735192989
/dev/sda1: 35003547648
overlay: 35003547648

1735192990
/dev/sda1: 35012603904
overlay: 35012603904

1735192991
/dev/sda1: 35021389824
overlay: 35021389824

1735192993
/dev/sda1: 35048841216
overlay: 35048841216

1735192994
/dev/sda1: 35056594944
overlay: 35056594944

1735192995
/dev/sda1: 35064758272
overlay: 35064758272

1735192996
/dev/sda1: 35071856640
overlay: 35071856640

1735192997
/dev/sda1: 35078971392
overlay: 35078971392

1735192998
/dev/sda1: 35088269312
overlay: 35088269312

1735192999
/dev/sda1: 35093733376
overlay: 35093733376

1735193001
/dev/sda1: 35109613568
overlay: 35109613568

1735193002
/dev/sda1: 35115859968
overlay: 35115859968

1735193003
/dev/sda1: 35124068352
overlay: 35124068352

1735193011
/dev/sda1: 35135557632
overlay: 35135557632

1735193111
/dev/sda1: 35135930368
overlay: 35135930368

1735193113
/dev/sda1: 33099014144
overlay: 33099014144

1735193114
/dev/sda1: 33107623936
overlay: 33107623936

1735193115
/dev/sda1: 33121583104
overlay: 33121583104

1735193116
/dev/sda1: 33134870528
overlay: 33134870528

1735193117
/dev/sda1: 33147650048
overlay: 33147650048

1735193118
/dev/sda1: 33159659520
overlay: 33159659520

1735193119
/dev/sda1: 33167171584
overlay: 33167171584

1735193120
/dev/sda1: 33177563136
overlay: 33177563136

1735193121
/dev/sda1: 33185456128
overlay: 33185456128

1735193122
/dev/sda1: 33189060608
overlay: 33189060608

1735193123
/dev/sda1: 33195200512
overlay: 33195200512

1735193124
/dev/sda1: 33199931392
overlay: 33199931392

1735193125
/dev/sda1: 33225953280
overlay: 33225953280

1735193126
/dev/sda1: 33227456512
overlay: 33227456512

1735193127
/dev/sda1: 33230950400
overlay: 33230950400

1735193128
/dev/sda1: 33235124224
overlay: 33235124224

1735193129
/dev/sda1: 33240268800
overlay: 33240272896

1735193139
/dev/sda1: 33282760704
overlay: 33282760704

1735193141
/dev/sda1: 33299243008
overlay: 33299243008

1735193143
/dev/sda1: 33321660416
overlay: 33321660416

1735193176
/dev/sda1: 33370955776
overlay: 33370955776

