1735192419
0.5795454545454546 0.2588383838383838 0.06439393939393939

1735192420
0.12298136645962733 0.08322981366459627 0.05093167701863354

1735192421
0.14285714285714285 0.1111111111111111 0.14774114774114774

1735192422
0.35382685069008785 0.19949811794228356 0.19071518193224593

1735192423
0.34760705289672544 0.190176322418136 0.2594458438287154

1735192424
0.3132832080200501 0.18170426065162906 0.14661654135338345

1735192425
0.31203007518796994 0.22807017543859648 0.005012531328320802

1735192426
0.4127979924717691 0.24717691342534504 0.0012547051442910915

1735192427
0.32375 0.29 0.02625

1735192428
0.39076154806491886 0.20848938826466917 0.046192259675405745

1735192429
0.493116395494368 0.2978723404255319 0.058823529411764705

1735192430
0.42712294043092525 0.38276299112801015 0.051964512040557666

1735192431
0.4599745870393901 0.3392630241423126 0.08386277001270648

1735192432
0.4467265725288832 0.32605905006418484 0.04621309370988447

1735192433
0.4159178433889602 0.28754813863928114 0.06803594351732992

1735192434
0.22194199243379573 0.1450189155107188 0.31778058007566207

1735192435
0.3698630136986301 0.21793275217932753 0.1506849315068493

1735192436
0.3465346534653465 0.16955445544554457 0.09900990099009901

1735192437
0.27909887359199 0.18147684605757197 0.10763454317897372

1735192438
0.410958904109589 0.21046077210460773 0.09339975093399751

1735192439
0.7346683354192741 0.17647058823529413 0.06132665832290363

1735192440
0.41959798994974873 0.2185929648241206 0.005025125628140704

1735192441
0.33910891089108913 0.19925742574257427 0.1311881188118812

1735192442
0.1797752808988764 0.1348314606741573 0.299625468164794

1735192443
0.1634980988593156 0.13814955640050697 0.2864385297845374

1735192444
0.11610486891385768 0.09987515605493133 0.34581772784019976

1735192445
0.16936488169364883 0.12826899128268993 0.40846824408468246

1735192446
0.1116751269035533 0.06598984771573604 0.48350253807106597

1735192447
0.10627400768245839 0.09346991037131883 0.35979513444302175

1735192448
0.14866581956797967 0.12325285895806862 0.32147395171537485

1735192449
0.1133250311332503 0.07721046077210461 0.42341220423412207

1735192450
0.12373737373737374 0.125 0.27525252525252525

1735192451
0.10506329113924051 0.09620253164556962 0.3911392405063291

1735192452
0.08964646464646464 0.09090909090909091 0.3143939393939394

1735192453
0.05864811133200795 0.05964214711729622 0.3667992047713718

1735192454
0.03770491803278689 0.04590163934426229 0.7672131147540984

1735192455
0.03278688524590164 0.05674653215636822 0.46532156368221944

1735192456
0.1011378002528445 0.1125158027812895 0.30973451327433627

1735192457
0.12436548223350254 0.1065989847715736 0.25253807106598986

1735192458
0.13607990012484394 0.0986267166042447 0.2634207240948814

1735192459
0.04671717171717172 0.054292929292929296 0.48737373737373735

1735192460
0.026785714285714284 0.05102040816326531 0.5790816326530612

1735192461
0.08248730964467005 0.08121827411167512 0.4098984771573604

1735192462
0.3579617834394904 0.07898089171974522 0.29936305732484075

1735192463
0.4059278350515464 0.04639175257731959 0.36082474226804123

1735192464
0.17374517374517376 0.055984555984555984 0.5395752895752896

1735192465
0.0663265306122449 0.09183673469387756 0.4872448979591837

1735192466
0.15641476274165203 0.1687170474516696 0.38137082601054484

1735192467
0.08942065491183879 0.13727959697732997 0.371536523929471

1735192468
0.09987357774968394 0.08217446270543616 0.506953223767383

1735192469
0.08470290771175727 0.05436156763590392 0.5183312262958281

1735192470
0.1896551724137931 0.09975369458128079 0.3866995073891626

1735192471
0.175 0.06625 0.55125

1735192472
0.18090452261306533 0.05025125628140704 0.43467336683417085

1735192473
0.2216624685138539 0.07808564231738035 0.2972292191435768

1735192474
0.22490470139771285 0.08767471410419314 0.25921219822109276

1735192475
0.155893536121673 0.09252217997465145 0.2458808618504436

1735192476
0.06030150753768844 0.06030150753768844 0.5062814070351759

1735192477
0.3182389937106918 0.08553459119496855 0.4377358490566038

1735192478
0.48045397225725095 0.07566204287515763 0.2900378310214376

1735192479
0.5056320400500626 0.16020025031289112 0.1939924906132666

1735192480
0.2227784730913642 0.08135168961201501 0.37296620775969963

1735192481
0.4725 0.16 0.22

1735192482
0.8732747804265998 0.12672521957340024 0.0

1735192483
0.8740648379052369 0.1259351620947631 0.0

1735192484
0.8714107365792759 0.1285892634207241 0.0

1735192485
0.8923654568210263 0.10763454317897372 0.0

1735192486
0.8104166666666667 0.08020833333333334 0.08854166666666667

1735192487
0.551617873651772 0.0970724191063174 0.275808936825886

1735192488
0.8618090452261307 0.10552763819095477 0.020100502512562814

1735192489
0.8099378881987578 0.06956521739130435 0.11677018633540373

1735192490
0.84625 0.15 0.00375

1735192491
0.87375 0.12625 0.0

1735192492
0.8689138576779026 0.13108614232209737 0.0

1735192493
0.8961201501877347 0.10387984981226533 0.0

1735192494
0.9013732833957553 0.0986267166042447 0.0

1735192495
0.886107634543179 0.11264080100125157 0.0012515644555694619

1735192496
0.8775 0.1225 0.0

1735192497
0.91625 0.08375 0.0

1735192498
0.9075 0.0925 0.0

1735192499
0.8802992518703242 0.09476309226932668 0.02493765586034913

1735192500
0.8679245283018868 0.1320754716981132 0.0

1735192501
0.8173913043478261 0.12546583850931678 0.008695652173913044

1735192502
0.6349809885931559 0.1761723700887199 0.03802281368821293

1735192503
0.5928753180661578 0.15521628498727735 0.003816793893129771

1735192504
0.4899497487437186 0.19472361809045227 0.02512562814070352

1735192505
0.5972045743329097 0.25412960609911056 0.03939008894536213

1735192506
0.8277153558052435 0.16604244694132334 0.0024968789013732834

1735192507
0.85375 0.14625 0.0

1735192508
0.86 0.13875 0.0

1735192509
0.87125 0.12875 0.0

1735192510
0.8785982478097623 0.11889862327909888 0.0025031289111389237

1735192511
0.8675 0.1325 0.0

1735192512
0.8794749403341289 0.12052505966587113 0.0

1735192513
0.7342105263157894 0.16447368421052633 0.04736842105263158

1735192514
0.5917602996254682 0.17852684144818975 0.1560549313358302

1735192515
0.4696969696969697 0.1994949494949495 0.1452020202020202

1735192516
0.5358490566037736 0.2679245283018868 0.09182389937106918

1735192517
0.3754601226993865 0.1656441717791411 0.2674846625766871

1735192518
0.48427672955974843 0.2943396226415094 0.11069182389937107

1735192519
0.3468057366362451 0.1981747066492829 0.23076923076923078

1735192520
0.3452685421994885 0.2544757033248082 0.27621483375959077

1735192521
0.34007585335018964 0.2515802781289507 0.21871049304677623

1735192522
0.4854614412136536 0.2503160556257901 0.09608091024020228

1735192523
0.18585131894484413 0.11750599520383694 0.41007194244604317

1735192524
0.26329442282749677 0.12321660181582361 0.311284046692607

1735192525
0.6708542713567839 0.24748743718592964 0.0364321608040201

1735192526
0.8518057285180572 0.14819427148194272 0.0

1735192527
0.8895859473023839 0.11041405269761606 0.0

1735192528
0.8585732165206508 0.1414267834793492 0.0

1735192529
0.8868159203980099 0.11318407960199005 0.0

1735192530
0.87468671679198 0.11779448621553884 0.0

1735192531
0.49433962264150944 0.2138364779874214 0.0025157232704402514

1735192532
0.5273189326556544 0.17916137229987295 0.05844980940279543

1735192533
0.6372795969773299 0.23299748110831234 0.008816120906801008

1735192534
0.5413533834586466 0.17167919799498746 0.04887218045112782

1735192535
0.45409429280397023 0.1488833746898263 0.16129032258064516

1735192536
0.4388753056234719 0.15036674816625917 0.14180929095354522

1735192537
0.44766708701134933 0.16519546027742749 0.11727616645649433

1735192538
0.630188679245283 0.22138364779874214 0.06415094339622641

1735192539
0.519350811485643 0.2484394506866417 0.049937578027465665

1735192540
0.509386733416771 0.2978723404255319 0.04130162703379224

1735192541
0.4510050251256281 0.2449748743718593 0.135678391959799

1735192542
0.4461538461538462 0.2564102564102564 0.17307692307692307

1735192543
0.3610062893081761 0.2792452830188679 0.2138364779874214

1735192544
0.29404309252217997 0.17237008871989862 0.385297845373891

1735192545
0.44836272040302266 0.21788413098236775 0.23425692695214106

1735192546
0.7832080200501254 0.18922305764411027 0.005012531328320802

1735192547
0.7867001254705144 0.1932245922208281 0.00878293601003764

1735192548
0.8427672955974843 0.15220125786163521 0.0012578616352201257

1735192549
0.7669172932330827 0.18295739348370926 0.020050125313283207

1735192550
0.7846347607052897 0.19395465994962216 0.0012594458438287153

1735192551
0.5303797468354431 0.21772151898734177 0.04810126582278481

1735192552
0.47110552763819097 0.25753768844221103 0.008793969849246231

1735192553
0.571608040201005 0.28266331658291455 0.005025125628140704

1735192554
0.4918238993710692 0.3710691823899371 0.02012578616352201

1735192555
0.48427672955974843 0.31446540880503143 0.0440251572327044

1735192556
0.43821656050955415 0.17834394904458598 0.22038216560509555

1735192557
0.6486146095717884 0.2783375314861461 0.011335012594458438

1735192558
0.6945137157107232 0.30423940149625933 0.0

1735192559
0.7259073842302879 0.27284105131414266 0.0

1735192560
0.7110834371108343 0.28393524283935245 0.0012453300124533001

1735192561
0.5284450063211125 0.22629582806573956 0.14032869785082175

1735192562
0.53375 0.1925 0.0825

1735192563
0.4905422446406053 0.19672131147540983 0.07944514501891552

1735192564
0.60125 0.22375 0.075

1735192565
0.6620428751576293 0.23329129886506936 0.017654476670870115

1735192566
0.5297092288242731 0.2503160556257901 0.039190897597977246

1735192567
0.314214463840399 0.19451371571072318 0.004987531172069825

1735192568
0.20967741935483872 0.15508684863523572 0.02109181141439206

1735192569
0.3796068796068796 0.18181818181818182 0.03562653562653563

1735192570
0.1905940594059406 0.1646039603960396 0.054455445544554455

1735192571
0.12484394506866417 0.10611735330836454 0.05493133583021224

1735192572
0.4251870324189526 0.2194513715710723 0.1084788029925187

1735192573
0.22789539227895392 0.08094645080946451 0.5168119551681195

1735192574
0.30440097799511 0.16014669926650366 0.14547677261613692

1735192575
0.2698412698412698 0.1111111111111111 0.2148962148962149

1735192576
0.2111801242236025 0.11428571428571428 0.2919254658385093

1735192577
0.17990074441687345 0.07196029776674938 0.31141439205955335

1735192578
0.14912280701754385 0.07017543859649122 0.3182957393483709

1735192579
0.24320987654320989 0.09012345679012346 0.21728395061728395

1735192580
0.1829405162738496 0.1414141414141414 0.30976430976430974

1735192581
0.12533692722371967 0.09703504043126684 0.23180592991913745

1735192582
0.14320987654320988 0.14938271604938272 0.1617283950617284

1735192583
0.34648581997533906 0.2601726263871763 0.016029593094944512

1735192584
0.4781523096129838 0.22347066167290885 0.016229712858926344

1735192585
0.38143036386449186 0.21580928481806774 0.04015056461731493

1735192586
0.40024783147459725 0.2850061957868649 0.012391573729863693

1735192587
0.5184275184275184 0.16461916461916462 0.0085995085995086

1735192588
0.3592592592592593 0.1111111111111111 0.007407407407407408

1735192589
0.43478260869565216 0.14409937888198757 0.009937888198757764

1735192590
0.4705159705159705 0.13513513513513514 0.05773955773955774

1735192591
0.4918238993710692 0.1861635220125786 0.012578616352201259

1735192592
0.418227215980025 0.13108614232209737 0.10611735330836454

1735192593
0.37223587223587223 0.17813267813267813 0.11425061425061425

1735192594
0.3471376370280146 0.1900121802679659 0.12667478684531058

1735192595
0.34981458590852904 0.13967861557478367 0.18665018541409148

1735192596
0.26884422110552764 0.12562814070351758 0.24623115577889448

1735192597
0.2800982800982801 0.1597051597051597 0.14496314496314497

1735192598
0.11660329531051965 0.09759188846641319 0.3523447401774398

1735192599
0.36724565756823824 0.23573200992555832 0.10669975186104218

1735192600
0.4332493702770781 0.25818639798488663 0.022670025188916875

1735192601
0.27860696517412936 0.19527363184079602 0.009950248756218905

1735192602
0.22540473225404734 0.17434620174346202 0.039850560398505604

1735192603
0.3123425692695214 0.18639798488664988 0.006297229219143577

1735192604
0.3146067415730337 0.2808988764044944 0.011235955056179775

1735192605
0.30798004987531175 0.23690773067331672 0.028678304239401497

1735192606
0.23492462311557788 0.23366834170854273 0.002512562814070352

1735192607
0.2628992628992629 0.16584766584766586 0.05773955773955774

1735192608
0.26962025316455696 0.1911392405063291 0.13670886075949368

1735192609
0.39 0.2125 0.07875

1735192610
0.41739130434782606 0.15900621118012423 0.1093167701863354

1735192611
0.5 0.12128712871287128 0.13242574257425743

1735192612
0.2632768361581921 0.13333333333333333 0.19096045197740114

1735192613
0.18976279650436953 0.15355805243445692 0.3595505617977528

1735192614
0.36093943139678614 0.2558714462299135 0.06551297898640297

1735192616
0.27398720682302774 0.21215351812366737 0.1257995735607676

1735192617
0.55625 0.27125 0.00375

1735192618
0.38461538461538464 0.20043336944745396 0.1419284940411701

1735192619
0.24644128113879005 0.17170818505338079 0.22419928825622776

1735192620
0.18471337579617833 0.09681528662420383 0.2394904458598726

1735192621
0.37944162436548223 0.21954314720812182 0.16243654822335024

1735192623
0.19691895512391158 0.13998660415271266 0.3683858004018754

1735192624
0.08427876823338736 0.07941653160453808 0.44894651539708263

1735192625
0.3616636528028933 0.2314647377938517 0.11754068716094032

1735192626
0.20148331273176762 0.13226205191594562 0.30284301606922126

1735192627
0.48115577889447236 0.20728643216080403 0.10804020100502512

1735192628
0.1553030303030303 0.06439393939393939 0.6123737373737373

1735192629
0.40853658536585363 0.1573170731707317 0.2280487804878049

1735192630
0.21151439299123906 0.0688360450563204 0.21777221526908636

1735192631
0.4452466907340554 0.10348977135980746 0.1299638989169675

1735192632
0.5160493827160494 0.09506172839506173 0.16049382716049382

1735192633
0.37160493827160496 0.08271604938271605 0.3333333333333333

1735192634
0.4223057644110276 0.13408521303258145 0.19674185463659147

1735192635
0.5776081424936387 0.17048346055979643 0.05725190839694656

1735192636
0.65125 0.14625 0.0

1735192637
0.456359102244389 0.0685785536159601 0.2880299251870324

1735192638
0.5251889168765743 0.14105793450881612 0.13602015113350127

1735192639
0.583843329253366 0.0966952264381885 0.15177478580171358

1735192640
0.4861111111111111 0.11868686868686869 0.17676767676767677

1735192641
0.55375 0.135 0.14125

1735192642
0.5064102564102564 0.2564102564102564 0.007692307692307693

1735192643
0.45717884130982367 0.2972292191435768 0.02392947103274559

1735192644
0.41116751269035534 0.38578680203045684 0.05203045685279188

1735192645
0.655819774718398 0.3041301627033792 0.0050062578222778474

1735192646
0.6518987341772152 0.30632911392405066 0.0

1735192647
0.6742138364779874 0.2893081761006289 0.0037735849056603774

1735192648
0.7493734335839599 0.24060150375939848 0.0012531328320802004

1735192649
0.7369077306733167 0.24812967581047382 0.004987531172069825

1735192650
0.706700379266751 0.2604298356510746 0.007585335018963337

1735192651
0.7223618090452262 0.25125628140703515 0.00628140703517588

1735192652
0.6913425345043914 0.2823086574654956 0.0

1735192653
0.6444723618090452 0.3479899497487437 0.001256281407035176

1735192654
0.7267002518891688 0.23551637279596976 0.006297229219143577

1735192655
0.6363636363636364 0.2967171717171717 0.006313131313131313

1735192656
0.7816813048933501 0.19949811794228356 0.005018820577164366

1735192657
0.8826466916354557 0.11735330836454431 0.0

1735192658
0.85875 0.13875 0.0

1735192659
0.7868852459016393 0.17528373266078184 0.0

1735192660
0.7196969696969697 0.23863636363636365 0.0012626262626262627

1735192661
0.6955414012738853 0.2 0.003821656050955414

1735192662
0.7142857142857143 0.20408163265306123 0.00510204081632653

1735192663
0.698595146871009 0.2388250319284802 0.006385696040868455

1735192664
0.7727840199750312 0.21972534332084895 0.0012484394506866417

1735192665
0.7556390977443609 0.23934837092731828 0.0

1735192666
0.7006211180124223 0.2968944099378882 0.0

1735192667
0.7814070351758794 0.21482412060301506 0.002512562814070352

1735192668
0.7042606516290727 0.24686716791979949 0.03383458646616541

1735192669
0.42786069651741293 0.30970149253731344 0.12437810945273632

1735192670
0.464735516372796 0.2884130982367758 0.12090680100755667

1735192671
0.42258883248730966 0.34390862944162437 0.011421319796954314

1735192672
0.5492424242424242 0.30176767676767674 0.006313131313131313

1735192673
0.2828282828282828 0.4292929292929293 0.013888888888888888

1735192674
0.4861111111111111 0.3712121212121212 0.005050505050505051

1735192675
0.45408163265306123 0.3405612244897959 0.02040816326530612

1735192676
0.3949367088607595 0.40379746835443037 0.002531645569620253

1735192677
0.4207858048162231 0.4093789607097592 0.010139416983523447

1735192678
0.38010204081632654 0.29081632653061223 0.00510204081632653

1735192679
0.5845959595959596 0.26641414141414144 0.008838383838383838

1735192680
0.7083854818523154 0.2265331664580726 0.012515644555694618

1735192681
0.5413533834586466 0.4523809523809524 0.0

1735192682
0.6115288220551378 0.38095238095238093 0.002506265664160401

1735192683
0.6478696741854637 0.34711779448621555 0.002506265664160401

1735192684
0.64 0.35125 0.005

1735192685
0.62531328320802 0.3508771929824561 0.017543859649122806

1735192686
0.6424090338770388 0.35508155583437895 0.0012547051442910915

1735192687
0.5962264150943396 0.38113207547169814 0.012578616352201259

1735192688
0.5436156763590392 0.4134007585335019 0.03034134007585335

1735192689
0.3893805309734513 0.3084702907711757 0.13147914032869784

1735192690
0.15581643543223053 0.051227321237993596 0.5592315901814301

1735192691
0.5054945054945055 0.29827315541601257 0.11773940345368916

1735192692
0.5382685069008782 0.424090338770389 0.02258469259723965

1735192693
0.5484276729559748 0.42012578616352203 0.022641509433962263

1735192694
0.5788146279949559 0.39344262295081966 0.01639344262295082

1735192695
0.44263775971093045 0.27009936766034326 0.15898825654923215

1735192696
0.03070175438596491 0.019736842105263157 0.40789473684210525

1735192697
0.2379746835443038 0.1468354430379747 0.3379746835443038

1735192698
0.06597671410090557 0.056921086675291076 0.553686934023286

1735192699
0.5625790139064475 0.38305941845764857 0.03413400758533502

1735192700
0.13206046141607 0.06205250596658711 0.6165473349244233

1735192701
0.13559322033898305 0.16610169491525423 0.5084745762711864

1735192702
0.44191919191919193 0.3560606060606061 0.1452020202020202

1735192703
0.5917085427135679 0.3806532663316583 0.016331658291457288

1735192704
0.4247448979591837 0.25892857142857145 0.22448979591836735

1735192705
0.4148527528809219 0.28297055057618437 0.22151088348271447

1735192706
0.08560311284046693 0.0622568093385214 0.7107652399481194

1735192707
0.3118148599269184 0.2496954933008526 0.2801461632155907

1735192709
0.15249537892791126 0.11829944547134935 0.5351201478743068

1735192710
0.46655701754385964 0.20010964912280702 0.2538377192982456

1735192711
0.6844919786096256 0.24598930481283424 0.0374331550802139

1735192712
0.3384615384615385 0.23333333333333334 0.31025641025641026

1735192713
0.3358681875792142 0.24461343472750316 0.18757921419518378

1735192714
0.14668367346938777 0.15306122448979592 0.49744897959183676

1735192715
0.08491847826086957 0.058423913043478264 0.641983695652174

1735192716
0.19827586206896552 0.19827586206896552 0.41379310344827586

1735192717
0.1706700379266751 0.16182048040455121 0.44879898862199746

1735192718
0.22349936143039592 0.1392081736909323 0.4342273307790549

1735192719
0.2717948717948718 0.16153846153846155 0.3628205128205128

1735192720
0.20051085568326948 0.1277139208173691 0.5478927203065134

1735192721
0.1392081736909323 0.12005108556832694 0.5644955300127714

1735192722
0.22593068035943517 0.2336328626444159 0.3645699614890886

1735192723
0.2010443864229765 0.18929503916449086 0.4086161879895561

1735192724
0.45363408521303256 0.39974937343358397 0.10526315789473684

1735192726
0.14016172506738545 0.12129380053908356 0.16981132075471697

1735192727
0.48936170212765956 0.32040050062578224 0.09887359198998748

1735192728
0.2259953161592506 0.20725995316159251 0.3079625292740047

1735192729
0.560853199498118 0.39272271016311167 0.025094102885821833

1735192730
0.8082706766917294 0.18671679197994986 0.0037593984962406013

1735192731
0.7543859649122807 0.23057644110275688 0.012531328320802004

1735192732
0.7853535353535354 0.19570707070707072 0.013888888888888888

1735192733
0.7752525252525253 0.19696969696969696 0.01893939393939394

1735192734
0.7803030303030303 0.1830808080808081 0.017676767676767676

1735192735
0.14559386973180077 0.06436781609195402 0.5624521072796935

1735192736
0.05241935483870968 0.04838709677419355 0.7137096774193549

1735192737
0.22490470139771285 0.09021601016518424 0.44726810673443457

1735192738
0.20439844760672704 0.16688227684346701 0.35316946959896506

1735192739
0.37065637065637064 0.21492921492921493 0.24453024453024452

1735192740
0.1073512252042007 0.061843640606767794 0.6114352392065344

1735192742
0.2052139037433155 0.10695187165775401 0.3770053475935829

1735192743
0.3644388398486759 0.14880201765447668 0.2686002522068096

1735192744
0.24744897959183673 0.10204081632653061 0.38010204081632654

1735192745
0.19924812030075187 0.11027568922305764 0.39097744360902253

1735192746
0.26136363636363635 0.1414141414141414 0.37752525252525254

1735192747
0.3513853904282116 0.10327455919395466 0.34634760705289674

1735192748
0.13282247765006386 0.07662835249042145 0.49936143039591313

1735192749
0.19130434782608696 0.12795031055900621 0.4161490683229814

1735192751
0.20840480274442538 0.1320754716981132 0.5420240137221269

1735192752
0.25922131147540983 0.3145491803278688 0.23155737704918034

1735192753
0.294921875 0.142578125 0.3427734375

1735192754
0.3197452229299363 0.10828025477707007 0.31719745222929935

1735192755
0.20828105395232122 0.07653701380175659 0.5144291091593476

1735192756
0.0425531914893617 0.026282853566958697 0.737171464330413

1735192757
0.4262086513994911 0.1717557251908397 0.23282442748091603

1735192758
0.28040973111395645 0.0973111395646607 0.36235595390524966

1735192759
0.2176696542893726 0.14852752880921896 0.3649167733674776

1735192760
0.15267175572519084 0.11450381679389313 0.539440203562341

1735192761
0.4767295597484277 0.14465408805031446 0.25534591194968553

1735192762
0.22467532467532467 0.08051948051948052 0.5623376623376624

1735192763
0.3443456162642948 0.16899618805590852 0.3570520965692503

1735192764
0.24269377382465057 0.13850063532401524 0.3735705209656925

1735192765
0.467515923566879 0.23439490445859873 0.23312101910828026

1735192766
0.5895806861499364 0.3113087674714104 0.05844980940279543

1735192767
0.631979695431472 0.24873096446700507 0.07741116751269035

1735192768
0.31518987341772153 0.12025316455696203 0.389873417721519

1735192769
0.2951653944020356 0.21882951653944022 0.26463104325699743

1735192770
0.6916354556803995 0.30586766541822724 0.0012484394506866417

1735192771
0.5063291139240507 0.31772151898734174 0.11772151898734177

1735192772
0.5367088607594936 0.1620253164556962 0.23924050632911392

1735192773
0.3105515587529976 0.08393285371702638 0.3273381294964029

1735192774
0.31095890410958904 0.21643835616438356 0.29041095890410956

1735192775
0.3125 0.21045918367346939 0.3354591836734694

1735192776
0.19584954604409857 0.0959792477302205 0.6083009079118028

1735192777
0.21660181582360571 0.17250324254215305 0.26848249027237353

1735192778
0.12222222222222222 0.05555555555555555 0.54

1735192779
0.0900763358778626 0.05801526717557252 0.5465648854961832

1735192780
0.13263979193758127 0.12483745123537061 0.4577373211963589

1735192781
0.10682110682110682 0.17503217503217502 0.45302445302445304

1735192782
0.16514954486345904 0.23146944083224968 0.39791937581274384

1735192783
0.10603112840466926 0.1556420233463035 0.4883268482490272

1735192784
0.08768656716417911 0.11194029850746269 0.6772388059701493

1735192785
0.10909090909090909 0.10649350649350649 0.5688311688311688

1735192786
0.12082262210796915 0.17223650385604114 0.4961439588688946

1735192787
0.1966794380587484 0.10855683269476372 0.4648786717752235

1735192788
0.3226433430515063 0.0738581146744412 0.3877551020408163

1735192790
0.4121338912133891 0.12238493723849372 0.350418410041841

1735192791
0.4038647342995169 0.1072463768115942 0.34396135265700484

1735192792
0.40631808278867104 0.0664488017429194 0.3779956427015251

1735192793
0.31265822784810127 0.05443037974683544 0.529113924050633

1735192794
0.3946700507614213 0.12309644670050761 0.2982233502538071

1735192795
0.3473282442748092 0.11195928753180662 0.4732824427480916

1735192796
0.23499361430395913 0.09067688378033206 0.46871008939974457

1735192797
0.25477707006369427 0.10318471337579618 0.43821656050955415

1735192798
0.22651448639157157 0.07901668129938542 0.44776119402985076

1735192799
0.3198090692124105 0.12410501193317422 0.30787589498806683

1735192800
0.31370038412291934 0.13956466069142126 0.3405889884763124

1735192801
0.2892030848329049 0.10925449871465295 0.38688946015424164

1735192802
0.24685138539042822 0.09697732997481108 0.5478589420654912

1735192803
0.27608142493638677 0.07633587786259542 0.4173027989821883

1735192804
0.2515964240102171 0.08684546615581099 0.49808429118773945

1735192805
0.2884130982367758 0.0982367758186398 0.4659949622166247

1735192806
0.289171974522293 0.09936305732484077 0.34777070063694265

1735192807
0.23153942428035043 0.07384230287859825 0.4793491864831039

1735192808
0.23517978620019436 0.04178814382896016 0.673469387755102

1735192810
0.4216335540838852 0.20014716703458427 0.22369389256806477

1735192811
0.44472361809045224 0.22989949748743718 0.18467336683417085

1735192812
0.36386138613861385 0.14356435643564355 0.3032178217821782

1735192813
0.3092269326683292 0.17830423940149626 0.2630922693266833

1735192814
0.3602015113350126 0.18387909319899245 0.2052896725440806

1735192815
0.4578616352201258 0.26163522012578616 0.13584905660377358

1735192816
0.64625 0.3075 0.02125

1735192817
0.6867167919799498 0.30701754385964913 0.0037593984962406013

1735192818
0.67375 0.32375 0.0

1735192819
0.7428214731585518 0.25593008739076156 0.0

1735192820
0.68375 0.315 0.0

1735192821
0.6420525657071339 0.3566958698372966 0.0

1735192822
0.6779026217228464 0.3208489388264669 0.0

1735192823
0.6942355889724311 0.3057644110275689 0.0

1735192824
0.71 0.28875 0.0

1735192825
0.6700125470514429 0.328732747804266 0.0

1735192826
0.6948941469489415 0.3038605230386052 0.0

1735192827
0.6983729662077597 0.3016270337922403 0.0

1735192828
0.6754385964912281 0.3182957393483709 0.0012531328320802004

1735192829
0.7255639097744361 0.2681704260651629 0.0037593984962406013

1735192830
0.6821026282853567 0.31038798498122655 0.0037546933667083854

1735192831
0.7975 0.2025 0.0

1735192832
0.79375 0.20625 0.0

1735192833
0.82 0.18 0.0

1735192834
0.81125 0.18875 0.0

1735192835
0.7809762202753442 0.21777221526908636 0.0

1735192836
0.5290404040404041 0.21338383838383837 0.13636363636363635

1735192837
0.583969465648855 0.2544529262086514 0.024173027989821884

1735192838
0.6633039092055486 0.266078184110971 0.015132408575031526

1735192839
0.7975 0.175 0.00625

1735192840
0.5939470365699874 0.2597730138713745 0.021437578814627996

1735192841
0.4833759590792839 0.38107416879795397 0.016624040920716114

1735192842
0.5630573248407643 0.2840764331210191 0.024203821656050957

1735192843
0.6804511278195489 0.22681704260651628 0.03383458646616541

1735192844
0.82375 0.17625 0.0

1735192845
0.525062656641604 0.31954887218045114 0.05263157894736842

1735192846
0.45294855708908405 0.36762860727728985 0.06900878293601004

1735192847
0.5031446540880503 0.25157232704402516 0.11823899371069183

1735192848
0.11363636363636363 0.041666666666666664 0.6502525252525253

1735192849
0.14108910891089108 0.11014851485148515 0.5556930693069307

1735192850
0.5448877805486284 0.26932668329177056 0.10349127182044887

1735192851
0.6976160602258469 0.2961104140526976 0.006273525721455458

1735192852
0.7872340425531915 0.20775969962453067 0.0037546933667083854

1735192853
0.7763819095477387 0.15829145728643215 0.06407035175879397

1735192854
0.8275 0.15125 0.01

1735192855
0.8039950062421972 0.19600499375780275 0.0

1735192856
0.7934918648310388 0.2065081351689612 0.0

1735192857
0.5422446406052963 0.31778058007566207 0.05422446406052964

1735192858
0.32325581395348835 0.14186046511627906 0.3744186046511628

1735192859
0.467966573816156 0.2785515320334262 0.14066852367688024

1735192860
0.5283732660781841 0.266078184110971 0.0807061790668348

1735192861
0.49559748427672956 0.17735849056603772 0.16729559748427672

1735192862
0.5031685678073511 0.19771863117870722 0.14195183776932827

1735192863
0.20127388535031848 0.12484076433121019 0.3363057324840764

1735192864
0.09600997506234414 0.08603491271820449 0.49501246882793015

1735192865
0.4075 0.275 0.1725

1735192866
0.6025 0.395 0.00125

1735192867
0.560853199498118 0.437892095357591 0.0

1735192868
0.35544430538172717 0.3216520650813517 0.16520650813516896

1735192869
0.4683229813664596 0.39751552795031053 0.06583850931677018

1735192875
0.34254731022751433 0.25962151817988516 0.1454390814373804

1735192876
0.550125313283208 0.37969924812030076 0.0037593984962406013

1735192877
0.564134495641345 0.43586550435865506 0.0

1735192878
0.6107634543178974 0.38923654568210264 0.0

1735192879
0.5217932752179327 0.47820672478206727 0.0

1735192880
0.5307402760351317 0.46925972396486826 0.0

1735192881
0.4968789013732834 0.50187265917603 0.0

1735192882
0.39348370927318294 0.6027568922305765 0.0

1735192883
0.38107098381070986 0.6027397260273972 0.0136986301369863

1735192884
0.39849624060150374 0.600250626566416 0.0

1735192885
0.3954943679599499 0.6020025031289111 0.0

1735192886
0.39303482587064675 0.6057213930348259 0.0

1735192887
0.4082914572864322 0.5917085427135679 0.0

1735192888
0.3848069738480697 0.6102117061021171 0.0024906600249066002

1735192889
0.3806532663316583 0.6180904522613065 0.0

1735192890
0.4604767879548306 0.5257214554579673 0.012547051442910916

1735192891
0.41551939924906134 0.47309136420525655 0.09011264080100125

1735192892
0.42446941323345816 0.5755305867665418 0.0

1735192893
0.3725247524752475 0.5891089108910891 0.027227722772277228

1735192894
0.37593984962406013 0.6215538847117794 0.0012531328320802004

1735192895
0.424812030075188 0.5701754385964912 0.0012531328320802004

1735192896
0.3925 0.59 0.01

1735192897
0.5497448979591837 0.40561224489795916 0.02806122448979592

1735192898
0.5200501253132832 0.37218045112781956 0.09273182957393483

1735192899
0.737171464330413 0.2615769712140175 0.0012515644555694619

1735192900
0.78625 0.21375 0.0

1735192901
0.7565543071161048 0.24344569288389514 0.0

1735192902
0.7630922693266833 0.23690773067331672 0.0

1735192903
0.8270676691729323 0.17293233082706766 0.0

1735192904
0.8285356695869838 0.17146433041301626 0.0

1735192905
0.79125 0.20875 0.0

1735192906
0.775 0.225 0.0

1735192907
0.805 0.195 0.0

1735192908
0.7465667915106118 0.2534332084893883 0.0

1735192909
0.7872340425531915 0.2127659574468085 0.0

1735192910
0.8175 0.1825 0.0

1735192911
0.8175 0.1825 0.0

1735192912
0.7833125778331258 0.21668742216687423 0.0

1735192913
0.7675879396984925 0.23241206030150754 0.0

1735192914
0.74875 0.25125 0.0

1735192915
0.7852684144818977 0.21473158551810237 0.0

1735192916
0.7434292866082604 0.2565707133917397 0.0

1735192917
0.8177278401997503 0.1822721598002497 0.0

1735192918
0.8341708542713567 0.1658291457286432 0.0

1735192919
0.85125 0.14875 0.0

1735192920
0.7935323383084577 0.2064676616915423 0.0

1735192921
0.8646986469864698 0.13530135301353013 0.0

1735192922
0.8907242693773825 0.10927573062261753 0.0

1735192923
0.805 0.195 0.0

1735192924
0.8525 0.1475 0.0

1735192925
0.8623279098873592 0.1376720901126408 0.0

1735192926
0.8377028714107366 0.16229712858926343 0.0

1735192927
0.7834793491864831 0.21526908635794745 0.0

1735192928
0.7790262172284644 0.2209737827715356 0.0

1735192929
0.81125 0.18875 0.0

1735192930
0.8125 0.1875 0.0

1735192931
0.85125 0.14875 0.0

1735192932
0.81 0.19 0.0

1735192933
0.7808219178082192 0.2191780821917808 0.0

1735192934
0.78625 0.21375 0.0

1735192935
0.7741530740276035 0.2258469259723965 0.0

1735192936
0.78875 0.21125 0.0

1735192937
0.8025 0.1975 0.0

1735192938
0.8160200250312891 0.18397997496871088 0.0

1735192939
0.8537794299876085 0.14622057001239158 0.0

1735192940
0.8627204030226701 0.13727959697732997 0.0

1735192941
0.7772215269086358 0.2227784730913642 0.0

1735192942
0.8725247524752475 0.12747524752475248 0.0

1735192943
0.8045397225725095 0.19546027742749053 0.0

1735192944
0.8035043804755945 0.1964956195244055 0.0

1735192945
0.8064918851435705 0.19350811485642946 0.0

1735192946
0.7834793491864831 0.2165206508135169 0.0

1735192947
0.8014981273408239 0.19850187265917604 0.0

1735192948
0.84 0.16 0.0

1735192949
0.8625 0.1375 0.0

1735192950
0.8094645080946451 0.19053549190535493 0.0

1735192951
0.8555276381909548 0.1444723618090452 0.0

1735192952
0.8526841448189763 0.14731585518102372 0.0

1735192953
0.8475 0.1525 0.0

1735192954
0.8005018820577164 0.19824341279799249 0.0

1735192955
0.8635794743429287 0.13642052565707133 0.0

1735192956
0.81125 0.18875 0.0

1735192957
0.7875 0.2125 0.0

1735192958
0.5734002509410289 0.33877038895859474 0.012547051442910916

1735192959
0.6272264631043257 0.28498727735368956 0.02544529262086514

1735192960
0.6085319949811794 0.2936010037641154 0.020075282308657464

1735192961
0.65875 0.305 0.00625

1735192962
0.4593908629441624 0.37182741116751267 0.05583756345177665

1735192963
0.4842370744010088 0.23959646910466584 0.13240857503152584

1735192964
0.4691046658259773 0.3505674653215637 0.04287515762925599

1735192965
0.5660377358490566 0.23270440251572327 0.07169811320754717

1735192966
0.5255102040816326 0.2602040816326531 0.0625

1735192967
0.475765306122449 0.288265306122449 0.09056122448979592

1735192968
0.36455696202531646 0.2620253164556962 0.1810126582278481

1735192969
0.4157160963244613 0.2788339670468948 0.13561470215462612

1735192970
0.4810126582278481 0.34810126582278483 0.07341772151898734

1735192971
0.6519546027742749 0.3026481715006305 0.01008827238335435

1735192972
0.5559748427672956 0.4037735849056604 0.0037735849056603774

1735192973
0.7446808510638298 0.25406758448060074 0.0012515644555694619

1735192974
0.7487562189054726 0.2512437810945274 0.0

1735192975
0.8235294117647058 0.17521902377972465 0.0

1735192976
0.8397997496871089 0.15894868585732166 0.0

1735192977
0.8377028714107366 0.16229712858926343 0.0

1735192978
0.8628930817610063 0.1371069182389937 0.0

1735192979
0.855 0.145 0.0

1735192980
0.7468827930174564 0.25311720698254364 0.0

1735192981
0.7801507537688442 0.2022613065326633 0.005025125628140704

1735192982
0.4810606060606061 0.3106060606060606 0.09722222222222222

1735192983
0.36213468869123255 0.3443456162642948 0.17534942820838628

1735192984
0.4746192893401015 0.42258883248730966 0.01903553299492386

1735192985
0.5443037974683544 0.35443037974683544 0.01139240506329114

1735192986
0.5649432534678437 0.3417402269861286 0.012610340479192938

1735192987
0.5753768844221105 0.33668341708542715 0.01256281407035176

1735192988
0.5402010050251256 0.2864321608040201 0.12688442211055276

1735192989
0.5590452261306532 0.23869346733668342 0.17839195979899497

1735192990
0.8095238095238095 0.19047619047619047 0.0

1735192991
0.8214731585518102 0.17852684144818975 0.0

1735192992
0.7268170426065163 0.24436090225563908 0.007518796992481203

1735192993
0.478643216080402 0.25 0.157035175879397

1735192994
0.5151515151515151 0.31186868686868685 0.08964646464646464

1735192995
0.5987341772151898 0.3139240506329114 0.02278481012658228

1735192996
0.5383647798742138 0.4238993710691824 0.005031446540880503

1735192997
0.5386565272496832 0.39923954372623577 0.0076045627376425855

1735192998
0.5556962025316455 0.23544303797468355 0.14177215189873418

1735192999
0.733921815889029 0.1614123581336696 0.09079445145018916

1735193000
0.8147684605757196 0.18397997496871088 0.0012515644555694619

1735193001
0.7915106117353309 0.20474406991260924 0.0012484394506866417

1735193002
0.85375 0.145 0.0

1735193003
0.86 0.13375 0.00625

1735193009
0.14340507138291073 0.18282548476454294 0.6678031110164074

1735193011
0.004217432052483599 0.13120899718837864 0.8608247422680413

1735193111
0.004403985414205742 0.3186277027374044 0.6736556930820194

1735193113
0.49829118250170884 0.11688311688311688 0.3684210526315789

1735193114
0.657035175879397 0.27261306532663315 0.05778894472361809

1735193115
0.8598247809762203 0.13642052565707133 0.0

1735193116
0.8345864661654135 0.16541353383458646 0.0

1735193117
0.814214463840399 0.18329177057356608 0.0

1735193118
0.855 0.1425 0.0025

1735193119
0.8685857321652065 0.13141426783479349 0.0

1735193120
0.8940149625935162 0.10224438902743142 0.0

1735193121
0.87625 0.12375 0.0

1735193122
0.8901373283395755 0.10861423220973783 0.0012484394506866417

1735193123
0.88625 0.11375 0.0

1735193124
0.8848560700876095 0.11514392991239049 0.0

1735193125
0.8475 0.1525 0.0

1735193126
0.885 0.115 0.0

1735193127
0.8789013732833958 0.12109862671660425 0.0

1735193128
0.899874843554443 0.10012515644555695 0.0

1735193129
0.86875 0.13125 0.0

1735193130
0.885143570536829 0.11485642946317104 0.0

1735193137
0.09047083400289249 0.15410573678290213 0.7526916278322353

1735193139
0.2476601871850252 0.09071274298056156 0.652267818574514

1735193141
0.8428949691085613 0.1526919682259488 0.00441306266548985

1735193142
0.85 0.15 0.0

1735193143
0.8566131025957973 0.1433868974042027 0.0

1735193144
0.8786346396965866 0.1213653603034134 0.0

1735193146
0.06817901615090617 0.11083713475527061 0.8199975342127974

1735193176
0.0029666946543520853 0.08267562272600056 0.9099916036943745

