1735192418
0.0 0.0 0.0

1735192419
0.0 0.0 0.0

1735192420
0.0 0.0 0.0

1735192421
0.0 0.0 0.0

1735192422
0.0 0.0 0.0

1735192423
0.0 0.0 0.0

1735192424
0.0 0.0 0.0

1735192425
0.0 0.0 0.0

1735192426
0.0 0.0 0.0

1735192427
0.0 0.0 0.0

1735192428
0.0 0.0 0.0

1735192429
0.0 0.0 0.0

1735192430
0.0 0.0 0.0

1735192431
0.0 0.0 0.0

1735192432
0.0 0.0 0.0

1735192433
0.0 0.0 0.0

1735192434
0.0 0.0 0.0

1735192435
0.0 0.0 0.0

1735192436
0.0 0.0 0.0

1735192437
0.0 0.0 0.0

1735192438
0.0 0.0 0.0

1735192439
0.0 0.0 0.0

1735192440
0.0 0.0 0.0

1735192441
0.0 0.0 0.0

1735192442
0.0 0.0 0.0

1735192443
0.0 0.0 0.0

1735192444
0.0 0.0 0.0

1735192445
0.0 0.0 0.0

1735192446
0.0 0.0 0.0

1735192447
0.0 0.0 0.0

1735192448
0.0 0.0 0.0

1735192449
0.0 0.0 0.0

1735192450
0.0 0.0 0.0

1735192451
0.0 0.0 0.0

1735192452
0.0 0.0 0.0

1735192453
0.0 0.0 0.0

1735192454
0.0 0.0 0.0

1735192455
0.0 0.0 0.0

1735192456
0.0 0.0 0.0

1735192457
0.0 0.0 0.0

1735192458
0.0 0.0 0.0

1735192459
0.0 0.0 0.0

1735192460
0.0 0.0 0.0

1735192461
0.0 0.0 0.0

1735192462
0.0 0.0 0.0

1735192463
0.0 0.0 0.0

1735192464
0.0 0.0 0.0

1735192465
0.0 0.0 0.0

1735192466
0.0 0.0 0.0

1735192467
0.0 0.0 0.0

1735192468
0.0 0.0 0.0

1735192469
0.0 0.0 0.0

1735192470
0.0 0.0 0.0

1735192471
0.0 0.0 0.0

1735192472
0.0 0.0 0.0

1735192473
0.0 0.0 0.0

1735192474
0.0 0.0 0.0

1735192475
0.0 0.0 0.0

1735192476
0.0 0.0 0.0

1735192477
0.0 0.0 0.0

1735192478
0.0 0.0 0.0

1735192479
0.0 0.0 0.0

1735192480
0.0 0.0 0.0

1735192481
0.0 0.0 0.0

1735192482
0.0 0.0 0.0

1735192483
0.0 0.0 0.0

1735192484
0.0 0.0 0.0

1735192485
0.0 0.0 0.0

1735192486
0.0 0.0 0.0

1735192487
0.0 0.0 0.0

1735192488
0.0 0.0 0.0

1735192489
0.0 0.0 0.0

1735192490
0.0 0.0 0.0

1735192491
0.0 0.0 0.0

1735192492
0.0 0.0 0.0

1735192493
0.0 0.0 0.0

1735192494
0.0 0.0 0.0

1735192495
0.0 0.0 0.0

1735192496
0.0 0.0 0.0

1735192497
0.0 0.0 0.0

1735192498
0.0 0.0 0.0

1735192499
0.0 0.0 0.0

1735192500
0.0 0.0 0.0

1735192501
0.0 0.0 0.0

1735192502
0.0 0.0 0.0

1735192503
0.0 0.0 0.0

1735192504
0.0 0.0 0.0

1735192505
0.0 0.0 0.0

1735192506
0.0 0.0 0.0

1735192507
0.0 0.0 0.0

1735192508
0.0 0.0 0.0

1735192509
0.0 0.0 0.0

1735192510
0.0 0.0 0.0

1735192511
0.0 0.0 0.0

1735192512
0.0 0.0 0.0

1735192513
0.0 0.0 0.0

1735192514
0.0 0.0 0.0

1735192515
0.0 0.0 0.0

1735192516
0.0 0.0 0.0

1735192517
0.0 0.0 0.0

1735192518
0.0 0.0 0.0

1735192519
0.0 0.0 0.0

1735192520
0.0 0.0 0.0

1735192521
0.0 0.0 0.0

1735192522
0.0 0.0 0.0

1735192523
0.0 0.0 0.0

1735192524
0.0 0.0 0.0

1735192525
0.0 0.0 0.0

1735192526
0.0 0.0 0.0

1735192527
0.0 0.0 0.0

1735192528
0.0 0.0 0.0

1735192529
0.0 0.0 0.0

1735192530
0.0 0.0 0.0

1735192531
0.0 0.0 0.0

1735192532
0.0 0.0 0.0

1735192533
0.0 0.0 0.0

1735192534
0.0 0.0 0.0

1735192535
0.0 0.0 0.0

1735192536
0.0 0.0 0.0

1735192537
0.0 0.0 0.0

1735192538
0.0 0.0 0.0

1735192539
0.0 0.0 0.0

1735192540
0.0 0.0 0.0

1735192541
0.0 0.0 0.0

1735192542
0.0 0.0 0.0

1735192543
0.0 0.0 0.0

1735192544
0.0 0.0 0.0

1735192545
0.0 0.0 0.0

1735192546
0.0 0.0 0.0

1735192547
0.0 0.0 0.0

1735192548
0.0 0.0 0.0

1735192549
0.0 0.0 0.0

1735192550
0.0 0.0 0.0

1735192551
0.0 0.0 0.0

1735192552
0.0 0.0 0.0

1735192553
0.0 0.0 0.0

1735192554
0.0 0.0 0.0

1735192555
0.0 0.0 0.0

1735192556
0.0 0.0 0.0

1735192557
0.0 0.0 0.0

1735192558
0.0 0.0 0.0

1735192559
0.0 0.0 0.0

1735192560
0.0 0.0 0.0

1735192561
0.0 0.0 0.0

1735192562
0.0 0.0 0.0

1735192563
0.0 0.0 0.0

1735192564
0.0 0.0 0.0

1735192565
0.0 0.0 0.0

1735192566
0.0 0.0 0.0

1735192567
0.0 0.0 0.0

1735192568
0.0 0.0 0.0

1735192569
0.0 0.0 0.0

1735192570
0.0 0.0 0.0

1735192571
0.0 0.0 0.0

1735192572
0.0 0.0 0.0

1735192573
0.0 0.0 0.0

1735192574
0.0 0.0 0.0

1735192575
0.0 0.0 0.0

1735192576
0.0 0.0 0.0

1735192577
0.0 0.0 0.0

1735192578
0.0 0.0 0.0

1735192579
0.0 0.0 0.0

1735192580
0.0 0.0 0.0

1735192581
0.0 0.0 0.0

1735192582
0.0 0.0 0.0

1735192583
0.0 0.0 0.0

1735192584
0.0 0.0 0.0

1735192585
0.0 0.0 0.0

1735192586
0.0 0.0 0.0

1735192587
0.0 0.0 0.0

1735192588
0.0 0.0 0.0

1735192589
0.0 0.0 0.0

1735192590
0.0 0.0 0.0

1735192591
0.0 0.0 0.0

1735192592
0.0 0.0 0.0

1735192593
0.0 0.0 0.0

1735192594
0.0 0.0 0.0

1735192595
0.0 0.0 0.0

1735192596
0.0 0.0 0.0

1735192597
0.0 0.0 0.0

1735192598
0.0 0.0 0.0

1735192599
0.0 0.0 0.0

1735192600
0.0 0.0 0.0

1735192601
0.0 0.0 0.0

1735192602
0.0 0.0 0.0

1735192603
0.0 0.0 0.0

1735192604
0.0 0.0 0.0

1735192605
0.0 0.0 0.0

1735192606
0.0 0.0 0.0

1735192607
0.0 0.0 0.0

1735192608
0.0 0.0 0.0

1735192609
0.0 0.0 0.0

1735192610
0.0 0.0 0.0

1735192611
0.0 0.0 0.0

1735192612
0.0 0.0 0.0

1735192613
0.0 0.0 0.0

1735192614
0.0 0.0 0.0

1735192616
0.0 0.0 0.0

1735192617
0.0 0.0 0.0

1735192618
0.0 0.0 0.0

1735192619
0.0 0.0 0.0

1735192620
0.0 0.0 0.0

1735192621
0.0 0.0 0.0

1735192623
0.0 0.0 0.0

1735192624
0.0 0.0 0.0

1735192625
0.0 0.0 0.0

1735192626
0.0 0.0 0.0

1735192627
0.0 0.0 0.0

1735192628
0.0 0.0 0.0

1735192629
0.0 0.0 0.0

1735192630
0.0 0.0 0.0

1735192631
0.0 0.0 0.0

1735192632
0.0 0.0 0.0

1735192633
0.0 0.0 0.0

1735192634
0.0 0.0 0.0

1735192635
0.0 0.0 0.0

1735192636
0.0 0.0 0.0

1735192637
0.0 0.0 0.0

1735192638
0.0 0.0 0.0

1735192639
0.0 0.0 0.0

1735192640
0.0 0.0 0.0

1735192641
0.0 0.0 0.0

1735192642
0.0 0.0 0.0

1735192643
0.0 0.0 0.0

1735192644
0.0 0.0 0.0

1735192645
0.0 0.0 0.0

1735192646
0.0 0.0 0.0

1735192647
0.0 0.0 0.0

1735192648
0.0 0.0 0.0

1735192649
0.0 0.0 0.0

1735192650
0.0 0.0 0.0

1735192651
0.0 0.0 0.0

1735192652
0.0 0.0 0.0

1735192653
0.0 0.0 0.0

1735192654
0.0 0.0 0.0

1735192655
0.0 0.0 0.0

1735192656
0.0 0.0 0.0

1735192657
0.0 0.0 0.0

1735192658
0.0 0.0 0.0

1735192659
0.0 0.0 0.0

1735192660
0.0 0.0 0.0

1735192661
0.0 0.0 0.0

1735192662
0.0 0.0 0.0

1735192663
0.0 0.0 0.0

1735192664
0.0 0.0 0.0

1735192665
0.0 0.0 0.0

1735192666
0.0 0.0 0.0

1735192667
0.0 0.0 0.0

1735192668
0.0 0.0 0.0

1735192669
0.0 0.0 0.0

1735192670
0.0 0.0 0.0

1735192671
0.0 0.0 0.0

1735192672
0.0 0.0 0.0

1735192673
0.0 0.0 0.0

1735192674
0.0 0.0 0.0

1735192675
0.0 0.0 0.0

1735192676
0.0 0.0 0.0

1735192677
0.0 0.0 0.0

1735192678
0.0 0.0 0.0

1735192679
0.0 0.0 0.0

1735192680
0.0 0.0 0.0

1735192681
0.0 0.0 0.0

1735192682
0.0 0.0 0.0

1735192683
0.0 0.0 0.0

1735192684
0.0 0.0 0.0

1735192685
0.0 0.0 0.0

1735192686
0.0 0.0 0.0

1735192687
0.0 0.0 0.0

1735192688
0.0 0.0 0.0

1735192689
0.0 0.0 0.0

1735192690
0.0 0.0 0.0

1735192691
0.0 0.0 0.0

1735192692
0.0 0.0 0.0

1735192693
0.0 0.0 0.0

1735192694
0.0 0.0 0.0

1735192695
0.0 0.0 0.0

1735192696
0.0 0.0 0.0

1735192697
0.0 0.0 0.0

1735192698
0.0 0.0 0.0

1735192699
0.0 0.0 0.0

1735192700
0.0 0.0 0.0

1735192701
0.0 0.0 0.0

1735192702
0.0 0.0 0.0

1735192703
0.0 0.0 0.0

1735192704
0.0 0.0 0.0

1735192705
0.0 0.0 0.0

1735192706
0.0 0.0 0.0

1735192707
0.0 0.0 0.0

1735192709
0.0 0.0 0.0

1735192710
0.0 0.0 0.0

1735192711
0.0 0.0 0.0

1735192712
0.0 0.0 0.0

1735192713
0.0 0.0 0.0

1735192714
0.0 0.0 0.0

1735192715
0.0 0.0 0.0

1735192716
0.0 0.0 0.0

1735192717
0.0 0.0 0.0

1735192718
0.0 0.0 0.0

1735192719
0.0 0.0 0.0

1735192720
0.0 0.0 0.0

1735192721
0.0 0.0 0.0

1735192722
0.0 0.0 0.0

1735192723
0.0 0.0 0.0

1735192724
0.0 0.0 0.0

1735192726
0.0 0.0 0.0

1735192727
0.0 0.0 0.0

1735192728
0.0 0.0 0.0

1735192729
0.0 0.0 0.0

1735192730
0.0 0.0 0.0

1735192731
0.0 0.0 0.0

1735192732
0.0 0.0 0.0

1735192733
0.0 0.0 0.0

1735192734
0.0 0.0 0.0

1735192735
0.0 0.0 0.0

1735192736
0.0 0.0 0.0

1735192737
0.0 0.0 0.0

1735192738
0.0 0.0 0.0

1735192739
0.0 0.0 0.0

1735192740
0.0 0.0 0.0

1735192742
0.0 0.0 0.0

1735192743
0.0 0.0 0.0

1735192744
0.0 0.0 0.0

1735192745
0.0 0.0 0.0

1735192746
0.0 0.0 0.0

1735192747
0.0 0.0 0.0

1735192748
0.0 0.0 0.0

1735192749
0.0 0.0 0.0

1735192751
0.0 0.0 0.0

1735192752
0.0 0.0 0.0

1735192753
0.0 0.0 0.0

1735192754
0.0 0.0 0.0

1735192755
0.0 0.0 0.0

1735192756
0.0 0.0 0.0

1735192757
0.0 0.0 0.0

1735192758
0.0 0.0 0.0

1735192759
0.0 0.0 0.0

1735192760
0.0 0.0 0.0

1735192761
0.0 0.0 0.0

1735192762
0.0 0.0 0.0

1735192763
0.0 0.0 0.0

1735192764
0.0 0.0 0.0

1735192765
0.0 0.0 0.0

1735192766
0.0 0.0 0.0

1735192767
0.0 0.0 0.0

1735192768
0.0 0.0 0.0

1735192769
0.0 0.0 0.0

1735192770
0.0 0.0 0.0

1735192771
0.0 0.0 0.0

1735192772
0.0 0.0 0.0

1735192773
0.0 0.0 0.0

1735192774
0.0 0.0 0.0

1735192775
0.0 0.0 0.0

1735192776
0.0 0.0 0.0

1735192777
0.0 0.0 0.0

1735192778
0.0 0.0 0.0

1735192779
0.0 0.0 0.0

1735192780
0.0 0.0 0.0

1735192781
0.0 0.0 0.0

1735192782
0.0 0.0 0.0

1735192783
0.0 0.0 0.0

1735192784
0.0 0.0 0.0

1735192785
0.0 0.0 0.0

1735192786
0.0 0.0 0.0

1735192787
0.0 0.0 0.0

1735192788
0.0 0.0 0.0

1735192790
0.0 0.0 0.0

1735192791
0.0 0.0 0.0

1735192792
0.0 0.0 0.0

1735192793
0.0 0.0 0.0

1735192794
0.0 0.0 0.0

1735192795
0.0 0.0 0.0

1735192796
0.0 0.0 0.0

1735192797
0.0 0.0 0.0

1735192798
0.0 0.0 0.0

1735192799
0.0 0.0 0.0

1735192800
0.0 0.0 0.0

1735192801
0.0 0.0 0.0

1735192802
0.0 0.0 0.0

1735192803
0.0 0.0 0.0

1735192804
0.0 0.0 0.0

1735192805
0.0 0.0 0.0

1735192806
0.0 0.0 0.0

1735192807
0.0 0.0 0.0

1735192808
0.0 0.0 0.0

1735192810
0.0 0.0 0.0

1735192811
0.0 0.0 0.0

1735192812
0.0 0.0 0.0

1735192813
0.0 0.0 0.0

1735192814
0.0 0.0 0.0

1735192815
0.0 0.0 0.0

1735192816
0.0 0.0 0.0

1735192817
0.0 0.0 0.0

1735192818
0.0 0.0 0.0

1735192819
0.0 0.0 0.0

1735192820
0.0 0.0 0.0

1735192821
0.0 0.0 0.0

1735192822
0.0 0.0 0.0

1735192823
0.0 0.0 0.0

1735192824
0.0 0.0 0.0

1735192825
0.0 0.0 0.0

1735192826
0.0 0.0 0.0

1735192827
0.0 0.0 0.0

1735192828
0.0 0.0 0.0

1735192829
0.0 0.0 0.0

1735192830
0.0 0.0 0.0

1735192831
0.0 0.0 0.0

1735192832
0.0 0.0 0.0

1735192833
0.0 0.0 0.0

1735192834
0.0 0.0 0.0

1735192835
0.0 0.0 0.0

1735192836
0.0 0.0 0.0

1735192837
0.0 0.0 0.0

1735192838
0.0 0.0 0.0

1735192839
0.0 0.0 0.0

1735192840
0.0 0.0 0.0

1735192841
0.0 0.0 0.0

1735192842
0.0 0.0 0.0

1735192843
0.0 0.0 0.0

1735192844
0.0 0.0 0.0

1735192845
0.0 0.0 0.0

1735192846
0.0 0.0 0.0

1735192847
0.0 0.0 0.0

1735192848
0.0 0.0 0.0

1735192849
0.0 0.0 0.0

1735192850
0.0 0.0 0.0

1735192851
0.0 0.0 0.0

1735192852
0.0 0.0 0.0

1735192853
0.0 0.0 0.0

1735192854
0.0 0.0 0.0

1735192855
0.0 0.0 0.0

1735192856
0.0 0.0 0.0

1735192857
0.0 0.0 0.0

1735192858
0.0 0.0 0.0

1735192859
0.0 0.0 0.0

1735192860
0.0 0.0 0.0

1735192861
0.0 0.0 0.0

1735192862
0.0 0.0 0.0

1735192863
0.0 0.0 0.0

1735192864
0.0 0.0 0.0

1735192865
0.0 0.0 0.0

1735192866
0.0 0.0 0.0

1735192867
0.0 0.0 0.0

1735192868
0.0 0.0 0.0

1735192869
0.0 0.0 0.0

1735192875
0.0 0.0 0.0

1735192876
0.0 0.0 0.0

1735192877
0.0 0.0 0.0

1735192878
0.0 0.0 0.0

1735192879
0.0 0.0 0.0

1735192880
0.0 0.0 0.0

1735192881
0.0 0.0 0.0

1735192882
0.0 0.0 0.0

1735192883
0.0 0.0 0.0

1735192884
0.0 0.0 0.0

1735192885
0.0 0.0 0.0

1735192886
0.0 0.0 0.0

1735192887
0.0 0.0 0.0

1735192888
0.0 0.0 0.0

1735192889
0.0 0.0 0.0

1735192890
0.0 0.0 0.0

1735192891
0.0 0.0 0.0

1735192892
0.0 0.0 0.0

1735192893
0.0 0.0 0.0

1735192894
0.0 0.0 0.0

1735192895
0.0 0.0 0.0

1735192896
0.0 0.0 0.0

1735192897
0.0 0.0 0.0

1735192898
0.0 0.0 0.0

1735192899
0.0 0.0 0.0

1735192900
0.0 0.0 0.0

1735192901
0.0 0.0 0.0

1735192902
0.0 0.0 0.0

1735192903
0.0 0.0 0.0

1735192904
0.0 0.0 0.0

1735192905
0.0 0.0 0.0

1735192906
0.0 0.0 0.0

1735192907
0.0 0.0 0.0

1735192908
0.0 0.0 0.0

1735192909
0.0 0.0 0.0

1735192910
0.0 0.0 0.0

1735192911
0.0 0.0 0.0

1735192912
0.0 0.0 0.0

1735192913
0.0 0.0 0.0

1735192914
0.0 0.0 0.0

1735192915
0.0 0.0 0.0

1735192916
0.0 0.0 0.0

1735192917
0.0 0.0 0.0

1735192918
0.0 0.0 0.0

1735192919
0.0 0.0 0.0

1735192920
0.0 0.0 0.0

1735192921
0.0 0.0 0.0

1735192922
0.0 0.0 0.0

1735192923
0.0 0.0 0.0

1735192924
0.0 0.0 0.0

1735192925
0.0 0.0 0.0

1735192926
0.0 0.0 0.0

1735192927
0.0 0.0 0.0

1735192928
0.0 0.0 0.0

1735192929
0.0 0.0 0.0

1735192930
0.0 0.0 0.0

1735192931
0.0 0.0 0.0

1735192932
0.0 0.0 0.0

1735192933
0.0 0.0 0.0

1735192934
0.0 0.0 0.0

1735192935
0.0 0.0 0.0

1735192936
0.0 0.0 0.0

1735192937
0.0 0.0 0.0

1735192938
0.0 0.0 0.0

1735192939
0.0 0.0 0.0

1735192940
0.0 0.0 0.0

1735192941
0.0 0.0 0.0

1735192942
0.0 0.0 0.0

1735192943
0.0 0.0 0.0

1735192944
0.0 0.0 0.0

1735192945
0.0 0.0 0.0

1735192946
0.0 0.0 0.0

1735192947
0.0 0.0 0.0

1735192948
0.0 0.0 0.0

1735192949
0.0 0.0 0.0

1735192950
0.0 0.0 0.0

1735192951
0.0 0.0 0.0

1735192952
0.0 0.0 0.0

1735192953
0.0 0.0 0.0

1735192954
0.0 0.0 0.0

1735192955
0.0 0.0 0.0

1735192956
0.0 0.0 0.0

1735192957
0.0 0.0 0.0

1735192958
0.0 0.0 0.0

1735192959
0.0 0.0 0.0

1735192960
0.0 0.0 0.0

1735192961
0.0 0.0 0.0

1735192962
0.0 0.0 0.0

1735192963
0.0 0.0 0.0

1735192964
0.0 0.0 0.0

1735192965
0.0 0.0 0.0

1735192966
0.0 0.0 0.0

1735192967
0.0 0.0 0.0

1735192968
0.0 0.0 0.0

1735192969
0.0 0.0 0.0

1735192970
0.0 0.0 0.0

1735192971
0.0 0.0 0.0

1735192972
0.0 0.0 0.0

1735192973
0.0 0.0 0.0

1735192974
0.0 0.0 0.0

1735192975
0.0 0.0 0.0

1735192976
0.0 0.0 0.0

1735192977
0.0 0.0 0.0

1735192978
0.0 0.0 0.0

1735192979
0.0 0.0 0.0

1735192980
0.0 0.0 0.0

1735192981
0.0 0.0 0.0

1735192982
0.0 0.0 0.0

1735192983
0.0 0.0 0.0

1735192984
0.0 0.0 0.0

1735192985
0.0 0.0 0.0

1735192986
0.0 0.0 0.0

1735192987
0.0 0.0 0.0

1735192988
0.0 0.0 0.0

1735192989
0.0 0.0 0.0

1735192990
0.0 0.0 0.0

1735192991
0.0 0.0 0.0

1735192992
0.0 0.0 0.0

1735192993
0.0 0.0 0.0

1735192994
0.0 0.0 0.0

1735192995
0.0 0.0 0.0

1735192996
0.0 0.0 0.0

1735192997
0.0 0.0 0.0

1735192998
0.0 0.0 0.0

1735192999
0.0 0.0 0.0

1735193000
0.0 0.0 0.0

1735193001
0.0 0.0 0.0

1735193002
0.0 0.0 0.0

1735193003
0.0 0.0 0.0

1735193009
0.0 0.0 0.0

1735193011
0.0 0.0 0.0

1735193111
0.0 0.0 0.0

1735193113
0.0 0.0 0.0

1735193114
0.0 0.0 0.0

1735193115
0.0 0.0 0.0

1735193116
0.0 0.0 0.0

1735193117
0.0 0.0 0.0

1735193118
0.0 0.0 0.0

1735193119
0.0 0.0 0.0

1735193120
0.0 0.0 0.0

1735193121
0.0 0.0 0.0

1735193122
0.0 0.0 0.0

1735193123
0.0 0.0 0.0

1735193124
0.0 0.0 0.0

1735193125
0.0 0.0 0.0

1735193126
0.0 0.0 0.0

1735193127
0.0 0.0 0.0

1735193128
0.0 0.0 0.0

1735193129
0.0 0.0 0.0

1735193130
0.0 0.0 0.0

1735193137
0.0 0.0 0.0

1735193139
0.0 0.0 0.0

1735193141
0.0 0.0 0.0

1735193142
0.0 0.0 0.0

1735193143
0.0 0.0 0.0

1735193144
0.0 0.0 0.0

1735193146
0.0 0.0 0.0

