1735192418
4006768 187012 576472 1490148 0 0

1735192419
4006768 178456 572520 1393352 0 0

1735192420
4006768 151448 572520 1396556 0 0

1735192421
4006768 151184 572520 1408596 0 0

1735192422
4006768 122920 566740 1414516 0 0

1735192423
4006768 152244 558608 1401372 0 0

1735192424
4006768 129196 558628 1412880 0 0

1735192425
4006768 124308 558628 1426376 0 0

1735192426
4006768 146832 555888 1430880 0 0

1735192427
4006768 115936 553088 1426056 0 0

1735192428
4006768 118788 541560 1441112 0 0

1735192429
4006768 133724 527916 1458716 0 0

1735192430
4006768 116620 528004 1463548 0 0

1735192431
4006768 184360 522744 1418752 0 0

1735192432
4006768 134096 522776 1432992 0 0

1735192433
4006768 131348 522828 1450532 0 0

1735192434
4006768 120656 522832 1461688 0 0

1735192435
4006768 261464 512280 1344504 0 0

1735192436
4006768 218204 512280 1366620 0 0

1735192437
4006768 205232 512400 1384664 0 0

1735192438
4006768 138952 508616 1380956 0 0

1735192439
4006768 120484 498000 1349956 0 0

1735192440
4006768 235372 498008 1365644 0 0

1735192441
4006768 132936 498008 1458808 0 0

1735192442
4006768 107652 484652 1467828 0 0

1735192443
4006768 117896 477528 1482160 0 0

1735192444
4006768 118644 465420 1470568 0 0

1735192445
4006768 113520 458428 1468336 0 0

1735192446
4006768 123524 453628 1489308 0 0

1735192447
4006768 120528 441636 1453608 0 0

1735192448
4006768 158316 438824 1477808 0 0

1735192449
4006768 118352 437240 1497168 0 0

1735192450
4006768 139048 428016 1477184 0 0

1735192451
4006768 153344 425088 1459616 0 0

1735192452
4006768 106432 425388 1493632 0 0

1735192453
4006768 110464 420868 1495188 0 0

1735192454
4006768 116800 417744 1494448 0 0

1735192455
4006768 121032 414572 1494144 0 0

1735192456
4006768 120440 407416 1487000 0 0

1735192457
4006768 107680 403368 1497516 0 0

1735192458
4006768 118260 397068 1493940 0 0

1735192459
4006768 110452 391164 1497792 0 0

1735192460
4006768 119836 383512 1482236 0 0

1735192461
4006768 109812 383636 1511760 0 0

1735192462
4006768 118864 377076 1497512 0 0

1735192463
4006768 106816 373916 1507136 0 0

1735192464
4006768 139036 373980 1524052 0 0

1735192465
4006768 126824 370900 1530332 0 0

1735192466
4006768 114960 362096 1514240 0 0

1735192467
4006768 127868 359568 1528688 0 0

1735192468
4006768 109720 356544 1542080 0 0

1735192469
4006768 135708 353616 1556268 0 0

1735192470
4006768 124264 350444 1579600 0 0

1735192471
4006768 124288 340864 1564384 0 0

1735192472
4006768 118996 339748 1578912 0 0

1735192473
4006768 112652 338200 1584860 0 0

1735192474
4006768 125592 333280 1569064 0 0

1735192475
4006768 117188 327308 1549944 0 0

1735192476
4006768 123476 328256 1567048 0 0

1735192477
4006768 119624 326032 1565256 0 0

1735192478
4006768 157412 325432 1570416 0 0

1735192479
4006768 150568 325472 1583616 0 0

1735192480
4006768 125260 325504 1602096 0 0

1735192481
4006768 139872 315244 1533056 0 0

1735192482
4006768 118512 305892 1471108 0 0

1735192483
4006768 157940 297464 1428740 0 0

1735192484
4006768 106796 297632 1442700 0 0

1735192485
4006768 131708 285940 1366584 0 0

1735192486
4006768 119448 280312 1326456 0 0

1735192487
4006768 237936 279352 1325020 0 0

1735192488
4006768 183724 282368 1394396 0 0

1735192489
4006768 115364 282416 1395204 0 0

1735192490
4006768 155692 278672 1392940 0 0

1735192491
4006768 116412 265408 1346268 0 0

1735192492
4006768 126512 261856 1336608 0 0

1735192493
4006768 123800 256000 1297540 0 0

1735192494
4006768 126072 243040 1217552 0 0

1735192495
4006768 393568 243352 1220096 0 0

1735192496
4006768 303564 243448 1223596 0 0

1735192497
4006768 264984 243540 1225108 0 0

1735192498
4006768 280160 243608 1225964 0 0

1735192499
4006768 272464 243856 1227068 0 0

1735192500
4006768 284908 243948 1228308 0 0

1735192501
4006768 286088 244480 1231060 0 0

1735192502
4006768 322020 245212 1253548 0 0

1735192503
4006768 276896 245360 1260068 0 0

1735192504
4006768 452180 245492 1272708 0 0

1735192505
4006768 460236 245576 1303244 0 0

1735192506
4006768 244300 246108 1327592 0 0

1735192507
4006768 253100 246388 1334328 0 0

1735192508
4006768 272564 246612 1336724 0 0

1735192509
4006768 205560 247028 1339312 0 0

1735192510
4006768 110040 243392 1319340 0 0

1735192511
4006768 115424 239460 1297416 0 0

1735192512
4006768 363932 239584 1299380 0 0

1735192513
4006768 419992 239708 1300800 0 0

1735192514
4006768 463000 240072 1309368 0 0

1735192515
4006768 450204 240924 1323864 0 0

1735192516
4006768 349744 249440 1390544 0 0

1735192517
4006768 235236 253660 1445340 0 0

1735192518
4006768 117004 254328 1532812 0 0

1735192519
4006768 123708 249688 1535176 0 0

1735192520
4006768 278476 246772 1521624 0 0

1735192521
4006768 286164 247016 1524124 0 0

1735192522
4006768 298044 247988 1531456 0 0

1735192523
4006768 270748 248276 1537804 0 0

1735192524
4006768 284440 248484 1539608 0 0

1735192525
4006768 136768 247232 1536032 0 0

1735192526
4006768 129376 237592 1471768 0 0

1735192527
4006768 179436 230200 1409648 0 0

1735192528
4006768 116540 230244 1421184 0 0

1735192529
4006768 111164 224908 1379280 0 0

1735192530
4006768 151940 225260 1387172 0 0

1735192531
4006768 288148 225348 1396464 0 0

1735192532
4006768 299144 225480 1410584 0 0

1735192533
4006768 299948 225800 1421060 0 0

1735192534
4006768 242176 226188 1428304 0 0

1735192535
4006768 199252 226352 1439008 0 0

1735192536
4006768 179040 226444 1449032 0 0

1735192537
4006768 329332 226556 1462180 0 0

1735192538
4006768 343352 226824 1475392 0 0

1735192539
4006768 316796 227128 1488596 0 0

1735192540
4006768 223308 230724 1615820 0 0

1735192541
4006768 194312 231208 1631520 0 0

1735192542
4006768 135444 231988 1664636 0 0

1735192543
4006768 138728 232296 1672584 0 0

1735192544
4006768 122904 232716 1681760 0 0

1735192545
4006768 165028 232260 1677632 0 0

1735192546
4006768 143524 229628 1648216 0 0

1735192547
4006768 183772 225828 1603472 0 0

1735192548
4006768 170668 226356 1605808 0 0

1735192549
4006768 155072 226936 1629360 0 0

1735192550
4006768 133688 227652 1638480 0 0

1735192551
4006768 233060 226788 1632904 0 0

1735192552
4006768 232304 227700 1642580 0 0

1735192553
4006768 212276 228152 1644548 0 0

1735192554
4006768 135164 237760 1694260 0 0

1735192555
4006768 155300 238316 1701012 0 0

1735192556
4006768 141612 236220 1682392 0 0

1735192557
4006768 179964 236584 1686104 0 0

1735192558
4006768 138616 233128 1650060 0 0

1735192559
4006768 196648 233288 1663524 0 0

1735192560
4006768 150456 232308 1663700 0 0

1735192561
4006768 148908 232688 1678224 0 0

1735192562
4006768 145772 230412 1659492 0 0

1735192563
4006768 146480 230708 1672612 0 0

1735192564
4006768 283472 229812 1498032 0 0

1735192565
4006768 326236 230232 1522140 0 0

1735192566
4006768 320664 230500 1539056 0 0

1735192567
4006768 300500 230740 1552468 0 0

1735192568
4006768 301060 230964 1564748 0 0

1735192569
4006768 274360 231524 1579600 0 0

1735192570
4006768 252692 231788 1594816 0 0

1735192571
4006768 258844 231928 1606980 0 0

1735192572
4006768 214232 232596 1626380 0 0

1735192573
4006768 151768 232688 1639104 0 0

1735192574
4006768 166072 232828 1656952 0 0

1735192575
4006768 149428 232964 1667744 0 0

1735192576
4006768 119528 233000 1680016 0 0

1735192577
4006768 137132 233128 1691688 0 0

1735192578
4006768 136316 230712 1671880 0 0

1735192579
4006768 114484 230756 1684204 0 0

1735192580
4006768 115208 230860 1697080 0 0

1735192581
4006768 125340 228444 1677768 0 0

1735192582
4006768 153652 228792 1688036 0 0

1735192583
4006768 138372 229044 1700888 0 0

1735192584
4006768 114236 229648 1727724 0 0

1735192585
4006768 114528 227272 1729236 0 0

1735192586
4006768 178548 224868 1717800 0 0

1735192587
4006768 137624 225276 1724184 0 0

1735192588
4006768 112488 225604 1730868 0 0

1735192589
4006768 136284 222560 1696176 0 0

1735192590
4006768 108552 223524 1720240 0 0

1735192591
4006768 134172 222708 1725368 0 0

1735192592
4006768 192532 222436 1651608 0 0

1735192593
4006768 144124 222652 1665424 0 0

1735192594
4006768 139728 222820 1676772 0 0

1735192595
4006768 121544 223384 1695804 0 0

1735192596
4006768 148012 221336 1674588 0 0

1735192597
4006768 126168 221364 1687028 0 0

1735192598
4006768 127912 221388 1699244 0 0

1735192599
4006768 131764 220544 1710204 0 0

1735192600
4006768 119232 218816 1688404 0 0

1735192601
4006768 118160 218556 1694412 0 0

1735192602
4006768 167772 215680 1664352 0 0

1735192603
4006768 148492 215860 1677956 0 0

1735192604
4006768 140388 216532 1699532 0 0

1735192605
4006768 110956 216284 1703864 0 0

1735192606
4006768 136112 215104 1696608 0 0

1735192607
4006768 134492 215248 1709648 0 0

1735192608
4006768 124740 214380 1708144 0 0

1735192609
4006768 174084 209788 1645964 0 0

1735192610
4006768 173664 209948 1661560 0 0

1735192611
4006768 139044 210152 1667576 0 0

1735192612
4006768 137960 211020 1710208 0 0

1735192613
4006768 151444 211104 1721616 0 0

1735192614
4006768 131064 206716 1729480 0 0

1735192616
4006768 137684 206312 1730236 0 0

1735192617
4006768 143932 206284 1729572 0 0

1735192618
4006768 128072 202952 1727760 0 0

1735192619
4006768 168276 197008 1715120 0 0

1735192620
4006768 140848 194464 1734848 0 0

1735192621
4006768 133956 192464 1703576 0 0

1735192623
4006768 152372 192016 1707668 0 0

1735192624
4006768 181484 192088 1710676 0 0

1735192625
4006768 182136 183144 1706944 0 0

1735192626
4006768 152804 183680 1723168 0 0

1735192627
4006768 146164 184672 1731908 0 0

1735192628
4006768 130628 183444 1709708 0 0

1735192629
4006768 113972 181224 1645088 0 0

1735192630
4006768 126240 179804 1619780 0 0

1735192631
4006768 124296 179360 1539908 0 0

1735192632
4006768 155892 178020 1495820 0 0

1735192633
4006768 154676 178080 1505512 0 0

1735192634
4006768 162220 178096 1517796 0 0

1735192635
4006768 158260 178112 1529304 0 0

1735192636
4006768 106196 178124 1540404 0 0

1735192637
4006768 120200 176840 1528572 0 0

1735192638
4006768 130648 175428 1513468 0 0

1735192639
4006768 127632 174108 1502364 0 0

1735192640
4006768 132524 174124 1513216 0 0

1735192641
4006768 159960 169936 1511416 0 0

1735192642
4006768 205076 169968 1521292 0 0

1735192643
4006768 194116 169984 1529572 0 0

1735192644
4006768 167116 169996 1536412 0 0

1735192645
4006768 146372 170012 1538924 0 0

1735192646
4006768 171856 170032 1543216 0 0

1735192647
4006768 143660 170100 1546256 0 0

1735192648
4006768 136284 170128 1549736 0 0

1735192649
4006768 174980 165236 1526560 0 0

1735192650
4006768 186460 165296 1529460 0 0

1735192651
4006768 174852 165328 1532520 0 0

1735192652
4006768 209956 165600 1535024 0 0

1735192653
4006768 202624 165760 1541868 0 0

1735192654
4006768 140372 165952 1544804 0 0

1735192655
4006768 219032 166108 1546432 0 0

1735192656
4006768 145420 164480 1511728 0 0

1735192657
4006768 166296 164480 1512744 0 0

1735192658
4006768 181704 159940 1436396 0 0

1735192659
4006768 247028 159944 1439328 0 0

1735192660
4006768 256976 159952 1439588 0 0

1735192661
4006768 221328 159980 1440928 0 0

1735192662
4006768 278408 160108 1444348 0 0

1735192663
4006768 179708 160192 1447096 0 0

1735192664
4006768 254888 160292 1450336 0 0

1735192665
4006768 196844 160392 1451812 0 0

1735192666
4006768 213444 160440 1464688 0 0

1735192667
4006768 156264 134612 1370540 0 0

1735192668
4006768 348936 134760 1374732 0 0

1735192669
4006768 337468 134936 1375708 0 0

1735192670
4006768 482516 134980 1378876 0 0

1735192671
4006768 475944 135376 1382388 0 0

1735192672
4006768 453860 135800 1384276 0 0

1735192673
4006768 492876 136036 1387668 0 0

1735192674
4006768 443840 136244 1389896 0 0

1735192675
4006768 445672 136408 1396640 0 0

1735192676
4006768 409128 136924 1436316 0 0

1735192677
4006768 407312 137436 1440856 0 0

1735192678
4006768 417240 137976 1450564 0 0

1735192679
4006768 414288 139036 1466636 0 0

1735192680
4006768 406580 139124 1466972 0 0

1735192681
4006768 358176 139488 1484448 0 0

1735192682
4006768 253248 142084 1538076 0 0

1735192683
4006768 135068 147192 1609360 0 0

1735192684
4006768 139916 153320 1592856 0 0

1735192685
4006768 190200 152296 1518888 0 0

1735192686
4006768 146984 152924 1570960 0 0

1735192687
4006768 157980 152408 1556132 0 0

1735192688
4006768 152448 152424 1578600 0 0

1735192689
4006768 151624 152608 1601764 0 0

1735192690
4006768 135148 152928 1630068 0 0

1735192691
4006768 295952 150200 1403548 0 0

1735192692
4006768 297424 150272 1428264 0 0

1735192693
4006768 245712 151200 1452604 0 0

1735192694
4006768 247500 152620 1477820 0 0

1735192695
4006768 210696 155028 1523512 0 0

1735192696
4006768 187032 156064 1540720 0 0

1735192697
4006768 139648 157700 1570676 0 0

1735192698
4006768 140036 158844 1582432 0 0

1735192699
4006768 156220 157256 1536204 0 0

1735192700
4006768 110884 160348 1590812 0 0

1735192701
4006768 149156 158468 1535624 0 0

1735192702
4006768 266208 150988 1399584 0 0

1735192703
4006768 237916 152692 1428388 0 0

1735192704
4006768 207788 154584 1459272 0 0

1735192705
4006768 191308 154108 1470024 0 0

1735192706
4006768 159988 155592 1479564 0 0

1735192707
4006768 177064 146184 1455492 0 0

1735192709
4006768 225672 140312 1444204 0 0

1735192710
4006768 288156 137460 1285436 0 0

1735192711
4006768 297000 137992 1293956 0 0

1735192712
4006768 324900 138920 1312420 0 0

1735192713
4006768 317296 140112 1338212 0 0

1735192714
4006768 307596 141192 1360300 0 0

1735192715
4006768 285920 141944 1385160 0 0

1735192716
4006768 264184 141948 1386056 0 0

1735192717
4006768 209120 142772 1410408 0 0

1735192718
4006768 187456 143828 1434876 0 0

1735192719
4006768 141224 144776 1452628 0 0

1735192720
4006768 126176 146116 1474748 0 0

1735192721
4006768 118016 146900 1501564 0 0

1735192722
4006768 139900 146436 1474664 0 0

1735192723
4006768 131064 147640 1487400 0 0

1735192724
4006768 221500 147600 1422256 0 0

1735192726
4006768 192908 147944 1434284 0 0

1735192727
4006768 171656 149176 1465516 0 0

1735192728
4006768 128148 150280 1495728 0 0

1735192729
4006768 173648 149356 1404364 0 0

1735192730
4006768 121776 149912 1395668 0 0

1735192731
4006768 156660 146968 1382500 0 0

1735192732
4006768 209368 147240 1363220 0 0

1735192733
4006768 133944 148532 1397640 0 0

1735192734
4006768 122176 149268 1424380 0 0

1735192735
4006768 168764 149596 1470996 0 0

1735192736
4006768 159828 149688 1479148 0 0

1735192737
4006768 156732 149656 1481232 0 0

1735192738
4006768 125664 150132 1512796 0 0

1735192739
4006768 124624 150152 1491664 0 0

1735192740
4006768 114660 150240 1495364 0 0

1735192742
4006768 127840 149180 1452880 0 0

1735192743
4006768 139496 149436 1448788 0 0

1735192744
4006768 115412 149456 1460888 0 0

1735192745
4006768 197144 149396 1379464 0 0

1735192746
4006768 237984 150264 1343704 0 0

1735192747
4006768 180600 150540 1374392 0 0

1735192748
4006768 201200 150924 1399092 0 0

1735192749
4006768 189156 150944 1421084 0 0

1735192751
4006768 111848 150984 1463588 0 0

1735192752
4006768 270876 139268 1283660 0 0

1735192753
4006768 185316 138300 1314768 0 0

1735192754
4006768 166588 137604 1345148 0 0

1735192755
4006768 162808 137568 1358160 0 0

1735192756
4006768 140548 137568 1364768 0 0

1735192757
4006768 133392 137144 1383704 0 0

1735192758
4006768 118364 136900 1403956 0 0

1735192759
4006768 115300 136196 1380080 0 0

1735192760
4006768 146192 135308 1372464 0 0

1735192761
4006768 121984 134500 1364912 0 0

1735192762
4006768 122128 134580 1405224 0 0

1735192763
4006768 119748 128764 1365292 0 0

1735192764
4006768 188580 126200 1356396 0 0

1735192765
4006768 153148 121488 1296864 0 0

1735192766
4006768 185964 122556 1336700 0 0

1735192767
4006768 154756 122460 1274344 0 0

1735192768
4006768 238956 123340 1322008 0 0

1735192769
4006768 131324 123752 1333280 0 0

1735192770
4006768 215084 124080 1283772 0 0

1735192771
4006768 226548 124700 1313836 0 0

1735192772
4006768 137400 125360 1307148 0 0

1735192773
4006768 204540 126056 1341028 0 0

1735192774
4006768 156716 126788 1365808 0 0

1735192775
4006768 134864 127464 1391932 0 0

1735192776
4006768 108052 127900 1408104 0 0

1735192777
4006768 169328 128220 1384160 0 0

1735192778
4006768 122268 128996 1424696 0 0

1735192779
4006768 145388 129352 1382984 0 0

1735192780
4006768 113892 130348 1414164 0 0

1735192781
4006768 124472 131880 1411348 0 0

1735192782
4006768 145720 132496 1395200 0 0

1735192783
4006768 128324 133476 1413144 0 0

1735192784
4006768 109048 134708 1429608 0 0

1735192785
4006768 131288 136836 1398608 0 0

1735192786
4006768 122356 140104 1410232 0 0

1735192787
4006768 122268 140316 1356932 0 0

1735192788
4006768 120592 139776 1289660 0 0

1735192790
4006768 153256 139288 1182468 0 0

1735192791
4006768 137384 139604 1142896 0 0

1735192792
4006768 128776 138296 1067432 0 0

1735192793
4006768 120500 138608 1042952 0 0

1735192794
4006768 115364 137492 1004460 0 0

1735192795
4006768 240600 138320 1008644 0 0

1735192796
4006768 214968 138652 1030372 0 0

1735192797
4006768 152172 139088 1054324 0 0

1735192798
4006768 138316 139804 1091248 0 0

1735192799
4006768 108072 140028 1104424 0 0

1735192800
4006768 117856 140856 1085608 0 0

1735192801
4006768 122444 141476 1093644 0 0

1735192802
4006768 121752 141304 1071232 0 0

1735192803
4006768 124636 142696 1071772 0 0

1735192804
4006768 139996 141824 1054100 0 0

1735192805
4006768 113096 142532 1055948 0 0

1735192806
4006768 118972 143620 1041740 0 0

1735192807
4006768 118532 144828 1037400 0 0

1735192808
4006768 116520 142588 1028988 0 0

1735192810
4006768 124508 141036 981184 0 0

1735192811
4006768 117436 139596 969756 0 0

1735192812
4006768 129476 139348 948860 0 0

1735192813
4006768 131364 139448 952400 0 0

1735192814
4006768 127552 136460 937556 0 0

1735192815
4006768 165644 137472 944508 0 0

1735192816
4006768 122304 133968 917744 0 0

1735192817
4006768 190604 132740 877688 0 0

1735192818
4006768 135324 132900 883444 0 0

1735192819
4006768 162472 132396 844784 0 0

1735192820
4006768 187812 132404 851056 0 0

1735192821
4006768 174784 132412 857276 0 0

1735192822
4006768 163448 132552 864320 0 0

1735192823
4006768 131272 132640 871472 0 0

1735192824
4006768 138808 129084 861244 0 0

1735192825
4006768 188280 125392 810472 0 0

1735192826
4006768 165040 125368 812852 0 0

1735192827
4006768 158544 125440 822016 0 0

1735192828
4006768 145096 126032 832388 0 0

1735192829
4006768 158508 125804 813152 0 0

1735192830
4006768 109124 125364 752640 0 0

1735192831
4006768 149376 117460 711080 0 0

1735192832
4006768 149580 110520 705500 0 0

1735192833
4006768 181528 110532 711020 0 0

1735192834
4006768 144256 110540 721260 0 0

1735192835
4006768 253796 103736 701556 0 0

1735192836
4006768 274528 103816 709120 0 0

1735192837
4006768 300188 104228 717748 0 0

1735192838
4006768 191844 104372 727384 0 0

1735192839
4006768 245460 105332 740172 0 0

1735192840
4006768 219848 106552 750488 0 0

1735192841
4006768 223180 108392 804088 0 0

1735192842
4006768 492896 109568 856188 0 0

1735192843
4006768 376324 109704 893096 0 0

1735192844
4006768 396156 110968 917176 0 0

1735192845
4006768 468264 111628 933428 0 0

1735192846
4006768 410652 113436 1005116 0 0

1735192847
4006768 329072 115116 1070628 0 0

1735192848
4006768 321548 115680 1082168 0 0

1735192849
4006768 325996 116504 1087612 0 0

1735192850
4006768 243560 118040 1100564 0 0

1735192851
4006768 202496 119168 1137396 0 0

1735192852
4006768 115600 119716 1145956 0 0

1735192853
4006768 109680 120788 1124568 0 0

1735192854
4006768 154140 118384 1080800 0 0

1735192855
4006768 163732 118864 1039404 0 0

1735192856
4006768 185764 119300 1053572 0 0

1735192857
4006768 276312 120512 1072900 0 0

1735192858
4006768 197684 122020 1104132 0 0

1735192859
4006768 137180 123020 1137340 0 0

1735192860
4006768 129884 120980 1154204 0 0

1735192861
4006768 146740 122256 1135160 0 0

1735192862
4006768 228808 123384 1143616 0 0

1735192863
4006768 174988 123668 1180680 0 0

1735192864
4006768 154960 123708 1186272 0 0

1735192865
4006768 112656 125196 1168652 0 0

1735192866
4006768 136524 125252 1177284 0 0

1735192867
4006768 119076 125440 1185520 0 0

1735192868
4006768 144740 125516 1193592 0 0

1735192869
4006768 191680 125056 1171548 0 0

1735192875
4006768 127420 136644 1231620 0 0

1735192876
4006768 129352 127936 1085556 0 0

1735192877
4006768 122984 127800 1087572 0 0

1735192878
4006768 173216 122900 1073728 0 0

1735192879
4006768 183700 122948 1084296 0 0

1735192880
4006768 165612 122992 1092904 0 0

1735192881
4006768 190836 123032 1101844 0 0

1735192882
4006768 224344 123076 1110480 0 0

1735192883
4006768 217988 123120 1117596 0 0

1735192884
4006768 195356 123156 1124388 0 0

1735192885
4006768 202092 123188 1130568 0 0

1735192886
4006768 172320 123252 1137076 0 0

1735192887
4006768 150380 123332 1146664 0 0

1735192888
4006768 177476 123388 1152720 0 0

1735192889
4006768 151612 123420 1159656 0 0

1735192890
4006768 136888 119644 1142248 0 0

1735192891
4006768 114124 119744 1150328 0 0

1735192892
4006768 147364 119660 1115144 0 0

1735192893
4006768 191172 119852 1127732 0 0

1735192894
4006768 170968 120472 1137144 0 0

1735192895
4006768 186600 120544 1147372 0 0

1735192896
4006768 175820 120624 1158860 0 0

1735192897
4006768 121652 121588 1147452 0 0

1735192898
4006768 137356 121260 1035096 0 0

1735192899
4006768 128112 120300 796088 0 0

1735192900
4006768 162724 119744 686208 0 0

1735192901
4006768 138952 116628 595828 0 0

1735192902
4006768 205244 107508 473232 0 0

1735192903
4006768 134060 105328 402584 0 0

1735192904
4006768 128500 105328 405156 0 0

1735192905
4006768 384804 105332 412524 0 0

1735192906
4006768 449804 105392 419828 0 0

1735192907
4006768 465708 105416 427332 0 0

1735192908
4006768 475280 105436 433476 0 0

1735192909
4006768 463648 105436 438884 0 0

1735192910
4006768 545048 105444 445048 0 0

1735192911
4006768 439944 105468 451976 0 0

1735192912
4006768 455668 105580 460080 0 0

1735192913
4006768 594072 105596 467096 0 0

1735192914
4006768 608540 105628 474088 0 0

1735192915
4006768 550288 105640 481620 0 0

1735192916
4006768 421356 105652 490900 0 0

1735192917
4006768 427116 105660 499900 0 0

1735192918
4006768 394500 105828 505840 0 0

1735192919
4006768 347480 106592 514988 0 0

1735192920
4006768 351424 106604 522624 0 0

1735192921
4006768 109616 106340 481072 0 0

1735192922
4006768 184116 103364 470192 0 0

1735192923
4006768 203948 103508 479948 0 0

1735192924
4006768 315124 103516 489120 0 0

1735192925
4006768 272692 103516 498732 0 0

1735192926
4006768 303528 103532 509884 0 0

1735192927
4006768 413628 103604 521624 0 0

1735192928
4006768 324752 103616 530584 0 0

1735192929
4006768 159088 103620 538988 0 0

1735192930
4006768 274920 103624 546836 0 0

1735192931
4006768 229620 103632 552144 0 0

1735192932
4006768 398408 103636 558208 0 0

1735192933
4006768 390256 103652 564556 0 0

1735192934
4006768 319824 103656 571440 0 0

1735192935
4006768 278976 103668 578836 0 0

1735192936
4006768 219996 103672 586384 0 0

1735192937
4006768 225756 103676 592056 0 0

1735192938
4006768 194844 103696 597768 0 0

1735192939
4006768 241120 103700 605132 0 0

1735192940
4006768 135944 103700 610572 0 0

1735192941
4006768 166860 50020 479760 0 0

1735192942
4006768 147324 49984 444656 0 0

1735192943
4006768 425896 49900 432020 0 0

1735192944
4006768 522808 49908 439428 0 0

1735192945
4006768 369960 49912 447736 0 0

1735192946
4006768 360428 50076 455688 0 0

1735192947
4006768 647576 50080 463192 0 0

1735192948
4006768 405560 50360 471244 0 0

1735192949
4006768 270984 50364 479444 0 0

1735192950
4006768 219240 50056 424372 0 0

1735192951
4006768 151076 45196 380228 0 0

1735192952
4006768 601376 44972 320020 0 0

1735192953
4006768 568928 45272 329704 0 0

1735192954
4006768 731536 46300 339008 0 0

1735192955
4006768 443232 49176 347784 0 0

1735192956
4006768 479872 51808 358036 0 0

1735192957
4006768 485648 51852 368632 0 0

1735192958
4006768 697416 52008 381984 0 0

1735192959
4006768 611908 52264 397748 0 0

1735192960
4006768 783392 52796 415472 0 0

1735192961
4006768 766036 53020 440080 0 0

1735192962
4006768 780484 53368 457092 0 0

1735192963
4006768 755756 53716 473092 0 0

1735192964
4006768 718628 54120 489280 0 0

1735192965
4006768 690952 55320 503340 0 0

1735192966
4006768 659868 56056 514772 0 0

1735192967
4006768 569612 56300 527920 0 0

1735192968
4006768 497920 56380 542168 0 0

1735192969
4006768 456792 56444 554856 0 0

1735192970
4006768 550488 56752 566356 0 0

1735192971
4006768 414152 57184 575544 0 0

1735192972
4006768 453080 58192 588976 0 0

1735192973
4006768 296676 58376 594324 0 0

1735192974
4006768 428864 58596 599844 0 0

1735192975
4006768 306852 58604 605492 0 0

1735192976
4006768 351528 58620 612780 0 0

1735192977
4006768 257216 58692 619028 0 0

1735192978
4006768 213988 58712 624948 0 0

1735192979
4006768 223256 59028 632172 0 0

1735192980
4006768 159004 59812 640716 0 0

1735192981
4006768 221404 59828 648632 0 0

1735192982
4006768 354988 60224 663256 0 0

1735192983
4006768 282192 63948 667724 0 0

1735192984
4006768 367824 65000 675572 0 0

1735192985
4006768 263852 66092 681084 0 0

1735192986
4006768 277500 67116 689600 0 0

1735192987
4006768 168648 69060 743704 0 0

1735192988
4006768 140220 44012 681824 0 0

1735192989
4006768 132260 44060 642828 0 0

1735192990
4006768 207228 44476 653768 0 0

1735192991
4006768 158656 44768 665156 0 0

1735192992
4006768 223532 46052 685016 0 0

1735192993
4006768 199748 46800 696420 0 0

1735192994
4006768 142268 47924 703756 0 0

1735192995
4006768 142680 40332 667064 0 0

1735192996
4006768 119680 40944 635084 0 0

1735192997
4006768 231556 42044 642228 0 0

1735192998
4006768 115560 43424 568584 0 0

1735192999
4006768 129028 43508 430636 0 0

1735193000
4006768 447496 43516 438968 0 0

1735193001
4006768 366988 43932 449248 0 0

1735193002
4006768 175112 43936 455716 0 0

1735193003
4006768 123960 40024 197816 0 0

1735193009
4006768 89060 1068 71500 0 0

1735193011
4006768 87752 944 69200 0 0

1735193111
4006768 830268 5212 137612 0 0

1735193113
4006768 1279004 15380 215476 0 0

1735193114
4006768 1499904 18332 230492 0 0

1735193115
4006768 1290064 19220 249528 0 0

1735193116
4006768 1178040 19932 267252 0 0

1735193117
4006768 1275420 20916 284880 0 0

1735193118
4006768 956776 25700 300972 0 0

1735193119
4006768 809920 26236 311232 0 0

1735193120
4006768 658068 26376 322008 0 0

1735193121
4006768 696304 26596 330496 0 0

1735193122
4006768 923540 26756 335068 0 0

1735193123
4006768 637472 27364 342440 0 0

1735193124
4006768 745396 28192 349952 0 0

1735193125
4006768 847908 28968 393964 0 0

1735193126
4006768 421044 29000 400124 0 0

1735193127
4006768 333496 29000 406132 0 0

1735193128
4006768 197992 29008 410568 0 0

1735193129
4006768 114200 28188 254268 0 0

1735193130
4006768 154588 3800 121624 0 0

1735193137
4006768 91632 1836 103764 0 0

1735193139
4006768 278416 5148 141832 0 0

1735193141
4006768 475792 6780 190832 0 0

1735193142
4006768 169384 9008 219224 0 0

1735193143
4006768 270132 7060 160020 0 0

1735193144
4006768 128860 3048 147468 0 0

1735193146
4006768 88256 780 84000 0 0

1735193176
4006768 89572 644 75788 0 0

