1735192418
eth0: 122136781 2769608 0 0
lo: 0 0 0 0

1735192419
eth0: 122137201 2770542 420 934
lo: 0 0 0 0

1735192420
eth0: 123761152 2821169 1623951 50627
lo: 0 0 0 0

1735192421
eth0: 133915653 3049088 10154501 227919
lo: 0 0 0 0

1735192422
eth0: 144360335 3270628 10444682 221540
lo: 0 0 0 0

1735192423
eth0: 149506036 3382036 5145701 111408
lo: 0 0 0 0

1735192424
eth0: 154561050 3499550 5055014 117514
lo: 0 0 0 0

1735192425
eth0: 163009673 3687613 8448623 188063
lo: 0 0 0 0

1735192426
eth0: 169686383 3824166 6676710 136553
lo: 0 0 0 0

1735192427
eth0: 174565435 3928793 4879052 104627
lo: 0 0 0 0

1735192428
eth0: 178929593 4029568 4364158 100775
lo: 0 0 0 0

1735192429
eth0: 179550020 4042968 620427 13400
lo: 0 0 0 0

1735192430
eth0: 179550020 4042968 0 0
lo: 0 0 0 0

1735192431
eth0: 179550020 4042968 0 0
lo: 0 0 0 0

1735192432
eth0: 182500341 4105196 2950321 62228
lo: 0 0 0 0

1735192433
eth0: 194095692 4352472 11595351 247276
lo: 0 0 0 0

1735192434
eth0: 205269730 4591912 11174038 239440
lo: 0 0 0 0

1735192435
eth0: 217346847 4854390 12077117 262478
lo: 0 0 0 0

1735192436
eth0: 226159636 5040877 8812789 186487
lo: 0 0 0 0

1735192437
eth0: 237124205 5277283 10964569 236406
lo: 0 0 0 0

1735192438
eth0: 248975963 5526403 11851758 249120
lo: 0 0 0 0

1735192439
eth0: 261061499 5851528 12085536 325125
lo: 0 0 0 0

1735192440
eth0: 273105450 6103513 12043951 251985
lo: 0 0 0 0

1735192441
eth0: 285241947 6358433 12136497 254920
lo: 0 0 0 0

1735192442
eth0: 297341619 6609965 12099672 251532
lo: 0 0 0 0

1735192443
eth0: 309451388 6856599 12109769 246634
lo: 0 0 0 0

1735192444
eth0: 321553284 7110969 12101896 254370
lo: 0 0 0 0

1735192445
eth0: 333671113 7360457 12117829 249488
lo: 0 0 0 0

1735192446
eth0: 345770349 7606363 12099236 245906
lo: 0 0 0 0

1735192447
eth0: 357888578 7860403 12118229 254040
lo: 0 0 0 0

1735192448
eth0: 369999867 8114005 12111289 253602
lo: 0 0 0 0

1735192449
eth0: 382111645 8371642 12111778 257637
lo: 0 0 0 0

1735192450
eth0: 394242306 8630424 12130661 258782
lo: 0 0 0 0

1735192451
eth0: 406371615 8883592 12129309 253168
lo: 0 0 0 0

1735192452
eth0: 418497553 9137288 12125938 253696
lo: 0 0 0 0

1735192453
eth0: 430664463 9365148 12166910 227860
lo: 0 0 0 0

1735192454
eth0: 440015845 9565440 9351382 200292
lo: 0 0 0 0

1735192455
eth0: 451868118 9815158 11852273 249718
lo: 0 0 0 0

1735192456
eth0: 463996123 10069960 12128005 254802
lo: 0 0 0 0

1735192457
eth0: 476116591 10321778 12120468 251818
lo: 0 0 0 0

1735192458
eth0: 488231509 10573738 12114918 251960
lo: 0 0 0 0

1735192459
eth0: 500347349 10830306 12115840 256568
lo: 0 0 0 0

1735192460
eth0: 512469817 11085592 12122468 255286
lo: 0 0 0 0

1735192461
eth0: 523628840 11331046 11159023 245454
lo: 0 0 0 0

1735192462
eth0: 529399973 11465290 5771133 134244
lo: 0 0 0 0

1735192463
eth0: 534865861 11591614 5465888 126324
lo: 0 0 0 0

1735192464
eth0: 542907308 11778986 8041447 187372
lo: 0 0 0 0

1735192465
eth0: 550225973 11942732 7318665 163746
lo: 0 0 0 0

1735192466
eth0: 555318847 12058826 5092874 116094
lo: 0 0 0 0

1735192467
eth0: 561908779 12213926 6589932 155100
lo: 0 0 0 0

1735192468
eth0: 568934661 12377144 7025882 163218
lo: 0 0 0 0

1735192469
eth0: 570857346 12422312 1922685 45168
lo: 0 0 0 0

1735192470
eth0: 573004803 12471388 2147457 49076
lo: 0 0 0 0

1735192471
eth0: 580747537 12642484 7742734 171096
lo: 0 0 0 0

1735192472
eth0: 589420082 12840828 8672545 198344
lo: 0 0 0 0

1735192473
eth0: 595831980 12985170 6411898 144342
lo: 0 0 0 0

1735192474
eth0: 602808176 13139016 6976196 153846
lo: 0 0 0 0

1735192475
eth0: 609619395 13294931 6811219 155915
lo: 0 0 0 0

1735192476
eth0: 615797645 13436963 6178250 142032
lo: 0 0 0 0

1735192477
eth0: 620057429 13533521 4259784 96558
lo: 0 0 0 0

1735192478
eth0: 624878754 13641234 4821325 107713
lo: 0 0 0 0

1735192479
eth0: 636965590 13890186 12086836 248952
lo: 0 0 0 0

1735192480
eth0: 645537048 14064360 8571458 174174
lo: 0 0 0 0

1735192481
eth0: 645541461 14066947 4413 2587
lo: 0 0 0 0

1735192482
eth0: 648282480 14132203 2741019 65256
lo: 0 0 0 0

1735192483
eth0: 660233273 14381984 11950793 249781
lo: 0 0 0 0

1735192484
eth0: 664693433 14480264 4460160 98280
lo: 0 0 0 0

1735192485
eth0: 667369160 14536458 2675727 56194
lo: 0 0 0 0

1735192486
eth0: 671837152 14632616 4467992 96158
lo: 0 0 0 0

1735192487
eth0: 671837152 14632616 0 0
lo: 0 0 0 0

1735192488
eth0: 671837152 14632616 0 0
lo: 0 0 0 0

1735192489
eth0: 671837152 14632616 0 0
lo: 0 0 0 0

1735192490
eth0: 671837284 14632845 132 229
lo: 0 0 0 0

1735192491
eth0: 671837284 14632845 0 0
lo: 0 0 0 0

1735192492
eth0: 671837284 14632845 0 0
lo: 0 0 0 0

1735192493
eth0: 671837284 14632845 0 0
lo: 0 0 0 0

1735192494
eth0: 671837284 14632845 0 0
lo: 0 0 0 0

1735192495
eth0: 671841675 14634422 4391 1577
lo: 0 0 0 0

1735192496
eth0: 672486552 14652046 644877 17624
lo: 0 0 0 0

1735192497
eth0: 672486552 14652046 0 0
lo: 0 0 0 0

1735192498
eth0: 672486552 14652046 0 0
lo: 0 0 0 0

1735192499
eth0: 672486863 14652865 311 819
lo: 0 0 0 0

1735192500
eth0: 672768971 14660292 282108 7427
lo: 0 0 0 0

1735192501
eth0: 674208341 14761237 1439370 100945
lo: 0 0 0 0

1735192502
eth0: 686261917 15011595 12053576 250358
lo: 0 0 0 0

1735192503
eth0: 692266158 15144194 6004241 132599
lo: 0 0 0 0

1735192504
eth0: 701328157 15344079 9061999 199885
lo: 0 0 0 0

1735192505
eth0: 713435266 15581421 12107109 237342
lo: 0 0 0 0

1735192506
eth0: 723920432 15792753 10485166 211332
lo: 0 0 0 0

1735192507
eth0: 724708522 15809121 788090 16368
lo: 0 0 0 0

1735192508
eth0: 725422166 15824457 713644 15336
lo: 0 0 0 0

1735192509
eth0: 726159440 15839307 737274 14850
lo: 0 0 0 0

1735192510
eth0: 726922430 15854949 762990 15642
lo: 0 0 0 0

1735192511
eth0: 727568802 15867951 646372 13002
lo: 0 0 0 0

1735192512
eth0: 728258006 15882339 689204 14388
lo: 0 0 0 0

1735192513
eth0: 729007128 15896661 749122 14322
lo: 0 0 0 0

1735192514
eth0: 729786879 15914967 779751 18306
lo: 0 0 0 0

1735192515
eth0: 731864070 15959847 2077191 44880
lo: 0 0 0 0

1735192516
eth0: 732365372 15973313 501302 13466
lo: 0 0 0 0

1735192517
eth0: 732513860 15978333 148488 5020
lo: 0 0 0 0

1735192518
eth0: 732513992 15978562 132 229
lo: 0 0 0 0

1735192519
eth0: 732513992 15978562 0 0
lo: 0 0 0 0

1735192520
eth0: 732514303 15979396 311 834
lo: 0 0 0 0

1735192521
eth0: 732797752 15988942 283449 9546
lo: 0 0 0 0

1735192522
eth0: 737060554 16081134 4262802 92192
lo: 0 0 0 0

1735192523
eth0: 742126821 16188714 5066267 107580
lo: 0 0 0 0

1735192524
eth0: 742126821 16188714 0 0
lo: 0 0 0 0

1735192525
eth0: 743335897 16227165 1209076 38451
lo: 0 0 0 0

1735192526
eth0: 752272881 16464485 8936984 237320
lo: 0 0 0 0

1735192527
eth0: 758993272 16610819 6720391 146334
lo: 0 0 0 0

1735192528
eth0: 771104224 16861597 12110952 250778
lo: 0 0 0 0

1735192529
eth0: 779019342 17035111 7915118 173514
lo: 0 0 0 0

1735192530
eth0: 787369510 17219821 8350168 184710
lo: 0 0 0 0

1735192531
eth0: 796728702 17433356 9359192 213535
lo: 0 0 0 0

1735192532
eth0: 804267595 17594720 7538893 161364
lo: 0 0 0 0

1735192533
eth0: 810358919 17724938 6091324 130218
lo: 0 0 0 0

1735192534
eth0: 817192852 17887886 6833933 162948
lo: 0 0 0 0

1735192535
eth0: 828558710 18133527 11365858 245641
lo: 0 0 0 0

1735192536
eth0: 838464670 18351781 9905960 218254
lo: 0 0 0 0

1735192537
eth0: 850207587 18592978 11742917 241197
lo: 0 0 0 0

1735192538
eth0: 854690960 18689272 4483373 96294
lo: 0 0 0 0

1735192539
eth0: 859127005 18784692 4436045 95420
lo: 0 0 0 0

1735192540
eth0: 863558071 18877620 4431066 92928
lo: 0 0 0 0

1735192541
eth0: 868383663 18974640 4825592 97020
lo: 0 0 0 0

1735192542
eth0: 873748731 19087500 5365068 112860
lo: 0 0 0 0

1735192543
eth0: 879529433 19213428 5780702 125928
lo: 0 0 0 0

1735192544
eth0: 885201711 19335330 5672278 121902
lo: 0 0 0 0

1735192545
eth0: 888503100 19405950 3301389 70620
lo: 0 0 0 0

1735192546
eth0: 888612931 19410250 109831 4300
lo: 0 0 0 0

1735192547
eth0: 888612931 19410250 0 0
lo: 0 0 0 0

1735192548
eth0: 888613242 19411108 311 858
lo: 0 0 0 0

1735192549
eth0: 891431150 19473283 2817908 62175
lo: 0 0 0 0

1735192550
eth0: 891431461 19474105 311 822
lo: 0 0 0 0

1735192551
eth0: 891890904 19491751 459443 17646
lo: 0 0 0 0

1735192552
eth0: 894278538 19547515 2387634 55764
lo: 0 0 0 0

1735192553
eth0: 894650497 19556359 371959 8844
lo: 0 0 0 0

1735192554
eth0: 894667936 19560311 17439 3952
lo: 0 0 0 0

1735192555
eth0: 896629312 19603631 1961376 43320
lo: 0 0 0 0

1735192556
eth0: 896629312 19603631 0 0
lo: 0 0 0 0

1735192557
eth0: 897022375 19613107 393063 9476
lo: 0 0 0 0

1735192558
eth0: 906584742 19806759 9562367 193652
lo: 0 0 0 0

1735192559
eth0: 918652471 20059341 12067729 252582
lo: 0 0 0 0

1735192560
eth0: 930778002 20298423 12125531 239082
lo: 0 0 0 0

1735192561
eth0: 942739936 20522163 11961934 223740
lo: 0 0 0 0

1735192562
eth0: 954838804 20762775 12098868 240612
lo: 0 0 0 0

1735192563
eth0: 966913173 21006158 12074369 243383
lo: 0 0 0 0

1735192564
eth0: 978938490 21242042 12025317 235884
lo: 0 0 0 0

1735192565
eth0: 990986739 21493648 12048249 251606
lo: 0 0 0 0

1735192566
eth0: 1003063326 21747732 12076587 254084
lo: 0 0 0 0

1735192567
eth0: 1015167047 22001164 12103721 253432
lo: 0 0 0 0

1735192568
eth0: 1027265539 22254478 12098492 253314
lo: 0 0 0 0

1735192569
eth0: 1039358336 22495287 12092797 240809
lo: 0 0 0 0

1735192570
eth0: 1051456196 22759169 12097860 263882
lo: 0 0 0 0

1735192571
eth0: 1063567466 23016871 12111270 257702
lo: 0 0 0 0

1735192572
eth0: 1075695850 23265263 12128384 248392
lo: 0 0 0 0

1735192573
eth0: 1087326791 23504387 11630941 239124
lo: 0 0 0 0

1735192574
eth0: 1099416099 23760075 12089308 255688
lo: 0 0 0 0

1735192575
eth0: 1110561930 23988369 11145831 228294
lo: 0 0 0 0

1735192576
eth0: 1122653068 24240039 12091138 251670
lo: 0 0 0 0

1735192577
eth0: 1134739084 24489621 12086016 249582
lo: 0 0 0 0

1735192578
eth0: 1146030196 24715461 11291112 225840
lo: 0 0 0 0

1735192579
eth0: 1158100102 24969453 12069906 253992
lo: 0 0 0 0

1735192580
eth0: 1171200282 25238271 13100180 268818
lo: 0 0 0 0

1735192581
eth0: 1182233733 25469990 11033451 231719
lo: 0 0 0 0

1735192582
eth0: 1192840757 25683270 10607024 213280
lo: 0 0 0 0

1735192583
eth0: 1204927163 25927971 12086406 244701
lo: 0 0 0 0

1735192584
eth0: 1216998942 26155849 12071779 227878
lo: 0 0 0 0

1735192585
eth0: 1229061422 26404504 12062480 248655
lo: 0 0 0 0

1735192586
eth0: 1238750663 26593995 9689241 189491
lo: 0 0 0 0

1735192587
eth0: 1243202199 26682177 4451536 88182
lo: 0 0 0 0

1735192588
eth0: 1243676914 26697525 474715 15348
lo: 0 0 0 0

1735192589
eth0: 1243970356 26707628 293442 10103
lo: 0 0 0 0

1735192590
eth0: 1246239772 26757788 2269416 50160
lo: 0 0 0 0

1735192591
eth0: 1247500111 26787062 1260339 29274
lo: 0 0 0 0

1735192592
eth0: 1249436301 26831620 1936190 44558
lo: 0 0 0 0

1735192593
eth0: 1261524388 27081211 12088087 249591
lo: 0 0 0 0

1735192594
eth0: 1273600695 27317478 12076307 236267
lo: 0 0 0 0

1735192595
eth0: 1281460276 27520918 7859581 203440
lo: 0 0 0 0

1735192596
eth0: 1287422182 27657449 5961906 136531
lo: 0 0 0 0

1735192597
eth0: 1299544962 27919838 12122780 262389
lo: 0 0 0 0

1735192598
eth0: 1311452325 28171460 11907363 251622
lo: 0 0 0 0

1735192599
eth0: 1323438988 28419260 11986663 247800
lo: 0 0 0 0

1735192600
eth0: 1335650756 28671041 12211768 251781
lo: 0 0 0 0

1735192601
eth0: 1347745080 28930338 12094324 259297
lo: 0 0 0 0

1735192602
eth0: 1359844865 29181344 12099785 251006
lo: 0 0 0 0

1735192603
eth0: 1371955214 29431874 12110349 250530
lo: 0 0 0 0

1735192604
eth0: 1384048702 29685096 12093488 253222
lo: 0 0 0 0

1735192605
eth0: 1394600548 29916395 10551846 231299
lo: 0 0 0 0

1735192606
eth0: 1406693697 30175277 12093149 258882
lo: 0 0 0 0

1735192607
eth0: 1418825344 30425901 12131647 250624
lo: 0 0 0 0

1735192608
eth0: 1430916063 30682522 12090719 256621
lo: 0 0 0 0

1735192609
eth0: 1443024968 30938973 12108905 256451
lo: 0 0 0 0

1735192610
eth0: 1455115014 31191959 12090046 252986
lo: 0 0 0 0

1735192611
eth0: 1459616505 31292129 4501491 100170
lo: 0 0 0 0

1735192612
eth0: 1468294469 31485982 8677964 193853
lo: 0 0 0 0

1735192613
eth0: 1480412320 31747076 12117851 261094
lo: 0 0 0 0

1735192614
eth0: 1492773446 32012254 12361126 265178
lo: 0 0 0 0

1735192616
eth0: 1505138270 32282111 12364824 269857
lo: 0 0 0 0

1735192617
eth0: 1509237431 32372468 4099161 90357
lo: 0 0 0 0

1735192618
eth0: 1514907705 32575386 5670274 202918
lo: 0 0 0 0

1735192619
eth0: 1522354105 32787114 7446400 211728
lo: 0 0 0 0

1735192620
eth0: 1529110695 32934228 6756590 147114
lo: 0 0 0 0

1735192621
eth0: 1536179938 33087546 7069243 153318
lo: 0 0 0 0

1735192623
eth0: 1545890301 33287947 9710363 200401
lo: 0 0 0 0

1735192624
eth0: 1548061824 33335401 2171523 47454
lo: 0 0 0 0

1735192625
eth0: 1552759179 33439716 4697355 104315
lo: 0 0 0 0

1735192626
eth0: 1557428785 33544243 4669606 104527
lo: 0 0 0 0

1735192627
eth0: 1561944469 33642319 4515684 98076
lo: 0 0 0 0

1735192628
eth0: 1566968311 33753859 5023842 111540
lo: 0 0 0 0

1735192629
eth0: 1572445224 33875275 5476913 121416
lo: 0 0 0 0

1735192630
eth0: 1578395650 34006351 5950426 131076
lo: 0 0 0 0

1735192631
eth0: 1584846248 34149571 6450598 143220
lo: 0 0 0 0

1735192632
eth0: 1591885494 34304077 7039246 154506
lo: 0 0 0 0

1735192633
eth0: 1599578638 34471321 7693144 167244
lo: 0 0 0 0

1735192634
eth0: 1609100642 34681215 9522004 209894
lo: 0 0 0 0

1735192635
eth0: 1617716061 34868193 8615419 186978
lo: 0 0 0 0

1735192636
eth0: 1627403511 35078841 9687450 210648
lo: 0 0 0 0

1735192637
eth0: 1637811191 35305815 10407680 226974
lo: 0 0 0 0

1735192638
eth0: 1648614709 35541897 10803518 236082
lo: 0 0 0 0

1735192639
eth0: 1659679854 35783325 11065145 241428
lo: 0 0 0 0

1735192640
eth0: 1670106900 36009375 10427046 226050
lo: 0 0 0 0

1735192641
eth0: 1675817880 36123291 5710980 113916
lo: 0 0 0 0

1735192642
eth0: 1682005586 36255885 6187706 132594
lo: 0 0 0 0

1735192643
eth0: 1688630588 36398313 6625002 142428
lo: 0 0 0 0

1735192644
eth0: 1690670918 36440949 2040330 42636
lo: 0 0 0 0

1735192645
eth0: 1690670918 36440949 0 0
lo: 0 0 0 0

1735192646
eth0: 1690670918 36440949 0 0
lo: 0 0 0 0

1735192647
eth0: 1690670918 36440949 0 0
lo: 0 0 0 0

1735192648
eth0: 1690670988 36440949 70 0
lo: 0 0 0 0

1735192649
eth0: 1690671093 36441015 105 66
lo: 0 0 0 0

1735192650
eth0: 1690671093 36441015 0 0
lo: 0 0 0 0

1735192651
eth0: 1690671093 36441015 0 0
lo: 0 0 0 0

1735192652
eth0: 1690671093 36441015 0 0
lo: 0 0 0 0

1735192653
eth0: 1690671093 36441015 0 0
lo: 0 0 0 0

1735192654
eth0: 1690671198 36441081 105 66
lo: 0 0 0 0

1735192655
eth0: 1690671198 36441081 0 0
lo: 0 0 0 0

1735192656
eth0: 1690671198 36441081 0 0
lo: 0 0 0 0

1735192657
eth0: 1690671198 36441081 0 0
lo: 0 0 0 0

1735192658
eth0: 1690671198 36441081 0 0
lo: 0 0 0 0

1735192659
eth0: 1690671303 36441147 105 66
lo: 0 0 0 0

1735192660
eth0: 1690671303 36441147 0 0
lo: 0 0 0 0

1735192661
eth0: 1690671303 36441147 0 0
lo: 0 0 0 0

1735192662
eth0: 1690671303 36441147 0 0
lo: 0 0 0 0

1735192663
eth0: 1690671303 36441147 0 0
lo: 0 0 0 0

1735192664
eth0: 1690671450 36441255 147 108
lo: 0 0 0 0

1735192665
eth0: 1690671450 36441255 0 0
lo: 0 0 0 0

1735192666
eth0: 1690671450 36441255 0 0
lo: 0 0 0 0

1735192667
eth0: 1690671450 36441255 0 0
lo: 0 0 0 0

1735192668
eth0: 1690671450 36441255 0 0
lo: 0 0 0 0

1735192669
eth0: 1690671597 36441363 147 108
lo: 0 0 0 0

1735192670
eth0: 1690671597 36441363 0 0
lo: 0 0 0 0

1735192671
eth0: 1690671729 36441585 132 222
lo: 0 0 0 0

1735192672
eth0: 1690671729 36441585 0 0
lo: 0 0 0 0

1735192673
eth0: 1690671729 36441585 0 0
lo: 0 0 0 0

1735192674
eth0: 1690671834 36441651 105 66
lo: 0 0 0 0

1735192675
eth0: 1690671834 36441651 0 0
lo: 0 0 0 0

1735192676
eth0: 1690671834 36441651 0 0
lo: 0 0 0 0

1735192677
eth0: 1690671834 36441651 0 0
lo: 0 0 0 0

1735192678
eth0: 1690671834 36441651 0 0
lo: 0 0 0 0

1735192679
eth0: 1690671939 36441717 105 66
lo: 0 0 0 0

1735192680
eth0: 1690671939 36441717 0 0
lo: 0 0 0 0

1735192681
eth0: 1690671939 36441717 0 0
lo: 0 0 0 0

1735192682
eth0: 1690671939 36441717 0 0
lo: 0 0 0 0

1735192683
eth0: 1690671939 36441717 0 0
lo: 0 0 0 0

1735192684
eth0: 1690672044 36441783 105 66
lo: 0 0 0 0

1735192685
eth0: 1690672044 36441783 0 0
lo: 0 0 0 0

1735192686
eth0: 1690672044 36441783 0 0
lo: 0 0 0 0

1735192687
eth0: 1690672044 36441783 0 0
lo: 0 0 0 0

1735192688
eth0: 1690676801 36442245 4757 462
lo: 0 0 0 0

1735192689
eth0: 1690683031 36445083 6230 2838
lo: 0 0 0 0

1735192690
eth0: 1690687405 36446997 4374 1914
lo: 0 0 0 0

1735192691
eth0: 1690688281 36447393 876 396
lo: 0 0 0 0

1735192692
eth0: 1690689303 36447855 1022 462
lo: 0 0 0 0

1735192693
eth0: 1690690325 36448317 1022 462
lo: 0 0 0 0

1735192694
eth0: 1693578222 36504351 2887897 56034
lo: 0 0 0 0

1735192695
eth0: 1699633410 36621039 6055188 116688
lo: 0 0 0 0

1735192696
eth0: 1702164154 36676521 2530744 55482
lo: 0 0 0 0

1735192697
eth0: 1706111364 36757701 3947210 81180
lo: 0 0 0 0

1735192698
eth0: 1710280270 36848847 4168906 91146
lo: 0 0 0 0

1735192699
eth0: 1714919684 36934317 4639414 85470
lo: 0 0 0 0

1735192700
eth0: 1723503346 37121031 8583662 186714
lo: 0 0 0 0

1735192701
eth0: 1725677020 37165053 2173674 44022
lo: 0 0 0 0

1735192702
eth0: 1731775854 37279167 6098834 114114
lo: 0 0 0 0

1735192703
eth0: 1738403248 37383975 6627394 104808
lo: 0 0 0 0

1735192704
eth0: 1745489628 37526139 7086380 142164
lo: 0 0 0 0

1735192705
eth0: 1753105282 37680051 7615654 153912
lo: 0 0 0 0

1735192706
eth0: 1759755638 37825727 6650356 145676
lo: 0 0 0 0

1735192707
eth0: 1766997478 37959971 7241840 134244
lo: 0 0 0 0

1735192709
eth0: 1773917814 38012111 6920336 52140
lo: 0 0 0 0

1735192710
eth0: 1784594922 38202921 10677108 190810
lo: 0 0 0 0

1735192711
eth0: 1785858788 38228463 1263866 25542
lo: 0 0 0 0

1735192712
eth0: 1791330124 38337063 5471336 108600
lo: 0 0 0 0

1735192713
eth0: 1797410720 38459361 6080596 122298
lo: 0 0 0 0

1735192714
eth0: 1803919614 38597103 6508894 137742
lo: 0 0 0 0

1735192715
eth0: 1817331546 38889681 13411932 292578
lo: 0 0 0 0

1735192716
eth0: 1818478042 38911263 1146496 21582
lo: 0 0 0 0

1735192717
eth0: 1826522984 39083259 8044942 171996
lo: 0 0 0 0

1735192718
eth0: 1834997878 39268719 8474894 185460
lo: 0 0 0 0

1735192719
eth0: 1844440710 39473121 9442832 204402
lo: 0 0 0 0

1735192720
eth0: 1853913526 39670197 9472816 197076
lo: 0 0 0 0

1735192721
eth0: 1863463804 39872487 9550278 202290
lo: 0 0 0 0

1735192722
eth0: 1872164673 39984291 8700869 111804
lo: 0 0 0 0

1735192723
eth0: 1878138906 40006335 5974233 22044
lo: 0 0 0 0

1735192724
eth0: 1884497142 40120581 6358236 114246
lo: 0 0 0 0

1735192726
eth0: 1889396240 40178001 4899098 57420
lo: 0 0 0 0

1735192727
eth0: 1894170508 40229415 4774268 51414
lo: 0 0 0 0

1735192728
eth0: 1897776886 40304787 3606378 75372
lo: 0 0 0 0

1735192729
eth0: 1901470062 40362645 3693176 57858
lo: 0 0 0 0

1735192730
eth0: 1905776136 40428447 4306074 65802
lo: 0 0 0 0

1735192731
eth0: 1910452266 40509495 4676130 81048
lo: 0 0 0 0

1735192732
eth0: 1915755094 40591863 5302828 82368
lo: 0 0 0 0

1735192733
eth0: 1921442330 40684989 5687236 93126
lo: 0 0 0 0

1735192734
eth0: 1927357800 40805703 5915470 120714
lo: 0 0 0 0

1735192735
eth0: 1936604254 41006277 9246454 200574
lo: 0 0 0 0

1735192736
eth0: 1938524112 41048187 1919858 41910
lo: 0 0 0 0

1735192737
eth0: 1944648676 41178603 6124564 130416
lo: 0 0 0 0

1735192738
eth0: 1951152244 41318391 6503568 139788
lo: 0 0 0 0

1735192739
eth0: 1957797930 41460621 6645686 142230
lo: 0 0 0 0

1735192740
eth0: 1963236414 41537115 5438484 76494
lo: 0 0 0 0

1735192742
eth0: 1972046528 41691155 8810114 154040
lo: 0 0 0 0

1735192743
eth0: 1976906376 41795105 4859848 103950
lo: 0 0 0 0

1735192744
eth0: 1982260552 41909285 5354176 114180
lo: 0 0 0 0

1735192745
eth0: 1988033360 42032771 5772808 123486
lo: 0 0 0 0

1735192746
eth0: 1994444314 42171107 6410954 138336
lo: 0 0 0 0

1735192747
eth0: 2001203212 42316043 6758898 144936
lo: 0 0 0 0

1735192748
eth0: 2007532876 42453595 6329664 137552
lo: 0 0 0 0

1735192749
eth0: 2013653760 42583219 6120884 129624
lo: 0 0 0 0

1735192751
eth0: 2023614790 42776665 9961030 193446
lo: 0 0 0 0

1735192752
eth0: 2032610786 42962629 8995996 185964
lo: 0 0 0 0

1735192753
eth0: 2042277270 43171585 9666484 208956
lo: 0 0 0 0

1735192754
eth0: 2050266524 43339951 7989254 168366
lo: 0 0 0 0

1735192755
eth0: 2057397686 43453801 7131162 113850
lo: 0 0 0 0

1735192756
eth0: 2062179334 43558015 4781648 104214
lo: 0 0 0 0

1735192757
eth0: 2067287470 43665529 5108136 107514
lo: 0 0 0 0

1735192758
eth0: 2072833776 43785847 5546306 120318
lo: 0 0 0 0

1735192759
eth0: 2078899034 43915669 6065258 129822
lo: 0 0 0 0

1735192760
eth0: 2085443410 44054599 6544376 138930
lo: 0 0 0 0

1735192761
eth0: 2092492456 44203957 7049046 149358
lo: 0 0 0 0

1735192762
eth0: 2100041202 44362003 7548746 158046
lo: 0 0 0 0

1735192763
eth0: 2108084032 44527135 8042830 165132
lo: 0 0 0 0

1735192764
eth0: 2116633364 44710747 8549332 183612
lo: 0 0 0 0

1735192765
eth0: 2125656558 44886307 9023194 175560
lo: 0 0 0 0

1735192766
eth0: 2135338512 45083647 9681954 197340
lo: 0 0 0 0

1735192767
eth0: 2146880622 45294277 11542110 210630
lo: 0 0 0 0

1735192768
eth0: 2158168240 45534781 11287618 240504
lo: 0 0 0 0

1735192769
eth0: 2166938286 45716809 8770046 182028
lo: 0 0 0 0

1735192770
eth0: 2175734326 45837721 8796040 120912
lo: 0 0 0 0

1735192771
eth0: 2184956510 46015789 9222184 178068
lo: 0 0 0 0

1735192772
eth0: 2194381620 46215439 9425110 199650
lo: 0 0 0 0

1735192773
eth0: 2202314708 46355557 7933088 140118
lo: 0 0 0 0

1735192774
eth0: 2207330082 46460959 5015374 105402
lo: 0 0 0 0

1735192775
eth0: 2213197674 46586623 5867592 125664
lo: 0 0 0 0

1735192776
eth0: 2219377126 46717765 6179452 131142
lo: 0 0 0 0

1735192777
eth0: 2226169320 46858609 6792194 140844
lo: 0 0 0 0

1735192778
eth0: 2232539986 46997605 6370666 138996
lo: 0 0 0 0

1735192779
eth0: 2237143308 47097793 4603322 100188
lo: 0 0 0 0

1735192780
eth0: 2242000776 47202733 4857468 104940
lo: 0 0 0 0

1735192781
eth0: 2247352114 47318497 5351338 115764
lo: 0 0 0 0

1735192782
eth0: 2253102134 47442445 5750020 123948
lo: 0 0 0 0

1735192783
eth0: 2261628574 47625133 8526440 182688
lo: 0 0 0 0

1735192784
eth0: 2265422400 47689747 3793826 64614
lo: 0 0 0 0

1735192785
eth0: 2271010640 47809075 5588240 119328
lo: 0 0 0 0

1735192786
eth0: 2277333728 47940877 6323088 131802
lo: 0 0 0 0

1735192787
eth0: 2283995664 48080863 6661936 139986
lo: 0 0 0 0

1735192788
eth0: 2292995504 48275629 8999840 194766
lo: 0 0 0 0

1735192790
eth0: 2301789972 48457129 8794468 181500
lo: 0 0 0 0

1735192791
eth0: 2312290238 48667669 10500266 210540
lo: 0 0 0 0

1735192792
eth0: 2320630044 48796753 8339806 129084
lo: 0 0 0 0

1735192793
eth0: 2325375390 48889657 4745346 92904
lo: 0 0 0 0

1735192794
eth0: 2330522086 48998821 5146696 109164
lo: 0 0 0 0

1735192795
eth0: 2336080418 49117201 5558332 118380
lo: 0 0 0 0

1735192796
eth0: 2342232622 49247221 6152204 130020
lo: 0 0 0 0

1735192797
eth0: 2348766606 49387867 6533984 140646
lo: 0 0 0 0

1735192798
eth0: 2359302148 49616557 10535542 228690
lo: 0 0 0 0

1735192799
eth0: 2363455828 49704205 4153680 87648
lo: 0 0 0 0

1735192800
eth0: 2371528262 49871581 8072434 167376
lo: 0 0 0 0

1735192801
eth0: 2380103902 50055787 8575640 184206
lo: 0 0 0 0

1735192802
eth0: 2389132674 50247715 9028772 191928
lo: 0 0 0 0

1735192803
eth0: 2398919202 50459443 9786528 211728
lo: 0 0 0 0

1735192804
eth0: 2408726196 50671303 9806994 211860
lo: 0 0 0 0

1735192805
eth0: 2415417694 50816503 6691498 145200
lo: 0 0 0 0

1735192806
eth0: 2422424352 50968567 7006658 152064
lo: 0 0 0 0

1735192807
eth0: 2429905252 51133215 7480900 164648
lo: 0 0 0 0

1735192808
eth0: 2440111934 51353655 10206682 220440
lo: 0 0 0 0

1735192810
eth0: 2454948720 51662337 14836786 308682
lo: 0 0 0 0

1735192811
eth0: 2464174700 51847467 9225980 185130
lo: 0 0 0 0

1735192812
eth0: 2470937860 51993855 6763160 146388
lo: 0 0 0 0

1735192813
eth0: 2474994342 52080843 4056482 86988
lo: 0 0 0 0

1735192814
eth0: 2479604252 52179183 4609910 98340
lo: 0 0 0 0

1735192815
eth0: 2484632208 52281483 5027956 102300
lo: 0 0 0 0

1735192816
eth0: 2489740200 52348341 5107992 66858
lo: 0 0 0 0

1735192817
eth0: 2494508664 52394871 4768464 46530
lo: 0 0 0 0

1735192818
eth0: 2499605542 52483839 5096878 88968
lo: 0 0 0 0

1735192819
eth0: 2505224594 52580331 5619052 96492
lo: 0 0 0 0

1735192820
eth0: 2510991610 52682829 5767016 102498
lo: 0 0 0 0

1735192821
eth0: 2517059892 52796547 6068282 113718
lo: 0 0 0 0

1735192822
eth0: 2523712220 52921485 6652328 124938
lo: 0 0 0 0

1735192823
eth0: 2530781736 53036787 7069516 115302
lo: 0 0 0 0

1735192824
eth0: 2538329120 53187927 7547384 151140
lo: 0 0 0 0

1735192825
eth0: 2546395646 53335965 8066526 148038
lo: 0 0 0 0

1735192826
eth0: 2554974008 53475885 8578362 139920
lo: 0 0 0 0

1735192827
eth0: 2563986678 53657187 9012670 181302
lo: 0 0 0 0

1735192828
eth0: 2573588192 53832813 9601514 175626
lo: 0 0 0 0

1735192829
eth0: 2583603920 53992773 10015728 159960
lo: 0 0 0 0

1735192830
eth0: 2590059758 54100683 6455838 107910
lo: 0 0 0 0

1735192831
eth0: 2595836280 54145959 5776522 45276
lo: 0 0 0 0

1735192832
eth0: 2601317076 54225621 5480796 79662
lo: 0 0 0 0

1735192833
eth0: 2607239916 54315555 5922840 89934
lo: 0 0 0 0

1735192834
eth0: 2613570612 54416337 6330696 100782
lo: 0 0 0 0

1735192835
eth0: 2619898350 54510123 6327738 93786
lo: 0 0 0 0

1735192836
eth0: 2625477502 54630441 5579152 120318
lo: 0 0 0 0

1735192837
eth0: 2631880692 54763827 6403190 133386
lo: 0 0 0 0

1735192838
eth0: 2638592256 54880119 6711564 116292
lo: 0 0 0 0

1735192839
eth0: 2645107313 55004595 6515057 124476
lo: 0 0 0 0

1735192840
eth0: 2650757318 55122141 5650005 117546
lo: 0 0 0 0

1735192841
eth0: 2656960074 55246155 6202756 124014
lo: 0 0 0 0

1735192842
eth0: 2663674538 55382643 6714464 136488
lo: 0 0 0 0

1735192843
eth0: 2668592996 55423563 4918458 40920
lo: 0 0 0 0

1735192844
eth0: 2672393422 55500849 3800426 77286
lo: 0 0 0 0

1735192845
eth0: 2676719046 55584405 4325624 83556
lo: 0 0 0 0

1735192846
eth0: 2681549308 55681731 4830262 97326
lo: 0 0 0 0

1735192847
eth0: 2686749914 55789311 5200606 107580
lo: 0 0 0 0

1735192848
eth0: 2691823868 55883493 5073954 94182
lo: 0 0 0 0

1735192849
eth0: 2696705230 55989753 4881362 106260
lo: 0 0 0 0

1735192850
eth0: 2702146422 56106309 5441192 116556
lo: 0 0 0 0

1735192851
eth0: 2707883224 56204715 5736802 98406
lo: 0 0 0 0

1735192852
eth0: 2713843162 56308203 5959938 103488
lo: 0 0 0 0

1735192853
eth0: 2720351276 56413935 6508114 105732
lo: 0 0 0 0

1735192854
eth0: 2727338772 56560455 6987496 146520
lo: 0 0 0 0

1735192855
eth0: 2734795976 56679453 7457204 118998
lo: 0 0 0 0

1735192856
eth0: 2742767784 56767035 7971808 87582
lo: 0 0 0 0

1735192857
eth0: 2751124986 56945433 8357202 178398
lo: 0 0 0 0

1735192858
eth0: 2760865834 57154947 9740848 209514
lo: 0 0 0 0

1735192859
eth0: 2769451680 57333279 8585846 178332
lo: 0 0 0 0

1735192860
eth0: 2778670354 57520125 9218674 186846
lo: 0 0 0 0

1735192861
eth0: 2787671040 57712185 9000686 192060
lo: 0 0 0 0

1735192862
eth0: 2797071612 57908271 9400572 196086
lo: 0 0 0 0

1735192863
eth0: 2803113802 58039215 6042190 130944
lo: 0 0 0 0

1735192864
eth0: 2808919320 58166199 5805518 126984
lo: 0 0 0 0

1735192865
eth0: 2815240692 58300641 6321372 134442
lo: 0 0 0 0

1735192866
eth0: 2821986162 58431189 6745470 130548
lo: 0 0 0 0

1735192867
eth0: 2829206278 58547085 7220116 115896
lo: 0 0 0 0

1735192868
eth0: 2836992074 58699875 7785796 152790
lo: 0 0 0 0

1735192869
eth0: 2845326046 58866195 8333972 166320
lo: 0 0 0 0

1735192875
eth0: 2891017354 59797695 45691308 931500
lo: 0 0 0 0

1735192876
eth0: 2898119448 59936229 7102094 138534
lo: 0 0 0 0

1735192877
eth0: 2905643796 60036285 7524348 100056
lo: 0 0 0 0

1735192878
eth0: 2913651614 60158979 8007818 122694
lo: 0 0 0 0

1735192879
eth0: 2922116896 60274281 8465282 115302
lo: 0 0 0 0

1735192880
eth0: 2930830198 60459069 8713302 184788
lo: 0 0 0 0

1735192881
eth0: 2937947036 60599583 7116838 140514
lo: 0 0 0 0

1735192882
eth0: 2946032130 60745245 8085094 145662
lo: 0 0 0 0

1735192883
eth0: 2951890024 60845253 5857894 100008
lo: 0 0 0 0

1735192884
eth0: 2956955616 60951381 5065592 106128
lo: 0 0 0 0

1735192885
eth0: 2962249018 61054011 5293402 102630
lo: 0 0 0 0

1735192886
eth0: 2968065650 61150239 5816632 96228
lo: 0 0 0 0

1735192887
eth0: 2974393582 61280325 6327932 130086
lo: 0 0 0 0

1735192888
eth0: 2980222194 61380909 5828612 100584
lo: 0 0 0 0

1735192889
eth0: 2985910020 61497729 5687826 116820
lo: 0 0 0 0

1735192890
eth0: 2992369290 61614945 6459270 117216
lo: 0 0 0 0

1735192891
eth0: 2998965348 61750179 6596058 135234
lo: 0 0 0 0

1735192892
eth0: 3005809146 61855515 6843798 105336
lo: 0 0 0 0

1735192893
eth0: 3013045714 61989693 7236568 134178
lo: 0 0 0 0

1735192894
eth0: 3020757456 62134959 7711742 145266
lo: 0 0 0 0

1735192895
eth0: 3028938972 62283591 8181516 148632
lo: 0 0 0 0

1735192896
eth0: 3037604284 62447271 8665312 163680
lo: 0 0 0 0

1735192897
eth0: 3046265723 62619903 8661439 172632
lo: 0 0 0 0

1735192898
eth0: 3053218596 62723259 6952873 103356
lo: 0 0 0 0

1735192899
eth0: 3059016412 62848395 5797816 125136
lo: 0 0 0 0

1735192900
eth0: 3064032026 62884959 5015614 36564
lo: 0 0 0 0

1735192901
eth0: 3068842036 62951685 4810010 66726
lo: 0 0 0 0

1735192902
eth0: 3074141564 63016035 5299528 64350
lo: 0 0 0 0

1735192903
eth0: 3079840310 63102429 5698746 86394
lo: 0 0 0 0

1735192904
eth0: 3086104996 63199581 6264686 97152
lo: 0 0 0 0

1735192905
eth0: 3092837550 63328611 6732554 129030
lo: 0 0 0 0

1735192906
eth0: 3099994656 63356925 7157106 28314
lo: 0 0 0 0

1735192907
eth0: 3106789058 63380973 6794402 24048
lo: 0 0 0 0

1735192908
eth0: 3111004432 63438591 4215374 57618
lo: 0 0 0 0

1735192909
eth0: 3115661808 63521553 4657376 82962
lo: 0 0 0 0

1735192910
eth0: 3120867686 63619365 5205878 97812
lo: 0 0 0 0

1735192911
eth0: 3126499308 63715593 5631622 96228
lo: 0 0 0 0

1735192912
eth0: 3132680484 63817695 6181176 102102
lo: 0 0 0 0

1735192913
eth0: 3139223086 63928377 6542602 110682
lo: 0 0 0 0

1735192914
eth0: 3146334598 64039983 7111512 111606
lo: 0 0 0 0

1735192915
eth0: 3153938174 64143381 7603576 103398
lo: 0 0 0 0

1735192916
eth0: 3161990290 64317819 8052116 174438
lo: 0 0 0 0

1735192917
eth0: 3170176010 64496049 8185720 178230
lo: 0 0 0 0

1735192918
eth0: 3177331148 64598481 7155138 102432
lo: 0 0 0 0

1735192919
eth0: 3185083570 64732131 7752422 133650
lo: 0 0 0 0

1735192920
eth0: 3193532854 64817403 8449284 85272
lo: 0 0 0 0

1735192921
eth0: 3202307302 64855089 8774448 37686
lo: 0 0 0 0

1735192922
eth0: 3211023888 64951317 8716586 96228
lo: 0 0 0 0

1735192923
eth0: 3220001208 65144961 8977320 193644
lo: 0 0 0 0

1735192924
eth0: 3229297108 65320389 9295900 175428
lo: 0 0 0 0

1735192925
eth0: 3239171596 65494959 9874488 174570
lo: 0 0 0 0

1735192926
eth0: 3249456346 65623923 10284750 128964
lo: 0 0 0 0

1735192927
eth0: 3260096346 65797881 10640000 173958
lo: 0 0 0 0

1735192928
eth0: 3268749010 65942355 8652664 144474
lo: 0 0 0 0

1735192929
eth0: 3278181786 66043071 9432776 100716
lo: 0 0 0 0

1735192930
eth0: 3285367444 66116925 7185658 73854
lo: 0 0 0 0

1735192931
eth0: 3291143544 66205167 5776100 88242
lo: 0 0 0 0

1735192932
eth0: 3297213010 66305025 6069466 99858
lo: 0 0 0 0

1735192933
eth0: 3303854934 66441249 6641924 136224
lo: 0 0 0 0

1735192934
eth0: 3310866390 66579057 7011456 137808
lo: 0 0 0 0

1735192935
eth0: 3318438390 66700827 7572000 121770
lo: 0 0 0 0

1735192936
eth0: 3326435206 66844311 7996816 143484
lo: 0 0 0 0

1735192937
eth0: 3332672558 66929253 6237352 84942
lo: 0 0 0 0

1735192938
eth0: 3337978472 67001853 5305914 72600
lo: 0 0 0 0

1735192939
eth0: 3343121484 67087653 5143012 85800
lo: 0 0 0 0

1735192940
eth0: 3348521476 67189095 5399992 101442
lo: 0 0 0 0

1735192941
eth0: 3354454880 67310775 5933404 121680
lo: 0 0 0 0

1735192942
eth0: 3361007070 67422793 6552190 112018
lo: 0 0 0 0

1735192943
eth0: 3367876198 67526215 6869128 103422
lo: 0 0 0 0

1735192944
eth0: 3375310940 67632079 7434742 105864
lo: 0 0 0 0

1735192945
eth0: 3383299196 67798069 7988256 165990
lo: 0 0 0 0

1735192946
eth0: 3391620780 67970263 8321584 172194
lo: 0 0 0 0

1735192947
eth0: 3399192438 68091835 7571658 121572
lo: 0 0 0 0

1735192948
eth0: 3406662910 68201635 7470472 109800
lo: 0 0 0 0

1735192949
eth0: 3414801358 68306971 8138448 105336
lo: 0 0 0 0

1735192950
eth0: 3422397847 68328157 7596489 21186
lo: 0 0 0 0

1735192951
eth0: 3429496398 68360761 7098551 32604
lo: 0 0 0 0

1735192952
eth0: 3436594202 68387425 7097804 26664
lo: 0 0 0 0

1735192953
eth0: 3443943726 68476525 7349524 89100
lo: 0 0 0 0

1735192954
eth0: 3451785210 68615587 7841484 139062
lo: 0 0 0 0

1735192955
eth0: 3460186446 68796559 8401236 180972
lo: 0 0 0 0

1735192956
eth0: 3468981740 68956585 8795294 160026
lo: 0 0 0 0

1735192957
eth0: 3478340234 69141847 9358494 185262
lo: 0 0 0 0

1735192958
eth0: 3488166080 69348691 9825846 206844
lo: 0 0 0 0

1735192959
eth0: 3498503040 69550189 10336960 201498
lo: 0 0 0 0

1735192960
eth0: 3509325120 69776173 10822080 225984
lo: 0 0 0 0

1735192961
eth0: 3520596896 70016347 11271776 240174
lo: 0 0 0 0

1735192962
eth0: 3532619490 70264681 12022594 248334
lo: 0 0 0 0

1735192963
eth0: 3543824176 70489411 11204686 224730
lo: 0 0 0 0

1735192964
eth0: 3555629116 70739023 11804940 249612
lo: 0 0 0 0

1735192965
eth0: 3567606274 70992331 11977158 253308
lo: 0 0 0 0

1735192966
eth0: 3577583586 71201815 9977312 209484
lo: 0 0 0 0

1735192967
eth0: 3588079112 71409979 10495526 208164
lo: 0 0 0 0

1735192968
eth0: 3597884002 71589107 9804890 179128
lo: 0 0 0 0

1735192969
eth0: 3606203482 71758001 8319480 168894
lo: 0 0 0 0

1735192970
eth0: 3613911007 71890727 7707525 132726
lo: 0 0 0 0

1735192971
eth0: 3617800188 71933957 3889181 43230
lo: 0 0 0 0

1735192972
eth0: 3620527896 71987219 2727708 53262
lo: 0 0 0 0

1735192973
eth0: 3623681414 72049523 3153518 62304
lo: 0 0 0 0

1735192974
eth0: 3627368100 72126215 3686686 76692
lo: 0 0 0 0

1735192975
eth0: 3631514824 72216437 4146724 90222
lo: 0 0 0 0

1735192976
eth0: 3636179766 72308903 4664942 92466
lo: 0 0 0 0

1735192977
eth0: 3641315014 72402689 5135248 93786
lo: 0 0 0 0

1735192978
eth0: 3646987708 72515813 5672694 113124
lo: 0 0 0 0

1735192979
eth0: 3653022620 72640289 6034912 124476
lo: 0 0 0 0

1735192980
eth0: 3659734980 72746087 6712360 105798
lo: 0 0 0 0

1735192981
eth0: 3666850568 72873599 7115588 127512
lo: 0 0 0 0

1735192982
eth0: 3676029044 73060049 9178476 186450
lo: 0 0 0 0

1735192983
eth0: 3682793004 73171825 6763960 111776
lo: 0 0 0 0

1735192984
eth0: 3687644116 73263499 4851112 91674
lo: 0 0 0 0

1735192985
eth0: 3692597882 73360651 4953766 97152
lo: 0 0 0 0

1735192986
eth0: 3697886486 73458727 5288604 98076
lo: 0 0 0 0

1735192987
eth0: 3702176038 73536145 4289552 77418
lo: 0 0 0 0

1735192988
eth0: 3706988820 73627819 4812782 91674
lo: 0 0 0 0

1735192989
eth0: 3712098396 73717051 5109576 89232
lo: 0 0 0 0

1735192990
eth0: 3717830132 73822321 5731736 105270
lo: 0 0 0 0

1735192991
eth0: 3724048366 73922179 6218234 99858
lo: 0 0 0 0

1735192992
eth0: 3730719324 74042761 6670958 120582
lo: 0 0 0 0

1735192993
eth0: 3737078464 74142223 6359140 99462
lo: 0 0 0 0

1735192994
eth0: 3741582844 74199449 4504380 57226
lo: 0 0 0 0

1735192995
eth0: 3745886088 74286305 4303244 86856
lo: 0 0 0 0

1735192996
eth0: 3750679048 74375141 4792960 88836
lo: 0 0 0 0

1735192997
eth0: 3755987376 74476559 5308328 101418
lo: 0 0 0 0

1735192998
eth0: 3761740552 74592587 5753176 116028
lo: 0 0 0 0

1735192999
eth0: 3768089598 74699813 6349046 107226
lo: 0 0 0 0

1735193000
eth0: 3774517779 74816369 6428181 116556
lo: 0 0 0 0

1735193001
eth0: 3780224656 74938073 5706877 121704
lo: 0 0 0 0

1735193002
eth0: 3786434000 75070073 6209344 132000
lo: 0 0 0 0

1735193003
eth0: 3793148914 75192833 6714914 122760
lo: 0 0 0 0

1735193009
eth0: 3804032480 75365423 10883566 172590
lo: 0 0 0 0

1735193011
eth0: 3804032480 75365423 0 0
lo: 0 0 0 0

1735193111
eth0: 3804123144 75366803 90664 1380
lo: 0 0 0 0

1735193113
eth0: 3804123284 75367288 140 485
lo: 0 0 0 0

1735193114
eth0: 3812873877 75558014 8750593 190726
lo: 0 0 0 0

1735193115
eth0: 3824854961 75815414 11981084 257400
lo: 0 0 0 0

1735193116
eth0: 3836415587 76058486 11560626 243072
lo: 0 0 0 0

1735193117
eth0: 3848107667 76305590 11692080 247104
lo: 0 0 0 0

1735193118
eth0: 3858497275 76536434 10389608 230844
lo: 0 0 0 0

1735193119
eth0: 3864170474 76667114 5673199 130680
lo: 0 0 0 0

1735193120
eth0: 3874856355 76901018 10685881 233904
lo: 0 0 0 0

1735193121
eth0: 3881205303 77040014 6348948 138996
lo: 0 0 0 0

1735193122
eth0: 3882840419 77080340 1635116 40326
lo: 0 0 0 0

1735193123
eth0: 3889044739 77225276 6204320 144936
lo: 0 0 0 0

1735193124
eth0: 3892658217 77278736 3613478 53460
lo: 0 0 0 0

1735193125
eth0: 3896526593 77372654 3868376 93918
lo: 0 0 0 0

1735193126
eth0: 3898072587 77412056 1545994 39402
lo: 0 0 0 0

1735193127
eth0: 3901254739 77485316 3182152 73260
lo: 0 0 0 0

1735193128
eth0: 3905236679 77579168 3981940 93852
lo: 0 0 0 0

1735193129
eth0: 3910115497 77694470 4878818 115302
lo: 0 0 0 0

1735193130
eth0: 3914871018 77802578 4755521 108108
lo: 0 0 0 0

1735193137
eth0: 3936124433 78066446 21253415 263868
lo: 0 0 0 0

1735193139
eth0: 3954048068 78444890 17923635 378444
lo: 0 0 0 0

1735193141
eth0: 3970285172 78765302 16237104 320412
lo: 0 0 0 0

1735193142
eth0: 3980500569 78969506 10215397 204204
lo: 0 0 0 0

1735193143
eth0: 3992872565 79210934 12371996 241428
lo: 0 0 0 0

1735193144
eth0: 4004449989 79455350 11577424 244416
lo: 0 0 0 0

1735193146
eth0: 4031307610 79800992 26857621 345642
lo: 0 0 0 0

1735193176
eth0: 4046245343 79922318 14937733 121326
lo: 0 0 0 0

