1734618924
/dev/nvme0n1p2: 595209015296
overlay: 595209015296

1734618925
/dev/nvme0n1p2: 595273908224
overlay: 595273908224

1734618926
/dev/nvme0n1p2: 595416330240
overlay: 595416330240

1734618927
/dev/nvme0n1p2: 595645124608
overlay: 595645124608

1734618928
/dev/nvme0n1p2: 596361011200
overlay: 596361011200

1734618930
/dev/nvme0n1p2: 596667973632
overlay: 596667973632

1734618931
/dev/nvme0n1p2: 596723040256
overlay: 596723040256

1734618932
/dev/nvme0n1p2: 596901715968
overlay: 596901715968

1734618933
/dev/nvme0n1p2: 597005201408
overlay: 597005201408

1734618934
/dev/nvme0n1p2: 597059018752
overlay: 597059018752

1734618935
/dev/nvme0n1p2: 597246312448
overlay: 597246312448

1734618936
/dev/nvme0n1p2: 597297684480
overlay: 597297684480

1734618937
/dev/nvme0n1p2: 597314289664
overlay: 597314289664

1734618938
/dev/nvme0n1p2: 597382414336
overlay: 597382414336

1734618940
/dev/nvme0n1p2: 597471559680
overlay: 597471559680

1734618941
/dev/nvme0n1p2: 597847420928
overlay: 597847420928

1734618942
/dev/nvme0n1p2: 598077288448
overlay: 598077288448

1734618943
/dev/nvme0n1p2: 598122823680
overlay: 598122823680

1734618944
/dev/nvme0n1p2: 598194626560
overlay: 598194626560

1734618946
/dev/nvme0n1p2: 598279909376
overlay: 598279909376

1734618947
/dev/nvme0n1p2: 598379810816
overlay: 598379810816

1734618948
/dev/nvme0n1p2: 598434217984
overlay: 598434217984

1734618949
/dev/nvme0n1p2: 598498402304
overlay: 598498402304

1734618950
/dev/nvme0n1p2: 598572199936
overlay: 598572199936

1734618951
/dev/nvme0n1p2: 598713028608
overlay: 598713028608

1734618952
/dev/nvme0n1p2: 599006932992
overlay: 599006932992

1734618953
/dev/nvme0n1p2: 599042121728
overlay: 599042121728

1734618954
/dev/nvme0n1p2: 599439970304
overlay: 599439974400

1734618955
/dev/nvme0n1p2: 599466635264
overlay: 599466635264

1734618956
/dev/nvme0n1p2: 599509618688
overlay: 599509618688

1734618957
/dev/nvme0n1p2: 599549480960
overlay: 599549480960

1734618958
/dev/nvme0n1p2: 599578562560
overlay: 599578562560

1734618959
/dev/nvme0n1p2: 599624769536
overlay: 599624769536

1734618960
/dev/nvme0n1p2: 599995695104
overlay: 599995695104

1734618961
/dev/nvme0n1p2: 600394170368
overlay: 600394170368

1734618962
/dev/nvme0n1p2: 600532590592
overlay: 600532590592

1734618963
/dev/nvme0n1p2: 600594796544
overlay: 600594800640

1734618964
/dev/nvme0n1p2: 600614924288
overlay: 600614924288

1734618965
/dev/nvme0n1p2: 600718553088
overlay: 600718553088

1734618966
/dev/nvme0n1p2: 600772718592
overlay: 600772718592

1734618967
/dev/nvme0n1p2: 600858587136
overlay: 600858587136

1734618968
/dev/nvme0n1p2: 600898416640
overlay: 600898416640

1734618969
/dev/nvme0n1p2: 600928251904
overlay: 600928251904

1734618970
/dev/nvme0n1p2: 600952434688
overlay: 600952434688

1734618971
/dev/nvme0n1p2: 600988545024
overlay: 600988545024

1734618972
/dev/nvme0n1p2: 601010655232
overlay: 601010655232

1734618973
/dev/nvme0n1p2: 601037438976
overlay: 601037438976

1734618974
/dev/nvme0n1p2: 601061507072
overlay: 601061507072

1734618975
/dev/nvme0n1p2: 601076977664
overlay: 601076977664

1734618976
/dev/nvme0n1p2: 601092165632
overlay: 601092165632

1734618977
/dev/nvme0n1p2: 601109172224
overlay: 601109172224

1734618978
/dev/nvme0n1p2: 601119203328
overlay: 601119203328

1734618979
/dev/nvme0n1p2: 601132867584
overlay: 601132867584

1734618980
/dev/nvme0n1p2: 601149743104
overlay: 601149743104

1734618981
/dev/nvme0n1p2: 601210060800
overlay: 601210064896

1734618982
/dev/nvme0n1p2: 601392017408
overlay: 601392017408

1734618983
/dev/nvme0n1p2: 601922916352
overlay: 601922916352

1734618985
/dev/nvme0n1p2: 602640900096
overlay: 602640900096

1734618986
/dev/nvme0n1p2: 603492057088
overlay: 603492057088

1734618987
/dev/nvme0n1p2: 603960221696
overlay: 603960221696

1734618988
/dev/nvme0n1p2: 604214796288
overlay: 604214796288

1734618990
/dev/nvme0n1p2: 604853092352
overlay: 604853092352

1734618991
/dev/nvme0n1p2: 605241540608
overlay: 605241540608

1734618992
/dev/nvme0n1p2: 605812432896
overlay: 605812441088

1734618993
/dev/nvme0n1p2: 606464065536
overlay: 606464069632

1734618994
/dev/nvme0n1p2: 606894739456
overlay: 606894739456

1734618996
/dev/nvme0n1p2: 607434010624
overlay: 607434010624

1734618997
/dev/nvme0n1p2: 607591370752
overlay: 607591370752

1734618998
/dev/nvme0n1p2: 607693893632
overlay: 607693893632

1734618999
/dev/nvme0n1p2: 607767474176
overlay: 607767474176

1734619000
/dev/nvme0n1p2: 607904407552
overlay: 607904407552

1734619001
/dev/nvme0n1p2: 608161456128
overlay: 608161456128

1734619002
/dev/nvme0n1p2: 608380059648
overlay: 608380059648

1734619003
/dev/nvme0n1p2: 608692215808
overlay: 608692215808

1734619004
/dev/nvme0n1p2: 608905560064
overlay: 608905560064

1734619005
/dev/nvme0n1p2: 609107984384
overlay: 609107984384

1734619006
/dev/nvme0n1p2: 609342816256
overlay: 609342816256

1734619008
/dev/nvme0n1p2: 610003795968
overlay: 610003795968

1734619011
/dev/nvme0n1p2: 610208448512
overlay: 610208448512

1734619012
/dev/nvme0n1p2: 610537996288
overlay: 610537996288

1734619013
/dev/nvme0n1p2: 610732646400
overlay: 610732646400

1734619014
/dev/nvme0n1p2: 610819629056
overlay: 610819629056

1734619015
/dev/nvme0n1p2: 611011665920
overlay: 611011665920

1734619018
/dev/nvme0n1p2: 611202310144
overlay: 611202310144

1734619020
/dev/nvme0n1p2: 611295379456
overlay: 611295379456

1734619021
/dev/nvme0n1p2: 611633213440
overlay: 611633213440

1734619022
/dev/nvme0n1p2: 612010479616
overlay: 612010487808

1734619023
/dev/nvme0n1p2: 612284653568
overlay: 612284653568

1734619028
/dev/nvme0n1p2: 612567478272
overlay: 612567478272

1734619029
/dev/nvme0n1p2: 613045452800
overlay: 613045456896

1734619030
/dev/nvme0n1p2: 613563682816
overlay: 613563682816

1734619031
/dev/nvme0n1p2: 613575294976
overlay: 613575294976

1734619033
/dev/nvme0n1p2: 614375006208
overlay: 614375010304

1734619036
/dev/nvme0n1p2: 615218446336
overlay: 615218446336

1734619037
/dev/nvme0n1p2: 615424999424
overlay: 615424999424

1734619040
/dev/nvme0n1p2: 615759101952
overlay: 615759101952

1734619041
/dev/nvme0n1p2: 615961620480
overlay: 615961620480

1734619043
/dev/nvme0n1p2: 616171651072
overlay: 616171651072

1734619047
/dev/nvme0n1p2: 616580624384
overlay: 616580624384

1734619049
/dev/nvme0n1p2: 616660877312
overlay: 616660877312

1734619050
/dev/nvme0n1p2: 616749187072
overlay: 616749187072

1734619052
/dev/nvme0n1p2: 616860516352
overlay: 616860516352

1734619054
/dev/nvme0n1p2: 616986980352
overlay: 616986980352

1734619055
/dev/nvme0n1p2: 617091723264
overlay: 617091719168

1734619057
/dev/nvme0n1p2: 617235030016
overlay: 617235030016

1734619061
/dev/nvme0n1p2: 617497976832
overlay: 617497972736

1734619062
/dev/nvme0n1p2: 617615278080
overlay: 617615278080

1734619064
/dev/nvme0n1p2: 617848614912
overlay: 617848602624

1734619066
/dev/nvme0n1p2: 618072256512
overlay: 618072260608

1734619067
/dev/nvme0n1p2: 618223673344
overlay: 618223673344

1734619068
/dev/nvme0n1p2: 618326720512
overlay: 618326720512

1734619071
/dev/nvme0n1p2: 618692919296
overlay: 618692919296

1734619072
/dev/nvme0n1p2: 618787356672
overlay: 618787356672

1734619076
/dev/nvme0n1p2: 618989322240
overlay: 618989322240

1734619077
/dev/nvme0n1p2: 619124809728
overlay: 619124809728

1734619078
/dev/nvme0n1p2: 619275251712
overlay: 619275251712

1734619080
/dev/nvme0n1p2: 619406594048
overlay: 619406598144

1734619081
/dev/nvme0n1p2: 619566112768
overlay: 619566112768

1734619084
/dev/nvme0n1p2: 619804041216
overlay: 619804041216

1734619087
/dev/nvme0n1p2: 620080201728
overlay: 620080201728

1734619089
/dev/nvme0n1p2: 620231290880
overlay: 620231290880

1734619091
/dev/nvme0n1p2: 620393701376
overlay: 620393701376

1734619092
/dev/nvme0n1p2: 620471697408
overlay: 620471697408

1734619093
/dev/nvme0n1p2: 620575305728
overlay: 620575305728

1734619097
/dev/nvme0n1p2: 620759990272
overlay: 620759990272

1734619100
/dev/nvme0n1p2: 621072834560
overlay: 621072834560

1734619101
/dev/nvme0n1p2: 621310541824
overlay: 621310550016

1734619103
/dev/nvme0n1p2: 621573451776
overlay: 621573455872

1734619105
/dev/nvme0n1p2: 621713682432
overlay: 621713682432

1734619106
/dev/nvme0n1p2: 621870604288
overlay: 621870604288

1734619108
/dev/nvme0n1p2: 621996310528
overlay: 621996310528

1734619109
/dev/nvme0n1p2: 622261030912
overlay: 622261030912

1734619112
/dev/nvme0n1p2: 622266937344
overlay: 622266949632

1734619114
/dev/nvme0n1p2: 622743851008
overlay: 622743851008

1734619120
/dev/nvme0n1p2: 622782009344
overlay: 622782009344

1734619122
/dev/nvme0n1p2: 623311224832
overlay: 623311228928

1734619127
/dev/nvme0n1p2: 623797010432
overlay: 623797010432

1734619128
/dev/nvme0n1p2: 623948292096
overlay: 623948292096

1734619130
/dev/nvme0n1p2: 624177926144
overlay: 624177930240

1734619131
/dev/nvme0n1p2: 624415805440
overlay: 624415809536

1734619132
/dev/nvme0n1p2: 624546820096
overlay: 624546820096

1734619136
/dev/nvme0n1p2: 624707383296
overlay: 624707383296

1734619137
/dev/nvme0n1p2: 624870088704
overlay: 624870088704

1734619138
/dev/nvme0n1p2: 624909012992
overlay: 624909017088

1734619140
/dev/nvme0n1p2: 625305985024
overlay: 625305985024

1734619141
/dev/nvme0n1p2: 625419067392
overlay: 625419067392

1734619142
/dev/nvme0n1p2: 625532551168
overlay: 625532551168

1734619143
/dev/nvme0n1p2: 625607905280
overlay: 625607917568

1734619145
/dev/nvme0n1p2: 625898164224
overlay: 625898164224

1734619146
/dev/nvme0n1p2: 626053341184
overlay: 626053341184

1734619148
/dev/nvme0n1p2: 626176102400
overlay: 626176102400

1734619150
/dev/nvme0n1p2: 626372943872
overlay: 626372943872

1734619151
/dev/nvme0n1p2: 626476032000
overlay: 626476032000

1734619155
/dev/nvme0n1p2: 626645053440
overlay: 626645053440

1734619156
/dev/nvme0n1p2: 626782089216
overlay: 626782089216

1734619157
/dev/nvme0n1p2: 626868854784
overlay: 626868858880

1734619159
/dev/nvme0n1p2: 627179483136
overlay: 627179483136

1734619163
/dev/nvme0n1p2: 627276513280
overlay: 627276517376

1734619164
/dev/nvme0n1p2: 627608375296
overlay: 627608375296

1734619166
/dev/nvme0n1p2: 627762921472
overlay: 627762921472

1734619168
/dev/nvme0n1p2: 628019486720
overlay: 628019486720

1734619169
/dev/nvme0n1p2: 628140126208
overlay: 628140126208

1734619171
/dev/nvme0n1p2: 628202999808
overlay: 628202999808

1734619172
/dev/nvme0n1p2: 628456849408
overlay: 628456849408

1734619173
/dev/nvme0n1p2: 628685074432
overlay: 628685074432

1734619174
/dev/nvme0n1p2: 628749299712
overlay: 628749299712

1734619176
/dev/nvme0n1p2: 628673351680
overlay: 628673351680

1734619177
/dev/nvme0n1p2: 628705783808
overlay: 628705783808

1734619178
/dev/nvme0n1p2: 628875005952
overlay: 628875005952

1734619182
/dev/nvme0n1p2: 628908900352
overlay: 628908900352

1734619183
/dev/nvme0n1p2: 629000945664
overlay: 629000945664

1734619185
/dev/nvme0n1p2: 629375889408
overlay: 629375889408

1734619186
/dev/nvme0n1p2: 629663182848
overlay: 629663182848

1734619190
/dev/nvme0n1p2: 629878964224
overlay: 629878964224

1734619191
/dev/nvme0n1p2: 630043885568
overlay: 630043885568

1734619193
/dev/nvme0n1p2: 630266998784
overlay: 630267015168

1734619194
/dev/nvme0n1p2: 630691008512
overlay: 630691008512

1734619195
/dev/nvme0n1p2: 630980935680
overlay: 630980935680

1734619197
/dev/nvme0n1p2: 631157084160
overlay: 631157084160

1734619198
/dev/nvme0n1p2: 631369646080
overlay: 631369646080

1734619201
/dev/nvme0n1p2: 631770411008
overlay: 631770406912

1734619203
/dev/nvme0n1p2: 631845986304
overlay: 631845986304

1734619205
/dev/nvme0n1p2: 632137736192
overlay: 632137736192

1734619206
/dev/nvme0n1p2: 632340971520
overlay: 632340971520

1734619209
/dev/nvme0n1p2: 632771809280
overlay: 632771809280

1734619211
/dev/nvme0n1p2: 632990326784
overlay: 632990326784

1734619213
/dev/nvme0n1p2: 632930672640
overlay: 632930684928

1734619214
/dev/nvme0n1p2: 633395769344
overlay: 633395499008

1734619216
/dev/nvme0n1p2: 633634758656
overlay: 633634758656

1734619217
/dev/nvme0n1p2: 633815760896
overlay: 633815760896

1734619218
/dev/nvme0n1p2: 633879703552
overlay: 633879707648

1734619220
/dev/nvme0n1p2: 633176776704
overlay: 633176776704

1734619224
/dev/nvme0n1p2: 633358381056
overlay: 633358381056

1734619225
/dev/nvme0n1p2: 633501728768
overlay: 633501728768

1734619227
/dev/nvme0n1p2: 633680793600
overlay: 633680793600

1734619229
/dev/nvme0n1p2: 633748172800
overlay: 633748172800

1734619231
/dev/nvme0n1p2: 634140106752
overlay: 634140106752

1734619236
/dev/nvme0n1p2: 634348441600
overlay: 634348445696

1734619240
/dev/nvme0n1p2: 634750582784
overlay: 634750582784

1734619242
/dev/nvme0n1p2: 634782593024
overlay: 634782593024

1734619243
/dev/nvme0n1p2: 634814791680
overlay: 634814791680

1734619246
/dev/nvme0n1p2: 634901876736
overlay: 634901872640

1734619247
/dev/nvme0n1p2: 634917957632
overlay: 634917957632

1734619251
/dev/nvme0n1p2: 634944114688
overlay: 634944114688

1734619252
/dev/nvme0n1p2: 634953117696
overlay: 634953117696

1734619254
/dev/nvme0n1p2: 634967666688
overlay: 634967666688

1734619256
/dev/nvme0n1p2: 634978828288
overlay: 634978828288

1734619258
/dev/nvme0n1p2: 634991329280
overlay: 634991329280

1734619259
/dev/nvme0n1p2: 635002929152
overlay: 635002929152

1734619261
/dev/nvme0n1p2: 635022344192
overlay: 635022344192

1734619263
/dev/nvme0n1p2: 635039031296
overlay: 635039031296

1734619265
/dev/nvme0n1p2: 635059335168
overlay: 635059335168

1734619267
/dev/nvme0n1p2: 635072999424
overlay: 635072999424

1734619268
/dev/nvme0n1p2: 635079815168
overlay: 635079815168

1734619271
/dev/nvme0n1p2: 635098820608
overlay: 635098820608

1734619273
/dev/nvme0n1p2: 635109797888
overlay: 635109797888

1734619274
/dev/nvme0n1p2: 635118194688
overlay: 635118194688

1734619275
/dev/nvme0n1p2: 635132624896
overlay: 635132624896

1734619276
/dev/nvme0n1p2: 635140558848
overlay: 635140558848

1734619277
/dev/nvme0n1p2: 635149008896
overlay: 635149008896

1734619278
/dev/nvme0n1p2: 635157024768
overlay: 635157024768

1734619279
/dev/nvme0n1p2: 635167232000
overlay: 635167232000

1734619280
/dev/nvme0n1p2: 635172147200
overlay: 635172147200

1734619281
/dev/nvme0n1p2: 635176357888
overlay: 635176357888

1734619282
/dev/nvme0n1p2: 635181211648
overlay: 635181211648

1734619283
/dev/nvme0n1p2: 635186610176
overlay: 635186610176

1734619284
/dev/nvme0n1p2: 635192426496
overlay: 635192426496

1734619285
/dev/nvme0n1p2: 635197554688
overlay: 635197554688

1734619286
/dev/nvme0n1p2: 635212242944
overlay: 635212242944

1734619287
/dev/nvme0n1p2: 635249303552
overlay: 635249303552

1734619288
/dev/nvme0n1p2: 635255480320
overlay: 635255480320

1734619289
/dev/nvme0n1p2: 635261952000
overlay: 635261952000

1734619290
/dev/nvme0n1p2: 635268505600
overlay: 635268505600

1734619291
/dev/nvme0n1p2: 635274752000
overlay: 635274752000

1734619292
/dev/nvme0n1p2: 635281358848
overlay: 635281358848

1734619293
/dev/nvme0n1p2: 635286978560
overlay: 635286978560

1734619294
/dev/nvme0n1p2: 635294834688
overlay: 635294834688

1734619295
/dev/nvme0n1p2: 635306700800
overlay: 635306700800

1734619296
/dev/nvme0n1p2: 635321065472
overlay: 635321065472

1734619297
/dev/nvme0n1p2: 635333427200
overlay: 635333427200

1734619298
/dev/nvme0n1p2: 635344785408
overlay: 635344785408

1734619299
/dev/nvme0n1p2: 635351875584
overlay: 635351875584

1734619300
/dev/nvme0n1p2: 635359391744
overlay: 635359391744

1734619301
/dev/nvme0n1p2: 635363635200
overlay: 635363635200

1734619302
/dev/nvme0n1p2: 635369013248
overlay: 635369013248

1734619303
/dev/nvme0n1p2: 635375423488
overlay: 635375423488

1734619305
/dev/nvme0n1p2: 635415687168
overlay: 635415687168

1734619307
/dev/nvme0n1p2: 635441840128
overlay: 635441840128

1734619308
/dev/nvme0n1p2: 635446190080
overlay: 635446190080

1734619309
/dev/nvme0n1p2: 635505426432
overlay: 635505426432

1734619310
/dev/nvme0n1p2: 635520991232
overlay: 635520991232

1734619312
/dev/nvme0n1p2: 635527073792
overlay: 635527073792

1734619313
/dev/nvme0n1p2: 635530399744
overlay: 635530399744

1734619314
/dev/nvme0n1p2: 635534127104
overlay: 635534127104

1734619315
/dev/nvme0n1p2: 635537936384
overlay: 635537936384

1734619316
/dev/nvme0n1p2: 635540643840
overlay: 635540643840

1734619317
/dev/nvme0n1p2: 635543158784
overlay: 635543158784

1734619318
/dev/nvme0n1p2: 635524337664
overlay: 635524337664

1734619319
/dev/nvme0n1p2: 635576365056
overlay: 635576365056

1734619320
/dev/nvme0n1p2: 635632865280
overlay: 635632869376

1734619321
/dev/nvme0n1p2: 635728461824
overlay: 635728461824

1734619322
/dev/nvme0n1p2: 635732004864
overlay: 635732004864

1734619323
/dev/nvme0n1p2: 635735912448
overlay: 635735912448

1734619324
/dev/nvme0n1p2: 635740368896
overlay: 635740368896

1734619325
/dev/nvme0n1p2: 635744120832
overlay: 635744120832

1734619326
/dev/nvme0n1p2: 635747491840
overlay: 635747491840

1734619327
/dev/nvme0n1p2: 635751448576
overlay: 635751448576

1734619328
/dev/nvme0n1p2: 635755601920
overlay: 635755601920

1734619329
/dev/nvme0n1p2: 635795144704
overlay: 635795144704

1734619330
/dev/nvme0n1p2: 635814375424
overlay: 635814375424

1734619331
/dev/nvme0n1p2: 635817119744
overlay: 635817119744

1734619332
/dev/nvme0n1p2: 635820007424
overlay: 635820007424

1734619333
/dev/nvme0n1p2: 635823415296
overlay: 635823415296

1734619334
/dev/nvme0n1p2: 635827355648
overlay: 635827355648

1734619335
/dev/nvme0n1p2: 635831533568
overlay: 635831533568

1734619336
/dev/nvme0n1p2: 635835453440
overlay: 635835453440

1734619337
/dev/nvme0n1p2: 635839709184
overlay: 635839709184

1734619338
/dev/nvme0n1p2: 635844239360
overlay: 635844239360

1734619339
/dev/nvme0n1p2: 635853369344
overlay: 635853369344

1734619341
/dev/nvme0n1p2: 635871145984
overlay: 635871145984

1734619342
/dev/nvme0n1p2: 635930980352
overlay: 635930980352

1734619343
/dev/nvme0n1p2: 636001341440
overlay: 636001341440

1734619344
/dev/nvme0n1p2: 636060471296
overlay: 636060475392

1734619345
/dev/nvme0n1p2: 636131495936
overlay: 636131495936

1734619346
/dev/nvme0n1p2: 636202119168
overlay: 636202119168

1734619347
/dev/nvme0n1p2: 636264034304
overlay: 636264034304

1734619348
/dev/nvme0n1p2: 636275777536
overlay: 636275777536

1734619349
/dev/nvme0n1p2: 636293734400
overlay: 636293734400

1734619350
/dev/nvme0n1p2: 636296921088
overlay: 636296921088

1734619352
/dev/nvme0n1p2: 636308226048
overlay: 636308226048

1734619355
/dev/nvme0n1p2: 636328767488
overlay: 636320378880

1734619356
/dev/nvme0n1p2: 636328230912
overlay: 636328230912

1734619357
/dev/nvme0n1p2: 636332883968
overlay: 636332883968

1734619358
/dev/nvme0n1p2: 636339212288
overlay: 636339212288

1734619359
/dev/nvme0n1p2: 636345053184
overlay: 636345053184

1734619360
/dev/nvme0n1p2: 636350562304
overlay: 636350562304

1734619361
/dev/nvme0n1p2: 636356022272
overlay: 636356022272

1734619362
/dev/nvme0n1p2: 636361068544
overlay: 636361068544

1734619363
/dev/nvme0n1p2: 636366721024
overlay: 636366721024

1734619364
/dev/nvme0n1p2: 636372733952
overlay: 636372733952

1734619365
/dev/nvme0n1p2: 636378152960
overlay: 636378152960

1734619366
/dev/nvme0n1p2: 636383420416
overlay: 636383420416

1734619367
/dev/nvme0n1p2: 636389253120
overlay: 636389253120

1734619368
/dev/nvme0n1p2: 636393897984
overlay: 636393897984

1734619369
/dev/nvme0n1p2: 636397916160
overlay: 636397916160

1734619370
/dev/nvme0n1p2: 636401602560
overlay: 636401602560

1734619371
/dev/nvme0n1p2: 636405035008
overlay: 636405035008

1734619372
/dev/nvme0n1p2: 636408832000
overlay: 636408832000

1734619373
/dev/nvme0n1p2: 636412170240
overlay: 636412170240

1734619374
/dev/nvme0n1p2: 636415942656
overlay: 636415942656

1734619375
/dev/nvme0n1p2: 636419375104
overlay: 636419375104

1734619376
/dev/nvme0n1p2: 636422856704
overlay: 636422856704

1734619377
/dev/nvme0n1p2: 636426240000
overlay: 636426240000

1734619378
/dev/nvme0n1p2: 636429787136
overlay: 636429787136

1734619379
/dev/nvme0n1p2: 636433674240
overlay: 636433674240

1734619380
/dev/nvme0n1p2: 636437110784
overlay: 636437110784

1734619381
/dev/nvme0n1p2: 636440907776
overlay: 636440907776

1734619382
/dev/nvme0n1p2: 636444262400
overlay: 636444262400

1734619383
/dev/nvme0n1p2: 636447059968
overlay: 636447059968

1734619384
/dev/nvme0n1p2: 636450209792
overlay: 636450209792

1734619385
/dev/nvme0n1p2: 636453003264
overlay: 636453003264

1734619386
/dev/nvme0n1p2: 636456185856
overlay: 636456185856

1734619387
/dev/nvme0n1p2: 636459933696
overlay: 636459933696

1734619388
/dev/nvme0n1p2: 636463718400
overlay: 636463718400

1734619389
/dev/nvme0n1p2: 636467052544
overlay: 636467052544

1734619390
/dev/nvme0n1p2: 636470026240
overlay: 636470026240

1734619391
/dev/nvme0n1p2: 636473561088
overlay: 636473561088

1734619392
/dev/nvme0n1p2: 636477571072
overlay: 636477571072

1734619393
/dev/nvme0n1p2: 636482088960
overlay: 636482088960

1734619394
/dev/nvme0n1p2: 636487274496
overlay: 636487274496

1734619395
/dev/nvme0n1p2: 636492644352
overlay: 636492644352

1734619396
/dev/nvme0n1p2: 636497338368
overlay: 636497338368

1734619397
/dev/nvme0n1p2: 636502487040
overlay: 636502487040

1734619398
/dev/nvme0n1p2: 636508127232
overlay: 636508127232

1734619399
/dev/nvme0n1p2: 636513894400
overlay: 636513894400

1734619400
/dev/nvme0n1p2: 636520243200
overlay: 636520243200

1734619401
/dev/nvme0n1p2: 636527030272
overlay: 636527030272

1734619402
/dev/nvme0n1p2: 636534304768
overlay: 636534304768

1734619403
/dev/nvme0n1p2: 636541906944
overlay: 636541906944

1734619404
/dev/nvme0n1p2: 636549120000
overlay: 636549120000

1734619405
/dev/nvme0n1p2: 636553801728
overlay: 636553801728

1734619406
/dev/nvme0n1p2: 636558995456
overlay: 636558995456

1734619407
/dev/nvme0n1p2: 636564627456
overlay: 636564627456

1734619408
/dev/nvme0n1p2: 636569935872
overlay: 636569935872

1734619409
/dev/nvme0n1p2: 636575182848
overlay: 636575182848

1734619410
/dev/nvme0n1p2: 636580995072
overlay: 636580995072

1734619411
/dev/nvme0n1p2: 636587028480
overlay: 636587028480

1734619412
/dev/nvme0n1p2: 636593446912
overlay: 636593446912

1734619413
/dev/nvme0n1p2: 636600139776
overlay: 636600139776

1734619414
/dev/nvme0n1p2: 636606926848
overlay: 636606930944

1734619415
/dev/nvme0n1p2: 636612939776
overlay: 636612939776

1734619416
/dev/nvme0n1p2: 636619075584
overlay: 636619075584

1734619417
/dev/nvme0n1p2: 636624515072
overlay: 636624515072

1734619418
/dev/nvme0n1p2: 636630286336
overlay: 636630286336

1734619419
/dev/nvme0n1p2: 636636680192
overlay: 636636680192

1734619420
/dev/nvme0n1p2: 636642648064
overlay: 636642648064

1734619421
/dev/nvme0n1p2: 636648280064
overlay: 636648280064

1734619422
/dev/nvme0n1p2: 636654657536
overlay: 636654657536

1734619423
/dev/nvme0n1p2: 636642758656
overlay: 636642758656

1734619424
/dev/nvme0n1p2: 636649414656
overlay: 636649414656

1734619425
/dev/nvme0n1p2: 636655091712
overlay: 636655091712

1734619426
/dev/nvme0n1p2: 636661096448
overlay: 636661096448

1734619427
/dev/nvme0n1p2: 636667678720
overlay: 636667682816

1734619428
/dev/nvme0n1p2: 636674510848
overlay: 636674510848

1734619429
/dev/nvme0n1p2: 636681416704
overlay: 636681416704

1734619430
/dev/nvme0n1p2: 636688826368
overlay: 636688826368

1734619431
/dev/nvme0n1p2: 636696813568
overlay: 636696813568

1734619432
/dev/nvme0n1p2: 636705210368
overlay: 636705210368

1734619433
/dev/nvme0n1p2: 636714045440
overlay: 636714045440

1734619434
/dev/nvme0n1p2: 636720787456
overlay: 636720787456

1734619435
/dev/nvme0n1p2: 636726386688
overlay: 636726386688

1734619436
/dev/nvme0n1p2: 636732301312
overlay: 636732301312

1734619437
/dev/nvme0n1p2: 636738699264
overlay: 636738699264

1734619438
/dev/nvme0n1p2: 636745601024
overlay: 636745601024

1734619439
/dev/nvme0n1p2: 636752912384
overlay: 636752912384

1734619440
/dev/nvme0n1p2: 636760776704
overlay: 636760776704

1734619441
/dev/nvme0n1p2: 636769120256
overlay: 636769120256

1734619442
/dev/nvme0n1p2: 636777996288
overlay: 636777996288

1734619443
/dev/nvme0n1p2: 636787277824
overlay: 636787277824

1734619444
/dev/nvme0n1p2: 636795994112
overlay: 636795994112

1734619445
/dev/nvme0n1p2: 636804091904
overlay: 636804091904

1734619446
/dev/nvme0n1p2: 636813090816
overlay: 636813090816

1734619447
/dev/nvme0n1p2: 636820779008
overlay: 636820779008

1734619448
/dev/nvme0n1p2: 636828237824
overlay: 636828237824

1734619449
/dev/nvme0n1p2: 636836057088
overlay: 636836057088

1734619450
/dev/nvme0n1p2: 636844249088
overlay: 636844249088

1734619451
/dev/nvme0n1p2: 636852895744
overlay: 636852895744

1734619452
/dev/nvme0n1p2: 636861833216
overlay: 636861833216

1734619453
/dev/nvme0n1p2: 636867850240
overlay: 636867850240

1734619454
/dev/nvme0n1p2: 636873584640
overlay: 636873584640

1734619455
/dev/nvme0n1p2: 636879646720
overlay: 636879646720

1734619456
/dev/nvme0n1p2: 636886216704
overlay: 636886216704

1734619457
/dev/nvme0n1p2: 636893253632
overlay: 636893253632

1734619458
/dev/nvme0n1p2: 636899119104
overlay: 636899119104

1734619459
/dev/nvme0n1p2: 636905615360
overlay: 636905615360

1734619460
/dev/nvme0n1p2: 636912623616
overlay: 636912623616

1734619461
/dev/nvme0n1p2: 636918333440
overlay: 636918333440

1734619462
/dev/nvme0n1p2: 636923187200
overlay: 636923187200

1734619463
/dev/nvme0n1p2: 636927766528
overlay: 636927766528

1734619467
/dev/nvme0n1p2: 636946653184
overlay: 636946653184

1734619468
/dev/nvme0n1p2: 636953223168
overlay: 636953223168

1734619469
/dev/nvme0n1p2: 636958060544
overlay: 636958060544

1734619470
/dev/nvme0n1p2: 636962238464
overlay: 636962238464

1734619471
/dev/nvme0n1p2: 636965978112
overlay: 636965978112

1734619472
/dev/nvme0n1p2: 636970221568
overlay: 636970221568

1734619473
/dev/nvme0n1p2: 636974878720
overlay: 636974878720

1734619474
/dev/nvme0n1p2: 636979449856
overlay: 636979449856

1734619475
/dev/nvme0n1p2: 636983951360
overlay: 636983951360

1734619476
/dev/nvme0n1p2: 636988858368
overlay: 636988858368

1734619477
/dev/nvme0n1p2: 636994109440
overlay: 636994109440

1734619478
/dev/nvme0n1p2: 636998737920
overlay: 636998737920

1734619479
/dev/nvme0n1p2: 637003628544
overlay: 637003628544

1734619480
/dev/nvme0n1p2: 637008953344
overlay: 637008953344

1734619481
/dev/nvme0n1p2: 637014478848
overlay: 637014478848

1734619482
/dev/nvme0n1p2: 637018992640
overlay: 637018996736

1734619483
/dev/nvme0n1p2: 637024182272
overlay: 637024182272

1734619484
/dev/nvme0n1p2: 637029744640
overlay: 637029744640

1734619485
/dev/nvme0n1p2: 637035225088
overlay: 637035225088

1734619486
/dev/nvme0n1p2: 637040259072
overlay: 637040259072

1734619487
/dev/nvme0n1p2: 637045645312
overlay: 637045645312

1734619488
/dev/nvme0n1p2: 637051371520
overlay: 637051371520

1734619489
/dev/nvme0n1p2: 637057327104
overlay: 637057327104

1734619490
/dev/nvme0n1p2: 637063675904
overlay: 637063675904

1734619491
/dev/nvme0n1p2: 637070618624
overlay: 637070618624

1734619492
/dev/nvme0n1p2: 637078020096
overlay: 637078020096

1734619493
/dev/nvme0n1p2: 637085896704
overlay: 637085896704

1734619494
/dev/nvme0n1p2: 637094326272
overlay: 637094326272

1734619495
/dev/nvme0n1p2: 637103136768
overlay: 637103136768

1734619496
/dev/nvme0n1p2: 637112537088
overlay: 637112537088

1734619497
/dev/nvme0n1p2: 637121327104
overlay: 637121327104

1734619498
/dev/nvme0n1p2: 637131067392
overlay: 637131067392

1734619500
/dev/nvme0n1p2: 637141741568
overlay: 637141741568

1734619501
/dev/nvme0n1p2: 637150789632
overlay: 637150789632

1734619502
/dev/nvme0n1p2: 637158649856
overlay: 637158649856

1734619503
/dev/nvme0n1p2: 637167022080
overlay: 637167022080

1734619504
/dev/nvme0n1p2: 637175554048
overlay: 637175554048

1734619505
/dev/nvme0n1p2: 637181116416
overlay: 637181116416

1734619506
/dev/nvme0n1p2: 637186682880
overlay: 637186682880

1734619507
/dev/nvme0n1p2: 637192585216
overlay: 637192585216

1734619508
/dev/nvme0n1p2: 637198979072
overlay: 637198979072

1734619509
/dev/nvme0n1p2: 637205901312
overlay: 637205901312

1734619510
/dev/nvme0n1p2: 637211824128
overlay: 637211824128

1734619511
/dev/nvme0n1p2: 637218115584
overlay: 637218115584

1734619512
/dev/nvme0n1p2: 637225009152
overlay: 637225009152

1734619513
/dev/nvme0n1p2: 637232132096
overlay: 637232132096

1734619514
/dev/nvme0n1p2: 637239271424
overlay: 637239271424

1734619515
/dev/nvme0n1p2: 637246943232
overlay: 637246943232

1734619516
/dev/nvme0n1p2: 637255069696
overlay: 637255069696

1734619517
/dev/nvme0n1p2: 637263704064
overlay: 637263704064

1734619518
/dev/nvme0n1p2: 637272784896
overlay: 637272784896

1734619519
/dev/nvme0n1p2: 637282414592
overlay: 637282414592

1734619520
/dev/nvme0n1p2: 637291716608
overlay: 637291716608

1734619521
/dev/nvme0n1p2: 637299953664
overlay: 637299953664

1734619522
/dev/nvme0n1p2: 637309116416
overlay: 637309116416

1734619523
/dev/nvme0n1p2: 637318881280
overlay: 637318881280

1734619524
/dev/nvme0n1p2: 637328986112
overlay: 637328986112

1734619525
/dev/nvme0n1p2: 637337010176
overlay: 637337010176

1734619526
/dev/nvme0n1p2: 637344997376
overlay: 637344997376

1734619527
/dev/nvme0n1p2: 637353426944
overlay: 637353426944

1734619528
/dev/nvme0n1p2: 637360631808
overlay: 637360631808

1734619529
/dev/nvme0n1p2: 637367906304
overlay: 637367906304

1734619532
/dev/nvme0n1p2: 637380231168
overlay: 637380231168

1734619533
/dev/nvme0n1p2: 637382152192
overlay: 637382152192

1734619534
/dev/nvme0n1p2: 637384155136
overlay: 637384155136

1734619535
/dev/nvme0n1p2: 637386547200
overlay: 637386547200

1734619536
/dev/nvme0n1p2: 637389369344
overlay: 637389369344

1734619537
/dev/nvme0n1p2: 637392691200
overlay: 637392691200

1734619538
/dev/nvme0n1p2: 637396553728
overlay: 637396553728

1734619539
/dev/nvme0n1p2: 637400764416
overlay: 637400764416

1734619540
/dev/nvme0n1p2: 637405552640
overlay: 637405552640

1734619541
/dev/nvme0n1p2: 637410824192
overlay: 637410824192

1734619542
/dev/nvme0n1p2: 637416656896
overlay: 637416656896

1734619543
/dev/nvme0n1p2: 637422952448
overlay: 637422952448

1734619544
/dev/nvme0n1p2: 637430132736
overlay: 637430132736

1734619545
/dev/nvme0n1p2: 637438427136
overlay: 637438427136

1734619546
/dev/nvme0n1p2: 637445173248
overlay: 637445173248

1734619547
/dev/nvme0n1p2: 637447991296
overlay: 637447991296

1734619548
/dev/nvme0n1p2: 637450780672
overlay: 637450780672

1734619549
/dev/nvme0n1p2: 637454069760
overlay: 637454069760

1734619550
/dev/nvme0n1p2: 637456998400
overlay: 637456998400

1734619551
/dev/nvme0n1p2: 637460041728
overlay: 637460041728

1734619552
/dev/nvme0n1p2: 637461901312
overlay: 637461901312

1734619553
/dev/nvme0n1p2: 637463724032
overlay: 637463724032

1734619554
/dev/nvme0n1p2: 637466120192
overlay: 637466120192

1734619555
/dev/nvme0n1p2: 637468905472
overlay: 637468905472

1734619556
/dev/nvme0n1p2: 637471670272
overlay: 637471670272

1734619557
/dev/nvme0n1p2: 637474553856
overlay: 637474553856

1734619558
/dev/nvme0n1p2: 637477969920
overlay: 637477969920

1734619559
/dev/nvme0n1p2: 637481775104
overlay: 637481775104

1734619560
/dev/nvme0n1p2: 637485305856
overlay: 637485305856

1734619561
/dev/nvme0n1p2: 637489070080
overlay: 637489070080

1734619562
/dev/nvme0n1p2: 637493211136
overlay: 637493211136

1734619563
/dev/nvme0n1p2: 637497806848
overlay: 637497806848

1734619564
/dev/nvme0n1p2: 637502869504
overlay: 637502869504

1734619565
/dev/nvme0n1p2: 637507002368
overlay: 637507002368

1734619566
/dev/nvme0n1p2: 637510189056
overlay: 637510189056

1734619567
/dev/nvme0n1p2: 637513887744
overlay: 637513887744

1734619568
/dev/nvme0n1p2: 637517762560
overlay: 637517762560

1734619569
/dev/nvme0n1p2: 637520207872
overlay: 637520207872

1734619570
/dev/nvme0n1p2: 637522300928
overlay: 637522300928

1734619571
/dev/nvme0n1p2: 637523492864
overlay: 637523492864

1734619572
/dev/nvme0n1p2: 637524226048
overlay: 637524226048

1734619573
/dev/nvme0n1p2: 637525164032
overlay: 637525164032

1734619574
/dev/nvme0n1p2: 637526679552
overlay: 637526679552

1734619575
/dev/nvme0n1p2: 637528551424
overlay: 637528551424

1734619576
/dev/nvme0n1p2: 637531021312
overlay: 637531021312

1734619577
/dev/nvme0n1p2: 637533917184
overlay: 637533917184

1734619578
/dev/nvme0n1p2: 637536718848
overlay: 637536718848

1734619579
/dev/nvme0n1p2: 637539790848
overlay: 637539790848

1734619580
/dev/nvme0n1p2: 637543190528
overlay: 637543190528

1734619581
/dev/nvme0n1p2: 637547085824
overlay: 637547085824

1734619582
/dev/nvme0n1p2: 637550534656
overlay: 637550534656

1734619583
/dev/nvme0n1p2: 637553168384
overlay: 637553168384

1734619584
/dev/nvme0n1p2: 637555728384
overlay: 637555728384

1734619585
/dev/nvme0n1p2: 637558493184
overlay: 637558493184

1734619586
/dev/nvme0n1p2: 637561618432
overlay: 637561618432

1734619587
/dev/nvme0n1p2: 637565325312
overlay: 637565325312

1734619588
/dev/nvme0n1p2: 637569454080
overlay: 637569454080

1734619589
/dev/nvme0n1p2: 637573525504
overlay: 637573525504

1734619590
/dev/nvme0n1p2: 637576527872
overlay: 637576527872

1734619591
/dev/nvme0n1p2: 637579071488
overlay: 637579071488

1734619592
/dev/nvme0n1p2: 637581938688
overlay: 637581938688

1734619593
/dev/nvme0n1p2: 637585281024
overlay: 637585281024

1734619594
/dev/nvme0n1p2: 637589131264
overlay: 637589131264

1734619595
/dev/nvme0n1p2: 637593518080
overlay: 637593518080

1734619596
/dev/nvme0n1p2: 637597814784
overlay: 637597814784

1734619597
/dev/nvme0n1p2: 637601259520
overlay: 637601259520

1734619598
/dev/nvme0n1p2: 637604651008
overlay: 637604651008

1734619599
/dev/nvme0n1p2: 637607981056
overlay: 637607981056

1734619600
/dev/nvme0n1p2: 637611327488
overlay: 637611327488

1734619601
/dev/nvme0n1p2: 637615083520
overlay: 637615083520

1734619602
/dev/nvme0n1p2: 637619331072
overlay: 637619331072

1734619603
/dev/nvme0n1p2: 637624041472
overlay: 637624041472

1734619604
/dev/nvme0n1p2: 637629190144
overlay: 637629190144

1734619605
/dev/nvme0n1p2: 637634908160
overlay: 637634908160

1734619606
/dev/nvme0n1p2: 637641183232
overlay: 637641183232

1734619607
/dev/nvme0n1p2: 637647785984
overlay: 637647785984

1734619608
/dev/nvme0n1p2: 637654863872
overlay: 637654863872

1734619609
/dev/nvme0n1p2: 637664182272
overlay: 637664182272

1734619610
/dev/nvme0n1p2: 637670371328
overlay: 637670371328

1734619611
/dev/nvme0n1p2: 637677285376
overlay: 637677285376

1734619612
/dev/nvme0n1p2: 637684752384
overlay: 637684752384

1734619613
/dev/nvme0n1p2: 637692542976
overlay: 637692542976

1734619614
/dev/nvme0n1p2: 637699825664
overlay: 637699825664

1734619615
/dev/nvme0n1p2: 637706117120
overlay: 637706117120

1734619616
/dev/nvme0n1p2: 637713174528
overlay: 637713174528

1734619617
/dev/nvme0n1p2: 637720731648
overlay: 637720731648

1734619618
/dev/nvme0n1p2: 637728559104
overlay: 637728559104

1734619619
/dev/nvme0n1p2: 637736095744
overlay: 637736095744

1734619620
/dev/nvme0n1p2: 637742448640
overlay: 637742448640

1734619621
/dev/nvme0n1p2: 637749551104
overlay: 637749551104

1734619622
/dev/nvme0n1p2: 637757214720
overlay: 637757214720

1734619623
/dev/nvme0n1p2: 637764784128
overlay: 637764784128

1734619624
/dev/nvme0n1p2: 637769142272
overlay: 637769142272

1734619625
/dev/nvme0n1p2: 637773754368
overlay: 637773754368

1734619626
/dev/nvme0n1p2: 637778878464
overlay: 637778878464

1734619627
/dev/nvme0n1p2: 637784539136
overlay: 637784539136

1734619628
/dev/nvme0n1p2: 637789274112
overlay: 637789274112

1734619629
/dev/nvme0n1p2: 637794553856
overlay: 637794553856

1734619630
/dev/nvme0n1p2: 637799485440
overlay: 637799485440

1734619631
/dev/nvme0n1p2: 637803941888
overlay: 637803941888

1734619632
/dev/nvme0n1p2: 637808971776
overlay: 637808971776

1734619633
/dev/nvme0n1p2: 637813981184
overlay: 637813981184

1734619634
/dev/nvme0n1p2: 637817683968
overlay: 637817683968

1734619635
/dev/nvme0n1p2: 637819801600
overlay: 637819801600

1734619636
/dev/nvme0n1p2: 637821562880
overlay: 637821562880

1734619637
/dev/nvme0n1p2: 637823791104
overlay: 637823791104

1734619638
/dev/nvme0n1p2: 637826535424
overlay: 637826535424

1734619639
/dev/nvme0n1p2: 637829730304
overlay: 637829730304

1734619640
/dev/nvme0n1p2: 637833412608
overlay: 637833412608

1734619641
/dev/nvme0n1p2: 637836763136
overlay: 637836763136

1734619642
/dev/nvme0n1p2: 637840379904
overlay: 637840379904

1734619643
/dev/nvme0n1p2: 637844373504
overlay: 637844373504

1734619644
/dev/nvme0n1p2: 637848821760
overlay: 637848821760

1734619645
/dev/nvme0n1p2: 637852921856
overlay: 637852921856

1734619646
/dev/nvme0n1p2: 637855088640
overlay: 637855088640

1734619647
/dev/nvme0n1p2: 637857648640
overlay: 637857648640

1734619648
/dev/nvme0n1p2: 637860700160
overlay: 637860700160

1734619649
/dev/nvme0n1p2: 637864271872
overlay: 637864271872

1734619650
/dev/nvme0n1p2: 637866979328
overlay: 637866979328

1734619651
/dev/nvme0n1p2: 637869527040
overlay: 637869527040

1734619652
/dev/nvme0n1p2: 637871788032
overlay: 637871788032

1734619653
/dev/nvme0n1p2: 637874339840
overlay: 637874339840

1734619654
/dev/nvme0n1p2: 637877387264
overlay: 637877387264

1734619655
/dev/nvme0n1p2: 637880995840
overlay: 637880995840

1734619656
/dev/nvme0n1p2: 637884993536
overlay: 637884993536

1734619657
/dev/nvme0n1p2: 637888466944
overlay: 637888466944

1734619658
/dev/nvme0n1p2: 637891436544
overlay: 637891436544

1734619659
/dev/nvme0n1p2: 637894774784
overlay: 637894774784

1734619660
/dev/nvme0n1p2: 637898579968
overlay: 637898579968

1734619661
/dev/nvme0n1p2: 637902385152
overlay: 637902385152

1734619662
/dev/nvme0n1p2: 637906092032
overlay: 637906092032

1734619663
/dev/nvme0n1p2: 637910212608
overlay: 637910212608

1734619664
/dev/nvme0n1p2: 637914128384
overlay: 637914128384

1734619665
/dev/nvme0n1p2: 637917945856
overlay: 637917945856

1734619666
/dev/nvme0n1p2: 637922127872
overlay: 637922127872

1734619667
/dev/nvme0n1p2: 637925888000
overlay: 637925888000

1734619668
/dev/nvme0n1p2: 637929811968
overlay: 637929811968

1734619669
/dev/nvme0n1p2: 637934120960
overlay: 637934120960

1734619670
/dev/nvme0n1p2: 637937795072
overlay: 637937795072

1734619671
/dev/nvme0n1p2: 637941846016
overlay: 637941846016

1734619672
/dev/nvme0n1p2: 637945307136
overlay: 637945307136

1734619673
/dev/nvme0n1p2: 637948960768
overlay: 637948960768

1734619674
/dev/nvme0n1p2: 637953044480
overlay: 637953048576

1734619675
/dev/nvme0n1p2: 637957574656
overlay: 637957574656

1734619676
/dev/nvme0n1p2: 637961433088
overlay: 637961433088

1734619677
/dev/nvme0n1p2: 637965819904
overlay: 637965819904

1734619678
/dev/nvme0n1p2: 637970550784
overlay: 637970550784

1734619679
/dev/nvme0n1p2: 637975613440
overlay: 637975613440

1734619680
/dev/nvme0n1p2: 637981151232
overlay: 637981151232

1734619681
/dev/nvme0n1p2: 637987229696
overlay: 637987229696

1734619682
/dev/nvme0n1p2: 637993766912
overlay: 637993766912

1734619683
/dev/nvme0n1p2: 638000852992
overlay: 638000852992

1734619684
/dev/nvme0n1p2: 638008373248
overlay: 638008373248

1734619685
/dev/nvme0n1p2: 638016167936
overlay: 638016167936

1734619686
/dev/nvme0n1p2: 638022803456
overlay: 638022803456

1734619687
/dev/nvme0n1p2: 638030430208
overlay: 638030430208

1734619689
/dev/nvme0n1p2: 638046011392
overlay: 638046011392

1734619690
/dev/nvme0n1p2: 638054330368
overlay: 638054330368

1734619691
/dev/nvme0n1p2: 638062919680
overlay: 638062919680

1734619692
/dev/nvme0n1p2: 638071820288
overlay: 638071820288

1734619693
/dev/nvme0n1p2: 638078877696
overlay: 638078877696

1734619694
/dev/nvme0n1p2: 638087012352
overlay: 638087012352

1734619695
/dev/nvme0n1p2: 638095757312
overlay: 638095757312

1734619696
/dev/nvme0n1p2: 638104752128
overlay: 638104752128

1734619697
/dev/nvme0n1p2: 638113935360
overlay: 638113935360

1734619698
/dev/nvme0n1p2: 638123216896
overlay: 638123216896

1734619699
/dev/nvme0n1p2: 638130913280
overlay: 638130913280

1734619700
/dev/nvme0n1p2: 638139023360
overlay: 638139023360

1734619701
/dev/nvme0n1p2: 638147895296
overlay: 638147895296

1734619702
/dev/nvme0n1p2: 638157205504
overlay: 638157205504

1734619703
/dev/nvme0n1p2: 638166708224
overlay: 638166708224

1734619704
/dev/nvme0n1p2: 638174175232
overlay: 638174175232

1734619705
/dev/nvme0n1p2: 638182400000
overlay: 638182400000

1734619706
/dev/nvme0n1p2: 638191042560
overlay: 638191042560

1734619707
/dev/nvme0n1p2: 638198177792
overlay: 638198177792

1734619708
/dev/nvme0n1p2: 638205509632
overlay: 638205509632

1734619709
/dev/nvme0n1p2: 638213271552
overlay: 638213271552

1734619710
/dev/nvme0n1p2: 638220550144
overlay: 638220550144

1734619711
/dev/nvme0n1p2: 638227238912
overlay: 638227238912

1734619712
/dev/nvme0n1p2: 638234705920
overlay: 638234705920

1734619713
/dev/nvme0n1p2: 638236717056
overlay: 638236717056

1734619714
/dev/nvme0n1p2: 638236721152
overlay: 638236721152

1734619715
/dev/nvme0n1p2: 638236725248
overlay: 638236725248

1734619716
/dev/nvme0n1p2: 638236725248
overlay: 638236725248

1734619717
/dev/nvme0n1p2: 638236729344
overlay: 638236729344

1734619718
/dev/nvme0n1p2: 638236737536
overlay: 638236737536

1734619719
/dev/nvme0n1p2: 638236741632
overlay: 638236741632

1734619721
/dev/nvme0n1p2: 638236749824
overlay: 638236749824

1734619722
/dev/nvme0n1p2: 638236753920
overlay: 638236753920

1734619723
/dev/nvme0n1p2: 638236758016
overlay: 638236758016

1734619724
/dev/nvme0n1p2: 638236762112
overlay: 638236762112

1734619725
/dev/nvme0n1p2: 638236766208
overlay: 638236766208

1734619726
/dev/nvme0n1p2: 638236770304
overlay: 638236770304

1734619727
/dev/nvme0n1p2: 638236774400
overlay: 638236774400

1734619728
/dev/nvme0n1p2: 638236774400
overlay: 638236774400

1734619729
/dev/nvme0n1p2: 638236778496
overlay: 638236778496

1734619730
/dev/nvme0n1p2: 638236782592
overlay: 638236782592

1734619731
/dev/nvme0n1p2: 638236786688
overlay: 638236786688

1734619732
/dev/nvme0n1p2: 638236786688
overlay: 638236786688

1734619733
/dev/nvme0n1p2: 638236790784
overlay: 638236790784

1734619734
/dev/nvme0n1p2: 638236794880
overlay: 638236794880

1734619735
/dev/nvme0n1p2: 638236798976
overlay: 638236798976

1734619736
/dev/nvme0n1p2: 638236798976
overlay: 638236798976

1734619737
/dev/nvme0n1p2: 638236803072
overlay: 638236803072

1734619738
/dev/nvme0n1p2: 638236807168
overlay: 638236807168

1734619739
/dev/nvme0n1p2: 638236807168
overlay: 638236807168

1734619740
/dev/nvme0n1p2: 638236811264
overlay: 638236811264

1734619741
/dev/nvme0n1p2: 638236815360
overlay: 638236815360

1734619742
/dev/nvme0n1p2: 638236819456
overlay: 638236819456

1734619743
/dev/nvme0n1p2: 638236823552
overlay: 638236823552

1734619744
/dev/nvme0n1p2: 638236823552
overlay: 638236823552

1734619745
/dev/nvme0n1p2: 638236827648
overlay: 638236827648

1734619746
/dev/nvme0n1p2: 638236831744
overlay: 638236831744

1734619747
/dev/nvme0n1p2: 638236839936
overlay: 638236839936

1734619748
/dev/nvme0n1p2: 638236839936
overlay: 638236839936

1734619749
/dev/nvme0n1p2: 638236848128
overlay: 638236848128

1734619750
/dev/nvme0n1p2: 638236852224
overlay: 638236852224

1734619751
/dev/nvme0n1p2: 638236852224
overlay: 638236852224

1734619752
/dev/nvme0n1p2: 638236856320
overlay: 638236856320

1734619753
/dev/nvme0n1p2: 638236860416
overlay: 638236860416

1734619754
/dev/nvme0n1p2: 638236868608
overlay: 638236868608

1734619755
/dev/nvme0n1p2: 638236868608
overlay: 638236868608

1734619756
/dev/nvme0n1p2: 638236872704
overlay: 638236872704

1734619757
/dev/nvme0n1p2: 638236876800
overlay: 638236876800

1734619758
/dev/nvme0n1p2: 638236884992
overlay: 638236884992

1734619759
/dev/nvme0n1p2: 638236884992
overlay: 638236884992

1734619760
/dev/nvme0n1p2: 638236889088
overlay: 638236889088

1734619761
/dev/nvme0n1p2: 638236893184
overlay: 638236893184

1734619762
/dev/nvme0n1p2: 638236897280
overlay: 638236897280

1734619763
/dev/nvme0n1p2: 638236897280
overlay: 638236897280

1734619764
/dev/nvme0n1p2: 638236901376
overlay: 638236901376

1734619765
/dev/nvme0n1p2: 638236905472
overlay: 638236905472

1734619766
/dev/nvme0n1p2: 638236909568
overlay: 638236909568

1734619767
/dev/nvme0n1p2: 638236909568
overlay: 638236909568

1734619768
/dev/nvme0n1p2: 638236917760
overlay: 638236917760

1734619769
/dev/nvme0n1p2: 638236925952
overlay: 638236925952

1734619770
/dev/nvme0n1p2: 638236930048
overlay: 638236930048

1734619771
/dev/nvme0n1p2: 638236930048
overlay: 638236930048

1734619772
/dev/nvme0n1p2: 638236934144
overlay: 638236934144

1734619773
/dev/nvme0n1p2: 638236938240
overlay: 638236938240

1734619774
/dev/nvme0n1p2: 638236942336
overlay: 638236942336

1734619775
/dev/nvme0n1p2: 638236946432
overlay: 638236946432

1734619776
/dev/nvme0n1p2: 638236950528
overlay: 638236950528

1734619777
/dev/nvme0n1p2: 638236954624
overlay: 638236954624

1734619778
/dev/nvme0n1p2: 638236958720
overlay: 638236958720

1734619779
/dev/nvme0n1p2: 638236966912
overlay: 638236966912

1734619780
/dev/nvme0n1p2: 638236966912
overlay: 638236966912

1734619781
/dev/nvme0n1p2: 638236971008
overlay: 638236971008

1734619782
/dev/nvme0n1p2: 638236975104
overlay: 638236975104

1734619783
/dev/nvme0n1p2: 638236979200
overlay: 638236979200

1734619784
/dev/nvme0n1p2: 638236979200
overlay: 638236979200

1734619785
/dev/nvme0n1p2: 638236983296
overlay: 638236983296

1734619786
/dev/nvme0n1p2: 638236987392
overlay: 638236987392

1734619787
/dev/nvme0n1p2: 638236991488
overlay: 638236991488

1734619788
/dev/nvme0n1p2: 638236995584
overlay: 638236995584

1734619789
/dev/nvme0n1p2: 638237003776
overlay: 638237003776

1734619790
/dev/nvme0n1p2: 638237007872
overlay: 638237007872

1734619791
/dev/nvme0n1p2: 638237011968
overlay: 638237011968

1734619792
/dev/nvme0n1p2: 638237011968
overlay: 638237011968

1734619793
/dev/nvme0n1p2: 638237016064
overlay: 638237016064

1734619794
/dev/nvme0n1p2: 638237020160
overlay: 638237020160

1734619795
/dev/nvme0n1p2: 638237024256
overlay: 638237024256

1734619796
/dev/nvme0n1p2: 638237024256
overlay: 638237024256

1734619797
/dev/nvme0n1p2: 638237028352
overlay: 638237028352

1734619798
/dev/nvme0n1p2: 638237032448
overlay: 638237032448

1734619799
/dev/nvme0n1p2: 638237036544
overlay: 638237036544

1734619800
/dev/nvme0n1p2: 638237036544
overlay: 638237036544

1734619801
/dev/nvme0n1p2: 638237040640
overlay: 638237040640

1734619802
/dev/nvme0n1p2: 638237044736
overlay: 638237044736

1734619803
/dev/nvme0n1p2: 638237048832
overlay: 638237048832

1734619804
/dev/nvme0n1p2: 638237048832
overlay: 638237048832

1734619805
/dev/nvme0n1p2: 638237052928
overlay: 638237052928

1734619806
/dev/nvme0n1p2: 638237057024
overlay: 638237057024

1734619807
/dev/nvme0n1p2: 638237061120
overlay: 638237061120

1734619808
/dev/nvme0n1p2: 638237061120
overlay: 638237061120

1734619809
/dev/nvme0n1p2: 638237069312
overlay: 638237069312

1734619810
/dev/nvme0n1p2: 638237073408
overlay: 638237073408

1734619811
/dev/nvme0n1p2: 638237081600
overlay: 638237081600

1734619812
/dev/nvme0n1p2: 638237085696
overlay: 638237085696

1734619813
/dev/nvme0n1p2: 638237085696
overlay: 638237085696

1734619814
/dev/nvme0n1p2: 638237089792
overlay: 638237089792

1734619815
/dev/nvme0n1p2: 638237093888
overlay: 638237093888

1734619816
/dev/nvme0n1p2: 638237093888
overlay: 638237093888

1734619817
/dev/nvme0n1p2: 638237097984
overlay: 638237097984

1734619818
/dev/nvme0n1p2: 638517538816
overlay: 638517538816

1734619819
/dev/nvme0n1p2: 638668992512
overlay: 638668992512

1734619820
/dev/nvme0n1p2: 638669000704
overlay: 638669000704

