1734618924
32665984 25924864 2657276 1644300 2097148 1206060

1734618925
32665984 25433388 2657336 1671284 2097148 1206060

1734618926
32665984 25291484 2657428 1780188 2097148 1206060

1734618927
32665984 25145524 2657656 1940412 2097148 1206060

1734618928
32665984 24542096 2657848 2452252 2097148 1206060

1734618929
32665984 24097416 2657932 2918680 2097148 1206060

1734618930
32665984 23917684 2658156 3051812 2097148 1206060

1734618931
32665984 23888816 2658208 3103492 2097148 1206060

1734618932
32665984 23708700 2658312 3272024 2097148 1206060

1734618933
32665984 23588592 2661044 3370436 2097148 1206060

1734618934
32665984 23558160 2662328 3420916 2097148 1206060

1734618935
32665984 23317700 2664120 3600564 2097148 1206060

1734618936
32665984 22630852 2664160 3652708 2097148 1206060

1734618937
32665984 22429592 2664188 3669216 2097148 1206060

1734618938
32665984 22731536 2664312 3727172 2097148 1206060

1734618939
32665984 22725752 2664312 3771792 2097148 1206060

1734618940
32665984 22846576 2664408 3891208 2097148 1206060

1734618941
32665984 22236836 2664428 4179044 2097148 1206060

1734618942
32665984 22389584 2664456 4399740 2097148 1206060

1734618943
32665984 22284580 2664476 4445144 2097148 1206060

1734618944
32665984 22188708 2664492 4513152 2097148 1206060

1734618945
32665984 21839484 2664532 4588204 2097148 1206060

1734618946
32665984 22073804 2664560 4668428 2097148 1206060

1734618947
32665984 21992364 2664644 4693604 2097148 1206060

1734618948
32665984 21895080 2664768 4745692 2097148 1206060

1734618949
32665984 22012000 2664864 4806448 2097148 1206060

1734618950
32665984 21905728 2664888 4878300 2097148 1206060

1734618951
32665984 21749384 2664968 5013264 2097148 1206060

1734618952
32665984 21449012 2665352 5298768 2097148 1206060

1734618953
32665984 21403796 2665452 5333088 2097148 1206060

1734618954
32665984 21016308 2665580 5709024 2097148 1206060

1734618955
32665984 20995624 2665692 5735276 2097148 1206060

1734618956
32665984 20909040 2666440 5776072 2097148 1206060

1734618957
32665984 20911436 2666604 5814908 2097148 1206060

1734618958
32665984 20843680 2666684 5844532 2097148 1206060

1734618959
32665984 20802892 2666700 5886484 2097148 1206060

1734618960
32665984 20360264 2666880 6247524 2097148 1206060

1734618961
32665984 19951368 2666956 6630156 2097148 1206060

1734618962
32665984 19828564 2666964 6764236 2097148 1206060

1734618963
32665984 19735344 2666964 6823688 2097148 1206060

1734618964
32665984 19718292 2666964 6843112 2097148 1206060

1734618965
32665984 19589220 2667084 6943376 2097148 1206060

1734618966
32665984 19517424 2667120 6996340 2097148 1206060

1734618967
32665984 19467300 2667176 7073244 2097148 1206060

1734618968
32665984 19420736 2667216 7110676 2097148 1206060

1734618969
32665984 19401220 2667232 7142212 2097148 1206060

1734618970
32665984 19387980 2667232 7165028 2097148 1206060

1734618971
32665984 19368184 2667240 7200424 2097148 1206060

1734618972
32665984 19268048 2667300 7221944 2097148 1206060

1734618973
32665984 19210280 2667300 7247740 2097148 1206060

1734618974
32665984 19191560 2667300 7271988 2097148 1206060

1734618975
32665984 19178008 2667300 7286932 2097148 1206060

1734618976
32665984 19132936 2667348 7301884 2097148 1206060

1734618977
32665984 18990636 2667368 7316684 2097148 1206060

1734618978
32665984 18962788 2667368 7326168 2097148 1206060

1734618979
32665984 18956056 2667368 7340304 2097148 1206060

1734618980
32665984 19021792 2667408 7355740 2097148 1206060

1734618981
32665984 18997708 2667740 7412044 2097148 1206060

1734618982
32665984 18579548 2668532 7581768 2097148 1206060

1734618983
32665984 18240376 2669032 7998820 2097148 1206060

1734618984
32665984 17673700 2669256 8570872 2097148 1206060

1734618985
32665984 17030916 2669460 9027444 2097148 1206060

1734618986
32665984 16469884 2669924 9597272 2097148 1206060

1734618987
32665984 15890240 2670512 10047964 2097148 1206060

1734618988
32665984 15590196 2670828 10287232 2097148 1206060

1734618989
32665984 15147824 2671108 10719772 2097148 1206060

1734618990
32665984 14988560 2671760 10905428 2097148 1206060

1734618991
32665984 14224452 2676156 11240680 2097148 1206060

1734618992
32665984 13801928 2712876 11734680 2097148 1206060

1734618993
32665984 13142684 2717144 12365592 2097148 1206060

1734618994
32665984 12647412 2718196 12770428 2097148 1206060

1734618995
32665984 11052492 2718456 13026724 2097148 1206060

1734618996
32665984 10510576 2718672 13305436 2097148 1206060

1734618997
32665984 10832688 2720084 13458248 2097148 1206060

1734618998
32665984 10106956 2720336 13558836 2097148 1206060

1734618999
32665984 10700544 2720432 13629376 2097148 1206060

1734619000
32665984 11084660 2720808 13762388 2097148 1206060

1734619001
32665984 11030652 2724388 14009776 2097148 1206060

1734619002
32665984 10562944 2726248 14225420 2097148 1206060

1734619003
32665984 10250480 2726972 14530472 2097148 1206060

1734619004
32665984 9907028 2729524 14736676 2097148 1206060

1734619005
32665984 9685404 2731956 14932480 2097148 1206060

1734619006
32665984 9233632 2746076 15125348 2097148 1206060

1734619007
32665984 9048180 2763032 15291304 2097148 1206060

1734619008
32665984 8601948 2763316 15708588 2097148 1206060

1734619009
32665984 8759080 2764796 15877656 2097148 1206060

1734619011
32665984 8746976 2764796 15910864 2097148 1206060

1734619012
32665984 8320944 2765568 16134440 2097148 1206060

1734619013
32665984 8139576 2766576 16322548 2097148 1206060

1734619014
32665984 8028816 2767828 16499596 2097148 1206060

1734619015
32665984 7793940 2768340 16623124 2097148 1206060

1734619016
32665984 7472096 2771948 16832876 2097148 1206060

1734619017
32665984 7429660 2772328 16870884 2097148 1206060

1734619018
32665984 7409620 2772672 16888448 2097148 1206060

1734619020
32665984 7414448 2772676 16895512 2097148 1206060

1734619021
32665984 7175168 2774652 17095188 2097148 1206060

1734619022
32665984 6782944 2775128 17500680 2097148 1206060

1734619023
32665984 4975936 2776960 17920416 2097148 1206060

1734619024
32665984 5568548 2778872 18107228 2097148 1206060

1734619028
32665984 6018216 2779564 18198700 2097148 1206060

1734619029
32665984 5835988 2802260 18559528 2097148 1206060

1734619030
32665984 5368100 2802468 19066476 2097148 1206060

1734619031
32665984 5327416 2802968 19084100 2097148 1206060

1734619032
32665984 4709360 2803248 19495952 2097148 1206060

1734619033
32665984 4391164 2803276 19845856 2097148 1206060

1734619034
32665984 3760156 2803452 20314580 2097148 1206060

1734619036
32665984 3753324 2803492 20677884 2097148 1206060

1734619037
32665984 3488648 2803940 20853876 2097148 1206060

1734619038
32665984 3193412 2803988 21019836 2097148 1206060

1734619039
32665984 3001528 2804076 21149368 2097148 1206060

1734619040
32665984 2882076 2804104 21237904 2097148 1206060

1734619041
32665984 2721828 2804164 21376488 2097148 1206060

1734619042
32665984 2579104 2804460 21521908 2097148 1206060

1734619043
32665984 2411308 2804488 21713860 2097148 1206060

1734619044
32665984 2333012 2804488 21828100 2097148 1206060

1734619047
32665984 2210756 2804576 21979760 2097148 1206060

1734619048
32665984 2055596 2804668 22017180 2097148 1206060

1734619049
32665984 1940752 2804724 22078892 2097148 1206060

1734619050
32665984 1835576 2804760 22154564 2097148 1206060

1734619051
32665984 840276 2804772 22211768 2097148 1206060

1734619052
32665984 1615228 2804728 22234672 2097148 1206060

1734619053
32665984 764320 2804788 22324372 2097148 1206060

1734619054
32665984 825260 2803712 22425980 2097148 1206060

1734619056
32665984 1312416 2803752 22535348 2097148 1206060

1734619057
32665984 252792 2773128 22451752 2097148 1202868

1734619058
32665984 602948 2768572 22449360 2097148 1200564

1734619059
32665984 407908 2760712 22358916 2097148 1198664

1734619061
32665984 665516 2746816 21885788 2097148 1196104

1734619062
32665984 416676 2747016 21963432 2097148 1195936

1734619063
32665984 469812 2747284 22056500 2097148 1195936

1734619064
32665984 576536 2745104 22041024 2097148 1195936

1734619065
32665984 1561328 2746512 22141840 2097148 1195936

1734619066
32665984 1336748 2750288 22302900 2097148 1195936

1734619067
32665984 579816 2753416 22447584 2097148 1195936

1734619068
32665984 1238264 2754564 22546356 2097148 1195936

1734619069
32665984 1040336 2756056 22664476 2097148 1195936

1734619070
32665984 934712 2756204 22774008 2097148 1195936

1734619071
32665984 795224 2756204 22907580 2097148 1195936

1734619072
32665984 932252 2756212 22983144 2097148 1195936

1734619073
32665984 678800 2756256 23040544 2097148 1195936

1734619076
32665984 597264 2755000 23132672 2097148 1195936

1734619077
32665984 401700 2755088 23249416 2097148 1195936

1734619078
32665984 340400 2748508 23133720 2097148 1195168

1734619079
32665984 474312 2747916 23183544 2097148 1195168

1734619080
32665984 424120 2747560 23243620 2097148 1195168

1734619081
32665984 386468 2741388 23175464 2097148 1195168

1734619082
32665984 308848 2730044 22910308 2097148 1195168

1734619083
32665984 333600 2723732 22777160 2097148 1195168

1734619084
32665984 793660 2720968 22788988 2097148 1195168

1734619087
32665984 624648 2721412 23018664 2097148 1195168

1734619088
32665984 636732 2717768 23010116 2097148 1196192

1734619089
32665984 494972 2716916 23113948 2097148 1197472

1734619091
32665984 395628 2716920 23179408 2097148 1198752

1734619092
32665984 334876 2715268 23253304 2097148 1200544

1734619093
32665984 486932 2663988 23110464 2097148 1202080

1734619094
32665984 352244 2662288 23186116 2097148 1202080

1734619097
32665984 352244 2662292 23186112 2097148 1202080

1734619098
32665984 241444 2661500 23338636 2097148 1202080

1734619100
32665984 377696 2646508 23231740 2097148 1202080

1734619101
32665984 245760 2632988 23141672 2097148 1202080

1734619102
32665984 277364 2630764 23233836 2097148 1202080

1734619103
32665984 576668 2594428 22934084 2097148 1202080

1734619104
32665984 575180 2586800 22764476 2097148 1202080

1734619105
32665984 641476 2586964 22845676 2097148 1202080

1734619106
32665984 430628 2587088 22971900 2097148 1202080

1734619107
32665984 388868 2587224 23092336 2097148 1202080

1734619108
32665984 357756 2586224 23171764 2097148 1202080

1734619109
32665984 311148 2580232 23236928 2097148 1202080

1734619112
32665984 340104 2580504 23259048 2097148 1202080

1734619113
32665984 242664 2591268 23188660 2097148 1202080

1734619114
32665984 283392 2590312 23159604 2097148 1202080

1734619120
32665984 286592 2590312 23160704 2097148 1202080

1734619121
32665984 296512 2582708 22966228 2097148 1202080

1734619122
32665984 251516 2582004 23089236 2097148 1202080

1734619124
32665984 293060 2579656 23244872 2097148 1202080

1734619126
32665984 257640 2577532 23287444 2097148 1202080

1734619127
32665984 305852 2576072 23194896 2097148 1202080

1734619128
32665984 241916 2575484 23215564 2097148 1202080

1734619129
32665984 261624 2576208 23285452 2097148 1202080

1734619131
32665984 308400 2576256 23240060 2097148 1202080

1734619132
32665984 339936 2566904 23175016 2097148 1202080

1734619133
32665984 313300 2563928 23160036 2097148 1202080

1734619136
32665984 280436 2561776 23208248 2097148 1202080

1734619137
32665984 478776 2549728 22938160 2097148 1202080

1734619138
32665984 465460 2550300 23006220 2097148 1202080

1734619139
32665984 272640 2547304 23203704 2097148 1202080

1734619140
32665984 307784 2544400 23220704 2097148 1202080

1734619141
32665984 305800 2541740 23230820 2097148 1202080

1734619143
32665984 284408 2535868 23181492 2097148 1202080

1734619144
32665984 480844 2522356 22893780 2097148 1202080

1734619146
32665984 283000 2503848 22534804 2097148 1202080

1734619147
32665984 677696 2503136 22605104 2097148 1202080

1734619148
32665984 823300 2503900 22692152 2097148 1202080

1734619149
32665984 590672 2504508 22864624 2097148 1202080

1734619150
32665984 618704 2505200 22892280 2097148 1202080

1734619151
32665984 476580 2506152 22966624 2097148 1202080

1734619152
32665984 262864 2500680 22876648 2097148 1202080

1734619155
32665984 384684 2500732 22888188 2097148 1202080

1734619156
32665984 332040 2503772 23008036 2097148 1202080

1734619157
32665984 268632 2502172 22978836 2097148 1202080

1734619159
32665984 324668 2498344 23060688 2097148 1202080

1734619160
32665984 286872 2490892 22982172 2097148 1202080

1734619163
32665984 433400 2491000 22984260 2097148 1202080

1734619164
32665984 248252 2491300 23108136 2097148 1202080

1734619165
32665984 283592 2488948 23056352 2097148 1202080

1734619166
32665984 269812 2485080 22944036 2097148 1202080

1734619167
32665984 596364 2480620 22942212 2097148 1202080

1734619169
32665984 265352 2469968 22652012 2097148 1202080

1734619170
32665984 741332 2467332 22597408 2097148 1202080

1734619171
32665984 506388 2467520 22615340 2097148 1202080

1734619172
32665984 379276 2468232 22614048 2097148 1202080

1734619173
32665984 403228 2455012 22326100 2097148 1202080

1734619174
32665984 667924 2447752 22242720 2097148 1202080

1734619176
32665984 760948 2448440 22382664 2097148 1202080

1734619177
32665984 1139276 2449056 22213532 2097148 1202080

1734619178
32665984 1013532 2450076 22298328 2097148 1202080

1734619179
32665984 811556 2450732 22393376 2097148 1202080

1734619180
32665984 733500 2451404 22417136 2097148 1202080

1734619182
32665984 755552 2451404 22417144 2097148 1202080

1734619183
32665984 876688 2450384 22457880 2097148 1202080

1734619184
32665984 904808 2451016 22540768 2097148 1202080

1734619185
32665984 439816 2451572 22861852 2097148 1202080

1734619186
32665984 278644 2450136 22986424 2097148 1202080

1734619187
32665984 422020 2434952 22730080 2097148 1202080

1734619190
32665984 346284 2430816 22625052 2097148 1202080

1734619191
32665984 412548 2431188 22778260 2097148 1202080

1734619193
32665984 392828 2447752 22631796 2097148 1202080

1734619194
32665984 290296 2438564 22461928 2097148 1202080

1734619195
32665984 796012 2430728 22367196 2097148 1202080

1734619196
32665984 706340 2431224 22585920 2097148 1202080

1734619197
32665984 772244 2428772 22572244 2097148 1202080

1734619198
32665984 286732 2426660 22626972 2097148 1202080

1734619199
32665984 454368 2420176 22558364 2097148 1202080

1734619200
32665984 453608 2393624 21664576 2097148 1202080

1734619201
32665984 976220 2393360 21698724 2097148 1202080

1734619203
32665984 1115156 2393668 21716576 2097148 1202080

1734619205
32665984 889268 2394124 21993268 2097148 1202080

1734619206
32665984 542804 2395068 22157300 2097148 1202080

1734619207
32665984 361432 2395672 22327804 2097148 1202080

1734619208
32665984 368504 2370340 21574704 2097148 1202080

1734619209
32665984 621984 2353256 21281800 2097148 1201824

1734619210
32665984 1136940 2349168 21216136 2097148 1201824

1734619211
32665984 1661996 2349392 21092236 2097148 1201824

1734619212
32665984 1783384 2349984 21176972 2097148 1201824

1734619213
32665984 1739192 2352516 21312200 2097148 1201824

1734619214
32665984 923028 2354364 21620352 2097148 1201824

1734619215
32665984 1284804 2355720 21822672 2097148 1201824

1734619216
32665984 975912 2356184 21898040 2097148 1201824

1734619217
32665984 885760 2357288 22043180 2097148 1201824

1734619218
32665984 781832 2357916 22111532 2097148 1201824

1734619220
32665984 386196 2330688 21099120 2097148 1201760

1734619221
32665984 607544 2322416 20114660 2097148 1201760

1734619224
32665984 1903744 2278120 18955036 2097148 1201760

1734619225
32665984 1368128 2277764 19074168 2097148 1201760

1734619226
32665984 1375136 2278080 19198440 2097148 1201760

1734619227
32665984 1023800 2278276 19310896 2097148 1201760

1734619229
32665984 2986700 2278464 19336712 2097148 1201760

1734619230
32665984 2968572 2279720 19594044 2097148 1201760

1734619231
32665984 2806620 2280472 19771884 2097148 1201760

1734619236
32665984 2993636 2282064 19932956 2097148 1201760

1734619237
32665984 2501892 2282288 20282440 2097148 1201760

1734619240
32665984 2766416 2282376 20336584 2097148 1201760

1734619242
32665984 2649008 2283068 20366744 2097148 1201760

1734619243
32665984 2553172 2283592 20395760 2097148 1201760

1734619244
32665984 2387764 2283692 20457092 2097148 1201760

1734619245
32665984 2830664 2283732 20482404 2097148 1201760

1734619246
32665984 3052444 2284104 20490160 2097148 1201760

1734619247
32665984 3071304 2284172 20497068 2097148 1201760

1734619248
32665984 3067060 2284176 20502896 2097148 1201760

1734619249
32665984 3055248 2284176 20509464 2097148 1201760

1734619251
32665984 3040176 2284188 20523964 2097148 1201760

1734619252
32665984 3018604 2284236 20531620 2097148 1201760

1734619253
32665984 3012720 2284256 20540348 2097148 1201760

1734619254
32665984 3010156 2284256 20547472 2097148 1201760

1734619256
32665984 2993928 2284264 20555684 2097148 1201760

1734619257
32665984 2972744 2284328 20566776 2097148 1201760

1734619259
32665984 3001048 2284360 20578792 2097148 1201760

1734619260
32665984 3046708 2284396 20587332 2097148 1201760

1734619261
32665984 3071960 2284512 20600188 2097148 1201760

1734619263
32665984 3053808 2284568 20614016 2097148 1201760

1734619264
32665984 3041416 2284580 20624204 2097148 1201760

1734619265
32665984 3045348 2284596 20633356 2097148 1201760

1734619266
32665984 3031196 2284604 20642484 2097148 1201760

1734619267
32665984 3022464 2284652 20650216 2097148 1201760

1734619268
32665984 3019056 2284664 20656500 2097148 1201760

1734619269
32665984 3016724 2284668 20662508 2097148 1201760

1734619270
32665984 3007464 2284672 20668496 2097148 1201760

1734619271
32665984 3002824 2284680 20676908 2097148 1201760

1734619273
32665984 2976484 2284724 20687720 2097148 1201760

1734619274
32665984 2969604 2284728 20696052 2097148 1201760

1734619275
32665984 2957960 2284732 20711116 2097148 1201760

1734619276
32665984 2948580 2284736 20718988 2097148 1201760

1734619277
32665984 2945420 2284760 20727808 2097148 1201760

1734619278
32665984 2915448 2284764 20736800 2097148 1201760

1734619279
32665984 2911928 2284768 20746660 2097148 1201760

1734619280
32665984 2910416 2284772 20752068 2097148 1201760

1734619281
32665984 2903792 2284776 20756404 2097148 1201760

1734619282
32665984 2896992 2284792 20760940 2097148 1201760

1734619283
32665984 2895184 2284796 20766188 2097148 1201760

1734619284
32665984 2883360 2284800 20771916 2097148 1201760

1734619285
32665984 2875552 2284804 20777204 2097148 1201760

1734619286
32665984 2879960 2284808 20789248 2097148 1201760

1734619287
32665984 2857312 2284872 20827372 2097148 1201760

1734619288
32665984 2862516 2285016 20833360 2097148 1201760

1734619289
32665984 2892884 2285020 20840544 2097148 1201760

1734619290
32665984 2886928 2285024 20847064 2097148 1201760

1734619291
32665984 2877948 2285028 20853040 2097148 1201760

1734619292
32665984 2870768 2285044 20859552 2097148 1201760

1734619293
32665984 2865404 2285048 20864932 2097148 1201760

1734619294
32665984 2859576 2285052 20872528 2097148 1201760

1734619295
32665984 2847224 2285056 20884452 2097148 1201760

1734619296
32665984 2832976 2285060 20898400 2097148 1201760

1734619297
32665984 2818596 2285072 20910680 2097148 1201760

1734619298
32665984 2807736 2285072 20921096 2097148 1201760

1734619299
32665984 2830652 2285076 20928496 2097148 1201760

1734619300
32665984 2858316 2285080 20935652 2097148 1201760

1734619301
32665984 2852924 2285080 20940264 2097148 1201760

1734619302
32665984 2861704 2285156 20944816 2097148 1201760

1734619303
32665984 2847780 2285220 20949776 2097148 1201760

1734619304
32665984 2833476 2285220 20953652 2097148 1201760

1734619305
32665984 2784104 2285224 20985996 2097148 1201760

1734619306
32665984 2751032 2285224 21013472 2097148 1201760

1734619307
32665984 2772908 2285312 21016564 2097148 1201760

1734619308
32665984 2766132 2285312 21020736 2097148 1201760

1734619309
32665984 2700724 2285312 21078628 2097148 1201760

1734619310
32665984 2690336 2285324 21093420 2097148 1201760

1734619311
32665984 2686556 2285332 21096448 2097148 1201760

1734619312
32665984 2716632 2285344 21099520 2097148 1201760

1734619313
32665984 2706840 2285392 21102880 2097148 1201760

1734619314
32665984 2702052 2285392 21106152 2097148 1201760

1734619315
32665984 2698788 2285392 21110372 2097148 1201760

1734619316
32665984 2695272 2285392 21113016 2097148 1201760

1734619317
32665984 2694240 2285400 21115448 2097148 1201760

1734619318
32665984 2734836 2285404 21096488 2097148 1201760

1734619319
32665984 2689356 2285404 21147268 2097148 1201760

1734619320
32665984 2635328 2285448 21201696 2097148 1201760

1734619321
32665984 2559948 2285548 21296324 2097148 1201760

1734619322
32665984 2555548 2285560 21299784 2097148 1201760

1734619323
32665984 2551044 2285560 21303628 2097148 1201760

1734619324
32665984 2546268 2285560 21307992 2097148 1201760

1734619325
32665984 2540988 2285560 21311700 2097148 1201760

1734619326
32665984 2536956 2285560 21314864 2097148 1201760

1734619327
32665984 2530672 2285620 21318668 2097148 1201760

1734619328
32665984 2523296 2285636 21322540 2097148 1201760

1734619329
32665984 2471308 2285636 21361320 2097148 1201760

1734619330
32665984 2427716 2285648 21380008 2097148 1201760

1734619331
32665984 2468720 2285704 21382904 2097148 1201760

1734619332
32665984 2384920 2285704 21385724 2097148 1201760

1734619333
32665984 2381296 2285712 21389012 2097148 1201760

1734619334
32665984 2377320 2285712 21392896 2097148 1201760

1734619335
32665984 2373048 2285712 21396972 2097148 1201760

1734619336
32665984 2368544 2285724 21400572 2097148 1201760

1734619337
32665984 2364524 2285724 21404676 2097148 1201760

1734619338
32665984 2359536 2285724 21409384 2097148 1201760

1734619339
32665984 2353752 2285724 21414164 2097148 1201760

1734619340
32665984 2347968 2285724 21419324 2097148 1201760

1734619341
32665984 2315752 2285732 21434748 2097148 1201760

1734619342
32665984 2212668 2285744 21493768 2097148 1201760

1734619343
32665984 2090636 2285752 21562456 2097148 1201760

1734619344
32665984 2016032 2285752 21620592 2097148 1201760

1734619345
32665984 1950080 2285752 21689716 2097148 1201760

1734619346
32665984 1876348 2285752 21758888 2097148 1201760

1734619347
32665984 1805808 2285752 21819192 2097148 1201760

1734619348
32665984 1770644 2285760 21830896 2097148 1201760

1734619349
32665984 1747428 2285760 21848436 2097148 1201760

1734619350
32665984 1743960 2285784 21851072 2097148 1201760

1734619351
32665984 1968244 2285844 21857456 2097148 1201760

1734619352
32665984 1959748 2285844 21862272 2097148 1201760

1734619353
32665984 1947728 2285920 21866860 2097148 1201760

1734619355
32665984 1940540 2285924 21874352 2097148 1201760

1734619356
32665984 1932560 2285932 21881992 2097148 1201760

1734619357
32665984 1932048 2286000 21886572 2097148 1201760

1734619358
32665984 1924016 2286000 21892744 2097148 1201760

1734619359
32665984 1920756 2286000 21898420 2097148 1201760

1734619360
32665984 1914748 2286000 21903860 2097148 1201760

1734619361
32665984 1909468 2286000 21909144 2097148 1201760

1734619362
32665984 1903940 2286008 21914084 2097148 1201760

1734619363
32665984 1898156 2286008 21919780 2097148 1201760

1734619364
32665984 1890620 2286008 21925588 2097148 1201760

1734619365
32665984 1884364 2286008 21930704 2097148 1201760

1734619366
32665984 1877824 2286008 21936044 2097148 1201760

1734619367
32665984 1870028 2286016 21941768 2097148 1201760

1734619368
32665984 1864748 2286016 21946260 2097148 1201760

1734619369
32665984 1860212 2286016 21950044 2097148 1201760

1734619370
32665984 1854184 2286016 21953692 2097148 1201760

1734619371
32665984 1850152 2286028 21957196 2097148 1201760

1734619372
32665984 1846384 2286036 21960972 2097148 1201760

1734619373
32665984 1844620 2286036 21964040 2097148 1201760

1734619374
32665984 1840852 2286036 21967948 2097148 1201760

1734619375
32665984 1837336 2286036 21971332 2097148 1201760

1734619376
32665984 1833064 2286036 21974632 2097148 1201760

1734619377
32665984 1827520 2286044 21977396 2097148 1201760

1734619378
32665984 1818720 2286044 21981408 2097148 1201760

1734619379
32665984 1812168 2286044 21985036 2097148 1201760

1734619380
32665984 1803360 2286044 21988632 2097148 1201760

1734619381
32665984 1793784 2286044 21992364 2097148 1201760

1734619382
32665984 1786728 2286052 21995640 2097148 1201760

1734619383
32665984 1776660 2286052 21998368 2097148 1201760

1734619384
32665984 1792800 2286052 22001304 2097148 1201760

1734619385
32665984 1785252 2286052 22004048 2097148 1201760

1734619386
32665984 1779720 2286052 22007284 2097148 1201760

1734619387
32665984 1773924 2286060 22010940 2097148 1201760

1734619388
32665984 1767640 2286060 22014636 2097148 1201760

1734619389
32665984 1761092 2286060 22017888 2097148 1201760

1734619390
32665984 1753796 2286060 22020796 2097148 1201760

1734619391
32665984 1748780 2286060 22024248 2097148 1201760

1734619392
32665984 1743740 2286068 22028164 2097148 1201760

1734619393
32665984 1735184 2286068 22032520 2097148 1201760

1734619394
32665984 1726112 2286068 22037636 2097148 1201760

1734619395
32665984 1714784 2286068 22042716 2097148 1201760

1734619396
32665984 1707492 2286068 22047264 2097148 1201760

1734619397
32665984 1696668 2286076 22052496 2097148 1201760

1734619398
32665984 1682580 2286076 22057876 2097148 1201760

1734619399
32665984 1672768 2286076 22063488 2097148 1201760

1734619400
32665984 1665232 2286076 22069756 2097148 1201760

1734619401
32665984 1657948 2286076 22076364 2097148 1201760

1734619402
32665984 1648132 2286092 22083572 2097148 1201760

1734619403
32665984 1635544 2286092 22091072 2097148 1201760

1734619404
32665984 1629508 2286092 22097956 2097148 1201760

1734619405
32665984 1622980 2286092 22102712 2097148 1201760

1734619406
32665984 1615440 2286092 22107696 2097148 1201760

1734619407
32665984 1608904 2286096 22113228 2097148 1201760

1734619408
32665984 1602616 2286096 22118440 2097148 1201760

1734619409
32665984 1596092 2286096 22123168 2097148 1201760

1734619410
32665984 1588784 2286096 22128668 2097148 1201760

1734619411
32665984 1580752 2286096 22135160 2097148 1201760

1734619412
32665984 1570220 2286104 22141396 2097148 1201760

1734619413
32665984 1559888 2286104 22147712 2097148 1201760

1734619414
32665984 1551584 2286104 22154544 2097148 1201760

1734619415
32665984 1540764 2286104 22160468 2097148 1201760

1734619416
32665984 1528692 2286104 22166392 2097148 1201760

1734619417
32665984 1521408 2286112 22171636 2097148 1201760

1734619418
32665984 1514364 2286112 22176892 2097148 1201760

1734619419
32665984 1503808 2286112 22182968 2097148 1201760

1734619420
32665984 1482896 2286112 22189240 2097148 1201760

1734619421
32665984 1453424 2286112 22194184 2097148 1201760

1734619422
32665984 1478900 2286120 22201060 2097148 1201760

1734619423
32665984 1510976 2286128 22189616 2097148 1201760

1734619424
32665984 1523436 2286168 22196136 2097148 1201760

1734619425
32665984 1515636 2286168 22201424 2097148 1201760

1734619426
32665984 1507320 2286168 22207532 2097148 1201760

1734619427
32665984 1498512 2286180 22213936 2097148 1201760

1734619428
32665984 1491228 2286180 22220672 2097148 1201760

1734619429
32665984 1481916 2286180 22227420 2097148 1201760

1734619430
32665984 1472100 2286180 22234656 2097148 1201760

1734619431
32665984 1461528 2286180 22242456 2097148 1201760

1734619432
32665984 1451208 2286188 22250796 2097148 1201760

1734619433
32665984 1438368 2286200 22259444 2097148 1201760

1734619434
32665984 1429044 2286200 22266008 2097148 1201760

1734619435
32665984 1422000 2286200 22271500 2097148 1201760

1734619436
32665984 1415700 2286200 22277276 2097148 1201760

1734619437
32665984 1407396 2286208 22283524 2097148 1201760

1734619438
32665984 1396572 2286208 22290100 2097148 1201760

1734619439
32665984 1385760 2286208 22297360 2097148 1201760

1734619440
32665984 1373928 2286208 22305084 2097148 1201760

1734619441
32665984 1363104 2286208 22313232 2097148 1201760

1734619442
32665984 1351524 2286216 22321828 2097148 1201760

1734619443
32665984 1333644 2286216 22330976 2097148 1201760

1734619444
32665984 1317276 2286216 22339492 2097148 1201760

1734619445
32665984 1301676 2286216 22347400 2097148 1201760

1734619446
32665984 1281784 2286216 22356188 2097148 1201760

1734619447
32665984 1270976 2286224 22363696 2097148 1201760

1734619448
32665984 1259900 2286224 22371196 2097148 1201760

1734619449
32665984 1246556 2286224 22378772 2097148 1201760

1734619450
32665984 1228960 2286224 22386640 2097148 1201760

1734619451
32665984 1212604 2286224 22395252 2097148 1201760

1734619452
32665984 1133332 2286232 22403948 2097148 1201760

1734619453
32665984 1119988 2286232 22409820 2097148 1201760

1734619454
32665984 1110664 2286232 22415504 2097148 1201760

1734619455
32665984 1100092 2286232 22421516 2097148 1201760

1734619456
32665984 1088764 2286232 22427932 2097148 1201760

1734619457
32665984 1075420 2286240 22434632 2097148 1201760

1734619458
32665984 1066112 2286240 22440416 2097148 1201760

1734619459
32665984 1053032 2286240 22446720 2097148 1201760

1734619460
32665984 1039932 2286240 22453628 2097148 1201760

1734619461
32665984 1029600 2286240 22459296 2097148 1201760

1734619462
32665984 1018524 2286248 22464136 2097148 1201760

1734619463
32665984 1012740 2286248 22468340 2097148 1201760

1734619464
32665984 1003856 2286248 22473548 2097148 1201760

1734619467
32665984 987256 2286256 22487036 2097148 1201760

1734619468
32665984 979464 2286260 22493372 2097148 1201760

1734619469
32665984 973472 2286260 22498000 2097148 1201760

1734619470
32665984 969452 2286260 22502176 2097148 1201760

1734619471
32665984 965924 2286260 22505632 2097148 1201760

1734619472
32665984 961400 2286268 22510000 2097148 1201760

1734619473
32665984 956612 2286268 22514612 2097148 1201760

1734619474
32665984 951080 2286268 22519076 2097148 1201760

1734619475
32665984 945284 2286268 22523544 2097148 1201760

1734619476
32665984 937740 2286268 22528292 2097148 1201760

1734619477
32665984 927420 2286276 22533468 2097148 1201760

1734619478
32665984 919380 2286276 22538008 2097148 1201760

1734619479
32665984 910576 2286276 22542788 2097148 1201760

1734619480
32665984 901028 2286276 22547744 2097148 1201760

1734619481
32665984 892492 2286276 22553336 2097148 1201760

1734619482
32665984 884708 2286284 22557776 2097148 1201760

1734619483
32665984 876908 2286284 22562808 2097148 1201760

1734619484
32665984 866084 2286284 22568216 2097148 1201760

1734619485
32665984 858536 2286284 22573668 2097148 1201760

1734619486
32665984 851492 2286284 22578492 2097148 1201760

1734619487
32665984 840924 2286292 22583748 2097148 1201760

1734619488
32665984 829364 2286292 22589416 2097148 1201760

1734619489
32665984 818816 2286292 22595244 2097148 1201760

1734619490
32665984 805728 2286292 22601384 2097148 1201760

1734619491
32665984 792876 2286292 22608188 2097148 1201760

1734619492
32665984 780036 2286300 22615460 2097148 1201760

1734619493
32665984 769212 2286304 22623248 2097148 1201760

1734619494
32665984 757140 2286304 22631480 2097148 1201760

1734619495
32665984 742536 2286304 22639824 2097148 1201760

1734619496
32665984 726168 2286304 22649032 2097148 1201760

1734619497
32665984 715848 2286304 22657684 2097148 1201760

1734619498
32665984 708300 2286316 22665836 2097148 1201760

1734619499
32665984 699380 2286316 22671964 2097148 1201760

1734619500
32665984 690336 2286316 22679156 2097148 1201760

1734619501
32665984 683544 2286316 22686636 2097148 1201760

1734619502
32665984 674988 2286316 22694276 2097148 1201760

1734619503
32665984 664164 2286324 22702492 2097148 1201760

1734619504
32665984 650632 2286324 22710828 2097148 1201760

1734619505
32665984 644080 2286324 22716260 2097148 1201760

1734619506
32665984 638548 2286324 22721696 2097148 1201760

1734619507
32665984 630256 2286324 22727408 2097148 1201760

1734619508
32665984 620932 2286332 22733704 2097148 1201760

1734619509
32665984 611884 2286332 22740464 2097148 1201760

1734619510
32665984 606100 2286332 22746096 2097148 1201760

1734619511
32665984 596032 2286332 22752372 2097148 1201760

1734619512
32665984 584704 2286332 22759084 2097148 1201760

1734619513
32665984 571868 2286340 22765896 2097148 1201760

1734619514
32665984 563060 2286340 22772976 2097148 1201760

1734619515
32665984 553988 2286340 22780376 2097148 1201760

1734619516
32665984 545672 2286340 22788420 2097148 1201760

1734619517
32665984 533852 2286340 22796680 2097148 1201760

1734619518
32665984 518240 2286348 22805744 2097148 1201760

1734619519
32665984 503144 2286348 22815088 2097148 1201760

1734619520
32665984 486524 2286348 22824268 2097148 1201760

1734619521
32665984 473180 2286348 22832152 2097148 1201760

1734619522
32665984 455048 2286356 22841088 2097148 1201760

1734619523
32665984 437168 2286356 22850724 2097148 1201760

1734619524
32665984 419548 2286356 22860664 2097148 1201760

1734619525
32665984 403152 2286356 22868256 2097148 1201760

1734619526
32665984 391696 2286356 22876164 2097148 1201760

1734619527
32665984 379536 2286364 22884412 2097148 1201760

1734619528
32665984 366708 2286364 22891560 2097148 1201760

1734619529
32665984 356892 2286364 22898484 2097148 1201760

1734619530
32665984 348484 2286372 22904840 2097148 1201760

1734619532
32665984 342064 2286380 22910356 2097148 1201760

1734619533
32665984 340048 2286380 22912224 2097148 1201760

1734619534
32665984 338696 2286380 22914560 2097148 1201760

1734619535
32665984 336176 2286380 22916892 2097148 1201760

1734619536
32665984 332900 2286380 22919652 2097148 1201760

1734619537
32665984 329636 2286388 22922884 2097148 1201760

1734619538
32665984 321352 2286388 22926668 2097148 1201760

1734619539
32665984 314548 2286388 22930780 2097148 1201760

1734619540
32665984 305836 2286388 22935432 2097148 1201760

1734619541
32665984 292736 2286388 22940300 2097148 1201760

1734619542
32665984 287976 2286396 22946292 2097148 1201760

1734619543
32665984 300616 2285224 22937972 2097148 1201760

1734619544
32665984 290744 2285224 22944656 2097148 1201760

1734619545
32665984 292548 2284200 22942524 2097148 1201760

1734619546
32665984 292000 2283688 22944876 2097148 1201760

1734619547
32665984 298028 2283176 22942088 2097148 1201760

1734619548
32665984 293280 2283184 22945068 2097148 1201760

1734619549
32665984 292464 2282672 22943704 2097148 1201760

1734619550
32665984 287308 2282672 22946204 2097148 1201760

1734619551
32665984 291992 2282160 22944240 2097148 1201760

1734619552
32665984 289232 2282160 22946056 2097148 1201760

1734619553
32665984 287972 2282168 22947828 2097148 1201760

1734619554
32665984 295080 2281656 22940404 2097148 1201760

1734619555
32665984 289088 2281656 22942804 2097148 1201760

1734619556
32665984 286692 2281656 22945868 2097148 1201760

1734619557
32665984 299440 2281144 22934316 2097148 1201760

1734619558
32665984 293996 2281152 22937664 2097148 1201760

1734619559
32665984 289208 2281152 22941320 2097148 1201760

1734619560
32665984 285428 2281152 22944816 2097148 1201760

1734619561
32665984 287496 2280640 22942524 2097148 1201760

1734619562
32665984 282972 2280648 22946580 2097148 1201760

1734619563
32665984 283392 2280144 22944708 2097148 1201760

1734619564
32665984 277380 2280144 22949708 2097148 1201760

1734619565
32665984 277068 2279632 22948216 2097148 1201760

1734619566
32665984 279824 2279120 22945232 2097148 1201760

1734619567
32665984 282096 2278608 22943136 2097148 1201760

1734619568
32665984 277568 2278616 22946864 2097148 1201760

1734619569
32665984 284080 2278104 22942568 2097148 1201760

1734619570
32665984 279192 2278104 22944612 2097148 1201760

1734619571
32665984 276168 2278104 22945564 2097148 1201760

1734619572
32665984 282332 2277608 22940952 2097148 1201760

1734619573
32665984 280224 2277616 22941856 2097148 1201760

1734619574
32665984 277200 2277616 22943336 2097148 1201760

1734619575
32665984 283812 2277232 22936456 2097148 1201760

1734619576
32665984 279148 2277232 22938880 2097148 1201760

1734619577
32665984 288164 2276848 22929996 2097148 1201760

1734619578
32665984 280884 2276856 22932744 2097148 1201760

1734619579
32665984 277624 2276856 22935744 2097148 1201760

1734619580
32665984 278604 2276472 22934352 2097148 1201760

1734619581
32665984 273364 2276472 22937772 2097148 1201760

1734619582
32665984 273156 2276088 22936240 2097148 1201760

1734619583
32665984 278372 2275712 22931856 2097148 1201760

1734619584
32665984 275040 2275712 22934208 2097148 1201760

1734619585
32665984 279152 2275328 22929952 2097148 1201760

1734619586
32665984 275056 2275328 22932776 2097148 1201760

1734619587
32665984 278868 2274952 22930872 2097148 1201760

1734619588
32665984 273072 2274952 22934576 2097148 1201760

1734619589
32665984 277188 2274196 22927916 2097148 1201760

1734619590
32665984 274508 2274196 22930844 2097148 1201760

1734619591
32665984 278668 2273812 22927824 2097148 1201760

1734619592
32665984 272872 2273812 22930676 2097148 1201760

1734619593
32665984 273728 2273488 22928320 2097148 1201760

1734619594
32665984 493796 2271016 22707948 2097148 1201760

1734619595
32665984 488384 2271016 22712232 2097148 1201760

1734619596
32665984 480320 2271016 22716352 2097148 1201760

1734619597
32665984 474284 2271016 22719636 2097148 1201760

1734619598
32665984 468004 2271024 22723104 2097148 1201760

1734619599
32665984 463468 2271024 22726228 2097148 1201760

1734619600
32665984 459204 2271024 22729624 2097148 1201760

1734619601
32665984 454416 2271024 22733288 2097148 1201760

1734619602
32665984 448632 2271024 22737440 2097148 1201760

1734619603
32665984 441828 2271032 22742040 2097148 1201760

1734619604
32665984 433512 2271032 22746868 2097148 1201760

1734619605
32665984 423684 2271032 22752648 2097148 1201760

1734619606
32665984 411860 2271032 22758496 2097148 1201760

1734619607
32665984 399016 2271040 22765276 2097148 1201760

1734619608
32665984 356680 2271040 22776036 2097148 1201760

1734619609
32665984 420996 2271228 22787684 2097148 1201760

1734619610
32665984 409744 2271228 22793792 2097148 1201760

1734619611
32665984 398152 2271228 22800540 2097148 1201760

1734619612
32665984 389584 2271228 22807836 2097148 1201760

1734619613
32665984 381016 2271228 22815284 2097148 1201760

1734619614
32665984 372952 2271236 22822528 2097148 1201760

1734619615
32665984 366736 2271236 22828640 2097148 1201760

1734619616
32665984 358420 2271236 22835552 2097148 1201760

1734619617
32665984 347596 2271236 22842952 2097148 1201760

1734619618
32665984 338524 2271236 22850616 2097148 1201760

1734619619
32665984 327448 2271244 22857976 2097148 1201760

1734619620
32665984 317620 2271244 22864000 2097148 1201760

1734619621
32665984 306280 2271244 22870800 2097148 1201760

1734619622
32665984 294436 2271244 22878408 2097148 1201760

1734619623
32665984 280576 2271244 22886104 2097148 1201760

1734619624
32665984 279636 2270996 22885484 2097148 1201760

1734619625
32665984 274740 2270712 22884900 2097148 1201760

1734619626
32665984 277176 2270200 22880128 2097148 1201760

1734619627
32665984 279836 2269688 22875816 2097148 1201760

1734619628
32665984 346780 2267444 22806752 2097148 1201760

1734619629
32665984 340008 2267452 22811504 2097148 1201760

1734619630
32665984 330432 2267452 22816364 2097148 1201760

1734619631
32665984 320124 2267460 22820724 2097148 1201760

1734619632
32665984 308540 2267460 22825640 2097148 1201760

1734619633
32665984 301000 2267460 22830532 2097148 1201760

1734619634
32665984 294448 2267460 22834148 2097148 1201760

1734619635
32665984 290668 2267460 22836216 2097148 1201760

1734619636
32665984 288400 2267468 22837936 2097148 1201760

1734619637
32665984 285652 2267468 22840108 2097148 1201760

1734619638
32665984 282124 2267468 22842792 2097148 1201760

1734619639
32665984 276832 2267468 22845912 2097148 1201760

1734619640
32665984 280672 2267340 22844536 2097148 1201760

1734619641
32665984 280456 2267220 22843200 2097148 1201760

1734619642
32665984 279052 2267104 22841140 2097148 1201760

1734619643
32665984 351300 2265164 22771576 2097148 1201760

1734619644
32665984 340060 2265164 22775916 2097148 1201760

1734619645
32665984 333956 2265164 22779924 2097148 1201760

1734619646
32665984 331436 2265164 22782040 2097148 1201760

1734619647
32665984 327908 2265164 22784536 2097148 1201760

1734619648
32665984 323876 2265168 22787516 2097148 1201760

1734619649
32665984 319372 2265168 22791052 2097148 1201760

1734619650
32665984 315844 2265168 22793696 2097148 1201760

1734619651
32665984 312316 2265168 22796180 2097148 1201760

1734619652
32665984 309544 2265168 22798388 2097148 1201760

1734619653
32665984 305776 2265176 22800892 2097148 1201760

1734619654
32665984 298992 2265176 22803864 2097148 1201760

1734619655
32665984 294204 2265176 22807392 2097148 1201760

1734619656
32665984 288408 2265188 22811316 2097148 1201760

1734619657
32665984 283368 2265188 22814712 2097148 1201760

1734619658
32665984 278340 2265196 22817612 2097148 1201760

1734619659
32665984 276844 2265068 22816152 2097148 1201760

1734619660
32665984 274368 2264940 22814724 2097148 1201760

1734619661
32665984 351828 2262888 22739796 2097148 1201760

1734619662
32665984 347692 2262888 22743300 2097148 1201760

1734619663
32665984 340144 2262896 22747488 2097148 1201760

1734619664
32665984 332332 2262896 22751320 2097148 1201760

1734619665
32665984 325780 2262896 22755048 2097148 1201760

1734619666
32665984 321748 2262896 22759052 2097148 1201760

1734619667
32665984 318472 2262896 22762752 2097148 1201760

1734619668
32665984 312424 2262900 22766256 2097148 1201760

1734619669
32665984 304116 2262900 22770756 2097148 1201760

1734619670
32665984 298824 2262900 22774328 2097148 1201760

1734619671
32665984 292776 2262900 22778388 2097148 1201760

1734619672
32665984 286980 2262900 22781684 2097148 1201760

1734619673
32665984 281436 2262916 22785200 2097148 1201760

1734619674
32665984 281200 2262788 22785176 2097148 1201760

1734619675
32665984 280184 2262592 22784656 2097148 1201760

1734619676
32665984 280260 2262464 22783256 2097148 1201760

1734619677
32665984 434376 2258480 22635712 2097148 1201760

1734619678
32665984 426520 2258488 22640032 2097148 1201760

1734619679
32665984 417732 2258488 22645296 2097148 1201760

1734619680
32665984 385024 2260980 22665328 2097148 1202784

1734619681
32665984 375460 2260980 22671892 2097148 1202784

1734619682
32665984 365408 2260984 22678272 2097148 1202784

1734619683
32665984 354824 2260984 22685192 2097148 1202784

1734619684
32665984 346004 2260984 22692536 2097148 1202784

1734619685
32665984 335672 2260992 22699944 2097148 1202784

1734619686
32665984 328868 2260992 22706624 2097148 1202784

1734619687
32665984 318536 2260996 22713716 2097148 1202784

1734619688
32665984 305936 2260996 22721376 2097148 1202784

1734619689
32665984 292588 2260996 22729212 2097148 1202784

1734619690
32665984 286648 2261560 22732428 2097148 1202784

1734619691
32665984 284676 2261108 22726584 2097148 1202784

1734619692
32665984 294844 2260472 22710420 2097148 1202784

1734619693
32665984 287000 2260348 22712736 2097148 1202784

1734619694
32665984 306236 2260100 22710408 2097148 1202784

1734619695
32665984 307496 2259732 22704772 2097148 1202784

1734619696
32665984 422964 2256376 22565620 2097148 1211744

1734619697
32665984 393232 2256376 22578244 2097148 1211744

1734619698
32665984 375364 2256376 22587316 2097148 1211744

1734619699
32665984 362260 2256376 22594828 2097148 1211744

1734619700
32665984 349912 2256376 22602752 2097148 1211744

1734619701
32665984 334084 2256384 22611396 2097148 1211744

1734619702
32665984 320256 2256384 22620508 2097148 1211744

1734619703
32665984 302888 2256384 22629620 2097148 1211744

1734619704
32665984 303140 2256056 22627820 2097148 1211744

1734619705
32665984 297764 2255800 22626192 2097148 1211744

1734619706
32665984 300016 2255432 22619852 2097148 1211744

1734619707
32665984 298392 2255184 22616524 2097148 1211744

1734619708
32665984 306060 2254612 22605352 2097148 1211744

1734619709
32665984 299848 2254348 22607648 2097148 1211744

1734619710
32665984 458040 2250408 22464324 2097148 1211744

1734619711
32665984 459256 2250416 22471300 2097148 1211744

1734619712
32665984 445660 2250416 22478592 2097148 1211744

1734619713
32665984 393748 2250416 22480432 2097148 1211744

1734619714
32665984 329444 2250420 22588496 2097148 1211744

1734619715
32665984 309336 2249324 22592188 2097148 1211744

1734619716
32665984 314512 2249084 22582704 2097148 1211744

1734619717
32665984 309640 2248960 22578108 2097148 1211744

1734619718
32665984 309200 2248960 22577940 2097148 1211744

1734619719
32665984 312840 2248840 22573332 2097148 1211744

1734619720
32665984 374260 2247592 22525808 2097148 1211744

1734619721
32665984 373816 2247600 22525668 2097148 1211744

1734619722
32665984 370288 2247600 22525684 2097148 1211744

1734619723
32665984 393240 2246720 22492768 2097148 1211744

1734619724
32665984 393468 2246720 22492884 2097148 1211744

1734619725
32665984 323412 2246720 22492888 2097148 1211744

1734619726
32665984 443448 2243848 22363984 2097148 1211744

1734619727
32665984 449172 2243848 22364648 2097148 1211744

1734619728
32665984 447672 2243848 22364856 2097148 1211744

1734619729
32665984 447672 2243848 22364860 2097148 1211744

1734619730
32665984 447672 2243848 22364864 2097148 1211744

1734619731
32665984 447672 2243856 22364856 2097148 1211744

1734619732
32665984 447672 2243856 22364868 2097148 1211744

1734619733
32665984 447672 2243856 22364964 2097148 1211744

1734619734
32665984 447432 2243856 22364968 2097148 1211744

1734619735
32665984 447432 2243856 22364968 2097148 1211744

1734619736
32665984 447432 2243864 22364964 2097148 1211744

1734619737
32665984 447432 2243864 22364976 2097148 1211744

1734619738
32665984 447432 2243864 22364980 2097148 1211744

1734619739
32665984 447432 2243864 22364980 2097148 1211744

1734619740
32665984 447432 2243864 22364984 2097148 1211744

1734619741
32665984 447180 2243872 22364980 2097148 1211744

1734619742
32665984 447180 2243872 22364992 2097148 1211744

1734619743
32665984 446940 2243872 22364992 2097148 1211744

1734619744
32665984 446688 2243872 22365048 2097148 1211744

1734619745
32665984 446688 2243872 22365048 2097148 1211744

1734619746
32665984 446464 2243872 22365056 2097148 1211744

1734619747
32665984 445960 2243880 22365056 2097148 1211744

1734619748
32665984 445960 2243880 22365064 2097148 1211744

1734619749
32665984 436384 2243880 22365096 2097148 1211744

1734619750
32665984 430612 2243880 22365104 2097148 1211744

1734619751
32665984 430360 2243880 22365104 2097148 1211744

1734619752
32665984 430360 2243888 22365108 2097148 1211744

1734619753
32665984 430360 2243888 22365112 2097148 1211744

1734619754
32665984 430120 2243888 22365116 2097148 1211744

1734619755
32665984 430120 2243888 22365120 2097148 1211744

1734619756
32665984 430120 2243888 22365124 2097148 1211744

1734619757
32665984 430120 2243896 22365124 2097148 1211744

1734619758
32665984 430120 2243896 22365128 2097148 1211744

1734619759
32665984 428368 2243896 22365136 2097148 1211744

1734619760
32665984 426924 2243896 22365140 2097148 1211744

1734619761
32665984 426684 2243896 22365140 2097148 1211744

1734619762
32665984 423408 2243904 22365148 2097148 1211744

1734619763
32665984 420384 2243904 22365148 2097148 1211744

1734619764
32665984 534248 2237888 22139236 2097148 1211744

1734619765
32665984 534008 2237888 22139236 2097148 1211744

1734619766
32665984 526572 2237888 22139244 2097148 1211744

1734619767
32665984 526880 2237896 22139244 2097148 1211744

1734619768
32665984 526880 2237896 22139248 2097148 1211744

1734619769
32665984 517052 2237896 22139404 2097148 1211744

1734619770
32665984 516800 2237896 22139416 2097148 1211744

1734619771
32665984 515540 2237896 22139416 2097148 1211744

1734619772
32665984 513524 2237904 22139420 2097148 1211744

1734619773
32665984 510248 2237904 22139424 2097148 1211744

1734619774
32665984 503192 2237904 22139428 2097148 1211744

1734619775
32665984 502436 2237904 22139428 2097148 1211744

1734619776
32665984 493364 2237904 22139432 2097148 1211744

1734619777
32665984 469676 2237912 22139432 2097148 1211744

1734619778
32665984 468932 2237912 22139444 2097148 1211744

1734619779
32665984 462380 2237912 22139452 2097148 1211744

1734619780
32665984 461876 2237912 22139452 2097148 1211744

1734619781
32665984 449024 2237912 22139456 2097148 1211744

1734619782
32665984 444740 2237920 22139452 2097148 1211744

1734619783
32665984 437444 2237920 22139464 2097148 1211744

1734619784
32665984 433664 2237920 22139464 2097148 1211744

1734619785
32665984 433664 2237920 22139468 2097148 1211744

1734619786
32665984 433424 2237920 22139472 2097148 1211744

1734619787
32665984 432164 2237924 22139472 2097148 1211744

1734619788
32665984 428636 2237924 22139476 2097148 1211744

1734619789
32665984 420824 2237924 22139540 2097148 1211744

1734619790
32665984 420584 2237924 22139540 2097148 1211744

1734619791
32665984 414032 2237924 22139548 2097148 1211744

1734619792
32665984 413276 2237932 22139548 2097148 1211744

1734619793
32665984 393116 2237932 22139552 2097148 1211744

1734619794
32665984 392612 2237932 22139780 2097148 1211744

1734619795
32665984 392372 2237932 22139784 2097148 1211744

1734619796
32665984 385820 2237932 22139784 2097148 1211744

1734619797
32665984 379176 2237940 22139788 2097148 1211744

1734619798
32665984 378432 2237940 22139788 2097148 1211744

1734619799
32665984 376164 2237940 22139796 2097148 1211744

1734619800
32665984 372636 2237940 22139796 2097148 1211744

1734619801
32665984 360540 2237940 22139800 2097148 1211744

1734619802
32665984 346676 2237820 22135188 2097148 1211744

1734619803
32665984 345936 2237820 22135192 2097148 1211744

1734619804
32665984 345936 2237820 22135192 2097148 1211744

1734619805
32665984 345696 2237820 22135196 2097148 1211744

1734619806
32665984 348136 2237492 22125720 2097148 1211744

1734619807
32665984 357588 2237368 22115416 2097148 1211744

1734619808
32665984 357636 2237368 22115200 2097148 1211744

1734619809
32665984 354620 2237368 22115204 2097148 1211744

1734619810
32665984 347208 2237240 22110604 2097148 1211744

1734619811
32665984 351844 2237112 22106252 2097148 1211744

1734619812
32665984 350848 2237120 22106252 2097148 1211744

1734619813
32665984 351304 2236796 22096948 2097148 1211744

1734619814
32665984 408064 2236796 22097020 2097148 1211744

1734619815
32665984 388312 2236796 22097028 2097148 1211744

1734619816
32665984 361852 2236796 22097028 2097148 1211744

1734619817
32665984 351788 2236544 22088548 2097148 1211744

1734619818
32665984 407452 2231872 22130708 2097148 1211744

1734619819
32665984 395840 2228692 22157536 2097148 1211744

1734619820
32665984 389940 2228704 22157468 2097148 1211744

1734619821
32665984 2474564 2228748 22157468 2097148 1211744

1734619823
32665984 2647964 2229028 22160712 2097148 1211744

