1734618924
lo: 0 0 0 0
eth0: 120409791 1262908 0 0

1734618925
lo: 0 0 0 0
eth0: 143704207 1478249 23294416 215341

1734618926
lo: 0 0 0 0
eth0: 235303934 2208495 91599727 730246

1734618927
lo: 0 0 0 0
eth0: 343235793 2844908 107931859 636413

1734618928
lo: 0 0 0 0
eth0: 410883841 3260059 67648048 415151

1734618929
lo: 0 0 0 0
eth0: 441125474 3465272 30241633 205213

1734618930
lo: 0 0 0 0
eth0: 452276873 3612201 11151399 146929

1734618931
lo: 0 0 0 0
eth0: 487499740 3935757 35222867 323556

1734618932
lo: 0 0 0 0
eth0: 523908958 4354680 36409218 418923

1734618933
lo: 0 0 0 0
eth0: 554340967 4599436 30432009 244756

1734618934
lo: 0 0 0 0
eth0: 583676271 4937887 29335304 338451

1734618935
lo: 0 0 0 0
eth0: 608319022 5193737 24642751 255850

1734618936
lo: 0 0 0 0
eth0: 623389059 5378094 15070037 184357

1734618937
lo: 0 0 0 0
eth0: 636861628 5558208 13472569 180114

1734618938
lo: 0 0 0 0
eth0: 649130080 5725244 12268452 167036

1734618939
lo: 0 0 0 0
eth0: 682517449 6057806 33387369 332562

1734618940
lo: 0 0 0 0
eth0: 771231117 6636845 88713668 579039

1734618941
lo: 0 0 0 0
eth0: 883913371 7366902 112682254 730057

1734618942
lo: 0 0 0 0
eth0: 966871516 7971871 82958145 604969

1734618943
lo: 0 0 0 0
eth0: 1007773969 8368900 40902453 397029

1734618944
lo: 0 0 0 0
eth0: 1073625667 8907484 65851698 538584

1734618945
lo: 0 0 0 0
eth0: 1140576892 9343752 66951225 436268

1734618946
lo: 0 0 0 0
eth0: 1167332051 9611016 26755159 267264

1734618947
lo: 0 0 0 0
eth0: 1186825015 9864115 19492964 253099

1734618948
lo: 0 0 0 0
eth0: 1216209187 10206251 29384172 342136

1734618949
lo: 0 0 0 0
eth0: 1230846246 10432124 14637059 225873

1734618950
lo: 0 0 0 0
eth0: 1273221521 10819844 42375275 387720

1734618951
lo: 0 0 0 0
eth0: 1307381316 11142363 34159795 322519

1734618952
lo: 0 0 0 0
eth0: 1317882990 11421884 10501674 279521

1734618953
lo: 0 0 0 0
eth0: 1324924773 11547849 7041783 125965

1734618954
lo: 154 154 154 154
eth0: 1334763561 11685650 9838788 137801

1734618955
lo: 154 154 0 0
eth0: 1350641051 11847850 15877490 162200

1734618956
lo: 154 154 0 0
eth0: 1374307673 12078728 23666622 230878

1734618957
lo: 154 154 0 0
eth0: 1402789557 12356799 28481884 278071

1734618958
lo: 440 440 286 286
eth0: 1418170642 12552891 15381085 196092

1734618959
lo: 440 440 0 0
eth0: 1434656204 12819293 16485562 266402

1734618960
lo: 440 440 0 0
eth0: 1453626144 13063130 18969940 243837

1734618961
lo: 440 440 0 0
eth0: 1469209014 13272737 15582870 209607

1734618962
lo: 572 572 132 132
eth0: 1523886226 13766520 54677212 493783

1734618963
lo: 572 572 0 0
eth0: 1551353508 14011017 27467282 244497

1734618964
lo: 572 572 0 0
eth0: 1562129565 14205159 10776057 194142

1734618965
lo: 572 572 0 0
eth0: 1658983217 14767281 96853652 562122

1734618966
lo: 572 572 0 0
eth0: 1709956842 15151915 50973625 384634

1734618967
lo: 572 572 0 0
eth0: 1714443149 15237103 4486307 85188

1734618968
lo: 572 572 0 0
eth0: 1752167722 15523684 37724573 286581

1734618969
lo: 720 720 148 148
eth0: 1779518010 15750073 27350288 226389

1734618970
lo: 720 720 0 0
eth0: 1803321866 15961035 23803856 210962

1734618971
lo: 720 720 0 0
eth0: 1825407901 16167998 22086035 206963

1734618972
lo: 720 720 0 0
eth0: 1845902742 16349076 20494841 181078

1734618973
lo: 994 994 274 274
eth0: 1867503269 16543651 21600527 194575

1734618974
lo: 1057 1057 63 63
eth0: 1888525445 16743336 21022176 199685

1734618975
lo: 1057 1057 0 0
eth0: 1899557933 16892526 11032488 149190

1734618976
lo: 1057 1057 0 0
eth0: 1905331991 17000095 5774058 107569

1734618977
lo: 1120 1120 63 63
eth0: 1911612751 17099403 6280760 99308

1734618978
lo: 1120 1120 0 0
eth0: 1915448999 17173257 3836248 73854

1734618979
lo: 1120 1120 0 0
eth0: 1919245779 17243481 3796780 70224

1734618980
lo: 1120 1120 0 0
eth0: 1923425413 17321559 4179634 78078

1734618981
lo: 1120 1120 0 0
eth0: 1927516315 17398515 4090902 76956

1734618982
lo: 1120 1120 0 0
eth0: 1931411736 17473821 3895421 75306

1734618983
lo: 1120 1120 0 0
eth0: 1935514208 17552757 4102472 78936

1734618984
lo: 1120 1120 0 0
eth0: 1937211055 17588793 1696847 36036

1734618985
lo: 1120 1120 0 0
eth0: 1938567429 17618301 1356374 29508

1734618986
lo: 1120 1120 0 0
eth0: 1942600598 17665153 4033169 46852

1734618987
lo: 1120 1120 0 0
eth0: 1944298153 17700001 1697555 34848

1734618988
lo: 1120 1120 0 0
eth0: 1945604421 17728051 1306268 28050

1734618989
lo: 1120 1120 0 0
eth0: 1946877861 17754715 1273440 26664

1734618990
lo: 1120 1120 0 0
eth0: 1995907642 18118217 49029781 363502

1734618991
lo: 1120 1120 0 0
eth0: 2067603285 18643247 71695643 525030

1734618992
lo: 1120 1120 0 0
eth0: 2121302154 19027809 53698869 384562

1734618993
lo: 1120 1120 0 0
eth0: 2172936017 19422489 51633863 394680

1734618994
lo: 1120 1120 0 0
eth0: 2224053783 19783929 51117766 361440

1734618995
lo: 1120 1120 0 0
eth0: 2226140594 19807095 2086811 23166

1734618996
lo: 1120 1120 0 0
eth0: 2226406222 19812771 265628 5676

1734618997
lo: 1120 1120 0 0
eth0: 2226818621 19825905 412399 13134

1734618998
lo: 1120 1120 0 0
eth0: 2227147526 19834749 328905 8844

1734618999
lo: 1120 1120 0 0
eth0: 2229463437 19854153 2315911 19404

1734619000
lo: 1120 1120 0 0
eth0: 2238301347 19902993 8837910 48840

1734619001
lo: 1120 1120 0 0
eth0: 2247575223 19982061 9273876 79068

1734619002
lo: 1120 1120 0 0
eth0: 2256870655 20037271 9295432 55210

1734619003
lo: 1120 1120 0 0
eth0: 2264971331 20092123 8100676 54852

1734619004
lo: 1120 1120 0 0
eth0: 2273667127 20163865 8695796 71742

1734619005
lo: 1120 1120 0 0
eth0: 2279410311 20224585 5743184 60720

1734619006
lo: 1120 1120 0 0
eth0: 2284690418 20287009 5280107 62424

1734619007
lo: 1120 1120 0 0
eth0: 2290345518 20341063 5655100 54054

1734619008
lo: 1120 1120 0 0
eth0: 2296485188 20402311 6139670 61248

1734619009
lo: 1120 1120 0 0
eth0: 2301755034 20459797 5269846 57486

1734619011
lo: 1120 1120 0 0
eth0: 2308820190 20543947 7065156 84150

1734619012
lo: 1120 1120 0 0
eth0: 2315225860 20605459 6405670 61512

1734619013
lo: 1120 1120 0 0
eth0: 2321296364 20664193 6070504 58734

1734619014
lo: 1120 1120 0 0
eth0: 2327823710 20734615 6527346 70422

1734619015
lo: 1120 1120 0 0
eth0: 2333760630 20792395 5936920 57780

1734619016
lo: 1120 1120 0 0
eth0: 2339110980 20847505 5350350 55110

1734619017
lo: 1120 1120 0 0
eth0: 2344133468 20908951 5022488 61446

1734619018
lo: 1120 1120 0 0
eth0: 2348859268 20970067 4725800 61116

1734619020
lo: 1120 1120 0 0
eth0: 2353028702 21015319 4169434 45252

1734619021
lo: 1120 1120 0 0
eth0: 2359553766 21075379 6525064 60060

1734619022
lo: 1120 1120 0 0
eth0: 2365181538 21135835 5627772 60456

1734619023
lo: 1120 1120 0 0
eth0: 2408830680 21466705 43649142 330870

1734619024
lo: 1120 1120 0 0
eth0: 2412023544 21507295 3192864 40590

1734619028
lo: 1120 1120 0 0
eth0: 2415598186 21533761 3574642 26466

1734619029
lo: 1120 1120 0 0
eth0: 2420327040 21565573 4728854 31812

1734619030
lo: 1120 1120 0 0
eth0: 2423342490 21595273 3015450 29700

1734619031
lo: 1120 1120 0 0
eth0: 2426919154 21621079 3576664 25806

1734619032
lo: 1120 1120 0 0
eth0: 2430660930 21660415 3741776 39336

1734619033
lo: 1120 1120 0 0
eth0: 2433361356 21686881 2700426 26466

1734619034
lo: 1120 1120 0 0
eth0: 2436259584 21718561 2898228 31680

1734619036
lo: 1120 1120 0 0
eth0: 2445679670 21821521 9420086 102960

1734619037
lo: 1120 1120 0 0
eth0: 2450287448 21866269 4607778 44748

1734619038
lo: 1120 1120 0 0
eth0: 2454223222 21915241 3935774 48972

1734619039
lo: 1120 1120 0 0
eth0: 2457944831 21968999 3721609 53758

1734619040
lo: 1120 1120 0 0
eth0: 2473769030 22056118 15824199 87119

1734619041
lo: 1120 1120 0 0
eth0: 2497731678 22124296 23962648 68178

1734619042
lo: 1120 1120 0 0
eth0: 2518332755 22197850 20601077 73554

1734619043
lo: 1120 1120 0 0
eth0: 2539071327 22258582 20738572 60732

1734619044
lo: 1120 1120 0 0
eth0: 2541784077 22276582 2712750 18000

1734619047
lo: 1120 1120 0 0
eth0: 2547957591 22337504 6173514 60922

1734619048
lo: 1120 1120 0 0
eth0: 2551783627 22378688 3826036 41184

1734619049
lo: 1120 1120 0 0
eth0: 2556502825 22437143 4719198 58455

1734619050
lo: 1120 1120 0 0
eth0: 2561486457 22493724 4983632 56581

1734619051
lo: 1120 1120 0 0
eth0: 2566581700 22547405 5095243 53681

1734619052
lo: 1120 1120 0 0
eth0: 2572216139 22597037 5634439 49632

1734619053
lo: 1120 1120 0 0
eth0: 2576139062 22634865 3922923 37828

1734619054
lo: 1120 1120 0 0
eth0: 2581932776 22693902 5793714 59037

1734619056
lo: 1120 1120 0 0
eth0: 2588995198 22773193 7062422 79291

1734619057
lo: 1120 1120 0 0
eth0: 2596229802 22828341 7234604 55148

1734619058
lo: 1120 1120 0 0
eth0: 2602210160 22871751 5980358 43410

1734619059
lo: 1120 1120 0 0
eth0: 2608154543 22946685 5944383 74934

1734619061
lo: 1120 1120 0 0
eth0: 2614714433 23002211 6559890 55526

1734619062
lo: 1120 1120 0 0
eth0: 2619436761 23052017 4722328 49806

1734619063
lo: 1120 1120 0 0
eth0: 2624020343 23094143 4583582 42126

1734619064
lo: 1120 1120 0 0
eth0: 2629134687 23173458 5114344 79315

1734619065
lo: 1120 1120 0 0
eth0: 2634215446 23230033 5080759 56575

1734619066
lo: 1120 1120 0 0
eth0: 2648794437 23353573 14578991 123540

1734619067
lo: 1120 1120 0 0
eth0: 2678531574 23467575 29737137 114002

1734619068
lo: 1120 1120 0 0
eth0: 2688463960 23582109 9932386 114534

1734619069
lo: 1120 1120 0 0
eth0: 2693923110 23659569 5459150 77460

1734619070
lo: 1120 1120 0 0
eth0: 2698649830 23742357 4726720 82788

1734619071
lo: 1120 1120 0 0
eth0: 2705999206 23856933 7349376 114576

1734619072
lo: 1120 1120 0 0
eth0: 2712016132 23941677 6016926 84744

1734619073
lo: 1120 1120 0 0
eth0: 2719678798 24055527 7662666 113850

1734619076
lo: 1120 1120 0 0
eth0: 2738136242 24323949 18457444 268422

1734619077
lo: 1120 1120 0 0
eth0: 2746720670 24453184 8584428 129235

1734619078
lo: 1120 1120 0 0
eth0: 2755569911 24545803 8849241 92619

1734619079
lo: 1120 1120 0 0
eth0: 2762159269 24600394 6589358 54591

1734619080
lo: 1120 1120 0 0
eth0: 2769526705 24702285 7367436 101891

1734619081
lo: 1120 1120 0 0
eth0: 2781979684 24860332 12452979 158047

1734619082
lo: 1120 1120 0 0
eth0: 2790326715 24947056 8347031 86724

1734619083
lo: 1120 1120 0 0
eth0: 2797879329 25025398 7552614 78342

1734619084
lo: 1120 1120 0 0
eth0: 2806713499 25137468 8834170 112070

1734619087
lo: 1120 1120 0 0
eth0: 2845528008 25655453 38814509 517985

1734619088
lo: 1120 1120 0 0
eth0: 2859050375 25824255 13522367 168802

1734619089
lo: 1120 1120 0 0
eth0: 2884916663 26136963 25866288 312708

1734619091
lo: 1120 1120 0 0
eth0: 2900147067 26300313 15230404 163350

1734619092
lo: 1120 1120 0 0
eth0: 2924626293 26519631 24479226 219318

1734619093
lo: 1120 1120 0 0
eth0: 2932999109 26598477 8372816 78846

1734619094
lo: 1120 1120 0 0
eth0: 2945532399 26716287 12533290 117810

1734619097
lo: 1120 1120 0 0
eth0: 2945532399 26716485 0 198

1734619098
lo: 1120 1120 0 0
eth0: 2956376345 26792312 10843946 75827

1734619100
lo: 1120 1120 0 0
eth0: 2962958947 26849468 6582602 57156

1734619101
lo: 1120 1120 0 0
eth0: 2973685201 26957045 10726254 107577

1734619102
lo: 1120 1120 0 0
eth0: 2987551247 27103418 13866046 146373

1734619103
lo: 1120 1120 0 0
eth0: 2996350220 27203408 8798973 99990

1734619104
lo: 1120 1120 0 0
eth0: 3005685565 27299751 9335345 96343

1734619105
lo: 1120 1120 0 0
eth0: 3013495846 27400071 7810281 100320

1734619106
lo: 1120 1120 0 0
eth0: 3021600914 27513204 8105068 113133

1734619107
lo: 1120 1120 0 0
eth0: 3031686672 27660606 10085758 147402

1734619108
lo: 1120 1120 0 0
eth0: 3040835457 27800856 9148785 140250

1734619109
lo: 1120 1120 0 0
eth0: 3050960417 27946047 10124960 145191

1734619112
lo: 1120 1120 0 0
eth0: 3056235066 27980565 5274649 34518

1734619113
lo: 1120 1120 0 0
eth0: 3071866928 28110951 15631862 130386

1734619114
lo: 1120 1120 0 0
eth0: 3081974051 28181019 10107123 70068

1734619120
lo: 1120 1120 0 0
eth0: 3081992437 28181415 18386 396

1734619121
lo: 1120 1120 0 0
eth0: 3099135336 28289985 17142899 108570

1734619122
lo: 1120 1120 0 0
eth0: 3109639630 28431753 10504294 141768

1734619124
lo: 1120 1120 0 0
eth0: 3124549162 28579593 14909532 147840

1734619126
lo: 1120 1120 0 0
eth0: 3148556360 28927743 24007198 348150

1734619127
lo: 1120 1120 0 0
eth0: 3161241456 29112202 12685096 184459

1734619128
lo: 1120 1120 0 0
eth0: 3175435609 29327612 14194153 215410

1734619129
lo: 1120 1120 0 0
eth0: 3191265452 29550901 15829843 223289

1734619131
lo: 1120 1120 0 0
eth0: 3203385607 29655419 12120155 104518

1734619132
lo: 1120 1120 0 0
eth0: 3217681342 29795891 14295735 140472

1734619133
lo: 1120 1120 0 0
eth0: 3233920670 29951664 16239328 155773

1734619136
lo: 1120 1120 0 0
eth0: 3247470834 30067483 13550164 115819

1734619137
lo: 1120 1120 0 0
eth0: 3256627341 30146733 9156507 79250

1734619138
lo: 1120 1120 0 0
eth0: 3263115426 30189987 6488085 43254

1734619139
lo: 1120 1120 0 0
eth0: 3275831099 30288643 12715673 98656

1734619140
lo: 1120 1120 0 0
eth0: 3282165555 30366741 6334456 78098

1734619141
lo: 1120 1120 0 0
eth0: 3286558823 30438478 4393268 71737

1734619143
lo: 1120 1120 0 0
eth0: 3330106965 30662862 43548142 224384

1734619144
lo: 1120 1120 0 0
eth0: 3345419741 30775438 15312776 112576

1734619146
lo: 1120 1120 0 0
eth0: 3357004841 30922327 11585100 146889

1734619147
lo: 1120 1120 0 0
eth0: 3365759101 31033349 8754260 111022

1734619148
lo: 1120 1120 0 0
eth0: 3370619626 31094993 4860525 61644

1734619149
lo: 1120 1120 0 0
eth0: 3380370162 31208415 9750536 113422

1734619150
lo: 1120 1120 0 0
eth0: 3386142840 31283547 5772678 75132

1734619151
lo: 1120 1120 0 0
eth0: 3393606721 31638930 7463881 355383

1734619152
lo: 1120 1120 0 0
eth0: 3409398737 31786821 15792016 147891

1734619155
lo: 1120 1120 0 0
eth0: 3425878263 31910783 16479526 123962

1734619156
lo: 1120 1120 0 0
eth0: 3435839355 32003539 9961092 92756

1734619157
lo: 1120 1120 0 0
eth0: 3444835829 32100467 8996474 96928

1734619159
lo: 1120 1120 0 0
eth0: 3456531692 32274052 11695863 173585

1734619160
lo: 1120 1120 0 0
eth0: 3460365376 32328898 3833684 54846

1734619163
lo: 1120 1120 0 0
eth0: 3465021706 32364990 4656330 36092

1734619164
lo: 1120 1120 0 0
eth0: 3472555796 32426166 7534090 61176

1734619165
lo: 1120 1120 0 0
eth0: 3475754267 32481134 3198471 54968

1734619166
lo: 1120 1120 0 0
eth0: 3479769404 32531905 4015137 50771

1734619167
lo: 1120 1120 0 0
eth0: 3488779647 32651076 9010243 119171

1734619169
lo: 1120 1120 0 0
eth0: 3501276468 32797779 12496821 146703

1734619170
lo: 1120 1120 0 0
eth0: 3512440939 32903414 11164471 105635

1734619171
lo: 1120 1120 0 0
eth0: 3522492901 33022121 10051962 118707

1734619172
lo: 1120 1120 0 0
eth0: 3549778307 33251987 27285406 229866

1734619173
lo: 1120 1120 0 0
eth0: 3562661415 33375836 12883108 123849

1734619174
lo: 1120 1120 0 0
eth0: 3574678343 33481033 12016928 105197

1734619176
lo: 1120 1120 0 0
eth0: 3582168784 33558013 7490441 76980

1734619177
lo: 1120 1120 0 0
eth0: 3587379520 33629826 5210736 71813

1734619178
lo: 1120 1120 0 0
eth0: 3594823904 33719387 7444384 89561

1734619179
lo: 1120 1120 0 0
eth0: 3599991438 33793967 5167534 74580

1734619180
lo: 1120 1120 0 0
eth0: 3609131028 33873209 9139590 79242

1734619182
lo: 1120 1120 0 0
eth0: 3609142684 33873209 11656 0

1734619183
lo: 1120 1120 0 0
eth0: 3617045013 33936221 7902329 63012

1734619184
lo: 1120 1120 0 0
eth0: 3622333078 34007343 5288065 71122

1734619185
lo: 1120 1120 0 0
eth0: 3652029388 34250550 29696310 243207

1734619186
lo: 1120 1120 0 0
eth0: 3664573784 34362090 12544396 111540

1734619187
lo: 1120 1120 0 0
eth0: 3671297140 34444260 6723356 82170

1734619190
lo: 1120 1120 0 0
eth0: 3678304785 34491582 7007645 47322

1734619191
lo: 1120 1120 0 0
eth0: 3687292201 34631356 8987416 139774

1734619193
lo: 1120 1120 0 0
eth0: 3700109695 34755432 12817494 124076

1734619194
lo: 1120 1120 0 0
eth0: 3710571984 34873168 10462289 117736

1734619195
lo: 1120 1120 0 0
eth0: 3719361169 34997823 8789185 124655

1734619196
lo: 1120 1120 0 0
eth0: 3763944121 35402242 44582952 404419

1734619197
lo: 1120 1120 0 0
eth0: 3830373736 35950102 66429615 547860

1734619198
lo: 1331 1331 211 211
eth0: 3849600809 36125407 19227073 175305

1734619199
lo: 1533 1533 202 202
eth0: 3873273635 36289651 23672826 164244

1734619200
lo: 1533 1533 0 0
eth0: 3880327511 36375621 7053876 85970

1734619201
lo: 1533 1533 0 0
eth0: 3881421842 36393738 1094331 18117

1734619203
lo: 1807 1807 274 274
eth0: 3886679205 36443811 5257363 50073

1734619205
lo: 2069 2069 262 262
eth0: 3899319814 36602434 12640609 158623

1734619206
lo: 2132 2132 63 63
eth0: 3905069212 36692343 5749398 89909

1734619207
lo: 2192 2192 60 60
eth0: 3965352997 37252102 60283785 559759

1734619208
lo: 2192 2192 0 0
eth0: 4065001180 37804161 99648183 552059

1734619209
lo: 2192 2192 0 0
eth0: 4126044013 38223424 61042833 419263

1734619210
lo: 2192 2192 0 0
eth0: 4172329946 38546129 46285933 322705

1734619211
lo: 2192 2192 0 0
eth0: 4178524284 38631598 6194338 85469

1734619212
lo: 2192 2192 0 0
eth0: 4184130105 38719693 5605821 88095

1734619213
lo: 2192 2192 0 0
eth0: 4188602059 38777899 4471954 58206

1734619214
lo: 2192 2192 0 0
eth0: 4194665664 38857099 6063605 79200

1734619215
lo: 2192 2192 0 0
eth0: 4201003645 38951568 6337981 94469

1734619216
lo: 2192 2192 0 0
eth0: 4206001487 39018853 4997842 67285

1734619217
lo: 2192 2192 0 0
eth0: 4211440741 39110076 5439254 91223

1734619218
lo: 2192 2192 0 0
eth0: 4217542990 39169082 6102249 59006

1734619220
lo: 2192 2192 0 0
eth0: 4226908810 39292468 9365820 123386

1734619221
lo: 2192 2192 0 0
eth0: 4235755396 39390684 8846586 98216

1734619224
lo: 2192 2192 0 0
eth0: 4251153120 39546851 15397724 156167

1734619225
lo: 2192 2192 0 0
eth0: 4254367686 39616594 3214566 69743

1734619226
lo: 2192 2192 0 0
eth0: 4257912085 39680625 3544399 64031

1734619227
lo: 2192 2192 0 0
eth0: 4261873245 39740526 3961160 59901

1734619229
lo: 2192 2192 0 0
eth0: 4266077392 39773130 4204147 32604

1734619230
lo: 2192 2192 0 0
eth0: 4280777855 39968757 14700463 195627

1734619231
lo: 2192 2192 0 0
eth0: 4284706559 40032016 3928704 63259

1734619236
lo: 2192 2192 0 0
eth0: 4294489923 40120175 9783364 88159

1734619237
lo: 2192 2192 0 0
eth0: 4301319138 40199917 6829215 79742

1734619240
lo: 2192 2192 0 0
eth0: 4313748921 40384347 12429783 184430

1734619242
lo: 2192 2192 0 0
eth0: 4325487392 40557824 11738471 173477

1734619243
lo: 2192 2192 0 0
eth0: 4333709741 40683689 8222349 125865

1734619244
lo: 2192 2192 0 0
eth0: 4338932372 40783582 5222631 99893

1734619245
lo: 2192 2192 0 0
eth0: 4344225959 40883330 5293587 99748

1734619246
lo: 2192 2192 0 0
eth0: 4349672102 40961530 5446143 78200

1734619247
lo: 2192 2192 0 0
eth0: 4355719843 41042049 6047741 80519

1734619248
lo: 2192 2192 0 0
eth0: 4361825409 41115115 6105566 73066

1734619249
lo: 2192 2192 0 0
eth0: 4368670652 41181562 6845243 66447

1734619251
lo: 2192 2192 0 0
eth0: 4383851024 41311516 15180372 129954

1734619252
lo: 2192 2192 0 0
eth0: 4392038256 41437325 8187232 125809

1734619253
lo: 2192 2192 0 0
eth0: 4399799932 41567549 7761676 130224

1734619254
lo: 2192 2192 0 0
eth0: 4406955122 41662483 7155190 94934

1734619256
lo: 2192 2192 0 0
eth0: 4415653634 41778299 8698512 115816

1734619257
lo: 2192 2192 0 0
eth0: 4427599120 41921805 11945486 143506

1734619259
lo: 2192 2192 0 0
eth0: 4439437578 42072851 11838458 151046

1734619260
lo: 2192 2192 0 0
eth0: 4449580275 42204337 10142697 131486

1734619261
lo: 2192 2192 0 0
eth0: 4459956105 42327321 10375830 122984

1734619263
lo: 2192 2192 0 0
eth0: 4475784291 42497299 15828186 169978

1734619264
lo: 2192 2192 0 0
eth0: 4485053186 42615747 9268895 118448

1734619265
lo: 2192 2192 0 0
eth0: 4494844164 42753493 9790978 137746

1734619266
lo: 2192 2192 0 0
eth0: 4504703398 42885828 9859234 132335

1734619267
lo: 2192 2192 0 0
eth0: 4512320531 42972514 7617133 86686

1734619268
lo: 2192 2192 0 0
eth0: 4518759891 43074287 6439360 101773

1734619269
lo: 2192 2192 0 0
eth0: 4524908571 43173478 6148680 99191

1734619270
lo: 2192 2192 0 0
eth0: 4531308539 43255102 6399968 81624

1734619271
lo: 2192 2192 0 0
eth0: 4540144080 43372149 8835541 117047

1734619273
lo: 2192 2192 0 0
eth0: 4549714009 43528626 9569929 156477

1734619274
lo: 2192 2192 0 0
eth0: 4558286381 43658088 8572372 129462

1734619275
lo: 2192 2192 0 0
eth0: 4572786144 43810834 14499763 152746

1734619276
lo: 2192 2192 0 0
eth0: 4580862619 43942526 8076475 131692

1734619277
lo: 2192 2192 0 0
eth0: 4589369832 44062949 8507213 120423

1734619278
lo: 2192 2192 0 0
eth0: 4597577419 44187388 8207587 124439

1734619279
lo: 2192 2192 0 0
eth0: 4607675367 44308302 10097948 120914

1734619280
lo: 2192 2192 0 0
eth0: 4612584819 44407283 4909452 98981

1734619281
lo: 2192 2192 0 0
eth0: 4616804158 44494434 4219339 87151

1734619282
lo: 2192 2192 0 0
eth0: 4621782236 44589412 4978078 94978

1734619283
lo: 2192 2192 0 0
eth0: 4627317682 44699029 5535446 109617

1734619284
lo: 2192 2192 0 0
eth0: 4633205805 44807997 5888123 108968

1734619285
lo: 2192 2192 0 0
eth0: 4638463308 44906908 5257503 98911

1734619286
lo: 2192 2192 0 0
eth0: 4671217354 45218148 32754046 311240

1734619287
lo: 2192 2192 0 0
eth0: 4677151684 45322012 5934330 103864

1734619288
lo: 2192 2192 0 0
eth0: 4683267582 45422601 6115898 100589

1734619289
lo: 2192 2192 0 0
eth0: 4689896348 45524739 6628766 102138

1734619290
lo: 2192 2192 0 0
eth0: 4696603705 45632465 6707357 107726

1734619291
lo: 2192 2192 0 0
eth0: 4703035130 45737605 6431425 105140

1734619292
lo: 2192 2192 0 0
eth0: 4709786351 45843770 6751221 106165

1734619293
lo: 2192 2192 0 0
eth0: 4715618364 45949676 5832013 105906

1734619294
lo: 2192 2192 0 0
eth0: 4723527858 46060711 7909494 111035

1734619295
lo: 2192 2192 0 0
eth0: 4735525344 46181338 11997486 120627

1734619296
lo: 2192 2192 0 0
eth0: 4750023282 46321088 14497938 139750

1734619297
lo: 2192 2192 0 0
eth0: 4762640964 46474038 12617682 152950

1734619298
lo: 2192 2192 0 0
eth0: 4774197421 46626335 11556457 152297

1734619299
lo: 2192 2192 0 0
eth0: 4781372330 46735110 7174909 108775

1734619300
lo: 2192 2192 0 0
eth0: 4789018188 46846501 7645858 111391

1734619301
lo: 2192 2192 0 0
eth0: 4793428848 46911775 4410660 65274

1734619302
lo: 2192 2192 0 0
eth0: 4798022056 46973232 4593208 61457

1734619303
lo: 2192 2192 0 0
eth0: 4802403199 47035578 4381143 62346

1734619304
lo: 2192 2192 0 0
eth0: 4806862802 47314085 4459603 278507

1734619305
lo: 2192 2192 0 0
eth0: 4841444302 47470341 34581500 156256

1734619306
lo: 2192 2192 0 0
eth0: 4866643721 47554194 25199419 83853

1734619307
lo: 2192 2192 0 0
eth0: 4869307888 47789981 2664167 235787

1734619308
lo: 2192 2192 0 0
eth0: 4873823509 47842979 4515621 52998

1734619309
lo: 2192 2192 0 0
eth0: 4934809594 48031277 60986085 188298

1734619310
lo: 2192 2192 0 0
eth0: 4947167398 48101606 12357804 70329

1734619311
lo: 2192 2192 0 0
eth0: 4950186922 48144836 3019524 43230

1734619312
lo: 2192 2192 0 0
eth0: 4953009364 48179378 2822442 34542

1734619313
lo: 2192 2192 0 0
eth0: 4956325983 48246011 3316619 66633

1734619314
lo: 2192 2192 0 0
eth0: 4960208011 48293927 3882028 47916

1734619315
lo: 2192 2192 0 0
eth0: 4964139995 48339863 3931984 45936

1734619316
lo: 2192 2192 0 0
eth0: 4966860247 48376373 2720252 36510

1734619317
lo: 2192 2192 0 0
eth0: 4969472701 48406799 2612454 30426

1734619318
lo: 2192 2192 0 0
eth0: 4977317265 48481077 7844564 74278

1734619319
lo: 2192 2192 0 0
eth0: 5029858877 48884535 52541612 403458

1734619320
lo: 2192 2192 0 0
eth0: 5077193897 49249845 47335020 365310

1734619321
lo: 2192 2192 0 0
eth0: 5080665701 49299477 3471804 49632

1734619322
lo: 2192 2192 0 0
eth0: 5084340115 49344093 3674414 44616

1734619323
lo: 2192 2192 0 0
eth0: 5088407007 49391085 4066892 46992

1734619324
lo: 2192 2192 0 0
eth0: 5092949237 49445271 4542230 54186

1734619325
lo: 2192 2192 0 0
eth0: 5096850963 49490019 3901726 44748

1734619326
lo: 2192 2192 0 0
eth0: 5100256803 49536219 3405840 46200

1734619327
lo: 2192 2192 0 0
eth0: 5104074018 49583833 3817215 47614

1734619328
lo: 2192 2192 0 0
eth0: 5108331835 49714536 4257817 130703

1734619329
lo: 2192 2192 0 0
eth0: 5149091395 49996818 40759560 282282

1734619330
lo: 2192 2192 0 0
eth0: 5166764956 50054423 17673561 57605

1734619331
lo: 2192 2192 0 0
eth0: 5169221101 50086555 2456145 32132

1734619332
lo: 2192 2192 0 0
eth0: 5173779663 51519624 4558562 1433069

1734619333
lo: 2192 2192 0 0
eth0: 5177296094 52654911 3516431 1135287

1734619334
lo: 2192 2192 0 0
eth0: 5181312108 52814664 4016014 159753

1734619335
lo: 2192 2192 0 0
eth0: 5185626538 52858290 4314430 43626

1734619336
lo: 2192 2192 0 0
eth0: 5189629871 52894656 4003333 36366

1734619337
lo: 2192 2192 0 0
eth0: 5193940588 52933926 4310717 39270

1734619338
lo: 2192 2192 0 0
eth0: 5198566062 52975440 4625474 41514

1734619339
lo: 2192 2192 0 0
eth0: 5203591468 53025336 5025406 49896

1734619340
lo: 2192 2192 0 0
eth0: 5209193537 53086518 5602069 61182

1734619341
lo: 2192 2192 0 0
eth0: 5227431979 53202480 18238442 115962

1734619342
lo: 2192 2192 0 0
eth0: 5287723653 53377182 60291674 174702

1734619343
lo: 2192 2192 0 0
eth0: 5357256942 53634120 69533289 256938

1734619344
lo: 2192 2192 0 0
eth0: 5418379688 53930460 61122746 296340

1734619345
lo: 2192 2192 0 0
eth0: 5488681107 54208152 70301419 277692

1734619346
lo: 2192 2192 0 0
eth0: 5559763758 54394602 71082651 186450

1734619347
lo: 2192 2192 0 0
eth0: 5623612385 54588444 63848627 193842

1734619348
lo: 2192 2192 0 0
eth0: 5633937640 54637785 10325255 49341

1734619349
lo: 2192 2192 0 0
eth0: 5636140572 54675405 2202932 37620

1734619350
lo: 2192 2192 0 0
eth0: 5638876376 54713289 2735804 37884

1734619351
lo: 2192 2192 0 0
eth0: 5642080715 54752900 3204339 39611

1734619352
lo: 2192 2192 0 0
eth0: 5647591777 54818324 5511062 65424

1734619353
lo: 2192 2192 0 0
eth0: 5651635012 54864338 4043235 46014

1734619355
lo: 2192 2192 0 0
eth0: 5659540764 54950336 7905752 85998

1734619356
lo: 2192 2192 0 0
eth0: 5667539444 55052451 7998680 102115

1734619357
lo: 2192 2192 0 0
eth0: 5672105134 55116876 4565690 64425

1734619358
lo: 2192 2192 0 0
eth0: 5678607885 55188684 6502751 71808

1734619359
lo: 2192 2192 0 0
eth0: 5684568949 55252836 5961064 64152

1734619360
lo: 2192 2192 0 0
eth0: 5690188283 55316790 5619334 63954

1734619361
lo: 2192 2192 0 0
eth0: 5695745065 55379622 5556782 62832

1734619362
lo: 2192 2192 0 0
eth0: 5700931847 55443480 5186782 63858

1734619363
lo: 2192 2192 0 0
eth0: 5706707025 55515090 5775178 71610

1734619364
lo: 2192 2192 0 0
eth0: 5712937885 55590792 6230860 75702

1734619365
lo: 2192 2192 0 0
eth0: 5718428553 55650192 5490668 59400

1734619366
lo: 2192 2192 0 0
eth0: 5723882813 55712496 5454260 62304

1734619367
lo: 2192 2192 0 0
eth0: 5729809137 55773546 5926324 61050

1734619368
lo: 2192 2192 0 0
eth0: 5734536273 55829052 4727136 55506

1734619369
lo: 2192 2192 0 0
eth0: 5738666147 55874922 4129874 45870

1734619370
lo: 2192 2192 0 0
eth0: 5742442517 55918812 3776370 43890

1734619371
lo: 2192 2192 0 0
eth0: 5746019191 55965606 3576674 46794

1734619372
lo: 2192 2192 0 0
eth0: 5749863459 56003952 3844268 38346

1734619373
lo: 2192 2192 0 0
eth0: 5753270319 56046258 3406860 42306

1734619374
lo: 2192 2192 0 0
eth0: 5757146787 56093052 3876468 46794

1734619375
lo: 2192 2192 0 0
eth0: 5760660005 56139516 3513218 46464

1734619376
lo: 2192 2192 0 0
eth0: 5764242689 56184198 3582684 44682

1734619377
lo: 2192 2192 0 0
eth0: 5767693851 56226108 3451162 41910

1734619378
lo: 2192 2192 0 0
eth0: 5771317827 56274066 3623976 47958

1734619379
lo: 2192 2192 0 0
eth0: 5775270851 56316504 3953024 42438

1734619380
lo: 2192 2192 0 0
eth0: 5778852585 56351286 3581734 34782

1734619381
lo: 2192 2192 0 0
eth0: 5782729937 56392008 3877352 40722

1734619382
lo: 2192 2192 0 0
eth0: 5786101073 56422896 3371136 30888

1734619383
lo: 2192 2192 0 0
eth0: 5788994437 56456688 2893364 33792

1734619384
lo: 2192 2192 0 0
eth0: 5792209519 56493252 3215082 36564

1734619385
lo: 2192 2192 0 0
eth0: 5795068871 56528364 2859352 35112

1734619386
lo: 2192 2192 0 0
eth0: 5798346379 56565456 3277508 37092

1734619387
lo: 2192 2192 0 0
eth0: 5802152553 56607036 3806174 41580

1734619388
lo: 2192 2192 0 0
eth0: 5806079715 56648748 3927162 41712

1734619389
lo: 2192 2192 0 0
eth0: 5809458529 56681748 3378814 33000

1734619390
lo: 2192 2192 0 0
eth0: 5812582997 56721984 3124468 40236

1734619391
lo: 2192 2192 0 0
eth0: 5816182273 56767226 3599276 45242

1734619392
lo: 2192 2192 0 0
eth0: 5820292341 56813822 4110068 46596

1734619393
lo: 2192 2192 0 0
eth0: 5824848903 56863058 4556562 49236

1734619394
lo: 2192 2192 0 0
eth0: 5830169959 56924042 5321056 60984

1734619395
lo: 2192 2192 0 0
eth0: 5835655595 56982518 5485636 58476

1734619396
lo: 2192 2192 0 0
eth0: 5840507229 57034856 4851634 52338

1734619397
lo: 2192 2192 0 0
eth0: 5845791115 57085808 5283886 50952

1734619398
lo: 2192 2192 0 0
eth0: 5851566771 57144152 5775656 58344

1734619399
lo: 2192 2192 0 0
eth0: 5857496135 57200384 5929364 56232

1734619400
lo: 2192 2192 0 0
eth0: 5863935495 57264074 6439360 63690

1734619401
lo: 2192 2192 0 0
eth0: 5870990995 57331328 7055500 67254

1734619402
lo: 2192 2192 0 0
eth0: 5878403405 57398186 7412410 66858

1734619403
lo: 2192 2192 0 0
eth0: 5886195463 57459698 7792058 61512

1734619404
lo: 2192 2192 0 0
eth0: 5893410813 57522860 7215350 63162

1734619405
lo: 2192 2192 0 0
eth0: 5898233695 57579290 4822882 56430

1734619406
lo: 2192 2192 0 0
eth0: 5903592533 57651956 5358838 72666

1734619407
lo: 2192 2192 0 0
eth0: 5909375275 57723170 5782742 71214

1734619408
lo: 2192 2192 0 0
eth0: 5914803783 57791084 5428508 67914

1734619409
lo: 2192 2192 0 0
eth0: 5920185283 57859790 5381500 68706

1734619410
lo: 2192 2192 0 0
eth0: 5926133389 57929198 5948106 69408

1734619411
lo: 2192 2192 0 0
eth0: 5932304413 58005032 6171024 75834

1734619412
lo: 2192 2192 0 0
eth0: 5938862021 58083110 6557608 78078

1734619413
lo: 2192 2192 0 0
eth0: 5945728923 58155182 6866902 72072

1734619414
lo: 2192 2192 0 0
eth0: 5952636951 58229894 6908028 74712

1734619415
lo: 2192 2192 0 0
eth0: 5958833947 58302692 6196996 72798

1734619416
lo: 2192 2192 0 0
eth0: 5965063475 58374962 6229528 72270

1734619417
lo: 2192 2192 0 0
eth0: 5970699107 58440302 5635632 65340

1734619418
lo: 2192 2192 0 0
eth0: 5976599307 58500956 5900200 60654

1734619419
lo: 2192 2192 0 0
eth0: 5983185467 58573424 6586160 72468

1734619420
lo: 2192 2192 0 0
eth0: 5989271259 58636916 6085792 63492

1734619421
lo: 2192 2192 0 0
eth0: 5995085159 58699550 5813900 62634

1734619422
lo: 2192 2192 0 0
eth0: 6001562093 58761854 6476934 62304

1734619423
lo: 2192 2192 0 0
eth0: 6008184695 58825245 6622602 63391

1734619424
lo: 2192 2192 0 0
eth0: 6014888637 58887602 6703942 62357

1734619425
lo: 2192 2192 0 0
eth0: 6020716909 58938554 5828272 50952

1734619426
lo: 2192 2192 0 0
eth0: 6026861595 58999670 6144686 61116

1734619427
lo: 2192 2192 0 0
eth0: 6033557197 59066198 6695602 66528

1734619428
lo: 2192 2192 0 0
eth0: 6040519523 59141966 6962326 75768

1734619429
lo: 2192 2192 0 0
eth0: 6047599471 59218262 7079948 76296

1734619430
lo: 2192 2192 0 0
eth0: 6055174713 59297660 7575242 79398

1734619431
lo: 2192 2192 0 0
eth0: 6063346679 59378510 8171966 80850

1734619432
lo: 2192 2192 0 0
eth0: 6071919823 59468138 8573144 89628

1734619433
lo: 2192 2192 0 0
eth0: 6080973905 59556710 9054082 88572

1734619434
lo: 2192 2192 0 0
eth0: 6087888679 59620400 6914774 63690

1734619435
lo: 2192 2192 0 0
eth0: 6093605565 59689832 5716886 69432

1734619436
lo: 2192 2192 0 0
eth0: 6099676819 59758340 6071254 68508

1734619437
lo: 2192 2192 0 0
eth0: 6106195707 59830742 6518888 72402

1734619438
lo: 2192 2192 0 0
eth0: 6113293881 59908490 7098174 77748

1734619439
lo: 2192 2192 0 0
eth0: 6120850889 59988614 7557008 80124

1734619440
lo: 2192 2192 0 0
eth0: 6128820169 60061874 7969280 73260

1734619441
lo: 2192 2192 0 0
eth0: 6137321487 60143318 8501318 81444

1734619442
lo: 2192 2192 0 0
eth0: 6146384991 60236708 9063504 93390

1734619443
lo: 2192 2192 0 0
eth0: 6155890065 60326336 9505074 89628

1734619444
lo: 2192 2192 0 0
eth0: 6164785783 60416756 8895718 90420

1734619445
lo: 2192 2192 0 0
eth0: 6173068391 60502754 8282608 85998

1734619446
lo: 2192 2192 0 0
eth0: 6182295577 60593768 9227186 91014

1734619447
lo: 2192 2192 0 0
eth0: 6190120853 60670922 7825276 77154

1734619448
lo: 2192 2192 0 0
eth0: 6197757803 60750890 7636950 79968

1734619449
lo: 2192 2192 0 0
eth0: 6205766859 60833852 8009056 82962

1734619450
lo: 2192 2192 0 0
eth0: 6214174011 60923612 8407152 89760

1734619451
lo: 2192 2192 0 0
eth0: 6222972057 61014164 8798046 90552

1734619452
lo: 2192 2192 0 0
eth0: 6232083519 61100360 9111462 86196

1734619453
lo: 2192 2192 0 0
eth0: 6238265981 61163324 6182462 62964

1734619454
lo: 2192 2192 0 0
eth0: 6244118315 61230116 5852334 66792

1734619455
lo: 2192 2192 0 0
eth0: 6250354451 61303112 6236136 72996

1734619456
lo: 2192 2192 0 0
eth0: 6257069289 61376438 6714838 73326

1734619457
lo: 2192 2192 0 0
eth0: 6264278129 61459994 7208840 83556

1734619458
lo: 2192 2192 0 0
eth0: 6270247475 61521638 5969346 61644

1734619459
lo: 2192 2192 0 0
eth0: 6276911645 61600904 6664170 79266

1734619460
lo: 2192 2192 0 0
eth0: 6284104631 61689938 7192986 89034

1734619461
lo: 2192 2192 0 0
eth0: 6289902799 61756400 5798168 66462

1734619462
lo: 2192 2192 0 0
eth0: 6294925009 61817054 5022210 60654

1734619463
lo: 2192 2192 0 0
eth0: 6299669389 61871504 4744380 54450

1734619464
lo: 2192 2192 0 0
eth0: 6304881923 61932332 5212534 60828

1734619467
lo: 2192 2192 0 0
eth0: 6319908547 62081822 15026624 149490

1734619468
lo: 2192 2192 0 0
eth0: 6325642333 62127164 5733786 45342

1734619469
lo: 2192 2192 0 0
eth0: 6330624437 62177390 4982104 50226

1734619470
lo: 2192 2192 0 0
eth0: 6334849815 62227286 4225378 49896

1734619471
lo: 2192 2192 0 0
eth0: 6338721807 62272562 3871992 45276

1734619472
lo: 2192 2192 0 0
eth0: 6343088379 62322854 4366572 50292

1734619473
lo: 2192 2192 0 0
eth0: 6347889029 62372816 4800650 49962

1734619474
lo: 2192 2192 0 0
eth0: 6352480363 62418422 4591334 45606

1734619475
lo: 2192 2192 0 0
eth0: 6357078871 62465942 4598508 47520

1734619476
lo: 2192 2192 0 0
eth0: 6362127925 62519270 5049054 53328

1734619477
lo: 2192 2192 0 0
eth0: 6367502593 62575370 5374668 56100

1734619478
lo: 2192 2192 0 0
eth0: 6372241239 62629094 4738646 53724

1734619479
lo: 2192 2192 0 0
eth0: 6377280227 62683610 5038988 54516

1734619480
lo: 2192 2192 0 0
eth0: 6382704053 62737070 5423826 53460

1734619481
lo: 2192 2192 0 0
eth0: 6388388263 62792840 5684210 55770

1734619482
lo: 2192 2192 0 0
eth0: 6392970431 62834948 4582168 42108

1734619483
lo: 2192 2192 0 0
eth0: 6398265187 62889794 5294756 54846

1734619484
lo: 2192 2192 0 0
eth0: 6403980407 62947412 5715220 57618

1734619485
lo: 2192 2192 0 0
eth0: 6409533443 63005096 5553036 57684

1734619486
lo: 2192 2192 0 0
eth0: 6414717009 63059984 5183566 54888

1734619487
lo: 2192 2192 0 0
eth0: 6420229785 63127106 5512776 67122

1734619488
lo: 2192 2192 0 0
eth0: 6426115315 63203336 5885530 76230

1734619489
lo: 2192 2192 0 0
eth0: 6432220285 63281480 6104970 78144

1734619490
lo: 2192 2192 0 0
eth0: 6438744577 63351770 6524292 70290

1734619491
lo: 2192 2192 0 0
eth0: 6445775521 63412226 7030944 60456

1734619492
lo: 2192 2192 0 0
eth0: 6453315521 63479216 7540000 66990

1734619493
lo: 2192 2192 0 0
eth0: 6461400331 63560180 8084810 80964

1734619494
lo: 2192 2192 0 0
eth0: 6469997031 63644990 8596700 84810

1734619495
lo: 2192 2192 0 0
eth0: 6479059999 63735880 9062968 90890

1734619496
lo: 2192 2192 0 0
eth0: 6488653941 63828412 9593942 92532

1734619497
lo: 2192 2192 0 0
eth0: 6497668725 63915268 9014784 86856

1734619498
lo: 2192 2192 0 0
eth0: 6505990165 63998560 8321440 83292

1734619499
lo: 2192 2192 0 0
eth0: 6512790349 64064098 6800184 65538

1734619500
lo: 2192 2192 0 0
eth0: 6520060257 64146532 7269908 82434

1734619501
lo: 2192 2192 0 0
eth0: 6527727511 64228372 7667254 81840

1734619502
lo: 2192 2192 0 0
eth0: 6535780593 64305658 8053082 77286

1734619503
lo: 2192 2192 0 0
eth0: 6544318107 64381624 8537514 75966

1734619504
lo: 2192 2192 0 0
eth0: 6553010409 64452838 8692302 71214

1734619505
lo: 2192 2192 0 0
eth0: 6558726265 64513798 5715856 60960

1734619506
lo: 2192 2192 0 0
eth0: 6564424579 64576630 5698314 62832

1734619507
lo: 2192 2192 0 0
eth0: 6570489241 64640188 6064662 63558

1734619508
lo: 2192 2192 0 0
eth0: 6577033203 64708300 6543962 68112

1734619509
lo: 2192 2192 0 0
eth0: 6584108065 64777600 7074862 69300

1734619510
lo: 2192 2192 0 0
eth0: 6590128405 64834954 6020340 57354

1734619511
lo: 2192 2192 0 0
eth0: 6596599373 64904518 6470968 69564

1734619512
lo: 2192 2192 0 0
eth0: 6603594017 64982860 6994644 78342

1734619513
lo: 2192 2192 0 0
eth0: 6610906049 65063908 7312032 81048

1734619514
lo: 2192 2192 0 0
eth0: 6618303843 65145418 7397794 81510

1734619515
lo: 2192 2192 0 0
eth0: 6626140331 65231284 7836488 85866

1734619516
lo: 2192 2192 0 0
eth0: 6634430257 65321770 8289926 90486

1734619517
lo: 2192 2192 0 0
eth0: 6643266961 65420044 8836704 98274

1734619518
lo: 2192 2192 0 0
eth0: 6652534971 65519440 9268010 99396

1734619519
lo: 2192 2192 0 0
eth0: 6662367457 65623654 9832486 104214

1734619520
lo: 2192 2192 0 0
eth0: 6671875377 65720806 9507920 97152

1734619521
lo: 2192 2192 0 0
eth0: 6680317723 65807134 8442346 86328

1734619522
lo: 2192 2192 0 0
eth0: 6689667787 65895112 9350064 87978

1734619523
lo: 2192 2192 0 0
eth0: 6699617277 65984740 9949490 89628

1734619524
lo: 2192 2192 0 0
eth0: 6709990581 66075424 10373304 90684

1734619525
lo: 2192 2192 0 0
eth0: 6718239991 66129454 8249410 54030

1734619526
lo: 2192 2192 0 0
eth0: 6726416979 66180142 8176988 50688

1734619527
lo: 2192 2192 0 0
eth0: 6735004951 66232942 8587972 52800

1734619528
lo: 2192 2192 0 0
eth0: 6742232407 66284620 7227456 51678

1734619529
lo: 2192 2192 0 0
eth0: 6749703869 66331150 7471462 46530

1734619530
lo: 2192 2192 0 0
eth0: 6756635343 66378538 6931474 47388

1734619532
lo: 2192 2192 0 0
eth0: 6762196275 66391738 5560932 13200

1734619533
lo: 2192 2192 0 0
eth0: 6764163721 66409624 1967446 17886

1734619534
lo: 2192 2192 0 0
eth0: 6766234989 66435562 2071268 25938

1734619535
lo: 2192 2192 0 0
eth0: 6768674799 66469948 2439810 34386

1734619536
lo: 2192 2192 0 0
eth0: 6771603909 66503806 2929110 33858

1734619537
lo: 2192 2192 0 0
eth0: 6774987955 66536146 3384046 32340

1734619538
lo: 2192 2192 0 0
eth0: 6778904831 66579508 3916876 43362

1734619539
lo: 2192 2192 0 0
eth0: 6783237423 66624982 4332592 45474

1734619540
lo: 2192 2192 0 0
eth0: 6788148063 66681544 4910640 56562

1734619541
lo: 2192 2192 0 0
eth0: 6793543209 66744838 5395146 63294

1734619542
lo: 2192 2192 0 0
eth0: 6799486029 66801268 5942820 56430

1734619543
lo: 2192 2192 0 0
eth0: 6805954349 66860800 6468320 59532

1734619544
lo: 2192 2192 0 0
eth0: 6813299521 66920398 7345172 59598

1734619545
lo: 2192 2192 0 0
eth0: 6821786727 66983032 8487206 62634

1734619546
lo: 2192 2192 0 0
eth0: 6828664865 67034422 6878138 51390

1734619547
lo: 2192 2192 0 0
eth0: 6831545329 67067818 2880464 33396

1734619548
lo: 2192 2192 0 0
eth0: 6834427443 67102534 2882114 34716

1734619549
lo: 2192 2192 0 0
eth0: 6837733903 67141474 3306460 38940

1734619550
lo: 2192 2192 0 0
eth0: 6840787075 67175398 3053172 33924

1734619551
lo: 2192 2192 0 0
eth0: 6843858869 67207870 3071794 32472

1734619552
lo: 2192 2192 0 0
eth0: 6845770659 67235524 1911790 27654

1734619553
lo: 2192 2192 0 0
eth0: 6847669421 67263838 1898762 28314

1734619554
lo: 2192 2192 0 0
eth0: 6850089173 67302382 2419752 38544

1734619555
lo: 2192 2192 0 0
eth0: 6853009545 67341718 2920372 39336

1734619556
lo: 2192 2192 0 0
eth0: 6855777329 67376698 2767784 34980

1734619557
lo: 2192 2192 0 0
eth0: 6858821065 67423228 3043736 46530

1734619558
lo: 2192 2192 0 0
eth0: 6862313417 67471540 3492352 48312

1734619559
lo: 2192 2192 0 0
eth0: 6866223659 67520908 3910242 49368

1734619560
lo: 2192 2192 0 0
eth0: 6869844347 67565260 3620688 44352

1734619561
lo: 2192 2192 0 0
eth0: 6873693311 67614166 3848964 48906

1734619562
lo: 2192 2192 0 0
eth0: 6877975127 67673566 4281816 59400

1734619563
lo: 2192 2192 0 0
eth0: 6882648749 67729666 4673622 56100

1734619564
lo: 2192 2192 0 0
eth0: 6887845751 67792342 5197002 62676

1734619565
lo: 2192 2192 0 0
eth0: 6892026299 67840852 4180548 48510

1734619566
lo: 2192 2192 0 0
eth0: 6895336789 67885402 3310490 44550

1734619567
lo: 2192 2192 0 0
eth0: 6899131925 67939390 3795136 53988

1734619568
lo: 2192 2192 0 0
eth0: 6903104175 67992586 3972250 53196

1734619569
lo: 2192 2192 0 0
eth0: 6905594601 68011488 2490426 18902

1734619570
lo: 2192 2192 0 0
eth0: 6907704079 68030364 2109478 18876

1734619571
lo: 2192 2192 0 0
eth0: 6908942551 68040792 1238472 10428

1734619572
lo: 2192 2192 0 0
eth0: 6909666121 68050098 723570 9306

1734619573
lo: 2192 2192 0 0
eth0: 6910646345 68066532 980224 16434

1734619574
lo: 2192 2192 0 0
eth0: 6912148851 68084418 1502506 17886

1734619575
lo: 2192 2192 0 0
eth0: 6914125917 68105340 1977066 20922

1734619576
lo: 2192 2192 0 0
eth0: 6916620933 68133786 2495016 28446

1734619577
lo: 2192 2192 0 0
eth0: 6919577349 68166522 2956416 32736

1734619578
lo: 2192 2192 0 0
eth0: 6922471159 68195034 2893810 28512

1734619579
lo: 2192 2192 0 0
eth0: 6925576133 68228298 3104974 33264

1734619580
lo: 2192 2192 0 0
eth0: 6929050425 68263476 3474292 35178

1734619581
lo: 2192 2192 0 0
eth0: 6933087357 68306376 4036932 42900

1734619582
lo: 2192 2192 0 0
eth0: 6936557425 68340498 3470068 34122

1734619583
lo: 2192 2192 0 0
eth0: 6939271823 68372310 2714398 31812

1734619584
lo: 2192 2192 0 0
eth0: 6941935533 68400096 2663710 27786

1734619585
lo: 2192 2192 0 0
eth0: 6944730681 68426100 2795148 26004

1734619586
lo: 2192 2192 0 0
eth0: 6947950233 68453556 3219552 27456

1734619587
lo: 2192 2192 0 0
eth0: 6951703639 68489568 3753406 36012

1734619588
lo: 2192 2192 0 0
eth0: 6955939471 68532402 4235832 42834

1734619589
lo: 2192 2192 0 0
eth0: 6960130225 68581374 4190754 48972

1734619590
lo: 2192 2192 0 0
eth0: 6963207563 68618928 3077338 37554

1734619591
lo: 2192 2192 0 0
eth0: 6965771369 68649420 2563806 30492

1734619592
lo: 2192 2192 0 0
eth0: 6968739521 68686380 2968152 36960

1734619593
lo: 2192 2192 0 0
eth0: 6972174057 68721954 3434536 35574

1734619594
lo: 2192 2192 0 0
eth0: 6976078949 68762280 3904892 40326

1734619595
lo: 2192 2192 0 0
eth0: 6980550355 68807424 4471406 45144

1734619596
lo: 2192 2192 0 0
eth0: 6984964675 68846166 4414320 38742

1734619597
lo: 2192 2192 0 0
eth0: 6988481785 68872962 3517110 26796

1734619598
lo: 2192 2192 0 0
eth0: 6991983833 68902662 3502048 29700

1734619599
lo: 2192 2192 0 0
eth0: 6995352611 68936586 3368778 33924

1734619600
lo: 2192 2192 0 0
eth0: 6998805815 68965164 3453204 28578

1734619601
lo: 2192 2192 0 0
eth0: 7002608729 68998692 3802914 33528

1734619602
lo: 2192 2192 0 0
eth0: 7006955133 69038094 4346404 39402

1734619603
lo: 2192 2192 0 0
eth0: 7011799901 69083412 4844768 45318

1734619604
lo: 2192 2192 0 0
eth0: 7017093853 69131658 5293952 48246

1734619605
lo: 2192 2192 0 0
eth0: 7022941831 69190464 5847978 58806

1734619606
lo: 2192 2192 0 0
eth0: 7029271019 69254352 6329188 63888

1734619607
lo: 2192 2192 0 0
eth0: 7036052577 69319824 6781558 65472

1734619608
lo: 2192 2192 0 0
eth0: 7043281039 69392424 7228462 72600

1734619609
lo: 2192 2192 0 0
eth0: 7051017339 69469338 7736300 76914

1734619610
lo: 2192 2192 0 0
eth0: 7057299333 69535074 6281994 65736

1734619611
lo: 2192 2192 0 0
eth0: 7064369055 69605760 7069722 70686

1734619612
lo: 2192 2192 0 0
eth0: 7072046883 69680340 7677828 74580

1734619613
lo: 2192 2192 0 0
eth0: 7079999521 69758748 7952638 78408

1734619614
lo: 2192 2192 0 0
eth0: 7087528561 69809634 7529040 50886

1734619615
lo: 2192 2192 0 0
eth0: 7093854557 69858210 6325996 48576

1734619616
lo: 2192 2192 0 0
eth0: 7101090787 69915300 7236230 57090

1734619617
lo: 2192 2192 0 0
eth0: 7108834233 69975624 7743446 60324

1734619618
lo: 2192 2192 0 0
eth0: 7116751509 70037532 7917276 61908

1734619619
lo: 2192 2192 0 0
eth0: 7124424771 70098054 7673262 60522

1734619620
lo: 2192 2192 0 0
eth0: 7130907909 70160556 6483138 62502

1734619621
lo: 2192 2192 0 0
eth0: 7138214171 70222002 7306262 61446

1734619622
lo: 2192 2192 0 0
eth0: 7146039295 70287804 7825124 65802

1734619623
lo: 2192 2192 0 0
eth0: 7153760989 70341396 7721694 53592

1734619624
lo: 2192 2192 0 0
eth0: 7158203889 70383108 4442900 41712

1734619625
lo: 2192 2192 0 0
eth0: 7162941909 70421652 4738020 38544

1734619626
lo: 2192 2192 0 0
eth0: 7168183597 70468116 5241688 46464

1734619627
lo: 2192 2192 0 0
eth0: 7173936391 70523226 5752794 55110

1734619628
lo: 2192 2192 0 0
eth0: 7178744463 70570152 4808072 46926

1734619629
lo: 2192 2192 0 0
eth0: 7184180615 70628760 5436152 58608

1734619630
lo: 2192 2192 0 0
eth0: 7189261389 70684596 5080774 55836

1734619631
lo: 2192 2192 0 0
eth0: 7193829237 70737792 4567848 53196

1734619632
lo: 2192 2192 0 0
eth0: 7198931801 70792110 5102564 54318

1734619633
lo: 2192 2192 0 0
eth0: 7204045409 70839630 5113608 47520

1734619634
lo: 2192 2192 0 0
eth0: 7207858227 70884708 3812818 45078

1734619635
lo: 2192 2192 0 0
eth0: 7210040211 70914936 2181984 30228

1734619636
lo: 2192 2192 0 0
eth0: 7211818773 70937772 1778562 22836

1734619637
lo: 2192 2192 0 0
eth0: 7214110479 70967538 2291706 29766

1734619638
lo: 2192 2192 0 0
eth0: 7216908741 71002782 2798262 35244

1734619639
lo: 2192 2192 0 0
eth0: 7220207627 71040600 3298886 37818

1734619640
lo: 2192 2192 0 0
eth0: 7224003841 71078484 3796214 37884

1734619641
lo: 2192 2192 0 0
eth0: 7227404743 71115576 3400902 37092

1734619642
lo: 2192 2192 0 0
eth0: 7231122489 71157066 3717746 41490

1734619643
lo: 2192 2192 0 0
eth0: 7235198397 71204454 4075908 47388

1734619644
lo: 2192 2192 0 0
eth0: 7239746835 71257848 4548438 53394

1734619645
lo: 2192 2192 0 0
eth0: 7243995311 71302266 4248476 44418

1734619646
lo: 2192 2192 0 0
eth0: 7246167027 71332560 2171716 30294

1734619647
lo: 2192 2192 0 0
eth0: 7248798381 71369124 2631354 36564

1734619648
lo: 2192 2192 0 0
eth0: 7251940033 71408196 3141652 39072

1734619649
lo: 2192 2192 0 0
eth0: 7255606933 71451954 3666900 43758

1734619650
lo: 2192 2192 0 0
eth0: 7258391691 71471004 2784758 19050

1734619651
lo: 2192 2192 0 0
eth0: 7260962787 71496216 2571096 25212

1734619652
lo: 2192 2192 0 0
eth0: 7263278445 71522880 2315658 26664

1734619653
lo: 2192 2192 0 0
eth0: 7265916099 71553438 2637654 30558

1734619654
lo: 2192 2192 0 0
eth0: 7269061489 71587758 3145390 34320

1734619655
lo: 2192 2192 0 0
eth0: 7272710799 71628018 3649310 40260

1734619656
lo: 2192 2192 0 0
eth0: 7276786419 71669862 4075620 41844

1734619657
lo: 2192 2192 0 0
eth0: 7280386027 71704974 3599608 35112

1734619658
lo: 2192 2192 0 0
eth0: 7283429983 71737644 3043956 32670

1734619659
lo: 2192 2192 0 0
eth0: 7286816343 71776188 3386360 38544

1734619660
lo: 2192 2192 0 0
eth0: 7290694247 71816910 3877904 40722

1734619661
lo: 2192 2192 0 0
eth0: 7294619745 71861724 3925498 44814

1734619662
lo: 2192 2192 0 0
eth0: 7298380873 71897760 3761128 36036

1734619663
lo: 2192 2192 0 0
eth0: 7302601359 71936106 4220486 38346

1734619664
lo: 2192 2192 0 0
eth0: 7306606757 71977356 4005398 41250

1734619665
lo: 2192 2192 0 0
eth0: 7310529941 72016428 3923184 39072

1734619666
lo: 2192 2192 0 0
eth0: 7314860607 72055236 4330666 38808

1734619667
lo: 2192 2192 0 0
eth0: 7318696981 72097410 3836374 42174

1734619668
lo: 2192 2192 0 0
eth0: 7322739833 72138000 4042852 40590

1734619669
lo: 2192 2192 0 0
eth0: 7327133427 72177996 4393594 39996

1734619670
lo: 2192 2192 0 0
eth0: 7330872897 72213240 3739470 35244

1734619671
lo: 2192 2192 0 0
eth0: 7335014337 72252840 4141440 39600

1734619672
lo: 2192 2192 0 0
eth0: 7338555719 72296730 3541382 43890

1734619673
lo: 2192 2192 0 0
eth0: 7342259541 72340884 3703822 44154

1734619674
lo: 2192 2192 0 0
eth0: 7346478393 72382590 4218852 41706

1734619675
lo: 2192 2192 0 0
eth0: 7351193199 72428790 4714806 46200

1734619676
lo: 2192 2192 0 0
eth0: 7355096949 72462978 3903750 34188

1734619677
lo: 2192 2192 0 0
eth0: 7359561573 72507330 4464624 44352

1734619678
lo: 2192 2192 0 0
eth0: 7364386761 72557622 4825188 50292

1734619679
lo: 2192 2192 0 0
eth0: 7369562835 72607914 5176074 50292

1734619680
lo: 2192 2192 0 0
eth0: 7375233675 72661968 5670840 54054

1734619681
lo: 2192 2192 0 0
eth0: 7381420255 72718836 6186580 56868

1734619682
lo: 2192 2192 0 0
eth0: 7388118477 72779688 6698222 60852

1734619683
lo: 2192 2192 0 0
eth0: 7395314831 72847536 7196354 67848

1734619684
lo: 2192 2192 0 0
eth0: 7403043595 72916308 7728764 68772

1734619685
lo: 2192 2192 0 0
eth0: 7411126805 72987340 8083210 71032

1734619686
lo: 2192 2192 0 0
eth0: 7417736373 73047664 6609568 60324

1734619687
lo: 2192 2192 0 0
eth0: 7425185025 73115974 7448652 68310

1734619688
lo: 2192 2192 0 0
eth0: 7433228363 73194580 8043338 78606

1734619689
lo: 2192 2192 0 0
eth0: 7441439797 73273186 8211434 78606

1734619690
lo: 2192 2192 0 0
eth0: 7449960571 73346644 8520774 73458

1734619691
lo: 2192 2192 0 0
eth0: 7458721647 73423048 8761076 76404

1734619692
lo: 2192 2192 0 0
eth0: 7467798749 73506616 9077102 83568

1734619693
lo: 2192 2192 0 0
eth0: 7475095675 73573474 7296926 66858

1734619694
lo: 2192 2192 0 0
eth0: 7483412521 73635514 8316846 62040

1734619695
lo: 2192 2192 0 0
eth0: 7492266747 73710622 8854226 75108

1734619696
lo: 2192 2192 0 0
eth0: 7501529115 73788238 9262368 77616

1734619697
lo: 2192 2192 0 0
eth0: 7510894035 73869682 9364920 81444

1734619698
lo: 2192 2192 0 0
eth0: 7520329725 73949476 9435690 79794

1734619699
lo: 2192 2192 0 0
eth0: 7528182633 74016004 7852908 66528

1734619700
lo: 2192 2192 0 0
eth0: 7536504927 74096458 8322294 80454

1734619701
lo: 2192 2192 0 0
eth0: 7545594025 74188858 9089098 92400

1734619702
lo: 2192 2192 0 0
eth0: 7555057833 74282116 9463808 93258

1734619703
lo: 2192 2192 0 0
eth0: 7564780631 74370952 9722798 88836

1734619704
lo: 2192 2192 0 0
eth0: 7572419973 74447116 7639342 76164

1734619705
lo: 2192 2192 0 0
eth0: 7580889963 74531530 8469990 84414

1734619706
lo: 2192 2192 0 0
eth0: 7589844117 74615086 8954154 83556

1734619707
lo: 2192 2192 0 0
eth0: 7596965967 74682340 7121850 67254

1734619708
lo: 2192 2192 0 0
eth0: 7604494993 74757052 7529026 74712

1734619709
lo: 2192 2192 0 0
eth0: 7612393229 74847274 7898236 90222

1734619710
lo: 2192 2192 0 0
eth0: 7619864953 74935714 7471724 88440

1734619711
lo: 2192 2192 0 0
eth0: 7626755901 75026266 6890948 90552

1734619712
lo: 2192 2192 0 0
eth0: 7634403645 75120712 7647744 94446

1734619713
lo: 2192 2192 0 0
eth0: 7636430633 75145726 2026988 25014

1734619714
lo: 2192 2192 0 0
eth0: 7636430633 75145726 0 0

1734619715
lo: 2192 2192 0 0
eth0: 7636430633 75145726 0 0

1734619716
lo: 2192 2192 0 0
eth0: 7636430633 75145726 0 0

1734619717
lo: 2192 2192 0 0
eth0: 7636430633 75145726 0 0

1734619718
lo: 2192 2192 0 0
eth0: 7636430633 75145726 0 0

1734619719
lo: 2192 2192 0 0
eth0: 7636430633 75145726 0 0

1734619720
lo: 2192 2192 0 0
eth0: 7636430633 75145726 0 0

1734619721
lo: 2192 2192 0 0
eth0: 7636430633 75145726 0 0

1734619722
lo: 2192 2192 0 0
eth0: 7636430633 75145726 0 0

1734619723
lo: 2192 2192 0 0
eth0: 7636430633 75145726 0 0

1734619724
lo: 2192 2192 0 0
eth0: 7636430633 75145726 0 0

1734619725
lo: 2192 2192 0 0
eth0: 7636430633 75145726 0 0

1734619726
lo: 2192 2192 0 0
eth0: 7636430633 75145726 0 0

1734619727
lo: 2192 2192 0 0
eth0: 7636430633 75145726 0 0

1734619728
lo: 2192 2192 0 0
eth0: 7636430633 75145726 0 0

1734619729
lo: 2192 2192 0 0
eth0: 7636430633 75145726 0 0

1734619730
lo: 2192 2192 0 0
eth0: 7636430633 75145726 0 0

1734619731
lo: 2192 2192 0 0
eth0: 7636430633 75145726 0 0

1734619732
lo: 2192 2192 0 0
eth0: 7636430633 75145726 0 0

1734619733
lo: 2192 2192 0 0
eth0: 7636430633 75145726 0 0

1734619734
lo: 2192 2192 0 0
eth0: 7636430633 75145726 0 0

1734619735
lo: 2192 2192 0 0
eth0: 7636430633 75145726 0 0

1734619736
lo: 2192 2192 0 0
eth0: 7636430633 75145726 0 0

1734619737
lo: 2192 2192 0 0
eth0: 7636430633 75145726 0 0

1734619738
lo: 2192 2192 0 0
eth0: 7636430633 75145726 0 0

1734619739
lo: 2192 2192 0 0
eth0: 7636430633 75145726 0 0

1734619740
lo: 2192 2192 0 0
eth0: 7636430633 75145726 0 0

1734619741
lo: 2192 2192 0 0
eth0: 7636430633 75145726 0 0

1734619742
lo: 2192 2192 0 0
eth0: 7636430633 75145726 0 0

1734619743
lo: 2192 2192 0 0
eth0: 7636430633 75145726 0 0

1734619744
lo: 2192 2192 0 0
eth0: 7636430633 75145726 0 0

1734619745
lo: 2192 2192 0 0
eth0: 7636430633 75145726 0 0

1734619746
lo: 2192 2192 0 0
eth0: 7636430633 75145726 0 0

1734619747
lo: 2192 2192 0 0
eth0: 7636430633 75145726 0 0

1734619748
lo: 2192 2192 0 0
eth0: 7636430633 75145726 0 0

1734619749
lo: 2192 2192 0 0
eth0: 7636430633 75145726 0 0

1734619750
lo: 2192 2192 0 0
eth0: 7636430633 75145726 0 0

1734619751
lo: 2192 2192 0 0
eth0: 7636430633 75145726 0 0

1734619752
lo: 2192 2192 0 0
eth0: 7636430633 75145726 0 0

1734619753
lo: 2192 2192 0 0
eth0: 7636430633 75145726 0 0

1734619754
lo: 2192 2192 0 0
eth0: 7636430633 75145726 0 0

1734619755
lo: 2192 2192 0 0
eth0: 7636430633 75145726 0 0

1734619756
lo: 2192 2192 0 0
eth0: 7636430633 75145726 0 0

1734619757
lo: 2192 2192 0 0
eth0: 7636430633 75145726 0 0

1734619758
lo: 2192 2192 0 0
eth0: 7636430633 75145726 0 0

1734619759
lo: 2192 2192 0 0
eth0: 7636430633 75145726 0 0

1734619760
lo: 2192 2192 0 0
eth0: 7636430633 75145726 0 0

1734619761
lo: 2192 2192 0 0
eth0: 7636430633 75145726 0 0

1734619762
lo: 2192 2192 0 0
eth0: 7636430633 75145726 0 0

1734619763
lo: 2192 2192 0 0
eth0: 7636430633 75145726 0 0

1734619764
lo: 2192 2192 0 0
eth0: 7636430633 75145726 0 0

1734619765
lo: 2192 2192 0 0
eth0: 7636430633 75145726 0 0

1734619766
lo: 2192 2192 0 0
eth0: 7636430633 75145726 0 0

1734619767
lo: 2192 2192 0 0
eth0: 7636430633 75145726 0 0

1734619768
lo: 2192 2192 0 0
eth0: 7636430633 75145726 0 0

1734619769
lo: 2192 2192 0 0
eth0: 7636430633 75145726 0 0

1734619770
lo: 2192 2192 0 0
eth0: 7636430633 75145726 0 0

1734619771
lo: 2192 2192 0 0
eth0: 7636430633 75145726 0 0

1734619772
lo: 2192 2192 0 0
eth0: 7636430633 75145726 0 0

1734619773
lo: 2192 2192 0 0
eth0: 7636430633 75145726 0 0

1734619774
lo: 2192 2192 0 0
eth0: 7636430699 75145792 66 66

1734619775
lo: 2192 2192 0 0
eth0: 7636430699 75145792 0 0

1734619776
lo: 2192 2192 0 0
eth0: 7636430699 75145792 0 0

1734619777
lo: 2192 2192 0 0
eth0: 7636430699 75145792 0 0

1734619778
lo: 2192 2192 0 0
eth0: 7636430699 75145792 0 0

1734619779
lo: 2192 2192 0 0
eth0: 7636430783 75145876 84 84

1734619780
lo: 2192 2192 0 0
eth0: 7636430783 75145876 0 0

1734619781
lo: 2192 2192 0 0
eth0: 7636430783 75145876 0 0

1734619782
lo: 2192 2192 0 0
eth0: 7636430783 75145876 0 0

1734619783
lo: 2192 2192 0 0
eth0: 7636430783 75145876 0 0

1734619784
lo: 2192 2192 0 0
eth0: 7636430783 75145876 0 0

1734619785
lo: 2192 2192 0 0
eth0: 7636430783 75145876 0 0

1734619786
lo: 2192 2192 0 0
eth0: 7636430783 75145876 0 0

1734619787
lo: 2192 2192 0 0
eth0: 7636430783 75145876 0 0

1734619788
lo: 2192 2192 0 0
eth0: 7636430783 75145876 0 0

1734619789
lo: 2192 2192 0 0
eth0: 7636430783 75145876 0 0

1734619790
lo: 2192 2192 0 0
eth0: 7636430783 75145876 0 0

1734619791
lo: 2192 2192 0 0
eth0: 7636430783 75145876 0 0

1734619792
lo: 2192 2192 0 0
eth0: 7636430783 75145876 0 0

1734619793
lo: 2192 2192 0 0
eth0: 7636430783 75145876 0 0

1734619794
lo: 2192 2192 0 0
eth0: 7636430783 75145876 0 0

1734619795
lo: 2192 2192 0 0
eth0: 7636430783 75145876 0 0

1734619796
lo: 2192 2192 0 0
eth0: 7636430783 75145876 0 0

1734619797
lo: 2192 2192 0 0
eth0: 7636430783 75145876 0 0

1734619798
lo: 2192 2192 0 0
eth0: 7636430783 75145876 0 0

1734619799
lo: 2192 2192 0 0
eth0: 7636430783 75145876 0 0

1734619800
lo: 2192 2192 0 0
eth0: 7636430783 75145876 0 0

1734619801
lo: 2192 2192 0 0
eth0: 7636430783 75145876 0 0

1734619802
lo: 2192 2192 0 0
eth0: 7636430783 75145876 0 0

1734619803
lo: 2192 2192 0 0
eth0: 7636430783 75145876 0 0

1734619804
lo: 2192 2192 0 0
eth0: 7636430783 75145876 0 0

1734619805
lo: 2192 2192 0 0
eth0: 7636430783 75145876 0 0

1734619806
lo: 2192 2192 0 0
eth0: 7636430783 75145876 0 0

1734619807
lo: 2192 2192 0 0
eth0: 7636430783 75145876 0 0

1734619808
lo: 2192 2192 0 0
eth0: 7636430783 75145876 0 0

1734619809
lo: 2192 2192 0 0
eth0: 7636430783 75145876 0 0

1734619810
lo: 2192 2192 0 0
eth0: 7636430783 75145876 0 0

1734619811
lo: 2192 2192 0 0
eth0: 7636430783 75145876 0 0

1734619812
lo: 2192 2192 0 0
eth0: 7636430783 75145876 0 0

1734619813
lo: 2192 2192 0 0
eth0: 7636430783 75145876 0 0

1734619814
lo: 2192 2192 0 0
eth0: 7636430783 75145876 0 0

1734619815
lo: 2192 2192 0 0
eth0: 7636430783 75145876 0 0

1734619816
lo: 2192 2192 0 0
eth0: 7636430783 75145876 0 0

1734619817
lo: 2192 2192 0 0
eth0: 7636430783 75145876 0 0

1734619818
lo: 2192 2192 0 0
eth0: 7636430783 75145876 0 0

1734619819
lo: 2192 2192 0 0
eth0: 7636430783 75145876 0 0

1734619820
lo: 2192 2192 0 0
eth0: 7636430783 75145876 0 0

1734619821
lo: 2192 2192 0 0
eth0: 7636430783 75145876 0 0

1734619823
lo: 2192 2192 0 0
eth0: 7636430915 75146105 132 229

