1734618925
0.3330585325638912 0.08903544929925804 0.0

1734618926
0.1326150020721094 0.055532532117695814 0.0

1734618927
0.18021052631578946 0.07452631578947369 0.0004210526315789474

1734618928
0.2904031394933999 0.0752764894755619 0.04138423118087763

1734618929
0.10182207931404073 0.03572704537334762 0.09539121114683816

1734618930
0.1206611570247934 0.04462809917355372 0.009917355371900827

1734618931
0.11083540115798181 0.034739454094292806 0.005376344086021506

1734618932
0.2694736842105263 0.09894736842105263 0.005894736842105263

1734618933
0.4898989898989899 0.1856060606060606 0.007154882154882155

1734618934
0.2666102412187897 0.09267879813796022 0.03046974185357596

1734618935
0.396023198011599 0.13256006628003314 0.0012427506213753107

1734618936
0.8927234927234927 0.08648648648648649 0.0

1734618937
0.93261231281198 0.06447587354409318 0.0

1734618938
0.8606111343658435 0.09208874005860193 0.0004185851820845542

1734618939
0.44755536982866695 0.10781445883827831 0.0

1734618940
0.2456878418174169 0.04375262936474548 0.06647034076567102

1734618941
0.5631799163179916 0.07615062761506276 0.00041841004184100416

1734618942
0.4903765690376569 0.08242677824267783 0.0

1734618943
0.2614543926019336 0.0701975620008407 0.009247583018074821

1734618944
0.2873369793857804 0.09507782919646614 0.0012620950778291964

1734618945
0.3808724832214765 0.08095637583892618 0.006291946308724832

1734618946
0.4895222129086337 0.08256496227996647 0.036462699077954734

1734618947
0.16353775552774302 0.04714226115978306 0.03254067584480601

1734618948
0.21552087726697597 0.06832560101223113 0.001687051876845213

1734618949
0.21185372005044137 0.07229928541403952 0.0

1734618950
0.1502288805659592 0.0628381190178943 0.0024968789013732834

1734618951
0.13221052631578947 0.072 0.05052631578947368

1734618952
0.3048218029350105 0.0859538784067086 0.018867924528301886

1734618953
0.33000416146483563 0.07532251352476071 0.0

1734618954
0.16659742417947654 0.05317823016202742 0.004985459077690071

1734618955
0.11963318049187162 0.03959983326385994 0.022926219258024176

1734618956
0.29858215179316094 0.09299416180150125 0.0

1734618957
0.15166666666666667 0.035833333333333335 0.0004166666666666667

1734618958
0.07941787941787942 0.02203742203742204 0.0

1734618959
0.0960973562736047 0.02433906840117499 0.0

1734618960
0.13525963149078726 0.04815745393634841 0.00711892797319933

1734618961
0.11742424242424243 0.05134680134680135 0.0

1734618962
0.17532197756543416 0.0656418778562526 0.0

1734618963
0.08364859184531316 0.028583438419503993 0.0

1734618964
0.13428451531682753 0.02517834662190516 0.0

1734618965
0.1396997497914929 0.039616346955796494 0.03836530442035029

1734618966
0.20477386934673367 0.05695142378559464 0.00628140703517588

1734618967
0.15442092154420922 0.056870070568700706 0.012453300124533

1734618968
0.11064718162839249 0.054697286012526096 0.0

1734618969
0.10278818143986683 0.03911776945484811 0.0

1734618970
0.10834738617200675 0.04215851602023609 0.00042158516020236085

1734618971
0.07910321489001693 0.03553299492385787 0.0

1734618972
0.08041237113402062 0.01979381443298969 0.009484536082474227

1734618973
0.09746835443037975 0.01350210970464135 0.0

1734618974
0.09623430962343096 0.015899581589958158 0.0012552301255230125

1734618975
0.15587129126619306 0.03969912244045132 0.0

1734618976
0.2230185497470489 0.08431703204047218 0.003372681281618887

1734618977
0.1621174524400331 0.045078577336641855 0.0041356492969396195

1734618978
0.12969140950792327 0.03544620517097581 0.0646371976647206

1734618979
0.520250521920668 0.13277661795407097 0.0008350730688935282

1734618980
0.28739495798319326 0.10378151260504202 0.0004201680672268908

1734618981
0.21580928481806774 0.14721873693015475 0.009619406106231703

1734618982
0.25687685146000844 0.15277190012695727 0.0

1734618983
0.4013266998341625 0.09245439469320066 0.06509121061359867

1734618984
0.14423480083857443 0.05157232704402516 0.25660377358490566

1734618985
0.3856842105263158 0.21136842105263157 0.096

1734618986
0.5157629255989912 0.22278268179907523 0.018915510718789406

1734618987
0.45492839090143217 0.16385846672283066 0.008424599831508003

1734618988
0.4203204047217538 0.18296795952782463 0.010961214165261383

1734618989
0.4978867286559594 0.19611158072696533 0.009721048182586645

1734618990
0.5644687106257875 0.21461570768584629 0.0

1734618991
0.6303892842193386 0.20133947258267057 0.0

1734618992
0.7273107486407361 0.20828105395232122 0.0

1734618993
0.4717060810810811 0.2635135135135135 0.022381756756756757

1734618994
0.5131022823330516 0.2586644125105664 0.030431107354184278

1734618995
0.8441938178780284 0.14160401002506265 0.005012531328320802

1734618996
0.8846153846153846 0.11373035566583954 0.0

1734618997
0.8793464599916213 0.11981566820276497 0.0

1734618998
0.8682235195996664 0.12844036697247707 0.0

1734618999
0.8818371607515657 0.11607515657620042 0.0

1734619000
0.8261050875729775 0.15804837364470392 0.0004170141784820684

1734619001
0.5297569153394803 0.28918692372170995 0.0

1734619002
0.8622129436325678 0.13444676409185805 0.0

1734619003
0.8140116763969975 0.176814011676397 0.0004170141784820684

1734619004
0.7639412997903564 0.20083857442348008 0.0016771488469601676

1734619005
0.73505722763883 0.20644340822382365 0.001695633743111488

1734619006
0.7234753550543024 0.1946532999164578 0.027151211361737676

1734619007
0.684718723761545 0.22963895885810243 0.033585222502099076

1734619008
0.612510495382032 0.26574307304785894 0.03610411418975651

1734619009
0.42687579482831706 0.1632047477744807 0.20050869012293346

1734619011
0.10883171070931849 0.011474269819193325 0.575452016689847

1734619012
0.6728701406120761 0.24152191894127378 0.021505376344086023

1734619013
0.7118287118287119 0.27448227448227447 0.003159003159003159

1734619014
0.6127686878408727 0.22008341353865896 0.07154315046519089

1734619015
0.5415188076650106 0.2093683463449255 0.14797728885734562

1734619016
0.5039765592298032 0.204688154039347 0.1506906655504395

1734619017
0.6642502861503243 0.19992369324685236 0.05036245707745136

1734619018
0.16743600503566933 0.054133445237096095 0.3420058749475451

1734619020
0.1313162819713038 0.03150343106674985 0.29507174048658763

1734619021
0.7390642829973374 0.24686192468619247 0.0041841004184100415

1734619022
0.5853287723299125 0.22576966932725198 0.06309388065374383

1734619023
0.830518179215574 0.156312625250501 0.0037217291726309764

1734619024
0.7673434856175972 0.18781725888324874 0.011421319796954314

1734619028
0.10439306358381503 0.023468208092485548 0.04404624277456647

1734619029
0.43545683151718356 0.21751886001676446 0.0884325230511316

1734619030
0.25816539263377347 0.10771369006254343 0.1959694232105629

1734619031
0.0379746835443038 0.0469409282700422 0.4525316455696203

1734619032
0.3232916972814107 0.12196914033798678 0.22630418809698752

1734619033
0.4891732283464567 0.17913385826771652 0.12007874015748031

1734619034
0.28498074454428757 0.11339323919554985 0.20539152759948653

1734619036
0.0912080304603669 0.0463828314295604 0.3490827275874005

1734619037
0.3988931460195828 0.1809280544912729 0.10344827586206896

1734619038
0.2228864218616567 0.07514944491887275 0.2707087959009394

1734619039
0.15040135192226448 0.037177862272919304 0.30544993662864384

1734619040
0.05842506350550381 0.013547840812870448 0.42506350550381033

1734619041
0.22076271186440677 0.11822033898305084 0.2347457627118644

1734619042
0.08476710029374737 0.03692824171212757 0.22996223248006714

1734619043
0.3107004727116459 0.1237645036527718 0.2720240653201547

1734619044
0.05647438483259379 0.012505042355788625 0.37676482452601856

1734619047
0.05314576006252442 0.006643220007815553 0.4364986322782337

1734619048
0.06166535742340927 0.016889238020424194 0.38020424194815394

1734619049
0.1630188679245283 0.08264150943396227 0.31886792452830187

1734619050
0.09064204783885858 0.03483004616030214 0.4620226605119597

1734619051
0.650990099009901 0.23514851485148514 0.04579207920792079

1734619052
0.586093920640699 0.059337459046232256 0.2712049508554787

1734619053
0.8749494131930392 0.11574261432618373 0.0028328611898017

1734619054
0.8719512195121951 0.11924119241192412 0.00508130081300813

1734619056
0.4777988614800759 0.2129032258064516 0.16242884250474382

1734619057
0.6359223300970874 0.284789644012945 0.04692556634304207

1734619058
0.7704381948986265 0.17462393721386527 0.03989535644211903

1734619059
0.3792822185970636 0.05274605764002175 0.4907558455682436

1734619061
0.5618364418938308 0.06886657101865136 0.2984218077474892

1734619062
0.8804483188044832 0.11249481112494811 0.0029057700290577005

1734619063
0.8800999167360533 0.11532056619483763 0.0029142381348875937

1734619064
0.8951983298538622 0.0977035490605428 0.0041753653444676405

1734619065
0.8394957983193277 0.0907563025210084 0.037815126050420166

1734619066
0.619409282700422 0.15063291139240506 0.08691983122362869

1734619067
0.718013468013468 0.16666666666666666 0.05387205387205387

1734619068
0.3113722198908938 0.054133445237096095 0.3159882501049098

1734619069
0.33276523221133364 0.0818065615679591 0.2714103110353643

1734619070
0.15780518928115694 0.07103360272224585 0.2934921310080817

1734619071
0.07968244633931197 0.02087621287856513 0.4463393119670685

1734619072
0.06567534076827757 0.014043783560512184 0.37092110698058656

1734619073
0.07036909279061745 0.018627112797516384 0.3642635391514315

1734619076
0.03404111897539602 0.008594539939332659 0.4662959218065386

1734619077
0.35846672283066555 0.3138163437236731 0.11752316764953664

1734619078
0.4940828402366864 0.33854606931530007 0.07988165680473373

1734619079
0.2030692362598144 0.07494646680942184 0.34475374732334046

1734619080
0.08924949290060852 0.02738336713995943 0.404158215010142

1734619081
0.3384223918575064 0.18108566581849025 0.18829516539440203

1734619082
0.7039529015979815 0.2514718250630782 0.025231286795626577

1734619083
0.7453781512605042 0.23319327731092437 0.01050420168067227

1734619084
0.23138409760201936 0.06184265881363063 0.40849810685738325

1734619087
0.0522112289903445 0.009893908689951126 0.664322326856598

1734619088
0.3992521811383465 0.16493560448691316 0.2426256751142501

1734619089
0.20848938826466917 0.08764044943820225 0.43395755305867667

1734619091
0.07537960954446854 0.012472885032537961 0.5949023861171366

1734619092
0.05257099002302379 0.03453568687643899 0.5656178050652341

1734619093
0.5965058236272879 0.39309484193011646 0.004159733777038269

1734619094
0.07920296385300891 0.0371482927806148 0.7188344848302793

1734619097
0.0 0.0 1.0

1734619098
0.09843020789138736 0.04030547305897327 0.5973695375477301

1734619100
0.017487344684767602 0.021859180855959504 0.6937413713759779

1734619101
0.4476876421531463 0.1929492039423806 0.19711902956785443

1734619102
0.266317485898469 0.11563255439161967 0.3203062046736503

1734619103
0.40953184310417545 0.29143821172501055 0.1927456769295656

1734619104
0.6897565071368598 0.18261964735516373 0.07178841309823678

1734619105
0.2721145745577085 0.07708508845829823 0.33150800336983993

1734619106
0.2375737152485257 0.05433866891322662 0.33782645324347094

1734619107
0.06887755102040816 0.019982993197278913 0.48596938775510207

1734619108
0.1346559729843816 0.049810046433094134 0.429717180244829

1734619109
0.2871118672905147 0.12803062526584433 0.2275627392598894

1734619112
0.004136789851075565 0.004964147821290678 0.25937672366243797

1734619113
0.2657638595006348 0.16800677105374523 0.16631400761743545

1734619114
0.005768121515093251 0.004037685060565276 0.4722168813689675

1734619120
0.6 0.4 0.0

1734619121
0.5466332078628189 0.29652864910079463 0.06106231702216646

1734619122
0.06818181818181818 0.026392961876832845 0.3775659824046921

1734619124
0.05872024970737417 0.04018728053062817 0.40655481857198594

1734619126
0.037678975131876416 0.011492087415222306 0.38338357196684253

1734619127
0.07051826677994902 0.04205607476635514 0.3819031435853866

1734619128
0.09848484848484848 0.050084175084175085 0.36826599326599324

1734619129
0.17065994115174443 0.10172341319882304 0.25388818831441784

1734619131
0.057218895542248835 0.05123087159015303 0.29241516966067865

1734619132
0.18043025676613464 0.09888965995836224 0.24843858431644691

1734619133
0.12195121951219512 0.02582496413199426 0.33393113342898134

1734619136
0.06627680311890838 0.007197480881691408 0.21037636827110512

1734619137
0.22383596753524135 0.14352840666381889 0.3255019222554464

1734619138
0.11751662971175167 0.06707317073170732 0.12915742793791574

1734619139
0.17119244391971664 0.09484454939000393 0.20385674931129477

1734619140
0.10144927536231885 0.03850931677018633 0.24389233954451345

1734619141
0.09013742926434923 0.047696038803556995 0.27202910266774455

1734619143
0.07867132867132867 0.04895104895104895 0.36563436563436563

1734619144
0.37528344671201813 0.18140589569160998 0.16817838246409675

1734619146
0.6414442700156986 0.09607535321821035 0.13249607535321822

1734619147
0.6831955922865014 0.09331955922865014 0.08436639118457301

1734619148
0.16519174041297935 0.08048883270122208 0.2806573957016435

1734619149
0.15938957185247987 0.11233573548113608 0.22467147096227216

1734619150
0.06706031210459722 0.016026992830029525 0.3728384647827921

1734619151
0.13344594594594594 0.05489864864864865 0.23902027027027026

1734619152
0.48519458544839256 0.06345177664974619 0.13409475465313028

1734619155
0.012351967400993251 0.008913790907933273 0.19584872023430536

1734619156
0.19714765100671142 0.08892617449664429 0.17659395973154363

1734619157
0.1788750817527796 0.051013734466971876 0.21026814911706998

1734619159
0.12372535690006799 0.05098572399728076 0.31373215499660095

1734619160
0.1572938689217759 0.03890063424947146 0.32727272727272727

1734619163
0.0022459292532285235 0.006316676024705222 0.2582818641212802

1734619164
0.21008753647353065 0.08420175072947061 0.2926219258024177

1734619165
0.12557943531394858 0.07711757269279393 0.2836072482090181

1734619166
0.18864577173270256 0.07303370786516854 0.4086339444115908

1734619167
0.27634754625905067 0.10176991150442478 0.20917135961383748

1734619169
0.29346049046321526 0.06784741144414169 0.262125340599455

1734619170
0.47058823529411764 0.0688360450563204 0.22486441385064665

1734619171
0.18257956448911222 0.06658291457286432 0.2135678391959799

1734619172
0.4798814061838204 0.20669207962727656 0.056755612028801354

1734619173
0.7395701643489254 0.19637589549093973 0.03286978508217446

1734619174
0.62557856272838 0.0735688185140073 0.24238733252131547

1734619176
0.4187256176853056 0.12971391417425226 0.1267880364109233

1734619177
0.117003367003367 0.04292929292929293 0.25084175084175087

1734619178
0.11129707112970712 0.03472803347280335 0.2539748953974895

1734619179
0.34046121593291406 0.09224318658280922 0.24654088050314465

1734619180
0.16072493144151664 0.04125432216525575 0.7478240133540003

1734619182
0.5 0.5 0.0

1734619183
0.49535864978902955 0.18649789029535865 0.11729957805907174

1734619184
0.34505862646566166 0.1159966499162479 0.20728643216080403

1734619185
0.35759627592044013 0.14684722809987305 0.10749047820567076

1734619186
0.5404503753127606 0.22101751459549623 0.060467055879899916

1734619187
0.4406922752216125 0.16969185310257492 0.13085690164626423

1734619190
0.061170212765957445 0.010638297872340425 0.5035460992907801

1734619191
0.5652724968314322 0.20363329108576256 0.04773975496408957

1734619193
0.24348044132397192 0.12487462387161484 0.29538615847542626

1734619194
0.36062378167641324 0.1539961013645224 0.13450292397660818

1734619195
0.2051177904142973 0.043866774979691305 0.16653127538586515

1734619196
0.20796100731112915 0.04914703493095045 0.119821283509342

1734619197
0.27079148252310165 0.10245078344716754 0.26878264363198073

1734619198
0.374897792313982 0.10466067048242028 0.1651676206050695

1734619199
0.5989807918463348 0.1658173265386123 0.06428851430811447

1734619200
0.4401325130146711 0.11358258400378608 0.3890203502129673

1734619201
0.7853211009174312 0.1926605504587156 0.014678899082568808

1734619203
0.2960793150067598 0.017350157728706624 0.5439387111311401

1734619205
0.24965588437715072 0.04542326221610461 0.2904335856847901

1734619206
0.2936010037641154 0.12212463404433292 0.15809284818067754

1734619207
0.3235663457513604 0.0950188363331938 0.18250313938886564

1734619208
0.5435333896872359 0.23372781065088757 0.14497041420118342

1734619209
0.8553014553014553 0.12681912681912683 0.013305613305613306

1734619210
0.7562000840689366 0.0865910046237915 0.07650273224043716

1734619211
0.32852292020373514 0.05432937181663837 0.300509337860781

1734619212
0.13857203210815378 0.0409801436417406 0.42543303760033796

1734619213
0.24746192893401014 0.10829103214890017 0.3126057529610829

1734619214
0.8148148148148148 0.14183501683501684 0.018518518518518517

1734619215
0.3733850129198966 0.06459948320413436 0.27820844099913866

1734619216
0.15491768678767412 0.041367665681722246 0.43182777543267203

1734619217
0.5762568652302492 0.09378960709759189 0.12843261512463033

1734619218
0.14181678804139516 0.026830203142966653 0.2947489459563051

1734619220
0.5032517807370703 0.17745432022297924 0.12666460204397648

1734619221
0.8327168105219893 0.12330456226880394 0.02507192766132347

1734619224
0.44860776899278104 0.06577288873610633 0.47496275925289333

1734619225
0.8446198587453261 0.1483174075612796 0.0016618196925633569

1734619226
0.837248322147651 0.1552013422818792 0.002936241610738255

1734619227
0.8819357530246141 0.11222361284939508 0.002920317062995411

1734619229
0.3202917771883289 0.022877984084880638 0.5716180371352785

1734619230
0.7042997838097526 0.15637761229882297 0.10641364400672591

1734619231
0.7221061429168408 0.13246970330129546 0.11366485582950271

1734619236
0.12443241355221796 0.012050296891372686 0.5536150890674119

1734619237
0.6168341708542714 0.1444723618090452 0.13442211055276382

1734619240
0.1703815123752222 0.03459592506495282 0.3656502119513196

1734619242
0.27049180327868855 0.08486017357762778 0.36137897782063644

1734619243
0.527147087857848 0.09180651530108588 0.10200723922342876

1734619244
0.6131721550646102 0.1271363067944977 0.05168820341809087

1734619245
0.2114333753678016 0.06725514922236234 0.1794871794871795

1734619246
0.057035803497085764 0.01706910907577019 0.21232306411323898

1734619247
0.04424040066777963 0.009599332220367279 0.255008347245409

1734619248
0.03554997908824759 0.012547051442910916 0.20660811375993307

1734619249
0.04130162703379224 0.005840634125990822 0.18147684605757197

1734619251
0.02554594149155336 0.005974454058508447 0.21054800164812526

1734619252
0.0713989207139892 0.0668327106683271 0.10543794105437941

1734619253
0.06805845511482254 0.022964509394572025 0.1465553235908142

1734619254
0.022718667171525937 0.007194244604316547 0.24384702764104507

1734619256
0.024574669187145556 0.008821676118462508 0.27000630119722746

1734619257
0.0277709510936348 0.00811010076185795 0.34898009338903907

1734619259
0.05161910868868227 0.020519397242705996 0.2282782943251042

1734619260
0.05436156763590392 0.045512010113780026 0.12010113780025285

1734619261
0.052938724468528556 0.01834097540641934 0.09087119633180492

1734619263
0.021207530837481066 0.003678857390175287 0.2694222029863666

1734619264
0.043358297201419 0.01891998423334647 0.09302325581395349

1734619265
0.04671717171717172 0.01893939393939394 0.06060606060606061

1734619266
0.03891213389121339 0.011297071129707114 0.07154811715481171

1734619267
0.028595458368376788 0.009671993271656855 0.18292682926829268

1734619268
0.04154427192614352 0.018464120856063786 0.058749475451112046

1734619269
0.043478260869565216 0.010869565217391304 0.09155518394648829

1734619270
0.02980688497061293 0.006717044500419815 0.1255247691015953

1734619271
0.022227965882657016 0.005686223830447144 0.1232876712328767

1734619273
0.05364677516576251 0.04460518384569018 0.01778179626280892

1734619274
0.054788791300711 0.03220409870347135 0.0

1734619275
0.07376709490261085 0.029838375466224618 0.0

1734619276
0.05129274395329441 0.02835696413678065 0.0

1734619277
0.06093489148580968 0.03171953255425709 0.0

1734619278
0.060467055879899916 0.03127606338615513 0.0

1734619279
0.05660377358490566 0.02851153039832285 0.0

1734619280
0.06278586278586279 0.02577962577962578 0.0

1734619281
0.05006257822277847 0.01877346683354193 0.0

1734619282
0.05511148506520824 0.008413967185527976 0.0

1734619283
0.059900166389351084 0.018718801996672214 0.0

1734619284
0.05278592375366569 0.010473397570171765 0.00041893590280687055

1734619285
0.062266500622665005 0.021585720215857203 0.0

1734619286
0.09225560727888278 0.05924672027084215 0.0

1734619287
0.07241523650062788 0.032231059020510676 0.0

1734619288
0.0662751677852349 0.03733221476510067 0.00041946308724832214

1734619289
0.049044056525353284 0.008728179551122194 0.00041562759767248546

1734619290
0.052323147760569275 0.01381331100879029 0.0

1734619291
0.05123897522049559 0.014279714405711887 0.0

1734619292
0.05571725571725572 0.00997920997920998 0.0012474012474012475

1734619293
0.04951741502308015 0.01174989509022241 0.0

1734619294
0.05307497893850042 0.010530749789385004 0.0

1734619295
0.05160216396171453 0.012068248023304202 0.0

1734619296
0.05388471177944862 0.01086048454469507 0.0

1734619297
0.05357890330682294 0.010883214734198409 0.0

1734619298
0.053361344537815124 0.010924369747899159 0.0

1734619299
0.04435146443514645 0.008786610878661089 0.009623430962343096

1734619300
0.04524507750314202 0.007121910347716799 0.0

1734619301
0.02254697286012526 0.003340292275574113 0.0

1734619302
0.041858518208455424 0.006697362913352867 0.006697362913352867

1734619303
0.04847471792728792 0.0071040534893439195 0.0037609694943585457

1734619304
0.028416213957375678 0.004178854993731718 0.07563727538654409

1734619305
0.052565707133917394 0.006257822277847309 0.04881101376720901

1734619306
0.050314465408805034 0.005870020964360587 0.06037735849056604

1734619307
0.02131216046803176 0.008775595486836606 0.02381947346427079

1734619308
0.03714524207011686 0.0037562604340567614 0.0

1734619309
0.05943474646716542 0.004156275976724855 0.0

1734619310
0.0695142378559464 0.0033500837520938024 0.015494137353433836

1734619311
0.01678556441460344 0.005455308434746118 0.04280318925723878

1734619312
0.013019739605207897 0.007559848803023939 0.0755984880302394

1734619313
0.040901502504173626 0.005425709515859766 0.0

1734619314
0.027196652719665274 0.004602510460251046 0.0

1734619315
0.03993344425956739 0.0033277870216306157 0.0

1734619316
0.022954924874791317 0.004590984974958264 0.0

1734619317
0.01799916282963583 0.0037672666387609877 0.0004185851820845542

1734619318
0.027649769585253458 0.007121910347716799 0.0

1734619319
0.10554860241969129 0.026282853566958697 0.0

1734619320
0.10327455919395466 0.022670025188916875 0.0

1734619321
0.045662100456621 0.007056870070568701 0.0

1734619322
0.025898078529657476 0.005012531328320802 0.0

1734619323
0.03262233375156838 0.004182350480970306 0.0

1734619324
0.034223706176961605 0.002921535893155259 0.0

1734619325
0.02262253875157101 0.0033514872224549644 0.0

1734619326
0.024665551839464884 0.003762541806020067 0.0

1734619327
0.03786933000416146 0.007906783187682065 0.002913025384935497

1734619328
0.03400503778337532 0.006717044500419815 0.0

1734619329
0.04262432093606352 0.0029251984956122023 0.0

1734619330
0.05514096185737977 0.004560530679933665 0.017412935323383085

1734619331
0.023740108288213244 0.006663890045814244 0.029154518950437316

1734619332
0.022185014650481373 0.014650481372959398 0.0

1734619333
0.020833333333333332 0.025833333333333333 0.0

1734619334
0.019567027477102414 0.005828476269775187 0.0

1734619335
0.02414654454621149 0.0029142381348875937 0.0

1734619336
0.022556390977443608 0.001670843776106934 0.0

1734619337
0.02338204592901879 0.0020876826722338203 0.0

1734619338
0.028773978315262717 0.0029190992493744786 0.003336113427856547

1734619339
0.024624373956594323 0.004173622704507512 0.0

1734619340
0.019665271966527197 0.0029288702928870294 0.03305439330543933

1734619341
0.05309734513274336 0.0067425200168563 0.0

1734619342
0.04893350062735257 0.004182350480970306 0.0004182350480970305

1734619343
0.051953449709060684 0.004987531172069825 0.00041562759767248546

1734619344
0.03260869565217391 0.003762541806020067 0.0

1734619345
0.04008350730688935 0.006263048016701462 0.0

1734619346
0.03964941569282137 0.004590984974958264 0.0

1734619347
0.04297037964121819 0.0037546933667083854 0.0

1734619348
0.11143695014662756 0.006702974444909929 0.00041893590280687055

1734619349
0.07631688096225632 0.002903359601824969 0.015346329323931979

1734619350
0.0158465387823186 0.006672226855713094 0.040033361134278564

1734619351
0.021675698207586493 0.014589412255106295 0.01709045435598166

1734619352
0.055949895615866385 0.004592901878914405 0.0

1734619353
0.052100840336134456 0.0067226890756302525 0.012184873949579832

1734619355
0.01660255112370925 0.003441992306134845 0.08301275561854626

1734619356
0.04563544706818785 0.00689838153356328 0.02494030246749801

1734619357
0.03773584905660377 0.007547169811320755 0.0004192872117400419

1734619358
0.04043351396415173 0.005002084201750729 0.0

1734619359
0.026293823038397328 0.007929883138564273 0.0

1734619360
0.02423735896364396 0.004178854993731718 0.0

1734619361
0.02347024308466052 0.003352891869237217 0.0

1734619362
0.02512562814070352 0.0033500837520938024 0.0

1734619363
0.029239766081871343 0.004594820384294068 0.0

1734619364
0.034641068447412354 0.004590984974958264 0.0

1734619365
0.035505430242272346 0.0037593984962406013 0.0

1734619366
0.028368794326241134 0.005840634125990822 0.0

1734619367
0.02932551319648094 0.004608294930875576 0.0

1734619368
0.02262253875157101 0.003770423125261835 0.0

1734619369
0.028380634390651086 0.004173622704507512 0.0

1734619370
0.019254918375889492 0.0037672666387609877 0.0

1734619371
0.025822573927530196 0.0058309037900874635 0.022490628904623073

1734619372
0.021702838063439065 0.002921535893155259 0.0008347245409015025

1734619373
0.02043369474562135 0.0029190992493744786 0.0

1734619374
0.022964509394572025 0.003340292275574113 0.0

1734619375
0.017954070981210855 0.003340292275574113 0.0

1734619376
0.017097581317764805 0.0025020850708924102 0.0

1734619377
0.018325697625989172 0.003331945022907122 0.0

1734619378
0.020016680567139282 0.004170141784820684 0.0

1734619379
0.023304203079483977 0.004993757802746567 0.0

1734619380
0.0162975344755537 0.004178854993731718 0.0

1734619381
0.019591496456857024 0.003334722801167153 0.0

1734619382
0.015866388308977037 0.0037578288100208767 0.0

1734619383
0.013772954924874792 0.002921535893155259 0.0

1734619384
0.01254180602006689 0.004180602006688963 0.0

1734619385
0.017916666666666668 0.0033333333333333335 0.0

1734619386
0.022954924874791317 0.0037562604340567614 0.0

1734619387
0.016680567139282735 0.0037531276063386154 0.020016680567139282

1734619388
0.018812709030100336 0.004180602006688963 0.0

1734619389
0.01665972511453561 0.003331945022907122 0.0

1734619390
0.010896898575020955 0.0016764459346186086 0.0

1734619391
0.014243820695433599 0.0041893590280687055 0.0

1734619392
0.018448637316561847 0.0037735849056603774 0.0004192872117400419

1734619393
0.010865022983702465 0.0037609694943585457 0.0

1734619394
0.024217118997912318 0.003340292275574113 0.0

1734619395
0.02043369474562135 0.0045871559633027525 0.0

1734619396
0.02173004596740493 0.004178854993731718 0.0

1734619397
0.015932914046121592 0.005031446540880503 0.0

1734619398
0.0213657310431504 0.003770423125261835 0.0

1734619399
0.022613065326633167 0.0037688442211055275 0.0

1734619400
0.024288107202680067 0.0037688442211055275 0.0

1734619401
0.025919732441471572 0.0033444816053511705 0.0

1734619402
0.027591973244147156 0.003762541806020067 0.007107023411371237

1734619403
0.020868113522537562 0.0037562604340567614 0.0

1734619404
0.019673503557974047 0.004185851820845542 0.0

1734619405
0.02594142259414226 0.0029288702928870294 0.0

1734619406
0.028321532694710536 0.0049979175343606835 0.0

1734619407
0.020075282308657464 0.0037641154328732747 0.0

1734619408
0.022120200333889815 0.0037562604340567614 0.0

1734619409
0.026767043078209953 0.0029276453366792136 0.0

1734619410
0.027916666666666666 0.00375 0.0

1734619411
0.024562864279766863 0.005412156536219817 0.0

1734619412
0.019599666388657216 0.0050041701417848205 0.0

1734619413
0.029608006672226857 0.003336113427856547 0.0

1734619414
0.01588628762541806 0.00459866220735786 0.0

1734619415
0.015481171548117154 0.0037656903765690376 0.0

1734619416
0.017529215358931552 0.0037562604340567614 0.0

1734619417
0.01589293182768716 0.0037641154328732747 0.0

1734619418
0.02100840336134454 0.003781512605042017 0.0

1734619419
0.022964509394572025 0.005845511482254697 0.0

1734619420
0.027219430485762145 0.0037688442211055275 0.0

1734619421
0.024277940560904144 0.0046044370029300966 0.0

1734619422
0.021285475792988316 0.002921535893155259 0.00041736227045075126

1734619423
0.030112923462986198 0.008364700961940611 0.000836470096194061

1734619424
0.02342116269343371 0.006273525721455458 0.0

1734619425
0.02247191011235955 0.005409904286308781 0.0

1734619426
0.020929259104227712 0.004185851820845542 0.0

1734619427
0.022556390977443608 0.003341687552213868 0.0

1734619428
0.022556390977443608 0.002506265664160401 0.0

1734619429
0.02543786488740617 0.0037531276063386154 0.0

1734619430
0.02342116269343371 0.0037641154328732747 0.0

1734619431
0.024247491638795988 0.007107023411371237 0.0

1734619432
0.01882845188284519 0.002510460251046025 0.00041841004184100416

1734619433
0.024207011686143573 0.005425709515859766 0.008347245409015025

1734619434
0.02381947346427079 0.0025073129962390303 0.0

1734619435
0.02046783625730994 0.005012531328320802 0.0

1734619436
0.020868113522537562 0.004173622704507512 0.0

1734619437
0.019238812212463405 0.0037641154328732747 0.0

1734619438
0.026688907422852376 0.004170141784820684 0.0

1734619439
0.024634655532359082 0.0037578288100208767 0.0

1734619440
0.02219430485762144 0.0046063651591289785 0.0

1734619441
0.02417674030846186 0.005835764902042517 0.0

1734619442
0.01880484747179273 0.004178854993731718 0.0

1734619443
0.020911752404851526 0.003345880384776244 0.0

1734619444
0.021321070234113712 0.004180602006688963 0.0

1734619445
0.019657047260560435 0.004182350480970306 0.0

1734619446
0.02051926298157454 0.0041876046901172526 0.0

1734619447
0.022916666666666665 0.005 0.0

1734619448
0.01631116687578419 0.004182350480970306 0.0

1734619449
0.0200836820083682 0.00502092050209205 0.0

1734619450
0.022518765638031693 0.005421184320266889 0.0

1734619451
0.028654485049833887 0.007890365448504983 0.0

1734619452
0.02043369474562135 0.005838198498748957 0.0

1734619453
0.018363939899833055 0.005425709515859766 0.0

1734619454
0.02046783625730994 0.0037593984962406013 0.0

1734619455
0.019648829431438128 0.002926421404682274 0.0

1734619456
0.021711899791231733 0.003340292275574113 0.0

1734619457
0.023323615160349854 0.004164931278633903 0.00041649312786339027

1734619458
0.015056461731493099 0.0037641154328732747 0.0

1734619459
0.014243820695433599 0.005027230833682447 0.005446166736489317

1734619460
0.019206680584551147 0.0029227557411273487 0.0004175365344467641

1734619461
0.019599666388657216 0.0037531276063386154 0.0

1734619462
0.010447137484329294 0.0029251984956122023 0.0

1734619463
0.021347844286312263 0.0033486814566764337 0.0

1734619464
0.020850708924103418 0.0050041701417848205 0.01751459549624687

1734619467
0.018785425101214576 0.0032388663967611335 0.08356275303643725

1734619468
0.019966722129783693 0.005407653910149751 0.0008319467554076539

1734619469
0.019190654985398414 0.00458906967042136 0.0

1734619470
0.014601585314977055 0.004171881518564873 0.0

1734619471
0.02092050209205021 0.0020920502092050207 0.0

1734619472
0.0225752508361204 0.0033444816053511705 0.0

1734619473
0.0213657310431504 0.002932551319648094 0.0

1734619474
0.017946577629382305 0.002086811352253756 0.0

1734619475
0.015879648976180525 0.004178854993731718 0.0

1734619476
0.019665271966527197 0.004602510460251046 0.0

1734619477
0.020100502512562814 0.0037688442211055275 0.0

1734619478
0.010464629552113856 0.004185851820845542 0.0

1734619479
0.020842017507294707 0.004168403501458941 0.0

1734619480
0.024156601416076635 0.0049979175343606835 0.0

1734619481
0.017169179229480736 0.0037688442211055275 0.0

1734619482
0.017118997912317326 0.003340292275574113 0.0

1734619483
0.019198664440734557 0.005008347245409015 0.0

1734619484
0.01669449081803005 0.005425709515859766 0.0

1734619485
0.01756587202007528 0.005437055625261397 0.0

1734619486
0.020859407592824362 0.004171881518564873 0.0

1734619487
0.013389121338912133 0.00502092050209205 0.0

1734619488
0.01880484747179273 0.004178854993731718 0.0

1734619489
0.021748222501045588 0.003345880384776244 0.0

1734619490
0.017551190973673213 0.0037609694943585457 0.0

1734619491
0.018796992481203006 0.005012531328320802 0.0

1734619492
0.02131216046803176 0.005432511491851233 0.0

1734619493
0.020545073375262055 0.0033542976939203353 0.0033542976939203353

1734619494
0.020903010033444816 0.00459866220735786 0.0

1734619495
0.02045929018789144 0.005427974947807933 0.0

1734619496
0.02417674030846186 0.005002084201750729 0.0

1734619497
0.021338912133891212 0.004602510460251046 0.0

1734619498
0.019599666388657216 0.0037531276063386154 0.009591326105087573

1734619499
0.02046783625730994 0.0029239766081871343 0.026733500417710943

1734619500
0.023779724655819776 0.0037546933667083854 0.03212348769294952

1734619501
0.024655244463017135 0.004178854993731718 0.0221479314667781

1734619502
0.019648829431438128 0.0033444816053511705 0.0

1734619503
0.02626094205919133 0.004168403501458941 0.0

1734619504
0.019198664440734557 0.0025041736227045075 0.0

1734619505
0.01962421711899791 0.0029227557411273487 0.0

1734619506
0.02381947346427079 0.002089427496865859 0.0

1734619507
0.022157190635451504 0.002508361204013378 0.0

1734619508
0.01713330547430004 0.003343083994985374 0.0

1734619509
0.020938023450586266 0.005025125628140704 0.0

1734619510
0.022556390977443608 0.003341687552213868 0.0

1734619511
0.016729401923881223 0.0037641154328732747 0.0

1734619512
0.02127659574468085 0.005840634125990822 0.0

1734619513
0.020450751252086813 0.005843071786310518 0.0

1734619514
0.025844101709045435 0.0029178824510212586 0.0

1734619515
0.0229453483521068 0.003337505214851898 0.0

1734619516
0.020929259104227712 0.0016743407283382169 0.0

1734619517
0.02510460251046025 0.0041841004184100415 0.0

1734619518
0.019262981574539362 0.0046063651591289785 0.0

1734619519
0.021267723102585488 0.006255212677231026 0.0

1734619520
0.023401587964897618 0.004178854993731718 0.0

1734619521
0.021285475792988316 0.005008347245409015 0.0

1734619522
0.024614100959532748 0.005423445974134335 0.00041718815185648727

1734619523
0.022101751459549623 0.006672226855713094 0.0

1734619524
0.018860016764459347 0.0037720033528918693 0.0

1734619525
0.019657047260560435 0.004182350480970306 0.0029276453366792136

1734619526
0.020450751252086813 0.004590984974958264 0.0

1734619527
0.02512562814070352 0.0046063651591289785 0.0

1734619528
0.01761006289308176 0.0029350104821802936 0.0

1734619529
0.02631578947368421 0.003341687552213868 0.0

1734619530
0.020050125313283207 0.0037593984962406013 0.021303258145363407

1734619532
0.003117206982543641 0.0010390689941812137 0.0831255195344971

1734619533
0.0157741801577418 0.0024906600249066002 0.0045662100456621

1734619534
0.012510425354462052 0.0016680567139282735 0.0

1734619535
0.012932832707551106 0.0037546933667083854 0.0

1734619536
0.018757815756565235 0.0029178824510212586 0.0

1734619537
0.02252816020025031 0.002920317062995411 0.0

1734619538
0.014196242171189978 0.003340292275574113 0.0

1734619539
0.01084689194826867 0.0037546933667083854 0.0

1734619540
0.01921470342522974 0.004177109440267335 0.0

1734619541
0.016701461377870562 0.0029227557411273487 0.0

1734619542
0.02751146310962901 0.004585243851604835 0.0

1734619543
0.02043369474562135 0.0050041701417848205 0.0

1734619544
0.02543786488740617 0.0045871559633027525 0.0

1734619545
0.022537562604340568 0.004590984974958264 0.0

1734619546
0.016687526074259492 0.002920317062995411 0.0

1734619547
0.01837160751565762 0.0025052192066805845 0.0

1734619548
0.015031315240083507 0.004592901878914405 0.0

1734619549
0.010455876202425763 0.002509410288582183 0.0

1734619550
0.017939090529828953 0.0025031289111389237 0.0

1734619551
0.011278195488721804 0.003341687552213868 0.0

1734619552
0.015018773466833541 0.001668752607425949 0.0

1734619553
0.010020876826722338 0.003340292275574113 0.0

1734619554
0.01086048454469507 0.0029239766081871343 0.0

1734619555
0.011278195488721804 0.0029239766081871343 0.0

1734619556
0.017507294706127552 0.003334722801167153 0.0

1734619557
0.01790920449812578 0.0024989587671803417 0.00041649312786339027

1734619558
0.01713330547430004 0.005014625992478061 0.0

1734619559
0.018789144050104383 0.0025052192066805845 0.0

1734619560
0.016324822101297615 0.002092925910422771 0.0

1734619561
0.021757322175732216 0.0029288702928870294 0.0

1734619562
0.020416666666666666 0.004166666666666667 0.0

1734619563
0.02338204592901879 0.007098121085594989 0.005427974947807933

1734619564
0.019230769230769232 0.003762541806020067 0.0

1734619565
0.017901748542880933 0.004163197335553705 0.0

1734619566
0.022101751459549623 0.0037531276063386154 0.0

1734619567
0.0229453483521068 0.0020859407592824365 0.0

1734619568
0.025833333333333333 0.0025 0.0

1734619569
0.009174311926605505 0.002085070892410342 0.0

1734619570
0.011671529804085035 0.0020842017507294707 0.0

1734619571
0.005016722408026756 0.0008361204013377926 0.0

1734619572
0.006663890045814244 0.0012494793835901709 0.00041649312786339027

1734619573
0.007550335570469799 0.002936241610738255 0.0

1734619574
0.007509386733416771 0.0025031289111389237 0.0

1734619575
0.014577259475218658 0.003748438150770512 0.0

1734619576
0.008371703641691083 0.0016743407283382169 0.0

1734619577
0.010851419031719533 0.002921535893155259 0.0

1734619578
0.01625677365568987 0.0029178824510212586 0.0

1734619579
0.015866388308977037 0.0029227557411273487 0.0

1734619580
0.011259382819015847 0.0037531276063386154 0.0

1734619581
0.023799582463465554 0.004592901878914405 0.0

1734619582
0.017104714226115977 0.002920317062995411 0.0

1734619583
0.017939090529828953 0.003337505214851898 0.0

1734619584
0.01625 0.0033333333333333335 0.0

1734619585
0.017083333333333332 0.004166666666666667 0.0

1734619586
0.013377926421404682 0.002508361204013378 0.0

1734619587
0.02543786488740617 0.0037531276063386154 0.0004170141784820684

1734619588
0.01760268231349539 0.002933780385582565 0.0

1734619589
0.01835627868168544 0.00458906967042136 0.0

1734619590
0.01626355296080067 0.005838198498748957 0.0

1734619591
0.007936507936507936 0.002506265664160401 0.0

1734619592
0.01790920449812578 0.0024989587671803417 0.0

1734619593
0.012949039264828738 0.0037593984962406013 0.0004177109440267335

1734619594
0.017118997912317326 0.005845511482254697 0.005010438413361169

1734619595
0.017558528428093644 0.004180602006688963 0.0

1734619596
0.01751459549624687 0.0037531276063386154 0.0

1734619597
0.01211361737677527 0.0029239766081871343 0.0

1734619598
0.017118997912317326 0.0041753653444676405 0.0

1734619599
0.016687526074259492 0.003337505214851898 0.0

1734619600
0.016701461377870562 0.003340292275574113 0.0

1734619601
0.01880484747179273 0.003343083994985374 0.0

1734619602
0.015043877977434183 0.004178854993731718 0.0

1734619603
0.02173004596740493 0.0037609694943585457 0.0

1734619604
0.017147636971978252 0.0029276453366792136 0.0

1734619605
0.020894274968658588 0.004178854993731718 0.0

1734619606
0.018812709030100336 0.002508361204013378 0.0

1734619607
0.01834862385321101 0.0045871559633027525 0.0

1734619608
0.05765993265993266 0.004629629629629629 0.0025252525252525255

1734619609
0.06041666666666667 0.005833333333333334 0.0004166666666666667

1734619610
0.01717637201508169 0.0041893590280687055 0.0

1734619611
0.016317991631799162 0.0020920502092050207 0.0

1734619612
0.02046783625730994 0.003341687552213868 0.0

1734619613
0.023411371237458192 0.002926421404682274 0.0

1734619614
0.02042517715714881 0.005002084201750729 0.0

1734619615
0.022138680033416874 0.0029239766081871343 0.0

1734619616
0.02127659574468085 0.0050062578222778474 0.0

1734619617
0.019665271966527197 0.0016736401673640166 0.0

1734619618
0.024624373956594323 0.004590984974958264 0.0

1734619619
0.01797658862876254 0.00459866220735786 0.0

1734619620
0.01761006289308176 0.0033542976939203353 0.0

1734619621
0.01796157059314954 0.003341687552213868 0.0

1734619622
0.02092050209205021 0.004602510460251046 0.0

1734619623
0.015487651737128506 0.0054416073670992045 0.0004185851820845542

1734619624
0.014208106978687839 0.003343083994985374 0.0

1734619625
0.0162975344755537 0.007521938988717091 0.004178854993731718

1734619626
0.013807531380753139 0.0029288702928870294 0.0

1734619627
0.015899581589958158 0.00502092050209205 0.0

1734619628
0.016736401673640166 0.005439330543933054 0.0

1734619629
0.013389121338912133 0.0020920502092050207 0.0

1734619630
0.017507294706127552 0.004168403501458941 0.0

1734619631
0.0175 0.005416666666666667 0.005416666666666667

1734619632
0.012133891213389121 0.002510460251046025 0.0

1734619633
0.02129436325678497 0.0025052192066805845 0.0

1734619634
0.015429524603836531 0.0029190992493744786 0.0

1734619635
0.005425709515859766 0.002086811352253756 0.0

1734619636
0.006270903010033445 0.002926421404682274 0.0004180602006688963

1734619637
0.007098121085594989 0.0020876826722338203 0.0

1734619638
0.013333333333333334 0.00375 0.0

1734619639
0.011715481171548118 0.0029288702928870294 0.0

1734619640
0.01835627868168544 0.0037546933667083854 0.0

1734619641
0.01964061847053907 0.001671541997492687 0.0

1734619642
0.013778705636743214 0.0029227557411273487 0.0004175365344467641

1734619643
0.020066889632107024 0.00459866220735786 0.0

1734619644
0.014601585314977055 0.00458906967042136 0.0

1734619645
0.013372335979941497 0.002089427496865859 0.0

1734619646
0.013350020859407593 0.0037546933667083854 0.0

1734619647
0.01293823038397329 0.002921535893155259 0.0

1734619648
0.014243820695433599 0.0025136154168412233 0.0

1734619649
0.01837160751565762 0.0029227557411273487 0.0

1734619650
0.011254689453939141 0.0020842017507294707 0.0

1734619651
0.013338891204668612 0.0020842017507294707 0.0

1734619652
0.0100418410041841 0.0029288702928870294 0.0

1734619653
0.009631490787269681 0.002512562814070352 0.0

1734619654
0.015037593984962405 0.002506265664160401 0.0

1734619655
0.009603340292275574 0.0029227557411273487 0.0

1734619656
0.014619883040935672 0.005012531328320802 0.011278195488721804

1734619657
0.012536564981195153 0.0029251984956122023 0.004178854993731718

1734619658
0.007936507936507936 0.002506265664160401 0.0

1734619659
0.01588628762541806 0.0033444816053511705 0.0

1734619660
0.011311269375785506 0.002932551319648094 0.0

1734619661
0.012547051442910916 0.0037641154328732747 0.0

1734619662
0.014595496246872394 0.005838198498748957 0.0

1734619663
0.010434056761268781 0.0037562604340567614 0.0

1734619664
0.015037593984962405 0.0029239766081871343 0.0

1734619665
0.00918580375782881 0.0041753653444676405 0.0

1734619666
0.021702838063439065 0.0037562604340567614 0.0

1734619667
0.013361169102296452 0.0029227557411273487 0.0

1734619668
0.013778705636743214 0.005010438413361169 0.0

1734619669
0.014202172096908938 0.0037593984962406013 0.0

1734619670
0.013778705636743214 0.0029227557411273487 0.0

1734619671
0.012552301255230125 0.0037656903765690376 0.0

1734619672
0.012965286491007947 0.0029276453366792136 0.0

1734619673
0.015056461731493099 0.0029276453366792136 0.0012547051442910915

1734619674
0.016270337922403004 0.0025031289111389237 0.0

1734619675
0.020050125313283207 0.0029239766081871343 0.0

1734619676
0.017543859649122806 0.004177109440267335 0.0

1734619677
0.0162839248434238 0.0037578288100208767 0.0

1734619678
0.01670843776106934 0.006683375104427736 0.0

1734619679
0.01381331100879029 0.004185851820845542 0.0

1734619680
0.017946577629382305 0.006260434056761269 0.010851419031719533

1734619681
0.017573221757322177 0.00502092050209205 0.0

1734619682
0.021267723102585488 0.0050041701417848205 0.0

1734619683
0.017954070981210855 0.004592901878914405 0.0

1734619684
0.0221479314667781 0.0037609694943585457 0.0

1734619685
0.019206680584551147 0.0029227557411273487 0.0

1734619686
0.02304147465437788 0.002932551319648094 0.0

1734619687
0.01796157059314954 0.004177109440267335 0.0020885547201336674

1734619688
0.019230769230769232 0.005852842809364548 0.025501672240802676

1734619689
0.024644945697577275 0.0029239766081871343 0.0004177109440267335

1734619690
0.0212588578574406 0.004585243851604835 0.0008336807002917883

1734619691
0.016736401673640166 0.004602510460251046 0.0

1734619692
0.017183570829840736 0.004610226320201173 0.0

1734619693
0.018781302170283808 0.005843071786310518 0.0

1734619694
0.02751146310962901 0.005835764902042517 0.0

1734619695
0.019665271966527197 0.00502092050209205 0.0

1734619696
0.019632414369256473 0.008771929824561403 0.023391812865497075

1734619697
0.017969076473046384 0.0058503969912244045 0.0071040534893439195

1734619698
0.020066889632107024 0.00459866220735786 0.0

1734619699
0.01680672268907563 0.003781512605042017 0.0

1734619700
0.01547469677959013 0.006273525721455458 0.0

1734619701
0.021748222501045588 0.005018820577164366 0.0

1734619702
0.017969076473046384 0.00459674049310489 0.0

1734619703
0.021739130434782608 0.005016722408026756 0.0

1734619704
0.01837160751565762 0.005010438413361169 0.0

1734619705
0.022509378907878283 0.004585243851604835 0.0

1734619706
0.020850708924103418 0.004170141784820684 0.0

1734619707
0.018789144050104383 0.005845511482254697 0.0

1734619708
0.018812709030100336 0.002926421404682274 0.0

1734619709
0.026722338204592903 0.0025052192066805845 0.0

1734619710
0.019182652210175146 0.0037531276063386154 0.0

1734619711
0.01921470342522974 0.0037593984962406013 0.0004177109440267335

1734619712
0.02172096908939014 0.0020885547201336674 0.0

1734619713
0.03870162297128589 0.0016645859342488557 0.0

1734619714
0.0506434205064342 0.005811540058115401 0.053134080531340805

1734619715
0.09132802681189778 0.00754084625052367 0.026392961876832845

1734619716
0.1243220692532332 0.001668752607425949 0.0

1734619717
0.12421842434347645 0.0008336807002917883 0.0

1734619718
0.12343619683069225 0.002085070892410342 0.0

1734619719
0.12353923205342238 0.0025041736227045075 0.021285475792988316

1734619720
0.12228714524207011 0.0025041736227045075 0.025041736227045076

1734619721
0.12380158399333055 0.0020842017507294707 0.0

1734619722
0.12427022518765637 0.0012510425354462051 0.0

1734619723
0.1255212677231026 0.0012510425354462051 0.0

1734619724
0.12385321100917432 0.0016680567139282735 0.0

1734619725
0.1243220692532332 0.0008343763037129745 0.0

1734619726
0.12416666666666666 0.0033333333333333335 0.0

1734619727
0.12421842434347645 0.0016673614005835765 0.005002084201750729

1734619728
0.12343619683069225 0.0016680567139282735 0.0

1734619729
0.12770382695507487 0.0008319467554076539 0.0

1734619730
0.12421842434347645 0.0008336807002917883 0.0

1734619731
0.12531223980016654 0.0016652789342214821 0.0

1734619732
0.12468723936613844 0.0008340283569641367 0.0

1734619733
0.12380158399333055 0.0012505210504376823 0.0

1734619734
0.12468723936613844 0.0012510425354462051 0.0

1734619735
0.12385321100917432 0.0016680567139282735 0.0

1734619736
0.12583333333333332 0.0004166666666666667 0.0

1734619737
0.12296790329303876 0.0016673614005835765 0.00041684035014589413

1734619738
0.12546894539391412 0.00041684035014589413 0.0

1734619739
0.1255212677231026 0.0008340283569641367 0.0

1734619740
0.12531223980016654 0.0016652789342214821 0.0

1734619741
0.12489592006661115 0.0012489592006661116 0.0

1734619742
0.12473925740508969 0.0008343763037129745 0.0

1734619743
0.12473925740508969 0.00041718815185648727 0.0

1734619744
0.12416666666666666 0.0016666666666666668 0.0

1734619745
0.12510425354462051 0.0004170141784820684 0.0

1734619746
0.12421842434347645 0.0008336807002917883 0.0

1734619747
0.1252079866888519 0.0012479201331114808 0.0

1734619748
0.12380158399333055 0.0012505210504376823 0.0

1734619749
0.12546894539391412 0.0008336807002917883 0.0

1734619750
0.12536443148688048 0.00041649312786339027 0.0

1734619751
0.12468723936613844 0.0008340283569641367 0.0

1734619752
0.12301918265221018 0.0008340283569641367 0.0

1734619753
0.12255106294289288 0.0016673614005835765 0.0

1734619754
0.1264033264033264 0.0012474012474012475 0.0

1734619755
0.12343619683069225 0.0012510425354462051 0.0

1734619756
0.12416666666666666 0.0008333333333333334 0.0

1734619757
0.12416666666666666 0.00125 0.0

1734619758
0.10874111250522794 0.004600585529067336 0.0

1734619759
0.11352253756260434 0.005008347245409015 0.0

1734619760
0.12223612849395077 0.0025031289111389237 0.0

1734619761
0.12286547271970012 0.0020824656393169513 0.0

1734619762
0.11916666666666667 0.0020833333333333333 0.0

1734619763
0.112876254180602 0.003762541806020067 0.0

1734619764
0.09330543933054393 0.009205020920502092 0.0

1734619765
0.10990388633514417 0.0025073129962390303 0.0

1734619766
0.1198329853862213 0.0016701461377870565 0.0

1734619767
0.12208333333333334 0.0016666666666666668 0.0004166666666666667

1734619768
0.12103505843071787 0.002086811352253756 0.0

1734619769
0.114726741760534 0.0025031289111389237 0.0

1734619770
0.09575808483830324 0.007979840403191937 0.0

1734619771
0.09794893260778569 0.007534533277521975 0.0

1734619772
0.09790794979079498 0.007112970711297071 0.0

1734619773
0.11691022964509394 0.0029227557411273487 0.0

1734619774
0.12390488110137672 0.001668752607425949 0.0

1734619775
0.10477787091366303 0.006705783738474434 0.0

1734619776
0.09525807805287453 0.010071338648762064 0.0

1734619777
0.1170079398244881 0.0025073129962390303 0.0004178854993731718

1734619778
0.1098579782790309 0.006265664160401002 0.0

1734619779
0.125 0.0008333333333333334 0.0

1734619780
0.12656119900083265 0.0012489592006661116 0.0

1734619781
0.125 0.0004166666666666667 0.0

1734619782
0.12546894539391412 0.00041684035014589413 0.0

1734619783
0.12359550561797752 0.0033291718684977114 0.0

1734619784
0.12416666666666666 0.0008333333333333334 0.0

1734619785
0.1256762380357886 0.0008322929671244278 0.0

1734619786
0.11560934891485809 0.0037562604340567614 0.0

1734619787
0.12385321100917432 0.0016680567139282735 0.0

1734619788
0.12562396006655574 0.0012479201331114808 0.0

1734619789
0.11742582532386127 0.001671541997492687 0.0

1734619790
0.1009635525764558 0.005865102639296188 0.0

1734619791
0.10994983277591973 0.003762541806020067 0.0

1734619792
0.11649269311064718 0.0029227557411273487 0.0004175365344467641

1734619793
0.12108559498956159 0.0016701461377870565 0.0

1734619794
0.12119950020824656 0.0020824656393169513 0.0

1734619795
0.12603993344425957 0.0012479201331114808 0.0

1734619796
0.1124581939799331 0.003762541806020067 0.0

1734619797
0.11199331383201003 0.00459674049310489 0.0

1734619798
0.1113892365456821 0.00458906967042136 0.0

1734619799
0.10711297071129706 0.004602510460251046 0.0

1734619800
0.12510425354462051 0.0 0.0

1734619801
0.12427022518765637 0.0012510425354462051 0.0

1734619802
0.12505210504376824 0.0 0.0

1734619803
0.12546894539391412 0.00041684035014589413 0.0

1734619804
0.10572503134141245 0.007521938988717091 0.0

1734619805
0.10592160133444536 0.008340283569641367 0.0

1734619806
0.11732776617954072 0.003340292275574113 0.0

1734619807
0.11996679119966791 0.0049813200498132005 0.0

1734619808
0.10075250836120402 0.00919732441471572 0.0

1734619809
0.11255230125523012 0.004602510460251046 0.0

1734619810
0.11649269311064718 0.0025052192066805845 0.0

1734619811
0.10684474123539232 0.007512520868113523 0.0

1734619812
0.1000416840350146 0.010421008753647354 0.0

1734619813
0.09585600669736291 0.010883214734198409 0.0

1734619814
0.0675 0.005 0.0

1734619815
0.04210087536473531 0.0 0.0

1734619816
0.04210087536473531 0.0 0.0

1734619817
0.04125 0.0008333333333333334 0.0

1734619818
0.03793247186327636 0.005002084201750729 0.0008336807002917883

1734619819
0.04 0.002916666666666667 0.0

1734619820
0.0016680567139282735 0.0025020850708924102 0.0408673894912427

1734619821
0.001254180602006689 0.005852842809364548 0.0451505016722408

1734619823
0.03523278806399425 0.007190364911019234 0.0005392773683264426

