1734616415
/dev/nvme0n1p2: 595169755136
overlay: 595169755136

1734616416
/dev/nvme0n1p2: 595226746880
overlay: 595226746880

1734616417
/dev/nvme0n1p2: 595371712512
overlay: 595371712512

1734616418
/dev/nvme0n1p2: 595592654848
overlay: 595592654848

1734616419
/dev/nvme0n1p2: 596282220544
overlay: 596282224640

1734616420
/dev/nvme0n1p2: 596437807104
overlay: 596437807104

1734616421
/dev/nvme0n1p2: 596444495872
overlay: 596444495872

1734616422
/dev/nvme0n1p2: 596468584448
overlay: 596468584448

1734616423
/dev/nvme0n1p2: 596791701504
overlay: 596791701504

1734616424
/dev/nvme0n1p2: 596924141568
overlay: 596924145664

1734616425
/dev/nvme0n1p2: 597145456640
overlay: 597145456640

1734616426
/dev/nvme0n1p2: 597303484416
overlay: 597303484416

1734616427
/dev/nvme0n1p2: 597392412672
overlay: 597392412672

1734616428
/dev/nvme0n1p2: 597552230400
overlay: 597552230400

1734616429
/dev/nvme0n1p2: 597595676672
overlay: 597595676672

1734616430
/dev/nvme0n1p2: 597689606144
overlay: 597689606144

1734616431
/dev/nvme0n1p2: 597739274240
overlay: 597739274240

1734616432
/dev/nvme0n1p2: 597778931712
overlay: 597778931712

1734616433
/dev/nvme0n1p2: 597805260800
overlay: 597805260800

1734616434
/dev/nvme0n1p2: 597833461760
overlay: 597833461760

1734616435
/dev/nvme0n1p2: 597868105728
overlay: 597868105728

1734616436
/dev/nvme0n1p2: 597876895744
overlay: 597876895744

1734616437
/dev/nvme0n1p2: 597901287424
overlay: 597901287424

1734616439
/dev/nvme0n1p2: 598058631168
overlay: 598058631168

1734616440
/dev/nvme0n1p2: 598088298496
overlay: 598088298496

1734616441
/dev/nvme0n1p2: 598160207872
overlay: 598160207872

1734616442
/dev/nvme0n1p2: 598233804800
overlay: 598233804800

1734616443
/dev/nvme0n1p2: 598310260736
overlay: 598310260736

1734616444
/dev/nvme0n1p2: 598390411264
overlay: 598390411264

1734616445
/dev/nvme0n1p2: 598536327168
overlay: 598536327168

1734616446
/dev/nvme0n1p2: 598720462848
overlay: 598720462848

1734616448
/dev/nvme0n1p2: 598896906240
overlay: 598896906240

1734616449
/dev/nvme0n1p2: 599149535232
overlay: 599149535232

1734616451
/dev/nvme0n1p2: 599396061184
overlay: 599396061184

1734616452
/dev/nvme0n1p2: 599408156672
overlay: 599408156672

1734616453
/dev/nvme0n1p2: 599420272640
overlay: 599420272640

1734616454
/dev/nvme0n1p2: 599447224320
overlay: 599447224320

1734616455
/dev/nvme0n1p2: 599474155520
overlay: 599474155520

1734616456
/dev/nvme0n1p2: 599511269376
overlay: 599511269376

1734616457
/dev/nvme0n1p2: 599847542784
overlay: 599847542784

1734616458
/dev/nvme0n1p2: 600122937344
overlay: 600122937344

1734616459
/dev/nvme0n1p2: 600190431232
overlay: 600190431232

1734616460
/dev/nvme0n1p2: 600237219840
overlay: 600237219840

1734616461
/dev/nvme0n1p2: 600265773056
overlay: 600265773056

1734616462
/dev/nvme0n1p2: 600279560192
overlay: 600279560192

1734616463
/dev/nvme0n1p2: 600288849920
overlay: 600288849920

1734616464
/dev/nvme0n1p2: 600306634752
overlay: 600306634752

1734616465
/dev/nvme0n1p2: 600316932096
overlay: 600316932096

1734616466
/dev/nvme0n1p2: 600383913984
overlay: 600383913984

1734616467
/dev/nvme0n1p2: 600559423488
overlay: 600559427584

1734616468
/dev/nvme0n1p2: 601004802048
overlay: 601004802048

1734616469
/dev/nvme0n1p2: 601707159552
overlay: 601707163648

1734616470
/dev/nvme0n1p2: 602413617152
overlay: 602413621248

1734616471
/dev/nvme0n1p2: 603040444416
overlay: 603040456704

1734616473
/dev/nvme0n1p2: 603534807040
overlay: 603534807040

1734616474
/dev/nvme0n1p2: 603928039424
overlay: 603928039424

1734616475
/dev/nvme0n1p2: 604225146880
overlay: 604225150976

1734616476
/dev/nvme0n1p2: 604696391680
overlay: 604696391680

1734616477
/dev/nvme0n1p2: 605399396352
overlay: 605399396352

1734616478
/dev/nvme0n1p2: 605805158400
overlay: 605805158400

1734616479
/dev/nvme0n1p2: 605951930368
overlay: 605951930368

1734616480
/dev/nvme0n1p2: 606203293696
overlay: 606203293696

1734616481
/dev/nvme0n1p2: 606338998272
overlay: 606338998272

1734616483
/dev/nvme0n1p2: 606472585216
overlay: 606472585216

1734616484
/dev/nvme0n1p2: 606584856576
overlay: 606584856576

1734616485
/dev/nvme0n1p2: 606810263552
overlay: 606810267648

1734616486
/dev/nvme0n1p2: 607130726400
overlay: 607130726400

1734616487
/dev/nvme0n1p2: 607576981504
overlay: 607576981504

1734616489
/dev/nvme0n1p2: 607949709312
overlay: 607949709312

1734616490
/dev/nvme0n1p2: 608292196352
overlay: 608292196352

1734616491
/dev/nvme0n1p2: 608649879552
overlay: 608649879552

1734616492
/dev/nvme0n1p2: 608795410432
overlay: 608795414528

1734616493
/dev/nvme0n1p2: 608933507072
overlay: 608933507072

1734616494
/dev/nvme0n1p2: 609226055680
overlay: 609226055680

1734616495
/dev/nvme0n1p2: 609387020288
overlay: 609387024384

1734616496
/dev/nvme0n1p2: 609571971072
overlay: 609571971072

1734616497
/dev/nvme0n1p2: 609723383808
overlay: 609723383808

1734616498
/dev/nvme0n1p2: 609865371648
overlay: 609865375744

1734616499
/dev/nvme0n1p2: 610230124544
overlay: 610230124544

1734616500
/dev/nvme0n1p2: 610471710720
overlay: 610471710720

1734616501
/dev/nvme0n1p2: 610682220544
overlay: 610682220544

1734616503
/dev/nvme0n1p2: 611095261184
overlay: 611095261184

1734616504
/dev/nvme0n1p2: 611477880832
overlay: 611477880832

1734616505
/dev/nvme0n1p2: 611791618048
overlay: 611791618048

1734616506
/dev/nvme0n1p2: 612035772416
overlay: 612035772416

1734616507
/dev/nvme0n1p2: 612231340032
overlay: 612231340032

1734616508
/dev/nvme0n1p2: 612374736896
overlay: 612374736896

1734616509
/dev/nvme0n1p2: 612618817536
overlay: 612618817536

1734616510
/dev/nvme0n1p2: 612917981184
overlay: 612917981184

1734616511
/dev/nvme0n1p2: 613181816832
overlay: 613181825024

1734616512
/dev/nvme0n1p2: 613500821504
overlay: 613500825600

1734616513
/dev/nvme0n1p2: 614257250304
overlay: 614257250304

1734616514
/dev/nvme0n1p2: 614650834944
overlay: 614650834944

1734616515
/dev/nvme0n1p2: 614831591424
overlay: 614831591424

1734616516
/dev/nvme0n1p2: 614949761024
overlay: 614949761024

1734616517
/dev/nvme0n1p2: 615227867136
overlay: 615227871232

1734616518
/dev/nvme0n1p2: 615504551936
overlay: 615504551936

1734616519
/dev/nvme0n1p2: 615984193536
overlay: 615984197632

1734616520
/dev/nvme0n1p2: 616459112448
overlay: 616459116544

1734616521
/dev/nvme0n1p2: 616723726336
overlay: 616723726336

1734616522
/dev/nvme0n1p2: 616873717760
overlay: 616873717760

1734616523
/dev/nvme0n1p2: 617084047360
overlay: 617084047360

1734616524
/dev/nvme0n1p2: 617305411584
overlay: 617305411584

1734616525
/dev/nvme0n1p2: 617522307072
overlay: 617522307072

1734616526
/dev/nvme0n1p2: 617720602624
overlay: 617720602624

1734616527
/dev/nvme0n1p2: 617851334656
overlay: 617851334656

1734616528
/dev/nvme0n1p2: 618292092928
overlay: 618292097024

1734616530
/dev/nvme0n1p2: 619059761152
overlay: 619059761152

1734616531
/dev/nvme0n1p2: 619430682624
overlay: 619430682624

1734616533
/dev/nvme0n1p2: 619942506496
overlay: 619942506496

1734616534
/dev/nvme0n1p2: 620173209600
overlay: 620173209600

1734616536
/dev/nvme0n1p2: 620442824704
overlay: 620442824704

1734616538
/dev/nvme0n1p2: 620760358912
overlay: 620760358912

1734616540
/dev/nvme0n1p2: 621140508672
overlay: 621140508672

1734616541
/dev/nvme0n1p2: 621389467648
overlay: 621389467648

1734616542
/dev/nvme0n1p2: 621476175872
overlay: 621476175872

1734616543
/dev/nvme0n1p2: 621498867712
overlay: 621498867712

1734616544
/dev/nvme0n1p2: 621612908544
overlay: 621612908544

1734616545
/dev/nvme0n1p2: 621661728768
overlay: 621661728768

1734616546
/dev/nvme0n1p2: 621733539840
overlay: 621733539840

1734616547
/dev/nvme0n1p2: 621802196992
overlay: 621802196992

1734616548
/dev/nvme0n1p2: 621863129088
overlay: 621863129088

1734616549
/dev/nvme0n1p2: 621899333632
overlay: 621899333632

1734616550
/dev/nvme0n1p2: 622005063680
overlay: 622005063680

1734616551
/dev/nvme0n1p2: 622149754880
overlay: 622149754880

1734616552
/dev/nvme0n1p2: 622252818432
overlay: 622252818432

1734616554
/dev/nvme0n1p2: 622400307200
overlay: 622400307200

1734616555
/dev/nvme0n1p2: 622482411520
overlay: 622482411520

1734616556
/dev/nvme0n1p2: 622536048640
overlay: 622536048640

1734616557
/dev/nvme0n1p2: 622591254528
overlay: 622591254528

1734616558
/dev/nvme0n1p2: 622747881472
overlay: 622747889664

1734616559
/dev/nvme0n1p2: 622983892992
overlay: 622983892992

1734616560
/dev/nvme0n1p2: 623190818816
overlay: 623190818816

1734616561
/dev/nvme0n1p2: 623228764160
overlay: 623228764160

1734616562
/dev/nvme0n1p2: 623260700672
overlay: 623260704768

1734616563
/dev/nvme0n1p2: 623299145728
overlay: 623299145728

1734616564
/dev/nvme0n1p2: 623438032896
overlay: 623438032896

1734616565
/dev/nvme0n1p2: 623469375488
overlay: 623469375488

1734616566
/dev/nvme0n1p2: 623521849344
overlay: 623521849344

1734616567
/dev/nvme0n1p2: 623664160768
overlay: 623664160768

1734616568
/dev/nvme0n1p2: 623879348224
overlay: 623879348224

1734616569
/dev/nvme0n1p2: 623950876672
overlay: 623950876672

1734616570
/dev/nvme0n1p2: 623984660480
overlay: 623984660480

1734616571
/dev/nvme0n1p2: 624165957632
overlay: 624165957632

1734616572
/dev/nvme0n1p2: 624298381312
overlay: 624298381312

1734616573
/dev/nvme0n1p2: 624410800128
overlay: 624410804224

1734616574
/dev/nvme0n1p2: 624485048320
overlay: 624485048320

1734616575
/dev/nvme0n1p2: 624539672576
overlay: 624539672576

1734616576
/dev/nvme0n1p2: 624772239360
overlay: 624772239360

1734616577
/dev/nvme0n1p2: 624853581824
overlay: 624853581824

1734616578
/dev/nvme0n1p2: 624939003904
overlay: 624939003904

1734616579
/dev/nvme0n1p2: 625199464448
overlay: 625199464448

1734616580
/dev/nvme0n1p2: 625278062592
overlay: 625278062592

1734616581
/dev/nvme0n1p2: 625355014144
overlay: 625355014144

1734616582
/dev/nvme0n1p2: 625793544192
overlay: 625793544192

1734616583
/dev/nvme0n1p2: 625983938560
overlay: 625983938560

1734616584
/dev/nvme0n1p2: 626272452608
overlay: 626272452608

1734616585
/dev/nvme0n1p2: 626657947648
overlay: 626657947648

1734616586
/dev/nvme0n1p2: 626700640256
overlay: 626700640256

1734616587
/dev/nvme0n1p2: 626750246912
overlay: 626750246912

1734616588
/dev/nvme0n1p2: 626805571584
overlay: 626805571584

1734616589
/dev/nvme0n1p2: 626836041728
overlay: 626836041728

1734616590
/dev/nvme0n1p2: 626875555840
overlay: 626875555840

1734616591
/dev/nvme0n1p2: 626906488832
overlay: 626906488832

1734616592
/dev/nvme0n1p2: 627004850176
overlay: 627004850176

1734616593
/dev/nvme0n1p2: 627118526464
overlay: 627118526464

1734616594
/dev/nvme0n1p2: 627234713600
overlay: 627234713600

1734616595
/dev/nvme0n1p2: 627439665152
overlay: 627439665152

1734616596
/dev/nvme0n1p2: 627550461952
overlay: 627550461952

1734616597
/dev/nvme0n1p2: 627681972224
overlay: 627681972224

1734616598
/dev/nvme0n1p2: 627830292480
overlay: 627830292480

1734616599
/dev/nvme0n1p2: 627853770752
overlay: 627853770752

1734616600
/dev/nvme0n1p2: 627873943552
overlay: 627873943552

1734616601
/dev/nvme0n1p2: 627941756928
overlay: 627941756928

1734616602
/dev/nvme0n1p2: 628093808640
overlay: 628093804544

1734616603
/dev/nvme0n1p2: 628365697024
overlay: 628365697024

1734616604
/dev/nvme0n1p2: 628674633728
overlay: 628674633728

1734616605
/dev/nvme0n1p2: 628552433664
overlay: 628552433664

1734616606
/dev/nvme0n1p2: 628623835136
overlay: 628623835136

1734616607
/dev/nvme0n1p2: 628700594176
overlay: 628700594176

1734616608
/dev/nvme0n1p2: 628977057792
overlay: 628977057792

1734616609
/dev/nvme0n1p2: 629074272256
overlay: 629074272256

1734616610
/dev/nvme0n1p2: 629102874624
overlay: 629102874624

1734616611
/dev/nvme0n1p2: 629173833728
overlay: 629173833728

1734616612
/dev/nvme0n1p2: 629296328704
overlay: 629296328704

1734616613
/dev/nvme0n1p2: 629469843456
overlay: 629469843456

1734616614
/dev/nvme0n1p2: 629550010368
overlay: 629550010368

1734616615
/dev/nvme0n1p2: 629611560960
overlay: 629611560960

1734616616
/dev/nvme0n1p2: 629695893504
overlay: 629695893504

1734616617
/dev/nvme0n1p2: 629805457408
overlay: 629805457408

1734616618
/dev/nvme0n1p2: 629881098240
overlay: 629881102336

1734616619
/dev/nvme0n1p2: 629931126784
overlay: 629931126784

1734616620
/dev/nvme0n1p2: 629970833408
overlay: 629970833408

1734616621
/dev/nvme0n1p2: 629996986368
overlay: 629996986368

1734616622
/dev/nvme0n1p2: 630013882368
overlay: 630013882368

1734616623
/dev/nvme0n1p2: 630026903552
overlay: 630026903552

1734616624
/dev/nvme0n1p2: 630039396352
overlay: 630039400448

1734616625
/dev/nvme0n1p2: 630051086336
overlay: 630051086336

1734616626
/dev/nvme0n1p2: 630064021504
overlay: 630064021504

1734616627
/dev/nvme0n1p2: 630080380928
overlay: 630080380928

1734616629
/dev/nvme0n1p2: 630157283328
overlay: 630157283328

1734616630
/dev/nvme0n1p2: 630360010752
overlay: 630360010752

1734616631
/dev/nvme0n1p2: 630671261696
overlay: 630671261696

1734616632
/dev/nvme0n1p2: 630791507968
overlay: 630791507968

1734616633
/dev/nvme0n1p2: 630979276800
overlay: 630979276800

1734616634
/dev/nvme0n1p2: 631084417024
overlay: 631084417024

1734616635
/dev/nvme0n1p2: 631191220224
overlay: 631191220224

1734616636
/dev/nvme0n1p2: 631232393216
overlay: 631232393216

1734616637
/dev/nvme0n1p2: 631323586560
overlay: 631323586560

1734616638
/dev/nvme0n1p2: 631426691072
overlay: 631426695168

1734616639
/dev/nvme0n1p2: 631554809856
overlay: 631554809856

1734616640
/dev/nvme0n1p2: 631665864704
overlay: 631665864704

1734616641
/dev/nvme0n1p2: 631720407040
overlay: 631720411136

1734616642
/dev/nvme0n1p2: 631823405056
overlay: 631823405056

1734616643
/dev/nvme0n1p2: 631960367104
overlay: 631960367104

1734616644
/dev/nvme0n1p2: 632029814784
overlay: 632029814784

1734616645
/dev/nvme0n1p2: 632096419840
overlay: 632096419840

1734616647
/dev/nvme0n1p2: 632259665920
overlay: 632259665920

1734616649
/dev/nvme0n1p2: 632383426560
overlay: 632383426560

1734616650
/dev/nvme0n1p2: 632455413760
overlay: 632455413760

1734616651
/dev/nvme0n1p2: 632564269056
overlay: 632564269056

1734616652
/dev/nvme0n1p2: 632687144960
overlay: 632687144960

1734616654
/dev/nvme0n1p2: 632908754944
overlay: 632908754944

1734616656
/dev/nvme0n1p2: 633059618816
overlay: 633059618816

1734616657
/dev/nvme0n1p2: 633150095360
overlay: 633150095360

1734616658
/dev/nvme0n1p2: 633266753536
overlay: 633266753536

1734616660
/dev/nvme0n1p2: 633493467136
overlay: 633493467136

1734616661
/dev/nvme0n1p2: 633386110976
overlay: 633386110976

1734616662
/dev/nvme0n1p2: 633476739072
overlay: 633476739072

1734616663
/dev/nvme0n1p2: 633601490944
overlay: 633601490944

1734616665
/dev/nvme0n1p2: 633854287872
overlay: 633854287872

1734616666
/dev/nvme0n1p2: 634009706496
overlay: 634009706496

1734616667
/dev/nvme0n1p2: 634049441792
overlay: 634049441792

1734616668
/dev/nvme0n1p2: 634102820864
overlay: 634102820864

1734616669
/dev/nvme0n1p2: 634156257280
overlay: 634156257280

1734616670
/dev/nvme0n1p2: 634173087744
overlay: 634173087744

1734616671
/dev/nvme0n1p2: 634203934720
overlay: 634203934720

1734616672
/dev/nvme0n1p2: 634095005696
overlay: 634095005696

1734616673
/dev/nvme0n1p2: 633427021824
overlay: 633427021824

1734616674
/dev/nvme0n1p2: 633864822784
overlay: 633864822784

1734616676
/dev/nvme0n1p2: 634279301120
overlay: 634279301120

1734616678
/dev/nvme0n1p2: 634377060352
overlay: 634377060352

1734616679
/dev/nvme0n1p2: 634458624000
overlay: 634458583040

1734616681
/dev/nvme0n1p2: 634494103552
overlay: 634494103552

1734616683
/dev/nvme0n1p2: 634693406720
overlay: 634693406720

1734616684
/dev/nvme0n1p2: 634625552384
overlay: 634625552384

1734616685
/dev/nvme0n1p2: 634648297472
overlay: 634648297472

1734616686
/dev/nvme0n1p2: 634662445056
overlay: 634662445056

1734616688
/dev/nvme0n1p2: 634680356864
overlay: 634680356864

1734616690
/dev/nvme0n1p2: 634741080064
overlay: 634741080064

1734616691
/dev/nvme0n1p2: 634828750848
overlay: 634828750848

1734616692
/dev/nvme0n1p2: 634880942080
overlay: 634880942080

1734616694
/dev/nvme0n1p2: 634956214272
overlay: 634956214272

1734616695
/dev/nvme0n1p2: 635113676800
overlay: 635113676800

1734616696
/dev/nvme0n1p2: 635139375104
overlay: 635139375104

1734616697
/dev/nvme0n1p2: 635168862208
overlay: 635168862208

1734616698
/dev/nvme0n1p2: 635357118464
overlay: 635357118464

1734616700
/dev/nvme0n1p2: 635817791488
overlay: 635817791488

1734616701
/dev/nvme0n1p2: 635860754432
overlay: 635860754432

1734616702
/dev/nvme0n1p2: 635873202176
overlay: 635873202176

1734616704
/dev/nvme0n1p2: 635904278528
overlay: 635904278528

1734616706
/dev/nvme0n1p2: 635922993152
overlay: 635922993152

1734616707
/dev/nvme0n1p2: 635948290048
overlay: 635948290048

1734616708
/dev/nvme0n1p2: 636016320512
overlay: 636016320512

1734616709
/dev/nvme0n1p2: 636039331840
overlay: 636039331840

1734616710
/dev/nvme0n1p2: 636053135360
overlay: 636053135360

1734616713
/dev/nvme0n1p2: 636071690240
overlay: 636071694336

1734616714
/dev/nvme0n1p2: 636084854784
overlay: 636084854784

1734616715
/dev/nvme0n1p2: 636096622592
overlay: 636096622592

1734616717
/dev/nvme0n1p2: 636115615744
overlay: 636115615744

1734616719
/dev/nvme0n1p2: 636133797888
overlay: 636133797888

1734616721
/dev/nvme0n1p2: 636150169600
overlay: 636150169600

1734616722
/dev/nvme0n1p2: 636161601536
overlay: 636161601536

1734616723
/dev/nvme0n1p2: 636176637952
overlay: 636176637952

1734616724
/dev/nvme0n1p2: 636214558720
overlay: 636214558720

1734616725
/dev/nvme0n1p2: 636241743872
overlay: 636241743872

1734616726
/dev/nvme0n1p2: 636256292864
overlay: 636256292864

1734616727
/dev/nvme0n1p2: 636271603712
overlay: 636271603712

1734616728
/dev/nvme0n1p2: 636301475840
overlay: 636301475840

1734616729
/dev/nvme0n1p2: 636348141568
overlay: 636348145664

1734616730
/dev/nvme0n1p2: 636533940224
overlay: 636533940224

1734616731
/dev/nvme0n1p2: 636877721600
overlay: 636877721600

1734616732
/dev/nvme0n1p2: 637245886464
overlay: 637245886464

1734616733
/dev/nvme0n1p2: 637368942592
overlay: 637368942592

1734616735
/dev/nvme0n1p2: 637502787584
overlay: 637502787584

1734616736
/dev/nvme0n1p2: 637619478528
overlay: 637619478528

1734616738
/dev/nvme0n1p2: 638427078656
overlay: 638427078656

1734616740
/dev/nvme0n1p2: 639028744192
overlay: 639028748288

1734616742
/dev/nvme0n1p2: 639430017024
overlay: 639430017024

1734616744
/dev/nvme0n1p2: 639586861056
overlay: 639586861056

1734616746
/dev/nvme0n1p2: 640035733504
overlay: 640035733504

1734616748
/dev/nvme0n1p2: 640968720384
overlay: 640968720384

1734616749
/dev/nvme0n1p2: 641230688256
overlay: 641230688256

1734616751
/dev/nvme0n1p2: 641641873408
overlay: 641641885696

1734616753
/dev/nvme0n1p2: 641731284992
overlay: 641731284992

1734616755
/dev/nvme0n1p2: 642010431488
overlay: 642010431488

1734616756
/dev/nvme0n1p2: 642204811264
overlay: 642204811264

1734616757
/dev/nvme0n1p2: 642390360064
overlay: 642390360064

1734616758
/dev/nvme0n1p2: 642565718016
overlay: 642565713920

1734616759
/dev/nvme0n1p2: 642684272640
overlay: 642684272640

1734616760
/dev/nvme0n1p2: 642778218496
overlay: 642778222592

1734616762
/dev/nvme0n1p2: 642999824384
overlay: 642999824384

1734616764
/dev/nvme0n1p2: 643264434176
overlay: 643264434176

1734616766
/dev/nvme0n1p2: 643456864256
overlay: 643456864256

1734616768
/dev/nvme0n1p2: 643553161216
overlay: 643553161216

1734616769
/dev/nvme0n1p2: 643667300352
overlay: 643667300352

1734616773
/dev/nvme0n1p2: 643845902336
overlay: 643845902336

1734616775
/dev/nvme0n1p2: 643951951872
overlay: 643951951872

1734616776
/dev/nvme0n1p2: 644101779456
overlay: 644101779456

1734616777
/dev/nvme0n1p2: 644258557952
overlay: 644258557952

1734616778
/dev/nvme0n1p2: 644500824064
overlay: 644500824064

1734616779
/dev/nvme0n1p2: 644703846400
overlay: 644703846400

1734616782
/dev/nvme0n1p2: 645039165440
overlay: 645039165440

1734616784
/dev/nvme0n1p2: 645062062080
overlay: 645062062080

1734616785
/dev/nvme0n1p2: 645260169216
overlay: 645260169216

1734616786
/dev/nvme0n1p2: 645415907328
overlay: 645415907328

1734616787
/dev/nvme0n1p2: 645493227520
overlay: 645493252096

1734616790
/dev/nvme0n1p2: 645893685248
overlay: 645893689344

1734616795
/dev/nvme0n1p2: 646034538496
overlay: 646034558976

1734616799
/dev/nvme0n1p2: 646251954176
overlay: 646251954176

1734616802
/dev/nvme0n1p2: 646334935040
overlay: 646334935040

1734616804
/dev/nvme0n1p2: 646642192384
overlay: 646642192384

1734616805
/dev/nvme0n1p2: 646804885504
overlay: 646804885504

1734616807
/dev/nvme0n1p2: 646835605504
overlay: 646835605504

1734616809
/dev/nvme0n1p2: 646861565952
overlay: 646861565952

1734616810
/dev/nvme0n1p2: 646879391744
overlay: 646879391744

1734616811
/dev/nvme0n1p2: 646893240320
overlay: 646893240320

1734616813
/dev/nvme0n1p2: 646924238848
overlay: 646924238848

1734616815
/dev/nvme0n1p2: 646991015936
overlay: 646991015936

1734616816
/dev/nvme0n1p2: 647010447360
overlay: 647010447360

1734616819
/dev/nvme0n1p2: 647100743680
overlay: 647100743680

1734616820
/dev/nvme0n1p2: 647153229824
overlay: 647153229824

1734616822
/dev/nvme0n1p2: 647181893632
overlay: 647181893632

1734616823
/dev/nvme0n1p2: 647220998144
overlay: 647220998144

1734616825
/dev/nvme0n1p2: 647254986752
overlay: 647254986752

1734616827
/dev/nvme0n1p2: 647294435328
overlay: 647294431232

1734616830
/dev/nvme0n1p2: 647326142464
overlay: 647326142464

1734616832
/dev/nvme0n1p2: 647351861248
overlay: 647351861248

1734616834
/dev/nvme0n1p2: 647392104448
overlay: 647392104448

1734616837
/dev/nvme0n1p2: 647436980224
overlay: 647436980224

1734616839
/dev/nvme0n1p2: 647456088064
overlay: 647456088064

1734616841
/dev/nvme0n1p2: 647484780544
overlay: 647484780544

1734616842
/dev/nvme0n1p2: 647494795264
overlay: 647494795264

1734616843
/dev/nvme0n1p2: 647512993792
overlay: 647512993792

1734616845
/dev/nvme0n1p2: 647549841408
overlay: 647549845504

1734616847
/dev/nvme0n1p2: 647609610240
overlay: 647609610240

1734616850
/dev/nvme0n1p2: 647887122432
overlay: 647887122432

1734616851
/dev/nvme0n1p2: 647968256000
overlay: 647968256000

1734616852
/dev/nvme0n1p2: 647995666432
overlay: 647995666432

1734616853
/dev/nvme0n1p2: 648015532032
overlay: 648015532032

1734616854
/dev/nvme0n1p2: 648033148928
overlay: 648033148928

1734616855
/dev/nvme0n1p2: 648092930048
overlay: 648092930048

1734616856
/dev/nvme0n1p2: 648111087616
overlay: 648111087616

1734616857
/dev/nvme0n1p2: 648126136320
overlay: 648126136320

1734616858
/dev/nvme0n1p2: 648155807744
overlay: 648155807744

1734616859
/dev/nvme0n1p2: 648178782208
overlay: 648178782208

1734616860
/dev/nvme0n1p2: 648216825856
overlay: 648216825856

1734616861
/dev/nvme0n1p2: 648316694528
overlay: 648316694528

1734616862
/dev/nvme0n1p2: 648432820224
overlay: 648432820224

1734616863
/dev/nvme0n1p2: 648494616576
overlay: 648494616576

1734616864
/dev/nvme0n1p2: 648521900032
overlay: 648521900032

1734616865
/dev/nvme0n1p2: 648526880768
overlay: 648526880768

1734616867
/dev/nvme0n1p2: 648669396992
overlay: 648669396992

1734616869
/dev/nvme0n1p2: 648756084736
overlay: 648756084736

1734616870
/dev/nvme0n1p2: 648829792256
overlay: 648829792256

1734616872
/dev/nvme0n1p2: 648794247168
overlay: 648794247168

1734616877
/dev/nvme0n1p2: 648777990144
overlay: 648777990144

1734616878
/dev/nvme0n1p2: 648849907712
overlay: 648849907712

1734616879
/dev/nvme0n1p2: 648914096128
overlay: 648914096128

1734616880
/dev/nvme0n1p2: 648950857728
overlay: 648950857728

1734616881
/dev/nvme0n1p2: 649066901504
overlay: 649066901504

1734616882
/dev/nvme0n1p2: 649066385408
overlay: 649066385408

1734616883
/dev/nvme0n1p2: 649278312448
overlay: 649278312448

1734616884
/dev/nvme0n1p2: 649389178880
overlay: 649389178880

1734616885
/dev/nvme0n1p2: 649510043648
overlay: 649510043648

1734616886
/dev/nvme0n1p2: 649618481152
overlay: 649618481152

1734616887
/dev/nvme0n1p2: 649725358080
overlay: 649725358080

1734616888
/dev/nvme0n1p2: 649897103360
overlay: 649897103360

1734616889
/dev/nvme0n1p2: 650128089088
overlay: 650128089088

1734616890
/dev/nvme0n1p2: 650199633920
overlay: 650199633920

1734616891
/dev/nvme0n1p2: 650270220288
overlay: 650270220288

1734616892
/dev/nvme0n1p2: 650336165888
overlay: 650336165888

1734616893
/dev/nvme0n1p2: 650398629888
overlay: 650398629888

1734616896
/dev/nvme0n1p2: 650613571584
overlay: 650613571584

1734616897
/dev/nvme0n1p2: 650690973696
overlay: 650690973696

1734616898
/dev/nvme0n1p2: 650764066816
overlay: 650764066816

1734616899
/dev/nvme0n1p2: 650850734080
overlay: 650850734080

1734616900
/dev/nvme0n1p2: 650943479808
overlay: 650943479808

1734616903
/dev/nvme0n1p2: 651063488512
overlay: 651063488512

1734616904
/dev/nvme0n1p2: 651144372224
overlay: 651144372224

1734616906
/dev/nvme0n1p2: 651288801280
overlay: 651288809472

1734616908
/dev/nvme0n1p2: 651556884480
overlay: 651556884480

1734616911
/dev/nvme0n1p2: 651912179712
overlay: 651912179712

1734616912
/dev/nvme0n1p2: 651980242944
overlay: 651980242944

1734616914
/dev/nvme0n1p2: 652101722112
overlay: 652101722112

1734616916
/dev/nvme0n1p2: 652271878144
overlay: 652271878144

1734616917
/dev/nvme0n1p2: 652400078848
overlay: 652400078848

1734616920
/dev/nvme0n1p2: 652421820416
overlay: 652421820416

1734616921
/dev/nvme0n1p2: 652501536768
overlay: 652501536768

1734616923
/dev/nvme0n1p2: 652921544704
overlay: 652921544704

1734616925
/dev/nvme0n1p2: 653236834304
overlay: 653236834304

1734616926
/dev/nvme0n1p2: 653486452736
overlay: 653486452736

1734616927
/dev/nvme0n1p2: 653759967232
overlay: 653759967232

1734616928
/dev/nvme0n1p2: 653997408256
overlay: 653997408256

1734616929
/dev/nvme0n1p2: 654194982912
overlay: 654194982912

1734616931
/dev/nvme0n1p2: 654519394304
overlay: 654519394304

1734616933
/dev/nvme0n1p2: 654607880192
overlay: 654607884288

1734616935
/dev/nvme0n1p2: 654623776768
overlay: 654623776768

1734616936
/dev/nvme0n1p2: 654638977024
overlay: 654638977024

1734616937
/dev/nvme0n1p2: 654651039744
overlay: 654651039744

1734616938
/dev/nvme0n1p2: 654667956224
overlay: 654667911168

1734616940
/dev/nvme0n1p2: 654701297664
overlay: 654701297664

1734616941
/dev/nvme0n1p2: 654706679808
overlay: 654706679808

1734616942
/dev/nvme0n1p2: 654712573952
overlay: 654712573952

1734616943
/dev/nvme0n1p2: 654720753664
overlay: 654720753664

1734616945
/dev/nvme0n1p2: 654751973376
overlay: 654751973376

1734616948
/dev/nvme0n1p2: 654774087680
overlay: 654774087680

1734616949
/dev/nvme0n1p2: 654784638976
overlay: 654784638976

1734616951
/dev/nvme0n1p2: 654844346368
overlay: 654844346368

1734616952
/dev/nvme0n1p2: 654858575872
overlay: 654858579968

1734616953
/dev/nvme0n1p2: 654872944640
overlay: 654872944640

1734616954
/dev/nvme0n1p2: 654889996288
overlay: 654889996288

1734616955
/dev/nvme0n1p2: 654911381504
overlay: 654911385600

1734616956
/dev/nvme0n1p2: 654924816384
overlay: 654924816384

1734616957
/dev/nvme0n1p2: 654939017216
overlay: 654939017216

1734616959
/dev/nvme0n1p2: 654958780416
overlay: 654958780416

1734616960
/dev/nvme0n1p2: 654972903424
overlay: 654972903424

1734616964
/dev/nvme0n1p2: 654992285696
overlay: 654992285696

1734616965
/dev/nvme0n1p2: 655005335552
overlay: 655005335552

1734616967
/dev/nvme0n1p2: 655014821888
overlay: 655014821888

1734616969
/dev/nvme0n1p2: 655029460992
overlay: 655029460992

1734616971
/dev/nvme0n1p2: 655039188992
overlay: 655039188992

1734616973
/dev/nvme0n1p2: 655048048640
overlay: 655048048640

1734616975
/dev/nvme0n1p2: 655058403328
overlay: 655058403328

1734616976
/dev/nvme0n1p2: 655063658496
overlay: 655063658496

1734616977
/dev/nvme0n1p2: 655069294592
overlay: 655069294592

1734616978
/dev/nvme0n1p2: 655075393536
overlay: 655075393536

1734616979
/dev/nvme0n1p2: 655082176512
overlay: 655082176512

1734616980
/dev/nvme0n1p2: 655089233920
overlay: 655089233920

1734616981
/dev/nvme0n1p2: 655097262080
overlay: 655097262080

1734616982
/dev/nvme0n1p2: 655105228800
overlay: 655105228800

1734616983
/dev/nvme0n1p2: 655113957376
overlay: 655113957376

1734616984
/dev/nvme0n1p2: 655123234816
overlay: 655123234816

1734616985
/dev/nvme0n1p2: 655133646848
overlay: 655133646848

1734616986
/dev/nvme0n1p2: 655145062400
overlay: 655145062400

1734616987
/dev/nvme0n1p2: 655156822016
overlay: 655156822016

1734616988
/dev/nvme0n1p2: 655168151552
overlay: 655168151552

1734616989
/dev/nvme0n1p2: 655177629696
overlay: 655177629696

1734616990
/dev/nvme0n1p2: 655187132416
overlay: 655187132416

1734616991
/dev/nvme0n1p2: 655196819456
overlay: 655196819456

1734616992
/dev/nvme0n1p2: 655204986880
overlay: 655204986880

1734616993
/dev/nvme0n1p2: 655210762240
overlay: 655210762240

1734616994
/dev/nvme0n1p2: 655217037312
overlay: 655217037312

1734616995
/dev/nvme0n1p2: 655224160256
overlay: 655224160256

1734616996
/dev/nvme0n1p2: 655231049728
overlay: 655231049728

1734616997
/dev/nvme0n1p2: 655238041600
overlay: 655238041600

1734616998
/dev/nvme0n1p2: 655169761280
overlay: 655169761280

1734616999
/dev/nvme0n1p2: 655220842496
overlay: 655220842496

1734617000
/dev/nvme0n1p2: 655279079424
overlay: 655279079424

1734617001
/dev/nvme0n1p2: 655340396544
overlay: 655340396544

1734617002
/dev/nvme0n1p2: 655487803392
overlay: 655487803392

1734617003
/dev/nvme0n1p2: 655495475200
overlay: 655495475200

1734617004
/dev/nvme0n1p2: 655503609856
overlay: 655503609856

1734617005
/dev/nvme0n1p2: 655513927680
overlay: 655513927680

1734617007
/dev/nvme0n1p2: 655526387712
overlay: 655526387712

1734617009
/dev/nvme0n1p2: 655537459200
overlay: 655537459200

1734617010
/dev/nvme0n1p2: 655543971840
overlay: 655543971840

1734617011
/dev/nvme0n1p2: 655547846656
overlay: 655547846656

1734617012
/dev/nvme0n1p2: 655554322432
overlay: 655554322432

1734617013
/dev/nvme0n1p2: 655558328320
overlay: 655558328320

1734617014
/dev/nvme0n1p2: 655562272768
overlay: 655562272768

1734617015
/dev/nvme0n1p2: 655567065088
overlay: 655567065088

1734617016
/dev/nvme0n1p2: 655572541440
overlay: 655572541440

1734617017
/dev/nvme0n1p2: 655582126080
overlay: 655582126080

1734617018
/dev/nvme0n1p2: 655585517568
overlay: 655585517568

1734617019
/dev/nvme0n1p2: 655590555648
overlay: 655590555648

1734617020
/dev/nvme0n1p2: 655597953024
overlay: 655597953024

1734617021
/dev/nvme0n1p2: 655612653568
overlay: 655612653568

1734617022
/dev/nvme0n1p2: 655619842048
overlay: 655619842048

1734617023
/dev/nvme0n1p2: 655623516160
overlay: 655623516160

1734617024
/dev/nvme0n1p2: 655635283968
overlay: 655635283968

1734617025
/dev/nvme0n1p2: 655639498752
overlay: 655639498752

1734617026
/dev/nvme0n1p2: 653874970624
overlay: 653874970624

1734617027
/dev/nvme0n1p2: 653885190144
overlay: 653885190144

1734617028
/dev/nvme0n1p2: 653896392704
overlay: 653896392704

1734617029
/dev/nvme0n1p2: 653908819968
overlay: 653908819968

1734617031
/dev/nvme0n1p2: 653913337856
overlay: 653913337856

1734617032
/dev/nvme0n1p2: 653915492352
overlay: 653915492352

1734617033
/dev/nvme0n1p2: 653917982720
overlay: 653917982720

1734617034
/dev/nvme0n1p2: 653920256000
overlay: 653920256000

1734617036
/dev/nvme0n1p2: 653922639872
overlay: 653922639872

1734617037
/dev/nvme0n1p2: 653927251968
overlay: 653927251968

1734617038
/dev/nvme0n1p2: 653929291776
overlay: 653929291776

1734617039
/dev/nvme0n1p2: 653931831296
overlay: 653931831296

1734617040
/dev/nvme0n1p2: 653934567424
overlay: 653934567424

1734617041
/dev/nvme0n1p2: 653937233920
overlay: 653937233920

1734617042
/dev/nvme0n1p2: 653940350976
overlay: 653940350976

1734617043
/dev/nvme0n1p2: 653943848960
overlay: 653943848960

1734617044
/dev/nvme0n1p2: 653947232256
overlay: 653947232256

1734617045
/dev/nvme0n1p2: 653950337024
overlay: 653950337024

1734617046
/dev/nvme0n1p2: 653952389120
overlay: 653952389120

1734617047
/dev/nvme0n1p2: 653954924544
overlay: 653954924544

1734617048
/dev/nvme0n1p2: 653957410816
overlay: 653957410816

1734617049
/dev/nvme0n1p2: 653960134656
overlay: 653960134656

1734617050
/dev/nvme0n1p2: 653963141120
overlay: 653963141120

1734617051
/dev/nvme0n1p2: 653966655488
overlay: 653966655488

1734617052
/dev/nvme0n1p2: 653970571264
overlay: 653970571264

1734617053
/dev/nvme0n1p2: 653976829952
overlay: 653976829952

1734617054
/dev/nvme0n1p2: 653981671424
overlay: 653981671424

1734617055
/dev/nvme0n1p2: 653987074048
overlay: 653987074048

1734617056
/dev/nvme0n1p2: 653992787968
overlay: 653992787968

1734617057
/dev/nvme0n1p2: 653997867008
overlay: 653997867008

1734617058
/dev/nvme0n1p2: 654003310592
overlay: 654003310592

1734617059
/dev/nvme0n1p2: 654008836096
overlay: 654008836096

1734617060
/dev/nvme0n1p2: 654012350464
overlay: 654012350464

1734617061
/dev/nvme0n1p2: 654016151552
overlay: 654016151552

1734617062
/dev/nvme0n1p2: 654020239360
overlay: 654020239360

1734617063
/dev/nvme0n1p2: 654025068544
overlay: 654025068544

1734617064
/dev/nvme0n1p2: 654028976128
overlay: 654028976128

1734617065
/dev/nvme0n1p2: 654033539072
overlay: 654033539072

1734617066
/dev/nvme0n1p2: 654038327296
overlay: 654038327296

1734617067
/dev/nvme0n1p2: 654043512832
overlay: 654043512832

1734617068
/dev/nvme0n1p2: 654048931840
overlay: 654048931840

1734617069
/dev/nvme0n1p2: 654052687872
overlay: 654052687872

1734617070
/dev/nvme0n1p2: 654056005632
overlay: 654056005632

1734617071
/dev/nvme0n1p2: 654059159552
overlay: 654059159552

1734617072
/dev/nvme0n1p2: 654062538752
overlay: 654062538752

1734617073
/dev/nvme0n1p2: 654066192384
overlay: 654066192384

1734617075
/dev/nvme0n1p2: 654070345728
overlay: 654070345728

1734617076
/dev/nvme0n1p2: 654077276160
overlay: 654077276160

1734617077
/dev/nvme0n1p2: 654081687552
overlay: 654081687552

1734617078
/dev/nvme0n1p2: 654086287360
overlay: 654086287360

1734617079
/dev/nvme0n1p2: 654090469376
overlay: 654090469376

1734617080
/dev/nvme0n1p2: 654095228928
overlay: 654095228928

1734617081
/dev/nvme0n1p2: 654100238336
overlay: 654100238336

1734617082
/dev/nvme0n1p2: 654105493504
overlay: 654105493504

1734617083
/dev/nvme0n1p2: 654111289344
overlay: 654111289344

1734617084
/dev/nvme0n1p2: 654116769792
overlay: 654116769792

1734617085
/dev/nvme0n1p2: 654122147840
overlay: 654122147840

1734617086
/dev/nvme0n1p2: 654126616576
overlay: 654126616576

1734617087
/dev/nvme0n1p2: 654130057216
overlay: 654130057216

1734617088
/dev/nvme0n1p2: 654133600256
overlay: 654133600256

1734617089
/dev/nvme0n1p2: 654136922112
overlay: 654136922112

1734617090
/dev/nvme0n1p2: 654140538880
overlay: 654140538880

1734617091
/dev/nvme0n1p2: 654144667648
overlay: 654144667648

1734617092
/dev/nvme0n1p2: 654148485120
overlay: 654148485120

1734617093
/dev/nvme0n1p2: 654152437760
overlay: 654152437760

1734617094
/dev/nvme0n1p2: 654155632640
overlay: 654155632640

1734617095
/dev/nvme0n1p2: 654159237120
overlay: 654159237120

1734617096
/dev/nvme0n1p2: 654163230720
overlay: 654163230720

1734617097
/dev/nvme0n1p2: 654167814144
overlay: 654167814144

1734617098
/dev/nvme0n1p2: 654172708864
overlay: 654172712960

1734617099
/dev/nvme0n1p2: 654177337344
overlay: 654177337344

1734617101
/dev/nvme0n1p2: 654181863424
overlay: 654181863424

1734617102
/dev/nvme0n1p2: 654186422272
overlay: 654186422272

1734617103
/dev/nvme0n1p2: 654193500160
overlay: 654193500160

1734617104
/dev/nvme0n1p2: 654196027392
overlay: 654196027392

1734617105
/dev/nvme0n1p2: 654197780480
overlay: 654197780480

1734617106
/dev/nvme0n1p2: 654199795712
overlay: 654199795712

1734617107
/dev/nvme0n1p2: 654202306560
overlay: 654202306560

1734617108
/dev/nvme0n1p2: 654205284352
overlay: 654205284352

1734617109
/dev/nvme0n1p2: 654208798720
overlay: 654208798720

1734617110
/dev/nvme0n1p2: 654212726784
overlay: 654212730880

1734617111
/dev/nvme0n1p2: 654217125888
overlay: 654217125888

1734617112
/dev/nvme0n1p2: 654222049280
overlay: 654222049280

1734617113
/dev/nvme0n1p2: 654227460096
overlay: 654227460096

1734617114
/dev/nvme0n1p2: 654232678400
overlay: 654232678400

1734617115
/dev/nvme0n1p2: 654237675520
overlay: 654237675520

1734617116
/dev/nvme0n1p2: 654243127296
overlay: 654243127296

1734617117
/dev/nvme0n1p2: 654248398848
overlay: 654248398848

1734617118
/dev/nvme0n1p2: 654251581440
overlay: 654251581440

1734617119
/dev/nvme0n1p2: 654254456832
overlay: 654254456832

1734617120
/dev/nvme0n1p2: 654257664000
overlay: 654257664000

1734617121
/dev/nvme0n1p2: 654261374976
overlay: 654261374976

1734617122
/dev/nvme0n1p2: 654265548800
overlay: 654265548800

1734617123
/dev/nvme0n1p2: 654268813312
overlay: 654268813312

1734617124
/dev/nvme0n1p2: 654271655936
overlay: 654271655936

1734617125
/dev/nvme0n1p2: 654274502656
overlay: 654274502656

1734617126
/dev/nvme0n1p2: 654276771840
overlay: 654276771840

1734617127
/dev/nvme0n1p2: 654278184960
overlay: 654278184960

1734617128
/dev/nvme0n1p2: 654279901184
overlay: 654279901184

1734617129
/dev/nvme0n1p2: 654281609216
overlay: 654281609216

1734617130
/dev/nvme0n1p2: 654283788288
overlay: 654283788288

1734617131
/dev/nvme0n1p2: 654286045184
overlay: 654286045184

1734617132
/dev/nvme0n1p2: 654288412672
overlay: 654288412672

1734617133
/dev/nvme0n1p2: 654291136512
overlay: 654291136512

1734617134
/dev/nvme0n1p2: 654294401024
overlay: 654294401024

1734617135
/dev/nvme0n1p2: 654297837568
overlay: 654297837568

1734617136
/dev/nvme0n1p2: 654300971008
overlay: 654300971008

1734617137
/dev/nvme0n1p2: 654304534528
overlay: 654304534528

1734617140
/dev/nvme0n1p2: 654307307520
overlay: 654307307520

1734617141
/dev/nvme0n1p2: 654313394176
overlay: 654313394176

1734617142
/dev/nvme0n1p2: 654315798528
overlay: 654315798528

1734617143
/dev/nvme0n1p2: 654318624768
overlay: 654318624768

1734617144
/dev/nvme0n1p2: 654321451008
overlay: 654321451008

1734617145
/dev/nvme0n1p2: 654324310016
overlay: 654324310016

1734617146
/dev/nvme0n1p2: 654327635968
overlay: 654327635968

1734617147
/dev/nvme0n1p2: 654331363328
overlay: 654331363328

1734617148
/dev/nvme0n1p2: 654335639552
overlay: 654335639552

1734617149
/dev/nvme0n1p2: 654340255744
overlay: 654340255744

1734617150
/dev/nvme0n1p2: 654344957952
overlay: 654344957952

1734617151
/dev/nvme0n1p2: 654349230080
overlay: 654349230080

1734617152
/dev/nvme0n1p2: 654352838656
overlay: 654352838656

1734617153
/dev/nvme0n1p2: 654356066304
overlay: 654356066304

1734617154
/dev/nvme0n1p2: 654358937600
overlay: 654358937600

1734617155
/dev/nvme0n1p2: 654361198592
overlay: 654361198592

1734617156
/dev/nvme0n1p2: 654363713536
overlay: 654363713536

1734617157
/dev/nvme0n1p2: 654365986816
overlay: 654365986816

1734617158
/dev/nvme0n1p2: 654368620544
overlay: 654368620544

1734617159
/dev/nvme0n1p2: 654371610624
overlay: 654371610624

1734617160
/dev/nvme0n1p2: 654375165952
overlay: 654375165952

1734617161
/dev/nvme0n1p2: 654378315776
overlay: 654378315776

1734617162
/dev/nvme0n1p2: 654381752320
overlay: 654381752320

1734617163
/dev/nvme0n1p2: 654384967680
overlay: 654384967680

1734617164
/dev/nvme0n1p2: 654389080064
overlay: 654389080064

1734617166
/dev/nvme0n1p2: 654392573952
overlay: 654392573952

1734617167
/dev/nvme0n1p2: 654395404288
overlay: 654395404288

1734617168
/dev/nvme0n1p2: 654398787584
overlay: 654398787584

1734617169
/dev/nvme0n1p2: 654401732608
overlay: 654401732608

1734617170
/dev/nvme0n1p2: 654405120000
overlay: 654405120000

1734617171
/dev/nvme0n1p2: 654408749056
overlay: 654408749056

1734617172
/dev/nvme0n1p2: 654412771328
overlay: 654412771328

1734617173
/dev/nvme0n1p2: 654415446016
overlay: 654415446016

1734617174
/dev/nvme0n1p2: 654418309120
overlay: 654418309120

1734617175
/dev/nvme0n1p2: 654421221376
overlay: 654421221376

1734617176
/dev/nvme0n1p2: 654424109056
overlay: 654424109056

1734617177
/dev/nvme0n1p2: 654426591232
overlay: 654426591232

1734617178
/dev/nvme0n1p2: 654429396992
overlay: 654429396992

1734617179
/dev/nvme0n1p2: 654432698368
overlay: 654432698368

1734617180
/dev/nvme0n1p2: 654436388864
overlay: 654436388864

1734617181
/dev/nvme0n1p2: 654438871040
overlay: 654438871040

1734617182
/dev/nvme0n1p2: 654441562112
overlay: 654441562112

1734617183
/dev/nvme0n1p2: 654444781568
overlay: 654444781568

1734617184
/dev/nvme0n1p2: 654448005120
overlay: 654448005120

1734617185
/dev/nvme0n1p2: 654451494912
overlay: 654451494912

1734617186
/dev/nvme0n1p2: 654457597952
overlay: 654457597952

1734617187
/dev/nvme0n1p2: 654462607360
overlay: 654462607360

1734617188
/dev/nvme0n1p2: 654467584000
overlay: 654467584000

1734617189
/dev/nvme0n1p2: 654470496256
overlay: 654470496256

1734617190
/dev/nvme0n1p2: 654473719808
overlay: 654473719808

1734617191
/dev/nvme0n1p2: 654477316096
overlay: 654477316096

1734617192
/dev/nvme0n1p2: 654481305600
overlay: 654481305600

1734617193
/dev/nvme0n1p2: 654484889600
overlay: 654484889600

1734617194
/dev/nvme0n1p2: 654488862720
overlay: 654488862720

1734617195
/dev/nvme0n1p2: 654494429184
overlay: 654494429184

1734617197
/dev/nvme0n1p2: 654499561472
overlay: 654499561472

1734617198
/dev/nvme0n1p2: 654502916096
overlay: 654502916096

1734617199
/dev/nvme0n1p2: 654506799104
overlay: 654506799104

1734617200
/dev/nvme0n1p2: 654510612480
overlay: 654510612480

1734617201
/dev/nvme0n1p2: 654513815552
overlay: 654513815552

1734617203
/dev/nvme0n1p2: 654519099392
overlay: 654519099392

1734617204
/dev/nvme0n1p2: 654523535360
overlay: 654523535360

1734617205
/dev/nvme0n1p2: 654525636608
overlay: 654525636608

1734617206
/dev/nvme0n1p2: 654527217664
overlay: 654527217664

1734617207
/dev/nvme0n1p2: 654529236992
overlay: 654529236992

1734617208
/dev/nvme0n1p2: 654531686400
overlay: 654531686400

1734617209
/dev/nvme0n1p2: 654534107136
overlay: 654534107136

1734617210
/dev/nvme0n1p2: 654536695808
overlay: 654536695808

1734617211
/dev/nvme0n1p2: 654539739136
overlay: 654539739136

1734617212
/dev/nvme0n1p2: 654543261696
overlay: 654543261696

1734617213
/dev/nvme0n1p2: 654547222528
overlay: 654547222528

1734617214
/dev/nvme0n1p2: 654551724032
overlay: 654551724032

1734617215
/dev/nvme0n1p2: 654555774976
overlay: 654555774976

1734617216
/dev/nvme0n1p2: 654558781440
overlay: 654558781440

1734617217
/dev/nvme0n1p2: 654560411648
overlay: 654560411648

1734617218
/dev/nvme0n1p2: 654562148352
overlay: 654562148352

1734617219
/dev/nvme0n1p2: 654564294656
overlay: 654564294656

1734617220
/dev/nvme0n1p2: 654566879232
overlay: 654566879232

1734617221
/dev/nvme0n1p2: 654569431040
overlay: 654569431040

1734617222
/dev/nvme0n1p2: 654572187648
overlay: 654572187648

1734617223
/dev/nvme0n1p2: 654575243264
overlay: 654575243264

1734617224
/dev/nvme0n1p2: 654578642944
overlay: 654578642944

1734617225
/dev/nvme0n1p2: 654581772288
overlay: 654581772288

1734617226
/dev/nvme0n1p2: 654585319424
overlay: 654585319424

1734617227
/dev/nvme0n1p2: 654588829696
overlay: 654588829696

1734617228
/dev/nvme0n1p2: 654592008192
overlay: 654592008192

1734617230
/dev/nvme0n1p2: 654597242880
overlay: 654597242880

1734617231
/dev/nvme0n1p2: 654600134656
overlay: 654600134656

1734617232
/dev/nvme0n1p2: 654603350016
overlay: 654603350016

1734617233
/dev/nvme0n1p2: 654605807616
overlay: 654605807616

1734617234
/dev/nvme0n1p2: 654608187392
overlay: 654608187392

1734617235
/dev/nvme0n1p2: 654610309120
overlay: 654610309120

1734617236
/dev/nvme0n1p2: 654612553728
overlay: 654612553728

1734617237
/dev/nvme0n1p2: 654614761472
overlay: 654614761472

1734617238
/dev/nvme0n1p2: 654616301568
overlay: 654616301568

1734617239
/dev/nvme0n1p2: 654618132480
overlay: 654618132480

1734617240
/dev/nvme0n1p2: 654620364800
overlay: 654620364800

1734617241
/dev/nvme0n1p2: 654622461952
overlay: 654622461952

1734617242
/dev/nvme0n1p2: 654624890880
overlay: 654624890880

1734617243
/dev/nvme0n1p2: 654627926016
overlay: 654627926016

1734617244
/dev/nvme0n1p2: 654630629376
overlay: 654630629376

1734617245
/dev/nvme0n1p2: 654632951808
overlay: 654632951808

1734617246
/dev/nvme0n1p2: 654635601920
overlay: 654635601920

1734617247
/dev/nvme0n1p2: 654638776320
overlay: 654638776320

1734617248
/dev/nvme0n1p2: 654642241536
overlay: 654642241536

1734617249
/dev/nvme0n1p2: 654645424128
overlay: 654645424128

1734617250
/dev/nvme0n1p2: 654647832576
overlay: 654647832576

1734617251
/dev/nvme0n1p2: 654650187776
overlay: 654650187776

1734617252
/dev/nvme0n1p2: 654652448768
overlay: 654652448768

1734617253
/dev/nvme0n1p2: 654654500864
overlay: 654654500864

1734617254
/dev/nvme0n1p2: 654656610304
overlay: 654656610304

1734617255
/dev/nvme0n1p2: 654658834432
overlay: 654658834432

1734617256
/dev/nvme0n1p2: 654660886528
overlay: 654660886528

1734617257
/dev/nvme0n1p2: 654662914048
overlay: 654662914048

1734617258
/dev/nvme0n1p2: 654665342976
overlay: 654665342976

1734617259
/dev/nvme0n1p2: 654668382208
overlay: 654668382208

1734617260
/dev/nvme0n1p2: 654671683584
overlay: 654671683584

1734617261
/dev/nvme0n1p2: 654674632704
overlay: 654674632704

1734617262
/dev/nvme0n1p2: 654677700608
overlay: 654677700608

1734617263
/dev/nvme0n1p2: 654680104960
overlay: 654680104960

1734617264
/dev/nvme0n1p2: 654682398720
overlay: 654682398720

1734617265
/dev/nvme0n1p2: 654684839936
overlay: 654684839936

1734617266
/dev/nvme0n1p2: 654687260672
overlay: 654687260672

1734617267
/dev/nvme0n1p2: 654690193408
overlay: 654690193408

1734617268
/dev/nvme0n1p2: 654692483072
overlay: 654692483072

1734617269
/dev/nvme0n1p2: 654694133760
overlay: 654694133760

1734617270
/dev/nvme0n1p2: 654696222720
overlay: 654696222720

1734617271
/dev/nvme0n1p2: 654698872832
overlay: 654698872832

1734617272
/dev/nvme0n1p2: 654701862912
overlay: 654701862912

1734617273
/dev/nvme0n1p2: 654705483776
overlay: 654705483776

1734617274
/dev/nvme0n1p2: 654709411840
overlay: 654709411840

1734617275
/dev/nvme0n1p2: 654713663488
overlay: 654713663488

1734617276
/dev/nvme0n1p2: 654716952576
overlay: 654716952576

1734617277
/dev/nvme0n1p2: 654719823872
overlay: 654719823872

1734617278
/dev/nvme0n1p2: 654722404352
overlay: 654722404352

1734617279
/dev/nvme0n1p2: 654725296128
overlay: 654725296128

1734617280
/dev/nvme0n1p2: 654726934528
overlay: 654726934528

1734617281
/dev/nvme0n1p2: 654728589312
overlay: 654728589312

1734617282
/dev/nvme0n1p2: 654730264576
overlay: 654730264576

1734617283
/dev/nvme0n1p2: 654731808768
overlay: 654731808768

1734617284
/dev/nvme0n1p2: 654733828096
overlay: 654733828096

1734617285
/dev/nvme0n1p2: 654736314368
overlay: 654736314368

1734617286
/dev/nvme0n1p2: 654739263488
overlay: 654739263488

1734617287
/dev/nvme0n1p2: 654742749184
overlay: 654742749184

1734617288
/dev/nvme0n1p2: 654746472448
overlay: 654746472448

1734617289
/dev/nvme0n1p2: 654749794304
overlay: 654749794304

1734617290
/dev/nvme0n1p2: 654752776192
overlay: 654752776192

1734617291
/dev/nvme0n1p2: 654755254272
overlay: 654755254272

1734617292
/dev/nvme0n1p2: 654757183488
overlay: 654757183488

1734617293
/dev/nvme0n1p2: 654759251968
overlay: 654759251968

1734617294
/dev/nvme0n1p2: 654760595456
overlay: 654760595456

1734617295
/dev/nvme0n1p2: 654761680896
overlay: 654761680896

1734617296
/dev/nvme0n1p2: 654762844160
overlay: 654762844160

1734617297
/dev/nvme0n1p2: 654763966464
overlay: 654763966464

1734617298
/dev/nvme0n1p2: 654765121536
overlay: 654765121536

1734617299
/dev/nvme0n1p2: 654766731264
overlay: 654766731264

1734617300
/dev/nvme0n1p2: 654768844800
overlay: 654768844800

1734617301
/dev/nvme0n1p2: 654771306496
overlay: 654771306496

1734617302
/dev/nvme0n1p2: 654774415360
overlay: 654774415360

1734617303
/dev/nvme0n1p2: 654777856000
overlay: 654777856000

1734617304
/dev/nvme0n1p2: 654781906944
overlay: 654781906944

1734617305
/dev/nvme0n1p2: 654785720320
overlay: 654785720320

1734617306
/dev/nvme0n1p2: 654789607424
overlay: 654789607424

1734617307
/dev/nvme0n1p2: 654793740288
overlay: 654793740288

1734617308
/dev/nvme0n1p2: 654797398016
overlay: 654797398016

1734617309
/dev/nvme0n1p2: 654801936384
overlay: 654801940480

1734617311
/dev/nvme0n1p2: 654807715840
overlay: 654807715840

1734617312
/dev/nvme0n1p2: 654810767360
overlay: 654810767360

1734617313
/dev/nvme0n1p2: 654814158848
overlay: 654814158848

1734617314
/dev/nvme0n1p2: 654818115584
overlay: 654818115584

1734617315
/dev/nvme0n1p2: 654821728256
overlay: 654821728256

1734617316
/dev/nvme0n1p2: 654824837120
overlay: 654824837120

1734617317
/dev/nvme0n1p2: 654827106304
overlay: 654827106304

1734617318
/dev/nvme0n1p2: 654829854720
overlay: 654829854720

1734617319
/dev/nvme0n1p2: 654832967680
overlay: 654832967680

1734617320
/dev/nvme0n1p2: 654835871744
overlay: 654835871744

1734617321
/dev/nvme0n1p2: 654838984704
overlay: 654838984704

1734617322
/dev/nvme0n1p2: 654842556416
overlay: 654842556416

1734617323
/dev/nvme0n1p2: 654846095360
overlay: 654846095360

1734617324
/dev/nvme0n1p2: 654848598016
overlay: 654848598016

1734617325
/dev/nvme0n1p2: 654851420160
overlay: 654851420160

1734617326
/dev/nvme0n1p2: 654854754304
overlay: 654854754304

1734617327
/dev/nvme0n1p2: 654858457088
overlay: 654858457088

1734617328
/dev/nvme0n1p2: 654862860288
overlay: 654862860288

1734617329
/dev/nvme0n1p2: 654867488768
overlay: 654867488768

1734617330
/dev/nvme0n1p2: 654872682496
overlay: 654872682496

1734617331
/dev/nvme0n1p2: 654878400512
overlay: 654878400512

1734617332
/dev/nvme0n1p2: 654884610048
overlay: 654884610048

1734617333
/dev/nvme0n1p2: 654891225088
overlay: 654891225088

1734617334
/dev/nvme0n1p2: 654898864128
overlay: 654898864128

1734617335
/dev/nvme0n1p2: 654903988224
overlay: 654903988224

1734617336
/dev/nvme0n1p2: 654906216448
overlay: 654906216448

1734617337
/dev/nvme0n1p2: 654908801024
overlay: 654908801024

1734617338
/dev/nvme0n1p2: 654911627264
overlay: 654911627264

1734617339
/dev/nvme0n1p2: 654914326528
overlay: 654914326528

1734617340
/dev/nvme0n1p2: 654917197824
overlay: 654917197824

1734617341
/dev/nvme0n1p2: 654919643136
overlay: 654919643136

1734617342
/dev/nvme0n1p2: 654922493952
overlay: 654922493952

1734617343
/dev/nvme0n1p2: 654925910016
overlay: 654925910016

1734617344
/dev/nvme0n1p2: 654929530880
overlay: 654929530880

1734617345
/dev/nvme0n1p2: 654932799488
overlay: 654932799488

1734617346
/dev/nvme0n1p2: 654936133632
overlay: 654936133632

1734617347
/dev/nvme0n1p2: 654939209728
overlay: 654939209728

1734617348
/dev/nvme0n1p2: 654942556160
overlay: 654942556160

1734617349
/dev/nvme0n1p2: 654945554432
overlay: 654945554432

1734617350
/dev/nvme0n1p2: 654948868096
overlay: 654948868096

1734617351
/dev/nvme0n1p2: 654952722432
overlay: 654952722432

1734617352
/dev/nvme0n1p2: 654955651072
overlay: 654955651072

1734617353
/dev/nvme0n1p2: 654958305280
overlay: 654958305280

1734617354
/dev/nvme0n1p2: 654961426432
overlay: 654961426432

1734617355
/dev/nvme0n1p2: 654964957184
overlay: 654964957184

1734617356
/dev/nvme0n1p2: 654968901632
overlay: 654968901632

1734617357
/dev/nvme0n1p2: 654972301312
overlay: 654972301312

1734617358
/dev/nvme0n1p2: 654976266240
overlay: 654976266240

1734617359
/dev/nvme0n1p2: 654980444160
overlay: 654980444160

1734617360
/dev/nvme0n1p2: 654984261632
overlay: 654984261632

1734617361
/dev/nvme0n1p2: 654988263424
overlay: 654988263424

1734617362
/dev/nvme0n1p2: 654992719872
overlay: 654992719872

1734617363
/dev/nvme0n1p2: 654997315584
overlay: 654997315584

1734617364
/dev/nvme0n1p2: 655002509312
overlay: 655002509312

1734617365
/dev/nvme0n1p2: 655008047104
overlay: 655008047104

1734617366
/dev/nvme0n1p2: 655014285312
overlay: 655014285312

1734617367
/dev/nvme0n1p2: 655020736512
overlay: 655020736512

1734617368
/dev/nvme0n1p2: 655027937280
overlay: 655027937280

1734617369
/dev/nvme0n1p2: 655035228160
overlay: 655035228160

1734617370
/dev/nvme0n1p2: 655041007616
overlay: 655041007616

1734617371
/dev/nvme0n1p2: 655045844992
overlay: 655045844992

1734617372
/dev/nvme0n1p2: 655050493952
overlay: 655050493952

1734617373
/dev/nvme0n1p2: 655054606336
overlay: 655054606336

1734617374
/dev/nvme0n1p2: 655059161088
overlay: 655059161088

1734617375
/dev/nvme0n1p2: 655063666688
overlay: 655063666688

1734617376
/dev/nvme0n1p2: 655066877952
overlay: 655066877952

1734617377
/dev/nvme0n1p2: 655069396992
overlay: 655069396992

1734617378
/dev/nvme0n1p2: 655072321536
overlay: 655072321536

1734617379
/dev/nvme0n1p2: 655075811328
overlay: 655075811328

1734617380
/dev/nvme0n1p2: 655079546880
overlay: 655079550976

1734617381
/dev/nvme0n1p2: 655082864640
overlay: 655082864640

1734617382
/dev/nvme0n1p2: 655086645248
overlay: 655086645248

1734617383
/dev/nvme0n1p2: 655090810880
overlay: 655090810880

1734617384
/dev/nvme0n1p2: 655095345152
overlay: 655095345152

1734617385
/dev/nvme0n1p2: 655099604992
overlay: 655099604992

1734617386
/dev/nvme0n1p2: 655103889408
overlay: 655103889408

1734617387
/dev/nvme0n1p2: 655108608000
overlay: 655108608000

1734617388
/dev/nvme0n1p2: 655113551872
overlay: 655113551872

1734617389
/dev/nvme0n1p2: 655117611008
overlay: 655117611008

1734617390
/dev/nvme0n1p2: 655122313216
overlay: 655122313216

1734617391
/dev/nvme0n1p2: 655127285760
overlay: 655127285760

1734617392
/dev/nvme0n1p2: 655133962240
overlay: 655133962240

1734617394
/dev/nvme0n1p2: 655142350848
overlay: 655142354944

1734617395
/dev/nvme0n1p2: 655146434560
overlay: 655146434560

1734617396
/dev/nvme0n1p2: 655149371392
overlay: 655149371392

1734617397
/dev/nvme0n1p2: 655152160768
overlay: 655152160768

1734617398
/dev/nvme0n1p2: 655155142656
overlay: 655155142656

1734617399
/dev/nvme0n1p2: 655158775808
overlay: 655158775808

1734617400
/dev/nvme0n1p2: 655162675200
overlay: 655162675200

1734617401
/dev/nvme0n1p2: 655167148032
overlay: 655167148032

1734617402
/dev/nvme0n1p2: 655172100096
overlay: 655172100096

1734617403
/dev/nvme0n1p2: 655177474048
overlay: 655177474048

1734617404
/dev/nvme0n1p2: 655181123584
overlay: 655181123584

1734617405
/dev/nvme0n1p2: 655184637952
overlay: 655184637952

1734617406
/dev/nvme0n1p2: 655188647936
overlay: 655188647936

1734617407
/dev/nvme0n1p2: 655193088000
overlay: 655193088000

1734617408
/dev/nvme0n1p2: 655198158848
overlay: 655198158848

1734617409
/dev/nvme0n1p2: 655203532800
overlay: 655203532800

1734617410
/dev/nvme0n1p2: 655209041920
overlay: 655209041920

1734617411
/dev/nvme0n1p2: 655213838336
overlay: 655213838336

1734617412
/dev/nvme0n1p2: 655219412992
overlay: 655219412992

1734617413
/dev/nvme0n1p2: 655225339904
overlay: 655225339904

1734617414
/dev/nvme0n1p2: 655231352832
overlay: 655231352832

1734617415
/dev/nvme0n1p2: 655237931008
overlay: 655237931008

1734617416
/dev/nvme0n1p2: 655244816384
overlay: 655244816384

1734617417
/dev/nvme0n1p2: 655250739200
overlay: 655250739200

1734617418
/dev/nvme0n1p2: 655250743296
overlay: 655250743296

1734617419
/dev/nvme0n1p2: 655250747392
overlay: 655250747392

1734617420
/dev/nvme0n1p2: 655250747392
overlay: 655250747392

1734617421
/dev/nvme0n1p2: 655250751488
overlay: 655250751488

1734617422
/dev/nvme0n1p2: 655250755584
overlay: 655250755584

1734617423
/dev/nvme0n1p2: 655250759680
overlay: 655250759680

1734617424
/dev/nvme0n1p2: 655250759680
overlay: 655250759680

1734617425
/dev/nvme0n1p2: 655250763776
overlay: 655250763776

1734617426
/dev/nvme0n1p2: 655250767872
overlay: 655250767872

1734617427
/dev/nvme0n1p2: 655250771968
overlay: 655250771968

1734617428
/dev/nvme0n1p2: 655250776064
overlay: 655250776064

1734617429
/dev/nvme0n1p2: 655250780160
overlay: 655250780160

1734617430
/dev/nvme0n1p2: 655250784256
overlay: 655250784256

1734617431
/dev/nvme0n1p2: 655250792448
overlay: 655250792448

1734617432
/dev/nvme0n1p2: 655250792448
overlay: 655250792448

1734617433
/dev/nvme0n1p2: 655250796544
overlay: 655250796544

1734617434
/dev/nvme0n1p2: 655250800640
overlay: 655250800640

1734617435
/dev/nvme0n1p2: 655250804736
overlay: 655250804736

1734617436
/dev/nvme0n1p2: 655250804736
overlay: 655250804736

1734617437
/dev/nvme0n1p2: 655250808832
overlay: 655250808832

1734617438
/dev/nvme0n1p2: 655250812928
overlay: 655250812928

1734617439
/dev/nvme0n1p2: 655250821120
overlay: 655250821120

1734617440
/dev/nvme0n1p2: 655250821120
overlay: 655250821120

1734617441
/dev/nvme0n1p2: 655250829312
overlay: 655250829312

1734617442
/dev/nvme0n1p2: 655250833408
overlay: 655250833408

1734617443
/dev/nvme0n1p2: 655250837504
overlay: 655250837504

1734617444
/dev/nvme0n1p2: 655250837504
overlay: 655250837504

1734617445
/dev/nvme0n1p2: 655250841600
overlay: 655250841600

1734617446
/dev/nvme0n1p2: 655250845696
overlay: 655250845696

1734617447
/dev/nvme0n1p2: 655250849792
overlay: 655250849792

1734617448
/dev/nvme0n1p2: 655250849792
overlay: 655250849792

1734617449
/dev/nvme0n1p2: 655250853888
overlay: 655250853888

1734617450
/dev/nvme0n1p2: 655250857984
overlay: 655250857984

1734617451
/dev/nvme0n1p2: 655250862080
overlay: 655250862080

1734617452
/dev/nvme0n1p2: 655250862080
overlay: 655250862080

1734617453
/dev/nvme0n1p2: 655250866176
overlay: 655250866176

1734617454
/dev/nvme0n1p2: 655250870272
overlay: 655250870272

1734617455
/dev/nvme0n1p2: 655250870272
overlay: 655250870272

1734617456
/dev/nvme0n1p2: 655250882560
overlay: 655250882560

1734617457
/dev/nvme0n1p2: 655250886656
overlay: 655250886656

1734617458
/dev/nvme0n1p2: 655250890752
overlay: 655250890752

1734617459
/dev/nvme0n1p2: 655250890752
overlay: 655250890752

1734617460
/dev/nvme0n1p2: 655250894848
overlay: 655250894848

1734617461
/dev/nvme0n1p2: 655250903040
overlay: 655250903040

1734617462
/dev/nvme0n1p2: 655250907136
overlay: 655250907136

1734617463
/dev/nvme0n1p2: 655250907136
overlay: 655250907136

1734617464
/dev/nvme0n1p2: 655250911232
overlay: 655250911232

1734617465
/dev/nvme0n1p2: 655250915328
overlay: 655250915328

1734617466
/dev/nvme0n1p2: 655250919424
overlay: 655250919424

1734617467
/dev/nvme0n1p2: 655250923520
overlay: 655250923520

1734617468
/dev/nvme0n1p2: 655250927616
overlay: 655250927616

1734617469
/dev/nvme0n1p2: 655250931712
overlay: 655250931712

1734617470
/dev/nvme0n1p2: 655250935808
overlay: 655250935808

1734617471
/dev/nvme0n1p2: 655250939904
overlay: 655250939904

1734617472
/dev/nvme0n1p2: 655250944000
overlay: 655250944000

1734617473
/dev/nvme0n1p2: 655250948096
overlay: 655250948096

1734617474
/dev/nvme0n1p2: 655250952192
overlay: 655250952192

1734617475
/dev/nvme0n1p2: 655250956288
overlay: 655250956288

1734617476
/dev/nvme0n1p2: 655250956288
overlay: 655250956288

1734617477
/dev/nvme0n1p2: 655250960384
overlay: 655250960384

1734617478
/dev/nvme0n1p2: 655250964480
overlay: 655250964480

1734617479
/dev/nvme0n1p2: 655250968576
overlay: 655250968576

1734617480
/dev/nvme0n1p2: 655250972672
overlay: 655250972672

1734617481
/dev/nvme0n1p2: 655250980864
overlay: 655250980864

1734617482
/dev/nvme0n1p2: 655250984960
overlay: 655250984960

1734617483
/dev/nvme0n1p2: 655250989056
overlay: 655250989056

1734617484
/dev/nvme0n1p2: 655250993152
overlay: 655250993152

1734617485
/dev/nvme0n1p2: 655250997248
overlay: 655250997248

1734617486
/dev/nvme0n1p2: 655251001344
overlay: 655251001344

1734617487
/dev/nvme0n1p2: 655251009536
overlay: 655251009536

1734617488
/dev/nvme0n1p2: 655251009536
overlay: 655251009536

1734617489
/dev/nvme0n1p2: 655251013632
overlay: 655251013632

1734617490
/dev/nvme0n1p2: 655251017728
overlay: 655251017728

1734617491
/dev/nvme0n1p2: 655251021824
overlay: 655251021824

1734617492
/dev/nvme0n1p2: 655251021824
overlay: 655251021824

1734617493
/dev/nvme0n1p2: 655251025920
overlay: 655251025920

1734617494
/dev/nvme0n1p2: 655251030016
overlay: 655251030016

1734617495
/dev/nvme0n1p2: 655251034112
overlay: 655251034112

1734617496
/dev/nvme0n1p2: 655251034112
overlay: 655251034112

1734617497
/dev/nvme0n1p2: 655251038208
overlay: 655251038208

1734617498
/dev/nvme0n1p2: 655251042304
overlay: 655251042304

1734617499
/dev/nvme0n1p2: 655251050496
overlay: 655251050496

1734617500
/dev/nvme0n1p2: 655251050496
overlay: 655251050496

1734617501
/dev/nvme0n1p2: 655251058688
overlay: 655251058688

1734617502
/dev/nvme0n1p2: 655251062784
overlay: 655251062784

1734617503
/dev/nvme0n1p2: 655251066880
overlay: 655251066880

1734617504
/dev/nvme0n1p2: 655251070976
overlay: 655251070976

1734617505
/dev/nvme0n1p2: 655251070976
overlay: 655251070976

1734617506
/dev/nvme0n1p2: 655251075072
overlay: 655251075072

1734617507
/dev/nvme0n1p2: 655251083264
overlay: 655251083264

1734617508
/dev/nvme0n1p2: 655251087360
overlay: 655251087360

1734617509
/dev/nvme0n1p2: 655251087360
overlay: 655251087360

1734617510
/dev/nvme0n1p2: 655251091456
overlay: 655251091456

1734617511
/dev/nvme0n1p2: 655251095552
overlay: 655251095552

1734617512
/dev/nvme0n1p2: 655251099648
overlay: 655251099648

1734617513
/dev/nvme0n1p2: 655251099648
overlay: 655251099648

1734617514
/dev/nvme0n1p2: 655251103744
overlay: 655251103744

1734617515
/dev/nvme0n1p2: 655251107840
overlay: 655251107840

1734617516
/dev/nvme0n1p2: 655251111936
overlay: 655251111936

1734617517
/dev/nvme0n1p2: 655251116032
overlay: 655251116032

1734617518
/dev/nvme0n1p2: 655251116032
overlay: 655251116032

1734617519
/dev/nvme0n1p2: 655251120128
overlay: 655251120128

1734617520
/dev/nvme0n1p2: 655251124224
overlay: 655251124224

1734617521
/dev/nvme0n1p2: 655251124224
overlay: 655251124224

1734617522
/dev/nvme0n1p2: 655251132416
overlay: 655251132416

1734617523
/dev/nvme0n1p2: 655442800640
overlay: 655442804736

1734617524
/dev/nvme0n1p2: 655637610496
overlay: 655637610496

1734617525
/dev/nvme0n1p2: 655683035136
overlay: 655683035136

