1734616415
32665984 24025104 4890596 1681932 2097148 1206692

1734616416
32665984 23543000 4891332 1705996 2097148 1206692

1734616417
32665984 23391428 4892036 1837640 2097148 1206692

1734616418
32665984 23084216 4892664 2095204 2097148 1206692

1734616419
32665984 22233968 4892880 2762884 2097148 1206692

1734616420
32665984 22160448 4893012 2912364 2097148 1206692

1734616421
32665984 22146484 4893012 2919420 2097148 1206692

1734616422
32665984 22115928 4893120 2940536 2097148 1206692

1734616423
32665984 21771948 4893264 3246608 2097148 1206692

1734616424
32665984 21645116 4893480 3372268 2097148 1206692

1734616425
32665984 21405096 4893664 3594032 2097148 1206692

1734616426
32665984 21179740 4893956 3743964 2097148 1206692

1734616427
32665984 21102224 4894300 3836424 2097148 1206692

1734616428
32665984 20848072 4894312 3987960 2097148 1206692

1734616429
32665984 20829344 4894324 4030008 2097148 1206692

1734616430
32665984 20764560 4894492 4114640 2097148 1206692

1734616431
32665984 20712920 4894940 4160976 2097148 1206692

1734616432
32665984 20628716 4898364 4214072 2097148 1206692

1734616433
32665984 20615028 4898652 4239580 2097148 1206692

1734616434
32665984 20578532 4898684 4266184 2097148 1206692

1734616435
32665984 20539144 4898720 4300488 2097148 1206692

1734616436
32665984 20541284 4898764 4309528 2097148 1206692

1734616437
32665984 20548560 4898776 4315008 2097148 1206692

1734616438
32665984 20439844 4898776 4432848 2097148 1206692

1734616440
32665984 20321108 4898780 4504984 2097148 1206692

1734616441
32665984 20291500 4898796 4572240 2097148 1206692

1734616442
32665984 20217856 4898828 4640700 2097148 1206692

1734616443
32665984 20167276 4898840 4701008 2097148 1206692

1734616444
32665984 19997320 4898892 4797644 2097148 1206692

1734616445
32665984 19893516 4899520 4886688 2097148 1206692

1734616446
32665984 19615524 4901012 5110912 2097148 1206692

1734616447
32665984 19538856 4901060 5212040 2097148 1206692

1734616448
32665984 19355824 4902044 5302108 2097148 1206692

1734616449
32665984 19055012 4903736 5549120 2097148 1206692

1734616450
32665984 19070952 4904296 5566548 2097148 1206692

1734616451
32665984 18805380 4905152 5793428 2097148 1206692

1734616452
32665984 18800368 4905268 5809216 2097148 1206692

1734616453
32665984 18772392 4905272 5821752 2097148 1206692

1734616454
32665984 18751984 4905272 5846188 2097148 1206692

1734616455
32665984 18754728 4905272 5872480 2097148 1206692

1734616456
32665984 18689124 4905292 5908920 2097148 1206692

1734616457
32665984 18230148 4905332 6235684 2097148 1206692

1734616458
32665984 17905028 4905332 6502292 2097148 1206692

1734616459
32665984 17796148 4905340 6566260 2097148 1206692

1734616460
32665984 17713384 4905340 6612160 2097148 1206692

1734616461
32665984 17708184 4905452 6639888 2097148 1206692

1734616462
32665984 17711868 4905460 6655580 2097148 1206692

1734616463
32665984 17674056 4905460 6663892 2097148 1206692

1734616464
32665984 17629652 4905460 6680048 2097148 1206692

1734616465
32665984 17661928 4905468 6690776 2097148 1206692

1734616466
32665984 17548452 4905596 6753684 2097148 1206692

1734616467
32665984 17253272 4905644 6918660 2097148 1206692

1734616468
32665984 16794020 4905680 7332524 2097148 1206692

1734616469
32665984 16016128 4905708 8017684 2097148 1206692

1734616470
32665984 15279188 4905928 8685056 2097148 1206692

1734616471
32665984 14648040 4906508 9213496 2097148 1206692

1734616472
32665984 14349848 4907716 9506508 2097148 1206692

1734616473
32665984 14072264 4908944 9775720 2097148 1206692

1734616474
32665984 13684400 4908992 10154856 2097148 1206692

1734616475
32665984 13264200 4909352 10437884 2097148 1206692

1734616476
32665984 12587048 4940168 10796448 2097148 1206692

1734616477
32665984 12010080 4940484 11475952 2097148 1206692

1734616478
32665984 10488960 4940668 11870324 2097148 1206692

1734616479
32665984 9976076 4940740 12010852 2097148 1206692

1734616480
32665984 9501512 4941124 12254408 2097148 1206692

1734616481
32665984 9405800 4942004 12386692 2097148 1206692

1734616482
32665984 10335544 4942352 12405032 2097148 1206692

1734616483
32665984 9569384 4943696 12517020 2097148 1206692

1734616484
32665984 9911144 4944836 12626540 2097148 1206692

1734616485
32665984 9895920 4949304 12845492 2097148 1206692

1734616486
32665984 9843524 4951444 13157572 2097148 1206692

1734616487
32665984 9187676 4952952 13587528 2097148 1206692

1734616488
32665984 8719764 4953224 13728844 2097148 1206692

1734616489
32665984 8653868 4953728 13930364 2097148 1206692

1734616490
32665984 8104724 4954616 14197536 2097148 1206692

1734616491
32665984 7686336 4954816 14545712 2097148 1206692

1734616492
32665984 7540348 4954892 14688224 2097148 1206692

1734616493
32665984 7445100 4955300 14821104 2097148 1206692

1734616494
32665984 7293548 4955408 15103680 2097148 1206692

1734616495
32665984 7150892 4956048 15258476 2097148 1206692

1734616496
32665984 6942432 4956084 15438596 2097148 1206692

1734616497
32665984 6386596 4956964 15586768 2097148 1206692

1734616498
32665984 6407148 4959360 15723880 2097148 1206692

1734616499
32665984 6031620 4959412 16079668 2097148 1206692

1734616500
32665984 5873252 4960084 16312792 2097148 1206692

1734616501
32665984 5663104 4960328 16516036 2097148 1206692

1734616502
32665984 5535600 4962984 16713612 2097148 1206692

1734616503
32665984 5079256 4964012 16827440 2097148 1206692

1734616504
32665984 4788396 4964136 17200584 2097148 1206692

1734616505
32665984 4493568 4965064 17506732 2097148 1206692

1734616506
32665984 4049884 4965180 17743944 2097148 1206692

1734616507
32665984 2875708 4965268 17936236 2097148 1206692

1734616508
32665984 3043260 4965312 18074820 2097148 1206692

1734616509
32665984 3383184 4965576 18311012 2097148 1206692

1734616510
32665984 3289636 4965924 18601400 2097148 1206692

1734616511
32665984 3007100 4966304 18854428 2097148 1206692

1734616512
32665984 2561696 4966908 19166096 2097148 1206692

1734616513
32665984 1779044 4967068 19902576 2097148 1206692

1734616514
32665984 862608 4967272 20281632 2097148 1206692

1734616515
32665984 490476 4966316 20242872 2097148 1206692

1734616516
32665984 360280 4966392 20358624 2097148 1206948

1734616517
32665984 1020920 4968660 20628608 2097148 1206948

1734616518
32665984 680928 5012352 20808744 2097148 1206948

1734616519
32665984 262552 5013304 21105664 2097148 1206436

1734616520
32665984 337948 5013392 21249132 2097148 1202196

1734616521
32665984 315464 5012792 21125056 2097148 1199284

1734616522
32665984 292848 5012804 20923780 2097148 1196980

1734616523
32665984 341492 5012648 20554980 2097148 1195972

1734616524
32665984 353984 5013136 20308564 2097148 1195320

1734616525
32665984 478520 5013668 20312964 2097148 1195320

1734616526
32665984 303132 5014584 20448712 2097148 1195320

1734616527
32665984 441340 5015256 20256132 2097148 1195320

1734616528
32665984 1114168 5018900 20615544 2097148 1195320

1734616530
32665984 255324 5023276 20688468 2097148 1195320

1734616531
32665984 427700 5025628 20889848 2097148 1195320

1734616532
32665984 236120 4985892 19938360 2097148 1195320

1734616533
32665984 458992 4981548 20043780 2097148 1195320

1734616534
32665984 598936 4969256 19878100 2097148 1195320

1734616535
32665984 243064 4962928 19886172 2097148 1195320

1734616536
32665984 373512 4951156 19769436 2097148 1195320

1734616537
32665984 555084 4934556 19579376 2097148 1195320

1734616538
32665984 783800 4934616 19763724 2097148 1195320

1734616539
32665984 497564 4929124 19849748 2097148 1195320

1734616540
32665984 1223512 4929360 20022324 2097148 1195320

1734616541
32665984 965592 4930912 20252204 2097148 1195320

1734616542
32665984 776696 4931580 20338136 2097148 1195320

1734616543
32665984 1165044 4926700 20223288 2097148 1195320

1734616544
32665984 274748 4910708 19759696 2097148 1195320

1734616545
32665984 429336 4898596 19450472 2097148 1195320

1734616546
32665984 778632 4897544 19466756 2097148 1195320

1734616547
32665984 885732 4898540 19532676 2097148 1195320

1734616548
32665984 250428 4899224 19593252 2097148 1195320

1734616549
32665984 409332 4832548 18316624 2097148 1195320

1734616550
32665984 282164 4801096 17877696 2097148 1195320

1734616551
32665984 463800 4763564 17413872 2097148 1195320

1734616552
32665984 904604 4765076 17514088 2097148 1195320

1734616554
32665984 861832 4765684 17630640 2097148 1195320

1734616555
32665984 1619388 4765716 17735028 2097148 1195320

1734616556
32665984 2190924 4766520 17785956 2097148 1195320

1734616557
32665984 2826208 4767412 17843484 2097148 1195320

1734616558
32665984 2931600 4768016 17996704 2097148 1195320

1734616559
32665984 2803756 4773420 18218528 2097148 1195320

1734616560
32665984 2424424 4774344 18447972 2097148 1195320

1734616561
32665984 2241920 4774780 18486084 2097148 1195320

1734616562
32665984 1711204 4775152 18518280 2097148 1195320

1734616563
32665984 1893752 4775296 18555192 2097148 1195320

1734616564
32665984 2176008 4775816 18690720 2097148 1195320

1734616565
32665984 1724120 4775836 18724052 2097148 1195320

1734616566
32665984 1850232 4776200 18777720 2097148 1195320

1734616567
32665984 2649504 4776460 18914828 2097148 1195320

1734616568
32665984 2267252 4776972 19127056 2097148 1195320

1734616569
32665984 2009256 4777772 19198696 2097148 1195320

1734616570
32665984 1714836 4778428 19231660 2097148 1195320

1734616571
32665984 2060536 4779020 19406576 2097148 1195320

1734616572
32665984 1660580 4780492 19535364 2097148 1195320

1734616573
32665984 1632736 4781524 19643412 2097148 1195320

1734616574
32665984 1212832 4781980 19714840 2097148 1195320

1734616575
32665984 1314356 4782352 19764708 2097148 1195320

1734616576
32665984 1162096 4783232 19986840 2097148 1201208

1734616577
32665984 1257360 4775556 19926912 2097148 1201208

1734616578
32665984 1296844 4776496 20010500 2097148 1201208

1734616579
32665984 439732 4778388 20261504 2097148 1201208

1734616580
32665984 335944 4778808 20338572 2097148 1201208

1734616581
32665984 788316 4779476 20412636 2097148 1201208

1734616582
32665984 303652 4780172 20791944 2097148 1201208

1734616583
32665984 338056 4778012 20895436 2097148 1201208

1734616584
32665984 249424 4763020 20831504 2097148 1201208

1734616585
32665984 437028 4747576 20857496 2097148 1201208

1734616586
32665984 405400 4748776 20898524 2097148 1201208

1734616587
32665984 446592 4750260 20945920 2097148 1201208

1734616588
32665984 327092 4751732 20999428 2097148 1201208

1734616589
32665984 317208 4752148 21029532 2097148 1201208

1734616590
32665984 243204 4751680 21041612 2097148 1201208

1734616591
32665984 237432 4726920 20586944 2097148 1201208

1734616592
32665984 583328 4727136 20670480 2097148 1201208

1734616593
32665984 491832 4728568 20773440 2097148 1201208

1734616594
32665984 366236 4724308 20612792 2097148 1201208

1734616595
32665984 320860 4727296 20812060 2097148 1201208

1734616596
32665984 269636 4719796 20495840 2097148 1201208

1734616597
32665984 456800 4719580 20561724 2097148 1201208

1734616598
32665984 320080 4720364 20705256 2097148 1201208

1734616599
32665984 281248 4720360 20726332 2097148 1201208

1734616600
32665984 316596 4703928 20351216 2097148 1201208

1734616601
32665984 754444 4704040 20416976 2097148 1201208

1734616602
32665984 504768 4704636 20564552 2097148 1201208

1734616603
32665984 262544 4693884 20583512 2097148 1201208

1734616604
32665984 567540 4671516 20465144 2097148 1201208

1734616605
32665984 866124 4672104 20348928 2097148 1201208

1734616606
32665984 803996 4672656 20420692 2097148 1201208

1734616607
32665984 381056 4672796 20526460 2097148 1201208

1734616608
32665984 623284 4663116 20653864 2097148 1201208

1734616609
32665984 421120 4641184 20332252 2097148 1201208

1734616610
32665984 719428 4628220 20001488 2097148 1201208

1734616611
32665984 663952 4628800 20071752 2097148 1201208

1734616612
32665984 819276 4629496 20189492 2097148 1201208

1734616613
32665984 406668 4628448 20287052 2097148 1201208

1734616614
32665984 258536 4628276 20357500 2097148 1201208

1734616615
32665984 275608 4625084 20232588 2097148 1201208

1734616616
32665984 427112 4562072 18910352 2097148 1201208

1734616617
32665984 981728 4533296 18315380 2097148 1201208

1734616618
32665984 353604 4530636 18310460 2097148 1201208

1734616619
32665984 608640 4492180 17611212 2097148 1201464

1734616620
32665984 324376 4461416 16985432 2097148 1201464

1734616621
32665984 360428 4452104 16887972 2097148 1201464

1734616622
32665984 409232 4430060 16622808 2097148 1201464

1734616623
32665984 625256 4414720 16439924 2097148 1201464

1734616624
32665984 1231008 4414852 16452160 2097148 1201464

1734616625
32665984 1030952 4414904 16464200 2097148 1201464

1734616626
32665984 949700 4414936 16476784 2097148 1201464

1734616627
32665984 369512 4404920 16355988 2097148 1201464

1734616628
32665984 1333260 4393784 16249596 2097148 1201464

1734616629
32665984 310696 4387840 16126792 2097148 1201464

1734616630
32665984 767244 4380584 15863016 2097148 1201208

1734616631
32665984 431364 4382824 16167972 2097148 1201208

1734616632
32665984 1114764 4383272 16285364 2097148 1201208

1734616633
32665984 844088 4384124 16471156 2097148 1201208

1734616634
32665984 700416 4386092 16575264 2097148 1201208

1734616635
32665984 751560 4385124 16658916 2097148 1201208

1734616636
32665984 750524 4368020 16451512 2097148 1201208

1734616637
32665984 619208 4356668 16382120 2097148 1201208

1734616638
32665984 498252 4342188 16279896 2097148 1200952

1734616639
32665984 387212 4301868 15893476 2097148 1200952

1734616640
32665984 705000 4284028 15772056 2097148 1200952

1734616641
32665984 742264 4274388 15704136 2097148 1200952

1734616642
32665984 1421672 4274448 15812116 2097148 1200952

1734616643
32665984 1868684 4274520 15947724 2097148 1200952

1734616644
32665984 1351328 4274624 16016524 2097148 1200952

1734616645
32665984 789668 4274636 16079548 2097148 1200952

1734616646
32665984 540408 4274728 16133908 2097148 1200952

1734616647
32665984 550736 4258200 16000864 2097148 1200952

1734616648
32665984 810716 4250656 15936352 2097148 1200952

1734616649
32665984 387964 4238336 15822380 2097148 1200952

1734616650
32665984 550968 4222612 15664620 2097148 1200952

1734616651
32665984 484984 4209876 15605544 2097148 1200952

1734616652
32665984 550052 4197628 15545484 2097148 1200952

1734616653
32665984 512096 4198116 15679780 2097148 1200952

1734616654
32665984 497392 4191444 15699788 2097148 1200952

1734616655
32665984 642820 4177944 15400276 2097148 1200952

1734616656
32665984 1317284 4178976 15506976 2097148 1200952

1734616657
32665984 1344720 4179572 15593976 2097148 1200952

1734616658
32665984 1515332 4181116 15681152 2097148 1200952

1734616659
32665984 1252164 4181576 15779344 2097148 1200952

1734616660
32665984 1443228 4183376 15934404 2097148 1200952

1734616661
32665984 1858408 4184212 15835852 2097148 1200952

1734616662
32665984 701016 4184852 15903652 2097148 1200952

1734616663
32665984 451180 4179268 15894600 2097148 1200952

1734616664
32665984 919048 4161552 15743940 2097148 1200952

1734616665
32665984 854772 4162156 15952208 2097148 1200952

1734616666
32665984 376344 4158716 16045052 2097148 1200952

1734616667
32665984 723808 4157800 16085804 2097148 1200952

1734616668
32665984 1041236 4151480 16057104 2097148 1200952

1734616669
32665984 605640 4151536 16114540 2097148 1200952

1734616670
32665984 757828 4150840 16123944 2097148 1200952

1734616671
32665984 515756 4149176 16132036 2097148 1200952

1734616672
32665984 843148 4149196 16028860 2097148 1200952

1734616673
32665984 1062932 4149364 15378416 2097148 1200952

1734616674
32665984 1262840 4150600 15746840 2097148 1201208

1734616675
32665984 582320 4134172 15771892 2097148 1201208

1734616676
32665984 1549300 4132228 15958012 2097148 1200952

1734616677
32665984 1250708 4132496 15990304 2097148 1200952

1734616678
32665984 992380 4132548 16050400 2097148 1200952

1734616679
32665984 424792 4117408 15936444 2097148 1200952

1734616680
32665984 1177508 4055904 15151396 2097148 1200952

1734616681
32665984 2317796 4057232 15166104 2097148 1200952

1734616682
32665984 2042412 4057920 15213180 2097148 1200952

1734616684
32665984 2203664 4059052 15273860 2097148 1200952

1734616685
32665984 1903452 4059212 15321368 2097148 1200952

1734616686
32665984 2131324 4059516 15336260 2097148 1200952

1734616687
32665984 1704816 4059772 15347480 2097148 1200952

1734616688
32665984 1984588 4059956 15365080 2097148 1200952

1734616689
32665984 1183252 4060368 15377784 2097148 1200952

1734616690
32665984 1103144 4060500 15430876 2097148 1200952

1734616691
32665984 877580 4060644 15500740 2097148 1200952

1734616692
32665984 1146880 4060840 15548268 2097148 1200952

1734616693
32665984 803792 4061012 15567640 2097148 1200952

1734616694
32665984 1433460 4061028 15626216 2097148 1200952

1734616695
32665984 2052452 4067572 15778348 2097148 1200952

1734616696
32665984 2193236 4068224 15803264 2097148 1200952

1734616697
32665984 2684448 4068440 15837444 2097148 1200952

1734616698
32665984 2282472 4068792 15984292 2097148 1200952

1734616699
32665984 2266836 4069072 16271936 2097148 1200952

1734616700
32665984 2025236 4069544 16475028 2097148 1200952

1734616701
32665984 390264 4056384 16340588 2097148 1200952

1734616702
32665984 818320 4015320 15800964 2097148 1200952

1734616703
32665984 758632 3994428 15536244 2097148 1200952

1734616704
32665984 769180 3927408 14666992 2097148 1200952

1734616705
32665984 1875344 3919164 14571436 2097148 1200952

1734616707
32665984 1557084 3919252 14582884 2097148 1200952

1734616708
32665984 1942740 3919296 14664820 2097148 1200952

1734616709
32665984 1527204 3919396 14689640 2097148 1200952

1734616710
32665984 1643220 3919952 14700916 2097148 1200952

1734616711
32665984 1497976 3920280 14710336 2097148 1200952

1734616712
32665984 1386976 3920420 14717980 2097148 1200952

1734616713
32665984 1181824 3920476 14727412 2097148 1200952

1734616714
32665984 1659772 3920564 14738324 2097148 1200952

1734616715
32665984 1512404 3920628 14747560 2097148 1200952

1734616716
32665984 1031744 3920660 14756404 2097148 1200952

1734616717
32665984 1530112 3920836 14766836 2097148 1200952

1734616718
32665984 1700208 3920940 14778352 2097148 1200952

1734616719
32665984 1393856 3920960 14787648 2097148 1200952

1734616720
32665984 673224 3920964 14796288 2097148 1200952

1734616721
32665984 666144 3902604 14561376 2097148 1200952

1734616722
32665984 1552664 3902660 14573960 2097148 1200952

1734616723
32665984 2134844 3902776 14588148 2097148 1200952

1734616724
32665984 3509804 3902876 14622724 2097148 1200952

1734616725
32665984 3357420 3902968 14652504 2097148 1200952

1734616726
32665984 4214512 3903520 14665936 2097148 1200952

1734616727
32665984 4378020 3903644 14681492 2097148 1200952

1734616728
32665984 4557044 3903884 14710928 2097148 1200952

1734616729
32665984 4462048 3904148 14755968 2097148 1200952

1734616730
32665984 4130048 3951084 14846180 2097148 1200952

1734616731
32665984 4438508 3952672 15190008 2097148 1200952

1734616732
32665984 4036464 3954232 15551840 2097148 1200952

1734616733
32665984 3751692 3955456 15672900 2097148 1200952

1734616734
32665984 3552480 3955816 15731912 2097148 1200952

1734616735
32665984 3461508 3956264 15817548 2097148 1200952

1734616736
32665984 3462228 3956728 15928508 2097148 1200952

1734616737
32665984 3506016 3958956 16175928 2097148 1200952

1734616738
32665984 2739408 3961268 16723300 2097148 1200952

1734616739
32665984 2268312 3963240 17098776 2097148 1200952

1734616740
32665984 1779096 3969816 17322072 2097148 1200952

1734616742
32665984 1485992 3972116 17656612 2097148 1200952

1734616743
32665984 1473916 3973356 17528208 2097148 1200952

1734616744
32665984 1302608 3979808 17872036 2097148 1200952

1734616746
32665984 1950108 4001960 18113048 2097148 1200952

1734616748
32665984 2431956 4005660 18987568 2097148 1200952

1734616749
32665984 1870796 4006168 19200864 2097148 1200952

1734616750
32665984 2206440 4006832 19501488 2097148 1200952

1734616751
32665984 1984584 4006052 19622208 2097148 1200952

1734616752
32665984 1909964 4006832 19705276 2097148 1200952

1734616753
32665984 1914580 4006956 19721212 2097148 1200952

1734616754
32665984 1380828 4008188 19868772 2097148 1200952

1734616755
32665984 1541492 4011768 20088328 2097148 1200952

1734616756
32665984 1328588 4016276 20255568 2097148 1200952

1734616757
32665984 1078772 4020256 20449284 2097148 1200952

1734616758
32665984 916336 4023240 20569184 2097148 1200952

1734616760
32665984 721920 4025524 20729396 2097148 1200952

1734616761
32665984 666504 4026988 20787024 2097148 1200952

1734616762
32665984 619408 4024908 20791412 2097148 1200952

1734616763
32665984 431764 4027868 20911396 2097148 1200952

1734616764
32665984 314668 4029180 21022800 2097148 1200952

1734616765
32665984 254524 4027732 21090032 2097148 1200952

1734616766
32665984 308372 4020404 21018288 2097148 1200952

1734616767
32665984 256560 4018288 21016528 2097148 1200952

1734616768
32665984 314716 4017676 21031000 2097148 1200952

1734616769
32665984 270256 4016720 21065052 2097148 1200952

1734616770
32665984 360156 4009784 21026868 2097148 1200952

1734616772
32665984 258816 4010116 21073752 2097148 1200952

1734616773
32665984 274728 4009612 21087536 2097148 1200952

1734616774
32665984 419484 3998000 20947132 2097148 1200952

1734616776
32665984 322864 3998156 21023240 2097148 1200952

1734616777
32665984 264680 3993052 21155580 2097148 1200952

1734616778
32665984 316356 3939852 20834132 2097148 1200952

1734616779
32665984 324392 3929812 20838836 2097148 1200952

1734616780
32665984 240828 3930404 20935272 2097148 1200952

1734616781
32665984 351480 3930796 21009208 2097148 1200700

1734616782
32665984 259632 3930272 21089136 2097148 1200700

1734616784
32665984 258700 3930272 21089136 2097148 1200700

1734616785
32665984 252940 3923544 21122336 2097148 1200700

1734616786
32665984 333000 3917132 21106012 2097148 1200700

1734616787
32665984 242652 3914856 21154584 2097148 1200700

1734616789
32665984 252764 3893280 21187504 2097148 1200700

1734616790
32665984 251008 3892228 21185864 2097148 1200700

1734616795
32665984 275664 3880672 21097364 2097148 1200700

1734616796
32665984 538904 3880040 21162912 2097148 1200444

1734616799
32665984 467088 3880768 21297236 2097148 1200444

1734616800
32665984 283544 3873860 21171296 2097148 1200444

1734616801
32665984 333720 3874068 21234796 2097148 1200444

1734616802
32665984 474540 3875992 21267820 2097148 1200444

1734616804
32665984 251576 3875832 21456248 2097148 1200444

1734616805
32665984 275564 3872268 21519512 2097148 1200444

1734616806
32665984 295640 3871016 21509976 2097148 1199536

1734616807
32665984 281932 3871028 21526524 2097148 1199536

1734616808
32665984 330792 3868720 21493612 2097148 1199028

1734616809
32665984 298336 3869524 21499696 2097148 1199028

1734616811
32665984 336884 3862520 21390976 2097148 1198772

1734616812
32665984 319272 3861572 21378360 2097148 1198516

1734616813
32665984 270084 3856768 21307628 2097148 1198516

1734616814
32665984 274296 3854528 21275920 2097148 1198516

1734616815
32665984 277516 3852060 21272392 2097148 1198516

1734616816
32665984 299568 3849844 21242848 2097148 1198516

1734616817
32665984 295332 3847628 21216564 2097148 1198516

1734616818
32665984 453780 3838736 21052940 2097148 1198516

1734616819
32665984 463804 3838736 21103900 2097148 1198516

1734616820
32665984 425352 3838748 21146148 2097148 1198516

1734616822
32665984 386716 3838780 21171288 2097148 1198516

1734616823
32665984 340632 3839140 21204084 2097148 1198516

1734616824
32665984 312112 3839788 21221624 2097148 1198516

1734616825
32665984 296636 3841096 21237624 2097148 1198516

1734616826
32665984 279764 3836900 21221636 2097148 1198516

1734616827
32665984 326528 3835436 21203040 2097148 1198516

1734616828
32665984 311632 3835448 21216136 2097148 1198516

1734616830
32665984 285724 3834844 21233172 2097148 1198516

1734616831
32665984 326864 3833712 21216556 2097148 1198516

1734616832
32665984 316196 3833760 21230900 2097148 1198516

1734616833
32665984 315988 3833776 21255592 2097148 1198516

1734616834
32665984 298168 3833676 21265116 2097148 1198516

1734616835
32665984 298536 3831908 21241068 2097148 1198516

1734616836
32665984 329788 3828268 21181336 2097148 1198516

1734616837
32665984 330648 3828292 21200832 2097148 1198516

1734616839
32665984 297220 3827936 21209712 2097148 1198516

1734616841
32665984 353496 3828092 21234100 2097148 1198516

1734616842
32665984 318580 3827916 21242128 2097148 1198516

1734616843
32665984 300852 3827932 21254184 2097148 1198516

1734616844
32665984 299152 3826724 21242740 2097148 1198516

1734616845
32665984 318704 3818840 21169920 2097148 1198516

1734616847
32665984 290280 3817780 21185500 2097148 1198516

1734616848
32665984 534988 3797204 20986952 2097148 1198356

1734616850
32665984 521280 3789440 21013244 2097148 1198356

1734616851
32665984 589016 3789608 21095028 2097148 1198356

1734616852
32665984 340936 3779944 20908080 2097148 1198356

1734616853
32665984 306024 3744176 20463060 2097148 1198356

1734616854
32665984 634512 3734512 20298956 2097148 1198356

1734616855
32665984 511880 3732432 20301800 2097148 1198356

1734616856
32665984 748116 3732488 20321836 2097148 1198356

1734616857
32665984 311608 3715224 19966444 2097148 1198356

1734616858
32665984 679812 3712420 19938112 2097148 1198356

1734616859
32665984 688064 3712528 19958508 2097148 1198356

1734616860
32665984 634164 3712708 19997728 2097148 1198356

1734616861
32665984 577168 3714556 20096528 2097148 1198356

1734616862
32665984 571844 3708228 20072424 2097148 1198356

1734616863
32665984 909364 3709536 20134356 2097148 1198356

1734616864
32665984 1156736 3709964 20158704 2097148 1198356

1734616865
32665984 467220 3710256 20166452 2097148 1198356

1734616866
32665984 320652 3662668 19285332 2097148 1198356

1734616867
32665984 315844 3618856 18431116 2097148 1197528

1734616869
32665984 433908 3578128 17700660 2097148 1196940

1734616870
32665984 688712 3577340 17688500 2097148 1196940

1734616871
32665984 354096 3540048 16949524 2097148 1196940

1734616872
32665984 1267480 3524856 16677020 2097148 1196940

1734616877
32665984 5026412 3508964 16408500 2097148 1196940

1734616878
32665984 3011280 3509676 16478428 2097148 1196940

1734616879
32665984 1485848 3509752 16543072 2097148 1196940

1734616880
32665984 2151896 3511052 16580276 2097148 1196940

1734616881
32665984 1404232 3511096 16696948 2097148 1196940

1734616882
32665984 1265172 3512456 16825844 2097148 1196940

1734616883
32665984 1057356 3512932 17034292 2097148 1196940

1734616884
32665984 579656 3513472 17144228 2097148 1196940

1734616885
32665984 631712 3489600 16931468 2097148 1197196

1734616886
32665984 749812 3462356 16617512 2097148 1197196

1734616887
32665984 535712 3448488 16492908 2097148 1197196

1734616888
32665984 1826348 3437180 16485564 2097148 1197196

1734616889
32665984 1294336 3438148 16710768 2097148 1197196

1734616890
32665984 603408 3438424 16782716 2097148 1197964

1734616891
32665984 1267144 3418164 16516556 2097148 1197964

1734616892
32665984 2448496 3418360 16586424 2097148 1197964

1734616893
32665984 2060476 3418440 16651348 2097148 1197964

1734616894
32665984 1147776 3418608 16710660 2097148 1197964

1734616896
32665984 1389808 3419056 16872288 2097148 1197964

1734616897
32665984 1138904 3419504 16950468 2097148 1197964

1734616898
32665984 799820 3420064 17023388 2097148 1197964

1734616899
32665984 2071864 3420868 17109740 2097148 1197964

1734616900
32665984 2928692 3421652 17192508 2097148 1197964

1734616901
32665984 2771652 3421900 17262868 2097148 1197964

1734616903
32665984 4439252 3401008 16974728 2097148 1197964

1734616904
32665984 3651144 3402084 17050000 2097148 1197964

1734616905
32665984 4329872 3403680 17166488 2097148 1197964

1734616906
32665984 4867852 3405224 17283124 2097148 1197964

1734616908
32665984 5805116 3407216 17477920 2097148 1197964

1734616909
32665984 5319940 3409276 17698096 2097148 1197964

1734616911
32665984 5421212 3410140 17827872 2097148 1197964

1734616912
32665984 2976772 3410676 17890900 2097148 1197964

1734616913
32665984 1985952 3411228 17952272 2097148 1197964

1734616914
32665984 1034212 3411260 18009916 2097148 1197964

1734616915
32665984 837180 3411308 18065192 2097148 1197964

1734616916
32665984 1909928 3411328 18180852 2097148 1197964

1734616917
32665984 2085984 3411344 18275020 2097148 1197964

1734616920
32665984 4619520 3392792 17977588 2097148 1197964

1734616921
32665984 4539036 3392824 18037912 2097148 1197964

1734616922
32665984 4492548 3392836 18093232 2097148 1197964

1734616923
32665984 4965664 3392860 18286812 2097148 1197964

1734616924
32665984 3716288 3392916 18534520 2097148 1197964

1734616925
32665984 2468576 3393080 18777580 2097148 1197964

1734616926
32665984 2340684 3393100 19022108 2097148 1197964

1734616927
32665984 3644424 3393124 19289956 2097148 1197964

1734616928
32665984 3184612 3394424 19523180 2097148 1197964

1734616929
32665984 3218276 3394476 19722176 2097148 1197964

1734616930
32665984 3014860 3394620 19938300 2097148 1197964

1734616931
32665984 3309584 3394680 20054100 2097148 1197964

1734616933
32665984 3275380 3394796 20140668 2097148 1197964

1734616934
32665984 3248216 3394964 20153456 2097148 1197964

1734616935
32665984 3031200 3395060 20160588 2097148 1197964

1734616936
32665984 2879752 3395268 20175292 2097148 1197964

1734616937
32665984 2992280 3395352 20187316 2097148 1197964

1734616938
32665984 2905564 3395464 20197056 2097148 1197964

1734616939
32665984 2976872 3395664 20226868 2097148 1197964

1734616940
32665984 2996312 3395672 20236828 2097148 1197964

1734616941
32665984 2967416 3395676 20241944 2097148 1197964

1734616942
32665984 2942156 3395736 20247788 2097148 1197964

1734616943
32665984 2984816 3395752 20255032 2097148 1197964

1734616944
32665984 2879432 3396152 20279576 2097148 1197964

1734616945
32665984 2862760 3396152 20291312 2097148 1197964

1734616948
32665984 2846360 3396216 20312380 2097148 1197964

1734616949
32665984 2833848 3396244 20323388 2097148 1197964

1734616950
32665984 2813488 3396544 20346624 2097148 1197964

1734616951
32665984 2666764 3396776 20383344 2097148 1197964

1734616952
32665984 2760184 3396824 20399888 2097148 1197964

1734616953
32665984 2524112 3396864 20411400 2097148 1197964

1734616954
32665984 2731320 3396888 20430344 2097148 1197964

1734616955
32665984 2641580 3396912 20450536 2097148 1197964

1734616956
32665984 2676632 3396924 20462432 2097148 1197964

1734616957
32665984 2750092 3397008 20473192 2097148 1197964

1734616958
32665984 2733040 3397012 20483700 2097148 1197964

1734616959
32665984 2717992 3397020 20497144 2097148 1197964

1734616960
32665984 2700412 3397032 20511100 2097148 1197964

1734616961
32665984 2651768 3397040 20524336 2097148 1197964

1734616964
32665984 2625632 3397052 20531128 2097148 1197964

1734616965
32665984 2604996 3397076 20543692 2097148 1197964

1734616966
32665984 2599632 3397084 20547600 2097148 1197964

1734616967
32665984 2590048 3397096 20553264 2097148 1197964

1734616968
32665984 2580388 3397108 20559164 2097148 1197964

1734616969
32665984 2569520 3397124 20566908 2097148 1197964

1734616970
32665984 2563612 3397128 20570044 2097148 1197964

1734616971
32665984 2619180 3397136 20574572 2097148 1197964

1734616972
32665984 2613148 3397140 20579820 2097148 1197964

1734616973
32665984 2606640 3397152 20585164 2097148 1197964

1734616974
32665984 2601352 3397168 20590220 2097148 1197964

1734616975
32665984 2592320 3397168 20596080 2097148 1197964

1734616976
32665984 2587280 3397168 20600492 2097148 1197964

1734616977
32665984 2580276 3397168 20606596 2097148 1197964

1734616978
32665984 2572000 3397168 20612048 2097148 1197964

1734616979
32665984 2562280 3397180 20619096 2097148 1197964

1734616980
32665984 2553488 3397180 20625976 2097148 1197964

1734616981
32665984 2544668 3397180 20634120 2097148 1197964

1734616982
32665984 2535372 3397180 20641572 2097148 1197964

1734616983
32665984 2526720 3397180 20650464 2097148 1197964

1734616984
32665984 2516636 3397208 20658816 2097148 1197964

1734616985
32665984 2502040 3397208 20669388 2097148 1197964

1734616986
32665984 2487216 3397208 20680976 2097148 1197964

1734616987
32665984 2474632 3397208 20692292 2097148 1197964

1734616988
32665984 2460300 3397208 20703120 2097148 1197964

1734616989
32665984 2448316 3397216 20712616 2097148 1197964

1734616990
32665984 2435496 3397216 20721156 2097148 1197964

1734616991
32665984 2425948 3397216 20730912 2097148 1197964

1734616992
32665984 2414176 3397216 20739488 2097148 1197964

1734616993
32665984 2406868 3397216 20745012 2097148 1197964

1734616994
32665984 2400064 3397224 20750172 2097148 1197964

1734616995
32665984 2389024 3397224 20758396 2097148 1197964

1734616996
32665984 2380708 3397224 20765124 2097148 1197964

1734616997
32665984 2369392 3397224 20771708 2097148 1197964

1734616998
32665984 2483552 3397224 20705288 2097148 1197964

1734616999
32665984 2434112 3397236 20754712 2097148 1197964

1734617000
32665984 2373896 3397240 20811136 2097148 1197964

1734617001
32665984 2308948 3397252 20871500 2097148 1197964

1734617002
32665984 2177276 3397420 21015864 2097148 1197964

1734617003
32665984 2168768 3397420 21022956 2097148 1197964

1734617004
32665984 2162244 3397428 21030812 2097148 1197964

1734617005
32665984 2152460 3397432 21039068 2097148 1197964

1734617006
32665984 2143248 3397440 21045264 2097148 1197964

1734617007
32665984 2130180 3397440 21053624 2097148 1197964

1734617009
32665984 2114412 3397456 21064712 2097148 1197964

1734617010
32665984 2086968 3397456 21071272 2097148 1197964

1734617011
32665984 2069076 3397456 21075048 2097148 1197964

1734617012
32665984 2012444 3397456 21081104 2097148 1197964

1734617013
32665984 1991276 3397456 21085212 2097148 1197964

1734617014
32665984 1984472 3397464 21089140 2097148 1197964

1734617015
32665984 1976924 3397464 21093476 2097148 1197964

1734617016
32665984 1953500 3397464 21098832 2097148 1197964

1734617017
32665984 1926032 3397464 21107880 2097148 1197964

1734617018
32665984 1916204 3397464 21111512 2097148 1197964

1734617019
32665984 1909400 3397472 21116440 2097148 1197964

1734617020
32665984 1892012 3397472 21123652 2097148 1197964

1734617021
32665984 1897220 3397492 21138224 2097148 1197964

1734617022
32665984 1828772 3397492 21144984 2097148 1197964

1734617023
32665984 1820984 3397496 21148992 2097148 1197964

1734617024
32665984 2029364 3397516 21160288 2097148 1197964

1734617025
32665984 2919004 3397584 20415920 2097148 1197964

1734617026
32665984 3885604 3397616 19441596 2097148 1197964

1734617027
32665984 3867964 3397616 19451064 2097148 1197964

1734617028
32665984 3853612 3397616 19462192 2097148 1197964

1734617029
32665984 3842812 3397632 19470948 2097148 1197964

1734617030
32665984 3876532 3397656 19476432 2097148 1197964

1734617031
32665984 3873308 3397656 19479080 2097148 1197964

1734617032
32665984 3867260 3397656 19481144 2097148 1197964

1734617033
32665984 3861736 3397656 19483336 2097148 1197964

1734617034
32665984 3857212 3397656 19485492 2097148 1197964

1734617036
32665984 3849912 3397672 19488016 2097148 1197964

1734617037
32665984 3842388 3397680 19492708 2097148 1197964

1734617038
32665984 3840132 3397680 19494696 2097148 1197964

1734617039
32665984 3838128 3397680 19497180 2097148 1197964

1734617040
32665984 3832332 3397688 19499836 2097148 1197964

1734617041
32665984 3827796 3397688 19502452 2097148 1197964

1734617042
32665984 3824016 3397700 19505180 2097148 1197964

1734617043
32665984 3818220 3397700 19508896 2097148 1197964

1734617044
32665984 3813180 3397700 19512240 2097148 1197964

1734617045
32665984 3809904 3397708 19515328 2097148 1197964

1734617046
32665984 3807384 3397708 19517228 2097148 1197964

1734617047
32665984 3803616 3397708 19519812 2097148 1197964

1734617048
32665984 3801368 3397708 19522208 2097148 1197964

1734617049
32665984 3797084 3397708 19524892 2097148 1197964

1734617050
32665984 3794060 3397716 19527784 2097148 1197964

1734617051
32665984 3789524 3397716 19531268 2097148 1197964

1734617052
32665984 3756260 3397716 19542920 2097148 1197964

1734617053
32665984 3835772 3397856 19552816 2097148 1199756

1734617054
32665984 3829984 3397856 19557492 2097148 1199756

1734617055
32665984 3823192 3397856 19562820 2097148 1199756

1734617056
32665984 3815380 3397856 19568364 2097148 1199756

1734617057
32665984 3810604 3397856 19573360 2097148 1199756

1734617058
32665984 3802808 3397864 19578636 2097148 1199756

1734617059
32665984 3796012 3397864 19584072 2097148 1199756

1734617060
32665984 3791224 3397864 19587352 2097148 1199756

1734617061
32665984 3786184 3397864 19591212 2097148 1199756

1734617062
32665984 3779128 3397864 19595192 2097148 1199756

1734617063
32665984 3772072 3397876 19599924 2097148 1199756

1734617064
32665984 3766296 3397876 19603736 2097148 1199756

1734617065
32665984 3757980 3397876 19608192 2097148 1199756

1734617066
32665984 3749936 3397876 19612872 2097148 1199756

1734617067
32665984 3739120 3397876 19617752 2097148 1199756

1734617068
32665984 3728596 3397896 19623244 2097148 1199756

1734617069
32665984 3722568 3397896 19626652 2097148 1199756

1734617070
32665984 3718284 3397896 19630152 2097148 1199756

1734617071
32665984 3715008 3397896 19633232 2097148 1199756

1734617072
32665984 3709476 3397896 19636528 2097148 1199756

1734617073
32665984 3702692 3397908 19640060 2097148 1199756

1734617074
32665984 3695708 3397916 19643172 2097148 1199756

1734617075
32665984 3688664 3397916 19646708 2097148 1199756

1734617076
32665984 3680368 3397916 19650944 2097148 1199756

1734617077
32665984 3672828 3397916 19655244 2097148 1199756

1734617078
32665984 3666276 3397924 19659744 2097148 1199756

1734617079
32665984 3658980 3397924 19663748 2097148 1199756

1734617080
32665984 3650664 3397924 19668476 2097148 1199756

1734617081
32665984 3640340 3397924 19673224 2097148 1199756

1734617082
32665984 3630532 3397924 19678500 2097148 1199756

1734617083
32665984 3624736 3397932 19684052 2097148 1199756

1734617084
32665984 3617944 3397932 19689512 2097148 1199756

1734617085
32665984 3607360 3397932 19694640 2097148 1199756

1734617086
32665984 3600568 3397932 19699124 2097148 1199756

1734617087
32665984 3595532 3397932 19702360 2097148 1199756

1734617088
32665984 3588980 3397940 19705948 2097148 1199756

1734617089
32665984 3583436 3397940 19709128 2097148 1199756

1734617090
32665984 3579908 3397940 19712720 2097148 1199756

1734617091
32665984 3574868 3397940 19716588 2097148 1199756

1734617092
32665984 3570584 3397940 19720480 2097148 1199756

1734617093
32665984 3566552 3397948 19724344 2097148 1199756

1734617094
32665984 3562532 3397948 19727460 2097148 1199756

1734617095
32665984 3558500 3397948 19731112 2097148 1199756

1734617096
32665984 3553460 3397948 19734988 2097148 1199756

1734617097
32665984 3548420 3397948 19739488 2097148 1199756

1734617098
32665984 3541112 3397956 19744028 2097148 1199756

1734617099
32665984 3532812 3397956 19748788 2097148 1199756

1734617100
32665984 3527016 3397960 19752228 2097148 1199756

1734617101
32665984 3522760 3397960 19755968 2097148 1199756

1734617102
32665984 3519988 3397960 19760000 2097148 1199756

1734617103
32665984 3514948 3397968 19764492 2097148 1199756

1734617104
32665984 3512192 3397968 19767028 2097148 1199756

1734617105
32665984 3511436 3397968 19768720 2097148 1199756

1734617106
32665984 3507712 3397972 19770728 2097148 1199756

1734617107
32665984 3506220 3397972 19773224 2097148 1199756

1734617108
32665984 3502944 3397980 19776080 2097148 1199756

1734617109
32665984 3499164 3397980 19779572 2097148 1199756

1734617110
32665984 3494880 3397980 19783348 2097148 1199756

1734617111
32665984 3489588 3397980 19787704 2097148 1199756

1734617112
32665984 3480792 3397980 19792240 2097148 1199756

1734617113
32665984 3469956 3397988 19797796 2097148 1199756

1734617114
32665984 3461892 3397988 19802648 2097148 1199756

1734617115
32665984 3454072 3397988 19807948 2097148 1199756

1734617116
32665984 3445104 3397988 19813268 2097148 1199756

1734617117
32665984 3438012 3397988 19818420 2097148 1199756

1734617118
32665984 3433740 3397996 19821480 2097148 1199756

1734617119
32665984 3430716 3397996 19824208 2097148 1199756

1734617120
32665984 3427440 3397996 19827188 2097148 1199756

1734617121
32665984 3423156 3397996 19831004 2097148 1199756

1734617122
32665984 3418368 3397996 19835164 2097148 1199756

1734617123
32665984 3415848 3398004 19838308 2097148 1199756

1734617124
32665984 3413580 3398004 19841128 2097148 1199756

1734617125
32665984 3410556 3398004 19844060 2097148 1199756

1734617126
32665984 3408792 3398004 19846340 2097148 1199756

1734617127
32665984 3407784 3398004 19847688 2097148 1199756

1734617128
32665984 3406536 3398012 19849396 2097148 1199756

1734617129
32665984 3403272 3398012 19850816 2097148 1199756

1734617130
32665984 3398484 3398012 19853192 2097148 1199756

1734617131
32665984 3394452 3398012 19855396 2097148 1199756

1734617132
32665984 3391176 3398016 19857716 2097148 1199756

1734617133
32665984 3387648 3398028 19860292 2097148 1199756

1734617134
32665984 3383868 3398028 19863564 2097148 1199756

1734617135
32665984 3379836 3398028 19866980 2097148 1199756

1734617136
32665984 3375048 3398028 19870096 2097148 1199756

1734617137
32665984 3369504 3398028 19873544 2097148 1199756

1734617140
32665984 3362224 3398040 19876232 2097148 1199756

1734617141
32665984 3352732 3398040 19882056 2097148 1199756

1734617142
32665984 3349652 3398040 19884584 2097148 1199756

1734617143
32665984 3343352 3398040 19887348 2097148 1199756

1734617144
32665984 3337828 3398048 19890088 2097148 1199756

1734617145
32665984 3334812 3398048 19892640 2097148 1199756

1734617146
32665984 3330528 3398048 19896148 2097148 1199756

1734617147
32665984 3324228 3398048 19899524 2097148 1199756

1734617148
32665984 3316176 3398048 19903788 2097148 1199756

1734617149
32665984 3309120 3398056 19908460 2097148 1199756

1734617150
32665984 3301308 3398056 19912992 2097148 1199756

1734617151
32665984 3293004 3398056 19917276 2097148 1199756

1734617152
32665984 3288216 3398056 19920856 2097148 1199756

1734617153
32665984 3283680 3398056 19924044 2097148 1199756

1734617154
32665984 3277636 3398064 19926804 2097148 1199756

1734617155
32665984 3274612 3398064 19929064 2097148 1199756

1734617156
32665984 3272344 3398064 19931416 2097148 1199756

1734617157
32665984 3269068 3398064 19933272 2097148 1199756

1734617158
32665984 3263020 3398064 19936312 2097148 1199756

1734617159
32665984 3256728 3398072 19939232 2097148 1199756

1734617160
32665984 3250428 3398072 19942736 2097148 1199756

1734617161
32665984 3243624 3398072 19945656 2097148 1199756

1734617162
32665984 3239088 3398072 19948744 2097148 1199756

1734617163
32665984 3234300 3398072 19952404 2097148 1199756

1734617164
32665984 3229012 3398096 19955992 2097148 1199756

1734617165
32665984 3226744 3398096 19957664 2097148 1199756

1734617166
32665984 3224488 3398096 19959956 2097148 1199756

1734617167
32665984 3222240 3398096 19962448 2097148 1199756

1734617168
32665984 3219728 3398096 19965724 2097148 1199756

1734617169
32665984 3216716 3398104 19968916 2097148 1199756

1734617170
32665984 3212716 3398104 19972220 2097148 1199756

1734617171
32665984 3208180 3398104 19975768 2097148 1199756

1734617172
32665984 3203392 3398104 19979552 2097148 1199756

1734617173
32665984 3197344 3398104 19982308 2097148 1199756

1734617174
32665984 3193584 3398112 19985032 2097148 1199756

1734617175
32665984 3188292 3398112 19987884 2097148 1199756

1734617176
32665984 3185016 3398112 19990636 2097148 1199756

1734617177
32665984 3178220 3398112 19993192 2097148 1199756

1734617178
32665984 3173432 3398112 19995928 2097148 1199756

1734617179
32665984 3170176 3398120 19998988 2097148 1199756

1734617180
32665984 3167164 3398120 20002700 2097148 1199756

1734617181
32665984 3164152 3398120 20005152 2097148 1199756

1734617182
32665984 3161896 3398120 20007808 2097148 1199756

1734617183
32665984 3158116 3398120 20010920 2097148 1199756

1734617184
32665984 3155344 3398128 20014104 2097148 1199756

1734617185
32665984 3149800 3398128 20017508 2097148 1199756

1734617186
32665984 3139796 3398128 20023404 2097148 1199756

1734617187
32665984 3134000 3398128 20028172 2097148 1199756

1734617188
32665984 3127700 3398128 20033220 2097148 1199756

1734617189
32665984 3124172 3398136 20035984 2097148 1199756

1734617190
32665984 3117116 3398136 20039116 2097148 1199756

1734617191
32665984 3112084 3398136 20042728 2097148 1199756

1734617192
32665984 3108808 3398136 20046616 2097148 1199756

1734617193
32665984 3106288 3398136 20050092 2097148 1199756

1734617194
32665984 3101248 3398144 20053848 2097148 1199756

1734617195
32665984 3094192 3398148 20058068 2097148 1199756

1734617196
32665984 3090172 3398148 20061612 2097148 1199756

1734617197
32665984 3086392 3398148 20064332 2097148 1199756

1734617198
32665984 3081352 3398148 20067816 2097148 1199756

1734617199
32665984 3077320 3398160 20071496 2097148 1199756

1734617200
32665984 3074560 3398160 20075332 2097148 1199756

1734617201
32665984 3072040 3398164 20077892 2097148 1199756

1734617202
32665984 3068260 3398164 20080640 2097148 1199756

1734617203
32665984 3065488 3398164 20083512 2097148 1199756

1734617204
32665984 3060448 3398172 20087940 2097148 1199756

1734617205
32665984 3058684 3398172 20090012 2097148 1199756

1734617206
32665984 3057172 3398172 20091544 2097148 1199756

1734617207
32665984 3055660 3398172 20093200 2097148 1199756

1734617208
32665984 3050116 3398172 20095748 2097148 1199756

1734617209
32665984 3046604 3398180 20098176 2097148 1199756

1734617210
32665984 3044092 3398180 20100728 2097148 1199756

1734617211
32665984 3038800 3398180 20103444 2097148 1199756

1734617212
32665984 3029736 3398180 20107224 2097148 1199756

1734617213
32665984 3024452 3398180 20110844 2097148 1199756

1734617214
32665984 3018908 3398188 20115304 2097148 1199756

1734617215
32665984 3012860 3398188 20118840 2097148 1199756

1734617216
32665984 3007316 3398188 20122460 2097148 1199756

1734617217
32665984 3005300 3398188 20123772 2097148 1199756

1734617218
32665984 3002024 3398188 20125620 2097148 1199756

1734617219
32665984 2999756 3398196 20127516 2097148 1199756

1734617220
32665984 2997236 3398196 20130304 2097148 1199756

1734617221
32665984 2994244 3398196 20132860 2097148 1199756

1734617222
32665984 2989708 3398200 20135556 2097148 1199756

1734617223
32665984 2984668 3398200 20138540 2097148 1199756

1734617224
32665984 2979880 3398212 20141744 2097148 1199756

1734617225
32665984 2975100 3398220 20144920 2097148 1199756

1734617226
32665984 2971332 3398228 20148568 2097148 1199756

1734617227
32665984 2966072 3398232 20151452 2097148 1199756

1734617228
32665984 2963052 3398232 20154628 2097148 1199756

1734617229
32665984 2959524 3398232 20157412 2097148 1199756

1734617230
32665984 2954988 3398232 20160228 2097148 1199756

1734617231
32665984 2950452 3398248 20162976 2097148 1199756

1734617232
32665984 2944404 3398248 20166196 2097148 1199756

1734617233
32665984 2939376 3398248 20168596 2097148 1199756

1734617234
32665984 2936604 3398248 20170920 2097148 1199756

1734617235
32665984 2934840 3398248 20172908 2097148 1199756

1734617236
32665984 2931060 3398256 20174944 2097148 1199756

1734617237
32665984 2926020 3398256 20177228 2097148 1199756

1734617238
32665984 2922240 3398256 20178844 2097148 1199756

1734617239
32665984 2918964 3398256 20180632 2097148 1199756

1734617240
32665984 2915688 3398256 20182556 2097148 1199756

1734617241
32665984 2912412 3398264 20184860 2097148 1199756

1734617242
32665984 2907624 3398264 20187196 2097148 1199756

1734617243
32665984 2902096 3398264 20190068 2097148 1199756

1734617244
32665984 2898316 3398264 20192740 2097148 1199756

1734617245
32665984 2895796 3398264 20195040 2097148 1199756

1734617246
32665984 2891776 3398272 20197828 2097148 1199756

1734617247
32665984 2887492 3398272 20200928 2097148 1199756

1734617248
32665984 2882956 3398272 20204308 2097148 1199756

1734617249
32665984 2877916 3398272 20207304 2097148 1199756

1734617250
32665984 2872136 3398272 20209772 2097148 1199756

1734617251
32665984 2868104 3398280 20212064 2097148 1199756

1734617252
32665984 2863064 3398280 20214248 2097148 1199756

1734617253
32665984 2859284 3398280 20216284 2097148 1199756

1734617254
32665984 2855000 3398280 20218336 2097148 1199756

1734617255
32665984 2851472 3398280 20220508 2097148 1199756

1734617256
32665984 2846444 3398288 20222624 2097148 1199756

1734617257
32665984 2842664 3398288 20224604 2097148 1199756

1734617258
32665984 2839176 3398288 20226968 2097148 1199756

1734617259
32665984 2834136 3398288 20229744 2097148 1199756

1734617260
32665984 2826856 3398288 20233036 2097148 1199756

1734617261
32665984 2819564 3398296 20236040 2097148 1199756

1734617262
32665984 2814272 3398296 20239044 2097148 1199756

1734617263
32665984 2809988 3398296 20241072 2097148 1199756

1734617264
32665984 2806472 3398296 20243320 2097148 1199756

1734617265
32665984 2802208 3398296 20246016 2097148 1199756

1734617266
32665984 2798428 3398304 20248604 2097148 1199756

1734617267
32665984 2794396 3398304 20251460 2097148 1199756

1734617268
32665984 2792380 3398304 20253704 2097148 1199756

1734617269
32665984 2790616 3398304 20255060 2097148 1199756

1734617270
32665984 2786092 3398304 20257352 2097148 1199756

1734617271
32665984 2781556 3398312 20259944 2097148 1199756

1734617272
32665984 2779036 3398312 20262700 2097148 1199756

1734617273
32665984 2776768 3398312 20266232 2097148 1199756

1734617274
32665984 2771980 3398312 20270216 2097148 1199756

1734617275
32665984 2766688 3398312 20274260 2097148 1199756

1734617276
32665984 2764692 3398320 20277704 2097148 1199756

1734617277
32665984 2762172 3398320 20280508 2097148 1199756

1734617278
32665984 2760408 3398320 20283004 2097148 1199756

1734617279
32665984 2757384 3398320 20285852 2097148 1199756

1734617280
32665984 2756124 3398320 20287436 2097148 1199756

1734617281
32665984 2755128 3398332 20288860 2097148 1199756

1734617282
32665984 2752608 3398332 20290680 2097148 1199756

1734617283
32665984 2750340 3398332 20292212 2097148 1199756

1734617284
32665984 2748100 3398336 20294176 2097148 1199756

1734617285
32665984 2745600 3398336 20296620 2097148 1199756

1734617286
32665984 2741580 3398344 20299444 2097148 1199756

1734617287
32665984 2738064 3398344 20302904 2097148 1199756

1734617288
32665984 2735040 3398344 20306536 2097148 1199756

1734617289
32665984 2729748 3398344 20309504 2097148 1199756

1734617290
32665984 2723456 3398344 20312696 2097148 1199756

1734617291
32665984 2719676 3398352 20314860 2097148 1199756

1734617292
32665984 2716148 3398352 20316680 2097148 1199756

1734617293
32665984 2713124 3398352 20319020 2097148 1199756

1734617294
32665984 2710604 3398352 20320332 2097148 1199756

1734617295
32665984 2708840 3398352 20321392 2097148 1199756

1734617296
32665984 2706824 3398360 20322476 2097148 1199756

1734617297
32665984 2704808 3398360 20323620 2097148 1199756

1734617298
32665984 2703044 3398360 20324620 2097148 1199756

1734617299
32665984 2700020 3398360 20326000 2097148 1199756

1734617300
32665984 2696492 3398360 20328388 2097148 1199756

1734617301
32665984 2692716 3398368 20330712 2097148 1199756

1734617302
32665984 2687688 3398368 20333828 2097148 1199756

1734617303
32665984 2681640 3398368 20337176 2097148 1199756

1734617304
32665984 2674584 3398368 20341144 2097148 1199756

1734617305
32665984 2667780 3398368 20344784 2097148 1199756

1734617306
32665984 2658708 3398380 20348776 2097148 1199756

1734617307
32665984 2651920 3398380 20352812 2097148 1199756

1734617308
32665984 2647384 3398380 20356384 2097148 1199756

1734617309
32665984 2640088 3398388 20359896 2097148 1199756

1734617310
32665984 2633788 3398396 20363396 2097148 1199756

1734617311
32665984 2627992 3398404 20366484 2097148 1199756

1734617312
32665984 2623204 3398404 20369460 2097148 1199756

1734617313
32665984 2616904 3398404 20372784 2097148 1199756

1734617314
32665984 2610100 3398404 20376644 2097148 1199756

1734617315
32665984 2603044 3398404 20380176 2097148 1199756

1734617316
32665984 2598256 3398412 20383208 2097148 1199756

1734617317
32665984 2594236 3398412 20385420 2097148 1199756

1734617318
32665984 2589952 3398412 20388004 2097148 1199756

1734617319
32665984 2582140 3398412 20391152 2097148 1199756

1734617320
32665984 2576848 3398412 20393988 2097148 1199756

1734617321
32665984 2570800 3398420 20397024 2097148 1199756

1734617322
32665984 2565760 3398420 20400512 2097148 1199756

1734617323
32665984 2562232 3398420 20403972 2097148 1199756

1734617324
32665984 2558716 3398420 20406408 2097148 1199756

1734617325
32665984 2555440 3398420 20409172 2097148 1199756

1734617326
32665984 2550904 3398428 20412412 2097148 1199756

1734617327
32665984 2546116 3398428 20416044 2097148 1199756

1734617328
32665984 2539312 3398428 20420160 2097148 1199756

1734617329
32665984 2532760 3398428 20424564 2097148 1199756

1734617330
32665984 2525956 3398428 20429824 2097148 1199756

1734617331
32665984 2516136 3398436 20435512 2097148 1199756

1734617332
32665984 2503788 3398436 20441452 2097148 1199756

1734617333
32665984 2492196 3398436 20447748 2097148 1199756

1734617334
32665984 2482368 3398436 20455072 2097148 1199756

1734617335
32665984 2473044 3398436 20460508 2097148 1199756

1734617336
32665984 2470524 3398452 20462684 2097148 1199756

1734617337
32665984 2467752 3398452 20465216 2097148 1199756

1734617338
32665984 2463480 3398452 20467920 2097148 1199756

1734617339
32665984 2456928 3398452 20470616 2097148 1199756

1734617340
32665984 2450380 3398452 20473416 2097148 1199756

1734617341
32665984 2444604 3398460 20475776 2097148 1199756

1734617342
32665984 2437812 3398460 20478592 2097148 1199756

1734617343
32665984 2434536 3398460 20481476 2097148 1199756

1734617344
32665984 2425716 3398460 20485456 2097148 1199756

1734617345
32665984 2420172 3398460 20488628 2097148 1199756

1734617346
32665984 2415888 3398468 20492008 2097148 1199756

1734617347
32665984 2411856 3398468 20495020 2097148 1199756

1734617348
32665984 2406816 3398468 20498284 2097148 1199756

1734617349
32665984 2401536 3398468 20501164 2097148 1199756

1734617350
32665984 2395740 3398468 20504452 2097148 1199756

1734617351
32665984 2389196 3398476 20508196 2097148 1199756

1734617352
32665984 2384420 3398476 20510752 2097148 1199756

1734617353
32665984 2380660 3398476 20513524 2097148 1199756

1734617354
32665984 2377444 3398476 20516644 2097148 1199756

1734617355
32665984 2373412 3398476 20520104 2097148 1199756

1734617356
32665984 2367868 3398484 20523920 2097148 1199756

1734617357
32665984 2364088 3398484 20527336 2097148 1199756

1734617358
32665984 2360056 3398484 20531084 2097148 1199756

1734617359
32665984 2355380 3398484 20534944 2097148 1199756

1734617360
32665984 2351268 3398484 20538708 2097148 1199756

1734617361
32665984 2346228 3398496 20542912 2097148 1199756

1734617362
32665984 2339436 3398500 20547228 2097148 1199756

1734617363
32665984 2332128 3398500 20551768 2097148 1199756

1734617364
32665984 2323560 3398500 20556660 2097148 1199756

1734617365
32665984 2316504 3398500 20562248 2097148 1199756

1734617366
32665984 2306424 3398508 20568424 2097148 1199756

1734617367
32665984 2296596 3398508 20574704 2097148 1199756

1734617368
32665984 2285760 3398508 20581724 2097148 1199756

1734617369
32665984 2275260 3398508 20588880 2097148 1199756

1734617370
32665984 2265852 3398508 20594524 2097148 1199756

1734617371
32665984 2259820 3398516 20599244 2097148 1199756

1734617372
32665984 2252260 3398516 20603664 2097148 1199756

1734617373
32665984 2247220 3398516 20607808 2097148 1199756

1734617374
32665984 2240920 3398516 20612208 2097148 1199756

1734617375
32665984 2235144 3398516 20616652 2097148 1199756

1734617376
32665984 2229620 3398524 20619972 2097148 1199756

1734617377
32665984 2224348 3398524 20622496 2097148 1199756

1734617378
32665984 2218312 3398524 20625348 2097148 1199756

1734617379
32665984 2212272 3398524 20628704 2097148 1199756

1734617380
32665984 2205216 3398524 20632384 2097148 1199756

1734617381
32665984 2198684 3398532 20635636 2097148 1199756

1734617382
32665984 2191640 3398532 20639140 2097148 1199756

1734617383
32665984 2183592 3398532 20643408 2097148 1199756

1734617384
32665984 2176536 3398532 20647628 2097148 1199756

1734617385
32665984 2167464 3398532 20651936 2097148 1199756

1734617386
32665984 2160408 3398540 20656284 2097148 1199756

1734617387
32665984 2151840 3398544 20660660 2097148 1199756

1734617388
32665984 2140268 3398544 20665740 2097148 1199756

1734617389
32665984 2133224 3398544 20669600 2097148 1199756

1734617390
32665984 2126680 3398544 20674128 2097148 1199756

1734617391
32665984 2119372 3398556 20679140 2097148 1199756

1734617392
32665984 2110316 3398560 20684256 2097148 1199756

1734617393
32665984 2102524 3398564 20689136 2097148 1199756

1734617394
32665984 2094712 3398564 20693760 2097148 1199756

1734617395
32665984 2088916 3398564 20697736 2097148 1199756

1734617396
32665984 2083372 3398572 20700732 2097148 1199756

1734617397
32665984 2078332 3398572 20703456 2097148 1199756

1734617398
32665984 2073544 3398572 20706288 2097148 1199756

1734617399
32665984 2067244 3398572 20709792 2097148 1199756

1734617400
32665984 2062204 3398572 20713504 2097148 1199756

1734617401
32665984 2051620 3398580 20718028 2097148 1199756

1734617402
32665984 2044312 3398580 20722932 2097148 1199756

1734617403
32665984 2035272 3398580 20728124 2097148 1199756

1734617404
32665984 2029980 3398580 20731744 2097148 1199756

1734617405
32665984 2024940 3398580 20735036 2097148 1199756

1734617406
32665984 2016120 3398588 20739084 2097148 1199756

1734617407
32665984 2009064 3398588 20743192 2097148 1199756

1734617408
32665984 2002524 3398588 20748376 2097148 1199756

1734617409
32665984 1992464 3398588 20753628 2097148 1199756

1734617410
32665984 1983644 3398588 20758892 2097148 1199756

1734617411
32665984 1975580 3398596 20763584 2097148 1199756

1734617412
32665984 1967012 3398596 20769112 2097148 1199756

1734617413
32665984 1960208 3398596 20774924 2097148 1199756

1734617414
32665984 1953656 3398596 20780788 2097148 1199756

1734617415
32665984 1946600 3398596 20787168 2097148 1199756

1734617416
32665984 1937528 3398604 20794016 2097148 1199756

1734617417
32665984 1915100 3398604 20799732 2097148 1199756

1734617418
32665984 1856564 3398604 20867716 2097148 1199756

1734617419
32665984 1693016 3398608 21025252 2097148 1199756

1734617420
32665984 1606608 3398608 21099836 2097148 1199756

1734617421
32665984 1581912 3398620 21117608 2097148 1199756

1734617422
32665984 1562256 3398620 21128248 2097148 1199756

1734617423
32665984 1549164 3398620 21139376 2097148 1199756

1734617424
32665984 1534800 3398624 21152732 2097148 1199756

1734617425
32665984 1500780 3398624 21171512 2097148 1199756

1734617426
32665984 1487676 3398632 21182544 2097148 1199756

1734617427
32665984 1479360 3398632 21188388 2097148 1199756

1734617428
32665984 1475832 3398632 21188744 2097148 1199756

1734617429
32665984 1474824 3398632 21188752 2097148 1199756

1734617430
32665984 1473816 3398632 21188752 2097148 1199756

1734617431
32665984 1380332 3398640 21188752 2097148 1199756

1734617432
32665984 1379576 3398640 21188764 2097148 1199756

1734617433
32665984 1379576 3398640 21188768 2097148 1199756

1734617434
32665984 1379336 3398640 21188768 2097148 1199756

1734617435
32665984 1379336 3398640 21188776 2097148 1199756

1734617436
32665984 1379336 3398648 21188784 2097148 1199756

1734617437
32665984 1379336 3398648 21188796 2097148 1199756

1734617438
32665984 1379336 3398648 21188796 2097148 1199756

1734617439
32665984 1379084 3398648 21188800 2097148 1199756

1734617440
32665984 1379084 3398648 21188808 2097148 1199756

1734617441
32665984 1379084 3398656 21188804 2097148 1199756

1734617442
32665984 1378844 3398656 21188816 2097148 1199756

1734617443
32665984 1378844 3398656 21188820 2097148 1199756

1734617444
32665984 1378844 3398656 21188824 2097148 1199756

1734617445
32665984 1378844 3398656 21188828 2097148 1199756

1734617446
32665984 1378592 3398668 21188924 2097148 1199756

1734617447
32665984 1378592 3398668 21188932 2097148 1199756

1734617448
32665984 1378592 3398668 21188936 2097148 1199756

1734617449
32665984 1378592 3398668 21188940 2097148 1199756

1734617450
32665984 1377876 3398668 21189208 2097148 1199756

1734617451
32665984 1377876 3398676 21189204 2097148 1199756

1734617452
32665984 1377876 3398676 21189216 2097148 1199756

1734617453
32665984 1365276 3398676 21189220 2097148 1199756

1734617454
32665984 1365276 3398676 21189220 2097148 1199756

1734617455
32665984 1365276 3398676 21189224 2097148 1199756

1734617456
32665984 1365276 3398684 21189344 2097148 1199756

1734617457
32665984 1365276 3398684 21189364 2097148 1199756

1734617458
32665984 1365036 3398684 21189364 2097148 1199756

1734617459
32665984 1351428 3398684 21189368 2097148 1199756

1734617460
32665984 1351176 3398684 21189372 2097148 1199756

1734617461
32665984 1350936 3398692 21189372 2097148 1199756

1734617462
32665984 1350936 3398692 21189380 2097148 1199756

1734617463
32665984 1350936 3398692 21189384 2097148 1199756

1734617464
32665984 1350696 3398692 21189388 2097148 1199756

1734617465
32665984 1350696 3398692 21189392 2097148 1199756

1734617466
32665984 1350696 3398700 21189384 2097148 1199756

1734617467
32665984 1350444 3398700 21189400 2097148 1199756

1734617468
32665984 1349700 3398700 21189404 2097148 1199756

1734617469
32665984 1216308 3398700 21189408 2097148 1199756

1734617470
32665984 1212284 3398700 21189408 2097148 1199756

1734617471
32665984 1203072 3398708 21189408 2097148 1199756

1734617472
32665984 1194252 3398708 21189420 2097148 1199756

1734617473
32665984 1194148 3398708 21189424 2097148 1199756

1734617474
32665984 1194148 3398708 21189424 2097148 1199756

1734617475
32665984 1193656 3398708 21189500 2097148 1199756

1734617476
32665984 1193656 3398720 21189548 2097148 1199756

1734617477
32665984 1191640 3398720 21189564 2097148 1199756

1734617478
32665984 1186104 3398720 21189564 2097148 1199756

1734617479
32665984 1177032 3398720 21189572 2097148 1199756

1734617480
32665984 1175520 3398720 21189572 2097148 1199756

1734617481
32665984 1171488 3398728 21189580 2097148 1199756

1734617482
32665984 1159392 3398728 21189584 2097148 1199756

1734617483
32665984 1140252 3398728 21189588 2097148 1199756

1734617484
32665984 1135464 3398728 21189592 2097148 1199756

1734617485
32665984 1135224 3398728 21189600 2097148 1199756

1734617486
32665984 1125144 3398736 21189592 2097148 1199756

1734617487
32665984 1122884 3398736 21189608 2097148 1199756

1734617488
32665984 1106000 3398736 21189612 2097148 1199756

1734617489
32665984 1105496 3398736 21189616 2097148 1199756

1734617490
32665984 1105496 3398736 21189616 2097148 1199756

1734617491
32665984 1105496 3398744 21189616 2097148 1199756

1734617492
32665984 1105012 3398744 21189624 2097148 1199756

1734617493
32665984 1105012 3398744 21189628 2097148 1199756

1734617494
32665984 1094428 3398744 21189632 2097148 1199756

1734617495
32665984 1094176 3398744 21189632 2097148 1199756

1734617496
32665984 1094176 3398752 21189628 2097148 1199756

1734617497
32665984 1093168 3398752 21189640 2097148 1199756

1734617498
32665984 1085104 3398752 21189644 2097148 1199756

1734617499
32665984 1067716 3398752 21189648 2097148 1199756

1734617500
32665984 1067224 3398752 21189652 2097148 1199756

1734617501
32665984 1059664 3398764 21189644 2097148 1199756

1734617502
32665984 1054624 3398764 21189664 2097148 1199756

1734617503
32665984 1050088 3398764 21189664 2097148 1199756

1734617504
32665984 1046560 3398764 21189668 2097148 1199756

1734617505
32665984 1046560 3398764 21189672 2097148 1199756

1734617506
32665984 1033456 3398772 21189668 2097148 1199756

1734617507
32665984 1032964 3398772 21189676 2097148 1199756

1734617508
32665984 1020616 3398772 21189684 2097148 1199756

1734617509
32665984 1020112 3398772 21189688 2097148 1199756

1734617510
32665984 1020112 3398772 21189692 2097148 1199756

1734617511
32665984 1010788 3398780 21189688 2097148 1199756

1734617512
32665984 1009024 3398780 21189696 2097148 1199756

1734617513
32665984 1006516 3398780 21189700 2097148 1199756

1734617514
32665984 1000468 3398780 21189704 2097148 1199756

1734617515
32665984 993860 3398780 21189708 2097148 1199756

1734617516
32665984 987868 3398788 21189828 2097148 1199756

1734617517
32665984 985612 3398788 21189844 2097148 1199756

1734617518
32665984 981832 3398788 21189844 2097148 1199756

1734617519
32665984 1055936 3398788 21189848 2097148 1199756

1734617520
32665984 1002260 3398788 21189848 2097148 1199756

1734617521
32665984 975800 3398796 21189844 2097148 1199756

1734617522
32665984 975548 3398796 21189856 2097148 1199756

1734617523
32665984 841988 3398920 21376596 2097148 1199756

1734617524
32665984 651440 3398920 21567216 2097148 1199756

1734617525
32665984 604012 3398932 21611652 2097148 1199756

1734617526
32665984 2709800 3398992 21616684 2097148 1199756

1734617527
32665984 2877908 3399768 21619940 2097148 1200268

