1734616415
lo: 0 0 0 0
eth0: 120587206 1405804 0 0

1734616416
lo: 0 0 0 0
eth0: 137465629 1567464 16878423 161660

1734616417
lo: 0 0 0 0
eth0: 234400707 2200688 96935078 633224

1734616418
lo: 0 0 0 0
eth0: 371902662 2858314 137501955 657626

1734616419
lo: 0 0 0 0
eth0: 390494561 3016516 18591899 158202

1734616420
lo: 0 0 0 0
eth0: 409099857 3150718 18605296 134202

1734616421
lo: 0 0 0 0
eth0: 415286163 3210626 6186306 59908

1734616422
lo: 0 0 0 0
eth0: 439321333 3381714 24035170 171088

1734616423
lo: 0 0 0 0
eth0: 486440054 3742354 47118721 360640

1734616424
lo: 0 0 0 0
eth0: 555996228 4278456 69556174 536102

1734616425
lo: 0 0 0 0
eth0: 588909191 4595168 32912963 316712

1734616426
lo: 0 0 0 0
eth0: 614681166 4826388 25771975 231220

1734616427
lo: 0 0 0 0
eth0: 641590391 5109556 26909225 283168

1734616428
lo: 0 0 0 0
eth0: 661614055 5362138 20023664 252582

1734616429
lo: 0 0 0 0
eth0: 681195639 5626470 19581584 264332

1734616430
lo: 0 0 0 0
eth0: 699526386 5867205 18330747 240735

1734616431
lo: 0 0 0 0
eth0: 711477919 6015033 11951533 147828

1734616432
lo: 0 0 0 0
eth0: 725897683 6176990 14419764 161957

1734616433
lo: 0 0 0 0
eth0: 742078193 6363852 16180510 186862

1734616434
lo: 0 0 0 0
eth0: 750571592 6493740 8493399 129888

1734616435
lo: 0 0 0 0
eth0: 779069970 6749343 28498378 255603

1734616436
lo: 0 0 0 0
eth0: 786731738 6864629 7661768 115286

1734616437
lo: 0 0 0 0
eth0: 792735633 6949744 6003895 85115

1734616438
lo: 0 0 0 0
eth0: 913768601 7545509 121032968 595765

1734616440
lo: 0 0 0 0
eth0: 971957824 7927083 58189223 381574

1734616441
lo: 0 0 0 0
eth0: 998152077 8129888 26194253 202805

1734616442
lo: 0 0 0 0
eth0: 1064203945 8555675 66051868 425787

1734616443
lo: 0 0 0 0
eth0: 1114589170 8942898 50385225 387223

1734616444
lo: 0 0 0 0
eth0: 1156979013 9315400 42389843 372502

1734616445
lo: 0 0 0 0
eth0: 1204821475 9739886 47842462 424486

1734616446
lo: 0 0 0 0
eth0: 1261003323 10181533 56181848 441647

1734616447
lo: 0 0 0 0
eth0: 1304759260 10558908 43755937 377375

1734616448
lo: 0 0 0 0
eth0: 1331615994 10896816 26856734 337908

1734616449
lo: 0 0 0 0
eth0: 1338008204 11011060 6392210 114244

1734616450
lo: 0 0 0 0
eth0: 1344748330 11115092 6740126 104032

1734616451
lo: 220 220 220 220
eth0: 1351628235 11231904 6879905 116812

1734616452
lo: 220 220 0 0
eth0: 1357353008 11322913 5724773 91009

1734616453
lo: 220 220 0 0
eth0: 1368749306 11458082 11396298 135169

1734616454
lo: 220 220 0 0
eth0: 1376720552 11566619 7971246 108537

1734616455
lo: 440 440 220 220
eth0: 1387936155 11693308 11215603 126689

1734616456
lo: 506 506 66 66
eth0: 1409616648 11885129 21680493 191821

1734616457
lo: 506 506 0 0
eth0: 1416212378 12050154 6595730 165025

1734616458
lo: 506 506 0 0
eth0: 1421690203 12143173 5477825 93019

1734616459
lo: 572 572 66 66
eth0: 1464913703 12515109 43223500 371936

1734616460
lo: 572 572 0 0
eth0: 1485124048 12682652 20210345 167543

1734616461
lo: 572 572 0 0
eth0: 1501192236 12816375 16068188 133723

1734616462
lo: 572 572 0 0
eth0: 1503949962 12875600 2757726 59225

1734616463
lo: 572 572 0 0
eth0: 1507491826 12957169 3541864 81569

1734616464
lo: 572 572 0 0
eth0: 1512160569 13043450 4668743 86281

1734616465
lo: 572 572 0 0
eth0: 1515866583 13120603 3706014 77153

1734616466
lo: 572 572 0 0
eth0: 1519751085 13198465 3884502 77862

1734616467
lo: 572 572 0 0
eth0: 1522645409 13267444 2894324 68979

1734616468
lo: 572 572 0 0
eth0: 1525707611 13333014 3062202 65570

1734616469
lo: 572 572 0 0
eth0: 1529651935 13417471 3944324 84457

1734616470
lo: 572 572 0 0
eth0: 1533689733 13504108 4037798 86637

1734616471
lo: 572 572 0 0
eth0: 1537557755 13584301 3868022 80193

1734616472
lo: 572 572 0 0
eth0: 1542110810 13675019 4553055 90718

1734616473
lo: 572 572 0 0
eth0: 1547002549 13765089 4891739 90070

1734616474
lo: 572 572 0 0
eth0: 1553149474 13863195 6146925 98106

1734616475
lo: 572 572 0 0
eth0: 1557432649 13937305 4283175 74110

1734616476
lo: 572 572 0 0
eth0: 1560606287 13992373 3173638 55068

1734616477
lo: 572 572 0 0
eth0: 1567124964 14077769 6518677 85396

1734616478
lo: 572 572 0 0
eth0: 1570640529 14137301 3515565 59532

1734616479
lo: 572 572 0 0
eth0: 1573552563 14180003 2912034 42702

1734616480
lo: 572 572 0 0
eth0: 1576633339 14226203 3080776 46200

1734616481
lo: 572 572 0 0
eth0: 1579825441 14274713 3192102 48510

1734616482
lo: 572 572 0 0
eth0: 1583672813 14339525 3847372 64812

1734616483
lo: 572 572 0 0
eth0: 1587343755 14394371 3670942 54846

1734616484
lo: 572 572 0 0
eth0: 1589051915 14426447 1708160 32076

1734616485
lo: 572 572 0 0
eth0: 1590718121 14461649 1666206 35202

1734616486
lo: 572 572 0 0
eth0: 1592734615 14501117 2016494 39468

1734616487
lo: 572 572 0 0
eth0: 1594528327 14538473 1793712 37356

1734616488
lo: 572 572 0 0
eth0: 1595847896 14566391 1319569 27918

1734616489
lo: 572 572 0 0
eth0: 1597246640 14595233 1398744 28842

1734616490
lo: 572 572 0 0
eth0: 1598736226 14622755 1489586 27522

1734616491
lo: 572 572 0 0
eth0: 1600301034 14652059 1564808 29304

1734616492
lo: 572 572 0 0
eth0: 1602019882 14690339 1718848 38280

1734616493
lo: 572 572 0 0
eth0: 1603411317 14719049 1391435 28710

1734616494
lo: 572 572 0 0
eth0: 1606558369 14761619 3147052 42570

1734616495
lo: 572 572 0 0
eth0: 1613968515 14848079 7410146 86460

1734616496
lo: 572 572 0 0
eth0: 1622124693 14946947 8156178 98868

1734616497
lo: 572 572 0 0
eth0: 1629112686 15030095 6987993 83148

1734616498
lo: 572 572 0 0
eth0: 1636581868 15116291 7469182 86196

1734616499
lo: 572 572 0 0
eth0: 1644214578 15201101 7632710 84810

1734616500
lo: 572 572 0 0
eth0: 1652084214 15291983 7869636 90882

1734616501
lo: 572 572 0 0
eth0: 1660830600 15393093 8746386 101110

1734616502
lo: 572 572 0 0
eth0: 1669942926 15495591 9112326 102498

1734616503
lo: 572 572 0 0
eth0: 1678007068 15574791 8064142 79200

1734616504
lo: 572 572 0 0
eth0: 1686380926 15663891 8373858 89100

1734616505
lo: 572 572 0 0
eth0: 1692866990 15732135 6486064 68244

1734616506
lo: 572 572 0 0
eth0: 1699103100 15797871 6236110 65736

1734616507
lo: 572 572 0 0
eth0: 1705635694 15873045 6532594 75174

1734616508
lo: 572 572 0 0
eth0: 1711765658 15948219 6129964 75174

1734616509
lo: 572 572 0 0
eth0: 1717563444 16023063 5797786 74844

1734616510
lo: 572 572 0 0
eth0: 1722529629 16092297 4966185 69234

1734616511
lo: 572 572 0 0
eth0: 1727490189 16156293 4960560 63996

1734616512
lo: 572 572 0 0
eth0: 1733336817 16229958 5846628 73665

1734616513
lo: 572 572 0 0
eth0: 1739898997 16306805 6562180 76847

1734616514
lo: 572 572 0 0
eth0: 1746498259 16375063 6599262 68258

1734616515
lo: 572 572 0 0
eth0: 1754503231 16448521 8004972 73458

1734616516
lo: 572 572 0 0
eth0: 1761821701 16506469 7318470 57948

1734616517
lo: 572 572 0 0
eth0: 1768114987 16574500 6293286 68031

1734616518
lo: 572 572 0 0
eth0: 1782482871 16746505 14367884 172005

1734616519
lo: 572 572 0 0
eth0: 1795218405 16887410 12735534 140905

1734616520
lo: 572 572 0 0
eth0: 1808191701 17031171 12973296 143761

1734616521
lo: 572 572 0 0
eth0: 1837754139 17221405 29562438 190234

1734616522
lo: 572 572 0 0
eth0: 1846053847 17300105 8299708 78700

1734616523
lo: 572 572 0 0
eth0: 1856405847 17424724 10352000 124619

1734616524
lo: 572 572 0 0
eth0: 1906380277 17711872 49974430 287148

1734616525
lo: 572 572 0 0
eth0: 1976857514 18169180 70477237 457308

1734616526
lo: 572 572 0 0
eth0: 2027513696 18532122 50656182 362942

1734616527
lo: 572 572 0 0
eth0: 2040726550 18686939 13212854 154817

1734616528
lo: 572 572 0 0
eth0: 2057253309 18882728 16526759 195789

1734616530
lo: 572 572 0 0
eth0: 2096021433 19139540 38768124 256812

1734616531
lo: 572 572 0 0
eth0: 2118885647 19290572 22864214 151032

1734616532
lo: 572 572 0 0
eth0: 2141174845 19454054 22289198 163482

1734616533
lo: 572 572 0 0
eth0: 2162438201 19601696 21263356 147642

1734616534
lo: 572 572 0 0
eth0: 2184368110 19740890 21929909 139194

1734616535
lo: 572 572 0 0
eth0: 2206122415 19915361 21754305 174471

1734616536
lo: 572 572 0 0
eth0: 2227577888 20058803 21455473 143442

1734616537
lo: 572 572 0 0
eth0: 2238181815 20137167 10603927 78364

1734616538
lo: 572 572 0 0
eth0: 2244199915 20191419 6018100 54252

1734616539
lo: 572 572 0 0
eth0: 2250612623 20243097 6412708 51678

1734616540
lo: 572 572 0 0
eth0: 2255051571 20282895 4438948 39798

1734616541
lo: 572 572 0 0
eth0: 2258394525 20341569 3342954 58674

1734616542
lo: 572 572 0 0
eth0: 2273099634 20464170 14705109 122601

1734616543
lo: 783 783 211 211
eth0: 2290576208 20609392 17476574 145222

1734616544
lo: 783 783 0 0
eth0: 2297138994 20679130 6562786 69738

1734616545
lo: 783 783 0 0
eth0: 2303961954 20740984 6822960 61854

1734616546
lo: 783 783 0 0
eth0: 2306332070 20776294 2370116 35310

1734616547
lo: 1057 1057 274 274
eth0: 2309362978 20822099 3030908 45805

1734616548
lo: 1120 1120 63 63
eth0: 2314582768 20874120 5219790 52021

1734616549
lo: 1120 1120 0 0
eth0: 2318279414 20919726 3696646 45606

1734616550
lo: 1120 1120 0 0
eth0: 2350134511 21047799 31855097 128073

1734616551
lo: 1120 1120 0 0
eth0: 2397247729 21229947 47113218 182148

1734616552
lo: 1120 1120 0 0
eth0: 2404337582 21300237 7089853 70290

1734616554
lo: 1120 1120 0 0
eth0: 2412780326 21379239 8442744 79002

1734616555
lo: 1120 1120 0 0
eth0: 2418778334 21434441 5998008 55202

1734616556
lo: 1120 1120 0 0
eth0: 2424886591 21493545 6108257 59104

1734616557
lo: 1120 1120 0 0
eth0: 2432128413 21557934 7241822 64389

1734616558
lo: 1120 1120 0 0
eth0: 2437090242 21612515 4961829 54581

1734616559
lo: 1120 1120 0 0
eth0: 2447986041 21691125 10895799 78610

1734616560
lo: 1120 1120 0 0
eth0: 2454307983 21751023 6321942 59898

1734616561
lo: 1120 1120 0 0
eth0: 2459904859 21808839 5596876 57816

1734616562
lo: 1120 1120 0 0
eth0: 2465858143 21909363 5953284 100524

1734616563
lo: 1120 1120 0 0
eth0: 2472828372 21985167 6970229 75804

1734616564
lo: 1120 1120 0 0
eth0: 2484196589 22084366 11368217 99199

1734616565
lo: 1120 1120 0 0
eth0: 2493375670 22191261 9179081 106895

1734616566
lo: 1120 1120 0 0
eth0: 2501483697 22305396 8108027 114135

1734616567
lo: 1120 1120 0 0
eth0: 2510107739 22444254 8624042 138858

1734616568
lo: 1120 1120 0 0
eth0: 2519593859 22569344 9486120 125090

1734616569
lo: 1120 1120 0 0
eth0: 2528280958 22700365 8687099 131021

1734616570
lo: 1120 1120 0 0
eth0: 2538090672 22828854 9809714 128489

1734616571
lo: 1120 1120 0 0
eth0: 2546888594 22961464 8797922 132610

1734616572
lo: 1120 1120 0 0
eth0: 2557613791 23108118 10725197 146654

1734616573
lo: 1120 1120 0 0
eth0: 2591343102 23383179 33729311 275061

1734616574
lo: 1120 1120 0 0
eth0: 2616646137 23585467 25303035 202288

1734616575
lo: 1120 1120 0 0
eth0: 2625775683 23697841 9129546 112374

1734616576
lo: 1120 1120 0 0
eth0: 2637112610 23864508 11336927 166667

1734616577
lo: 1120 1120 0 0
eth0: 2648570890 24025944 11458280 161436

1734616578
lo: 1120 1120 0 0
eth0: 2661794428 24199722 13223538 173778

1734616579
lo: 1120 1120 0 0
eth0: 2673120649 24341235 11326221 141513

1734616580
lo: 1120 1120 0 0
eth0: 2687064267 24488142 13943618 146907

1734616581
lo: 1120 1120 0 0
eth0: 2698916375 24646208 11852108 158066

1734616582
lo: 1120 1120 0 0
eth0: 2713314979 24819197 14398604 172989

1734616583
lo: 1120 1120 0 0
eth0: 2727969067 25016610 14654088 197413

1734616584
lo: 1120 1120 0 0
eth0: 2743874683 25219725 15905616 203115

1734616585
lo: 1120 1120 0 0
eth0: 2766563820 25484493 22689137 264768

1734616586
lo: 1120 1120 0 0
eth0: 2780792127 25702441 14228307 217948

1734616587
lo: 1120 1120 0 0
eth0: 2798109016 25968925 17316889 266484

1734616588
lo: 1120 1120 0 0
eth0: 2812662755 26174301 14553739 205376

1734616589
lo: 1120 1120 0 0
eth0: 2830167997 26423138 17505242 248837

1734616590
lo: 1120 1120 0 0
eth0: 2850762574 26692635 20594577 269497

1734616591
lo: 1120 1120 0 0
eth0: 2868522919 27207462 17760345 514827

1734616592
lo: 1120 1120 0 0
eth0: 2892325264 27498549 23802345 291087

1734616593
lo: 1120 1120 0 0
eth0: 2921708927 27854803 29383663 356254

1734616594
lo: 1120 1120 0 0
eth0: 2961363949 28247107 39655022 392304

1734616595
lo: 1120 1120 0 0
eth0: 3004571501 28612745 43207552 365638

1734616596
lo: 1120 1120 0 0
eth0: 3023818616 28871304 19247115 258559

1734616597
lo: 1120 1120 0 0
eth0: 3037158129 29086208 13339513 214904

1734616598
lo: 1120 1120 0 0
eth0: 3049915392 29265931 12757263 179723

1734616599
lo: 1120 1120 0 0
eth0: 3063848867 29490733 13933475 224802

1734616600
lo: 1120 1120 0 0
eth0: 3081007086 29703355 17158219 212622

1734616601
lo: 1120 1120 0 0
eth0: 3104376565 29988561 23369479 285206

1734616602
lo: 1120 1120 0 0
eth0: 3138093452 30297840 33716887 309279

1734616603
lo: 1120 1120 0 0
eth0: 3151110140 30479770 13016688 181930

1734616604
lo: 1120 1120 0 0
eth0: 3166681011 30664503 15570871 184733

1734616605
lo: 1120 1120 0 0
eth0: 3179796324 30819141 13115313 154638

1734616606
lo: 1120 1120 0 0
eth0: 3190970523 30959009 11174199 139868

1734616607
lo: 1120 1120 0 0
eth0: 3211100693 31135010 20130170 176001

1734616608
lo: 1120 1120 0 0
eth0: 3219640737 31291235 8540044 156225

1734616609
lo: 1120 1120 0 0
eth0: 3242952328 31494655 23311591 203420

1734616610
lo: 1120 1120 0 0
eth0: 3254094853 31655827 11142525 161172

1734616611
lo: 1120 1120 0 0
eth0: 3265494165 31819111 11399312 163284

1734616612
lo: 1120 1120 0 0
eth0: 3280508849 32001073 15014684 181962

1734616613
lo: 1120 1120 0 0
eth0: 3297432419 32213419 16923570 212346

1734616614
lo: 1120 1120 0 0
eth0: 3315999230 32446454 18566811 233035

1734616615
lo: 1120 1120 0 0
eth0: 3332289093 32654419 16289863 207965

1734616616
lo: 1120 1120 0 0
eth0: 3351347323 32926988 19058230 272569

1734616617
lo: 1120 1120 0 0
eth0: 3368541967 33145976 17194644 218988

1734616618
lo: 1120 1120 0 0
eth0: 3384414133 33363578 15872166 217602

1734616619
lo: 1120 1120 0 0
eth0: 3400720709 33570620 16306576 207042

1734616620
lo: 1120 1120 0 0
eth0: 3418438717 33805448 17718008 234828

1734616621
lo: 1120 1120 0 0
eth0: 3436609377 34027274 18170660 221826

1734616622
lo: 1120 1120 0 0
eth0: 3451342388 34215660 14733011 188386

1734616623
lo: 1120 1120 0 0
eth0: 3461823521 34359564 10481133 143904

1734616624
lo: 1120 1120 0 0
eth0: 3471434652 34486440 9611131 126876

1734616625
lo: 1120 1120 0 0
eth0: 3480563470 34602864 9128818 116424

1734616626
lo: 1120 1120 0 0
eth0: 3489422595 34723069 8859125 120205

1734616627
lo: 1120 1120 0 0
eth0: 3498646906 34836461 9224311 113392

1734616628
lo: 1120 1120 0 0
eth0: 3507506962 34950707 8860056 114246

1734616629
lo: 1120 1120 0 0
eth0: 3515729426 35064161 8222464 113454

1734616630
lo: 1120 1120 0 0
eth0: 3524835334 35188307 9105908 124146

1734616631
lo: 1120 1120 0 0
eth0: 3533857272 35302960 9021938 114653

1734616632
lo: 1120 1120 0 0
eth0: 3543879222 35437466 10021950 134506

1734616633
lo: 1120 1120 0 0
eth0: 3553778826 35576264 9899604 138798

1734616634
lo: 1120 1120 0 0
eth0: 3565120151 35752557 11341325 176293

1734616635
lo: 1120 1120 0 0
eth0: 3577658277 35927457 12538126 174900

1734616636
lo: 1120 1120 0 0
eth0: 3588917792 36084801 11259515 157344

1734616637
lo: 1120 1120 0 0
eth0: 3599857914 36247887 10940122 163086

1734616638
lo: 1120 1120 0 0
eth0: 3611290598 36391239 11432684 143352

1734616639
lo: 1120 1120 0 0
eth0: 3623924920 36535449 12634322 144210

1734616640
lo: 1120 1120 0 0
eth0: 3637243590 36692749 13318670 157300

1734616641
lo: 1120 1120 0 0
eth0: 3649236884 36841227 11993294 148478

1734616642
lo: 1120 1120 0 0
eth0: 3660279707 36994743 11042823 153516

1734616643
lo: 1120 1120 0 0
eth0: 3672206153 37162395 11926446 167652

1734616644
lo: 1120 1120 0 0
eth0: 3685403079 37330445 13196926 168050

1734616645
lo: 1120 1120 0 0
eth0: 3697128018 37493909 11724939 163464

1734616646
lo: 1120 1120 0 0
eth0: 3708098566 37647404 10970548 153495

1734616647
lo: 1120 1120 0 0
eth0: 3718133955 37794229 10035389 146825

1734616648
lo: 1120 1120 0 0
eth0: 3728187882 37934095 10053927 139866

1734616649
lo: 1120 1120 0 0
eth0: 3738515386 38067861 10327504 133766

1734616650
lo: 1120 1120 0 0
eth0: 3749960847 38215520 11445461 147659

1734616651
lo: 1120 1120 0 0
eth0: 3761895769 38370169 11934922 154649

1734616652
lo: 1120 1120 0 0
eth0: 3774321340 38524986 12425571 154817

1734616653
lo: 1120 1120 0 0
eth0: 3785225192 38660612 10903852 135626

1734616654
lo: 1120 1120 0 0
eth0: 3796578463 38817785 11353271 157173

1734616655
lo: 1120 1120 0 0
eth0: 3803607374 38906908 7028911 89123

1734616656
lo: 1120 1120 0 0
eth0: 3809550646 38977952 5943272 71044

1734616657
lo: 1120 1120 0 0
eth0: 3815975280 39057416 6424634 79464

1734616658
lo: 1120 1120 0 0
eth0: 3822980478 39129576 7005198 72160

1734616659
lo: 1120 1120 0 0
eth0: 3830389822 39206107 7409344 76531

1734616660
lo: 1120 1120 0 0
eth0: 3837179738 39292419 6789916 86312

1734616661
lo: 1120 1120 0 0
eth0: 3843115723 39372625 5935985 80206

1734616662
lo: 1120 1120 0 0
eth0: 3848840748 39442749 5725025 70124

1734616663
lo: 1120 1120 0 0
eth0: 3855929056 39524481 7088308 81732

1734616664
lo: 1120 1120 0 0
eth0: 3865278839 39621417 9349783 96936

1734616665
lo: 1120 1120 0 0
eth0: 3878636711 39747115 13357872 125698

1734616666
lo: 1120 1120 0 0
eth0: 3893142782 39904992 14506071 157877

1734616667
lo: 1120 1120 0 0
eth0: 3907703722 40069550 14560940 164558

1734616668
lo: 1120 1120 0 0
eth0: 3921723119 40229315 14019397 159765

1734616669
lo: 1120 1120 0 0
eth0: 3929971097 40352398 8247978 123083

1734616670
lo: 1120 1120 0 0
eth0: 3938809287 40486163 8838190 133765

1734616671
lo: 1120 1120 0 0
eth0: 3948505048 40626742 9695761 140579

1734616672
lo: 1120 1120 0 0
eth0: 3957826347 40757166 9321299 130424

1734616673
lo: 1120 1120 0 0
eth0: 3966684662 40894671 8858315 137505

1734616674
lo: 1120 1120 0 0
eth0: 3974746158 41026640 8061496 131969

1734616675
lo: 1120 1120 0 0
eth0: 3984969607 41167727 10223449 141087

1734616676
lo: 1120 1120 0 0
eth0: 3995914424 41308385 10944817 140658

1734616677
lo: 1120 1120 0 0
eth0: 4008326191 41459050 12411767 150665

1734616678
lo: 1120 1120 0 0
eth0: 4022453226 41625558 14127035 166508

1734616679
lo: 1120 1120 0 0
eth0: 4050768739 41817680 28315513 192122

1734616680
lo: 1120 1120 0 0
eth0: 4063190611 41923724 12421872 106044

1734616681
lo: 1120 1120 0 0
eth0: 4066612996 41973550 3422385 49826

1734616682
lo: 1120 1120 0 0
eth0: 4077531900 42106810 10918904 133260

1734616684
lo: 1331 1331 211 211
eth0: 4084920361 42227468 7388461 120658

1734616685
lo: 1331 1331 0 0
eth0: 4093458904 42319831 8538543 92363

1734616686
lo: 1473 1473 142 142
eth0: 4098723193 42388503 5264289 68672

1734616687
lo: 1747 1747 274 274
eth0: 4104052163 42474364 5328970 85861

1734616688
lo: 1747 1747 0 0
eth0: 4109217963 42537046 5165800 62682

1734616689
lo: 1747 1747 0 0
eth0: 4115508731 42667016 6290768 129970

1734616690
lo: 2009 2009 262 262
eth0: 4134262703 42820178 18753972 153162

1734616691
lo: 2072 2072 63 63
eth0: 4141414852 42995847 7152149 175669

1734616692
lo: 2072 2072 0 0
eth0: 4148181235 43122767 6766383 126920

1734616693
lo: 2072 2072 0 0
eth0: 4155148989 43226054 6967754 103287

1734616694
lo: 2192 2192 120 120
eth0: 4201555224 43585359 46406235 359305

1734616695
lo: 2192 2192 0 0
eth0: 4236486550 43875220 34931326 289861

1734616696
lo: 2192 2192 0 0
eth0: 4248009183 44021363 11522633 146143

1734616697
lo: 2192 2192 0 0
eth0: 4260353348 44177337 12344165 155974

1734616698
lo: 2192 2192 0 0
eth0: 4272996566 44331027 12643218 153690

1734616699
lo: 2192 2192 0 0
eth0: 4284168989 44448107 11172423 117080

1734616700
lo: 2192 2192 0 0
eth0: 4293817923 44568654 9648934 120547

1734616701
lo: 2192 2192 0 0
eth0: 4301152584 44651188 7334661 82534

1734616702
lo: 2192 2192 0 0
eth0: 4311218098 44756668 10065514 105480

1734616703
lo: 2192 2192 0 0
eth0: 4324106643 44881668 12888545 125000

1734616704
lo: 2192 2192 0 0
eth0: 4335317401 44999236 11210758 117568

1734616705
lo: 2192 2192 0 0
eth0: 4345656236 45111971 10338835 112735

1734616707
lo: 2192 2192 0 0
eth0: 4355151032 45220268 9494796 108297

1734616708
lo: 2192 2192 0 0
eth0: 4369007634 45364274 13856602 144006

1734616709
lo: 2192 2192 0 0
eth0: 4377396842 45473185 8389208 108911

1734616710
lo: 2192 2192 0 0
eth0: 4384778003 45570667 7381161 97482

1734616711
lo: 2192 2192 0 0
eth0: 4391514584 45654243 6736581 83576

1734616712
lo: 2192 2192 0 0
eth0: 4397836352 45724690 6321768 70447

1734616713
lo: 2192 2192 0 0
eth0: 4404333385 45804255 6497033 79565

1734616714
lo: 2192 2192 0 0
eth0: 4412185755 45916230 7852370 111975

1734616715
lo: 2192 2192 0 0
eth0: 4419496528 45998149 7310773 81919

1734616716
lo: 2192 2192 0 0
eth0: 4425948910 46091675 6452382 93526

1734616717
lo: 2192 2192 0 0
eth0: 4433034588 46190579 7085678 98904

1734616718
lo: 2192 2192 0 0
eth0: 4439513640 46267568 6479052 76989

1734616719
lo: 2192 2192 0 0
eth0: 4446383471 46345556 6869831 77988

1734616720
lo: 2192 2192 0 0
eth0: 4451911972 46421185 5528501 75629

1734616721
lo: 2192 2192 0 0
eth0: 4458602901 46520360 6690929 99175

1734616722
lo: 2192 2192 0 0
eth0: 4466877110 46633881 8274209 113521

1734616723
lo: 2192 2192 0 0
eth0: 4474723334 46741462 7846224 107581

1734616724
lo: 2192 2192 0 0
eth0: 4482491949 46844867 7768615 103405

1734616725
lo: 2192 2192 0 0
eth0: 4488932874 46941930 6440925 97063

1734616726
lo: 2192 2192 0 0
eth0: 4495049094 47022860 6116220 80930

1734616727
lo: 2192 2192 0 0
eth0: 4502863190 47135582 7814096 112722

1734616728
lo: 2192 2192 0 0
eth0: 4521074183 47275016 18210993 139434

1734616729
lo: 2192 2192 0 0
eth0: 4527948604 47586733 6874421 311717

1734616730
lo: 2192 2192 0 0
eth0: 4533070329 47670425 5121725 83692

1734616731
lo: 2192 2192 0 0
eth0: 4567229431 47865287 34159102 194862

1734616732
lo: 2192 2192 0 0
eth0: 4616704693 48106025 49475262 240738

1734616733
lo: 2192 2192 0 0
eth0: 4634891536 48257299 18186843 151274

1734616734
lo: 2192 2192 0 0
eth0: 4639484172 48331381 4592636 74082

1734616735
lo: 2192 2192 0 0
eth0: 4648728896 48632612 9244724 301231

1734616736
lo: 2192 2192 0 0
eth0: 4655185443 48709963 6456547 77351

1734616737
lo: 2192 2192 0 0
eth0: 4680168034 48914383 24982591 204420

1734616738
lo: 2192 2192 0 0
eth0: 4739292387 49259874 59124353 345491

1734616739
lo: 2192 2192 0 0
eth0: 4772464677 49469558 33172290 209684

1734616740
lo: 2192 2192 0 0
eth0: 4780157843 49569146 7693166 99588

1734616742
lo: 2192 2192 0 0
eth0: 4789812783 49713476 9654940 144330

1734616743
lo: 2192 2192 0 0
eth0: 4795789377 49794304 5976594 80828

1734616744
lo: 2192 2192 0 0
eth0: 4801031299 49861360 5241922 67056

1734616746
lo: 2192 2192 0 0
eth0: 4819013036 50235079 17981737 373719

1734616748
lo: 2192 2192 0 0
eth0: 4839371108 50474779 20358072 239700

1734616749
lo: 2192 2192 0 0
eth0: 4848207346 50601984 8836238 127205

1734616750
lo: 2192 2192 0 0
eth0: 4856060191 50746409 7852845 144425

1734616751
lo: 2192 2192 0 0
eth0: 4862251258 50837660 6191067 91251

1734616752
lo: 2192 2192 0 0
eth0: 4868648457 50931721 6397199 94061

1734616753
lo: 2192 2192 0 0
eth0: 4875976685 51045043 7328228 113322

1734616754
lo: 2192 2192 0 0
eth0: 4888664808 51226409 12688123 181366

1734616755
lo: 2192 2192 0 0
eth0: 4904442330 51559021 15777522 332612

1734616756
lo: 2192 2192 0 0
eth0: 4924464264 51769457 20021934 210436

1734616757
lo: 2192 2192 0 0
eth0: 4973739927 52115732 49275663 346275

1734616758
lo: 2192 2192 0 0
eth0: 4983925514 52354835 10185587 239103

1734616760
lo: 2192 2192 0 0
eth0: 5032601510 52620658 48675996 265823

1734616761
lo: 2192 2192 0 0
eth0: 5050489105 52787325 17887595 166667

1734616762
lo: 2192 2192 0 0
eth0: 5064152294 52960547 13663189 173222

1734616763
lo: 2192 2192 0 0
eth0: 5074744712 53121067 10592418 160520

1734616764
lo: 2192 2192 0 0
eth0: 5083196299 53266296 8451587 145229

1734616765
lo: 2192 2192 0 0
eth0: 5093360327 53427851 10164028 161555

1734616766
lo: 2192 2192 0 0
eth0: 5100369165 53834886 7008838 407035

1734616767
lo: 2192 2192 0 0
eth0: 5107775365 55674933 7406200 1840047

1734616768
lo: 2192 2192 0 0
eth0: 5115886855 56389233 8111490 714300

1734616769
lo: 2192 2192 0 0
eth0: 5124482887 56522289 8596032 133056

1734616770
lo: 2192 2192 0 0
eth0: 5130352467 56613897 5869580 91608

1734616772
lo: 2192 2192 0 0
eth0: 5144966896 56763797 14614429 149900

1734616773
lo: 2192 2192 0 0
eth0: 5150729623 56849272 5762727 85475

1734616774
lo: 2192 2192 0 0
eth0: 5158798868 56965843 8069245 116571

1734616776
lo: 2192 2192 0 0
eth0: 5202726128 57257260 43927260 291417

1734616777
lo: 2192 2192 0 0
eth0: 5287047785 58161651 84321657 904391

1734616778
lo: 2192 2192 0 0
eth0: 5340321558 58429757 53273773 268106

1734616779
lo: 2192 2192 0 0
eth0: 5436537404 58819208 96215846 389451

1734616780
lo: 2192 2192 0 0
eth0: 5498834547 59260823 62297143 441615

1734616781
lo: 2192 2192 0 0
eth0: 5553988897 59637689 55154350 376866

1734616782
lo: 2192 2192 0 0
eth0: 5614096158 59849235 60107261 211546

1734616784
lo: 2192 2192 0 0
eth0: 5614166002 59849961 69844 726

1734616785
lo: 2192 2192 0 0
eth0: 5690130561 60314889 75964559 464928

1734616786
lo: 2192 2192 0 0
eth0: 5703372582 60482916 13242021 168027

1734616787
lo: 2192 2192 0 0
eth0: 5720408103 60668126 17035521 185210

1734616789
lo: 2192 2192 0 0
eth0: 5738504181 60984725 18096078 316599

1734616790
lo: 2192 2192 0 0
eth0: 5748657816 61078457 10153635 93732

1734616795
lo: 2192 2192 0 0
eth0: 5780331688 61592909 31673872 514452

1734616796
lo: 2192 2192 0 0
eth0: 5788858558 61727818 8526870 134909

1734616799
lo: 2192 2192 0 0
eth0: 5817235971 62112754 28377413 384936

1734616800
lo: 2192 2192 0 0
eth0: 5827876002 62282590 10640031 169836

1734616801
lo: 2192 2192 0 0
eth0: 5841484149 62468319 13608147 185729

1734616802
lo: 2192 2192 0 0
eth0: 5850957102 62632812 9472953 164493

1734616804
lo: 2192 2192 0 0
eth0: 5873008153 62953440 22051051 320628

1734616805
lo: 2192 2192 0 0
eth0: 5883102529 63101312 10094376 147872

1734616806
lo: 2332 2332 140 140
eth0: 5895043162 63290341 11940633 189029

1734616807
lo: 2332 2332 0 0
eth0: 5912367195 63519203 17324033 228862

1734616808
lo: 2332 2332 0 0
eth0: 5930209102 63785360 17841907 266157

1734616809
lo: 2332 2332 0 0
eth0: 5938868203 63936319 8659101 150959

1734616811
lo: 2590 2590 258 258
eth0: 5958277107 64517036 19408904 580717

1734616812
lo: 2590 2590 0 0
eth0: 5973572810 64698111 15295703 181075

1734616813
lo: 2590 2590 0 0
eth0: 5992570524 64927908 18997714 229797

1734616814
lo: 2708 2708 118 118
eth0: 6010522669 67300561 17952145 2372653

1734616815
lo: 2708 2708 0 0
eth0: 6042181758 71286205 31659089 3985644

1734616816
lo: 2708 2708 0 0
eth0: 6058372030 72883953 16190272 1597748

1734616817
lo: 2708 2708 0 0
eth0: 6079750193 73135590 21378163 251637

1734616818
lo: 2708 2708 0 0
eth0: 6105341701 73449911 25591508 314321

1734616819
lo: 2708 2708 0 0
eth0: 6155136039 73922339 49794338 472428

1734616820
lo: 2708 2708 0 0
eth0: 6199592107 74394401 44456068 472062

1734616822
lo: 2708 2708 0 0
eth0: 6226853205 74739985 27261098 345584

1734616823
lo: 2708 2708 0 0
eth0: 6257249232 75082497 30396027 342512

1734616824
lo: 2708 2708 0 0
eth0: 6278546388 75349203 21297156 266706

1734616825
lo: 2708 2708 0 0
eth0: 6297439808 75587793 18893420 238590

1734616826
lo: 2708 2708 0 0
eth0: 6310920162 75780181 13480354 192388

1734616827
lo: 2708 2708 0 0
eth0: 6322046297 75970433 11126135 190252

1734616828
lo: 2708 2708 0 0
eth0: 6334787343 76159439 12741046 189006

1734616830
lo: 2708 2708 0 0
eth0: 6363612582 76569167 28825239 409728

1734616831
lo: 2708 2708 0 0
eth0: 6374673401 76756167 11060819 187000

1734616832
lo: 2708 2708 0 0
eth0: 6388008562 76950955 13335161 194788

1734616833
lo: 2708 2708 0 0
eth0: 6414107802 77198542 26099240 247587

1734616834
lo: 2708 2708 0 0
eth0: 6427268066 77401957 13160264 203415

1734616835
lo: 2708 2708 0 0
eth0: 6440968033 77614918 13699967 212961

1734616836
lo: 2708 2708 0 0
eth0: 6456096057 77825289 15128024 210371

1734616837
lo: 2708 2708 0 0
eth0: 6475220658 78107122 19124601 281833

1734616839
lo: 2708 2708 0 0
eth0: 6495316104 78400492 20095446 293370

1734616841
lo: 2919 2919 211 211
eth0: 6516959050 78733422 21642946 332930

1734616842
lo: 2919 2919 0 0
eth0: 6528533108 78860254 11574058 126832

1734616843
lo: 2919 2919 0 0
eth0: 6538374110 78972819 9841002 112565

1734616844
lo: 3130 3130 211 211
eth0: 6553368248 79143903 14994138 171084

1734616845
lo: 3130 3130 0 0
eth0: 6609753830 79443576 56385582 299673

1734616847
lo: 3256 3256 126 126
eth0: 6643309635 79617728 33555805 174152

1734616848
lo: 3256 3256 0 0
eth0: 6721488390 80032939 78178755 415211

1734616850
lo: 3256 3256 0 0
eth0: 6905810629 80945912 184322239 912973

1734616851
lo: 3256 3256 0 0
eth0: 6984606677 81343718 78796048 397806

1734616852
lo: 3256 3256 0 0
eth0: 6992508823 81498890 7902146 155172

1734616853
lo: 3256 3256 0 0
eth0: 7007167187 81666824 14658364 167934

1734616854
lo: 3256 3256 0 0
eth0: 7019856176 81835471 12688989 168647

1734616855
lo: 3256 3256 0 0
eth0: 7031614635 81998548 11758459 163077

1734616856
lo: 3256 3256 0 0
eth0: 7042872751 82169554 11258116 171006

1734616857
lo: 3256 3256 0 0
eth0: 7054765297 82347160 11892546 177606

1734616858
lo: 3256 3256 0 0
eth0: 7068213481 82559548 13448184 212388

1734616859
lo: 3256 3256 0 0
eth0: 7082620679 82780846 14407198 221298

1734616860
lo: 3256 3256 0 0
eth0: 7095848653 82988746 13227974 207900

1734616861
lo: 3256 3256 0 0
eth0: 7109112113 83217766 13263460 229020

1734616862
lo: 3256 3256 0 0
eth0: 7123862889 83449728 14750776 231962

1734616863
lo: 3256 3256 0 0
eth0: 7141519061 83703498 17656172 253770

1734616864
lo: 3256 3256 0 0
eth0: 7161961056 83986836 20441995 283338

1734616865
lo: 3256 3256 0 0
eth0: 7175081965 84135008 13120909 148172

1734616866
lo: 3256 3256 0 0
eth0: 7186051521 84273080 10969556 138072

1734616867
lo: 3256 3256 0 0
eth0: 7196152439 84398876 10100918 125796

1734616869
lo: 3256 3256 0 0
eth0: 7209515839 84608426 13363400 209550

1734616870
lo: 3256 3256 0 0
eth0: 7220355303 84763220 10839464 154794

1734616871
lo: 3256 3256 0 0
eth0: 7233881241 84948932 13525938 185712

1734616872
lo: 3256 3256 0 0
eth0: 7240713867 85044225 6832626 95293

1734616877
lo: 3256 3256 0 0
eth0: 7262668852 85193329 21954985 149104

1734616878
lo: 3256 3256 0 0
eth0: 7317991784 85621590 55322932 428261

1734616879
lo: 3256 3256 0 0
eth0: 7374535919 86095932 56544135 474342

1734616880
lo: 3256 3256 0 0
eth0: 7437987492 86597561 63451573 501629

1734616881
lo: 3256 3256 0 0
eth0: 7540529108 87317995 102541616 720434

1734616882
lo: 3256 3256 0 0
eth0: 7559315607 87480219 18786499 162224

1734616883
lo: 3256 3256 0 0
eth0: 7653131071 87975696 93815464 495477

1734616884
lo: 3256 3256 0 0
eth0: 7744168703 88562776 91037632 587080

1734616885
lo: 3256 3256 0 0
eth0: 7845731075 89250562 101562372 687786

1734616886
lo: 3256 3256 0 0
eth0: 7942589159 89892088 96858084 641526

1734616887
lo: 3256 3256 0 0
eth0: 8034980081 90572152 92390922 680064

1734616888
lo: 3256 3256 0 0
eth0: 8099442499 91059364 64462418 487212

1734616889
lo: 3256 3256 0 0
eth0: 8152492289 91458928 53049790 399564

1734616890
lo: 3256 3256 0 0
eth0: 8206653627 91846876 54161338 387948

1734616891
lo: 3256 3256 0 0
eth0: 8261652141 92267494 54998514 420618

1734616892
lo: 3256 3256 0 0
eth0: 8312588785 92654452 50936644 386958

1734616893
lo: 3256 3256 0 0
eth0: 8362284435 93033160 49695650 378708

1734616894
lo: 3256 3256 0 0
eth0: 8402015599 93337684 39731164 304524

1734616896
lo: 3256 3256 0 0
eth0: 8517502067 94239796 115486468 902112

1734616897
lo: 3256 3256 0 0
eth0: 8573058749 94663342 55556682 423546

1734616898
lo: 3256 3256 0 0
eth0: 8624415121 95049376 51356372 386034

1734616899
lo: 3256 3256 0 0
eth0: 8678013371 95449600 53598250 400224

1734616900
lo: 3256 3256 0 0
eth0: 8731623377 95881612 53610006 432012

1734616901
lo: 3256 3256 0 0
eth0: 8783727275 96268900 52103898 387288

1734616903
lo: 3256 3256 0 0
eth0: 8846468353 96617974 62741078 349074

1734616904
lo: 3256 3256 0 0
eth0: 8895105401 96998068 48637048 380094

1734616905
lo: 3256 3256 0 0
eth0: 8949409557 97415188 54304156 417120

1734616906
lo: 3256 3256 0 0
eth0: 9001722201 97825312 52312644 410124

1734616908
lo: 3256 3256 0 0
eth0: 9060798433 98288830 59076232 463518

1734616909
lo: 3256 3256 0 0
eth0: 9162112165 99038194 101313732 749364

1734616911
lo: 3256 3256 0 0
eth0: 9226561234 99534184 64449069 495990

1734616912
lo: 3256 3256 0 0
eth0: 9300928002 100000704 74366768 466520

1734616913
lo: 3256 3256 0 0
eth0: 9344914646 100293379 43986644 292675

1734616914
lo: 3256 3256 0 0
eth0: 9398639294 100685287 53724648 391908

1734616915
lo: 3256 3256 0 0
eth0: 9450652144 101077063 52012850 391776

1734616916
lo: 3256 3256 0 0
eth0: 9507439950 101492995 56787806 415932

1734616917
lo: 3256 3256 0 0
eth0: 9565041048 101946415 57601098 453420

1734616920
lo: 3256 3256 0 0
eth0: 9592435538 102108247 27394490 161832

1734616921
lo: 3256 3256 0 0
eth0: 9650328486 102447883 57892948 339636

1734616922
lo: 3256 3256 0 0
eth0: 9704272928 102873913 53944442 426030

1734616923
lo: 3256 3256 0 0
eth0: 9721259101 103025383 16986173 151470

1734616924
lo: 3256 3256 0 0
eth0: 9725187923 103068943 3928822 43560

1734616925
lo: 3256 3256 0 0
eth0: 9728966607 103107949 3778684 39006

1734616926
lo: 3256 3256 0 0
eth0: 9733044119 103154809 4077512 46860

1734616927
lo: 3256 3256 0 0
eth0: 9737684575 103207741 4640456 52932

1734616928
lo: 3256 3256 0 0
eth0: 9742672679 103259617 4988104 51876

1734616929
lo: 3256 3256 0 0
eth0: 9747112207 103301989 4439528 42372

1734616930
lo: 3256 3256 0 0
eth0: 9751700885 103346737 4588678 44748

1734616931
lo: 3256 3256 0 0
eth0: 9757467523 103403035 5766638 56298

1734616933
lo: 3256 3256 0 0
eth0: 9763046727 103449103 5579204 46068

1734616934
lo: 3256 3256 0 0
eth0: 9771006319 103507444 7959592 58341

1734616935
lo: 3256 3256 0 0
eth0: 9779348614 103589788 8342295 82344

1734616936
lo: 3256 3256 0 0
eth0: 9783004596 103632094 3655982 42306

1734616937
lo: 3256 3256 0 0
eth0: 9787132356 103699564 4127760 67470

1734616938
lo: 3256 3256 0 0
eth0: 9791852584 103799172 4720228 99608

1734616939
lo: 3256 3256 0 0
eth0: 9797135590 103855140 5283006 55968

1734616940
lo: 3256 3256 0 0
eth0: 9804144431 103926552 7008841 71412

1734616941
lo: 3256 3256 0 0
eth0: 9809293173 103994136 5148742 67584

1734616942
lo: 3256 3256 0 0
eth0: 9815352245 104064624 6059072 70488

1734616943
lo: 3256 3256 0 0
eth0: 9822337031 104152140 6984786 87516

1734616944
lo: 3256 3256 0 0
eth0: 9830373085 104247180 8036054 95040

1734616945
lo: 3256 3256 0 0
eth0: 9842193293 104383998 11820208 136818

1734616948
lo: 3256 3256 0 0
eth0: 9865437011 104595528 23243718 211530

1734616949
lo: 3256 3256 0 0
eth0: 9873724667 104697960 8287656 102432

1734616950
lo: 3256 3256 0 0
eth0: 9881983381 104808378 8258714 110418

1734616951
lo: 3256 3256 0 0
eth0: 9890928003 104915628 8944622 107250

1734616952
lo: 3256 3256 0 0
eth0: 9900892717 105035814 9964714 120186

1734616953
lo: 3256 3256 0 0
eth0: 9911711593 105169134 10818876 133320

1734616954
lo: 3256 3256 0 0
eth0: 9923489557 105307800 11777964 138666

1734616955
lo: 3256 3256 0 0
eth0: 9935650017 105445146 12160460 137346

1734616956
lo: 3256 3256 0 0
eth0: 9948037237 105588036 12387220 142890

1734616957
lo: 3256 3256 0 0
eth0: 9958867921 105714228 10830684 126192

1734616958
lo: 3256 3256 0 0
eth0: 9970492505 105848340 11624584 134112

1734616959
lo: 3256 3256 0 0
eth0: 9984586923 105991932 14094418 143592

1734616960
lo: 3256 3256 0 0
eth0: 9998609317 106129344 14022394 137412

1734616961
lo: 3256 3256 0 0
eth0: 10012775061 106269264 14165744 139920

1734616964
lo: 3256 3256 0 0
eth0: 10026508238 106368330 13733177 99066

1734616965
lo: 3256 3256 0 0
eth0: 10032748311 106426608 6240073 58278

1734616966
lo: 3256 3256 0 0
eth0: 10037255091 106485810 4506780 59202

1734616967
lo: 3256 3256 0 0
eth0: 10042707053 106549434 5451962 63624

1734616968
lo: 3256 3256 0 0
eth0: 10048902127 106629294 6195074 79860

1734616969
lo: 3256 3256 0 0
eth0: 10057453607 106725564 8551480 96270

1734616970
lo: 3256 3256 0 0
eth0: 10060200151 106756188 2746544 30624

1734616971
lo: 3256 3256 0 0
eth0: 10065521579 106821528 5321428 65340

1734616972
lo: 3256 3256 0 0
eth0: 10070846463 106892346 5324884 70818

1734616973
lo: 3256 3256 0 0
eth0: 10076706087 106970490 5859624 78144

1734616974
lo: 3256 3256 0 0
eth0: 10081695845 107032596 4989758 62106

1734616975
lo: 3256 3256 0 0
eth0: 10087531911 107111598 5836066 79002

1734616976
lo: 3256 3256 0 0
eth0: 10092952455 107181492 5420544 69894

1734616977
lo: 3256 3256 0 0
eth0: 10098709837 107263200 5757382 81708

1734616978
lo: 3256 3256 0 0
eth0: 10105034103 107344644 6324266 81444

1734616979
lo: 3256 3256 0 0
eth0: 10112000575 107429520 6966472 84876

1734616980
lo: 3256 3256 0 0
eth0: 10119218177 107517894 7217602 88374

1734616981
lo: 3256 3256 0 0
eth0: 10127533745 107622150 8315568 104256

1734616982
lo: 3256 3256 0 0
eth0: 10135691445 107723394 8157700 101244

1734616983
lo: 3256 3256 0 0
eth0: 10144689181 107832492 8997736 109098

1734616984
lo: 3256 3256 0 0
eth0: 10154252251 107955714 9563070 123222

1734616985
lo: 3256 3256 0 0
eth0: 10164947107 108082434 10694856 126720

1734616986
lo: 3256 3256 0 0
eth0: 10176688905 108218262 11741798 135828

1734616987
lo: 3256 3256 0 0
eth0: 10188877873 108345228 12188968 126966

1734616988
lo: 3256 3256 0 0
eth0: 10200414825 108475842 11536952 130614

1734616989
lo: 3256 3256 0 0
eth0: 10210214545 108607842 9799720 132000

1734616990
lo: 3256 3256 0 0
eth0: 10219962395 108737664 9747850 129822

1734616991
lo: 3256 3256 0 0
eth0: 10229996885 108873624 10034490 135960

1734616992
lo: 3256 3256 0 0
eth0: 10238374401 108992490 8377516 118866

1734616993
lo: 3256 3256 0 0
eth0: 10244320593 109084296 5946192 91806

1734616994
lo: 3256 3256 0 0
eth0: 10250834707 109183230 6514114 98934

1734616995
lo: 3256 3256 0 0
eth0: 10258161787 109285638 7327080 102408

1734616996
lo: 3256 3256 0 0
eth0: 10265284095 109388598 7122308 102960

1734616997
lo: 3256 3256 0 0
eth0: 10272446151 109494660 7162056 106062

1734616998
lo: 3256 3256 0 0
eth0: 10279464524 109590106 7018373 95446

1734616999
lo: 3256 3256 0 0
eth0: 10331121623 110036662 51657099 446556

1734617000
lo: 3256 3256 0 0
eth0: 10390154137 110538526 59032514 501864

1734617001
lo: 3256 3256 0 0
eth0: 10445222210 111013990 55068073 475464

1734617002
lo: 3256 3256 0 0
eth0: 10452534298 111120448 7312088 106458

1734617003
lo: 3256 3256 0 0
eth0: 10460460380 111241426 7926082 120978

1734617004
lo: 3256 3256 0 0
eth0: 10468835276 111353668 8374896 112242

1734617005
lo: 3256 3256 0 0
eth0: 10476576996 111453922 7741720 100254

1734617006
lo: 3256 3256 0 0
eth0: 10483690178 111566518 7113182 112596

1734617007
lo: 3256 3256 0 0
eth0: 10492327704 111686770 8637526 120252

1734617009
lo: 3256 3256 0 0
eth0: 10503687804 111783856 11360100 97086

1734617010
lo: 3256 3256 0 0
eth0: 10510360069 111862726 6672265 78870

1734617011
lo: 3256 3256 0 0
eth0: 10514320955 111903514 3960886 40788

1734617012
lo: 3256 3256 0 0
eth0: 10517961561 111941860 3640606 38346

1734617013
lo: 3256 3256 0 0
eth0: 10521916667 111984958 3955106 43098

1734617014
lo: 3256 3256 0 0
eth0: 10525930387 112021060 4013720 36102

1734617015
lo: 3256 3256 0 0
eth0: 10529413681 112057426 3483294 36366

1734617016
lo: 3256 3256 0 0
eth0: 10533189269 112092670 3775588 35244

1734617017
lo: 3256 3256 0 0
eth0: 10537634063 112137352 4444794 44682

1734617018
lo: 3256 3256 0 0
eth0: 10541084573 112173718 3450510 36366

1734617019
lo: 3256 3256 0 0
eth0: 10544077849 112209424 2993276 35706

1734617020
lo: 3256 3256 0 0
eth0: 10547549036 112248430 3471187 39006

1734617021
lo: 3256 3256 0 0
eth0: 10551555816 112294984 4006780 46554

1734617022
lo: 3256 3256 0 0
eth0: 10555550320 112332142 3994504 37158

1734617023
lo: 3256 3256 0 0
eth0: 10559347764 112364878 3797444 32736

1734617024
lo: 3256 3256 0 0
eth0: 10563464568 112402828 4116804 37950

1734617025
lo: 3256 3256 0 0
eth0: 10567622262 112446874 4157694 44046

1734617026
lo: 3256 3256 0 0
eth0: 10570506149 112567968 2883887 121094

1734617027
lo: 3256 3256 0 0
eth0: 10580980236 112641558 10474087 73590

1734617028
lo: 3256 3256 0 0
eth0: 10592525882 112730658 11545646 89100

1734617029
lo: 3256 3256 0 0
eth0: 10601367582 112815798 8841700 85140

1734617030
lo: 3256 3256 0 0
eth0: 10606120506 112872582 4752924 56784

1734617031
lo: 3256 3256 0 0
eth0: 10608441016 112896078 2320510 23496

1734617032
lo: 3256 3256 0 0
eth0: 10610647130 112916472 2206114 20394

1734617033
lo: 3256 3256 0 0
eth0: 10613196436 112943202 2549306 26730

1734617034
lo: 3256 3256 0 0
eth0: 10615530840 112968810 2334404 25608

1734617036
lo: 3256 3256 0 0
eth0: 10619827395 112998750 4296555 29940

1734617037
lo: 3256 3256 0 0
eth0: 10622614574 113018286 2787179 19536

1734617038
lo: 3256 3256 0 0
eth0: 10624688252 113038680 2073678 20394

1734617039
lo: 3256 3256 0 0
eth0: 10627275664 113064882 2587412 26202

1734617040
lo: 3256 3256 0 0
eth0: 10630125560 113090556 2849896 25674

1734617041
lo: 3256 3256 0 0
eth0: 10632836972 113115570 2711412 25014

1734617042
lo: 3256 3256 0 0
eth0: 10636013600 113141376 3176628 25806

1734617043
lo: 3256 3256 0 0
eth0: 10639540252 113169492 3526652 28116

1734617044
lo: 3256 3256 0 0
eth0: 10643048480 113197476 3508228 27984

1734617045
lo: 3256 3256 0 0
eth0: 10646177316 113223084 3128836 25608

1734617046
lo: 3256 3256 0 0
eth0: 10648326252 113250078 2148936 26994

1734617047
lo: 3256 3256 0 0
eth0: 10650890962 113276808 2564710 26730

1734617048
lo: 3256 3256 0 0
eth0: 10653465866 113302416 2574904 25608

1734617049
lo: 3256 3256 0 0
eth0: 10656177550 113329278 2711684 26862

1734617050
lo: 3256 3256 0 0
eth0: 10659316336 113359110 3138786 29832

1734617051
lo: 3256 3256 0 0
eth0: 10662866832 113393694 3550496 34584

1734617052
lo: 3256 3256 0 0
eth0: 10666881069 113430918 4014237 37224

1734617053
lo: 3256 3256 0 0
eth0: 10671418663 113471400 4537594 40482

1734617054
lo: 3256 3256 0 0
eth0: 10676407715 113514894 4989052 43494

1734617055
lo: 3256 3256 0 0
eth0: 10681869153 113560632 5461438 45738

1734617056
lo: 3256 3256 0 0
eth0: 10687816875 113608152 5947722 47520

1734617057
lo: 3256 3256 0 0
eth0: 10692929733 113651910 5112858 43758

1734617058
lo: 3256 3256 0 0
eth0: 10698404871 113697846 5475138 45936

1734617059
lo: 3256 3256 0 0
eth0: 10704092671 113745036 5687800 47190

1734617060
lo: 3256 3256 0 0
eth0: 10707718801 113783250 3626130 38214

1734617061
lo: 3256 3256 0 0
eth0: 10711562939 113826084 3844138 42834

1734617062
lo: 3256 3256 0 0
eth0: 10715846535 113862978 4283596 36894

1734617063
lo: 3256 3256 0 0
eth0: 10720667545 113901192 4821010 38214

1734617064
lo: 3256 3256 0 0
eth0: 10724716681 113935380 4049136 34188

1734617065
lo: 3256 3256 0 0
eth0: 10729351535 113973504 4634854 38124

1734617066
lo: 3256 3256 0 0
eth0: 10734210799 114017394 4859264 43890

1734617067
lo: 3256 3256 0 0
eth0: 10739491567 114060822 5280768 43428

1734617068
lo: 3256 3256 0 0
eth0: 10745055945 114104712 5564378 43890

1734617069
lo: 3256 3256 0 0
eth0: 10748859115 114138240 3803170 33528

1734617070
lo: 3256 3256 0 0
eth0: 10752289159 114171966 3430044 33726

1734617071
lo: 3256 3256 0 0
eth0: 10755466393 114204636 3177234 32670

1734617072
lo: 3256 3256 0 0
eth0: 10758964307 114241530 3497914 36894

1734617073
lo: 3256 3256 0 0
eth0: 10762631539 114268128 3667232 26598

1734617074
lo: 3256 3256 0 0
eth0: 10766012063 114291294 3380524 23166

1734617075
lo: 3256 3256 0 0
eth0: 10769766991 114324888 3754928 33594

1734617076
lo: 3256 3256 0 0
eth0: 10773970555 114364422 4203564 39534

1734617077
lo: 3256 3256 0 0
eth0: 10778565083 114404022 4594528 39600

1734617078
lo: 3256 3256 0 0
eth0: 10783196859 114442632 4631776 38610

1734617079
lo: 3256 3256 0 0
eth0: 10787529493 114481968 4332634 39336

1734617080
lo: 3256 3256 0 0
eth0: 10792317925 114522888 4788432 40920

1734617081
lo: 3256 3256 0 0
eth0: 10797452639 114566118 5134714 43230

1734617082
lo: 3256 3256 0 0
eth0: 10802803035 114605388 5350396 39270

1734617083
lo: 3256 3256 0 0
eth0: 10808856061 114644922 6053026 39534

1734617084
lo: 3256 3256 0 0
eth0: 10814279059 114688218 5422998 43296

1734617085
lo: 3256 3256 0 0
eth0: 10819801783 114736662 5522724 48444

1734617086
lo: 3256 3256 0 0
eth0: 10824368329 114772764 4566546 36102

1734617087
lo: 3256 3256 0 0
eth0: 10827861177 114810780 3492848 38016

1734617088
lo: 3256 3256 0 0
eth0: 10831476577 114846882 3615400 36102

1734617089
lo: 3256 3256 0 0
eth0: 10834896295 114882390 3419718 35508

1734617090
lo: 3256 3256 0 0
eth0: 10838598171 114916512 3701876 34122

1734617091
lo: 3256 3256 0 0
eth0: 10842805357 114956640 4207186 40128

1734617092
lo: 3256 3256 0 0
eth0: 10846686669 114993864 3881312 37224

1734617093
lo: 3256 3256 0 0
eth0: 10850728069 115037424 4041400 43560

1734617094
lo: 3256 3256 0 0
eth0: 10854031605 115070358 3303536 32934

1734617095
lo: 3256 3256 0 0
eth0: 10857691761 115105470 3660156 35112

1734617096
lo: 3256 3256 0 0
eth0: 10861845607 115142736 4153846 37266

1734617097
lo: 3256 3256 0 0
eth0: 10866436513 115180884 4590906 38148

1734617098
lo: 3256 3256 0 0
eth0: 10871491291 115218942 5054778 38058

1734617099
lo: 3256 3256 0 0
eth0: 10876155451 115255176 4664160 36234

1734617100
lo: 3256 3256 0 0
eth0: 10879805315 115284282 3649864 29106

1734617101
lo: 3256 3256 0 0
eth0: 10883675625 115319460 3870310 35178

1734617102
lo: 3256 3256 0 0
eth0: 10888000879 115354968 4325254 35508

1734617103
lo: 3256 3256 0 0
eth0: 10892699119 115384668 4698240 29700

1734617104
lo: 3256 3256 0 0
eth0: 10895267373 115408362 2568254 23694

1734617105
lo: 3256 3256 0 0
eth0: 10897018807 115428492 1751434 20130

1734617106
lo: 3256 3256 0 0
eth0: 10899107047 115453440 2088240 24948

1734617107
lo: 3256 3256 0 0
eth0: 10901674315 115477332 2567268 23892

1734617108
lo: 3256 3256 0 0
eth0: 10904766761 115504854 3092446 27522

1734617109
lo: 3256 3256 0 0
eth0: 10908275583 115535478 3508822 30624

1734617110
lo: 3256 3256 0 0
eth0: 10912384677 115566828 4109094 31350

1734617111
lo: 3256 3256 0 0
eth0: 10916811823 115605834 4427146 39006

1734617112
lo: 3256 3256 0 0
eth0: 10921921983 115648470 5110160 42636

1734617113
lo: 3256 3256 0 0
eth0: 10927311277 115688268 5389294 39798

1734617114
lo: 3256 3256 0 0
eth0: 10932792715 115727868 5481438 39600

1734617115
lo: 3256 3256 0 0
eth0: 10937767519 115755192 4974804 27324

1734617116
lo: 3256 3256 0 0
eth0: 10943329389 115791294 5561870 36102

1734617117
lo: 3256 3256 0 0
eth0: 10948671353 115825812 5341964 34518

1734617118
lo: 3256 3256 0 0
eth0: 10951954135 115849242 3282782 23430

1734617119
lo: 3256 3256 0 0
eth0: 10954858659 115873332 2904524 24090

1734617120
lo: 3256 3256 0 0
eth0: 10958128099 115902570 3269440 29238

1734617121
lo: 3256 3256 0 0
eth0: 10962010583 115934910 3882484 32340

1734617122
lo: 3256 3256 0 0
eth0: 10966227889 115964346 4217306 29436

1734617123
lo: 3256 3256 0 0
eth0: 10969576297 115987908 3348408 23562

1734617124
lo: 3256 3256 0 0
eth0: 10972449085 116008896 2872788 20988

1734617125
lo: 3256 3256 0 0
eth0: 10975379413 116035164 2930328 26268

1734617126
lo: 3256 3256 0 0
eth0: 10977643039 116052258 2263626 17094

1734617127
lo: 3256 3256 0 0
eth0: 10979085543 116066820 1442504 14562

1734617128
lo: 3256 3256 0 0
eth0: 10980863285 116079096 1777742 12276

1734617129
lo: 3256 3256 0 0
eth0: 10982585281 116094738 1721996 15642

1734617130
lo: 3256 3256 0 0
eth0: 10984826737 116114868 2241456 20130

1734617131
lo: 3256 3256 0 0
eth0: 10987129467 116135658 2302730 20790

1734617132
lo: 3256 3256 0 0
eth0: 10989505735 116161068 2376268 25410

1734617133
lo: 3256 3256 0 0
eth0: 10992366893 116187072 2861158 26004

1734617134
lo: 3256 3256 0 0
eth0: 10995614069 116210832 3247176 23760

1734617135
lo: 3256 3256 0 0
eth0: 10999167701 116236044 3553632 25212

1734617136
lo: 3256 3256 0 0
eth0: 11002365113 116258286 3197412 22242

1734617137
lo: 3256 3256 0 0
eth0: 11006004915 116287722 3639802 29436

1734617140
lo: 3256 3256 0 0
eth0: 11010677599 116314386 4672684 26664

1734617141
lo: 3256 3256 0 0
eth0: 11015020563 116339202 4342964 24816

1734617142
lo: 3256 3256 0 0
eth0: 11017480333 116357220 2459770 18018

1734617143
lo: 3256 3256 0 0
eth0: 11020322259 116378736 2841926 21516

1734617144
lo: 3256 3256 0 0
eth0: 11023225171 116399502 2902912 20766

1734617145
lo: 3256 3256 0 0
eth0: 11026141077 116420358 2915906 20856

1734617146
lo: 3256 3256 0 0
eth0: 11029560185 116449200 3419108 28842

1734617147
lo: 3256 3256 0 0
eth0: 11033314923 116484312 3754738 35112

1734617148
lo: 3256 3256 0 0
eth0: 11037705411 116521866 4390488 37554

1734617149
lo: 3256 3256 0 0
eth0: 11042425453 116561972 4720042 40106

1734617150
lo: 3256 3256 0 0
eth0: 11047246199 116602034 4820746 40062

1734617151
lo: 3256 3256 0 0
eth0: 11051564935 116638994 4318736 36960

1734617152
lo: 3256 3256 0 0
eth0: 11055382437 116666846 3817502 27852

1734617153
lo: 3256 3256 0 0
eth0: 11058547333 116689682 3164896 22836

1734617154
lo: 3256 3256 0 0
eth0: 11061516481 116710472 2969148 20790

1734617155
lo: 3256 3256 0 0
eth0: 11063804149 116734166 2287668 23694

1734617156
lo: 3256 3256 0 0
eth0: 11066370505 116761622 2566356 27456

1734617157
lo: 3256 3256 0 0
eth0: 11068713721 116784920 2343216 23298

1734617158
lo: 3256 3256 0 0
eth0: 11071411627 116814464 2697906 29544

1734617159
lo: 3256 3256 0 0
eth0: 11074428509 116842118 3016882 27654

1734617160
lo: 3256 3256 0 0
eth0: 11078090117 116879408 3661608 37290

1734617161
lo: 3256 3256 0 0
eth0: 11081308299 116915180 3218182 35772

1734617162
lo: 3256 3256 0 0
eth0: 11084837289 116955902 3528990 40722

1734617163
lo: 3256 3256 0 0
eth0: 11088113919 116993786 3276630 37884

1734617164
lo: 3256 3256 0 0
eth0: 11092323361 117038930 4209442 45144

1734617165
lo: 3256 3256 0 0
eth0: 11093468529 117057410 1145168 18480

1734617166
lo: 3256 3256 0 0
eth0: 11095905031 117086252 2436502 28842

1734617167
lo: 3256 3256 0 0
eth0: 11098794559 117114698 2889528 28446

1734617168
lo: 3256 3256 0 0
eth0: 11102269903 117151328 3475344 36630

1734617169
lo: 3256 3256 0 0
eth0: 11105287193 117181094 3017290 29766

1734617170
lo: 3256 3256 0 0
eth0: 11108740145 117213170 3452952 32076

1734617171
lo: 3256 3256 0 0
eth0: 11112407467 117244256 3667322 31086

1734617172
lo: 3256 3256 0 0
eth0: 11116591097 117286694 4183630 42438

1734617173
lo: 3256 3256 0 0
eth0: 11119276783 117314282 2685686 27588

1734617174
lo: 3256 3256 0 0
eth0: 11122212403 117349328 2935620 35046

1734617175
lo: 3256 3256 0 0
eth0: 11125186867 117388136 2974464 38808

1734617176
lo: 3256 3256 0 0
eth0: 11128149999 117422060 2963132 33924

1734617177
lo: 3256 3256 0 0
eth0: 11130692911 117445886 2542912 23826

1734617178
lo: 3256 3256 0 0
eth0: 11133553277 117472550 2860366 26664

1734617179
lo: 3256 3256 0 0
eth0: 11136980371 117510632 3427094 38082

1734617180
lo: 3256 3256 0 0
eth0: 11140673497 117546602 3693126 35970

1734617181
lo: 3256 3256 0 0
eth0: 11143246693 117573926 2573196 27324

1734617182
lo: 3256 3256 0 0
eth0: 11145990497 117601316 2743804 27390

1734617183
lo: 3256 3256 0 0
eth0: 11149285803 117634184 3295306 32868

1734617184
lo: 3256 3256 0 0
eth0: 11152548849 117663026 3263046 28842

1734617185
lo: 3256 3256 0 0
eth0: 11156086921 117683684 3538072 20658

1734617186
lo: 3256 3256 0 0
eth0: 11162432069 117716192 6345148 32508

1734617187
lo: 3256 3256 0 0
eth0: 11167443085 117753416 5011016 37224

1734617188
lo: 3256 3256 0 0
eth0: 11172510989 117797306 5067904 43890

1734617189
lo: 3256 3256 0 0
eth0: 11175486771 117832568 2975782 35262

1734617190
lo: 3256 3256 0 0
eth0: 11178793677 117869528 3306906 36960

1734617191
lo: 3256 3256 0 0
eth0: 11182449501 117910910 3655824 41382

1734617192
lo: 3256 3256 0 0
eth0: 11186510303 117950114 4060802 39204

1734617193
lo: 3256 3256 0 0
eth0: 11190207121 117985820 3696818 35706

1734617194
lo: 3256 3256 0 0
eth0: 11194265159 118024100 4058038 38280

1734617195
lo: 3256 3256 0 0
eth0: 11198614075 118071356 4348916 47256

1734617196
lo: 3256 3256 0 0
eth0: 11202110017 118108646 3495942 37290

1734617197
lo: 3256 3256 0 0
eth0: 11205243353 118144088 3133336 35442

1734617198
lo: 3256 3256 0 0
eth0: 11208642473 118182764 3399120 38676

1734617199
lo: 3256 3256 0 0
eth0: 11212635099 118226720 3992626 43956

1734617200
lo: 3256 3256 0 0
eth0: 11216490017 118268630 3854918 41910

1734617201
lo: 3256 3256 0 0
eth0: 11219168689 118306184 2678672 37554

1734617202
lo: 3256 3256 0 0
eth0: 11222219361 118343474 3050672 37290

1734617203
lo: 3256 3256 0 0
eth0: 11225823837 118379114 3604476 35640

1734617204
lo: 3256 3256 0 0
eth0: 11229803807 118416008 3979970 36894

1734617205
lo: 3256 3256 0 0
eth0: 11231902509 118441220 2098702 25212

1734617206
lo: 3256 3256 0 0
eth0: 11233538875 118456532 1636366 15312

1734617207
lo: 3256 3256 0 0
eth0: 11235562603 118477784 2023728 21252

1734617208
lo: 3256 3256 0 0
eth0: 11238100123 118502468 2537520 24684

1734617209
lo: 3256 3256 0 0
eth0: 11240551555 118527482 2451432 25014

1734617210
lo: 3256 3256 0 0
eth0: 11243225005 118556588 2673450 29106

1734617211
lo: 3256 3256 0 0
eth0: 11246284349 118585826 3059344 29238

1734617212
lo: 3256 3256 0 0
eth0: 11249904287 118620542 3619938 34716

1734617213
lo: 3256 3256 0 0
eth0: 11253933105 118661396 4028818 40854

1734617214
lo: 3256 3256 0 0
eth0: 11258576077 118699478 4642972 38082

1734617215
lo: 3256 3256 0 0
eth0: 11262704985 118731950 4128908 32472

1734617216
lo: 3256 3256 0 0
eth0: 11265733579 118757426 3028594 25476

1734617217
lo: 3256 3256 0 0
eth0: 11267407985 118772870 1674406 15444

1734617218
lo: 3256 3256 0 0
eth0: 11269168231 118791086 1760246 18216

1734617219
lo: 3256 3256 0 0
eth0: 11271343339 118810622 2175108 19536

1734617220
lo: 3256 3256 0 0
eth0: 11274102779 118837130 2759440 26508

1734617221
lo: 3256 3256 0 0
eth0: 11276608291 118856402 2505512 19272

1734617222
lo: 3256 3256 0 0
eth0: 11279441335 118880888 2833044 24486

1734617223
lo: 3256 3256 0 0
eth0: 11282563055 118904168 3121720 23280

1734617224
lo: 3256 3256 0 0
eth0: 11286169805 118931096 3606750 26928

1734617225
lo: 3256 3256 0 0
eth0: 11289227491 118956506 3057686 25410

1734617226
lo: 3256 3256 0 0
eth0: 11292907169 118983500 3679678 26994

1734617227
lo: 3256 3256 0 0
eth0: 11296441193 119011022 3534024 27522

1734617228
lo: 3256 3256 0 0
eth0: 11299155827 119035112 2714634 24090

1734617229
lo: 3256 3256 0 0
eth0: 11302052525 119061710 2896698 26598

1734617230
lo: 3256 3256 0 0
eth0: 11304960589 119082632 2908064 20922

1734617231
lo: 3256 3256 0 0
eth0: 11307974179 119108306 3013590 25674

1734617232
lo: 3256 3256 0 0
eth0: 11311223385 119129954 3249206 21648

1734617233
lo: 3256 3256 0 0
eth0: 11313748113 119149762 2524728 19808

1734617234
lo: 3256 3256 0 0
eth0: 11316129733 119168944 2381620 19182

1734617235
lo: 3256 3256 0 0
eth0: 11318349783 119186368 2220050 17424

1734617236
lo: 3256 3256 0 0
eth0: 11320591961 119206300 2242178 19932

1734617237
lo: 3256 3256 0 0
eth0: 11322850153 119232172 2258192 25872

1734617238
lo: 3256 3256 0 0
eth0: 11324439193 119246626 1589040 14454

1734617239
lo: 3256 3256 0 0
eth0: 11326335823 119267020 1896630 20394

1734617240
lo: 3256 3256 0 0
eth0: 11328574647 119288140 2238824 21120

1734617241
lo: 3256 3256 0 0
eth0: 11330746471 119310052 2171824 21912

1734617242
lo: 3256 3256 0 0
eth0: 11333239957 119334736 2493486 24684

1734617243
lo: 3256 3256 0 0
eth0: 11336320419 119361994 3080462 27258

1734617244
lo: 3256 3256 0 0
eth0: 11339069785 119380606 2749366 18612

1734617245
lo: 3256 3256 0 0
eth0: 11341444135 119403772 2374350 23166

1734617246
lo: 3256 3256 0 0
eth0: 11344139887 119429842 2695752 26070

1734617247
lo: 3256 3256 0 0
eth0: 11347417557 119463040 3277670 33198

1734617248
lo: 3256 3256 0 0
eth0: 11350919283 119495974 3501726 32934

1734617249
lo: 3256 3256 0 0
eth0: 11354207349 119526532 3288066 30558

1734617250
lo: 3256 3256 0 0
eth0: 11356654813 119554426 2447464 27894

1734617251
lo: 3256 3256 0 0
eth0: 11359045033 119580232 2390220 25806

1734617252
lo: 3256 3256 0 0
eth0: 11361402205 119602804 2357172 22572

1734617253
lo: 3256 3256 0 0
eth0: 11363506761 119624188 2104556 21384

1734617254
lo: 3256 3256 0 0
eth0: 11365615393 119643856 2108632 19668

1734617255
lo: 3256 3256 0 0
eth0: 11367914637 119663854 2299244 19998

1734617256
lo: 3256 3256 0 0
eth0: 11369974223 119679958 2059586 16104

1734617257
lo: 3256 3256 0 0
eth0: 11372064349 119697052 2090126 17094

1734617258
lo: 3256 3256 0 0
eth0: 11374549729 119718964 2485380 21912

1734617259
lo: 3256 3256 0 0
eth0: 11377624341 119746222 3074612 27258

1734617260
lo: 3256 3256 0 0
eth0: 11380997035 119770114 3372694 23892

1734617261
lo: 3256 3256 0 0
eth0: 11384035843 119797702 3038808 27588

1734617262
lo: 3256 3256 0 0
eth0: 11387198705 119821264 3162862 23562

1734617263
lo: 3256 3256 0 0
eth0: 11389605955 119840008 2407250 18744

1734617264
lo: 3256 3256 0 0
eth0: 11391986695 119863636 2380740 23628

1734617265
lo: 3256 3256 0 0
eth0: 11394437785 119884096 2451090 20460

1734617266
lo: 3256 3256 0 0
eth0: 11396947723 119904556 2509938 20460

1734617267
lo: 3256 3256 0 0
eth0: 11399942155 119929900 2994432 25344

1734617268
lo: 3256 3256 0 0
eth0: 11402269031 119946334 2326876 16434

1734617269
lo: 3256 3256 0 0
eth0: 11403967273 119961844 1698242 15510

1734617270
lo: 3256 3256 0 0
eth0: 11406065905 119982502 2098632 20658

1734617271
lo: 3256 3256 0 0
eth0: 11408749141 120003622 2683236 21120

1734617272
lo: 3256 3256 0 0
eth0: 11411883175 120028108 3134034 24486

1734617273
lo: 3256 3256 0 0
eth0: 11415498943 120054442 3615768 26334

1734617274
lo: 3256 3256 0 0
eth0: 11419606721 120086584 4107778 32142

1734617275
lo: 3256 3256 0 0
eth0: 11423891477 120116284 4284756 29700

1734617276
lo: 3256 3256 0 0
eth0: 11427218561 120141100 3327084 24816

1734617277
lo: 3256 3256 0 0
eth0: 11430129805 120167302 2911244 26202

1734617278
lo: 3256 3256 0 0
eth0: 11432860243 120192052 2730438 24750

1734617279
lo: 3256 3256 0 0
eth0: 11435707999 120213742 2847756 21690

1734617280
lo: 3256 3256 0 0
eth0: 11437451781 120228988 1743782 15246

1734617281
lo: 3256 3256 0 0
eth0: 11439115965 120243748 1664184 14760

1734617282
lo: 3256 3256 0 0
eth0: 11440833757 120261634 1717792 17886

1734617283
lo: 3256 3256 0 0
eth0: 11442411753 120280510 1577996 18876

1734617284
lo: 3256 3256 0 0
eth0: 11444427647 120301894 2015894 21384

1734617285
lo: 3256 3256 0 0
eth0: 11447023945 120326776 2596298 24882

1734617286
lo: 3256 3256 0 0
eth0: 11449991323 120350074 2967378 23298

1734617287
lo: 3256 3256 0 0
eth0: 11453571097 120378652 3579774 28578

1734617288
lo: 3256 3256 0 0
eth0: 11457369969 120403402 3798872 24750

1734617289
lo: 3256 3256 0 0
eth0: 11460769123 120428416 3399154 25014

1734617290
lo: 3256 3256 0 0
eth0: 11463776595 120455278 3007472 26862

1734617291
lo: 3256 3256 0 0
eth0: 11466312531 120478840 2535936 23562

1734617292
lo: 3256 3256 0 0
eth0: 11468288743 120501544 1976212 22704

1734617293
lo: 3256 3256 0 0
eth0: 11470388807 120519958 2100064 18414

1734617294
lo: 3256 3256 0 0
eth0: 11471770705 120532234 1381898 12276

1734617295
lo: 3256 3256 0 0
eth0: 11472891691 120541276 1120986 9042

1734617296
lo: 3256 3256 0 0
eth0: 11474038741 120549856 1147050 8580

1734617297
lo: 3256 3256 0 0
eth0: 11475201393 120560020 1162652 10164

1734617298
lo: 3256 3256 0 0
eth0: 11476415174 120574144 1213781 14124

1734617299
lo: 3256 3256 0 0
eth0: 11478008434 120590776 1593260 16632

1734617300
lo: 3256 3256 0 0
eth0: 11480169384 120607738 2160950 16962

1734617301
lo: 3256 3256 0 0
eth0: 11482726050 120629848 2556666 22110

1734617302
lo: 3256 3256 0 0
eth0: 11485881020 120654730 3154970 24882

1734617303
lo: 3256 3256 0 0
eth0: 11489427812 120679744 3546792 25014

1734617304
lo: 3256 3256 0 0
eth0: 11493513982 120704956 4086170 25212

1734617305
lo: 3256 3256 0 0
eth0: 11497369256 120728782 3855274 23826

1734617306
lo: 3256 3256 0 0
eth0: 11501333740 120755842 3964484 27060

1734617307
lo: 3256 3256 0 0
eth0: 11505593124 120791944 4259384 36102

1734617308
lo: 3256 3256 0 0
eth0: 11509316254 120821710 3723130 29766

1734617309
lo: 3256 3256 0 0
eth0: 11512998716 120855106 3682462 33396

1734617310
lo: 3256 3256 0 0
eth0: 11516605940 120886786 3607224 31680

1734617311
lo: 3256 3256 0 0
eth0: 11519865504 120915298 3259564 28512

1734617312
lo: 3256 3256 0 0
eth0: 11522955116 120941236 3089612 25938

1734617313
lo: 3256 3256 0 0
eth0: 11526418126 120971398 3463010 30162

1734617314
lo: 3256 3256 0 0
eth0: 11530490364 121002154 4072238 30756

1734617315
lo: 3256 3256 0 0
eth0: 11534179448 121027102 3689084 24948

1734617316
lo: 3256 3256 0 0
eth0: 11537315586 121050664 3136138 23562

1734617317
lo: 3256 3256 0 0
eth0: 11539633596 121072576 2318010 21912

1734617318
lo: 3256 3256 0 0
eth0: 11542441384 121101550 2807788 28974

1734617319
lo: 3256 3256 0 0
eth0: 11545607608 121127752 3166224 26202

1734617320
lo: 3256 3256 0 0
eth0: 11548605398 121152238 2997790 24486

1734617321
lo: 3256 3256 0 0
eth0: 11551777488 121181740 3172090 29502

1734617322
lo: 3256 3256 0 0
eth0: 11555417092 121209922 3639604 28182

1734617323
lo: 3256 3256 0 0
eth0: 11559067096 121239688 3650004 29766

1734617324
lo: 3256 3256 0 0
eth0: 11561608470 121263754 2541374 24066

1734617325
lo: 3256 3256 0 0
eth0: 11564441114 121284874 2832644 21120

1734617326
lo: 3256 3256 0 0
eth0: 11567876514 121309402 3435400 24528

1734617327
lo: 3256 3256 0 0
eth0: 11571656904 121339366 3780390 29964

1734617328
lo: 3256 3256 0 0
eth0: 11576087136 121374544 4430232 35178

1734617329
lo: 3256 3256 0 0
eth0: 11580840808 121412296 4753672 37752

1734617330
lo: 3256 3256 0 0
eth0: 11586265122 121453084 5424314 40788

1734617331
lo: 3256 3256 0 0
eth0: 11591944808 121491562 5679686 38478

1734617332
lo: 3256 3256 0 0
eth0: 11598379652 121535056 6434844 43494

1734617333
lo: 3256 3256 0 0
eth0: 11605077768 121582624 6698116 47568

1734617334
lo: 3256 3256 0 0
eth0: 11612913236 121628362 7835468 45738

1734617335
lo: 3256 3256 0 0
eth0: 11618058524 121663276 5145288 34914

1734617336
lo: 3256 3256 0 0
eth0: 11620352042 121684528 2293518 21252

1734617337
lo: 3256 3256 0 0
eth0: 11622936286 121706704 2584244 22176

1734617338
lo: 3256 3256 0 0
eth0: 11625840018 121732510 2903732 25806

1734617339
lo: 3256 3256 0 0
eth0: 11628593698 121761484 2753680 28974

1734617340
lo: 3256 3256 0 0
eth0: 11631535878 121790260 2942180 28776

1734617341
lo: 3256 3256 0 0
eth0: 11634063984 121815208 2528106 24948

1734617342
lo: 3256 3256 0 0
eth0: 11636954878 121837186 2890894 21978

1734617343
lo: 3256 3256 0 0
eth0: 11640466786 121864774 3511908 27588

1734617344
lo: 3256 3256 0 0
eth0: 11644099096 121897972 3632310 33198

1734617345
lo: 3256 3256 0 0
eth0: 11647486716 121925602 3387620 27630

1734617346
lo: 3256 3256 0 0
eth0: 11650897144 121956094 3410428 30492

1734617347
lo: 3256 3256 0 0
eth0: 11654022762 121984738 3125618 28644

1734617348
lo: 3256 3256 0 0
eth0: 11657420216 122015890 3397454 31152

1734617349
lo: 3256 3256 0 0
eth0: 11660483714 122048362 3063498 32472

1734617350
lo: 3256 3256 0 0
eth0: 11663897100 122078458 3413386 30096

1734617351
lo: 3256 3256 0 0
eth0: 11667812042 122115352 3914942 36894

1734617352
lo: 3256 3256 0 0
eth0: 11670849076 122145976 3037034 30624

1734617353
lo: 3256 3256 0 0
eth0: 11673552208 122175478 2703132 29502

1734617354
lo: 3256 3256 0 0
eth0: 11676731026 122209930 3178818 34452

1734617355
lo: 3256 3256 0 0
eth0: 11680349120 122245372 3618094 35442

1734617356
lo: 3256 3256 0 0
eth0: 11684430376 122277250 4081256 31878

1734617357
lo: 3256 3256 0 0
eth0: 11687834946 122307082 3404570 29832

1734617358
lo: 3256 3256 0 0
eth0: 11691907002 122342524 4072056 35442

1734617359
lo: 3256 3256 0 0
eth0: 11696133784 122372026 4226782 29502

1734617360
lo: 3256 3256 0 0
eth0: 11700083024 122409118 3949240 37092

1734617361
lo: 3256 3256 0 0
eth0: 11704130740 122451820 4047716 42702

1734617362
lo: 3256 3256 0 0
eth0: 11708689666 122492212 4558926 40392

1734617363
lo: 3256 3256 0 0
eth0: 11713377208 122536894 4687542 44682

1734617364
lo: 3256 3256 0 0
eth0: 11718717158 122583358 5339950 46464

1734617365
lo: 3256 3256 0 0
eth0: 11724365632 122627356 5648474 43998

1734617366
lo: 3256 3256 0 0
eth0: 11730695308 122679034 6329676 51678

1734617367
lo: 3256 3256 0 0
eth0: 11737324720 122722792 6629412 43758

1734617368
lo: 3256 3256 0 0
eth0: 11744679138 122770576 7354418 47784

1734617369
lo: 3256 3256 0 0
eth0: 11752078152 122813278 7399014 42702

1734617370
lo: 3256 3256 0 0
eth0: 11757998416 122857478 5920264 44200

1734617371
lo: 3256 3256 0 0
eth0: 11762925654 122908142 4927238 50664

1734617372
lo: 3256 3256 0 0
eth0: 11767664788 122948930 4739134 40788

1734617373
lo: 3256 3256 0 0
eth0: 11771849780 122984174 4184992 35244

1734617374
lo: 3256 3256 0 0
eth0: 11776511308 123024098 4661528 39924

1734617375
lo: 3256 3256 0 0
eth0: 11781110964 123063038 4599656 38940

1734617376
lo: 3256 3256 0 0
eth0: 11784385132 123087392 3274168 24354

1734617377
lo: 3256 3256 0 0
eth0: 11786972692 123115640 2587560 28248

1734617378
lo: 3256 3256 0 0
eth0: 11789974582 123146396 3001890 30756

1734617379
lo: 3256 3256 0 0
eth0: 11793516732 123184676 3542150 38280

1734617380
lo: 3256 3256 0 0
eth0: 11797340442 123219722 3823710 35046

1734617381
lo: 3256 3256 0 0
eth0: 11800752000 123252326 3411558 32604

1734617382
lo: 3256 3256 0 0
eth0: 11804595850 123286052 3843850 33726

1734617383
lo: 3256 3256 0 0
eth0: 11808857664 123326180 4261814 40128

1734617384
lo: 3256 3256 0 0
eth0: 11813462184 123364130 4604520 37950

1734617385
lo: 3256 3256 0 0
eth0: 11817792038 123400892 4329854 36762

1734617386
lo: 3256 3256 0 0
eth0: 11822194090 123443504 4402052 42612

1734617387
lo: 3256 3256 0 0
eth0: 11826995686 123480530 4801596 37026

1734617388
lo: 3256 3256 0 0
eth0: 11832067596 123520724 5071910 40194

1734617389
lo: 3256 3256 0 0
eth0: 11836173146 123556628 4105550 35904

1734617390
lo: 3256 3256 0 0
eth0: 11841040744 123593192 4867598 36564

1734617391
lo: 3256 3256 0 0
eth0: 11846048146 123628898 5007402 35706

1734617392
lo: 3256 3256 0 0
eth0: 11851537476 123667508 5489330 38610

1734617393
lo: 3256 3256 0 0
eth0: 11856486418 123699848 4948942 32340

1734617394
lo: 3256 3256 0 0
eth0: 11861450648 123737270 4964230 37422

1734617395
lo: 3256 3256 0 0
eth0: 11865578620 123765584 4127972 28314

1734617396
lo: 3256 3256 0 0
eth0: 11868604244 123786836 3025624 21252

1734617397
lo: 3256 3256 0 0
eth0: 11871391876 123812312 2787632 25476

1734617398
lo: 3256 3256 0 0
eth0: 11874491480 123834686 3099604 22374

1734617399
lo: 3256 3256 0 0
eth0: 11878146072 123856796 3654592 22110

1734617400
lo: 3256 3256 0 0
eth0: 11882138468 123887552 3992396 30756

1734617401
lo: 3256 3256 0 0
eth0: 11886787930 123916526 4649462 28974

1734617402
lo: 3256 3256 0 0
eth0: 11891753600 123952430 4965670 35904

1734617403
lo: 3256 3256 0 0
eth0: 11897315214 123998234 5561614 45804

1734617404
lo: 3256 3256 0 0
eth0: 11900973378 124029296 3658164 31062

1734617405
lo: 3256 3256 0 0
eth0: 11904539204 124060844 3565826 31548

1734617406
lo: 3256 3256 0 0
eth0: 11908657844 124094240 4118640 33396

1734617407
lo: 3256 3256 0 0
eth0: 11913153550 124134986 4495706 40746

1734617408
lo: 3256 3256 0 0
eth0: 11918327018 124178330 5173468 43344

1734617409
lo: 3256 3256 0 0
eth0: 11923799718 124229150 5472700 50820

1734617410
lo: 3256 3256 0 0
eth0: 11929434652 124278056 5634934 48906

1734617411
lo: 3256 3256 0 0
eth0: 11934328132 124321352 4893480 43296

1734617412
lo: 3256 3256 0 0
eth0: 11940085172 124372700 5757040 51348

1734617413
lo: 3256 3256 0 0
eth0: 11946065158 124432694 5979986 59994

1734617414
lo: 3256 3256 0 0
eth0: 11952294422 124501202 6229264 68508

1734617415
lo: 3256 3256 0 0
eth0: 11958981592 124572350 6687170 71148

1734617416
lo: 3256 3256 0 0
eth0: 11966068522 124644662 7086930 72312

1734617417
lo: 3256 3256 0 0
eth0: 11972054074 124705184 5985552 60522

1734617418
lo: 3256 3256 0 0
eth0: 11972054074 124705184 0 0

1734617419
lo: 3256 3256 0 0
eth0: 11972054074 124705184 0 0

1734617420
lo: 3256 3256 0 0
eth0: 11972054074 124705184 0 0

1734617421
lo: 3256 3256 0 0
eth0: 11972054074 124705184 0 0

1734617422
lo: 3256 3256 0 0
eth0: 11972054074 124705184 0 0

1734617423
lo: 3256 3256 0 0
eth0: 11972054074 124705184 0 0

1734617424
lo: 3256 3256 0 0
eth0: 11972054074 124705184 0 0

1734617425
lo: 3256 3256 0 0
eth0: 11972054074 124705184 0 0

1734617426
lo: 3256 3256 0 0
eth0: 11972054074 124705184 0 0

1734617427
lo: 3256 3256 0 0
eth0: 11972054074 124705184 0 0

1734617428
lo: 3256 3256 0 0
eth0: 11972054074 124705184 0 0

1734617429
lo: 3256 3256 0 0
eth0: 11972054074 124705184 0 0

1734617430
lo: 3256 3256 0 0
eth0: 11972054074 124705184 0 0

1734617431
lo: 3256 3256 0 0
eth0: 11972054074 124705184 0 0

1734617432
lo: 3256 3256 0 0
eth0: 11972054074 124705184 0 0

1734617433
lo: 3256 3256 0 0
eth0: 11972054074 124705184 0 0

1734617434
lo: 3256 3256 0 0
eth0: 11972054074 124705184 0 0

1734617435
lo: 3256 3256 0 0
eth0: 11972054074 124705184 0 0

1734617436
lo: 3256 3256 0 0
eth0: 11972054074 124705184 0 0

1734617437
lo: 3256 3256 0 0
eth0: 11972054074 124705184 0 0

1734617438
lo: 3256 3256 0 0
eth0: 11972054074 124705184 0 0

1734617439
lo: 3256 3256 0 0
eth0: 11972054074 124705184 0 0

1734617440
lo: 3256 3256 0 0
eth0: 11972054074 124705184 0 0

1734617441
lo: 3256 3256 0 0
eth0: 11972054074 124705184 0 0

1734617442
lo: 3256 3256 0 0
eth0: 11972054074 124705184 0 0

1734617443
lo: 3256 3256 0 0
eth0: 11972054074 124705184 0 0

1734617444
lo: 3256 3256 0 0
eth0: 11972054074 124705184 0 0

1734617445
lo: 3256 3256 0 0
eth0: 11972054074 124705184 0 0

1734617446
lo: 3256 3256 0 0
eth0: 11972054074 124705184 0 0

1734617447
lo: 3256 3256 0 0
eth0: 11972054074 124705184 0 0

1734617448
lo: 3256 3256 0 0
eth0: 11972054074 124705184 0 0

1734617449
lo: 3256 3256 0 0
eth0: 11972054074 124705184 0 0

1734617450
lo: 3256 3256 0 0
eth0: 11972054074 124705184 0 0

1734617451
lo: 3256 3256 0 0
eth0: 11972054074 124705184 0 0

1734617452
lo: 3256 3256 0 0
eth0: 11972054074 124705184 0 0

1734617453
lo: 3256 3256 0 0
eth0: 11972054074 124705184 0 0

1734617454
lo: 3256 3256 0 0
eth0: 11972054074 124705184 0 0

1734617455
lo: 3256 3256 0 0
eth0: 11972054074 124705184 0 0

1734617456
lo: 3256 3256 0 0
eth0: 11972054074 124705184 0 0

1734617457
lo: 3256 3256 0 0
eth0: 11972054074 124705184 0 0

1734617458
lo: 3256 3256 0 0
eth0: 11972054074 124705184 0 0

1734617459
lo: 3256 3256 0 0
eth0: 11972054074 124705184 0 0

1734617460
lo: 3256 3256 0 0
eth0: 11972054074 124705184 0 0

1734617461
lo: 3256 3256 0 0
eth0: 11972054074 124705184 0 0

1734617462
lo: 3256 3256 0 0
eth0: 11972054074 124705184 0 0

1734617463
lo: 3256 3256 0 0
eth0: 11972054074 124705184 0 0

1734617464
lo: 3256 3256 0 0
eth0: 11972054074 124705184 0 0

1734617465
lo: 3256 3256 0 0
eth0: 11972054074 124705184 0 0

1734617466
lo: 3256 3256 0 0
eth0: 11972054074 124705184 0 0

1734617467
lo: 3256 3256 0 0
eth0: 11972054074 124705184 0 0

1734617468
lo: 3256 3256 0 0
eth0: 11972054074 124705184 0 0

1734617469
lo: 3256 3256 0 0
eth0: 11972054074 124705184 0 0

1734617470
lo: 3256 3256 0 0
eth0: 11972054074 124705184 0 0

1734617471
lo: 3256 3256 0 0
eth0: 11972054074 124705184 0 0

1734617472
lo: 3256 3256 0 0
eth0: 11972054074 124705184 0 0

1734617473
lo: 3256 3256 0 0
eth0: 11972054074 124705184 0 0

1734617474
lo: 3256 3256 0 0
eth0: 11972054074 124705184 0 0

1734617475
lo: 3256 3256 0 0
eth0: 11972054074 124705184 0 0

1734617476
lo: 3256 3256 0 0
eth0: 11972054074 124705184 0 0

1734617477
lo: 3256 3256 0 0
eth0: 11972054074 124705184 0 0

1734617478
lo: 3256 3256 0 0
eth0: 11972054074 124705184 0 0

1734617479
lo: 3256 3256 0 0
eth0: 11972054140 124705250 66 66

1734617480
lo: 3256 3256 0 0
eth0: 11972054140 124705250 0 0

1734617481
lo: 3256 3256 0 0
eth0: 11972054140 124705250 0 0

1734617482
lo: 3256 3256 0 0
eth0: 11972054140 124705250 0 0

1734617483
lo: 3256 3256 0 0
eth0: 11972054140 124705250 0 0

1734617484
lo: 3256 3256 0 0
eth0: 11972054224 124705334 84 84

1734617485
lo: 3256 3256 0 0
eth0: 11972054224 124705334 0 0

1734617486
lo: 3256 3256 0 0
eth0: 11972054224 124705334 0 0

1734617487
lo: 3256 3256 0 0
eth0: 11972054224 124705334 0 0

1734617488
lo: 3256 3256 0 0
eth0: 11972054224 124705334 0 0

1734617489
lo: 3256 3256 0 0
eth0: 11972054224 124705334 0 0

1734617490
lo: 3256 3256 0 0
eth0: 11972054224 124705334 0 0

1734617491
lo: 3256 3256 0 0
eth0: 11972054224 124705334 0 0

1734617492
lo: 3256 3256 0 0
eth0: 11972054224 124705334 0 0

1734617493
lo: 3256 3256 0 0
eth0: 11972054224 124705334 0 0

1734617494
lo: 3256 3256 0 0
eth0: 11972054224 124705334 0 0

1734617495
lo: 3256 3256 0 0
eth0: 11972054224 124705334 0 0

1734617496
lo: 3256 3256 0 0
eth0: 11972054224 124705334 0 0

1734617497
lo: 3256 3256 0 0
eth0: 11972054224 124705334 0 0

1734617498
lo: 3256 3256 0 0
eth0: 11972054224 124705334 0 0

1734617499
lo: 3256 3256 0 0
eth0: 11972054224 124705334 0 0

1734617500
lo: 3256 3256 0 0
eth0: 11972054224 124705334 0 0

1734617501
lo: 3256 3256 0 0
eth0: 11972054224 124705334 0 0

1734617502
lo: 3256 3256 0 0
eth0: 11972054224 124705334 0 0

1734617503
lo: 3256 3256 0 0
eth0: 11972054224 124705334 0 0

1734617504
lo: 3256 3256 0 0
eth0: 11972054224 124705334 0 0

1734617505
lo: 3256 3256 0 0
eth0: 11972054224 124705334 0 0

1734617506
lo: 3256 3256 0 0
eth0: 11972054224 124705334 0 0

1734617507
lo: 3256 3256 0 0
eth0: 11972054224 124705334 0 0

1734617508
lo: 3256 3256 0 0
eth0: 11972054224 124705334 0 0

1734617509
lo: 3256 3256 0 0
eth0: 11972054224 124705334 0 0

1734617510
lo: 3256 3256 0 0
eth0: 11972054224 124705334 0 0

1734617511
lo: 3256 3256 0 0
eth0: 11972054224 124705334 0 0

1734617512
lo: 3256 3256 0 0
eth0: 11972054224 124705334 0 0

1734617513
lo: 3256 3256 0 0
eth0: 11972054224 124705334 0 0

1734617514
lo: 3256 3256 0 0
eth0: 11972054224 124705334 0 0

1734617515
lo: 3256 3256 0 0
eth0: 11972054224 124705334 0 0

1734617516
lo: 3256 3256 0 0
eth0: 11972054224 124705334 0 0

1734617517
lo: 3256 3256 0 0
eth0: 11972054224 124705334 0 0

1734617518
lo: 3256 3256 0 0
eth0: 11972054224 124705334 0 0

1734617519
lo: 3256 3256 0 0
eth0: 11972054224 124705334 0 0

1734617520
lo: 3256 3256 0 0
eth0: 11972054224 124705334 0 0

1734617521
lo: 3256 3256 0 0
eth0: 11972054224 124705334 0 0

1734617522
lo: 3256 3256 0 0
eth0: 11972054224 124705334 0 0

1734617523
lo: 3256 3256 0 0
eth0: 11972054224 124705334 0 0

1734617524
lo: 3256 3256 0 0
eth0: 11972054224 124705334 0 0

1734617525
lo: 3256 3256 0 0
eth0: 11972054224 124705334 0 0

1734617526
lo: 3256 3256 0 0
eth0: 11972054356 124705563 132 229

1734617527
lo: 3256 3256 0 0
eth0: 11972054356 124705563 0 0

