1734616416
0.3318348998774009 0.08173273395995095 0.0004086636697997548

1734616417
0.0959016393442623 0.036885245901639344 0.0

1734616418
0.09940975458216837 0.031997514756135444 0.0

1734616419
0.10246758678377248 0.02258469259723965 0.0

1734616420
0.06574539363484087 0.02554438860971524 0.0

1734616421
0.05131414267834793 0.00917813934084272 0.0

1734616422
0.055973266499582286 0.01086048454469507 0.0004177109440267335

1734616423
0.31291946308724833 0.11619127516778524 0.0

1734616424
0.2680976430976431 0.1111111111111111 0.0012626262626262627

1734616425
0.46008403361344535 0.22563025210084034 0.0008403361344537816

1734616426
0.5669717138103162 0.1788685524126456 0.0

1734616427
0.27562739259889407 0.10974053594215227 0.0012760527435133986

1734616428
0.35690515806988354 0.13061564059900166 0.00041597337770382697

1734616429
0.3068181818181818 0.09301346801346802 0.0

1734616430
0.3329129886506936 0.10760823875577974 0.0004203446826397646

1734616431
0.3478079331941545 0.12192066805845511 0.0

1734616432
0.11764705882352941 0.03754693366708386 0.005423445974134335

1734616433
0.11227045075125208 0.05300500834724541 0.0

1734616434
0.1134278565471226 0.045037531276063386 0.0

1734616435
0.102457309454394 0.03581840899625156 0.00041649312786339027

1734616436
0.07494736842105264 0.023578947368421053 0.0

1734616437
0.054690786705931846 0.01051745898190997 0.014724442574673959

1734616438
0.0337798485730926 0.02125800815375655 0.09522422830518346

1734616440
0.24042048151915904 0.0688368938623262 0.0

1734616441
0.180481829318089 0.02531645569620253 0.0

1734616442
0.12531120331950207 0.04273858921161826 0.0

1734616443
0.1077414205905826 0.02753391859537111 0.0

1734616444
0.15694006309148265 0.06348580441640378 0.06506309148264984

1734616445
0.22031772575250835 0.07357859531772576 0.004180602006688963

1734616446
0.16328188464662877 0.07229894394800974 0.008529650690495532

1734616447
0.13924050632911392 0.0459915611814346 0.08354430379746836

1734616448
0.20970951054516515 0.05013927576601671 0.013131715081575806

1734616449
0.155724579663731 0.04243394715772618 0.07846277021617294

1734616450
0.08018280016618197 0.03863730785209805 0.1632737847943498

1734616451
0.12520259319286872 0.041329011345218804 0.028363047001620744

1734616452
0.08588186007540846 0.04524507750314202 0.0012568077084206116

1734616453
0.09037900874635568 0.04831320283215327 0.00041649312786339027

1734616454
0.13597972972972974 0.05869932432432432 0.0

1734616455
0.11232646192679849 0.03786285233487589 0.0

1734616456
0.0859538784067086 0.04067085953878407 0.0

1734616457
0.09109991603694374 0.023089840470193114 0.00041981528127623844

1734616458
0.08001675743611228 0.015500628403854211 0.0

1734616459
0.15397489539748954 0.02887029288702929 0.0

1734616460
0.2910229645093946 0.03465553235908142 0.0

1734616461
0.2850565089995814 0.08036835496023441 0.038509836751778985

1734616462
0.21061429168407855 0.06811533639782699 0.001671541997492687

1734616463
0.18147527242246436 0.09262363788767812 0.0

1734616464
0.5244463017133305 0.1771834517342248 0.0

1734616465
0.51010101010101 0.14646464646464646 0.00042087542087542086

1734616466
0.37157317587515815 0.16153521720792915 0.006748207507380852

1734616467
0.355490113588557 0.1442995372318048 0.0

1734616468
0.3697123519458545 0.1281725888324873 0.00042301184433164127

1734616469
0.4696591853699086 0.200332502078138 0.04156275976724855

1734616470
0.346364018495166 0.1698192517864649 0.05884825556956705

1734616471
0.2787573467674223 0.1070528967254408 0.07136859781696053

1734616472
0.2788181439866833 0.17228464419475656 0.03828547648772368

1734616473
0.4235641891891892 0.17863175675675674 0.014358108108108109

1734616474
0.3966597077244259 0.1544885177453027 0.0004175365344467641

1734616475
0.45309882747068675 0.19472361809045227 0.0

1734616476
0.701255230125523 0.2175732217573222 0.0016736401673640166

1734616477
0.5519125683060109 0.23581336696090793 0.0037831021437578815

1734616478
0.5987473903966597 0.19498956158663883 0.0041753653444676405

1734616479
0.873015873015873 0.11988304093567251 0.000835421888053467

1734616480
0.9020016680567139 0.09591326105087573 0.0

1734616481
0.8597077244258873 0.10062630480167015 0.012943632567849687

1734616482
0.28452231956612434 0.03963287442636629 0.4388819357530246

1734616483
0.9106844741235393 0.08764607679465776 0.0

1734616484
0.7908141962421712 0.11231732776617954 0.05219206680584551

1734616485
0.5909471919530596 0.18776194467728416 0.008382229673093043

1734616486
0.6203007518796992 0.18796992481203006 0.0029239766081871343

1734616487
0.36679213718109577 0.11710581346716854 0.12923462986198245

1734616488
0.8111390284757118 0.1323283082077052 0.01675041876046901

1734616489
0.6963087248322147 0.19714765100671142 0.006711409395973154

1734616490
0.5896682066358673 0.25535489290214197 0.009239815203695927

1734616491
0.6990701606086221 0.22865595942519018 0.001267962806424345

1734616492
0.7342511472674176 0.18606591572799333 0.00041718815185648727

1734616493
0.5228703315148971 0.2282836760386068 0.0

1734616494
0.7130325814536341 0.24812030075187969 0.0

1734616495
0.5764411027568922 0.24644945697577275 0.0012531328320802004

1734616496
0.6434892541087232 0.27096502317741256 0.0

1734616497
0.7803347280334728 0.2100418410041841 0.0

1734616498
0.7814845704753962 0.20892410341951625 0.0

1734616499
0.7235294117647059 0.24201680672268908 0.0016806722689075631

1734616500
0.6797658862876255 0.27048494983277593 0.0004180602006688963

1734616501
0.6593868122637547 0.24569508609827803 0.00041999160016799666

1734616502
0.5094736842105263 0.2614736842105263 0.01768421052631579

1734616503
0.6863806747188671 0.27946688879633486 0.0

1734616504
0.6521739130434783 0.3177257525083612 0.0

1734616505
0.6031879194630873 0.30201342281879195 0.0041946308724832215

1734616506
0.6386449184441656 0.32705980761187786 0.0

1734616507
0.739857800083647 0.24215809284818068 0.0

1734616508
0.8247078464106845 0.1669449081803005 0.0

1734616509
0.7200335289186923 0.25440067057837384 0.0

1734616510
0.6168694922366764 0.3092740243390684 0.003357112882920688

1734616511
0.6304256215760641 0.27307206068268014 0.0008428150021070375

1734616512
0.6666666666666666 0.237494745691467 0.003362757461118117

1734616513
0.5704107292539815 0.23889354568315171 0.012573344509639563

1734616514
0.8036835496023441 0.1653411469233989 0.0025115110925073253

1734616515
0.9186822351959967 0.08090075062552127 0.0

1734616516
0.9275 0.07208333333333333 0.0

1734616517
0.7898702385935538 0.16199246546672247 0.0008371703641691084

1734616518
0.7737746124842899 0.19815668202764977 0.0

1734616519
0.6480470390592188 0.2133557328853423 0.0373792524149517

1734616520
0.6030150753768844 0.24455611390284757 0.00711892797319933

1734616521
0.7114657706845863 0.1868962620747585 0.00041999160016799666

1734616522
0.8568447412353923 0.13772954924874792 0.0

1734616523
0.7283018867924528 0.2448637316561845 0.0

1734616524
0.8675249169435216 0.12832225913621262 0.0

1734616525
0.871859296482412 0.12227805695142378 0.0

1734616526
0.8583333333333333 0.13875 0.0

1734616527
0.8849040867389492 0.11384487072560467 0.0

1734616528
0.6729428172942817 0.25592747559274753 0.0031380753138075313

1734616530
0.8279370952821462 0.1690564292321924 0.00046253469010175765

1734616531
0.6763102725366876 0.30356394129979036 0.0029350104821802936

1734616532
0.7590260285474392 0.22628043660789252 0.0012594458438287153

1734616533
0.8169661512745507 0.17801922273297116 0.0

1734616534
0.8627615062761507 0.11882845188284519 0.011715481171548118

1734616535
0.6390284757118928 0.10552763819095477 0.17462311557788945

1734616536
0.8620116375727348 0.13549459684123025 0.0

1734616537
0.8741142142559399 0.12463526469362234 0.0008336807002917883

1734616538
0.87625 0.1225 0.0004166666666666667

1734616539
0.8569641367806505 0.1409507923269391 0.0008340283569641367

1734616540
0.8401502504173622 0.15525876460767946 0.0

1734616541
0.6679373146971622 0.24481152054214317 0.004659042778483694

1734616542
0.6546284765462848 0.2590286425902864 0.00041511000415110004

1734616543
0.7769874476987447 0.16694560669456068 0.007531380753138075

1734616544
0.7547090832984512 0.17161992465466722 0.0004185851820845542

1734616545
0.9157279933249896 0.08176887776387151 0.0

1734616546
0.8909774436090225 0.1035923141186299 0.0

1734616547
0.814985349518627 0.15236500627877772 0.0004185851820845542

1734616548
0.859466221851543 0.13261050875729774 0.0

1734616549
0.9040467250730079 0.09428452231956612 0.0

1734616550
0.9029166666666667 0.09625 0.0

1734616551
0.8648310387984981 0.13057989153108052 0.0020859407592824365

1734616552
0.8840697203080665 0.11228212403729226 0.0012160518848804217

1734616554
0.8930600148184737 0.10570511237342553 0.0

1734616555
0.8638532110091743 0.1310091743119266 0.0

1734616556
0.8200663349917081 0.16334991708126037 0.0

1734616557
0.7805062334718549 0.2006044578768417 0.00037778617302606723

1734616558
0.7734248788368336 0.21163166397415187 0.0

1734616559
0.8348623853211009 0.16263552960800667 0.0

1734616560
0.8289528577388402 0.1677096370463079 0.0

1734616561
0.8079166666666666 0.19041666666666668 0.0

1734616562
0.8375571250519319 0.1587037806398006 0.0

1734616563
0.8432523051131601 0.1479463537300922 0.0

1734616564
0.807772670288341 0.18178019222732972 0.0

1734616565
0.85273258239466 0.14309553608677514 0.0

1734616566
0.8266666666666667 0.14208333333333334 0.0004166666666666667

1734616567
0.6064325010579772 0.24502750740584003 0.00042319085907744394

1734616568
0.6322981366459627 0.27991718426501033 0.00041407867494824016

1734616569
0.7128547579298832 0.20534223706176963 0.00041736227045075126

1734616570
0.7889678228165483 0.20727120768909318 0.0

1734616571
0.5993280134397312 0.20411591768164636 0.0

1734616572
0.6015853149770547 0.18982060909470172 0.00041718815185648727

1734616573
0.5948348856900931 0.1672311600338696 0.0004233700254022015

1734616574
0.8187891440501044 0.16409185803757828 0.0

1734616575
0.8456096545984186 0.1285892634207241 0.0

1734616576
0.5689870779491455 0.2113380575239683 0.005418924551896623

1734616577
0.5965502734539335 0.1792175010517459 0.005048380311316786

1734616578
0.5425709515859767 0.16026711185308848 0.00041736227045075126

1734616579
0.6833473507148865 0.14297729184188393 0.0037846930193439865

1734616580
0.8740091781393409 0.12348769294952024 0.0

1734616581
0.7516806722689076 0.17352941176470588 0.0

1734616582
0.4830508474576271 0.18465655664585193 0.00044603033006244426

1734616583
0.6134453781512605 0.2130252100840336 0.0008403361344537816

1734616584
0.7603513174404015 0.13592639063153492 0.000836470096194061

1734616585
0.5451490970180597 0.18563628727425452 0.0

1734616586
0.33682885906040266 0.1480704697986577 0.0

1734616587
0.24350377200335288 0.10016764459346186 0.0008382229673093043

1734616588
0.29436325678496866 0.14864300626304802 0.0004175365344467641

1734616589
0.2537751677852349 0.08808724832214765 0.0

1734616590
0.23740108288213244 0.10495626822157435 0.0

1734616591
0.5602334305960817 0.13255523134639433 0.0

1734616592
0.58322798145807 0.12305099030762748 0.0008428150021070375

1734616593
0.3813559322033898 0.14322033898305084 0.0

1734616594
0.5493905002101723 0.27490542244640603 0.0012610340479192938

1734616595
0.6357532522031053 0.2769618128409568 0.000839278220730172

1734616596
0.7381252627154267 0.20512820512820512 0.0

1734616597
0.7525252525252525 0.19486531986531985 0.0025252525252525255

1734616598
0.6747796894670584 0.27486361728913133 0.000419639110365086

1734616599
0.6198904340497261 0.31268436578171094 0.0

1734616600
0.7206867671691792 0.23492462311557788 0.0

1734616601
0.6175231676495366 0.2662173546756529 0.00042122999157540015

1734616602
0.6254728877679697 0.22740647330811264 0.002101723413198823

1734616603
0.5984053713806127 0.22744439781787662 0.02643726395300042

1734616604
0.775493075954679 0.17540914813260597 0.000419639110365086

1734616605
0.7448594208980277 0.2253462022660512 0.0

1734616606
0.7529461279461279 0.22053872053872053 0.00042087542087542086

1734616607
0.8076438471230576 0.1759764804703906 0.0

1734616608
0.7921371810957758 0.18569636135508155 0.0012547051442910915

1734616609
0.8152678194854491 0.17714044706874738 0.0

1734616610
0.8576145274453157 0.13743293437886916 0.0004127115146512588

1734616611
0.8257417467613873 0.162975344755537 0.0

1734616612
0.8069660092320604 0.17205203524968526 0.000419639110365086

1734616613
0.804857621440536 0.17755443886097153 0.0004187604690117253

1734616614
0.8448347971560016 0.1426181514010874 0.0

1734616615
0.8446398659966499 0.14614740368509213 0.0

1734616616
0.8578574406002502 0.14047519799916633 0.0

1734616617
0.869837296620776 0.1284939507717981 0.0

1734616618
0.8920833333333333 0.10666666666666667 0.0

1734616619
0.8841362126245847 0.11254152823920266 0.0008305647840531562

1734616620
0.892005023022185 0.10632063624947677 0.0

1734616621
0.9068893528183716 0.08893528183716075 0.0

1734616622
0.9099249374478732 0.08924103419516263 0.0

1734616623
0.9228523769808173 0.07673060884070058 0.0

1734616624
0.8973717146433041 0.10054234459741343 0.0

1734616625
0.9062109212171738 0.09128803668195082 0.0

1734616626
0.9107217355027117 0.08802670004171881 0.0

1734616627
0.9178824510212589 0.08045018757815757 0.0

1734616628
0.9062890462307371 0.09121199500208246 0.0012494793835901709

1734616629
0.9036697247706422 0.09466221851542952 0.0008340283569641367

1734616630
0.8693110647181629 0.12734864300626306 0.0020876826722338203

1734616631
0.8933167289331673 0.10460772104607721 0.00041511000415110004

1734616632
0.8656903765690377 0.1301255230125523 0.00041841004184100416

1734616633
0.9049604001667362 0.09337223843268028 0.0

1734616634
0.9065498539841469 0.09261576971214018 0.0

1734616635
0.9074228523769808 0.09132610508757298 0.0

1734616636
0.9207342511472674 0.07133917396745933 0.0025031289111389237

1734616637
0.8919933277731443 0.10592160133444536 0.0

1734616638
0.9119966791199668 0.08634288086342881 0.0

1734616639
0.902510460251046 0.09665271966527196 0.0

1734616640
0.8995433789954338 0.099626400996264 0.0

1734616641
0.9190215099114297 0.08013496415014762 0.0

1734616642
0.893801652892562 0.10454545454545454 0.0

1734616643
0.8849520633597332 0.11421425593997499 0.0

1734616644
0.8849520633597332 0.11504793664026677 0.0

1734616645
0.91375 0.08583333333333333 0.0004166666666666667

1734616646
0.9306766293067663 0.06724782067247821 0.0012453300124533001

1734616647
0.9175732217573221 0.08242677824267783 0.0

1734616648
0.9216666666666666 0.07833333333333334 0.0

1734616649
0.9304166666666667 0.06958333333333333 0.0

1734616650
0.929137140475198 0.07086285952480201 0.0

1734616651
0.9260024803637867 0.07399751963621332 0.0

1734616652
0.9265014699706006 0.07265854682906342 0.0

1734616653
0.9233013755731555 0.07628178407669862 0.00041684035014589413

1734616654
0.9204166666666667 0.07958333333333334 0.0

1734616655
0.9341392246769488 0.06586077532305128 0.0

1734616656
0.92875 0.07083333333333333 0.0004166666666666667

1734616657
0.9125 0.0875 0.0

1734616658
0.8953730721133806 0.10379324718632764 0.00041684035014589413

1734616659
0.8925 0.10708333333333334 0.0

1734616660
0.9022964509394572 0.09561586638830898 0.0012526096033402922

1734616661
0.9029166666666667 0.09625 0.0004166666666666667

1734616662
0.8969545264914477 0.10304547350855235 0.0

1734616663
0.8991666666666667 0.09958333333333333 0.0004166666666666667

1734616664
0.905 0.095 0.0

1734616665
0.8978741142142559 0.1000416840350146 0.0012505210504376823

1734616666
0.9157326691573267 0.08426733084267331 0.0

1734616667
0.907190635451505 0.09239130434782608 0.0

1734616668
0.8994181213632585 0.10058187863674148 0.0

1734616669
0.8992053534086156 0.10037641154328733 0.0

1734616670
0.9324718632763651 0.06752813672363485 0.0

1734616671
0.9232365145228216 0.07510373443983402 0.0004149377593360996

1734616672
0.9111855886049435 0.08755760368663594 0.0

1734616673
0.9075 0.09083333333333334 0.0

1734616674
0.86625 0.13375 0.0

1734616675
0.8720833333333333 0.125 0.0020833333333333333

1734616676
0.86875 0.12958333333333333 0.0004166666666666667

1734616677
0.8827442827442827 0.11517671517671518 0.0

1734616678
0.8669724770642202 0.1305254378648874 0.0004170141784820684

1734616679
0.8928273561301084 0.10341951626355296 0.0012510425354462051

1734616680
0.7000731528895391 0.05364545232870032 0.22726164350158498

1734616681
0.7323262839879154 0.1268882175226586 0.12628398791540785

1734616682
0.9027322404371585 0.0947176684881603 0.0018214936247723133

1734616684
0.8895166352793471 0.10954174513496548 0.0006277463904582549

1734616685
0.9043026706231454 0.09458456973293769 0.000741839762611276

1734616686
0.8956158663883089 0.08601252609603341 0.00918580375782881

1734616687
0.9257405089695453 0.07384230287859825 0.0

1734616688
0.922980326496442 0.07450816241105065 0.0008371703641691084

1734616689
0.9094701710471422 0.08760951188986232 0.0012515644555694619

1734616690
0.9151138716356108 0.0484472049689441 0.034782608695652174

1734616691
0.9262672811059908 0.06702974444909929 0.003770423125261835

1734616692
0.8840216937838965 0.11097204839382561 0.001668752607425949

1734616693
0.9220183486238532 0.07631359466221851 0.0

1734616694
0.92 0.07791666666666666 0.0

1734616695
0.8289637952559301 0.12484394506866417 0.0012484394506866417

1734616696
0.8275574112734865 0.12818371607515658 0.0004175365344467641

1734616697
0.8453177257525084 0.13336120401337792 0.0004180602006688963

1734616698
0.7861344537815126 0.17394957983193277 0.007563025210084034

1734616699
0.6921140939597316 0.1648489932885906 0.03649328859060403

1734616700
0.6460509820309235 0.19431675720852487 0.0008357709987463436

1734616701
0.8974145120934112 0.10050041701417849 0.0

1734616702
0.9132610508757297 0.08590492076730609 0.0

1734616703
0.9040867389491243 0.09341117597998332 0.0

1734616704
0.9188846641318125 0.07826362484157161 0.0019011406844106464

1734616705
0.9101045296167247 0.08850174216027874 0.0006968641114982578

1734616707
0.9020059191055574 0.09371917132522196 0.0023018743834265043

1734616708
0.9081671057583741 0.0899510726383139 0.0011290929619872036

1734616709
0.8987626546681665 0.09973753280839895 0.0011248593925759281

1734616710
0.9220833333333334 0.07791666666666666 0.0

1734616711
0.9115929941618015 0.08423686405337781 0.0029190992493744786

1734616712
0.9029166666666667 0.09708333333333333 0.0

1734616713
0.8824020016680567 0.11676396997497915 0.0

1734616714
0.8648874061718098 0.1346955796497081 0.0

1734616715
0.9045435598165903 0.09545644018340975 0.0

1734616716
0.9157631359466222 0.08381984987489574 0.0

1734616717
0.8858333333333334 0.11333333333333333 0.0

1734616718
0.8715596330275229 0.11009174311926606 0.0004170141784820684

1734616719
0.9108704706372345 0.08912952936276551 0.0

1734616720
0.9099624843684869 0.08920383493122135 0.0

1734616721
0.8987131589871316 0.099626400996264 0.0

1734616722
0.7978187919463087 0.19421140939597314 0.0

1734616723
0.7444583856127144 0.19573400250941028 0.025512337933918862

1734616724
0.6463414634146342 0.3263246425567704 0.0

1734616725
0.7390029325513197 0.24130708001675744 0.00041893590280687055

1734616726
0.5908518673940412 0.21275702895509863 0.10784725136382711

1734616727
0.6748645268862026 0.31429762401000416 0.0

1734616728
0.5460251046025104 0.36569037656903763 0.027615062761506277

1734616729
0.5661486770264594 0.3884922301553969 0.0

1734616730
0.5368200836820084 0.4192468619246862 0.00041841004184100416

1734616731
0.5180067001675042 0.4271356783919598 0.0

1734616732
0.5372182050191407 0.41088898341131436 0.0

1734616733
0.6570247933884298 0.27892561983471076 0.019008264462809916

1734616734
0.6229780174201576 0.15097469929489837 0.09871422646204894

1734616735
0.8222689075630252 0.17563025210084032 0.0

1734616736
0.83375104427736 0.16374269005847952 0.0

1734616737
0.7584905660377359 0.13459119496855346 0.0004192872117400419

1734616738
0.5812787296280819 0.2206435436690347 0.008775595486836606

1734616739
0.6689047419219472 0.2547209399916072 0.03147293327738145

1734616740
0.6657269432138542 0.1296818364881192 0.057188884414015304

1734616742
0.21872695994101746 0.052838535266650284 0.32956500368640945

1734616743
0.5638513513513513 0.18277027027027026 0.09493243243243243

1734616744
0.2747747747747748 0.05814905814905815 0.25634725634725636

1734616746
0.38752286120707174 0.09774436090225563 0.15037593984962405

1734616748
0.20240782543265612 0.06646601454727866 0.22146977677451718

1734616749
0.13649950182663567 0.03387578877449352 0.4171371637329791

1734616750
0.291030160595378 0.09479044261652958 0.17508813160987075

1734616751
0.12766924125397547 0.059064061790095414 0.30258973194002725

1734616752
0.1270042194092827 0.05189873417721519 0.3130801687763713

1734616753
0.041827768014059755 0.00984182776801406 0.3687170474516696

1734616754
0.4457323498419389 0.13944502985598875 0.10853530031612224

1734616755
0.23254886318308735 0.0905464698843239 0.13442361388113283

1734616756
0.1736082474226804 0.08206185567010309 0.13690721649484536

1734616757
0.16193656093489148 0.06010016694490818 0.13981636060100167

1734616758
0.15088996763754045 0.063915857605178 0.20266990291262135

1734616760
0.12659327925840091 0.05417149478563152 0.22190034762456548

1734616761
0.0989103101424979 0.04652137468566639 0.2548197820620285

1734616762
0.13190054782975136 0.05014749262536873 0.25410872313527183

1734616763
0.09352209352209352 0.05834405834405834 0.24367224367224366

1734616764
0.16209371042634022 0.06880540312368087 0.2376530181511186

1734616765
0.21528070915998312 0.08737864077669903 0.17728999577880963

1734616766
0.21048182586644126 0.07480980557903635 0.1614539306846999

1734616767
0.10105263157894737 0.058105263157894736 0.3334736842105263

1734616768
0.06521739130434782 0.04180602006688963 0.3448996655518395

1734616769
0.1662382176520994 0.0844044558697515 0.15552699228791775

1734616770
0.21839080459770116 0.07577692635163899 0.19199659429544488

1734616772
0.026333222921497184 0.009605829744948658 0.5354421994037761

1734616773
0.08590047393364929 0.03495260663507109 0.30924170616113744

1734616774
0.4749791492910759 0.164720600500417 0.14053377814845705

1734616776
0.046741106206180216 0.014801350298623735 0.39522202025447933

1734616777
0.20632208457923965 0.0914139256727894 0.1388295600170867

1734616778
0.4608663997087732 0.14124499453949763 0.13360029122679287

1734616779
0.08590006844626968 0.03490759753593429 0.22108145106091717

1734616780
0.09970674486803519 0.03393380812735652 0.17720988688730624

1734616781
0.09328830730265936 0.045166737019839594 0.15576192486281132

1734616782
0.02385567317727747 0.015804383479946324 0.5586700462203668

1734616784
0.0 0.0 0.0

1734616785
0.0674507090971982 0.021445866482186094 0.438602559667935

1734616786
0.15921668795232014 0.04597701149425287 0.21668795232013624

1734616787
0.08127340823970038 0.01947565543071161 0.3775280898876405

1734616789
0.11805555555555555 0.05129928315412186 0.20049283154121864

1734616790
0.015369194787838289 0.009355162044771133 0.29535583027063145

1734616795
0.03302509907529723 0.016380449141347425 0.49264641127256714

1734616796
0.1366723259762309 0.06451612903225806 0.21774193548387097

1734616799
0.04548844146159582 0.030425055928411632 0.3409395973154362

1734616800
0.24820901812052254 0.08891698272229245 0.19258322798145808

1734616801
0.16477033291192583 0.05056890012642225 0.1260008428150021

1734616802
0.07534533277521975 0.04730012557555462 0.18334030975303475

1734616804
0.08232291001914487 0.05318017443097214 0.22186768772601573

1734616805
0.10643464184540671 0.06960744637798462 0.35046539862403886

1734616806
0.09830508474576272 0.042796610169491524 0.22372881355932203

1734616807
0.0547945205479452 0.0414563806777217 0.20944484498918528

1734616808
0.10941061543471182 0.0638228590035819 0.21393682839465972

1734616809
0.11544585987261147 0.04856687898089172 0.14211783439490447

1734616811
0.07138810198300283 0.017847025495750707 0.3481586402266289

1734616812
0.08078335373317014 0.02447980416156671 0.29702162382700936

1734616813
0.061215932914046124 0.02348008385744235 0.2129979035639413

1734616814
0.09403862300587741 0.02518891687657431 0.163727959697733

1734616815
0.05909471919530595 0.028499580888516344 0.26655490360435874

1734616816
0.08534009294465568 0.022391212505280946 0.1922264469792987

1734616817
0.08088851634534787 0.03143336127409891 0.31517183570829843

1734616818
0.3283018867924528 0.1148846960167715 0.07714884696016772

1734616819
0.07996632996632996 0.02988215488215488 0.15782828282828282

1734616820
0.056402439024390245 0.018902439024390243 0.18292682926829268

1734616822
0.059548254620123205 0.013347022587268994 0.32238193018480493

1734616823
0.09733389758781211 0.046974185357596274 0.07405840033855268

1734616824
0.07578323454699407 0.01905165114309907 0.1676545300592718

1734616825
0.08023648648648649 0.016469594594594593 0.16891891891891891

1734616826
0.17265886287625418 0.020903010033444816 0.09991638795986622

1734616827
0.19193616127677446 0.04073918521629567 0.08609827803443931

1734616828
0.06012526096033403 0.01837160751565762 0.19832985386221294

1734616830
0.0436046511627907 0.01375968992248062 0.3563953488372093

1734616831
0.07441860465116279 0.041014799154334036 0.16152219873150106

1734616832
0.09038382170862568 0.02269913330581923 0.13371853074700785

1734616833
0.09654598418643362 0.021639617145235122 0.15397419891801914

1734616834
0.07762938230383973 0.020868113522537562 0.14148580968280466

1734616835
0.0747585048299034 0.028559428811423773 0.11801763964720706

1734616836
0.10150375939849623 0.03258145363408521 0.14285714285714285

1734616837
0.06490233144297416 0.013862633900441084 0.18966603654694392

1734616839
0.09737363726461844 0.016600594648166503 0.15485629335976214

1734616841
0.0951356005165734 0.04412397761515282 0.1513129573826948

1734616842
0.08570493948315341 0.02387962054301603 0.2116454039908407

1734616843
0.071791972866026 0.03674392312040701 0.21141888072357265

1734616844
0.05373303167420815 0.02234162895927602 0.19230769230769232

1734616845
0.09469302809573361 0.04162330905306972 0.40582726326742974

1734616847
0.01060070671378092 0.006183745583038869 0.14840989399293286

1734616848
0.2469499368952461 0.08456037021455616 0.09718132099284812

1734616850
0.2800718132854578 0.08505385996409336 0.1741472172351885

1734616851
0.1162514827995255 0.05061289047054172 0.35112692763938314

1734616852
0.6927584763499373 0.20133947258267057 0.010046044370029301

1734616853
0.8511879949979158 0.14672780325135473 0.0

1734616854
0.8560100166944908 0.14148580968280466 0.0

1734616855
0.8357649020425177 0.1617340558566069 0.0

1734616856
0.8546511627906976 0.14451827242524917 0.0

1734616857
0.8786610878661087 0.12092050209205021 0.0

1734616858
0.6902766135792121 0.10016764459346186 0.0008382229673093043

1734616859
0.6840133222314738 0.14154870940882597 0.0

1734616860
0.8081905557877141 0.1700793982448809 0.0

1734616861
0.6315349226265161 0.14972814721873692 0.0004182350480970305

1734616862
0.7765199161425577 0.2050314465408805 0.0004192872117400419

1734616863
0.6686217008797654 0.18433179723502305 0.03519061583577713

1734616864
0.3977176669484362 0.10904480135249366 0.011411665257819104

1734616865
0.6760386067981536 0.14267729752412925 0.13973982375157365

1734616866
0.8728636932055023 0.12546894539391412 0.00041684035014589413

1734616867
0.8784968684759916 0.11691022964509394 0.003340292275574113

1734616869
0.6146268656716418 0.061492537313432835 0.30507462686567166

1734616870
0.8710341985990935 0.12649361351462712 0.0012360939431396785

1734616871
0.8997638415114143 0.09603778535817371 0.0036735764891104696

1734616872
0.9194686591946866 0.0792860107928601 0.0008302200083022001

1734616877
0.27439442973423556 0.03373541237618907 0.5997842502696872

1734616878
0.8932443703085905 0.10592160133444536 0.0

1734616879
0.9065888240200167 0.09132610508757298 0.0

1734616880
0.9107589658048374 0.08757297748123437 0.0

1734616881
0.9057547956630525 0.09049207673060884 0.0

1734616882
0.9058725531028738 0.09329446064139942 0.0

1734616883
0.8893528183716075 0.09519832985386222 0.012108559498956159

1734616884
0.8990825688073395 0.10008340283569642 0.0

1734616885
0.9166666666666666 0.08291666666666667 0.0

1734616886
0.9186822351959967 0.07923269391159299 0.0

1734616887
0.921315570358035 0.0749375520399667 0.00041631973355537054

1734616888
0.9208992506244796 0.0749375520399667 0.0

1734616889
0.9032527105921602 0.09341117597998332 0.0

1734616890
0.9028356964136781 0.0963302752293578 0.0

1734616891
0.8981636060100167 0.1010016694490818 0.0

1734616892
0.8857381150959133 0.1121768140116764 0.0

1734616893
0.9049604001667362 0.08128386827844936 0.003751563151313047

1734616894
0.9157982492705294 0.08253438932888704 0.0008336807002917883

1734616896
0.9131198750488091 0.08141351034752049 0.004685669660288949

1734616897
0.8917249897076986 0.10745162618361466 0.0

1734616898
0.8927826449728827 0.10429703796412182 0.0012515644555694619

1734616899
0.8823038397328882 0.11101836393989983 0.0037562604340567614

1734616900
0.8936613844870726 0.10175145954962468 0.002085070892410342

1734616901
0.8881002087682672 0.10438413361169102 0.004592901878914405

1734616903
0.40393554384877595 0.04400371862410908 0.1555624418964983

1734616904
0.7013744273219492 0.08329862557267805 0.07955018742190754

1734616905
0.5658720200752823 0.0698452530322041 0.04809703053115851

1734616906
0.47503147293327735 0.1351237935375577 0.16701636592530425

1734616908
0.07400656215822092 0.029165147648559972 0.4006562158220926

1734616909
0.6424870466321243 0.15836900202748366 0.03221446271682812

1734616911
0.6312910284463895 0.13165572574762946 0.047045951859956234

1734616912
0.6463128229215594 0.07209957726632221 0.14138093001409113

1734616913
0.8793319415448851 0.09603340292275574 0.01962421711899791

1734616914
0.8957899124635265 0.10337640683618174 0.0008336807002917883

1734616915
0.899874843554443 0.09887359198998748 0.0012515644555694619

1734616916
0.9116666666666666 0.08 0.004583333333333333

1734616917
0.902418682235196 0.08924103419516263 0.0029190992493744786

1734616920
0.4191945158526135 0.02964867180805484 0.09391602399314482

1734616921
0.4857694163048722 0.3642064640617463 0.049686444766039554

1734616922
0.10896898575020955 0.016345347862531435 0.5905280804694049

1734616923
0.09748953974895397 0.01882845188284519 0.5543933054393305

1734616924
0.2510425354462052 0.07839866555462886 0.39532944120100083

1734616925
0.9133333333333333 0.07958333333333334 0.0020833333333333333

1734616926
0.6576313594662219 0.05337781484570475 0.0004170141784820684

1734616927
0.5343671416596815 0.07041072925398156 0.0020955574182732607

1734616928
0.38236523192645216 0.09151692436272461 0.0008357709987463436

1734616929
0.8915310805173133 0.10221109720483938 0.0

1734616930
0.8995414756148395 0.09045435598165902 0.0025010421008753647

1734616931
0.5941558441558441 0.05735930735930736 0.17712842712842713

1734616933
0.1365079365079365 0.04265873015873016 0.3007936507936508

1734616934
0.2469703301295445 0.08023401587964897 0.2883409945674885

1734616935
0.3181818181818182 0.07839866555462886 0.3031693077564637

1734616936
0.6352545225073623 0.16491375683634835 0.09507782919646614

1734616937
0.36526447313619326 0.08371511870054144 0.22490628904623075

1734616938
0.5050167224080268 0.14088628762541805 0.10075250836120402

1734616939
0.5668763102725367 0.14675052410901468 0.053668763102725364

1734616940
0.07205697528278174 0.06451612903225806 0.0

1734616941
0.06002501042100875 0.023759899958315966 0.0

1734616942
0.06485355648535565 0.035146443514644354 0.03682008368200837

1734616943
0.060884070058381985 0.029190992493744787 0.0045871559633027525

1734616944
0.4222873900293255 0.1977377461248429 0.11269375785504818

1734616945
0.026453298497713912 0.007184846505551927 0.7922926192031352

1734616948
0.041586384071933206 0.024084778420038536 0.41714836223506746

1734616949
0.04562594268476621 0.01546003016591252 0.6153846153846154

1734616950
0.49370277078085645 0.21452560873215784 0.11418975650713686

1734616951
0.4004201680672269 0.13487394957983193 0.013025210084033614

1734616952
0.2026744671959883 0.08608441287087339 0.0058503969912244045

1734616953
0.24322069253233208 0.07175636211931581 0.001668752607425949

1734616954
0.20809007506255212 0.05337781484570475 0.0008340283569641367

1734616955
0.11221945137157108 0.020365752285951787 0.28137988362427263

1734616956
0.06585570469798657 0.014261744966442953 0.350251677852349

1734616957
0.038605230386052306 0.019510170195101702 0.0452469904524699

1734616958
0.03595317725752508 0.00794314381270903 0.052675585284280936

1734616959
0.04577611319184353 0.009155222638368706 0.043279234290470245

1734616960
0.035175879396984924 0.00628140703517588 0.038525963149078725

1734616961
0.033458803847762446 0.005018820577164366 0.03889585947302384

1734616964
0.00768775872264932 0.0014784151389710231 0.16366055588409226

1734616965
0.017391304347826087 0.010766045548654244 0.03850931677018633

1734616966
0.02626094205919133 0.007919966652771988 0.03959983326385994

1734616967
0.026370866471326915 0.008790288823775638 0.03557974047718711

1734616968
0.029154518950437316 0.009995835068721367 0.03956684714702208

1734616969
0.02156028368794326 0.005106382978723404 0.057588652482269506

1734616970
0.025806451612903226 0.004838709677419355 0.043548387096774194

1734616971
0.03053115851108323 0.006691760769552488 0.040987034713508994

1734616972
0.0246965257429887 0.0050230221850146506 0.058183340309753036

1734616973
0.02981940361192776 0.009239815203695927 0.03821923561528769

1734616974
0.027916666666666666 0.005833333333333334 0.0175

1734616975
0.03759398496240601 0.004594820384294068 0.0

1734616976
0.030480167014613778 0.005427974947807933 0.0

1734616977
0.028439983270598077 0.005018820577164366 0.0

1734616978
0.030492898913951544 0.005012531328320802 0.0

1734616979
0.03964941569282137 0.005425709515859766 0.0

1734616980
0.03507306889352818 0.007515657620041753 0.0

1734616981
0.04376823676531888 0.008753647353063776 0.0

1734616982
0.03433835845896147 0.00628140703517588 0.0

1734616983
0.03352891869237217 0.006705783738474434 0.0

1734616984
0.044583333333333336 0.011666666666666667 0.0075

1734616985
0.03481543624161074 0.008389261744966443 0.0

1734616986
0.03468449644797326 0.007521938988717091 0.0

1734616987
0.042934556065027094 0.007503126302626094 0.0

1734616988
0.04265997490589712 0.00794646591384358 0.0

1734616989
0.031825795644891124 0.008793969849246231 0.0004187604690117253

1734616990
0.036447423544197735 0.005865102639296188 0.0

1734616991
0.04395144411887819 0.006278777731268313 0.0

1734616992
0.031499370012599746 0.007559848803023939 0.00041999160016799666

1734616993
0.030910609857978277 0.004594820384294068 0.0

1734616994
0.030897703549060542 0.005427974947807933 0.0

1734616995
0.030505641454241537 0.0062682824905975765 0.0004178854993731718

1734616996
0.030062630480167014 0.006263048016701462 0.0

1734616997
0.03793247186327636 0.0070862859524802 0.0

1734616998
0.03634085213032581 0.00835421888053467 0.0

1734616999
0.09041439933026371 0.023440770196735034 0.0

1734617000
0.10519698239731769 0.030595138306789605 0.0

1734617001
0.109486000835771 0.026744671959882994 0.0

1734617002
0.04698544698544699 0.009147609147609148 0.0

1734617003
0.034152436484798 0.007913369429404415 0.00041649312786339027

1734617004
0.03607382550335571 0.00587248322147651 0.0

1734617005
0.032231059020510676 0.006697362913352867 0.02971954792800335

1734617006
0.02129436325678497 0.008350730688935281 0.0488517745302714

1734617007
0.021603808128890515 0.006224826071036251 0.0692054192603442

1734617009
0.01933453237410072 0.0040467625899280575 0.0341726618705036

1734617010
0.02554438860971524 0.00628140703517588 0.0

1734617011
0.1315022888056596 0.0016645859342488557 0.0

1734617012
0.07802013422818792 0.002936241610738255 0.0

1734617013
0.04744069912609238 0.0004161464835622139 0.0

1734617014
0.04418507711546478 0.0008336807002917883 0.0

1734617015
0.0466278101582015 0.0012489592006661116 0.0

1734617016
0.044583333333333336 0.0008333333333333334 0.0

1734617017
0.046269278866194245 0.0008336807002917883 0.0

1734617018
0.046192259675405745 0.0012484394506866417 0.0

1734617019
0.04543559816590246 0.0008336807002917883 0.00041684035014589413

1734617020
0.07701967350355797 0.0008371703641691084 0.0

1734617021
0.06398005816368924 0.003739094308267553 0.0016618196925633569

1734617022
0.047401247401247404 0.004573804573804574 0.0

1734617023
0.01582014987510408 0.004163197335553705 0.038301415487094086

1734617024
0.03251354731137974 0.005002084201750729 0.012505210504376824

1734617025
0.03760969494358546 0.0071040534893439195 0.0

1734617026
0.01703365184877441 0.008724553385957623 0.0

1734617027
0.042348008385744235 0.006289308176100629 0.0

1734617028
0.06015986537652503 0.00715187210769878 0.0

1734617029
0.05150753768844221 0.00628140703517588 0.018425460636515914

1734617030
0.04699958036088964 0.008812421317666807 0.045740663029794376

1734617031
0.010025062656641603 0.001670843776106934 0.0

1734617032
0.0175 0.0020833333333333333 0.0

1734617033
0.010855949895615866 0.003340292275574113 0.0

1734617034
0.007098121085594989 0.0029227557411273487 0.0

1734617036
0.005980484734025811 0.001731192949323261 0.16887000314762354

1734617037
0.014160766347355268 0.004581424406497293 0.011245314452311536

1734617038
0.007969798657718121 0.0020973154362416107 0.0

1734617039
0.010855949895615866 0.0029227557411273487 0.0

1734617040
0.014577259475218658 0.003331945022907122 0.00041649312786339027

1734617041
0.007112970711297071 0.002510460251046025 0.0

1734617042
0.010469011725293133 0.005862646566164154 0.02135678391959799

1734617043
0.0158465387823186 0.0025020850708924102 0.0

1734617044
0.010865022983702465 0.0025073129962390303 0.0

1734617045
0.010425354462051709 0.003336113427856547 0.0004170141784820684

1734617046
0.015037593984962405 0.0020885547201336674 0.0

1734617047
0.015859766277128547 0.006260434056761269 0.0

1734617048
0.015018773466833541 0.002920317062995411 0.0

1734617049
0.01547469677959013 0.003345880384776244 0.0

1734617050
0.01793160967472894 0.0016680567139282735 0.0008340283569641367

1734617051
0.018836333193804938 0.0029300962745918793 0.0

1734617052
0.05206164098292378 0.004164931278633903 0.001665972511453561

1734617053
0.07213930348258707 0.008706467661691543 0.003316749585406302

1734617054
0.01961602671118531 0.00333889816360601 0.0

1734617055
0.01882845188284519 0.004602510460251046 0.0

1734617056
0.02003338898163606 0.004173622704507512 0.0

1734617057
0.017147636971978252 0.004600585529067336 0.0

1734617058
0.018812709030100336 0.002926421404682274 0.0004180602006688963

1734617059
0.015455304928989139 0.002506265664160401 0.0

1734617060
0.011301799916282964 0.002092925910422771 0.0

1734617061
0.008768267223382045 0.0041753653444676405 0.0

1734617062
0.01625677365568987 0.004585243851604835 0.0

1734617063
0.015031315240083507 0.003340292275574113 0.0

1734617064
0.010029251984956121 0.002089427496865859 0.0

1734617065
0.010887772194304857 0.0041876046901172526 0.0

1734617066
0.011306532663316583 0.0033500837520938024 0.0

1734617067
0.015859766277128547 0.0037562604340567614 0.0

1734617068
0.014225941422594143 0.0033472803347280333 0.0037656903765690376

1734617069
0.012108559498956159 0.0025052192066805845 0.0

1734617070
0.00918580375782881 0.0025052192066805845 0.0

1734617071
0.012959866220735786 0.002508361204013378 0.0

1734617072
0.018765638031693076 0.0025020850708924102 0.0

1734617073
0.006680584551148226 0.0029227557411273487 0.07348643006263048

1734617074
0.008768267223382045 0.0041753653444676405 0.048434237995824636

1734617075
0.011695906432748537 0.0037593984962406013 0.014619883040935672

1734617076
0.013778705636743214 0.003340292275574113 0.0

1734617077
0.015448851774530271 0.003340292275574113 0.0

1734617078
0.014190317195325543 0.004173622704507512 0.0

1734617079
0.010029251984956121 0.0025073129962390303 0.0

1734617080
0.011320754716981131 0.0033542976939203353 0.0

1734617081
0.015853149770546516 0.004171881518564873 0.0

1734617082
0.02209253855773239 0.003751563151313047 0.0

1734617083
0.018836333193804938 0.0037672666387609877 0.0

1734617084
0.012547051442910916 0.002509410288582183 0.0

1734617085
0.015481171548117154 0.0029288702928870294 0.0

1734617086
0.014202172096908938 0.0020885547201336674 0.0

1734617087
0.015833333333333335 0.004166666666666667 0.0

1734617088
0.009216589861751152 0.0025136154168412233 0.0

1734617089
0.01001669449081803 0.0037562604340567614 0.0

1734617090
0.0192227329711659 0.001671541997492687 0.0

1734617091
0.01588628762541806 0.0033444816053511705 0.0

1734617092
0.020859407592824362 0.002920317062995411 0.0

1734617093
0.016304347826086956 0.002926421404682274 0.0004180602006688963

1734617094
0.01626355296080067 0.002085070892410342 0.0

1734617095
0.015879648976180525 0.001671541997492687 0.0004178854993731718

1734617096
0.02042517715714881 0.0029178824510212586 0.0

1734617097
0.01839464882943144 0.0020903010033444815 0.0

1734617098
0.02300292764533668 0.003345880384776244 0.0

1734617099
0.015481171548117154 0.0029288702928870294 0.0

1734617100
0.015866388308977037 0.0037578288100208767 0.007933194154488519

1734617101
0.015043877977434183 0.0037609694943585457 0.0221479314667781

1734617102
0.016729401923881223 0.0037641154328732747 0.01756587202007528

1734617103
0.01964061847053907 0.001671541997492687 0.0004178854993731718

1734617104
0.0100418410041841 0.0020920502092050207 0.0

1734617105
0.007107023411371237 0.001254180602006689 0.0

1734617106
0.010460251046025104 0.0033472803347280333 0.022594142259414227

1734617107
0.014619883040935672 0.001670843776106934 0.0

1734617108
0.015043877977434183 0.0029251984956122023 0.0

1734617109
0.01835627868168544 0.003337505214851898 0.0

1734617110
0.015018773466833541 0.004171881518564873 0.0

1734617111
0.01837160751565762 0.0029227557411273487 0.0

1734617112
0.014638226683396068 0.0029276453366792136 0.0

1734617113
0.01715481171548117 0.0041841004184100415 0.0008368200836820083

1734617114
0.018410041841004185 0.002510460251046025 0.0

1734617115
0.015025041736227046 0.0037562604340567614 0.0

1734617116
0.01713330547430004 0.003343083994985374 0.0

1734617117
0.0162839248434238 0.0020876826722338203 0.0

1734617118
0.015012510425354461 0.0025020850708924102 0.0

1734617119
0.007518796992481203 0.002506265664160401 0.0

1734617120
0.01466275659824047 0.0016757436112274822 0.0

1734617121
0.01626355296080067 0.003336113427856547 0.0

1734617122
0.01631116687578419 0.003345880384776244 0.0

1734617123
0.019182652210175146 0.003336113427856547 0.0

1734617124
0.012949039264828738 0.000835421888053467 0.0

1734617125
0.011297071129707114 0.002510460251046025 0.00041841004184100416

1734617126
0.011686143572621035 0.002086811352253756 0.0

1734617127
0.005427974947807933 0.0012526096033402922 0.0

1734617128
0.013338891204668612 0.0016673614005835765 0.0

1734617129
0.005838198498748957 0.0025020850708924102 0.0

1734617130
0.008357709987463435 0.002089427496865859 0.0

1734617131
0.006672226855713094 0.002085070892410342 0.0

1734617132
0.009595327492699207 0.003337505214851898 0.01835627868168544

1734617133
0.01376720901126408 0.0025031289111389237 0.011264080100125156

1734617134
0.009181969949916527 0.00333889816360601 0.0

1734617135
0.012932832707551106 0.0025031289111389237 0.0

1734617136
0.012103505843071787 0.001669449081803005 0.0

1734617137
0.010029251984956121 0.0012536564981195152 0.0

1734617140
0.006935572184705238 0.0021901806899069175 0.08687716736630773

1734617141
0.0070951585976627716 0.002086811352253756 0.0

1734617142
0.011264080100125156 0.0020859407592824365 0.0

1734617143
0.006683375104427736 0.001670843776106934 0.0

1734617144
0.014190317195325543 0.0025041736227045075 0.0

1734617145
0.007518796992481203 0.0012531328320802004 0.0

1734617146
0.012123745819397994 0.002926421404682274 0.0

1734617147
0.012932832707551106 0.0037546933667083854 0.0

1734617148
0.011282908483075638 0.0025073129962390303 0.0

1734617149
0.01838696197241956 0.0029251984956122023 0.0004178854993731718

1734617150
0.015006252605252188 0.004585243851604835 0.0

1734617151
0.01376720901126408 0.00458906967042136 0.0

1734617152
0.008779264214046822 0.0020903010033444815 0.0

1734617153
0.012515644555694618 0.0025031289111389237 0.0

1734617154
0.01376720901126408 0.0020859407592824365 0.0

1734617155
0.00835421888053467 0.002506265664160401 0.0

1734617156
0.00919732441471572 0.0016722408026755853 0.0

1734617157
0.007531380753138075 0.0020920502092050207 0.0

1734617158
0.011259382819015847 0.0029190992493744786 0.0

1734617159
0.013344453711426188 0.003336113427856547 0.0

1734617160
0.012943632567849687 0.003340292275574113 0.0

1734617161
0.008768267223382045 0.003340292275574113 0.0

1734617162
0.014202172096908938 0.003341687552213868 0.0

1734617163
0.012520868113522538 0.002921535893155259 0.0

1734617164
0.014769765421372719 0.0028960324355632784 0.05068056762235737

1734617165
0.015742128935532233 0.0007496251874062968 0.0

1734617166
0.010425354462051709 0.0045871559633027525 0.0

1734617167
0.01834862385321101 0.002085070892410342 0.0

1734617168
0.014249790444258172 0.002933780385582565 0.0

1734617169
0.01590623691921306 0.0025115110925073253 0.0

1734617170
0.015448851774530271 0.003340292275574113 0.0

1734617171
0.015481171548117154 0.002510460251046025 0.0

1734617172
0.015919564306661083 0.0025136154168412233 0.0

1734617173
0.009181969949916527 0.002921535893155259 0.0

1734617174
0.011311269375785506 0.002932551319648094 0.00041893590280687055

1734617175
0.007936507936507936 0.0037593984962406013 0.0

1734617176
0.01293823038397329 0.00333889816360601 0.0

1734617177
0.0070921985815602835 0.0025031289111389237 0.0

1734617178
0.010438413361169102 0.0025052192066805845 0.0

1734617179
0.017573221757322177 0.0033472803347280333 0.0

1734617180
0.014607679465776294 0.00333889816360601 0.0

1734617181
0.010464629552113856 0.002092925910422771 0.0

1734617182
0.014190317195325543 0.00333889816360601 0.0

1734617183
0.01211361737677527 0.0029239766081871343 0.0

1734617184
0.019198664440734557 0.0025041736227045075 0.0

1734617185
0.009599332220367279 0.002086811352253756 0.0

1734617186
0.017573221757322177 0.002510460251046025 0.0

1734617187
0.017946577629382305 0.0037562604340567614 0.0

1734617188
0.015031315240083507 0.0037578288100208767 0.0

1734617189
0.015866388308977037 0.0029227557411273487 0.0

1734617190
0.010855949895615866 0.003340292275574113 0.0

1734617191
0.012987012987012988 0.003770423125261835 0.0

1734617192
0.015448851774530271 0.0037578288100208767 0.0

1734617193
0.014214046822742474 0.002926421404682274 0.0

1734617194
0.016701461377870562 0.0037578288100208767 0.0

1734617195
0.015873015873015872 0.003341687552213868 0.011278195488721804

1734617196
0.01675041876046901 0.0020938023450586263 0.03433835845896147

1734617197
0.016722408026755852 0.0020903010033444815 0.0

1734617198
0.01631116687578419 0.0029276453366792136 0.0

1734617199
0.015500628403854211 0.0033514872224549644 0.0

1734617200
0.017573221757322177 0.0029288702928870294 0.0

1734617201
0.011695906432748537 0.004177109440267335 0.0

1734617202
0.015043877977434183 0.0037609694943585457 0.00961136648558295

1734617203
0.01835627868168544 0.0037546933667083854 0.03420942845223195

1734617204
0.014632107023411372 0.003762541806020067 0.0004180602006688963

1734617205
0.01335559265442404 0.0012520868113522537 0.0

1734617206
0.010020876826722338 0.0016701461377870565 0.0

1734617207
0.013350020859407593 0.0020859407592824365 0.0

1734617208
0.011268781302170284 0.0025041736227045075 0.0

1734617209
0.016666666666666666 0.0020833333333333333 0.0

1734617210
0.010851419031719533 0.002921535893155259 0.0

1734617211
0.01086048454469507 0.0037593984962406013 0.0

1734617212
0.009189640768588136 0.0020885547201336674 0.0

1734617213
0.01297071129707113 0.0020920502092050207 0.0

1734617214
0.01669449081803005 0.00333889816360601 0.0

1734617215
0.017126148705096073 0.002506265664160401 0.0

1734617216
0.010851419031719533 0.002921535893155259 0.0

1734617217
0.005845511482254697 0.0025052192066805845 0.0

1734617218
0.006675010429703796 0.0025031289111389237 0.0

1734617219
0.014595496246872394 0.0025020850708924102 0.0

1734617220
0.011671529804085035 0.0025010421008753647 0.0

1734617221
0.012123745819397994 0.001254180602006689 0.0

1734617222
0.012932832707551106 0.0025031289111389237 0.0

1734617223
0.00960735171261487 0.002506265664160401 0.0

1734617224
0.015853149770546516 0.001668752607425949 0.00041718815185648727

1734617225
0.020842017507294707 0.0029178824510212586 0.0

1734617226
0.015442404006677797 0.002921535893155259 0.0

1734617227
0.012128816394813885 0.0029276453366792136 0.025512337933918862

1734617228
0.009189640768588136 0.002506265664160401 0.0

1734617229
0.010855949895615866 0.003340292275574113 0.008350730688935281

1734617230
0.015 0.0025 0.0

1734617231
0.00919348098620978 0.0025073129962390303 0.006686167989970748

1734617232
0.012103505843071787 0.001669449081803005 0.0

1734617233
0.010438413361169102 0.0020876826722338203 0.0

1734617234
0.008361204013377926 0.001254180602006689 0.0

1734617235
0.0158465387823186 0.0025020850708924102 0.0

1734617236
0.011259382819015847 0.002085070892410342 0.0

1734617237
0.009189640768588136 0.0020885547201336674 0.0

1734617238
0.006284038542103058 0.00041893590280687055 0.0

1734617239
0.005014625992478061 0.0025073129962390303 0.0

1734617240
0.012515644555694618 0.001668752607425949 0.0

1734617241
0.008771929824561403 0.0012531328320802004 0.0

1734617242
0.011686143572621035 0.001669449081803005 0.0

1734617243
0.012526096033402923 0.0041753653444676405 0.0004175365344467641

1734617244
0.0071040534893439195 0.0012536564981195152 0.0

1734617245
0.016270337922403004 0.001668752607425949 0.0

1734617246
0.009631490787269681 0.002931323283082077 0.0

1734617247
0.014595496246872394 0.003336113427856547 0.0

1734617248
0.011268781302170284 0.00333889816360601 0.0

1734617249
0.012531328320802004 0.0020885547201336674 0.0

1734617250
0.010851419031719533 0.002086811352253756 0.0

1734617251
0.010434056761268781 0.0025041736227045075 0.0

1734617252
0.0070862859524802 0.003334722801167153 0.0

1734617253
0.008350730688935281 0.0025052192066805845 0.0

1734617254
0.005845511482254697 0.0012526096033402922 0.0

1734617255
0.011676396997497914 0.0029190992493744786 0.0

1734617256
0.005843071786310518 0.0012520868113522537 0.0

1734617257
0.006688963210702341 0.0020903010033444815 0.0

1734617258
0.008340283569641367 0.003336113427856547 0.0

1734617259
0.009201171058134672 0.0029276453366792136 0.0

1734617260
0.014595496246872394 0.002085070892410342 0.0

1734617261
0.01084689194826867 0.003337505214851898 0.0

1734617262
0.007509386733416771 0.002920317062995411 0.0

1734617263
0.007521938988717091 0.001671541997492687 0.0

1734617264
0.009595327492699207 0.0020859407592824365 0.0

1734617265
0.010033444816053512 0.002508361204013378 0.0

1734617266
0.005843071786310518 0.001669449081803005 0.00041736227045075126

1734617267
0.011301799916282964 0.002092925910422771 0.0

1734617268
0.008771929824561403 0.0012531328320802004 0.0

1734617269
0.01125 0.0025 0.0

1734617270
0.013761467889908258 0.0016680567139282735 0.0

1734617271
0.014202172096908938 0.0029239766081871343 0.0

1734617272
0.015012510425354461 0.002085070892410342 0.0

1734617273
0.016757436112274822 0.0025136154168412233 0.0

1734617274
0.015853149770546516 0.0025031289111389237 0.0

1734617275
0.022129436325678497 0.0016701461377870565 0.0

1734617276
0.012954450480568324 0.002089427496865859 0.0004178854993731718

1734617277
0.013389121338912133 0.002510460251046025 0.0

1734617278
0.011686143572621035 0.0025041736227045075 0.0

1734617279
0.012568077084206116 0.0012568077084206116 0.00041893590280687055

1734617280
0.007936507936507936 0.0020885547201336674 0.0

1734617281
0.011686143572621035 0.001669449081803005 0.0

1734617282
0.006255212677231026 0.003336113427856547 0.0

1734617283
0.011254689453939141 0.0025010421008753647 0.0

1734617284
0.00917813934084272 0.0037546933667083854 0.0

1734617285
0.013784461152882205 0.0020885547201336674 0.0

1734617286
0.011278195488721804 0.0020885547201336674 0.0

1734617287
0.014638226683396068 0.004182350480970306 0.0

1734617288
0.014208106978687839 0.0012536564981195152 0.0

1734617289
0.011268781302170284 0.0025041736227045075 0.0

1734617290
0.011681268251981644 0.0020859407592824365 0.0

1734617291
0.010865022983702465 0.002089427496865859 0.0

1734617292
0.005012531328320802 0.0020885547201336674 0.0

1734617293
0.010425354462051709 0.0016680567139282735 0.0004170141784820684

1734617294
0.004170141784820684 0.0016680567139282735 0.0

1734617295
0.0079232693911593 0.0016680567139282735 0.0

1734617296
0.004173622704507512 0.0012520868113522537 0.0

1734617297
0.0070951585976627716 0.00041736227045075126 0.0

1734617298
0.006680584551148226 0.0016701461377870565 0.0

1734617299
0.004177109440267335 0.001670843776106934 0.0

1734617300
0.012093411175979984 0.002085070892410342 0.0

1734617301
0.00960735171261487 0.001670843776106934 0.0

1734617302
0.0100418410041841 0.0020920502092050207 0.0

1734617303
0.009599332220367279 0.002921535893155259 0.0

1734617304
0.010887772194304857 0.002512562814070352 0.0

1734617305
0.010883214734198409 0.004185851820845542 0.0

1734617306
0.010855949895615866 0.0012526096033402922 0.0012526096033402922

1734617307
0.014202172096908938 0.002506265664160401 0.0

1734617308
0.012103505843071787 0.002921535893155259 0.0

1734617309
0.00960735171261487 0.0029239766081871343 0.003341687552213868

1734617310
0.0112876254180602 0.0020903010033444815 0.01254180602006689

1734617311
0.014190317195325543 0.002086811352253756 0.0

1734617312
0.011268781302170284 0.002921535893155259 0.0

1734617313
0.00960735171261487 0.0029239766081871343 0.0

1734617314
0.011686143572621035 0.00333889816360601 0.0

1734617315
0.009212730318257957 0.0020938023450586263 0.0

1734617316
0.015859766277128547 0.0012520868113522537 0.0

1734617317
0.007518796992481203 0.001670843776106934 0.0

1734617318
0.014178482068390326 0.003336113427856547 0.0

1734617319
0.006688963210702341 0.0020903010033444815 0.0

1734617320
0.010851419031719533 0.0025041736227045075 0.0

1734617321
0.011686143572621035 0.002086811352253756 0.00041736227045075126

1734617322
0.014613778705636743 0.0029227557411273487 0.0

1734617323
0.015481171548117154 0.0020920502092050207 0.0

1734617324
0.010851419031719533 0.002921535893155259 0.0

1734617325
0.011700793982448809 0.0029251984956122023 0.0

1734617326
0.019583333333333335 0.0025 0.0

1734617327
0.015866388308977037 0.0025052192066805845 0.0

1734617328
0.011282908483075638 0.0025073129962390303 0.0

1734617329
0.015468227424749164 0.00459866220735786 0.0

1734617330
0.018781302170283808 0.002921535893155259 0.0

1734617331
0.024217118997912318 0.003340292275574113 0.0

1734617332
0.017126148705096073 0.003341687552213868 0.0

1734617333
0.0192227329711659 0.0037609694943585457 0.0

1734617334
0.01796157059314954 0.005012531328320802 0.0

1734617335
0.014219991635299039 0.002509410288582183 0.0

1734617336
0.006700167504187605 0.0037688442211055275 0.020938023450586266

1734617337
0.012098456403838132 0.0020859407592824365 0.0

1734617338
0.010434056761268781 0.0025041736227045075 0.0

1734617339
0.011671529804085035 0.003334722801167153 0.0

1734617340
0.008347245409015025 0.002086811352253756 0.0

1734617341
0.013361169102296452 0.0029227557411273487 0.0004175365344467641

1734617342
0.008361204013377926 0.002508361204013378 0.0

1734617343
0.012510425354462052 0.003336113427856547 0.0

1734617344
0.011259382819015847 0.0037531276063386154 0.0

1734617345
0.01293823038397329 0.0025041736227045075 0.0

1734617346
0.016771488469601678 0.0016771488469601676 0.0004192872117400419

1734617347
0.011311269375785506 0.002932551319648094 0.0

1734617348
0.010447137484329294 0.0029251984956122023 0.0

1734617349
0.012515644555694618 0.002920317062995411 0.0

1734617350
0.008361204013377926 0.002508361204013378 0.0

1734617351
0.01837160751565762 0.0029227557411273487 0.0

1734617352
0.009623430962343096 0.0020920502092050207 0.0

1734617353
0.010460251046025104 0.0037656903765690376 0.0

1734617354
0.013366750208855471 0.003341687552213868 0.0

1734617355
0.011715481171548118 0.002510460251046025 0.0

1734617356
0.014619883040935672 0.0029239766081871343 0.0

1734617357
0.017521902377972465 0.002920317062995411 0.0

1734617358
0.01670843776106934 0.002506265664160401 0.0

1734617359
0.02043369474562135 0.002085070892410342 0.0

1734617360
0.012932832707551106 0.002920317062995411 0.0

1734617361
0.01751459549624687 0.0029190992493744786 0.0004170141784820684

1734617362
0.014632107023411372 0.005016722408026756 0.0

1734617363
0.015043877977434183 0.0029251984956122023 0.0

1734617364
0.02045929018789144 0.003340292275574113 0.0

1734617365
0.020450751252086813 0.002921535893155259 0.0

1734617366
0.02338204592901879 0.005010438413361169 0.0008350730688935282

1734617367
0.016687526074259492 0.004171881518564873 0.0

1734617368
0.022166457549142617 0.0029276453366792136 0.0

1734617369
0.021267723102585488 0.004170141784820684 0.0

1734617370
0.020041753653444676 0.0029227557411273487 0.0

1734617371
0.022518765638031693 0.0037531276063386154 0.0

1734617372
0.017097581317764805 0.004170141784820684 0.0

1734617373
0.015859766277128547 0.004173622704507512 0.0

1734617374
0.015056461731493099 0.002091175240485153 0.0

1734617375
0.01713330547430004 0.0025073129962390303 0.0

1734617376
0.016270337922403004 0.0020859407592824365 0.0008343763037129745

1734617377
0.007101086048454469 0.0029239766081871343 0.0

1734617378
0.01086048454469507 0.002506265664160401 0.0

1734617379
0.01211361737677527 0.002506265664160401 0.0

1734617380
0.010878661087866108 0.0020920502092050207 0.0

1734617381
0.012954450480568324 0.002089427496865859 0.0

1734617382
0.012932832707551106 0.0037546933667083854 0.0

1734617383
0.011282908483075638 0.0029251984956122023 0.0

1734617384
0.012526096033402923 0.004592901878914405 0.0004175365344467641

1734617385
0.014613778705636743 0.003340292275574113 0.0

1734617386
0.01756587202007528 0.0029276453366792136 0.0004182350480970305

1734617387
0.01877346683354193 0.003337505214851898 0.0

1734617388
0.013372335979941497 0.001671541997492687 0.0

1734617389
0.013778705636743214 0.003340292275574113 0.0

1734617390
0.01254180602006689 0.002508361204013378 0.0

1734617391
0.019238812212463405 0.002509410288582183 0.0

1734617392
0.015468227424749164 0.005434782608695652 0.005852842809364548

1734617393
0.01669449081803005 0.0037562604340567614 0.030884808013355594

1734617394
0.011700793982448809 0.0029251984956122023 0.0

1734617395
0.011710581346716854 0.0029276453366792136 0.0

1734617396
0.006680584551148226 0.0025052192066805845 0.0

1734617397
0.013327780091628489 0.003748438150770512 0.0

1734617398
0.0075282308657465494 0.001672940192388122 0.0

1734617399
0.013344453711426188 0.0025020850708924102 0.0

1734617400
0.014613778705636743 0.0025052192066805845 0.0

1734617401
0.010451505016722408 0.0020903010033444815 0.0

1734617402
0.02172096908939014 0.003341687552213868 0.0

1734617403
0.0162975344755537 0.0029251984956122023 0.0

1734617404
0.011700793982448809 0.0029251984956122023 0.0

1734617405
0.010842368640533779 0.002085070892410342 0.0

1734617406
0.011725293132328308 0.002931323283082077 0.0

1734617407
0.014190317195325543 0.0037562604340567614 0.0

1734617408
0.013824884792626729 0.0033514872224549644 0.0

1734617409
0.017111853088480802 0.0037562604340567614 0.0

1734617410
0.011691022964509395 0.005010438413361169 0.0

1734617411
0.016304347826086956 0.002926421404682274 0.0

1734617412
0.018363939899833055 0.005843071786310518 0.0

1734617413
0.020894274968658588 0.0025073129962390303 0.0

1734617414
0.020798668885191347 0.0033277870216306157 0.0

1734617415
0.021285475792988316 0.002921535893155259 0.0

1734617416
0.020008336807002917 0.0029178824510212586 0.00041684035014589413

1734617417
0.02751146310962901 0.003334722801167153 0.00041684035014589413

1734617418
0.045909849749582635 0.002086811352253756 0.011686143572621035

1734617419
0.032366540563261874 0.0058848255569567045 0.08448928121059268

1734617420
0.05965790571547768 0.007926574885273258 0.06090947017104714

1734617421
0.12108559498956159 0.0016701461377870565 0.0016701461377870565

1734617422
0.12468723936613844 0.0008340283569641367 0.0004170141784820684

1734617423
0.12609238451935081 0.0008322929671244278 0.0004161464835622139

1734617424
0.1214017521902378 0.0025031289111389237 0.001668752607425949

1734617425
0.12125 0.0025 0.0008333333333333334

1734617426
0.12301918265221018 0.0016680567139282735 0.0008340283569641367

1734617427
0.12427022518765637 0.0016680567139282735 0.0

1734617428
0.12421842434347645 0.0016673614005835765 0.0

1734617429
0.1243220692532332 0.0008343763037129745 0.0

1734617430
0.12427022518765637 0.0008340283569641367 0.0

1734617431
0.12338474364318466 0.0016673614005835765 0.0

1734617432
0.12588578574406004 0.0008336807002917883 0.0

1734617433
0.12380158399333055 0.0012505210504376823 0.0

1734617434
0.12687188019966722 0.00041597337770382697 0.0

1734617435
0.125 0.00125 0.0

1734617436
0.1243220692532332 0.0008343763037129745 0.0

1734617437
0.12734082397003746 0.0004161464835622139 0.0004161464835622139

1734617438
0.12458333333333334 0.0008333333333333334 0.0

1734617439
0.12348769294952024 0.001668752607425949 0.0

1734617440
0.12458333333333334 0.0008333333333333334 0.0

1734617441
0.12458333333333334 0.0008333333333333334 0.0004166666666666667

1734617442
0.12609238451935081 0.0020807324178110697 0.0

1734617443
0.12505210504376824 0.00041684035014589413 0.0

1734617444
0.12338474364318466 0.0016673614005835765 0.0

1734617445
0.1243220692532332 0.0008343763037129745 0.0

1734617446
0.12421842434347645 0.0012505210504376823 0.0

1734617447
0.12603993344425957 0.0020798668885191347 0.00041597337770382697

1734617448
0.12505210504376824 0.00041684035014589413 0.0

1734617449
0.12546894539391412 0.0 0.0

1734617450
0.1243220692532332 0.0008343763037129745 0.0

1734617451
0.12468723936613844 0.0008340283569641367 0.0

1734617452
0.12380158399333055 0.0012505210504376823 0.0

1734617453
0.12296790329303876 0.0016673614005835765 0.0

1734617454
0.12390488110137672 0.0008343763037129745 0.0

1734617455
0.12385321100917432 0.0008340283569641367 0.0

1734617456
0.12635078969243557 0.0012468827930174563 0.00041562759767248546

1734617457
0.12260216847372811 0.0012510425354462051 0.0008340283569641367

1734617458
0.12296790329303876 0.0008336807002917883 0.0

1734617459
0.1264033264033264 0.0012474012474012475 0.0

1734617460
0.12380158399333055 0.0008336807002917883 0.0

1734617461
0.12510425354462051 0.0004170141784820684 0.0

1734617462
0.12385321100917432 0.0008340283569641367 0.0

1734617463
0.11421425593997499 0.003751563151313047 0.0

1734617464
0.10715780661364588 0.007115948095437421 0.0

1734617465
0.12515592515592516 0.0016632016632016633 0.0

1734617466
0.12130054189245519 0.0016673614005835765 0.0

1734617467
0.12181894034209428 0.0025031289111389237 0.0

1734617468
0.1144879267277269 0.0062447960033305576 0.0

1734617469
0.09637046307884856 0.005423445974134335 0.0

1734617470
0.10903037869330004 0.004993757802746567 0.0

1734617471
0.12073272273105745 0.0016652789342214821 0.0

1734617472
0.1225 0.0016666666666666668 0.0004166666666666667

1734617473
0.12557172557172558 0.0016632016632016633 0.0

1734617474
0.11617216882574175 0.0029251984956122023 0.0

1734617475
0.10421008753647353 0.0070862859524802 0.0

1734617476
0.09681475272422464 0.0075440067057837385 0.0

1734617477
0.1000416840350146 0.007919966652771988 0.0008336807002917883

1734617478
0.10911371237458194 0.006270903010033445 0.0

1734617479
0.12343619683069225 0.0016680567139282735 0.0

1734617480
0.11528822055137844 0.003341687552213868 0.0

1734617481
0.09844993715961457 0.008797653958944282 0.0

1734617482
0.10640971931294511 0.006284038542103058 0.0

1734617483
0.1131051752921536 0.004173622704507512 0.0

1734617484
0.1243220692532332 0.0008343763037129745 0.0

1734617485
0.12536443148688048 0.0008329862557267805 0.0

1734617486
0.12588578574406004 0.0 0.0

1734617487
0.12546894539391412 0.00041684035014589413 0.0

1734617488
0.12427022518765637 0.0008340283569641367 0.0

1734617489
0.12505210504376824 0.00041684035014589413 0.0

1734617490
0.12505210504376824 0.00041684035014589413 0.0

1734617491
0.11654135338345864 0.0029239766081871343 0.0

1734617492
0.12056737588652482 0.0020859407592824365 0.0

1734617493
0.12395659432387313 0.0012520868113522537 0.0

1734617494
0.118580375782881 0.0025052192066805845 0.0

1734617495
0.10721735502711723 0.005423445974134335 0.0

1734617496
0.10508757297748124 0.006672226855713094 0.0

1734617497
0.11524008350730688 0.0041753653444676405 0.0

1734617498
0.1257285595337219 0.0012489592006661116 0.0

1734617499
0.12048192771084337 0.003739094308267553 0.0

1734617500
0.12255106294289288 0.0025010421008753647 0.0

1734617501
0.11528822055137844 0.0029239766081871343 0.0

1734617502
0.11681268251981644 0.004171881518564873 0.0

1734617503
0.11055276381909548 0.0033500837520938024 0.0

1734617504
0.10125523012552301 0.007112970711297071 0.0

1734617505
0.12093411175979983 0.0025020850708924102 0.0

1734617506
0.12421842434347645 0.0012505210504376823 0.0

1734617507
0.12385321100917432 0.0008340283569641367 0.0

1734617508
0.12687188019966722 0.0012479201331114808 0.0

1734617509
0.11445279866332497 0.003341687552213868 0.0

1734617510
0.10255336961071577 0.007115948095437421 0.0

1734617511
0.11588161734055856 0.004168403501458941 0.0

1734617512
0.12229617304492513 0.0024958402662229617 0.00041597337770382697

1734617513
0.10251046025104603 0.007531380753138075 0.0

1734617514
0.11292346298619825 0.0037641154328732747 0.0

1734617515
0.1111111111111111 0.004177109440267335 0.0

1734617516
0.1165210153974199 0.003745318352059925 0.0

1734617517
0.09182389937106918 0.0129979035639413 0.0

1734617518
0.09437919463087248 0.010067114093959731 0.0

1734617519
0.08555926544240401 0.0037562604340567614 0.0

1734617520
0.04126719466444352 0.00041684035014589413 0.0

1734617521
0.041684035014589414 0.00041684035014589413 0.0

1734617522
0.04206580591420241 0.00041649312786339027 0.0008329862557267805

1734617523
0.04119850187265917 0.002913025384935497 0.0

1734617524
0.04039983340274885 0.0020824656393169513 0.0

1734617525
0.011240632805995004 0.0012489592006661116 0.029558701082431308

1734617526
0.005012531328320802 0.009189640768588136 0.08270676691729323

1734617527
0.03824739772452191 0.005809731299927378 0.0007262164124909223

