1735224413
/dev/sda1: 25009545216
overlay: 25009545216

1735224414
/dev/sda1: 25011499008
overlay: 25011499008

1735224415
/dev/sda1: 25013710848
overlay: 25013710848

1735224416
/dev/sda1: 25020436480
overlay: 25020436480

1735224417
/dev/sda1: 25032740864
overlay: 25032740864

1735224418
/dev/sda1: 25038381056
overlay: 25038381056

1735224419
/dev/sda1: 25067724800
overlay: 25067724800

1735224420
/dev/sda1: 25103106048
overlay: 25103106048

1735224421
/dev/sda1: 25109458944
overlay: 25109458944

1735224422
/dev/sda1: 25122779136
overlay: 25122779136

1735224423
/dev/sda1: 25128562688
overlay: 25128562688

1735224424
/dev/sda1: 25133682688
overlay: 25133682688

1735224425
/dev/sda1: 25142779904
overlay: 25142779904

1735224426
/dev/sda1: 25163788288
overlay: 25163788288

1735224427
/dev/sda1: 25169293312
overlay: 25169293312

1735224428
/dev/sda1: 25182257152
overlay: 25182257152

1735224429
/dev/sda1: 25198395392
overlay: 25198395392

1735224430
/dev/sda1: 25200615424
overlay: 25200615424

1735224431
/dev/sda1: 25334534144
overlay: 25334534144

1735224433
/dev/sda1: 25366130688
overlay: 25366130688

1735224435
/dev/sda1: 25390587904
overlay: 25390587904

1735224437
/dev/sda1: 25405988864
overlay: 25405988864

1735224438
/dev/sda1: 25410179072
overlay: 25410179072

1735224439
/dev/sda1: 25414672384
overlay: 25414672384

1735224440
/dev/sda1: 25421586432
overlay: 25421586432

1735224441
/dev/sda1: 25434177536
overlay: 25434177536

1735224443
/dev/sda1: 25450319872
overlay: 25450319872

1735224444
/dev/sda1: 25455157248
overlay: 25455157248

1735224445
/dev/sda1: 25459408896
overlay: 25459408896

1735224446
/dev/sda1: 25463709696
overlay: 25463709696

1735224447
/dev/sda1: 25468149760
overlay: 25468149760

1735224448
/dev/sda1: 25472241664
overlay: 25472241664

1735224449
/dev/sda1: 25476595712
overlay: 25476595712

1735224451
/dev/sda1: 25484701696
overlay: 25484705792

1735224452
/dev/sda1: 25488257024
overlay: 25488257024

1735224454
/dev/sda1: 25496707072
overlay: 25496707072

1735224455
/dev/sda1: 25501405184
overlay: 25501405184

1735224456
/dev/sda1: 25506406400
overlay: 25506406400

1735224457
/dev/sda1: 25511710720
overlay: 25511710720

1735224458
/dev/sda1: 25517670400
overlay: 25517670400

1735224459
/dev/sda1: 25522741248
overlay: 25522741248

1735224460
/dev/sda1: 25525989376
overlay: 25525989376

1735224461
/dev/sda1: 25528463360
overlay: 25528463360

1735224462
/dev/sda1: 25533571072
overlay: 25533571072

1735224463
/dev/sda1: 25546129408
overlay: 25546129408

1735224464
/dev/sda1: 25548967936
overlay: 25548967936

1735224465
/dev/sda1: 25551372288
overlay: 25551372288

1735224466
/dev/sda1: 25553555456
overlay: 25553555456

1735224467
/dev/sda1: 25556111360
overlay: 25556111360

1735224469
/dev/sda1: 25560371200
overlay: 25560371200

1735224470
/dev/sda1: 25562832896
overlay: 25562832896

1735224471
/dev/sda1: 25564798976
overlay: 25564798976

1735224472
/dev/sda1: 25567088640
overlay: 25567088640

1735224473
/dev/sda1: 25569546240
overlay: 25569546240

1735224474
/dev/sda1: 25572106240
overlay: 25572106240

1735224475
/dev/sda1: 25574731776
overlay: 25574731776

1735224476
/dev/sda1: 25577443328
overlay: 25577443328

1735224477
/dev/sda1: 25580257280
overlay: 25580257280

1735224478
/dev/sda1: 25582694400
overlay: 25582694400

1735224479
/dev/sda1: 25587560448
overlay: 25587560448

1735224480
/dev/sda1: 25590345728
overlay: 25590345728

1735224481
/dev/sda1: 25592877056
overlay: 25592877056

1735224482
/dev/sda1: 25600344064
overlay: 25600344064

1735224483
/dev/sda1: 25627742208
overlay: 25627742208

1735224484
/dev/sda1: 25630801920
overlay: 25630801920

1735224485
/dev/sda1: 25634111488
overlay: 25634111488

1735224486
/dev/sda1: 25636745216
overlay: 25636745216

1735224487
/dev/sda1: 25639321600
overlay: 25639321600

1735224488
/dev/sda1: 25645035520
overlay: 25645035520

1735224489
/dev/sda1: 25649004544
overlay: 25649004544

1735224490
/dev/sda1: 25652760576
overlay: 25652760576

1735224491
/dev/sda1: 25655595008
overlay: 25655595008

1735224492
/dev/sda1: 25658470400
overlay: 25658470400

1735224493
/dev/sda1: 25661964288
overlay: 25661964288

1735224494
/dev/sda1: 25667092480
overlay: 25667092480

1735224495
/dev/sda1: 25676787712
overlay: 25676787712

1735224496
/dev/sda1: 25688289280
overlay: 25688289280

1735224497
/dev/sda1: 25696288768
overlay: 25696288768

1735224498
/dev/sda1: 25702289408
overlay: 25702289408

1735224499
/dev/sda1: 25708347392
overlay: 25708347392

1735224501
/dev/sda1: 25719103488
overlay: 25719103488

1735224502
/dev/sda1: 25724882944
overlay: 25724882944

1735224503
/dev/sda1: 25730207744
overlay: 25730207744

1735224504
/dev/sda1: 25737076736
overlay: 25737076736

1735224505
/dev/sda1: 25747329024
overlay: 25747329024

1735224506
/dev/sda1: 25751752704
overlay: 25751752704

1735224507
/dev/sda1: 25755779072
overlay: 25755779072

1735224508
/dev/sda1: 25767960576
overlay: 25767960576

1735224509
/dev/sda1: 25790369792
overlay: 25790369792

1735224510
/dev/sda1: 25799299072
overlay: 25799299072

1735224511
/dev/sda1: 25824428032
overlay: 25824428032

1735224512
/dev/sda1: 25835307008
overlay: 25835307008

1735224513
/dev/sda1: 25843585024
overlay: 25843585024

1735224514
/dev/sda1: 25854836736
overlay: 25854840832

1735224515
/dev/sda1: 25864720384
overlay: 25864720384

1735224516
/dev/sda1: 25973448704
overlay: 25973448704

1735224517
/dev/sda1: 26014519296
overlay: 26014519296

1735224519
/dev/sda1: 26026422272
overlay: 26026422272

1735224520
/dev/sda1: 26109083648
overlay: 26109083648

1735224522
/dev/sda1: 26118291456
overlay: 26118291456

1735224524
/dev/sda1: 26127073280
overlay: 26127073280

1735224526
/dev/sda1: 26141908992
overlay: 26141908992

1735224528
/dev/sda1: 26164477952
overlay: 26164477952

1735224529
/dev/sda1: 26167664640
overlay: 26167660544

1735224530
/dev/sda1: 26170945536
overlay: 26170945536

1735224532
/dev/sda1: 26177228800
overlay: 26177228800

1735224533
/dev/sda1: 26180784128
overlay: 26180784128

1735224534
/dev/sda1: 26190008320
overlay: 26190008320

1735224535
/dev/sda1: 26200809472
overlay: 26200809472

1735224536
/dev/sda1: 26206617600
overlay: 26206617600

1735224537
/dev/sda1: 26212634624
overlay: 26212634624

1735224538
/dev/sda1: 26217615360
overlay: 26217615360

1735224539
/dev/sda1: 26223558656
overlay: 26223558656

1735224540
/dev/sda1: 26362593280
overlay: 26362593280

1735224542
/dev/sda1: 26378444800
overlay: 26378444800

1735224543
/dev/sda1: 26379943936
overlay: 26379943936

1735224544
/dev/sda1: 26381926400
overlay: 26381926400

1735224546
/dev/sda1: 26399428608
overlay: 26399428608

1735224548
/dev/sda1: 26408333312
overlay: 26408333312

1735224549
/dev/sda1: 26442366976
overlay: 26442366976

1735224550
/dev/sda1: 26547699712
overlay: 26547699712

1735224551
/dev/sda1: 26585620480
overlay: 26585620480

1735224553
/dev/sda1: 26600333312
overlay: 26600333312

1735224554
/dev/sda1: 26600849408
overlay: 26600849408

1735224555
/dev/sda1: 26601705472
overlay: 26601705472

1735224557
/dev/sda1: 26617036800
overlay: 26617036800

1735224558
/dev/sda1: 26661076992
overlay: 26661076992

1735224560
/dev/sda1: 26807918592
overlay: 26807918592

1735224561
/dev/sda1: 26863013888
overlay: 26862985216

1735224564
/dev/sda1: 26957950976
overlay: 26957950976

1735224565
/dev/sda1: 26960326656
overlay: 26960326656

1735224567
/dev/sda1: 26967486464
overlay: 26967486464

1735224568
/dev/sda1: 26970673152
overlay: 26970673152

1735224569
/dev/sda1: 26974060544
overlay: 26974060544

1735224571
/dev/sda1: 26976624640
overlay: 26976624640

1735224572
/dev/sda1: 26978115584
overlay: 26978115584

1735224573
/dev/sda1: 26978197504
overlay: 26978197504

1735224574
/dev/sda1: 26979102720
overlay: 26979102720

1735224575
/dev/sda1: 26980626432
overlay: 26980626432

1735224576
/dev/sda1: 26981490688
overlay: 26981490688

1735224577
/dev/sda1: 26982854656
overlay: 26982854656

1735224579
/dev/sda1: 26986536960
overlay: 26986532864

1735224580
/dev/sda1: 26987708416
overlay: 26987708416

1735224582
/dev/sda1: 26990743552
overlay: 26990743552

1735224583
/dev/sda1: 26991693824
overlay: 26991693824

1735224584
/dev/sda1: 26993889280
overlay: 26993889280

1735224585
/dev/sda1: 26994135040
overlay: 26994135040

1735224586
/dev/sda1: 26996051968
overlay: 26996051968

1735224587
/dev/sda1: 26999439360
overlay: 26999439360

1735224588
/dev/sda1: 27001278464
overlay: 27001278464

1735224589
/dev/sda1: 27003580416
overlay: 27003580416

1735224590
/dev/sda1: 27005562880
overlay: 27005562880

1735224592
/dev/sda1: 27010101248
overlay: 27010101248

1735224593
/dev/sda1: 27014955008
overlay: 27014955008

1735224594
/dev/sda1: 27019157504
overlay: 27019157504

1735224595
/dev/sda1: 27019472896
overlay: 27019472896

1735224596
/dev/sda1: 27021254656
overlay: 27021254656

1735224597
/dev/sda1: 27022254080
overlay: 27022254080

1735224598
/dev/sda1: 27025870848
overlay: 27025870848

1735224599
/dev/sda1: 27027939328
overlay: 27027939328

1735224600
/dev/sda1: 27030216704
overlay: 27030216704

1735224601
/dev/sda1: 27034103808
overlay: 27034103808

1735224602
/dev/sda1: 27036205056
overlay: 27036205056

1735224604
/dev/sda1: 27079454720
overlay: 27079454720

1735224605
/dev/sda1: 27081199616
overlay: 27081199616

1735224606
/dev/sda1: 27094052864
overlay: 27094052864

1735224607
/dev/sda1: 27106697216
overlay: 27106697216

1735224608
/dev/sda1: 27116650496
overlay: 27116650496

1735224609
/dev/sda1: 27183337472
overlay: 27183337472

1735224610
/dev/sda1: 27271909376
overlay: 27271909376

1735224612
/dev/sda1: 27437019136
overlay: 27437019136

1735224613
/dev/sda1: 27467759616
overlay: 27467763712

1735224616
/dev/sda1: 27524120576
overlay: 27524128768

1735224618
/dev/sda1: 27546943488
overlay: 27546943488

1735224619
/dev/sda1: 27575132160
overlay: 27575132160

1735224620
/dev/sda1: 27602866176
overlay: 27602866176

1735224622
/dev/sda1: 27639361536
overlay: 27639361536

1735224623
/dev/sda1: 27677999104
overlay: 27678007296

1735224624
/dev/sda1: 27712798720
overlay: 27712798720

1735224627
/dev/sda1: 27756376064
overlay: 27756376064

1735224628
/dev/sda1: 27805638656
overlay: 27805638656

1735224631
/dev/sda1: 27884404736
overlay: 27884404736

1735224632
/dev/sda1: 27924783104
overlay: 27924783104

1735224633
/dev/sda1: 27959242752
overlay: 27959242752

1735224635
/dev/sda1: 28020826112
overlay: 28020826112

1735224637
/dev/sda1: 28081106944
overlay: 28081106944

1735224638
/dev/sda1: 28116684800
overlay: 28116684800

1735224640
/dev/sda1: 28170776576
overlay: 28170797056

1735224643
/dev/sda1: 28238659584
overlay: 28238659584

1735224644
/dev/sda1: 28281393152
overlay: 28281393152

1735224646
/dev/sda1: 28328071168
overlay: 28328075264

1735224647
/dev/sda1: 28375248896
overlay: 28375248896

1735224649
/dev/sda1: 28438482944
overlay: 28438487040

1735224651
/dev/sda1: 28486828032
overlay: 28486828032

1735224653
/dev/sda1: 28520857600
overlay: 28520861696

1735224655
/dev/sda1: 28583157760
overlay: 28583157760

1735224656
/dev/sda1: 28632965120
overlay: 28632965120

1735224657
/dev/sda1: 28662718464
overlay: 28662718464

1735224659
/dev/sda1: 28704821248
overlay: 28704821248

1735224661
/dev/sda1: 28752277504
overlay: 28752277504

1735224663
/dev/sda1: 28794867712
overlay: 28794867712

1735224665
/dev/sda1: 28857298944
overlay: 28857298944

1735224666
/dev/sda1: 28907077632
overlay: 28907077632

1735224668
/dev/sda1: 28968710144
overlay: 28968714240

1735224669
/dev/sda1: 29003767808
overlay: 29003780096

1735224670
/dev/sda1: 29034049536
overlay: 29034045440

1735224671
/dev/sda1: 29070479360
overlay: 29070479360

1735224672
/dev/sda1: 29111476224
overlay: 29111476224

1735224674
/dev/sda1: 29139005440
overlay: 29139005440

1735224676
/dev/sda1: 29208797184
overlay: 29208797184

1735224678
/dev/sda1: 29265616896
overlay: 29265616896

1735224680
/dev/sda1: 29303468032
overlay: 29303468032

1735224681
/dev/sda1: 29334671360
overlay: 29334671360

1735224684
/dev/sda1: 29405257728
overlay: 29405257728

1735224686
/dev/sda1: 29476466688
overlay: 29476466688

1735224687
/dev/sda1: 29524131840
overlay: 29524131840

1735224689
/dev/sda1: 29567725568
overlay: 29567725568

1735224690
/dev/sda1: 29605470208
overlay: 29605470208

1735224692
/dev/sda1: 29647917056
overlay: 29647917056

1735224693
/dev/sda1: 29678874624
overlay: 29678874624

1735224695
/dev/sda1: 29718028288
overlay: 29718028288

1735224696
/dev/sda1: 29752999936
overlay: 29752991744

1735224698
/dev/sda1: 29804605440
overlay: 29804605440

1735224700
/dev/sda1: 29843382272
overlay: 29843386368

1735224702
/dev/sda1: 29868318720
overlay: 29868318720

1735224704
/dev/sda1: 29919817728
overlay: 29919825920

1735224705
/dev/sda1: 29964935168
overlay: 29964935168

1735224707
/dev/sda1: 30015823872
overlay: 30015823872

1735224710
/dev/sda1: 30072520704
overlay: 30072487936

1735224711
/dev/sda1: 30108585984
overlay: 30108585984

1735224712
/dev/sda1: 30143983616
overlay: 30143983616

1735224714
/dev/sda1: 30182617088
overlay: 30182617088

1735224715
/dev/sda1: 30192287744
overlay: 30192287744

1735224716
/dev/sda1: 30206500864
overlay: 30206500864

1735224718
/dev/sda1: 30233612288
overlay: 30233612288

1735224720
/dev/sda1: 30263046144
overlay: 30263046144

1735224721
/dev/sda1: 30282797056
overlay: 30282797056

1735224723
/dev/sda1: 30303784960
overlay: 30303784960

1735224724
/dev/sda1: 30321782784
overlay: 30321786880

1735224725
/dev/sda1: 30344437760
overlay: 30344441856

1735224727
/dev/sda1: 30369931264
overlay: 30369931264

1735224728
/dev/sda1: 30390317056
overlay: 30390317056

1735224730
/dev/sda1: 30430597120
overlay: 30430597120

1735224732
/dev/sda1: 30474436608
overlay: 30474436608

1735224734
/dev/sda1: 30476464128
overlay: 30476464128

1735224735
/dev/sda1: 30476980224
overlay: 30476980224

1735224736
/dev/sda1: 30478999552
overlay: 30478999552

1735224737
/dev/sda1: 30481137664
overlay: 30481137664

1735224739
/dev/sda1: 30480867328
overlay: 30480867328

1735224740
/dev/sda1: 30490689536
overlay: 30490689536

1735224741
/dev/sda1: 30492966912
overlay: 30492966912

1735224742
/dev/sda1: 30495842304
overlay: 30495842304

1735224744
/dev/sda1: 30497845248
overlay: 30497845248

1735224745
/dev/sda1: 30543138816
overlay: 30543138816

1735224746
/dev/sda1: 30620045312
overlay: 30620045312

1735224747
/dev/sda1: 30692765696
overlay: 30692765696

1735224749
/dev/sda1: 30744997888
overlay: 30744997888

1735224751
/dev/sda1: 30746705920
overlay: 30746705920

1735224753
/dev/sda1: 30748917760
overlay: 30748917760

1735224754
/dev/sda1: 30751850496
overlay: 30751850496

1735224755
/dev/sda1: 30753570816
overlay: 30753570816

1735224756
/dev/sda1: 30755250176
overlay: 30755250176

1735224757
/dev/sda1: 30757822464
overlay: 30757822464

1735224758
/dev/sda1: 30760394752
overlay: 30760394752

1735224759
/dev/sda1: 30760120320
overlay: 30760120320

1735224760
/dev/sda1: 30759976960
overlay: 30759976960

1735224761
/dev/sda1: 30762242048
overlay: 30762242048

1735224762
/dev/sda1: 30764654592
overlay: 30764654592

1735224763
/dev/sda1: 30767562752
overlay: 30767562752

1735224764
/dev/sda1: 30768906240
overlay: 30768906240

1735224765
/dev/sda1: 30770479104
overlay: 30770479104

1735224766
/dev/sda1: 30773473280
overlay: 30773473280

1735224767
/dev/sda1: 30774140928
overlay: 30774140928

1735224768
/dev/sda1: 30774857728
overlay: 30774857728

1735224770
/dev/sda1: 30775869440
overlay: 30775869440

1735224772
/dev/sda1: 30777806848
overlay: 30777806848

1735224773
/dev/sda1: 30779428864
overlay: 30779428864

1735224774
/dev/sda1: 30779969536
overlay: 30779969536

1735224775
/dev/sda1: 30781038592
overlay: 30781038592

1735224776
/dev/sda1: 30782410752
overlay: 30782410752

1735224777
/dev/sda1: 30787121152
overlay: 30787121152

1735224778
/dev/sda1: 30795943936
overlay: 30795943936

1735224779
/dev/sda1: 30824927232
overlay: 30824927232

1735224780
/dev/sda1: 30843412480
overlay: 30843412480

1735224781
/dev/sda1: 30861484032
overlay: 30861484032

1735224782
/dev/sda1: 30889820160
overlay: 30889820160

1735224783
/dev/sda1: 30906675200
overlay: 30906675200

1735224784
/dev/sda1: 30911160320
overlay: 30911160320

1735224785
/dev/sda1: 30917726208
overlay: 30917726208

1735224786
/dev/sda1: 30919671808
overlay: 30919671808

1735224787
/dev/sda1: 30921830400
overlay: 30921830400

1735224788
/dev/sda1: 30924406784
overlay: 30924406784

1735224790
/dev/sda1: 30929588224
overlay: 30929588224

1735224791
/dev/sda1: 30927626240
overlay: 30927626240

1735224792
/dev/sda1: 30928150528
overlay: 30928150528

1735224793
/dev/sda1: 30928617472
overlay: 30928617472

1735224794
/dev/sda1: 30929350656
overlay: 30929350656

1735224795
/dev/sda1: 30930022400
overlay: 30930018304

1735224796
/dev/sda1: 30932316160
overlay: 30932316160

1735224797
/dev/sda1: 30934048768
overlay: 30934048768

1735224799
/dev/sda1: 30933606400
overlay: 30933606400

1735224800
/dev/sda1: 30934347776
overlay: 30934347776

1735224801
/dev/sda1: 30934487040
overlay: 30934487040

1735224802
/dev/sda1: 30935105536
overlay: 30935105536

1735224803
/dev/sda1: 30940028928
overlay: 30940028928

1735224804
/dev/sda1: 30941065216
overlay: 30941065216

1735224805
/dev/sda1: 30942285824
overlay: 30942285824

1735224806
/dev/sda1: 30943494144
overlay: 30943494144

1735224807
/dev/sda1: 30943899648
overlay: 30943899648

1735224808
/dev/sda1: 30944645120
overlay: 30944645120

1735224809
/dev/sda1: 30943305728
overlay: 30943305728

1735224810
/dev/sda1: 30944665600
overlay: 30944665600

1735224811
/dev/sda1: 30945783808
overlay: 30945783808

1735224812
/dev/sda1: 30946414592
overlay: 30946414592

1735224813
/dev/sda1: 30946955264
overlay: 30946955264

1735224814
/dev/sda1: 30947119104
overlay: 30947119104

1735224815
/dev/sda1: 30947184640
overlay: 30947184640

1735224816
/dev/sda1: 30947282944
overlay: 30947282944

1735224817
/dev/sda1: 30947635200
overlay: 30947635200

1735224818
/dev/sda1: 30948151296
overlay: 30948151296

1735224819
/dev/sda1: 30948265984
overlay: 30948265984

1735224821
/dev/sda1: 30948843520
overlay: 30948843520

1735224822
/dev/sda1: 30949097472
overlay: 30949097472

1735224823
/dev/sda1: 30949117952
overlay: 30949117952

1735224824
/dev/sda1: 30949183488
overlay: 30949183488

1735224825
/dev/sda1: 30949277696
overlay: 30949277696

1735224826
/dev/sda1: 30949363712
overlay: 30949363712

1735224827
/dev/sda1: 30949638144
overlay: 30949638144

1735224828
/dev/sda1: 30950281216
overlay: 30950281216

1735224829
/dev/sda1: 30950408192
overlay: 30950408192

1735224830
/dev/sda1: 30950465536
overlay: 30950465536

1735224831
/dev/sda1: 30950862848
overlay: 30950862848

1735224832
/dev/sda1: 30952337408
overlay: 30952337408

1735224833
/dev/sda1: 30953308160
overlay: 30953308160

1735224834
/dev/sda1: 30957268992
overlay: 30957268992

1735224835
/dev/sda1: 30958698496
overlay: 30958698496

1735224836
/dev/sda1: 30961569792
overlay: 30961569792

1735224837
/dev/sda1: 30962012160
overlay: 30962012160

1735224838
/dev/sda1: 30962704384
overlay: 30962704384

1735224839
/dev/sda1: 30963019776
overlay: 30963019776

1735224840
/dev/sda1: 30963691520
overlay: 30963691520

1735224841
/dev/sda1: 30967521280
overlay: 30967521280

1735224842
/dev/sda1: 30968483840
overlay: 30968483840

1735224843
/dev/sda1: 30969778176
overlay: 30969778176

1735224844
/dev/sda1: 30971899904
overlay: 30971899904

1735224846
/dev/sda1: 30973206528
overlay: 30973206528

1735224847
/dev/sda1: 30974660608
overlay: 30974660608

1735224848
/dev/sda1: 30978043904
overlay: 30978043904

1735224849
/dev/sda1: 30979825664
overlay: 30979825664

1735224850
/dev/sda1: 30980870144
overlay: 30980870144

1735224851
/dev/sda1: 30981672960
overlay: 30981672960

1735224852
/dev/sda1: 30982242304
overlay: 30982242304

1735224853
/dev/sda1: 30985879552
overlay: 30985879552

1735224854
/dev/sda1: 30987055104
overlay: 30987055104

1735224855
/dev/sda1: 30987931648
overlay: 30987931648

1735224856
/dev/sda1: 30989819904
overlay: 30989819904

1735224857
/dev/sda1: 30991400960
overlay: 30991400960

1735224858
/dev/sda1: 30992584704
overlay: 30992584704

1735224859
/dev/sda1: 30994472960
overlay: 30994472960

1735224860
/dev/sda1: 30995922944
overlay: 30995922944

1735224861
/dev/sda1: 30996721664
overlay: 30996721664

1735224862
/dev/sda1: 30997282816
overlay: 30997282816

1735224863
/dev/sda1: 30998507520
overlay: 30998507520

1735224864
/dev/sda1: 30999838720
overlay: 30999838720

1735224865
/dev/sda1: 31000473600
overlay: 31000473600

1735224866
/dev/sda1: 31003041792
overlay: 31003045888

1735224868
/dev/sda1: 31006461952
overlay: 31006461952

1735224869
/dev/sda1: 31007903744
overlay: 31007903744

1735224870
/dev/sda1: 31010816000
overlay: 31010816000

1735224871
/dev/sda1: 31011946496
overlay: 31011946496

1735224872
/dev/sda1: 31021854720
overlay: 31021854720

1735224873
/dev/sda1: 31024377856
overlay: 31024377856

1735224874
/dev/sda1: 31026737152
overlay: 31026737152

1735224875
/dev/sda1: 31029104640
overlay: 31029104640

1735224876
/dev/sda1: 31025201152
overlay: 31025201152

1735224877
/dev/sda1: 31026843648
overlay: 31026843648

1735224878
/dev/sda1: 31029743616
overlay: 31029743616

1735224879
/dev/sda1: 31037472768
overlay: 31037472768

1735224880
/dev/sda1: 31045545984
overlay: 31045545984

1735224881
/dev/sda1: 31048675328
overlay: 31048675328

1735224882
/dev/sda1: 31051911168
overlay: 31051911168

1735224883
/dev/sda1: 31055069184
overlay: 31055069184

1735224884
/dev/sda1: 31057805312
overlay: 31057805312

1735224885
/dev/sda1: 31059320832
overlay: 31059320832

1735224886
/dev/sda1: 31062540288
overlay: 31062540288

1735224887
/dev/sda1: 31062827008
overlay: 31062827008

1735224888
/dev/sda1: 31063822336
overlay: 31063822336

1735224890
/dev/sda1: 31065505792
overlay: 31065505792

1735224891
/dev/sda1: 31066886144
overlay: 31066886144

1735224892
/dev/sda1: 31083220992
overlay: 31083220992

1735224893
/dev/sda1: 31095058432
overlay: 31095058432

1735224894
/dev/sda1: 31102337024
overlay: 31102337024

1735224895
/dev/sda1: 31108399104
overlay: 31108399104

1735224896
/dev/sda1: 31112851456
overlay: 31112851456

1735224897
/dev/sda1: 31123423232
overlay: 31123423232

1735224898
/dev/sda1: 31150374912
overlay: 31150374912

1735224899
/dev/sda1: 31156236288
overlay: 31156236288

1735224900
/dev/sda1: 31163670528
overlay: 31163670528

1735224902
/dev/sda1: 31180300288
overlay: 31180300288

1735224903
/dev/sda1: 31185960960
overlay: 31185960960

1735224904
/dev/sda1: 31189852160
overlay: 31189852160

1735224906
/dev/sda1: 31188385792
overlay: 31188385792

1735224907
/dev/sda1: 31190536192
overlay: 31190536192

1735224908
/dev/sda1: 31191560192
overlay: 31191560192

1735224909
/dev/sda1: 31195074560
overlay: 31195074560

1735224910
/dev/sda1: 31206227968
overlay: 31206227968

1735224911
/dev/sda1: 31195402240
overlay: 31195402240

1735224912
/dev/sda1: 31216091136
overlay: 31216091136

1735224913
/dev/sda1: 31218032640
overlay: 31218032640

1735224914
/dev/sda1: 31227879424
overlay: 31227879424

1735224915
/dev/sda1: 31229423616
overlay: 31229423616

1735224916
/dev/sda1: 31240273920
overlay: 31240273920

1735224917
/dev/sda1: 31243726848
overlay: 31243726848

1735224918
/dev/sda1: 31255453696
overlay: 31255453696

1735224919
/dev/sda1: 31249240064
overlay: 31249240064

1735224920
/dev/sda1: 31252660224
overlay: 31252660224

1735224921
/dev/sda1: 31257804800
overlay: 31257804800

1735224922
/dev/sda1: 31262846976
overlay: 31262846976

1735224923
/dev/sda1: 31268810752
overlay: 31268810752

1735224924
/dev/sda1: 31275212800
overlay: 31275212800

1735224925
/dev/sda1: 31277305856
overlay: 31277305856

1735224926
/dev/sda1: 31282352128
overlay: 31282352128

1735224927
/dev/sda1: 31287451648
overlay: 31287451648

1735224928
/dev/sda1: 31289700352
overlay: 31289700352

1735224929
/dev/sda1: 31292456960
overlay: 31292456960

1735224931
/dev/sda1: 31297462272
overlay: 31297462272

1735224933
/dev/sda1: 31303385088
overlay: 31303385088

1735224934
/dev/sda1: 31306620928
overlay: 31306620928

1735224935
/dev/sda1: 31309004800
overlay: 31309004800

1735224936
/dev/sda1: 31311486976
overlay: 31311491072

1735224937
/dev/sda1: 31313530880
overlay: 31313530880

1735224938
/dev/sda1: 31315677184
overlay: 31315677184

1735224939
/dev/sda1: 31318302720
overlay: 31318302720

1735224940
/dev/sda1: 31320592384
overlay: 31320592384

1735224942
/dev/sda1: 31323045888
overlay: 31323045888

1735224943
/dev/sda1: 31327043584
overlay: 31327043584

1735224944
/dev/sda1: 31326875648
overlay: 31326875648

1735224945
/dev/sda1: 31328727040
overlay: 31328727040

1735224946
/dev/sda1: 31331098624
overlay: 31331098624

1735224947
/dev/sda1: 31335071744
overlay: 31335071744

1735224948
/dev/sda1: 31340556288
overlay: 31340556288

1735224949
/dev/sda1: 31340863488
overlay: 31340863488

1735224951
/dev/sda1: 31344447488
overlay: 31344447488

1735224952
/dev/sda1: 31345336320
overlay: 31345336320

1735224953
/dev/sda1: 31356592128
overlay: 31356592128

1735224954
/dev/sda1: 31395012608
overlay: 31395012608

1735224956
/dev/sda1: 31414050816
overlay: 31414050816

1735224958
/dev/sda1: 31415713792
overlay: 31415713792

1735224959
/dev/sda1: 31415762944
overlay: 31415762944

1735224960
/dev/sda1: 31416594432
overlay: 31416594432

1735224961
/dev/sda1: 31416938496
overlay: 31416938496

1735224962
/dev/sda1: 31417737216
overlay: 31417737216

1735224963
/dev/sda1: 31417974784
overlay: 31417974784

1735224964
/dev/sda1: 31418458112
overlay: 31418458112

1735224965
/dev/sda1: 31421677568
overlay: 31421677568

1735224966
/dev/sda1: 31433379840
overlay: 31433379840

1735224967
/dev/sda1: 31436705792
overlay: 31436705792

1735224968
/dev/sda1: 31450611712
overlay: 31450611712

1735224969
/dev/sda1: 31453065216
overlay: 31453065216

1735224970
/dev/sda1: 31453364224
overlay: 31453368320

1735224971
/dev/sda1: 31471546368
overlay: 31471546368

1735224972
/dev/sda1: 31472386048
overlay: 31472386048

1735224973
/dev/sda1: 31482318848
overlay: 31482318848

1735224974
/dev/sda1: 31484596224
overlay: 31484596224

1735224975
/dev/sda1: 31498764288
overlay: 31498764288

1735224976
/dev/sda1: 31525523456
overlay: 31525523456

1735224977
/dev/sda1: 31579361280
overlay: 31579361280

1735224978
/dev/sda1: 31594487808
overlay: 31594487808

1735224979
/dev/sda1: 31609864192
overlay: 31609864192

1735224981
/dev/sda1: 31613812736
overlay: 31613812736

1735224983
/dev/sda1: 31626801152
overlay: 31626801152

1735224984
/dev/sda1: 31628087296
overlay: 31628087296

1735224986
/dev/sda1: 31634931712
overlay: 31634931712

1735224987
/dev/sda1: 31638331392
overlay: 31638331392

1735224988
/dev/sda1: 31648092160
overlay: 31648092160

1735224989
/dev/sda1: 31653777408
overlay: 31653777408

1735224990
/dev/sda1: 31658004480
overlay: 31658004480

1735224991
/dev/sda1: 31662632960
overlay: 31662632960

1735224992
/dev/sda1: 31680864256
overlay: 31680864256

1735224993
/dev/sda1: 31696117760
overlay: 31696117760

1735224994
/dev/sda1: 31720501248
overlay: 31720513536

1735224995
/dev/sda1: 31733616640
overlay: 31733616640

1735224996
/dev/sda1: 31727411200
overlay: 31727411200

1735224997
/dev/sda1: 31728144384
overlay: 31728144384

1735224998
/dev/sda1: 31729836032
overlay: 31729836032

1735224999
/dev/sda1: 31732936704
overlay: 31732936704

1735225000
/dev/sda1: 31742976000
overlay: 31742976000

1735225001
/dev/sda1: 31746965504
overlay: 31746965504

1735225002
/dev/sda1: 31750582272
overlay: 31750582272

1735225003
/dev/sda1: 31751221248
overlay: 31751221248

1735225004
/dev/sda1: 31755780096
overlay: 31755780096

1735225005
/dev/sda1: 31758467072
overlay: 31758467072

1735225006
/dev/sda1: 31764271104
overlay: 31764271104

1735225007
/dev/sda1: 31765794816
overlay: 31765794816

1735225008
/dev/sda1: 31767175168
overlay: 31767175168

1735225009
/dev/sda1: 31769296896
overlay: 31769296896

1735225010
/dev/sda1: 31770238976
overlay: 31770238976

1735225011
/dev/sda1: 31771955200
overlay: 31771955200

1735225013
/dev/sda1: 31774584832
overlay: 31774584832

1735225015
/dev/sda1: 31777357824
overlay: 31777357824

1735225016
/dev/sda1: 31778398208
overlay: 31778398208

1735225017
/dev/sda1: 31780184064
overlay: 31780184064

1735225018
/dev/sda1: 31784652800
overlay: 31784652800

1735225019
/dev/sda1: 31790751744
overlay: 31790751744

1735225020
/dev/sda1: 31793500160
overlay: 31793500160

1735225021
/dev/sda1: 31795040256
overlay: 31795040256

1735225022
/dev/sda1: 31796989952
overlay: 31796989952

1735225023
/dev/sda1: 31798943744
overlay: 31798943744

1735225024
/dev/sda1: 31800074240
overlay: 31800074240

1735225025
/dev/sda1: 31802675200
overlay: 31802675200

1735225026
/dev/sda1: 31806054400
overlay: 31806054400

1735225028
/dev/sda1: 31811325952
overlay: 31811325952

1735225029
/dev/sda1: 31814504448
overlay: 31814504448

1735225030
/dev/sda1: 31814635520
overlay: 31814635520

1735225031
/dev/sda1: 31818559488
overlay: 31818559488

1735225032
/dev/sda1: 31819714560
overlay: 31819714560

1735225033
/dev/sda1: 31823749120
overlay: 31823749120

1735225034
/dev/sda1: 31823650816
overlay: 31823650816

1735225035
/dev/sda1: 31824437248
overlay: 31824437248

1735225036
/dev/sda1: 31827668992
overlay: 31827668992

1735225037
/dev/sda1: 31829778432
overlay: 31829778432

1735225038
/dev/sda1: 31833767936
overlay: 31833767936

1735225039
/dev/sda1: 31840116736
overlay: 31840116736

1735225040
/dev/sda1: 31849189376
overlay: 31849189376

1735225041
/dev/sda1: 31849750528
overlay: 31849750528

1735225042
/dev/sda1: 31850930176
overlay: 31850930176

1735225043
/dev/sda1: 31854358528
overlay: 31854358528

1735225044
/dev/sda1: 31855783936
overlay: 31855783936

1735225045
/dev/sda1: 31856070656
overlay: 31856070656

1735225046
/dev/sda1: 31856447488
overlay: 31856447488

1735225047
/dev/sda1: 31856664576
overlay: 31856664576

1735225048
/dev/sda1: 31857508352
overlay: 31857508352

1735225049
/dev/sda1: 31859011584
overlay: 31859011584

1735225050
/dev/sda1: 31859400704
overlay: 31859400704

1735225051
/dev/sda1: 31861096448
overlay: 31861096448

1735225052
/dev/sda1: 31864266752
overlay: 31864266752

1735225053
/dev/sda1: 31866490880
overlay: 31866490880

1735225054
/dev/sda1: 31869837312
overlay: 31869837312

1735225055
/dev/sda1: 31872532480
overlay: 31872532480

1735225056
/dev/sda1: 31877070848
overlay: 31877070848

1735225057
/dev/sda1: 31878123520
overlay: 31878123520

1735225058
/dev/sda1: 31882145792
overlay: 31882145792

1735225059
/dev/sda1: 31883161600
overlay: 31883161600

1735225060
/dev/sda1: 31880957952
overlay: 31880957952

1735225061
/dev/sda1: 31884804096
overlay: 31884804096

1735225062
/dev/sda1: 31887847424
overlay: 31887847424

1735225063
/dev/sda1: 31890747392
overlay: 31890747392

1735225064
/dev/sda1: 31892865024
overlay: 31892865024

1735225065
/dev/sda1: 31893319680
overlay: 31893319680

1735225066
/dev/sda1: 31894548480
overlay: 31894548480

1735225067
/dev/sda1: 31900168192
overlay: 31900168192

1735225068
/dev/sda1: 31900667904
overlay: 31900667904

1735225069
/dev/sda1: 31901888512
overlay: 31901888512

1735225070
/dev/sda1: 31903551488
overlay: 31903551488

1735225072
/dev/sda1: 31905554432
overlay: 31905554432

1735225073
/dev/sda1: 31906029568
overlay: 31906029568

1735225074
/dev/sda1: 31912087552
overlay: 31912087552

1735225075
/dev/sda1: 31912804352
overlay: 31912804352

1735225076
/dev/sda1: 31915507712
overlay: 31915507712

1735225077
/dev/sda1: 31926358016
overlay: 31926358016

1735225078
/dev/sda1: 31928406016
overlay: 31928406016

1735225079
/dev/sda1: 31928901632
overlay: 31928901632

1735225080
/dev/sda1: 31930052608
overlay: 31930052608

1735225081
/dev/sda1: 31933362176
overlay: 31933362176

1735225082
/dev/sda1: 31934894080
overlay: 31934894080

1735225083
/dev/sda1: 31951085568
overlay: 31951085568

1735225084
/dev/sda1: 31952818176
overlay: 31952818176

1735225085
/dev/sda1: 31959863296
overlay: 31959863296

1735225086
/dev/sda1: 31961260032
overlay: 31961260032

1735225087
/dev/sda1: 31966384128
overlay: 31966388224

1735225088
/dev/sda1: 32029974528
overlay: 32029974528

1735225089
/dev/sda1: 32040681472
overlay: 32040681472

1735225090
/dev/sda1: 32043720704
overlay: 32043720704

1735225091
/dev/sda1: 32045060096
overlay: 32045060096

1735225092
/dev/sda1: 32046534656
overlay: 32046534656

1735225093
/dev/sda1: 32062758912
overlay: 32062758912

1735225094
/dev/sda1: 32083042304
overlay: 32083042304

1735225095
/dev/sda1: 32104923136
overlay: 32104923136

1735225096
/dev/sda1: 32179924992
overlay: 32179924992

1735225097
/dev/sda1: 32182140928
overlay: 32182140928

1735225099
/dev/sda1: 32184594432
overlay: 32184594432

1735225100
/dev/sda1: 32188153856
overlay: 32188153856

1735225101
/dev/sda1: 32189726720
overlay: 32189726720

1735225103
/dev/sda1: 32239742976
overlay: 32239742976

1735225104
/dev/sda1: 32245837824
overlay: 32245837824

1735225105
/dev/sda1: 32315092992
overlay: 32315092992

1735225107
/dev/sda1: 32357318656
overlay: 32357318656

1735225108
/dev/sda1: 32405237760
overlay: 32405241856

1735225109
/dev/sda1: 32452509696
overlay: 32452509696

1735225110
/dev/sda1: 32493793280
overlay: 32493793280

1735225111
/dev/sda1: 32494821376
overlay: 32494821376

1735225113
/dev/sda1: 32497229824
overlay: 32497229824

1735225114
/dev/sda1: 32501538816
overlay: 32501538816

1735225115
/dev/sda1: 32505184256
overlay: 32505184256

1735225116
/dev/sda1: 32507158528
overlay: 32507158528

1735225117
/dev/sda1: 32510009344
overlay: 32510009344

1735225118
/dev/sda1: 32511959040
overlay: 32511959040

1735225120
/dev/sda1: 32529104896
overlay: 32529104896

1735225121
/dev/sda1: 32541954048
overlay: 32541954048

1735225122
/dev/sda1: 32555139072
overlay: 32555139072

1735225123
/dev/sda1: 32568610816
overlay: 32568610816

1735225124
/dev/sda1: 32582352896
overlay: 32582352896

1735225125
/dev/sda1: 32609714176
overlay: 32609722368

1735225126
/dev/sda1: 32752287744
overlay: 32752287744

1735225128
/dev/sda1: 32780238848
overlay: 32780242944

1735225130
/dev/sda1: 32828846080
overlay: 32828846080

1735225131
/dev/sda1: 32820518912
overlay: 32820518912

1735225133
/dev/sda1: 32821534720
overlay: 32821534720

1735225135
/dev/sda1: 32825344000
overlay: 32825344000

1735225136
/dev/sda1: 32878395392
overlay: 32878395392

1735225137
/dev/sda1: 32967995392
overlay: 32967995392

1735225139
/dev/sda1: 33073156096
overlay: 33073156096

1735225141
/dev/sda1: 33074245632
overlay: 33074245632

1735225142
/dev/sda1: 33137176576
overlay: 33137176576

1735225143
/dev/sda1: 33175777280
overlay: 33175777280

1735225145
/dev/sda1: 33231478784
overlay: 33231478784

1735225147
/dev/sda1: 33295003648
overlay: 33295003648

1735225148
/dev/sda1: 33352773632
overlay: 33352773632

1735225149
/dev/sda1: 33384812544
overlay: 33384812544

1735225151
/dev/sda1: 33421647872
overlay: 33421647872

1735225153
/dev/sda1: 33474994176
overlay: 33474994176

1735225155
/dev/sda1: 33504776192
overlay: 33504776192

1735225156
/dev/sda1: 33556647936
overlay: 33556660224

1735225158
/dev/sda1: 33610797056
overlay: 33610792960

1735225160
/dev/sda1: 33626275840
overlay: 33626275840

1735225162
/dev/sda1: 33684652032
overlay: 33684652032

1735225164
/dev/sda1: 33730117632
overlay: 33730117632

1735225165
/dev/sda1: 33731837952
overlay: 33731837952

1735225166
/dev/sda1: 33733455872
overlay: 33733455872

1735225167
/dev/sda1: 33746116608
overlay: 33746116608

1735225169
/dev/sda1: 33753096192
overlay: 33753096192

1735225170
/dev/sda1: 33753866240
overlay: 33753866240

1735225172
/dev/sda1: 33755230208
overlay: 33755230208

1735225173
/dev/sda1: 33756028928
overlay: 33756028928

1735225175
/dev/sda1: 33758547968
overlay: 33758547968

1735225176
/dev/sda1: 33760014336
overlay: 33760014336

1735225178
/dev/sda1: 33761419264
overlay: 33761419264

1735225179
/dev/sda1: 33761894400
overlay: 33761894400

1735225180
/dev/sda1: 33763438592
overlay: 33763438592

1735225181
/dev/sda1: 33764601856
overlay: 33764601856

1735225182
/dev/sda1: 33764990976
overlay: 33764990976

1735225183
/dev/sda1: 33765355520
overlay: 33765355520

1735225184
/dev/sda1: 33766076416
overlay: 33766076416

1735225185
/dev/sda1: 33766445056
overlay: 33766445056

1735225186
/dev/sda1: 33766658048
overlay: 33766658048

1735225187
/dev/sda1: 33766952960
overlay: 33766952960

1735225188
/dev/sda1: 33767387136
overlay: 33767387136

1735225189
/dev/sda1: 33767772160
overlay: 33767772160

1735225190
/dev/sda1: 33768050688
overlay: 33768050688

1735225191
/dev/sda1: 33768538112
overlay: 33768538112

1735225192
/dev/sda1: 33768828928
overlay: 33768828928

1735225193
/dev/sda1: 33769279488
overlay: 33769279488

1735225194
/dev/sda1: 33769488384
overlay: 33769488384

1735225195
/dev/sda1: 33769844736
overlay: 33769844736

1735225196
/dev/sda1: 33770262528
overlay: 33770262528

1735225197
/dev/sda1: 33770577920
overlay: 33770577920

1735225198
/dev/sda1: 33772240896
overlay: 33772240896

1735225199
/dev/sda1: 33772638208
overlay: 33772638208

1735225200
/dev/sda1: 33773281280
overlay: 33773281280

1735225201
/dev/sda1: 33773748224
overlay: 33773748224

1735225202
/dev/sda1: 33774551040
overlay: 33774551040

1735225203
/dev/sda1: 33775091712
overlay: 33775091712

1735225204
/dev/sda1: 33776095232
overlay: 33776095232

1735225206
/dev/sda1: 33777758208
overlay: 33777758208

1735225207
/dev/sda1: 33778507776
overlay: 33778507776

1735225208
/dev/sda1: 33779056640
overlay: 33779056640

1735225209
/dev/sda1: 33780146176
overlay: 33780146176

1735225210
/dev/sda1: 33782718464
overlay: 33782718464

1735225211
/dev/sda1: 33786568704
overlay: 33786568704

1735225212
/dev/sda1: 33787068416
overlay: 33787068416

1735225213
/dev/sda1: 33788481536
overlay: 33788481536

1735225214
/dev/sda1: 33789501440
overlay: 33789501440

1735225215
/dev/sda1: 33790533632
overlay: 33790533632

1735225216
/dev/sda1: 33792634880
overlay: 33792634880

1735225217
/dev/sda1: 33793863680
overlay: 33793863680

1735225218
/dev/sda1: 33795047424
overlay: 33795047424

1735225219
/dev/sda1: 33795657728
overlay: 33795657728

1735225220
/dev/sda1: 33796345856
overlay: 33796345856

1735225221
/dev/sda1: 33805852672
overlay: 33805852672

1735225222
/dev/sda1: 33814118400
overlay: 33814118400

1735225223
/dev/sda1: 33816576000
overlay: 33816576000

1735225224
/dev/sda1: 33822633984
overlay: 33822633984

1735225225
/dev/sda1: 33825529856
overlay: 33825529856

1735225227
/dev/sda1: 33886224384
overlay: 33886224384

1735225228
/dev/sda1: 33889148928
overlay: 33889148928

1735225229
/dev/sda1: 33893801984
overlay: 33893801984

1735225230
/dev/sda1: 33895108608
overlay: 33895108608

1735225231
/dev/sda1: 33896095744
overlay: 33896095744

1735225232
/dev/sda1: 33897816064
overlay: 33897816064

1735225233
/dev/sda1: 33899642880
overlay: 33899642880

1735225234
/dev/sda1: 33901142016
overlay: 33901142016

1735225235
/dev/sda1: 33906425856
overlay: 33906425856

1735225236
/dev/sda1: 33907867648
overlay: 33907867648

1735225237
/dev/sda1: 33908629504
overlay: 33908629504

1735225239
/dev/sda1: 33910571008
overlay: 33910571008

1735225241
/dev/sda1: 33911762944
overlay: 33911762944

1735225242
/dev/sda1: 33912872960
overlay: 33912872960

1735225244
/dev/sda1: 33914560512
overlay: 33914560512

1735225246
/dev/sda1: 33917714432
overlay: 33917714432

1735225248
/dev/sda1: 33925140480
overlay: 33925140480

1735225249
/dev/sda1: 33925922816
overlay: 33925922816

1735225250
/dev/sda1: 33926979584
overlay: 33926979584

1735225251
/dev/sda1: 33927921664
overlay: 33927921664

1735225252
/dev/sda1: 33928650752
overlay: 33928650752

1735225253
/dev/sda1: 33932505088
overlay: 33932505088

1735225254
/dev/sda1: 33933230080
overlay: 33933230080

1735225255
/dev/sda1: 33934065664
overlay: 33934065664

1735225256
/dev/sda1: 33934925824
overlay: 33934925824

1735225257
/dev/sda1: 33935499264
overlay: 33935499264

1735225258
/dev/sda1: 33937985536
overlay: 33937985536

1735225259
/dev/sda1: 33940692992
overlay: 33940692992

1735225260
/dev/sda1: 33942106112
overlay: 33942106112

1735225261
/dev/sda1: 33943052288
overlay: 33943052288

1735225262
/dev/sda1: 33946767360
overlay: 33946767360

1735225263
/dev/sda1: 33948155904
overlay: 33948155904

1735225264
/dev/sda1: 33949216768
overlay: 33949216768

1735225265
/dev/sda1: 33958973440
overlay: 33958973440

1735225266
/dev/sda1: 33961504768
overlay: 33961504768

1735225267
/dev/sda1: 33975390208
overlay: 33975390208

1735225268
/dev/sda1: 33976266752
overlay: 33976266752

1735225269
/dev/sda1: 33986048000
overlay: 33986048000

1735225270
/dev/sda1: 33987125248
overlay: 33987125248

1735225271
/dev/sda1: 33987710976
overlay: 33987710976

1735225272
/dev/sda1: 33988444160
overlay: 33988444160

1735225273
/dev/sda1: 33989328896
overlay: 33989328896

1735225274
/dev/sda1: 33990815744
overlay: 33990815744

1735225275
/dev/sda1: 33991979008
overlay: 33991979008

1735225276
/dev/sda1: 33992683520
overlay: 33992683520

1735225277
/dev/sda1: 33993461760
overlay: 33993461760

1735225278
/dev/sda1: 33994194944
overlay: 33994194944

1735225279
/dev/sda1: 33995079680
overlay: 33995079680

1735225280
/dev/sda1: 33995661312
overlay: 33995661312

1735225282
/dev/sda1: 34040553472
overlay: 34040553472

1735225283
/dev/sda1: 34041122816
overlay: 34041122816

1735225284
/dev/sda1: 34042077184
overlay: 34042077184

1735225285
/dev/sda1: 34050330624
overlay: 34050330624

1735225286
/dev/sda1: 34051416064
overlay: 34051416064

1735225287
/dev/sda1: 34052337664
overlay: 34052337664

1735225288
/dev/sda1: 34053165056
overlay: 34053165056

1735225289
/dev/sda1: 34054193152
overlay: 34054193152

1735225290
/dev/sda1: 34055020544
overlay: 34055020544

1735225291
/dev/sda1: 34056409088
overlay: 34056409088

1735225292
/dev/sda1: 34100441088
overlay: 34100441088

1735225293
/dev/sda1: 34101407744
overlay: 34101407744

1735225294
/dev/sda1: 34102849536
overlay: 34102849536

1735225295
/dev/sda1: 34103975936
overlay: 34103975936

1735225296
/dev/sda1: 34105044992
overlay: 34105044992

1735225297
/dev/sda1: 34106150912
overlay: 34106150912

1735225298
/dev/sda1: 34107334656
overlay: 34107334656

1735225300
/dev/sda1: 34109333504
overlay: 34109333504

1735225301
/dev/sda1: 34109960192
overlay: 34109960192

1735225302
/dev/sda1: 34110988288
overlay: 34110988288

1735225303
/dev/sda1: 34112172032
overlay: 34112172032

1735225304
/dev/sda1: 34113294336
overlay: 34113294336

1735225305
/dev/sda1: 34114342912
overlay: 34114342912

1735225306
/dev/sda1: 34115403776
overlay: 34115403776

1735225307
/dev/sda1: 34116534272
overlay: 34116534272

