1735224413
eth0: 122394550 2815884 0 0
lo: 0 0 0 0

1735224414
eth0: 122394970 2816818 420 934
lo: 0 0 0 0

1735224415
eth0: 124015099 2867841 1620129 51023
lo: 0 0 0 0

1735224416
eth0: 128747833 2974286 4732734 106445
lo: 0 0 0 0

1735224417
eth0: 132465726 3058887 3717893 84601
lo: 0 0 0 0

1735224418
eth0: 137207553 3167888 4741827 109001
lo: 0 0 0 0

1735224419
eth0: 141429980 3266763 4222427 98875
lo: 0 0 0 0

1735224420
eth0: 144623486 3338992 3193506 72229
lo: 0 0 0 0

1735224421
eth0: 150369837 3468676 5746351 129684
lo: 0 0 0 0

1735224422
eth0: 154176883 3556088 3807046 87412
lo: 0 0 0 0

1735224423
eth0: 159193134 3666902 5016251 110814
lo: 0 0 0 0

1735224424
eth0: 162936444 3748370 3743310 81468
lo: 0 0 0 0

1735224425
eth0: 166760192 3832322 3823748 83952
lo: 0 0 0 0

1735224426
eth0: 169232574 3886178 2472382 53856
lo: 0 0 0 0

1735224427
eth0: 172118925 3948915 2886351 62737
lo: 0 0 0 0

1735224428
eth0: 178531600 4092927 6412675 144012
lo: 0 0 0 0

1735224429
eth0: 180590270 4139294 2058670 46367
lo: 0 0 0 0

1735224430
eth0: 181954188 4169421 1363918 30127
lo: 0 0 0 0

1735224431
eth0: 182924521 4195013 970333 25592
lo: 0 0 0 0

1735224432
eth0: 184955640 4240953 2031119 45940
lo: 0 0 0 0

1735224433
eth0: 186579067 4279517 1623427 38564
lo: 0 0 0 0

1735224434
eth0: 198155164 4525370 11576097 245853
lo: 0 0 0 0

1735224435
eth0: 210230245 4859283 12075081 333913
lo: 0 0 0 0

1735224436
eth0: 221266606 5089193 11036361 229910
lo: 0 0 0 0

1735224437
eth0: 226919832 5208455 5653226 119262
lo: 0 0 0 0

1735224438
eth0: 230613110 5289965 3693278 81510
lo: 0 0 0 0

1735224439
eth0: 234411017 5373002 3797907 83037
lo: 0 0 0 0

1735224440
eth0: 238444531 5461046 4033514 88044
lo: 0 0 0 0

1735224441
eth0: 242848459 5557670 4403928 96624
lo: 0 0 0 0

1735224442
eth0: 247669007 5663006 4820548 105336
lo: 0 0 0 0

1735224443
eth0: 253974783 5800880 6305776 137874
lo: 0 0 0 0

1735224444
eth0: 258764611 5909252 4789828 108372
lo: 0 0 0 0

1735224445
eth0: 262789949 6002708 4025338 93456
lo: 0 0 0 0

1735224446
eth0: 266935909 6098012 4145960 95304
lo: 0 0 0 0

1735224447
eth0: 271071965 6193184 4136056 95172
lo: 0 0 0 0

1735224448
eth0: 275038511 6284924 3966546 91740
lo: 0 0 0 0

1735224449
eth0: 279316210 6385969 4277699 101045
lo: 0 0 0 0

1735224450
eth0: 283585242 6484441 4269032 98472
lo: 0 0 0 0

1735224451
eth0: 287578752 6577897 3993510 93456
lo: 0 0 0 0

1735224452
eth0: 291070834 6659113 3492082 81216
lo: 0 0 0 0

1735224453
eth0: 295061616 6747545 3990782 88432
lo: 0 0 0 0

1735224454
eth0: 299988056 6851957 4926440 104412
lo: 0 0 0 0

1735224455
eth0: 304853568 6965533 4865512 113576
lo: 0 0 0 0

1735224456
eth0: 309969020 7082947 5115452 117414
lo: 0 0 0 0

1735224457
eth0: 315450984 7206829 5481964 123882
lo: 0 0 0 0

1735224458
eth0: 321610842 7346353 6159858 139524
lo: 0 0 0 0

1735224459
eth0: 326822344 7465087 5211502 118734
lo: 0 0 0 0

1735224460
eth0: 330140052 7541119 3317708 76032
lo: 0 0 0 0

1735224461
eth0: 332638546 7599001 2498494 57882
lo: 0 0 0 0

1735224462
eth0: 335348932 7660603 2710386 61602
lo: 0 0 0 0

1735224463
eth0: 337668008 7714063 2319076 53460
lo: 0 0 0 0

1735224464
eth0: 340070090 7769371 2402082 55308
lo: 0 0 0 0

1735224465
eth0: 342353016 7822633 2282926 53262
lo: 0 0 0 0

1735224466
eth0: 344298468 7867711 1945452 45078
lo: 0 0 0 0

1735224467
eth0: 346232824 7909819 1934356 42108
lo: 0 0 0 0

1735224468
eth0: 348124270 7954567 1891446 44748
lo: 0 0 0 0

1735224469
eth0: 350610082 8013109 2485812 58542
lo: 0 0 0 0

1735224470
eth0: 352877506 8067097 2267424 53988
lo: 0 0 0 0

1735224471
eth0: 354632306 8108479 1754800 41382
lo: 0 0 0 0

1735224472
eth0: 356807448 8159497 2175142 51018
lo: 0 0 0 0

1735224473
eth0: 359178808 8215333 2371360 55836
lo: 0 0 0 0

1735224474
eth0: 361615070 8272753 2436262 57420
lo: 0 0 0 0

1735224475
eth0: 364208590 8333671 2593520 60918
lo: 0 0 0 0

1735224476
eth0: 366770412 8394457 2561822 60786
lo: 0 0 0 0

1735224477
eth0: 369296976 8454055 2526564 59598
lo: 0 0 0 0

1735224478
eth0: 371392530 8503951 2095554 49896
lo: 0 0 0 0

1735224479
eth0: 373904862 8562229 2512332 58278
lo: 0 0 0 0

1735224480
eth0: 376605776 8626051 2700914 63822
lo: 0 0 0 0

1735224481
eth0: 378848462 8679181 2242686 53130
lo: 0 0 0 0

1735224482
eth0: 383883590 8790449 5035128 111268
lo: 0 0 0 0

1735224483
eth0: 386897030 8860739 3013440 70290
lo: 0 0 0 0

1735224484
eth0: 389458402 8920535 2561372 59796
lo: 0 0 0 0

1735224485
eth0: 392428892 8989835 2970490 69300
lo: 0 0 0 0

1735224486
eth0: 394836630 9045341 2407738 55506
lo: 0 0 0 0

1735224487
eth0: 397081780 9097745 2245150 52404
lo: 0 0 0 0

1735224488
eth0: 398639278 9134375 1557498 36630
lo: 0 0 0 0

1735224489
eth0: 400470460 9177803 1831182 43428
lo: 0 0 0 0

1735224490
eth0: 402546012 9227369 2075552 49566
lo: 0 0 0 0

1735224491
eth0: 404804504 9280895 2258492 53526
lo: 0 0 0 0

1735224492
eth0: 407095226 9332879 2290722 51984
lo: 0 0 0 0

1735224493
eth0: 410023188 9401739 2927962 68860
lo: 0 0 0 0

1735224494
eth0: 415353935 9525108 5330747 123369
lo: 0 0 0 0

1735224495
eth0: 423842187 9715848 8488252 190740
lo: 0 0 0 0

1735224496
eth0: 430870764 9874110 7028577 158262
lo: 0 0 0 0

1735224497
eth0: 436837899 10009673 5967135 135563
lo: 0 0 0 0

1735224498
eth0: 442775869 10145567 5937970 135894
lo: 0 0 0 0

1735224499
eth0: 448273487 10271429 5497618 125862
lo: 0 0 0 0

1735224500
eth0: 453200959 10374587 4927472 103158
lo: 0 0 0 0

1735224501
eth0: 458668889 10496885 5467930 122298
lo: 0 0 0 0

1735224502
eth0: 464426135 10627565 5757246 130680
lo: 0 0 0 0

1735224503
eth0: 469703115 10748675 5276980 121110
lo: 0 0 0 0

1735224504
eth0: 475665159 10884569 5962044 135894
lo: 0 0 0 0

1735224505
eth0: 482029077 11030129 6363918 145560
lo: 0 0 0 0

1735224506
eth0: 485560733 11114734 3531656 84605
lo: 0 0 0 0

1735224507
eth0: 488966470 11192584 3405737 77850
lo: 0 0 0 0

1735224508
eth0: 499169742 11420941 10203272 228357
lo: 0 0 0 0

1735224509
eth0: 511256474 11676607 12086732 255666
lo: 0 0 0 0

1735224510
eth0: 520628417 11876991 9371943 200384
lo: 0 0 0 0

1735224511
eth0: 524041633 11957016 3413216 80025
lo: 0 0 0 0

1735224512
eth0: 528547794 12064593 4506161 107577
lo: 0 0 0 0

1735224513
eth0: 535308579 12228625 6760785 164032
lo: 0 0 0 0

1735224514
eth0: 547420775 12494035 12112196 265410
lo: 0 0 0 0

1735224515
eth0: 557559085 12728406 10138310 234371
lo: 0 0 0 0

1735224516
eth0: 563916647 12874794 6357562 146388
lo: 0 0 0 0

1735224517
eth0: 569387671 12999864 5471024 125070
lo: 0 0 0 0

1735224518
eth0: 574789258 13126188 5401587 126324
lo: 0 0 0 0

1735224519
eth0: 577657776 13193112 2868518 66924
lo: 0 0 0 0

1735224520
eth0: 580917039 13269425 3259263 76313
lo: 0 0 0 0

1735224521
eth0: 584555689 13354237 3638650 84812
lo: 0 0 0 0

1735224522
eth0: 587098036 13413175 2542347 58938
lo: 0 0 0 0

1735224523
eth0: 589116742 13465096 2018706 51921
lo: 0 0 0 0

1735224524
eth0: 594358745 13639984 5242003 174888
lo: 0 0 0 0

1735224525
eth0: 602538433 13823182 8179688 183198
lo: 0 0 0 0

1735224526
eth0: 609107001 13971496 6568568 148314
lo: 0 0 0 0

1735224527
eth0: 617330766 14159314 8223765 187818
lo: 0 0 0 0

1735224528
eth0: 628205078 14386354 10874312 227040
lo: 0 0 0 0

1735224529
eth0: 631128670 14447907 2923592 61553
lo: 0 0 0 0

1735224530
eth0: 634149598 14519441 3020928 71534
lo: 0 0 0 0

1735224531
eth0: 637636296 14592833 3486698 73392
lo: 0 0 0 0

1735224532
eth0: 640566826 14663279 2930530 70446
lo: 0 0 0 0

1735224533
eth0: 643535860 14731959 2969034 68680
lo: 0 0 0 0

1735224534
eth0: 652653969 14935076 9118109 203117
lo: 0 0 0 0

1735224535
eth0: 662604959 15150434 9950990 215358
lo: 0 0 0 0

1735224536
eth0: 668118687 15276230 5513728 125796
lo: 0 0 0 0

1735224537
eth0: 672803925 15384140 4685238 107910
lo: 0 0 0 0

1735224538
eth0: 677638707 15496802 4834782 112662
lo: 0 0 0 0

1735224539
eth0: 681571671 15587156 3932964 90354
lo: 0 0 0 0

1735224540
eth0: 684090203 15645632 2518532 58476
lo: 0 0 0 0

1735224541
eth0: 684846085 15662792 755882 17160
lo: 0 0 0 0

1735224542
eth0: 685499515 15677312 653430 14520
lo: 0 0 0 0

1735224543
eth0: 686206265 15694010 706750 16698
lo: 0 0 0 0

1735224544
eth0: 686849889 15708398 643624 14388
lo: 0 0 0 0

1735224545
eth0: 688290897 15740870 1441008 32472
lo: 0 0 0 0

1735224546
eth0: 689080649 15758888 789752 18018
lo: 0 0 0 0

1735224547
eth0: 690202791 15788568 1122142 29680
lo: 0 0 0 0

1735224548
eth0: 692454807 15843570 2252016 55002
lo: 0 0 0 0

1735224549
eth0: 693731746 15875627 1276939 32057
lo: 0 0 0 0

1735224550
eth0: 695383874 15911587 1652128 35960
lo: 0 0 0 0

1735224551
eth0: 695982620 15924589 598746 13002
lo: 0 0 0 0

1735224552
eth0: 696650402 15939901 667782 15312
lo: 0 0 0 0

1735224553
eth0: 697782830 15964783 1132428 24882
lo: 0 0 0 0

1735224554
eth0: 699367000 16000423 1584170 35640
lo: 0 0 0 0

1735224555
eth0: 700885610 16034875 1518610 34452
lo: 0 0 0 0

1735224556
eth0: 701551020 16050121 665410 15246
lo: 0 0 0 0

1735224557
eth0: 702085563 16062529 534543 12408
lo: 0 0 0 0

1735224558
eth0: 702295803 16067413 210240 4884
lo: 0 0 0 0

1735224559
eth0: 702613995 16074937 318192 7524
lo: 0 0 0 0

1735224560
eth0: 702991361 16079953 377366 5016
lo: 0 0 0 0

1735224561
eth0: 703435999 16090843 444638 10890
lo: 0 0 0 0

1735224562
eth0: 703638735 16095727 202736 4884
lo: 0 0 0 0

1735224563
eth0: 703801847 16099753 163112 4026
lo: 0 0 0 0

1735224564
eth0: 704200079 16108597 398232 8844
lo: 0 0 0 0

1735224565
eth0: 704688599 16120255 488520 11658
lo: 0 0 0 0

1735224566
eth0: 705028115 16127911 339516 7656
lo: 0 0 0 0

1735224567
eth0: 705459721 16137811 431606 9900
lo: 0 0 0 0

1735224568
eth0: 705734073 16144015 274352 6204
lo: 0 0 0 0

1735224569
eth0: 706135135 16153189 401062 9174
lo: 0 0 0 0

1735224570
eth0: 706611897 16163485 476762 10296
lo: 0 0 0 0

1735224571
eth0: 707106427 16174573 494530 11088
lo: 0 0 0 0

1735224572
eth0: 707230439 16177543 124012 2970
lo: 0 0 0 0

1735224573
eth0: 707320169 16179919 89730 2376
lo: 0 0 0 0

1735224574
eth0: 707521655 16184539 201486 4620
lo: 0 0 0 0

1735224575
eth0: 707772443 16190215 250788 5676
lo: 0 0 0 0

1735224576
eth0: 708007039 16195099 234596 4884
lo: 0 0 0 0

1735224577
eth0: 708326019 16202821 318980 7722
lo: 0 0 0 0

1735224578
eth0: 708922313 16212127 596294 9306
lo: 0 0 0 0

1735224579
eth0: 709180803 16218199 258490 6072
lo: 0 0 0 0

1735224580
eth0: 709459173 16224535 278370 6336
lo: 0 0 0 0

1735224581
eth0: 709614913 16228495 155740 3960
lo: 0 0 0 0

1735224582
eth0: 709913027 16235029 298114 6534
lo: 0 0 0 0

1735224583
eth0: 710187643 16241101 274616 6072
lo: 0 0 0 0

1735224584
eth0: 710451793 16247173 264150 6072
lo: 0 0 0 0

1735224585
eth0: 710868915 16255885 417122 8712
lo: 0 0 0 0

1735224586
eth0: 711092715 16260769 223800 4884
lo: 0 0 0 0

1735224587
eth0: 711256747 16264663 164032 3894
lo: 0 0 0 0

1735224588
eth0: 711790971 16276543 534224 11880
lo: 0 0 0 0

1735224589
eth0: 712073223 16283209 282252 6666
lo: 0 0 0 0

1735224590
eth0: 712511871 16292647 438648 9438
lo: 0 0 0 0

1735224592
eth0: 713400883 16310731 889012 18084
lo: 0 0 0 0

1735224593
eth0: 713602765 16315681 201882 4950
lo: 0 0 0 0

1735224594
eth0: 714003497 16323997 400732 8316
lo: 0 0 0 0

1735224595
eth0: 714328245 16330705 324748 6708
lo: 0 0 0 0

1735224596
eth0: 714661903 16337899 333658 7194
lo: 0 0 0 0

1735224597
eth0: 715035189 16346149 373286 8250
lo: 0 0 0 0

1735224598
eth0: 715791435 16362121 756246 15972
lo: 0 0 0 0

1735224599
eth0: 716171895 16370635 380460 8514
lo: 0 0 0 0

1735224600
eth0: 716499827 16377697 327932 7062
lo: 0 0 0 0

1735224601
eth0: 716604421 16380535 104594 2838
lo: 0 0 0 0

1735224602
eth0: 717145857 16391929 541436 11394
lo: 0 0 0 0

1735224603
eth0: 717476685 16398727 330828 6798
lo: 0 0 0 0

1735224604
eth0: 717863135 16407043 386450 8316
lo: 0 0 0 0

1735224605
eth0: 718273479 16416613 410344 9570
lo: 0 0 0 0

1735224606
eth0: 718691133 16426315 417654 9702
lo: 0 0 0 0

1735224607
eth0: 718977267 16432717 286134 6402
lo: 0 0 0 0

1735224608
eth0: 719362005 16441099 384738 8382
lo: 0 0 0 0

1735224609
eth0: 719737329 16449415 375324 8316
lo: 0 0 0 0

1735224610
eth0: 720012143 16454167 274814 4752
lo: 0 0 0 0

1735224611
eth0: 720171831 16457797 159688 3630
lo: 0 0 0 0

1735224612
eth0: 720321185 16461163 149354 3366
lo: 0 0 0 0

1735224613
eth0: 720558413 16466443 237228 5280
lo: 0 0 0 0

1735224614
eth0: 720875223 16472647 316810 6204
lo: 0 0 0 0

1735224615
eth0: 720961913 16474891 86690 2244
lo: 0 0 0 0

1735224616
eth0: 721166361 16479049 204448 4158
lo: 0 0 0 0

1735224617
eth0: 721494029 16485385 327668 6336
lo: 0 0 0 0

1735224618
eth0: 721726751 16489147 232722 3762
lo: 0 0 0 0

1735224619
eth0: 721989321 16495351 262570 6204
lo: 0 0 0 0

1735224620
eth0: 722236619 16500697 247298 5346
lo: 0 0 0 0

1735224621
eth0: 722411711 16504393 175092 3696
lo: 0 0 0 0

1735224622
eth0: 722591015 16508353 179304 3960
lo: 0 0 0 0

1735224623
eth0: 722858193 16513831 267178 5478
lo: 0 0 0 0

1735224624
eth0: 722989907 16517197 131714 3366
lo: 0 0 0 0

1735224625
eth0: 723206467 16521421 216560 4224
lo: 0 0 0 0

1735224626
eth0: 723380965 16525051 174498 3630
lo: 0 0 0 0

1735224627
eth0: 723456071 16527295 75106 2244
lo: 0 0 0 0

1735224628
eth0: 723700671 16532443 244600 5148
lo: 0 0 0 0

1735224629
eth0: 723984305 16538053 283634 5610
lo: 0 0 0 0

1735224630
eth0: 724173349 16542211 189044 4158
lo: 0 0 0 0

1735224631
eth0: 724297097 16545181 123748 2970
lo: 0 0 0 0

1735224632
eth0: 724524399 16550263 227302 5082
lo: 0 0 0 0

1735224633
eth0: 724753835 16555387 229436 5124
lo: 0 0 0 0

1735224634
eth0: 724846317 16557895 92482 2508
lo: 0 0 0 0

1735224635
eth0: 725085389 16563307 239072 5412
lo: 0 0 0 0

1735224636
eth0: 725329197 16568917 243808 5610
lo: 0 0 0 0

1735224637
eth0: 725575509 16574659 246312 5742
lo: 0 0 0 0

1735224638
eth0: 725827811 16578025 252302 3366
lo: 0 0 0 0

1735224639
eth0: 725908289 16579849 80478 1824
lo: 0 0 0 0

1735224640
eth0: 726084895 16584271 176606 4422
lo: 0 0 0 0

1735224641
eth0: 726252021 16588363 167126 4092
lo: 0 0 0 0

1735224642
eth0: 726367081 16591135 115060 2772
lo: 0 0 0 0

1735224643
eth0: 726467199 16593775 100118 2640
lo: 0 0 0 0

1735224644
eth0: 726600163 16596943 132964 3168
lo: 0 0 0 0

1735224645
eth0: 726755177 16600507 155014 3564
lo: 0 0 0 0

1735224646
eth0: 726907691 16604335 152514 3828
lo: 0 0 0 0

1735224647
eth0: 727098513 16609021 190822 4686
lo: 0 0 0 0

1735224648
eth0: 727223973 16611067 125460 2046
lo: 0 0 0 0

1735224649
eth0: 727512805 16615423 288832 4356
lo: 0 0 0 0

1735224650
eth0: 727569611 16617073 56806 1650
lo: 0 0 0 0

1735224651
eth0: 727683223 16619977 113612 2904
lo: 0 0 0 0

1735224652
eth0: 728061183 16629085 377960 9108
lo: 0 0 0 0

1735224653
eth0: 728189935 16632187 128752 3102
lo: 0 0 0 0

1735224654
eth0: 728395171 16636939 205236 4752
lo: 0 0 0 0

1735224655
eth0: 728499171 16639579 104000 2640
lo: 0 0 0 0

1735224656
eth0: 728656095 16643605 156924 4026
lo: 0 0 0 0

1735224657
eth0: 728669523 16644001 13428 396
lo: 0 0 0 0

1735224658
eth0: 728772537 16646707 103014 2706
lo: 0 0 0 0

1735224659
eth0: 728909779 16650139 137242 3432
lo: 0 0 0 0

1735224660
eth0: 729057487 16653769 147708 3630
lo: 0 0 0 0

1735224661
eth0: 729291621 16659445 234134 5676
lo: 0 0 0 0

1735224662
eth0: 729424453 16662547 132832 3102
lo: 0 0 0 0

1735224663
eth0: 729606653 16666441 182200 3894
lo: 0 0 0 0

1735224664
eth0: 729764695 16670401 158042 3960
lo: 0 0 0 0

1735224665
eth0: 730024435 16676077 259740 5676
lo: 0 0 0 0

1735224666
eth0: 730364413 16683733 339978 7656
lo: 0 0 0 0

1735224667
eth0: 730537727 16688023 173314 4290
lo: 0 0 0 0

1735224668
eth0: 730701825 16691983 164098 3960
lo: 0 0 0 0

1735224669
eth0: 730751127 16693435 49302 1452
lo: 0 0 0 0

1735224670
eth0: 730867569 16696405 116442 2970
lo: 0 0 0 0

1735224671
eth0: 731073399 16701091 205830 4686
lo: 0 0 0 0

1735224672
eth0: 731207919 16704565 134520 3474
lo: 0 0 0 0

1735224673
eth0: 731374979 16708855 167060 4290
lo: 0 0 0 0

1735224674
eth0: 731586667 16713937 211688 5082
lo: 0 0 0 0

1735224675
eth0: 731850553 16720207 263886 6270
lo: 0 0 0 0

1735224676
eth0: 732120273 16726453 269720 6246
lo: 0 0 0 0

1735224677
eth0: 732266269 16730083 145996 3630
lo: 0 0 0 0

1735224678
eth0: 732469797 16734637 203528 4554
lo: 0 0 0 0

1735224679
eth0: 732544337 16736485 74540 1848
lo: 0 0 0 0

1735224680
eth0: 732590930 16737937 46593 1452
lo: 0 0 0 0

1735224681
eth0: 732872654 16743943 281724 6006
lo: 0 0 0 0

1735224682
eth0: 732988832 16746253 116178 2310
lo: 0 0 0 0

1735224683
eth0: 733118504 16749487 129672 3234
lo: 0 0 0 0

1735224684
eth0: 733170768 16750741 52264 1254
lo: 0 0 0 0

1735224685
eth0: 733248770 16753051 78002 2310
lo: 0 0 0 0

1735224686
eth0: 733441568 16757341 192798 4290
lo: 0 0 0 0

1735224687
eth0: 733573084 16760773 131516 3432
lo: 0 0 0 0

1735224688
eth0: 733635465 16762555 62381 1782
lo: 0 0 0 0

1735224689
eth0: 733635465 16762555 0 0
lo: 0 0 0 0

1735224690
eth0: 733635465 16762555 0 0
lo: 0 0 0 0

1735224691
eth0: 733635465 16762555 0 0
lo: 0 0 0 0

1735224692
eth0: 733635465 16762555 0 0
lo: 0 0 0 0

1735224693
eth0: 733635465 16762555 0 0
lo: 0 0 0 0

1735224694
eth0: 733635465 16762555 0 0
lo: 0 0 0 0

1735224695
eth0: 733635465 16762555 0 0
lo: 0 0 0 0

1735224696
eth0: 733635465 16762555 0 0
lo: 0 0 0 0

1735224697
eth0: 733635465 16762555 0 0
lo: 0 0 0 0

1735224698
eth0: 733635465 16762555 0 0
lo: 0 0 0 0

1735224699
eth0: 733635465 16762555 0 0
lo: 0 0 0 0

1735224700
eth0: 733635465 16762555 0 0
lo: 0 0 0 0

1735224701
eth0: 733635465 16762555 0 0
lo: 0 0 0 0

1735224702
eth0: 733635465 16762555 0 0
lo: 0 0 0 0

1735224703
eth0: 733635465 16762555 0 0
lo: 0 0 0 0

1735224704
eth0: 733635465 16762555 0 0
lo: 0 0 0 0

1735224705
eth0: 733635465 16762555 0 0
lo: 0 0 0 0

1735224706
eth0: 733635465 16762555 0 0
lo: 0 0 0 0

1735224707
eth0: 733635465 16762555 0 0
lo: 0 0 0 0

1735224708
eth0: 733635465 16762555 0 0
lo: 0 0 0 0

1735224709
eth0: 733635465 16762555 0 0
lo: 0 0 0 0

1735224710
eth0: 733635465 16762555 0 0
lo: 0 0 0 0

1735224711
eth0: 733635465 16762555 0 0
lo: 0 0 0 0

1735224712
eth0: 733635465 16762555 0 0
lo: 0 0 0 0

1735224713
eth0: 733635465 16762555 0 0
lo: 0 0 0 0

1735224714
eth0: 733635465 16762555 0 0
lo: 0 0 0 0

1735224715
eth0: 733635465 16762555 0 0
lo: 0 0 0 0

1735224716
eth0: 733635465 16762555 0 0
lo: 0 0 0 0

1735224717
eth0: 733635465 16762555 0 0
lo: 0 0 0 0

1735224718
eth0: 733635465 16762555 0 0
lo: 0 0 0 0

1735224719
eth0: 733635465 16762555 0 0
lo: 0 0 0 0

1735224720
eth0: 733635465 16762555 0 0
lo: 0 0 0 0

1735224721
eth0: 733635465 16762555 0 0
lo: 0 0 0 0

1735224722
eth0: 733635465 16762555 0 0
lo: 0 0 0 0

1735224723
eth0: 733635465 16762555 0 0
lo: 0 0 0 0

1735224724
eth0: 733635465 16762555 0 0
lo: 0 0 0 0

1735224725
eth0: 733635465 16762555 0 0
lo: 0 0 0 0

1735224726
eth0: 733635465 16762555 0 0
lo: 0 0 0 0

1735224727
eth0: 733635465 16762555 0 0
lo: 0 0 0 0

1735224728
eth0: 733635465 16762555 0 0
lo: 0 0 0 0

1735224729
eth0: 733635465 16762555 0 0
lo: 0 0 0 0

1735224730
eth0: 733635465 16762555 0 0
lo: 0 0 0 0

1735224731
eth0: 733635465 16762555 0 0
lo: 0 0 0 0

1735224732
eth0: 733635465 16762555 0 0
lo: 0 0 0 0

1735224733
eth0: 733635465 16762555 0 0
lo: 0 0 0 0

1735224734
eth0: 733635465 16762555 0 0
lo: 0 0 0 0

1735224735
eth0: 733635465 16762555 0 0
lo: 0 0 0 0

1735224736
eth0: 733635465 16762555 0 0
lo: 0 0 0 0

1735224737
eth0: 733635465 16762555 0 0
lo: 0 0 0 0

1735224738
eth0: 733635465 16762555 0 0
lo: 0 0 0 0

1735224739
eth0: 733635465 16762555 0 0
lo: 0 0 0 0

1735224740
eth0: 733635465 16762555 0 0
lo: 0 0 0 0

1735224741
eth0: 733635465 16762555 0 0
lo: 0 0 0 0

1735224742
eth0: 733635465 16762555 0 0
lo: 0 0 0 0

1735224743
eth0: 733635465 16762555 0 0
lo: 0 0 0 0

1735224744
eth0: 733635465 16762555 0 0
lo: 0 0 0 0

1735224745
eth0: 733635465 16762555 0 0
lo: 0 0 0 0

1735224746
eth0: 733635465 16762555 0 0
lo: 0 0 0 0

1735224747
eth0: 733635465 16762555 0 0
lo: 0 0 0 0

1735224748
eth0: 733635465 16762555 0 0
lo: 0 0 0 0

1735224749
eth0: 733635465 16762555 0 0
lo: 0 0 0 0

1735224750
eth0: 733635465 16762555 0 0
lo: 0 0 0 0

1735224751
eth0: 733635465 16762555 0 0
lo: 0 0 0 0

1735224752
eth0: 733635465 16762555 0 0
lo: 0 0 0 0

1735224753
eth0: 733635465 16762555 0 0
lo: 0 0 0 0

1735224754
eth0: 733635465 16762555 0 0
lo: 0 0 0 0

1735224755
eth0: 733635465 16762555 0 0
lo: 0 0 0 0

1735224756
eth0: 733635465 16762555 0 0
lo: 0 0 0 0

1735224757
eth0: 733635465 16762555 0 0
lo: 0 0 0 0

1735224758
eth0: 733635465 16762555 0 0
lo: 0 0 0 0

1735224759
eth0: 733635465 16762555 0 0
lo: 0 0 0 0

1735224760
eth0: 733635465 16762555 0 0
lo: 0 0 0 0

1735224761
eth0: 733635465 16762555 0 0
lo: 0 0 0 0

1735224762
eth0: 733635465 16762555 0 0
lo: 0 0 0 0

1735224763
eth0: 733635465 16762555 0 0
lo: 0 0 0 0

1735224764
eth0: 733635465 16762555 0 0
lo: 0 0 0 0

1735224765
eth0: 733635465 16762555 0 0
lo: 0 0 0 0

1735224766
eth0: 733635465 16762555 0 0
lo: 0 0 0 0

1735224767
eth0: 733635465 16762555 0 0
lo: 0 0 0 0

1735224768
eth0: 733635465 16762555 0 0
lo: 0 0 0 0

1735224769
eth0: 733635465 16762555 0 0
lo: 0 0 0 0

1735224770
eth0: 733635465 16762555 0 0
lo: 0 0 0 0

1735224771
eth0: 733635465 16762555 0 0
lo: 0 0 0 0

1735224772
eth0: 733635465 16762555 0 0
lo: 0 0 0 0

1735224773
eth0: 733635465 16762555 0 0
lo: 0 0 0 0

1735224774
eth0: 733635465 16762555 0 0
lo: 0 0 0 0

1735224775
eth0: 733635465 16762555 0 0
lo: 0 0 0 0

1735224776
eth0: 733635465 16762555 0 0
lo: 0 0 0 0

1735224777
eth0: 733635465 16762555 0 0
lo: 0 0 0 0

1735224778
eth0: 733635465 16762555 0 0
lo: 0 0 0 0

1735224779
eth0: 733635465 16762555 0 0
lo: 0 0 0 0

1735224780
eth0: 733635465 16762555 0 0
lo: 0 0 0 0

1735224781
eth0: 733635465 16762555 0 0
lo: 0 0 0 0

1735224782
eth0: 733635465 16762555 0 0
lo: 0 0 0 0

1735224783
eth0: 733635465 16762555 0 0
lo: 0 0 0 0

1735224784
eth0: 733635465 16762555 0 0
lo: 0 0 0 0

1735224785
eth0: 733635465 16762555 0 0
lo: 0 0 0 0

1735224786
eth0: 733635465 16762555 0 0
lo: 0 0 0 0

1735224787
eth0: 733635465 16762555 0 0
lo: 0 0 0 0

1735224788
eth0: 733635465 16762555 0 0
lo: 0 0 0 0

1735224789
eth0: 733635465 16762555 0 0
lo: 0 0 0 0

1735224790
eth0: 733635465 16762555 0 0
lo: 0 0 0 0

1735224791
eth0: 733635465 16762555 0 0
lo: 0 0 0 0

1735224792
eth0: 733635465 16762555 0 0
lo: 0 0 0 0

1735224793
eth0: 733635465 16762555 0 0
lo: 0 0 0 0

1735224794
eth0: 733635465 16762555 0 0
lo: 0 0 0 0

1735224795
eth0: 733635465 16762555 0 0
lo: 0 0 0 0

1735224796
eth0: 733635465 16762555 0 0
lo: 0 0 0 0

1735224797
eth0: 733635465 16762555 0 0
lo: 0 0 0 0

1735224798
eth0: 733635465 16762555 0 0
lo: 0 0 0 0

1735224799
eth0: 733635465 16762555 0 0
lo: 0 0 0 0

1735224800
eth0: 733635465 16762555 0 0
lo: 0 0 0 0

1735224801
eth0: 733635465 16762555 0 0
lo: 0 0 0 0

1735224802
eth0: 733635465 16762555 0 0
lo: 0 0 0 0

1735224803
eth0: 733635465 16762555 0 0
lo: 0 0 0 0

1735224804
eth0: 733635465 16762555 0 0
lo: 0 0 0 0

1735224805
eth0: 733635465 16762555 0 0
lo: 0 0 0 0

1735224806
eth0: 733635465 16762555 0 0
lo: 0 0 0 0

1735224807
eth0: 733635465 16762555 0 0
lo: 0 0 0 0

1735224808
eth0: 733635465 16762555 0 0
lo: 0 0 0 0

1735224809
eth0: 733635465 16762555 0 0
lo: 0 0 0 0

1735224810
eth0: 733635465 16762555 0 0
lo: 0 0 0 0

1735224811
eth0: 733635465 16762555 0 0
lo: 0 0 0 0

1735224812
eth0: 733635465 16762555 0 0
lo: 0 0 0 0

1735224813
eth0: 733635465 16762555 0 0
lo: 0 0 0 0

1735224814
eth0: 733635465 16762555 0 0
lo: 0 0 0 0

1735224815
eth0: 733635465 16762555 0 0
lo: 0 0 0 0

1735224816
eth0: 733635465 16762555 0 0
lo: 0 0 0 0

1735224817
eth0: 733635465 16762555 0 0
lo: 0 0 0 0

1735224818
eth0: 733635465 16762555 0 0
lo: 0 0 0 0

1735224819
eth0: 733635465 16762555 0 0
lo: 0 0 0 0

1735224820
eth0: 733635465 16762555 0 0
lo: 0 0 0 0

1735224821
eth0: 733635465 16762555 0 0
lo: 0 0 0 0

1735224822
eth0: 733635465 16762555 0 0
lo: 0 0 0 0

1735224823
eth0: 733635465 16762555 0 0
lo: 0 0 0 0

1735224824
eth0: 733635465 16762555 0 0
lo: 0 0 0 0

1735224825
eth0: 733635465 16762555 0 0
lo: 0 0 0 0

1735224826
eth0: 733635465 16762555 0 0
lo: 0 0 0 0

1735224827
eth0: 733635465 16762555 0 0
lo: 0 0 0 0

1735224828
eth0: 733635465 16762555 0 0
lo: 0 0 0 0

1735224829
eth0: 733635465 16762555 0 0
lo: 0 0 0 0

1735224830
eth0: 733635465 16762555 0 0
lo: 0 0 0 0

1735224831
eth0: 733635465 16762555 0 0
lo: 0 0 0 0

1735224832
eth0: 733635465 16762555 0 0
lo: 0 0 0 0

1735224833
eth0: 733635465 16762555 0 0
lo: 0 0 0 0

1735224834
eth0: 733635465 16762555 0 0
lo: 0 0 0 0

1735224835
eth0: 733635465 16762555 0 0
lo: 0 0 0 0

1735224836
eth0: 733635465 16762555 0 0
lo: 0 0 0 0

1735224837
eth0: 733635465 16762555 0 0
lo: 0 0 0 0

1735224838
eth0: 733635465 16762555 0 0
lo: 0 0 0 0

1735224839
eth0: 733635465 16762555 0 0
lo: 0 0 0 0

1735224840
eth0: 733635465 16762555 0 0
lo: 0 0 0 0

1735224841
eth0: 733635465 16762555 0 0
lo: 0 0 0 0

1735224842
eth0: 733635465 16762555 0 0
lo: 0 0 0 0

1735224843
eth0: 733635465 16762555 0 0
lo: 0 0 0 0

1735224844
eth0: 733635465 16762555 0 0
lo: 0 0 0 0

1735224846
eth0: 733635465 16762555 0 0
lo: 0 0 0 0

1735224847
eth0: 733635465 16762555 0 0
lo: 0 0 0 0

1735224848
eth0: 733635465 16762555 0 0
lo: 0 0 0 0

1735224849
eth0: 733635465 16762555 0 0
lo: 0 0 0 0

1735224850
eth0: 733635465 16762555 0 0
lo: 0 0 0 0

1735224851
eth0: 733635465 16762555 0 0
lo: 0 0 0 0

1735224852
eth0: 733635465 16762555 0 0
lo: 0 0 0 0

1735224853
eth0: 733635465 16762555 0 0
lo: 0 0 0 0

1735224854
eth0: 733635465 16762555 0 0
lo: 0 0 0 0

1735224855
eth0: 733635465 16762555 0 0
lo: 0 0 0 0

1735224856
eth0: 733635465 16762555 0 0
lo: 0 0 0 0

1735224857
eth0: 733635465 16762555 0 0
lo: 0 0 0 0

1735224858
eth0: 733635465 16762555 0 0
lo: 0 0 0 0

1735224859
eth0: 733635465 16762555 0 0
lo: 0 0 0 0

1735224860
eth0: 733635465 16762555 0 0
lo: 0 0 0 0

1735224861
eth0: 733635465 16762555 0 0
lo: 0 0 0 0

1735224862
eth0: 733635465 16762555 0 0
lo: 0 0 0 0

1735224863
eth0: 733635465 16762555 0 0
lo: 0 0 0 0

1735224864
eth0: 733635465 16762555 0 0
lo: 0 0 0 0

1735224865
eth0: 733635465 16762555 0 0
lo: 0 0 0 0

1735224866
eth0: 733635465 16762555 0 0
lo: 0 0 0 0

1735224867
eth0: 733635465 16762555 0 0
lo: 0 0 0 0

1735224868
eth0: 733635465 16762555 0 0
lo: 0 0 0 0

1735224869
eth0: 733635465 16762555 0 0
lo: 0 0 0 0

1735224870
eth0: 733635465 16762555 0 0
lo: 0 0 0 0

1735224871
eth0: 733635465 16762555 0 0
lo: 0 0 0 0

1735224872
eth0: 733635465 16762555 0 0
lo: 0 0 0 0

1735224873
eth0: 733639715 16764313 4250 1758
lo: 0 0 0 0

1735224874
eth0: 734123396 16775971 483681 11658
lo: 0 0 0 0

1735224875
eth0: 736067846 16817155 1944450 41184
lo: 0 0 0 0

1735224876
eth0: 737408274 16846591 1340428 29436
lo: 0 0 0 0

1735224877
eth0: 738380494 16868701 972220 22110
lo: 0 0 0 0

1735224878
eth0: 739327244 16890259 946750 21558
lo: 0 0 0 0

1735224879
eth0: 740397544 16913557 1070300 23298
lo: 0 0 0 0

1735224880
eth0: 741386284 16935007 988740 21450
lo: 0 0 0 0

1735224881
eth0: 742396374 16954939 1010090 19932
lo: 0 0 0 0

1735224882
eth0: 743278559 16975201 882185 20262
lo: 0 0 0 0

1735224883
eth0: 743278559 16975201 0 0
lo: 0 0 0 0

1735224884
eth0: 743278559 16975201 0 0
lo: 0 0 0 0

1735224885
eth0: 743278559 16975201 0 0
lo: 0 0 0 0

1735224886
eth0: 743278559 16975201 0 0
lo: 0 0 0 0

1735224887
eth0: 743278559 16975201 0 0
lo: 0 0 0 0

1735224888
eth0: 743278559 16975201 0 0
lo: 0 0 0 0

1735224889
eth0: 743278559 16975201 0 0
lo: 0 0 0 0

1735224890
eth0: 743278559 16975201 0 0
lo: 0 0 0 0

1735224891
eth0: 743278559 16975201 0 0
lo: 0 0 0 0

1735224892
eth0: 743279049 16975967 490 766
lo: 0 0 0 0

1735224893
eth0: 743466499 16988638 187450 12671
lo: 0 0 0 0

1735224894
eth0: 750846671 17202120 7380172 213482
lo: 0 0 0 0

1735224895
eth0: 753660697 17257386 2814026 55266
lo: 0 0 0 0

1735224896
eth0: 755828645 17301936 2167948 44550
lo: 0 0 0 0

1735224897
eth0: 760842711 17409344 5014066 107408
lo: 0 0 0 0

1735224898
eth0: 766972800 17548842 6130089 139498
lo: 0 0 0 0

1735224899
eth0: 772666996 17676247 5694196 127405
lo: 0 0 0 0

1735224900
eth0: 779298100 17812703 6631104 136456
lo: 0 0 0 0

1735224901
eth0: 785263342 17943977 5965242 131274
lo: 0 0 0 0

1735224902
eth0: 790845298 18067397 5581956 123420
lo: 0 0 0 0

1735224903
eth0: 794851542 18156827 4006244 89430
lo: 0 0 0 0

1735224904
eth0: 797819337 18209957 2967795 53130
lo: 0 0 0 0

1735224905
eth0: 799278417 18234269 1459080 24312
lo: 0 0 0 0

1735224906
eth0: 800953975 18269645 1675558 35376
lo: 0 0 0 0

1735224907
eth0: 803028995 18314567 2075020 44922
lo: 0 0 0 0

1735224908
eth0: 805551153 18369743 2522158 55176
lo: 0 0 0 0

1735224909
eth0: 808488971 18433631 2937818 63888
lo: 0 0 0 0

1735224910
eth0: 811235630 18493270 2746659 59639
lo: 0 0 0 0

1735224911
eth0: 814714739 18568188 3479109 74918
lo: 0 0 0 0

1735224912
eth0: 817234999 18624354 2520260 56166
lo: 0 0 0 0

1735224913
eth0: 818922009 18661776 1687010 37422
lo: 0 0 0 0

1735224914
eth0: 820389069 18694050 1467060 32274
lo: 0 0 0 0

1735224915
eth0: 821797189 18723222 1408120 29172
lo: 0 0 0 0

1735224916
eth0: 823043917 18751272 1246728 28050
lo: 0 0 0 0

1735224917
eth0: 824563033 18785328 1519116 34056
lo: 0 0 0 0

1735224918
eth0: 826503953 18824664 1940920 39336
lo: 0 0 0 0

1735224919
eth0: 828822957 18874362 2319004 49698
lo: 0 0 0 0

1735224920
eth0: 832045458 18948758 3222501 74396
lo: 0 0 0 0

1735224921
eth0: 835723932 19024328 3678474 75570
lo: 0 0 0 0

1735224922
eth0: 839149684 19092693 3425752 68365
lo: 0 0 0 0

1735224923
eth0: 843958291 19191405 4808607 98712
lo: 0 0 0 0

1735224924
eth0: 849624342 19317557 5666051 126152
lo: 0 0 0 0

1735224925
eth0: 852965099 19391824 3340757 74267
lo: 0 0 0 0

1735224926
eth0: 856238796 19464239 3273697 72415
lo: 0 0 0 0

1735224927
eth0: 859163602 19528853 2924806 64614
lo: 0 0 0 0

1735224928
eth0: 861076223 19571423 1912621 42570
lo: 0 0 0 0

1735224929
eth0: 863032829 19615181 1956606 43758
lo: 0 0 0 0

1735224930
eth0: 865075951 19645409 2043122 30228
lo: 0 0 0 0

1735224931
eth0: 867295659 19694009 2219708 48600
lo: 0 0 0 0

1735224932
eth0: 869561157 19743575 2265498 49566
lo: 0 0 0 0

1735224933
eth0: 871183511 19778027 1622354 34452
lo: 0 0 0 0

1735224934
eth0: 873389349 19829780 2205838 51753
lo: 0 0 0 0

1735224935
eth0: 875316665 19870964 1927316 41184
lo: 0 0 0 0

1735224936
eth0: 876858847 19905920 1542182 34956
lo: 0 0 0 0

1735224937
eth0: 878707623 19946642 1848776 40722
lo: 0 0 0 0

1735224938
eth0: 881010805 19999450 2303182 52808
lo: 0 0 0 0

1735224939
eth0: 883215701 20046970 2204896 47520
lo: 0 0 0 0

1735224940
eth0: 885484246 20098996 2268545 52026
lo: 0 0 0 0

1735224941
eth0: 885570188 20101174 85942 2178
lo: 0 0 0 0

1735224942
eth0: 885595530 20101900 25342 726
lo: 0 0 0 0

1735224943
eth0: 885647596 20103286 52066 1386
lo: 0 0 0 0

1735224944
eth0: 885735932 20106124 88336 2838
lo: 0 0 0 0

1735224945
eth0: 885768844 20107114 32912 990
lo: 0 0 0 0

1735224946
eth0: 885816632 20108566 47788 1452
lo: 0 0 0 0

1735224947
eth0: 885888116 20110546 71484 1980
lo: 0 0 0 0

1735224948
eth0: 885937352 20111998 49236 1452
lo: 0 0 0 0

1735224949
eth0: 886000016 20113846 62664 1848
lo: 0 0 0 0

1735224950
eth0: 886074660 20116090 74644 2244
lo: 0 0 0 0

1735224951
eth0: 886147790 20118136 73130 2046
lo: 0 0 0 0

1735224952
eth0: 886249092 20120842 101302 2706
lo: 0 0 0 0

1735224953
eth0: 886331372 20123416 82280 2574
lo: 0 0 0 0

1735224954
eth0: 886377976 20125090 46604 1674
lo: 0 0 0 0

1735224955
eth0: 886446498 20127004 68522 1914
lo: 0 0 0 0

1735224956
eth0: 886540494 20129710 93996 2706
lo: 0 0 0 0

1735224957
eth0: 886592956 20131294 52462 1584
lo: 0 0 0 0

1735224958
eth0: 886691362 20134066 98406 2772
lo: 0 0 0 0

1735224959
eth0: 886725788 20135188 34426 1122
lo: 0 0 0 0

1735224960
eth0: 886816822 20137762 91034 2574
lo: 0 0 0 0

1735224961
eth0: 886885476 20139676 68654 1914
lo: 0 0 0 0

1735224962
eth0: 886940702 20141194 55226 1518
lo: 0 0 0 0

1735224963
eth0: 887024496 20143768 83794 2574
lo: 0 0 0 0

1735224964
eth0: 887131854 20146540 107358 2772
lo: 0 0 0 0

1735224965
eth0: 887182646 20148100 50792 1560
lo: 0 0 0 0

1735224966
eth0: 887272562 20150872 89916 2772
lo: 0 0 0 0

1735224967
eth0: 887348720 20152918 76158 2046
lo: 0 0 0 0

1735224968
eth0: 887388417 20154238 39697 1320
lo: 0 0 0 0

1735224969
eth0: 887445091 20155624 56674 1386
lo: 0 0 0 0

1735224970
eth0: 887449567 20155756 4476 132
lo: 0 0 0 0

1735224971
eth0: 887460033 20156086 10466 330
lo: 0 0 0 0

1735224972
eth0: 887525725 20158000 65692 1914
lo: 0 0 0 0

1735224973
eth0: 887561599 20159122 35874 1122
lo: 0 0 0 0

1735224974
eth0: 887571999 20159386 10400 264
lo: 0 0 0 0

1735224975
eth0: 887598855 20160178 26856 792
lo: 0 0 0 0

1735224976
eth0: 887640719 20161498 41864 1320
lo: 0 0 0 0

1735224977
eth0: 887670537 20162356 29818 858
lo: 0 0 0 0

1735224978
eth0: 887718061 20163544 47524 1188
lo: 0 0 0 0

1735224979
eth0: 887751039 20164666 32978 1122
lo: 0 0 0 0

1735224980
eth0: 887813637 20166316 62598 1650
lo: 0 0 0 0

1735224981
eth0: 887849379 20167174 35742 858
lo: 0 0 0 0

1735224982
eth0: 887874787 20167966 25408 792
lo: 0 0 0 0

1735224983
eth0: 887913557 20169088 38770 1122
lo: 0 0 0 0

1735224984
eth0: 887933107 20169814 19550 726
lo: 0 0 0 0

1735224985
eth0: 887979513 20171332 46406 1518
lo: 0 0 0 0

1735224986
eth0: 887998931 20171926 19418 594
lo: 0 0 0 0

1735224987
eth0: 888036319 20173114 37388 1188
lo: 0 0 0 0

1735224988
eth0: 888064689 20173972 28370 858
lo: 0 0 0 0

1735224989
eth0: 888103591 20175160 38902 1188
lo: 0 0 0 0

1735224990
eth0: 888144007 20176546 40416 1386
lo: 0 0 0 0

1735224991
eth0: 888293638 20182760 149631 6214
lo: 0 0 0 0

1735224992
eth0: 888344520 20184080 50882 1320
lo: 0 0 0 0

1735224993
eth0: 888365320 20184608 20800 528
lo: 0 0 0 0

1735224994
eth0: 888425394 20186630 60074 2022
lo: 0 0 0 0

1735224995
eth0: 888474696 20188148 49302 1518
lo: 0 0 0 0

1735224996
eth0: 888516494 20189402 41798 1254
lo: 0 0 0 0

1735224997
eth0: 888535846 20189930 19352 528
lo: 0 0 0 0

1735224998
eth0: 888592454 20191448 56608 1518
lo: 0 0 0 0

1735224999
eth0: 888623918 20192306 31464 858
lo: 0 0 0 0

1735225000
eth0: 888665584 20193428 41666 1122
lo: 0 0 0 0

1735225001
eth0: 888708896 20194550 43312 1122
lo: 0 0 0 0

1735225002
eth0: 888755236 20195936 46340 1386
lo: 0 0 0 0

1735225003
eth0: 888801774 20197322 46538 1386
lo: 0 0 0 0

1735225004
eth0: 888827182 20198114 25408 792
lo: 0 0 0 0

1735225005
eth0: 888864636 20199104 37454 990
lo: 0 0 0 0

1735225006
eth0: 888900312 20200028 35676 924
lo: 0 0 0 0

1735225007
eth0: 888925786 20200886 25474 858
lo: 0 0 0 0

1735225008
eth0: 888976536 20202404 50750 1518
lo: 0 0 0 0

1735225009
eth0: 889015372 20203592 38836 1188
lo: 0 0 0 0

1735225010
eth0: 889043610 20204318 28238 726
lo: 0 0 0 0

1735225011
eth0: 889113976 20206298 70366 1980
lo: 0 0 0 0

1735225012
eth0: 889161896 20207750 47920 1452
lo: 0 0 0 0

1735225013
eth0: 889212646 20209202 50750 1452
lo: 0 0 0 0

1735225014
eth0: 889254312 20210060 41666 858
lo: 0 0 0 0

1735225015
eth0: 889269254 20210522 14942 462
lo: 0 0 0 0

1735225016
eth0: 889291676 20211224 22422 702
lo: 0 0 0 0

1735225017
eth0: 889346902 20212742 55226 1518
lo: 0 0 0 0

1735225018
eth0: 889357302 20213006 10400 264
lo: 0 0 0 0

1735225019
eth0: 889384224 20213864 26922 858
lo: 0 0 0 0

1735225020
eth0: 889424376 20214920 40152 1056
lo: 0 0 0 0

1735225021
eth0: 889451166 20215646 26790 726
lo: 0 0 0 0

1735225022
eth0: 889488398 20216678 37232 1032
lo: 0 0 0 0

1735225023
eth0: 889530064 20217668 41666 990
lo: 0 0 0 0

1735225024
eth0: 889572192 20219252 42128 1584
lo: 0 0 0 0

1735225025
eth0: 889590162 20219846 17970 594
lo: 0 0 0 0

1735225026
eth0: 889597153 20220176 6991 330
lo: 0 0 0 0

1735225027
eth0: 889597153 20220176 0 0
lo: 0 0 0 0

1735225028
eth0: 889597153 20220176 0 0
lo: 0 0 0 0

1735225029
eth0: 889597153 20220176 0 0
lo: 0 0 0 0

1735225030
eth0: 889597153 20220176 0 0
lo: 0 0 0 0

1735225031
eth0: 889597153 20220176 0 0
lo: 0 0 0 0

1735225032
eth0: 889597153 20220176 0 0
lo: 0 0 0 0

1735225033
eth0: 889597153 20220176 0 0
lo: 0 0 0 0

1735225034
eth0: 889597153 20220176 0 0
lo: 0 0 0 0

1735225035
eth0: 889597153 20220176 0 0
lo: 0 0 0 0

1735225036
eth0: 889597153 20220176 0 0
lo: 0 0 0 0

1735225037
eth0: 889597153 20220176 0 0
lo: 0 0 0 0

1735225038
eth0: 889597153 20220176 0 0
lo: 0 0 0 0

1735225039
eth0: 889597153 20220176 0 0
lo: 0 0 0 0

1735225040
eth0: 889597153 20220176 0 0
lo: 0 0 0 0

1735225041
eth0: 889597153 20220176 0 0
lo: 0 0 0 0

1735225042
eth0: 889597153 20220176 0 0
lo: 0 0 0 0

1735225043
eth0: 889597153 20220176 0 0
lo: 0 0 0 0

1735225044
eth0: 889597153 20220176 0 0
lo: 0 0 0 0

1735225045
eth0: 889597153 20220176 0 0
lo: 0 0 0 0

1735225046
eth0: 889597153 20220176 0 0
lo: 0 0 0 0

1735225047
eth0: 889597153 20220176 0 0
lo: 0 0 0 0

1735225048
eth0: 889597153 20220176 0 0
lo: 0 0 0 0

1735225049
eth0: 889597153 20220176 0 0
lo: 0 0 0 0

1735225050
eth0: 889597153 20220176 0 0
lo: 0 0 0 0

1735225051
eth0: 889597153 20220176 0 0
lo: 0 0 0 0

1735225052
eth0: 889597153 20220176 0 0
lo: 0 0 0 0

1735225053
eth0: 889597153 20220176 0 0
lo: 0 0 0 0

1735225054
eth0: 889597153 20220176 0 0
lo: 0 0 0 0

1735225055
eth0: 889597153 20220176 0 0
lo: 0 0 0 0

1735225056
eth0: 889597153 20220176 0 0
lo: 0 0 0 0

1735225057
eth0: 889597153 20220176 0 0
lo: 0 0 0 0

1735225058
eth0: 889597153 20220176 0 0
lo: 0 0 0 0

1735225059
eth0: 889597153 20220176 0 0
lo: 0 0 0 0

1735225060
eth0: 889597153 20220176 0 0
lo: 0 0 0 0

1735225061
eth0: 889597153 20220176 0 0
lo: 0 0 0 0

1735225062
eth0: 889597153 20220176 0 0
lo: 0 0 0 0

1735225063
eth0: 889597153 20220176 0 0
lo: 0 0 0 0

1735225064
eth0: 889597153 20220176 0 0
lo: 0 0 0 0

1735225065
eth0: 889597153 20220176 0 0
lo: 0 0 0 0

1735225066
eth0: 889597153 20220176 0 0
lo: 0 0 0 0

1735225067
eth0: 889597153 20220176 0 0
lo: 0 0 0 0

1735225068
eth0: 889597153 20220176 0 0
lo: 0 0 0 0

1735225069
eth0: 889597153 20220176 0 0
lo: 0 0 0 0

1735225070
eth0: 889597153 20220176 0 0
lo: 0 0 0 0

1735225071
eth0: 889597153 20220176 0 0
lo: 0 0 0 0

1735225072
eth0: 889597153 20220176 0 0
lo: 0 0 0 0

1735225073
eth0: 889597153 20220176 0 0
lo: 0 0 0 0

1735225074
eth0: 889597153 20220176 0 0
lo: 0 0 0 0

1735225075
eth0: 889597153 20220176 0 0
lo: 0 0 0 0

1735225076
eth0: 889597153 20220176 0 0
lo: 0 0 0 0

1735225077
eth0: 889597153 20220176 0 0
lo: 0 0 0 0

1735225078
eth0: 889597153 20220176 0 0
lo: 0 0 0 0

1735225079
eth0: 889597153 20220176 0 0
lo: 0 0 0 0

1735225080
eth0: 889597153 20220176 0 0
lo: 0 0 0 0

1735225081
eth0: 889597153 20220176 0 0
lo: 0 0 0 0

1735225082
eth0: 889597153 20220176 0 0
lo: 0 0 0 0

1735225083
eth0: 889597153 20220176 0 0
lo: 0 0 0 0

1735225084
eth0: 889597153 20220176 0 0
lo: 0 0 0 0

1735225085
eth0: 889597153 20220176 0 0
lo: 0 0 0 0

1735225086
eth0: 889597153 20220176 0 0
lo: 0 0 0 0

1735225087
eth0: 889597153 20220176 0 0
lo: 0 0 0 0

1735225088
eth0: 889597153 20220176 0 0
lo: 0 0 0 0

1735225089
eth0: 889597293 20220500 140 324
lo: 0 0 0 0

1735225090
eth0: 891361354 20258811 1764061 38311
lo: 0 0 0 0

1735225091
eth0: 891902026 20271153 540672 12342
lo: 0 0 0 0

1735225092
eth0: 892430788 20283275 528762 12122
lo: 0 0 0 0

1735225093
eth0: 892430788 20283275 0 0
lo: 0 0 0 0

1735225094
eth0: 892430788 20283275 0 0
lo: 0 0 0 0

1735225095
eth0: 892430830 20283317 42 42
lo: 0 0 0 0

1735225096
eth0: 892430830 20283317 0 0
lo: 0 0 0 0

1735225097
eth0: 892444073 20286831 13243 3514
lo: 0 0 0 0

1735225098
eth0: 892881981 20301784 437908 14953
lo: 0 0 0 0

1735225099
eth0: 893214394 20312579 332413 10795
lo: 0 0 0 0

1735225100
eth0: 895659471 20378843 2445077 66264
lo: 0 0 0 0

1735225101
eth0: 895659471 20378843 0 0
lo: 0 0 0 0

1735225102
eth0: 895667961 20380770 8490 1927
lo: 0 0 0 0

1735225103
eth0: 897638796 20423079 1970835 42309
lo: 0 0 0 0

1735225104
eth0: 897638796 20423079 0 0
lo: 0 0 0 0

1735225105
eth0: 897638796 20423079 0 0
lo: 0 0 0 0

1735225106
eth0: 897638796 20423079 0 0
lo: 0 0 0 0

1735225107
eth0: 897638796 20423079 0 0
lo: 0 0 0 0

1735225108
eth0: 897638796 20423079 0 0
lo: 0 0 0 0

1735225109
eth0: 897638796 20423079 0 0
lo: 0 0 0 0

1735225110
eth0: 897638796 20423079 0 0
lo: 0 0 0 0

1735225111
eth0: 897638796 20423079 0 0
lo: 0 0 0 0

1735225112
eth0: 897638796 20423079 0 0
lo: 0 0 0 0

1735225113
eth0: 897638796 20423079 0 0
lo: 0 0 0 0

1735225115
eth0: 897638796 20423079 0 0
lo: 0 0 0 0

1735225116
eth0: 901933346 20514063 4294550 90984
lo: 0 0 0 0

1735225117
eth0: 903118516 20539671 1185170 25608
lo: 0 0 0 0

1735225118
eth0: 903118516 20539671 0 0
lo: 0 0 0 0

1735225119
eth0: 906593474 20620165 3474958 80494
lo: 0 0 0 0

1735225120
eth0: 918665177 20877301 12071703 257136
lo: 0 0 0 0

1735225121
eth0: 930757015 21136195 12091838 258894
lo: 0 0 0 0

1735225122
eth0: 942801334 21393103 12044319 256908
lo: 0 0 0 0

1735225123
eth0: 954866557 21651889 12065223 258786
lo: 0 0 0 0

1735225124
eth0: 966756877 21906799 11890320 254910
lo: 0 0 0 0

1735225125
eth0: 978848869 22161715 12091992 254916
lo: 0 0 0 0

1735225126
eth0: 990932636 22404595 12083767 242880
lo: 0 0 0 0

1735225127
eth0: 1003009964 22657771 12077328 253176
lo: 0 0 0 0

1735225128
eth0: 1015051806 22902631 12041842 244860
lo: 0 0 0 0

1735225129
eth0: 1025507244 23122645 10455438 220014
lo: 0 0 0 0

1735225130
eth0: 1036464563 23355625 10957319 232980
lo: 0 0 0 0

1735225131
eth0: 1036464563 23355625 0 0
lo: 0 0 0 0

1735225132
eth0: 1036464563 23355625 0 0
lo: 0 0 0 0

1735225133
eth0: 1036464563 23355625 0 0
lo: 0 0 0 0

1735225134
eth0: 1036464563 23355625 0 0
lo: 0 0 0 0

1735225135
eth0: 1036464563 23355625 0 0
lo: 0 0 0 0

1735225136
eth0: 1036464563 23355625 0 0
lo: 0 0 0 0

1735225137
eth0: 1036464563 23355625 0 0
lo: 0 0 0 0

1735225138
eth0: 1036464563 23355625 0 0
lo: 0 0 0 0

1735225139
eth0: 1036464563 23355625 0 0
lo: 0 0 0 0

1735225141
eth0: 1036464563 23355625 0 0
lo: 0 0 0 0

1735225142
eth0: 1036464703 23355923 140 298
lo: 0 0 0 0

1735225143
eth0: 1036569878 23359931 105175 4008
lo: 0 0 0 0

1735225144
eth0: 1036580989 23361662 11111 1731
lo: 0 0 0 0

1735225145
eth0: 1036852141 23368988 271152 7326
lo: 0 0 0 0

1735225146
eth0: 1037325211 23378888 473070 9900
lo: 0 0 0 0

1735225147
eth0: 1037363876 23379944 38665 1056
lo: 0 0 0 0

1735225148
eth0: 1037363918 23379986 42 42
lo: 0 0 0 0

1735225149
eth0: 1037363918 23379986 0 0
lo: 0 0 0 0

1735225151
eth0: 1037363918 23379986 0 0
lo: 0 0 0 0

1735225152
eth0: 1037363918 23379986 0 0
lo: 0 0 0 0

1735225153
eth0: 1037363918 23379986 0 0
lo: 0 0 0 0

1735225155
eth0: 1037363918 23379986 0 0
lo: 0 0 0 0

1735225156
eth0: 1037363918 23379986 0 0
lo: 0 0 0 0

1735225157
eth0: 1037363918 23379986 0 0
lo: 0 0 0 0

1735225158
eth0: 1037363918 23379986 0 0
lo: 0 0 0 0

1735225159
eth0: 1037363918 23379986 0 0
lo: 0 0 0 0

1735225160
eth0: 1037363918 23379986 0 0
lo: 0 0 0 0

1735225161
eth0: 1037363918 23379986 0 0
lo: 0 0 0 0

1735225162
eth0: 1037363918 23379986 0 0
lo: 0 0 0 0

1735225163
eth0: 1037363918 23379986 0 0
lo: 0 0 0 0

1735225164
eth0: 1037363918 23379986 0 0
lo: 0 0 0 0

1735225165
eth0: 1037363918 23379986 0 0
lo: 0 0 0 0

1735225166
eth0: 1037363918 23379986 0 0
lo: 0 0 0 0

1735225167
eth0: 1037363918 23379986 0 0
lo: 0 0 0 0

1735225168
eth0: 1037363918 23379986 0 0
lo: 0 0 0 0

1735225169
eth0: 1037363918 23379986 0 0
lo: 0 0 0 0

1735225170
eth0: 1037363918 23379986 0 0
lo: 0 0 0 0

1735225171
eth0: 1037363918 23379986 0 0
lo: 0 0 0 0

1735225172
eth0: 1037363918 23379986 0 0
lo: 0 0 0 0

1735225173
eth0: 1037363918 23379986 0 0
lo: 0 0 0 0

1735225174
eth0: 1037363918 23379986 0 0
lo: 0 0 0 0

1735225175
eth0: 1037363918 23379986 0 0
lo: 0 0 0 0

1735225176
eth0: 1037363918 23379986 0 0
lo: 0 0 0 0

1735225177
eth0: 1037363918 23379986 0 0
lo: 0 0 0 0

1735225178
eth0: 1037363918 23379986 0 0
lo: 0 0 0 0

1735225179
eth0: 1037363918 23379986 0 0
lo: 0 0 0 0

1735225180
eth0: 1037363918 23379986 0 0
lo: 0 0 0 0

1735225181
eth0: 1037363918 23379986 0 0
lo: 0 0 0 0

1735225182
eth0: 1037363918 23379986 0 0
lo: 0 0 0 0

1735225183
eth0: 1037363918 23379986 0 0
lo: 0 0 0 0

1735225184
eth0: 1037363918 23379986 0 0
lo: 0 0 0 0

1735225185
eth0: 1037363918 23379986 0 0
lo: 0 0 0 0

1735225186
eth0: 1037363918 23379986 0 0
lo: 0 0 0 0

1735225187
eth0: 1037363918 23379986 0 0
lo: 0 0 0 0

1735225188
eth0: 1037363918 23379986 0 0
lo: 0 0 0 0

1735225189
eth0: 1037363918 23379986 0 0
lo: 0 0 0 0

1735225190
eth0: 1037363918 23379986 0 0
lo: 0 0 0 0

1735225191
eth0: 1037363918 23379986 0 0
lo: 0 0 0 0

1735225192
eth0: 1037363918 23379986 0 0
lo: 0 0 0 0

1735225193
eth0: 1037363918 23379986 0 0
lo: 0 0 0 0

1735225194
eth0: 1037363918 23379986 0 0
lo: 0 0 0 0

1735225195
eth0: 1037363918 23379986 0 0
lo: 0 0 0 0

1735225196
eth0: 1037363918 23379986 0 0
lo: 0 0 0 0

1735225197
eth0: 1037363918 23379986 0 0
lo: 0 0 0 0

1735225198
eth0: 1037363918 23379986 0 0
lo: 0 0 0 0

1735225199
eth0: 1037363918 23379986 0 0
lo: 0 0 0 0

1735225200
eth0: 1037363918 23379986 0 0
lo: 0 0 0 0

1735225201
eth0: 1037363918 23379986 0 0
lo: 0 0 0 0

1735225202
eth0: 1037363918 23379986 0 0
lo: 0 0 0 0

1735225203
eth0: 1037363918 23379986 0 0
lo: 0 0 0 0

1735225204
eth0: 1037363918 23379986 0 0
lo: 0 0 0 0

1735225205
eth0: 1037363918 23379986 0 0
lo: 0 0 0 0

1735225206
eth0: 1037363918 23379986 0 0
lo: 0 0 0 0

1735225207
eth0: 1037363918 23379986 0 0
lo: 0 0 0 0

1735225208
eth0: 1037363918 23379986 0 0
lo: 0 0 0 0

1735225209
eth0: 1037363918 23379986 0 0
lo: 0 0 0 0

1735225210
eth0: 1037363918 23379986 0 0
lo: 0 0 0 0

1735225211
eth0: 1037364163 23380369 245 383
lo: 0 0 0 0

1735225212
eth0: 1037451308 23392833 87145 12464
lo: 0 0 0 0

1735225213
eth0: 1037916114 23401479 464806 8646
lo: 0 0 0 0

1735225214
eth0: 1038383504 23410719 467390 9240
lo: 0 0 0 0

1735225215
eth0: 1038966228 23421675 582724 10956
lo: 0 0 0 0

1735225216
eth0: 1039645382 23433927 679154 12252
lo: 0 0 0 0

1735225217
eth0: 1040035902 23442441 390520 8514
lo: 0 0 0 0

1735225218
eth0: 1040036034 23442663 132 222
lo: 0 0 0 0

1735225219
eth0: 1040036034 23442663 0 0
lo: 0 0 0 0

1735225220
eth0: 1040036034 23442663 0 0
lo: 0 0 0 0

1735225221
eth0: 1040036034 23442663 0 0
lo: 0 0 0 0

1735225222
eth0: 1040036034 23442663 0 0
lo: 0 0 0 0

1735225223
eth0: 1040634914 23457798 598880 15135
lo: 0 0 0 0

1735225224
eth0: 1045410346 23563218 4775432 105420
lo: 0 0 0 0

1735225225
eth0: 1047525208 23612520 2114862 49302
lo: 0 0 0 0

1735225227
eth0: 1050946156 23687958 3420948 75438
lo: 0 0 0 0

1735225228
eth0: 1052261352 23718384 1315196 30426
lo: 0 0 0 0

1735225229
eth0: 1052942718 23734620 681366 16236
lo: 0 0 0 0

1735225230
eth0: 1053482020 23747292 539302 12672
lo: 0 0 0 0

1735225231
eth0: 1053859958 23756070 377938 8778
lo: 0 0 0 0

1735225232
eth0: 1054264284 23765574 404326 9504
lo: 0 0 0 0

1735225233
eth0: 1054616618 23773626 352334 8052
lo: 0 0 0 0

1735225234
eth0: 1055080432 23784384 463814 10758
lo: 0 0 0 0

1735225235
eth0: 1055437226 23793228 356794 8844
lo: 0 0 0 0

1735225236
eth0: 1055759822 23800752 322596 7524
lo: 0 0 0 0

1735225237
eth0: 1056098896 23808804 339074 8052
lo: 0 0 0 0

1735225238
eth0: 1056546030 23818506 447134 9702
lo: 0 0 0 0

1735225239
eth0: 1056787416 23824380 241386 5874
lo: 0 0 0 0

1735225240
eth0: 1056954424 23828340 167008 3960
lo: 0 0 0 0

1735225241
eth0: 1057229690 23834874 275266 6534
lo: 0 0 0 0

1735225242
eth0: 1057667566 23844642 437876 9768
lo: 0 0 0 0

1735225244
eth0: 1058495584 23863914 828018 19272
lo: 0 0 0 0

1735225245
eth0: 1058905686 23873616 410102 9702
lo: 0 0 0 0

1735225246
eth0: 1059397064 23884836 491378 11220
lo: 0 0 0 0

1735225247
eth0: 1059897040 23895462 499976 10626
lo: 0 0 0 0

1735225248
eth0: 1060228762 23903382 331722 7920
lo: 0 0 0 0

1735225249
eth0: 1060837038 23917284 608276 13902
lo: 0 0 0 0

1735225250
eth0: 1061711610 23937348 874572 20064
lo: 0 0 0 0

1735225251
eth0: 1062322204 23951208 610594 13860
lo: 0 0 0 0

1735225252
eth0: 1062832816 23962956 510612 11748
lo: 0 0 0 0

1735225253
eth0: 1063285330 23972658 452514 9702
lo: 0 0 0 0

1735225254
eth0: 1063663928 23981568 378598 8910
lo: 0 0 0 0

1735225255
eth0: 1064076530 23991402 412602 9834
lo: 0 0 0 0

1735225256
eth0: 1064516246 24001830 439716 10428
lo: 0 0 0 0

1735225257
eth0: 1064860502 24009948 344256 8118
lo: 0 0 0 0

1735225258
eth0: 1065392122 24022620 531620 12672
lo: 0 0 0 0

1735225259
eth0: 1066056160 24037734 664038 15114
lo: 0 0 0 0

1735225260
eth0: 1066616338 24050736 560178 13002
lo: 0 0 0 0

1735225261
eth0: 1067321666 24067170 705328 16434
lo: 0 0 0 0

1735225262
eth0: 1068021218 24083604 699552 16434
lo: 0 0 0 0

1735225263
eth0: 1068797128 24101754 775910 18150
lo: 0 0 0 0

1735225264
eth0: 1069340564 24114690 543436 12936
lo: 0 0 0 0

1735225265
eth0: 1069952610 24129012 612046 14322
lo: 0 0 0 0

1735225266
eth0: 1070729272 24147336 776662 18324
lo: 0 0 0 0

1735225267
eth0: 1071183098 24157962 453826 10626
lo: 0 0 0 0

1735225268
eth0: 1071827960 24172680 644862 14718
lo: 0 0 0 0

1735225269
eth0: 1072470198 24187662 642238 14982
lo: 0 0 0 0

1735225270
eth0: 1073064834 24200136 594636 12474
lo: 0 0 0 0

1735225271
eth0: 1073369310 24206934 304476 6798
lo: 0 0 0 0

1735225272
eth0: 1073785518 24215976 416208 9042
lo: 0 0 0 0

1735225273
eth0: 1074097544 24223038 312026 7062
lo: 0 0 0 0

1735225274
eth0: 1074566932 24233928 469388 10890
lo: 0 0 0 0

1735225275
eth0: 1075252498 24249738 685566 15810
lo: 0 0 0 0

1735225276
eth0: 1075771420 24261990 518922 12252
lo: 0 0 0 0

1735225277
eth0: 1076322538 24274992 551118 13002
lo: 0 0 0 0

1735225278
eth0: 1076682422 24283572 359884 8580
lo: 0 0 0 0

1735225279
eth0: 1077305096 24297696 622674 14124
lo: 0 0 0 0

1735225280
eth0: 1077628608 24304560 323512 6864
lo: 0 0 0 0

1735225281
eth0: 1077938860 24310302 310252 5742
lo: 0 0 0 0

1735225282
eth0: 1078302490 24319080 363630 8778
lo: 0 0 0 0

1735225283
eth0: 1078689158 24328188 386668 9108
lo: 0 0 0 0

1735225284
eth0: 1079343938 24343632 654780 15444
lo: 0 0 0 0

1735225285
eth0: 1080266628 24363168 922690 19536
lo: 0 0 0 0

1735225286
eth0: 1081044560 24381252 777932 18084
lo: 0 0 0 0

1735225287
eth0: 1081707674 24396498 663114 15246
lo: 0 0 0 0

1735225288
eth0: 1082225836 24408642 518162 12144
lo: 0 0 0 0

1735225289
eth0: 1082660758 24418740 434922 10098
lo: 0 0 0 0

1735225290
eth0: 1083087866 24428508 427108 9768
lo: 0 0 0 0

1735225291
eth0: 1083525148 24438870 437282 10362
lo: 0 0 0 0

1735225292
eth0: 1084115988 24452268 590840 13398
lo: 0 0 0 0

1735225293
eth0: 1084766890 24467712 650902 15444
lo: 0 0 0 0

1735225294
eth0: 1085625710 24487776 858820 20064
lo: 0 0 0 0

1735225295
eth0: 1086485050 24507774 859340 19998
lo: 0 0 0 0

1735225296
eth0: 1087199760 24524604 714710 16830
lo: 0 0 0 0

1735225297
eth0: 1087790006 24537936 590246 13332
lo: 0 0 0 0

1735225298
eth0: 1088288934 24549948 498928 12012
lo: 0 0 0 0

1735225299
eth0: 1088800602 24562224 511668 12276
lo: 0 0 0 0

1735225300
eth0: 1089106588 24569616 305986 7392
lo: 0 0 0 0

1735225301
eth0: 1089471464 24578394 364876 8778
lo: 0 0 0 0

1735225302
eth0: 1090306510 24597270 835046 18876
lo: 0 0 0 0

1735225303
eth0: 1091254514 24619818 948004 22548
lo: 0 0 0 0

1735225304
eth0: 1092151208 24641004 896694 21186
lo: 0 0 0 0

1735225305
eth0: 1092792332 24655986 641124 14982
lo: 0 0 0 0

1735225306
eth0: 1093511052 24672684 718720 16698
lo: 0 0 0 0

1735225307
eth0: 1094441684 24694596 930632 21912
lo: 0 0 0 0

