1735224414
0.5485498108448928 0.2547288776796974 0.09079445145018916

1735224415
0.1575682382133995 0.07196029776674938 0.0012406947890818859

1735224416
0.1619283065512979 0.1273176761433869 0.003708281829419036

1735224417
0.30798004987531175 0.14962593516209477 0.02743142144638404

1735224418
0.2373300370828183 0.16563658838071693 0.022249690976514216

1735224419
0.39119496855345914 0.23522012578616353 0.0012578616352201257

1735224420
0.4899497487437186 0.2964824120603015 0.0037688442211055275

1735224421
0.23316708229426433 0.24189526184538654 0.0

1735224422
0.16791044776119404 0.13432835820895522 0.04228855721393035

1735224423
0.24371859296482412 0.12562814070351758 0.00628140703517588

1735224424
0.3358208955223881 0.2524875621890547 0.007462686567164179

1735224425
0.3223350253807107 0.3147208121827411 0.0

1735224426
0.4634760705289673 0.3161209068010076 0.0025188916876574307

1735224427
0.4099616858237548 0.3269476372924649 0.0

1735224428
0.3848101265822785 0.26582278481012656 0.0

1735224429
0.41635220125786165 0.14842767295597484 0.031446540880503145

1735224430
0.39412484700122397 0.13219094247246022 0.011015911872705019

1735224431
0.22982885085574573 0.14058679706601468 0.1625916870415648

1735224432
0.13266583229036297 0.0851063829787234 0.3341677096370463

1735224433
0.1937888198757764 0.11677018633540373 0.17763975155279504

1735224434
0.16356877323420074 0.11400247831474597 0.3618339529120198

1735224435
0.14039408866995073 0.14285714285714285 0.18226600985221675

1735224436
0.28819875776397513 0.15527950310559005 0.13664596273291926

1735224437
0.72875 0.145 0.03

1735224438
0.2369727047146402 0.13647642679900746 0.07320099255583126

1735224439
0.19130434782608696 0.1391304347826087 0.05217391304347826

1735224440
0.19263803680981595 0.1263803680981595 0.014723926380368098

1735224441
0.181044957472661 0.15188335358444716 0.02187120291616039

1735224442
0.15965346534653466 0.15965346534653466 0.017326732673267328

1735224443
0.17058096415327564 0.16563658838071693 0.02595797280593325

1735224444
0.1483790523690773 0.11097256857855362 0.09102244389027432

1735224445
0.18618988902589395 0.13316892725030827 0.0

1735224446
0.18719211822660098 0.1330049261083744 0.0012315270935960591

1735224447
0.1875 0.14460784313725492 0.0

1735224448
0.17216117216117216 0.11477411477411477 0.10622710622710622

1735224449
0.03366583541147132 0.034912718204488775 0.29800498753117205

1735224450
0.03007518796992481 0.03884711779448621 0.30952380952380953

1735224451
0.03676470588235294 0.07475490196078431 0.20465686274509803

1735224452
0.10199004975124377 0.07587064676616916 0.18034825870646767

1735224453
0.0896637608966376 0.0722291407222914 0.21668742216687423

1735224454
0.08281829419035847 0.0865265760197775 0.09765142150803462

1735224455
0.10256410256410256 0.10256410256410256 0.003663003663003663

1735224456
0.09236453201970443 0.11083743842364532 0.0

1735224457
0.09290953545232274 0.10880195599022005 0.0

1735224458
0.09915356711003627 0.1185006045949214 0.0024183796856106408

1735224459
0.20689655172413793 0.09852216748768473 0.003694581280788177

1735224460
0.44103194103194104 0.10319410319410319 0.002457002457002457

1735224461
0.37561576354679804 0.10591133004926108 0.003694581280788177

1735224462
0.10679611650485436 0.1395631067961165 0.06067961165048544

1735224463
0.17835178351783518 0.12669126691266913 0.0

1735224464
0.1761786600496278 0.12655086848635236 0.0

1735224465
0.1980440097799511 0.1271393643031785 0.0012224938875305623

1735224466
0.70062893081761 0.18364779874213835 0.007547169811320755

1735224467
0.8986232790988736 0.07384230287859825 0.01877346683354193

1735224468
0.9025 0.09625 0.0

1735224469
0.9436795994993742 0.056320400500625784 0.0

1735224470
0.9425 0.05375 0.0025

1735224471
0.9463171036204744 0.05368289637952559 0.0

1735224472
0.955 0.045 0.0

1735224473
0.9449311639549437 0.05506883604505632 0.0

1735224474
0.94125 0.05875 0.0

1735224475
0.9563046192259675 0.04244694132334582 0.0

1735224476
0.9449311639549437 0.05506883604505632 0.0

1735224477
0.9399249061326659 0.060075093867334166 0.0

1735224478
0.935 0.0625 0.0

1735224479
0.9336670838548186 0.06633291614518148 0.0

1735224480
0.945 0.055 0.0

1735224481
0.775 0.0875 0.00125

1735224482
0.3694581280788177 0.12438423645320197 0.023399014778325122

1735224483
0.36114570361145704 0.1295143212951432 0.11581569115815692

1735224484
0.8233082706766918 0.11278195488721804 0.045112781954887216

1735224485
0.8963795255930087 0.10237203495630462 0.0

1735224486
0.9275 0.0725 0.0

1735224487
0.9336670838548186 0.06633291614518148 0.0

1735224488
0.9325842696629213 0.06741573033707865 0.0

1735224489
0.6516290726817042 0.13283208020050125 0.0037593984962406013

1735224490
0.5746268656716418 0.2064676616915423 0.0012437810945273632

1735224491
0.7754077791718946 0.2233375156838143 0.0

1735224492
0.6541353383458647 0.24060150375939848 0.002506265664160401

1735224493
0.3895131086142322 0.066167290886392 0.02122347066167291

1735224494
0.27023661270236615 0.031133250311332503 0.0

1735224495
0.5277435265104808 0.1060419235511714 0.0

1735224496
0.35714285714285715 0.20050125313283207 0.002506265664160401

1735224497
0.4298245614035088 0.17669172932330826 0.015037593984962405

1735224498
0.9213483146067416 0.07740324594257178 0.0

1735224499
0.9098873591989988 0.09011264080100125 0.0

1735224500
0.9399249061326659 0.060075093867334166 0.0

1735224501
0.7578027465667915 0.07116104868913857 0.0012484394506866417

1735224502
0.2679012345679012 0.08148148148148149 0.008641975308641974

1735224503
0.1675 0.06625 0.00125

1735224504
0.3172839506172839 0.13580246913580246 0.04814814814814815

1735224505
0.3321212121212121 0.13575757575757577 0.0

1735224506
0.5819975339087546 0.12700369913686807 0.0

1735224507
0.6579925650557621 0.08921933085501858 0.007434944237918215

1735224508
0.3814814814814815 0.10617283950617284 0.06049382716049383

1735224509
0.25091352009744217 0.21559074299634592 0.040194884287454324

1735224510
0.32229299363057323 0.16942675159235668 0.01019108280254777

1735224511
0.3639751552795031 0.2372670807453416 0.014906832298136646

1735224512
0.2258469259723965 0.1806775407779172 0.0

1735224513
0.18665018541409148 0.20519159456118666 0.0012360939431396785

1735224514
0.12317073170731707 0.10609756097560975 0.01951219512195122

1735224515
0.1133250311332503 0.08094645080946451 0.0186799501867995

1735224516
0.2955665024630542 0.15886699507389163 0.03078817733990148

1735224517
0.23229813664596274 0.13291925465838508 0.12173913043478261

1735224518
0.13871374527112232 0.1424968474148802 0.18789407313997478

1735224519
0.29295426452410384 0.0815822002472188 0.2200247218788628

1735224520
0.2531017369727047 0.10918114143920596 0.2642679900744417

1735224521
0.20393120393120392 0.10687960687960688 0.2457002457002457

1735224522
0.31008717310087175 0.16687422166874222 0.16313823163138233

1735224523
0.32129514321295144 0.11207970112079702 0.14570361145703611

1735224524
0.22236024844720498 0.12422360248447205 0.031055900621118012

1735224525
0.22857142857142856 0.08819875776397515 0.3018633540372671

1735224526
0.22386223862238622 0.15129151291512916 0.1857318573185732

1735224527
0.07054455445544554 0.07797029702970297 0.22400990099009901

1735224528
0.2503097893432466 0.11648079306071871 0.19330855018587362

1735224529
0.13226205191594562 0.09023485784919653 0.37082818294190356

1735224530
0.05815423514538559 0.040455120101137804 0.3729456384323641

1735224531
0.006273525721455458 0.018820577164366373 0.44291091593475534

1735224532
0.15099009900990099 0.13861386138613863 0.09282178217821782

1735224533
0.273972602739726 0.15442092154420922 0.0024906600249066002

1735224534
0.1763975155279503 0.168944099378882 0.0037267080745341614

1735224535
0.15228426395939088 0.1916243654822335 0.0

1735224536
0.13350125944584382 0.23173803526448364 0.0025188916876574307

1735224537
0.149812734082397 0.13982521847690388 0.0299625468164794

1735224538
0.14925373134328357 0.15920398009950248 0.0037313432835820895

1735224539
0.41959798994974873 0.20854271356783918 0.007537688442211055

1735224540
0.39408866995073893 0.22660098522167488 0.003694581280788177

1735224541
0.40125 0.18125 0.10625

1735224542
0.36213468869123255 0.1588310038119441 0.13214739517153748

1735224543
0.25602027883396705 0.11153358681875793 0.2902408111533587

1735224544
0.37763975155279506 0.1763975155279503 0.12173913043478261

1735224545
0.3743718592964824 0.17336683417085427 0.12688442211055276

1735224546
0.35633626097867 0.2383939774153074 0.0740276035131744

1735224547
0.21039290240811154 0.19771863117870722 0.19391634980988592

1735224548
0.2695214105793451 0.17002518891687657 0.20151133501259447

1735224549
0.34461152882205515 0.2593984962406015 0.03132832080200501

1735224550
0.30663329161451813 0.30663329161451813 0.07884856070087609

1735224551
0.41191381495564006 0.34220532319391633 0.06844106463878327

1735224552
0.361323155216285 0.33587786259541985 0.05216284987277354

1735224553
0.532156368221942 0.21815889029003782 0.031525851197982346

1735224554
0.4802955665024631 0.12561576354679804 0.022167487684729065

1735224555
0.10352187833511206 0.030949839914621132 0.27961579509071505

1735224556
0.4984894259818731 0.052870090634441085 0.12235649546827794

1735224557
0.5105067985166872 0.07169344870210136 0.23362175525339926

1735224558
0.525990099009901 0.08292079207920793 0.22400990099009901

1735224559
0.4339152119700748 0.2344139650872818 0.18329177057356608

1735224560
0.2559598494353827 0.06775407779171895 0.20451693851944794

1735224561
0.2534504391468005 0.08155583437892096 0.46925972396486826

1735224562
0.45373891001267425 0.05576679340937896 0.2788339670468948

1735224563
0.2222222222222222 0.05808080808080808 0.4015151515151515

1735224564
0.14195979899497488 0.032663316582914576 0.5866834170854272

1735224565
0.27163198247535597 0.07447973713033954 0.44906900328587074

1735224566
0.16761363636363635 0.05397727272727273 0.48295454545454547

1735224567
0.7074401008827238 0.11475409836065574 0.044136191677175286

1735224568
0.5910224438902744 0.10224438902743142 0.1396508728179551

1735224569
0.4127979924717691 0.1355081555834379 0.20828105395232122

1735224570
0.31375 0.11 0.3325

1735224571
0.4402035623409669 0.26208651399491095 0.05343511450381679

1735224572
0.47715736040609136 0.3426395939086294 0.0012690355329949238

1735224573
0.4681933842239186 0.3651399491094148 0.002544529262086514

1735224574
0.37579617834394907 0.38598726114649684 0.0012738853503184713

1735224575
0.32196969696969696 0.27146464646464646 0.17297979797979798

1735224576
0.5622641509433962 0.3421383647798742 0.04654088050314465

1735224577
0.43434343434343436 0.40025252525252525 0.06186868686868687

1735224578
0.5081967213114754 0.30012610340479196 0.1223203026481715

1735224579
0.5355329949238579 0.3223350253807107 0.06979695431472081

1735224580
0.33374083129584353 0.4156479217603912 0.13691931540342298

1735224581
0.1755526657997399 0.23797139141742524 0.40052015604681407

1735224582
0.44640605296343 0.3064312736443884 0.1235813366960908

1735224583
0.7809762202753442 0.2190237797246558 0.0

1735224584
0.80625 0.19375 0.0

1735224585
0.64214463840399 0.27057356608478805 0.022443890274314215

1735224586
0.4484076433121019 0.3184713375796178 0.0012738853503184713

1735224587
0.5232120451693852 0.33500627352572143 0.002509410288582183

1735224588
0.5089058524173028 0.34987277353689566 0.002544529262086514

1735224589
0.6700379266750948 0.2604298356510746 0.0050568900126422255

1735224590
0.458502024291498 0.21963562753036436 0.28846153846153844

1735224592
0.6909871244635193 0.2982832618025751 0.00715307582260372

1735224593
0.67875 0.3175 0.0

1735224594
0.7814814814814814 0.21728395061728395 0.0

1735224595
0.7922403003754693 0.20525657071339173 0.0012515644555694619

1735224596
0.4722921914357683 0.3249370277078086 0.0025188916876574307

1735224597
0.5793450881612091 0.33249370277078083 0.0012594458438287153

1735224598
0.49873737373737376 0.3648989898989899 0.0012626262626262627

1735224599
0.4684343434343434 0.40404040404040403 0.0

1735224600
0.3625 0.515 0.015

1735224601
0.4636942675159236 0.36560509554140125 0.01019108280254777

1735224602
0.5685534591194968 0.38238993710691827 0.0025157232704402514

1735224603
0.5451127819548872 0.44360902255639095 0.006265664160401002

1735224604
0.556390977443609 0.424812030075188 0.0

1735224605
0.4200507614213198 0.44543147208121825 0.01649746192893401

1735224606
0.36432160804020103 0.5100502512562815 0.0037688442211055275

1735224607
0.4220532319391635 0.3840304182509506 0.0025348542458808617

1735224608
0.4791929382093317 0.3253467843631778 0.03026481715006305

1735224609
0.6620603015075377 0.2650753768844221 0.00628140703517588

1735224610
0.4290657439446367 0.41753171856978083 0.10726643598615918

1735224611
0.44214876033057854 0.26584022038567495 0.19146005509641872

1735224612
0.6468354430379747 0.3240506329113924 0.02278481012658228

1735224613
0.6276729559748427 0.35094339622641507 0.01509433962264151

1735224614
0.672979797979798 0.3055555555555556 0.016414141414141416

1735224615
0.6254777070063694 0.3273885350318471 0.034394904458598725

1735224616
0.5620253164556962 0.3860759493670886 0.03670886075949367

1735224617
0.2949260042283298 0.2357293868921776 0.339323467230444

1735224618
0.1952755905511811 0.09606299212598425 0.49763779527559054

1735224619
0.4086845466155811 0.2247765006385696 0.2247765006385696

1735224620
0.4639175257731959 0.3280224929709466 0.16494845360824742

1735224621
0.3108108108108108 0.20463320463320464 0.47104247104247104

1735224622
0.5330788804071247 0.3982188295165394 0.047073791348600506

1735224623
0.5748730964467005 0.38071065989847713 0.03299492385786802

1735224624
0.37944162436548223 0.18908629441624367 0.2753807106598985

1735224625
0.33121019108280253 0.2522292993630573 0.31210191082802546

1735224626
0.14430379746835442 0.1848101265822785 0.5860759493670886

1735224627
0.2153846153846154 0.10897435897435898 0.49615384615384617

1735224628
0.3851010101010101 0.273989898989899 0.1994949494949495

1735224629
0.5994962216624685 0.371536523929471 0.0163727959697733

1735224630
0.45987261146496816 0.2585987261146497 0.1859872611464968

1735224631
0.14646464646464646 0.07323232323232323 0.6565656565656566

1735224632
0.4280254777070064 0.2980891719745223 0.19872611464968154

1735224633
0.26181353767560667 0.1698595146871009 0.36398467432950193

1735224634
0.34398976982097185 0.16240409207161124 0.3452685421994885

1735224635
0.2503225806451613 0.17419354838709677 0.39483870967741935

1735224636
0.5651074589127687 0.14412136536030343 0.21871049304677623

1735224637
0.38471337579617837 0.12356687898089172 0.34394904458598724

1735224638
0.09844559585492228 0.06606217616580311 0.7046632124352331

1735224639
0.29419354838709677 0.18580645161290324 0.3496774193548387

1735224640
0.11963589076723016 0.13394018205461639 0.4460338101430429

1735224641
0.1554140127388535 0.11719745222929936 0.4229299363057325

1735224642
0.20256410256410257 0.15512820512820513 0.35512820512820514

1735224643
0.0778061224489796 0.05994897959183673 0.6147959183673469

1735224644
0.14866581956797967 0.13341804320203304 0.5349428208386277

1735224645
0.16091954022988506 0.10983397190293742 0.48148148148148145

1735224646
0.1759493670886076 0.14177215189873418 0.3822784810126582

1735224647
0.19458762886597938 0.18427835051546393 0.3492268041237113

1735224648
0.054758800521512385 0.01694915254237288 0.7548891786179922

1735224649
0.15862944162436549 0.18527918781725888 0.5482233502538071

1735224650
0.13093709884467267 0.08985879332477535 0.47881899871630296

1735224651
0.04521963824289406 0.03875968992248062 0.5891472868217055

1735224652
0.22040302267002518 0.09949622166246852 0.44962216624685136

1735224653
0.14792899408284024 0.04260355029585799 0.6071005917159763

1735224654
0.1377899045020464 0.08458390177353342 0.48021828103683495

1735224655
0.22066326530612246 0.047193877551020405 0.46938775510204084

1735224656
0.16473616473616473 0.06306306306306306 0.51994851994852

1735224657
0.09911054637865312 0.0724269377382465 0.5057179161372299

1735224658
0.09505703422053231 0.012674271229404309 0.6387832699619772

1735224659
0.028314028314028315 0.03346203346203346 0.6653796653796654

1735224660
0.18741976893453144 0.15789473684210525 0.39537869062901154

1735224661
0.16988416988416988 0.03861003861003861 0.4929214929214929

1735224662
0.21910828025477708 0.0535031847133758 0.4356687898089172

1735224663
0.031088082901554404 0.01683937823834197 0.6580310880829016

1735224664
0.25680933852140075 0.20622568093385213 0.3320363164721141

1735224665
0.23974358974358975 0.15 0.4846153846153846

1735224666
0.15569620253164557 0.14177215189873418 0.49873417721518987

1735224667
0.1464968152866242 0.06878980891719745 0.39363057324840767

1735224668
0.13110539845758354 0.09640102827763496 0.5694087403598972

1735224669
0.23106546854942234 0.15789473684210525 0.43902439024390244

1735224670
0.11984536082474227 0.08762886597938144 0.5412371134020618

1735224671
0.24005134788189988 0.18485237483953787 0.32734274711168165

1735224672
0.17205692108667528 0.2315653298835705 0.3829236739974127

1735224673
0.11621966794380588 0.17624521072796934 0.4878671775223499

1735224674
0.05583756345177665 0.05710659898477157 0.6586294416243654

1735224675
0.033707865168539325 0.03245942571785269 0.7091136079900124

1735224676
0.19796954314720813 0.15228426395939088 0.40482233502538073

1735224677
0.07898089171974522 0.06751592356687898 0.5286624203821656

1735224678
0.5882990249187432 0.2437703141928494 0.13867822318526543

1735224679
0.7078825347758887 0.2302936630602782 0.03863987635239567

1735224680
0.7716436637390214 0.21957340025094102 0.005018820577164366

1735224681
0.7406015037593985 0.2568922305764411 0.0012531328320802004

1735224682
0.7525 0.24 0.005

1735224683
0.6372950819672131 0.1864754098360656 0.1168032786885246

1735224684
0.32558139534883723 0.1744186046511628 0.3272425249169435

1735224685
0.17564102564102563 0.16538461538461538 0.4576923076923077

1735224686
0.3559748427672956 0.1459119496855346 0.3559748427672956

1735224687
0.336734693877551 0.17857142857142858 0.33290816326530615

1735224688
0.2679245283018868 0.11320754716981132 0.40679245283018867

1735224689
0.4224137931034483 0.22844827586206898 0.2025862068965517

1735224690
0.2814910025706941 0.10668380462724936 0.5025706940874036

1735224691
0.3799237611181703 0.25158831003811943 0.30495552731893266

1735224692
0.45849297573435505 0.2413793103448276 0.210727969348659

1735224693
0.3681640625 0.1142578125 0.369140625

1735224694
0.19397363465160075 0.160075329566855 0.4425612052730697

1735224695
0.41064638783269963 0.2889733840304182 0.20405576679340937

1735224696
0.1692111959287532 0.13486005089058525 0.3880407124681934

1735224697
0.2751592356687898 0.11337579617834395 0.4152866242038217

1735224698
0.4526958290946083 0.23906408952187183 0.23397761953204477

1735224699
0.09 0.09333333333333334 0.7483333333333333

1735224700
0.1913265306122449 0.09693877551020408 0.6007653061224489

1735224701
0.3247753530166881 0.16046213093709885 0.40051347881899874

1735224702
0.3799237611181703 0.13341804320203304 0.3634053367217281

1735224703
0.36970474967907574 0.07445442875481387 0.37869062901155326

1735224704
0.14267515923566879 0.08152866242038216 0.7184713375796178

1735224705
0.21520618556701032 0.12242268041237113 0.45103092783505155

1735224706
0.17480719794344474 0.055269922879177376 0.6233933161953727

1735224707
0.07969151670951156 0.07069408740359898 0.6131105398457584

1735224708
0.03483870967741935 0.06709677419354838 0.6929032258064516

1735224709
0.09183673469387756 0.11479591836734694 0.5969387755102041

1735224710
0.058301647655259824 0.11406844106463879 0.5918884664131813

1735224711
0.062420382165605096 0.12993630573248408 0.5248407643312102

1735224712
0.12998712998713 0.2097812097812098 0.42084942084942084

1735224713
0.08015267175572519 0.15394402035623408 0.6106870229007634

1735224714
0.07702182284980745 0.11424903722721438 0.5750962772785623

1735224715
0.085 0.1075 0.50125

1735224716
0.08793969849246232 0.10804020100502512 0.47110552763819097

1735224717
0.11838790931989925 0.10201511335012595 0.5566750629722922

1735224718
0.12656641604010024 0.12030075187969924 0.4849624060150376

1735224719
0.1634980988593156 0.18250950570342206 0.4524714828897338

1735224720
0.1432192648922687 0.22306717363751585 0.44740177439797213

1735224721
0.24685138539042822 0.1952141057934509 0.3589420654911839

1735224722
0.29197994987468673 0.17293233082706766 0.42355889724310775

1735224723
0.2921686746987952 0.09337349397590361 0.5331325301204819

1735224724
0.50390625 0.30859375 0.15234375

1735224725
0.5964912280701754 0.2606516290726817 0.11654135338345864

1735224726
0.72125 0.27125 0.005

1735224727
0.7241813602015114 0.2695214105793451 0.005037783375314861

1735224728
0.7284105131414268 0.21526908635794745 0.04130162703379224

1735224729
0.5927318295739349 0.22681704260651628 0.16040100250626566

1735224730
0.7117794486215538 0.2781954887218045 0.007518796992481203

1735224731
0.6896984924623115 0.292713567839196 0.013819095477386936

1735224732
0.7085427135678392 0.28015075376884424 0.008793969849246231

1735224733
0.6835573940020683 0.2481902792140641 0.06308169596690796

1735224734
0.6492063492063492 0.3412698412698413 0.006349206349206349

1735224735
0.7133917396745932 0.2853566958698373 0.0

1735224736
0.7283018867924528 0.27044025157232704 0.0

1735224737
0.7173100871731009 0.28144458281444584 0.0012453300124533001

1735224738
0.6752440106477373 0.09849157054125998 0.19787045252883761

1735224739
0.2584745762711864 0.05508474576271186 0.559322033898305

1735224740
0.6483103879849812 0.34918648310387984 0.0012515644555694619

1735224741
0.552896725440806 0.2959697732997481 0.07178841309823678

1735224742
0.5509433962264151 0.2591194968553459 0.09433962264150944

1735224743
0.40093023255813953 0.16279069767441862 0.3041860465116279

1735224744
0.24618320610687022 0.13740458015267176 0.4064885496183206

1735224745
0.5883838383838383 0.29419191919191917 0.03409090909090909

1735224746
0.6662452591656132 0.2579013906447535 0.017699115044247787

1735224747
0.620253164556962 0.25316455696202533 0.06835443037974684

1735224748
0.4117647058823529 0.1476846057571965 0.2590738423028786

1735224749
0.47051442910915936 0.06524466750313676 0.33626097867001253

1735224750
0.8486352357320099 0.1513647642679901 0.0

1735224751
0.8161209068010076 0.18387909319899245 0.0

1735224752
0.81 0.19 0.0

1735224753
0.6939546599496221 0.24181360201511334 0.02644836272040302

1735224754
0.6017699115044248 0.32364096080910243 0.007585335018963337

1735224755
0.5259822560202788 0.3472750316856781 0.025348542458808618

1735224756
0.5062972292191436 0.2531486146095718 0.10957178841309824

1735224757
0.6897856242118537 0.23833543505674654 0.005044136191677175

1735224758
0.6395939086294417 0.24873096446700507 0.03680203045685279

1735224759
0.523989898989899 0.32702020202020204 0.0025252525252525255

1735224760
0.5685279187817259 0.2639593908629442 0.005076142131979695

1735224761
0.661188369152971 0.24146649810366624 0.041719342604298354

1735224762
0.6586599241466498 0.27307206068268014 0.0025284450063211127

1735224763
0.5145018915510718 0.3770491803278688 0.017654476670870115

1735224764
0.5954773869346733 0.3165829145728643 0.0037688442211055275

1735224765
0.6414141414141414 0.27146464646464646 0.006313131313131313

1735224766
0.772104607721046 0.2266500622665006 0.0012453300124533001

1735224767
0.7380952380952381 0.2619047619047619 0.0

1735224768
0.8460575719649562 0.1539424280350438 0.0

1735224769
0.8345771144278606 0.1654228855721393 0.0

1735224770
0.8391959798994975 0.16080402010050251 0.0

1735224771
0.7825 0.2175 0.0

1735224772
0.8514357053682896 0.14856429463171036 0.0

1735224773
0.8254364089775561 0.1745635910224439 0.0

1735224774
0.7596513075965131 0.2403486924034869 0.0

1735224775
0.6758448060075094 0.31289111389236546 0.0

1735224776
0.5835443037974684 0.34177215189873417 0.002531645569620253

1735224777
0.5088832487309645 0.42385786802030456 0.006345177664974619

1735224778
0.51010101010101 0.34974747474747475 0.059343434343434344

1735224779
0.5228426395939086 0.3629441624365482 0.027918781725888325

1735224780
0.67875 0.32 0.0

1735224781
0.6267166042446941 0.37203495630461925 0.0012484394506866417

1735224782
0.6207759699624531 0.37922403003754696 0.0

1735224783
0.4310998735777497 0.393173198482933 0.08343868520859671

1735224784
0.43308080808080807 0.4797979797979798 0.008838383838383838

1735224785
0.5220125786163522 0.4125786163522013 0.0025157232704402514

1735224786
0.62 0.35625 0.0

1735224787
0.7917705735660848 0.20698254364089774 0.0

1735224788
0.892933618843683 0.10706638115631692 0.0

1735224789
0.8285714285714286 0.16691729323308271 0.004511278195488722

1735224790
0.8980099502487562 0.10199004975124377 0.0

1735224791
0.8312655086848635 0.1687344913151365 0.0

1735224792
0.8417721518987342 0.15822784810126583 0.0

1735224793
0.8435544430538173 0.15644555694618273 0.0

1735224794
0.85375 0.14625 0.0

1735224795
0.8875 0.1125 0.0

1735224796
0.9063670411985019 0.09363295880149813 0.0

1735224797
0.8798498122653317 0.12015018773466833 0.0

1735224798
0.8614232209737828 0.13857677902621723 0.0

1735224799
0.83875 0.16125 0.0

1735224800
0.8635794743429287 0.13642052565707133 0.0

1735224801
0.835 0.165 0.0

1735224802
0.81 0.19 0.0

1735224803
0.8325 0.1675 0.0

1735224804
0.8275 0.1725 0.0

1735224805
0.8339575530586767 0.16604244694132334 0.0

1735224806
0.8175 0.1825 0.0

1735224807
0.82625 0.17375 0.0

1735224808
0.785 0.215 0.0

1735224809
0.78375 0.21625 0.0

1735224810
0.7947434292866082 0.20525657071339173 0.0

1735224811
0.8302122347066168 0.16978776529338327 0.0

1735224812
0.8075 0.1925 0.0

1735224813
0.815 0.185 0.0

1735224814
0.785 0.215 0.0

1735224815
0.82125 0.17875 0.0

1735224816
0.82 0.18 0.0

1735224817
0.8022528160200251 0.19774718397997496 0.0

1735224818
0.7827715355805244 0.21722846441947566 0.0

1735224819
0.8122653316645807 0.18773466833541927 0.0

1735224820
0.8352059925093633 0.1647940074906367 0.0

1735224821
0.8060075093867334 0.1939924906132666 0.0

1735224822
0.80625 0.19375 0.0

1735224823
0.7902621722846442 0.20973782771535582 0.0

1735224824
0.785982478097622 0.21401752190237797 0.0

1735224825
0.7848258706467661 0.21517412935323382 0.0

1735224826
0.8067754077791719 0.1932245922208281 0.0

1735224827
0.7659574468085106 0.23404255319148937 0.0

1735224828
0.762796504369538 0.23720349563046192 0.0

1735224829
0.80875 0.19125 0.0

1735224830
0.81625 0.18375 0.0

1735224831
0.79375 0.20625 0.0

1735224832
0.73125 0.26875 0.0

1735224833
0.6520650813516896 0.3429286608260325 0.0012515644555694619

1735224834
0.599502487562189 0.39925373134328357 0.0

1735224835
0.64 0.36 0.0

1735224836
0.6729323308270677 0.32706766917293234 0.0

1735224837
0.7271589486858573 0.27284105131414266 0.0

1735224838
0.6357947434292867 0.36295369211514394 0.0

1735224839
0.62625 0.37375 0.0

1735224840
0.6420525657071339 0.3504380475594493 0.0012515644555694619

1735224841
0.5957446808510638 0.4030037546933667 0.0

1735224842
0.5992555831265509 0.3945409429280397 0.0012406947890818859

1735224843
0.5820707070707071 0.40404040404040403 0.010101010101010102

1735224844
0.6243781094527363 0.3756218905472637 0.0

1735224846
0.6041114058355438 0.3183023872679045 0.012599469496021221

1735224847
0.6522234891676169 0.3204104903078677 0.011402508551881414

1735224848
0.6821608040201005 0.2776381909547739 0.02386934673366834

1735224849
0.6002522068095839 0.3619167717528373 0.005044136191677175

1735224850
0.6479400749063671 0.35081148564294634 0.0

1735224851
0.7543424317617866 0.2456575682382134 0.0

1735224852
0.7487437185929648 0.25125628140703515 0.0

1735224853
0.6268656716417911 0.373134328358209 0.0

1735224854
0.6348808030112923 0.36511919698870765 0.0

1735224855
0.6264009962640099 0.37359900373599003 0.0

1735224856
0.60625 0.39375 0.0

1735224857
0.5874213836477987 0.410062893081761 0.0

1735224858
0.6132665832290363 0.3704630788485607 0.01376720901126408

1735224859
0.6181592039800995 0.3781094527363184 0.0

1735224860
0.5784190715181933 0.4190715181932246 0.0

1735224861
0.6537013801756587 0.3462986198243413 0.0

1735224862
0.7191011235955056 0.27965043695380776 0.0

1735224863
0.7456140350877193 0.2531328320802005 0.0

1735224864
0.6821026282853567 0.31789737171464333 0.0

1735224865
0.79 0.21 0.0

1735224866
0.621859296482412 0.35678391959798994 0.011306532663316583

1735224867
0.5062972292191436 0.4811083123425693 0.0025188916876574307

1735224868
0.3989962358845671 0.5834378920953576 0.010037641154328732

1735224869
0.42534504391468003 0.5558343789209536 0.0

1735224870
0.46508728179551123 0.5236907730673317 0.0

1735224871
0.4724310776942356 0.5100250626566416 0.002506265664160401

1735224872
0.5121019108280255 0.3910828025477707 0.008917197452229299

1735224873
0.5281602002503129 0.3541927409261577 0.03629536921151439

1735224874
0.5345268542199488 0.319693094629156 0.008951406649616368

1735224875
0.5625790139064475 0.3109987357774968 0.0025284450063211127

1735224876
0.5126582278481012 0.32531645569620254 0.0189873417721519

1735224877
0.4841571609632446 0.32953105196451205 0.005069708491761723

1735224878
0.44191919191919193 0.3851010101010101 0.020202020202020204

1735224879
0.6035353535353535 0.255050505050505 0.013888888888888888

1735224880
0.6140350877192983 0.34711779448621555 0.0037593984962406013

1735224881
0.6984924623115578 0.28391959798994976 0.001256281407035176

1735224882
0.7035175879396985 0.28391959798994976 0.001256281407035176

1735224883
0.7346683354192741 0.26533166458072593 0.0

1735224884
0.7808219178082192 0.2191780821917808 0.0

1735224885
0.848180677540778 0.15181932245922208 0.0

1735224886
0.8656716417910447 0.13432835820895522 0.0

1735224887
0.86375 0.13625 0.0

1735224888
0.8734491315136477 0.12655086848635236 0.0

1735224889
0.8740554156171285 0.12594458438287154 0.0

1735224890
0.8798498122653317 0.12015018773466833 0.0

1735224891
0.7471698113207547 0.22767295597484277 0.0025157232704402514

1735224892
0.49238578680203043 0.366751269035533 0.03680203045685279

1735224893
0.36926889714993805 0.1982651796778191 0.20693928128872366

1735224894
0.5358490566037736 0.3220125786163522 0.028930817610062894

1735224895
0.5941845764854614 0.3122629582806574 0.02654867256637168

1735224896
0.6532663316582915 0.2914572864321608 0.002512562814070352

1735224897
0.6675062972292192 0.29093198992443325 0.0025188916876574307

1735224898
0.7834793491864831 0.2165206508135169 0.0

1735224899
0.7917705735660848 0.20698254364089774 0.0

1735224900
0.8760951188986232 0.12390488110137672 0.0

1735224901
0.5 0.14625 0.1675

1735224902
0.4013761467889908 0.11811926605504587 0.28325688073394495

1735224903
0.6175675675675676 0.18783783783783783 0.11756756756756757

1735224904
0.8878127522195319 0.09927360774818401 0.0129136400322841

1735224905
0.814404432132964 0.18559556786703602 0.0

1735224906
0.84125 0.15875 0.0

1735224907
0.8580323785803238 0.14196762141967623 0.0

1735224908
0.8544776119402985 0.1455223880597015 0.0

1735224909
0.8768844221105527 0.12311557788944724 0.0

1735224910
0.7280701754385965 0.24812030075187969 0.008771929824561403

1735224911
0.7708592777085927 0.22540473225404734 0.0

1735224912
0.85125 0.14875 0.0

1735224913
0.8585732165206508 0.1414267834793492 0.0

1735224914
0.6691635455680399 0.33083645443196 0.0

1735224915
0.8107098381070984 0.18929016189290163 0.0

1735224916
0.8040201005025126 0.19597989949748743 0.0

1735224917
0.85875 0.14125 0.0

1735224918
0.8451935081148564 0.15355805243445692 0.0

1735224919
0.8630653266331658 0.13693467336683418 0.0

1735224920
0.84125 0.15625 0.00125

1735224921
0.8898623279098874 0.11013767209011265 0.0

1735224922
0.8855721393034826 0.11442786069651742 0.0

1735224923
0.8567839195979899 0.14321608040201006 0.0

1735224924
0.8731343283582089 0.12686567164179105 0.0

1735224925
0.8531994981179423 0.14429109159347553 0.002509410288582183

1735224926
0.8689138576779026 0.12983770287141075 0.0

1735224927
0.8723404255319149 0.1276595744680851 0.0

1735224928
0.9 0.1 0.0

1735224929
0.8916562889165629 0.10834371108343711 0.0

1735224930
0.8616352201257862 0.11320754716981132 0.018867924528301886

1735224931
0.92625 0.07375 0.0

1735224932
0.91625 0.0825 0.0

1735224933
0.9111389236545682 0.08760951188986232 0.0

1735224934
0.9263420724094882 0.07365792759051186 0.0

1735224935
0.8898623279098874 0.11013767209011265 0.0

1735224936
0.9001248439450686 0.09987515605493133 0.0

1735224937
0.8975 0.1025 0.0

1735224938
0.89 0.10875 0.0

1735224939
0.8789013732833958 0.12109862671660425 0.0

1735224940
0.8991282689912827 0.10087173100871731 0.0

1735224941
0.9081761006289308 0.09182389937106918 0.0

1735224942
0.9225967540574282 0.07740324594257178 0.0

1735224943
0.8913857677902621 0.10861423220973783 0.0

1735224944
0.8884711779448622 0.11152882205513784 0.0

1735224945
0.9103362391033624 0.0896637608966376 0.0

1735224946
0.9196988707653702 0.07779171894604768 0.002509410288582183

1735224947
0.9175 0.0825 0.0

1735224948
0.9140722291407223 0.0859277708592777 0.0

1735224949
0.9080745341614906 0.08571428571428572 0.004968944099378882

1735224950
0.8589580686149937 0.12325285895806862 0.017789072426937738

1735224951
0.83875 0.09125 0.065

1735224952
0.8227215980024969 0.08614232209737828 0.08739076154806492

1735224953
0.8806532663316583 0.11557788944723618 0.0037688442211055275

1735224954
0.875 0.125 0.0

1735224955
0.79625 0.185 0.0175

1735224956
0.8771712158808933 0.1228287841191067 0.0

1735224957
0.9222082810539524 0.07779171894604768 0.0

1735224958
0.9 0.1 0.0

1735224959
0.95 0.05 0.0

1735224960
0.8816936488169365 0.11830635118306351 0.0

1735224961
0.8745294855708908 0.12547051442910917 0.0

1735224962
0.90875 0.09125 0.0

1735224963
0.93 0.07 0.0

1735224964
0.90875 0.09125 0.0

1735224965
0.9227895392278954 0.07721046077210461 0.0

1735224966
0.895 0.105 0.0

1735224967
0.85125 0.14875 0.0

1735224968
0.8693467336683417 0.1306532663316583 0.0

1735224969
0.9266169154228856 0.07338308457711443 0.0

1735224970
0.8820577164366374 0.11794228356336262 0.0

1735224971
0.8668341708542714 0.13316582914572864 0.0

1735224972
0.84875 0.15125 0.0

1735224973
0.8771712158808933 0.1228287841191067 0.0

1735224974
0.8817610062893082 0.11823899371069183 0.0

1735224975
0.8297872340425532 0.1702127659574468 0.0

1735224976
0.8573216520650814 0.1414267834793492 0.0

1735224977
0.6871088861076345 0.2816020025031289 0.006257822277847309

1735224978
0.5834378920953576 0.32496863237139273 0.03136762860727729

1735224979
0.4633838383838384 0.22348484848484848 0.18055555555555555

1735224980
0.494949494949495 0.16035353535353536 0.2398989898989899

1735224981
0.4816223067173637 0.22306717363751585 0.1432192648922687

1735224982
0.8275 0.1725 0.0

1735224983
0.8325 0.1675 0.0

1735224984
0.8229426433915212 0.15835411471321695 0.018703241895261846

1735224985
0.918444165621079 0.08155583437892096 0.0

1735224986
0.8035043804755945 0.1964956195244055 0.0

1735224987
0.6670838548185232 0.32540675844806005 0.0

1735224988
0.5676691729323309 0.37844611528822053 0.008771929824561403

1735224989
0.592964824120603 0.30904522613065327 0.056532663316582916

1735224990
0.6896120150187734 0.2190237797246558 0.007509386733416771

1735224991
0.6456494325346784 0.1841109709962169 0.034047919293820936

1735224992
0.6687657430730478 0.2682619647355164 0.010075566750629723

1735224993
0.683944374209861 0.1959544879898862 0.02402022756005057

1735224994
0.5100755667506297 0.2518891687657431 0.10831234256926953

1735224995
0.489281210592686 0.21815889029003782 0.1677175283732661

1735224996
0.7069182389937106 0.25534591194968553 0.021383647798742137

1735224997
0.8107769423558897 0.18796992481203006 0.0

1735224998
0.7780548628428927 0.21571072319201995 0.0012468827930174563

1735224999
0.8233082706766918 0.16791979949874686 0.006265664160401002

1735225000
0.8521303258145363 0.14786967418546365 0.0

1735225001
0.8289637952559301 0.16853932584269662 0.0012484394506866417

1735225002
0.83875 0.15875 0.00125

1735225003
0.785982478097622 0.21026282853566958 0.0012515644555694619

1735225004
0.772215269086358 0.2227784730913642 0.0025031289111389237

1735225005
0.79 0.20875 0.0

1735225006
0.713216957605985 0.2805486284289277 0.0024937655860349127

1735225007
0.7377666248431619 0.2584692597239649 0.0012547051442910915

1735225008
0.7033792240300375 0.29411764705882354 0.0

1735225009
0.6466165413533834 0.30200501253132833 0.047619047619047616

1735225010
0.7268170426065163 0.2694235588972431 0.0

1735225011
0.81625 0.18125 0.00125

1735225012
0.8347934918648311 0.15894868585732166 0.0050062578222778474

1735225013
0.87625 0.12375 0.0

1735225014
0.7225 0.255 0.015

1735225015
0.77875 0.22125 0.0

1735225016
0.8154613466334164 0.18453865336658354 0.0

1735225017
0.81375 0.18625 0.0

1735225018
0.7606516290726817 0.23934837092731828 0.0

1735225019
0.6975 0.3025 0.0

1735225020
0.71875 0.28125 0.0

1735225021
0.79375 0.20625 0.0

1735225022
0.7784730913642053 0.22152690863579474 0.0

1735225023
0.7965043695380774 0.2034956304619226 0.0

1735225024
0.7584480600750939 0.24155193992490614 0.0

1735225025
0.8225 0.1775 0.0

1735225026
0.8748451053283767 0.1251548946716233 0.0

1735225027
0.8743718592964824 0.12562814070351758 0.0

1735225028
0.8425 0.155 0.00125

1735225029
0.8109452736318408 0.1890547263681592 0.0

1735225030
0.7977386934673367 0.2022613065326633 0.0

1735225031
0.7503121098626716 0.24968789013732834 0.0

1735225032
0.7725 0.2275 0.0

1735225033
0.7897371714643304 0.21026282853566958 0.0

1735225034
0.84375 0.15625 0.0

1735225035
0.82 0.18 0.0

1735225036
0.8406524466750314 0.15934755332496864 0.0

1735225037
0.8119551681195517 0.18804483188044832 0.0

1735225038
0.8255959849435383 0.17440401505646172 0.0

1735225039
0.81375 0.18625 0.0

1735225040
0.79875 0.20125 0.0

1735225041
0.7920298879202988 0.20797011207970112 0.0

1735225042
0.7625 0.2375 0.0

1735225043
0.76625 0.23375 0.0

1735225044
0.7503121098626716 0.24968789013732834 0.0

1735225045
0.7575 0.2425 0.0

1735225046
0.8192019950124688 0.18079800498753118 0.0

1735225047
0.8318695106649937 0.16813048933500627 0.0

1735225048
0.83875 0.16125 0.0

1735225049
0.8260325406758448 0.10387984981226533 0.030037546933667083

1735225050
0.80125 0.19875 0.0

1735225051
0.82625 0.17375 0.0

1735225052
0.84625 0.15375 0.0

1735225053
0.8025 0.1975 0.0

1735225054
0.7745952677459527 0.22540473225404734 0.0

1735225055
0.795 0.205 0.0

1735225056
0.7525 0.2475 0.0

1735225057
0.78 0.22 0.0

1735225058
0.7675 0.2325 0.0

1735225059
0.7740324594257179 0.22596754057428214 0.0

1735225060
0.7677018633540372 0.23229813664596274 0.0

1735225061
0.7773584905660378 0.22264150943396227 0.0

1735225062
0.8025 0.1975 0.0

1735225063
0.7768079800498753 0.2231920199501247 0.0

1735225064
0.7703889585947302 0.22961104140526975 0.0

1735225065
0.8125 0.1875 0.0

1735225066
0.79625 0.20375 0.0

1735225067
0.73375 0.26625 0.0

1735225068
0.75 0.25 0.0

1735225069
0.7277289836888331 0.2722710163111669 0.0

1735225070
0.6973848069738481 0.3026151930261519 0.0

1735225071
0.7506234413965087 0.24688279301745636 0.0012468827930174563

1735225072
0.8125 0.1875 0.0

1735225073
0.8653366583541147 0.13466334164588528 0.0

1735225074
0.8897243107769424 0.11027568922305764 0.0

1735225075
0.8734335839598998 0.12656641604010024 0.0

1735225076
0.7578419071518193 0.21831869510664995 0.0075282308657465494

1735225077
0.7581863979848866 0.22670025188916876 0.005037783375314861

1735225078
0.7889447236180904 0.19974874371859297 0.001256281407035176

1735225079
0.8060075093867334 0.1939924906132666 0.0

1735225080
0.8085106382978723 0.18773466833541927 0.0

1735225081
0.7834793491864831 0.19148936170212766 0.0

1735225082
0.7522012578616353 0.21132075471698114 0.02389937106918239

1735225083
0.6955974842767295 0.26037735849056604 0.011320754716981131

1735225084
0.5340050377833753 0.3853904282115869 0.017632241813602016

1735225085
0.43544303797468353 0.5215189873417722 0.0012658227848101266

1735225086
0.5372005044136192 0.35435056746532156 0.02395964691046658

1735225087
0.6357868020304569 0.30710659898477155 0.006345177664974619

1735225088
0.6111111111111112 0.3371212121212121 0.005050505050505051

1735225089
0.554726368159204 0.2848258706467662 0.08084577114427861

1735225090
0.7815230961298377 0.21598002496878901 0.0

1735225091
0.83645443196005 0.16354556803995007 0.0

1735225092
0.7935323383084577 0.20398009950248755 0.0

1735225093
0.8490566037735849 0.1509433962264151 0.0

1735225094
0.789937106918239 0.20125786163522014 0.005031446540880503

1735225095
0.6537013801756587 0.30614805520702637 0.002509410288582183

1735225096
0.5209656925031766 0.3545108005082592 0.04955527318932656

1735225097
0.5579345088161209 0.21032745591939547 0.10579345088161209

1735225098
0.5201005025125628 0.20854271356783918 0.12814070351758794

1735225099
0.4389937106918239 0.1710691823899371 0.2679245283018868

1735225100
0.52375 0.20125 0.13375

1735225101
0.6454431960049938 0.18476903870162298 0.0986267166042447

1735225102
0.5678391959798995 0.19974874371859297 0.12437185929648241

1735225103
0.5766331658291457 0.25879396984924624 0.04522613065326633

1735225104
0.5382685069008782 0.2233375156838143 0.16938519447929737

1735225105
0.539622641509434 0.18867924528301888 0.16352201257861634

1735225106
0.5389447236180904 0.16457286432160803 0.18090452261306533

1735225107
0.45685279187817257 0.2233502538071066 0.1484771573604061

1735225108
0.6243654822335025 0.2436548223350254 0.044416243654822336

1735225109
0.5404040404040404 0.1590909090909091 0.20075757575757575

1735225110
0.5340050377833753 0.15113350125944586 0.15994962216624686

1735225111
0.523989898989899 0.1893939393939394 0.19318181818181818

1735225112
0.7371638141809291 0.254278728606357 0.003667481662591687

1735225113
0.7245804540967423 0.2349457058242843 0.018756169792694965

1735225115
0.5076400679117148 0.2436332767402377 0.1460101867572156

1735225116
0.5697674418604651 0.23044397463002114 0.11945031712473574

1735225117
0.6037974683544304 0.20759493670886076 0.10253164556962026

1735225118
0.5727040816326531 0.27040816326530615 0.08163265306122448

1735225119
0.49747474747474746 0.22348484848484848 0.1717171717171717

1735225120
0.49429657794676807 0.2585551330798479 0.12420785804816223

1735225121
0.5819774718397998 0.2853566958698373 0.015018773466833541

1735225122
0.5692503176620076 0.29987293519695046 0.010165184243964422

1735225123
0.5763358778625954 0.28880407124681934 0.011450381679389313

1735225124
0.549492385786802 0.30456852791878175 0.02918781725888325

1735225125
0.6325757575757576 0.2563131313131313 0.0012626262626262627

1735225126
0.5384615384615384 0.2471626733921816 0.08448928121059268

1735225127
0.47381864623243936 0.32567049808429116 0.07151979565772669

1735225128
0.3810126582278481 0.4620253164556962 0.05949367088607595

1735225129
0.2893081761006289 0.40125786163522015 0.1710691823899371

1735225130
0.34892541087231355 0.3173198482932996 0.168141592920354

1735225131
0.4766708701134931 0.3644388398486759 0.14754098360655737

1735225132
0.4222503160556258 0.27054361567635904 0.225031605562579

1735225133
0.589873417721519 0.3012658227848101 0.05443037974683544

1735225134
0.43994943109987356 0.34007585335018964 0.11125158027812895

1735225135
0.49240506329113926 0.2873417721518987 0.12025316455696203

1735225136
0.5378787878787878 0.28535353535353536 0.10479797979797979

1735225137
0.705 0.215 0.045

1735225138
0.382842509603073 0.34314980793854033 0.11523687580025609

1735225139
0.13592233009708737 0.16310679611650486 0.40194174757281553

1735225141
0.07824143070044709 0.15424739195231 0.40014903129657226

1735225142
0.4240506329113924 0.2911392405063291 0.16455696202531644

1735225143
0.33078880407124683 0.3816793893129771 0.16666666666666666

1735225144
0.4490566037735849 0.5132075471698113 0.016352201257861635

1735225145
0.3700384122919334 0.1946222791293214 0.3725992317541613

1735225146
0.4636942675159236 0.16178343949044585 0.3146496815286624

1735225147
0.660377358490566 0.27169811320754716 0.05786163522012579

1735225148
0.49373433583959897 0.48120300751879697 0.018796992481203006

1735225149
0.4304556354916067 0.2541966426858513 0.23621103117505995

1735225151
0.4871589085072231 0.4446227929373997 0.052969502407704656

1735225152
0.487758945386064 0.2787193973634652 0.18926553672316385

1735225153
0.3658051689860835 0.18687872763419483 0.37375745526838966

1735225155
0.30184331797235026 0.10829493087557604 0.5476190476190477

1735225156
0.6004540295119183 0.376844494892168 0.0170261066969353

1735225157
0.3858064516129032 0.20258064516129032 0.2735483870967742

1735225158
0.2522292993630573 0.13121019108280255 0.5668789808917197

1735225159
0.3375430539609644 0.1756601607347876 0.39035591274397247

1735225160
0.425 0.5013888888888889 0.05277777777777778

1735225161
0.5 0.32653061224489793 0.12755102040816327

1735225162
0.5571065989847716 0.16370558375634517 0.22715736040609136

1735225163
0.5126582278481012 0.17848101265822786 0.22658227848101264

1735225164
0.26373626373626374 0.11135531135531136 0.48717948717948717

1735225165
0.41743119266055045 0.5 0.05504587155963303

1735225166
0.4962121212121212 0.4431818181818182 0.04292929292929293

1735225167
0.5914249684741488 0.37957124842370743 0.018915510718789406

1735225168
0.5456821026282853 0.3967459324155194 0.04755944931163955

1735225169
0.549492385786802 0.3769035532994924 0.04314720812182741

1735225170
0.2300796812749004 0.11852589641434264 0.10458167330677291

1735225171
0.7508474576271187 0.2423728813559322 0.001694915254237288

1735225172
0.8194271481942715 0.18057285180572852 0.0

1735225173
0.7867001254705144 0.21329987452948557 0.0

1735225174
0.82125 0.17875 0.0

1735225175
0.7638190954773869 0.23618090452261306 0.0

1735225176
0.7866004962779156 0.21339950372208435 0.0

1735225177
0.8281053952321205 0.17189460476787954 0.0

1735225178
0.8370646766169154 0.16293532338308458 0.0

1735225179
0.8567839195979899 0.14321608040201006 0.0

1735225180
0.79125 0.20875 0.0

1735225181
0.815 0.185 0.0

1735225182
0.785 0.215 0.0

1735225183
0.785 0.215 0.0

1735225184
0.8034825870646766 0.19651741293532338 0.0

1735225185
0.8010012515644556 0.19899874843554444 0.0

1735225186
0.8039950062421972 0.19600499375780275 0.0

1735225187
0.8030112923462986 0.19698870765370138 0.0

1735225188
0.8169364881693649 0.18306351183063513 0.0

1735225189
0.8085106382978723 0.19148936170212766 0.0

1735225190
0.83270911360799 0.16729088639200998 0.0

1735225191
0.785 0.215 0.0

1735225192
0.8423028785982478 0.15769712140175218 0.0

1735225193
0.8531994981179423 0.1468005018820577 0.0

1735225194
0.8539325842696629 0.14606741573033707 0.0

1735225195
0.8628428927680798 0.1371571072319202 0.0

1735225196
0.82375 0.17625 0.0

1735225197
0.8456712672521958 0.15432873274780426 0.0

1735225198
0.80375 0.19625 0.0

1735225199
0.7727840199750312 0.22596754057428214 0.0

1735225200
0.7584480600750939 0.24155193992490614 0.0

1735225201
0.74375 0.255 0.0

1735225202
0.7889447236180904 0.20979899497487436 0.0

1735225203
0.7940074906367042 0.2034956304619226 0.0012484394506866417

1735225204
0.7625 0.23375 0.0025

1735225205
0.7290886392009988 0.27091136079900124 0.0

1735225206
0.6824408468244084 0.3150684931506849 0.0

1735225207
0.75125 0.2475 0.0

1735225208
0.71267252195734 0.28732747804265996 0.0

1735225209
0.6813048933500627 0.3161856963613551 0.0012547051442910915

1735225210
0.7679900744416873 0.22952853598014888 0.0012406947890818859

1735225211
0.696969696969697 0.2967171717171717 0.0025252525252525255

1735225212
0.7590511860174781 0.2397003745318352 0.0

1735225213
0.79375 0.20625 0.0

1735225214
0.7584059775840598 0.24159402241594022 0.0

1735225215
0.8352059925093633 0.1647940074906367 0.0

1735225216
0.7268170426065163 0.2731829573934837 0.0

1735225217
0.7855361596009975 0.2144638403990025 0.0

1735225218
0.8210262828535669 0.17897371714643304 0.0

1735225219
0.8635794743429287 0.13642052565707133 0.0

1735225220
0.8863920099875156 0.1136079900124844 0.0

1735225221
0.8178391959798995 0.18090452261306533 0.0

1735225222
0.75125 0.24875 0.0

1735225223
0.7947761194029851 0.20398009950248755 0.0

1735225224
0.78 0.21875 0.0

1735225225
0.7314356435643564 0.2660891089108911 0.0012376237623762376

1735225227
0.7460716530483973 0.25392834695160277 0.0

1735225228
0.81375 0.18625 0.0

1735225229
0.81 0.19 0.0

1735225230
0.7984981226533167 0.20150187734668334 0.0

1735225231
0.855 0.145 0.0

1735225232
0.82625 0.1725 0.0

1735225233
0.7543859649122807 0.24561403508771928 0.0

1735225234
0.7205513784461153 0.2781954887218045 0.0

1735225235
0.6924034869240349 0.30635118306351183 0.0

1735225236
0.6842105263157895 0.3132832080200501 0.0

1735225237
0.8014981273408239 0.19850187265917604 0.0

1735225238
0.845 0.155 0.0

1735225239
0.8110137672090113 0.18898623279098872 0.0

1735225240
0.8575 0.1425 0.0

1735225241
0.8451935081148564 0.15480649188514356 0.0

1735225242
0.8208588957055215 0.17914110429447852 0.0

1735225244
0.8343828715365239 0.16561712846347607 0.0

1735225245
0.8153266331658291 0.18467336683417085 0.0

1735225246
0.8097014925373134 0.19029850746268656 0.0

1735225247
0.8076923076923077 0.19230769230769232 0.0

1735225248
0.8403247631935047 0.15967523680649526 0.0

1735225249
0.8785982478097623 0.1214017521902378 0.0

1735225250
0.91125 0.08875 0.0

1735225251
0.8789013732833958 0.12109862671660425 0.0

1735225252
0.8936170212765957 0.10638297872340426 0.0

1735225253
0.89 0.11 0.0

1735225254
0.8318804483188045 0.16811955168119552 0.0

1735225255
0.8381430363864492 0.1618569636135508 0.0

1735225256
0.8644278606965174 0.13557213930348258 0.0

1735225257
0.9007537688442211 0.0992462311557789 0.0

1735225258
0.87 0.13 0.0

1735225259
0.77 0.23 0.0

1735225260
0.8938826466916354 0.10611735330836454 0.0

1735225261
0.9035087719298246 0.09649122807017543 0.0

1735225262
0.8720496894409938 0.12795031055900621 0.0

1735225263
0.8706030150753769 0.12939698492462312 0.0

1735225264
0.875 0.125 0.0

1735225265
0.90375 0.09625 0.0

1735225266
0.8875 0.1125 0.0

1735225267
0.87 0.13 0.0

1735225268
0.8476903870162297 0.15106117353308365 0.0

1735225269
0.8410513141426783 0.15894868585732166 0.0

1735225270
0.8539325842696629 0.14606741573033707 0.0

1735225271
0.8430884184308842 0.1569115815691158 0.0

1735225272
0.8523153942428036 0.1476846057571965 0.0

1735225273
0.890840652446675 0.10915934755332497 0.0

1735225274
0.8825 0.1175 0.0

1735225275
0.8345771144278606 0.1654228855721393 0.0

1735225276
0.8607277289836889 0.13927227101631118 0.0

1735225277
0.8617683686176837 0.1382316313823163 0.0

1735225278
0.8660826032540676 0.13391739674593242 0.0

1735225279
0.8483709273182958 0.15162907268170425 0.0

1735225280
0.8591022443890274 0.14089775561097256 0.0

1735225281
0.793233082706767 0.20676691729323307 0.0

1735225282
0.821917808219178 0.1780821917808219 0.0

1735225283
0.80125 0.19875 0.0

1735225284
0.7967377666248432 0.20326223337515684 0.0

1735225285
0.7959949937421777 0.20400500625782228 0.0

1735225286
0.7895392278953923 0.21046077210460773 0.0

1735225287
0.7765293383270911 0.22347066167290885 0.0

1735225288
0.804755944931164 0.19524405506883605 0.0

1735225289
0.8401997503121099 0.15980024968789014 0.0

1735225290
0.8592964824120602 0.1407035175879397 0.0

1735225291
0.8706467661691543 0.12935323383084577 0.0

1735225292
0.87 0.13 0.0

1735225293
0.87625 0.12375 0.0

1735225294
0.8682559598494354 0.13174404015056462 0.0

1735225295
0.8655043586550436 0.13449564134495642 0.0

1735225296
0.8679245283018868 0.1320754716981132 0.0

1735225297
0.9213483146067416 0.07865168539325842 0.0

1735225298
0.8776266996291718 0.12237330037082818 0.0

1735225299
0.8697850821744627 0.1302149178255373 0.0

1735225300
0.90125 0.09875 0.0

1735225301
0.85625 0.14375 0.0

1735225302
0.87 0.13 0.0

1735225303
0.87125 0.12875 0.0

1735225304
0.8976279650436954 0.10237203495630462 0.0

1735225305
0.8533834586466166 0.14661654135338345 0.0

1735225306
0.8626716604244694 0.1373283395755306 0.0

1735225307
0.8829389788293898 0.11706102117061021 0.0

