1735224413
0.0 0.0 0.0

1735224414
0.0 0.0 0.0

1735224415
0.0 0.0 0.0

1735224416
0.0 0.0 0.0

1735224417
0.0 0.0 0.0

1735224418
0.0 0.0 0.0

1735224419
0.0 0.0 0.0

1735224420
0.0 0.0 0.0

1735224421
0.0 0.0 0.0

1735224422
0.0 0.0 0.0

1735224423
0.0 0.0 0.0

1735224424
0.0 0.0 0.0

1735224425
0.0 0.0 0.0

1735224426
0.0 0.0 0.0

1735224427
0.0 0.0 0.0

1735224428
0.0 0.0 0.0

1735224429
0.0 0.0 0.0

1735224430
0.0 0.0 0.0

1735224431
0.0 0.0 0.0

1735224432
0.0 0.0 0.0

1735224433
0.0 0.0 0.0

1735224434
0.0 0.0 0.0

1735224435
0.0 0.0 0.0

1735224436
0.0 0.0 0.0

1735224437
0.0 0.0 0.0

1735224438
0.0 0.0 0.0

1735224439
0.0 0.0 0.0

1735224440
0.0 0.0 0.0

1735224441
0.0 0.0 0.0

1735224442
0.0 0.0 0.0

1735224443
0.0 0.0 0.0

1735224444
0.0 0.0 0.0

1735224445
0.0 0.0 0.0

1735224446
0.0 0.0 0.0

1735224447
0.0 0.0 0.0

1735224448
0.0 0.0 0.0

1735224449
0.0 0.0 0.0

1735224450
0.0 0.0 0.0

1735224451
0.0 0.0 0.0

1735224452
0.0 0.0 0.0

1735224453
0.0 0.0 0.0

1735224454
0.0 0.0 0.0

1735224455
0.0 0.0 0.0

1735224456
0.0 0.0 0.0

1735224457
0.0 0.0 0.0

1735224458
0.0 0.0 0.0

1735224459
0.0 0.0 0.0

1735224460
0.0 0.0 0.0

1735224461
0.0 0.0 0.0

1735224462
0.0 0.0 0.0

1735224463
0.0 0.0 0.0

1735224464
0.0 0.0 0.0

1735224465
0.0 0.0 0.0

1735224466
0.0 0.0 0.0

1735224467
0.0 0.0 0.0

1735224468
0.0 0.0 0.0

1735224469
0.0 0.0 0.0

1735224470
0.0 0.0 0.0

1735224471
0.0 0.0 0.0

1735224472
0.0 0.0 0.0

1735224473
0.0 0.0 0.0

1735224474
0.0 0.0 0.0

1735224475
0.0 0.0 0.0

1735224476
0.0 0.0 0.0

1735224477
0.0 0.0 0.0

1735224478
0.0 0.0 0.0

1735224479
0.0 0.0 0.0

1735224480
0.0 0.0 0.0

1735224481
0.0 0.0 0.0

1735224482
0.0 0.0 0.0

1735224483
0.0 0.0 0.0

1735224484
0.0 0.0 0.0

1735224485
0.0 0.0 0.0

1735224486
0.0 0.0 0.0

1735224487
0.0 0.0 0.0

1735224488
0.0 0.0 0.0

1735224489
0.0 0.0 0.0

1735224490
0.0 0.0 0.0

1735224491
0.0 0.0 0.0

1735224492
0.0 0.0 0.0

1735224493
0.0 0.0 0.0

1735224494
0.0 0.0 0.0

1735224495
0.0 0.0 0.0

1735224496
0.0 0.0 0.0

1735224497
0.0 0.0 0.0

1735224498
0.0 0.0 0.0

1735224499
0.0 0.0 0.0

1735224500
0.0 0.0 0.0

1735224501
0.0 0.0 0.0

1735224502
0.0 0.0 0.0

1735224503
0.0 0.0 0.0

1735224504
0.0 0.0 0.0

1735224505
0.0 0.0 0.0

1735224506
0.0 0.0 0.0

1735224507
0.0 0.0 0.0

1735224508
0.0 0.0 0.0

1735224509
0.0 0.0 0.0

1735224510
0.0 0.0 0.0

1735224511
0.0 0.0 0.0

1735224512
0.0 0.0 0.0

1735224513
0.0 0.0 0.0

1735224514
0.0 0.0 0.0

1735224515
0.0 0.0 0.0

1735224516
0.0 0.0 0.0

1735224517
0.0 0.0 0.0

1735224518
0.0 0.0 0.0

1735224519
0.0 0.0 0.0

1735224520
0.0 0.0 0.0

1735224521
0.0 0.0 0.0

1735224522
0.0 0.0 0.0

1735224523
0.0 0.0 0.0

1735224524
0.0 0.0 0.0

1735224525
0.0 0.0 0.0

1735224526
0.0 0.0 0.0

1735224527
0.0 0.0 0.0

1735224528
0.0 0.0 0.0

1735224529
0.0 0.0 0.0

1735224530
0.0 0.0 0.0

1735224531
0.0 0.0 0.0

1735224532
0.0 0.0 0.0

1735224533
0.0 0.0 0.0

1735224534
0.0 0.0 0.0

1735224535
0.0 0.0 0.0

1735224536
0.0 0.0 0.0

1735224537
0.0 0.0 0.0

1735224538
0.0 0.0 0.0

1735224539
0.0 0.0 0.0

1735224540
0.0 0.0 0.0

1735224541
0.0 0.0 0.0

1735224542
0.0 0.0 0.0

1735224543
0.0 0.0 0.0

1735224544
0.0 0.0 0.0

1735224545
0.0 0.0 0.0

1735224546
0.0 0.0 0.0

1735224547
0.0 0.0 0.0

1735224548
0.0 0.0 0.0

1735224549
0.0 0.0 0.0

1735224550
0.0 0.0 0.0

1735224551
0.0 0.0 0.0

1735224552
0.0 0.0 0.0

1735224553
0.0 0.0 0.0

1735224554
0.0 0.0 0.0

1735224555
0.0 0.0 0.0

1735224556
0.0 0.0 0.0

1735224557
0.0 0.0 0.0

1735224558
0.0 0.0 0.0

1735224559
0.0 0.0 0.0

1735224560
0.0 0.0 0.0

1735224561
0.0 0.0 0.0

1735224562
0.0 0.0 0.0

1735224563
0.0 0.0 0.0

1735224564
0.0 0.0 0.0

1735224565
0.0 0.0 0.0

1735224566
0.0 0.0 0.0

1735224567
0.0 0.0 0.0

1735224568
0.0 0.0 0.0

1735224569
0.0 0.0 0.0

1735224570
0.0 0.0 0.0

1735224571
0.0 0.0 0.0

1735224572
0.0 0.0 0.0

1735224573
0.0 0.0 0.0

1735224574
0.0 0.0 0.0

1735224575
0.0 0.0 0.0

1735224576
0.0 0.0 0.0

1735224577
0.0 0.0 0.0

1735224578
0.0 0.0 0.0

1735224579
0.0 0.0 0.0

1735224580
0.0 0.0 0.0

1735224581
0.0 0.0 0.0

1735224582
0.0 0.0 0.0

1735224583
0.0 0.0 0.0

1735224584
0.0 0.0 0.0

1735224585
0.0 0.0 0.0

1735224586
0.0 0.0 0.0

1735224587
0.0 0.0 0.0

1735224588
0.0 0.0 0.0

1735224589
0.0 0.0 0.0

1735224590
0.0 0.0 0.0

1735224592
0.0 0.0 0.0

1735224593
0.0 0.0 0.0

1735224594
0.0 0.0 0.0

1735224595
0.0 0.0 0.0

1735224596
0.0 0.0 0.0

1735224597
0.0 0.0 0.0

1735224598
0.0 0.0 0.0

1735224599
0.0 0.0 0.0

1735224600
0.0 0.0 0.0

1735224601
0.0 0.0 0.0

1735224602
0.0 0.0 0.0

1735224603
0.0 0.0 0.0

1735224604
0.0 0.0 0.0

1735224605
0.0 0.0 0.0

1735224606
0.0 0.0 0.0

1735224607
0.0 0.0 0.0

1735224608
0.0 0.0 0.0

1735224609
0.0 0.0 0.0

1735224610
0.0 0.0 0.0

1735224611
0.0 0.0 0.0

1735224612
0.0 0.0 0.0

1735224613
0.0 0.0 0.0

1735224614
0.0 0.0 0.0

1735224615
0.0 0.0 0.0

1735224616
0.0 0.0 0.0

1735224617
0.0 0.0 0.0

1735224618
0.0 0.0 0.0

1735224619
0.0 0.0 0.0

1735224620
0.0 0.0 0.0

1735224621
0.0 0.0 0.0

1735224622
0.0 0.0 0.0

1735224623
0.0 0.0 0.0

1735224624
0.0 0.0 0.0

1735224625
0.0 0.0 0.0

1735224626
0.0 0.0 0.0

1735224627
0.0 0.0 0.0

1735224628
0.0 0.0 0.0

1735224629
0.0 0.0 0.0

1735224630
0.0 0.0 0.0

1735224631
0.0 0.0 0.0

1735224632
0.0 0.0 0.0

1735224633
0.0 0.0 0.0

1735224634
0.0 0.0 0.0

1735224635
0.0 0.0 0.0

1735224636
0.0 0.0 0.0

1735224637
0.0 0.0 0.0

1735224638
0.0 0.0 0.0

1735224639
0.0 0.0 0.0

1735224640
0.0 0.0 0.0

1735224641
0.0 0.0 0.0

1735224642
0.0 0.0 0.0

1735224643
0.0 0.0 0.0

1735224644
0.0 0.0 0.0

1735224645
0.0 0.0 0.0

1735224646
0.0 0.0 0.0

1735224647
0.0 0.0 0.0

1735224648
0.0 0.0 0.0

1735224649
0.0 0.0 0.0

1735224650
0.0 0.0 0.0

1735224651
0.0 0.0 0.0

1735224652
0.0 0.0 0.0

1735224653
0.0 0.0 0.0

1735224654
0.0 0.0 0.0

1735224655
0.0 0.0 0.0

1735224656
0.0 0.0 0.0

1735224657
0.0 0.0 0.0

1735224658
0.0 0.0 0.0

1735224659
0.0 0.0 0.0

1735224660
0.0 0.0 0.0

1735224661
0.0 0.0 0.0

1735224662
0.0 0.0 0.0

1735224663
0.0 0.0 0.0

1735224664
0.0 0.0 0.0

1735224665
0.0 0.0 0.0

1735224666
0.0 0.0 0.0

1735224667
0.0 0.0 0.0

1735224668
0.0 0.0 0.0

1735224669
0.0 0.0 0.0

1735224670
0.0 0.0 0.0

1735224671
0.0 0.0 0.0

1735224672
0.0 0.0 0.0

1735224673
0.0 0.0 0.0

1735224674
0.0 0.0 0.0

1735224675
0.0 0.0 0.0

1735224676
0.0 0.0 0.0

1735224677
0.0 0.0 0.0

1735224678
0.0 0.0 0.0

1735224679
0.0 0.0 0.0

1735224680
0.0 0.0 0.0

1735224681
0.0 0.0 0.0

1735224682
0.0 0.0 0.0

1735224683
0.0 0.0 0.0

1735224684
0.0 0.0 0.0

1735224685
0.0 0.0 0.0

1735224686
0.0 0.0 0.0

1735224687
0.0 0.0 0.0

1735224688
0.0 0.0 0.0

1735224689
0.0 0.0 0.0

1735224690
0.0 0.0 0.0

1735224691
0.0 0.0 0.0

1735224692
0.0 0.0 0.0

1735224693
0.0 0.0 0.0

1735224694
0.0 0.0 0.0

1735224695
0.0 0.0 0.0

1735224696
0.0 0.0 0.0

1735224697
0.0 0.0 0.0

1735224698
0.0 0.0 0.0

1735224699
0.0 0.0 0.0

1735224700
0.0 0.0 0.0

1735224701
0.0 0.0 0.0

1735224702
0.0 0.0 0.0

1735224703
0.0 0.0 0.0

1735224704
0.0 0.0 0.0

1735224705
0.0 0.0 0.0

1735224706
0.0 0.0 0.0

1735224707
0.0 0.0 0.0

1735224708
0.0 0.0 0.0

1735224709
0.0 0.0 0.0

1735224710
0.0 0.0 0.0

1735224711
0.0 0.0 0.0

1735224712
0.0 0.0 0.0

1735224713
0.0 0.0 0.0

1735224714
0.0 0.0 0.0

1735224715
0.0 0.0 0.0

1735224716
0.0 0.0 0.0

1735224717
0.0 0.0 0.0

1735224718
0.0 0.0 0.0

1735224719
0.0 0.0 0.0

1735224720
0.0 0.0 0.0

1735224721
0.0 0.0 0.0

1735224722
0.0 0.0 0.0

1735224723
0.0 0.0 0.0

1735224724
0.0 0.0 0.0

1735224725
0.0 0.0 0.0

1735224726
0.0 0.0 0.0

1735224727
0.0 0.0 0.0

1735224728
0.0 0.0 0.0

1735224729
0.0 0.0 0.0

1735224730
0.0 0.0 0.0

1735224731
0.0 0.0 0.0

1735224732
0.0 0.0 0.0

1735224733
0.0 0.0 0.0

1735224734
0.0 0.0 0.0

1735224735
0.0 0.0 0.0

1735224736
0.0 0.0 0.0

1735224737
0.0 0.0 0.0

1735224738
0.0 0.0 0.0

1735224739
0.0 0.0 0.0

1735224740
0.0 0.0 0.0

1735224741
0.0 0.0 0.0

1735224742
0.0 0.0 0.0

1735224743
0.0 0.0 0.0

1735224744
0.0 0.0 0.0

1735224745
0.0 0.0 0.0

1735224746
0.0 0.0 0.0

1735224747
0.0 0.0 0.0

1735224748
0.0 0.0 0.0

1735224749
0.0 0.0 0.0

1735224750
0.0 0.0 0.0

1735224751
0.0 0.0 0.0

1735224752
0.0 0.0 0.0

1735224753
0.0 0.0 0.0

1735224754
0.0 0.0 0.0

1735224755
0.0 0.0 0.0

1735224756
0.0 0.0 0.0

1735224757
0.0 0.0 0.0

1735224758
0.0 0.0 0.0

1735224759
0.0 0.0 0.0

1735224760
0.0 0.0 0.0

1735224761
0.0 0.0 0.0

1735224762
0.0 0.0 0.0

1735224763
0.0 0.0 0.0

1735224764
0.0 0.0 0.0

1735224765
0.0 0.0 0.0

1735224766
0.0 0.0 0.0

1735224767
0.0 0.0 0.0

1735224768
0.0 0.0 0.0

1735224769
0.0 0.0 0.0

1735224770
0.0 0.0 0.0

1735224771
0.0 0.0 0.0

1735224772
0.0 0.0 0.0

1735224773
0.0 0.0 0.0

1735224774
0.0 0.0 0.0

1735224775
0.0 0.0 0.0

1735224776
0.0 0.0 0.0

1735224777
0.0 0.0 0.0

1735224778
0.0 0.0 0.0

1735224779
0.0 0.0 0.0

1735224780
0.0 0.0 0.0

1735224781
0.0 0.0 0.0

1735224782
0.0 0.0 0.0

1735224783
0.0 0.0 0.0

1735224784
0.0 0.0 0.0

1735224785
0.0 0.0 0.0

1735224786
0.0 0.0 0.0

1735224787
0.0 0.0 0.0

1735224788
0.0 0.0 0.0

1735224789
0.0 0.0 0.0

1735224790
0.0 0.0 0.0

1735224791
0.0 0.0 0.0

1735224792
0.0 0.0 0.0

1735224793
0.0 0.0 0.0

1735224794
0.0 0.0 0.0

1735224795
0.0 0.0 0.0

1735224796
0.0 0.0 0.0

1735224797
0.0 0.0 0.0

1735224798
0.0 0.0 0.0

1735224799
0.0 0.0 0.0

1735224800
0.0 0.0 0.0

1735224801
0.0 0.0 0.0

1735224802
0.0 0.0 0.0

1735224803
0.0 0.0 0.0

1735224804
0.0 0.0 0.0

1735224805
0.0 0.0 0.0

1735224806
0.0 0.0 0.0

1735224807
0.0 0.0 0.0

1735224808
0.0 0.0 0.0

1735224809
0.0 0.0 0.0

1735224810
0.0 0.0 0.0

1735224811
0.0 0.0 0.0

1735224812
0.0 0.0 0.0

1735224813
0.0 0.0 0.0

1735224814
0.0 0.0 0.0

1735224815
0.0 0.0 0.0

1735224816
0.0 0.0 0.0

1735224817
0.0 0.0 0.0

1735224818
0.0 0.0 0.0

1735224819
0.0 0.0 0.0

1735224820
0.0 0.0 0.0

1735224821
0.0 0.0 0.0

1735224822
0.0 0.0 0.0

1735224823
0.0 0.0 0.0

1735224824
0.0 0.0 0.0

1735224825
0.0 0.0 0.0

1735224826
0.0 0.0 0.0

1735224827
0.0 0.0 0.0

1735224828
0.0 0.0 0.0

1735224829
0.0 0.0 0.0

1735224830
0.0 0.0 0.0

1735224831
0.0 0.0 0.0

1735224832
0.0 0.0 0.0

1735224833
0.0 0.0 0.0

1735224834
0.0 0.0 0.0

1735224835
0.0 0.0 0.0

1735224836
0.0 0.0 0.0

1735224837
0.0 0.0 0.0

1735224838
0.0 0.0 0.0

1735224839
0.0 0.0 0.0

1735224840
0.0 0.0 0.0

1735224841
0.0 0.0 0.0

1735224842
0.0 0.0 0.0

1735224843
0.0 0.0 0.0

1735224844
0.0 0.0 0.0

1735224846
0.0 0.0 0.0

1735224847
0.0 0.0 0.0

1735224848
0.0 0.0 0.0

1735224849
0.0 0.0 0.0

1735224850
0.0 0.0 0.0

1735224851
0.0 0.0 0.0

1735224852
0.0 0.0 0.0

1735224853
0.0 0.0 0.0

1735224854
0.0 0.0 0.0

1735224855
0.0 0.0 0.0

1735224856
0.0 0.0 0.0

1735224857
0.0 0.0 0.0

1735224858
0.0 0.0 0.0

1735224859
0.0 0.0 0.0

1735224860
0.0 0.0 0.0

1735224861
0.0 0.0 0.0

1735224862
0.0 0.0 0.0

1735224863
0.0 0.0 0.0

1735224864
0.0 0.0 0.0

1735224865
0.0 0.0 0.0

1735224866
0.0 0.0 0.0

1735224867
0.0 0.0 0.0

1735224868
0.0 0.0 0.0

1735224869
0.0 0.0 0.0

1735224870
0.0 0.0 0.0

1735224871
0.0 0.0 0.0

1735224872
0.0 0.0 0.0

1735224873
0.0 0.0 0.0

1735224874
0.0 0.0 0.0

1735224875
0.0 0.0 0.0

1735224876
0.0 0.0 0.0

1735224877
0.0 0.0 0.0

1735224878
0.0 0.0 0.0

1735224879
0.0 0.0 0.0

1735224880
0.0 0.0 0.0

1735224881
0.0 0.0 0.0

1735224882
0.0 0.0 0.0

1735224883
0.0 0.0 0.0

1735224884
0.0 0.0 0.0

1735224885
0.0 0.0 0.0

1735224886
0.0 0.0 0.0

1735224887
0.0 0.0 0.0

1735224888
0.0 0.0 0.0

1735224889
0.0 0.0 0.0

1735224890
0.0 0.0 0.0

1735224891
0.0 0.0 0.0

1735224892
0.0 0.0 0.0

1735224893
0.0 0.0 0.0

1735224894
0.0 0.0 0.0

1735224895
0.0 0.0 0.0

1735224896
0.0 0.0 0.0

1735224897
0.0 0.0 0.0

1735224898
0.0 0.0 0.0

1735224899
0.0 0.0 0.0

1735224900
0.0 0.0 0.0

1735224901
0.0 0.0 0.0

1735224902
0.0 0.0 0.0

1735224903
0.0 0.0 0.0

1735224904
0.0 0.0 0.0

1735224905
0.0 0.0 0.0

1735224906
0.0 0.0 0.0

1735224907
0.0 0.0 0.0

1735224908
0.0 0.0 0.0

1735224909
0.0 0.0 0.0

1735224910
0.0 0.0 0.0

1735224911
0.0 0.0 0.0

1735224912
0.0 0.0 0.0

1735224913
0.0 0.0 0.0

1735224914
0.0 0.0 0.0

1735224915
0.0 0.0 0.0

1735224916
0.0 0.0 0.0

1735224917
0.0 0.0 0.0

1735224918
0.0 0.0 0.0

1735224919
0.0 0.0 0.0

1735224920
0.0 0.0 0.0

1735224921
0.0 0.0 0.0

1735224922
0.0 0.0 0.0

1735224923
0.0 0.0 0.0

1735224924
0.0 0.0 0.0

1735224925
0.0 0.0 0.0

1735224926
0.0 0.0 0.0

1735224927
0.0 0.0 0.0

1735224928
0.0 0.0 0.0

1735224929
0.0 0.0 0.0

1735224930
0.0 0.0 0.0

1735224931
0.0 0.0 0.0

1735224932
0.0 0.0 0.0

1735224933
0.0 0.0 0.0

1735224934
0.0 0.0 0.0

1735224935
0.0 0.0 0.0

1735224936
0.0 0.0 0.0

1735224937
0.0 0.0 0.0

1735224938
0.0 0.0 0.0

1735224939
0.0 0.0 0.0

1735224940
0.0 0.0 0.0

1735224941
0.0 0.0 0.0

1735224942
0.0 0.0 0.0

1735224943
0.0 0.0 0.0

1735224944
0.0 0.0 0.0

1735224945
0.0 0.0 0.0

1735224946
0.0 0.0 0.0

1735224947
0.0 0.0 0.0

1735224948
0.0 0.0 0.0

1735224949
0.0 0.0 0.0

1735224950
0.0 0.0 0.0

1735224951
0.0 0.0 0.0

1735224952
0.0 0.0 0.0

1735224953
0.0 0.0 0.0

1735224954
0.0 0.0 0.0

1735224955
0.0 0.0 0.0

1735224956
0.0 0.0 0.0

1735224957
0.0 0.0 0.0

1735224958
0.0 0.0 0.0

1735224959
0.0 0.0 0.0

1735224960
0.0 0.0 0.0

1735224961
0.0 0.0 0.0

1735224962
0.0 0.0 0.0

1735224963
0.0 0.0 0.0

1735224964
0.0 0.0 0.0

1735224965
0.0 0.0 0.0

1735224966
0.0 0.0 0.0

1735224967
0.0 0.0 0.0

1735224968
0.0 0.0 0.0

1735224969
0.0 0.0 0.0

1735224970
0.0 0.0 0.0

1735224971
0.0 0.0 0.0

1735224972
0.0 0.0 0.0

1735224973
0.0 0.0 0.0

1735224974
0.0 0.0 0.0

1735224975
0.0 0.0 0.0

1735224976
0.0 0.0 0.0

1735224977
0.0 0.0 0.0

1735224978
0.0 0.0 0.0

1735224979
0.0 0.0 0.0

1735224980
0.0 0.0 0.0

1735224981
0.0 0.0 0.0

1735224982
0.0 0.0 0.0

1735224983
0.0 0.0 0.0

1735224984
0.0 0.0 0.0

1735224985
0.0 0.0 0.0

1735224986
0.0 0.0 0.0

1735224987
0.0 0.0 0.0

1735224988
0.0 0.0 0.0

1735224989
0.0 0.0 0.0

1735224990
0.0 0.0 0.0

1735224991
0.0 0.0 0.0

1735224992
0.0 0.0 0.0

1735224993
0.0 0.0 0.0

1735224994
0.0 0.0 0.0

1735224995
0.0 0.0 0.0

1735224996
0.0 0.0 0.0

1735224997
0.0 0.0 0.0

1735224998
0.0 0.0 0.0

1735224999
0.0 0.0 0.0

1735225000
0.0 0.0 0.0

1735225001
0.0 0.0 0.0

1735225002
0.0 0.0 0.0

1735225003
0.0 0.0 0.0

1735225004
0.0 0.0 0.0

1735225005
0.0 0.0 0.0

1735225006
0.0 0.0 0.0

1735225007
0.0 0.0 0.0

1735225008
0.0 0.0 0.0

1735225009
0.0 0.0 0.0

1735225010
0.0 0.0 0.0

1735225011
0.0 0.0 0.0

1735225012
0.0 0.0 0.0

1735225013
0.0 0.0 0.0

1735225014
0.0 0.0 0.0

1735225015
0.0 0.0 0.0

1735225016
0.0 0.0 0.0

1735225017
0.0 0.0 0.0

1735225018
0.0 0.0 0.0

1735225019
0.0 0.0 0.0

1735225020
0.0 0.0 0.0

1735225021
0.0 0.0 0.0

1735225022
0.0 0.0 0.0

1735225023
0.0 0.0 0.0

1735225024
0.0 0.0 0.0

1735225025
0.0 0.0 0.0

1735225026
0.0 0.0 0.0

1735225027
0.0 0.0 0.0

1735225028
0.0 0.0 0.0

1735225029
0.0 0.0 0.0

1735225030
0.0 0.0 0.0

1735225031
0.0 0.0 0.0

1735225032
0.0 0.0 0.0

1735225033
0.0 0.0 0.0

1735225034
0.0 0.0 0.0

1735225035
0.0 0.0 0.0

1735225036
0.0 0.0 0.0

1735225037
0.0 0.0 0.0

1735225038
0.0 0.0 0.0

1735225039
0.0 0.0 0.0

1735225040
0.0 0.0 0.0

1735225041
0.0 0.0 0.0

1735225042
0.0 0.0 0.0

1735225043
0.0 0.0 0.0

1735225044
0.0 0.0 0.0

1735225045
0.0 0.0 0.0

1735225046
0.0 0.0 0.0

1735225047
0.0 0.0 0.0

1735225048
0.0 0.0 0.0

1735225049
0.0 0.0 0.0

1735225050
0.0 0.0 0.0

1735225051
0.0 0.0 0.0

1735225052
0.0 0.0 0.0

1735225053
0.0 0.0 0.0

1735225054
0.0 0.0 0.0

1735225055
0.0 0.0 0.0

1735225056
0.0 0.0 0.0

1735225057
0.0 0.0 0.0

1735225058
0.0 0.0 0.0

1735225059
0.0 0.0 0.0

1735225060
0.0 0.0 0.0

1735225061
0.0 0.0 0.0

1735225062
0.0 0.0 0.0

1735225063
0.0 0.0 0.0

1735225064
0.0 0.0 0.0

1735225065
0.0 0.0 0.0

1735225066
0.0 0.0 0.0

1735225067
0.0 0.0 0.0

1735225068
0.0 0.0 0.0

1735225069
0.0 0.0 0.0

1735225070
0.0 0.0 0.0

1735225071
0.0 0.0 0.0

1735225072
0.0 0.0 0.0

1735225073
0.0 0.0 0.0

1735225074
0.0 0.0 0.0

1735225075
0.0 0.0 0.0

1735225076
0.0 0.0 0.0

1735225077
0.0 0.0 0.0

1735225078
0.0 0.0 0.0

1735225079
0.0 0.0 0.0

1735225080
0.0 0.0 0.0

1735225081
0.0 0.0 0.0

1735225082
0.0 0.0 0.0

1735225083
0.0 0.0 0.0

1735225084
0.0 0.0 0.0

1735225085
0.0 0.0 0.0

1735225086
0.0 0.0 0.0

1735225087
0.0 0.0 0.0

1735225088
0.0 0.0 0.0

1735225089
0.0 0.0 0.0

1735225090
0.0 0.0 0.0

1735225091
0.0 0.0 0.0

1735225092
0.0 0.0 0.0

1735225093
0.0 0.0 0.0

1735225094
0.0 0.0 0.0

1735225095
0.0 0.0 0.0

1735225096
0.0 0.0 0.0

1735225097
0.0 0.0 0.0

1735225098
0.0 0.0 0.0

1735225099
0.0 0.0 0.0

1735225100
0.0 0.0 0.0

1735225101
0.0 0.0 0.0

1735225102
0.0 0.0 0.0

1735225103
0.0 0.0 0.0

1735225104
0.0 0.0 0.0

1735225105
0.0 0.0 0.0

1735225106
0.0 0.0 0.0

1735225107
0.0 0.0 0.0

1735225108
0.0 0.0 0.0

1735225109
0.0 0.0 0.0

1735225110
0.0 0.0 0.0

1735225111
0.0 0.0 0.0

1735225112
0.0 0.0 0.0

1735225113
0.0 0.0 0.0

1735225115
0.0 0.0 0.0

1735225116
0.0 0.0 0.0

1735225117
0.0 0.0 0.0

1735225118
0.0 0.0 0.0

1735225119
0.0 0.0 0.0

1735225120
0.0 0.0 0.0

1735225121
0.0 0.0 0.0

1735225122
0.0 0.0 0.0

1735225123
0.0 0.0 0.0

1735225124
0.0 0.0 0.0

1735225125
0.0 0.0 0.0

1735225126
0.0 0.0 0.0

1735225127
0.0 0.0 0.0

1735225128
0.0 0.0 0.0

1735225129
0.0 0.0 0.0

1735225130
0.0 0.0 0.0

1735225131
0.0 0.0 0.0

1735225132
0.0 0.0 0.0

1735225133
0.0 0.0 0.0

1735225134
0.0 0.0 0.0

1735225135
0.0 0.0 0.0

1735225136
0.0 0.0 0.0

1735225137
0.0 0.0 0.0

1735225138
0.0 0.0 0.0

1735225139
0.0 0.0 0.0

1735225141
0.0 0.0 0.0

1735225142
0.0 0.0 0.0

1735225143
0.0 0.0 0.0

1735225144
0.0 0.0 0.0

1735225145
0.0 0.0 0.0

1735225146
0.0 0.0 0.0

1735225147
0.0 0.0 0.0

1735225148
0.0 0.0 0.0

1735225149
0.0 0.0 0.0

1735225151
0.0 0.0 0.0

1735225152
0.0 0.0 0.0

1735225153
0.0 0.0 0.0

1735225155
0.0 0.0 0.0

1735225156
0.0 0.0 0.0

1735225157
0.0 0.0 0.0

1735225158
0.0 0.0 0.0

1735225159
0.0 0.0 0.0

1735225160
0.0 0.0 0.0

1735225161
0.0 0.0 0.0

1735225162
0.0 0.0 0.0

1735225163
0.0 0.0 0.0

1735225164
0.0 0.0 0.0

1735225165
0.0 0.0 0.0

1735225166
0.0 0.0 0.0

1735225167
0.0 0.0 0.0

1735225168
0.0 0.0 0.0

1735225169
0.0 0.0 0.0

1735225170
0.0 0.0 0.0

1735225171
0.0 0.0 0.0

1735225172
0.0 0.0 0.0

1735225173
0.0 0.0 0.0

1735225174
0.0 0.0 0.0

1735225175
0.0 0.0 0.0

1735225176
0.0 0.0 0.0

1735225177
0.0 0.0 0.0

1735225178
0.0 0.0 0.0

1735225179
0.0 0.0 0.0

1735225180
0.0 0.0 0.0

1735225181
0.0 0.0 0.0

1735225182
0.0 0.0 0.0

1735225183
0.0 0.0 0.0

1735225184
0.0 0.0 0.0

1735225185
0.0 0.0 0.0

1735225186
0.0 0.0 0.0

1735225187
0.0 0.0 0.0

1735225188
0.0 0.0 0.0

1735225189
0.0 0.0 0.0

1735225190
0.0 0.0 0.0

1735225191
0.0 0.0 0.0

1735225192
0.0 0.0 0.0

1735225193
0.0 0.0 0.0

1735225194
0.0 0.0 0.0

1735225195
0.0 0.0 0.0

1735225196
0.0 0.0 0.0

1735225197
0.0 0.0 0.0

1735225198
0.0 0.0 0.0

1735225199
0.0 0.0 0.0

1735225200
0.0 0.0 0.0

1735225201
0.0 0.0 0.0

1735225202
0.0 0.0 0.0

1735225203
0.0 0.0 0.0

1735225204
0.0 0.0 0.0

1735225205
0.0 0.0 0.0

1735225206
0.0 0.0 0.0

1735225207
0.0 0.0 0.0

1735225208
0.0 0.0 0.0

1735225209
0.0 0.0 0.0

1735225210
0.0 0.0 0.0

1735225211
0.0 0.0 0.0

1735225212
0.0 0.0 0.0

1735225213
0.0 0.0 0.0

1735225214
0.0 0.0 0.0

1735225215
0.0 0.0 0.0

1735225216
0.0 0.0 0.0

1735225217
0.0 0.0 0.0

1735225218
0.0 0.0 0.0

1735225219
0.0 0.0 0.0

1735225220
0.0 0.0 0.0

1735225221
0.0 0.0 0.0

1735225222
0.0 0.0 0.0

1735225223
0.0 0.0 0.0

1735225224
0.0 0.0 0.0

1735225225
0.0 0.0 0.0

1735225227
0.0 0.0 0.0

1735225228
0.0 0.0 0.0

1735225229
0.0 0.0 0.0

1735225230
0.0 0.0 0.0

1735225231
0.0 0.0 0.0

1735225232
0.0 0.0 0.0

1735225233
0.0 0.0 0.0

1735225234
0.0 0.0 0.0

1735225235
0.0 0.0 0.0

1735225236
0.0 0.0 0.0

1735225237
0.0 0.0 0.0

1735225238
0.0 0.0 0.0

1735225239
0.0 0.0 0.0

1735225240
0.0 0.0 0.0

1735225241
0.0 0.0 0.0

1735225242
0.0 0.0 0.0

1735225244
0.0 0.0 0.0

1735225245
0.0 0.0 0.0

1735225246
0.0 0.0 0.0

1735225247
0.0 0.0 0.0

1735225248
0.0 0.0 0.0

1735225249
0.0 0.0 0.0

1735225250
0.0 0.0 0.0

1735225251
0.0 0.0 0.0

1735225252
0.0 0.0 0.0

1735225253
0.0 0.0 0.0

1735225254
0.0 0.0 0.0

1735225255
0.0 0.0 0.0

1735225256
0.0 0.0 0.0

1735225257
0.0 0.0 0.0

1735225258
0.0 0.0 0.0

1735225259
0.0 0.0 0.0

1735225260
0.0 0.0 0.0

1735225261
0.0 0.0 0.0

1735225262
0.0 0.0 0.0

1735225263
0.0 0.0 0.0

1735225264
0.0 0.0 0.0

1735225265
0.0 0.0 0.0

1735225266
0.0 0.0 0.0

1735225267
0.0 0.0 0.0

1735225268
0.0 0.0 0.0

1735225269
0.0 0.0 0.0

1735225270
0.0 0.0 0.0

1735225271
0.0 0.0 0.0

1735225272
0.0 0.0 0.0

1735225273
0.0 0.0 0.0

1735225274
0.0 0.0 0.0

1735225275
0.0 0.0 0.0

1735225276
0.0 0.0 0.0

1735225277
0.0 0.0 0.0

1735225278
0.0 0.0 0.0

1735225279
0.0 0.0 0.0

1735225280
0.0 0.0 0.0

1735225281
0.0 0.0 0.0

1735225282
0.0 0.0 0.0

1735225283
0.0 0.0 0.0

1735225284
0.0 0.0 0.0

1735225285
0.0 0.0 0.0

1735225286
0.0 0.0 0.0

1735225287
0.0 0.0 0.0

1735225288
0.0 0.0 0.0

1735225289
0.0 0.0 0.0

1735225290
0.0 0.0 0.0

1735225291
0.0 0.0 0.0

1735225292
0.0 0.0 0.0

1735225293
0.0 0.0 0.0

1735225294
0.0 0.0 0.0

1735225295
0.0 0.0 0.0

1735225296
0.0 0.0 0.0

1735225297
0.0 0.0 0.0

1735225298
0.0 0.0 0.0

1735225299
0.0 0.0 0.0

1735225300
0.0 0.0 0.0

1735225301
0.0 0.0 0.0

1735225302
0.0 0.0 0.0

1735225303
0.0 0.0 0.0

1735225304
0.0 0.0 0.0

1735225305
0.0 0.0 0.0

1735225306
0.0 0.0 0.0

