1735224413
4006768 777076 283868 1337108 0 0

1735224414
4006768 651584 283996 1341388 0 0

1735224415
4006768 632380 283996 1343592 0 0

1735224416
4006768 613784 284004 1350500 0 0

1735224417
4006768 587120 284028 1362556 0 0

1735224418
4006768 621792 284028 1370624 0 0

1735224419
4006768 564300 284028 1399276 0 0

1735224420
4006768 499568 284040 1438048 0 0

1735224421
4006768 498016 284056 1444436 0 0

1735224422
4006768 471400 284104 1457252 0 0

1735224423
4006768 483296 284144 1462596 0 0

1735224424
4006768 464220 284220 1467052 0 0

1735224425
4006768 498288 284240 1475728 0 0

1735224426
4006768 463064 284248 1496020 0 0

1735224427
4006768 433416 284268 1501112 0 0

1735224428
4006768 445948 284308 1512900 0 0

1735224429
4006768 409900 284356 1528964 0 0

1735224430
4006768 410160 284372 1532720 0 0

1735224431
4006768 245984 284544 1670856 0 0

1735224432
4006768 204952 284688 1706024 0 0

1735224433
4006768 194176 284688 1711108 0 0

1735224434
4006768 179536 284736 1726200 0 0

1735224435
4006768 158956 284748 1738420 0 0

1735224436
4006768 149004 284196 1670624 0 0

1735224437
4006768 199484 284184 1658988 0 0

1735224438
4006768 227376 284232 1664416 0 0

1735224439
4006768 211452 284272 1670256 0 0

1735224440
4006768 220180 284308 1676920 0 0

1735224441
4006768 208048 284316 1688796 0 0

1735224442
4006768 187596 284316 1693584 0 0

1735224443
4006768 184032 284316 1704784 0 0

1735224444
4006768 189072 284332 1709772 0 0

1735224445
4006768 173476 284332 1713724 0 0

1735224446
4006768 160664 284332 1717972 0 0

1735224447
4006768 160012 284332 1722188 0 0

1735224448
4006768 158864 284332 1726276 0 0

1735224449
4006768 150992 284340 1730388 0 0

1735224450
4006768 152624 284344 1734480 0 0

1735224451
4006768 146012 284348 1738956 0 0

1735224452
4006768 132576 284348 1742076 0 0

1735224453
4006768 135532 284352 1746160 0 0

1735224454
4006768 127508 284364 1750700 0 0

1735224455
4006768 129360 284364 1755680 0 0

1735224456
4006768 113708 284364 1760404 0 0

1735224457
4006768 115888 284364 1765516 0 0

1735224458
4006768 127624 284364 1750776 0 0

1735224459
4006768 113968 284376 1756012 0 0

1735224460
4006768 131484 284376 1739884 0 0

1735224461
4006768 118500 284372 1723444 0 0

1735224462
4006768 184708 284392 1728652 0 0

1735224463
4006768 161356 284428 1740352 0 0

1735224464
4006768 151428 284428 1742980 0 0

1735224465
4006768 141968 284428 1745508 0 0

1735224466
4006768 111380 284416 1645160 0 0

1735224467
4006768 122756 284168 1580536 0 0

1735224468
4006768 130376 284168 1582524 0 0

1735224469
4006768 114168 283284 1521124 0 0

1735224470
4006768 141864 282628 1460612 0 0

1735224471
4006768 173836 282592 1426936 0 0

1735224472
4006768 177880 282152 1391400 0 0

1735224473
4006768 156360 282152 1394120 0 0

1735224474
4006768 164556 281892 1345836 0 0

1735224475
4006768 120452 278800 1317248 0 0

1735224476
4006768 150848 278800 1319908 0 0

1735224477
4006768 122408 278808 1322440 0 0

1735224478
4006768 123120 275648 1296036 0 0

1735224479
4006768 233732 270056 1237928 0 0

1735224480
4006768 245208 270188 1240540 0 0

1735224481
4006768 350116 270192 1243736 0 0

1735224482
4006768 525724 270456 1251644 0 0

1735224483
4006768 554540 270960 1292484 0 0

1735224484
4006768 350556 270968 1304436 0 0

1735224485
4006768 374492 270968 1307936 0 0

1735224486
4006768 267880 271184 1310988 0 0

1735224487
4006768 209468 271200 1313684 0 0

1735224488
4006768 253080 271208 1319476 0 0

1735224489
4006768 414896 271740 1323248 0 0

1735224490
4006768 464800 271768 1326792 0 0

1735224491
4006768 437488 271808 1329284 0 0

1735224492
4006768 459136 271852 1332228 0 0

1735224493
4006768 410668 271896 1337260 0 0

1735224494
4006768 377724 271896 1342128 0 0

1735224495
4006768 547296 271900 1350892 0 0

1735224496
4006768 575268 271928 1362600 0 0

1735224497
4006768 443436 271964 1370740 0 0

1735224498
4006768 335572 272004 1376356 0 0

1735224499
4006768 269056 272008 1382088 0 0

1735224500
4006768 237464 272028 1389192 0 0

1735224501
4006768 309952 272176 1395348 0 0

1735224502
4006768 418560 272332 1401208 0 0

1735224503
4006768 433712 272344 1406284 0 0

1735224504
4006768 398312 272388 1413868 0 0

1735224505
4006768 376252 272424 1423576 0 0

1735224506
4006768 351888 272488 1427784 0 0

1735224507
4006768 306992 272532 1431524 0 0

1735224508
4006768 453912 272560 1443328 0 0

1735224509
4006768 450248 272656 1465220 0 0

1735224510
4006768 466740 272664 1473960 0 0

1735224511
4006768 436328 272944 1498172 0 0

1735224512
4006768 428992 273012 1508584 0 0

1735224513
4006768 430348 273044 1517260 0 0

1735224514
4006768 379824 273208 1528220 0 0

1735224515
4006768 387524 273228 1537728 0 0

1735224516
4006768 239748 273660 1637776 0 0

1735224517
4006768 211612 273888 1671672 0 0

1735224518
4006768 226148 273940 1677788 0 0

1735224519
4006768 193684 273964 1690532 0 0

1735224520
4006768 109696 275160 1770424 0 0

1735224521
4006768 138740 273648 1756556 0 0

1735224522
4006768 155184 271300 1732772 0 0

1735224523
4006768 153056 271340 1735772 0 0

1735224524
4006768 146620 271344 1740648 0 0

1735224525
4006768 137320 271368 1748572 0 0

1735224526
4006768 123120 271380 1756800 0 0

1735224527
4006768 131960 269704 1749828 0 0

1735224528
4006768 109828 269728 1765336 0 0

1735224529
4006768 131872 268024 1750916 0 0

1735224530
4006768 113676 268028 1754284 0 0

1735224531
4006768 115068 268040 1757640 0 0

1735224532
4006768 169864 267216 1752020 0 0

1735224533
4006768 128892 267224 1755372 0 0

1735224534
4006768 132240 267232 1765704 0 0

1735224535
4006768 117100 267264 1775444 0 0

1735224536
4006768 123396 265648 1763552 0 0

1735224537
4006768 138012 265704 1769540 0 0

1735224538
4006768 137272 265716 1774744 0 0

1735224539
4006768 174424 260496 1723104 0 0

1735224540
4006768 116664 255476 1773756 0 0

1735224541
4006768 153576 251364 1749080 0 0

1735224542
4006768 143008 251800 1750592 0 0

1735224543
4006768 168172 251884 1751524 0 0

1735224544
4006768 121324 251920 1752712 0 0

1735224545
4006768 130892 248944 1728316 0 0

1735224546
4006768 148088 249020 1734348 0 0

1735224547
4006768 120368 249068 1746308 0 0

1735224548
4006768 149424 249080 1751252 0 0

1735224549
4006768 117964 246932 1761440 0 0

1735224550
4006768 116424 238204 1778972 0 0

1735224551
4006768 168224 230340 1753080 0 0

1735224552
4006768 163276 230540 1757448 0 0

1735224553
4006768 134060 230764 1767996 0 0

1735224554
4006768 121476 220720 1683960 0 0

1735224555
4006768 121548 214840 1642184 0 0

1735224556
4006768 121592 206816 1559276 0 0

1735224557
4006768 122452 207448 1573732 0 0

1735224558
4006768 120196 205672 1614936 0 0

1735224559
4006768 121908 194164 1621804 0 0

1735224560
4006768 108536 189236 1595424 0 0

1735224561
4006768 121348 184412 1582432 0 0

1735224562
4006768 105476 180064 1586788 0 0

1735224563
4006768 147060 172836 1534404 0 0

1735224564
4006768 168488 173272 1557532 0 0

1735224565
4006768 174532 173304 1559196 0 0

1735224566
4006768 244384 173312 1560744 0 0

1735224567
4006768 187784 173364 1568520 0 0

1735224568
4006768 173492 173372 1571896 0 0

1735224569
4006768 191748 173384 1576748 0 0

1735224570
4006768 230704 173424 1578996 0 0

1735224571
4006768 245968 173428 1582660 0 0

1735224572
4006768 214060 173436 1583668 0 0

1735224573
4006768 240188 173440 1584636 0 0

1735224574
4006768 236852 173444 1585572 0 0

1735224575
4006768 238224 173468 1587456 0 0

1735224576
4006768 228652 173572 1589388 0 0

1735224577
4006768 219924 173608 1592260 0 0

1735224578
4006768 180572 173744 1602104 0 0

1735224579
4006768 221960 174144 1606924 0 0

1735224580
4006768 264152 174384 1608736 0 0

1735224581
4006768 256392 174628 1611256 0 0

1735224582
4006768 176288 174876 1612236 0 0

1735224583
4006768 183512 170632 1586640 0 0

1735224584
4006768 152272 169180 1573884 0 0

1735224585
4006768 225724 169264 1575540 0 0

1735224586
4006768 231580 169264 1577364 0 0

1735224587
4006768 184156 169264 1581224 0 0

1735224588
4006768 275232 169468 1583224 0 0

1735224589
4006768 230512 169564 1586168 0 0

1735224590
4006768 198044 169612 1589456 0 0

1735224592
4006768 246528 169856 1594560 0 0

1735224593
4006768 259924 170024 1599580 0 0

1735224594
4006768 111180 169536 1595996 0 0

1735224595
4006768 189064 163800 1512708 0 0

1735224596
4006768 312972 163808 1515000 0 0

1735224597
4006768 301548 163816 1517356 0 0

1735224598
4006768 330244 163828 1521028 0 0

1735224599
4006768 315384 163856 1523372 0 0

1735224600
4006768 312632 163980 1525396 0 0

1735224601
4006768 361320 164320 1530936 0 0

1735224602
4006768 247936 164432 1531748 0 0

1735224603
4006768 293752 164676 1552368 0 0

1735224604
4006768 266836 165216 1577948 0 0

1735224605
4006768 289052 165356 1580596 0 0

1735224606
4006768 303772 166284 1594536 0 0

1735224607
4006768 299316 166796 1606420 0 0

1735224608
4006768 272736 167604 1616164 0 0

1735224609
4006768 158248 169648 1661896 0 0

1735224610
4006768 131904 168832 1645104 0 0

1735224611
4006768 146932 176936 1599636 0 0

1735224612
4006768 178148 174020 1566192 0 0

1735224613
4006768 132792 170132 1555736 0 0

1735224614
4006768 143052 167624 1560776 0 0

1735224615
4006768 176796 166960 1552536 0 0

1735224616
4006768 183076 167476 1566208 0 0

1735224617
4006768 161552 168200 1580888 0 0

1735224618
4006768 153044 168440 1589980 0 0

1735224619
4006768 166616 166352 1545412 0 0

1735224620
4006768 125336 167116 1575672 0 0

1735224621
4006768 139776 162792 1548084 0 0

1735224622
4006768 134964 161948 1555232 0 0

1735224623
4006768 173888 160760 1562908 0 0

1735224624
4006768 156220 161320 1593200 0 0

1735224625
4006768 158192 158820 1582884 0 0

1735224626
4006768 124072 159016 1599500 0 0

1735224627
4006768 159236 157772 1607692 0 0

1735224628
4006768 212820 153648 1571680 0 0

1735224629
4006768 172608 154084 1600192 0 0

1735224630
4006768 121024 154516 1630076 0 0

1735224631
4006768 117660 154500 1650636 0 0

1735224632
4006768 195356 149924 1591104 0 0

1735224633
4006768 172856 149260 1588584 0 0

1735224634
4006768 200940 145840 1548140 0 0

1735224635
4006768 109920 143540 1547760 0 0

1735224636
4006768 444616 133592 1341260 0 0

1735224637
4006768 412588 134156 1370332 0 0

1735224638
4006768 398084 134952 1402884 0 0

1735224639
4006768 372584 135236 1429644 0 0

1735224640
4006768 378172 135788 1459932 0 0

1735224641
4006768 340116 136292 1493228 0 0

1735224642
4006768 296388 136672 1520868 0 0

1735224643
4006768 266988 137376 1547812 0 0

1735224644
4006768 233240 138236 1580028 0 0

1735224645
4006768 174732 139004 1605408 0 0

1735224646
4006768 136588 139912 1630804 0 0

1735224647
4006768 121468 140888 1659800 0 0

1735224648
4006768 111696 141632 1691136 0 0

1735224649
4006768 120496 139176 1656280 0 0

1735224650
4006768 125084 138288 1647376 0 0

1735224651
4006768 107212 138180 1657732 0 0

1735224652
4006768 137160 135568 1612116 0 0

1735224653
4006768 134868 135048 1603252 0 0

1735224654
4006768 131896 134516 1596452 0 0

1735224655
4006768 117196 134576 1602540 0 0

1735224656
4006768 107144 134152 1597872 0 0

1735224657
4006768 153956 130852 1589996 0 0

1735224658
4006768 144932 131368 1611296 0 0

1735224659
4006768 107372 132556 1639668 0 0

1735224660
4006768 123812 132044 1623908 0 0

1735224661
4006768 138868 131476 1611732 0 0

1735224662
4006768 124020 131896 1600788 0 0

1735224663
4006768 116032 132464 1630368 0 0

1735224664
4006768 130392 131724 1620260 0 0

1735224665
4006768 126140 131240 1614340 0 0

1735224666
4006768 130156 130628 1603236 0 0

1735224667
4006768 123816 131176 1636968 0 0

1735224668
4006768 118960 130948 1642000 0 0

1735224669
4006768 115868 130748 1645900 0 0

1735224670
4006768 124620 130320 1640516 0 0

1735224671
4006768 136456 130392 1647952 0 0

1735224672
4006768 116812 130276 1667700 0 0

1735224673
4006768 116460 130708 1682280 0 0

1735224674
4006768 126816 130652 1674272 0 0

1735224675
4006768 128620 130788 1675528 0 0

1735224676
4006768 123988 130588 1688476 0 0

1735224677
4006768 119352 129928 1682456 0 0

1735224678
4006768 127728 126232 1640408 0 0

1735224679
4006768 140916 126504 1651260 0 0

1735224680
4006768 170652 124880 1611124 0 0

1735224681
4006768 164376 124236 1586036 0 0

1735224682
4006768 142684 123472 1578724 0 0

1735224683
4006768 186212 123892 1601868 0 0

1735224684
4006768 184720 124656 1631528 0 0

1735224685
4006768 146088 125712 1666812 0 0

1735224686
4006768 118804 126312 1652728 0 0

1735224687
4006768 183936 126244 1646192 0 0

1735224688
4006768 148980 127620 1680432 0 0

1735224689
4006768 114296 127724 1675324 0 0

1735224690
4006768 120284 127748 1621440 0 0

1735224691
4006768 147500 128020 1615120 0 0

1735224692
4006768 106896 128364 1619732 0 0

1735224693
4006768 161128 129676 1653032 0 0

1735224694
4006768 146124 130052 1628444 0 0

1735224695
4006768 177456 131076 1604348 0 0

1735224696
4006768 146528 131812 1634072 0 0

1735224697
4006768 133064 132464 1664268 0 0

1735224698
4006768 146956 132920 1577188 0 0

1735224699
4006768 139672 133252 1588372 0 0

1735224700
4006768 115696 133624 1588964 0 0

1735224701
4006768 218440 133932 1551848 0 0

1735224702
4006768 133640 134416 1573660 0 0

1735224703
4006768 153920 135672 1597284 0 0

1735224704
4006768 165012 136956 1609752 0 0

1735224705
4006768 116072 137632 1615692 0 0

1735224706
4006768 120344 138232 1616480 0 0

1735224707
4006768 153932 138772 1611148 0 0

1735224708
4006768 125448 141084 1634768 0 0

1735224709
4006768 119784 142336 1624264 0 0

1735224710
4006768 121796 143040 1631368 0 0

1735224711
4006768 126940 143932 1611712 0 0

1735224712
4006768 115524 146132 1616092 0 0

1735224713
4006768 143560 147652 1580812 0 0

1735224714
4006768 135696 148864 1605140 0 0

1735224715
4006768 176268 149012 1549940 0 0

1735224716
4006768 135696 149312 1545864 0 0

1735224717
4006768 121656 149616 1541356 0 0

1735224718
4006768 123128 149924 1544176 0 0

1735224719
4006768 128428 151816 1537988 0 0

1735224720
4006768 127060 152648 1539116 0 0

1735224721
4006768 111416 153192 1543604 0 0

1735224722
4006768 117372 153556 1461576 0 0

1735224723
4006768 120344 154120 1363328 0 0

1735224724
4006768 130456 154484 1321860 0 0

1735224725
4006768 159260 155592 1223588 0 0

1735224726
4006768 175444 155676 1172520 0 0

1735224727
4006768 137940 156516 1187644 0 0

1735224728
4006768 107844 154576 1167928 0 0

1735224729
4006768 143892 153852 1165540 0 0

1735224730
4006768 240520 154180 1185260 0 0

1735224731
4006768 200584 154668 1206844 0 0

1735224732
4006768 182548 155996 1234448 0 0

1735224733
4006768 143056 156232 1236992 0 0

1735224734
4006768 240012 156380 1240152 0 0

1735224735
4006768 253304 156448 1244872 0 0

1735224736
4006768 201868 157068 1246900 0 0

1735224737
4006768 139352 157256 1248528 0 0

1735224738
4006768 245952 155680 1196288 0 0

1735224739
4006768 281672 155692 1196888 0 0

1735224740
4006768 239052 155768 1207412 0 0

1735224741
4006768 247848 155832 1210392 0 0

1735224742
4006768 261268 156172 1216024 0 0

1735224743
4006768 250848 156360 1222700 0 0

1735224744
4006768 246364 156440 1223396 0 0

1735224745
4006768 194456 158736 1267300 0 0

1735224746
4006768 146852 159488 1321036 0 0

1735224747
4006768 141692 160704 1332696 0 0

1735224748
4006768 141444 158676 1241056 0 0

1735224749
4006768 134252 158408 1234712 0 0

1735224750
4006768 160128 156768 1188012 0 0

1735224751
4006768 187260 156816 1188624 0 0

1735224752
4006768 159124 156832 1189800 0 0

1735224753
4006768 283332 156928 1192496 0 0

1735224754
4006768 239016 157312 1195736 0 0

1735224755
4006768 252516 157572 1198328 0 0

1735224756
4006768 248132 157840 1200520 0 0

1735224757
4006768 252436 158168 1203540 0 0

1735224758
4006768 218600 158604 1206896 0 0

1735224759
4006768 227060 158612 1207408 0 0

1735224760
4006768 191884 158620 1208564 0 0

1735224761
4006768 160940 158640 1212740 0 0

1735224762
4006768 166624 158684 1215288 0 0

1735224763
4006768 143384 158760 1219400 0 0

1735224764
4006768 183252 158852 1221408 0 0

1735224765
4006768 149096 159060 1224148 0 0

1735224766
4006768 182220 157736 1201376 0 0

1735224767
4006768 118336 156780 1096664 0 0

1735224768
4006768 126508 156644 1046948 0 0

1735224769
4006768 196704 156036 997996 0 0

1735224770
4006768 173752 156136 998832 0 0

1735224771
4006768 294612 156136 1001144 0 0

1735224772
4006768 272204 156144 1002436 0 0

1735224773
4006768 338304 156176 1004884 0 0

1735224774
4006768 426928 156312 1005872 0 0

1735224775
4006768 471276 156312 1007776 0 0

1735224776
4006768 483088 156384 1009256 0 0

1735224777
4006768 454920 157848 1015784 0 0

1735224778
4006768 442304 158500 1030876 0 0

1735224779
4006768 421212 160948 1083192 0 0

1735224780
4006768 324000 164036 1117268 0 0

1735224781
4006768 269068 167752 1151560 0 0

1735224782
4006768 553080 169508 1208268 0 0

1735224783
4006768 551160 170308 1240436 0 0

1735224784
4006768 566272 170400 1245160 0 0

1735224785
4006768 608408 170732 1251368 0 0

1735224786
4006768 572152 171188 1253164 0 0

1735224787
4006768 306056 171244 1255944 0 0

1735224788
4006768 113056 168604 1144740 0 0

1735224789
4006768 358624 165720 1070824 0 0

1735224790
4006768 240648 165904 1073780 0 0

1735224791
4006768 400416 165928 1072024 0 0

1735224792
4006768 447348 166012 1072220 0 0

1735224793
4006768 478192 166184 1073036 0 0

1735224794
4006768 330920 166192 1074536 0 0

1735224795
4006768 317368 166196 1076080 0 0

1735224796
4006768 347156 166212 1078336 0 0

1735224797
4006768 396372 166232 1080068 0 0

1735224798
4006768 380276 166308 1079996 0 0

1735224799
4006768 311032 166344 1080248 0 0

1735224800
4006768 146208 166364 1080916 0 0

1735224801
4006768 276768 166368 1080980 0 0

1735224802
4006768 244628 166404 1081860 0 0

1735224803
4006768 211448 166424 1087040 0 0

1735224804
4006768 162748 165916 1062852 0 0

1735224805
4006768 327008 165664 1051572 0 0

1735224806
4006768 412372 165668 1053164 0 0

1735224807
4006768 373068 165672 1053480 0 0

1735224808
4006768 541632 165684 1053800 0 0

1735224809
4006768 465616 166008 1053080 0 0

1735224810
4006768 474744 166008 1054600 0 0

1735224811
4006768 377736 166012 1055556 0 0

1735224812
4006768 419580 166012 1056432 0 0

1735224813
4006768 548436 166032 1056752 0 0

1735224814
4006768 600356 166032 1057344 0 0

1735224815
4006768 354140 166032 1057300 0 0

1735224816
4006768 466948 166032 1057644 0 0

1735224817
4006768 398368 166032 1057592 0 0

1735224818
4006768 509956 166048 1058300 0 0

1735224819
4006768 336680 166164 1058648 0 0

1735224820
4006768 195768 166168 1058684 0 0

1735224821
4006768 361440 166168 1059116 0 0

1735224822
4006768 440600 166172 1059244 0 0

1735224823
4006768 540572 166184 1059480 0 0

1735224824
4006768 546492 166184 1059464 0 0

1735224825
4006768 406656 166184 1059532 0 0

1735224826
4006768 281392 166184 1059596 0 0

1735224827
4006768 521564 166192 1059888 0 0

1735224828
4006768 642504 166204 1060896 0 0

1735224829
4006768 535520 166204 1060840 0 0

1735224830
4006768 417364 166208 1060960 0 0

1735224831
4006768 552228 166212 1061196 0 0

1735224832
4006768 498628 166216 1062868 0 0

1735224833
4006768 814016 166228 1063920 0 0

1735224834
4006768 822988 166512 1067956 0 0

1735224835
4006768 755444 166560 1070172 0 0

1735224836
4006768 757996 166676 1072604 0 0

1735224837
4006768 788324 166816 1073448 0 0

1735224838
4006768 813228 166856 1074444 0 0

1735224839
4006768 847572 166872 1075208 0 0

1735224840
4006768 821952 166884 1075896 0 0

1735224841
4006768 759620 167108 1080960 0 0

1735224842
4006768 802920 167312 1080952 0 0

1735224843
4006768 846376 167472 1083140 0 0

1735224844
4006768 789072 167848 1085668 0 0

1735224846
4006768 772772 168788 1091812 0 0

1735224847
4006768 660136 171600 1097440 0 0

1735224848
4006768 690504 172196 1104248 0 0

1735224849
4006768 573316 172572 1106480 0 0

1735224850
4006768 499916 172644 1107856 0 0

1735224851
4006768 435524 172676 1108708 0 0

1735224852
4006768 422836 172876 1109136 0 0

1735224853
4006768 575192 172920 1113324 0 0

1735224854
4006768 525020 172948 1114712 0 0

1735224855
4006768 519468 172980 1115824 0 0

1735224856
4006768 594256 173048 1118220 0 0

1735224857
4006768 577296 173084 1120580 0 0

1735224858
4006768 504680 173140 1122628 0 0

1735224859
4006768 594332 173176 1124460 0 0

1735224860
4006768 653328 173216 1126824 0 0

1735224861
4006768 568804 173252 1128360 0 0

1735224862
4006768 486380 173284 1129220 0 0

1735224863
4006768 505312 173316 1131560 0 0

1735224864
4006768 431328 173344 1133088 0 0

1735224865
4006768 229236 173368 1134412 0 0

1735224866
4006768 678560 173400 1137244 0 0

1735224867
4006768 536720 173800 1139288 0 0

1735224868
4006768 609148 173880 1143064 0 0

1735224869
4006768 564132 173940 1145712 0 0

1735224870
4006768 617980 174152 1149060 0 0

1735224871
4006768 593404 174212 1150996 0 0

1735224872
4006768 519932 174900 1161092 0 0

1735224873
4006768 565128 175356 1165268 0 0

1735224874
4006768 508988 175744 1168168 0 0

1735224875
4006768 449088 175804 1170744 0 0

1735224876
4006768 566156 178312 1174668 0 0

1735224877
4006768 572084 178336 1176656 0 0

1735224878
4006768 497152 178396 1180060 0 0

1735224879
4006768 465136 178888 1189928 0 0

1735224880
4006768 409944 179380 1198536 0 0

1735224881
4006768 411916 179420 1204260 0 0

1735224882
4006768 297308 179680 1208804 0 0

1735224883
4006768 362552 180012 1213956 0 0

1735224884
4006768 391512 180080 1217416 0 0

1735224885
4006768 273556 180096 1219740 0 0

1735224886
4006768 226076 180272 1223448 0 0

1735224887
4006768 312500 180300 1223336 0 0

1735224888
4006768 259256 180468 1224676 0 0

1735224889
4006768 222796 180476 1226028 0 0

1735224890
4006768 248624 180764 1226612 0 0

1735224891
4006768 482140 180812 1228392 0 0

1735224892
4006768 403876 181404 1254036 0 0

1735224893
4006768 472796 181704 1269444 0 0

1735224894
4006768 343996 181784 1276252 0 0

1735224895
4006768 306740 181972 1282800 0 0

1735224896
4006768 369224 182120 1287828 0 0

1735224897
4006768 274752 182316 1298664 0 0

1735224898
4006768 303464 182396 1325308 0 0

1735224899
4006768 181700 182564 1333184 0 0

1735224900
4006768 142660 181576 1285076 0 0

1735224901
4006768 192848 181592 1292452 0 0

1735224902
4006768 313088 181880 1303700 0 0

1735224903
4006768 115976 166564 1228740 0 0

1735224904
4006768 133920 118284 845456 0 0

1735224905
4006768 267268 118304 845700 0 0

1735224906
4006768 341556 118308 846296 0 0

1735224907
4006768 185924 118172 779060 0 0

1735224908
4006768 123792 117780 677520 0 0

1735224909
4006768 330936 117780 681036 0 0

1735224910
4006768 796240 117920 691936 0 0

1735224911
4006768 893468 118104 682520 0 0

1735224912
4006768 595388 118248 702776 0 0

1735224913
4006768 257928 118428 704628 0 0

1735224914
4006768 222652 118664 715120 0 0

1735224915
4006768 482392 108764 638088 0 0

1735224916
4006768 416344 109240 648588 0 0

1735224917
4006768 583612 109648 652300 0 0

1735224918
4006768 759524 109768 664124 0 0

1735224919
4006768 684596 109812 657956 0 0

1735224920
4006768 361540 109920 661344 0 0

1735224921
4006768 225960 109940 666976 0 0

1735224922
4006768 281044 110008 671836 0 0

1735224923
4006768 414956 110092 678040 0 0

1735224924
4006768 138756 110152 684456 0 0

1735224925
4006768 288476 107976 583280 0 0

1735224926
4006768 648916 108000 588728 0 0

1735224927
4006768 357860 108360 594328 0 0

1735224928
4006768 301804 108368 596688 0 0

1735224929
4006768 119992 103780 473912 0 0

1735224930
4006768 249872 86140 418516 0 0

1735224931
4006768 110736 79200 388564 0 0

1735224932
4006768 264416 78748 362876 0 0

1735224933
4006768 378448 78764 367244 0 0

1735224934
4006768 151852 78932 370296 0 0

1735224935
4006768 133968 41552 220304 0 0

1735224936
4006768 260464 41604 223204 0 0

1735224937
4006768 491576 41752 225792 0 0

1735224938
4006768 558232 41876 228148 0 0

1735224939
4006768 279572 41916 230900 0 0

1735224940
4006768 126400 22360 221216 0 0

1735224941
4006768 430912 23560 230384 0 0

1735224942
4006768 558400 23800 243412 0 0

1735224943
4006768 989544 25176 255588 0 0

1735224944
4006768 817812 26028 269460 0 0

1735224945
4006768 921324 27432 278524 0 0

1735224946
4006768 803768 28056 286584 0 0

1735224947
4006768 497800 29452 298576 0 0

1735224948
4006768 252932 29536 313500 0 0

1735224949
4006768 121220 13028 198140 0 0

1735224950
4006768 417508 6764 116252 0 0

1735224951
4006768 814284 12332 138180 0 0

1735224952
4006768 758328 15848 168768 0 0

1735224953
4006768 578724 17608 194212 0 0

1735224954
4006768 297176 20268 246532 0 0

1735224955
4006768 555920 22932 283544 0 0

1735224956
4006768 189596 23264 288572 0 0

1735224957
4006768 108888 21756 238528 0 0

1735224958
4006768 446200 21656 200380 0 0

1735224959
4006768 303284 21808 201468 0 0

1735224960
4006768 695996 21980 204628 0 0

1735224961
4006768 559840 22240 208772 0 0

1735224962
4006768 706036 23048 215096 0 0

1735224963
4006768 655520 23468 233492 0 0

1735224964
4006768 792720 23620 235104 0 0

1735224965
4006768 956036 24144 245652 0 0

1735224966
4006768 918216 24272 259828 0 0

1735224967
4006768 1018816 24272 263132 0 0

1735224968
4006768 1022012 24328 280548 0 0

1735224969
4006768 1141548 24624 283704 0 0

1735224970
4006768 1033140 25152 284992 0 0

1735224971
4006768 980424 25788 322564 0 0

1735224972
4006768 1098708 26108 323620 0 0

1735224973
4006768 1031932 26392 334620 0 0

1735224974
4006768 1216640 26680 337848 0 0

1735224975
4006768 1181924 28120 358508 0 0

1735224976
4006768 1188004 29096 390176 0 0

1735224977
4006768 1311032 30900 454472 0 0

1735224978
4006768 1358768 32204 472412 0 0

1735224979
4006768 1312620 34052 492608 0 0

1735224980
4006768 1260004 34704 499556 0 0

1735224981
4006768 1268260 35216 502412 0 0

1735224982
4006768 1181692 35288 505760 0 0

1735224983
4006768 1112328 35772 520824 0 0

1735224984
4006768 1170696 36140 525268 0 0

1735224985
4006768 1152160 36156 527408 0 0

1735224986
4006768 1309852 37076 532908 0 0

1735224987
4006768 1308400 37388 536560 0 0

1735224988
4006768 1465604 38776 546824 0 0

1735224989
4006768 1442376 39516 552404 0 0

1735224990
4006768 1477004 40208 558304 0 0

1735224991
4006768 1427960 41468 568696 0 0

1735224992
4006768 1411016 42300 593068 0 0

1735224993
4006768 1420740 42680 610392 0 0

1735224994
4006768 1399208 42920 635900 0 0

1735224995
4006768 1303860 43924 649888 0 0

1735224996
4006768 1202364 45008 645076 0 0

1735224997
4006768 1161528 45136 647288 0 0

1735224998
4006768 1202500 45516 649720 0 0

1735224999
4006768 1093196 45792 654188 0 0

1735225000
4006768 1105884 45972 668704 0 0

1735225001
4006768 1175844 46136 681176 0 0

1735225002
4006768 1243080 47200 686092 0 0

1735225003
4006768 1173632 47628 695152 0 0

1735225004
4006768 1172060 47960 705180 0 0

1735225005
4006768 1223268 48356 709060 0 0

1735225006
4006768 1230040 50120 715700 0 0

1735225007
4006768 1141960 51996 718488 0 0

1735225008
4006768 1128388 52500 720772 0 0

1735225009
4006768 1097240 55772 723508 0 0

1735225010
4006768 1057396 55984 725272 0 0

1735225011
4006768 907568 56068 728608 0 0

1735225012
4006768 971004 56084 730592 0 0

1735225013
4006768 1109456 56140 732960 0 0

1735225014
4006768 1079680 56284 735064 0 0

1735225015
4006768 900696 58728 737840 0 0

1735225016
4006768 842452 58736 740320 0 0

1735225017
4006768 916152 58748 742468 0 0

1735225018
4006768 1052364 58824 748264 0 0

1735225019
4006768 999656 58904 755120 0 0

1735225020
4006768 983332 58992 757964 0 0

1735225021
4006768 868044 59044 759640 0 0

1735225022
4006768 859184 59064 761936 0 0

1735225023
4006768 899612 59096 763860 0 0

1735225024
4006768 1084548 59156 765360 0 0

1735225025
4006768 995784 59260 769744 0 0

1735225026
4006768 997280 59300 774748 0 0

1735225027
4006768 954664 59492 777576 0 0

1735225028
4006768 891600 59576 782296 0 0

1735225029
4006768 858336 59652 789932 0 0

1735225030
4006768 839536 59740 793396 0 0

1735225031
4006768 902768 59896 798184 0 0

1735225032
4006768 842728 59976 800488 0 0

1735225033
4006768 787140 60044 804240 0 0

1735225034
4006768 743912 60096 805132 0 0

1735225035
4006768 652880 60152 813128 0 0

1735225036
4006768 572716 60248 817220 0 0

1735225037
4006768 555076 60284 820088 0 0

1735225038
4006768 441308 60328 826532 0 0

1735225039
4006768 468720 60388 833504 0 0

1735225040
4006768 567588 60764 842404 0 0

1735225041
4006768 536792 60856 844068 0 0

1735225042
4006768 633164 60956 846208 0 0

1735225043
4006768 638016 61048 850680 0 0

1735225044
4006768 676272 61284 853052 0 0

1735225045
4006768 542560 61512 854436 0 0

1735225046
4006768 578440 61704 856716 0 0

1735225047
4006768 553800 61748 857924 0 0

1735225048
4006768 511580 61796 859092 0 0

1735225049
4006768 476476 61824 860208 0 0

1735225050
4006768 327760 62264 861440 0 0

1735225051
4006768 384872 62364 863476 0 0

1735225052
4006768 615544 62424 867056 0 0

1735225053
4006768 498076 62520 869280 0 0

1735225054
4006768 567232 62724 873040 0 0

1735225055
4006768 568588 62824 876536 0 0

1735225056
4006768 724904 62936 880876 0 0

1735225057
4006768 684480 63184 881964 0 0

1735225058
4006768 711700 63300 886088 0 0

1735225059
4006768 708336 63420 887084 0 0

1735225060
4006768 680296 63552 884968 0 0

1735225061
4006768 569196 63600 888908 0 0

1735225062
4006768 493604 63676 898812 0 0

1735225063
4006768 604712 63940 901560 0 0

1735225064
4006768 506136 64084 903788 0 0

1735225065
4006768 372164 64308 904248 0 0

1735225066
4006768 560192 64392 905252 0 0

1735225067
4006768 848864 64508 910948 0 0

1735225068
4006768 639316 64636 911368 0 0

1735225069
4006768 715204 64772 916348 0 0

1735225070
4006768 895320 65028 918472 0 0

1735225071
4006768 807712 65256 921120 0 0

1735225072
4006768 681992 65292 922776 0 0

1735225073
4006768 503136 65304 924564 0 0

1735225074
4006768 470520 65388 932048 0 0

1735225075
4006768 685604 65396 932728 0 0

1735225076
4006768 726956 65568 937948 0 0

1735225077
4006768 637472 65672 954232 0 0

1735225078
4006768 860600 65984 956784 0 0

1735225079
4006768 797052 66016 957016 0 0

1735225080
4006768 912528 66036 958348 0 0

1735225081
4006768 914748 66108 961412 0 0

1735225082
4006768 936988 66140 962608 0 0

1735225083
4006768 941200 66340 978720 0 0

1735225084
4006768 971180 66504 980872 0 0

1735225085
4006768 976916 66672 987548 0 0

1735225086
4006768 955884 67968 988696 0 0

1735225087
4006768 996968 68728 994124 0 0

1735225088
4006768 900204 70752 1056328 0 0

1735225089
4006768 892200 71620 1066828 0 0

1735225090
4006768 778620 71708 1070344 0 0

1735225091
4006768 826540 72072 1071576 0 0

1735225092
4006768 859384 72252 1074196 0 0

1735225093
4006768 766548 72912 1097952 0 0

1735225094
4006768 774040 74048 1118372 0 0

1735225095
4006768 825272 74532 1140532 0 0

1735225096
4006768 729040 76592 1220992 0 0

1735225097
4006768 721884 76828 1223080 0 0

1735225098
4006768 730080 77012 1224684 0 0

1735225099
4006768 710276 77336 1226212 0 0

1735225100
4006768 730864 77564 1229740 0 0

1735225101
4006768 718992 78208 1231700 0 0

1735225102
4006768 692328 79444 1242708 0 0

1735225103
4006768 667336 89080 1274124 0 0

1735225104
4006768 631872 89524 1280208 0 0

1735225105
4006768 539940 89956 1340236 0 0

1735225106
4006768 514504 91404 1384036 0 0

1735225107
4006768 507328 91832 1391904 0 0

1735225108
4006768 428016 92920 1445208 0 0

1735225109
4006768 347048 94624 1499192 0 0

1735225110
4006768 285892 95896 1543380 0 0

1735225111
4006768 318052 96212 1544140 0 0

1735225112
4006768 271468 96396 1545888 0 0

1735225113
4006768 297560 96792 1549648 0 0

1735225115
4006768 307384 97008 1554580 0 0

1735225116
4006768 269684 97376 1561172 0 0

1735225117
4006768 304200 97820 1565488 0 0

1735225118
4006768 295472 98072 1567660 0 0

1735225119
4006768 275368 98188 1572468 0 0

1735225120
4006768 252328 98416 1585676 0 0

1735225121
4006768 238884 98752 1600048 0 0

1735225122
4006768 240016 98916 1613532 0 0

1735225123
4006768 214208 99124 1626716 0 0

1735225124
4006768 230536 99372 1640072 0 0

1735225125
4006768 179672 99708 1666840 0 0

1735225126
4006768 114128 92948 1724692 0 0

1735225127
4006768 164296 93292 1720804 0 0

1735225128
4006768 123056 94944 1715124 0 0

1735225129
4006768 140980 95004 1711948 0 0

1735225130
4006768 110400 95116 1707788 0 0

1735225131
4006768 125884 95200 1668160 0 0

1735225132
4006768 179120 95336 1667984 0 0

1735225133
4006768 148916 95716 1669012 0 0

1735225134
4006768 156536 96128 1670260 0 0

1735225135
4006768 182712 96688 1672868 0 0

1735225136
4006768 120592 99472 1569700 0 0

1735225137
4006768 154512 103708 1577168 0 0

1735225138
4006768 112440 109800 1657528 0 0

1735225139
4006768 144412 114920 1633268 0 0

1735225141
4006768 128292 115136 1634304 0 0

1735225142
4006768 114352 120300 1624568 0 0

1735225143
4006768 126508 122876 1580600 0 0

1735225144
4006768 109648 124268 1587976 0 0

1735225145
4006768 135124 126060 1546792 0 0

1735225146
4006768 155624 128856 1528192 0 0

1735225147
4006768 194468 129248 1481660 0 0

1735225148
4006768 172312 130316 1516172 0 0

1735225149
4006768 163896 133692 1546848 0 0

1735225151
4006768 188260 136076 1485704 0 0

1735225152
4006768 113304 138588 1485956 0 0

1735225153
4006768 189728 140644 1501844 0 0

1735225155
4006768 174072 142168 1506752 0 0

1735225156
4006768 121808 143900 1479576 0 0

1735225157
4006768 151104 145768 1471516 0 0

1735225158
4006768 143596 147028 1504152 0 0

1735225159
4006768 125276 147524 1529364 0 0

1735225160
4006768 141600 147640 1504664 0 0

1735225161
4006768 181236 145732 1453112 0 0

1735225162
4006768 126312 148064 1424076 0 0

1735225163
4006768 149200 148508 1417512 0 0

1735225164
4006768 205140 149516 1437156 0 0

1735225165
4006768 187668 149520 1437152 0 0

1735225166
4006768 200600 149580 1438452 0 0

1735225167
4006768 196724 149784 1449468 0 0

1735225168
4006768 168904 149936 1454816 0 0

1735225169
4006768 200184 150068 1459660 0 0

1735225170
4006768 211428 150192 1460756 0 0

1735225171
4006768 147452 150260 1454764 0 0

1735225172
4006768 200892 145192 1384320 0 0

1735225173
4006768 144472 142852 1352892 0 0

1735225174
4006768 137828 142876 1354724 0 0

1735225175
4006768 141960 142944 1276776 0 0

1735225176
4006768 183824 142972 1229736 0 0

1735225177
4006768 125224 142964 1203264 0 0

1735225178
4006768 207624 142984 1192396 0 0

1735225179
4006768 188620 143008 1192904 0 0

1735225180
4006768 135948 143040 1195336 0 0

1735225181
4006768 141436 141568 1145224 0 0

1735225182
4006768 186692 141584 1146360 0 0

1735225183
4006768 136796 141596 1147232 0 0

1735225184
4006768 249688 141608 1148312 0 0

1735225185
4006768 290544 141636 1148712 0 0

1735225186
4006768 250684 141644 1149092 0 0

1735225187
4006768 207976 141648 1149536 0 0

1735225188
4006768 218508 141660 1150564 0 0

1735225189
4006768 258572 141792 1151068 0 0

1735225190
4006768 237460 141808 1151748 0 0

1735225191
4006768 209608 141824 1153372 0 0

1735225192
4006768 129120 135960 1137244 0 0

1735225193
4006768 109704 131536 1118832 0 0

1735225194
4006768 130736 123044 1003176 0 0

1735225195
4006768 141216 122984 993628 0 0

1735225196
4006768 209104 123244 994132 0 0

1735225197
4006768 274580 123248 995108 0 0

1735225198
4006768 293856 123256 997056 0 0

1735225199
4006768 273920 123268 997208 0 0

1735225200
4006768 195128 123292 998056 0 0

1735225201
4006768 383864 123304 998704 0 0

1735225202
4006768 342968 123452 1000956 0 0

1735225203
4006768 288080 123796 1001668 0 0

1735225204
4006768 243652 124508 1003868 0 0

1735225205
4006768 702636 124888 1004948 0 0

1735225206
4006768 724248 124900 1006352 0 0

1735225207
4006768 717168 124944 1007172 0 0

1735225208
4006768 701788 124964 1008344 0 0

1735225209
4006768 721292 125128 1009964 0 0

1735225210
4006768 690244 126384 1016032 0 0

1735225211
4006768 680768 127584 1030812 0 0

1735225212
4006768 517492 127648 1034440 0 0

1735225213
4006768 513824 127712 1036092 0 0

1735225214
4006768 595440 127736 1037460 0 0

1735225215
4006768 615780 127744 1038996 0 0

1735225216
4006768 615720 127752 1041344 0 0

1735225217
4006768 482376 127784 1042920 0 0

1735225218
4006768 475084 127808 1044416 0 0

1735225219
4006768 516572 127812 1045040 0 0

1735225220
4006768 575888 127820 1045832 0 0

1735225221
4006768 622284 129280 1055420 0 0

1735225222
4006768 625952 130096 1064264 0 0

1735225223
4006768 655020 130588 1066656 0 0

1735225224
4006768 672412 130800 1073200 0 0

1735225225
4006768 606656 130900 1076044 0 0

1735225227
4006768 430576 132796 1137440 0 0

1735225228
4006768 463752 132984 1141184 0 0

1735225229
4006768 576032 133004 1146492 0 0

1735225230
4006768 476924 133008 1148588 0 0

1735225231
4006768 458264 133028 1149432 0 0

1735225232
4006768 491620 133052 1154120 0 0

1735225233
4006768 553316 133160 1166028 0 0

1735225234
4006768 563148 133268 1181544 0 0

1735225235
4006768 546196 133560 1188380 0 0

1735225236
4006768 470296 133640 1191300 0 0

1735225237
4006768 173768 133692 1193080 0 0

1735225238
4006768 180084 128988 1103644 0 0

1735225239
4006768 307628 128996 1104512 0 0

1735225240
4006768 217460 129016 1105604 0 0

1735225241
4006768 131376 129040 1106824 0 0

1735225242
4006768 118720 129044 1063256 0 0

1735225244
4006768 195856 129024 1024748 0 0

1735225245
4006768 144788 129028 1026608 0 0

1735225246
4006768 490584 129028 997196 0 0

1735225247
4006768 470360 129048 1003348 0 0

1735225248
4006768 449128 129060 1006788 0 0

1735225249
4006768 299148 129068 1007796 0 0

1735225250
4006768 216536 129196 1011220 0 0

1735225251
4006768 317668 129204 1012196 0 0

1735225252
4006768 244744 129216 1013592 0 0

1735225253
4006768 469156 129220 1017376 0 0

1735225254
4006768 416476 129228 1018828 0 0

1735225255
4006768 409540 129232 1020096 0 0

1735225256
4006768 380792 129240 1021916 0 0

1735225257
4006768 336488 129248 1022652 0 0

1735225258
4006768 393604 129464 1025096 0 0

1735225259
4006768 324184 129644 1027964 0 0

1735225260
4006768 531896 130064 1036484 0 0

1735225261
4006768 477872 130072 1037792 0 0

1735225262
4006768 534984 130084 1041596 0 0

1735225263
4006768 460520 130088 1043356 0 0

1735225264
4006768 496028 130100 1044444 0 0

1735225265
4006768 523648 130120 1054244 0 0

1735225266
4006768 458552 130144 1056664 0 0

1735225267
4006768 236820 130156 1070684 0 0

1735225268
4006768 130128 126888 1029708 0 0

1735225269
4006768 135568 127028 1039676 0 0

1735225270
4006768 171588 123844 932620 0 0

1735225271
4006768 124292 122316 851856 0 0

1735225272
4006768 216136 121372 752500 0 0

1735225273
4006768 141632 121380 755244 0 0

1735225274
4006768 283072 120728 695404 0 0

1735225275
4006768 181144 120744 699440 0 0

1735225276
4006768 115360 92400 617484 0 0

1735225277
4006768 307536 88968 352496 0 0

1735225278
4006768 289240 88976 353676 0 0

1735225279
4006768 244584 88980 354856 0 0

1735225280
4006768 175724 88856 324840 0 0

1735225281
4006768 322572 88864 368148 0 0

1735225282
4006768 214712 88872 369128 0 0

1735225283
4006768 198864 88880 369920 0 0

1735225284
4006768 129416 88840 349432 0 0

1735225285
4006768 186068 83376 296132 0 0

1735225286
4006768 258092 69540 262504 0 0

1735225287
4006768 172960 69548 263964 0 0

1735225288
4006768 146044 69552 265640 0 0

1735225289
4006768 327124 54600 202728 0 0

1735225290
4006768 249792 54612 204020 0 0

1735225291
4006768 607016 54628 206468 0 0

1735225292
4006768 302956 54636 287812 0 0

1735225293
4006768 309028 54948 291020 0 0

1735225294
4006768 467212 54964 292920 0 0

1735225295
4006768 408880 55000 294348 0 0

1735225296
4006768 328264 55008 296920 0 0

1735225297
4006768 193040 55156 298792 0 0

1735225298
4006768 174908 47632 284704 0 0

1735225299
4006768 125768 47796 286112 0 0

1735225300
4006768 532260 3304 246464 0 0

1735225301
4006768 413500 4120 251320 0 0

1735225302
4006768 339608 4740 274544 0 0

1735225303
4006768 208956 6096 277012 0 0

1735225304
4006768 188924 6272 278752 0 0

1735225305
4006768 240664 6552 283360 0 0

1735225306
4006768 192860 7020 295300 0 0

1735225307
4006768 181484 6832 171188 0 0

