1735166435
0.1 0.25 0.2 69104

1735166436
0.81 0.37 0.23 23738

1735166437
0.81 0.37 0.23 10465

1735166438
0.66 0.36 0.23 12342

1735166439
0.66 0.36 0.23 40000

1735166440
1.08 0.45 0.25 98984

1735166441
1.08 0.45 0.25 28446

1735166442
1.79 0.59 0.28 109387

1735166443
1.79 0.59 0.28 19230

1735166444
2.55 0.77 0.32 30515

1735166445
2.55 0.77 0.32 100940

1735166446
3.36 0.97 0.37 100691

1735166447
3.36 0.97 0.37 118325

1735166448
4.74 1.3 0.44 125954

1735166449
4.74 1.3 0.44 80734

1735166450
5.33 1.52 0.49 41224

1735166451
5.33 1.52 0.49 16475

1735166452
4.73 1.54 0.5 41247

1735166453
4.73 1.54 0.5 12911

1735166454
4.23 1.55 0.51 12369

1735166455
4.23 1.55 0.51 19838

1735166456
3.65 1.53 0.52 14023

1735166457
3.65 1.53 0.52 134646

1735166458
5.16 1.88 0.59 256401

1735166460
5.67 2.08 0.64 20082

1735166461
5.67 2.08 0.64 8967

1735166462
4.64 2.01 0.64 6497

1735166463
3.8 1.94 0.63 11726

1735166464
3.8 1.94 0.63 9610

1735166465
3.29 1.91 0.64 12833

1735166466
3.29 1.91 0.64 11398

1735166467
3.29 1.91 0.64 11668

1735166468
2.88 1.88 0.64 5887

1735166469
2.88 1.88 0.64 1984

1735166470
2.35 1.82 0.64 9500

1735166471
2.35 1.82 0.64 15141

1735166472
2.11 1.79 0.64 9355

1735166473
1.72 1.73 0.63 3879

1735166474
1.72 1.73 0.63 4320

1735166475
1.72 1.73 0.63 3371

1735166476
1.41 1.68 0.63 12875

1735166477
1.41 1.68 0.63 17982

1735166478
1.34 1.65 0.63 13602

1735166479
1.34 1.65 0.63 9060

1735166480
1.27 1.63 0.64 23712

1735166481
1.27 1.63 0.64 25940

1735166482
1.4 1.64 0.64 14523

1735166483
1.4 1.64 0.64 37470

1735166484
2.6 1.85 0.7 431962

1735166485
2.6 1.85 0.7 444196

1735166486
10.64 3.33 1.01 536438

1735166487
10.64 3.33 1.01 389090

1735166488
16.5 4.63 1.3 524562

1735166489
16.5 4.63 1.3 265985

1735166490
19.85 5.62 1.53 365105

1735166491
19.85 5.62 1.53 204675

1735166492
21.51 6.39 1.72 207464

1735166493
21.51 6.39 1.72 106455

1735166494
19.79 6.57 1.79 215826

1735166495
19.79 6.57 1.79 492742

1735166496
24.17 7.79 2.08 449144

1735166497
24.17 7.79 2.08 260462

1735166498
25.77 8.62 2.29 356447

1735166499
25.77 8.62 2.29 377975

1735166500
27.98 9.58 2.53 581868

1735166501
27.98 9.58 2.53 603253

1735166503
33.96 11.26 2.93 1318394

1735166504
38.5 12.82 3.32 263580

1735166505
38.5 12.82 3.32 127321

1735166506
34.06 12.86 3.39 98362

1735166507
34.06 12.86 3.39 156403

1735166508
30.97 13.0 3.48 267551

1735166509
30.97 13.0 3.48 377795

1735166510
30.25 13.46 3.64 32007

1735166511
30.25 13.46 3.64 1223

1735166512
26.94 13.41 3.7 518560

1735166513
26.94 13.41 3.7 534977

1735166514
30.57 14.51 4.0 388758

1735166515
30.57 14.51 4.0 547388

1735166516
35.9 16.0 4.38 593504

1735166517
35.9 16.0 4.38 414628

1735166518
35.2 16.52 4.57 74450

1735166519
35.2 16.52 4.57 64980

1735166520
30.45 16.27 4.6 147766

1735166521
30.45 16.27 4.6 95300

1735166522
26.38 16.0 4.62 79318

1735166523
26.38 16.0 4.62 95787

1735166524
23.05 15.74 4.65 66860

1735166525
23.05 15.74 4.65 100261

1735166526
20.68 15.55 4.68 108755

1735166527
20.68 15.55 4.68 45411

1735166528
18.39 15.3 4.7 300433

1735166529
18.39 15.3 4.7 397333

1735166530
23.75 16.37 5.0 693479

1735166531
23.75 16.37 5.0 654744

1735166532
29.23 17.6 5.34 294107

1735166533
29.23 17.6 5.34 99676

1735166534
26.65 17.52 5.4 25436

1735166535
26.65 17.52 5.4 66943

1735166536
22.73 17.11 5.4 22946

1735166537
22.73 17.11 5.4 35124

1735166538
19.15 16.65 5.38 45798

1735166539
19.15 16.65 5.38 30968

1735166540
16.41 16.23 5.37 49814

1735166541
16.41 16.23 5.37 24760

1735166542
13.98 15.8 5.36 44743

1735166543
13.98 15.8 5.36 26714

1735166544
12.35 15.45 5.35 70756

1735166545
12.35 15.45 5.35 77421

1735166546
11.02 15.1 5.35 36432

1735166547
11.02 15.1 5.35 36939

1735166548
9.56 14.71 5.33 23956

1735166549
9.56 14.71 5.33 30124

1735166550
8.55 14.36 5.33 79082

1735166551
8.55 14.36 5.33 20430

1735166552
7.55 13.98 5.31 34230

1735166553
7.55 13.98 5.31 59011

1735166554
6.9 13.66 5.3 45163

1735166555
6.9 13.66 5.3 80329

1735166556
6.74 13.41 5.31 19343

1735166557
6.74 13.41 5.31 321204

1735166558
11.13 13.98 5.48 513530

1735166559
11.13 13.98 5.48 537716

1735166560
16.54 14.87 5.72 131999

1735166561
16.54 14.87 5.72 76734

1735166562
14.99 14.64 5.74 136911

1735166563
14.99 14.64 5.74 623682

1735166564
20.79 15.7 6.02 398601

1735166565
20.79 15.7 6.02 460034

1735166566
23.91 16.43 6.24 234271

1735166567
23.91 16.43 6.24 178340

1735166568
22.29 16.38 6.3 96005

1735166569
22.29 16.38 6.3 123019

1735166570
20.07 16.17 6.33 68715

1735166571
20.07 16.17 6.33 164571

1735166572
19.15 16.13 6.39 238289

1735166573
19.15 16.13 6.39 80914

1735166574
17.85 16.0 6.42 115621

1735166575
17.85 16.0 6.42 215682

1735166576
18.06 16.1 6.51 116109

1735166577
18.06 16.1 6.51 106463

1735166578
16.42 15.86 6.53 109208

1735166579
16.42 15.86 6.53 117758

1735166580
15.07 15.64 6.54 66208

1735166581
15.07 15.64 6.54 35315

1735166582
12.88 15.22 6.52 13320

1735166583
12.88 15.22 6.52 157155

1735166584
12.18 15.02 6.54 38466

1735166585
12.18 15.02 6.54 47070

1735166586
10.51 14.63 6.51 20561

1735166587
10.51 14.63 6.51 9105

1735166588
8.61 14.15 6.47 16942

1735166589
8.61 14.15 6.47 15847

1735166590
7.23 13.72 6.43 5914

1735166591
7.23 13.72 6.43 25924

1735166592
6.28 13.33 6.4 23508

1735166593
6.28 13.33 6.4 19664

1735166594
5.32 12.93 6.36 13448

1735166595
5.32 12.93 6.36 21358

1735166596
4.72 12.57 6.33 30793

1735166597
4.72 12.57 6.33 35765

1735166598
4.23 12.23 6.3 23983

1735166599
4.23 12.23 6.3 19052

1735166600
3.64 11.86 6.27 14011

1735166601
3.64 11.86 6.27 13785

1735166602
3.16 11.5 6.23 10780

1735166603
3.16 11.5 6.23 7539

1735166604
2.77 11.16 6.19 20768

1735166605
2.77 11.16 6.19 18643

1735166606
2.45 10.83 6.16 12740

1735166607
2.45 10.83 6.16 50297

1735166608
2.73 10.6 6.14 33924

1735166609
2.73 10.6 6.14 18886

1735166610
2.41 10.29 6.11 12358

1735166611
2.41 10.29 6.11 30603

1735166612
2.52 10.05 6.09 178092

1735166613
2.52 10.05 6.09 67574

1735166614
4.24 10.11 6.13 62373

1735166615
4.24 10.11 6.13 37035

1735166616
4.01 9.88 6.1 19622

1735166617
4.01 9.88 6.1 16726

1735166618
3.46 9.59 6.07 23287

1735166619
3.46 9.59 6.07 19083

1735166620
3.2 9.34 6.04 26726

1735166621
3.2 9.34 6.04 24041

1735166622
2.98 9.1 6.01 30974

1735166623
2.98 9.1 6.01 66028

1735166624
3.16 8.93 6.0 14606

1735166625
3.16 8.93 6.0 19887

1735166626
2.77 8.67 5.96 14154

1735166627
2.77 8.67 5.96 3134

1735166628
2.27 8.39 5.92 12615

1735166629
2.27 8.39 5.92 23888

1735166630
2.04 8.15 5.89 14253

1735166631
2.04 8.15 5.89 8033

1735166632
1.67 7.88 5.85 8809

1735166633
1.67 7.88 5.85 23400

1735166634
1.73 7.69 5.82 32059

1735166635
1.73 7.69 5.82 24873

1735166636
1.78 7.5 5.8 43929

1735166638
1.82 7.32 5.77 21523

1735166639
1.82 7.32 5.77 61723

1735166640
2.03 7.18 5.75 10325

1735166641
2.03 7.18 5.75 265381

1735166642
6.01 7.73 5.88 267305

1735166643
6.01 7.73 5.88 120060

1735166644
6.91 7.84 5.91 64482

1735166645
6.91 7.84 5.91 52899

1735166646
6.56 7.74 5.9 44626

1735166647
6.56 7.74 5.9 31845

1735166648
6.28 7.65 5.9 94480

1735166649
6.28 7.65 5.9 127464

1735166650
7.32 7.79 5.94 117661

1735166651
7.32 7.79 5.94 121875

1735166652
8.16 7.93 5.98 127887

1735166653
8.16 7.93 5.98 371616

1735166654
14.65 9.11 6.24 616749

1735166655
14.65 9.11 6.24 637605

1735166656
23.23 10.84 6.62 631117

1735166657
23.23 10.84 6.62 625001

1735166658
28.26 12.16 6.93 363560

1735166659
28.26 12.16 6.93 417360

1735166660
30.75 13.13 7.17 429404

1735166661
30.75 13.13 7.17 296685

1735166662
31.7 13.88 7.36 479062

1735166663
31.7 13.88 7.36 746979

1735166664
39.18 15.81 7.81 722630

1735166665
39.18 15.81 7.81 356287

1735166666
38.24 16.41 7.99 279488

1735166667
38.24 16.41 7.99 213647

1735166668
35.12 16.56 8.08 229720

1735166669
35.12 16.56 8.08 130717

1735166670
32.01 16.61 8.15 234299

1735166671
32.01 16.61 8.15 274905

1735166672
30.92 16.91 8.27 249771

1735166673
30.92 16.91 8.27 120863

1735166674
26.95 16.66 8.28 42600

1735166675
26.95 16.66 8.28 222248

1735166676
25.33 16.7 8.34 168933

1735166677
25.33 16.7 8.34 306066

1735166678
25.99 17.1 8.49 310455

1735166679
25.99 17.1 8.49 107002

1735166681
19.93 16.51 8.48 173166

1735166682
19.93 16.51 8.48 30272

1735166683
19.93 16.51 8.48 44730

1735166684
17.04 16.1 8.45 68335

1735166685
17.04 16.1 8.45 47332

1735166686
15.04 15.77 8.43 20037

1735166687
15.04 15.77 8.43 19826

1735166688
12.5 15.29 8.38 21443

1735166689
12.5 15.29 8.38 27204

1735166690
10.59 14.85 8.34 8794

1735166691
10.59 14.85 8.34 39056

1735166692
9.22 14.46 8.3 72937

1735166693
9.22 14.46 8.3 433400

1735166694
14.25 15.2 8.5 320670

1735166695
14.25 15.2 8.5 533790

1735166696
19.82 16.18 8.74 635599

1735166697
19.82 16.18 8.74 282052

1735166698
24.02 17.05 8.98 328873

1735166699
24.02 17.05 8.98 131668

1735166700
23.29 17.15 9.05 311498

1735166701
23.29 17.15 9.05 5518

1735166702
20.34 16.82 9.04 634103

1735166703
20.34 16.82 9.04 28846

1735166705
22.09 17.25 9.18 525910

1735166706
23.52 17.67 9.33 427063

1735166707
23.52 17.67 9.33 61438

1735166708
23.79 17.91 9.43 213425

1735166709
23.79 17.91 9.43 3040

1735166710
25.09 18.33 9.58 738036

1735166711
25.09 18.33 9.58 394972

1735166712
25.98 18.72 9.72 371436

1735166713
25.98 18.72 9.72 91767

1735166714
25.44 18.86 9.81 164138

1735166715
25.44 18.86 9.81 498647

1735166716
27.35 19.42 9.99 306474

1735166717
27.35 19.42 9.99 267213

1735166718
28.56 19.89 10.16 236708

1735166719
28.56 19.89 10.16 250361

1735166720
25.74 19.67 10.18 17850

1735166721
25.74 19.67 10.18 61872

1735166722
23.07 19.38 10.18 212549

1735166724
23.07 19.38 10.18 4776

1735166725
19.61 18.88 10.14 35599

1735166726
16.96 18.43 10.1 197796

1735166727
16.96 18.43 10.1 67854

1735166728
15.52 18.12 10.1 7147

1735166729
15.52 18.12 10.1 19923

1735166730
12.89 17.56 10.03 25937

1735166731
12.89 17.56 10.03 15110

1735166732
10.91 17.05 9.98 12856

1735166733
10.91 17.05 9.98 17510

1735166734
9.3 16.55 9.92 34433

1735166735
9.3 16.55 9.92 18410

1735166736
7.97 16.08 9.87 17668

1735166737
7.97 16.08 9.87 22118

1735166738
6.71 15.58 9.81 13101

1735166739
6.71 15.58 9.81 8540

1735166740
5.67 15.11 9.75 21580

1735166741
5.67 15.11 9.75 9399

1735166742
4.65 14.61 9.68 10066

1735166743
4.65 14.61 9.68 6315

1735166744
3.98 14.17 9.62 28029

1735166745
3.98 14.17 9.62 43000

1735166746
3.62 13.77 9.57 16080

1735166747
3.62 13.77 9.57 12314

1735166748
3.15 13.35 9.51 7017

1735166749
3.15 13.35 9.51 5605

1735166750
2.58 12.91 9.44 6559

1735166751
2.58 12.91 9.44 15662

1735166752
2.29 12.52 9.39 5926

1735166753
2.05 12.15 9.33 31199

1735166754
2.05 12.15 9.33 5559

1735166756
2.22 11.85 9.28 77158

1735166757
2.22 11.85 9.28 16510

1735166758
2.18 11.52 9.23 31911

1735166759
2.18 11.52 9.23 20826

1735166760
3.24 11.41 9.23 379976

1735166761
3.24 11.41 9.23 186436

1735166762
8.99 12.18 9.4 323525

1735166763
8.99 12.18 9.4 416998

1735166764
13.7 12.93 9.58 292913

1735166765
13.7 12.93 9.58 373206

1735166766
15.02 13.19 9.66 57180

1735166767
15.02 13.19 9.66 62396

1735166768
13.39 12.95 9.63 53594

1735166769
13.39 12.95 9.63 124664

1735166770
16.4 13.51 9.77 599646

1735166771
16.4 13.51 9.77 318430

1735166772
19.04 14.08 9.91 186270

1735166773
19.04 14.08 9.91 49529

1735166774
16.13 13.72 9.87 14780

1735166775
16.13 13.72 9.87 22815

1735166776
13.57 13.34 9.81 32490

1735166777
13.57 13.34 9.81 63879

1735166778
11.84 13.03 9.77 35007

1735166779
11.84 13.03 9.77 60290

1735166780
10.96 12.83 9.75 107211

1735166781
10.96 12.83 9.75 126657

1735166782
12.05 12.97 9.8 250600

1735166783
12.05 12.97 9.8 395989

1735166784
16.39 13.72 9.98 346987

1735166785
16.39 13.72 9.98 236827

1735166786
19.04 14.29 10.13 405233

1735166787
19.04 14.29 10.13 214758

1735166788
18.49 14.35 10.17 49892

1735166789
18.49 14.35 10.17 218697

1735166790
22.02 15.12 10.36 862684

1735166791
22.02 15.12 10.36 313384

1735166792
28.54 16.52 10.68 639770

1735166793
27.71 16.77 10.78 394654

1735166794
27.71 16.77 10.78 455

1735166795
27.71 16.77 10.78 607909

1735166797
32.47 17.99 11.07 1150284

1735166798
38.18 19.49 11.43 652254

1735166799
38.18 19.49 11.43 847526

1735166801
47.03 21.7 11.95 1879686

1735166802
55.35 24.03 12.5 925874

1735166803
55.35 24.03 12.5 726290

1735166804
56.38 25.24 12.84 525352

1735166805
56.38 25.24 12.84 863596

1735166806
62.47 27.36 13.36 904331

1735166807
62.47 27.36 13.36 831038

1735166808
62.74 28.56 13.71 421734

1735166809
62.74 28.56 13.71 556253

1735166810
59.89 29.16 13.94 397687

1735166811
59.89 29.16 13.94 151964

1735166812
51.76 28.7 13.94 155478

1735166813
51.76 28.7 13.94 152441

1735166814
44.92 28.22 13.94 129206

1735166815
44.92 28.22 13.94 119324

1735166816
38.59 27.62 13.92 96480

1735166817
38.59 27.62 13.92 155272

1735166818
33.95 27.14 13.91 124609

1735166819
33.95 27.14 13.91 181884

1735166820
30.88 26.81 13.93 166097

1735166821
30.88 26.81 13.93 164454

1735166822
31.81 27.11 14.08 567643

1735166823
31.81 27.11 14.08 713649

1735166824
34.38 27.73 14.3 216381

1735166825
34.38 27.73 14.3 263666

1735166826
35.21 28.1 14.47 538494

1735166827
35.21 28.1 14.47 726904

1735166828
41.52 29.47 14.85 682879

1735166829
41.52 29.47 14.85 651655

1735166830
45.41 30.57 15.18 615962

1735166831
45.41 30.57 15.18 647790

1735166832
44.97 30.97 15.37 215448

1735166833
44.97 30.97 15.37 368068

1735166834
44.97 30.97 15.37 632817

1735166835
45.88 31.6 15.61 671278

1735166836
45.88 31.6 15.61 656528

1735166837
49.52 32.72 15.95 200531

1735166838
49.52 32.72 15.95 79791

1735166839
42.91 32.08 15.93 441894

1735166840
42.91 32.08 15.93 556612

1735166841
44.19 32.66 16.16 733192

1735166842
50.68 34.21 16.6 911590

1735166843
50.68 34.21 16.6 844726

1735166844
50.68 34.21 16.6 689241

1735166845
55.63 35.64 17.02 742083

1735166846
55.63 35.64 17.02 533360

1735166847
56.96 36.54 17.34 723742

1735166848
56.96 36.54 17.34 872212

1735166849
61.13 37.96 17.76 743384

1735166850
61.13 37.96 17.76 723073

1735166851
63.1 39.07 18.14 634248

1735166852
63.1 39.07 18.14 666479

1735166853
63.26 39.89 18.45 680907

1735166854
63.26 39.89 18.45 648167

1735166855
63.76 40.74 18.77 642917

1735166856
63.76 40.74 18.77 674507

1735166857
64.16 41.57 19.1 751400

1735166858
64.16 41.57 19.1 705574

1735166859
65.58 42.57 19.46 650013

1735166860
65.58 42.57 19.46 628510

1735166861
65.11 43.23 19.76 613367

1735166862
65.11 43.23 19.76 595424

1735166863
64.0 43.75 20.03 710224

1735166864
64.0 43.75 20.03 859481

1735166865
66.9 44.94 20.44 905835

1735166866
66.9 44.94 20.44 916398

1735166867
71.27 46.44 20.92 898613

1735166868
71.27 46.44 20.92 887238

1735166869
74.48 47.84 21.38 792250

1735166870
74.48 47.84 21.38 842008

1735166871
75.66 48.92 21.79 854084

1735166872
75.66 48.92 21.79 879019

1735166873
77.53 50.13 22.23 847080

1735166874
77.53 50.13 22.23 883949

1735166875
79.06 51.31 22.67 854952

1735166876
79.06 51.31 22.67 893197

1735166877
80.5 52.47 23.11 874783

1735166878
80.5 52.47 23.11 733877

1735166879
80.41 53.38 23.5 873112

1735166880
80.41 53.38 23.5 871755

1735166881
81.6 54.48 23.93 827950

1735166882
81.6 54.48 23.93 847371

1735166883
81.86 55.41 24.33 834486

1735166884
81.86 55.41 24.33 852158

1735166885
82.24 56.34 24.74 811992

1735166886
82.24 56.34 24.74 852456

1735166887
82.2 57.18 25.13 739799

1735166888
82.2 57.18 25.13 626386

1735166889
79.44 57.5 25.42 643257

1735166890
79.44 57.5 25.42 621841

1735166891
76.46 57.68 25.68 828105

1735166892
76.46 57.68 25.68 891450

1735166893
78.37 58.64 26.1 887629

1735166894
78.37 58.64 26.1 867004

1735166895
79.93 59.57 26.51 883708

1735166896
79.93 59.57 26.51 876236

1735166897
81.39 60.5 26.93 792155

1735166898
81.39 60.5 26.93 639587

1735166899
79.33 60.81 27.23 704514

1735166900
79.33 60.81 27.23 839941

1735166901
79.09 61.37 27.58 924196

1735166902
79.09 61.37 27.58 639167

1735166903
78.16 61.79 27.89 602879

1735166904
78.16 61.79 27.89 675663

1735166905
75.78 61.89 28.15 896807

1735166906
75.78 61.89 28.15 638502

1735166907
75.27 62.26 28.45 428654

1735166908
75.27 62.26 28.45 748141

1735166909
72.87 62.25 28.68 780332

1735166910
72.87 62.25 28.68 570826

1735166911
71.62 62.37 28.94 677996

1735166912
71.62 62.37 28.94 695251

1735166913
70.97 62.55 29.21 649725

1735166914
70.97 62.55 29.21 469965

1735166915
67.53 62.21 29.36 360743

1735166916
67.53 62.21 29.36 701104

1735166917
65.62 62.04 29.55 627754

1735166918
65.62 62.04 29.55 507035

1735166920
62.97 61.68 29.7 898614

1735166921
61.34 61.43 29.86 410384

1735166922
61.34 61.43 29.86 842341

1735166923
60.74 61.31 30.06 694312

1735166924
60.74 61.31 30.06 674966

1735166925
62.05 61.53 30.32 450388

1735166926
62.05 61.53 30.32 617003

1735166927
60.41 61.25 30.47 684852

1735166928
60.41 61.25 30.47 654944

1735166929
60.15 61.18 30.67 565771

1735166930
60.15 61.18 30.67 676475

1735166931
61.39 61.37 30.92 623523

1735166932
61.39 61.37 30.92 606959

1735166933
61.32 61.36 31.12 653889

1735166934
61.32 61.36 31.12 632435

1735166935
61.81 61.44 31.35 635012

1735166936
61.81 61.44 31.35 624394

1735166937
62.02 61.49 31.56 669236

1735166938
62.02 61.49 31.56 603732

1735166939
60.93 61.31 31.73 181907

1735166940
60.93 61.31 31.73 166685

1735166941
53.15 59.9 31.64 182811

1735166942
53.15 59.9 31.64 149669

1735166943
46.6 58.49 31.54 319726

1735166944
41.96 57.27 31.46 167284

1735166945
41.96 57.27 31.46 557063

1735166946
41.96 57.27 31.46 753847

1735166947
47.77 57.81 31.76 720098

1735166948
47.77 57.81 31.76 811905

1735166949
51.61 58.18 32.01 543833

1735166950
51.61 58.18 32.01 669230

1735166951
54.4 58.47 32.25 711135

1735166952
54.4 58.47 32.25 612350

1735166953
56.32 58.68 32.47 564126

1735166954
56.32 58.68 32.47 445510

1735166955
54.27 58.23 32.56 295262

1735166956
54.27 58.23 32.56 373486

1735166957
50.41 57.41 32.56 322468

1735166958
50.41 57.41 32.56 521823

1735166959
50.34 57.16 32.68 876712

1735166960
50.34 57.16 32.68 859703

1735166961
56.98 58.14 33.05 877537

1735166962
56.98 58.14 33.05 845583

1735166963
62.24 59.05 33.42 865021

1735166964
62.24 59.05 33.42 822288

1735166965
66.18 59.87 33.76 993352

1735166966
66.18 59.87 33.76 661311

1735166967
68.86 60.56 34.09 776617

1735166968
68.86 60.56 34.09 665410

1735166969
68.89 60.84 34.32 413125

1735166970
68.89 60.84 34.32 308437

1735166971
62.02 59.86 34.3 318845

1735166972
62.02 59.86 34.3 684365

1735166973
61.11 59.77 34.46 771486

1735166974
61.11 59.77 34.46 688043

1735166975
62.9 60.13 34.71 739725

1735166976
62.9 60.13 34.71 743075

1735166977
64.91 60.59 34.98 735365

1735166978
64.91 60.59 34.98 645147

1735166979
65.29 60.8 35.2 786839

1735166980
65.29 60.8 35.2 848070

1735166981
69.04 61.62 35.54 891937

1735166982
69.04 61.62 35.54 764118

1735166983
70.84 62.19 35.84 732555

1735166984
70.84 62.19 35.84 886180

1735166985
73.41 62.94 36.18 891704

1735166986
73.41 62.94 36.18 923917

1735166987
76.41 63.82 36.54 912737

1735166988
76.41 63.82 36.54 925079

1735166989
78.69 64.65 36.9 875461

1735166990
78.69 64.65 36.9 882258

1735166991
80.56 65.44 37.26 843616

1735166992
80.56 65.44 37.26 851955

1735166993
81.0 66.02 37.57 878649

1735166994
81.0 66.02 37.57 851194

1735166995
81.0 66.51 37.87 681156

1735166996
81.0 66.51 37.87 645999

1735166997
79.37 66.69 38.1 933850

1735166998
79.37 66.69 38.1 942994

1735166999
81.84 67.55 38.48 928155

1735167000
81.84 67.55 38.48 937372

1735167001
83.86 68.38 38.85 960624

1735167002
83.86 68.38 38.85 938636

1735167003
85.69 69.22 39.23 943068

1735167004
85.69 69.22 39.23 931200

1735167005
87.02 70.0 39.6 891846

1735167006
87.02 70.0 39.6 641797

1735167007
84.3 70.06 39.82 852576

1735167008
84.3 70.06 39.82 857716

1735167009
85.33 70.71 40.16 926078

1735167010
85.33 70.71 40.16 910245

1735167011
86.54 71.41 40.52 958508

1735167012
86.54 71.41 40.52 922878

1735167013
87.53 72.08 40.87 929860

1735167014
87.53 72.08 40.87 926074

1735167015
88.52 72.77 41.22 892323

1735167016
88.52 72.77 41.22 907511

1735167017
88.6 73.3 41.55 915908

1735167018
88.6 73.3 41.55 905449

1735167019
89.04 73.88 41.89 924792

1735167020
89.04 73.88 41.89 925904

1735167021
89.21 74.41 42.22 752488

1735167022
89.21 74.41 42.22 848959

1735167023
87.72 74.62 42.48 911682

