1735166435
1.5 3.68 3.46 484438

1735166436
8.84 4.93 3.72 401011

1735166437
8.84 4.93 3.72 293496

1735166438
13.58 5.91 3.94 78069

1735166439
13.58 5.91 3.94 64049

1735166440
12.02 5.88 3.94 28313

1735166441
12.02 5.88 3.94 3680

1735166442
9.84 5.69 3.92 37842

1735166443
9.84 5.69 3.92 807

1735166444
8.24 5.54 3.9 18

1735166445
8.24 5.54 3.9 82577

1735166446
7.47 5.49 3.9 1042

1735166447
7.47 5.49 3.9 3423

1735166448
6.12 5.31 3.87 163619

1735166449
6.12 5.31 3.87 381834

1735166450
10.26 6.08 4.04 323436

1735166451
10.26 6.08 4.04 701220

1735166452
17.82 7.58 4.37 361398

1735166453
17.82 7.58 4.37 347543

1735166454
21.66 8.61 4.61 446520

1735166455
21.66 8.61 4.61 374492

1735166456
24.62 9.57 4.84 291068

1735166457
24.62 9.57 4.84 162569

1735166458
24.14 9.98 4.95 393255

1735166460
28.83 11.29 5.26 1017595

1735166461
28.83 11.29 5.26 871332

1735166462
34.83 12.95 5.65 475469

1735166463
38.85 14.39 6.0 925678

1735166464
38.85 14.39 6.0 446235

1735166465
41.59 15.69 6.33 616555

1735166466
41.59 15.69 6.33 173210

1735166467
41.59 15.69 6.33 365452

1735166468
42.57 16.71 6.61 983835

1735166469
42.57 16.71 6.61 534253

1735166470
48.45 18.62 7.08 1064718

1735166471
48.45 18.62 7.08 567070

1735166472
52.89 20.4 7.53 1237415

1735166473
57.26 22.25 8.0 589662

1735166474
57.26 22.25 8.0 578388

1735166475
57.26 22.25 8.0 694509

1735166476
61.2 24.11 8.49 363429

1735166477
61.2 24.11 8.49 668290

1735166478
61.52 25.38 8.86 1025408

1735166479
61.52 25.38 8.86 409464

1735166480
61.06 26.48 9.2 312476

1735166481
61.06 26.48 9.2 335973

1735166482
55.26 26.56 9.34 353193

1735166483
55.26 26.56 9.34 525842

1735166484
53.76 27.23 9.6 283413

1735166485
53.76 27.23 9.6 178879

1735166486
47.46 26.96 9.66 271032

1735166487
47.46 26.96 9.66 183234

1735166488
43.03 26.83 9.75 571024

1735166489
43.03 26.83 9.75 332708

1735166490
43.2 27.39 9.99 501521

1735166491
43.2 27.39 9.99 242217

1735166492
42.08 27.71 10.17 401666

1735166493
42.08 27.71 10.17 632115

1735166494
43.33 28.4 10.44 111667

1735166495
43.33 28.4 10.44 199233

1735166496
38.38 28.0 10.47 202438

1735166497
38.38 28.0 10.47 184745

1735166498
35.41 27.8 10.55 303961

1735166499
35.41 27.8 10.55 184407

1735166500
32.62 27.54 10.62 154634

1735166501
32.62 27.54 10.62 236817

1735166503
30.69 27.36 10.7 403638

1735166504
28.21 27.02 10.74 152260

1735166505
28.21 27.02 10.74 63493

1735166506
26.9 26.83 10.81 321163

1735166507
26.9 26.83 10.81 251359

1735166508
26.2 26.7 10.89 332558

1735166509
26.2 26.7 10.89 319061

1735166510
28.88 27.17 11.1 732942

1735166511
28.88 27.17 11.1 993300

1735166512
37.77 28.83 11.56 344679

1735166513
37.77 28.83 11.56 167861

1735166514
34.01 28.44 11.6 79520

1735166515
34.01 28.44 11.6 124091

1735166516
29.48 27.81 11.58 55619

1735166517
29.48 27.81 11.58 4326

1735166518
24.5 26.96 11.51 5240

1735166519
24.5 26.96 11.51 32184

1735166520
20.24 26.11 11.44 6118

1735166521
20.24 26.11 11.44 18771

1735166522
17.3 25.39 11.39 71145

1735166523
17.3 25.39 11.39 46696

1735166524
15.07 24.72 11.34 89752

1735166525
15.07 24.72 11.34 97975

1735166526
14.33 24.27 11.34 213784

1735166527
14.33 24.27 11.34 588883

1735166528
20.61 25.08 11.6 613138

1735166529
20.61 25.08 11.6 223045

1735166530
23.04 25.37 11.75 270458

1735166531
23.04 25.37 11.75 408812

1735166532
23.93 25.46 11.86 191732

1735166533
23.93 25.46 11.86 851669

1735166534
28.66 26.26 12.12 220901

1735166535
28.66 26.26 12.12 298018

1735166536
30.71 26.71 12.32 623580

1735166537
30.71 26.71 12.32 604113

1735166538
35.29 27.67 12.61 527666

1735166539
35.29 27.67 12.61 410644

1735166540
37.59 28.34 12.86 798089

1735166541
37.59 28.34 12.86 343831

1735166542
40.75 29.21 13.14 416422

1735166543
40.75 29.21 13.14 254231

1735166544
37.35 28.97 13.21 190289

1735166545
37.35 28.97 13.21 75199

1735166546
32.94 28.45 13.2 6073

1735166547
32.94 28.45 13.2 1842

1735166548
26.97 27.52 13.11 5235

1735166549
26.97 27.52 13.11 7953

1735166550
22.08 26.62 13.02 14040

1735166551
22.08 26.62 13.02 86045

1735166552
19.35 25.97 12.98 203653

1735166553
19.35 25.97 12.98 189663

1735166554
21.46 26.14 13.11 390995

1735166555
21.46 26.14 13.11 282724

1735166556
22.82 26.23 13.21 610290

1735166557
22.82 26.23 13.21 270043

1735166558
25.39 26.59 13.38 173453

1735166559
25.39 26.59 13.38 110793

1735166560
22.42 26.01 13.35 6153

1735166561
22.42 26.01 13.35 31748

1735166562
18.54 25.19 13.26 1536

1735166563
18.54 25.19 13.26 12493

1735166564
15.18 24.37 13.17 14991

1735166565
15.18 24.37 13.17 31291

1735166566
13.15 23.7 13.11 63324

1735166567
13.15 23.7 13.11 51250

1735166568
11.68 23.09 13.05 65113

1735166569
11.68 23.09 13.05 124904

1735166570
12.28 22.82 13.07 300717

1735166571
12.28 22.82 13.07 187452

1735166572
13.68 22.73 13.11 244539

1735166573
13.68 22.73 13.11 627239

1735166574
19.89 23.56 13.35 346593

1735166575
19.89 23.56 13.35 195973

1735166576
19.91 23.44 13.4 179363

1735166577
19.91 23.44 13.4 34147

1735166578
18.3 23.03 13.38 118080

1735166579
18.3 23.03 13.38 87688

1735166580
16.25 22.51 13.34 63502

1735166581
16.25 22.51 13.34 233253

1735166582
16.02 22.26 13.35 85137

1735166583
16.02 22.26 13.35 64737

1735166584
14.2 21.73 13.3 76117

1735166585
14.2 21.73 13.3 226762

1735166586
15.62 21.74 13.36 363390

1735166587
15.62 21.74 13.36 663973

1735166588
22.57 22.79 13.64 460143

1735166589
22.57 22.79 13.64 623565

1735166590
29.71 24.08 13.97 513520

1735166591
29.71 24.08 13.97 48833

1735166592
25.41 23.48 13.91 2767

1735166593
25.41 23.48 13.91 893

1735166594
20.81 22.72 13.82 3041

1735166595
20.81 22.72 13.82 7712

1735166596
17.4 22.04 13.74 39400

1735166597
17.4 22.04 13.74 169543

1735166598
16.42 21.71 13.72 106714

1735166599
16.42 21.71 13.72 229560

1735166600
16.16 21.49 13.73 38362

1735166601
16.16 21.49 13.73 129294

1735166602
17.22 21.51 13.79 587086

1735166603
17.22 21.51 13.79 624260

1735166604
23.16 22.44 14.04 216977

1735166605
23.16 22.44 14.04 476177

1735166606
27.11 23.18 14.25 375900

1735166607
27.11 23.18 14.25 7960

1735166608
22.2 22.42 14.15 6112

1735166609
22.2 22.42 14.15 4420

1735166610
18.18 21.68 14.05 3228

1735166611
18.18 21.68 14.05 43358

1735166612
15.25 21.04 13.97 10394

1735166613
15.25 21.04 13.97 28314

1735166614
12.85 20.42 13.89 55039

1735166615
12.85 20.42 13.89 1547

1735166616
12.69 20.14 13.88 267532

1735166617
12.69 20.14 13.88 189884

1735166618
14.01 20.14 13.92 302535

1735166619
14.01 20.14 13.92 407500

1735166620
18.9 20.82 14.1 481594

1735166621
18.9 20.82 14.1 501675

1735166622
23.99 21.67 14.33 317913

1735166623
23.99 21.67 14.33 261891

1735166624
23.09 21.59 14.36 55581

1735166625
23.09 21.59 14.36 66202

1735166626
19.63 21.01 14.29 22489

1735166627
19.63 21.01 14.29 18696

1735166628
16.25 20.36 14.2 2229

1735166629
16.25 20.36 14.2 2769

1735166630
13.31 19.69 14.1 4405

1735166631
13.31 19.69 14.1 17402

1735166632
10.89 19.04 14.01 0

1735166633
10.89 19.04 14.01 37554

1735166634
9.1 18.45 13.92 1317

1735166635
9.1 18.45 13.92 698824

1735166636
15.6 19.32 14.13 465242

1735166638
19.48 19.9 14.29 608667

1735166639
19.48 19.9 14.29 314598

1735166640
21.93 20.33 14.41 456146

1735166641
21.93 20.33 14.41 266856

1735166642
22.3 20.45 14.48 10092

1735166643
22.3 20.45 14.48 8339

1735166644
18.44 19.81 14.39 27689

1735166645
18.44 19.81 14.39 26449

1735166646
15.28 19.2 14.3 11618

1735166647
15.28 19.2 14.3 14449

1735166648
12.87 18.63 14.21 37032

1735166649
12.87 18.63 14.21 878

1735166650
10.72 18.06 14.12 24364

1735166651
10.72 18.06 14.12 3318

1735166652
8.78 17.47 14.02 9324

1735166653
8.78 17.47 14.02 14374

1735166654
7.55 16.96 13.94 37468

1735166655
7.55 16.96 13.94 17518

1735166656
6.36 16.44 13.85 3991

1735166657
6.36 16.44 13.85 6134

1735166658
5.21 15.9 13.76 9415

1735166659
5.21 15.9 13.76 7207

1735166660
4.44 15.41 13.67 21642

1735166661
4.44 15.41 13.67 8181

1735166662
3.82 14.94 13.58 14431

1735166663
3.82 14.94 13.58 1329

1735166664
3.31 14.48 13.5 27577

1735166665
3.31 14.48 13.5 18670

1735166666
3.07 14.07 13.42 26592

1735166667
3.07 14.07 13.42 202358

1735166668
4.32 13.94 13.39 17717

1735166669
4.32 13.94 13.39 361678

1735166670
8.43 14.37 13.49 183633

1735166671
8.43 14.37 13.49 77911

1735166672
9.08 14.29 13.48 220227

1735166673
9.08 14.29 13.48 260162

1735166674
12.87 14.8 13.59 400678

1735166675
12.87 14.8 13.59 169539

1735166676
13.98 14.94 13.63 117949

1735166677
13.98 14.94 13.63 85318

1735166678
13.62 14.85 13.62 202697

1735166679
13.62 14.85 13.62 632262

1735166681
29.24 17.79 14.26 1758526

1735166682
29.24 17.79 14.26 460612

1735166683
29.24 17.79 14.26 593222

1735166684
34.45 19.11 14.56 719993

1735166685
34.45 19.11 14.56 542894

1735166686
39.62 20.54 14.89 513538

1735166687
39.62 20.54 14.89 539141

1735166688
45.31 22.19 15.27 1133330

1735166689
45.31 22.19 15.27 423755

1735166690
49.96 23.79 15.65 681787

1735166691
49.96 23.79 15.65 665762

1735166692
55.76 25.69 16.11 882164

1735166693
55.76 25.69 16.11 553130

1735166694
56.89 26.88 16.42 578979

1735166695
56.89 26.88 16.42 646132

1735166696
55.64 27.64 16.65 628436

1735166697
55.64 27.64 16.65 334705

1735166698
54.8 28.4 16.88 439798

1735166699
54.8 28.4 16.88 778707

1735166700
58.1 29.86 17.27 1237903

1735166701
58.1 29.86 17.27 782685

1735166702
61.52 31.4 17.68 1263023

1735166703
61.52 31.4 17.68 62210

1735166705
64.87 32.99 18.1 1495897

1735166706
63.44 33.78 18.37 504136

1735166707
63.44 33.78 18.37 390720

1735166708
63.36 34.73 18.67 1365538

1735166709
63.36 34.73 18.67 154549

1735166710
63.84 35.76 19.0 396530

1735166711
63.84 35.76 19.0 1011631

1735166712
62.96 36.52 19.27 473002

1735166713
62.96 36.52 19.27 580132

1735166714
60.61 36.96 19.48 305071

1735166715
60.61 36.96 19.48 356140

1735166716
58.69 37.39 19.69 568026

1735166717
58.69 37.39 19.69 386845

1735166718
56.93 37.77 19.89 648761

1735166719
56.93 37.77 19.89 991166

1735166720
59.12 38.79 20.23 548545

1735166721
59.12 38.79 20.23 577015

1735166722
61.45 39.87 20.58 1256177

1735166724
61.45 39.87 20.58 2251

1735166725
57.38 39.84 20.71 1307540

1735166726
60.57 41.0 21.08 440218

1735166727
60.57 41.0 21.08 721112

1735166728
59.38 41.42 21.3 724976

1735166729
59.38 41.42 21.3 594673

1735166730
62.39 42.55 21.68 945597

1735166731
62.39 42.55 21.68 396565

1735166732
64.86 43.65 22.05 1176838

1735166733
64.86 43.65 22.05 576004

1735166734
66.33 44.61 22.4 641756

1735166735
66.33 44.61 22.4 798343

1735166736
66.27 45.31 22.7 384992

1735166737
66.27 45.31 22.7 629498

1735166738
67.13 46.15 23.03 1239331

1735166739
67.13 46.15 23.03 597953

1735166740
67.1 46.83 23.33 590357

1735166741
67.1 46.83 23.33 530026

1735166742
68.53 47.75 23.68 1055178

1735166743
68.53 47.75 23.68 364179

1735166744
68.43 48.41 23.98 669160

1735166745
68.43 48.41 23.98 1062288

1735166746
67.63 48.92 24.26 551577

1735166747
67.63 48.92 24.26 671789

1735166748
69.51 49.87 24.63 770088

1735166749
69.51 49.87 24.63 1149133

1735166750
70.68 50.73 24.98 668373

1735166751
70.68 50.73 24.98 442525

1735166752
70.74 51.39 25.29 480169

1735166753
68.43 51.61 25.52 1279135

1735166754
68.43 51.61 25.52 95558

1735166756
67.81 52.05 25.79 1360615

1735166757
67.81 52.05 25.79 411599

1735166758
65.49 52.14 25.99 864190

1735166759
65.49 52.14 25.99 467366

1735166760
66.85 52.83 26.31 861033

1735166761
66.85 52.83 26.31 347223

1735166762
63.25 52.64 26.45 292780

1735166763
63.25 52.64 26.45 663060

1735166764
61.75 52.71 26.64 574075

1735166765
61.75 52.71 26.64 640192

1735166766
60.53 52.79 26.84 765661

1735166767
60.53 52.79 26.84 350832

1735166768
59.71 52.89 27.04 614873

1735166769
59.71 52.89 27.04 368504

1735166770
58.49 52.9 27.22 528420

1735166771
58.49 52.9 27.22 656890

1735166772
56.77 52.77 27.37 287548

1735166773
56.77 52.77 27.37 707364

1735166774
58.26 53.17 27.62 893979

1735166775
58.26 53.17 27.62 477234

1735166776
58.39 53.36 27.84 371812

1735166777
58.39 53.36 27.84 377537

1735166778
57.05 53.28 28.0 1184994

1735166779
57.05 53.28 28.0 199535

1735166780
57.95 53.57 28.23 497167

1735166781
57.95 53.57 28.23 315934

1735166782
54.15 53.02 28.29 452827

1735166783
54.15 53.02 28.29 470828

1735166784
52.49 52.76 28.4 414254

1735166785
52.49 52.76 28.4 269756

1735166786
47.87 51.92 28.39 288157

1735166787
47.87 51.92 28.39 304174

1735166788
45.36 51.33 28.43 424954

1735166789
45.36 51.33 28.43 432004

1735166790
43.3 50.77 28.47 473829

1735166791
43.3 50.77 28.47 177965

1735166792
41.61 50.22 28.51 304731

1735166793
46.21 50.77 28.77 1348830

1735166794
46.21 50.77 28.77 162242

1735166795
46.21 50.77 28.77 165624

1735166797
42.37 49.92 28.75 138795

1735166798
35.6 48.45 28.58 76102

1735166799
35.6 48.45 28.58 76198

1735166801
30.78 47.16 28.45 282998

1735166802
28.46 46.21 28.38 235670

1735166803
28.46 46.21 28.38 642996

1735166804
31.82 46.23 28.5 310631

1735166805
31.82 46.23 28.5 152326

1735166806
29.13 45.28 28.42 174573

1735166807
29.13 45.28 28.42 205918

1735166808
28.2 44.58 28.39 304319

1735166809
28.2 44.58 28.39 351506

1735166810
27.98 44.0 28.38 227686

1735166811
27.98 44.0 28.38 78726

1735166812
24.36 42.83 28.24 23579

1735166813
24.36 42.83 28.24 57001

1735166814
20.67 41.56 28.08 25422

1735166815
20.67 41.56 28.08 11870

1735166816
17.11 40.23 27.89 18911

1735166817
17.11 40.23 27.89 11697

1735166818
14.37 38.98 27.72 34458

1735166819
14.37 38.98 27.72 9261

1735166820
11.77 37.7 27.53 4903

1735166821
11.77 37.7 27.53 15386

1735166822
10.0 36.53 27.35 28263

1735166823
10.0 36.53 27.35 20767

1735166824
8.55 35.4 27.18 20904

1735166825
8.55 35.4 27.18 35351

1735166826
7.36 34.31 27.01 18070

1735166827
7.36 34.31 27.01 36019

1735166828
6.75 33.32 26.85 54537

1735166829
6.75 33.32 26.85 4245

1735166830
5.53 32.23 26.66 1616

1735166831
5.53 32.23 26.66 6279

1735166832
4.89 31.24 26.5 52213

1735166833
4.89 31.24 26.5 180588

1735166834
4.89 31.24 26.5 120601

1735166835
6.54 30.67 26.41 106572

1735166836
6.54 30.67 26.41 103161

1735166837
7.16 30.0 26.3 122065

1735166838
7.16 30.0 26.3 359621

1735166839
10.39 29.83 26.29 437127

1735166840
10.39 29.83 26.29 145569

1735166841
13.4 29.74 26.29 7644

1735166842
12.24 29.0 26.16 147318

1735166843
12.24 29.0 26.16 179350

1735166844
12.24 29.0 26.16 235253

1735166845
13.83 28.73 26.12 219013

1735166846
13.83 28.73 26.12 110192

1735166847
14.22 28.32 26.06 77383

1735166848
14.22 28.32 26.06 42137

1735166849
12.55 27.55 25.91 9034

1735166850
12.55 27.55 25.91 2386

1735166851
10.27 26.65 25.73 4821

1735166852
10.27 26.65 25.73 3621

1735166853
8.41 25.78 25.56 20233

1735166854
8.41 25.78 25.56 2996

1735166855
7.07 24.97 25.39 701

1735166856
7.07 24.97 25.39 4761

1735166857
5.79 24.15 25.22 6788

1735166858
5.79 24.15 25.22 20481

1735166859
4.92 23.39 25.05 25590

1735166860
4.92 23.39 25.05 2867

1735166861
4.21 22.66 24.89 81634

1735166862
4.21 22.66 24.89 38419

1735166863
4.53 22.11 24.76 8944

1735166864
4.53 22.11 24.76 4126

1735166865
3.71 21.39 24.59 43

1735166866
3.71 21.39 24.59 3855

1735166867
3.04 20.69 24.42 3437

1735166868
3.04 20.69 24.42 4407

1735166869
2.48 20.01 24.25 5047

1735166870
2.48 20.01 24.25 248

1735166871
2.03 19.36 24.09 559

1735166872
2.03 19.36 24.09 4251

1735166873
1.66 18.72 23.92 37579

1735166874
1.66 18.72 23.92 1

1735166875
1.54 18.14 23.76 39

1735166876
1.54 18.14 23.76 0

1735166877
1.26 17.55 23.6 75

1735166878
1.26 17.55 23.6 207043

1735166879
2.84 17.3 23.51 5456

1735166880
2.84 17.3 23.51 750

1735166881
2.33 16.74 23.35 29685

1735166882
2.33 16.74 23.35 2348

1735166883
2.09 16.22 23.19 4643

1735166884
2.09 16.22 23.19 4757

1735166885
1.71 15.69 23.04 7998

1735166886
1.71 15.69 23.04 2010

1735166887
1.4 15.18 22.88 109

1735166888
1.4 15.18 22.88 7306

1735166889
1.14 14.68 22.72 15134

1735166890
1.14 14.68 22.72 17231

1735166891
1.12 14.23 22.57 35944

1735166892
1.12 14.23 22.57 18290

1735166893
1.28 13.83 22.43 14036

1735166894
1.28 13.83 22.43 28544

1735166895
1.41 13.44 22.29 7664

1735166896
1.41 13.44 22.29 14826

1735166897
1.33 13.04 22.14 7914

1735166898
1.33 13.04 22.14 20254

1735166899
1.45 12.67 22.01 63825

1735166900
1.45 12.67 22.01 18276

1735166901
1.73 12.36 21.88 16476

1735166902
1.73 12.36 21.88 19819

1735166903
1.78 12.02 21.74 44320

1735166904
1.78 12.02 21.74 55483

1735166905
2.36 11.79 21.62 55329

1735166906
2.36 11.79 21.62 2011

1735166907
2.11 11.43 21.48 4417

1735166908
2.11 11.43 21.48 14045

1735166909
1.91 11.09 21.34 219774

1735166910
1.91 11.09 21.34 42932

1735166911
3.74 11.12 21.28 443

1735166912
3.74 11.12 21.28 1631

1735166913
3.06 10.76 21.13 22912

1735166914
3.06 10.76 21.13 19459

1735166915
2.87 10.47 21.0 30487

1735166916
2.87 10.47 21.0 22062

1735166917
2.71 10.19 20.87 41293

1735166918
2.71 10.19 20.87 27232

1735166920
3.12 10.02 20.76 183254

1735166921
4.01 9.96 20.68 122102

1735166922
4.01 9.96 20.68 54633

1735166923
4.55 9.86 20.58 30538

1735166924
4.55 9.86 20.58 91877

1735166925
4.63 9.7 20.48 101210

1735166926
4.63 9.7 20.48 81278

1735166927
5.42 9.68 20.4 20831

1735166928
5.42 9.68 20.4 21578

1735166929
6.07 9.65 20.32 159588

1735166930
6.07 9.65 20.32 24289

1735166931
5.33 9.4 20.19 24715

1735166932
5.33 9.4 20.19 7787

1735166933
4.54 9.13 20.06 27732

1735166934
4.54 9.13 20.06 37295

1735166935
4.26 8.93 19.95 3787

1735166936
4.26 8.93 19.95 55888

1735166937
4.03 8.73 19.83 8605

1735166938
4.03 8.73 19.83 43910

1735166939
4.21 8.61 19.73 76787

1735166940
4.21 8.61 19.73 61520

1735166941
3.99 8.43 19.61 53068

1735166942
3.99 8.43 19.61 28385

1735166943
3.81 8.25 19.5 27104

1735166944
9.28 9.09 19.6 670926

1735166945
9.28 9.09 19.6 19654

1735166946
9.28 9.09 19.6 4331

1735166947
7.78 8.83 19.47 11946

1735166948
7.78 8.83 19.47 74339

1735166949
7.63 8.77 19.39 235873

1735166950
7.63 8.77 19.39 221670

1735166951
9.87 9.13 19.39 236574

1735166952
9.87 9.13 19.39 143286

1735166953
11.53 9.46 19.39 346316

1735166954
11.53 9.46 19.39 482667

1735166955
16.5 10.42 19.52 24810

1735166956
16.5 10.42 19.52 323

1735166957
13.51 10.08 19.39 8421

1735166958
13.51 10.08 19.39 17752

1735166959
11.24 9.78 19.26 8733

1735166960
11.24 9.78 19.26 2940

1735166961
9.21 9.46 19.13 5706

1735166962
9.21 9.46 19.13 1147

1735166963
7.54 9.15 19.0 7692

1735166964
7.54 9.15 19.0 53815

1735166965
7.44 9.08 18.92 428640

1735166966
7.44 9.08 18.92 184330

1735166967
10.8 9.64 18.97 27750

1735166968
10.8 9.64 18.97 67128

1735166969
9.75 9.48 18.87 28228

1735166970
9.75 9.48 18.87 10224

1735166971
8.16 9.21 18.75 16613

1735166972
8.16 9.21 18.75 78078

1735166973
7.41 9.04 18.65 29143

1735166974
7.41 9.04 18.65 44545

1735166975
6.61 8.84 18.54 3939

1735166976
6.61 8.84 18.54 40

1735166977
5.41 8.55 18.41 0

1735166978
5.41 8.55 18.41 9903

1735166979
4.97 8.37 18.31 65669

1735166980
4.97 8.37 18.31 2467

1735166981
4.07 8.09 18.18 3178

1735166982
4.07 8.09 18.18 2139

1735166983
3.33 7.83 18.06 11758

1735166984
3.33 7.83 18.06 18726

1735166985
2.91 7.6 17.94 8246

1735166986
2.91 7.6 17.94 15155

1735166987
2.56 7.39 17.82 13371

1735166988
2.56 7.39 17.82 10295

1735166989
2.46 7.21 17.71 27778

1735166990
2.46 7.21 17.71 689

1735166991
2.01 6.97 17.59 1679

1735166992
2.01 6.97 17.59 4563

1735166993
1.65 6.75 17.47 8066

1735166994
1.65 6.75 17.47 230518

1735166995
3.88 6.98 17.45 162939

1735166996
3.88 6.98 17.45 81481

1735166997
4.81 7.05 17.39 10382

1735166998
4.81 7.05 17.39 8086

1735166999
4.3 6.88 17.29 38472

1735167000
4.3 6.88 17.29 6066

1735167001
3.7 6.69 17.17 9771

1735167002
3.7 6.69 17.17 46

1735167003
3.03 6.47 17.06 8659

1735167004
3.03 6.47 17.06 2806

1735167005
2.48 6.26 16.94 733

1735167006
2.48 6.26 16.94 2536

1735167007
2.03 6.05 16.82 35104

1735167008
2.03 6.05 16.82 178177

1735167009
3.47 6.18 16.78 7884

1735167010
3.47 6.18 16.78 6131

1735167011
2.84 5.98 16.66 7551

1735167012
2.84 5.98 16.66 11262

1735167013
2.33 5.79 16.55 8981

1735167014
2.33 5.79 16.55 17736

1735167015
2.08 5.63 16.44 1237

1735167016
2.08 5.63 16.44 15792

1735167017
2.25 5.54 16.35 97238

1735167018
2.25 5.54 16.35 51139

1735167019
2.57 5.49 16.26 11283

1735167020
2.57 5.49 16.26 917

1735167021
2.1 5.31 16.15 35060

1735167022
2.1 5.31 16.15 52230

1735167023
2.81 5.33 16.08 198579

